0,0x00000000,0
1,0x00000000,0
2,0x00000000,0
3,0x00000000,0
4,0x00000000,0
5,0x00000000,0
6,0x00000000,0
7,0x00000000,0
8,0x00000000,0
9,0x00000000,0
10,0x00000000,0
11,0x00000000,0
12,0x00000000,0
13,0x00000000,0
14,0x00000000,0
15,0x00000000,0
16,0x00000000,0
17,0x00000000,0
18,0x00000000,0
19,0x00000000,0
20,0x00000000,0
21,0x00000000,0
22,0x00000000,0
23,0x00000000,0
24,0x00000000,0
25,0x00000000,0
26,0x00000000,0
27,0x00000000,0
28,0x00000000,0
29,0x00000000,0
30,0x00000000,0
31,0x00000000,0
32,0x00000000,0
33,0x00000000,0
34,0x00000000,0
35,0x00000000,0
36,0x00000000,0
37,0x00000000,0
38,0x00000000,0
39,0x00000000,0
40,0x00000000,0
41,0x00000000,0
42,0x00000000,0
43,0x00000000,0
44,0x00000000,0
45,0x00000000,0
46,0x00000000,0
47,0x00000000,0
48,0x00000000,0
49,0x00000000,0
50,0x00000000,0
51,0x00000000,0
52,0x00000000,0
53,0x00000000,0
54,0x00000000,0
55,0x00000000,0
56,0x00000000,0
57,0x00000000,0
58,0x00000000,0
59,0x00000000,0
60,0x00000149,329
61,0x00000000,0
62,0x00000000,0
63,0x00000000,0
64,0x00000000,0
65,0x00000000,0
66,0x011f6c5e,18836574
67,0x00000000,0
68,0x00000000,0
69,0x00000000,0
70,0x0000009a,154
71,0x00000000,0
72,0x00000000,0
73,0x00000000,0
74,0x00002001,8193
75,0x000000a7,167
76,0x00000000,0
77,0x00000000,0
78,0x0002a8af,174255
79,0x00000000,0
80,0x00000000,0
81,0x00000000,0
82,0x00000000,0
83,0x000001d5,469
84,0x00000000,0
85,0x00000000,0
86,0x00000141,321
87,0x00000000,0
88,0x00000055,85
89,0x00000000,0
90,0x000000a4,164
91,0x00000000,0
92,0x00000038,56
93,0x00000000,0
94,0x00000000,0
95,0x00000000,0
96,0x00001098,4248
97,0x00000000,0
98,0x00000002,2
99,0x00000000,0
100,0x00000000,0
101,0x00000000,0
102,0x00000000,0
103,0x00000000,0
104,0x00000000,0
105,0x0000002c,44
106,0x00000000,0
107,0x00000000,0
108,0x00000000,0
109,0x00000033,51
110,0x00000000,0
111,0x00000000,0
112,0x00000000,0
113,0x0000003d,61
114,0x00000001,1
115,0x00000000,0
116,0x00000001,1
117,0x00000000,0
118,0x00000000,0
119,0x00000000,0
120,0x00000000,0
121,0x00000000,0
122,0x00000f01,3841
123,0x00000003,3
124,0x00000003,3
125,0x00000002,2
126,0x00000000,0
127,0x00000001,1
128,0x00000000,0
129,0x00000032,50
130,0x00000001,1
131,0x0000003a,58
132,0x00000004,4
133,0x00000007,7
134,0x00000001,1
135,0x000f1363,988003
136,0x00000000,0
137,0x00000000,0
138,0x00000000,0
139,0x00000001,1
140,0x00000000,0
141,0x00000000,0
142,0x00000000,0
143,0x00000000,0
144,0x000000bc,188
145,0x00000000,0
146,0x00000000,0
147,0x00000004,4
148,0x00000007,7
149,0x00000000,0
150,0x00000000,0
151,0x00000000,0
152,0x0000064c,1612
153,0x00000000,0
154,0x00000000,0
155,0x00000000,0
156,0x00000000,0
157,0x00000001,1
158,0x00000000,0
159,0x00000000,0
160,0x0000002c,44
161,0x0000003a,58
162,0x00000002,2
163,0x00000000,0
164,0x00095e3a,613946
165,0x00000011,17
166,0x00000000,0
167,0x00000000,0
168,0x00000000,0
169,0x00000000,0
170,0x00000002,2
171,0x00000021,33
172,0x00001245,4677
173,0x00091050,594000
174,0x00092330,598832
175,0x00000000,0
176,0x00000000,0
177,0x0005c613,378387
178,0x0000015e,350
179,0x00000000,0
180,0x00000000,0
181,0x00000134,308
182,0x00000000,0
183,0x00000000,0
184,0x00000000,0
185,0x00000000,0
186,0x00000001,1
187,0x00000000,0
188,0x00000001,1
189,0x00000341,833
190,0x00000368,872
191,0x00000383,899
192,0x00000000,0
193,0x00000000,0
194,0x000000f9,249
195,0x00000001,1
196,0x00000000,0
197,0x00000000,0
198,0x00000012,18
199,0x0000001d,29
200,0x00000000,0
201,0x00000000,0
202,0x00000000,0
203,0x00000000,0
204,0x00000000,0
205,0x00000000,0
206,0x00000000,0
207,0x00000000,0
208,0x0000000b,11
209,0x0000001e,30
210,0x000008ff,2303
211,0x00048a0c,297484
212,0x000490df,299231
213,0x00000000,0
214,0x00000000,0
215,0x00000000,0
216,0x00000000,0
217,0x00000000,0
218,0x00000001,1
219,0x00000014,20
220,0x00000bf3,3059
221,0x0002494d,149837
222,0x000489a2,297378
223,0x00024b58,150360
224,0x00000000,0
225,0x00000000,0
226,0x00000000,0
227,0x00000000,0
228,0x00000055,85
229,0x00000052,82
230,0x00000000,0
231,0x00000000,0
232,0x00000000,0
233,0x00000135,309
234,0x00000000,0
235,0x00000000,0
236,0x00000001,1
237,0x00000002,2
238,0x0000001d,29
239,0x00000055,85
240,0x00000010,16
241,0x00000000,0
242,0x00000000,0
243,0x00000000,0
244,0x00000000,0
245,0x00000000,0
246,0x00002717,10007
247,0x00000000,0
248,0x00000000,0
249,0x00000000,0
250,0x00000001,1
251,0x00000008,8
252,0x00000004,4
253,0x00000000,0
254,0x00000000,0
255,0x00000000,0
256,0x00000000,0
257,0x00000000,0
258,0x00000000,0
259,0x000000ad,173
260,0x00000000,0
261,0x00000000,0
262,0x00000000,0
263,0x00000001,1
264,0x00000002,2
265,0x00000000,0
266,0x00000000,0
267,0x00000002,2
268,0x00000008,8
269,0x00000003,3
270,0x00000000,0
271,0x00000000,0
272,0x00000000,0
273,0x00000000,0
274,0x00000000,0
275,0x00000000,0
276,0x00000000,0
277,0x00000000,0
278,0x00000000,0
279,0x00000000,0
280,0x00000000,0
281,0x00000000,0
282,0x00000000,0
283,0x00000000,0
284,0x00000000,0
285,0x00000000,0
286,0x00000000,0
287,0x00000000,0
288,0x00000011,17
289,0x00000024,36
290,0x00000017,23
291,0x00000007,7
292,0x0000000c,12
293,0x00000002,2
294,0x00000002,2
295,0x00000000,0
296,0x00000001,1
297,0x00000003,3
298,0x00000002,2
299,0x00000029,41
300,0x00000e4a,3658
301,0x00039413,234515
302,0x00078b28,494376
303,0x00047ab7,293559
304,0x000172ed,94957
305,0x0001f831,129073
306,0x0000fea8,65192
307,0x0000000e,14
308,0x00000016,22
309,0x0000000b,11
310,0x00000000,0
311,0x00000000,0
312,0x00000003,3
313,0x00000345,837
314,0x0000c9db,51675
315,0x00019163,102755
316,0x0000cc5a,52314
317,0x000001d4,468
318,0x0000009e,158
319,0x00000007,7
320,0x00000002,2
321,0x00000000,0
322,0x00000000,0
323,0x00000000,0
324,0x00000000,0
325,0x00000000,0
326,0x00000000,0
327,0x00000002,2
328,0x00000004,4
329,0x0000000e,14
330,0x00000005,5
331,0x00000003,3
332,0x00000002,2
333,0x00000000,0
334,0x00000000,0
335,0x00000000,0
336,0x00000000,0
337,0x00000000,0
338,0x00000000,0
339,0x00000000,0
340,0x00000000,0
341,0x00000000,0
342,0x00000000,0
343,0x00000000,0
344,0x00000185,389
345,0x00000047,71
346,0x00000034,52
347,0x00000074,116
348,0x000000ab,171
349,0x00000049,73
350,0x00000013,19
351,0x0000000d,13
352,0x00000004,4
353,0x00000000,0
354,0x00000000,0
355,0x00000000,0
356,0x00000000,0
357,0x0000009c,156
358,0x00000000,0
359,0x00000000,0
360,0x00000000,0
361,0x00000000,0
362,0x00000001,1
363,0x00000000,0
364,0x0000003c,60
365,0x0000003c,60
366,0x00000000,0
367,0x00000000,0
368,0x00000000,0
369,0x0000005a,90
370,0x0000005e,94
371,0x00000003,3
372,0x00000000,0
373,0x00000000,0
374,0x00000000,0
375,0x00000006,6
376,0x00000001,1
377,0x00000000,0
378,0x00000000,0
379,0x00000000,0
380,0x0000000b,11
381,0x00000000,0
382,0x00000000,0
383,0x00000000,0
384,0x00000000,0
385,0x00000000,0
386,0x00000000,0
387,0x00000000,0
388,0x00000000,0
389,0x00000000,0
390,0x00000000,0
391,0x00000000,0
392,0x00000000,0
393,0x00000000,0
394,0x00000000,0
395,0x00000000,0
396,0x00000000,0
397,0x00000000,0
398,0x00000000,0
399,0x00000000,0
400,0x00000072,114
401,0x00000003,3
402,0x00000000,0
403,0x00000000,0
404,0x00000000,0
405,0x00000000,0
406,0x00000001,1
407,0x00000000,0
408,0x00000000,0
409,0x00000002,2
410,0x00000002,2
411,0x00000002,2
412,0x00000000,0
413,0x0000010e,270
414,0x00000000,0
415,0x00000000,0
416,0x00000000,0
417,0x00000000,0
418,0x00000000,0
419,0x00000000,0
420,0x00000000,0
421,0x00000000,0
422,0x00000000,0
423,0x00000000,0
424,0x00000000,0
425,0x00000000,0
426,0x00000000,0
427,0x00000000,0
428,0x00000000,0
429,0x00000002,2
430,0x00000002,2
431,0x00000000,0
432,0x00000000,0
433,0x00000001,1
434,0x00000002,2
435,0x00000000,0
436,0x00000002,2
437,0x00000002,2
438,0x00000000,0
439,0x00000000,0
440,0x00000000,0
441,0x00000000,0
442,0x00000001,1
443,0x00000000,0
444,0x00000000,0
445,0x00000000,0
446,0x00000004,4
447,0x00000002,2
448,0x00000001,1
449,0x00000000,0
450,0x00000000,0
451,0x00000000,0
452,0x00000000,0
453,0x00000000,0
454,0x00000010,16
455,0x00000000,0
456,0x00000000,0
457,0x00000013,19
458,0x00000000,0
459,0x00000001,1
460,0x00000000,0
461,0x00000000,0
462,0x00000000,0
463,0x00000000,0
464,0x00000000,0
465,0x00000000,0
466,0x00000009,9
467,0x00000000,0
468,0x00000000,0
469,0x00000018,24
470,0x00000000,0
471,0x00000000,0
472,0x00000000,0
473,0x00000002,2
474,0x00000000,0
475,0x00000000,0
476,0x00000000,0
477,0x00000000,0
478,0x00000000,0
479,0x00000000,0
480,0x00000000,0
481,0x00000000,0
482,0x00000000,0
483,0x00000000,0
484,0x00000000,0
485,0x00000000,0
486,0x00000000,0
487,0x00000007,7
488,0x00000000,0
489,0x00000000,0
490,0x00000000,0
491,0x00000000,0
492,0x00000000,0
493,0x00000000,0
494,0x00000002,2
495,0x00000000,0
496,0x00000000,0
497,0x00000000,0
498,0x00000000,0
499,0x00000000,0
500,0x00000000,0
501,0x00000000,0
502,0x00000000,0
503,0x00000000,0
504,0x00000000,0
505,0x00000000,0
506,0x00000000,0
507,0x00000000,0
508,0x00000000,0
509,0x00000000,0
510,0x00000002,2
511,0x00000000,0
512,0x00000000,0
513,0x00000005,5
514,0x00000004,4
515,0x00000001,1
516,0x00000001,1
517,0x00000000,0
518,0x00000000,0
519,0x00000001,1
520,0x00000003,3
521,0x00000063,99
522,0x000001bb,443
523,0x0000334d,13133
524,0x00007638,30264
525,0x00008884,34948
526,0x000f5358,1004376
527,0x00009b75,39797
528,0x00006002,24578
529,0x00004f26,20262
530,0x000031d4,12756
531,0x0000097e,2430
532,0x00000001,1
533,0x00000002,2
534,0x00000089,137
535,0x00000193,403
536,0x00003397,13207
537,0x00006827,26663
538,0x00006a1c,27164
539,0x000094e0,38112
540,0x00005d21,23841
541,0x00002881,10369
542,0x0000276b,10091
543,0x000013ea,5098
544,0x00000017,23
545,0x00000000,0
546,0x00000003,3
547,0x0000000e,14
548,0x00000019,25
549,0x000003e9,1001
550,0x000007f3,2035
551,0x000008c0,2240
552,0x00000d71,3441
553,0x00000de7,3559
554,0x00000995,2453
555,0x00000985,2437
556,0x000004df,1247
557,0x00000000,0
558,0x00000004,4
559,0x00000001,1
560,0x00000000,0
561,0x00000000,0
562,0x00000000,0
563,0x00000000,0
564,0x00000000,0
565,0x00000000,0
566,0x00000000,0
567,0x00000000,0
568,0x00000000,0
569,0x00000000,0
570,0x00000000,0
571,0x00000000,0
572,0x00000000,0
573,0x00000000,0
574,0x00000000,0
575,0x00000000,0
576,0x00000000,0
577,0x00000000,0
578,0x00000001,1
579,0x00000000,0
580,0x00000000,0
581,0x00000000,0
582,0x000001ea,490
583,0x00000000,0
584,0x00000000,0
585,0x00000000,0
586,0x00000000,0
587,0x00000000,0
588,0x00000000,0
589,0x00000000,0
590,0x00000000,0
591,0x00000000,0
592,0x00000000,0
593,0x00000000,0
594,0x00000000,0
595,0x00000044,68
596,0x00000000,0
597,0x00000000,0
598,0x00000000,0
599,0x00000000,0
600,0x00000000,0
601,0x00000000,0
602,0x00000000,0
603,0x00000000,0
604,0x00000000,0
605,0x00000000,0
606,0x00000000,0
607,0x00000000,0
608,0x00000000,0
609,0x00000000,0
610,0x00000000,0
611,0x00000000,0
612,0x00000004,4
613,0x00000000,0
614,0x0000000e,14
615,0x00000010,16
616,0x0000000b,11
617,0x00000009,9
618,0x00000004,4
619,0x00000001,1
620,0x00000002,2
621,0x00000003,3
622,0x00000002,2
623,0x00000003,3
624,0x000001f5,501
625,0x00000000,0
626,0x00000001,1
627,0x00000000,0
628,0x00000001,1
629,0x00000000,0
630,0x00000001,1
631,0x00000000,0
632,0x00000000,0
633,0x00000000,0
634,0x00000000,0
635,0x00000000,0
636,0x00000001,1
637,0x00000053,83
638,0x00000000,0
639,0x00000000,0
640,0x00000001,1
641,0x00000000,0
642,0x00000000,0
643,0x00000001,1
644,0x00000000,0
645,0x00000000,0
646,0x00000000,0
647,0x00000000,0
648,0x00000000,0
649,0x00000000,0
650,0x00000000,0
651,0x00000000,0
652,0x00000000,0
653,0x00000000,0
654,0x00000000,0
655,0x00000001,1
656,0x00000000,0
657,0x00000002,2
658,0x00000000,0
659,0x00000000,0
660,0x00000001,1
661,0x00000000,0
662,0x00000001,1
663,0x00000000,0
664,0x00000000,0
665,0x00000001,1
666,0x00000002,2
667,0x00000000,0
668,0x00000000,0
669,0x00000002,2
670,0x00000000,0
671,0x00000002,2
672,0x00000000,0
673,0x00000000,0
674,0x00000000,0
675,0x00000000,0
676,0x00000000,0
677,0x00000000,0
678,0x00000000,0
679,0x00000003,3
680,0x00000142,322
681,0x00000000,0
682,0x00000000,0
683,0x00000001,1
684,0x00000000,0
685,0x00000347,839
686,0x00000000,0
687,0x00000000,0
688,0x00000000,0
689,0x00000000,0
690,0x00000000,0
691,0x00000000,0
692,0x00000000,0
693,0x00000054,84
694,0x00000000,0
695,0x00000000,0
696,0x00000000,0
697,0x00000000,0
698,0x0000008c,140
699,0x00000000,0
700,0x00000000,0
701,0x00000000,0
702,0x00000001,1
703,0x00000000,0
704,0x00000000,0
705,0x00000000,0
706,0x00000001,1
707,0x00000000,0
708,0x00000000,0
709,0x00000000,0
710,0x00000000,0
711,0x00000003,3
712,0x00000000,0
713,0x00000000,0
714,0x00000000,0
715,0x00000001,1
716,0x00000002,2
717,0x00000000,0
718,0x00000000,0
719,0x00000000,0
720,0x00000000,0
721,0x00000000,0
722,0x00000000,0
723,0x00000000,0
724,0x00000000,0
725,0x00000000,0
726,0x00000000,0
727,0x00000000,0
728,0x00000000,0
729,0x00000000,0
730,0x00000000,0
731,0x00000000,0
732,0x00000000,0
733,0x00000000,0
734,0x00000002,2
735,0x00000000,0
736,0x00000001,1
737,0x00000002,2
738,0x00000000,0
739,0x00000000,0
740,0x00000005,5
741,0x000000b8,184
742,0x0000000c,12
743,0x00000043,67
744,0x0000007f,127
745,0x000007df,2015
746,0x00001f1a,7962
747,0x000033ce,13262
748,0x00003c73,15475
749,0x00005dd3,24019
750,0x0000761e,30238
751,0x000059e7,23015
752,0x0000470e,18190
753,0x00004354,17236
754,0x000024a9,9385
755,0x0000074c,1868
756,0x00000063,99
757,0x000000c9,201
758,0x00001015,4117
759,0x00003258,12888
760,0x00003797,14231
761,0x0000372a,14122
762,0x0000632e,25390
763,0x000065e2,26082
764,0x000038ba,14522
765,0x00003167,12647
766,0x00002ebe,11966
767,0x00001168,4456
768,0x000000ac,172
769,0x0000000d,13
770,0x00000015,21
771,0x00000228,552
772,0x00000665,1637
773,0x000006c8,1736
774,0x00000727,1831
775,0x00000de9,3561
776,0x00000dd2,3538
777,0x00000798,1944
778,0x00000745,1861
779,0x0000073d,1853
780,0x00000281,641
781,0x00000008,8
782,0x00000003,3
783,0x000000c4,196
784,0x00000064,100
785,0x00000100,256
786,0x00000127,295
787,0x0000014b,331
788,0x000002e2,738
789,0x000002f4,756
790,0x000001aa,426
791,0x00000207,519
792,0x000001f7,503
793,0x00000091,145
794,0x00000005,5
795,0x00000000,0
796,0x00000038,56
797,0x00000000,0
798,0x00000000,0
799,0x00000000,0
800,0x00000000,0
801,0x00000000,0
802,0x00000000,0
803,0x00000000,0
804,0x00000000,0
805,0x00000002,2
806,0x00000000,0
807,0x00000000,0
808,0x00000001,1
809,0x00000000,0
810,0x00000000,0
811,0x00000000,0
812,0x00000000,0
813,0x00000000,0
814,0x00000000,0
815,0x00000000,0
816,0x00000000,0
817,0x00000000,0
818,0x00000000,0
819,0x00000000,0
820,0x00000000,0
821,0x00000000,0
822,0x00000000,0
823,0x00000000,0
824,0x00000000,0
825,0x00000000,0
826,0x00000000,0
827,0x00000000,0
828,0x00000000,0
829,0x00000000,0
830,0x0000000c,12
831,0x00000012,18
832,0x00000000,0
833,0x00000000,0
834,0x00000000,0
835,0x00000000,0
836,0x00000000,0
837,0x00000000,0
838,0x00000000,0
839,0x0000005f,95
840,0x00000000,0
841,0x00000000,0
842,0x00000000,0
843,0x00000000,0
844,0x00000000,0
845,0x00000000,0
846,0x00000000,0
847,0x00000000,0
848,0x00000000,0
849,0x00000000,0
850,0x00000000,0
851,0x00000000,0
852,0x000000c1,193
853,0x00000000,0
854,0x00000000,0
855,0x00000000,0
856,0x00000000,0
857,0x00000000,0
858,0x00000000,0
859,0x00000000,0
860,0x00000000,0
861,0x00000000,0
862,0x00000000,0
863,0x00000000,0
864,0x00000000,0
865,0x00000000,0
866,0x00000000,0
867,0x00000000,0
868,0x00000000,0
869,0x00000000,0
870,0x00000000,0
871,0x00000000,0
872,0x00000000,0
873,0x00000000,0
874,0x00000000,0
875,0x00000000,0
876,0x00000000,0
877,0x00000000,0
878,0x00000000,0
879,0x00000002,2
880,0x0000000c,12
881,0x0000000d,13
882,0x0000000c,12
883,0x0000000b,11
884,0x00000013,19
885,0x00000011,17
886,0x00000009,9
887,0x0000000a,10
888,0x00000001,1
889,0x00000001,1
890,0x00000002,2
891,0x00000001,1
892,0x00000000,0
893,0x00000001,1
894,0x00000000,0
895,0x00000003,3
896,0x00000000,0
897,0x00000002,2
898,0x00000000,0
899,0x00000002,2
900,0x00000001,1
901,0x00000000,0
902,0x00000000,0
903,0x00000004,4
904,0x00000000,0
905,0x00000000,0
906,0x00000001,1
907,0x00000006,6
908,0x00000001,1
909,0x00000000,0
910,0x00000000,0
911,0x00000000,0
912,0x00000000,0
913,0x00000000,0
914,0x00000000,0
915,0x00000000,0
916,0x00000000,0
917,0x00000000,0
918,0x00000000,0
919,0x00000000,0
920,0x00000000,0
921,0x00000000,0
922,0x00000000,0
923,0x00000000,0
924,0x00000000,0
925,0x00000000,0
926,0x00000000,0
927,0x00000000,0
928,0x00000000,0
929,0x00000000,0
930,0x00000000,0
931,0x00000000,0
932,0x00000000,0
933,0x00000000,0
934,0x00000000,0
935,0x00000000,0
936,0x00000000,0
937,0x00000000,0
938,0x00000000,0
939,0x00000000,0
940,0x00000000,0
941,0x00000000,0
942,0x00000000,0
943,0x00000000,0
944,0x00000000,0
945,0x00000000,0
946,0x00000000,0
947,0x00000000,0
948,0x00000000,0
949,0x00000000,0
950,0x00000000,0
951,0x00000000,0
952,0x00000000,0
953,0x00000000,0
954,0x00000000,0
955,0x00000000,0
956,0x00000000,0
957,0x00000000,0
958,0x00000000,0
959,0x00000000,0
960,0x00000000,0
961,0x00000001,1
962,0x00000001,1
963,0x00000002,2
964,0x00000009,9
965,0x000ee4d0,976080
966,0x00000030,48
967,0x000000c1,193
968,0x00000428,1064
969,0x00000b5a,2906
970,0x00001314,4884
971,0x00001e37,7735
972,0x00002e14,11796
973,0x0000328c,12940
974,0x00002622,9762
975,0x000021a3,8611
976,0x00002a70,10864
977,0x00002811,10257
978,0x00001a1e,6686
979,0x0000045d,1117
980,0x00000403,1027
981,0x00001354,4948
982,0x00002db4,11700
983,0x00003bcf,15311
984,0x00004511,17681
985,0x00005385,21381
986,0x00005817,22551
987,0x00004be2,19426
988,0x000043fb,17403
989,0x000040c9,16585
990,0x00002c63,11363
991,0x00000f53,3923
992,0x000001c0,448
993,0x0000007b,123
994,0x000001e1,481
995,0x000003b2,946
996,0x0000061d,1565
997,0x00000bcb,3019
998,0x00000fee,4078
999,0x00000d21,3361
1000,0x00000905,2309
1001,0x00000b77,2935
1002,0x00000e46,3654
1003,0x0000096e,2414
1004,0x000002b4,692
1005,0x00000015,21
1006,0x00000023,35
1007,0x0000007c,124
1008,0x000000ea,234
1009,0x00000178,376
1010,0x000002e1,737
1011,0x00000435,1077
1012,0x00000394,916
1013,0x00000245,581
1014,0x00000300,768
1015,0x000003d5,981
1016,0x000002af,687
1017,0x000000b9,185
1018,0x00000007,7
1019,0x00000005,5
1020,0x00000029,41
1021,0x00000180,384
1022,0x00000048,72
1023,0x0000006b,107
1024,0x00000096,150
1025,0x00000087,135
1026,0x00000048,72
1027,0x0000005f,95
1028,0x00000086,134
1029,0x00000050,80
1030,0x00000015,21
1031,0x00000000,0
1032,0x00000001,1
1033,0x00000000,0
1034,0x0000008f,143
1035,0x00000000,0
1036,0x00000000,0
1037,0x00000000,0
1038,0x00000000,0
1039,0x00000000,0
1040,0x00000000,0
1041,0x00000000,0
1042,0x00000000,0
1043,0x00000000,0
1044,0x00000000,0
1045,0x0000000c,12
1046,0x00000000,0
1047,0x00000000,0
1048,0x00000000,0
1049,0x00000016,22
1050,0x00000000,0
1051,0x00000000,0
1052,0x00000000,0
1053,0x00000006,6
1054,0x00000000,0
1055,0x00000000,0
1056,0x00000000,0
1057,0x00000000,0
1058,0x00000000,0
1059,0x00000000,0
1060,0x00000000,0
1061,0x00000000,0
1062,0x00000000,0
1063,0x00000189,393
1064,0x00000000,0
1065,0x00000000,0
1066,0x00000000,0
1067,0x00000001,1
1068,0x00000000,0
1069,0x00000001,1
1070,0x00000000,0
1071,0x00000000,0
1072,0x00000000,0
1073,0x00000000,0
1074,0x00000000,0
1075,0x00000000,0
1076,0x000000cf,207
1077,0x00000000,0
1078,0x00000000,0
1079,0x00000000,0
1080,0x00000001,1
1081,0x00000000,0
1082,0x00000000,0
1083,0x00000000,0
1084,0x00000000,0
1085,0x00000000,0
1086,0x00000001,1
1087,0x00000000,0
1088,0x00000000,0
1089,0x00000001,1
1090,0x00000000,0
1091,0x00000000,0
1092,0x00000000,0
1093,0x00000001,1
1094,0x00000000,0
1095,0x00000000,0
1096,0x0000000a,10
1097,0x00000000,0
1098,0x00000000,0
1099,0x00000000,0
1100,0x00000000,0
1101,0x00000000,0
1102,0x00000000,0
1103,0x00000000,0
1104,0x00000001,1
1105,0x00000000,0
1106,0x00000000,0
1107,0x00000000,0
1108,0x00000000,0
1109,0x00000000,0
1110,0x00000000,0
1111,0x00000000,0
1112,0x00000000,0
1113,0x00000000,0
1114,0x00000001,1
1115,0x00000000,0
1116,0x00000001,1
1117,0x0000000a,10
1118,0x00000000,0
1119,0x0000015a,346
1120,0x00000000,0
1121,0x00000000,0
1122,0x00000000,0
1123,0x00000000,0
1124,0x00000000,0
1125,0x00000000,0
1126,0x00000000,0
1127,0x00000000,0
1128,0x00000000,0
1129,0x00000000,0
1130,0x00000000,0
1131,0x00000000,0
1132,0x00000070,112
1133,0x00000001,1
1134,0x00000000,0
1135,0x00000000,0
1136,0x00000004,4
1137,0x00000000,0
1138,0x00000006,6
1139,0x00000000,0
1140,0x00000000,0
1141,0x00000000,0
1142,0x00000000,0
1143,0x00000000,0
1144,0x00000000,0
1145,0x00000114,276
1146,0x00000001,1
1147,0x00000007,7
1148,0x00000016,22
1149,0x00000019,25
1150,0x0000001a,26
1151,0x0000001b,27
1152,0x0000001c,28
1153,0x00000024,36
1154,0x0000001d,29
1155,0x0000000e,14
1156,0x00000006,6
1157,0x00000008,8
1158,0x0000006b,107
1159,0x00000000,0
1160,0x00000000,0
1161,0x00000000,0
1162,0x00000000,0
1163,0x00000000,0
1164,0x00000001,1
1165,0x00000001,1
1166,0x00000000,0
1167,0x00000001,1
1168,0x00000000,0
1169,0x00000000,0
1170,0x00000000,0
1171,0x00000000,0
1172,0x00000000,0
1173,0x00000000,0
1174,0x00000000,0
1175,0x00000000,0
1176,0x00000000,0
1177,0x00000000,0
1178,0x00000000,0
1179,0x00000000,0
1180,0x00000000,0
1181,0x00000000,0
1182,0x00000000,0
1183,0x00000000,0
1184,0x00000001,1
1185,0x00000001,1
1186,0x00000001,1
1187,0x0000002f,47
1188,0x00000006,6
1189,0x0000000a,10
1190,0x00000011,17
1191,0x0000000f,15
1192,0x000000bb,187
1193,0x000002b1,689
1194,0x000005ef,1519
1195,0x00000799,1945
1196,0x000005b4,1460
1197,0x000002b2,690
1198,0x000002fa,762
1199,0x00000650,1616
1200,0x00000808,2056
1201,0x0000062c,1580
1202,0x00000325,805
1203,0x00000498,1176
1204,0x00000eb1,3761
1205,0x00001eea,7914
1206,0x00003512,13586
1207,0x000055fd,22013
1208,0x00006b30,27440
1209,0x00005f4e,24398
1210,0x000041d3,16851
1211,0x00003b79,15225
1212,0x000055fa,22010
1213,0x00006a5a,27226
1214,0x0000526f,21103
1215,0x000022f8,8952
1216,0x000006d6,1750
1217,0x000000da,218
1218,0x00000131,305
1219,0x000002e8,744
1220,0x0000063e,1598
1221,0x00000948,2376
1222,0x000007a2,1954
1223,0x00000415,1045
1224,0x00000378,888
1225,0x000005ee,1518
1226,0x0000086a,2154
1227,0x0000067a,1658
1228,0x00000311,785
1229,0x000000b3,179
1230,0x00000065,101
1231,0x000000a8,168
1232,0x0000015a,346
1233,0x00000351,849
1234,0x000eec0f,977935
1235,0x00000422,1058
1236,0x00000234,564
1237,0x000001bb,443
1238,0x00000327,807
1239,0x0000048b,1163
1240,0x000003ed,1005
1241,0x000001c3,451
1242,0x0000007e,126
1243,0x00000068,104
1244,0x0000005f,95
1245,0x0000005f,95
1246,0x000000d2,210
1247,0x00001a5f,6751
1248,0x00000131,305
1249,0x000000a9,169
1250,0x00000073,115
1251,0x000000ef,239
1252,0x0000011b,283
1253,0x000000fe,254
1254,0x00000069,105
1255,0x00000015,21
1256,0x000000bf,191
1257,0x00000008,8
1258,0x0000000d,13
1259,0x00000010,16
1260,0x00000014,20
1261,0x00000015,21
1262,0x0000000e,14
1263,0x00000007,7
1264,0x00000012,18
1265,0x00000012,18
1266,0x00000011,17
1267,0x00000004,4
1268,0x00000003,3
1269,0x00000001,1
1270,0x00000000,0
1271,0x00000000,0
1272,0x00000000,0
1273,0x00000001,1
1274,0x00000000,0
1275,0x00000000,0
1276,0x00000000,0
1277,0x00000000,0
1278,0x00000000,0
1279,0x00000000,0
1280,0x00000000,0
1281,0x00000000,0
1282,0x00000000,0
1283,0x00000000,0
1284,0x00000000,0
1285,0x00000000,0
1286,0x00000000,0
1287,0x00000000,0
1288,0x00000000,0
1289,0x00000000,0
1290,0x00000399,921
1291,0x00000000,0
1292,0x00000000,0
1293,0x00000000,0
1294,0x00000000,0
1295,0x00000000,0
1296,0x00000000,0
1297,0x00000000,0
1298,0x00000000,0
1299,0x00000000,0
1300,0x00000000,0
1301,0x00000000,0
1302,0x00000000,0
1303,0x00000081,129
1304,0x00000000,0
1305,0x00000000,0
1306,0x00000000,0
1307,0x00000000,0
1308,0x00000000,0
1309,0x00000000,0
1310,0x00000000,0
1311,0x00000000,0
1312,0x000000b7,183
1313,0x00000000,0
1314,0x00000000,0
1315,0x00000000,0
1316,0x00000000,0
1317,0x00000000,0
1318,0x00000000,0
1319,0x00000000,0
1320,0x00000000,0
1321,0x00000000,0
1322,0x00000000,0
1323,0x00000000,0
1324,0x00000000,0
1325,0x00000001,1
1326,0x00000000,0
1327,0x00000000,0
1328,0x00000000,0
1329,0x00000000,0
1330,0x00000000,0
1331,0x00000000,0
1332,0x00000374,884
1333,0x00000000,0
1334,0x00000000,0
1335,0x00000000,0
1336,0x00000000,0
1337,0x00000001,1
1338,0x00000000,0
1339,0x00000001,1
1340,0x00000001,1
1341,0x00000000,0
1342,0x00000001,1
1343,0x00000000,0
1344,0x00000000,0
1345,0x000000eb,235
1346,0x00000001,1
1347,0x00000002,2
1348,0x00000000,0
1349,0x00000000,0
1350,0x00000000,0
1351,0x00000002,2
1352,0x00000000,0
1353,0x00000000,0
1354,0x00000001,1
1355,0x00000000,0
1356,0x00000000,0
1357,0x00000000,0
1358,0x00000001,1
1359,0x00000000,0
1360,0x00000000,0
1361,0x00000000,0
1362,0x00000000,0
1363,0x00000000,0
1364,0x00000001,1
1365,0x00000000,0
1366,0x00000000,0
1367,0x00000000,0
1368,0x00000004,4
1369,0x00000000,0
1370,0x00000000,0
1371,0x00000000,0
1372,0x00000000,0
1373,0x00000000,0
1374,0x00000000,0
1375,0x00000000,0
1376,0x00000000,0
1377,0x00000000,0
1378,0x00000000,0
1379,0x00000000,0
1380,0x00000000,0
1381,0x00000000,0
1382,0x00000000,0
1383,0x00000006,6
1384,0x00000000,0
1385,0x00000000,0
1386,0x00000000,0
1387,0x00000000,0
1388,0x000001bb,443
1389,0x00000000,0
1390,0x00000000,0
1391,0x00000000,0
1392,0x00000000,0
1393,0x00000000,0
1394,0x00000000,0
1395,0x00000000,0
1396,0x00000000,0
1397,0x00000000,0
1398,0x00000000,0
1399,0x00000000,0
1400,0x00000000,0
1401,0x00000131,305
1402,0x00000000,0
1403,0x00000000,0
1404,0x00000000,0
1405,0x00000000,0
1406,0x00000000,0
1407,0x00000000,0
1408,0x00000000,0
1409,0x00000000,0
1410,0x00000001,1
1411,0x00000002,2
1412,0x00000000,0
1413,0x00000000,0
1414,0x00000001,1
1415,0x00000003,3
1416,0x0000000a,10
1417,0x00000008,8
1418,0x00000005,5
1419,0x00000005,5
1420,0x00000005,5
1421,0x0000000f,15
1422,0x00000009,9
1423,0x00000015,21
1424,0x00000035,53
1425,0x00004360,17248
1426,0x0000002a,42
1427,0x00000041,65
1428,0x0000022f,559
1429,0x00000a81,2689
1430,0x000018e4,6372
1431,0x00001f9f,8095
1432,0x00001746,5958
1433,0x00000945,2373
1434,0x000003b9,953
1435,0x00000aa8,2728
1436,0x00001876,6262
1437,0x00002074,8308
1438,0x00001869,6249
1439,0x00000970,2416
1440,0x00000175,373
1441,0x00000000,0
1442,0x00000008,8
1443,0x00000001,1
1444,0x00000001,1
1445,0x00000004,4
1446,0x00000000,0
1447,0x00000000,0
1448,0x00000000,0
1449,0x00000000,0
1450,0x00000002,2
1451,0x00000005,5
1452,0x00000000,0
1453,0x00000001,1
1454,0x00000001,1
1455,0x00000000,0
1456,0x00000000,0
1457,0x00000000,0
1458,0x00000000,0
1459,0x00000000,0
1460,0x00000000,0
1461,0x00000000,0
1462,0x00000000,0
1463,0x00000000,0
1464,0x00000000,0
1465,0x00000001,1
1466,0x00000000,0
1467,0x00000001,1
1468,0x00000000,0
1469,0x00000001,1
1470,0x00000000,0
1471,0x00000002,2
1472,0x00000000,0
1473,0x00000000,0
1474,0x00000000,0
1475,0x00000000,0
1476,0x00000001,1
1477,0x00000003,3
1478,0x00000000,0
1479,0x00000000,0
1480,0x00000000,0
1481,0x0000009e,158
1482,0x0000000a,10
1483,0x00000001,1
1484,0x00000000,0
1485,0x00000001,1
1486,0x00000000,0
1487,0x00000002,2
1488,0x00000001,1
1489,0x00000001,1
1490,0x00000000,0
1491,0x00000000,0
1492,0x00000000,0
1493,0x00000000,0
1494,0x0000003f,63
1495,0x00000001,1
1496,0x00000001,1
1497,0x00000000,0
1498,0x00000000,0
1499,0x00000000,0
1500,0x00000000,0
1501,0x00000000,0
1502,0x00000001,1
1503,0x00000000,0
1504,0x00000000,0
1505,0x00000000,0
1506,0x00000000,0
1507,0x00000000,0
1508,0x00000000,0
1509,0x00000000,0
1510,0x00000000,0
1511,0x00000000,0
1512,0x00000000,0
1513,0x00000000,0
1514,0x0cff09c1,218040769
1515,0x00000000,0
1516,0x00000000,0
1517,0x00000000,0
1518,0x00000000,0
1519,0x00000000,0
1520,0x00000000,0
1521,0x00000000,0
1522,0x00000000,0
1523,0x00000000,0
1524,0x00000000,0
1525,0x00000000,0
1526,0x00000000,0
1527,0x00000000,0
1528,0x00000000,0
1529,0x00000000,0
1530,0x00000000,0
1531,0x00000000,0
1532,0x00000000,0
1533,0x00000000,0
1534,0x00000000,0
1535,0x00000000,0
1536,0x00000000,0
1537,0x00000000,0
1538,0x00000000,0
1539,0x00000000,0
1540,0x00000000,0
1541,0x00000000,0
1542,0x00000000,0
1543,0x00000000,0
1544,0x00000000,0
1545,0x00000000,0
1546,0x00000000,0
1547,0x00000000,0
1548,0x00000000,0
1549,0x00000000,0
1550,0x00000000,0
1551,0x00000000,0
1552,0x00000000,0
1553,0x00000000,0
1554,0x00000000,0
1555,0x00000000,0
1556,0x00000000,0
1557,0x00000000,0
1558,0x00000000,0
1559,0x00000000,0
1560,0x00000000,0
1561,0x00000000,0
1562,0x00000000,0
1563,0x00000000,0
1564,0x00000000,0
1565,0x00000000,0
1566,0x00000000,0
1567,0x00000000,0
1568,0x00000000,0
1569,0x00000000,0
1570,0x00000000,0
1571,0x00000000,0
1572,0x00000000,0
1573,0x00000000,0
1574,0x00000000,0
1575,0x00000000,0
1576,0x00000000,0
1577,0x00000000,0
1578,0x00000000,0
1579,0x00000000,0
1580,0x00000000,0
1581,0x00000000,0
1582,0x00000000,0
1583,0x00000000,0
1584,0x00000000,0
1585,0x00000000,0
1586,0x00000000,0
1587,0x00000000,0
1588,0x00000000,0
1589,0x00000000,0
1590,0x00000000,0
1591,0x00000000,0
1592,0x00000000,0
1593,0x00000000,0
1594,0x00000000,0
1595,0x00000000,0
1596,0x00000000,0
1597,0x00000000,0
1598,0x00000000,0
1599,0x00000000,0
1600,0x00000000,0
1601,0x00000000,0
1602,0x00000000,0
1603,0x00000000,0
1604,0x00000000,0
1605,0x00000000,0
1606,0x00000000,0
1607,0x00000000,0
1608,0x00000000,0
1609,0x00000000,0
1610,0x00000000,0
1611,0x00000000,0
1612,0x00000000,0
1613,0x00000000,0
1614,0x00000000,0
1615,0x00000000,0
1616,0x00000000,0
1617,0x00000000,0
1618,0x00000000,0
1619,0x00000000,0
1620,0x00000000,0
1621,0x00000000,0
1622,0x00000000,0
1623,0x00000000,0
1624,0x00000000,0
1625,0x00000000,0
1626,0x00000000,0
1627,0x00000000,0
1628,0x00000000,0
1629,0x00000000,0
1630,0x00000000,0
1631,0x00000000,0
1632,0x00000000,0
1633,0x00000000,0
1634,0x00000000,0
1635,0x00000000,0
1636,0x00000000,0
1637,0x00000000,0
1638,0x00000000,0
1639,0x00000000,0
1640,0x00000000,0
1641,0x00000000,0
1642,0x00000000,0
1643,0x00000000,0
1644,0x00000000,0
1645,0x00000000,0
1646,0x00000000,0
1647,0x00000000,0
1648,0x00000000,0
1649,0x00000000,0
1650,0x00000000,0
1651,0x00000000,0
1652,0x00000000,0
1653,0x00000000,0
1654,0x00000000,0
1655,0x00000000,0
1656,0x00000000,0
1657,0x00000000,0
1658,0x00000000,0
1659,0x00000000,0
1660,0x00000000,0
1661,0x00000000,0
1662,0x00000000,0
1663,0x00000000,0
1664,0x00000000,0
1665,0x00000000,0
1666,0x00000000,0
1667,0x00000000,0
1668,0x00000000,0
1669,0x00000000,0
1670,0x00000000,0
1671,0x00000000,0
1672,0x00000000,0
1673,0x00000000,0
1674,0x00000000,0
1675,0x00000000,0
1676,0x00000000,0
1677,0x00000000,0
1678,0x00000000,0
1679,0x00000000,0
1680,0x00000000,0
1681,0x00000000,0
1682,0x00000000,0
1683,0x00000000,0
1684,0x00000000,0
1685,0x00000000,0
1686,0x00000000,0
1687,0x00000000,0
1688,0x00000000,0
1689,0x00000000,0
1690,0x00000000,0
1691,0x00000000,0
1692,0x00000000,0
1693,0x00000000,0
1694,0x00000000,0
1695,0x00000000,0
1696,0x00000000,0
1697,0x00000000,0
1698,0x00000000,0
1699,0x00000000,0
1700,0x00000000,0
1701,0x00000000,0
1702,0x00000000,0
1703,0x00000000,0
1704,0x00000000,0
1705,0x00000000,0
1706,0x00000000,0
1707,0x00000000,0
1708,0x00000000,0
1709,0x00000000,0
1710,0x00000000,0
1711,0x00000000,0
1712,0x00000000,0
1713,0x00000000,0
1714,0x00000000,0
1715,0x00000000,0
1716,0x00000000,0
1717,0x00000000,0
1718,0x00000000,0
1719,0x00000000,0
1720,0x00000000,0
1721,0x00000000,0
1722,0x00000000,0
1723,0x00000000,0
1724,0x00000000,0
1725,0x00000000,0
1726,0x00000000,0
1727,0x00000000,0
1728,0x00000000,0
1729,0x00000000,0
1730,0x00000000,0
1731,0x00000000,0
1732,0x00000000,0
1733,0x00000000,0
1734,0x00000000,0
1735,0x00000000,0
1736,0x00000000,0
1737,0x00000000,0
1738,0x00000000,0
1739,0x00000000,0
1740,0x00000000,0
1741,0x00000000,0
1742,0x00000000,0
1743,0x00000000,0
1744,0x00000000,0
1745,0x00000000,0
1746,0x00000000,0
1747,0x00000000,0
1748,0x00000000,0
1749,0x00000000,0
1750,0x00000000,0
1751,0x00000000,0
1752,0x00000000,0
1753,0x00000000,0
1754,0x00000000,0
1755,0x00000000,0
1756,0x00000000,0
1757,0x00000000,0
1758,0x00000000,0
1759,0x00000000,0
1760,0x00000000,0
1761,0x00000000,0
1762,0x00000000,0
1763,0x00000000,0
1764,0x00000000,0
1765,0x00000000,0
1766,0x00000000,0
1767,0x00000000,0
1768,0x00000000,0
1769,0x00000000,0
1770,0x00000000,0
1771,0x00000000,0
1772,0x00000000,0
1773,0x00000000,0
1774,0x00000000,0
1775,0x00000000,0
1776,0x00000000,0
1777,0x00000000,0
1778,0x00000000,0
1779,0x00000000,0
1780,0x00000000,0
1781,0x00000000,0
1782,0x00000000,0
1783,0x00000000,0
1784,0x00000000,0
1785,0x00000000,0
1786,0x00000000,0
1787,0x00000000,0
1788,0x00000000,0
1789,0x00000000,0
1790,0x00000000,0
1791,0x00000000,0
1792,0x00000000,0
1793,0x00000000,0
1794,0x00000000,0
1795,0x00000000,0
1796,0x00000000,0
1797,0x00000000,0
1798,0x00000000,0
1799,0x00000000,0
1800,0x00000000,0
1801,0x00000000,0
1802,0x00000000,0
1803,0x00000000,0
1804,0x00000000,0
1805,0x00000000,0
1806,0x00000000,0
1807,0x00000000,0
1808,0x00000000,0
1809,0x00000000,0
1810,0x00000000,0
1811,0x00000000,0
1812,0x00000000,0
1813,0x00000000,0
1814,0x00000000,0
1815,0x00000000,0
1816,0x00000000,0
1817,0x00000000,0
1818,0x00000000,0
1819,0x00000000,0
1820,0x00000000,0
1821,0x00000000,0
1822,0x00000000,0
1823,0x00000000,0
1824,0x00000000,0
1825,0x00000000,0
1826,0x00000000,0
1827,0x00000000,0
1828,0x00000000,0
1829,0x00000000,0
1830,0x00000000,0
1831,0x00000000,0
1832,0x00000000,0
1833,0x00000000,0
1834,0x00000000,0
1835,0x00000000,0
1836,0x00000000,0
1837,0x00000000,0
1838,0x00000000,0
1839,0x00000000,0
1840,0x00000000,0
1841,0x00000000,0
1842,0x00000000,0
1843,0x00000000,0
1844,0x00000000,0
1845,0x00000000,0
1846,0x00000000,0
1847,0x00000000,0
1848,0x00000000,0
1849,0x00000000,0
1850,0x00000000,0
1851,0x00000000,0
1852,0x00000000,0
1853,0x00000000,0
1854,0x00000000,0
1855,0x00000000,0
1856,0x00000000,0
1857,0x00000000,0
1858,0x00000000,0
1859,0x00000000,0
1860,0x00000000,0
1861,0x00000000,0
1862,0x00000000,0
1863,0x00000000,0
1864,0x00000000,0
1865,0x00000000,0
1866,0x00000000,0
1867,0x00000000,0
1868,0x00000000,0
1869,0x00000000,0
1870,0x00000000,0
1871,0x00000000,0
1872,0x00000000,0
1873,0x00000000,0
1874,0x00000000,0
1875,0x00000000,0
1876,0x00000000,0
1877,0x00000000,0
1878,0x00000000,0
1879,0x00000000,0
1880,0x00000000,0
1881,0x00000000,0
1882,0x00000000,0
1883,0x00000000,0
1884,0x00000000,0
1885,0x00000000,0
1886,0x00000000,0
1887,0x00000000,0
1888,0x00000000,0
1889,0x00000000,0
1890,0x00000000,0
1891,0x00000000,0
1892,0x00000000,0
1893,0x00000000,0
1894,0x00000000,0
1895,0x00000000,0
1896,0x00000000,0
1897,0x00000000,0
1898,0x00000000,0
1899,0x00000000,0
1900,0x00000000,0
1901,0x00000000,0
1902,0x00000000,0
1903,0x00000000,0
1904,0x00000000,0
1905,0x00000000,0
1906,0x00000000,0
1907,0x00000000,0
1908,0x00000000,0
1909,0x00000000,0
1910,0x00000000,0
1911,0x00000000,0
1912,0x00000000,0
1913,0x00000000,0
1914,0x00000000,0
1915,0x00000000,0
1916,0x00000000,0
1917,0x00000000,0
1918,0x00000000,0
1919,0x00000000,0
1920,0x00000000,0
1921,0x00000000,0
1922,0x00000000,0
1923,0x00000000,0
1924,0x00000000,0
1925,0x00000000,0
1926,0x00000000,0
1927,0x00000000,0
1928,0x00000000,0
1929,0x00000000,0
1930,0x00000000,0
1931,0x00000000,0
1932,0x00000000,0
1933,0x00000000,0
1934,0x00000000,0
1935,0x00000000,0
1936,0x00000000,0
1937,0x00000000,0
1938,0x00000000,0
1939,0x00000000,0
1940,0x00000000,0
1941,0x00000000,0
1942,0x00000000,0
1943,0x00000000,0
1944,0x00000000,0
1945,0x00000000,0
1946,0x00000000,0
1947,0x00000000,0
1948,0x00000000,0
1949,0x00000000,0
1950,0x00000000,0
1951,0x00000000,0
1952,0x00000000,0
1953,0x00000000,0
1954,0x00000000,0
1955,0x00000000,0
1956,0x00000000,0
1957,0x00000000,0
1958,0x00000000,0
1959,0x00000000,0
1960,0x00000000,0
1961,0x00000000,0
1962,0x00000000,0
1963,0x00000000,0
1964,0x00000000,0
1965,0x00000000,0
1966,0x00000000,0
1967,0x00000000,0
1968,0x00000000,0
1969,0x00000000,0
1970,0x00000000,0
1971,0x00000000,0
1972,0x00000000,0
1973,0x00000000,0
1974,0x00000000,0
1975,0x00000000,0
1976,0x00000000,0
1977,0x00000000,0
1978,0x00000000,0
1979,0x00000000,0
1980,0x00000000,0
1981,0x00000000,0
1982,0x00000000,0
1983,0x00000000,0
1984,0x00000000,0
1985,0x00000000,0
1986,0x00000000,0
1987,0x00000000,0
1988,0x00000000,0
1989,0x00000000,0
1990,0x00000000,0
1991,0x00000000,0
1992,0x00000000,0
1993,0x00000000,0
1994,0x00000000,0
1995,0x00000000,0
1996,0x00000000,0
1997,0x00000000,0
1998,0x00000000,0
1999,0x00000000,0
2000,0x00000000,0
2001,0x00000000,0
2002,0x00000000,0
2003,0x00000000,0
2004,0x00000000,0
2005,0x00000000,0
2006,0x00000000,0
2007,0x00000000,0
2008,0x00000000,0
2009,0x00000000,0
2010,0x00000000,0
2011,0x00000000,0
2012,0x00000000,0
2013,0x00000000,0
2014,0x00000000,0
2015,0x00000000,0
2016,0x00000000,0
2017,0x00000000,0
2018,0x00000000,0
2019,0x00000000,0
2020,0x00000000,0
2021,0x00000000,0
2022,0x00000000,0
2023,0x00000000,0
2024,0x00000000,0
2025,0x00000000,0
2026,0x00000000,0
2027,0x00000000,0
2028,0x00000000,0
2029,0x00000000,0
2030,0x00000000,0
2031,0x00000000,0
2032,0x00000000,0
2033,0x00000000,0
2034,0x00000000,0
2035,0x00000000,0
2036,0x00000000,0
2037,0x00000000,0
2038,0x00000000,0
2039,0x00000000,0
2040,0x00000000,0
2041,0x00000000,0
2042,0x00000000,0
2043,0x00000000,0
2044,0x00000000,0
2045,0x00000000,0
2046,0x00000000,0
2047,0x00000000,0
