0,0x0000004a,74
1,0x0000004a,74
2,0x0000004a,74
3,0x0000004a,74
4,0x0000004a,74
5,0x0000004a,74
6,0x0000004a,74
7,0x0000004a,74
8,0x0000004a,74
9,0x0000004a,74
10,0x0000004a,74
11,0x0000004a,74
12,0x0000005a,90
13,0x0000005a,90
14,0x0000003c,60
15,0x0000004a,74
16,0x0000004e,78
17,0x0000004a,74
18,0x000000a0,160
19,0x0000005a,90
20,0x0000004a,74
21,0x0000004a,74
22,0x0000004a,74
23,0x0000004a,74
24,0x0000003c,60
25,0x00000046,70
26,0x0000004a,74
27,0x0000004a,74
28,0x0000004a,74
29,0x0000004a,74
30,0x00000046,70
31,0x0000004a,74
32,0x0000004a,74
33,0x0000004a,74
34,0x0000004a,74
35,0x0000004a,74
36,0x0000004a,74
37,0x0000004a,74
38,0x0000004a,74
39,0x0000004a,74
40,0x0000004a,74
41,0x0000004a,74
42,0x0000004a,74
43,0x0000004a,74
44,0x0000004a,74
45,0x0000004a,74
46,0x0000004a,74
47,0x0000004a,74
48,0x0000004a,74
49,0x0000004a,74
50,0x0000004a,74
51,0x0000004a,74
52,0x0000004a,74
53,0x0000004a,74
54,0x0000003c,60
55,0x0000004a,74
56,0x0000004a,74
57,0x0000004a,74
58,0x0000004a,74
59,0x0000004a,74
60,0x0000004a,74
61,0x000000a0,160
62,0x0000005a,90
63,0x0000003c,60
64,0x0000004a,74
65,0x0000004a,74
66,0x0000004a,74
67,0x0000004a,74
68,0x0000004a,74
69,0x0000004a,74
70,0x0000004a,74
71,0x0000004a,74
72,0x00000046,70
73,0x0000004a,74
74,0x0000004a,74
75,0x0000004a,74
76,0x0000003c,60
77,0x0000004a,74
78,0x0000004a,74
79,0x0000004a,74
80,0x0000004a,74
81,0x0000004a,74
82,0x0000004a,74
83,0x00000046,70
84,0x0000004a,74
85,0x0000004a,74
86,0x0000004a,74
87,0x0000004a,74
88,0x0000004a,74
89,0x0000004a,74
90,0x0000004a,74
91,0x0000004a,74
92,0x0000004a,74
93,0x0000004a,74
94,0x0000004a,74
95,0x0000004a,74
96,0x0000004a,74
97,0x0000004a,74
98,0x0000004a,74
99,0x0000004a,74
100,0x0000004a,74
101,0x0000004a,74
102,0x0000004a,74
103,0x0000004a,74
104,0x0000004a,74
105,0x0000004a,74
106,0x0000004a,74
107,0x0000003c,60
108,0x0000004a,74
109,0x0000004a,74
110,0x0000004a,74
111,0x0000004a,74
112,0x0000004a,74
113,0x0000004a,74
114,0x0000004a,74
115,0x0000004a,74
116,0x0000004a,74
117,0x0000004a,74
118,0x0000004a,74
119,0x0000004a,74
120,0x0000004a,74
121,0x0000004a,74
122,0x0000004a,74
123,0x0000003c,60
124,0x0000004a,74
125,0x0000004a,74
126,0x0000004a,74
127,0x0000004a,74
128,0x0000004a,74
129,0x0000004a,74
130,0x0000004a,74
131,0x0000004a,74
132,0x0000004a,74
133,0x0000004a,74
134,0x0000004a,74
135,0x0000004a,74
136,0x0000004a,74
137,0x0000004a,74
138,0x0000004a,74
139,0x0000004a,74
140,0x0000004a,74
141,0x0000004a,74
142,0x0000003c,60
143,0x0000004a,74
144,0x0000004a,74
145,0x0000003c,60
146,0x0000004a,74
147,0x0000004a,74
148,0x000000a0,160
149,0x0000005a,90
150,0x0000004a,74
151,0x0000003c,60
152,0x0000004a,74
153,0x0000004a,74
154,0x0000003c,60
155,0x0000004a,74
156,0x0000004a,74
157,0x0000003c,60
158,0x0000004a,74
159,0x0000004a,74
160,0x0000003c,60
161,0x00000094,148
162,0x0000004a,74
163,0x00000046,70
164,0x0000004a,74
165,0x0000004a,74
166,0x0000004a,74
167,0x0000004a,74
168,0x0000004a,74
169,0x0000004a,74
170,0x0000004a,74
171,0x0000004a,74
172,0x0000004a,74
173,0x0000004a,74
174,0x0000004a,74
175,0x0000004a,74
176,0x0000004a,74
177,0x00000046,70
178,0x0000004a,74
179,0x0000004a,74
180,0x0000003c,60
181,0x0000004a,74
182,0x0000004a,74
183,0x0000004a,74
184,0x0000004a,74
185,0x0000004a,74
186,0x0000004a,74
187,0x0000004a,74
188,0x0000004a,74
189,0x0000004a,74
190,0x0000004a,74
191,0x0000004a,74
192,0x0000004a,74
193,0x0000004a,74
194,0x0000004a,74
195,0x0000004a,74
196,0x0000004a,74
197,0x0000004a,74
198,0x0000004a,74
199,0x0000004a,74
200,0x0000004a,74
201,0x0000004a,74
202,0x0000004a,74
203,0x0000004a,74
204,0x0000004a,74
205,0x0000004a,74
206,0x0000004a,74
207,0x0000004a,74
208,0x0000004a,74
209,0x0000004a,74
210,0x0000004a,74
211,0x0000004a,74
212,0x0000004a,74
213,0x0000004a,74
214,0x0000004a,74
215,0x0000004a,74
216,0x0000003c,60
217,0x0000004a,74
218,0x0000004a,74
219,0x0000004a,74
220,0x0000003c,60
221,0x0000004a,74
222,0x0000004a,74
223,0x0000004a,74
224,0x0000004a,74
225,0x0000004a,74
226,0x0000004a,74
227,0x0000004a,74
228,0x0000004a,74
229,0x0000004a,74
230,0x0000004a,74
231,0x0000004a,74
232,0x0000004a,74
233,0x0000004a,74
234,0x0000004a,74
235,0x0000004a,74
236,0x0000004a,74
237,0x0000004a,74
238,0x0000004a,74
239,0x0000004a,74
240,0x0000003c,60
241,0x0000004a,74
242,0x0000004a,74
243,0x0000004a,74
244,0x0000004a,74
245,0x0000004a,74
246,0x0000004a,74
247,0x0000004a,74
248,0x0000004a,74
249,0x0000004a,74
250,0x0000004a,74
251,0x0000004a,74
252,0x0000004a,74
253,0x0000004a,74
254,0x0000004a,74
255,0x0000005a,90
256,0x0000004e,78
257,0x0000004a,74
258,0x0000004a,74
259,0x0000004a,74
260,0x0000005a,90
261,0x000000a0,160
262,0x0000003c,60
263,0x0000004a,74
264,0x0000004a,74
265,0x0000005a,90
266,0x0000004a,74
267,0x0000004a,74
268,0x0000004a,74
269,0x0000004a,74
270,0x0000004a,74
271,0x0000003c,60
272,0x0000003c,60
273,0x0000004a,74
274,0x0000004a,74
275,0x0000004a,74
276,0x0000004a,74
277,0x0000004a,74
278,0x0000004a,74
279,0x0000004a,74
280,0x0000004a,74
281,0x0000004a,74
282,0x00000046,70
283,0x0000004a,74
284,0x0000004a,74
285,0x0000004a,74
286,0x0000004a,74
287,0x0000004a,74
288,0x0000004a,74
289,0x0000004a,74
290,0x0000004a,74
291,0x0000004a,74
292,0x0000004a,74
293,0x0000004a,74
294,0x0000004a,74
295,0x0000003c,60
296,0x0000004a,74
297,0x0000004a,74
298,0x0000004a,74
299,0x0000004a,74
300,0x0000004a,74
301,0x0000004a,74
302,0x00000046,70
303,0x0000004a,74
304,0x0000004a,74
305,0x0000004a,74
306,0x0000004a,74
307,0x0000004a,74
308,0x0000004a,74
309,0x0000004a,74
310,0x0000004a,74
311,0x0000004a,74
312,0x0000004a,74
313,0x0000004a,74
314,0x0000004a,74
315,0x0000004a,74
316,0x0000004a,74
317,0x0000004a,74
318,0x0000004a,74
319,0x0000004a,74
320,0x0000004a,74
321,0x0000004a,74
322,0x0000004a,74
323,0x0000004a,74
324,0x0000004a,74
325,0x0000004a,74
326,0x0000004a,74
327,0x0000004a,74
328,0x0000004a,74
329,0x0000004a,74
330,0x0000004a,74
331,0x0000004a,74
332,0x0000004a,74
333,0x0000004a,74
334,0x0000004a,74
335,0x0000004a,74
336,0x0000004a,74
337,0x0000004a,74
338,0x0000004a,74
339,0x0000004a,74
340,0x0000003c,60
341,0x0000004a,74
342,0x0000004a,74
343,0x0000004a,74
344,0x0000004a,74
345,0x0000004a,74
346,0x0000004a,74
347,0x0000004a,74
348,0x0000004a,74
349,0x0000004a,74
350,0x0000004a,74
351,0x0000003c,60
352,0x0000004a,74
353,0x0000004a,74
354,0x0000004a,74
355,0x0000004a,74
356,0x0000004a,74
357,0x0000004a,74
358,0x0000004a,74
359,0x0000004a,74
360,0x0000004a,74
361,0x0000004a,74
362,0x0000004a,74
363,0x0000004a,74
364,0x0000004a,74
365,0x0000004a,74
366,0x0000004a,74
367,0x0000004a,74
368,0x0000004a,74
369,0x0000004a,74
370,0x0000004a,74
371,0x0000004a,74
372,0x0000004a,74
373,0x0000004a,74
374,0x0000004a,74
375,0x0000004a,74
376,0x0000004a,74
377,0x0000004a,74
378,0x0000004a,74
379,0x0000004a,74
380,0x0000004a,74
381,0x0000004a,74
382,0x0000004a,74
383,0x0000004a,74
384,0x0000004a,74
385,0x0000004a,74
386,0x0000003c,60
387,0x0000004a,74
388,0x0000004a,74
389,0x0000004a,74
390,0x0000004a,74
391,0x0000004a,74
392,0x0000004a,74
393,0x0000004a,74
394,0x0000004a,74
395,0x0000004a,74
396,0x0000004a,74
397,0x0000004a,74
398,0x0000003c,60
399,0x0000004a,74
400,0x0000004a,74
401,0x0000004a,74
402,0x0000004a,74
403,0x0000004a,74
404,0x0000004a,74
405,0x0000004a,74
406,0x0000004a,74
407,0x0000004a,74
408,0x0000004a,74
409,0x0000004a,74
410,0x0000004a,74
411,0x0000004a,74
412,0x0000004a,74
413,0x0000004a,74
414,0x0000004a,74
415,0x0000004a,74
416,0x0000004a,74
417,0x0000005a,90
418,0x0000004a,74
419,0x0000003c,60
420,0x0000004e,78
421,0x0000004a,74
422,0x0000004a,74
423,0x0000004a,74
424,0x0000005a,90
425,0x0000003c,60
426,0x0000004a,74
427,0x0000004a,74
428,0x0000004a,74
429,0x000000a0,160
430,0x0000004a,74
431,0x0000004a,74
432,0x0000005a,90
433,0x0000004a,74
434,0x0000004a,74
435,0x0000004a,74
436,0x0000004a,74
437,0x0000004a,74
438,0x0000004a,74
439,0x0000004a,74
440,0x0000004a,74
441,0x0000004a,74
442,0x0000004a,74
443,0x0000004a,74
444,0x0000004a,74
445,0x0000004a,74
446,0x0000004a,74
447,0x0000004a,74
448,0x0000004a,74
449,0x0000004a,74
450,0x0000004a,74
451,0x00000046,70
452,0x0000004a,74
453,0x0000003c,60
454,0x0000004a,74
455,0x0000004a,74
456,0x0000004a,74
457,0x0000004a,74
458,0x0000003c,60
459,0x0000004a,74
460,0x0000003c,60
461,0x0000004a,74
462,0x0000004a,74
463,0x0000004a,74
464,0x0000004a,74
465,0x0000004a,74
466,0x0000004a,74
467,0x0000004a,74
468,0x0000004a,74
469,0x0000004a,74
470,0x0000004a,74
471,0x0000004a,74
472,0x0000004a,74
473,0x0000004a,74
474,0x0000004a,74
475,0x0000004a,74
476,0x0000004a,74
477,0x0000004a,74
478,0x00000046,70
479,0x0000004a,74
480,0x0000004a,74
481,0x0000004a,74
482,0x0000004a,74
483,0x0000004a,74
484,0x0000004a,74
485,0x0000004a,74
486,0x0000004a,74
487,0x0000004a,74
488,0x0000004a,74
489,0x0000004a,74
490,0x0000004a,74
491,0x0000004a,74
492,0x0000004a,74
493,0x0000004a,74
494,0x0000004a,74
495,0x0000004a,74
496,0x0000004a,74
497,0x0000004a,74
498,0x0000004a,74
499,0x0000004a,74
500,0x0000004a,74
501,0x0000004a,74
502,0x0000004a,74
503,0x0000004a,74
504,0x0000004a,74
505,0x0000004a,74
506,0x0000004a,74
507,0x0000004a,74
508,0x0000004a,74
509,0x0000004a,74
510,0x0000004a,74
511,0x0000004a,74
512,0x0000004a,74
513,0x0000004a,74
514,0x0000003c,60
515,0x0000004a,74
516,0x0000004a,74
517,0x0000004a,74
518,0x0000004a,74
519,0x0000004a,74
520,0x0000004a,74
521,0x0000004a,74
522,0x0000004a,74
523,0x0000004a,74
524,0x0000004a,74
525,0x0000004a,74
526,0x0000004a,74
527,0x0000004a,74
528,0x0000004a,74
529,0x0000004a,74
530,0x0000004a,74
531,0x0000004a,74
532,0x0000004a,74
533,0x0000004a,74
534,0x0000004a,74
535,0x0000004a,74
536,0x0000004a,74
537,0x0000004a,74
538,0x0000004a,74
539,0x0000004a,74
540,0x0000004a,74
541,0x0000004a,74
542,0x0000004a,74
543,0x0000004a,74
544,0x0000004a,74
545,0x0000004a,74
546,0x0000004a,74
547,0x0000004a,74
548,0x0000004a,74
549,0x0000003c,60
550,0x0000004a,74
551,0x0000004a,74
552,0x0000004a,74
553,0x0000004a,74
554,0x0000004a,74
555,0x0000004a,74
556,0x0000003c,60
557,0x0000004a,74
558,0x0000004a,74
559,0x0000004a,74
560,0x0000004a,74
561,0x0000004a,74
562,0x0000004a,74
563,0x0000003c,60
564,0x0000004a,74
565,0x0000004a,74
566,0x0000004a,74
567,0x0000004a,74
568,0x0000004a,74
569,0x0000004a,74
570,0x0000004a,74
571,0x0000004a,74
572,0x0000004a,74
573,0x0000004a,74
574,0x0000004a,74
575,0x0000004a,74
576,0x0000004a,74
577,0x0000004a,74
578,0x0000004a,74
579,0x0000004a,74
580,0x0000004a,74
581,0x0000004a,74
582,0x0000003c,60
583,0x0000004a,74
584,0x0000004a,74
585,0x0000004a,74
586,0x0000004a,74
587,0x0000004a,74
588,0x0000004a,74
589,0x0000004a,74
590,0x0000004a,74
591,0x0000004a,74
592,0x0000003c,60
593,0x0000004a,74
594,0x0000004a,74
595,0x0000004a,74
596,0x0000004a,74
597,0x0000004a,74
598,0x0000004a,74
599,0x0000004a,74
600,0x0000004a,74
601,0x0000004a,74
602,0x0000004a,74
603,0x0000004a,74
604,0x0000004a,74
605,0x0000004a,74
606,0x0000004a,74
607,0x0000004a,74
608,0x0000004a,74
609,0x0000004a,74
610,0x0000004a,74
611,0x0000004a,74
612,0x0000004a,74
613,0x0000004a,74
614,0x0000004a,74
615,0x0000004a,74
616,0x0000004a,74
617,0x0000003c,60
618,0x0000004a,74
619,0x0000004a,74
620,0x0000004a,74
621,0x0000004a,74
622,0x0000004a,74
623,0x0000004a,74
624,0x0000004a,74
625,0x0000004a,74
626,0x0000004a,74
627,0x0000004a,74
628,0x0000004a,74
629,0x0000004a,74
630,0x0000004a,74
631,0x0000004a,74
632,0x0000004a,74
633,0x0000004a,74
634,0x0000004a,74
635,0x0000004a,74
636,0x0000004a,74
637,0x0000004a,74
638,0x0000004a,74
639,0x0000004a,74
640,0x0000004a,74
641,0x0000004a,74
642,0x0000004a,74
643,0x0000004a,74
644,0x0000004a,74
645,0x0000004a,74
646,0x0000004a,74
647,0x0000004a,74
648,0x0000004a,74
649,0x0000004a,74
650,0x0000004a,74
651,0x0000004a,74
652,0x0000004a,74
653,0x0000004a,74
654,0x0000004a,74
655,0x0000004a,74
656,0x0000004a,74
657,0x0000004a,74
658,0x0000004a,74
659,0x0000004a,74
660,0x0000004a,74
661,0x0000004a,74
662,0x0000004a,74
663,0x0000004a,74
664,0x0000004a,74
665,0x0000004a,74
666,0x0000004a,74
667,0x0000004a,74
668,0x0000004a,74
669,0x0000003c,60
670,0x0000004a,74
671,0x0000004a,74
672,0x0000004a,74
673,0x0000004a,74
674,0x0000004a,74
675,0x0000004a,74
676,0x0000004a,74
677,0x0000004a,74
678,0x0000004a,74
679,0x0000004a,74
680,0x0000004a,74
681,0x0000004a,74
682,0x0000004a,74
683,0x0000004a,74
684,0x0000004a,74
685,0x0000004a,74
686,0x0000003c,60
687,0x0000004a,74
688,0x0000004a,74
689,0x0000004a,74
690,0x0000004a,74
691,0x0000004a,74
692,0x0000004a,74
693,0x0000004a,74
694,0x0000003c,60
695,0x0000004a,74
696,0x0000004a,74
697,0x0000004a,74
698,0x0000004a,74
699,0x0000004a,74
700,0x0000004a,74
701,0x0000004a,74
702,0x0000004a,74
703,0x0000004a,74
704,0x0000004a,74
705,0x0000004a,74
706,0x0000004a,74
707,0x0000004a,74
708,0x0000004a,74
709,0x0000003c,60
710,0x0000004a,74
711,0x0000004a,74
712,0x0000004a,74
713,0x0000004a,74
714,0x0000004a,74
715,0x0000004a,74
716,0x0000004a,74
717,0x0000004a,74
718,0x0000004a,74
719,0x0000004a,74
720,0x0000004a,74
721,0x0000004a,74
722,0x0000004a,74
723,0x0000004a,74
724,0x0000004a,74
725,0x0000004a,74
726,0x0000004a,74
727,0x0000004a,74
728,0x0000004a,74
729,0x0000004a,74
730,0x0000004a,74
731,0x0000004a,74
732,0x0000004a,74
733,0x0000004a,74
734,0x0000004a,74
735,0x0000004a,74
736,0x0000003c,60
737,0x0000003c,60
738,0x00000086,134
739,0x0000004a,74
740,0x0000004a,74
741,0x0000004a,74
742,0x000000a0,160
743,0x0000004a,74
744,0x0000003c,60
745,0x0000004a,74
746,0x0000005a,90
747,0x0000004a,74
748,0x0000004a,74
749,0x0000004a,74
750,0x0000004a,74
751,0x0000004a,74
752,0x0000004a,74
753,0x0000004a,74
754,0x0000004a,74
755,0x0000004a,74
756,0x0000004a,74
757,0x0000004a,74
758,0x0000004a,74
759,0x00000046,70
760,0x0000004a,74
761,0x0000004a,74
762,0x0000003c,60
763,0x0000004a,74
764,0x0000004a,74
765,0x000000a0,160
766,0x0000004a,74
767,0x0000004a,74
768,0x0000005a,90
769,0x0000003c,60
770,0x0000004a,74
771,0x0000004a,74
772,0x0000004a,74
773,0x0000003c,60
774,0x0000004a,74
775,0x0000004a,74
776,0x0000004a,74
777,0x0000003c,60
778,0x0000004a,74
779,0x00000046,70
780,0x0000004a,74
781,0x0000004a,74
782,0x0000003c,60
783,0x00000094,148
784,0x0000004a,74
785,0x0000004a,74
786,0x00000046,70
787,0x0000004a,74
788,0x0000004a,74
789,0x0000004a,74
790,0x0000004a,74
791,0x0000004a,74
792,0x0000004a,74
793,0x0000004a,74
794,0x0000004a,74
795,0x0000004a,74
796,0x0000004a,74
797,0x0000004a,74
798,0x0000004a,74
799,0x0000004a,74
800,0x0000004a,74
801,0x0000004a,74
802,0x0000004a,74
803,0x0000004a,74
804,0x0000004a,74
805,0x0000004a,74
806,0x0000004a,74
807,0x00000046,70
808,0x0000004a,74
809,0x0000004a,74
810,0x0000004a,74
811,0x0000004a,74
812,0x0000004a,74
813,0x0000003c,60
814,0x0000004a,74
815,0x0000004a,74
816,0x0000003c,60
817,0x0000004a,74
818,0x0000004a,74
819,0x0000004a,74
820,0x0000004a,74
821,0x0000004a,74
822,0x0000004a,74
823,0x0000004a,74
824,0x0000004a,74
825,0x0000003c,60
826,0x0000004a,74
827,0x0000004a,74
828,0x0000004a,74
829,0x0000004a,74
830,0x0000004a,74
831,0x0000004a,74
832,0x0000004a,74
833,0x0000004a,74
834,0x0000004a,74
835,0x0000004a,74
836,0x0000004a,74
837,0x0000004a,74
838,0x0000004a,74
839,0x0000004a,74
840,0x0000004a,74
841,0x0000004a,74
842,0x0000004a,74
843,0x0000004a,74
844,0x0000004a,74
845,0x0000004a,74
846,0x0000004a,74
847,0x0000004a,74
848,0x0000004a,74
849,0x0000004a,74
850,0x0000004a,74
851,0x0000004a,74
852,0x0000003c,60
853,0x0000004a,74
854,0x0000020b,523
855,0x0000009e,158
856,0x00000042,66
857,0x000000bd,189
858,0x0000132b,4907
859,0x000000de,222
860,0x000005da,1498
861,0x00000042,66
862,0x00000042,66
863,0x000000ad,173
864,0x000000bd,189
865,0x00000042,66
866,0x0000004a,74
867,0x0000004a,74
868,0x0000004a,74
869,0x0000004a,74
870,0x0000004a,74
871,0x000000b2,178
872,0x00000095,149
873,0x000000bd,189
874,0x0000132b,4907
875,0x000000dd,221
876,0x0000015b,347
877,0x0000047c,1148
878,0x00000042,66
879,0x000000ad,173
880,0x000000bd,189
881,0x0000004a,74
882,0x00000042,66
883,0x0000004a,74
884,0x0000004a,74
885,0x0000004a,74
886,0x0000004a,74
887,0x000000b2,178
888,0x00000042,66
889,0x00000053,83
890,0x000000bd,189
891,0x0000132b,4907
892,0x000000de,222
893,0x0000015a,346
894,0x00000480,1152
895,0x00000042,66
896,0x000000ad,173
897,0x000000bd,189
898,0x0000004a,74
899,0x0000004a,74
900,0x00000042,66
901,0x0000004a,74
902,0x0000004a,74
903,0x0000004a,74
904,0x0000004a,74
905,0x0000004a,74
906,0x000000b2,178
907,0x00000042,66
908,0x00000053,83
909,0x000000bd,189
910,0x0000132b,4907
911,0x000000dd,221
912,0x000005d8,1496
913,0x00000042,66
914,0x000000ad,173
915,0x000000bd,189
916,0x00000042,66
917,0x0000004a,74
918,0x0000004a,74
919,0x0000004a,74
920,0x0000004a,74
921,0x0000004a,74
922,0x000000b2,178
923,0x00000095,149
924,0x000000bd,189
925,0x0000132b,4907
926,0x000000df,223
927,0x0000015d,349
928,0x00000481,1153
929,0x00000042,66
930,0x000000ae,174
931,0x000000bd,189
932,0x00000042,66
933,0x0000004a,74
934,0x0000004a,74
935,0x0000004a,74
936,0x0000004a,74
937,0x0000004a,74
938,0x0000004a,74
939,0x00000229,553
940,0x0000009e,158
941,0x00000042,66
942,0x000000bd,189
943,0x00001088,4232
944,0x00000053,83
945,0x000000d3,211
946,0x00000628,1576
947,0x00000042,66
948,0x00000042,66
949,0x000000ad,173
950,0x000000bd,189
951,0x00000042,66
952,0x0000004a,74
953,0x0000004a,74
954,0x000000b2,178
955,0x00000095,149
956,0x000000bd,189
957,0x0000132b,4907
958,0x000000de,222
959,0x0000015c,348
960,0x00000481,1153
961,0x00000042,66
962,0x000000ae,174
963,0x000000bd,189
964,0x00000042,66
965,0x0000004a,74
966,0x0000004a,74
967,0x0000004a,74
968,0x000000b2,178
969,0x00000042,66
970,0x00000042,66
971,0x00000060,96
972,0x000000bd,189
973,0x00001077,4215
974,0x000000d3,211
975,0x0000015a,346
976,0x0000047e,1150
977,0x00000042,66
978,0x000000ad,173
979,0x000000bd,189
980,0x00000042,66
981,0x0000004a,74
982,0x0000004a,74
983,0x0000003c,60
984,0x0000004a,74
985,0x00000214,532
986,0x00000042,66
987,0x0000009e,158
988,0x000000bd,189
989,0x000000b2,178
990,0x00000042,66
991,0x00000053,83
992,0x000000bd,189
993,0x0000132b,4907
994,0x000000de,222
995,0x000005d7,1495
996,0x00000042,66
997,0x0000132a,4906
998,0x000000ad,173
999,0x000000bd,189
1000,0x000000d3,211
1001,0x000005d9,1497
1002,0x00000042,66
1003,0x000000ad,173
1004,0x000000bd,189
1005,0x00000042,66
1006,0x00000042,66
1007,0x0000004a,74
1008,0x0000004a,74
1009,0x0000004a,74
1010,0x000000b2,178
1011,0x00000042,66
1012,0x00000095,149
1013,0x000000bd,189
1014,0x00001077,4215
1015,0x000000d3,211
1016,0x000003c0,960
1017,0x00000268,616
1018,0x00000042,66
1019,0x000000ad,173
1020,0x000000bd,189
1021,0x0000004a,74
1022,0x00000042,66
1023,0x0000004a,74
1024,0x000000b2,178
1025,0x00000042,66
1026,0x00000053,83
1027,0x000000bd,189
1028,0x000000b2,178
1029,0x00000095,149
1030,0x000000bd,189
1031,0x0000132b,4907
1032,0x000000de,222
1033,0x000005dd,1501
1034,0x00000042,66
1035,0x000000ae,174
1036,0x000000bd,189
1037,0x0000132a,4906
1038,0x000000d3,211
1039,0x000005d8,1496
1040,0x00000042,66
1041,0x00000042,66
1042,0x000000ad,173
1043,0x000000bd,189
1044,0x00000042,66
1045,0x00000042,66
1046,0x0000004a,74
1047,0x0000004a,74
1048,0x0000004a,74
1049,0x000000b2,178
1050,0x00000042,66
1051,0x000000a2,162
1052,0x000000bd,189
1053,0x00001077,4215
1054,0x000000d3,211
1055,0x00000625,1573
1056,0x00000042,66
1057,0x000000ad,173
1058,0x000000bd,189
1059,0x0000004a,74
1060,0x00000042,66
1061,0x0000004a,74
1062,0x000000b2,178
1063,0x00000095,149
1064,0x000000b2,178
1065,0x000000e4,228
1066,0x000000bd,189
1067,0x000000bd,189
1068,0x0000132b,4907
1069,0x00000239,569
1070,0x0000047d,1149
1071,0x00000042,66
1072,0x0000132a,4906
1073,0x000000ad,173
1074,0x000000bd,189
1075,0x000000d4,212
1076,0x000005dd,1501
1077,0x00000042,66
1078,0x00000042,66
1079,0x000000ae,174
1080,0x000000bd,189
1081,0x00000042,66
1082,0x00000042,66
1083,0x0000004a,74
1084,0x0000004a,74
1085,0x0000004a,74
1086,0x0000004a,74
1087,0x000000b2,178
1088,0x00000095,149
1089,0x000000bd,189
1090,0x0000004a,74
1091,0x0000004a,74
1092,0x00001077,4215
1093,0x000000d3,211
1094,0x000005da,1498
1095,0x00000042,66
1096,0x00000042,66
1097,0x000000ad,173
1098,0x000000bd,189
1099,0x00000042,66
1100,0x0000004a,74
1101,0x000000b2,178
1102,0x00000042,66
1103,0x00000053,83
1104,0x000000b2,178
1105,0x00000095,149
1106,0x000000bd,189
1107,0x000000bd,189
1108,0x0000132a,4906
1109,0x000000d4,212
1110,0x0000058d,1421
1111,0x00000042,66
1112,0x00000042,66
1113,0x000000ae,174
1114,0x000000bd,189
1115,0x0000132b,4907
1116,0x000000df,223
1117,0x0000015d,349
1118,0x00000481,1153
1119,0x00000042,66
1120,0x000000ae,174
1121,0x000000bd,189
1122,0x00000042,66
1123,0x00000042,66
1124,0x0000004a,74
1125,0x0000004a,74
1126,0x0000004a,74
1127,0x0000004a,74
1128,0x000000e7,231
1129,0x0000017c,380
1130,0x0000009e,158
1131,0x00000042,66
1132,0x000000bd,189
1133,0x0000132a,4906
1134,0x000000d4,212
1135,0x00000410,1040
1136,0x00000269,617
1137,0x00000042,66
1138,0x00000042,66
1139,0x00000042,66
1140,0x000000ae,174
1141,0x000000bd,189
1142,0x00000042,66
1143,0x0000004a,74
1144,0x000000b2,178
1145,0x00000095,149
1146,0x000000bd,189
1147,0x00001077,4215
1148,0x000000d3,211
1149,0x00000588,1416
1150,0x000000ad,173
1151,0x000000bd,189
1152,0x00000042,66
1153,0x0000004a,74
1154,0x000000b2,178
1155,0x00000095,149
1156,0x000000b2,178
1157,0x00000095,149
1158,0x000000bd,189
1159,0x000000bd,189
1160,0x0000132a,4906
1161,0x000000d3,211
1162,0x00000588,1416
1163,0x00000042,66
1164,0x00000042,66
1165,0x000000ad,173
1166,0x000000bd,189
1167,0x0000132b,4907
1168,0x000000dd,221
1169,0x0000015b,347
1170,0x0000047b,1147
1171,0x00000042,66
1172,0x000000ac,172
1173,0x000000bd,189
1174,0x0000004a,74
1175,0x00000042,66
1176,0x00000042,66
1177,0x0000004a,74
1178,0x0000004a,74
1179,0x000000b2,178
1180,0x00000095,149
1181,0x000000bd,189
1182,0x0000132a,4906
1183,0x000000d4,212
1184,0x000005dc,1500
1185,0x00000042,66
1186,0x000000ae,174
1187,0x000000bd,189
1188,0x00000042,66
1189,0x0000004a,74
1190,0x000000b2,178
1191,0x00000095,149
1192,0x000000bd,189
1193,0x00001077,4215
1194,0x000000d4,212
1195,0x00000159,345
1196,0x00000485,1157
1197,0x00000042,66
1198,0x00000042,66
1199,0x000000ae,174
1200,0x000000bd,189
1201,0x00000042,66
1202,0x0000004a,74
1203,0x000000b2,178
1204,0x00000042,66
1205,0x00000053,83
1206,0x000000b2,178
1207,0x00000042,66
1208,0x00000095,149
1209,0x000000bd,189
1210,0x000000bd,189
1211,0x0000132a,4906
1212,0x000000d4,212
1213,0x00000373,883
1214,0x00000268,616
1215,0x00000042,66
1216,0x000000ae,174
1217,0x000000bd,189
1218,0x0000132b,4907
1219,0x000000df,223
1220,0x0000015c,348
1221,0x00000481,1153
1222,0x00000042,66
1223,0x000000ae,174
1224,0x000000bd,189
1225,0x0000004a,74
1226,0x00000042,66
1227,0x00000042,66
1228,0x0000004a,74
1229,0x0000004a,74
1230,0x000000b2,178
1231,0x00000095,149
1232,0x000000bd,189
1233,0x0000132a,4906
1234,0x000000d4,212
1235,0x000005dd,1501
1236,0x00000042,66
1237,0x000000ae,174
1238,0x000000bd,189
1239,0x00000042,66
1240,0x0000004a,74
1241,0x000000b2,178
1242,0x00000084,132
1243,0x00000060,96
1244,0x000000bd,189
1245,0x00001077,4215
1246,0x000000d3,211
1247,0x00000627,1575
1248,0x00000042,66
1249,0x000000ad,173
1250,0x000000bd,189
1251,0x00000042,66
1252,0x0000004a,74
1253,0x0000004a,74
1254,0x000000b2,178
1255,0x00000095,149
1256,0x000000a1,161
1257,0x000000bd,189
1258,0x00000042,66
1259,0x00000060,96
1260,0x000000bd,189
1261,0x0000004a,74
1262,0x0000132a,4906
1263,0x000000d4,212
1264,0x00000267,615
1265,0x00000376,886
1266,0x00000042,66
1267,0x000000ae,174
1268,0x000000bd,189
1269,0x0000132b,4907
1270,0x000000de,222
1271,0x000005d8,1496
1272,0x00000042,66
1273,0x00000042,66
1274,0x000000ad,173
1275,0x000000bd,189
1276,0x00000042,66
1277,0x00000042,66
1278,0x0000004a,74
1279,0x0000004a,74
1280,0x000000b2,178
1281,0x00000042,66
1282,0x00000053,83
1283,0x000000bd,189
1284,0x0000132a,4906
1285,0x000000d4,212
1286,0x000004cf,1231
1287,0x0000015c,348
1288,0x00000042,66
1289,0x00000042,66
1290,0x000000ae,174
1291,0x000000bd,189
1292,0x00000042,66
1293,0x0000004a,74
1294,0x000000b2,178
1295,0x00000042,66
1296,0x00000053,83
1297,0x000000bd,189
1298,0x00001077,4215
1299,0x000000d4,212
1300,0x000005dd,1501
1301,0x00000042,66
1302,0x000000ae,174
1303,0x000000bd,189
1304,0x00000042,66
1305,0x0000004a,74
1306,0x0000004a,74
1307,0x000000b2,178
1308,0x00000095,149
1309,0x000000bd,189
1310,0x000000b2,178
1311,0x00000095,149
1312,0x000000bd,189
1313,0x0000132a,4906
1314,0x000000d4,212
1315,0x000005dd,1501
1316,0x00000042,66
1317,0x000000ae,174
1318,0x000000bd,189
1319,0x0000132b,4907
1320,0x000000df,223
1321,0x000005dd,1501
1322,0x00000042,66
1323,0x000000ae,174
1324,0x000000bd,189
1325,0x00000042,66
1326,0x00000042,66
1327,0x0000004a,74
1328,0x0000004a,74
1329,0x000000b2,178
1330,0x00000042,66
1331,0x00000053,83
1332,0x000000bd,189
1333,0x0000132a,4906
1334,0x000000d4,212
1335,0x0000058e,1422
1336,0x00000042,66
1337,0x00000042,66
1338,0x000000ae,174
1339,0x000000bd,189
1340,0x00000042,66
1341,0x0000004a,74
1342,0x000000b2,178
1343,0x00000042,66
1344,0x000000a2,162
1345,0x000000bd,189
1346,0x00001077,4215
1347,0x000000d3,211
1348,0x00000158,344
1349,0x0000047f,1151
1350,0x00000042,66
1351,0x000000ad,173
1352,0x000000bd,189
1353,0x00000042,66
1354,0x0000004a,74
1355,0x00000042,66
1356,0x00000218,536
1357,0x0000009e,158
1358,0x00000042,66
1359,0x000000bd,189
1360,0x0000276b,10091
1361,0x000000dd,221
1362,0x0000004a,74
1363,0x00000042,66
1364,0x00000042,66
1365,0x00000081,129
1366,0x00000069,105
1367,0x0000353a,13626
1368,0x00000bd4,3028
1369,0x000052cc,21196
1370,0x00003b24,15140
1371,0x00002966,10598
1372,0x00002966,10598
1373,0x00002966,10598
1374,0x000046f8,18168
1375,0x0000237c,9084
1376,0x0000705e,28766
1377,0x00007648,30280
1378,0x0000353a,13626
1379,0x000046f8,18168
1380,0x0000410e,16654
1381,0x0000410e,16654
1382,0x00000bd4,3028
1383,0x00008806,34822
1384,0x0000648a,25738
1385,0x00002f50,12112
1386,0x0000526a,21098
1387,0x000000ad,173
1388,0x00001330,4912
1389,0x000000df,223
1390,0x000005dc,1500
1391,0x00000042,66
1392,0x000000ae,174
1393,0x00001044,4164
1394,0x00000359,857
1395,0x00000042,66
1396,0x000000ad,173
1397,0x0000004a,74
1398,0x00002966,10598
1399,0x00001384,4996
1400,0x0000023f,575
1401,0x00000eb1,3761
1402,0x0000015e,350
1403,0x00000084,132
1404,0x00000042,66
1405,0x000000ae,174
1406,0x00000042,66
1407,0x000002a7,679
1408,0x00000042,66
1409,0x00000053,83
1410,0x0000020b,523
1411,0x000000ef,239
1412,0x000000de,222
1413,0x0000012e,302
1414,0x00000042,66
1415,0x000000ad,173
1416,0x0000020f,527
1417,0x00000042,66
1418,0x000000ae,174
1419,0x0000020c,524
1420,0x0000045d,1117
1421,0x00000042,66
1422,0x000000ad,173
1423,0x00000042,66
1424,0x000000de,222
1425,0x000000ae,174
1426,0x000027c4,10180
1427,0x000017a8,6056
1428,0x0000066f,1647
1429,0x00000042,66
1430,0x000002ed,749
1431,0x000009c5,2501
1432,0x000003d1,977
1433,0x0000018c,396
1434,0x00000084,132
1435,0x00000318,792
1436,0x0000014a,330
1437,0x00000084,132
1438,0x00000252,594
1439,0x0000039c,924
1440,0x00000108,264
1441,0x000001ce,462
1442,0x00000108,264
1443,0x00000108,264
1444,0x0000014a,330
1445,0x0000018c,396
1446,0x00000108,264
1447,0x000000c6,198
1448,0x00000042,66
1449,0x00000042,66
1450,0x00000108,264
1451,0x00000252,594
1452,0x00000042,66
1453,0x00000108,264
1454,0x00000042,66
1455,0x00000210,528
1456,0x00000108,264
1457,0x000000c6,198
1458,0x000001ce,462
1459,0x000000c6,198
1460,0x000000c6,198
1461,0x000000c6,198
1462,0x0000018c,396
1463,0x000000c6,198
1464,0x00000042,66
1465,0x0000035a,858
1466,0x00000042,66
1467,0x0000018c,396
1468,0x0000014a,330
1469,0x00000108,264
1470,0x000000ae,174
1471,0x000000de,222
1472,0x0000012f,303
1473,0x00000042,66
1474,0x000000ad,173
1475,0x0000004a,74
1476,0x0000004a,74
1477,0x00000042,66
1478,0x000000b2,178
1479,0x00000042,66
1480,0x00000053,83
1481,0x000000bd,189
1482,0x0000231a,8986
1483,0x00000042,66
1484,0x000000dd,221
1485,0x00000130,304
1486,0x000004b4,1204
1487,0x00000071,113
1488,0x00000630,1584
1489,0x0000077d,1917
1490,0x000002d6,726
1491,0x00000528,1320
1492,0x000002d6,726
1493,0x00000420,1056
1494,0x000000c6,198
1495,0x000000a1,161
1496,0x00000042,66
1497,0x000000bd,189
1498,0x0000132a,4906
1499,0x000000d4,212
1500,0x000005dc,1500
1501,0x00000042,66
1502,0x00000042,66
1503,0x000000ae,174
1504,0x0000132b,4907
1505,0x0000041d,1053
1506,0x0000015d,349
1507,0x00000481,1153
1508,0x00000042,66
1509,0x00000084,132
1510,0x000000ae,174
1511,0x000000d4,212
1512,0x00000134,308
1513,0x00000042,66
1514,0x000000ae,174
1515,0x0000033e,830
1516,0x00000213,531
1517,0x00000042,66
1518,0x000000ae,174
1519,0x00001d92,7570
1520,0x00001d92,7570
1521,0x000001c6,454
1522,0x000000a4,164
1523,0x000010a6,4262
1524,0x000000d3,211
1525,0x00000fa0,4000
1526,0x0000015e,350
1527,0x0000020e,526
1528,0x00000042,66
1529,0x00000042,66
1530,0x000000ad,173
1531,0x000046f8,18168
1532,0x000005ea,1514
1533,0x0000705e,28766
1534,0x000058b6,22710
1535,0x00003b24,15140
1536,0x0000237c,9084
1537,0x0000705e,28766
1538,0x000017a8,6056
1539,0x00007c32,31794
1540,0x00002966,10598
1541,0x00004ce2,19682
1542,0x0000705e,28766
1543,0x00000bd4,3028
1544,0x0000cefe,52990
1545,0x0000c6ef,50927
1546,0x0000004a,74
1547,0x00000042,66
1548,0x0000004a,74
1549,0x00000042,66
1550,0x000000ad,173
1551,0x000000df,223
1552,0x0000063b,1595
1553,0x00000675,1653
1554,0x00000318,792
1555,0x00000318,792
1556,0x000005ee,1518
1557,0x000002d6,726
1558,0x000006f6,1782
1559,0x000000c6,198
1560,0x000000b1,177
1561,0x000012b4,4788
1562,0x0000f864,63588
1563,0x000011be,4542
1564,0x00000bd4,3028
1565,0x0000f27a,62074
1566,0x000011be,4542
1567,0x00010438,66616
1568,0x0000fe4e,65102
1569,0x0000353a,13626
1570,0x0000af47,44871
1571,0x00000042,66
1572,0x000000ae,174
1573,0x0000020d,525
1574,0x0000050e,1294
1575,0x00000042,66
1576,0x000004a7,1191
1577,0x00000630,1584
1578,0x000005ee,1518
1579,0x0000035a,858
1580,0x00000420,1056
1581,0x00000420,1056
1582,0x00000084,132
1583,0x00001365,4965
1584,0x0000dad2,56018
1585,0x0000705e,28766
1586,0x0000f27a,62074
1587,0x000127b4,75700
1588,0x0000353a,13626
1589,0x0000bd40,48448
1590,0x0000a95d,43357
1591,0x00000042,66
1592,0x000000ae,174
1593,0x0000020d,525
1594,0x000004ca,1226
1595,0x00000084,132
1596,0x000000c9,201
1597,0x00000b9a,2970
1598,0x00000042,66
1599,0x00000462,1122
1600,0x00000672,1650
1601,0x00000042,66
1602,0x00000528,1320
1603,0x0000114a,4426
1604,0x0000020e,526
1605,0x00008806,34822
1606,0x00010438,66616
1607,0x0000a598,42392
1608,0x0000f864,63588
1609,0x000052cc,21196
1610,0x00011be0,72672
1611,0x0000410e,16654
1612,0x00002741,10049
1613,0x00000042,66
1614,0x000000ae,174
1615,0x00001d92,7570
1616,0x00001d92,7570
1617,0x000003d2,978
1618,0x000004c5,1221
1619,0x00000042,66
1620,0x00000672,1650
1621,0x000006f9,1785
1622,0x00000042,66
1623,0x000008c4,2244
1624,0x000004e6,1254
1625,0x0000018c,396
1626,0x000000b1,177
1627,0x000012b4,4788
1628,0x00004ce2,19682
1629,0x00017496,95382
1630,0x00000bd4,3028
1631,0x0000e6a6,59046
1632,0x0000fe4e,65102
1633,0x000011be,4542
1634,0x00013972,80242
1635,0x000003c5,965
1636,0x00000042,66
1637,0x000000ad,173
1638,0x000000de,222
1639,0x000004f8,1272
1640,0x00001384,4996
1641,0x000000c6,198
1642,0x00000252,594
1643,0x00000462,1122
1644,0x0000039c,924
1645,0x00000659,1625
1646,0x00000462,1122
1647,0x000001d1,465
1648,0x0000114a,4426
1649,0x0000020e,526
1650,0x0001d920,121120
1651,0x000035e8,13800
1652,0x000000df,223
1653,0x0001511a,86298
1654,0x0000c914,51476
1655,0x00005ea0,24224
1656,0x00007a0d,31245
1657,0x00000042,66
1658,0x000000ae,174
1659,0x0000020e,526
1660,0x000004b5,1205
1661,0x000000c9,201
1662,0x00000084,132
1663,0x000001ce,462
1664,0x00000084,132
1665,0x0000014a,330
1666,0x00000042,66
1667,0x000000b1,177
1668,0x000012b4,4788
1669,0x00014b30,84784
1670,0x0000fe4e,65102
1671,0x0000e6a6,59046
1672,0x00017496,95382
1673,0x000011be,4542
1674,0x00004abd,19133
1675,0x00000042,66
1676,0x000000ad,173
1677,0x000006c9,1737
1678,0x00000042,66
1679,0x000000c9,201
1680,0x00000084,132
1681,0x000001ce,462
1682,0x00000108,264
1683,0x000000c6,198
1684,0x00001365,4965
1685,0x00002966,10598
1686,0x0001e4f4,124148
1687,0x00007c32,31794
1688,0x000005ea,1514
1689,0x0001df0a,122634
1690,0x000091b5,37301
1691,0x000000f0,240
1692,0x000000de,222
1693,0x000005f2,1522
1694,0x00000042,66
1695,0x0000014d,333
1696,0x00000084,132
1697,0x00000084,132
1698,0x00000084,132
1699,0x00001358,4952
1700,0x0000b756,46934
1701,0x0001df0a,122634
1702,0x00002f50,12112
1703,0x0000c32a,49962
1704,0x0001785b,96347
1705,0x00000042,66
1706,0x000000ad,173
1707,0x0000020f,527
1708,0x000004c1,1217
1709,0x000000c9,201
1710,0x00000084,132
1711,0x000000c6,198
1712,0x00000042,66
1713,0x00000042,66
1714,0x00001157,4439
1715,0x0000020e,526
1716,0x00003b24,15140
1717,0x0001df0a,122634
1718,0x0000ec90,60560
1719,0x00013972,80242
1720,0x0000c105,49413
1721,0x000000ef,239
1722,0x0000041f,1055
1723,0x000002fb,763
1724,0x0000010b,267
1725,0x00000084,132
1726,0x00000084,132
1727,0x00000084,132
1728,0x00001365,4965
1729,0x0001afba,110522
1730,0x00019812,104466
1731,0x0000ec90,60560
1732,0x0000ccd9,52441
1733,0x000000f0,240
1734,0x0000018d,397
1735,0x00000042,66
1736,0x0000041a,1050
1737,0x00000395,917
1738,0x0000010b,267
1739,0x00000084,132
1740,0x00000084,132
1741,0x00000084,132
1742,0x000000b1,177
1743,0x000012b4,4788
1744,0x0000e0bc,57532
1745,0x0001df0a,122634
1746,0x0000f27a,62074
1747,0x00014ef5,85749
1748,0x000000ef,239
1749,0x000000de,222
1750,0x00000605,1541
1751,0x00000042,66
1752,0x000000c9,201
1753,0x00000084,132
1754,0x00000108,264
1755,0x00000042,66
1756,0x0000114a,4426
1757,0x0000020e,526
1758,0x0000410e,16654
1759,0x0001df4c,122700
1760,0x0001a9d0,109008
1761,0x0001374d,79693
1762,0x00000042,66
1763,0x000000ae,174
1764,0x000000df,223
1765,0x00000526,1318
1766,0x0000012e,302
1767,0x000000c6,198
1768,0x00000087,135
1769,0x00000084,132
1770,0x000000c6,198
1771,0x00000042,66
1772,0x0000114a,4426
1773,0x0000020e,526
1774,0x000121ca,74186
1775,0x0001df0a,122634
1776,0x00016eac,93868
1777,0x000091b5,37301
1778,0x00000150,336
1779,0x00000727,1831
1780,0x000000c9,201
1781,0x00000084,132
1782,0x00000084,132
1783,0x00000108,264
1784,0x00000042,66
1785,0x000000b1,177
1786,0x000012b4,4788
1787,0x00001d92,7570
1788,0x0001df0a,122634
1789,0x0001df0a,122634
1790,0x0001258f,75151
1791,0x000000f0,240
1792,0x00000211,529
1793,0x000004e1,1249
1794,0x00000042,66
1795,0x00000084,132
1796,0x00000108,264
1797,0x000000c9,201
1798,0x000000a4,164
1799,0x000012b4,4788
1800,0x0001a3e6,107494
1801,0x0001df0a,122634
1802,0x0001785b,96347
1803,0x000000ae,174
1804,0x0000018c,396
1805,0x00000042,66
1806,0x000000de,222
1807,0x00000604,1540
1808,0x00000084,132
1809,0x000000c9,201
1810,0x00000084,132
1811,0x00000084,132
1812,0x00000042,66
1813,0x00001157,4439
1814,0x0000020e,526
1815,0x0000cefe,52990
1816,0x0001df0a,122634
1817,0x0001df0a,122634
1818,0x00007423,29731
1819,0x00000042,66
1820,0x000000ae,174
1821,0x00000211,529
1822,0x0000020e,526
1823,0x00000308,776
1824,0x000000c9,201
1825,0x00000084,132
1826,0x00000042,66
1827,0x000000c6,198
1828,0x00000084,132
1829,0x000000b1,177
1830,0x000012b4,4788
1831,0x0001cd4c,118092
1832,0x0001df0a,122634
1833,0x000154df,87263
1834,0x000000f0,240
1835,0x000000de,222
1836,0x00000523,1315
1837,0x0000012d,301
1838,0x00000084,132
1839,0x0000010b,267
1840,0x00000084,132
1841,0x00000042,66
1842,0x00000084,132
1843,0x00001157,4439
1844,0x0000020e,526
1845,0x000093da,37850
1846,0x0001df0a,122634
1847,0x0001df0a,122634
1848,0x0000af47,44871
1849,0x000000ef,239
1850,0x00000210,528
1851,0x00000507,1287
1852,0x00000042,66
1853,0x00000084,132
1854,0x0000014d,333
1855,0x00000084,132
1856,0x00000042,66
1857,0x00001358,4952
1858,0x0000410e,16654
1859,0x0001df0a,122634
1860,0x0001e4f4,124148
1861,0x0000fc29,64553
1862,0x000000f0,240
1863,0x000000de,222
1864,0x000005eb,1515
1865,0x0000010b,267
1866,0x00000084,132
1867,0x000000c6,198
1868,0x00000042,66
1869,0x000000b1,177
1870,0x000012b4,4788
1871,0x00013972,80242
1872,0x0001e4f4,124148
1873,0x0001df0a,122634
1874,0x000003c5,965
1875,0x000000ae,174
1876,0x0000018d,397
1877,0x00000042,66
1878,0x0000020f,527
1879,0x00000521,1313
1880,0x000000c9,201
1881,0x00000084,132
1882,0x00000042,66
1883,0x000000c6,198
1884,0x00000042,66
1885,0x00001365,4965
1886,0x000162d8,90840
1887,0x0001e4f4,124148
1888,0x0001b969,113001
1889,0x00000042,66
1890,0x000000ae,174
1891,0x000000df,223
1892,0x00000613,1555
1893,0x0000010b,267
1894,0x00000042,66
1895,0x000000c6,198
1896,0x00000042,66
1897,0x00000042,66
1898,0x00001157,4439
1899,0x0000020e,526
1900,0x000005ea,1514
1901,0x0001e4f4,124148
1902,0x0001df0a,122634
1903,0x0001374d,79693
1904,0x00000042,66
1905,0x000000ae,174
1906,0x000000de,222
1907,0x000005ea,1514
1908,0x00000084,132
1909,0x000000c9,201
1910,0x00000084,132
1911,0x00000084,132
1912,0x00000084,132
1913,0x000000b1,177
1914,0x000012b4,4788
1915,0x00002966,10598
1916,0x0001df0a,122634
1917,0x0001df0a,122634
1918,0x000119bb,72123
1919,0x000000f0,240
1920,0x0000020b,523
1921,0x000004c5,1221
1922,0x00000042,66
1923,0x000000c9,201
1924,0x00000108,264
1925,0x00000042,66
1926,0x00000042,66
1927,0x00001365,4965
1928,0x0000fe4e,65102
1929,0x0001e4f4,124148
1930,0x0001df0a,122634
1931,0x00003ee9,16105
1932,0x00000042,66
1933,0x000000ad,173
1934,0x00000419,1049
1935,0x00000312,786
1936,0x00000042,66
1937,0x0000010b,267
1938,0x00000042,66
1939,0x00000108,264
1940,0x00000084,132
1941,0x00000042,66
1942,0x000000a4,164
1943,0x000012b4,4788
1944,0x00015704,87812
1945,0x0001df0a,122634
1946,0x0001cb27,117543
1947,0x000000f0,240
1948,0x0000018c,396
1949,0x00000042,66
1950,0x0000020e,526
1951,0x000004bf,1215
1952,0x0000010b,267
1953,0x00000042,66
1954,0x00000084,132
1955,0x00000084,132
1956,0x0000068e,1678
1957,0x00000cca,3274
1958,0x0001100c,69644
1959,0x0001df0a,122634
1960,0x0001e4f4,124148
1961,0x00002d2b,11563
1962,0x00000042,66
1963,0x000000ad,173
1964,0x00000719,1817
1965,0x00000042,66
1966,0x0000010b,267
1967,0x00000042,66
1968,0x00000084,132
1969,0x00000084,132
1970,0x000000a4,164
1971,0x000012b4,4788
1972,0x00018c3e,101438
1973,0x0001e4f4,124148
1974,0x00019003,102403
1975,0x00000042,66
1976,0x000000ae,174
1977,0x000006e9,1769
1978,0x00000042,66
1979,0x000000c9,201
1980,0x00000042,66
1981,0x000000c6,198
1982,0x00000084,132
1983,0x00001358,4952
1984,0x0000821c,33308
1985,0x0001df0a,122634
1986,0x0001e4f4,124148
1987,0x0000bb1b,47899
1988,0x000000ef,239
1989,0x0000020c,524
1990,0x00000525,1317
1991,0x0000014d,333
1992,0x00000042,66
1993,0x00000084,132
1994,0x00000042,66
1995,0x00000042,66
1996,0x000000a4,164
1997,0x000012b4,4788
1998,0x00019812,104466
1999,0x0001df0a,122634
2000,0x00018a19,100889
2001,0x00000042,66
2002,0x000000ae,174
2003,0x000000dd,221
2004,0x00000600,1536
2005,0x00000042,66
2006,0x0000010b,267
2007,0x00000084,132
2008,0x00000084,132
2009,0x000000c6,198
2010,0x00001358,4952
2011,0x00015cee,89326
2012,0x0001df0a,122634
2013,0x0001c53d,116029
2014,0x000000f0,240
2015,0x0000018b,395
2016,0x00000042,66
2017,0x00000559,1369
2018,0x0000021b,539
2019,0x00000084,132
2020,0x000000c9,201
2021,0x000000c6,198
2022,0x00000084,132
2023,0x00000042,66
2024,0x0000114a,4426
2025,0x0000020e,526
2026,0x000099c4,39364
2027,0x0001df0a,122634
2028,0x0001e4f4,124148
2029,0x0000a373,41843
2030,0x000000f0,240
2031,0x0000041a,1050
2032,0x000002f8,760
2033,0x00000084,132
2034,0x000000c9,201
2035,0x00000084,132
2036,0x00000042,66
2037,0x0000114a,4426
2038,0x0000020e,526
2039,0x00019dfc,105980
2040,0x0001e4f4,124148
2041,0x00017e45,97861
2042,0x000000ef,239
2043,0x0000020f,527
2044,0x000004b8,1208
2045,0x00000042,66
2046,0x000000c9,201
2047,0x00000084,132
2048,0x00000084,132
2049,0x00000042,66
2050,0x00001358,4952
2051,0x00013f5c,81756
2052,0x0001df0a,122634
2053,0x0001e2cf,123599
2054,0x00000042,66
2055,0x000000ae,174
2056,0x00000548,1352
2057,0x00000268,616
2058,0x00000084,132
2059,0x0000010b,267
2060,0x000000c6,198
2061,0x00000084,132
2062,0x00000042,66
2063,0x00001157,4439
2064,0x0000020e,526
2065,0x0001c762,116578
2066,0x0001df0a,122634
2067,0x00015ac9,88777
2068,0x000000ef,239
2069,0x0000020a,522
2070,0x00000553,1363
2071,0x00000084,132
2072,0x000000c9,201
2073,0x00000042,66
2074,0x00000084,132
2075,0x00000084,132
2076,0x00001365,4965
2077,0x0001a3e6,107494
2078,0x0001df0a,122634
2079,0x00017e45,97861
2080,0x000000ef,239
2081,0x0000018b,395
2082,0x00000042,66
2083,0x000006c4,1732
2084,0x00000084,132
2085,0x000000c9,201
2086,0x00000084,132
2087,0x00000042,66
2088,0x00000042,66
2089,0x000000b1,177
2090,0x000010a6,4262
2091,0x00013596,79254
2092,0x0001df0a,122634
2093,0x0001df0a,122634
2094,0x00000f99,3993
2095,0x000000ef,239
2096,0x000000dd,221
2097,0x00000477,1143
2098,0x0000020b,523
2099,0x0000014d,333
2100,0x00000084,132
2101,0x00000084,132
2102,0x00000042,66
2103,0x000000a4,164
2104,0x000012b4,4788
2105,0x00019228,102952
2106,0x0001df0a,122634
2107,0x00019003,102403
2108,0x00000042,66
2109,0x0000004a,74
2110,0x000000ad,173
2111,0x0000020e,526
2112,0x000004b5,1205
2113,0x000000c9,201
2114,0x00000042,66
2115,0x00000084,132
2116,0x00000084,132
2117,0x00000042,66
2118,0x000000a4,164
2119,0x000012b4,4788
2120,0x00008df0,36336
2121,0x0001e4f4,124148
2122,0x0001df0a,122634
2123,0x0000af47,44871
2124,0x00000042,66
2125,0x000000ad,173
2126,0x0000020e,526
2127,0x000004d8,1240
2128,0x0000010b,267
2129,0x00000042,66
2130,0x00000084,132
2131,0x00000084,132
2132,0x00000042,66
2133,0x00001358,4952
2134,0x0000ec90,60560
2135,0x0001df0a,122634
2136,0x0001df0a,122634
2137,0x00005691,22161
2138,0x00000042,66
2139,0x000000ae,174
2140,0x00000711,1809
2141,0x00000084,132
2142,0x000000c9,201
2143,0x00000084,132
2144,0x00000042,66
2145,0x00000042,66
2146,0x000000b1,177
2147,0x000012b4,4788
2148,0x000115f6,71158
2149,0x0001df0a,122634
2150,0x0001df0a,122634
2151,0x00002d2b,11563
2152,0x000000f0,240
2153,0x0000018b,395
2154,0x00000042,66
2155,0x0000041b,1051
2156,0x00000346,838
2157,0x00000087,135
2158,0x00000084,132
2159,0x00000042,66
2160,0x00000108,264
2161,0x000000c6,198
2162,0x000000b1,177
2163,0x000010a6,4262
2164,0x00002b74,11124
2165,0x0001df0a,122634
2166,0x0001df0a,122634
2167,0x000119bb,72123
2168,0x000000ef,239
2169,0x0000041b,1051
2170,0x00000396,918
2171,0x0000010b,267
2172,0x00000042,66
2173,0x00000084,132
2174,0x00000042,66
2175,0x00000042,66
2176,0x00001157,4439
2177,0x0000020e,526
2178,0x0000410e,16654
2179,0x0001df0a,122634
2180,0x0001df0a,122634
2181,0x00010213,66067
2182,0x00000100,256
2183,0x00000042,66
2184,0x00000211,529
2185,0x00000557,1367
2186,0x00000042,66
2187,0x00000042,66
2188,0x00000108,264
2189,0x000000c9,201
2190,0x00000042,66
2191,0x0000114a,4426
2192,0x0000020e,526
2193,0x0001c762,116578
2194,0x0001df0a,122634
2195,0x00015ac9,88777
2196,0x00000042,66
2197,0x000000ae,174
2198,0x00000419,1049
2199,0x00000313,787
2200,0x00000084,132
2201,0x000000c9,201
2202,0x000000c6,198
2203,0x00000084,132
2204,0x0000114a,4426
2205,0x0000431c,17180
2206,0x0001df0a,122634
2207,0x0001e4f4,124148
2208,0x0000fc29,64553
2209,0x00000042,66
2210,0x000000ad,173
2211,0x0000041d,1053
2212,0x00000349,841
2213,0x00000084,132
2214,0x000000c9,201
2215,0x00000042,66
2216,0x000000c6,198
2217,0x00000042,66
2218,0x0000114a,4426
2219,0x0000020e,526
2220,0x000058b6,22710
2221,0x0001df0a,122634
2222,0x0001df0a,122634
2223,0x0000ea6b,60011
2224,0x000000ef,239
2225,0x000000df,223
2226,0x000000ae,174
2227,0x00000042,66
2228,0x0000020f,527
2229,0x000004b9,1209
2230,0x00000042,66
2231,0x000000c9,201
2232,0x00000042,66
2233,0x00000084,132
2234,0x00000084,132
2235,0x000000a4,164
2236,0x000012b4,4788
2237,0x00013f5c,81756
2238,0x0001df0a,122634
2239,0x0001e2cf,123599
2240,0x00000042,66
2241,0x000000ae,174
2242,0x000006d5,1749
2243,0x00000084,132
2244,0x0000014d,333
2245,0x00000084,132
2246,0x00000084,132
2247,0x0000114a,4426
2248,0x0000020e,526
2249,0x0001b5a4,112036
2250,0x0001e4f4,124148
2251,0x0001669d,91805
2252,0x00000042,66
2253,0x000000ae,174
2254,0x000000de,222
2255,0x0000033d,829
2256,0x00000312,786
2257,0x00000084,132
2258,0x000000c9,201
2259,0x00000042,66
2260,0x000000c6,198
2261,0x00000084,132
2262,0x00000042,66
2263,0x00001365,4965
2264,0x00019812,104466
2265,0x0001df0a,122634
2266,0x00018a19,100889
2267,0x00002413,9235
2268,0x000000dd,221
2269,0x00000563,1379
2270,0x0000012e,302
2271,0x00000042,66
2272,0x00000084,132
2273,0x0000014d,333
2274,0x00000084,132
2275,0x00000042,66
2276,0x00001358,4952
2277,0x00000042,66
2278,0x00005ea0,24224
2279,0x0001e4f4,124148
2280,0x0001df0a,122634
2281,0x0000df6a,57194
2282,0x0000012e,302
2283,0x000004bb,1211
2284,0x00000042,66
2285,0x00000139,313
2286,0x000000c6,198
2287,0x000001cb,459
2288,0x000001b3,435
2289,0x00000446,1094
2290,0x000006b1,1713
2291,0x0000014a,330
2292,0x0000018f,399
2293,0x00000042,66
2294,0x00000108,264
2295,0x000000c6,198
2296,0x00000108,264
2297,0x00000084,132
2298,0x00000084,132
2299,0x00000c85,3205
2300,0x000009b6,2486
2301,0x0000ba2c,47660
2302,0x0001df4c,122700
2303,0x0001e15c,123228
2304,0x00008bcb,35787
2305,0x0000035a,858
2306,0x00000042,66
2307,0x000000ae,174
2308,0x0000018c,396
2309,0x00000042,66
2310,0x000000de,222
2311,0x000005f7,1527
2312,0x00000042,66
2313,0x000000c9,201
2314,0x000000c6,198
2315,0x00000042,66
2316,0x00000084,132
2317,0x00001358,4952
2318,0x000052cc,21196
2319,0x0001e4f4,124148
2320,0x0001df0a,122634
2321,0x0000ea6b,60011
2322,0x00000042,66
2323,0x000000ae,174
2324,0x0000020c,524
2325,0x000004e2,1250
2326,0x0000010b,267
2327,0x00000042,66
2328,0x00000084,132
2329,0x000000c6,198
2330,0x0000114a,4426
2331,0x0000e8b4,59572
2332,0x0001e4f4,124148
2333,0x0001df0a,122634
2334,0x00005691,22161
2335,0x00000042,66
2336,0x000000ae,174
2337,0x0000020c,524
2338,0x000004d0,1232
2339,0x00000042,66
2340,0x000000c9,201
2341,0x00000084,132
2342,0x00000042,66
2343,0x000000c6,198
2344,0x000000a4,164
2345,0x000012b4,4788
2346,0x00004ce2,19682
2347,0x0001df0a,122634
2348,0x0001df0a,122634
2349,0x0000f63f,63039
2350,0x000000ef,239
2351,0x0000020b,523
2352,0x000004d2,1234
2353,0x0000010b,267
2354,0x00000084,132
2355,0x000000c6,198
2356,0x00000084,132
2357,0x000000b1,177
2358,0x000012b4,4788
2359,0x0000e6a6,59046
2360,0x0001df0a,122634
2361,0x0001df0a,122634
2362,0x00005c7b,23675
2363,0x00000042,66
2364,0x000000ad,173
2365,0x00000211,529
2366,0x00000516,1302
2367,0x00000042,66
2368,0x000000c9,201
2369,0x00000042,66
2370,0x000000c6,198
2371,0x00000084,132
2372,0x000000a4,164
2373,0x000012b4,4788
2374,0x00014546,83270
2375,0x0001e4f4,124148
2376,0x0001d6fb,120571
2377,0x000001ce,462
2378,0x000000ae,174
2379,0x00000042,66
2380,0x0000020e,526
2381,0x000004e4,1252
2382,0x0000010b,267
2383,0x00000042,66
2384,0x000000c6,198
2385,0x00000084,132
2386,0x00000042,66
2387,0x00001358,4952
2388,0x00013f5c,81756
2389,0x0001df0a,122634
2390,0x0001e2cf,123599
2391,0x00000042,66
2392,0x000000ae,174
2393,0x000005fe,1534
2394,0x0000012d,301
2395,0x00000084,132
2396,0x00000087,135
2397,0x00000084,132
2398,0x00000042,66
2399,0x00000084,132
2400,0x0000114a,4426
2401,0x0000020e,526
2402,0x000093da,37850
2403,0x0001df0a,122634
2404,0x0001e4f4,124148
2405,0x0000a95d,43357
2406,0x000000a4,164
2407,0x000035d2,13778
2408,0x00000184,388
2409,0x0000020e,526
2410,0x000004da,1242
2411,0x0000010b,267
2412,0x00000084,132
2413,0x00000108,264
2414,0x000035be,13758
2415,0x000017ea,6122
2416,0x00005ea0,24224
2417,0x00002f50,12112
2418,0x0000e16d,57709
2419,0x000012b4,4788
2420,0x0000d4e8,54504
2421,0x00015326,86822
2422,0x0001e410,123920
2423,0x0001df0a,122634
2424,0x0001d19d,119197
2425,0x0000927b,37499
2426,0x000000c6,198
2427,0x0000020d,525
2428,0x00000260,608
2429,0x000001b5,437
2430,0x00000173,371
2431,0x0000014a,330
2432,0x00000042,66
2433,0x0000041a,1050
2434,0x00000311,785
2435,0x00000158,344
2436,0x00000625,1573
2437,0x00000084,132
2438,0x00000084,132
2439,0x000003e1,993
2440,0x000000c6,198
2441,0x0000039c,924
2442,0x00000042,66
2443,0x000014e6,5350
2444,0x0000020e,526
2445,0x0001070e,67342
2446,0x0001e012,122898
2447,0x0001df4c,122700
2448,0x000041bf,16831
2449,0x00000210,528
2450,0x00000084,132
2451,0x00000108,264
2452,0x0000014a,330
2453,0x00000042,66
2454,0x000000b1,177
2455,0x000012b4,4788
2456,0x0001100c,69644
2457,0x000058b6,22710
2458,0x00007c32,31794
2459,0x0000ec90,60560
2460,0x00002f50,12112
2461,0x0001511a,86298
2462,0x000017a8,6056
2463,0x0000979f,38815
2464,0x00000132,306
2465,0x00000239,569
2466,0x00000042,66
2467,0x00000805,2053
2468,0x000005e5,1509
2469,0x00000042,66
2470,0x0000010b,267
2471,0x0000039f,927
2472,0x00000294,660
2473,0x000000c6,198
2474,0x0000035a,858
2475,0x000001ce,462
2476,0x0000039c,924
2477,0x000001ce,462
2478,0x00001575,5493
2479,0x000001ce,462
2480,0x000003de,990
2481,0x00019f88,106376
2482,0x0001dc7a,121978
2483,0x00018a9d,101021
2484,0x00000042,66
2485,0x00001358,4952
2486,0x000000ae,174
2487,0x00008806,34822
2488,0x00011be0,72672
2489,0x000011be,4542
2490,0x00017b78,97144
2491,0x00003b24,15140
2492,0x0000bd40,48448
2493,0x0000dfa2,57250
2494,0x00000042,66
2495,0x00000084,132
2496,0x00000084,132
2497,0x000000ef,239
2498,0x000000b1,177
2499,0x000014b7,5303
2500,0x0000050a,1290
2501,0x000127b4,75700
2502,0x0001e15c,123228
2503,0x0001dc7d,121981
2504,0x0000225f,8799
2505,0x00000462,1122
2506,0x000000c6,198
2507,0x000003de,990
2508,0x000000f0,240
2509,0x000004e6,1254
2510,0x00000120,288
2511,0x00000804,2052
2512,0x00000084,132
2513,0x00000087,135
2514,0x00000084,132
2515,0x000000c6,198
2516,0x00000042,66
2517,0x00001157,4439
2518,0x0000020e,526
2519,0x0001342c,78892
2520,0x0000b84c,47180
2521,0x00014546,83270
2522,0x0001df0a,122634
2523,0x0001df0a,122634
2524,0x0001e4f4,124148
2525,0x000140fc,82172
2526,0x00000084,132
2527,0x000000ae,174
2528,0x0000015b,347
2529,0x000000de,222
2530,0x00000042,66
2531,0x0000020a,522
2532,0x00000598,1432
2533,0x000005ec,1516
2534,0x0000010b,267
2535,0x00000084,132
2536,0x00000210,528
2537,0x000003de,990
2538,0x00000252,594
2539,0x00000318,792
2540,0x0000035d,861
2541,0x000002d6,726
2542,0x00001157,4439
2543,0x00000318,792
2544,0x00007e82,32386
2545,0x0001df8e,122766
2546,0x0001e4f4,124148
2547,0x0000c105,49413
2548,0x00001358,4952
2549,0x00000042,66
2550,0x000110b9,69817
2551,0x000115f6,71158
2552,0x0000cefe,52990
2553,0x00012e7d,77437
2554,0x00000656,1622
2555,0x0000de97,56983
2556,0x00000042,66
2557,0x000000c9,201
2558,0x000000c6,198
2559,0x00000084,132
2560,0x00000132,306
2561,0x000000d3,211
2562,0x0000194b,6475
2563,0x00000087,135
2564,0x0000fb3a,64314
2565,0x0001df4c,122700
2566,0x0001e222,123426
2567,0x00004aff,19199
2568,0x00000042,66
2569,0x000002d6,726
2570,0x00000084,132
2571,0x000000ae,174
2572,0x000000b1,177
2573,0x000019c5,6597
2574,0x00010438,66616
2575,0x0001635c,90972
2576,0x0000010b,267
2577,0x0000593a,22842
2578,0x0001df4c,122700
2579,0x0000410e,16654
2580,0x00002157,8535
2581,0x0000114a,4426
2582,0x0001cd4c,118092
2583,0x0001df0a,122634
2584,0x000156ab,87723
2585,0x00000131,305
2586,0x000000ae,174
2587,0x000000df,223
2588,0x000000ad,173
2589,0x000003c0,960
2590,0x000002fa,762
2591,0x00000670,1648
2592,0x0000083b,2107
2593,0x00000042,66
2594,0x0000035d,861
2595,0x00000108,264
2596,0x0000014a,330
2597,0x00000210,528
2598,0x00000210,528
2599,0x00001358,4952
2600,0x0000b105,45317
2601,0x0001e118,123160
2602,0x0001df0a,122634
2603,0x0001bf53,114515
2604,0x00018c3e,101438
2605,0x0000b756,46934
2606,0x0001511a,86298
2607,0x000050a7,20647
2608,0x000000ef,239
2609,0x000000ef,239
2610,0x000000de,222
2611,0x00000634,1588
2612,0x00000203,515
2613,0x0000055b,1371
2614,0x000000c9,201
2615,0x000000c6,198
2616,0x000003de,990
2617,0x000005ee,1518
2618,0x000003e1,993
2619,0x000000c6,198
2620,0x00000318,792
2621,0x00000318,792
2622,0x0000139a,5018
2623,0x00007648,30280
2624,0x0001df0a,122634
2625,0x0001dfae,122798
2626,0x0000df8d,57229
2627,0x00013388,78728
2628,0x0001afba,110522
2629,0x000029a8,10664
2630,0x0001dfb7,122807
2631,0x00001583,5507
2632,0x000005ea,1514
2633,0x0000012e,302
2634,0x0000014d,333
2635,0x00000084,132
2636,0x000000c6,198
2637,0x00000042,66
2638,0x000000b1,177
2639,0x000012b4,4788
2640,0x000127b4,75700
2641,0x0001df0a,122634
2642,0x0001df0a,122634
2643,0x00001b6d,7021
2644,0x000001cf,463
2645,0x0000015c,348
2646,0x00000042,66
2647,0x000004af,1199
2648,0x0000092f,2351
2649,0x0000014d,333
2650,0x00000297,663
2651,0x000003de,990
2652,0x000000c6,198
2653,0x00000084,132
2654,0x000004e6,1254
2655,0x00000318,792
2656,0x000000c6,198
2657,0x0000114a,4426
2658,0x00001157,4439
2659,0x0000c746,51014
2660,0x0001e4f4,124148
2661,0x0001df0a,122634
2662,0x0001df0a,122634
2663,0x0001c53d,116029
2664,0x00014546,83270
2665,0x000091b5,37301
2666,0x00000131,305
2667,0x000000ae,174
2668,0x000000dd,221
2669,0x00000cf7,3319
2670,0x00000084,132
2671,0x000000c9,201
2672,0x0000014d,333
2673,0x00000108,264
2674,0x00000108,264
2675,0x00000108,264
2676,0x000000c6,198
2677,0x0000014a,330
2678,0x00001157,4439
2679,0x0000020e,526
2680,0x00010a22,68130
2681,0x0001df0a,122634
2682,0x0001e0a4,123044
2683,0x00004abd,19133
2684,0x0000b16c,45420
2685,0x0001df0a,122634
2686,0x00014588,83336
2687,0x00012c25,76837
2688,0x000000de,222
2689,0x0000041f,1055
2690,0x0000021b,539
2691,0x00000084,132
2692,0x00000087,135
2693,0x00000084,132
2694,0x00000042,66
2695,0x00000084,132
2696,0x00001358,4952
2697,0x00007c32,31794
2698,0x0001df0a,122634
2699,0x0001e4f4,124148
2700,0x0000c105,49413
2701,0x000000f0,240
2702,0x000001cc,460
2703,0x000000ae,174
2704,0x00000042,66
2705,0x000002de,734
2706,0x00000afa,2810
2707,0x00000084,132
2708,0x0000029a,666
2709,0x000000c6,198
2710,0x000000c6,198
2711,0x0000014a,330
2712,0x00000108,264
2713,0x00000084,132
2714,0x00000042,66
2715,0x000000a4,164
2716,0x000023fe,9214
2717,0x0000020e,526
2718,0x00017496,95382
2719,0x0001df0a,122634
2720,0x0001df0a,122634
2721,0x0001df0a,122634
2722,0x0001e2cf,123599
2723,0x00010de7,69095
2724,0x00000131,305
2725,0x000000ad,173
2726,0x000000a4,164
2727,0x000000df,223
2728,0x0000067a,1658
2729,0x00000716,1814
2730,0x000011f3,4595
2731,0x00000210,528
2732,0x0000018f,399
2733,0x000000c6,198
2734,0x0000014a,330
2735,0x00000108,264
2736,0x0000073f,1855
2737,0x0000218c,8588
2738,0x0001cd4c,118092
2739,0x0001e4f4,124148
2740,0x0001df0a,122634
2741,0x0001df0a,122634
2742,0x0001df0a,122634
2743,0x0000e846,59462
2744,0x00007648,30280
2745,0x000023be,9150
2746,0x0000d596,54678
2747,0x000046f8,18168
2748,0x0000b16c,45420
2749,0x00010269,66153
2750,0x00000305,773
2751,0x0001100c,69644
2752,0x0000010b,267
2753,0x00005715,22293
2754,0x00000042,66
2755,0x000000c6,198
2756,0x00000042,66
2757,0x00001365,4965
2758,0x00011be0,72672
2759,0x0001df0a,122634
2760,0x0001df0a,122634
2761,0x00002157,8535
2762,0x000000ef,239
2763,0x0000027a,634
2764,0x000001c3,451
2765,0x000007ae,1966
2766,0x00000522,1314
2767,0x00000084,132
2768,0x0000018f,399
2769,0x0000018c,396
2770,0x00000108,264
2771,0x000001d1,465
2772,0x0000018c,396
2773,0x00000042,66
2774,0x00000042,66
2775,0x00000337,823
2776,0x000028d6,10454
2777,0x00000292,658
2778,0x00018d46,101702
2779,0x0001dfd0,122832
2780,0x0001df8e,122766
2781,0x0001e015,122901
2782,0x0001dfd0,122832
2783,0x0000fb4e,64334
2784,0x00000042,66
2785,0x00000084,132
2786,0x000001e0,480
2787,0x00001358,4952
2788,0x000008c4,2244
2789,0x00011afb,72443
2790,0x00000bd4,3028
2791,0x00010a64,68196
2792,0x000001d4,468
2793,0x00002ab0,10928
2794,0x00011740,71488
2795,0x0000014a,330
2796,0x00000108,264
2797,0x00006b3a,27450
2798,0x0000e0bc,57532
2799,0x00004abd,19133
2800,0x000011fb,4603
2801,0x000014c2,5314
2802,0x0000bd40,48448
2803,0x0001df0a,122634
2804,0x0001e4f4,124148
2805,0x0001df0a,122634
2806,0x0001e2cf,123599
2807,0x0001bf53,114515
2808,0x000000c6,198
2809,0x00000208,520
2810,0x000000ad,173
2811,0x000000de,222
2812,0x00000042,66
2813,0x00000a03,2563
2814,0x000005eb,1515
2815,0x00000521,1313
2816,0x0000018c,396
2817,0x00000252,594
2818,0x0000029a,666
2819,0x00000108,264
2820,0x0000018c,396
2821,0x0000018f,399
2822,0x00000108,264
2823,0x0000014a,330
2824,0x00001358,4952
2825,0x0000d59d,54685
2826,0x0001e576,124278
2827,0x0001df0a,122634
2828,0x0001def3,122611
2829,0x0001df0a,122634
2830,0x0001e4f4,124148
2831,0x0001dce5,122085
2832,0x0000fe90,65168
2833,0x00003bd2,15314
2834,0x0000d4e8,54504
2835,0x000064cc,25804
2836,0x00009e37,40503
2837,0x000005f2,1522
2838,0x00000130,304
2839,0x00000120,288
2840,0x0000075e,1886
2841,0x0000018c,396
2842,0x0000018f,399
2843,0x00000108,264
2844,0x000000c6,198
2845,0x00000108,264
2846,0x00000042,66
2847,0x00001157,4439
2848,0x0000020e,526
2849,0x000185ed,99821
2850,0x0001df0a,122634
2851,0x0001e118,123160
2852,0x0001e2cf,123599
2853,0x0001df0a,122634
2854,0x00010de7,69095
2855,0x000000f0,240
2856,0x0000027a,634
2857,0x000000ad,173
2858,0x00000042,66
2859,0x000002e2,738
2860,0x00000ace,2766
2861,0x000006bc,1724
2862,0x0000010b,267
2863,0x0000018c,396
2864,0x00000210,528
2865,0x000001d1,465
2866,0x00000213,531
2867,0x0000018c,396
2868,0x0000014a,330
2869,0x00000108,264
2870,0x000001ee,494
2871,0x000012b4,4788
2872,0x00017a0c,96780
2873,0x0001e0a4,123044
2874,0x0001cd35,118069
2875,0x00018c3e,101438
2876,0x0001df0a,122634
2877,0x0001df0a,122634
2878,0x0001e2cf,123599
2879,0x000139b4,80308
2880,0x0000ed3e,60734
2881,0x000058b6,22710
2882,0x00005691,22161
2883,0x00000042,66
2884,0x000002b0,688
2885,0x000004cb,1227
2886,0x000001a7,423
2887,0x0000078d,1933
2888,0x000000c6,198
2889,0x0000014a,330
2890,0x000000c9,201
2891,0x00000108,264
2892,0x00000042,66
2893,0x00000128,296
2894,0x000012b4,4788
2895,0x0001b655,112213
2896,0x0001e000,122880
2897,0x00017e45,97861
2898,0x0001a3e6,107494
2899,0x0001df0a,122634
2900,0x00017e45,97861
2901,0x00000131,305
2902,0x0000027c,636
2903,0x000000ae,174
2904,0x00000042,66
2905,0x00000925,2341
2906,0x00000bab,2987
2907,0x00000084,132
2908,0x0000029a,666
2909,0x0000014a,330
2910,0x0000014a,330
2911,0x0000014a,330
2912,0x00000252,594
2913,0x0000014a,330
2914,0x0000018c,396
2915,0x0000014a,330
2916,0x0000010b,267
2917,0x00001358,4952
2918,0x00004684,18052
2919,0x0001b1c8,111048
2920,0x0000cefe,52990
2921,0x0001dfbb,122811
2922,0x0001e5ea,124394
2923,0x0001df0a,122634
2924,0x0001dce5,122085
2925,0x0001e2cf,123599
2926,0x0001df0a,122634
2927,0x00011fa5,73637
2928,0x000000ef,239
2929,0x00000042,66
2930,0x000000ae,174
2931,0x00000203,515
2932,0x000004be,1214
2933,0x00000634,1588
2934,0x00000238,568
2935,0x000001ce,462
2936,0x00000108,264
2937,0x00000297,663
2938,0x00000084,132
2939,0x00000042,66
2940,0x00000114,276
2941,0x00000108,264
2942,0x000011a5,4517
2943,0x0000020e,526
2944,0x0001c909,117001
2945,0x0001df0a,122634
2946,0x0001b37f,111487
2947,0x0001df0a,122634
2948,0x000017a8,6056
2949,0x00014546,83270
2950,0x0000f864,63588
2951,0x000085e1,34273
2952,0x00000084,132
2953,0x000001e0,480
2954,0x000000ad,173
2955,0x0000018d,397
2956,0x000000d3,211
2957,0x000005d9,1497
2958,0x0000020c,524
2959,0x0000074b,1867
2960,0x000007ab,1963
2961,0x00000108,264
2962,0x0000014a,330
2963,0x00000087,135
2964,0x0000014a,330
2965,0x00000084,132
2966,0x00000275,629
2967,0x0000137a,4986
2968,0x00000042,66
2969,0x00018c80,101504
2970,0x0001dfae,122798
2971,0x0001a8a1,108705
2972,0x00001358,4952
2973,0x000121ca,74186
2974,0x0001df4c,122700
2975,0x0001df0a,122634
2976,0x0001dfb7,122807
2977,0x00019bd7,105431
2978,0x00010a22,68130
2979,0x00009d72,40306
2980,0x0000013b,315
2981,0x000000ef,239
2982,0x0000010b,267
2983,0x00000108,264
2984,0x0000018c,396
2985,0x000001e7,487
2986,0x00000649,1609
2987,0x00000087,135
2988,0x00000084,132
2989,0x000013e9,5097
2990,0x000000c6,198
2991,0x000174d8,95448
2992,0x0001e4f4,124148
2993,0x0001a7ab,108459
2994,0x000000b1,177
2995,0x000012b4,4788
2996,0x0001afba,110522
2997,0x0001df0a,122634
2998,0x00017271,94833
2999,0x00000042,66
3000,0x000001cf,463
3001,0x0000020a,522
3002,0x00000042,66
3003,0x000001b0,432
3004,0x000011c9,4553
3005,0x0000012d,301
3006,0x00000084,132
3007,0x00000216,534
3008,0x0000018c,396
3009,0x00000224,548
3010,0x000000c6,198
3011,0x00000210,528
3012,0x000000c6,198
3013,0x00000108,264
3014,0x00000108,264
3015,0x00000042,66
3016,0x00001199,4505
3017,0x0000020e,526
3018,0x0001c79f,116639
3019,0x0001e20e,123406
3020,0x0001df0a,122634
3021,0x0001e2cf,123599
3022,0x0001df0a,122634
3023,0x0001df0a,122634
3024,0x0001e2cf,123599
3025,0x0001dff9,122873
3026,0x00003ee9,16105
3027,0x00000042,66
3028,0x00000668,1640
3029,0x000000ad,173
3030,0x0000014a,330
3031,0x00000213,531
3032,0x0000014a,330
3033,0x0000020e,526
3034,0x00000211,529
3035,0x00000314,788
3036,0x000000c9,201
3037,0x00000042,66
3038,0x0000139a,5018
3039,0x00000084,132
3040,0x000017ea,6122
3041,0x0001df0a,122634
3042,0x0001df0a,122634
3043,0x00012b79,76665
3044,0x00001365,4965
3045,0x00007c32,31794
3046,0x0001e4f4,124148
3047,0x0001df0a,122634
3048,0x0000c105,49413
3049,0x00000084,132
3050,0x00000328,808
3051,0x000000ae,174
3052,0x00000042,66
3053,0x00000b65,2917
3054,0x0000092d,2349
3055,0x00000042,66
3056,0x00000108,264
3057,0x00000213,531
3058,0x000001ce,462
3059,0x000000c6,198
3060,0x0000018c,396
3061,0x0000014a,330
3062,0x00000255,597
3063,0x00000108,264
3064,0x00000042,66
3065,0x0000011c,284
3066,0x00001365,4965
3067,0x00000053,83
3068,0x00013f5c,81756
3069,0x0001e524,124196
3070,0x0001dc24,121892
3071,0x000085e1,34273
3072,0x0001e4f4,124148
3073,0x0001df0a,122634
3074,0x0001df0a,122634
3075,0x0001e2cf,123599
3076,0x0001dff9,122873
3077,0x00003ee9,16105
3078,0x0000076e,1902
3079,0x000000ad,173
3080,0x000000c9,201
3081,0x00000084,132
3082,0x00000246,582
3083,0x00000583,1411
3084,0x0000010b,267
3085,0x00000230,560
3086,0x000013bc,5052
3087,0x000012c6,4806
3088,0x0001df0a,122634
3089,0x0001df0a,122634
3090,0x00013163,78179
3091,0x000000b1,177
3092,0x000012b4,4788
3093,0x00008df0,36336
3094,0x0001df0a,122634
3095,0x0001df0a,122634
3096,0x0000b531,46385
3097,0x00000132,306
3098,0x0000027b,635
3099,0x000000ae,174
3100,0x00000042,66
3101,0x000007f8,2040
3102,0x00000438,1080
3103,0x0000020e,526
3104,0x00000285,645
3105,0x00000794,1940
3106,0x0000018c,396
3107,0x00000042,66
3108,0x000000c6,198
3109,0x00000213,531
3110,0x0000018c,396
3111,0x0000014a,330
3112,0x0000125f,4703
3113,0x00000316,790
3114,0x00008806,34822
3115,0x0001df0a,122634
3116,0x0001e03d,122941
3117,0x0000e0a5,57509
3118,0x0000ab82,43906
3119,0x0001df0a,122634
3120,0x0001df0a,122634
3121,0x0001e4f4,124148
3122,0x0001df4c,122700
3123,0x0001d584,120196
3124,0x000004d2,1234
3125,0x0000012d,301
3126,0x000002a4,676
3127,0x00000042,66
3128,0x00000042,66
3129,0x00000084,132
3130,0x00000084,132
3131,0x000006fd,1789
3132,0x00000084,132
3133,0x000001d1,465
3134,0x0000142b,5163
3135,0x000000c6,198
3136,0x000099c4,39364
3137,0x0001e4f4,124148
3138,0x0001df0a,122634
3139,0x0000a417,42007
3140,0x000012b4,4788
3141,0x000046f8,18168
3142,0x0001e4f4,124148
3143,0x0001df0a,122634
3144,0x0000f63f,63039
3145,0x000002ce,718
3146,0x0000018b,395
3147,0x000007de,2014
3148,0x000005ea,1514
3149,0x000006f0,1776
3150,0x000000c6,198
3151,0x000001d1,465
3152,0x000000c6,198
3153,0x0000018c,396
3154,0x0000018c,396
3155,0x00000084,132
3156,0x00000213,531
3157,0x000000c6,198
3158,0x000000c6,198
3159,0x000001d1,465
3160,0x00001358,4952
3161,0x0000705e,28766
3162,0x0001e0a4,123044
3163,0x0001e0a4,123044
3164,0x0001e2cf,123599
3165,0x0001df0a,122634
3166,0x0001df0a,122634
3167,0x0001df0a,122634
3168,0x0001dce5,122085
3169,0x000196dd,104157
3170,0x00000042,66
3171,0x000006c1,1729
3172,0x000000ae,174
3173,0x000000c9,201
3174,0x00000084,132
3175,0x0000018c,396
3176,0x00000042,66
3177,0x0000061c,1564
3178,0x0000028f,655
3179,0x0000014d,333
3180,0x00000084,132
3181,0x0000142b,5163
3182,0x00000084,132
3183,0x0000e0bc,57532
3184,0x0001df0a,122634
3185,0x00019812,104466
3186,0x0000bab4,47796
3187,0x0000020e,526
3188,0x00011be0,72672
3189,0x0001e4f4,124148
3190,0x0001df0a,122634
3191,0x00002157,8535
3192,0x00000132,306
3193,0x000002e7,743
3194,0x00000042,66
3195,0x00000d84,3460
3196,0x000006cb,1739
3197,0x00000042,66
3198,0x0000014a,330
3199,0x00000360,864
3200,0x00000108,264
3201,0x00000210,528
3202,0x0000018c,396
3203,0x0000018c,396
3204,0x00000213,531
3205,0x00000108,264
3206,0x00000084,132
3207,0x0000114a,4426
3208,0x00001573,5491
3209,0x00001365,4965
3210,0x0001c178,115064
3211,0x0001df0a,122634
3212,0x0001df0a,122634
3213,0x0001e4f4,124148
3214,0x0001dce5,122085
3215,0x0001e4f4,124148
3216,0x0001dce5,122085
3217,0x0001df0a,122634
3218,0x00002246,8774
3219,0x000000f0,240
3220,0x000000d3,211
3221,0x00000598,1432
3222,0x0000020a,522
3223,0x000006a4,1700
3224,0x00000108,264
3225,0x000001ce,462
3226,0x00000297,663
3227,0x00000108,264
3228,0x0000014a,330
3229,0x00000108,264
3230,0x000000f3,243
3231,0x000012b4,4788
3232,0x000145ea,83434
3233,0x0001e000,122880
3234,0x0001df0a,122634
3235,0x0001e2cf,123599
3236,0x0001df0a,122634
3237,0x00014ef5,85749
3238,0x00000084,132
3239,0x000000f0,240
3240,0x000002e5,741
3241,0x00000042,66
3242,0x000000d4,212
3243,0x00000e3c,3644
3244,0x0000064e,1614
3245,0x00000084,132
3246,0x000001d1,465
3247,0x00000266,614
3248,0x0000014a,330
3249,0x00000273,627
3250,0x000000c6,198
3251,0x0000014a,330
3252,0x00000084,132
3253,0x0000121d,4637
3254,0x00000370,880
3255,0x000028f2,10482
3256,0x0001e1b4,123316
3257,0x0001dfae,122798
3258,0x0001e000,122880
3259,0x0001e2cf,123599
3260,0x0001df0a,122634
3261,0x0001e2cf,123599
3262,0x0001df4c,122700
3263,0x0001dd93,122259
3264,0x000000f0,240
3265,0x00000201,513
3266,0x000004d4,1236
3267,0x00000211,529
3268,0x00000729,1833
3269,0x00000108,264
3270,0x00000213,531
3271,0x00000084,132
3272,0x00000084,132
3273,0x00000042,66
3274,0x000000c6,198
3275,0x00001157,4439
3276,0x0000020e,526
3277,0x000093da,37850
3278,0x0001e48d,124045
3279,0x0001e118,123160
3280,0x00015ac9,88777
3281,0x0001e4f4,124148
3282,0x0001df0a,122634
3283,0x00009d89,40329
3284,0x000001d3,467
3285,0x000002e6,742
3286,0x00000042,66
3287,0x000000dd,221
3288,0x00001126,4390
3289,0x00000356,854
3290,0x00000042,66
3291,0x00000087,135
3292,0x000000c6,198
3293,0x00000213,531
3294,0x000001ce,462
3295,0x0000021f,543
3296,0x00000318,792
3297,0x00000210,528
3298,0x00000294,660
3299,0x0000018c,396
3300,0x000000c6,198
3301,0x00000042,66
3302,0x00001358,4952
3303,0x00007102,28930
3304,0x0001dbbd,121789
3305,0x0001e4f4,124148
3306,0x0000f63f,63039
3307,0x000127b4,75700
3308,0x0001e4f4,124148
3309,0x0001df0a,122634
3310,0x0001df0a,122634
3311,0x0001df4c,122700
3312,0x00015951,88401
3313,0x000000d4,212
3314,0x00000621,1569
3315,0x000000ad,173
3316,0x000001d1,465
3317,0x0000014a,330
3318,0x0000014a,330
3319,0x00000084,132
3320,0x000000de,222
3321,0x00000639,1593
3322,0x000000e6,230
3323,0x00001443,5187
3324,0x00000c58,3160
3325,0x0001e5fc,124412
3326,0x0001df4c,122700
3327,0x0001326b,78443
3328,0x00000084,132
3329,0x00000042,66
3330,0x00001358,4952
3331,0x0001b5a4,112036
3332,0x0001df0a,122634
3333,0x00016c87,93319
3334,0x00000131,305
3335,0x0000027c,636
3336,0x000000ae,174
3337,0x00000042,66
3338,0x000001b1,433
3339,0x00000bec,3052
3340,0x00000546,1350
3341,0x000003e9,1001
3342,0x00000213,531
3343,0x000000c6,198
3344,0x000001ce,462
3345,0x0000014a,330
3346,0x00000255,597
3347,0x0000014a,330
3348,0x00000084,132
3349,0x000000c6,198
3350,0x000013e9,5097
3351,0x0000118c,4492
3352,0x00013f9e,81822
3353,0x0001e118,123160
3354,0x0001e4f4,124148
3355,0x0001df0a,122634
3356,0x0001dce5,122085
3357,0x00015679,87673
3358,0x00000042,66
3359,0x0000f417,62487
3360,0x0001df0a,122634
3361,0x0001df0a,122634
3362,0x0000517b,20859
3363,0x000007f7,2039
3364,0x00000427,1063
3365,0x000001b1,433
3366,0x00000255,597
3367,0x00000108,264
3368,0x0000014a,330
3369,0x0000018f,399
3370,0x00000084,132
3371,0x000000b1,177
3372,0x00002619,9753
3373,0x00017496,95382
3374,0x0001df0a,122634
3375,0x0001df0a,122634
3376,0x0001df0a,122634
3377,0x0001e4f4,124148
3378,0x000105d8,67032
3379,0x00000042,66
3380,0x000000f0,240
3381,0x00000328,808
3382,0x00000042,66
3383,0x000000d4,212
3384,0x00000e2b,3627
3385,0x00000602,1538
3386,0x00000084,132
3387,0x0000014d,333
3388,0x00000108,264
3389,0x000001d1,465
3390,0x0000014a,330
3391,0x00000213,531
3392,0x0000014a,330
3393,0x0000014a,330
3394,0x00000114,276
3395,0x000001ce,462
3396,0x000011db,4571
3397,0x0000039a,922
3398,0x0000191f,6431
3399,0x0001e042,122946
3400,0x0001e4f4,124148
3401,0x0001df0a,122634
3402,0x0001dce5,122085
3403,0x0001e0b1,123057
3404,0x0000af89,44937
3405,0x0001d9ce,121294
3406,0x0001df4c,122700
3407,0x000149b8,84408
3408,0x000006b8,1720
3409,0x00000461,1121
3410,0x00000460,1120
3411,0x0000014a,330
3412,0x000001d1,465
3413,0x00000108,264
3414,0x00000108,264
3415,0x00000084,132
3416,0x00000042,66
3417,0x0000114a,4426
3418,0x0000020e,526
3419,0x000042b5,17077
3420,0x0001e4f4,124148
3421,0x0001df0a,122634
3422,0x0001df0a,122634
3423,0x0001e2cf,123599
3424,0x0001df0a,122634
3425,0x00006e39,28217
3426,0x00000173,371
3427,0x00000238,568
3428,0x000000ad,173
3429,0x00000042,66
3430,0x0000091d,2333
3431,0x000003e7,999
3432,0x00000832,2098
3433,0x0000018f,399
3434,0x000001d1,465
3435,0x00000084,132
3436,0x0000014a,330
3437,0x000001ce,462
3438,0x0000014d,333
3439,0x0000018c,396
3440,0x000001ce,462
3441,0x0000014a,330
3442,0x000000c6,198
3443,0x00000042,66
3444,0x000000e6,230
3445,0x00001358,4952
3446,0x000012b4,4788
3447,0x00001d1e,7454
3448,0x0001e118,123160
3449,0x0001df0a,122634
3450,0x0001e4f4,124148
3451,0x0001df0a,122634
3452,0x0001df0a,122634
3453,0x0001e2cf,123599
3454,0x0001e2cf,123599
3455,0x0001d111,119057
3456,0x00000084,132
3457,0x0000015b,347
3458,0x00000670,1648
3459,0x00000507,1287
3460,0x0000025a,602
3461,0x00000213,531
3462,0x0000014d,333
3463,0x0000018c,396
3464,0x00000084,132
3465,0x000000c6,198
3466,0x00000084,132
3467,0x0000114a,4426
3468,0x0000020e,526
3469,0x00015e95,89749
3470,0x0001df0a,122634
3471,0x0001df0a,122634
3472,0x0001e2cf,123599
3473,0x0001df0a,122634
3474,0x0001374d,79693
3475,0x000000ef,239
3476,0x00000210,528
3477,0x0000015b,347
3478,0x00000042,66
3479,0x00000547,1351
3480,0x00000fd1,4049
3481,0x0000010b,267
3482,0x0000014a,330
3483,0x000001d1,465
3484,0x00000297,663
3485,0x0000021c,540
3486,0x00000294,660
3487,0x000001ce,462
3488,0x0000018c,396
3489,0x00000108,264
3490,0x00000084,132
3491,0x00000135,309
3492,0x000012b4,4788
3493,0x0000ad29,44329
3494,0x0001e0a4,123044
3495,0x0001e4f4,124148
3496,0x0001dce5,122085
3497,0x0001e4f4,124148
3498,0x0001df0a,122634
3499,0x0001df0a,122634
3500,0x0001e2cf,123599
3501,0x000155ce,87502
3502,0x00000042,66
3503,0x000000ae,174
3504,0x000002e0,736
3505,0x000003d8,984
3506,0x000004e3,1251
3507,0x000004d3,1235
3508,0x00000108,264
3509,0x0000014d,333
3510,0x000000c6,198
3511,0x00000042,66
3512,0x00000084,132
3513,0x000000b1,177
3514,0x000012b4,4788
3515,0x000000a4,164
3516,0x0000ff44,65348
3517,0x0001df0a,122634
3518,0x0001e4f4,124148
3519,0x0001df0a,122634
3520,0x0001e2cf,123599
3521,0x00019003,102403
3522,0x00000341,833
3523,0x0000015a,346
3524,0x00000042,66
3525,0x00000203,515
3526,0x00001049,4169
3527,0x00000354,852
3528,0x000000c9,201
3529,0x00000084,132
3530,0x00000297,663
3531,0x0000014a,330
3532,0x0000014a,330
3533,0x0000018f,399
3534,0x0000018c,396
3535,0x0000014a,330
3536,0x00000108,264
3537,0x000000c6,198
3538,0x00000084,132
3539,0x00000084,132
3540,0x000000b1,177
3541,0x000023fe,9214
3542,0x0000020e,526
3543,0x00004d86,19846
3544,0x0001e000,122880
3545,0x0001e4f4,124148
3546,0x0001df0a,122634
3547,0x0001df0a,122634
3548,0x0001df0a,122634
3549,0x0001e0aa,123050
3550,0x0001e4f4,124148
3551,0x0001a1c1,106945
3552,0x00000042,66
3553,0x000000f0,240
3554,0x000000ad,173
3555,0x0000066b,1643
3556,0x00000730,1840
3557,0x00000042,66
3558,0x0000014d,333
3559,0x00000108,264
3560,0x00000213,531
3561,0x00000108,264
3562,0x0000014a,330
3563,0x000000c6,198
3564,0x00000042,66
3565,0x000000a4,164
3566,0x0000240b,9227
3567,0x00011dee,73198
3568,0x0001e4f4,124148
3569,0x0001df0a,122634
3570,0x0001df0a,122634
3571,0x0001df0a,122634
3572,0x00016478,91256
3573,0x00000042,66
3574,0x00000132,306
3575,0x0000015a,346
3576,0x0000018b,395
3577,0x00000042,66
3578,0x00000628,1576
3579,0x000007aa,1962
3580,0x0000046a,1130
3581,0x0000045f,1119
3582,0x000001d1,465
3583,0x00000252,594
3584,0x00000297,663
3585,0x0000018c,396
3586,0x00000210,528
3587,0x00000354,852
3588,0x000001ce,462
3589,0x000002e2,738
3590,0x00000042,66
3591,0x00001365,4965
3592,0x0000b16c,45420
3593,0x0001e155,123221
3594,0x0001e000,122880
3595,0x000113d1,70609
3596,0x0001e4f4,124148
3597,0x0001df0a,122634
3598,0x0001df0a,122634
3599,0x0001e4f4,124148
3600,0x0001df4c,122700
3601,0x00003d72,15730
3602,0x000000d3,211
3603,0x00000644,1604
3604,0x00000042,66
3605,0x000000ef,239
3606,0x0000018f,399
3607,0x0000014a,330
3608,0x000001ce,462
3609,0x00000711,1809
3610,0x00000042,66
3611,0x0000010b,267
3612,0x000011db,4571
3613,0x00000250,592
3614,0x00000108,264
3615,0x000133ca,78794
3616,0x0001e5ba,124346
3617,0x0001df4c,122700
3618,0x00000a8d,2701
3619,0x00000042,66
3620,0x0000004e,78
3621,0x000000b1,177
3622,0x000012b4,4788
3623,0x0001806a,98410
3624,0x0001df0a,122634
3625,0x0001a1c1,106945
3626,0x000001b5,437
3627,0x000002e5,741
3628,0x00000121,289
3629,0x00000d0d,3341
3630,0x000006c8,1736
3631,0x00000042,66
3632,0x000000c9,201
3633,0x00000108,264
3634,0x00000255,597
3635,0x000000c6,198
3636,0x0000018c,396
3637,0x000000c6,198
3638,0x00000327,807
3639,0x0000018c,396
3640,0x00000108,264
3641,0x0000014a,330
3642,0x00000134,308
3643,0x000014dc,5340
3644,0x00001358,4952
3645,0x000118d8,71896
3646,0x0001df0a,122634
3647,0x0001df8e,122766
3648,0x0001df0a,122634
3649,0x0001e3d7,123863
3650,0x00016cc9,93385
3651,0x00000084,132
3652,0x00000084,132
3653,0x0000015c,348
3654,0x00001365,4965
3655,0x0000040d,1037
3656,0x00013d05,81157
3657,0x0001df0a,122634
3658,0x0001dfd0,122832
3659,0x0000112b,4395
3660,0x00000108,264
3661,0x0000014a,330
3662,0x00000108,264
3663,0x000001ce,462
3664,0x0000014a,330
3665,0x000000b1,177
3666,0x000010a6,4262
3667,0x000083c3,33731
3668,0x0001e4f4,124148
3669,0x0001df0a,122634
3670,0x0001deb1,122545
3671,0x0001df0a,122634
3672,0x0001df0a,122634
3673,0x00003315,13077
3674,0x00000131,305
3675,0x000002bc,700
3676,0x000000ad,173
3677,0x00000042,66
3678,0x000004ef,1263
3679,0x00000af5,2805
3680,0x00000514,1300
3681,0x00000108,264
3682,0x0000014a,330
3683,0x000002df,735
3684,0x0000014a,330
3685,0x00000156,342
3686,0x0000014a,330
3687,0x0000018c,396
3688,0x0000018c,396
3689,0x000002d6,726
3690,0x00000108,264
3691,0x00001210,4624
3692,0x0000020e,526
3693,0x00004d66,19814
3694,0x0001e504,124164
3695,0x0001dbb2,121778
3696,0x00010881,67713
3697,0x000168c2,92354
3698,0x0001df0a,122634
3699,0x0001b9ab,113067
3700,0x00001204,4612
3701,0x00005ac4,23236
3702,0x0001df4c,122700
3703,0x0001e1c7,123335
3704,0x0000ef45,61253
3705,0x000000c9,201
3706,0x0000070f,1807
3707,0x000000c6,198
3708,0x00000042,66
3709,0x0000018f,399
3710,0x000001ce,462
3711,0x0000014a,330
3712,0x00001365,4965
3713,0x00006b25,27429
3714,0x0001e000,122880
3715,0x0001df0a,122634
3716,0x0001b37f,111487
3717,0x0001df0a,122634
3718,0x0001df0a,122634
3719,0x00007a0d,31245
3720,0x00000042,66
3721,0x000000c6,198
3722,0x0000020a,522
3723,0x0000018b,395
3724,0x0000011f,287
3725,0x00000d3f,3391
3726,0x000007a1,1953
3727,0x00000258,600
3728,0x0000018c,396
3729,0x00000210,528
3730,0x00000213,531
3731,0x00000108,264
3732,0x000000c6,198
3733,0x000001b0,432
3734,0x0000014a,330
3735,0x00000108,264
3736,0x000001b9,441
3737,0x0000137a,4986
3738,0x00000d3e,3390
3739,0x00005446,21574
3740,0x0001df4c,122700
3741,0x0001e4f4,124148
3742,0x0001df4c,122700
3743,0x0001dfd0,122832
3744,0x0001dd27,122151
3745,0x00005742,22338
3746,0x000010a6,4262
3747,0x00000250,592
3748,0x0000d52a,54570
3749,0x0001e064,122980
3750,0x0001df0a,122634
3751,0x00006e39,28217
3752,0x000000d4,212
3753,0x000007f8,2040
3754,0x000004d7,1239
3755,0x00000084,132
3756,0x000001d1,465
3757,0x0000014a,330
3758,0x000001d1,465
3759,0x000000c6,198
3760,0x00000042,66
3761,0x00000084,132
3762,0x00001157,4439
3763,0x0000020e,526
3764,0x00001157,4439
3765,0x0001cf5a,118618
3766,0x0001df0a,122634
3767,0x0001e4f4,124148
3768,0x0001dce5,122085
3769,0x0001e4f4,124148
3770,0x0000af47,44871
3771,0x00000084,132
3772,0x0000028c,652
3773,0x000000df,223
3774,0x000000ae,174
3775,0x00000cf5,3317
3776,0x00000130,304
3777,0x00000042,66
3778,0x0000035a,858
3779,0x000007b6,1974
3780,0x00000108,264
3781,0x00000210,528
3782,0x00000108,264
3783,0x0000010b,267
3784,0x00000084,132
3785,0x0000018c,396
3786,0x000000f3,243
3787,0x00001338,4920
3788,0x00000084,132
3789,0x0001aa74,109172
3790,0x0001e084,123012
3791,0x00018a9d,101021
3792,0x0001cd8e,118158
3793,0x0001df8e,122766
3794,0x000154df,87263
3795,0x00000042,66
3796,0x0000015e,350
3797,0x000010a6,4262
3798,0x000002fd,765
3799,0x00015eee,89838
3800,0x0001ddf2,122354
3801,0x0001cb27,117543
3802,0x00000294,660
3803,0x0000055a,1370
3804,0x0000018c,396
3805,0x00000213,531
3806,0x000000c6,198
3807,0x000000c6,198
3808,0x000000c6,198
3809,0x00000042,66
3810,0x00001365,4965
3811,0x000000b1,177
3812,0x00014052,82002
3813,0x0001df0a,122634
3814,0x0001df0a,122634
3815,0x0001e2cf,123599
3816,0x0001df0a,122634
3817,0x000154df,87263
3818,0x00000042,66
3819,0x00000210,528
3820,0x00000208,520
3821,0x00000042,66
3822,0x0000020c,524
3823,0x0000071a,1818
3824,0x000005f4,1524
3825,0x0000067a,1658
3826,0x000001ce,462
3827,0x0000010b,267
3828,0x0000014d,333
3829,0x0000014a,330
3830,0x0000018c,396
3831,0x0000018c,396
3832,0x0000018c,396
3833,0x00000240,576
3834,0x00000108,264
3835,0x00000084,132
3836,0x0000014a,330
3837,0x000001b9,441
3838,0x0000137a,4986
3839,0x0000118c,4492
3840,0x000182fc,99068
3841,0x0001df0a,122634
3842,0x0001e4f4,124148
3843,0x0001dce5,122085
3844,0x0001df0a,122634
3845,0x0001156b,71019
3846,0x000023be,9150
3847,0x0001e5a2,124322
3848,0x0001df4c,122700
3849,0x00011a68,72296
3850,0x0000020b,523
3851,0x0000051f,1311
3852,0x000006b9,1721
3853,0x0000010b,267
3854,0x00000042,66
3855,0x00000108,264
3856,0x000001d1,465
3857,0x00000108,264
3858,0x0000014a,330
3859,0x0000014a,330
3860,0x000000c6,198
3861,0x000011fb,4603
3862,0x000014c2,5314
3863,0x00004ce2,19682
3864,0x0001e4f4,124148
3865,0x0001df0a,122634
3866,0x0001df0a,122634
3867,0x0001df0a,122634
3868,0x0001e2cf,123599
3869,0x000050a7,20647
3870,0x00000174,372
3871,0x00000327,807
3872,0x00000042,66
3873,0x00000ca6,3238
3874,0x00000818,2072
3875,0x0000010b,267
3876,0x000001d1,465
3877,0x000001ce,462
3878,0x0000014a,330
3879,0x000001ce,462
3880,0x0000014a,330
3881,0x000002e5,741
3882,0x00000084,132
3883,0x0000018c,396
3884,0x00000042,66
3885,0x00001294,4756
3886,0x0000020e,526
3887,0x0000141e,5150
3888,0x00019dfc,105980
3889,0x0001df4c,122700
3890,0x0001df8e,122766
3891,0x0001df0a,122634
3892,0x0001e2cf,123599
3893,0x0000e525,58661
3894,0x000010a6,4262
3895,0x000019f8,6648
3896,0x0001e536,124214
3897,0x0001e066,122982
3898,0x0001258f,75151
3899,0x000000d3,211
3900,0x00000a10,2576
3901,0x0000034a,842
3902,0x00000084,132
3903,0x00000150,336
3904,0x0000018c,396
3905,0x0000014a,330
3906,0x0000014a,330
3907,0x00000108,264
3908,0x0000014a,330
3909,0x00000042,66
3910,0x000011ee,4590
3911,0x000014c2,5314
3912,0x00017496,95382
3913,0x0001df0a,122634
3914,0x0001e4f4,124148
3915,0x0001df0a,122634
3916,0x0001e2cf,123599
3917,0x000107fd,67581
3918,0x000000c6,198
3919,0x00000328,808
3920,0x000000ae,174
3921,0x00000042,66
3922,0x0000062a,1578
3923,0x00000cba,3258
3924,0x0000029e,670
3925,0x000000c9,201
3926,0x000001ce,462
3927,0x000002dc,732
3928,0x00000210,528
3929,0x00000084,132
3930,0x0000014a,330
3931,0x00000108,264
3932,0x00001210,4624
3933,0x0000020e,526
3934,0x00005f24,24356
3935,0x0001df8e,122766
3936,0x0001e0f3,123123
3937,0x0000f747,63303
3938,0x0000c36c,50028
3939,0x0001dfd0,122832
3940,0x0001df4c,122700
3941,0x00008128,33064
3942,0x00000115,277
3943,0x0000069f,1695
3944,0x00001209,4617
3945,0x0000035b,859
3946,0x00002690,9872
3947,0x0001e072,122994
3948,0x0001df4c,122700
3949,0x0001269a,75418
3950,0x000000c6,198
3951,0x00000042,66
3952,0x00000084,132
3953,0x00001157,4439
3954,0x0000020e,526
3955,0x0001af46,110406
3956,0x0001df0a,122634
3957,0x0001842f,99375
3958,0x000170ba,94394
3959,0x0001df0a,122634
3960,0x0001b37f,111487
3961,0x0000020e,526
3962,0x00000209,521
3963,0x00000042,66
3964,0x000000dd,221
3965,0x00000e42,3650
3966,0x00000602,1538
3967,0x00000084,132
3968,0x000001d1,465
3969,0x00000084,132
3970,0x0000035d,861
3971,0x00000294,660
3972,0x000001d1,465
3973,0x0000018c,396
3974,0x000000c6,198
3975,0x00000210,528
3976,0x00000108,264
3977,0x000000c6,198
3978,0x000000a4,164
3979,0x000026b0,9904
3980,0x000010a6,4262
3981,0x00011804,71684
3982,0x0001df0a,122634
3983,0x0001df0a,122634
3984,0x0001df0a,122634
3985,0x0001e5b1,124337
3986,0x0001df0a,122634
3987,0x0001df0a,122634
3988,0x0001e2cf,123599
3989,0x0000cab4,51892
3990,0x00000042,66
3991,0x000000f0,240
3992,0x000000ad,173
3993,0x000004f0,1264
3994,0x0000021e,542
3995,0x00000084,132
3996,0x00000591,1425
3997,0x000004a9,1193
3998,0x000000c6,198
3999,0x000000c9,201
4000,0x00000084,132
4001,0x000000c6,198
4002,0x00000042,66
4003,0x000013a7,5031
4004,0x0000353a,13626
4005,0x0001df0a,122634
4006,0x0001e0b1,123057
4007,0x00011fa5,73637
4008,0x00015704,87812
4009,0x0001df0a,122634
4010,0x0001cb27,117543
4011,0x00000210,528
4012,0x00000208,520
4013,0x00000042,66
4014,0x000001b2,434
4015,0x0000104a,4170
4016,0x000002fa,762
4017,0x00000084,132
4018,0x000001d4,468
4019,0x000000c6,198
4020,0x000001ce,462
4021,0x00000213,531
4022,0x00000252,594
4023,0x000001ce,462
4024,0x00000108,264
4025,0x000000c6,198
4026,0x00000084,132
4027,0x000013e9,5097
4028,0x000000a4,164
4029,0x000012b4,4788
4030,0x00010438,66616
4031,0x0001df0a,122634
4032,0x0001dfbb,122811
4033,0x0001e5ea,124394
4034,0x0001df0a,122634
4035,0x0001e0aa,123050
4036,0x0001df0a,122634
4037,0x0001df0a,122634
4038,0x0000f097,61591
4039,0x000000f0,240
4040,0x000000ad,173
4041,0x000000dd,221
4042,0x00000635,1589
4043,0x000006da,1754
4044,0x000000c9,201
4045,0x00000108,264
4046,0x000001ce,462
4047,0x0000018c,396
4048,0x00000255,597
4049,0x0000014a,330
4050,0x0000014a,330
4051,0x00001157,4439
4052,0x0000020e,526
4053,0x00002516,9494
4054,0x0001df0a,122634
4055,0x0001df0a,122634
4056,0x0001df0a,122634
4057,0x0001e2cf,123599
4058,0x0001df0a,122634
4059,0x000091b5,37301
4060,0x0000132a,4906
4061,0x00000084,132
4062,0x0000019e,414
4063,0x00000238,568
4064,0x00000042,66
4065,0x000001ff,511
4066,0x00000c24,3108
4067,0x0000076e,1902
4068,0x000000c9,201
4069,0x00000213,531
4070,0x0000018c,396
4071,0x0000021d,541
4072,0x000001ce,462
4073,0x00000763,1891
4074,0x000001d1,465
4075,0x000000c6,198
4076,0x00000084,132
4077,0x000013e9,5097
4078,0x000000ad,173
4079,0x0000995d,39261
4080,0x0001e118,123160
4081,0x0001de96,122518
4082,0x0001e118,123160
4083,0x0001e2cf,123599
4084,0x0001df0a,122634
4085,0x0001dce5,122085
4086,0x0001e4f4,124148
4087,0x00016d75,93557
4088,0x000000ef,239
4089,0x000000d4,212
4090,0x000005ec,1516
4091,0x000000dd,221
4092,0x00000676,1654
4093,0x00000213,531
4094,0x0000014a,330
4095,0x000001ce,462
