0,0x00001445,5189
1,0x000017f0,6128
2,0x000018ec,6380
3,0x000018f3,6387
4,0x00002498,9368
5,0x00002715,10005
6,0x0000271c,10012
7,0x00003b5a,15194
8,0x00003f04,16132
9,0x00004009,16393
10,0x00004e31,20017
11,0x00006270,25200
12,0x001f8d13,2067731
13,0x001f90aa,2068650
14,0x001f99c3,2070979
15,0x001f99c5,2070981
16,0x001fa892,2074770
17,0x001fc0e4,2080996
18,0x001fcfa2,2084770
19,0x001fd6d2,2086610
20,0x001fe7f9,2091001
21,0x00200f0f,2101007
22,0x00203624,2111012
23,0x00205d3c,2121020
24,0x00205da4,2121124
25,0x00206c09,2124809
26,0x00208453,2131027
27,0x0020ab69,2141033
28,0x0020d27d,2151037
29,0x0020f992,2161042
30,0x00210897,2164887
31,0x002120a7,2171047
32,0x002120b5,2171061
33,0x002147cc,2181068
34,0x00216ee1,2191073
35,0x002195f8,2201080
36,0x0021bd0d,2211085
37,0x0021e422,2221090
38,0x00220b37,2231095
39,0x0022324d,2241101
40,0x00225963,2251107
41,0x00228078,2261112
42,0x0022a78d,2271117
43,0x0022a7a7,2271143
44,0x0022cebb,2281147
45,0x0022f5d1,2291153
46,0x00231ce7,2301159
47,0x002343fc,2311164
48,0x00236b11,2321169
49,0x00239227,2331175
50,0x0023b93c,2341180
51,0x0023e052,2351186
52,0x00240768,2361192
53,0x00242e7d,2371197
54,0x00242e7f,2371199
55,0x00242e86,2371206
56,0x0024559d,2381213
57,0x00247cb3,2391219
58,0x0024a3ca,2401226
59,0x0024cade,2411230
60,0x0024f1f4,2421236
61,0x00250011,2424849
62,0x002501c9,2425289
63,0x00250969,2427241
64,0x0025096a,2427242
65,0x0025190a,2431242
66,0x00253087,2437255
67,0x0025401f,2441247
68,0x0025579c,2447260
69,0x00256734,2451252
70,0x00257eb2,2457266
71,0x00258e48,2461256
72,0x00259ca0,2464928
73,0x0025a5ca,2467274
74,0x0025b55d,2471261
75,0x0025b567,2471271
76,0x0025ccd7,2477271
77,0x0025ccdf,2477279
78,0x0025dc7d,2481277
79,0x0025f3f4,2487284
80,0x00260392,2491282
81,0x00261b09,2497289
82,0x00262aa7,2501287
83,0x00263956,2505046
84,0x0026421e,2507294
85,0x002651bd,2511293
86,0x00266932,2517298
87,0x002678d2,2521298
88,0x00269048,2527304
89,0x00269056,2527318
90,0x00269fe8,2531304
91,0x0026b76a,2537322
92,0x0026c6fe,2541310
93,0x0026de7f,2547327
94,0x0026ee14,2551316
95,0x00270594,2557332
96,0x00271528,2561320
97,0x00272ca9,2567337
98,0x00273c3c,2571324
99,0x00273c45,2571333
100,0x002753bf,2577343
101,0x0027635a,2581338
102,0x00277ad5,2587349
103,0x00278a70,2591344
104,0x0027a1ea,2597354
105,0x0027b186,2601350
106,0x0027c900,2607360
107,0x0027d893,2611347
108,0x0027d89a,2611354
109,0x0027f015,2617365
110,0x0027ffae,2621358
111,0x0028175c,2627420
112,0x00281764,2627428
113,0x002826c2,2631362
114,0x00283e84,2637444
115,0x00284dd8,2641368
116,0x00286599,2647449
117,0x002874ee,2651374
118,0x00288cae,2657454
119,0x00289c03,2661379
120,0x0028b3c4,2667460
121,0x0028c318,2671384
122,0x0028c320,2671392
123,0x0028c395,2671509
124,0x0028dada,2677466
125,0x0028ea35,2681397
126,0x002901f1,2687473
127,0x0029114b,2691403
128,0x00292907,2697479
129,0x00293860,2701408
130,0x0029501c,2707484
131,0x00295f74,2711412
132,0x00297731,2717489
133,0x00298689,2721417
134,0x00299e49,2727497
135,0x00299e53,2727507
136,0x0029ad9d,2731421
137,0x0029c567,2737511
138,0x0029d4b3,2741427
139,0x0029ec7b,2747515
140,0x0029fbc7,2751431
141,0x002a138f,2757519
142,0x002a1406,2757638
143,0x002a22da,2761434
144,0x002a3aa5,2767525
145,0x002a3eca,2768586
146,0x002a49f0,2771440
147,0x002a49f8,2771448
148,0x002a4eba,2772666
149,0x002a5ea9,2776745
150,0x002a61b9,2777529
151,0x002a65d9,2778585
152,0x002a710c,2781452
153,0x002a88cd,2787533
154,0x002a8ce9,2788585
155,0x002a9820,2791456
156,0x002aafe1,2797537
157,0x002ab3f8,2798584
158,0x002abf34,2801460
159,0x002ad6f6,2807542
160,0x002adb08,2808584
161,0x002adb0a,2808586
162,0x002ae648,2811464
163,0x002aeb20,2812704
164,0x002afe0b,2817547
165,0x002b0222,2818594
166,0x002b0d5c,2821468
167,0x002b251f,2827551
168,0x002b2528,2827560
169,0x002b2937,2828599
170,0x002b3471,2831473
171,0x002b4c3c,2837564
172,0x002b504d,2838605
173,0x002b5b85,2841477
174,0x002b7351,2847569
175,0x002b7761,2848609
176,0x002b8299,2851481
177,0x002b87ae,2852782
178,0x002b9a65,2857573
179,0x002b9e76,2858614
180,0x002b9eca,2858698
181,0x002ba9ac,2861484
182,0x002bc17a,2867578
183,0x002bc58b,2868619
184,0x002bd0c2,2871490
185,0x002bd0c9,2871497
186,0x002be88f,2877583
187,0x002bec9f,2878623
188,0x002bf7dd,2881501
189,0x002c0fa4,2887588
190,0x002c13b4,2888628
191,0x002c1ef1,2891505
192,0x002c36b8,2897592
193,0x002c3ac9,2898633
194,0x002c3ad8,2898648
195,0x002c4607,2901511
196,0x002c5dce,2907598
197,0x002c61ec,2908652
198,0x002c6d1b,2911515
199,0x002c84e3,2917603
200,0x002c8901,2918657
201,0x002c9430,2921520
202,0x002cabfa,2927610
203,0x002cac10,2927632
204,0x002cb017,2928663
205,0x002cbb46,2931526
206,0x002cd324,2937636
207,0x002cd75b,2938715
208,0x002ce25a,2941530
209,0x002cfa3a,2947642
210,0x002cfe71,2948721
211,0x002d096e,2951534
212,0x002d2150,2957648
213,0x002d2587,2958727
214,0x002d3083,2961539
215,0x002d4864,2967652
216,0x002d4866,2967654
217,0x002d4c9e,2968734
218,0x002d5799,2971545
219,0x002d57a1,2971553
220,0x002d580a,2971658
221,0x002d6f78,2977656
222,0x002d73b4,2978740
223,0x002d7eb7,2981559
224,0x002d968b,2987659
225,0x002d9aca,2988746
226,0x002da5cc,2991564
227,0x002dbd9f,2997663
228,0x002dc1e0,2998752
229,0x002dc1ea,2998762
230,0x002dcce0,3001568
231,0x002de4b4,3007668
232,0x002de900,3008768
233,0x002df3f5,3011573
234,0x002e0bc9,3017673
235,0x002e1016,3018774
236,0x002e1b0a,3021578
237,0x002e32de,3027678
238,0x002e32e8,3027688
239,0x002e372c,3028780
240,0x002e3777,3028855
241,0x002e4220,3031584
242,0x002e59fc,3037692
243,0x002e5e43,3038787
244,0x002e6935,3041589
245,0x002e8111,3047697
246,0x002e8558,3048792
247,0x002e904a,3051594
248,0x002ea827,3057703
249,0x002eac6f,3058799
250,0x002eb760,3061600
251,0x002ecf3d,3067709
252,0x002ed384,3068804
253,0x002ede76,3071606
254,0x002ede80,3071616
255,0x002ef2ff,3076863
256,0x002ef61f,3077663
257,0x002ef651,3077713
258,0x002efa99,3078809
259,0x002f0595,3081621
260,0x002f0ece,3083982
261,0x002f1d2f,3087663
262,0x002f1d5c,3087708
263,0x002f1d65,3087717
264,0x002f21ad,3088813
265,0x002f2b8e,3091342
266,0x002f2ca9,3091625
267,0x002f447a,3097722
268,0x002f48c2,3098818
269,0x002f48cc,3098828
270,0x002f53be,3101630
271,0x002f5422,3101730
272,0x002f60d4,3104980
273,0x002f60d6,3104982
274,0x002f6b8f,3107727
275,0x002f6fe1,3108833
276,0x002f7ad4,3111636
277,0x002f87f2,3114994
278,0x002f92a4,3117732
279,0x002f96f7,3118839
280,0x002fa1ea,3121642
281,0x002faf08,3125000
282,0x002fb995,3127701
283,0x002fb9b9,3127737
284,0x002fb9c1,3127745
285,0x002fbe0d,3128845
286,0x002fc8ff,3131647
287,0x002fd61d,3135005
288,0x002fe0d6,3137750
289,0x002fe523,3138851
290,0x002ff015,3141653
291,0x002ffd33,3145011
292,0x003007ea,3147754
293,0x00300c39,3148857
294,0x0030172a,3151658
295,0x00302440,3155008
296,0x00302449,3155017
297,0x00302eff,3157759
298,0x0030334e,3158862
299,0x00303e3e,3161662
300,0x00304b5e,3165022
301,0x00305615,3167765
302,0x00305623,3167779
303,0x00305a62,3168866
304,0x00306553,3171667
305,0x0030655a,3171674
306,0x00307273,3175027
307,0x00307d2a,3177770
308,0x00308177,3178871
309,0x00308c70,3181680
310,0x00309988,3185032
311,0x0030a43f,3187775
312,0x0030a88d,3188877
313,0x0030b385,3191685
314,0x0030c09e,3195038
315,0x0030cb53,3197779
316,0x0030cfa1,3198881
317,0x0030cfaa,3198890
318,0x0030da99,3201689
319,0x0030e7b3,3205043
320,0x0030e7c3,3205059
321,0x0030f267,3207783
322,0x0030f6c0,3208896
323,0x003101af,3211695
324,0x00310ed9,3215065
325,0x0031197c,3217788
326,0x00311dd5,3218901
327,0x003128c4,3221700
328,0x003135ef,3225071
329,0x00314091,3227793
330,0x00314097,3227799
331,0x003144eb,3228907
332,0x00314fdb,3231707
333,0x00315d05,3235077
334,0x003167ad,3237805
335,0x00316c01,3238913
336,0x003176f0,3241712
337,0x0031841b,3245083
338,0x00318ec1,3247809
339,0x00319316,3248918
340,0x0031936f,3249007
341,0x00319e05,3251717
342,0x0031ab31,3255089
343,0x0031b5d6,3257814
344,0x0031ba2c,3258924
345,0x0031c51b,3261723
346,0x0031d246,3265094
347,0x0031dcec,3267820
348,0x0031e141,3268929
349,0x0031ec30,3271728
350,0x0031ec37,3271735
351,0x0031ec7f,3271807
352,0x0031f95c,3275100
353,0x00320401,3277825
354,0x00320856,3278934
355,0x0032134d,3281741
356,0x00322072,3285106
357,0x00322b15,3287829
358,0x00322f6c,3288940
359,0x00323a63,3291747
360,0x00324788,3295112
361,0x0032522b,3297835
362,0x00325681,3298945
363,0x00325688,3298952
364,0x00326177,3301751
365,0x00326e9e,3305118
366,0x00326ea9,3305129
367,0x0032793f,3307839
368,0x00327d9e,3308958
369,0x0032888c,3311756
370,0x003295bf,3315135
371,0x0032a054,3317844
372,0x0032a4b4,3318964
373,0x0032afa1,3321761
374,0x0032bcd5,3325141
375,0x0032c768,3327848
376,0x0032c770,3327856
377,0x0032cbca,3328970
378,0x0032d6b7,3331767
379,0x0032e3eb,3335147
380,0x0032ee84,3337860
381,0x0032f2de,3338974
382,0x0032fdcb,3341771
383,0x00330b01,3345153
384,0x0033159a,3347866
385,0x003319f5,3348981
386,0x00331a5a,3349082
387,0x003324e0,3351776
388,0x00333217,3355159
389,0x00333caf,3357871
390,0x0033410c,3358988
391,0x00334bf4,3361780
392,0x0033592c,3365164
393,0x003363c3,3367875
394,0x00336820,3368992
395,0x00337309,3371785
396,0x00337310,3371792
397,0x00338042,3375170
398,0x0033806c,3375212
399,0x00338ad6,3377878
400,0x00338f36,3378998
401,0x00339a24,3381796
402,0x0033a758,3385176
403,0x0033b1ec,3387884
404,0x0033b64a,3389002
405,0x0033c139,3391801
406,0x0033ce70,3395184
407,0x0033d901,3397889
408,0x0033dd5e,3399006
409,0x0033dd68,3399016
410,0x0033e84d,3401805
411,0x0033f584,3405188
412,0x0033f58d,3405197
413,0x00340016,3407894
414,0x0034047d,3409021
415,0x00340f62,3411810
416,0x00341ca3,3415203
417,0x003426a3,3417763
418,0x0034272c,3417900
419,0x00342752,3417938
420,0x0034276b,3417963
421,0x00342b93,3419027
422,0x00343677,3421815
423,0x003443b9,3425209
424,0x003445bb,3425723
425,0x00344b57,3427159
426,0x00344b59,3427161
427,0x00344e42,3427906
428,0x00344e4b,3427915
429,0x00344e7b,3427963
430,0x003452a9,3429033
431,0x00345d8c,3431820
432,0x00345e42,3432002
433,0x00346ace,3435214
434,0x0034727a,3437178
435,0x00347561,3437921
436,0x003479be,3439038
437,0x003484a0,3441824
438,0x003491e3,3445219
439,0x00349990,3447184
440,0x00349c77,3447927
441,0x0034a0d1,3449041
442,0x0034abb4,3451828
443,0x0034b8f8,3455224
444,0x0034c0a5,3457189
445,0x0034c38b,3457931
446,0x0034c7e5,3459045
447,0x0034d2c9,3461833
448,0x0034e00d,3465229
449,0x0034e7ba,3467194
450,0x0034ea9f,3467935
451,0x0034eb31,3468081
452,0x0034eefa,3469050
453,0x0034ef66,3469158
454,0x0034f9dd,3471837
455,0x0034f9e4,3471844
456,0x00350721,3475233
457,0x00350ecf,3477199
458,0x00350ef5,3477237
459,0x003511b3,3477939
460,0x00351216,3478038
461,0x00351610,3479056
462,0x003520f8,3481848
463,0x00352e36,3485238
464,0x003535e4,3487204
465,0x003538c7,3487943
466,0x00353d26,3489062
467,0x0035480e,3491854
468,0x0035554c,3495244
469,0x00355cfa,3497210
470,0x00355fdc,3497948
471,0x0035643b,3499067
472,0x00356443,3499075
473,0x00356f23,3501859
474,0x00357c62,3505250
475,0x00357c6a,3505258
476,0x0035840f,3507215
477,0x003586f1,3507953
478,0x003587e8,3508200
479,0x00358b58,3509080
480,0x00359638,3511864
481,0x0035a37e,3515262
482,0x0035ab4d,3517261
483,0x0035ae04,3517956
484,0x0035b26f,3519087
485,0x0035bd4c,3521868
486,0x0035ca93,3525267
487,0x0035d263,3527267
488,0x0035d272,3527282
489,0x0035d519,3527961
490,0x0035d51e,3527966
491,0x0035d984,3529092
492,0x0035e462,3531874
493,0x0035f1a9,3535273
494,0x0035f987,3537287
495,0x0035fc34,3537972
496,0x00360099,3539097
497,0x00360b77,3541879
498,0x003618bd,3545277
499,0x0036209c,3547292
500,0x00362349,3547977
501,0x003627ae,3549102
502,0x0036328c,3551884
503,0x00363fd3,3555283
504,0x003647b1,3557297
505,0x00364a61,3557985
506,0x00364ec2,3559106
507,0x003659a0,3561888
508,0x003666e8,3565288
509,0x00366ec6,3567302
510,0x00367174,3567988
511,0x003675d8,3569112
512,0x003680b4,3571892
513,0x003680bb,3571899
514,0x003680f4,3571956
515,0x00368dfc,3575292
516,0x003695dd,3577309
517,0x00369888,3577992
518,0x00369cec,3579116
519,0x0036a7d0,3581904
520,0x0036b511,3585297
521,0x0036bcf2,3587314
522,0x0036bf9b,3587995
523,0x0036c401,3589121
524,0x0036cee4,3591908
525,0x0036dc26,3595302
526,0x0036e407,3597319
527,0x0036e6b0,3598000
528,0x0036eb17,3599127
529,0x0036eb1f,3599135
530,0x0036f5f9,3601913
531,0x0037033c,3605308
532,0x00370343,3605315
533,0x00370b20,3607328
534,0x00370dc3,3608003
535,0x00371234,3609140
536,0x00371d0d,3611917
537,0x00372a58,3615320
538,0x00373269,3617385
539,0x003734d7,3618007
540,0x0037394a,3619146
541,0x00374422,3621922
542,0x0037516c,3625324
543,0x0037597e,3627390
544,0x00375987,3627399
545,0x00375bed,3628013
546,0x00375bf4,3628020
547,0x0037605e,3629150
548,0x00376b36,3631926
549,0x00376b50,3631952
550,0x00377883,3635331
551,0x0037809c,3637404
552,0x00378308,3638024
553,0x00378774,3639156
554,0x0037924a,3641930
555,0x00379f9a,3645338
556,0x00379fcf,3645391
557,0x0037a7b1,3647409
558,0x0037aa1c,3648028
559,0x0037ae8a,3649162
560,0x0037b95f,3651935
561,0x0037c6b0,3655344
562,0x0037cec7,3657415
563,0x0037cf02,3657474
564,0x0037d130,3658032
565,0x0037d59e,3659166
566,0x0037e074,3661940
567,0x0037edc6,3665350
568,0x0037f5dd,3667421
569,0x0037f844,3668036
570,0x0037fcb1,3669169
571,0x00380789,3671945
572,0x00380794,3671956
573,0x003814dc,3675356
574,0x00381cf4,3677428
575,0x00381f58,3678040
576,0x003823c5,3679173
577,0x00382ea9,3681961
578,0x00383bf3,3685363
579,0x00384409,3687433
580,0x0038466d,3688045
581,0x00384ad8,3689176
582,0x00384b5d,3689309
583,0x003855bd,3691965
584,0x00386308,3695368
585,0x00386b1f,3697439
586,0x00386d82,3698050
587,0x003871eb,3699179
588,0x003871f2,3699186
589,0x00387cd2,3701970
590,0x00388a1d,3705373
591,0x00388a26,3705382
592,0x00388a61,3705441
593,0x00389234,3707444
594,0x00389497,3708055
595,0x00389905,3709189
596,0x0038a3e6,3711974
597,0x0038b13d,3715389
598,0x0038b94a,3717450
599,0x0038bbac,3718060
600,0x0038c01a,3719194
601,0x0038cafc,3721980
602,0x0038d853,3725395
603,0x0038e05f,3727455
604,0x0038e068,3727464
605,0x0038e2c2,3728066
606,0x0038e2cc,3728076
607,0x0038e72e,3729198
608,0x0038f211,3731985
609,0x0038ff69,3735401
610,0x0039077d,3737469
611,0x003909e1,3738081
612,0x00390e45,3739205
613,0x00391926,3741990
614,0x00392680,3745408
615,0x00392e93,3747475
616,0x003930f6,3748086
617,0x00393147,3748167
618,0x00393559,3749209
619,0x0039403b,3751995
620,0x00394d97,3755415
621,0x003955a9,3757481
622,0x0039580b,3758091
623,0x00395c6e,3759214
624,0x00396751,3762001
625,0x003974ae,3765422
626,0x00397cbf,3767487
627,0x00397f21,3768097
628,0x00398385,3769221
629,0x00398e69,3772009
630,0x00398e71,3772017
631,0x00399bc5,3775429
632,0x0039a3d5,3777493
633,0x0039a636,3778102
634,0x0039aa9a,3779226
635,0x0039b586,3782022
636,0x0039c2da,3785434
637,0x0039caeb,3787499
638,0x0039cd4a,3788106
639,0x0039d1af,3789231
640,0x0039dc9b,3792027
641,0x0039e9f0,3795440
642,0x0039f201,3797505
643,0x0039f45f,3798111
644,0x0039f8c3,3799235
645,0x0039f8cf,3799247
646,0x003a03b1,3802033
647,0x003a1105,3805445
648,0x003a110f,3805455
649,0x003a1917,3807511
650,0x003a1b74,3808116
651,0x003a1fe3,3809251
652,0x003a2ac6,3812038
653,0x003a3824,3815460
654,0x003a402d,3817517
655,0x003a4287,3818119
656,0x003a46f7,3819255
657,0x003a51db,3822043
658,0x003a5f3a,3825466
659,0x003a6741,3827521
660,0x003a674a,3827530
661,0x003a699c,3828124
662,0x003a69a5,3828133
663,0x003a6e0b,3829259
664,0x003a78f1,3832049
665,0x003a864f,3835471
666,0x003a8e5f,3837535
667,0x003a90b9,3838137
668,0x003a9521,3839265
669,0x003a9549,3839305
670,0x003aa006,3842054
671,0x003aad63,3845475
672,0x003ab575,3847541
673,0x003ab7cf,3848143
674,0x003abc36,3849270
675,0x003ac71c,3852060
676,0x003ad478,3855480
677,0x003adc89,3857545
678,0x003adee5,3858149
679,0x003ae34b,3859275
680,0x003aee32,3862066
681,0x003afb8c,3865484
682,0x003b039d,3867549
683,0x003b05f8,3868152
684,0x003b0a5f,3869279
685,0x003b1548,3872072
686,0x003b1569,3872105
687,0x003b157a,3872122
688,0x003b22a1,3875489
689,0x003b2ab2,3877554
690,0x003b2d0d,3878157
691,0x003b3175,3879285
692,0x003b3c8f,3882127
693,0x003b49b6,3885494
694,0x003b51ba,3887546
695,0x003b51c8,3887560
696,0x003b5422,3888162
697,0x003b588a,3889290
698,0x003b63a4,3892132
699,0x003b70cb,3895499
700,0x003b78dc,3897564
701,0x003b7b37,3898167
702,0x003b7f9f,3899295
703,0x003b7fa8,3899304
704,0x003b8aba,3902138
705,0x003b97e0,3905504
706,0x003b97e8,3905512
707,0x003b9ff2,3907570
708,0x003ba24d,3908173
709,0x003ba6b4,3909300
710,0x003ba6bc,3909308
711,0x003bb1cf,3912143
712,0x003bbefd,3915517
713,0x003bc706,3917574
714,0x003bc962,3918178
715,0x003bcdd2,3919314
716,0x003bd8e4,3922148
717,0x003be612,3925522
718,0x003bee1c,3927580
719,0x003bee24,3927588
720,0x003bf4e7,3929319
721,0x003bfffa,3932154
722,0x003c0d28,3935528
723,0x003c1538,3937592
724,0x003c1bfc,3939324
725,0x003c270f,3942159
726,0x003c3440,3945536
727,0x003c3c4e,3947598
728,0x003c4312,3949330
729,0x003c4e23,3952163
730,0x003c5b56,3955542
731,0x003c6363,3957603
732,0x003c6a27,3959335
733,0x003c7538,3962168
734,0x003c826c,3965548
735,0x003c8a78,3967608
736,0x003c8a85,3967621
737,0x003c8cc8,3968200
738,0x003c8d05,3968261
739,0x003c913c,3969340
740,0x003c9c4d,3972173
741,0x003c9c55,3972181
742,0x003ca2a9,3973801
743,0x003ca982,3975554
744,0x003ca9f7,3975671
745,0x003cb18d,3977613
746,0x003cc030,3981360
747,0x003cc369,3982185
748,0x003cd097,3985559
749,0x003cd8a1,3987617
750,0x003cea7e,3992190
751,0x003cf7ad,3995565
752,0x003cffb7,3997623
753,0x003d021f,3998239
754,0x003d1194,4002196
755,0x003d1ec3,4005571
756,0x003d1ecb,4005579
757,0x003d26cd,4007629
758,0x003d38a8,4012200
759,0x003d3f5f,4013919
760,0x003d45e1,4015585
761,0x003d4de1,4017633
762,0x003d50df,4018399
763,0x003d5fbe,4022206
764,0x003d6cf6,4025590
765,0x003d6ea0,4026016
766,0x003d74f7,4027639
767,0x003d74fe,4027646
768,0x003d7558,4027736
769,0x003d7bbf,4029375
770,0x003d86d3,4032211
771,0x003d940c,4035596
772,0x003d9c13,4037651
773,0x003da2cf,4039375
774,0x003dade8,4042216
775,0x003dbb21,4045601
776,0x003dc328,4047656
777,0x003dc9df,4049375
778,0x003dd4fc,4052220
779,0x003ddbee,4053998
780,0x003de236,4055606
781,0x003dea3d,4057661
782,0x003df0ee,4059374
783,0x003df0f0,4059376
784,0x003dfc10,4062224
785,0x003e094c,4065612
786,0x003e0b2e,4066094
787,0x003e1153,4067667
788,0x003e1805,4069381
789,0x003e180e,4069390
790,0x003e2325,4072229
791,0x003e232e,4072238
792,0x003e3061,4075617
793,0x003e3868,4077672
794,0x003e3b3d,4078397
795,0x003e3f23,4079395
796,0x003e4a42,4082242
797,0x003e5777,4085623
798,0x003e5f7e,4087678
799,0x003e6638,4089400
800,0x003e7159,4092249
801,0x003e7e8c,4095628
802,0x003e8693,4097683
803,0x003e8d4d,4099405
804,0x003e986d,4102253
805,0x003ea5a2,4105634
806,0x003ea5d4,4105684
807,0x003ea7bc,4106172
808,0x003eada9,4107689
809,0x003eb463,4109411
810,0x003ebf82,4112258
811,0x003eccea,4115690
812,0x003ed4bf,4117695
813,0x003ed512,4117778
814,0x003edb79,4119417
815,0x003ee697,4122263
816,0x003ee6e0,4122336
817,0x003ef3ff,4125695
818,0x003efbd3,4127699
819,0x003efbdc,4127708
820,0x003efe80,4128384
821,0x003efe89,4128393
822,0x003f028e,4129422
823,0x003f0dad,4132269
824,0x003f1b15,4135701
825,0x003f1b5f,4135775
826,0x003f22f1,4137713
827,0x003f259d,4138397
828,0x003f29a3,4139427
829,0x003f34c3,4142275
830,0x003f422b,4145707
831,0x003f4a07,4147719
832,0x003f4cb3,4148403
833,0x003f50b8,4149432
834,0x003f5bd9,4152281
835,0x003f693f,4155711
836,0x003f711c,4157724
837,0x003f73c9,4158409
838,0x003f77cd,4159437
839,0x003f82ef,4162287
840,0x003f9054,4165716
841,0x003f9831,4167729
842,0x003f9ade,4168414
843,0x003f9ee2,4169442
844,0x003f9eeb,4169451
845,0x003faa04,4172292
846,0x003faa0e,4172302
847,0x003fb769,4175721
848,0x003fbf46,4177734
849,0x003fc1f3,4178419
850,0x003fc600,4179456
851,0x003fd123,4182307
852,0x003fd13e,4182334
853,0x003fdae1,4184801
854,0x003fdae2,4184802
855,0x003fdae5,4184805
856,0x003fdae7,4184807
857,0x003fdb41,4184897
858,0x003fdc0d,4185101
859,0x003fdc9d,4185245
860,0x003fdca0,4185248
861,0x003fdcae,4185262
862,0x003fdcaf,4185263
863,0x003fdcc2,4185282
864,0x003fdcc6,4185286
865,0x003fde4a,4185674
866,0x003fde7e,4185726
867,0x003fe65b,4187739
868,0x003fe909,4188425
869,0x003fed15,4189461
870,0x003ff839,4192313
871,0x00400405,4195333
872,0x00400409,4195337
873,0x0040043a,4195386
874,0x004004b1,4195505
875,0x004004c0,4195520
876,0x004004c1,4195521
877,0x004004c2,4195522
878,0x004004c5,4195525
879,0x004004c7,4195527
880,0x004004cb,4195531
881,0x00400593,4195731
882,0x0040064a,4195914
883,0x00400d70,4197744
884,0x0040101e,4198430
885,0x0040142c,4199468
886,0x00401f4d,4202317
887,0x00402c00,4205568
888,0x00402c02,4205570
889,0x00402c03,4205571
890,0x00402c2b,4205611
891,0x00402c89,4205705
892,0x00402c96,4205718
893,0x00402c97,4205719
894,0x00402c98,4205720
895,0x00402c9d,4205725
896,0x00402ca0,4205728
897,0x00402ca4,4205732
898,0x00402ca8,4205736
899,0x00402cb0,4205744
900,0x00402e21,4206113
901,0x00403487,4207751
902,0x00403735,4208437
903,0x00403b40,4209472
904,0x00404662,4212322
905,0x004053c6,4215750
906,0x004053d7,4215767
907,0x004053da,4215770
908,0x004053db,4215771
909,0x00405406,4215814
910,0x00405466,4215910
911,0x00405473,4215923
912,0x00405474,4215924
913,0x0040547a,4215930
914,0x0040547e,4215934
915,0x00405481,4215937
916,0x004055f9,4216313
917,0x00405b9c,4217756
918,0x00405e4b,4218443
919,0x00406256,4219478
920,0x00406d77,4222327
921,0x00407ade,4225758
922,0x00407bbb,4225979
923,0x00407bbf,4225983
924,0x00407bf0,4226032
925,0x00407c6c,4226156
926,0x00407c7d,4226173
927,0x00407c7e,4226174
928,0x00407c7f,4226175
929,0x00407c83,4226179
930,0x00407c85,4226181
931,0x00407c88,4226184
932,0x00407df8,4226552
933,0x004082b2,4227762
934,0x004082bb,4227771
935,0x00408561,4228449
936,0x00408599,4228505
937,0x0040896c,4229484
938,0x00408db5,4230581
939,0x00408db7,4230583
940,0x00408dba,4230586
941,0x00408dbb,4230587
942,0x00409127,4231463
943,0x004091ce,4231630
944,0x004091d2,4231634
945,0x004091ea,4231658
946,0x004091eb,4231659
947,0x004091ee,4231662
948,0x004091ef,4231663
949,0x00409201,4231681
950,0x00409204,4231684
951,0x00409397,4232087
952,0x0040948b,4232331
953,0x0040a1f4,4235764
954,0x0040a3c4,4236228
955,0x0040a3c7,4236231
956,0x0040a3f9,4236281
957,0x0040a470,4236400
958,0x0040a47c,4236412
959,0x0040a47d,4236413
960,0x0040a47e,4236414
961,0x0040a482,4236418
962,0x0040a484,4236420
963,0x0040a487,4236423
964,0x0040a5f8,4236792
965,0x0040a9d0,4237776
966,0x0040acaf,4238511
967,0x0040b082,4239490
968,0x0040b93d,4241725
969,0x0040b940,4241728
970,0x0040b941,4241729
971,0x0040b942,4241730
972,0x0040b969,4241769
973,0x0040b9b5,4241845
974,0x0040b9c3,4241859
975,0x0040b9c4,4241860
976,0x0040b9c5,4241861
977,0x0040b9c8,4241864
978,0x0040b9ca,4241866
979,0x0040b9ce,4241870
980,0x0040bb47,4242247
981,0x0040bba0,4242336
982,0x0040c90a,4245770
983,0x0040c916,4245782
984,0x0040cb6a,4246378
985,0x0040cb6c,4246380
986,0x0040cb6e,4246382
987,0x0040cb6f,4246383
988,0x0040cbb8,4246456
989,0x0040cbbe,4246462
990,0x0040cbc0,4246464
991,0x0040cbc1,4246465
992,0x0040cbe9,4246505
993,0x0040cc4a,4246602
994,0x0040cc58,4246616
995,0x0040cc59,4246617
996,0x0040cc5f,4246623
997,0x0040cc61,4246625
998,0x0040cc62,4246626
999,0x0040cc65,4246629
1000,0x0040cc83,4246659
1001,0x0040cc85,4246661
1002,0x0040cc88,4246664
1003,0x0040cc9f,4246687
1004,0x0040cca4,4246692
1005,0x0040cdf8,4247032
1006,0x0040ce16,4247062
1007,0x0040d0e5,4247781
1008,0x0040d3c4,4248516
1009,0x0040d798,4249496
1010,0x0040e107,4251911
1011,0x0040e10a,4251914
1012,0x0040e10b,4251915
1013,0x0040e133,4251955
1014,0x0040e17d,4252029
1015,0x0040e18c,4252044
1016,0x0040e18d,4252045
1017,0x0040e18e,4252046
1018,0x0040e190,4252048
1019,0x0040e192,4252050
1020,0x0040e196,4252054
1021,0x0040e2b5,4252341
1022,0x0040e31f,4252447
1023,0x0040f020,4255776
1024,0x0040f39b,4256667
1025,0x0040f39d,4256669
1026,0x0040f39e,4256670
1027,0x0040f3cd,4256717
1028,0x0040f3da,4256730
1029,0x0040f3dd,4256733
1030,0x0040f409,4256777
1031,0x0040f444,4256836
1032,0x0040f44f,4256847
1033,0x0040f450,4256848
1034,0x0040f453,4256851
1035,0x0040f455,4256853
1036,0x0040f459,4256857
1037,0x0040f465,4256869
1038,0x0040f472,4256882
1039,0x0040f473,4256883
1040,0x0040f476,4256886
1041,0x0040f477,4256887
1042,0x0040f478,4256888
1043,0x0040f47c,4256892
1044,0x0040f5d0,4257232
1045,0x0040f5ed,4257261
1046,0x0040f7fa,4257786
1047,0x0040fadb,4258523
1048,0x0040feae,4259502
1049,0x004108d0,4262096
1050,0x004108d2,4262098
1051,0x004108d3,4262099
1052,0x004108fa,4262138
1053,0x00410943,4262211
1054,0x0041094e,4262222
1055,0x0041094f,4262223
1056,0x00410953,4262227
1057,0x00410955,4262229
1058,0x00410959,4262233
1059,0x004109cb,4262347
1060,0x00410ace,4262606
1061,0x00411737,4265783
1062,0x00411b94,4266900
1063,0x00411b96,4266902
1064,0x00411bb4,4266932
1065,0x00411bb6,4266934
1066,0x00411bbf,4266943
1067,0x00411bdd,4266973
1068,0x00411c21,4267041
1069,0x00411c2d,4267053
1070,0x00411c2e,4267054
1071,0x00411c30,4267056
1072,0x00411c31,4267057
1073,0x00411c32,4267058
1074,0x00411c35,4267061
1075,0x00411c3c,4267068
1076,0x00411c3d,4267069
1077,0x00411c40,4267072
1078,0x00411c41,4267073
1079,0x00411c42,4267074
1080,0x00411c46,4267078
1081,0x00411da7,4267431
1082,0x00411dc5,4267461
1083,0x00411f10,4267792
1084,0x004121f1,4268529
1085,0x004125c3,4269507
1086,0x004125cc,4269516
1087,0x00413090,4272272
1088,0x00413093,4272275
1089,0x004130bb,4272315
1090,0x004130df,4272351
1091,0x004130e8,4272360
1092,0x00413105,4272389
1093,0x00413111,4272401
1094,0x00413112,4272402
1095,0x00413115,4272405
1096,0x00413116,4272406
1097,0x00413117,4272407
1098,0x0041311b,4272411
1099,0x004132a6,4272806
1100,0x00413e4e,4275790
1101,0x0041436f,4277103
1102,0x00414371,4277105
1103,0x00414372,4277106
1104,0x0041437e,4277118
1105,0x00414380,4277120
1106,0x004143a2,4277154
1107,0x004143aa,4277162
1108,0x004143ff,4277247
1109,0x0041440c,4277260
1110,0x0041440d,4277261
1111,0x00414411,4277265
1112,0x00414412,4277266
1113,0x00414413,4277267
1114,0x00414417,4277271
1115,0x0041441b,4277275
1116,0x00414427,4277287
1117,0x00414428,4277288
1118,0x00414429,4277289
1119,0x0041442b,4277291
1120,0x0041442f,4277295
1121,0x00414433,4277299
1122,0x0041459d,4277661
1123,0x004145a7,4277671
1124,0x00414625,4277797
1125,0x00414907,4278535
1126,0x00414ce2,4279522
1127,0x00415186,4280710
1128,0x00415188,4280712
1129,0x00415189,4280713
1130,0x0041518b,4280715
1131,0x0041518c,4280716
1132,0x004151d3,4280787
1133,0x00415287,4280967
1134,0x004152ab,4281003
1135,0x004152ac,4281004
1136,0x004152ad,4281005
1137,0x004152af,4281007
1138,0x004152b0,4281008
1139,0x004152b1,4281009
1140,0x004152c5,4281029
1141,0x004152ca,4281034
1142,0x00415444,4281412
1143,0x004157fe,4282366
1144,0x00415854,4282452
1145,0x00415857,4282455
1146,0x0041587f,4282495
1147,0x004158cc,4282572
1148,0x004158da,4282586
1149,0x004158db,4282587
1150,0x004158e1,4282593
1151,0x004158e5,4282597
1152,0x00415a55,4282965
1153,0x00416564,4285796
1154,0x00416b4e,4287310
1155,0x00416b50,4287312
1156,0x00416b6d,4287341
1157,0x00416b6f,4287343
1158,0x00416b77,4287351
1159,0x00416b99,4287385
1160,0x00416bcd,4287437
1161,0x00416bd8,4287448
1162,0x00416bd9,4287449
1163,0x00416bdd,4287453
1164,0x00416bde,4287454
1165,0x00416bdf,4287455
1166,0x00416be3,4287459
1167,0x00416bfb,4287483
1168,0x00416c08,4287496
1169,0x00416c09,4287497
1170,0x00416c0a,4287498
1171,0x00416c0c,4287500
1172,0x00416c0e,4287502
1173,0x00416c11,4287505
1174,0x00416d3b,4287803
1175,0x00416d74,4287860
1176,0x00416d7f,4287871
1177,0x0041701c,4288540
1178,0x004173f6,4289526
1179,0x00417a04,4291076
1180,0x00417a07,4291079
1181,0x00417a32,4291122
1182,0x00417a8b,4291211
1183,0x00417a97,4291223
1184,0x00417a98,4291224
1185,0x00417a9b,4291227
1186,0x00417a9d,4291229
1187,0x00417aa1,4291233
1188,0x00417c1c,4291612
1189,0x00417f13,4292371
1190,0x00418028,4292648
1191,0x0041802a,4292650
1192,0x00418054,4292692
1193,0x004180a3,4292771
1194,0x004180ae,4292782
1195,0x004180af,4292783
1196,0x004180b0,4292784
1197,0x004180b4,4292788
1198,0x004180b6,4292790
1199,0x004180b9,4292793
1200,0x004180bd,4292797
1201,0x0041822d,4293165
1202,0x00418c7a,4295802
1203,0x00419327,4297511
1204,0x00419329,4297513
1205,0x0041932a,4297514
1206,0x0041934d,4297549
1207,0x0041934f,4297551
1208,0x00419350,4297552
1209,0x00419357,4297559
1210,0x0041937a,4297594
1211,0x004193af,4297647
1212,0x004193bf,4297663
1213,0x004193c0,4297664
1214,0x004193c1,4297665
1215,0x004193c4,4297668
1216,0x004193c6,4297670
1217,0x004193ca,4297674
1218,0x004193df,4297695
1219,0x004193eb,4297707
1220,0x004193ec,4297708
1221,0x004193ed,4297709
1222,0x004193f0,4297712
1223,0x004193f1,4297713
1224,0x004193f5,4297717
1225,0x00419451,4297809
1226,0x0041954c,4298060
1227,0x0041957e,4298110
1228,0x00419733,4298547
1229,0x00419b0c,4299532
1230,0x0041a1e0,4301280
1231,0x0041a1e4,4301284
1232,0x0041a213,4301331
1233,0x0041a26e,4301422
1234,0x0041a27c,4301436
1235,0x0041a27d,4301437
1236,0x0041a282,4301442
1237,0x0041a284,4301444
1238,0x0041a288,4301448
1239,0x0041a3f4,4301812
1240,0x0041a629,4302377
1241,0x0041a7f8,4302840
1242,0x0041a7fb,4302843
1243,0x0041a7fc,4302844
1244,0x0041a824,4302884
1245,0x0041a86d,4302957
1246,0x0041a87b,4302971
1247,0x0041a87c,4302972
1248,0x0041a87f,4302975
1249,0x0041a881,4302977
1250,0x0041a886,4302982
1251,0x0041aa05,4303365
1252,0x0041b390,4305808
1253,0x0041b39c,4305820
1254,0x0041bb03,4307715
1255,0x0041bb06,4307718
1256,0x0041bb2e,4307758
1257,0x0041bb30,4307760
1258,0x0041bb33,4307763
1259,0x0041bb34,4307764
1260,0x0041bb65,4307813
1261,0x0041bb67,4307815
1262,0x0041bb88,4307848
1263,0x0041bb97,4307863
1264,0x0041bb98,4307864
1265,0x0041bb99,4307865
1266,0x0041bb9c,4307868
1267,0x0041bb9e,4307870
1268,0x0041bba1,4307873
1269,0x0041bbdb,4307931
1270,0x0041bbe6,4307942
1271,0x0041bbe8,4307944
1272,0x0041bbeb,4307947
1273,0x0041bbec,4307948
1274,0x0041bbed,4307949
1275,0x0041bbf1,4307953
1276,0x0041bd24,4308260
1277,0x0041bd7e,4308350
1278,0x0041be49,4308553
1279,0x0041c222,4309538
1280,0x0041c9be,4311486
1281,0x0041c9c1,4311489
1282,0x0041c9c2,4311490
1283,0x0041c9ed,4311533
1284,0x0041ca47,4311623
1285,0x0041ca56,4311638
1286,0x0041ca58,4311640
1287,0x0041ca59,4311641
1288,0x0041ca5a,4311642
1289,0x0041ca5b,4311643
1290,0x0041ca5d,4311645
1291,0x0041ca61,4311649
1292,0x0041cbf3,4312051
1293,0x0041cd3f,4312383
1294,0x0041cfbf,4313023
1295,0x0041cfc2,4313026
1296,0x0041cfc3,4313027
1297,0x0041cfec,4313068
1298,0x0041d038,4313144
1299,0x0041d045,4313157
1300,0x0041d046,4313158
1301,0x0041d049,4313161
1302,0x0041d04b,4313163
1303,0x0041d04f,4313167
1304,0x0041d1dc,4313564
1305,0x0041dab1,4315825
1306,0x0041e27d,4317821
1307,0x0041e2dc,4317916
1308,0x0041e2df,4317919
1309,0x0041e308,4317960
1310,0x0041e327,4317991
1311,0x0041e32a,4317994
1312,0x0041e350,4318032
1313,0x0041e35e,4318046
1314,0x0041e36c,4318060
1315,0x0041e36d,4318061
1316,0x0041e371,4318065
1317,0x0041e373,4318067
1318,0x0041e376,4318070
1319,0x0041e3ac,4318124
1320,0x0041e3b8,4318136
1321,0x0041e3b9,4318137
1322,0x0041e3bc,4318140
1323,0x0041e3be,4318142
1324,0x0041e3c1,4318145
1325,0x0041e4fb,4318459
1326,0x0041e52e,4318510
1327,0x0041e55e,4318558
1328,0x0041e938,4319544
1329,0x0041f198,4321688
1330,0x0041f19b,4321691
1331,0x0041f19c,4321692
1332,0x0041f1c6,4321734
1333,0x0041f21f,4321823
1334,0x0041f22a,4321834
1335,0x0041f22c,4321836
1336,0x0041f230,4321840
1337,0x0041f232,4321842
1338,0x0041f233,4321843
1339,0x0041f237,4321847
1340,0x0041f3a3,4322211
1341,0x0041f455,4322389
1342,0x0041f788,4323208
1343,0x0041f78b,4323211
1344,0x0041f78c,4323212
1345,0x0041f7b2,4323250
1346,0x0041f7fe,4323326
1347,0x0041f80b,4323339
1348,0x0041f80d,4323341
1349,0x0041f80e,4323342
1350,0x0041f811,4323345
1351,0x0041f812,4323346
1352,0x0041f817,4323351
1353,0x0041f98c,4323724
1354,0x0041fe4e,4324942
1355,0x0041fe50,4324944
1356,0x0041fe51,4324945
1357,0x0041fe53,4324947
1358,0x0041fe54,4324948
1359,0x0041feaa,4325034
1360,0x0041ffc3,4325315
1361,0x00420020,4325408
1362,0x00420031,4325425
1363,0x00420033,4325427
1364,0x00420034,4325428
1365,0x00420035,4325429
1366,0x00420036,4325430
1367,0x00420038,4325432
1368,0x00420039,4325433
1369,0x0042003a,4325434
1370,0x0042003b,4325435
1371,0x0042003c,4325436
1372,0x0042003d,4325437
1373,0x0042003e,4325438
1374,0x0042003f,4325439
1375,0x00420040,4325440
1376,0x00420042,4325442
1377,0x00420044,4325444
1378,0x00420045,4325445
1379,0x00420046,4325446
1380,0x00420047,4325447
1381,0x00420048,4325448
1382,0x00420049,4325449
1383,0x0042004a,4325450
1384,0x0042004c,4325452
1385,0x0042004d,4325453
1386,0x0042004e,4325454
1387,0x00420055,4325461
1388,0x004200c1,4325569
1389,0x004200da,4325594
1390,0x004200dc,4325596
1391,0x004200e0,4325600
1392,0x004200e9,4325609
1393,0x00420141,4325697
1394,0x0042015e,4325726
1395,0x0042016a,4325738
1396,0x0042016c,4325740
1397,0x004201c5,4325829
1398,0x00420207,4325895
1399,0x00420208,4325896
1400,0x0042021c,4325916
1401,0x0042021d,4325917
1402,0x0042021e,4325918
1403,0x00420224,4325924
1404,0x00420225,4325925
1405,0x00420226,4325926
1406,0x00420391,4326289
1407,0x004205ae,4326830
1408,0x004205b0,4326832
1409,0x004205b1,4326833
1410,0x004205b5,4326837
1411,0x004205b9,4326841
1412,0x004205be,4326846
1413,0x004205bf,4326847
1414,0x004205c1,4326849
1415,0x004205c2,4326850
1416,0x004205c5,4326853
1417,0x004205c7,4326855
1418,0x004205c8,4326856
1419,0x004205f2,4326898
1420,0x004205f3,4326899
1421,0x004205f5,4326901
1422,0x004205f6,4326902
1423,0x00420612,4326930
1424,0x00420613,4326931
1425,0x0042062a,4326954
1426,0x00420702,4327170
1427,0x0042070e,4327182
1428,0x0042070f,4327183
1429,0x0042071d,4327197
1430,0x0042071f,4327199
1431,0x00420720,4327200
1432,0x00420721,4327201
1433,0x00420724,4327204
1434,0x00420725,4327205
1435,0x00420726,4327206
1436,0x00420727,4327207
1437,0x00420728,4327208
1438,0x00420729,4327209
1439,0x0042072b,4327211
1440,0x0042072c,4327212
1441,0x0042072d,4327213
1442,0x0042072e,4327214
1443,0x0042072f,4327215
1444,0x00420730,4327216
1445,0x00420731,4327217
1446,0x00420732,4327218
1447,0x00420733,4327219
1448,0x00420734,4327220
1449,0x00420735,4327221
1450,0x00420736,4327222
1451,0x00420738,4327224
1452,0x00420739,4327225
1453,0x0042073a,4327226
1454,0x0042073b,4327227
1455,0x0042073c,4327228
1456,0x0042073d,4327229
1457,0x0042073e,4327230
1458,0x0042073f,4327231
1459,0x00420740,4327232
1460,0x00420741,4327233
1461,0x00420742,4327234
1462,0x00420744,4327236
1463,0x00420745,4327237
1464,0x00420746,4327238
1465,0x00420747,4327239
1466,0x00420748,4327240
1467,0x00420749,4327241
1468,0x0042074a,4327242
1469,0x0042074c,4327244
1470,0x00420778,4327288
1471,0x0042083d,4327485
1472,0x0042083e,4327486
1473,0x00420843,4327491
1474,0x00420844,4327492
1475,0x00420992,4327826
1476,0x0042099b,4327835
1477,0x004209d1,4327889
1478,0x00420aae,4328110
1479,0x00420ab1,4328113
1480,0x00420ab2,4328114
1481,0x00420ad9,4328153
1482,0x00420adb,4328155
1483,0x00420aea,4328170
1484,0x00420aed,4328173
1485,0x00420aee,4328174
1486,0x00420aef,4328175
1487,0x00420af1,4328177
1488,0x00420af2,4328178
1489,0x00420af3,4328179
1490,0x00420af4,4328180
1491,0x00420af5,4328181
1492,0x00420af6,4328182
1493,0x00420af7,4328183
1494,0x00420af8,4328184
1495,0x00420af9,4328185
1496,0x00420afc,4328188
1497,0x00420b2c,4328236
1498,0x00420b2f,4328239
1499,0x00420b3d,4328253
1500,0x00420b3f,4328255
1501,0x00420b43,4328259
1502,0x00420b44,4328260
1503,0x00420b46,4328262
1504,0x00420ba2,4328354
1505,0x00420baf,4328367
1506,0x00420bb0,4328368
1507,0x00420bb1,4328369
1508,0x00420bb4,4328372
1509,0x00420bb6,4328374
1510,0x00420bb8,4328376
1511,0x00420bb9,4328377
1512,0x00420bba,4328378
1513,0x00420bbc,4328380
1514,0x00420bc2,4328386
1515,0x00420c2f,4328495
1516,0x00420c36,4328502
1517,0x00420c39,4328505
1518,0x00420c3b,4328507
1519,0x00420c3c,4328508
1520,0x00420c3d,4328509
1521,0x00420c3e,4328510
1522,0x00420c4f,4328527
1523,0x00420c53,4328531
1524,0x00420c55,4328533
1525,0x00420c57,4328535
1526,0x00420c58,4328536
1527,0x00420c5a,4328538
1528,0x00420c5b,4328539
1529,0x00420c5c,4328540
1530,0x00420c5e,4328542
1531,0x00420c61,4328545
1532,0x00420c62,4328546
1533,0x00420c63,4328547
1534,0x00420c64,4328548
1535,0x00420c65,4328549
1536,0x00420c66,4328550
1537,0x00420c67,4328551
1538,0x00420c68,4328552
1539,0x00420c69,4328553
1540,0x00420c6a,4328554
1541,0x00420c6b,4328555
1542,0x00420c6c,4328556
1543,0x00420c6d,4328557
1544,0x00420c6e,4328558
1545,0x00420c71,4328561
1546,0x00420c74,4328564
1547,0x00420c79,4328569
1548,0x00420c7c,4328572
1549,0x00420c8b,4328587
1550,0x00420c8e,4328590
1551,0x00420c94,4328596
1552,0x00420c95,4328597
1553,0x00420c9a,4328602
1554,0x00420c9b,4328603
1555,0x00420c9c,4328604
1556,0x00420c9d,4328605
1557,0x00420c9e,4328606
1558,0x00420c9f,4328607
1559,0x00420ca0,4328608
1560,0x00420ca4,4328612
1561,0x00420ca5,4328613
1562,0x00420ca7,4328615
1563,0x00420ca8,4328616
1564,0x00420ca9,4328617
1565,0x00420caa,4328618
1566,0x00420cab,4328619
1567,0x00420cac,4328620
1568,0x00420cae,4328622
1569,0x00420cb0,4328624
1570,0x00420cb1,4328625
1571,0x00420cb6,4328630
1572,0x00420cb7,4328631
1573,0x00420cbb,4328635
1574,0x00420cbc,4328636
1575,0x00420cbe,4328638
1576,0x00420cbf,4328639
1577,0x00420cc0,4328640
1578,0x00420cc1,4328641
1579,0x00420cc2,4328642
1580,0x00420cc3,4328643
1581,0x00420cc4,4328644
1582,0x00420cc5,4328645
1583,0x00420cc9,4328649
1584,0x00420ccb,4328651
1585,0x00420ccc,4328652
1586,0x00420cce,4328654
1587,0x00420cd0,4328656
1588,0x00420cd1,4328657
1589,0x00420cd2,4328658
1590,0x00420cd3,4328659
1591,0x00420cd6,4328662
1592,0x00420cd7,4328663
1593,0x00420cdb,4328667
1594,0x00420cdc,4328668
1595,0x00420cde,4328670
1596,0x00420cdf,4328671
1597,0x00420ce0,4328672
1598,0x00420ce1,4328673
1599,0x00420ce2,4328674
1600,0x00420ce3,4328675
1601,0x00420ce4,4328676
1602,0x00420ce5,4328677
1603,0x00420ce9,4328681
1604,0x00420cea,4328682
1605,0x00420ceb,4328683
1606,0x00420cec,4328684
1607,0x00420cee,4328686
1608,0x00420cef,4328687
1609,0x00420cf0,4328688
1610,0x00420cf1,4328689
1611,0x00420cf2,4328690
1612,0x00420cf3,4328691
1613,0x00420cf7,4328695
1614,0x00420cf8,4328696
1615,0x00420cf9,4328697
1616,0x00420cfa,4328698
1617,0x00420cfb,4328699
1618,0x00420cfc,4328700
1619,0x00420cfe,4328702
1620,0x00420cff,4328703
1621,0x00420d00,4328704
1622,0x00420d01,4328705
1623,0x00420d02,4328706
1624,0x00420d03,4328707
1625,0x00420d04,4328708
1626,0x00420d07,4328711
1627,0x00420d08,4328712
1628,0x00420d09,4328713
1629,0x00420d0a,4328714
1630,0x00420d0b,4328715
1631,0x00420d0c,4328716
1632,0x00420d0d,4328717
1633,0x00420d0e,4328718
1634,0x00420d0f,4328719
1635,0x00420d10,4328720
1636,0x00420d14,4328724
1637,0x00420d16,4328726
1638,0x00420d17,4328727
1639,0x00420d19,4328729
1640,0x00420d1a,4328730
1641,0x00420d21,4328737
1642,0x00420d22,4328738
1643,0x00420d23,4328739
1644,0x00420d24,4328740
1645,0x00420d25,4328741
1646,0x00420d26,4328742
1647,0x00420d27,4328743
1648,0x00420d2c,4328748
1649,0x00420d2d,4328749
1650,0x00420d2f,4328751
1651,0x00420d30,4328752
1652,0x00420d31,4328753
1653,0x00420d32,4328754
1654,0x00420d33,4328755
1655,0x00420d34,4328756
1656,0x00420d35,4328757
1657,0x00420d38,4328760
1658,0x00420d39,4328761
1659,0x00420d3d,4328765
1660,0x00420d3e,4328766
1661,0x00420d40,4328768
1662,0x00420d41,4328769
1663,0x00420d42,4328770
1664,0x00420d43,4328771
1665,0x00420d44,4328772
1666,0x00420d45,4328773
1667,0x00420d48,4328776
1668,0x00420d49,4328777
1669,0x00420d4b,4328779
1670,0x00420d4c,4328780
1671,0x00420d4e,4328782
1672,0x00420d4f,4328783
1673,0x00420d51,4328785
1674,0x00420d52,4328786
1675,0x00420d57,4328791
1676,0x00420d58,4328792
1677,0x00420d5c,4328796
1678,0x00420d5e,4328798
1679,0x00420d5f,4328799
1680,0x00420d60,4328800
1681,0x00420d61,4328801
1682,0x00420d62,4328802
1683,0x00420d63,4328803
1684,0x00420d67,4328807
1685,0x00420d69,4328809
1686,0x00420d6a,4328810
1687,0x00420d6b,4328811
1688,0x00420d6c,4328812
1689,0x00420d6d,4328813
1690,0x00420d6e,4328814
1691,0x00420d72,4328818
1692,0x00420d76,4328822
1693,0x00420d77,4328823
1694,0x00420d79,4328825
1695,0x00420d7a,4328826
1696,0x00420d7b,4328827
1697,0x00420d7c,4328828
1698,0x00420d7d,4328829
1699,0x00420d81,4328833
1700,0x00420d83,4328835
1701,0x00420d84,4328836
1702,0x00420d85,4328837
1703,0x00420d86,4328838
1704,0x00420d87,4328839
1705,0x00420d8b,4328843
1706,0x00420d8c,4328844
1707,0x00420d90,4328848
1708,0x00420d91,4328849
1709,0x00420d93,4328851
1710,0x00420d95,4328853
1711,0x00420d96,4328854
1712,0x00420d97,4328855
1713,0x00420d98,4328856
1714,0x00420d9b,4328859
1715,0x00420d9c,4328860
1716,0x00420d9d,4328861
1717,0x00420d9e,4328862
1718,0x00420d9f,4328863
1719,0x00420da0,4328864
1720,0x00420da1,4328865
1721,0x00420da5,4328869
1722,0x00420da9,4328873
1723,0x00420daa,4328874
1724,0x00420dac,4328876
1725,0x00420dad,4328877
1726,0x00420dae,4328878
1727,0x00420daf,4328879
1728,0x00420db3,4328883
1729,0x00420db6,4328886
1730,0x00420db7,4328887
1731,0x00420db8,4328888
1732,0x00420db9,4328889
1733,0x00420dbe,4328894
1734,0x00420dbf,4328895
1735,0x00420dc2,4328898
1736,0x00420dc3,4328899
1737,0x00420dc4,4328900
1738,0x00420dc6,4328902
1739,0x00420dc8,4328904
1740,0x00420dc9,4328905
1741,0x00420dca,4328906
1742,0x00420dcd,4328909
1743,0x00420dce,4328910
1744,0x00420dd0,4328912
1745,0x00420dd1,4328913
1746,0x00420dd2,4328914
1747,0x00420dd3,4328915
1748,0x00420dd8,4328920
1749,0x00420ddc,4328924
1750,0x00420ddd,4328925
1751,0x00420ddf,4328927
1752,0x00420de0,4328928
1753,0x00420de1,4328929
1754,0x00420de2,4328930
1755,0x00420de3,4328931
1756,0x00420de7,4328935
1757,0x00420de8,4328936
1758,0x00420dea,4328938
1759,0x00420deb,4328939
1760,0x00420dec,4328940
1761,0x00420ded,4328941
1762,0x00420df2,4328946
1763,0x00420df3,4328947
1764,0x00420df6,4328950
1765,0x00420df7,4328951
1766,0x00420df8,4328952
1767,0x00420dfa,4328954
1768,0x00420dfb,4328955
1769,0x00420dfc,4328956
1770,0x00420dfd,4328957
1771,0x00420dfe,4328958
1772,0x00420e01,4328961
1773,0x00420e02,4328962
1774,0x00420e04,4328964
1775,0x00420e05,4328965
1776,0x00420e06,4328966
1777,0x00420e07,4328967
1778,0x00420e0b,4328971
1779,0x00420e10,4328976
1780,0x00420e13,4328979
1781,0x00420e14,4328980
1782,0x00420e15,4328981
1783,0x00420e16,4328982
1784,0x00420e17,4328983
1785,0x00420e1a,4328986
1786,0x00420e1b,4328987
1787,0x00420e1c,4328988
1788,0x00420e1d,4328989
1789,0x00420e1e,4328990
1790,0x00420e1f,4328991
1791,0x00420e26,4328998
1792,0x00420e2a,4329002
1793,0x00420e2b,4329003
1794,0x00420e2f,4329007
1795,0x00420e30,4329008
1796,0x00420e31,4329009
1797,0x00420e32,4329010
1798,0x00420e35,4329013
1799,0x00420e36,4329014
1800,0x00420e38,4329016
1801,0x00420e39,4329017
1802,0x00420e3a,4329018
1803,0x00420e3f,4329023
1804,0x00420e40,4329024
1805,0x00420e42,4329026
1806,0x00420e44,4329028
1807,0x00420e45,4329029
1808,0x00420e47,4329031
1809,0x00420e48,4329032
1810,0x00420e49,4329033
1811,0x00420e4a,4329034
1812,0x00420e4b,4329035
1813,0x00420e4e,4329038
1814,0x00420e4f,4329039
1815,0x00420e50,4329040
1816,0x00420e51,4329041
1817,0x00420e52,4329042
1818,0x00420e53,4329043
1819,0x00420e56,4329046
1820,0x00420e57,4329047
1821,0x00420e5b,4329051
1822,0x00420e5c,4329052
1823,0x00420e5d,4329053
1824,0x00420e5e,4329054
1825,0x00420e5f,4329055
1826,0x00420e60,4329056
1827,0x00420e61,4329057
1828,0x00420e62,4329058
1829,0x00420e66,4329062
1830,0x00420e67,4329063
1831,0x00420e69,4329065
1832,0x00420e6a,4329066
1833,0x00420e6b,4329067
1834,0x00420e6f,4329071
1835,0x00420e73,4329075
1836,0x00420e74,4329076
1837,0x00420e75,4329077
1838,0x00420e76,4329078
1839,0x00420e77,4329079
1840,0x00420e78,4329080
1841,0x00420e79,4329081
1842,0x00420e7a,4329082
1843,0x00420e7e,4329086
1844,0x00420e7f,4329087
1845,0x00420e80,4329088
1846,0x00420e81,4329089
1847,0x00420e82,4329090
1848,0x00420e83,4329091
1849,0x00420e87,4329095
1850,0x00420e8b,4329099
1851,0x00420e8c,4329100
1852,0x00420e8e,4329102
1853,0x00420e8f,4329103
1854,0x00420e90,4329104
1855,0x00420e92,4329106
1856,0x00420e95,4329109
1857,0x00420e96,4329110
1858,0x00420e98,4329112
1859,0x00420e99,4329113
1860,0x00420e9a,4329114
1861,0x00420e9b,4329115
1862,0x00420e9f,4329119
1863,0x00420ea3,4329123
1864,0x00420ea4,4329124
1865,0x00420ea7,4329127
1866,0x00420ea8,4329128
1867,0x00420ea9,4329129
1868,0x00420eaa,4329130
1869,0x00420ead,4329133
1870,0x00420eae,4329134
1871,0x00420eb0,4329136
1872,0x00420eb1,4329137
1873,0x00420eb2,4329138
1874,0x00420eb3,4329139
1875,0x00420eb7,4329143
1876,0x00420eb8,4329144
1877,0x00420ebb,4329147
1878,0x00420ebc,4329148
1879,0x00420ebd,4329149
1880,0x00420ebf,4329151
1881,0x00420ec0,4329152
1882,0x00420ec1,4329153
1883,0x00420ec2,4329154
1884,0x00420ec3,4329155
1885,0x00420ec7,4329159
1886,0x00420ec9,4329161
1887,0x00420eca,4329162
1888,0x00420ecb,4329163
1889,0x00420ecf,4329167
1890,0x00420ed1,4329169
1891,0x00420ed6,4329174
1892,0x00420ed7,4329175
1893,0x00420ed9,4329177
1894,0x00420eda,4329178
1895,0x00420edb,4329179
1896,0x00420edc,4329180
1897,0x00420edd,4329181
1898,0x00420ee0,4329184
1899,0x00420ee1,4329185
1900,0x00420ee2,4329186
1901,0x00420ee3,4329187
1902,0x00420ee4,4329188
1903,0x00420ee5,4329189
1904,0x00420ee9,4329193
1905,0x00420eea,4329194
1906,0x00420eed,4329197
1907,0x00420eee,4329198
1908,0x00420ef0,4329200
1909,0x00420ef1,4329201
1910,0x00420ef2,4329202
1911,0x00420ef3,4329203
1912,0x00420ef4,4329204
1913,0x00420ef7,4329207
1914,0x00420ef8,4329208
1915,0x00420ef9,4329209
1916,0x00420efa,4329210
1917,0x00420efb,4329211
1918,0x00420efc,4329212
1919,0x00420f00,4329216
1920,0x00420f04,4329220
1921,0x00420f05,4329221
1922,0x00420f07,4329223
1923,0x00420f08,4329224
1924,0x00420f09,4329225
1925,0x00420f0a,4329226
1926,0x00420f0b,4329227
1927,0x00420f0e,4329230
1928,0x00420f11,4329233
1929,0x00420f12,4329234
1930,0x00420f13,4329235
1931,0x00420f14,4329236
1932,0x00420f17,4329239
1933,0x00420f18,4329240
1934,0x00420f1c,4329244
1935,0x00420f1d,4329245
1936,0x00420f1e,4329246
1937,0x00420f1f,4329247
1938,0x00420f20,4329248
1939,0x00420f21,4329249
1940,0x00420f22,4329250
1941,0x00420f23,4329251
1942,0x00420f26,4329254
1943,0x00420f27,4329255
1944,0x00420f2a,4329258
1945,0x00420f2b,4329259
1946,0x00420f2c,4329260
1947,0x00420f31,4329265
1948,0x00420f32,4329266
1949,0x00420f35,4329269
1950,0x00420f36,4329270
1951,0x00420f37,4329271
1952,0x00420f39,4329273
1953,0x00420f3a,4329274
1954,0x00420f3b,4329275
1955,0x00420f3c,4329276
1956,0x00420f40,4329280
1957,0x00420f41,4329281
1958,0x00420f43,4329283
1959,0x00420f44,4329284
1960,0x00420f45,4329285
1961,0x00420f46,4329286
1962,0x00420f4a,4329290
1963,0x00420f4b,4329291
1964,0x00420f4f,4329295
1965,0x00420f51,4329297
1966,0x00420f52,4329298
1967,0x00420f53,4329299
1968,0x00420f54,4329300
1969,0x00420f55,4329301
1970,0x00420f59,4329305
1971,0x00420f5a,4329306
1972,0x00420f5c,4329308
1973,0x00420f5d,4329309
1974,0x00420f5e,4329310
1975,0x00420f62,4329314
1976,0x00420f63,4329315
1977,0x00420f67,4329319
1978,0x00420f69,4329321
1979,0x00420f6a,4329322
1980,0x00420f6b,4329323
1981,0x00420f6c,4329324
1982,0x00420f6d,4329325
1983,0x00420f71,4329329
1984,0x00420f73,4329331
1985,0x00420f74,4329332
1986,0x00420f75,4329333
1987,0x00420f76,4329334
1988,0x00420f7a,4329338
1989,0x00420f7e,4329342
1990,0x00420f7f,4329343
1991,0x00420f81,4329345
1992,0x00420f82,4329346
1993,0x00420f83,4329347
1994,0x00420f84,4329348
1995,0x00420f85,4329349
1996,0x00420f88,4329352
1997,0x00420f89,4329353
1998,0x00420f8b,4329355
1999,0x00420f8c,4329356
2000,0x00420f8d,4329357
2001,0x00420f91,4329361
2002,0x00420f92,4329362
2003,0x00420f95,4329365
2004,0x00420f96,4329366
2005,0x00420f98,4329368
2006,0x00420f99,4329369
2007,0x00420f9a,4329370
2008,0x00420f9b,4329371
2009,0x00420f9c,4329372
2010,0x00420fa0,4329376
2011,0x00420fa3,4329379
2012,0x00420fa4,4329380
2013,0x00420fa5,4329381
2014,0x00420faa,4329386
2015,0x00420fab,4329387
2016,0x00420fae,4329390
2017,0x00420faf,4329391
2018,0x00420fb0,4329392
2019,0x00420fb2,4329394
2020,0x00420fb3,4329395
2021,0x00420fb4,4329396
2022,0x00420fb5,4329397
2023,0x00420fb6,4329398
2024,0x00420fb9,4329401
2025,0x00420fba,4329402
2026,0x00420fbb,4329403
2027,0x00420fbc,4329404
2028,0x00420fbd,4329405
2029,0x00420fbe,4329406
2030,0x00420fc2,4329410
2031,0x00420fc6,4329414
2032,0x00420fc7,4329415
2033,0x00420fc9,4329417
2034,0x00420fca,4329418
2035,0x00420fcb,4329419
2036,0x00420fcc,4329420
2037,0x00420fd0,4329424
2038,0x00420fd1,4329425
2039,0x00420fd3,4329427
2040,0x00420fd4,4329428
2041,0x00420fd5,4329429
2042,0x00420fd9,4329433
2043,0x00420fdd,4329437
2044,0x00420fde,4329438
2045,0x00420fe0,4329440
2046,0x00420fe1,4329441
2047,0x00420fe2,4329442
2048,0x00420fe3,4329443
2049,0x00420fe4,4329444
2050,0x00420fe8,4329448
2051,0x00420fea,4329450
2052,0x00420feb,4329451
2053,0x00420fec,4329452
2054,0x00420ff0,4329456
2055,0x00420ff1,4329457
2056,0x00420ff5,4329461
2057,0x00420ff6,4329462
2058,0x00420ff8,4329464
2059,0x00420ff9,4329465
2060,0x00420ffa,4329466
2061,0x00420ffb,4329467
2062,0x00420ffc,4329468
2063,0x00420fff,4329471
2064,0x00421000,4329472
2065,0x00421002,4329474
2066,0x00421003,4329475
2067,0x00421004,4329476
2068,0x00421008,4329480
2069,0x0042100c,4329484
2070,0x0042100d,4329485
2071,0x0042100f,4329487
2072,0x00421010,4329488
2073,0x00421011,4329489
2074,0x00421012,4329490
2075,0x00421013,4329491
2076,0x00421017,4329495
2077,0x00421019,4329497
2078,0x0042101a,4329498
2079,0x0042101b,4329499
2080,0x00421020,4329504
2081,0x00421021,4329505
2082,0x00421023,4329507
2083,0x00421025,4329509
2084,0x00421027,4329511
2085,0x00421028,4329512
2086,0x00421029,4329513
2087,0x0042102a,4329514
2088,0x0042102b,4329515
2089,0x0042102e,4329518
2090,0x0042102f,4329519
2091,0x00421031,4329521
2092,0x00421032,4329522
2093,0x00421033,4329523
2094,0x00421034,4329524
2095,0x00421037,4329527
2096,0x0042103b,4329531
2097,0x0042103c,4329532
2098,0x0042103d,4329533
2099,0x0042103f,4329535
2100,0x00421040,4329536
2101,0x00421041,4329537
2102,0x00421042,4329538
2103,0x00421045,4329541
2104,0x00421046,4329542
2105,0x00421048,4329544
2106,0x00421049,4329545
2107,0x0042104a,4329546
2108,0x0042104e,4329550
2109,0x0042104f,4329551
2110,0x00421050,4329552
2111,0x00421055,4329557
2112,0x00421056,4329558
2113,0x00421058,4329560
2114,0x00421059,4329561
2115,0x0042105a,4329562
2116,0x0042105b,4329563
2117,0x0042105c,4329564
2118,0x0042105f,4329567
2119,0x00421060,4329568
2120,0x00421062,4329570
2121,0x00421063,4329571
2122,0x00421064,4329572
2123,0x00421065,4329573
2124,0x00421068,4329576
2125,0x00421069,4329577
2126,0x0042106d,4329581
2127,0x0042106e,4329582
2128,0x00421070,4329584
2129,0x00421071,4329585
2130,0x00421072,4329586
2131,0x00421073,4329587
2132,0x00421074,4329588
2133,0x00421077,4329591
2134,0x0042107a,4329594
2135,0x0042107b,4329595
2136,0x0042107c,4329596
2137,0x0042107d,4329597
2138,0x00421080,4329600
2139,0x00421081,4329601
2140,0x00421085,4329605
2141,0x00421087,4329607
2142,0x00421088,4329608
2143,0x00421089,4329609
2144,0x0042108a,4329610
2145,0x0042108b,4329611
2146,0x0042108e,4329614
2147,0x0042108f,4329615
2148,0x00421091,4329617
2149,0x00421092,4329618
2150,0x00421093,4329619
2151,0x00421094,4329620
2152,0x00421098,4329624
2153,0x00421099,4329625
2154,0x0042109b,4329627
2155,0x0042109d,4329629
2156,0x0042109e,4329630
2157,0x0042109f,4329631
2158,0x004210a0,4329632
2159,0x004210a1,4329633
2160,0x004210a2,4329634
2161,0x004210a3,4329635
2162,0x004210a7,4329639
2163,0x004210a8,4329640
2164,0x004210a9,4329641
2165,0x004210aa,4329642
2166,0x004210ab,4329643
2167,0x004210ac,4329644
2168,0x004210b0,4329648
2169,0x004210b4,4329652
2170,0x004210b5,4329653
2171,0x004210b7,4329655
2172,0x004210b8,4329656
2173,0x004210b9,4329657
2174,0x004210ba,4329658
2175,0x004210bb,4329659
2176,0x004210be,4329662
2177,0x004210bf,4329663
2178,0x004210c0,4329664
2179,0x004210c1,4329665
2180,0x004210c2,4329666
2181,0x004210c3,4329667
2182,0x004210c7,4329671
2183,0x004210c9,4329673
2184,0x004210cb,4329675
2185,0x004210cc,4329676
2186,0x004210ce,4329678
2187,0x004210cf,4329679
2188,0x004210d0,4329680
2189,0x004210d1,4329681
2190,0x004210d2,4329682
2191,0x004210d6,4329686
2192,0x004210d7,4329687
2193,0x004210d9,4329689
2194,0x004210da,4329690
2195,0x004210db,4329691
2196,0x004210df,4329695
2197,0x004210e0,4329696
2198,0x004210e4,4329700
2199,0x004210e5,4329701
2200,0x004210e7,4329703
2201,0x004210e8,4329704
2202,0x004210e9,4329705
2203,0x004210ea,4329706
2204,0x004210ee,4329710
2205,0x004210f0,4329712
2206,0x004210f1,4329713
2207,0x004210f2,4329714
2208,0x004210f3,4329715
2209,0x004210f7,4329719
2210,0x004210f9,4329721
2211,0x004210fd,4329725
2212,0x004210fe,4329726
2213,0x00421100,4329728
2214,0x00421101,4329729
2215,0x00421102,4329730
2216,0x00421103,4329731
2217,0x00421104,4329732
2218,0x00421108,4329736
2219,0x00421109,4329737
2220,0x0042110a,4329738
2221,0x0042110b,4329739
2222,0x0042110c,4329740
2223,0x0042110d,4329741
2224,0x00421112,4329746
2225,0x00421113,4329747
2226,0x00421114,4329748
2227,0x00421116,4329750
2228,0x00421119,4329753
2229,0x0042111a,4329754
2230,0x0042111b,4329755
2231,0x0042111c,4329756
2232,0x0042111d,4329757
2233,0x0042111e,4329758
2234,0x0042111f,4329759
2235,0x00421123,4329763
2236,0x00421124,4329764
2237,0x00421126,4329766
2238,0x00421127,4329767
2239,0x00421128,4329768
2240,0x0042112c,4329772
2241,0x0042112d,4329773
2242,0x00421131,4329777
2243,0x00421134,4329780
2244,0x00421135,4329781
2245,0x00421136,4329782
2246,0x00421137,4329783
2247,0x0042113b,4329787
2248,0x0042113c,4329788
2249,0x0042113e,4329790
2250,0x0042113f,4329791
2251,0x00421140,4329792
2252,0x00421144,4329796
2253,0x00421145,4329797
2254,0x00421148,4329800
2255,0x00421149,4329801
2256,0x0042114a,4329802
2257,0x0042114b,4329803
2258,0x0042114c,4329804
2259,0x0042114d,4329805
2260,0x0042114e,4329806
2261,0x0042114f,4329807
2262,0x00421150,4329808
2263,0x00421153,4329811
2264,0x00421156,4329814
2265,0x00421157,4329815
2266,0x00421158,4329816
2267,0x0042115c,4329820
2268,0x00421160,4329824
2269,0x00421161,4329825
2270,0x00421162,4329826
2271,0x00421163,4329827
2272,0x00421164,4329828
2273,0x00421165,4329829
2274,0x00421166,4329830
2275,0x00421167,4329831
2276,0x0042116b,4329835
2277,0x0042116c,4329836
2278,0x0042116d,4329837
2279,0x0042116e,4329838
2280,0x0042116f,4329839
2281,0x00421170,4329840
2282,0x00421171,4329841
2283,0x00421172,4329842
2284,0x00421173,4329843
2285,0x00421174,4329844
2286,0x00421175,4329845
2287,0x00421176,4329846
2288,0x00421177,4329847
2289,0x00421178,4329848
2290,0x00421179,4329849
2291,0x0042117a,4329850
2292,0x0042117b,4329851
2293,0x0042117c,4329852
2294,0x0042117d,4329853
2295,0x0042117e,4329854
2296,0x0042117f,4329855
2297,0x00421180,4329856
2298,0x00421182,4329858
2299,0x00421183,4329859
2300,0x00421184,4329860
2301,0x00421186,4329862
2302,0x00421187,4329863
2303,0x00421188,4329864
2304,0x00421189,4329865
2305,0x0042118a,4329866
2306,0x0042118d,4329869
2307,0x0042118e,4329870
2308,0x0042118f,4329871
2309,0x00421192,4329874
2310,0x00421193,4329875
2311,0x00421194,4329876
2312,0x00421196,4329878
2313,0x00421197,4329879
2314,0x00421198,4329880
2315,0x00421199,4329881
2316,0x0042119a,4329882
2317,0x0042119e,4329886
2318,0x004211a1,4329889
2319,0x004211a2,4329890
2320,0x004211a3,4329891
2321,0x004211a4,4329892
2322,0x004211a7,4329895
2323,0x004211a8,4329896
2324,0x004211ac,4329900
2325,0x004211ad,4329901
2326,0x004211af,4329903
2327,0x004211b0,4329904
2328,0x004211b1,4329905
2329,0x004211b2,4329906
2330,0x004211b6,4329910
2331,0x004211b8,4329912
2332,0x004211b9,4329913
2333,0x004211ba,4329914
2334,0x004211bb,4329915
2335,0x004211be,4329918
2336,0x004211c0,4329920
2337,0x004211c5,4329925
2338,0x004211c6,4329926
2339,0x004211c7,4329927
2340,0x004211c8,4329928
2341,0x004211c9,4329929
2342,0x004211ca,4329930
2343,0x004211cb,4329931
2344,0x004211cf,4329935
2345,0x004211d0,4329936
2346,0x004211d1,4329937
2347,0x004211d2,4329938
2348,0x004211d3,4329939
2349,0x004211d4,4329940
2350,0x004211d8,4329944
2351,0x004211dc,4329948
2352,0x004211dd,4329949
2353,0x004211df,4329951
2354,0x004211e1,4329953
2355,0x004211e2,4329954
2356,0x004211e3,4329955
2357,0x004211e6,4329958
2358,0x004211e7,4329959
2359,0x004211e9,4329961
2360,0x004211ea,4329962
2361,0x004211eb,4329963
2362,0x004211ec,4329964
2363,0x004211ef,4329967
2364,0x004211f0,4329968
2365,0x004211f4,4329972
2366,0x004211f5,4329973
2367,0x004211f6,4329974
2368,0x004211f7,4329975
2369,0x004211f8,4329976
2370,0x004211f9,4329977
2371,0x004211fa,4329978
2372,0x004211fe,4329982
2373,0x004211ff,4329983
2374,0x00421201,4329985
2375,0x00421202,4329986
2376,0x00421203,4329987
2377,0x00421208,4329992
2378,0x00421209,4329993
2379,0x0042120b,4329995
2380,0x0042120d,4329997
2381,0x0042120e,4329998
2382,0x00421210,4330000
2383,0x00421211,4330001
2384,0x00421212,4330002
2385,0x00421213,4330003
2386,0x00421214,4330004
2387,0x00421218,4330008
2388,0x0042121a,4330010
2389,0x0042121b,4330011
2390,0x0042121c,4330012
2391,0x00421220,4330016
2392,0x00421221,4330017
2393,0x00421225,4330021
2394,0x00421226,4330022
2395,0x00421227,4330023
2396,0x00421228,4330024
2397,0x00421229,4330025
2398,0x0042122a,4330026
2399,0x0042122b,4330027
2400,0x0042122f,4330031
2401,0x00421230,4330032
2402,0x00421231,4330033
2403,0x00421232,4330034
2404,0x00421233,4330035
2405,0x00421234,4330036
2406,0x00421235,4330037
2407,0x00421236,4330038
2408,0x00421238,4330040
2409,0x0042123c,4330044
2410,0x0042123d,4330045
2411,0x0042123f,4330047
2412,0x00421240,4330048
2413,0x00421241,4330049
2414,0x00421242,4330050
2415,0x00421243,4330051
2416,0x00421244,4330052
2417,0x00421245,4330053
2418,0x00421246,4330054
2419,0x00421247,4330055
2420,0x00421248,4330056
2421,0x00421249,4330057
2422,0x0042124a,4330058
2423,0x0042124b,4330059
2424,0x0042124c,4330060
2425,0x0042124d,4330061
2426,0x0042124e,4330062
2427,0x0042124f,4330063
2428,0x00421250,4330064
2429,0x00421251,4330065
2430,0x00421252,4330066
2431,0x00421253,4330067
2432,0x00421254,4330068
2433,0x00421255,4330069
2434,0x00421256,4330070
2435,0x00421257,4330071
2436,0x00421258,4330072
2437,0x00421259,4330073
2438,0x0042125a,4330074
2439,0x0042125b,4330075
2440,0x0042125c,4330076
2441,0x0042125d,4330077
2442,0x0042125e,4330078
2443,0x0042125f,4330079
2444,0x00421260,4330080
2445,0x00421261,4330081
2446,0x00421262,4330082
2447,0x00421263,4330083
2448,0x00421264,4330084
2449,0x00421266,4330086
2450,0x00421267,4330087
2451,0x00421268,4330088
2452,0x00421269,4330089
2453,0x0042126a,4330090
2454,0x00421270,4330096
2455,0x00421271,4330097
2456,0x00421273,4330099
2457,0x00421274,4330100
2458,0x00421275,4330101
2459,0x00421276,4330102
2460,0x00421277,4330103
2461,0x00421278,4330104
2462,0x00421279,4330105
2463,0x0042127a,4330106
2464,0x0042127f,4330111
2465,0x00421280,4330112
2466,0x00421282,4330114
2467,0x00421284,4330116
2468,0x00421285,4330117
2469,0x00421286,4330118
2470,0x00421287,4330119
2471,0x00421288,4330120
2472,0x00421289,4330121
2473,0x0042128a,4330122
2474,0x0042128b,4330123
2475,0x0042128c,4330124
2476,0x0042128d,4330125
2477,0x0042128e,4330126
2478,0x0042128f,4330127
2479,0x00421290,4330128
2480,0x00421291,4330129
2481,0x00421292,4330130
2482,0x00421293,4330131
2483,0x00421294,4330132
2484,0x00421297,4330135
2485,0x00421298,4330136
2486,0x00421299,4330137
2487,0x0042129a,4330138
2488,0x0042129b,4330139
2489,0x0042129c,4330140
2490,0x0042129d,4330141
2491,0x0042129e,4330142
2492,0x0042129f,4330143
2493,0x004212a0,4330144
2494,0x004212a1,4330145
2495,0x004212a2,4330146
2496,0x004212a3,4330147
2497,0x004212a4,4330148
2498,0x004212a7,4330151
2499,0x004212a8,4330152
2500,0x004212a9,4330153
2501,0x004212aa,4330154
2502,0x004212ab,4330155
2503,0x004212ac,4330156
2504,0x004212ad,4330157
2505,0x004212ae,4330158
2506,0x004212af,4330159
2507,0x004212b0,4330160
2508,0x004212b1,4330161
2509,0x004212b3,4330163
2510,0x004212b4,4330164
2511,0x004212b5,4330165
2512,0x004212b7,4330167
2513,0x004212b8,4330168
2514,0x004212b9,4330169
2515,0x004212ba,4330170
2516,0x004212bb,4330171
2517,0x004212bc,4330172
2518,0x004212bd,4330173
2519,0x004212bf,4330175
2520,0x004212c0,4330176
2521,0x004212c1,4330177
2522,0x004212c2,4330178
2523,0x004212c3,4330179
2524,0x004212c4,4330180
2525,0x004212c5,4330181
2526,0x004212ca,4330186
2527,0x004212cb,4330187
2528,0x004212cc,4330188
2529,0x004212cd,4330189
2530,0x004212ce,4330190
2531,0x004212d0,4330192
2532,0x004212d1,4330193
2533,0x004212d2,4330194
2534,0x004212d3,4330195
2535,0x004212d4,4330196
2536,0x004212d5,4330197
2537,0x004212d6,4330198
2538,0x004212d7,4330199
2539,0x004212d8,4330200
2540,0x004212d9,4330201
2541,0x004212da,4330202
2542,0x004212db,4330203
2543,0x004212dc,4330204
2544,0x004212dd,4330205
2545,0x004212de,4330206
2546,0x004212df,4330207
2547,0x004212e0,4330208
2548,0x004212e3,4330211
2549,0x004212e4,4330212
2550,0x004212e5,4330213
2551,0x004212e6,4330214
2552,0x004212e7,4330215
2553,0x004212e8,4330216
2554,0x004212e9,4330217
2555,0x004212ea,4330218
2556,0x004212eb,4330219
2557,0x004212ec,4330220
2558,0x004212ed,4330221
2559,0x004212ee,4330222
2560,0x004212ef,4330223
2561,0x004212f2,4330226
2562,0x004212f3,4330227
2563,0x004212f5,4330229
2564,0x004212f6,4330230
2565,0x004212f7,4330231
2566,0x004212f8,4330232
2567,0x004212f9,4330233
2568,0x004212fa,4330234
2569,0x004212fb,4330235
2570,0x004212fc,4330236
2571,0x004212fd,4330237
2572,0x00421300,4330240
2573,0x00421301,4330241
2574,0x00421303,4330243
2575,0x00421304,4330244
2576,0x00421305,4330245
2577,0x00421306,4330246
2578,0x00421307,4330247
2579,0x00421308,4330248
2580,0x00421309,4330249
2581,0x0042130a,4330250
2582,0x0042130d,4330253
2583,0x0042130e,4330254
2584,0x0042130f,4330255
2585,0x00421314,4330260
2586,0x00421315,4330261
2587,0x00421316,4330262
2588,0x00421317,4330263
2589,0x00421318,4330264
2590,0x00421319,4330265
2591,0x0042131b,4330267
2592,0x0042131c,4330268
2593,0x0042131d,4330269
2594,0x0042131e,4330270
2595,0x0042131f,4330271
2596,0x00421320,4330272
2597,0x00421321,4330273
2598,0x00421322,4330274
2599,0x00421325,4330277
2600,0x00421327,4330279
2601,0x00421328,4330280
2602,0x00421329,4330281
2603,0x0042132a,4330282
2604,0x0042132b,4330283
2605,0x0042132c,4330284
2606,0x0042132d,4330285
2607,0x0042132e,4330286
2608,0x00421330,4330288
2609,0x00421332,4330290
2610,0x00421334,4330292
2611,0x00421335,4330293
2612,0x00421336,4330294
2613,0x00421337,4330295
2614,0x00421338,4330296
2615,0x00421339,4330297
2616,0x0042133a,4330298
2617,0x0042133b,4330299
2618,0x0042133c,4330300
2619,0x0042133d,4330301
2620,0x0042133e,4330302
2621,0x0042133f,4330303
2622,0x00421340,4330304
2623,0x00421342,4330306
2624,0x00421343,4330307
2625,0x00421344,4330308
2626,0x00421345,4330309
2627,0x00421347,4330311
2628,0x00421348,4330312
2629,0x00421349,4330313
2630,0x0042134a,4330314
2631,0x0042134b,4330315
2632,0x0042134e,4330318
2633,0x0042134f,4330319
2634,0x00421351,4330321
2635,0x00421352,4330322
2636,0x00421353,4330323
2637,0x00421354,4330324
2638,0x00421357,4330327
2639,0x00421358,4330328
2640,0x0042135a,4330330
2641,0x0042135b,4330331
2642,0x0042135c,4330332
2643,0x0042135d,4330333
2644,0x00421361,4330337
2645,0x00421362,4330338
2646,0x00421364,4330340
2647,0x00421365,4330341
2648,0x00421366,4330342
2649,0x00421368,4330344
2650,0x00421369,4330345
2651,0x0042136a,4330346
2652,0x0042136b,4330347
2653,0x0042136c,4330348
2654,0x0042136d,4330349
2655,0x0042136e,4330350
2656,0x0042136f,4330351
2657,0x00421372,4330354
2658,0x00421373,4330355
2659,0x00421374,4330356
2660,0x00421375,4330357
2661,0x00421376,4330358
2662,0x00421377,4330359
2663,0x00421378,4330360
2664,0x00421379,4330361
2665,0x0042137a,4330362
2666,0x0042137d,4330365
2667,0x0042137e,4330366
2668,0x00421381,4330369
2669,0x00421382,4330370
2670,0x00421384,4330372
2671,0x00421385,4330373
2672,0x00421386,4330374
2673,0x00421387,4330375
2674,0x00421388,4330376
2675,0x00421389,4330377
2676,0x0042138a,4330378
2677,0x0042138b,4330379
2678,0x0042138d,4330381
2679,0x0042138e,4330382
2680,0x0042138f,4330383
2681,0x00421390,4330384
2682,0x00421391,4330385
2683,0x00421392,4330386
2684,0x00421393,4330387
2685,0x00421394,4330388
2686,0x00421395,4330389
2687,0x00421396,4330390
2688,0x00421399,4330393
2689,0x0042139a,4330394
2690,0x0042139b,4330395
2691,0x0042139c,4330396
2692,0x0042139d,4330397
2693,0x0042139e,4330398
2694,0x0042139f,4330399
2695,0x004213a0,4330400
2696,0x004213a4,4330404
2697,0x004213a6,4330406
2698,0x004213a7,4330407
2699,0x004213a8,4330408
2700,0x004213a9,4330409
2701,0x004213ad,4330413
2702,0x004213ae,4330414
2703,0x004213af,4330415
2704,0x004213b1,4330417
2705,0x004213b2,4330418
2706,0x004213b3,4330419
2707,0x004213b5,4330421
2708,0x004213b6,4330422
2709,0x004213b7,4330423
2710,0x004213b8,4330424
2711,0x004213b9,4330425
2712,0x004213ba,4330426
2713,0x004213bb,4330427
2714,0x004213bd,4330429
2715,0x004213be,4330430
2716,0x004213bf,4330431
2717,0x004213c0,4330432
2718,0x004213c1,4330433
2719,0x004213c2,4330434
2720,0x004213c3,4330435
2721,0x004213c4,4330436
2722,0x004213c5,4330437
2723,0x004213c6,4330438
2724,0x004213c9,4330441
2725,0x004213ca,4330442
2726,0x004213cc,4330444
2727,0x004213cd,4330445
2728,0x004213ce,4330446
2729,0x004213cf,4330447
2730,0x004213d1,4330449
2731,0x004213d2,4330450
2732,0x004213d3,4330451
2733,0x004213d4,4330452
2734,0x004213d5,4330453
2735,0x004213d6,4330454
2736,0x004213da,4330458
2737,0x004213db,4330459
2738,0x004213dd,4330461
2739,0x004213de,4330462
2740,0x004213df,4330463
2741,0x004213e0,4330464
2742,0x004213e1,4330465
2743,0x004213e2,4330466
2744,0x004213e4,4330468
2745,0x004213e5,4330469
2746,0x004213e6,4330470
2747,0x004213e7,4330471
2748,0x004213e8,4330472
2749,0x004213ea,4330474
2750,0x004213eb,4330475
2751,0x004213ec,4330476
2752,0x004213ed,4330477
2753,0x004213ee,4330478
2754,0x004213ef,4330479
2755,0x004213f0,4330480
2756,0x004213f1,4330481
2757,0x004213f4,4330484
2758,0x004213f6,4330486
2759,0x004213f7,4330487
2760,0x004213f8,4330488
2761,0x004213f9,4330489
2762,0x004213fd,4330493
2763,0x004213fe,4330494
2764,0x00421401,4330497
2765,0x00421402,4330498
2766,0x00421403,4330499
2767,0x00421404,4330500
2768,0x00421405,4330501
2769,0x00421406,4330502
2770,0x00421407,4330503
2771,0x00421408,4330504
2772,0x00421409,4330505
2773,0x0042140a,4330506
2774,0x0042140b,4330507
2775,0x0042140d,4330509
2776,0x0042140e,4330510
2777,0x0042140f,4330511
2778,0x00421410,4330512
2779,0x00421411,4330513
2780,0x00421412,4330514
2781,0x00421413,4330515
2782,0x00421414,4330516
2783,0x00421415,4330517
2784,0x00421416,4330518
2785,0x00421417,4330519
2786,0x00421419,4330521
2787,0x0042141b,4330523
2788,0x0042141d,4330525
2789,0x0042141e,4330526
2790,0x0042141f,4330527
2791,0x00421420,4330528
2792,0x00421421,4330529
2793,0x00421422,4330530
2794,0x00421423,4330531
2795,0x00421424,4330532
2796,0x00421425,4330533
2797,0x00421426,4330534
2798,0x00421427,4330535
2799,0x00421429,4330537
2800,0x0042142a,4330538
2801,0x0042142b,4330539
2802,0x0042142c,4330540
2803,0x0042142d,4330541
2804,0x0042142e,4330542
2805,0x0042142f,4330543
2806,0x00421430,4330544
2807,0x00421431,4330545
2808,0x00421436,4330550
2809,0x00421437,4330551
2810,0x00421438,4330552
2811,0x00421439,4330553
2812,0x0042143a,4330554
2813,0x0042143b,4330555
2814,0x0042143c,4330556
2815,0x0042143d,4330557
2816,0x0042143e,4330558
2817,0x0042143f,4330559
2818,0x00421440,4330560
2819,0x00421441,4330561
2820,0x00421442,4330562
2821,0x00421443,4330563
2822,0x00421444,4330564
2823,0x00421445,4330565
2824,0x00421447,4330567
2825,0x00421449,4330569
2826,0x0042144a,4330570
2827,0x0042144b,4330571
2828,0x0042144c,4330572
2829,0x0042144d,4330573
2830,0x0042144e,4330574
2831,0x0042144f,4330575
2832,0x00421450,4330576
2833,0x00421451,4330577
2834,0x00421452,4330578
2835,0x00421453,4330579
2836,0x00421454,4330580
2837,0x00421455,4330581
2838,0x00421456,4330582
2839,0x00421457,4330583
2840,0x00421458,4330584
2841,0x00421459,4330585
2842,0x0042145a,4330586
2843,0x0042145b,4330587
2844,0x0042145c,4330588
2845,0x0042145d,4330589
2846,0x0042145e,4330590
2847,0x0042145f,4330591
2848,0x00421460,4330592
2849,0x00421462,4330594
2850,0x00421463,4330595
2851,0x00421464,4330596
2852,0x00421465,4330597
2853,0x00421466,4330598
2854,0x00421467,4330599
2855,0x0042146b,4330603
2856,0x0042146c,4330604
2857,0x0042146d,4330605
2858,0x0042146e,4330606
2859,0x00421470,4330608
2860,0x00421471,4330609
2861,0x00421472,4330610
2862,0x00421473,4330611
2863,0x00421474,4330612
2864,0x00421475,4330613
2865,0x00421476,4330614
2866,0x00421477,4330615
2867,0x00421478,4330616
2868,0x00421479,4330617
2869,0x0042147a,4330618
2870,0x0042147b,4330619
2871,0x0042147c,4330620
2872,0x0042147e,4330622
2873,0x0042147f,4330623
2874,0x00421480,4330624
2875,0x00421481,4330625
2876,0x00421482,4330626
2877,0x00421483,4330627
2878,0x00421484,4330628
2879,0x00421485,4330629
2880,0x00421486,4330630
2881,0x00421487,4330631
2882,0x00421488,4330632
2883,0x00421489,4330633
2884,0x0042148a,4330634
2885,0x0042148b,4330635
2886,0x0042148d,4330637
2887,0x0042148e,4330638
2888,0x0042148f,4330639
2889,0x00421490,4330640
2890,0x00421491,4330641
2891,0x00421492,4330642
2892,0x00421493,4330643
2893,0x00421494,4330644
2894,0x00421495,4330645
2895,0x00421497,4330647
2896,0x00421498,4330648
2897,0x00421499,4330649
2898,0x0042149a,4330650
2899,0x0042149b,4330651
2900,0x0042149c,4330652
2901,0x004214a0,4330656
2902,0x004214a1,4330657
2903,0x004214a2,4330658
2904,0x004214a4,4330660
2905,0x004214a5,4330661
2906,0x004214a6,4330662
2907,0x004214a8,4330664
2908,0x004214a9,4330665
2909,0x004214aa,4330666
2910,0x004214ab,4330667
2911,0x004214ac,4330668
2912,0x004214ad,4330669
2913,0x004214ae,4330670
2914,0x004214af,4330671
2915,0x004214b0,4330672
2916,0x004214b1,4330673
2917,0x004214b3,4330675
2918,0x004214b5,4330677
2919,0x004214b6,4330678
2920,0x004214b7,4330679
2921,0x004214b8,4330680
2922,0x004214b9,4330681
2923,0x004214ba,4330682
2924,0x004214bb,4330683
2925,0x004214bc,4330684
2926,0x004214bd,4330685
2927,0x004214be,4330686
2928,0x004214bf,4330687
2929,0x004214c0,4330688
2930,0x004214c1,4330689
2931,0x004214c3,4330691
2932,0x004214c4,4330692
2933,0x004214c5,4330693
2934,0x004214c6,4330694
2935,0x004214c7,4330695
2936,0x004214c8,4330696
2937,0x004214c9,4330697
2938,0x004214ca,4330698
2939,0x004214cb,4330699
2940,0x004214cc,4330700
2941,0x004214cd,4330701
2942,0x004214ce,4330702
2943,0x004214cf,4330703
2944,0x004214d1,4330705
2945,0x004214d2,4330706
2946,0x004214d3,4330707
2947,0x004214d4,4330708
2948,0x004214d5,4330709
2949,0x004214d6,4330710
2950,0x004214d7,4330711
2951,0x004214d9,4330713
2952,0x004214de,4330718
2953,0x004214df,4330719
2954,0x004214e0,4330720
2955,0x004214e1,4330721
2956,0x004214e2,4330722
2957,0x004214e3,4330723
2958,0x004214e4,4330724
2959,0x004214e5,4330725
2960,0x004214e6,4330726
2961,0x004214e7,4330727
2962,0x004214e8,4330728
2963,0x004214e9,4330729
2964,0x004214ea,4330730
2965,0x004214eb,4330731
2966,0x004214ec,4330732
2967,0x004214ed,4330733
2968,0x004214ee,4330734
2969,0x004214ef,4330735
2970,0x004214f0,4330736
2971,0x004214f1,4330737
2972,0x004214f2,4330738
2973,0x004214f4,4330740
2974,0x004214f5,4330741
2975,0x004214f6,4330742
2976,0x004214f7,4330743
2977,0x004214f8,4330744
2978,0x004214f9,4330745
2979,0x004214fa,4330746
2980,0x004214fb,4330747
2981,0x004214fc,4330748
2982,0x004214fd,4330749
2983,0x004214fe,4330750
2984,0x004214ff,4330751
2985,0x00421500,4330752
2986,0x00421501,4330753
2987,0x00421503,4330755
2988,0x00421504,4330756
2989,0x00421505,4330757
2990,0x00421506,4330758
2991,0x00421507,4330759
2992,0x00421508,4330760
2993,0x00421509,4330761
2994,0x0042150b,4330763
2995,0x0042150c,4330764
2996,0x0042150e,4330766
2997,0x0042150f,4330767
2998,0x00421510,4330768
2999,0x00421514,4330772
3000,0x00421515,4330773
3001,0x00421516,4330774
3002,0x00421518,4330776
3003,0x00421519,4330777
3004,0x0042151a,4330778
3005,0x0042151b,4330779
3006,0x0042151c,4330780
3007,0x0042151d,4330781
3008,0x0042151e,4330782
3009,0x0042151f,4330783
3010,0x00421520,4330784
3011,0x00421521,4330785
3012,0x00421522,4330786
3013,0x00421523,4330787
3014,0x00421524,4330788
3015,0x00421525,4330789
3016,0x00421526,4330790
3017,0x00421527,4330791
3018,0x00421529,4330793
3019,0x0042152a,4330794
3020,0x0042152b,4330795
3021,0x0042152c,4330796
3022,0x0042152d,4330797
3023,0x0042152e,4330798
3024,0x0042152f,4330799
3025,0x00421530,4330800
3026,0x00421531,4330801
3027,0x00421533,4330803
3028,0x00421534,4330804
3029,0x00421535,4330805
3030,0x00421537,4330807
3031,0x00421538,4330808
3032,0x00421539,4330809
3033,0x0042153a,4330810
3034,0x0042153b,4330811
3035,0x0042153c,4330812
3036,0x0042153d,4330813
3037,0x0042153e,4330814
3038,0x0042153f,4330815
3039,0x00421540,4330816
3040,0x00421541,4330817
3041,0x00421542,4330818
3042,0x00421543,4330819
3043,0x00421544,4330820
3044,0x00421545,4330821
3045,0x00421547,4330823
3046,0x00421548,4330824
3047,0x00421549,4330825
3048,0x0042154a,4330826
3049,0x0042154e,4330830
3050,0x0042154f,4330831
3051,0x00421550,4330832
3052,0x00421552,4330834
3053,0x00421553,4330835
3054,0x00421554,4330836
3055,0x00421556,4330838
3056,0x00421557,4330839
3057,0x00421558,4330840
3058,0x00421559,4330841
3059,0x0042155a,4330842
3060,0x0042155b,4330843
3061,0x0042155c,4330844
3062,0x0042155d,4330845
3063,0x0042155e,4330846
3064,0x0042155f,4330847
3065,0x00421560,4330848
3066,0x00421561,4330849
3067,0x00421562,4330850
3068,0x00421563,4330851
3069,0x00421564,4330852
3070,0x00421565,4330853
3071,0x00421566,4330854
3072,0x00421567,4330855
3073,0x00421568,4330856
3074,0x00421569,4330857
3075,0x0042156a,4330858
3076,0x0042156b,4330859
3077,0x0042156c,4330860
3078,0x0042156e,4330862
3079,0x0042156f,4330863
3080,0x00421571,4330865
3081,0x00421572,4330866
3082,0x00421573,4330867
3083,0x00421574,4330868
3084,0x00421576,4330870
3085,0x00421577,4330871
3086,0x00421578,4330872
3087,0x00421579,4330873
3088,0x0042157a,4330874
3089,0x0042157b,4330875
3090,0x0042157c,4330876
3091,0x0042157e,4330878
3092,0x0042157f,4330879
3093,0x00421581,4330881
3094,0x00421582,4330882
3095,0x00421583,4330883
3096,0x00421584,4330884
3097,0x00421588,4330888
3098,0x00421589,4330889
3099,0x0042158b,4330891
3100,0x0042158c,4330892
3101,0x0042158d,4330893
3102,0x0042158e,4330894
3103,0x0042158f,4330895
3104,0x00421590,4330896
3105,0x00421591,4330897
3106,0x00421592,4330898
3107,0x00421593,4330899
3108,0x00421594,4330900
3109,0x00421595,4330901
3110,0x00421596,4330902
3111,0x00421597,4330903
3112,0x00421598,4330904
3113,0x00421599,4330905
3114,0x0042159b,4330907
3115,0x0042159c,4330908
3116,0x0042159d,4330909
3117,0x0042159e,4330910
3118,0x0042159f,4330911
3119,0x004215a0,4330912
3120,0x004215a1,4330913
3121,0x004215a2,4330914
3122,0x004215a3,4330915
3123,0x004215a4,4330916
3124,0x004215a6,4330918
3125,0x004215a7,4330919
3126,0x004215a8,4330920
3127,0x004215a9,4330921
3128,0x004215aa,4330922
3129,0x004215ab,4330923
3130,0x004215ac,4330924
3131,0x004215ad,4330925
3132,0x004215af,4330927
3133,0x004215b0,4330928
3134,0x004215b1,4330929
3135,0x004215b2,4330930
3136,0x004215b3,4330931
3137,0x004215b4,4330932
3138,0x004215b5,4330933
3139,0x004215b6,4330934
3140,0x004215b7,4330935
3141,0x004215b8,4330936
3142,0x004215b9,4330937
3143,0x004215ba,4330938
3144,0x004215bb,4330939
3145,0x004215c0,4330944
3146,0x004215c2,4330946
3147,0x004215c4,4330948
3148,0x004215c5,4330949
3149,0x004215c6,4330950
3150,0x004215c7,4330951
3151,0x004215c8,4330952
3152,0x004215c9,4330953
3153,0x004215ca,4330954
3154,0x004215cb,4330955
3155,0x004215cc,4330956
3156,0x004215cd,4330957
3157,0x004215ce,4330958
3158,0x004215cf,4330959
3159,0x004215d0,4330960
3160,0x004215d1,4330961
3161,0x004215d3,4330963
3162,0x004215d4,4330964
3163,0x004215d5,4330965
3164,0x004215d6,4330966
3165,0x004215d7,4330967
3166,0x004215d8,4330968
3167,0x004215d9,4330969
3168,0x004215da,4330970
3169,0x004215db,4330971
3170,0x004215de,4330974
3171,0x004215df,4330975
3172,0x004215e0,4330976
3173,0x004215e1,4330977
3174,0x004215e2,4330978
3175,0x004215e3,4330979
3176,0x004215e4,4330980
3177,0x004215e5,4330981
3178,0x004215e6,4330982
3179,0x004215e7,4330983
3180,0x004215e9,4330985
3181,0x004215ea,4330986
3182,0x004215eb,4330987
3183,0x004215ec,4330988
3184,0x004215ed,4330989
3185,0x004215ee,4330990
3186,0x004215ef,4330991
3187,0x004215f0,4330992
3188,0x004215f1,4330993
3189,0x004215f2,4330994
3190,0x004215f3,4330995
3191,0x004215f4,4330996
3192,0x004215f8,4331000
3193,0x004215f9,4331001
3194,0x004215fb,4331003
3195,0x004215fd,4331005
3196,0x004215fe,4331006
3197,0x004215ff,4331007
3198,0x00421600,4331008
3199,0x00421601,4331009
3200,0x00421602,4331010
3201,0x00421603,4331011
3202,0x00421604,4331012
3203,0x00421605,4331013
3204,0x00421606,4331014
3205,0x00421607,4331015
3206,0x00421608,4331016
3207,0x0042160a,4331018
3208,0x0042160b,4331019
3209,0x0042160c,4331020
3210,0x0042160d,4331021
3211,0x0042160e,4331022
3212,0x0042160f,4331023
3213,0x00421610,4331024
3214,0x00421611,4331025
3215,0x00421612,4331026
3216,0x00421613,4331027
3217,0x00421614,4331028
3218,0x00421615,4331029
3219,0x00421617,4331031
3220,0x00421619,4331033
3221,0x0042161a,4331034
3222,0x0042161b,4331035
3223,0x0042161c,4331036
3224,0x0042161d,4331037
3225,0x0042161e,4331038
3226,0x0042161f,4331039
3227,0x00421620,4331040
3228,0x00421621,4331041
3229,0x00421622,4331042
3230,0x00421623,4331043
3231,0x00421624,4331044
3232,0x00421626,4331046
3233,0x00421627,4331047
3234,0x00421628,4331048
3235,0x00421629,4331049
3236,0x0042162a,4331050
3237,0x0042162b,4331051
3238,0x0042162f,4331055
3239,0x00421630,4331056
3240,0x00421631,4331057
3241,0x00421633,4331059
3242,0x00421634,4331060
3243,0x00421635,4331061
3244,0x00421636,4331062
3245,0x00421637,4331063
3246,0x00421638,4331064
3247,0x00421639,4331065
3248,0x0042163a,4331066
3249,0x0042163b,4331067
3250,0x0042163c,4331068
3251,0x0042163d,4331069
3252,0x0042163e,4331070
3253,0x0042163f,4331071
3254,0x00421640,4331072
3255,0x00421641,4331073
3256,0x00421642,4331074
3257,0x00421643,4331075
3258,0x00421644,4331076
3259,0x00421645,4331077
3260,0x00421646,4331078
3261,0x00421647,4331079
3262,0x00421648,4331080
3263,0x00421649,4331081
3264,0x0042164b,4331083
3265,0x0042164d,4331085
3266,0x0042164e,4331086
3267,0x0042164f,4331087
3268,0x00421650,4331088
3269,0x00421651,4331089
3270,0x00421652,4331090
3271,0x00421653,4331091
3272,0x00421654,4331092
3273,0x00421655,4331093
3274,0x00421656,4331094
3275,0x00421657,4331095
3276,0x00421658,4331096
3277,0x00421659,4331097
3278,0x0042165a,4331098
3279,0x0042165b,4331099
3280,0x0042165c,4331100
3281,0x0042165d,4331101
3282,0x0042165e,4331102
3283,0x0042165f,4331103
3284,0x00421663,4331107
3285,0x00421664,4331108
3286,0x00421666,4331110
3287,0x00421667,4331111
3288,0x00421668,4331112
3289,0x00421669,4331113
3290,0x0042166a,4331114
3291,0x0042166b,4331115
3292,0x0042166c,4331116
3293,0x0042166d,4331117
3294,0x0042166e,4331118
3295,0x0042166f,4331119
3296,0x00421670,4331120
3297,0x00421671,4331121
3298,0x00421672,4331122
3299,0x00421673,4331123
3300,0x00421674,4331124
3301,0x00421675,4331125
3302,0x00421676,4331126
3303,0x00421678,4331128
3304,0x00421679,4331129
3305,0x0042167a,4331130
3306,0x0042167b,4331131
3307,0x0042167c,4331132
3308,0x0042167d,4331133
3309,0x0042167e,4331134
3310,0x0042167f,4331135
3311,0x00421680,4331136
3312,0x00421681,4331137
3313,0x00421683,4331139
3314,0x00421684,4331140
3315,0x00421685,4331141
3316,0x00421686,4331142
3317,0x00421687,4331143
3318,0x00421688,4331144
3319,0x00421689,4331145
3320,0x0042168a,4331146
3321,0x0042168b,4331147
3322,0x0042168d,4331149
3323,0x0042168e,4331150
3324,0x0042168f,4331151
3325,0x00421690,4331152
3326,0x00421691,4331153
3327,0x00421692,4331154
3328,0x00421694,4331156
3329,0x00421695,4331157
3330,0x00421698,4331160
3331,0x0042169b,4331163
3332,0x0042169c,4331164
3333,0x0042169d,4331165
3334,0x004216a2,4331170
3335,0x004216a3,4331171
3336,0x004216a4,4331172
3337,0x004216a5,4331173
3338,0x004216a6,4331174
3339,0x004216a7,4331175
3340,0x004216a9,4331177
3341,0x004216aa,4331178
3342,0x004216ab,4331179
3343,0x004216ac,4331180
3344,0x004216ad,4331181
3345,0x004216ae,4331182
3346,0x004216af,4331183
3347,0x004216b0,4331184
3348,0x004216b1,4331185
3349,0x004216b2,4331186
3350,0x004216b3,4331187
3351,0x004216b4,4331188
3352,0x004216b5,4331189
3353,0x004216b6,4331190
3354,0x004216b7,4331191
3355,0x004216b8,4331192
3356,0x004216b9,4331193
3357,0x004216ba,4331194
3358,0x004216bc,4331196
3359,0x004216be,4331198
3360,0x004216bf,4331199
3361,0x004216c0,4331200
3362,0x004216c1,4331201
3363,0x004216c2,4331202
3364,0x004216c3,4331203
3365,0x004216c4,4331204
3366,0x004216c5,4331205
3367,0x004216c6,4331206
3368,0x004216c7,4331207
3369,0x004216c8,4331208
3370,0x004216c9,4331209
3371,0x004216cc,4331212
3372,0x004216cd,4331213
3373,0x004216cf,4331215
3374,0x004216d0,4331216
3375,0x004216d1,4331217
3376,0x004216d2,4331218
3377,0x004216d3,4331219
3378,0x004216d4,4331220
3379,0x004216d8,4331224
3380,0x004216d9,4331225
3381,0x004216da,4331226
3382,0x004216dc,4331228
3383,0x004216dd,4331229
3384,0x004216de,4331230
3385,0x004216df,4331231
3386,0x004216e0,4331232
3387,0x004216e1,4331233
3388,0x004216e2,4331234
3389,0x004216e3,4331235
3390,0x004216e4,4331236
3391,0x004216e5,4331237
3392,0x004216e6,4331238
3393,0x004216e7,4331239
3394,0x004216e8,4331240
3395,0x004216e9,4331241
3396,0x004216ea,4331242
3397,0x004216eb,4331243
3398,0x004216ec,4331244
3399,0x004216ed,4331245
3400,0x004216ee,4331246
3401,0x004216ef,4331247
3402,0x004216f0,4331248
3403,0x004216f1,4331249
3404,0x004216f2,4331250
3405,0x004216f4,4331252
3406,0x004216f5,4331253
3407,0x004216f6,4331254
3408,0x004216f8,4331256
3409,0x004216fa,4331258
3410,0x004216fb,4331259
3411,0x004216fc,4331260
3412,0x004216fd,4331261
3413,0x004216fe,4331262
3414,0x004216ff,4331263
3415,0x00421700,4331264
3416,0x00421701,4331265
3417,0x00421703,4331267
3418,0x00421704,4331268
3419,0x00421705,4331269
3420,0x00421706,4331270
3421,0x00421707,4331271
3422,0x00421708,4331272
3423,0x00421709,4331273
3424,0x0042170a,4331274
3425,0x0042170b,4331275
3426,0x0042170f,4331279
3427,0x00421710,4331280
3428,0x00421711,4331281
3429,0x00421713,4331283
3430,0x00421714,4331284
3431,0x00421715,4331285
3432,0x00421716,4331286
3433,0x00421717,4331287
3434,0x00421718,4331288
3435,0x00421719,4331289
3436,0x0042171a,4331290
3437,0x0042171b,4331291
3438,0x0042171c,4331292
3439,0x0042171d,4331293
3440,0x0042171e,4331294
3441,0x0042171f,4331295
3442,0x00421720,4331296
3443,0x00421721,4331297
3444,0x00421722,4331298
3445,0x00421723,4331299
3446,0x00421724,4331300
3447,0x00421725,4331301
3448,0x00421726,4331302
3449,0x00421727,4331303
3450,0x00421728,4331304
3451,0x00421729,4331305
3452,0x0042172a,4331306
3453,0x0042172b,4331307
3454,0x0042172c,4331308
3455,0x0042172d,4331309
3456,0x0042172f,4331311
3457,0x00421730,4331312
3458,0x00421734,4331316
3459,0x00421735,4331317
3460,0x00421736,4331318
3461,0x00421737,4331319
3462,0x00421738,4331320
3463,0x00421739,4331321
3464,0x0042173a,4331322
3465,0x0042173b,4331323
3466,0x0042173c,4331324
3467,0x0042173e,4331326
3468,0x0042173f,4331327
3469,0x00421741,4331329
3470,0x00421742,4331330
3471,0x00421743,4331331
3472,0x00421744,4331332
3473,0x00421745,4331333
3474,0x00421746,4331334
3475,0x0042174a,4331338
3476,0x0042174b,4331339
3477,0x0042174c,4331340
3478,0x0042174e,4331342
3479,0x0042174f,4331343
3480,0x00421750,4331344
3481,0x00421752,4331346
3482,0x00421753,4331347
3483,0x00421754,4331348
3484,0x00421755,4331349
3485,0x00421756,4331350
3486,0x00421757,4331351
3487,0x00421758,4331352
3488,0x00421759,4331353
3489,0x0042175a,4331354
3490,0x0042175b,4331355
3491,0x0042175c,4331356
3492,0x0042175d,4331357
3493,0x0042175f,4331359
3494,0x00421760,4331360
3495,0x00421761,4331361
3496,0x00421762,4331362
3497,0x00421763,4331363
3498,0x00421764,4331364
3499,0x00421765,4331365
3500,0x00421766,4331366
3501,0x00421767,4331367
3502,0x00421769,4331369
3503,0x0042176a,4331370
3504,0x0042176b,4331371
3505,0x0042176c,4331372
3506,0x0042176e,4331374
3507,0x0042176f,4331375
3508,0x00421770,4331376
3509,0x00421771,4331377
3510,0x00421772,4331378
3511,0x00421773,4331379
3512,0x00421774,4331380
3513,0x00421775,4331381
3514,0x00421776,4331382
3515,0x00421777,4331383
3516,0x00421778,4331384
3517,0x00421779,4331385
3518,0x0042177a,4331386
3519,0x0042177b,4331387
3520,0x0042177c,4331388
3521,0x0042177d,4331389
3522,0x00421782,4331394
3523,0x00421783,4331395
3524,0x00421785,4331397
3525,0x00421786,4331398
3526,0x00421787,4331399
3527,0x00421788,4331400
3528,0x00421789,4331401
3529,0x0042178a,4331402
3530,0x0042178b,4331403
3531,0x0042178c,4331404
3532,0x0042178d,4331405
3533,0x0042178e,4331406
3534,0x0042178f,4331407
3535,0x00421790,4331408
3536,0x00421791,4331409
3537,0x00421792,4331410
3538,0x00421793,4331411
3539,0x00421794,4331412
3540,0x00421795,4331413
3541,0x00421796,4331414
3542,0x00421797,4331415
3543,0x00421798,4331416
3544,0x00421799,4331417
3545,0x0042179a,4331418
3546,0x0042179b,4331419
3547,0x0042179c,4331420
3548,0x0042179d,4331421
3549,0x0042179e,4331422
3550,0x0042179f,4331423
3551,0x004217a0,4331424
3552,0x004217a1,4331425
3553,0x004217a2,4331426
3554,0x004217a3,4331427
3555,0x004217a6,4331430
3556,0x004217a7,4331431
3557,0x004217a8,4331432
3558,0x004217a9,4331433
3559,0x004217aa,4331434
3560,0x004217ab,4331435
3561,0x004217ac,4331436
3562,0x004217ad,4331437
3563,0x004217ae,4331438
3564,0x004217af,4331439
3565,0x004217b2,4331442
3566,0x004217b3,4331443
3567,0x004217b5,4331445
3568,0x004217b6,4331446
3569,0x004217b7,4331447
3570,0x004217b8,4331448
3571,0x004217b9,4331449
3572,0x004217ba,4331450
3573,0x004217bf,4331455
3574,0x004217c0,4331456
3575,0x004217c1,4331457
3576,0x004217c2,4331458
3577,0x004217c3,4331459
3578,0x004217c4,4331460
3579,0x004217c5,4331461
3580,0x004217c6,4331462
3581,0x004217c7,4331463
3582,0x004217c8,4331464
3583,0x004217c9,4331465
3584,0x004217ca,4331466
3585,0x004217cb,4331467
3586,0x004217cc,4331468
3587,0x004217cd,4331469
3588,0x004217ce,4331470
3589,0x004217cf,4331471
3590,0x004217d0,4331472
3591,0x004217d1,4331473
3592,0x004217d3,4331475
3593,0x004217d4,4331476
3594,0x004217d5,4331477
3595,0x004217d6,4331478
3596,0x004217d7,4331479
3597,0x004217d8,4331480
3598,0x004217d9,4331481
3599,0x004217da,4331482
3600,0x004217db,4331483
3601,0x004217dc,4331484
3602,0x004217dd,4331485
3603,0x004217de,4331486
3604,0x004217df,4331487
3605,0x004217e0,4331488
3606,0x004217e1,4331489
3607,0x004217e2,4331490
3608,0x004217e3,4331491
3609,0x004217e4,4331492
3610,0x004217e6,4331494
3611,0x004217e7,4331495
3612,0x004217e8,4331496
3613,0x004217e9,4331497
3614,0x004217ea,4331498
3615,0x004217eb,4331499
3616,0x004217ec,4331500
3617,0x004217ed,4331501
3618,0x004217ee,4331502
3619,0x004217ef,4331503
3620,0x004217f0,4331504
3621,0x004217f2,4331506
3622,0x004217f3,4331507
3623,0x004217f5,4331509
3624,0x004217f6,4331510
3625,0x004217f7,4331511
3626,0x004217fc,4331516
3627,0x004217fd,4331517
3628,0x00421800,4331520
3629,0x00421801,4331521
3630,0x00421802,4331522
3631,0x00421803,4331523
3632,0x00421804,4331524
3633,0x00421805,4331525
3634,0x00421806,4331526
3635,0x00421807,4331527
3636,0x00421808,4331528
3637,0x00421809,4331529
3638,0x0042180a,4331530
3639,0x0042180b,4331531
3640,0x0042180c,4331532
3641,0x0042180d,4331533
3642,0x0042180e,4331534
3643,0x0042180f,4331535
3644,0x00421810,4331536
3645,0x00421811,4331537
3646,0x00421812,4331538
3647,0x00421813,4331539
3648,0x00421814,4331540
3649,0x00421815,4331541
3650,0x00421816,4331542
3651,0x00421817,4331543
3652,0x00421819,4331545
3653,0x0042181a,4331546
3654,0x0042181c,4331548
3655,0x0042181e,4331550
3656,0x0042181f,4331551
3657,0x00421820,4331552
3658,0x00421821,4331553
3659,0x00421822,4331554
3660,0x00421823,4331555
3661,0x00421824,4331556
3662,0x00421825,4331557
3663,0x00421826,4331558
3664,0x00421827,4331559
3665,0x0042182a,4331562
3666,0x0042182b,4331563
3667,0x0042182c,4331564
3668,0x0042182d,4331565
3669,0x0042182e,4331566
3670,0x0042182f,4331567
3671,0x00421830,4331568
3672,0x00421831,4331569
3673,0x00421832,4331570
3674,0x00421836,4331574
3675,0x00421837,4331575
3676,0x00421838,4331576
3677,0x0042183a,4331578
3678,0x0042183b,4331579
3679,0x0042183c,4331580
3680,0x0042183d,4331581
3681,0x0042183e,4331582
3682,0x0042183f,4331583
3683,0x00421840,4331584
3684,0x00421841,4331585
3685,0x00421842,4331586
3686,0x00421843,4331587
3687,0x00421844,4331588
3688,0x00421845,4331589
3689,0x00421846,4331590
3690,0x00421847,4331591
3691,0x00421848,4331592
3692,0x00421849,4331593
3693,0x0042184a,4331594
3694,0x0042184b,4331595
3695,0x0042184c,4331596
3696,0x0042184d,4331597
3697,0x0042184e,4331598
3698,0x0042184f,4331599
3699,0x00421850,4331600
3700,0x00421851,4331601
3701,0x00421853,4331603
3702,0x00421854,4331604
3703,0x00421855,4331605
3704,0x00421856,4331606
3705,0x00421858,4331608
3706,0x00421859,4331609
3707,0x0042185a,4331610
3708,0x0042185b,4331611
3709,0x0042185c,4331612
3710,0x0042185d,4331613
3711,0x0042185e,4331614
3712,0x00421860,4331616
3713,0x00421863,4331619
3714,0x00421864,4331620
3715,0x00421865,4331621
3716,0x00421866,4331622
3717,0x00421867,4331623
3718,0x00421868,4331624
3719,0x00421869,4331625
3720,0x0042186c,4331628
3721,0x0042186d,4331629
3722,0x0042186e,4331630
3723,0x0042186f,4331631
3724,0x00421871,4331633
3725,0x00421872,4331634
3726,0x00421874,4331636
3727,0x00421875,4331637
3728,0x00421876,4331638
3729,0x00421877,4331639
3730,0x00421878,4331640
3731,0x00421879,4331641
3732,0x0042187a,4331642
3733,0x0042187b,4331643
3734,0x0042187c,4331644
3735,0x0042187d,4331645
3736,0x0042187e,4331646
3737,0x0042187f,4331647
3738,0x00421880,4331648
3739,0x00421881,4331649
3740,0x00421882,4331650
3741,0x00421883,4331651
3742,0x00421884,4331652
3743,0x00421885,4331653
3744,0x00421886,4331654
3745,0x00421887,4331655
3746,0x00421888,4331656
3747,0x00421889,4331657
3748,0x0042188a,4331658
3749,0x0042188b,4331659
3750,0x0042188c,4331660
3751,0x0042188d,4331661
3752,0x0042188e,4331662
3753,0x0042188f,4331663
3754,0x00421890,4331664
3755,0x00421891,4331665
3756,0x00421892,4331666
3757,0x00421893,4331667
3758,0x00421894,4331668
3759,0x00421895,4331669
3760,0x00421896,4331670
3761,0x00421897,4331671
3762,0x00421899,4331673
3763,0x0042189a,4331674
3764,0x0042189b,4331675
3765,0x0042189c,4331676
3766,0x0042189d,4331677
3767,0x0042189e,4331678
3768,0x0042189f,4331679
3769,0x004218a0,4331680
3770,0x004218a1,4331681
3771,0x004218a5,4331685
3772,0x004218a6,4331686
3773,0x004218a7,4331687
3774,0x004218a8,4331688
3775,0x004218aa,4331690
3776,0x004218ab,4331691
3777,0x004218ac,4331692
3778,0x004218ad,4331693
3779,0x004218ae,4331694
3780,0x004218af,4331695
3781,0x004218b0,4331696
3782,0x004218b1,4331697
3783,0x004218b2,4331698
3784,0x004218b3,4331699
3785,0x004218b4,4331700
3786,0x004218b5,4331701
3787,0x004218b6,4331702
3788,0x004218b7,4331703
3789,0x004218b8,4331704
3790,0x004218b9,4331705
3791,0x004218ba,4331706
3792,0x004218bb,4331707
3793,0x004218bc,4331708
3794,0x004218bd,4331709
3795,0x004218be,4331710
3796,0x004218bf,4331711
3797,0x004218c0,4331712
3798,0x004218c1,4331713
3799,0x004218c2,4331714
3800,0x004218c3,4331715
3801,0x004218c4,4331716
3802,0x004218c5,4331717
3803,0x004218c6,4331718
3804,0x004218c7,4331719
3805,0x004218c8,4331720
3806,0x004218c9,4331721
3807,0x004218ca,4331722
3808,0x004218cb,4331723
3809,0x004218cc,4331724
3810,0x004218ce,4331726
3811,0x004218cf,4331727
3812,0x004218d0,4331728
3813,0x004218d1,4331729
3814,0x004218d2,4331730
3815,0x004218d3,4331731
3816,0x004218d4,4331732
3817,0x004218d5,4331733
3818,0x004218d9,4331737
3819,0x004218da,4331738
3820,0x004218db,4331739
3821,0x004218dd,4331741
3822,0x004218de,4331742
3823,0x004218df,4331743
3824,0x004218e0,4331744
3825,0x004218e1,4331745
3826,0x004218e2,4331746
3827,0x004218e3,4331747
3828,0x004218e4,4331748
3829,0x004218e5,4331749
3830,0x004218e6,4331750
3831,0x004218e7,4331751
3832,0x004218e8,4331752
3833,0x004218e9,4331753
3834,0x004218ea,4331754
3835,0x004218eb,4331755
3836,0x004218ec,4331756
3837,0x004218ed,4331757
3838,0x004218ee,4331758
3839,0x004218ef,4331759
3840,0x004218f0,4331760
3841,0x004218f1,4331761
3842,0x004218f2,4331762
3843,0x004218f3,4331763
3844,0x004218f4,4331764
3845,0x004218f5,4331765
3846,0x004218f6,4331766
3847,0x004218f7,4331767
3848,0x004218f8,4331768
3849,0x004218f9,4331769
3850,0x004218fb,4331771
3851,0x004218fc,4331772
3852,0x004218fd,4331773
3853,0x004218fe,4331774
3854,0x004218ff,4331775
3855,0x00421900,4331776
3856,0x00421901,4331777
3857,0x00421902,4331778
3858,0x00421903,4331779
3859,0x00421904,4331780
3860,0x00421905,4331781
3861,0x0042190a,4331786
3862,0x0042190b,4331787
3863,0x0042190c,4331788
3864,0x0042190d,4331789
3865,0x0042190e,4331790
3866,0x0042190f,4331791
3867,0x00421910,4331792
3868,0x00421911,4331793
3869,0x00421912,4331794
3870,0x00421916,4331798
3871,0x00421917,4331799
3872,0x0042191a,4331802
3873,0x0042191b,4331803
3874,0x0042191c,4331804
3875,0x0042191e,4331806
3876,0x0042191f,4331807
3877,0x00421920,4331808
3878,0x00421921,4331809
3879,0x00421922,4331810
3880,0x00421923,4331811
3881,0x00421924,4331812
3882,0x00421925,4331813
3883,0x00421926,4331814
3884,0x00421927,4331815
3885,0x00421928,4331816
3886,0x00421929,4331817
3887,0x0042192a,4331818
3888,0x0042192b,4331819
3889,0x0042192c,4331820
3890,0x0042192d,4331821
3891,0x0042192e,4331822
3892,0x0042192f,4331823
3893,0x00421930,4331824
3894,0x00421931,4331825
3895,0x00421932,4331826
3896,0x00421933,4331827
3897,0x00421934,4331828
3898,0x00421935,4331829
3899,0x00421937,4331831
3900,0x00421938,4331832
3901,0x00421939,4331833
3902,0x0042193a,4331834
3903,0x0042193b,4331835
3904,0x0042193c,4331836
3905,0x0042193d,4331837
3906,0x0042193e,4331838
3907,0x0042193f,4331839
3908,0x00421940,4331840
3909,0x00421941,4331841
3910,0x00421944,4331844
3911,0x00421945,4331845
3912,0x00421947,4331847
3913,0x00421948,4331848
3914,0x00421949,4331849
3915,0x0042194a,4331850
3916,0x0042194b,4331851
3917,0x0042194c,4331852
3918,0x00421950,4331856
3919,0x00421951,4331857
3920,0x00421952,4331858
3921,0x00421954,4331860
3922,0x00421955,4331861
3923,0x00421956,4331862
3924,0x00421957,4331863
3925,0x00421958,4331864
3926,0x00421959,4331865
3927,0x0042195a,4331866
3928,0x0042195b,4331867
3929,0x0042195c,4331868
3930,0x0042195d,4331869
3931,0x0042195e,4331870
3932,0x0042195f,4331871
3933,0x00421960,4331872
3934,0x00421961,4331873
3935,0x00421962,4331874
3936,0x00421963,4331875
3937,0x00421964,4331876
3938,0x00421965,4331877
3939,0x00421966,4331878
3940,0x00421967,4331879
3941,0x00421968,4331880
3942,0x0042196b,4331883
3943,0x0042196c,4331884
3944,0x0042196e,4331886
3945,0x0042196f,4331887
3946,0x00421970,4331888
3947,0x00421971,4331889
3948,0x00421972,4331890
3949,0x00421973,4331891
3950,0x00421974,4331892
3951,0x00421975,4331893
3952,0x00421976,4331894
3953,0x00421977,4331895
3954,0x00421978,4331896
3955,0x0042197a,4331898
3956,0x0042197b,4331899
3957,0x0042197c,4331900
3958,0x0042197d,4331901
3959,0x0042197e,4331902
3960,0x0042197f,4331903
3961,0x00421984,4331908
3962,0x00421985,4331909
3963,0x00421987,4331911
3964,0x00421988,4331912
3965,0x00421989,4331913
3966,0x0042198a,4331914
3967,0x0042198b,4331915
3968,0x0042198c,4331916
3969,0x0042198d,4331917
3970,0x0042198e,4331918
3971,0x0042198f,4331919
3972,0x00421990,4331920
3973,0x00421991,4331921
3974,0x00421992,4331922
3975,0x00421993,4331923
3976,0x00421994,4331924
3977,0x00421995,4331925
3978,0x00421998,4331928
3979,0x00421999,4331929
3980,0x0042199a,4331930
3981,0x0042199b,4331931
3982,0x0042199c,4331932
3983,0x0042199d,4331933
3984,0x0042199e,4331934
3985,0x0042199f,4331935
3986,0x004219a0,4331936
3987,0x004219a1,4331937
3988,0x004219a2,4331938
3989,0x004219a3,4331939
3990,0x004219a6,4331942
3991,0x004219a7,4331943
3992,0x004219a9,4331945
3993,0x004219ab,4331947
3994,0x004219ac,4331948
3995,0x004219ad,4331949
3996,0x004219ae,4331950
3997,0x004219af,4331951
3998,0x004219b0,4331952
3999,0x004219b1,4331953
4000,0x004219b2,4331954
4001,0x004219b3,4331955
4002,0x004219b4,4331956
4003,0x004219b5,4331957
4004,0x004219b7,4331959
4005,0x004219b8,4331960
4006,0x004219b9,4331961
4007,0x004219ba,4331962
4008,0x004219bb,4331963
4009,0x004219bc,4331964
4010,0x004219bd,4331965
4011,0x004219c2,4331970
4012,0x004219c3,4331971
4013,0x004219c5,4331973
4014,0x004219c6,4331974
4015,0x004219c7,4331975
4016,0x004219c8,4331976
4017,0x004219c9,4331977
4018,0x004219ca,4331978
4019,0x004219cb,4331979
4020,0x004219cc,4331980
4021,0x004219cd,4331981
4022,0x004219ce,4331982
4023,0x004219cf,4331983
4024,0x004219d0,4331984
4025,0x004219d1,4331985
4026,0x004219d2,4331986
4027,0x004219d3,4331987
4028,0x004219d4,4331988
4029,0x004219d5,4331989
4030,0x004219d6,4331990
4031,0x004219d7,4331991
4032,0x004219d8,4331992
4033,0x004219d9,4331993
4034,0x004219da,4331994
4035,0x004219db,4331995
4036,0x004219dc,4331996
4037,0x004219dd,4331997
4038,0x004219de,4331998
4039,0x004219df,4331999
4040,0x004219e0,4332000
4041,0x004219e2,4332002
4042,0x004219e3,4332003
4043,0x004219e4,4332004
4044,0x004219e5,4332005
4045,0x004219e6,4332006
4046,0x004219e7,4332007
4047,0x004219e8,4332008
4048,0x004219e9,4332009
4049,0x004219ea,4332010
4050,0x004219eb,4332011
4051,0x004219ee,4332014
4052,0x004219ef,4332015
4053,0x004219f1,4332017
4054,0x004219f2,4332018
4055,0x004219f3,4332019
4056,0x004219f4,4332020
4057,0x004219f5,4332021
4058,0x004219f6,4332022
4059,0x004219f7,4332023
4060,0x004219f9,4332025
4061,0x004219fb,4332027
4062,0x004219fc,4332028
4063,0x004219fd,4332029
4064,0x004219ff,4332031
4065,0x00421a00,4332032
4066,0x00421a01,4332033
4067,0x00421a02,4332034
4068,0x00421a03,4332035
4069,0x00421a04,4332036
4070,0x00421a05,4332037
4071,0x00421a06,4332038
4072,0x00421a07,4332039
4073,0x00421a08,4332040
4074,0x00421a09,4332041
4075,0x00421a0a,4332042
4076,0x00421a0b,4332043
4077,0x00421a0c,4332044
4078,0x00421a0d,4332045
4079,0x00421a0e,4332046
4080,0x00421a0f,4332047
4081,0x00421a10,4332048
4082,0x00421a11,4332049
4083,0x00421a12,4332050
4084,0x00421a13,4332051
4085,0x00421a14,4332052
4086,0x00421a15,4332053
4087,0x00421a16,4332054
4088,0x00421a17,4332055
4089,0x00421a19,4332057
4090,0x00421a1a,4332058
4091,0x00421a1b,4332059
4092,0x00421a1c,4332060
4093,0x00421a1d,4332061
4094,0x00421a1e,4332062
4095,0x00421a1f,4332063
