0,0x00000000,0
1,0x00000000,0
2,0x00000000,0
3,0x0044713d,4485437
4,0x000011d0,4560
5,0x00000c40,3136
6,0x0000138e,5006
7,0x00002635,9781
8,0x0000ab38,43832
9,0x0000a643,42563
10,0x0000586f,22639
11,0x0000265b,9819
12,0x00003344,13124
13,0x00005959,22873
14,0x0002ae6f,175727
15,0x000178df,96479
16,0x00017564,95588
17,0x000131d1,78289
18,0x00007442,29762
19,0x00001bc7,7111
20,0x000012b3,4787
21,0x000018e4,6372
22,0x000014ed,5357
23,0x0000420b,16907
24,0x00001ac5,6853
25,0x00001751,5969
26,0x00006829,26665
27,0x000121ff,74239
28,0x00007c40,31808
29,0x000025d1,9681
30,0x0000499b,18843
31,0x0000622d,25133
32,0x000039ac,14764
33,0x00001bcb,7115
34,0x0000145f,5215
35,0x00001469,5225
36,0x000010f4,4340
37,0x00001060,4192
38,0x00001222,4642
39,0x0000201d,8221
40,0x000025a4,9636
41,0x00001c2c,7212
42,0x000012dd,4829
43,0x0000139d,5021
44,0x0000498e,18830
45,0x000087eb,34795
46,0x0000435e,17246
47,0x00002004,8196
48,0x0000179a,6042
49,0x00001247,4679
50,0x00000cac,3244
51,0x00000ba8,2984
52,0x00000b9a,2970
53,0x00002a1a,10778
54,0x000041ff,16895
55,0x00002312,8978
56,0x0000153e,5438
57,0x001c8f2d,1871661
58,0x024db242,38646338
59,0x07284744,120080196
60,0x02e7ad45,48737605
61,0x003c6012,3956754
62,0x000c144f,791631
63,0x0000eabd,60093
64,0x0003cbab,248747
65,0x0003d479,251001
66,0x000287b8,165816
67,0x000324ca,206026
68,0x00028486,164998
69,0x0001ef9a,126874
70,0x0000cf24,53028
71,0x000083b0,33712
72,0x0000bd82,48514
73,0x0003d5db,251355
74,0x0005759b,357787
75,0x00035b7f,220031
76,0x0001697a,92538
77,0x00005c32,23602
78,0x00002e91,11921
79,0x00003b72,15218
80,0x00011156,69974
81,0x0001debd,122557
82,0x000170c2,94402
83,0x00016edd,93917
84,0x000135ca,79306
85,0x0001650a,91402
86,0x00009aa8,39592
87,0x00007264,29284
88,0x00006ab8,27320
89,0x00006b90,27536
90,0x00008178,33144
91,0x0000c3ca,50122
92,0x0001b74a,112458
93,0x0002d120,184608
94,0x00028183,164227
95,0x00017d39,97593
96,0x000118bd,71869
97,0x000131c4,78276
98,0x0000c2cd,49869
99,0x00007ffa,32762
100,0x0000a2bf,41663
101,0x0001100a,69642
102,0x00016206,90630
103,0x00011aed,72429
104,0x00007fbb,32699
105,0x00004451,17489
106,0x0000491b,18715
107,0x00004163,16739
108,0x000033ab,13227
109,0x00002dcc,11724
110,0x00001fe9,8169
111,0x00001ba8,7080
112,0x00001945,6469
113,0x00001636,5686
114,0x0000140f,5135
115,0x00001427,5159
116,0x000014e8,5352
117,0x0000159e,5534
118,0x00001539,5433
119,0x000012d0,4816
120,0x0000115e,4446
121,0x0000108e,4238
122,0x00001208,4616
123,0x00000ee9,3817
124,0x00000eb7,3767
125,0x00000f19,3865
126,0x0000114c,4428
127,0x0000119e,4510
128,0x00000fea,4074
129,0x00000ece,3790
130,0x00000e9a,3738
131,0x000010ef,4335
132,0x00000e0c,3596
133,0x00000de3,3555
134,0x00000e1d,3613
135,0x00000f41,3905
136,0x00000ff1,4081
137,0x00000d6c,3436
138,0x00000e0e,3598
139,0x00000df6,3574
140,0x00001076,4214
141,0x00000dcc,3532
142,0x00000d4b,3403
143,0x00000d04,3332
144,0x00000cca,3274
145,0x00000eb0,3760
146,0x00000bbf,3007
147,0x00000ba6,2982
148,0x00000b96,2966
149,0x00000d7b,3451
150,0x00000cf8,3320
151,0x00000afd,2813
152,0x00000b70,2928
153,0x00000ba1,2977
154,0x00000d82,3458
155,0x00000b6c,2924
156,0x00000bbd,3005
157,0x00000bd6,3030
158,0x00000d75,3445
159,0x00000d5d,3421
160,0x00000ba6,2982
161,0x00000b6f,2927
162,0x00000bd1,3025
163,0x00000e7b,3707
164,0x00000b81,2945
165,0x00000bcb,3019
166,0x00000bca,3018
167,0x00000c89,3209
168,0x00000ed8,3800
169,0x00000b8c,2956
170,0x00000c45,3141
171,0x00000c81,3201
172,0x00000dd4,3540
173,0x00000c96,3222
174,0x00000c31,3121
175,0x00000c04,3076
176,0x00000d28,3368
177,0x00000e75,3701
178,0x00000bd4,3028
179,0x00000c2b,3115
180,0x00000c15,3093
181,0x00000de6,3558
182,0x00000cba,3258
183,0x00000c0d,3085
184,0x00000bcc,3020
185,0x00000c6f,3183
186,0x00000f88,3976
187,0x00000bca,3018
188,0x00000c7d,3197
189,0x00000bc0,3008
190,0x00000cea,3306
191,0x00000db4,3508
192,0x00000bbd,3005
193,0x00000c2e,3118
194,0x00000c65,3173
195,0x00000f4f,3919
196,0x00000d65,3429
197,0x00000c34,3124
198,0x00000bd0,3024
199,0x00000d06,3334
200,0x00000e51,3665
201,0x00000bc2,3010
202,0x00000c3b,3131
203,0x00000bc4,3012
204,0x00000e8e,3726
205,0x00000c92,3218
206,0x00000c39,3129
207,0x00000ba4,2980
208,0x00000cc7,3271
209,0x00000efd,3837
210,0x00000c0e,3086
211,0x00000c09,3081
212,0x00000c82,3202
213,0x00000e15,3605
214,0x00000d0f,3343
215,0x00000bd8,3032
216,0x00000b7c,2940
217,0x00000bbe,3006
218,0x00000e16,3606
219,0x00000b92,2962
220,0x00000adb,2779
221,0x00000ada,2778
222,0x00000ca4,3236
223,0x00000cb2,3250
224,0x00000b98,2968
225,0x00000be1,3041
226,0x00000c47,3143
227,0x00000f0a,3850
228,0x00000cb6,3254
229,0x00000d01,3329
230,0x00000daf,3503
231,0x00000efd,3837
232,0x0000117f,4479
233,0x00000f11,3857
234,0x0000103e,4158
235,0x000010e6,4326
236,0x00001590,5520
237,0x000017a3,6051
238,0x00001bdd,7133
239,0x00002546,9542
240,0x000035ca,13770
241,0x00003e3f,15935
242,0x000025e3,9699
243,0x00001fa4,8100
244,0x00001bb5,7093
245,0x00001e42,7746
246,0x00001b0c,6924
247,0x00001812,6162
248,0x000017f6,6134
249,0x0000174f,5967
250,0x00001d69,7529
251,0x000014a2,5282
252,0x000014ad,5293
253,0x00001430,5168
254,0x000015f4,5620
255,0x000015e6,5606
256,0x00001252,4690
257,0x000011bb,4539
258,0x00001214,4628
259,0x00001509,5385
260,0x000010d4,4308
261,0x0000105d,4189
262,0x0000106f,4207
263,0x00001236,4662
264,0x000013a6,5030
265,0x0000107a,4218
266,0x00001127,4391
267,0x0000113e,4414
268,0x00001621,5665
269,0x000013d4,5076
270,0x00001285,4741
271,0x00001213,4627
272,0x0000131d,4893
273,0x000016db,5851
274,0x00001146,4422
275,0x000011e5,4581
276,0x000011c4,4548
277,0x00001528,5416
278,0x00001507,5383
279,0x00001283,4739
280,0x00001251,4689
281,0x00001287,4743
282,0x000016b5,5813
283,0x000012cb,4811
284,0x00001201,4609
285,0x000012e9,4841
286,0x00001663,5731
287,0x000015e2,5602
288,0x0000123c,4668
289,0x00001115,4373
290,0x0000106f,4207
291,0x000015a1,5537
292,0x000011b1,4529
293,0x00001192,4498
294,0x000011a1,4513
295,0x00001232,4658
296,0x000013d4,5076
297,0x00000fd2,4050
298,0x00000ed4,3796
299,0x00000e85,3717
300,0x0000115f,4447
301,0x00000f86,3974
302,0x00000ea0,3744
303,0x00000f29,3881
304,0x000010d0,4304
305,0x0000136a,4970
306,0x00000fd9,4057
307,0x00001079,4217
308,0x00001015,4117
309,0x000013d8,5080
310,0x00001264,4708
311,0x000011e0,4576
312,0x000012c8,4808
313,0x000013ae,5038
314,0x00001cb2,7346
315,0x000014bf,5311
316,0x0000154b,5451
317,0x00001511,5393
318,0x000017c0,6080
319,0x000018c8,6344
320,0x000013da,5082
321,0x00001422,5154
322,0x0000155c,5468
323,0x000018f4,6388
324,0x000013db,5083
325,0x00001232,4658
326,0x000012d3,4819
327,0x00001472,5234
328,0x000015e8,5608
329,0x000012c0,4800
330,0x0000133c,4924
331,0x0000134c,4940
332,0x0000187f,6271
333,0x000014bc,5308
334,0x00001373,4979
335,0x000013f2,5106
336,0x00001561,5473
337,0x00001a68,6760
338,0x000015c9,5577
339,0x00001669,5737
340,0x0000164f,5711
341,0x00001ae8,6888
342,0x00001860,6240
343,0x00001568,5480
344,0x000015c0,5568
345,0x00001611,5649
346,0x00001b80,7040
347,0x0000153a,5434
348,0x00001584,5508
349,0x000015f4,5620
350,0x00001a52,6738
351,0x00001a35,6709
352,0x0000170c,5900
353,0x000016ba,5818
354,0x0000165a,5722
355,0x00001cbf,7359
356,0x00001559,5465
357,0x00001508,5384
358,0x0000157e,5502
359,0x000016e1,5857
360,0x00001a7a,6778
361,0x000014db,5339
362,0x00001647,5703
363,0x00001587,5511
364,0x00001a36,6710
365,0x00001784,6020
366,0x0000154a,5450
367,0x00001583,5507
368,0x0000174e,5966
369,0x00001aca,6858
370,0x00001654,5716
371,0x0000176e,5998
372,0x000016a8,5800
373,0x00001ecb,7883
374,0x00001db1,7601
375,0x00001bd6,7126
376,0x00001b6f,7023
377,0x00001ae6,6886
378,0x0000248d,9357
379,0x000019ed,6637
380,0x00001b38,6968
381,0x00001af6,6902
382,0x00001dbf,7615
383,0x00001ff5,8181
384,0x00001b79,7033
385,0x00001ba2,7074
386,0x00001cbe,7358
387,0x00002676,9846
388,0x00002027,8231
389,0x00001e1a,7706
390,0x00001d3b,7483
391,0x00002048,8264
392,0x000021ca,8650
393,0x00001bda,7130
394,0x00001b45,6981
395,0x00001afa,6906
396,0x00002395,9109
397,0x00001d40,7488
398,0x00001bdf,7135
399,0x00001b16,6934
400,0x00001be2,7138
401,0x000023ca,9162
402,0x00001b89,7049
403,0x00001db5,7605
404,0x00002020,8224
405,0x0000265a,9818
406,0x00002570,9584
407,0x00001e2f,7727
408,0x00001c91,7313
409,0x00001bf1,7153
410,0x00002122,8482
411,0x000018d9,6361
412,0x00001845,6213
413,0x00001700,5888
414,0x00001bb5,7093
415,0x00001b2d,6957
416,0x0000177b,6011
417,0x00001807,6151
418,0x000017e0,6112
419,0x00002084,8324
420,0x00001948,6472
421,0x0000188b,6283
422,0x0000185d,6237
423,0x00001b5b,7003
424,0x00001d83,7555
425,0x00001696,5782
426,0x00001664,5732
427,0x0000163f,5695
428,0x00001b49,6985
429,0x000018d0,6352
430,0x0000180f,6159
431,0x0000194a,6474
432,0x00001d50,7504
433,0x00002447,9287
434,0x00001d4d,7501
435,0x00001bfe,7166
436,0x00001b06,6918
437,0x0000208c,8332
438,0x00001d45,7493
439,0x00001c7c,7292
440,0x00001d65,7525
441,0x00001e12,7698
442,0x000027c3,10179
443,0x00001a6d,6765
444,0x00001982,6530
445,0x00001967,6503
446,0x00001bec,7148
447,0x00001baf,7087
448,0x000017b8,6072
449,0x0000183b,6203
450,0x00001804,6148
451,0x00001ebe,7870
452,0x0000188b,6283
453,0x0000172d,5933
454,0x000016f6,5878
455,0x00001a2e,6702
456,0x00001bc6,7110
457,0x000017b2,6066
458,0x00001753,5971
459,0x0000178e,6030
460,0x00001d3e,7486
461,0x000017f0,6128
462,0x000016b1,5809
463,0x000015f0,5616
464,0x000016dc,5852
465,0x00001cec,7404
466,0x00001605,5637
467,0x0000171b,5915
468,0x000016b0,5808
469,0x00001c88,7304
470,0x00001bc1,7105
471,0x0000191c,6428
472,0x00001922,6434
473,0x00001a7d,6781
474,0x000021a9,8617
475,0x00001a9d,6813
476,0x00001ae1,6881
477,0x00001b91,7057
478,0x000020b6,8374
479,0x000020d7,8407
480,0x00001d14,7444
481,0x00001c17,7191
482,0x00001ce7,7399
483,0x000028a3,10403
484,0x00002318,8984
485,0x00002a8b,10891
486,0x00002f10,12048
487,0x00003937,14647
488,0x00003b75,15221
489,0x000025bf,9663
490,0x00002299,8857
491,0x000020d7,8407
492,0x0000258a,9610
493,0x000020e4,8420
494,0x00001df6,7670
495,0x00001d9c,7580
496,0x0000203d,8253
497,0x000023bf,9151
498,0x00001c8b,7307
499,0x00001ce8,7400
500,0x00001caa,7338
501,0x00002381,9089
502,0x0000202a,8234
503,0x00001b8e,7054
504,0x00001bd7,7127
505,0x00001b89,7049
506,0x0000242c,9260
507,0x00001b64,7012
508,0x00001b9e,7070
509,0x00001b2f,6959
510,0x00001ff6,8182
511,0x000021c0,8640
512,0x00001c84,7300
513,0x00001d39,7481
514,0x00001db7,7607
515,0x00002705,9989
516,0x000020f2,8434
517,0x00001ea7,7847
518,0x00001ea0,7840
519,0x000024be,9406
520,0x0000269a,9882
521,0x00002062,8290
522,0x00002025,8229
523,0x00001ff8,8184
524,0x00002b3e,11070
525,0x0000240b,9227
526,0x00002324,8996
527,0x00002435,9269
528,0x0000235c,9052
529,0x00002e15,11797
530,0x0000241c,9244
531,0x000025ca,9674
532,0x000027c7,10183
533,0x0000313d,12605
534,0x00002dad,11693
535,0x00002699,9881
536,0x000026ee,9966
537,0x00002948,10568
538,0x0000363f,13887
539,0x00002a23,10787
540,0x00002a29,10793
541,0x0000287a,10362
542,0x00003176,12662
543,0x00002ea7,11943
544,0x000026fc,9980
545,0x00002600,9728
546,0x00002503,9475
547,0x00003148,12616
548,0x00002684,9860
549,0x0000272b,10027
550,0x000026af,9903
551,0x00002d87,11655
552,0x000033a9,13225
553,0x00002a64,10852
554,0x00002a24,10788
555,0x000029ad,10669
556,0x00003339,13113
557,0x00002bf5,11253
558,0x00002810,10256
559,0x000027ad,10157
560,0x00002c54,11348
561,0x00003477,13431
562,0x000029d6,10710
563,0x00002a73,10867
564,0x00002aef,10991
565,0x000037ef,14319
566,0x000036bf,14015
567,0x000034ee,13550
568,0x000036e8,14056
569,0x0000360b,13835
570,0x00004657,18007
571,0x000030f8,12536
572,0x000030ad,12461
573,0x00002ffc,12284
574,0x0000369c,13980
575,0x000039fe,14846
576,0x00003098,12440
577,0x00003066,12390
578,0x000032cf,13007
579,0x000041fe,16894
580,0x000035a8,13736
581,0x00003180,12672
582,0x00003310,13072
583,0x00003b5a,15194
584,0x000042de,17118
585,0x000037c5,14277
586,0x0000381f,14367
587,0x0000379b,14235
588,0x00004870,18544
589,0x0000397e,14718
590,0x00003418,13336
591,0x00003433,13363
592,0x0000366a,13930
593,0x00004385,17285
594,0x000033dc,13276
595,0x000035c4,13764
596,0x000037e7,14311
597,0x000044aa,17578
598,0x0000447f,17535
599,0x00003a8a,14986
600,0x00003863,14435
601,0x00003a60,14944
602,0x0000491d,18717
603,0x00003610,13840
604,0x000034fc,13564
605,0x0000346a,13418
606,0x00003f5d,16221
607,0x00003f50,16208
608,0x00003738,14136
609,0x0000366e,13934
610,0x000034a5,13477
611,0x00004730,18224
612,0x0000340e,13326
613,0x000033aa,13226
614,0x00003442,13378
615,0x000038dd,14557
616,0x000040f2,16626
617,0x000034b4,13492
618,0x00003429,13353
619,0x000036e1,14049
620,0x000045bc,17852
621,0x00003f6d,16237
622,0x000038be,14526
623,0x000037b4,14260
624,0x00003ad9,15065
625,0x000044fa,17658
626,0x00003601,13825
627,0x00003500,13568
628,0x000035df,13791
629,0x0000443d,17469
630,0x0000404f,16463
631,0x00003ad3,15059
632,0x00003ab7,15031
633,0x00003d67,15719
634,0x00005636,22070
635,0x00003e44,15940
636,0x00003e8c,16012
637,0x00003e18,15896
638,0x00004331,17201
639,0x00004503,17667
640,0x00003827,14375
641,0x00003812,14354
642,0x0000389e,14494
643,0x000049ee,18926
644,0x00003b20,15136
645,0x0000368b,13963
646,0x000036af,13999
647,0x00003ee6,16102
648,0x00004539,17721
649,0x00003cf1,15601
650,0x00003ec8,16072
651,0x00003edb,16091
652,0x00005489,21641
653,0x00003f70,16240
654,0x000037d8,14296
655,0x00003682,13954
656,0x00003770,14192
657,0x00004399,17305
658,0x000030d1,12497
659,0x0000310a,12554
660,0x000031c9,12745
661,0x00003c93,15507
662,0x00003858,14424
663,0x00003347,13127
664,0x000032b7,12983
665,0x00003489,13449
666,0x0000459b,17819
667,0x00003372,13170
668,0x000032b3,12979
669,0x00003372,13170
670,0x00003caa,15530
671,0x00003c04,15364
672,0x0000330f,13071
673,0x000031da,12762
674,0x0000314b,12619
675,0x0000447b,17531
676,0x0000370a,14090
677,0x00003830,14384
678,0x0000391c,14620
679,0x00004238,16952
680,0x00004b9e,19358
681,0x00003a4b,14923
682,0x00003ac8,15048
683,0x0000399e,14750
684,0x00004645,17989
685,0x00003dea,15850
686,0x00003a03,14851
687,0x00003a22,14882
688,0x00004143,16707
689,0x0000494e,18766
690,0x00003954,14676
691,0x000037af,14255
692,0x00003666,13926
693,0x00004298,17048
694,0x00003abe,15038
695,0x00003619,13849
696,0x00003527,13607
697,0x00003551,13649
698,0x000048bf,18623
699,0x000033a1,13217
700,0x00003547,13639
701,0x00003526,13606
702,0x00003cda,15578
703,0x00003f95,16277
704,0x0000339c,13212
705,0x0000350f,13583
706,0x000034ef,13551
707,0x0000440b,17419
708,0x000033e2,13282
709,0x00003232,12850
710,0x00003286,12934
711,0x000039e3,14819
712,0x00003e90,16016
713,0x00003356,13142
714,0x00003342,13122
715,0x000033af,13231
716,0x0000435c,17244
717,0x000037ae,14254
718,0x00003554,13652
719,0x000035d3,13779
720,0x00003715,14101
721,0x0000463b,17979
722,0x0000348b,13451
723,0x0000353e,13630
724,0x000036bb,14011
725,0x000041b0,16816
726,0x00003e4b,15947
727,0x00003555,13653
728,0x00003555,13653
729,0x00003918,14616
730,0x000049fb,18939
731,0x0000424f,16975
732,0x00004427,17447
733,0x00004422,17442
734,0x000051dc,20956
735,0x0000464f,17999
736,0x000037ec,14316
737,0x000034d2,13522
738,0x000032f2,13042
739,0x00004283,17027
740,0x00003273,12915
741,0x000030bf,12479
742,0x00003037,12343
743,0x0000357d,13693
744,0x00003a6a,14954
745,0x00002eb9,11961
746,0x00002ef9,12025
747,0x00002d71,11633
748,0x00003b4e,15182
749,0x0000304b,12363
750,0x00002c11,11281
751,0x00002bd8,11224
752,0x00002ece,11982
753,0x0000373c,14140
754,0x00002b04,11012
755,0x00002b7c,11132
756,0x00002be1,11233
757,0x000034e5,13541
758,0x000030cf,12495
759,0x00002afd,11005
760,0x00002b5a,11098
761,0x00002cbd,11453
762,0x000039c0,14784
763,0x00002a32,10802
764,0x00002b85,11141
765,0x00002aad,10925
766,0x0000319b,12699
767,0x0000334f,13135
768,0x00002ad4,10964
769,0x00002ae7,10983
770,0x00002bb6,11190
771,0x000037f6,14326
772,0x00002d3c,11580
773,0x00002b27,11047
774,0x00002ab2,10930
775,0x00002fe3,12259
776,0x000032e5,13029
777,0x00002ad0,10960
778,0x00002a85,10885
779,0x00002a4a,10826
780,0x0000372f,14127
781,0x00002be3,11235
782,0x0000290c,10508
783,0x000029c8,10696
784,0x00002c22,11298
785,0x000036ab,13995
786,0x00002756,10070
787,0x00002784,10116
788,0x000027c2,10178
789,0x00002ef5,12021
790,0x00002c45,11333
791,0x0000260b,9739
792,0x000025ea,9706
793,0x00002559,9561
794,0x00002f7d,12157
795,0x0000251a,9498
796,0x00002529,9513
797,0x000024fd,9469
798,0x00002d14,11540
799,0x00002b62,11106
800,0x000026ba,9914
801,0x00002614,9748
802,0x00002597,9623
803,0x000031c3,12739
804,0x00002572,9586
805,0x000024f6,9462
806,0x00002423,9251
807,0x00002812,10258
808,0x00002dad,11693
809,0x000023c1,9153
810,0x00002453,9299
811,0x000025ab,9643
812,0x0000307a,12410
813,0x00002ac3,10947
814,0x0000276c,10092
815,0x000026de,9950
816,0x000029a1,10657
817,0x00002e08,11784
818,0x00002456,9302
819,0x00002443,9283
820,0x000022ee,8942
821,0x00002bc2,11202
822,0x0000267f,9855
823,0x00002303,8963
824,0x00002388,9096
825,0x00002393,9107
826,0x00002f66,12134
827,0x000021b1,8625
828,0x0000223a,8762
829,0x0000219a,8602
830,0x0000285b,10331
831,0x000028d4,10452
832,0x00002348,9032
833,0x000022a0,8864
834,0x000022b7,8887
835,0x00002c70,11376
836,0x00002334,9012
837,0x00002152,8530
838,0x00002135,8501
839,0x00002557,9559
840,0x000028e0,10464
841,0x000020db,8411
842,0x0000218d,8589
843,0x000020fd,8445
844,0x00002b74,11124
845,0x00002392,9106
846,0x000021ad,8621
847,0x0000211d,8477
848,0x000022bd,8893
849,0x0000296a,10602
850,0x00001fbb,8123
851,0x0000204e,8270
852,0x00002141,8513
853,0x00002764,10084
854,0x000025f0,9712
855,0x00002017,8215
856,0x00001fa2,8098
857,0x000020ad,8365
858,0x000028ae,10414
859,0x00001f7e,8062
860,0x00001f77,8055
861,0x00001ec9,7881
862,0x000024f4,9460
863,0x00002419,9241
864,0x00001f0f,7951
865,0x00001eca,7882
866,0x00001f53,8019
867,0x00002a5d,10845
868,0x0000206b,8299
869,0x00001f0a,7946
870,0x00001da3,7587
871,0x0000225d,8797
872,0x00002451,9297
873,0x00001ddc,7644
874,0x00001e46,7750
875,0x00001e32,7730
876,0x000025bf,9663
877,0x00001fd2,8146
878,0x00001e70,7792
879,0x00001e6d,7789
880,0x000020f2,8434
881,0x0000275e,10078
882,0x00001f8a,8074
883,0x00001fcf,8143
884,0x00001ec5,7877
885,0x0000252b,9515
886,0x000020d5,8405
887,0x00001dfe,7678
888,0x00001e5c,7772
889,0x00001e41,7745
890,0x0000284c,10316
891,0x00001d7e,7550
892,0x00001e49,7753
893,0x00001e1d,7709
894,0x00002370,9072
895,0x000025ab,9643
896,0x00001e85,7813
897,0x00001f90,8080
898,0x0000201b,8219
899,0x0000284e,10318
900,0x00001f6a,8042
901,0x00001d9e,7582
902,0x00001d17,7447
903,0x00002166,8550
904,0x00002308,8968
905,0x00001c3e,7230
906,0x00001cc8,7368
907,0x00001ca4,7332
908,0x000024ee,9454
909,0x00001e35,7733
910,0x00001d2d,7469
911,0x00001d08,7432
912,0x00001e2d,7725
913,0x00002458,9304
914,0x00001c51,7249
915,0x00001c88,7304
916,0x00001cc6,7366
917,0x0000225f,8799
918,0x00001fea,8170
919,0x00001c79,7289
920,0x00001c76,7286
921,0x00001d97,7575
922,0x00002554,9556
923,0x00001dcb,7627
924,0x00001e42,7746
925,0x00001dda,7642
926,0x000024e0,9440
927,0x000022e7,8935
928,0x00001e2c,7724
929,0x00001e6d,7789
930,0x00001ea2,7842
931,0x00002808,10248
932,0x00001f01,7937
933,0x00001fbb,8123
934,0x00002026,8230
935,0x000023e4,9188
936,0x000027e3,10211
937,0x00001e61,7777
938,0x00001df3,7667
939,0x00001f66,8038
940,0x00002579,9593
941,0x00001f74,8052
942,0x00001d9b,7579
943,0x00001dad,7597
944,0x00002005,8197
945,0x000024eb,9451
946,0x00001da6,7590
947,0x00001d9c,7580
948,0x00001d85,7557
949,0x000023fe,9214
950,0x000020f1,8433
951,0x00001d36,7478
952,0x00001d43,7491
953,0x00001e7a,7802
954,0x00002521,9505
955,0x00001d12,7442
956,0x00001ce0,7392
957,0x00001c86,7302
958,0x0000210f,8463
959,0x0000221c,8732
960,0x00001d4f,7503
961,0x00001cea,7402
962,0x00001d50,7504
963,0x000026c5,9925
964,0x00001e9c,7836
965,0x00001e0c,7692
966,0x00001d0b,7435
967,0x00002216,8726
968,0x000023e2,9186
969,0x00001ecd,7885
970,0x00001eb4,7860
971,0x00001e96,7830
972,0x00002721,10017
973,0x000020c2,8386
974,0x00001fbb,8123
975,0x00001f63,8035
976,0x000021b7,8631
977,0x00002abb,10939
978,0x00002344,9028
979,0x000023dc,9180
980,0x00002510,9488
981,0x00002aab,10923
982,0x00002467,9319
983,0x00001ebe,7870
984,0x00001e78,7800
985,0x00001fad,8109
986,0x000026ce,9934
987,0x00001e04,7684
988,0x00001f15,7957
989,0x00001e87,7815
990,0x000023f8,9208
991,0x000022c3,8899
992,0x00001e04,7684
993,0x00001e38,7736
994,0x00001e85,7813
995,0x0000278f,10127
996,0x00001df3,7667
997,0x00001cf8,7416
998,0x00001d79,7545
999,0x0000210f,8463
1000,0x00002281,8833
1001,0x00001cf5,7413
1002,0x00001da2,7586
1003,0x00001ddc,7644
1004,0x00002533,9523
1005,0x00001fa6,8102
1006,0x00001df0,7664
1007,0x00001d8d,7565
1008,0x000020dc,8412
1009,0x0000259d,9629
1010,0x00001ea6,7846
1011,0x00001ddc,7644
1012,0x00001dce,7630
1013,0x000025d2,9682
1014,0x0000213b,8507
1015,0x00001ecc,7884
1016,0x00001ec7,7879
1017,0x00002059,8281
1018,0x00002aa3,10915
1019,0x00001d9a,7578
1020,0x00001eed,7917
1021,0x00001ee0,7904
1022,0x000023a5,9125
1023,0x00002410,9232
0,0x00000000,0
1024,0x00352b6b,3484523
2048,0x00209819,2136089
3072,0x0016fd4f,1506639
4096,0x00128fd0,1216464
5120,0x000e72a3,946851
6144,0x000ce72b,845611
7168,0x000bcc8a,773258
8192,0x000d18a6,858278
9216,0x000c94b8,824504
10240,0x000db2a5,897701
11264,0x0005b1fd,373245
12288,0x0002d3ac,185260
13312,0x0000cbb6,52150
14336,0x0000995a,39258
15360,0x00008cdf,36063
16384,0x0000788f,30863
17408,0x00006623,26147
18432,0x000054f7,21751
19456,0x00004aa3,19107
20480,0x000043ed,17389
21504,0x00004142,16706
22528,0x000043ab,17323
23552,0x0000467d,18045
24576,0x00005935,22837
25600,0x00003edc,16092
26624,0x00003abe,15038
27648,0x00003a3b,14907
28672,0x000038e7,14567
29696,0x0000384b,14411
30720,0x00003805,14341
31744,0x0000359b,13723
32768,0x000036ef,14063
33792,0x00003c20,15392
34816,0x00005005,20485
35840,0x000052f6,21238
36864,0x00004d53,19795
37888,0x000044d9,17625
38912,0x00004138,16696
39936,0x00003c17,15383
40960,0x00003b5e,15198
41984,0x00004020,16416
43008,0x00005d75,23925
44032,0x0000a5e9,42473
45056,0x0000cd65,52581
46080,0x0000be4e,48718
47104,0x00009bf4,39924
48128,0x000079f5,31221
49152,0x00006112,24850
50176,0x000057be,22462
51200,0x00005883,22659
52224,0x000055ba,21946
53248,0x00004e89,20105
54272,0x000042ca,17098
55296,0x0000340b,13323
56320,0x0000298d,10637
57344,0x00002173,8563
58368,0x00001c6e,7278
59392,0x00001737,5943
60416,0x0000134e,4942
61440,0x00000efd,3837
62464,0x00000c4b,3147
63488,0x00000893,2195
64512,0x0000062e,1582
65536,0x0000049a,1178
66560,0x00000391,913
67584,0x000002b9,697
68608,0x0000023d,573
69632,0x000001e8,488
70656,0x000001a6,422
71680,0x0000018d,397
72704,0x00000154,340
73728,0x00000176,374
74752,0x00000115,277
75776,0x0000011b,283
76800,0x0000012a,298
77824,0x00000133,307
78848,0x000000fc,252
79872,0x00000112,274
80896,0x0000010d,269
81920,0x00000103,259
82944,0x000000f8,248
83968,0x000000b2,178
84992,0x000000ad,173
86016,0x0000009e,158
87040,0x000000ba,186
88064,0x0000009a,154
89088,0x000000a6,166
90112,0x0000007e,126
91136,0x0000006c,108
92160,0x0000007b,123
93184,0x00000068,104
94208,0x00000071,113
95232,0x0000005f,95
96256,0x00000064,100
97280,0x0000005b,91
98304,0x00000058,88
99328,0x00000058,88
100352,0x00000059,89
101376,0x00000058,88
102400,0x0000004a,74
103424,0x00000052,82
104448,0x0000004c,76
105472,0x00000049,73
106496,0x0000004f,79
107520,0x00000058,88
108544,0x00000059,89
109568,0x00000051,81
110592,0x00000041,65
111616,0x0000004d,77
112640,0x00000040,64
113664,0x00000040,64
114688,0x0000004a,74
115712,0x0000004a,74
116736,0x0000004a,74
117760,0x00000044,68
118784,0x00000062,98
119808,0x00000066,102
120832,0x0000007c,124
121856,0x00000063,99
122880,0x0000006a,106
123904,0x0000006f,111
124928,0x00000063,99
125952,0x0000005f,95
126976,0x0000005f,95
128000,0x00000052,82
129024,0x00000052,82
130048,0x00000062,98
131072,0x0000005b,91
132096,0x0000006a,106
133120,0x0000005f,95
134144,0x0000005e,94
135168,0x0000005a,90
136192,0x0000004c,76
137216,0x00000053,83
138240,0x0000005b,91
139264,0x00000037,55
140288,0x0000003f,63
141312,0x00000048,72
142336,0x00000033,51
143360,0x00000034,52
144384,0x00000037,55
145408,0x0000002d,45
146432,0x0000002c,44
147456,0x0000002e,46
148480,0x00000039,57
149504,0x00000034,52
150528,0x00000029,41
151552,0x00000024,36
152576,0x0000001b,27
153600,0x00000022,34
154624,0x00000020,32
155648,0x00000019,25
156672,0x00000022,34
157696,0x00000016,22
158720,0x00000015,21
159744,0x00000017,23
160768,0x00000012,18
161792,0x00000016,22
162816,0x0000000e,14
163840,0x00000010,16
164864,0x00000014,20
165888,0x0000000a,10
166912,0x00000010,16
167936,0x00000013,19
168960,0x00000012,18
169984,0x00000010,16
171008,0x00000009,9
172032,0x0000000b,11
173056,0x00000010,16
174080,0x0000000c,12
175104,0x0000000b,11
176128,0x0000000d,13
177152,0x00000007,7
178176,0x00000009,9
179200,0x00000009,9
180224,0x00000008,8
181248,0x0000000a,10
182272,0x0000000c,12
183296,0x0000000d,13
184320,0x00000008,8
185344,0x0000000d,13
186368,0x0000000b,11
187392,0x0000000c,12
188416,0x00000007,7
189440,0x00000009,9
190464,0x0000000a,10
191488,0x0000000a,10
192512,0x00000008,8
193536,0x00000007,7
194560,0x00000006,6
195584,0x0000000f,15
196608,0x00000008,8
197632,0x0000000a,10
198656,0x00000004,4
199680,0x00000005,5
200704,0x00000007,7
201728,0x00000005,5
202752,0x00000006,6
203776,0x00000007,7
204800,0x00000002,2
205824,0x00000002,2
206848,0x00000007,7
207872,0x00000009,9
208896,0x00000003,3
209920,0x00000003,3
210944,0x00000005,5
211968,0x00000004,4
212992,0x00000004,4
214016,0x00000008,8
215040,0x00000002,2
216064,0x00000005,5
217088,0x00000008,8
218112,0x00000002,2
219136,0x00000000,0
220160,0x00000004,4
221184,0x00000005,5
222208,0x00000004,4
223232,0x00000000,0
224256,0x00000004,4
225280,0x00000001,1
226304,0x00000001,1
227328,0x00000002,2
228352,0x00000004,4
229376,0x00000006,6
230400,0x00000006,6
231424,0x00000002,2
232448,0x00000008,8
233472,0x00000001,1
234496,0x00000002,2
235520,0x00000001,1
236544,0x00000001,1
237568,0x00000002,2
238592,0x00000002,2
239616,0x00000003,3
240640,0x00000003,3
241664,0x00000003,3
242688,0x00000002,2
243712,0x00000006,6
244736,0x00000002,2
245760,0x00000006,6
246784,0x00000003,3
247808,0x00000004,4
248832,0x00000002,2
249856,0x00000001,1
250880,0x00000002,2
251904,0x00000002,2
252928,0x00000003,3
253952,0x00000005,5
254976,0x00000005,5
256000,0x00000001,1
257024,0x00000003,3
258048,0x00000002,2
259072,0x00000000,0
260096,0x00000001,1
261120,0x00000001,1
262144,0x00000001,1
263168,0x00000001,1
264192,0x00000003,3
265216,0x00000001,1
266240,0x00000003,3
267264,0x00000002,2
268288,0x00000003,3
269312,0x00000001,1
270336,0x00000000,0
271360,0x00000000,0
272384,0x00000002,2
273408,0x00000002,2
274432,0x00000004,4
275456,0x00000001,1
276480,0x00000002,2
277504,0x00000003,3
278528,0x00000002,2
279552,0x00000003,3
280576,0x00000002,2
281600,0x00000001,1
282624,0x00000001,1
283648,0x00000001,1
284672,0x00000001,1
285696,0x00000003,3
286720,0x00000001,1
287744,0x00000001,1
288768,0x00000001,1
289792,0x00000000,0
290816,0x00000001,1
291840,0x00000001,1
292864,0x00000001,1
293888,0x00000002,2
294912,0x00000001,1
295936,0x00000001,1
296960,0x00000002,2
297984,0x00000000,0
299008,0x00000001,1
300032,0x00000000,0
301056,0x00000000,0
302080,0x00000000,0
303104,0x00000003,3
304128,0x00000002,2
305152,0x00000001,1
306176,0x00000001,1
307200,0x00000003,3
308224,0x00000001,1
309248,0x00000004,4
310272,0x00000002,2
311296,0x00000003,3
312320,0x00000002,2
313344,0x00000000,0
314368,0x00000001,1
315392,0x00000001,1
316416,0x00000002,2
317440,0x00000004,4
318464,0x00000000,0
319488,0x00000002,2
320512,0x00000001,1
321536,0x00000002,2
322560,0x00000001,1
323584,0x00000003,3
324608,0x00000002,2
325632,0x00000000,0
326656,0x00000000,0
327680,0x00000002,2
328704,0x00000002,2
329728,0x00000003,3
330752,0x00000003,3
331776,0x00000001,1
332800,0x00000003,3
333824,0x00000003,3
334848,0x00000003,3
335872,0x00000001,1
336896,0x00000001,1
337920,0x00000003,3
338944,0x00000003,3
339968,0x00000003,3
340992,0x00000005,5
342016,0x00000000,0
343040,0x00000001,1
344064,0x00000002,2
345088,0x00000000,0
346112,0x00000000,0
347136,0x00000000,0
348160,0x00000001,1
349184,0x00000000,0
350208,0x00000001,1
351232,0x00000000,0
352256,0x00000002,2
353280,0x00000001,1
354304,0x00000001,1
355328,0x00000001,1
356352,0x00000001,1
357376,0x00000001,1
358400,0x00000002,2
359424,0x00000001,1
360448,0x00000003,3
361472,0x00000001,1
362496,0x00000002,2
363520,0x00000001,1
364544,0x00000002,2
365568,0x00000002,2
366592,0x00000003,3
367616,0x00000003,3
368640,0x00000001,1
369664,0x00000002,2
370688,0x00000001,1
371712,0x00000000,0
372736,0x00000001,1
373760,0x00000001,1
374784,0x00000003,3
375808,0x00000003,3
376832,0x00000003,3
377856,0x00000003,3
378880,0x00000001,1
379904,0x00000003,3
380928,0x00000001,1
381952,0x00000003,3
382976,0x00000001,1
384000,0x00000004,4
385024,0x00000005,5
386048,0x00000001,1
387072,0x00000005,5
388096,0x00000003,3
389120,0x00000001,1
390144,0x00000002,2
391168,0x00000002,2
392192,0x00000001,1
393216,0x00000003,3
394240,0x00000001,1
395264,0x00000002,2
396288,0x00000001,1
397312,0x00000001,1
398336,0x00000001,1
399360,0x00000001,1
400384,0x00000001,1
401408,0x00000001,1
402432,0x00000000,0
403456,0x00000002,2
404480,0x00000002,2
405504,0x00000001,1
406528,0x00000001,1
407552,0x00000000,0
408576,0x00000001,1
409600,0x00000001,1
410624,0x00000002,2
411648,0x00000002,2
412672,0x00000000,0
413696,0x00000000,0
414720,0x00000003,3
415744,0x00000000,0
416768,0x00000001,1
417792,0x00000002,2
418816,0x00000001,1
419840,0x00000002,2
420864,0x00000001,1
421888,0x00000000,0
422912,0x00000001,1
423936,0x00000005,5
424960,0x00000001,1
425984,0x00000000,0
427008,0x00000000,0
428032,0x00000002,2
429056,0x00000000,0
430080,0x00000001,1
431104,0x00000002,2
432128,0x00000001,1
433152,0x00000001,1
434176,0x00000001,1
435200,0x00000003,3
436224,0x00000003,3
437248,0x00000001,1
438272,0x00000002,2
439296,0x00000001,1
440320,0x00000001,1
441344,0x00000000,0
442368,0x00000000,0
443392,0x00000001,1
444416,0x00000001,1
445440,0x00000002,2
446464,0x00000004,4
447488,0x00000001,1
448512,0x00000003,3
449536,0x00000001,1
450560,0x00000003,3
451584,0x00000003,3
452608,0x00000002,2
453632,0x00000002,2
454656,0x00000002,2
455680,0x00000001,1
456704,0x00000000,0
457728,0x00000001,1
458752,0x00000002,2
459776,0x00000000,0
460800,0x00000000,0
461824,0x00000001,1
462848,0x00000000,0
463872,0x00000003,3
464896,0x00000000,0
465920,0x00000002,2
466944,0x00000002,2
467968,0x00000000,0
468992,0x00000000,0
470016,0x00000004,4
471040,0x00000001,1
472064,0x00000002,2
473088,0x00000002,2
474112,0x00000001,1
475136,0x00000001,1
476160,0x00000004,4
477184,0x00000002,2
478208,0x00000001,1
479232,0x00000001,1
480256,0x00000000,0
481280,0x00000003,3
482304,0x00000002,2
483328,0x00000000,0
484352,0x00000002,2
485376,0x00000002,2
486400,0x00000001,1
487424,0x00000001,1
488448,0x00000002,2
489472,0x00000002,2
490496,0x00000000,0
491520,0x00000001,1
492544,0x00000001,1
493568,0x00000002,2
494592,0x00000006,6
495616,0x00000001,1
496640,0x00000004,4
497664,0x00000003,3
498688,0x00000003,3
499712,0x00000000,0
500736,0x00000003,3
501760,0x00000001,1
502784,0x00000000,0
503808,0x00000001,1
504832,0x00000001,1
505856,0x00000001,1
506880,0x00000001,1
507904,0x00000001,1
508928,0x00000003,3
509952,0x00000002,2
510976,0x00000000,0
512000,0x00000002,2
513024,0x00000000,0
514048,0x00000004,4
515072,0x00000004,4
516096,0x00000000,0
517120,0x00000004,4
518144,0x00000000,0
519168,0x00000001,1
520192,0x00000001,1
521216,0x00000002,2
522240,0x00000001,1
523264,0x00000002,2
524288,0x00000000,0
525312,0x00000001,1
526336,0x00000001,1
527360,0x00000002,2
528384,0x00000001,1
529408,0x00000002,2
530432,0x00000000,0
531456,0x00000001,1
532480,0x00000001,1
533504,0x00000001,1
534528,0x00000000,0
535552,0x00000002,2
536576,0x00000002,2
537600,0x00000000,0
538624,0x00000000,0
539648,0x00000000,0
540672,0x00000000,0
541696,0x00000002,2
542720,0x00000002,2
543744,0x00000002,2
544768,0x00000000,0
545792,0x00000002,2
546816,0x00000001,1
547840,0x00000003,3
548864,0x00000002,2
549888,0x00000000,0
550912,0x00000002,2
551936,0x00000003,3
552960,0x00000002,2
553984,0x00000001,1
555008,0x00000001,1
556032,0x00000000,0
557056,0x00000001,1
558080,0x00000000,0
559104,0x00000001,1
560128,0x00000001,1
561152,0x00000000,0
562176,0x00000001,1
563200,0x00000001,1
564224,0x00000001,1
565248,0x00000002,2
566272,0x00000001,1
567296,0x00000000,0
568320,0x00000002,2
569344,0x00000002,2
570368,0x00000000,0
571392,0x00000000,0
572416,0x00000002,2
573440,0x00000000,0
574464,0x00000000,0
575488,0x00000002,2
576512,0x00000000,0
577536,0x00000000,0
578560,0x00000003,3
579584,0x00000001,1
580608,0x00000002,2
581632,0x00000000,0
582656,0x00000001,1
583680,0x00000001,1
584704,0x00000000,0
585728,0x00000000,0
586752,0x00000001,1
587776,0x00000000,0
588800,0x00000001,1
589824,0x00000000,0
590848,0x00000001,1
591872,0x00000000,0
592896,0x00000000,0
593920,0x00000002,2
594944,0x00000003,3
595968,0x00000005,5
596992,0x00000000,0
598016,0x00000000,0
599040,0x00000001,1
600064,0x00000002,2
601088,0x00000000,0
602112,0x00000003,3
603136,0x00000000,0
604160,0x00000001,1
605184,0x00000000,0
606208,0x00000001,1
607232,0x00000000,0
608256,0x00000001,1
609280,0x00000001,1
610304,0x00000001,1
611328,0x00000001,1
612352,0x00000000,0
613376,0x00000000,0
614400,0x00000001,1
615424,0x00000005,5
616448,0x00000000,0
617472,0x00000001,1
618496,0x00000000,0
619520,0x00000000,0
620544,0x00000001,1
621568,0x00000001,1
622592,0x00000001,1
623616,0x00000000,0
624640,0x00000000,0
625664,0x00000001,1
626688,0x00000001,1
627712,0x00000001,1
628736,0x00000004,4
629760,0x00000000,0
630784,0x00000001,1
631808,0x00000001,1
632832,0x00000002,2
633856,0x00000002,2
634880,0x00000000,0
635904,0x00000002,2
636928,0x00000000,0
637952,0x00000000,0
638976,0x00000001,1
640000,0x00000001,1
641024,0x00000001,1
642048,0x00000001,1
643072,0x00000000,0
644096,0x00000000,0
645120,0x00000000,0
646144,0x00000001,1
647168,0x00000001,1
648192,0x00000001,1
649216,0x00000000,0
650240,0x00000000,0
651264,0x00000001,1
652288,0x00000001,1
653312,0x00000002,2
654336,0x00000000,0
655360,0x00000000,0
656384,0x00000001,1
657408,0x00000000,0
658432,0x00000000,0
659456,0x00000001,1
660480,0x00000000,0
661504,0x00000001,1
662528,0x00000000,0
663552,0x00000000,0
664576,0x00000000,0
665600,0x00000000,0
666624,0x00000000,0
667648,0x00000000,0
668672,0x00000000,0
669696,0x00000001,1
670720,0x00000000,0
671744,0x00000003,3
672768,0x00000000,0
673792,0x00000001,1
674816,0x00000002,2
675840,0x00000001,1
676864,0x00000001,1
677888,0x00000000,0
678912,0x00000001,1
679936,0x00000001,1
680960,0x00000001,1
681984,0x00000000,0
683008,0x00000002,2
684032,0x00000003,3
685056,0x00000002,2
686080,0x00000000,0
687104,0x00000001,1
688128,0x00000002,2
689152,0x00000000,0
690176,0x00000000,0
691200,0x00000001,1
692224,0x00000000,0
693248,0x00000002,2
694272,0x00000000,0
695296,0x00000001,1
696320,0x00000000,0
697344,0x00000000,0
698368,0x00000003,3
699392,0x00000000,0
700416,0x00000001,1
701440,0x00000001,1
702464,0x00000000,0
703488,0x00000000,0
704512,0x00000000,0
705536,0x00000001,1
706560,0x00000001,1
707584,0x00000000,0
708608,0x00000001,1
709632,0x00000001,1
710656,0x00000000,0
711680,0x00000001,1
712704,0x00000000,0
713728,0x00000001,1
714752,0x00000000,0
715776,0x00000000,0
716800,0x00000002,2
717824,0x00000002,2
718848,0x00000001,1
719872,0x00000001,1
720896,0x00000000,0
721920,0x00000000,0
722944,0x00000001,1
723968,0x00000000,0
724992,0x00000000,0
726016,0x00000001,1
727040,0x00000001,1
728064,0x00000001,1
729088,0x00000002,2
730112,0x00000000,0
731136,0x00000005,5
732160,0x00000001,1
733184,0x00000002,2
734208,0x00000002,2
735232,0x00000002,2
736256,0x00000000,0
737280,0x00000001,1
738304,0x00000000,0
739328,0x00000000,0
740352,0x00000000,0
741376,0x00000000,0
742400,0x00000000,0
743424,0x00000000,0
744448,0x00000000,0
745472,0x00000001,1
746496,0x00000001,1
747520,0x00000000,0
748544,0x00000001,1
749568,0x00000000,0
750592,0x00000001,1
751616,0x00000001,1
752640,0x00000001,1
753664,0x00000001,1
754688,0x00000002,2
755712,0x00000000,0
756736,0x00000001,1
757760,0x00000001,1
758784,0x00000001,1
759808,0x00000001,1
760832,0x00000000,0
761856,0x00000000,0
762880,0x00000001,1
763904,0x00000000,0
764928,0x00000000,0
765952,0x00000000,0
766976,0x00000001,1
768000,0x00000000,0
769024,0x00000000,0
770048,0x00000006,6
771072,0x00000000,0
772096,0x00000003,3
773120,0x00000000,0
774144,0x00000000,0
775168,0x00000001,1
776192,0x00000001,1
777216,0x00000000,0
778240,0x00000000,0
779264,0x00000002,2
780288,0x00000002,2
781312,0x00000000,0
782336,0x00000000,0
783360,0x00000000,0
784384,0x00000002,2
785408,0x00000002,2
786432,0x00000002,2
787456,0x00000001,1
788480,0x00000000,0
789504,0x00000000,0
790528,0x00000000,0
791552,0x00000000,0
792576,0x00000007,7
793600,0x0000000b,11
794624,0x0000002e,46
795648,0x0000002a,42
796672,0x00000016,22
797696,0x00000019,25
798720,0x0000020e,526
799744,0x000000f2,242
800768,0x00000025,37
801792,0x0000002b,43
802816,0x0000003b,59
803840,0x00000061,97
804864,0x00000011,17
805888,0x0000000b,11
806912,0x00000010,16
807936,0x00000008,8
808960,0x00000002,2
809984,0x00000000,0
811008,0x00000000,0
812032,0x00000002,2
813056,0x00000004,4
814080,0x00000002,2
815104,0x00000002,2
816128,0x00000002,2
817152,0x00000001,1
818176,0x00000001,1
819200,0x00000001,1
820224,0x00000001,1
821248,0x00000001,1
822272,0x00000002,2
823296,0x00000002,2
824320,0x00000005,5
825344,0x00000002,2
826368,0x00000005,5
827392,0x00000005,5
828416,0x00000001,1
829440,0x00000003,3
830464,0x00000001,1
831488,0x00000004,4
832512,0x00000008,8
833536,0x00000001,1
834560,0x00000004,4
835584,0x00000001,1
836608,0x00000005,5
837632,0x00000003,3
838656,0x00000002,2
839680,0x00000005,5
840704,0x00000003,3
841728,0x00000003,3
842752,0x00000007,7
843776,0x00000007,7
844800,0x00000003,3
845824,0x00000002,2
846848,0x00000003,3
847872,0x00000003,3
848896,0x00000001,1
849920,0x00000000,0
850944,0x00000003,3
851968,0x00000000,0
852992,0x00000002,2
854016,0x00000003,3
855040,0x00000004,4
856064,0x00000000,0
857088,0x00000005,5
858112,0x00000003,3
859136,0x00000000,0
860160,0x00000003,3
861184,0x00000001,1
862208,0x00000000,0
863232,0x00000001,1
864256,0x00000002,2
865280,0x00000003,3
866304,0x00000002,2
867328,0x00000003,3
868352,0x00000002,2
869376,0x00000004,4
870400,0x00000001,1
871424,0x00000002,2
872448,0x00000001,1
873472,0x00000005,5
874496,0x00000001,1
875520,0x00000000,0
876544,0x00000003,3
877568,0x00000000,0
878592,0x00000000,0
879616,0x00000001,1
880640,0x00000005,5
881664,0x00000002,2
882688,0x00000001,1
883712,0x00000002,2
884736,0x00000002,2
885760,0x00000001,1
886784,0x00000005,5
887808,0x00000002,2
888832,0x00000006,6
889856,0x00000002,2
890880,0x00000000,0
891904,0x00000001,1
892928,0x00000006,6
893952,0x00000002,2
894976,0x00000002,2
896000,0x00000001,1
897024,0x00000003,3
898048,0x00000004,4
899072,0x00000003,3
900096,0x00000004,4
901120,0x00000003,3
902144,0x00000000,0
903168,0x00000003,3
904192,0x00000000,0
905216,0x00000005,5
906240,0x00000002,2
907264,0x00000000,0
908288,0x00000001,1
909312,0x00000001,1
910336,0x00000000,0
911360,0x00000003,3
912384,0x00000003,3
913408,0x00000004,4
914432,0x00000000,0
915456,0x00000004,4
916480,0x00000000,0
917504,0x00000005,5
918528,0x00000001,1
919552,0x00000001,1
920576,0x00000001,1
921600,0x00000001,1
922624,0x00000003,3
923648,0x00000002,2
924672,0x00000000,0
925696,0x00000003,3
926720,0x00000001,1
927744,0x00000001,1
928768,0x00000005,5
929792,0x00000001,1
930816,0x00000004,4
931840,0x00000001,1
932864,0x00000002,2
933888,0x00000001,1
934912,0x00000002,2
935936,0x00000006,6
936960,0x00000001,1
937984,0x00000001,1
939008,0x00000002,2
940032,0x00000000,0
941056,0x00000002,2
942080,0x00000001,1
943104,0x00000004,4
944128,0x00000002,2
945152,0x00000003,3
946176,0x00000005,5
947200,0x00000001,1
948224,0x00000005,5
949248,0x00000001,1
950272,0x00000000,0
951296,0x00000003,3
952320,0x00000001,1
953344,0x00000002,2
954368,0x00000001,1
955392,0x00000000,0
956416,0x00000001,1
957440,0x00000005,5
958464,0x00000002,2
959488,0x00000004,4
960512,0x00000004,4
961536,0x00000002,2
962560,0x00000002,2
963584,0x00000001,1
964608,0x00000000,0
965632,0x00000001,1
966656,0x00000001,1
967680,0x00000000,0
968704,0x00000000,0
969728,0x00000002,2
970752,0x00000001,1
971776,0x00000003,3
972800,0x00000003,3
973824,0x00000003,3
974848,0x00000003,3
975872,0x00000001,1
976896,0x00000002,2
977920,0x00000000,0
978944,0x00000001,1
979968,0x00000003,3
980992,0x00000001,1
982016,0x00000002,2
983040,0x00000004,4
984064,0x00000001,1
985088,0x00000002,2
986112,0x00000002,2
987136,0x00000003,3
988160,0x00000002,2
989184,0x00000002,2
990208,0x00000002,2
991232,0x00000004,4
992256,0x00000001,1
993280,0x00000001,1
994304,0x00000004,4
995328,0x00000003,3
996352,0x00000004,4
997376,0x00000003,3
998400,0x00000006,6
999424,0x00000005,5
1000448,0x00000000,0
1001472,0x00000003,3
1002496,0x00000004,4
1003520,0x00000005,5
1004544,0x00000004,4
1005568,0x00000003,3
1006592,0x00000004,4
1007616,0x00000005,5
1008640,0x00000001,1
1009664,0x00000005,5
1010688,0x00000004,4
1011712,0x00000009,9
1012736,0x00000003,3
1013760,0x00000006,6
1014784,0x00000003,3
1015808,0x00000001,1
1016832,0x00000008,8
1017856,0x00000002,2
1018880,0x00000005,5
1019904,0x00000002,2
1020928,0x00000003,3
1021952,0x00000002,2
1022976,0x00000001,1
1024000,0x00000002,2
1025024,0x00000001,1
1026048,0x00000002,2
1027072,0x00000004,4
1028096,0x00000003,3
1029120,0x00000004,4
1030144,0x00000000,0
1031168,0x00000001,1
1032192,0x00000004,4
1033216,0x00000003,3
1034240,0x00000004,4
1035264,0x00000001,1
1036288,0x00000000,0
1037312,0x00000002,2
1038336,0x00000001,1
1039360,0x00000004,4
1040384,0x00000000,0
1041408,0x00000002,2
1042432,0x00000001,1
1043456,0x00000001,1
1044480,0x00000002,2
1045504,0x00000000,0
1046528,0x00000001,1
1047552,0x00000001,1
0,0x00000000,0
1048576,0x00000416,1046
2097152,0x00000251,593
3145728,0x0000012d,301
4194304,0x000000ec,236
5242880,0x0000010f,271
6291456,0x00000595,1429
7340032,0x00000710,1808
8388608,0x00000097,151
9437184,0x0000001b,27
10485760,0x0000004e,78
11534336,0x00000045,69
12582912,0x0000005f,95
13631488,0x00000042,66
14680064,0x00000012,18
15728640,0x0000001d,29
16777216,0x0000000f,15
17825792,0x00000017,23
18874368,0x00000026,38
19922944,0x00000014,20
20971520,0x0000004d,77
22020096,0x0000002f,47
23068672,0x00000022,34
24117248,0x00000042,66
25165824,0x00000052,82
26214400,0x00000038,56
27262976,0x00000012,18
28311552,0x00000030,48
29360128,0x0000003b,59
30408704,0x00000038,56
31457280,0x00000025,37
32505856,0x00000010,16
33554432,0x00000015,21
34603008,0x00000013,19
35651584,0x00000007,7
36700160,0x0000000a,10
37748736,0x00000006,6
38797312,0x00000010,16
39845888,0x0000001c,28
40894464,0x00000053,83
41943040,0x00000088,136
42991616,0x0000003c,60
44040192,0x00000005,5
45088768,0x00000009,9
46137344,0x0000000c,12
47185920,0x0000000e,14
48234496,0x00000003,3
49283072,0x00000007,7
50331648,0x00000005,5
51380224,0x00000006,6
52428800,0x0000001a,26
53477376,0x0000001a,26
54525952,0x00000005,5
55574528,0x0000000b,11
56623104,0x00000022,34
57671680,0x0000000e,14
58720256,0x0000000b,11
59768832,0x00000006,6
60817408,0x00000004,4
61865984,0x0000000a,10
62914560,0x00000004,4
63963136,0x00000000,0
65011712,0x00000002,2
66060288,0x00000001,1
67108864,0x00000002,2
68157440,0x00000005,5
69206016,0x00000028,40
70254592,0x00000025,37
71303168,0x0000001f,31
72351744,0x00000031,49
73400320,0x00000004,4
74448896,0x00000002,2
75497472,0x00000003,3
76546048,0x0000000b,11
77594624,0x00000003,3
78643200,0x00000001,1
79691776,0x00000001,1
80740352,0x00000001,1
81788928,0x00000000,0
82837504,0x00000000,0
83886080,0x00000001,1
84934656,0x00000003,3
85983232,0x00000000,0
87031808,0x00000002,2
88080384,0x00000001,1
89128960,0x00000002,2
90177536,0x00000000,0
91226112,0x00000000,0
92274688,0x00000001,1
93323264,0x00000006,6
94371840,0x0000000d,13
95420416,0x00000009,9
96468992,0x00000003,3
97517568,0x00000002,2
98566144,0x00000007,7
99614720,0x00000006,6
100663296,0x00000016,22
101711872,0x0000000e,14
102760448,0x00000002,2
103809024,0x00000004,4
104857600,0x00000005,5
105906176,0x00000000,0
106954752,0x00000001,1
108003328,0x00000002,2
109051904,0x00000001,1
110100480,0x0000000e,14
111149056,0x00000003,3
112197632,0x00000009,9
113246208,0x00000001,1
114294784,0x0000000a,10
115343360,0x00000003,3
116391936,0x00000001,1
117440512,0x00000001,1
118489088,0x00000001,1
119537664,0x00000003,3
120586240,0x00000012,18
121634816,0x0000000b,11
122683392,0x00000001,1
123731968,0x00000001,1
124780544,0x00000001,1
125829120,0x00000002,2
126877696,0x00000006,6
127926272,0x00000000,0
128974848,0x00000002,2
130023424,0x00000000,0
131072000,0x00000001,1
132120576,0x00000000,0
133169152,0x00000022,34
134217728,0x00000023,35
135266304,0x00000009,9
136314880,0x00000014,20
137363456,0x0000000d,13
138412032,0x00000000,0
139460608,0x00000000,0
140509184,0x00000006,6
141557760,0x00000000,0
142606336,0x00000001,1
143654912,0x00000000,0
144703488,0x00000000,0
145752064,0x00000025,37
146800640,0x00000008,8
147849216,0x00000000,0
148897792,0x00000000,0
149946368,0x00000000,0
150994944,0x00000001,1
152043520,0x00000006,6
153092096,0x00000000,0
154140672,0x00000001,1
155189248,0x00000000,0
156237824,0x00000000,0
157286400,0x00000000,0
158334976,0x00000000,0
159383552,0x00000000,0
160432128,0x00000000,0
161480704,0x00000000,0
162529280,0x00000000,0
163577856,0x00000000,0
164626432,0x00000000,0
165675008,0x00000000,0
166723584,0x00000001,1
167772160,0x00000002,2
168820736,0x00000008,8
169869312,0x00000001,1
170917888,0x0000000b,11
171966464,0x00000000,0
173015040,0x00000000,0
174063616,0x00000004,4
175112192,0x00000002,2
176160768,0x00000000,0
177209344,0x00000006,6
178257920,0x00000006,6
179306496,0x00000000,0
180355072,0x00000000,0
181403648,0x00000000,0
182452224,0x00000001,1
183500800,0x00000000,0
184549376,0x00000000,0
185597952,0x00000001,1
186646528,0x00000011,17
187695104,0x0000000e,14
188743680,0x00000001,1
189792256,0x00000000,0
190840832,0x00000003,3
191889408,0x00000005,5
192937984,0x00000000,0
193986560,0x00000000,0
195035136,0x00000000,0
196083712,0x00000009,9
197132288,0x00000001,1
198180864,0x00000004,4
199229440,0x000000c3,195
200278016,0x0000000a,10
201326592,0x00000000,0
202375168,0x00000000,0
203423744,0x00000000,0
204472320,0x00000000,0
205520896,0x00000000,0
206569472,0x00000000,0
207618048,0x00000000,0
208666624,0x00000000,0
209715200,0x00000000,0
210763776,0x00000000,0
211812352,0x00000000,0
212860928,0x00000000,0
213909504,0x00000000,0
214958080,0x00000000,0
216006656,0x00000000,0
217055232,0x00000000,0
218103808,0x00000000,0
219152384,0x00000000,0
220200960,0x00000000,0
221249536,0x00000000,0
222298112,0x00000000,0
223346688,0x00000000,0
224395264,0x00000000,0
225443840,0x00000000,0
226492416,0x00000000,0
227540992,0x00000000,0
228589568,0x00000000,0
229638144,0x00000000,0
230686720,0x00000000,0
231735296,0x00000000,0
232783872,0x00000000,0
233832448,0x00000000,0
234881024,0x00000000,0
235929600,0x00000000,0
236978176,0x00000000,0
238026752,0x00000000,0
239075328,0x00000000,0
240123904,0x00000000,0
241172480,0x00000000,0
242221056,0x00000000,0
243269632,0x00000000,0
244318208,0x00000000,0
245366784,0x00000000,0
246415360,0x00000000,0
247463936,0x00000000,0
248512512,0x00000000,0
249561088,0x00000000,0
250609664,0x00000000,0
251658240,0x00000000,0
252706816,0x00000000,0
253755392,0x00000000,0
254803968,0x00000000,0
255852544,0x00000000,0
256901120,0x00000000,0
257949696,0x00000000,0
258998272,0x00000000,0
260046848,0x00000000,0
261095424,0x00000000,0
262144000,0x00000000,0
263192576,0x00000000,0
264241152,0x00000000,0
265289728,0x00000000,0
266338304,0x00000000,0
267386880,0x00000000,0
268435456,0x00000000,0
269484032,0x00000000,0
270532608,0x00000000,0
271581184,0x00000000,0
272629760,0x00000000,0
273678336,0x00000000,0
274726912,0x00000000,0
275775488,0x00000000,0
276824064,0x00000000,0
277872640,0x00000000,0
278921216,0x00000000,0
279969792,0x00000000,0
281018368,0x00000000,0
282066944,0x00000000,0
283115520,0x00000000,0
284164096,0x00000000,0
285212672,0x00000000,0
286261248,0x00000000,0
287309824,0x00000000,0
288358400,0x00000000,0
289406976,0x00000000,0
290455552,0x00000000,0
291504128,0x00000000,0
292552704,0x00000000,0
293601280,0x00000000,0
294649856,0x00000000,0
295698432,0x00000000,0
296747008,0x00000000,0
297795584,0x00000000,0
298844160,0x00000000,0
299892736,0x00000000,0
300941312,0x00000000,0
301989888,0x00000000,0
303038464,0x00000000,0
304087040,0x00000000,0
305135616,0x00000000,0
306184192,0x00000000,0
307232768,0x00000000,0
308281344,0x00000000,0
309329920,0x00000000,0
310378496,0x00000000,0
311427072,0x00000000,0
312475648,0x00000000,0
313524224,0x00000000,0
314572800,0x00000000,0
315621376,0x00000000,0
316669952,0x00000000,0
317718528,0x00000000,0
318767104,0x00000000,0
319815680,0x00000000,0
320864256,0x00000000,0
321912832,0x00000000,0
322961408,0x00000000,0
324009984,0x00000000,0
325058560,0x00000000,0
326107136,0x00000000,0
327155712,0x00000000,0
328204288,0x00000000,0
329252864,0x00000000,0
330301440,0x00000000,0
331350016,0x00000000,0
332398592,0x00000000,0
333447168,0x00000000,0
334495744,0x00000000,0
335544320,0x00000000,0
336592896,0x00000000,0
337641472,0x00000000,0
338690048,0x00000000,0
339738624,0x00000000,0
340787200,0x00000000,0
341835776,0x00000000,0
342884352,0x00000000,0
343932928,0x00000000,0
344981504,0x00000000,0
346030080,0x00000000,0
347078656,0x00000000,0
348127232,0x00000000,0
349175808,0x00000000,0
350224384,0x00000000,0
351272960,0x00000000,0
352321536,0x00000000,0
353370112,0x00000000,0
354418688,0x00000000,0
355467264,0x00000000,0
356515840,0x00000000,0
357564416,0x00000000,0
358612992,0x00000000,0
359661568,0x00000000,0
360710144,0x00000000,0
361758720,0x00000000,0
362807296,0x00000000,0
363855872,0x00000000,0
364904448,0x00000000,0
365953024,0x00000000,0
367001600,0x00000000,0
368050176,0x00000000,0
369098752,0x00000000,0
370147328,0x00000000,0
371195904,0x00000000,0
372244480,0x00000000,0
373293056,0x00000000,0
374341632,0x00000000,0
375390208,0x00000000,0
376438784,0x00000000,0
377487360,0x00000000,0
378535936,0x00000000,0
379584512,0x00000000,0
380633088,0x00000000,0
381681664,0x00000000,0
382730240,0x00000000,0
383778816,0x00000000,0
384827392,0x00000000,0
385875968,0x00000000,0
386924544,0x00000000,0
387973120,0x00000000,0
389021696,0x00000000,0
390070272,0x00000000,0
391118848,0x00000000,0
392167424,0x00000000,0
393216000,0x00000000,0
394264576,0x00000000,0
395313152,0x00000000,0
396361728,0x00000000,0
397410304,0x00000000,0
398458880,0x00000000,0
399507456,0x00000000,0
400556032,0x00000000,0
401604608,0x00000000,0
402653184,0x00000000,0
403701760,0x00000000,0
404750336,0x00000000,0
405798912,0x00000000,0
406847488,0x00000000,0
407896064,0x00000000,0
408944640,0x00000000,0
409993216,0x00000000,0
411041792,0x00000000,0
412090368,0x00000000,0
413138944,0x00000000,0
414187520,0x00000000,0
415236096,0x00000000,0
416284672,0x00000000,0
417333248,0x00000000,0
418381824,0x00000000,0
419430400,0x00000000,0
420478976,0x00000000,0
421527552,0x00000000,0
422576128,0x00000000,0
423624704,0x00000000,0
424673280,0x00000000,0
425721856,0x00000000,0
426770432,0x00000000,0
427819008,0x00000000,0
428867584,0x00000000,0
429916160,0x00000000,0
430964736,0x00000000,0
432013312,0x00000000,0
433061888,0x00000000,0
434110464,0x00000000,0
435159040,0x00000000,0
436207616,0x00000000,0
437256192,0x00000000,0
438304768,0x00000000,0
439353344,0x00000000,0
440401920,0x00000000,0
441450496,0x00000000,0
442499072,0x00000000,0
443547648,0x00000000,0
444596224,0x00000000,0
445644800,0x00000000,0
446693376,0x00000000,0
447741952,0x00000000,0
448790528,0x00000000,0
449839104,0x00000000,0
450887680,0x00000000,0
451936256,0x00000000,0
452984832,0x00000000,0
454033408,0x00000000,0
455081984,0x00000000,0
456130560,0x00000000,0
457179136,0x00000000,0
458227712,0x00000000,0
459276288,0x00000000,0
460324864,0x00000000,0
461373440,0x00000000,0
462422016,0x00000000,0
463470592,0x00000000,0
464519168,0x00000000,0
465567744,0x00000000,0
466616320,0x00000000,0
467664896,0x00000000,0
468713472,0x00000000,0
469762048,0x00000000,0
470810624,0x00000000,0
471859200,0x00000000,0
472907776,0x00000000,0
473956352,0x00000000,0
475004928,0x00000000,0
476053504,0x00000000,0
477102080,0x00000000,0
478150656,0x00000000,0
479199232,0x00000000,0
480247808,0x00000000,0
481296384,0x00000000,0
482344960,0x00000000,0
483393536,0x00000000,0
484442112,0x00000000,0
485490688,0x00000000,0
486539264,0x00000000,0
487587840,0x00000000,0
488636416,0x00000000,0
489684992,0x00000000,0
490733568,0x00000000,0
491782144,0x00000000,0
492830720,0x00000000,0
493879296,0x00000000,0
494927872,0x00000000,0
495976448,0x00000000,0
497025024,0x00000000,0
498073600,0x00000000,0
499122176,0x00000000,0
500170752,0x00000000,0
501219328,0x00000000,0
502267904,0x00000000,0
503316480,0x00000000,0
504365056,0x00000000,0
505413632,0x00000000,0
506462208,0x00000000,0
507510784,0x00000000,0
508559360,0x00000000,0
509607936,0x00000000,0
510656512,0x00000000,0
511705088,0x00000000,0
512753664,0x00000000,0
513802240,0x00000000,0
514850816,0x00000000,0
515899392,0x00000000,0
516947968,0x00000000,0
517996544,0x00000000,0
519045120,0x00000000,0
520093696,0x00000000,0
521142272,0x00000000,0
522190848,0x00000000,0
523239424,0x00000000,0
524288000,0x00000000,0
525336576,0x00000000,0
526385152,0x00000000,0
527433728,0x00000000,0
528482304,0x00000000,0
529530880,0x00000000,0
530579456,0x00000000,0
531628032,0x00000000,0
532676608,0x00000000,0
533725184,0x00000000,0
534773760,0x00000000,0
535822336,0x00000000,0
536870912,0x00000000,0
537919488,0x00000000,0
538968064,0x00000000,0
540016640,0x00000000,0
541065216,0x00000000,0
542113792,0x00000000,0
543162368,0x00000000,0
544210944,0x00000000,0
545259520,0x00000000,0
546308096,0x00000000,0
547356672,0x00000000,0
548405248,0x00000000,0
549453824,0x00000000,0
550502400,0x00000000,0
551550976,0x00000000,0
552599552,0x00000000,0
553648128,0x00000000,0
554696704,0x00000000,0
555745280,0x00000000,0
556793856,0x00000000,0
557842432,0x00000000,0
558891008,0x00000000,0
559939584,0x00000000,0
560988160,0x00000000,0
562036736,0x00000000,0
563085312,0x00000000,0
564133888,0x00000000,0
565182464,0x00000000,0
566231040,0x00000000,0
567279616,0x00000000,0
568328192,0x00000000,0
569376768,0x00000000,0
570425344,0x00000000,0
571473920,0x00000000,0
572522496,0x00000000,0
573571072,0x00000000,0
574619648,0x00000000,0
575668224,0x00000000,0
576716800,0x00000000,0
577765376,0x00000000,0
578813952,0x00000000,0
579862528,0x00000000,0
580911104,0x00000000,0
581959680,0x00000000,0
583008256,0x00000000,0
584056832,0x00000000,0
585105408,0x00000000,0
586153984,0x00000000,0
587202560,0x00000000,0
588251136,0x00000000,0
589299712,0x00000000,0
590348288,0x00000000,0
591396864,0x00000000,0
592445440,0x00000000,0
593494016,0x00000000,0
594542592,0x00000000,0
595591168,0x00000000,0
596639744,0x00000000,0
597688320,0x00000000,0
598736896,0x00000000,0
599785472,0x00000000,0
600834048,0x00000000,0
601882624,0x00000000,0
602931200,0x00000000,0
603979776,0x00000000,0
605028352,0x00000000,0
606076928,0x00000000,0
607125504,0x00000000,0
608174080,0x00000000,0
609222656,0x00000000,0
610271232,0x00000000,0
611319808,0x00000000,0
612368384,0x00000000,0
613416960,0x00000000,0
614465536,0x00000000,0
615514112,0x00000000,0
616562688,0x00000000,0
617611264,0x00000000,0
618659840,0x00000000,0
619708416,0x00000000,0
620756992,0x00000000,0
621805568,0x00000001,1
622854144,0x00000000,0
623902720,0x00000000,0
624951296,0x00000000,0
625999872,0x00000000,0
627048448,0x00000000,0
628097024,0x00000000,0
629145600,0x00000000,0
630194176,0x00000000,0
631242752,0x00000000,0
632291328,0x00000000,0
633339904,0x00000000,0
634388480,0x00000000,0
635437056,0x00000000,0
636485632,0x00000000,0
637534208,0x00000000,0
638582784,0x00000000,0
639631360,0x00000000,0
640679936,0x00000000,0
641728512,0x00000000,0
642777088,0x00000000,0
643825664,0x00000000,0
644874240,0x00000000,0
645922816,0x00000000,0
646971392,0x00000000,0
648019968,0x00000000,0
649068544,0x00000000,0
650117120,0x00000000,0
651165696,0x00000001,1
652214272,0x00000000,0
653262848,0x00000000,0
654311424,0x00000000,0
655360000,0x00000000,0
656408576,0x00000000,0
657457152,0x00000000,0
658505728,0x00000001,1
659554304,0x00000000,0
660602880,0x00000000,0
661651456,0x00000000,0
662700032,0x00000000,0
663748608,0x00000000,0
664797184,0x00000000,0
665845760,0x00000000,0
666894336,0x00000000,0
667942912,0x00000000,0
668991488,0x00000000,0
670040064,0x00000000,0
671088640,0x00000000,0
672137216,0x00000000,0
673185792,0x00000000,0
674234368,0x00000000,0
675282944,0x00000000,0
676331520,0x00000000,0
677380096,0x00000001,1
678428672,0x00000000,0
679477248,0x00000000,0
680525824,0x00000000,0
681574400,0x00000000,0
682622976,0x00000000,0
683671552,0x00000000,0
684720128,0x00000000,0
685768704,0x00000000,0
686817280,0x00000000,0
687865856,0x00000000,0
688914432,0x00000001,1
689963008,0x00000000,0
691011584,0x00000000,0
692060160,0x00000000,0
693108736,0x00000001,1
694157312,0x00000000,0
695205888,0x00000000,0
696254464,0x00000000,0
697303040,0x00000000,0
698351616,0x00000000,0
699400192,0x00000000,0
700448768,0x00000000,0
701497344,0x00000001,1
702545920,0x00000001,1
703594496,0x00000000,0
704643072,0x00000000,0
705691648,0x00000001,1
706740224,0x00000000,0
707788800,0x00000000,0
708837376,0x00000000,0
709885952,0x00000000,0
710934528,0x00000000,0
711983104,0x00000001,1
713031680,0x00000000,0
714080256,0x00000001,1
715128832,0x00000000,0
716177408,0x00000000,0
717225984,0x00000000,0
718274560,0x00000000,0
719323136,0x00000000,0
720371712,0x00000000,0
721420288,0x00000000,0
722468864,0x00000000,0
723517440,0x00000000,0
724566016,0x00000000,0
725614592,0x00000000,0
726663168,0x00000000,0
727711744,0x00000000,0
728760320,0x00000000,0
729808896,0x00000000,0
730857472,0x00000000,0
731906048,0x00000001,1
732954624,0x00000000,0
734003200,0x00000000,0
735051776,0x00000000,0
736100352,0x00000000,0
737148928,0x00000000,0
738197504,0x00000000,0
739246080,0x00000000,0
740294656,0x00000000,0
741343232,0x00000000,0
742391808,0x00000000,0
743440384,0x00000000,0
744488960,0x00000000,0
745537536,0x00000000,0
746586112,0x00000000,0
747634688,0x00000000,0
748683264,0x00000000,0
749731840,0x00000000,0
750780416,0x00000000,0
751828992,0x00000000,0
752877568,0x00000000,0
753926144,0x00000000,0
754974720,0x00000000,0
756023296,0x00000000,0
757071872,0x00000000,0
758120448,0x00000000,0
759169024,0x00000000,0
760217600,0x00000000,0
761266176,0x00000000,0
762314752,0x00000000,0
763363328,0x00000000,0
764411904,0x00000001,1
765460480,0x00000000,0
766509056,0x00000000,0
767557632,0x00000000,0
768606208,0x00000001,1
769654784,0x00000000,0
770703360,0x00000000,0
771751936,0x00000000,0
772800512,0x00000000,0
773849088,0x00000000,0
774897664,0x00000000,0
775946240,0x00000000,0
776994816,0x00000000,0
778043392,0x00000000,0
779091968,0x00000000,0
780140544,0x00000000,0
781189120,0x00000000,0
782237696,0x00000000,0
783286272,0x00000000,0
784334848,0x00000000,0
785383424,0x00000001,1
786432000,0x00000000,0
787480576,0x00000000,0
788529152,0x00000000,0
789577728,0x00000000,0
790626304,0x00000000,0
791674880,0x00000000,0
792723456,0x00000000,0
793772032,0x00000000,0
794820608,0x00000000,0
795869184,0x00000000,0
796917760,0x00000000,0
797966336,0x00000000,0
799014912,0x00000000,0
800063488,0x00000000,0
801112064,0x00000009,9
802160640,0x00000002,2
803209216,0x00000000,0
804257792,0x00000000,0
805306368,0x00000000,0
806354944,0x00000000,0
807403520,0x00000000,0
808452096,0x00000000,0
809500672,0x00000000,0
810549248,0x00000000,0
811597824,0x00000000,0
812646400,0x00000000,0
813694976,0x00000000,0
814743552,0x00000000,0
815792128,0x00000000,0
816840704,0x00000000,0
817889280,0x00000000,0
818937856,0x00000000,0
819986432,0x00000000,0
821035008,0x00000000,0
822083584,0x00000000,0
823132160,0x00000000,0
824180736,0x00000000,0
825229312,0x00000000,0
826277888,0x00000000,0
827326464,0x00000000,0
828375040,0x00000000,0
829423616,0x00000000,0
830472192,0x00000000,0
831520768,0x00000000,0
832569344,0x00000000,0
833617920,0x00000000,0
834666496,0x00000000,0
835715072,0x00000000,0
836763648,0x00000000,0
837812224,0x00000000,0
838860800,0x00000000,0
839909376,0x00000000,0
840957952,0x00000000,0
842006528,0x00000000,0
843055104,0x00000000,0
844103680,0x00000000,0
845152256,0x00000000,0
846200832,0x00000000,0
847249408,0x00000000,0
848297984,0x00000000,0
849346560,0x00000000,0
850395136,0x00000000,0
851443712,0x00000000,0
852492288,0x00000000,0
853540864,0x00000000,0
854589440,0x00000000,0
855638016,0x00000000,0
856686592,0x00000000,0
857735168,0x00000000,0
858783744,0x00000000,0
859832320,0x00000000,0
860880896,0x00000000,0
861929472,0x00000001,1
862978048,0x00000000,0
864026624,0x00000000,0
865075200,0x00000000,0
866123776,0x00000000,0
867172352,0x00000000,0
868220928,0x00000000,0
869269504,0x00000000,0
870318080,0x00000000,0
871366656,0x00000000,0
872415232,0x00000000,0
873463808,0x00000000,0
874512384,0x00000000,0
875560960,0x00000000,0
876609536,0x00000000,0
877658112,0x00000000,0
878706688,0x00000000,0
879755264,0x00000000,0
880803840,0x00000000,0
881852416,0x00000000,0
882900992,0x00000000,0
883949568,0x00000000,0
884998144,0x00000000,0
886046720,0x00000000,0
887095296,0x00000000,0
888143872,0x00000000,0
889192448,0x00000000,0
890241024,0x00000000,0
891289600,0x00000000,0
892338176,0x00000000,0
893386752,0x00000000,0
894435328,0x00000000,0
895483904,0x00000000,0
896532480,0x00000000,0
897581056,0x00000000,0
898629632,0x00000000,0
899678208,0x00000000,0
900726784,0x00000000,0
901775360,0x00000000,0
902823936,0x00000000,0
903872512,0x00000000,0
904921088,0x00000001,1
905969664,0x00000000,0
907018240,0x00000000,0
908066816,0x00000000,0
909115392,0x00000000,0
910163968,0x00000000,0
911212544,0x00000000,0
912261120,0x00000000,0
913309696,0x00000000,0
914358272,0x00000000,0
915406848,0x00000000,0
916455424,0x00000000,0
917504000,0x00000000,0
918552576,0x00000000,0
919601152,0x00000000,0
920649728,0x00000000,0
921698304,0x00000000,0
922746880,0x00000000,0
923795456,0x00000000,0
924844032,0x00000000,0
925892608,0x00000000,0
926941184,0x00000000,0
927989760,0x00000000,0
929038336,0x00000000,0
930086912,0x00000000,0
931135488,0x00000000,0
932184064,0x00000000,0
933232640,0x00000000,0
934281216,0x00000000,0
935329792,0x00000000,0
936378368,0x00000000,0
937426944,0x00000000,0
938475520,0x00000000,0
939524096,0x00000000,0
940572672,0x00000000,0
941621248,0x00000000,0
942669824,0x00000000,0
943718400,0x00000000,0
944766976,0x00000000,0
945815552,0x00000000,0
946864128,0x00000000,0
947912704,0x00000000,0
948961280,0x00000000,0
950009856,0x00000000,0
951058432,0x00000000,0
952107008,0x00000000,0
953155584,0x00000000,0
954204160,0x00000000,0
955252736,0x00000000,0
956301312,0x00000000,0
957349888,0x00000000,0
958398464,0x00000000,0
959447040,0x00000000,0
960495616,0x00000000,0
961544192,0x00000000,0
962592768,0x00000000,0
963641344,0x00000000,0
964689920,0x00000000,0
965738496,0x00000000,0
966787072,0x00000000,0
967835648,0x00000000,0
968884224,0x00000000,0
969932800,0x00000000,0
970981376,0x00000000,0
972029952,0x00000000,0
973078528,0x00000000,0
974127104,0x00000000,0
975175680,0x00000000,0
976224256,0x00000000,0
977272832,0x00000000,0
978321408,0x00000000,0
979369984,0x00000000,0
980418560,0x00000000,0
981467136,0x00000000,0
982515712,0x00000000,0
983564288,0x00000000,0
984612864,0x00000000,0
985661440,0x00000000,0
986710016,0x00000000,0
987758592,0x00000000,0
988807168,0x00000000,0
989855744,0x00000000,0
990904320,0x00000000,0
991952896,0x00000000,0
993001472,0x00000000,0
994050048,0x00000000,0
995098624,0x00000000,0
996147200,0x00000000,0
997195776,0x00000000,0
998244352,0x00000000,0
999292928,0x00000000,0
1000341504,0x00000000,0
1001390080,0x00000000,0
1002438656,0x00000000,0
1003487232,0x00000000,0
1004535808,0x00000000,0
1005584384,0x00000000,0
1006632960,0x00000000,0
1007681536,0x00000000,0
1008730112,0x00000000,0
1009778688,0x00000000,0
1010827264,0x00000000,0
1011875840,0x00000000,0
1012924416,0x00000000,0
1013972992,0x00000000,0
1015021568,0x00000000,0
1016070144,0x00000000,0
1017118720,0x00000000,0
1018167296,0x00000000,0
1019215872,0x00000000,0
1020264448,0x00000000,0
1021313024,0x00000000,0
1022361600,0x00000000,0
1023410176,0x00000000,0
1024458752,0x00000000,0
1025507328,0x00000000,0
1026555904,0x00000000,0
1027604480,0x00000000,0
1028653056,0x00000000,0
1029701632,0x00000000,0
1030750208,0x00000000,0
1031798784,0x00000000,0
1032847360,0x00000000,0
1033895936,0x00000000,0
1034944512,0x00000000,0
1035993088,0x00000000,0
1037041664,0x00000000,0
1038090240,0x00000000,0
1039138816,0x00000000,0
1040187392,0x00000000,0
1041235968,0x00000000,0
1042284544,0x00000000,0
1043333120,0x00000000,0
1044381696,0x00000000,0
1045430272,0x00000000,0
1046478848,0x00000000,0
1047527424,0x00000000,0
1048576000,0x00000000,0
1049624576,0x00000000,0
1050673152,0x00000000,0
1051721728,0x00000000,0
1052770304,0x00000000,0
1053818880,0x00000000,0
1054867456,0x00000000,0
1055916032,0x00000000,0
1056964608,0x00000000,0
1058013184,0x00000000,0
1059061760,0x00000000,0
1060110336,0x00000000,0
1061158912,0x00000000,0
1062207488,0x00000000,0
1063256064,0x00000000,0
1064304640,0x00000000,0
1065353216,0x00000000,0
1066401792,0x00000000,0
1067450368,0x00000000,0
1068498944,0x00000000,0
1069547520,0x00000000,0
1070596096,0x00000000,0
1071644672,0x00000000,0
1072693248,0x00000000,0
1073741824,0x00000000,0
1074790400,0x00000000,0
1075838976,0x00000000,0
1076887552,0x00000000,0
1077936128,0x00000000,0
1078984704,0x00000000,0
1080033280,0x00000000,0
1081081856,0x00000000,0
1082130432,0x00000000,0
1083179008,0x00000000,0
1084227584,0x00000000,0
1085276160,0x00000000,0
1086324736,0x00000000,0
1087373312,0x00000000,0
1088421888,0x00000000,0
1089470464,0x00000000,0
1090519040,0x00000000,0
1091567616,0x00000000,0
1092616192,0x00000000,0
1093664768,0x00000000,0
1094713344,0x00000000,0
1095761920,0x00000000,0
1096810496,0x00000000,0
1097859072,0x00000000,0
1098907648,0x00000000,0
1099956224,0x00000000,0
1101004800,0x00000000,0
1102053376,0x00000000,0
1103101952,0x00000000,0
1104150528,0x00000000,0
1105199104,0x00000000,0
1106247680,0x00000000,0
1107296256,0x00000000,0
1108344832,0x00000000,0
1109393408,0x00000000,0
1110441984,0x00000000,0
1111490560,0x00000000,0
1112539136,0x00000000,0
1113587712,0x00000000,0
1114636288,0x00000000,0
1115684864,0x00000000,0
1116733440,0x00000000,0
1117782016,0x00000000,0
1118830592,0x00000000,0
1119879168,0x00000000,0
1120927744,0x00000000,0
1121976320,0x00000000,0
1123024896,0x00000000,0
1124073472,0x00000000,0
1125122048,0x00000000,0
1126170624,0x00000000,0
1127219200,0x00000000,0
1128267776,0x00000000,0
1129316352,0x00000000,0
1130364928,0x00000000,0
1131413504,0x00000000,0
1132462080,0x00000000,0
1133510656,0x00000000,0
1134559232,0x00000000,0
1135607808,0x00000000,0
1136656384,0x00000000,0
1137704960,0x00000000,0
1138753536,0x00000000,0
1139802112,0x00000000,0
1140850688,0x00000000,0
1141899264,0x00000000,0
1142947840,0x00000000,0
1143996416,0x00000000,0
1145044992,0x00000000,0
1146093568,0x00000000,0
1147142144,0x00000000,0
1148190720,0x00000000,0
1149239296,0x00000000,0
1150287872,0x00000000,0
1151336448,0x00000000,0
1152385024,0x00000000,0
1153433600,0x00000000,0
1154482176,0x00000000,0
1155530752,0x00000000,0
1156579328,0x00000000,0
1157627904,0x00000000,0
1158676480,0x00000000,0
1159725056,0x00000000,0
1160773632,0x00000000,0
1161822208,0x00000000,0
1162870784,0x00000000,0
1163919360,0x00000000,0
1164967936,0x00000000,0
1166016512,0x00000000,0
1167065088,0x00000000,0
1168113664,0x00000000,0
1169162240,0x00000000,0
1170210816,0x00000000,0
1171259392,0x00000000,0
1172307968,0x00000000,0
1173356544,0x00000000,0
1174405120,0x00000000,0
1175453696,0x00000000,0
1176502272,0x00000000,0
1177550848,0x00000000,0
1178599424,0x00000000,0
1179648000,0x00000000,0
1180696576,0x00000000,0
1181745152,0x00000000,0
1182793728,0x00000000,0
1183842304,0x00000000,0
1184890880,0x00000000,0
1185939456,0x00000000,0
1186988032,0x00000000,0
1188036608,0x00000000,0
1189085184,0x00000000,0
1190133760,0x00000000,0
1191182336,0x00000000,0
1192230912,0x00000000,0
1193279488,0x00000000,0
1194328064,0x00000000,0
1195376640,0x00000000,0
1196425216,0x00000000,0
1197473792,0x00000000,0
1198522368,0x00000000,0
1199570944,0x00000000,0
1200619520,0x00000000,0
1201668096,0x00000000,0
1202716672,0x00000000,0
1203765248,0x00000000,0
1204813824,0x00000000,0
1205862400,0x00000000,0
1206910976,0x00000000,0
1207959552,0x00000000,0
1209008128,0x00000000,0
1210056704,0x00000000,0
1211105280,0x00000000,0
1212153856,0x00000000,0
1213202432,0x00000000,0
1214251008,0x00000000,0
1215299584,0x00000000,0
1216348160,0x00000000,0
1217396736,0x00000000,0
1218445312,0x00000000,0
1219493888,0x00000000,0
1220542464,0x00000000,0
1221591040,0x00000000,0
1222639616,0x00000000,0
1223688192,0x00000000,0
1224736768,0x00000000,0
1225785344,0x00000000,0
1226833920,0x00000000,0
1227882496,0x00000000,0
1228931072,0x00000000,0
1229979648,0x00000000,0
1231028224,0x00000000,0
1232076800,0x00000000,0
1233125376,0x00000000,0
1234173952,0x00000000,0
1235222528,0x00000000,0
1236271104,0x00000000,0
1237319680,0x00000000,0
1238368256,0x00000000,0
1239416832,0x00000000,0
1240465408,0x00000000,0
1241513984,0x00000000,0
1242562560,0x00000000,0
1243611136,0x00000000,0
1244659712,0x00000000,0
1245708288,0x00000000,0
1246756864,0x00000000,0
1247805440,0x00000000,0
1248854016,0x00000000,0
1249902592,0x00000000,0
1250951168,0x00000000,0
1251999744,0x00000000,0
1253048320,0x00000000,0
1254096896,0x00000000,0
1255145472,0x00000000,0
1256194048,0x00000000,0
1257242624,0x00000000,0
1258291200,0x00000000,0
1259339776,0x00000000,0
1260388352,0x00000000,0
1261436928,0x00000000,0
1262485504,0x00000000,0
1263534080,0x00000000,0
1264582656,0x00000000,0
1265631232,0x00000000,0
1266679808,0x00000000,0
1267728384,0x00000000,0
1268776960,0x00000000,0
1269825536,0x00000000,0
1270874112,0x00000000,0
1271922688,0x00000000,0
1272971264,0x00000000,0
1274019840,0x00000000,0
1275068416,0x00000000,0
1276116992,0x00000000,0
1277165568,0x00000000,0
1278214144,0x00000000,0
1279262720,0x00000000,0
1280311296,0x00000000,0
1281359872,0x00000000,0
1282408448,0x00000000,0
1283457024,0x00000000,0
1284505600,0x00000000,0
1285554176,0x00000000,0
1286602752,0x00000000,0
1287651328,0x00000000,0
1288699904,0x00000000,0
1289748480,0x00000000,0
1290797056,0x00000000,0
1291845632,0x00000000,0
1292894208,0x00000000,0
1293942784,0x00000000,0
1294991360,0x00000000,0
1296039936,0x00000000,0
1297088512,0x00000000,0
1298137088,0x00000000,0
1299185664,0x00000000,0
1300234240,0x00000000,0
1301282816,0x00000000,0
1302331392,0x00000000,0
1303379968,0x00000000,0
1304428544,0x00000000,0
1305477120,0x00000000,0
1306525696,0x00000000,0
1307574272,0x00000000,0
1308622848,0x00000000,0
1309671424,0x00000000,0
1310720000,0x00000000,0
1311768576,0x00000000,0
1312817152,0x00000000,0
1313865728,0x00000000,0
1314914304,0x00000000,0
1315962880,0x00000000,0
1317011456,0x00000000,0
1318060032,0x00000000,0
1319108608,0x00000000,0
1320157184,0x00000000,0
1321205760,0x00000000,0
1322254336,0x00000000,0
1323302912,0x00000000,0
1324351488,0x00000000,0
1325400064,0x00000000,0
1326448640,0x00000000,0
1327497216,0x00000000,0
1328545792,0x00000000,0
1329594368,0x00000000,0
1330642944,0x00000000,0
1331691520,0x00000000,0
1332740096,0x00000000,0
1333788672,0x00000000,0
1334837248,0x00000000,0
1335885824,0x00000000,0
1336934400,0x00000000,0
1337982976,0x00000000,0
1339031552,0x00000000,0
1340080128,0x00000000,0
1341128704,0x00000000,0
1342177280,0x00000000,0
1343225856,0x00000000,0
1344274432,0x00000000,0
1345323008,0x00000000,0
1346371584,0x00000000,0
1347420160,0x00000000,0
1348468736,0x00000000,0
1349517312,0x00000000,0
1350565888,0x00000000,0
1351614464,0x00000000,0
1352663040,0x00000000,0
1353711616,0x00000000,0
1354760192,0x00000000,0
1355808768,0x00000000,0
1356857344,0x00000000,0
1357905920,0x00000000,0
1358954496,0x00000000,0
1360003072,0x00000000,0
1361051648,0x00000000,0
1362100224,0x00000000,0
1363148800,0x00000000,0
1364197376,0x00000000,0
1365245952,0x00000000,0
1366294528,0x00000000,0
1367343104,0x00000000,0
1368391680,0x00000000,0
1369440256,0x00000000,0
1370488832,0x00000000,0
1371537408,0x00000000,0
1372585984,0x00000000,0
1373634560,0x00000000,0
1374683136,0x00000000,0
1375731712,0x00000000,0
1376780288,0x00000000,0
1377828864,0x00000000,0
1378877440,0x00000000,0
1379926016,0x00000000,0
1380974592,0x00000000,0
1382023168,0x00000000,0
1383071744,0x00000000,0
1384120320,0x00000000,0
1385168896,0x00000000,0
1386217472,0x00000000,0
1387266048,0x00000000,0
1388314624,0x00000000,0
1389363200,0x00000000,0
1390411776,0x00000000,0
1391460352,0x00000000,0
1392508928,0x00000000,0
1393557504,0x00000000,0
1394606080,0x00000000,0
1395654656,0x00000000,0
1396703232,0x00000000,0
1397751808,0x00000000,0
1398800384,0x00000000,0
1399848960,0x00000000,0
1400897536,0x00000000,0
1401946112,0x00000000,0
1402994688,0x00000000,0
1404043264,0x00000000,0
1405091840,0x00000000,0
1406140416,0x00000000,0
1407188992,0x00000000,0
1408237568,0x00000000,0
1409286144,0x00000000,0
1410334720,0x00000000,0
1411383296,0x00000000,0
1412431872,0x00000000,0
1413480448,0x00000000,0
1414529024,0x00000000,0
1415577600,0x00000000,0
1416626176,0x00000000,0
1417674752,0x00000000,0
1418723328,0x00000000,0
1419771904,0x00000000,0
1420820480,0x00000000,0
1421869056,0x00000000,0
1422917632,0x00000000,0
1423966208,0x00000000,0
1425014784,0x00000000,0
1426063360,0x00000000,0
1427111936,0x00000000,0
1428160512,0x00000000,0
1429209088,0x00000000,0
1430257664,0x00000000,0
1431306240,0x00000000,0
1432354816,0x00000000,0
1433403392,0x00000000,0
1434451968,0x00000000,0
1435500544,0x00000000,0
1436549120,0x00000000,0
1437597696,0x00000000,0
1438646272,0x00000000,0
1439694848,0x00000000,0
1440743424,0x00000000,0
1441792000,0x00000000,0
1442840576,0x00000000,0
1443889152,0x00000000,0
1444937728,0x00000000,0
1445986304,0x00000000,0
1447034880,0x00000000,0
1448083456,0x00000000,0
1449132032,0x00000000,0
1450180608,0x00000000,0
1451229184,0x00000000,0
1452277760,0x00000000,0
1453326336,0x00000000,0
1454374912,0x00000000,0
1455423488,0x00000000,0
1456472064,0x00000000,0
1457520640,0x00000000,0
1458569216,0x00000000,0
1459617792,0x00000000,0
1460666368,0x00000000,0
1461714944,0x00000000,0
1462763520,0x00000000,0
1463812096,0x00000000,0
1464860672,0x00000000,0
1465909248,0x00000000,0
1466957824,0x00000000,0
1468006400,0x00000000,0
1469054976,0x00000000,0
1470103552,0x00000000,0
1471152128,0x00000000,0
1472200704,0x00000000,0
1473249280,0x00000000,0
1474297856,0x00000000,0
1475346432,0x00000000,0
1476395008,0x00000000,0
1477443584,0x00000000,0
1478492160,0x00000000,0
1479540736,0x00000000,0
1480589312,0x00000000,0
1481637888,0x00000000,0
1482686464,0x00000000,0
1483735040,0x00000000,0
1484783616,0x00000000,0
1485832192,0x00000000,0
1486880768,0x00000000,0
1487929344,0x00000000,0
1488977920,0x00000000,0
1490026496,0x00000000,0
1491075072,0x00000000,0
1492123648,0x00000000,0
1493172224,0x00000000,0
1494220800,0x00000000,0
1495269376,0x00000000,0
1496317952,0x00000000,0
1497366528,0x00000000,0
1498415104,0x00000000,0
1499463680,0x00000000,0
1500512256,0x00000000,0
1501560832,0x00000000,0
1502609408,0x00000000,0
1503657984,0x00000000,0
1504706560,0x00000000,0
1505755136,0x00000000,0
1506803712,0x00000000,0
1507852288,0x00000000,0
1508900864,0x00000000,0
1509949440,0x00000000,0
1510998016,0x00000000,0
1512046592,0x00000000,0
1513095168,0x00000000,0
1514143744,0x00000000,0
1515192320,0x00000000,0
1516240896,0x00000000,0
1517289472,0x00000000,0
1518338048,0x00000000,0
1519386624,0x00000000,0
1520435200,0x00000000,0
1521483776,0x00000000,0
1522532352,0x00000000,0
1523580928,0x00000000,0
1524629504,0x00000000,0
1525678080,0x00000000,0
1526726656,0x00000000,0
1527775232,0x00000000,0
1528823808,0x00000000,0
1529872384,0x00000000,0
1530920960,0x00000000,0
1531969536,0x00000000,0
1533018112,0x00000000,0
1534066688,0x00000000,0
1535115264,0x00000000,0
1536163840,0x00000000,0
1537212416,0x00000000,0
1538260992,0x00000000,0
1539309568,0x00000000,0
1540358144,0x00000000,0
1541406720,0x00000000,0
1542455296,0x00000000,0
1543503872,0x00000000,0
1544552448,0x00000000,0
1545601024,0x00000000,0
1546649600,0x00000000,0
1547698176,0x00000000,0
1548746752,0x00000000,0
1549795328,0x00000000,0
1550843904,0x00000000,0
1551892480,0x00000000,0
1552941056,0x00000000,0
1553989632,0x00000000,0
1555038208,0x00000000,0
1556086784,0x00000000,0
1557135360,0x00000000,0
1558183936,0x00000000,0
1559232512,0x00000000,0
1560281088,0x00000000,0
1561329664,0x00000000,0
1562378240,0x00000000,0
1563426816,0x00000000,0
1564475392,0x00000000,0
1565523968,0x00000000,0
1566572544,0x00000000,0
1567621120,0x00000000,0
1568669696,0x00000000,0
1569718272,0x00000000,0
1570766848,0x00000000,0
1571815424,0x00000000,0
1572864000,0x00000000,0
1573912576,0x00000000,0
1574961152,0x00000000,0
1576009728,0x00000000,0
1577058304,0x00000000,0
1578106880,0x00000000,0
1579155456,0x00000000,0
1580204032,0x00000000,0
1581252608,0x00000000,0
1582301184,0x00000000,0
1583349760,0x00000000,0
1584398336,0x00000000,0
1585446912,0x00000000,0
1586495488,0x00000000,0
1587544064,0x00000000,0
1588592640,0x00000000,0
1589641216,0x00000000,0
1590689792,0x00000000,0
1591738368,0x00000000,0
1592786944,0x00000000,0
1593835520,0x00000000,0
1594884096,0x00000000,0
1595932672,0x00000000,0
1596981248,0x00000000,0
1598029824,0x00000000,0
1599078400,0x00000000,0
1600126976,0x00000000,0
1601175552,0x00000000,0
1602224128,0x00000000,0
1603272704,0x00000000,0
1604321280,0x00000000,0
1605369856,0x00000000,0
1606418432,0x00000000,0
1607467008,0x00000000,0
1608515584,0x00000000,0
1609564160,0x00000000,0
1610612736,0x00000000,0
1611661312,0x00000000,0
1612709888,0x00000000,0
1613758464,0x00000000,0
1614807040,0x00000000,0
1615855616,0x00000000,0
1616904192,0x00000000,0
1617952768,0x00000000,0
1619001344,0x00000000,0
1620049920,0x00000000,0
1621098496,0x00000000,0
1622147072,0x00000000,0
1623195648,0x00000000,0
1624244224,0x00000000,0
1625292800,0x00000000,0
1626341376,0x00000000,0
1627389952,0x00000000,0
1628438528,0x00000000,0
1629487104,0x00000000,0
1630535680,0x00000000,0
1631584256,0x00000000,0
1632632832,0x00000000,0
1633681408,0x00000000,0
1634729984,0x00000000,0
1635778560,0x00000000,0
1636827136,0x00000000,0
1637875712,0x00000000,0
1638924288,0x00000000,0
1639972864,0x00000000,0
1641021440,0x00000000,0
1642070016,0x00000000,0
1643118592,0x00000000,0
1644167168,0x00000000,0
1645215744,0x00000000,0
1646264320,0x00000000,0
1647312896,0x00000000,0
1648361472,0x00000000,0
1649410048,0x00000000,0
1650458624,0x00000000,0
1651507200,0x00000000,0
1652555776,0x00000000,0
1653604352,0x00000000,0
1654652928,0x00000000,0
1655701504,0x00000000,0
1656750080,0x00000000,0
1657798656,0x00000000,0
1658847232,0x00000000,0
1659895808,0x00000000,0
1660944384,0x00000000,0
1661992960,0x00000000,0
1663041536,0x00000000,0
1664090112,0x00000000,0
1665138688,0x00000000,0
1666187264,0x00000000,0
1667235840,0x00000000,0
1668284416,0x00000000,0
1669332992,0x00000000,0
1670381568,0x00000000,0
1671430144,0x00000000,0
1672478720,0x00000000,0
1673527296,0x00000000,0
1674575872,0x00000000,0
1675624448,0x00000000,0
1676673024,0x00000000,0
1677721600,0x00000000,0
1678770176,0x00000000,0
1679818752,0x00000000,0
1680867328,0x00000000,0
1681915904,0x00000000,0
1682964480,0x00000000,0
1684013056,0x00000000,0
1685061632,0x00000000,0
1686110208,0x00000000,0
1687158784,0x00000000,0
1688207360,0x00000000,0
1689255936,0x00000000,0
1690304512,0x00000000,0
1691353088,0x00000000,0
1692401664,0x00000000,0
1693450240,0x00000000,0
1694498816,0x00000000,0
1695547392,0x00000000,0
1696595968,0x00000000,0
1697644544,0x00000000,0
1698693120,0x00000000,0
1699741696,0x00000000,0
1700790272,0x00000000,0
1701838848,0x00000000,0
1702887424,0x00000000,0
1703936000,0x00000000,0
1704984576,0x00000000,0
1706033152,0x00000000,0
1707081728,0x00000000,0
1708130304,0x00000000,0
1709178880,0x00000000,0
1710227456,0x00000000,0
1711276032,0x00000000,0
1712324608,0x00000000,0
1713373184,0x00000000,0
1714421760,0x00000000,0
1715470336,0x00000000,0
1716518912,0x00000000,0
1717567488,0x00000000,0
1718616064,0x00000000,0
1719664640,0x00000000,0
1720713216,0x00000000,0
1721761792,0x00000000,0
1722810368,0x00000000,0
1723858944,0x00000000,0
1724907520,0x00000000,0
1725956096,0x00000000,0
1727004672,0x00000000,0
1728053248,0x00000000,0
1729101824,0x00000000,0
1730150400,0x00000000,0
1731198976,0x00000000,0
1732247552,0x00000000,0
1733296128,0x00000000,0
1734344704,0x00000000,0
1735393280,0x00000000,0
1736441856,0x00000000,0
1737490432,0x00000000,0
1738539008,0x00000000,0
1739587584,0x00000000,0
1740636160,0x00000000,0
1741684736,0x00000000,0
1742733312,0x00000000,0
1743781888,0x00000000,0
1744830464,0x00000000,0
1745879040,0x00000000,0
1746927616,0x00000000,0
1747976192,0x00000000,0
1749024768,0x00000000,0
1750073344,0x00000000,0
1751121920,0x00000000,0
1752170496,0x00000000,0
1753219072,0x00000000,0
1754267648,0x00000000,0
1755316224,0x00000000,0
1756364800,0x00000000,0
1757413376,0x00000000,0
1758461952,0x00000000,0
1759510528,0x00000000,0
1760559104,0x00000000,0
1761607680,0x00000000,0
1762656256,0x00000000,0
1763704832,0x00000000,0
1764753408,0x00000000,0
1765801984,0x00000000,0
1766850560,0x00000000,0
1767899136,0x00000000,0
1768947712,0x00000000,0
1769996288,0x00000000,0
1771044864,0x00000000,0
1772093440,0x00000000,0
1773142016,0x00000000,0
1774190592,0x00000000,0
1775239168,0x00000000,0
1776287744,0x00000000,0
1777336320,0x00000000,0
1778384896,0x00000000,0
1779433472,0x00000000,0
1780482048,0x00000000,0
1781530624,0x00000000,0
1782579200,0x00000000,0
1783627776,0x00000000,0
1784676352,0x00000000,0
1785724928,0x00000000,0
1786773504,0x00000000,0
1787822080,0x00000000,0
1788870656,0x00000000,0
1789919232,0x00000000,0
1790967808,0x00000000,0
1792016384,0x00000000,0
1793064960,0x00000000,0
1794113536,0x00000000,0
1795162112,0x00000000,0
1796210688,0x00000000,0
1797259264,0x00000000,0
1798307840,0x00000000,0
1799356416,0x00000000,0
1800404992,0x00000000,0
1801453568,0x00000000,0
1802502144,0x00000000,0
1803550720,0x00000000,0
1804599296,0x00000000,0
1805647872,0x00000000,0
1806696448,0x00000000,0
1807745024,0x00000000,0
1808793600,0x00000000,0
1809842176,0x00000000,0
1810890752,0x00000000,0
1811939328,0x00000000,0
1812987904,0x00000000,0
1814036480,0x00000000,0
1815085056,0x00000000,0
1816133632,0x00000000,0
1817182208,0x00000000,0
1818230784,0x00000000,0
1819279360,0x00000000,0
1820327936,0x00000000,0
1821376512,0x00000000,0
1822425088,0x00000000,0
1823473664,0x00000000,0
1824522240,0x00000000,0
1825570816,0x00000000,0
1826619392,0x00000000,0
1827667968,0x00000000,0
1828716544,0x00000000,0
1829765120,0x00000000,0
1830813696,0x00000000,0
1831862272,0x00000000,0
1832910848,0x00000000,0
1833959424,0x00000000,0
1835008000,0x00000000,0
1836056576,0x00000000,0
1837105152,0x00000000,0
1838153728,0x00000000,0
1839202304,0x00000000,0
1840250880,0x00000000,0
1841299456,0x00000000,0
1842348032,0x00000000,0
1843396608,0x00000000,0
1844445184,0x00000000,0
1845493760,0x00000000,0
1846542336,0x00000000,0
1847590912,0x00000000,0
1848639488,0x00000000,0
1849688064,0x00000000,0
1850736640,0x00000000,0
1851785216,0x00000000,0
1852833792,0x00000000,0
1853882368,0x00000000,0
1854930944,0x00000000,0
1855979520,0x00000000,0
1857028096,0x00000000,0
1858076672,0x00000000,0
1859125248,0x00000000,0
1860173824,0x00000000,0
1861222400,0x00000000,0
1862270976,0x00000000,0
1863319552,0x00000000,0
1864368128,0x00000000,0
1865416704,0x00000000,0
1866465280,0x00000000,0
1867513856,0x00000000,0
1868562432,0x00000000,0
1869611008,0x00000000,0
1870659584,0x00000000,0
1871708160,0x00000000,0
1872756736,0x00000000,0
1873805312,0x00000000,0
1874853888,0x00000000,0
1875902464,0x00000000,0
1876951040,0x00000000,0
1877999616,0x00000000,0
1879048192,0x00000000,0
1880096768,0x00000000,0
1881145344,0x00000000,0
1882193920,0x00000000,0
1883242496,0x00000000,0
1884291072,0x00000000,0
1885339648,0x00000000,0
1886388224,0x00000000,0
1887436800,0x00000000,0
1888485376,0x00000000,0
1889533952,0x00000000,0
1890582528,0x00000000,0
1891631104,0x00000000,0
1892679680,0x00000000,0
1893728256,0x00000000,0
1894776832,0x00000000,0
1895825408,0x00000000,0
1896873984,0x00000000,0
1897922560,0x00000000,0
1898971136,0x00000000,0
1900019712,0x00000000,0
1901068288,0x00000000,0
1902116864,0x00000000,0
1903165440,0x00000000,0
1904214016,0x00000000,0
1905262592,0x00000000,0
1906311168,0x00000000,0
1907359744,0x00000000,0
1908408320,0x00000000,0
1909456896,0x00000000,0
1910505472,0x00000000,0
1911554048,0x00000000,0
1912602624,0x00000000,0
1913651200,0x00000000,0
1914699776,0x00000000,0
1915748352,0x00000000,0
1916796928,0x00000000,0
1917845504,0x00000000,0
1918894080,0x00000000,0
1919942656,0x00000000,0
1920991232,0x00000000,0
1922039808,0x00000000,0
1923088384,0x00000000,0
1924136960,0x00000000,0
1925185536,0x00000000,0
1926234112,0x00000000,0
1927282688,0x00000000,0
1928331264,0x00000000,0
1929379840,0x00000000,0
1930428416,0x00000000,0
1931476992,0x00000000,0
1932525568,0x00000000,0
1933574144,0x00000000,0
1934622720,0x00000000,0
1935671296,0x00000000,0
1936719872,0x00000000,0
1937768448,0x00000000,0
1938817024,0x00000000,0
1939865600,0x00000000,0
1940914176,0x00000000,0
1941962752,0x00000000,0
1943011328,0x00000000,0
1944059904,0x00000000,0
1945108480,0x00000000,0
1946157056,0x00000000,0
1947205632,0x00000000,0
1948254208,0x00000000,0
1949302784,0x00000000,0
1950351360,0x00000000,0
1951399936,0x00000000,0
1952448512,0x00000000,0
1953497088,0x00000000,0
1954545664,0x00000000,0
1955594240,0x00000000,0
1956642816,0x00000000,0
1957691392,0x00000000,0
1958739968,0x00000000,0
1959788544,0x00000000,0
1960837120,0x00000000,0
1961885696,0x00000000,0
1962934272,0x00000000,0
1963982848,0x00000000,0
1965031424,0x00000000,0
1966080000,0x00000000,0
1967128576,0x00000000,0
1968177152,0x00000000,0
1969225728,0x00000000,0
1970274304,0x00000000,0
1971322880,0x00000000,0
1972371456,0x00000000,0
1973420032,0x00000000,0
1974468608,0x00000000,0
1975517184,0x00000000,0
1976565760,0x00000000,0
1977614336,0x00000000,0
1978662912,0x00000000,0
1979711488,0x00000000,0
1980760064,0x00000000,0
1981808640,0x00000000,0
1982857216,0x00000000,0
1983905792,0x00000000,0
1984954368,0x00000000,0
1986002944,0x00000000,0
1987051520,0x00000000,0
1988100096,0x00000000,0
1989148672,0x00000000,0
1990197248,0x00000000,0
1991245824,0x00000000,0
1992294400,0x00000000,0
1993342976,0x00000000,0
1994391552,0x00000000,0
1995440128,0x00000000,0
1996488704,0x00000000,0
1997537280,0x00000000,0
1998585856,0x00000000,0
1999634432,0x00000000,0
2000683008,0x00000000,0
2001731584,0x00000000,0
2002780160,0x00000000,0
2003828736,0x00000000,0
2004877312,0x00000000,0
2005925888,0x00000000,0
2006974464,0x00000000,0
2008023040,0x00000000,0
2009071616,0x00000000,0
2010120192,0x00000000,0
2011168768,0x00000000,0
2012217344,0x00000000,0
2013265920,0x00000000,0
2014314496,0x00000000,0
2015363072,0x00000000,0
2016411648,0x00000000,0
2017460224,0x00000000,0
2018508800,0x00000000,0
2019557376,0x00000000,0
2020605952,0x00000000,0
2021654528,0x00000000,0
2022703104,0x00000000,0
2023751680,0x00000000,0
2024800256,0x00000000,0
2025848832,0x00000000,0
2026897408,0x00000000,0
2027945984,0x00000000,0
2028994560,0x00000000,0
2030043136,0x00000000,0
2031091712,0x00000000,0
2032140288,0x00000000,0
2033188864,0x00000000,0
2034237440,0x00000000,0
2035286016,0x00000000,0
2036334592,0x00000000,0
2037383168,0x00000000,0
2038431744,0x00000000,0
2039480320,0x00000000,0
2040528896,0x00000000,0
2041577472,0x00000000,0
2042626048,0x00000000,0
2043674624,0x00000000,0
2044723200,0x00000000,0
2045771776,0x00000000,0
2046820352,0x00000000,0
2047868928,0x00000000,0
2048917504,0x00000000,0
2049966080,0x00000000,0
2051014656,0x00000000,0
2052063232,0x00000000,0
2053111808,0x00000000,0
2054160384,0x00000000,0
2055208960,0x00000000,0
2056257536,0x00000000,0
2057306112,0x00000000,0
2058354688,0x00000000,0
2059403264,0x00000000,0
2060451840,0x00000000,0
2061500416,0x00000000,0
2062548992,0x00000000,0
2063597568,0x00000000,0
2064646144,0x00000000,0
2065694720,0x00000000,0
2066743296,0x00000000,0
2067791872,0x00000000,0
2068840448,0x00000000,0
2069889024,0x00000000,0
2070937600,0x00000000,0
2071986176,0x00000000,0
2073034752,0x00000000,0
2074083328,0x00000000,0
2075131904,0x00000000,0
2076180480,0x00000000,0
2077229056,0x00000000,0
2078277632,0x00000000,0
2079326208,0x00000000,0
2080374784,0x00000000,0
2081423360,0x00000000,0
2082471936,0x00000000,0
2083520512,0x00000000,0
2084569088,0x00000000,0
2085617664,0x00000000,0
2086666240,0x00000000,0
2087714816,0x00000000,0
2088763392,0x00000000,0
2089811968,0x00000000,0
2090860544,0x00000000,0
2091909120,0x00000000,0
2092957696,0x00000000,0
2094006272,0x00000000,0
2095054848,0x00000000,0
2096103424,0x00000000,0
2097152000,0x00000000,0
2098200576,0x00000000,0
2099249152,0x00000000,0
2100297728,0x00000000,0
2101346304,0x00000000,0
2102394880,0x00000000,0
2103443456,0x00000000,0
2104492032,0x00000000,0
2105540608,0x00000000,0
2106589184,0x00000000,0
2107637760,0x00000000,0
2108686336,0x00000000,0
2109734912,0x00000000,0
2110783488,0x00000000,0
2111832064,0x00000000,0
2112880640,0x00000000,0
2113929216,0x00000000,0
2114977792,0x00000000,0
2116026368,0x00000000,0
2117074944,0x00000000,0
2118123520,0x00000000,0
2119172096,0x00000000,0
2120220672,0x00000000,0
2121269248,0x00000000,0
2122317824,0x00000000,0
2123366400,0x00000000,0
2124414976,0x00000000,0
2125463552,0x00000000,0
2126512128,0x00000000,0
2127560704,0x00000000,0
2128609280,0x00000000,0
2129657856,0x00000000,0
2130706432,0x00000000,0
2131755008,0x00000000,0
2132803584,0x00000000,0
2133852160,0x00000000,0
2134900736,0x00000000,0
2135949312,0x00000000,0
2136997888,0x00000000,0
2138046464,0x00000000,0
2139095040,0x00000000,0
2140143616,0x00000000,0
2141192192,0x00000000,0
2142240768,0x00000000,0
2143289344,0x00000000,0
2144337920,0x00000000,0
2145386496,0x00000000,0
2146435072,0x00000000,0
