0,0x00000000,0
1,0x00000000,0
2,0x00000000,0
3,0x00000000,0
4,0x00000000,0
5,0x00000000,0
6,0x00000000,0
7,0x00000000,0
8,0x00000000,0
9,0x00000000,0
10,0x00000000,0
11,0x00000000,0
12,0x00000000,0
13,0x00000000,0
14,0x00000000,0
15,0x00000000,0
16,0x00000000,0
17,0x00000000,0
18,0x00000000,0
19,0x00000000,0
20,0x00000000,0
21,0x00000000,0
22,0x00000000,0
23,0x00000000,0
24,0x00000000,0
25,0x00000000,0
26,0x00000000,0
27,0x00000000,0
28,0x00000000,0
29,0x00000000,0
30,0x00000000,0
31,0x00000000,0
32,0x00000000,0
33,0x00000000,0
34,0x00000000,0
35,0x00000000,0
36,0x00000000,0
37,0x00000000,0
38,0x00000000,0
39,0x00000000,0
40,0x00000000,0
41,0x00000000,0
42,0x00000000,0
43,0x00000000,0
44,0x00000000,0
45,0x00000000,0
46,0x00000000,0
47,0x00000000,0
48,0x00000000,0
49,0x00000000,0
50,0x00000000,0
51,0x00000000,0
52,0x00000000,0
53,0x00000000,0
54,0x00000000,0
55,0x00000000,0
56,0x00000000,0
57,0x00000000,0
58,0x00000000,0
59,0x00000000,0
60,0x000021ac,8620
61,0x00000000,0
62,0x00000000,0
63,0x00000000,0
64,0x00000000,0
65,0x00000000,0
66,0x01264281,19284609
67,0x00000000,0
68,0x00000000,0
69,0x00000000,0
70,0x00000020,32
71,0x00000000,0
72,0x00000000,0
73,0x00000000,0
74,0x00000064,100
75,0x0000d3df,54239
76,0x00000000,0
77,0x00000000,0
78,0x0000002b,43
79,0x00000000,0
80,0x00000000,0
81,0x00000000,0
82,0x00000000,0
83,0x00000049,73
84,0x00000000,0
85,0x00000000,0
86,0x00000000,0
87,0x00000000,0
88,0x00000f02,3842
89,0x00000000,0
90,0x00000028,40
91,0x00000000,0
92,0x0000003c,60
93,0x00000000,0
94,0x00000000,0
95,0x00000000,0
96,0x0000114f,4431
97,0x00000000,0
98,0x00000000,0
99,0x00000000,0
100,0x00000003,3
101,0x000000c3,195
102,0x00000000,0
103,0x00001086,4230
104,0x00000000,0
105,0x0011aa16,1157654
106,0x00000000,0
107,0x00000001,1
108,0x00000000,0
109,0x00000019,25
110,0x00000000,0
111,0x00000000,0
112,0x00000004,4
113,0x0000017d,381
114,0x00000001,1
115,0x00000000,0
116,0x0012436e,1196910
117,0x00000002,2
118,0x0000011f,287
119,0x00000197,407
120,0x00000000,0
121,0x00000032,50
122,0x0010e1b2,1106354
123,0x00000000,0
124,0x0000000a,10
125,0x00000000,0
126,0x00000006,6
127,0x00000001,1
128,0x00000000,0
129,0x00000032,50
130,0x00000000,0
131,0x0000f529,62761
132,0x0000012a,298
133,0x000000a7,167
134,0x00000204,516
135,0x000493c7,299975
136,0x00000000,0
137,0x00000000,0
138,0x00000000,0
139,0x00000498,1176
140,0x00000003,3
141,0x00000000,0
142,0x00000000,0
143,0x00000000,0
144,0x00001e90,7824
145,0x00000002,2
146,0x00000000,0
147,0x00000067,103
148,0x00000003,3
149,0x00000000,0
150,0x00000000,0
151,0x00000005,5
152,0x0000006b,107
153,0x00000068,104
154,0x00000001,1
155,0x0000001b,27
156,0x00000000,0
157,0x0000010a,266
158,0x00000024,36
159,0x00000001,1
160,0x00000000,0
161,0x0000a507,42247
162,0x00000000,0
163,0x00000000,0
164,0x0002edaa,191914
165,0x00000016,22
166,0x00000000,0
167,0x00000000,0
168,0x00000003,3
169,0x00000000,0
170,0x00000000,0
171,0x00000022,34
172,0x00000098,152
173,0x00000000,0
174,0x00000007,7
175,0x00000000,0
176,0x0000000a,10
177,0x00021aba,137914
178,0x00000003,3
179,0x00000000,0
180,0x00000000,0
181,0x00000008,8
182,0x00000000,0
183,0x00000000,0
184,0x00000000,0
185,0x00000012,18
186,0x00000000,0
187,0x00000000,0
188,0x00000000,0
189,0x00000000,0
190,0x00000000,0
191,0x00000001,1
192,0x00000001,1
193,0x00000000,0
194,0x00000022,34
195,0x00000000,0
196,0x00000000,0
197,0x00000001,1
198,0x00000002,2
199,0x00000002,2
200,0x00000003,3
201,0x00000000,0
202,0x00000000,0
203,0x00000003,3
204,0x00000003,3
205,0x00000001,1
206,0x00000000,0
207,0x00000000,0
208,0x00000000,0
209,0x00000000,0
210,0x00000000,0
211,0x0000001b,27
212,0x00000000,0
213,0x00000000,0
214,0x00000000,0
215,0x00000000,0
216,0x00000000,0
217,0x00000002,2
218,0x00000000,0
219,0x00000000,0
220,0x000048fc,18684
221,0x00000000,0
222,0x00000000,0
223,0x00000000,0
224,0x00000013,19
225,0x00000086,134
226,0x00000000,0
227,0x00000001,1
228,0x00000000,0
229,0x00000000,0
230,0x00000000,0
231,0x00000000,0
232,0x00000000,0
233,0x0000085e,2142
234,0x00000000,0
235,0x00000000,0
236,0x00000000,0
237,0x00000001,1
238,0x0000000a,10
239,0x00000000,0
240,0x00000000,0
241,0x00000000,0
242,0x00000000,0
243,0x00000000,0
244,0x00000000,0
245,0x00000000,0
246,0x000084f8,34040
247,0x00000000,0
248,0x00000000,0
249,0x00000000,0
250,0x00000001,1
251,0x00000000,0
252,0x00000000,0
253,0x00000000,0
254,0x00000000,0
255,0x00000000,0
256,0x00000003,3
257,0x00000000,0
258,0x00000000,0
259,0x00000b81,2945
260,0x00000000,0
261,0x0000015d,349
262,0x00000000,0
263,0x00000001,1
264,0x0000000e,14
265,0x00000000,0
266,0x00000000,0
267,0x00000000,0
268,0x00000000,0
269,0x00000000,0
270,0x00000000,0
271,0x00000000,0
272,0x00000001,1
273,0x00000000,0
274,0x0000000f,15
275,0x00000000,0
276,0x00000000,0
277,0x00000006,6
278,0x0000004b,75
279,0x00000000,0
280,0x00000000,0
281,0x00000000,0
282,0x00000000,0
283,0x00000002,2
284,0x00000000,0
285,0x00000000,0
286,0x00000000,0
287,0x00000000,0
288,0x00000000,0
289,0x00000000,0
290,0x00000000,0
291,0x0000000e,14
292,0x00000000,0
293,0x00000000,0
294,0x00000000,0
295,0x00000000,0
296,0x00000000,0
297,0x00000000,0
298,0x00000001,1
299,0x00000005,5
300,0x00000001,1
301,0x00000000,0
302,0x00001f95,8085
303,0x00000000,0
304,0x00000000,0
305,0x00000001,1
306,0x00000000,0
307,0x00000000,0
308,0x00000002,2
309,0x00000001,1
310,0x00000001,1
311,0x00000001,1
312,0x00000000,0
313,0x00000000,0
314,0x00000006,6
315,0x000008d2,2258
316,0x0001014a,65866
317,0x0002998c,170380
318,0x00023b39,146233
319,0x00009f2b,40747
320,0x00000001,1
321,0x00000001,1
322,0x00000000,0
323,0x00000000,0
324,0x00000000,0
325,0x00000000,0
326,0x00000000,0
327,0x00000011,17
328,0x00000674,1652
329,0x00018f9e,102302
330,0x000322bf,205503
331,0x0002d894,186516
332,0x000287d3,165843
333,0x00014f52,85842
334,0x0001ef6b,126827
335,0x0003d089,249993
336,0x0001ec58,126040
337,0x00000000,0
338,0x00000000,0
339,0x00000001,1
340,0x00000000,0
341,0x00000001,1
342,0x00000000,0
343,0x00000000,0
344,0x00004b6a,19306
345,0x00000003,3
346,0x00000079,121
347,0x000000dc,220
348,0x000000c4,196
349,0x000000b6,182
350,0x00000058,88
351,0x000000d4,212
352,0x000006d3,1747
353,0x00015e7e,89726
354,0x0002b7c5,178117
355,0x00015d41,89409
356,0x00000000,0
357,0x000007f0,2032
358,0x00000000,0
359,0x00000000,0
360,0x00000001,1
361,0x00000002,2
362,0x00000002,2
363,0x00000001,1
364,0x00000000,0
365,0x00000000,0
366,0x00000000,0
367,0x00000000,0
368,0x00000000,0
369,0x00000001,1
370,0x0000005e,94
371,0x00000095,149
372,0x0000005b,91
373,0x00000000,0
374,0x00000000,0
375,0x00000000,0
376,0x00000002,2
377,0x00000000,0
378,0x0000002c,44
379,0x00000000,0
380,0x00000000,0
381,0x00000000,0
382,0x00000000,0
383,0x0000000b,11
384,0x00000008,8
385,0x00000000,0
386,0x00000000,0
387,0x00000000,0
388,0x00000000,0
389,0x00000000,0
390,0x00000000,0
391,0x00000006,6
392,0x00000000,0
393,0x00000000,0
394,0x00000000,0
395,0x00000000,0
396,0x00000000,0
397,0x00000000,0
398,0x00000000,0
399,0x00000000,0
400,0x00003060,12384
401,0x00000000,0
402,0x00000000,0
403,0x00000000,0
404,0x00000000,0
405,0x00000001,1
406,0x00000000,0
407,0x00000000,0
408,0x00000000,0
409,0x00000000,0
410,0x00000001,1
411,0x00000000,0
412,0x00000000,0
413,0x00000c3f,3135
414,0x00000000,0
415,0x00000000,0
416,0x00000000,0
417,0x00000000,0
418,0x00000000,0
419,0x00000000,0
420,0x00000000,0
421,0x00000000,0
422,0x00000000,0
423,0x00000001,1
424,0x00000000,0
425,0x00000000,0
426,0x00000000,0
427,0x00000000,0
428,0x00000000,0
429,0x00000000,0
430,0x00000002,2
431,0x00000000,0
432,0x00000000,0
433,0x00000000,0
434,0x00000000,0
435,0x00000000,0
436,0x00000000,0
437,0x0000000d,13
438,0x00000000,0
439,0x00000000,0
440,0x00000000,0
441,0x00000000,0
442,0x00000000,0
443,0x00000000,0
444,0x00000000,0
445,0x00000000,0
446,0x00000000,0
447,0x00000000,0
448,0x00000000,0
449,0x00000000,0
450,0x00000000,0
451,0x00000000,0
452,0x00000000,0
453,0x00000000,0
454,0x00000000,0
455,0x00000000,0
456,0x00000000,0
457,0x00000000,0
458,0x00000000,0
459,0x00000000,0
460,0x00000000,0
461,0x00000000,0
462,0x00000001,1
463,0x00000000,0
464,0x00000000,0
465,0x00000000,0
466,0x00000000,0
467,0x00000000,0
468,0x00000000,0
469,0x00000000,0
470,0x00000000,0
471,0x00000000,0
472,0x00000000,0
473,0x00000000,0
474,0x00000000,0
475,0x00000000,0
476,0x00000000,0
477,0x00000000,0
478,0x00000000,0
479,0x00000000,0
480,0x00000000,0
481,0x00000000,0
482,0x00000000,0
483,0x00000000,0
484,0x00000000,0
485,0x00000000,0
486,0x00000000,0
487,0x00000000,0
488,0x00000000,0
489,0x00000001,1
490,0x00000007,7
491,0x00000000,0
492,0x00000000,0
493,0x00000000,0
494,0x00000001,1
495,0x00000000,0
496,0x00000000,0
497,0x00000000,0
498,0x00000000,0
499,0x00000000,0
500,0x00000000,0
501,0x00000000,0
502,0x00000000,0
503,0x00000002,2
504,0x00000000,0
505,0x00000000,0
506,0x00000000,0
507,0x00000000,0
508,0x00000000,0
509,0x00000000,0
510,0x00000000,0
511,0x00000000,0
512,0x00000000,0
513,0x00000000,0
514,0x00000000,0
515,0x00000000,0
516,0x00000000,0
517,0x00000000,0
518,0x00000000,0
519,0x00000000,0
520,0x00000000,0
521,0x00000000,0
522,0x00000000,0
523,0x00000000,0
524,0x00000000,0
525,0x00000000,0
526,0x00029fd1,171985
527,0x00000000,0
528,0x00000000,0
529,0x00000000,0
530,0x00000000,0
531,0x00000000,0
532,0x00000000,0
533,0x00000000,0
534,0x00000000,0
535,0x00000000,0
536,0x00000000,0
537,0x00000000,0
538,0x00000000,0
539,0x0002985a,170074
540,0x00000000,0
541,0x00000000,0
542,0x00000001,1
543,0x0000000c,12
544,0x00000000,0
545,0x00000000,0
546,0x00000000,0
547,0x00000000,0
548,0x00000000,0
549,0x00000000,0
550,0x00000000,0
551,0x00000000,0
552,0x00000000,0
553,0x00000000,0
554,0x00000000,0
555,0x00000000,0
556,0x0000003a,58
557,0x00000000,0
558,0x00000000,0
559,0x00000000,0
560,0x00000000,0
561,0x00000000,0
562,0x00000001,1
563,0x00000000,0
564,0x00000001,1
565,0x0000000d,13
566,0x00000180,384
567,0x00000389,905
568,0x0000058f,1423
569,0x00000810,2064
570,0x00000783,1923
571,0x00000722,1826
572,0x00000741,1857
573,0x00000521,1313
574,0x0000042a,1066
575,0x000002a3,675
576,0x00000096,150
577,0x00000009,9
578,0x0000004d,77
579,0x0000078b,1931
580,0x00001244,4676
581,0x00001ecb,7883
582,0x00006add,27357
583,0x00002cad,11437
584,0x00002a98,10904
585,0x00002a63,10851
586,0x00001f70,8048
587,0x00001c29,7209
588,0x000013d1,5073
589,0x0000087f,2175
590,0x0000042f,1071
591,0x00000468,1128
592,0x000004d7,1239
593,0x00000543,1347
594,0x00000b93,2963
595,0x000019f1,6641
596,0x00001028,4136
597,0x00001a48,6728
598,0x00001cd2,7378
599,0x000021ec,8684
600,0x00002f9f,12191
601,0x00002596,9622
602,0x00001b3c,6972
603,0x0000177e,6014
604,0x0000190b,6411
605,0x000020bd,8381
606,0x000024f3,9459
607,0x00001a0b,6667
608,0x00000d7e,3454
609,0x00000755,1877
610,0x000003f6,1014
611,0x000003f0,1008
612,0x000001e9,489
613,0x00000002,2
614,0x00000021,33
615,0x00000089,137
616,0x00001120,4384
617,0x0000230f,8975
618,0x000031f1,12785
619,0x00004013,16403
620,0x0000309a,12442
621,0x00002277,8823
622,0x0000184f,6223
623,0x00000899,2201
624,0x00005481,21633
625,0x00000446,1094
626,0x00000002,2
627,0x00000000,0
628,0x00000000,0
629,0x00000001,1
630,0x00000000,0
631,0x00000000,0
632,0x00000000,0
633,0x00000001,1
634,0x00000001,1
635,0x00000001,1
636,0x00000000,0
637,0x000007c9,1993
638,0x00000000,0
639,0x00000000,0
640,0x00000000,0
641,0x00000000,0
642,0x00000000,0
643,0x00000000,0
644,0x00000000,0
645,0x00000000,0
646,0x00000000,0
647,0x00000000,0
648,0x00000000,0
649,0x00000000,0
650,0x00000000,0
651,0x00000000,0
652,0x00000000,0
653,0x00000000,0
654,0x00000000,0
655,0x00000001,1
656,0x00000000,0
657,0x00000000,0
658,0x00000000,0
659,0x00000000,0
660,0x00000000,0
661,0x00000000,0
662,0x00000000,0
663,0x00000000,0
664,0x00000000,0
665,0x00000000,0
666,0x00000000,0
667,0x00000000,0
668,0x00000000,0
669,0x00000000,0
670,0x00000000,0
671,0x00000000,0
672,0x00000000,0
673,0x00000000,0
674,0x00000000,0
675,0x00000000,0
676,0x00000000,0
677,0x00000000,0
678,0x00000000,0
679,0x00000000,0
680,0x00001d35,7477
681,0x00000000,0
682,0x00000000,0
683,0x00000000,0
684,0x00000000,0
685,0x000057ea,22506
686,0x00000000,0
687,0x00000000,0
688,0x00000000,0
689,0x00000000,0
690,0x00000000,0
691,0x00000000,0
692,0x00000000,0
693,0x00000497,1175
694,0x00000000,0
695,0x00000000,0
696,0x00000000,0
697,0x00000001,1
698,0x00001389,5001
699,0x00000000,0
700,0x00000000,0
701,0x00000000,0
702,0x00000001,1
703,0x00000000,0
704,0x00000000,0
705,0x00000000,0
706,0x00000000,0
707,0x00000000,0
708,0x00000000,0
709,0x00000000,0
710,0x00000000,0
711,0x0000012a,298
712,0x00000000,0
713,0x00000000,0
714,0x00000000,0
715,0x00000001,1
716,0x00000000,0
717,0x00000001,1
718,0x00000000,0
719,0x00000000,0
720,0x00000000,0
721,0x00000000,0
722,0x00000000,0
723,0x00000000,0
724,0x00000000,0
725,0x00000000,0
726,0x00000000,0
727,0x00000000,0
728,0x00000000,0
729,0x00000000,0
730,0x00000000,0
731,0x00000000,0
732,0x00000000,0
733,0x00000000,0
734,0x00000000,0
735,0x00000000,0
736,0x00000000,0
737,0x00000000,0
738,0x00000000,0
739,0x00000000,0
740,0x00000000,0
741,0x00004067,16487
742,0x00000000,0
743,0x00000000,0
744,0x00000000,0
745,0x00000000,0
746,0x00000000,0
747,0x00000000,0
748,0x00000000,0
749,0x00000000,0
750,0x00000000,0
751,0x00000001,1
752,0x00000000,0
753,0x00000001,1
754,0x00000c8b,3211
755,0x00000003,3
756,0x00000000,0
757,0x00000000,0
758,0x00000000,0
759,0x00000000,0
760,0x00000000,0
761,0x00000000,0
762,0x00000000,0
763,0x00000000,0
764,0x00000000,0
765,0x00000000,0
766,0x00000001,1
767,0x00000086,134
768,0x00000001,1
769,0x00000000,0
770,0x00000001,1
771,0x00000001,1
772,0x00000000,0
773,0x00000000,0
774,0x00000000,0
775,0x00000000,0
776,0x00000000,0
777,0x00000000,0
778,0x00000001,1
779,0x00000000,0
780,0x00000001,1
781,0x00000000,0
782,0x00000000,0
783,0x000058a8,22696
784,0x00000000,0
785,0x00000000,0
786,0x00000000,0
787,0x00000000,0
788,0x00000000,0
789,0x00000000,0
790,0x00000000,0
791,0x00000000,0
792,0x00000000,0
793,0x00000000,0
794,0x00000000,0
795,0x00000000,0
796,0x00000ebc,3772
797,0x00000000,0
798,0x00000000,0
799,0x00000000,0
800,0x00000000,0
801,0x00000000,0
802,0x00000000,0
803,0x00000000,0
804,0x00000000,0
805,0x00000000,0
806,0x00000000,0
807,0x00000000,0
808,0x00000000,0
809,0x000000ba,186
810,0x00000000,0
811,0x00000000,0
812,0x00000000,0
813,0x00000001,1
814,0x00000000,0
815,0x00000002,2
816,0x00000002,2
817,0x00000001,1
818,0x0000004f,79
819,0x000000f8,248
820,0x00000163,355
821,0x000001db,475
822,0x000003c2,962
823,0x00000503,1283
824,0x00000525,1317
825,0x00000615,1557
826,0x0000057b,1403
827,0x00000451,1105
828,0x0000032d,813
829,0x0000019a,410
830,0x00000062,98
831,0x00000039,57
832,0x000000c1,193
833,0x000000f1,241
834,0x00000124,292
835,0x00000272,626
836,0x00000467,1127
837,0x00000682,1666
838,0x000006e4,1764
839,0x0000bdbc,48572
840,0x00000736,1846
841,0x00000959,2393
842,0x000007a2,1954
843,0x0000074d,1869
844,0x00000cce,3278
845,0x00001534,5428
846,0x0000184f,6223
847,0x000016b1,5809
848,0x00001cfb,7419
849,0x00002304,8964
850,0x00002427,9255
851,0x000027fa,10234
852,0x0000414d,16717
853,0x00001c16,7190
854,0x00001ced,7405
855,0x0000160e,5646
856,0x00000db1,3505
857,0x00000ab4,2740
858,0x00000abf,2751
859,0x00001021,4129
860,0x0000118f,4495
861,0x00000c2d,3117
862,0x00000f0f,3855
863,0x00001640,5696
864,0x000013b5,5045
865,0x00000e36,3638
866,0x0000139f,5023
867,0x00001d08,7432
868,0x000021fb,8699
869,0x0000326b,12907
870,0x0000444d,17485
871,0x00003eac,16044
872,0x00003b9f,15263
873,0x00003b4c,15180
874,0x00002714,10004
875,0x00000f66,3942
876,0x00000706,1798
877,0x00000465,1125
878,0x000002b9,697
879,0x000000fa,250
880,0x00000050,80
881,0x0000079d,1949
882,0x000015e6,5606
883,0x0000162d,5677
884,0x00001333,4915
885,0x000021f3,8691
886,0x00002675,9845
887,0x00001cbd,7357
888,0x0000190f,6415
889,0x00001474,5236
890,0x0000110b,4363
891,0x00000daa,3498
892,0x000004a3,1187
893,0x00000000,0
894,0x00000000,0
895,0x00000000,0
896,0x00000000,0
897,0x00000000,0
898,0x00000000,0
899,0x00000000,0
900,0x00000000,0
901,0x00000000,0
902,0x00000000,0
903,0x00000000,0
904,0x00000000,0
905,0x00000000,0
906,0x00000000,0
907,0x00000001,1
908,0x00000000,0
909,0x00000000,0
910,0x00000000,0
911,0x00000000,0
912,0x00000000,0
913,0x00000000,0
914,0x00000000,0
915,0x00000000,0
916,0x00000000,0
917,0x00000000,0
918,0x00000000,0
919,0x00000000,0
920,0x00000000,0
921,0x00000001,1
922,0x00000000,0
923,0x00000000,0
924,0x00000000,0
925,0x00000000,0
926,0x00000000,0
927,0x00000000,0
928,0x00000000,0
929,0x00000000,0
930,0x00000000,0
931,0x00000000,0
932,0x00000000,0
933,0x00000000,0
934,0x00000002,2
935,0x00000000,0
936,0x00000000,0
937,0x00000000,0
938,0x00000000,0
939,0x00000000,0
940,0x00000000,0
941,0x00000000,0
942,0x00000000,0
943,0x00000000,0
944,0x00000000,0
945,0x00000000,0
946,0x00000000,0
947,0x00000000,0
948,0x00000000,0
949,0x00000000,0
950,0x00000000,0
951,0x00000000,0
952,0x00000000,0
953,0x00000000,0
954,0x00000000,0
955,0x00000000,0
956,0x00000000,0
957,0x00000000,0
958,0x00000000,0
959,0x00000000,0
960,0x00000000,0
961,0x00000000,0
962,0x00000000,0
963,0x00000000,0
964,0x00000000,0
965,0x00025a7d,154237
966,0x00000000,0
967,0x00000000,0
968,0x00000000,0
969,0x00000000,0
970,0x00000000,0
971,0x00000000,0
972,0x00000000,0
973,0x00000000,0
974,0x00000000,0
975,0x00000000,0
976,0x00000000,0
977,0x00000000,0
978,0x0000cdb5,52661
979,0x00000001,1
980,0x00000000,0
981,0x00000000,0
982,0x00000004,4
983,0x00000001,1
984,0x00000000,0
985,0x00000000,0
986,0x00000000,0
987,0x00000000,0
988,0x00000000,0
989,0x00000000,0
990,0x00000000,0
991,0x00000000,0
992,0x00000000,0
993,0x00000000,0
994,0x00000000,0
995,0x0000000e,14
996,0x00000000,0
997,0x00000000,0
998,0x00000000,0
999,0x00000000,0
1000,0x00000000,0
1001,0x00000000,0
1002,0x00000004,4
1003,0x00000000,0
1004,0x00000000,0
1005,0x00000000,0
1006,0x00000000,0
1007,0x00000000,0
1008,0x00000000,0
1009,0x00000000,0
1010,0x00000000,0
1011,0x00000000,0
1012,0x00000000,0
1013,0x00000000,0
1014,0x00000000,0
1015,0x00000000,0
1016,0x00000000,0
1017,0x00000000,0
1018,0x00000000,0
1019,0x00000000,0
1020,0x00000000,0
1021,0x00009659,38489
1022,0x00000000,0
1023,0x00000000,0
1024,0x00000000,0
1025,0x00000000,0
1026,0x00000000,0
1027,0x00000000,0
1028,0x00000000,0
1029,0x00000000,0
1030,0x00000000,0
1031,0x00000000,0
1032,0x00000000,0
1033,0x00000000,0
1034,0x00001725,5925
1035,0x00000000,0
1036,0x00000000,0
1037,0x00000000,0
1038,0x00000002,2
1039,0x00000000,0
1040,0x00000000,0
1041,0x00000000,0
1042,0x00000000,0
1043,0x00000000,0
1044,0x00000000,0
1045,0x00000000,0
1046,0x00000000,0
1047,0x00000101,257
1048,0x00000000,0
1049,0x00000000,0
1050,0x00000000,0
1051,0x00000004,4
1052,0x00000000,0
1053,0x00000000,0
1054,0x00000000,0
1055,0x00000000,0
1056,0x00000000,0
1057,0x00000000,0
1058,0x00000001,1
1059,0x00000000,0
1060,0x00000000,0
1061,0x00000000,0
1062,0x00000000,0
1063,0x0000c7e1,51169
1064,0x00000001,1
1065,0x00000000,0
1066,0x00000000,0
1067,0x00000000,0
1068,0x00000000,0
1069,0x00000001,1
1070,0x00000003,3
1071,0x00000002,2
1072,0x00000005,5
1073,0x00000060,96
1074,0x000001b7,439
1075,0x000002c9,713
1076,0x000014c4,5316
1077,0x0000016e,366
1078,0x000001b9,441
1079,0x000002d3,723
1080,0x0000025e,606
1081,0x00000107,263
1082,0x0000002a,42
1083,0x00000002,2
1084,0x00000002,2
1085,0x00000003,3
1086,0x0000003f,63
1087,0x000000c0,192
1088,0x00000177,375
1089,0x00000264,612
1090,0x000000d9,217
1091,0x000000fe,254
1092,0x00000250,592
1093,0x00000445,1093
1094,0x000005f6,1526
1095,0x00000591,1425
1096,0x00000642,1602
1097,0x00000950,2384
1098,0x00000c3b,3131
1099,0x00000bac,2988
1100,0x00000a5f,2655
1101,0x00000a74,2676
1102,0x00000901,2305
1103,0x000006d6,1750
1104,0x0000050a,1290
1105,0x00000425,1061
1106,0x00000419,1049
1107,0x0000041b,1051
1108,0x000003d6,982
1109,0x0000040c,1036
1110,0x000007a3,1955
1111,0x00000e49,3657
1112,0x00001470,5232
1113,0x00001a31,6705
1114,0x00001f9b,8091
1115,0x00001fde,8158
1116,0x000019fc,6652
1117,0x00001804,6148
1118,0x00001b3b,6971
1119,0x0000940e,37902
1120,0x00000e7b,3707
1121,0x0000072f,1839
1122,0x00000569,1385
1123,0x000008eb,2283
1124,0x00000f6f,3951
1125,0x0000110e,4366
1126,0x00000cbd,3261
1127,0x00000904,2308
1128,0x00000a59,2649
1129,0x00000b99,2969
1130,0x0000082e,2094
1131,0x00000899,2201
1132,0x000028c1,10433
1133,0x00002ffc,12284
1134,0x0000317f,12671
1135,0x00002518,9496
1136,0x00003350,13136
1137,0x00005414,21524
1138,0x00005ca7,23719
1139,0x00004515,17685
1140,0x00002c97,11415
1141,0x000027b6,10166
1142,0x00002c71,11377
1143,0x00002593,9619
1144,0x00001215,4629
1145,0x00005e63,24163
1146,0x00000031,49
1147,0x0000004b,75
1148,0x00000074,116
1149,0x00000691,1681
1150,0x00001829,6185
1151,0x000024b9,9401
1152,0x0000185e,6238
1153,0x00000caa,3242
1154,0x000018e4,6372
1155,0x00002510,9488
1156,0x000018c6,6342
1157,0x00000666,1638
1158,0x000011cf,4559
1159,0x00000000,0
1160,0x00000000,0
1161,0x00000000,0
1162,0x00000002,2
1163,0x00000000,0
1164,0x00000000,0
1165,0x00000000,0
1166,0x00000000,0
1167,0x00000000,0
1168,0x00000000,0
1169,0x00000000,0
1170,0x00000000,0
1171,0x0000012c,300
1172,0x00000000,0
1173,0x00000000,0
1174,0x00000000,0
1175,0x00000001,1
1176,0x00000000,0
1177,0x00000000,0
1178,0x00000000,0
1179,0x00000000,0
1180,0x00000000,0
1181,0x00000000,0
1182,0x00000000,0
1183,0x00000000,0
1184,0x00000001,1
1185,0x00000000,0
1186,0x00000000,0
1187,0x00000001,1
1188,0x00000000,0
1189,0x00000000,0
1190,0x00000000,0
1191,0x00000000,0
1192,0x00000000,0
1193,0x00000000,0
1194,0x00000000,0
1195,0x00000000,0
1196,0x00000000,0
1197,0x00000000,0
1198,0x00000000,0
1199,0x00000000,0
1200,0x00000000,0
1201,0x00009687,38535
1202,0x00000000,0
1203,0x00000000,0
1204,0x00000000,0
1205,0x00000000,0
1206,0x00000000,0
1207,0x00000000,0
1208,0x00000000,0
1209,0x00000000,0
1210,0x00000000,0
1211,0x00000000,0
1212,0x00000000,0
1213,0x00000000,0
1214,0x00001bdf,7135
1215,0x00000000,0
1216,0x00000000,0
1217,0x00000000,0
1218,0x00000002,2
1219,0x00000000,0
1220,0x00000000,0
1221,0x00000000,0
1222,0x00000000,0
1223,0x00000000,0
1224,0x00000000,0
1225,0x00000000,0
1226,0x00000000,0
1227,0x00000159,345
1228,0x00000000,0
1229,0x00000000,0
1230,0x00000000,0
1231,0x00000001,1
1232,0x00000000,0
1233,0x00000000,0
1234,0x0003d91f,252191
1235,0x00000000,0
1236,0x00000000,0
1237,0x00000000,0
1238,0x00000001,1
1239,0x00000000,0
1240,0x00000001,1
1241,0x00000000,0
1242,0x00000000,0
1243,0x000127b5,75701
1244,0x00000000,0
1245,0x00000000,0
1246,0x00000000,0
1247,0x00026af7,158455
1248,0x00000000,0
1249,0x00000000,0
1250,0x00000000,0
1251,0x00000003,3
1252,0x00000000,0
1253,0x00000000,0
1254,0x00000000,0
1255,0x00000000,0
1256,0x0000223d,8765
1257,0x00000000,0
1258,0x00000000,0
1259,0x00000000,0
1260,0x00000005,5
1261,0x00000000,0
1262,0x00000000,0
1263,0x00000000,0
1264,0x0000003a,58
1265,0x00000000,0
1266,0x00000000,0
1267,0x00000000,0
1268,0x00000000,0
1269,0x000002af,687
1270,0x00000000,0
1271,0x00000000,0
1272,0x00000000,0
1273,0x00000003,3
1274,0x00000000,0
1275,0x00000000,0
1276,0x00000000,0
1277,0x00000000,0
1278,0x00000000,0
1279,0x00000000,0
1280,0x00000002,2
1281,0x00000000,0
1282,0x00000002,2
1283,0x00000000,0
1284,0x00000000,0
1285,0x00000000,0
1286,0x00000000,0
1287,0x00000000,0
1288,0x00000000,0
1289,0x00000000,0
1290,0x00005311,21265
1291,0x00000000,0
1292,0x00000000,0
1293,0x00000000,0
1294,0x00000000,0
1295,0x00000000,0
1296,0x00000000,0
1297,0x00000000,0
1298,0x00000001,1
1299,0x00000046,70
1300,0x00000000,0
1301,0x00000000,0
1302,0x00000000,0
1303,0x00000757,1879
1304,0x00000000,0
1305,0x00000000,0
1306,0x00000000,0
1307,0x00000002,2
1308,0x00000001,1
1309,0x00000000,0
1310,0x00000000,0
1311,0x00000000,0
1312,0x0001f906,129286
1313,0x00000000,0
1314,0x00000000,0
1315,0x00000000,0
1316,0x00000001,1
1317,0x00000000,0
1318,0x00000000,0
1319,0x00000000,0
1320,0x00000000,0
1321,0x00000000,0
1322,0x00000000,0
1323,0x00000000,0
1324,0x00000000,0
1325,0x0000170b,5899
1326,0x00000000,0
1327,0x00000000,0
1328,0x00000000,0
1329,0x00000037,55
1330,0x00000000,0
1331,0x00000000,0
1332,0x0000a71e,42782
1333,0x00000000,0
1334,0x00000000,0
1335,0x00000000,0
1336,0x00000000,0
1337,0x00000000,0
1338,0x00000005,5
1339,0x00000000,0
1340,0x00000000,0
1341,0x00000000,0
1342,0x00000001,1
1343,0x00000004,4
1344,0x00000004,4
1345,0x00000cf8,3320
1346,0x00000006,6
1347,0x00000033,51
1348,0x0000012f,303
1349,0x000002a3,675
1350,0x00000323,803
1351,0x0000021b,539
1352,0x000000dd,221
1353,0x0000015a,346
1354,0x00000296,662
1355,0x0000031b,795
1356,0x000001fb,507
1357,0x000000b5,181
1358,0x00000020,32
1359,0x00000000,0
1360,0x00000000,0
1361,0x00000000,0
1362,0x00000000,0
1363,0x00000000,0
1364,0x00000000,0
1365,0x00000000,0
1366,0x00000003,3
1367,0x00000002,2
1368,0x00000001,1
1369,0x00000003,3
1370,0x00000001,1
1371,0x00000001,1
1372,0x00000000,0
1373,0x00000001,1
1374,0x00000000,0
1375,0x00000000,0
1376,0x00000001,1
1377,0x00000001,1
1378,0x00000000,0
1379,0x00000000,0
1380,0x00000000,0
1381,0x00000000,0
1382,0x00000000,0
1383,0x00000000,0
1384,0x00000000,0
1385,0x00000000,0
1386,0x00000000,0
1387,0x00000000,0
1388,0x00002ba7,11175
1389,0x00000000,0
1390,0x00000000,0
1391,0x00000000,0
1392,0x00000001,1
1393,0x00000000,0
1394,0x00000003,3
1395,0x00000000,0
1396,0x00000000,0
1397,0x00000000,0
1398,0x00000001,1
1399,0x00000000,0
1400,0x00000000,0
1401,0x00000660,1632
1402,0x00000000,0
1403,0x00000000,0
1404,0x00000000,0
1405,0x00000001,1
1406,0x00000001,1
1407,0x00000000,0
1408,0x00000000,0
1409,0x00000000,0
1410,0x00000000,0
1411,0x00000001,1
1412,0x00000000,0
1413,0x00000000,0
1414,0x00000002,2
1415,0x00000000,0
1416,0x00000000,0
1417,0x00000001,1
1418,0x00000001,1
1419,0x00000000,0
1420,0x00000000,0
1421,0x00000000,0
1422,0x00000000,0
1423,0x00000000,0
1424,0x00000000,0
1425,0x0000ecc7,60615
1426,0x00000001,1
1427,0x00000001,1
1428,0x00000000,0
1429,0x00000000,0
1430,0x00000000,0
1431,0x00000000,0
1432,0x00000000,0
1433,0x00000000,0
1434,0x00000001,1
1435,0x00000000,0
1436,0x00000000,0
1437,0x00000000,0
1438,0x00001d65,7525
1439,0x00000000,0
1440,0x00000000,0
1441,0x00000000,0
1442,0x00000002,2
1443,0x00000000,0
1444,0x00000000,0
1445,0x00000000,0
1446,0x00000000,0
1447,0x00000000,0
1448,0x00000000,0
1449,0x00000000,0
1450,0x00000000,0
1451,0x000001b8,440
1452,0x00000000,0
1453,0x00000000,0
1454,0x00000000,0
1455,0x00000003,3
1456,0x00000000,0
1457,0x00000000,0
1458,0x00000000,0
1459,0x00000000,0
1460,0x00000000,0
1461,0x00000000,0
1462,0x00000002,2
1463,0x00000000,0
1464,0x00000000,0
1465,0x00000000,0
1466,0x00000000,0
1467,0x00000000,0
1468,0x00000000,0
1469,0x00000000,0
1470,0x00000000,0
1471,0x00000000,0
1472,0x00000000,0
1473,0x00000000,0
1474,0x00000000,0
1475,0x00000000,0
1476,0x00000000,0
1477,0x00000000,0
1478,0x00000000,0
1479,0x00000000,0
1480,0x00000000,0
1481,0x0000734c,29516
1482,0x00000000,0
1483,0x00000000,0
1484,0x00000000,0
1485,0x00000000,0
1486,0x00000000,0
1487,0x00000000,0
1488,0x00000000,0
1489,0x00000000,0
1490,0x00000000,0
1491,0x00000000,0
1492,0x00000000,0
1493,0x00000000,0
1494,0x00001367,4967
1495,0x00000000,0
1496,0x00000000,0
1497,0x00000000,0
1498,0x00000003,3
1499,0x00000000,0
1500,0x00000000,0
1501,0x00000000,0
1502,0x00000000,0
1503,0x00000000,0
1504,0x00000000,0
1505,0x00000000,0
1506,0x00000000,0
1507,0x000000ce,206
1508,0x00000000,0
1509,0x00000000,0
1510,0x00000000,0
1511,0x00000000,0
1512,0x00000001,1
1513,0x00000000,0
1514,0x0d08f664,218691172
1515,0x00000000,0
1516,0x00000000,0
1517,0x00000000,0
1518,0x00000000,0
1519,0x00000000,0
1520,0x00000000,0
1521,0x00000000,0
1522,0x00000000,0
1523,0x00000000,0
1524,0x00000000,0
1525,0x00000000,0
1526,0x00000000,0
1527,0x00000000,0
1528,0x00000000,0
1529,0x00000000,0
1530,0x00000000,0
1531,0x00000000,0
1532,0x00000000,0
1533,0x00000000,0
1534,0x00000000,0
1535,0x00000000,0
1536,0x00000000,0
1537,0x00000000,0
1538,0x00000000,0
1539,0x00000000,0
1540,0x00000000,0
1541,0x00000000,0
1542,0x00000000,0
1543,0x00000000,0
1544,0x00000000,0
1545,0x00000000,0
1546,0x00000000,0
1547,0x00000000,0
1548,0x00000000,0
1549,0x00000000,0
1550,0x00000000,0
1551,0x00000000,0
1552,0x00000000,0
1553,0x00000000,0
1554,0x00000000,0
1555,0x00000000,0
1556,0x00000000,0
1557,0x00000000,0
1558,0x00000000,0
1559,0x00000000,0
1560,0x00000000,0
1561,0x00000000,0
1562,0x00000000,0
1563,0x00000000,0
1564,0x00000000,0
1565,0x00000000,0
1566,0x00000000,0
1567,0x00000000,0
1568,0x00000000,0
1569,0x00000000,0
1570,0x00000000,0
1571,0x00000000,0
1572,0x00000000,0
1573,0x00000000,0
1574,0x00000000,0
1575,0x00000000,0
1576,0x00000000,0
1577,0x00000000,0
1578,0x00000000,0
1579,0x00000000,0
1580,0x00000000,0
1581,0x00000000,0
1582,0x00000000,0
1583,0x00000000,0
1584,0x00000000,0
1585,0x00000000,0
1586,0x00000000,0
1587,0x00000000,0
1588,0x00000000,0
1589,0x00000000,0
1590,0x00000000,0
1591,0x00000000,0
1592,0x00000000,0
1593,0x00000000,0
1594,0x00000000,0
1595,0x00000000,0
1596,0x00000000,0
1597,0x00000000,0
1598,0x00000000,0
1599,0x00000000,0
1600,0x00000000,0
1601,0x00000000,0
1602,0x00000000,0
1603,0x00000000,0
1604,0x00000000,0
1605,0x00000000,0
1606,0x00000000,0
1607,0x00000000,0
1608,0x00000000,0
1609,0x00000000,0
1610,0x00000000,0
1611,0x00000000,0
1612,0x00000000,0
1613,0x00000000,0
1614,0x00000000,0
1615,0x00000000,0
1616,0x00000000,0
1617,0x00000000,0
1618,0x00000000,0
1619,0x00000000,0
1620,0x00000000,0
1621,0x00000000,0
1622,0x00000000,0
1623,0x00000000,0
1624,0x00000000,0
1625,0x00000000,0
1626,0x00000000,0
1627,0x00000000,0
1628,0x00000000,0
1629,0x00000000,0
1630,0x00000000,0
1631,0x00000000,0
1632,0x00000000,0
1633,0x00000000,0
1634,0x00000000,0
1635,0x00000000,0
1636,0x00000000,0
1637,0x00000000,0
1638,0x00000000,0
1639,0x00000000,0
1640,0x00000000,0
1641,0x00000000,0
1642,0x00000000,0
1643,0x00000000,0
1644,0x00000000,0
1645,0x00000000,0
1646,0x00000000,0
1647,0x00000000,0
1648,0x00000000,0
1649,0x00000000,0
1650,0x00000000,0
1651,0x00000000,0
1652,0x00000000,0
1653,0x00000000,0
1654,0x00000000,0
1655,0x00000000,0
1656,0x00000000,0
1657,0x00000000,0
1658,0x00000000,0
1659,0x00000000,0
1660,0x00000000,0
1661,0x00000000,0
1662,0x00000000,0
1663,0x00000000,0
1664,0x00000000,0
1665,0x00000000,0
1666,0x00000000,0
1667,0x00000000,0
1668,0x00000000,0
1669,0x00000000,0
1670,0x00000000,0
1671,0x00000000,0
1672,0x00000000,0
1673,0x00000000,0
1674,0x00000000,0
1675,0x00000000,0
1676,0x00000000,0
1677,0x00000000,0
1678,0x00000000,0
1679,0x00000000,0
1680,0x00000000,0
1681,0x00000000,0
1682,0x00000000,0
1683,0x00000000,0
1684,0x00000000,0
1685,0x00000000,0
1686,0x00000000,0
1687,0x00000000,0
1688,0x00000000,0
1689,0x00000000,0
1690,0x00000000,0
1691,0x00000000,0
1692,0x00000000,0
1693,0x00000000,0
1694,0x00000000,0
1695,0x00000000,0
1696,0x00000000,0
1697,0x00000000,0
1698,0x00000000,0
1699,0x00000000,0
1700,0x00000000,0
1701,0x00000000,0
1702,0x00000000,0
1703,0x00000000,0
1704,0x00000000,0
1705,0x00000000,0
1706,0x00000000,0
1707,0x00000000,0
1708,0x00000000,0
1709,0x00000000,0
1710,0x00000000,0
1711,0x00000000,0
1712,0x00000000,0
1713,0x00000000,0
1714,0x00000000,0
1715,0x00000000,0
1716,0x00000000,0
1717,0x00000000,0
1718,0x00000000,0
1719,0x00000000,0
1720,0x00000000,0
1721,0x00000000,0
1722,0x00000000,0
1723,0x00000000,0
1724,0x00000000,0
1725,0x00000000,0
1726,0x00000000,0
1727,0x00000000,0
1728,0x00000000,0
1729,0x00000000,0
1730,0x00000000,0
1731,0x00000000,0
1732,0x00000000,0
1733,0x00000000,0
1734,0x00000000,0
1735,0x00000000,0
1736,0x00000000,0
1737,0x00000000,0
1738,0x00000000,0
1739,0x00000000,0
1740,0x00000000,0
1741,0x00000000,0
1742,0x00000000,0
1743,0x00000000,0
1744,0x00000000,0
1745,0x00000000,0
1746,0x00000000,0
1747,0x00000000,0
1748,0x00000000,0
1749,0x00000000,0
1750,0x00000000,0
1751,0x00000000,0
1752,0x00000000,0
1753,0x00000000,0
1754,0x00000000,0
1755,0x00000000,0
1756,0x00000000,0
1757,0x00000000,0
1758,0x00000000,0
1759,0x00000000,0
1760,0x00000000,0
1761,0x00000000,0
1762,0x00000000,0
1763,0x00000000,0
1764,0x00000000,0
1765,0x00000000,0
1766,0x00000000,0
1767,0x00000000,0
1768,0x00000000,0
1769,0x00000000,0
1770,0x00000000,0
1771,0x00000000,0
1772,0x00000000,0
1773,0x00000000,0
1774,0x00000000,0
1775,0x00000000,0
1776,0x00000000,0
1777,0x00000000,0
1778,0x00000000,0
1779,0x00000000,0
1780,0x00000000,0
1781,0x00000000,0
1782,0x00000000,0
1783,0x00000000,0
1784,0x00000000,0
1785,0x00000000,0
1786,0x00000000,0
1787,0x00000000,0
1788,0x00000000,0
1789,0x00000000,0
1790,0x00000000,0
1791,0x00000000,0
1792,0x00000000,0
1793,0x00000000,0
1794,0x00000000,0
1795,0x00000000,0
1796,0x00000000,0
1797,0x00000000,0
1798,0x00000000,0
1799,0x00000000,0
1800,0x00000000,0
1801,0x00000000,0
1802,0x00000000,0
1803,0x00000000,0
1804,0x00000000,0
1805,0x00000000,0
1806,0x00000000,0
1807,0x00000000,0
1808,0x00000000,0
1809,0x00000000,0
1810,0x00000000,0
1811,0x00000000,0
1812,0x00000000,0
1813,0x00000000,0
1814,0x00000000,0
1815,0x00000000,0
1816,0x00000000,0
1817,0x00000000,0
1818,0x00000000,0
1819,0x00000000,0
1820,0x00000000,0
1821,0x00000000,0
1822,0x00000000,0
1823,0x00000000,0
1824,0x00000000,0
1825,0x00000000,0
1826,0x00000000,0
1827,0x00000000,0
1828,0x00000000,0
1829,0x00000000,0
1830,0x00000000,0
1831,0x00000000,0
1832,0x00000000,0
1833,0x00000000,0
1834,0x00000000,0
1835,0x00000000,0
1836,0x00000000,0
1837,0x00000000,0
1838,0x00000000,0
1839,0x00000000,0
1840,0x00000000,0
1841,0x00000000,0
1842,0x00000000,0
1843,0x00000000,0
1844,0x00000000,0
1845,0x00000000,0
1846,0x00000000,0
1847,0x00000000,0
1848,0x00000000,0
1849,0x00000000,0
1850,0x00000000,0
1851,0x00000000,0
1852,0x00000000,0
1853,0x00000000,0
1854,0x00000000,0
1855,0x00000000,0
1856,0x00000000,0
1857,0x00000000,0
1858,0x00000000,0
1859,0x00000000,0
1860,0x00000000,0
1861,0x00000000,0
1862,0x00000000,0
1863,0x00000000,0
1864,0x00000000,0
1865,0x00000000,0
1866,0x00000000,0
1867,0x00000000,0
1868,0x00000000,0
1869,0x00000000,0
1870,0x00000000,0
1871,0x00000000,0
1872,0x00000000,0
1873,0x00000000,0
1874,0x00000000,0
1875,0x00000000,0
1876,0x00000000,0
1877,0x00000000,0
1878,0x00000000,0
1879,0x00000000,0
1880,0x00000000,0
1881,0x00000000,0
1882,0x00000000,0
1883,0x00000000,0
1884,0x00000000,0
1885,0x00000000,0
1886,0x00000000,0
1887,0x00000000,0
1888,0x00000000,0
1889,0x00000000,0
1890,0x00000000,0
1891,0x00000000,0
1892,0x00000000,0
1893,0x00000000,0
1894,0x00000000,0
1895,0x00000000,0
1896,0x00000000,0
1897,0x00000000,0
1898,0x00000000,0
1899,0x00000000,0
1900,0x00000000,0
1901,0x00000000,0
1902,0x00000000,0
1903,0x00000000,0
1904,0x00000000,0
1905,0x00000000,0
1906,0x00000000,0
1907,0x00000000,0
1908,0x00000000,0
1909,0x00000000,0
1910,0x00000000,0
1911,0x00000000,0
1912,0x00000000,0
1913,0x00000000,0
1914,0x00000000,0
1915,0x00000000,0
1916,0x00000000,0
1917,0x00000000,0
1918,0x00000000,0
1919,0x00000000,0
1920,0x00000000,0
1921,0x00000000,0
1922,0x00000000,0
1923,0x00000000,0
1924,0x00000000,0
1925,0x00000000,0
1926,0x00000000,0
1927,0x00000000,0
1928,0x00000000,0
1929,0x00000000,0
1930,0x00000000,0
1931,0x00000000,0
1932,0x00000000,0
1933,0x00000000,0
1934,0x00000000,0
1935,0x00000000,0
1936,0x00000000,0
1937,0x00000000,0
1938,0x00000000,0
1939,0x00000000,0
1940,0x00000000,0
1941,0x00000000,0
1942,0x00000000,0
1943,0x00000000,0
1944,0x00000000,0
1945,0x00000000,0
1946,0x00000000,0
1947,0x00000000,0
1948,0x00000000,0
1949,0x00000000,0
1950,0x00000000,0
1951,0x00000000,0
1952,0x00000000,0
1953,0x00000000,0
1954,0x00000000,0
1955,0x00000000,0
1956,0x00000000,0
1957,0x00000000,0
1958,0x00000000,0
1959,0x00000000,0
1960,0x00000000,0
1961,0x00000000,0
1962,0x00000000,0
1963,0x00000000,0
1964,0x00000000,0
1965,0x00000000,0
1966,0x00000000,0
1967,0x00000000,0
1968,0x00000000,0
1969,0x00000000,0
1970,0x00000000,0
1971,0x00000000,0
1972,0x00000000,0
1973,0x00000000,0
1974,0x00000000,0
1975,0x00000000,0
1976,0x00000000,0
1977,0x00000000,0
1978,0x00000000,0
1979,0x00000000,0
1980,0x00000000,0
1981,0x00000000,0
1982,0x00000000,0
1983,0x00000000,0
1984,0x00000000,0
1985,0x00000000,0
1986,0x00000000,0
1987,0x00000000,0
1988,0x00000000,0
1989,0x00000000,0
1990,0x00000000,0
1991,0x00000000,0
1992,0x00000000,0
1993,0x00000000,0
1994,0x00000000,0
1995,0x00000000,0
1996,0x00000000,0
1997,0x00000000,0
1998,0x00000000,0
1999,0x00000000,0
2000,0x00000000,0
2001,0x00000000,0
2002,0x00000000,0
2003,0x00000000,0
2004,0x00000000,0
2005,0x00000000,0
2006,0x00000000,0
2007,0x00000000,0
2008,0x00000000,0
2009,0x00000000,0
2010,0x00000000,0
2011,0x00000000,0
2012,0x00000000,0
2013,0x00000000,0
2014,0x00000000,0
2015,0x00000000,0
2016,0x00000000,0
2017,0x00000000,0
2018,0x00000000,0
2019,0x00000000,0
2020,0x00000000,0
2021,0x00000000,0
2022,0x00000000,0
2023,0x00000000,0
2024,0x00000000,0
2025,0x00000000,0
2026,0x00000000,0
2027,0x00000000,0
2028,0x00000000,0
2029,0x00000000,0
2030,0x00000000,0
2031,0x00000000,0
2032,0x00000000,0
2033,0x00000000,0
2034,0x00000000,0
2035,0x00000000,0
2036,0x00000000,0
2037,0x00000000,0
2038,0x00000000,0
2039,0x00000000,0
2040,0x00000000,0
2041,0x00000000,0
2042,0x00000000,0
2043,0x00000000,0
2044,0x00000000,0
2045,0x00000000,0
2046,0x00000000,0
2047,0x00000000,0
