0,0x00110c94,1117332
1,0x0010d75a,1103706
2,0x000a301a,667674
3,0x00005ea0,24224
4,0x0001e4f4,124148
5,0x0001df0a,122634
6,0x0001df0a,122634
7,0x0001df0a,122634
8,0x0001e4f4,124148
9,0x0001df0a,122634
10,0x0001df0a,122634
11,0x0001df0a,122634
12,0x0001e4f4,124148
13,0x0001df0a,122634
14,0x0001df0a,122634
15,0x0001e4f4,124148
16,0x0001df0a,122634
17,0x0001df0a,122634
18,0x0001df0a,122634
19,0x0001e4f4,124148
20,0x0001df0a,122634
21,0x0001df0a,122634
22,0x0001df0a,122634
23,0x0001e4f4,124148
24,0x0001df0a,122634
25,0x0001df0a,122634
26,0x0001e4f4,124148
27,0x0001df0a,122634
28,0x0001df0a,122634
29,0x0001df0a,122634
30,0x0001e4f4,124148
31,0x00037d06,228614
32,0x0009d17a,643450
33,0x000e46e4,935652
34,0x0010d75a,1103706
35,0x0010d75a,1103706
36,0x0010d75a,1103706
37,0x0010d75a,1103706
38,0x0010d75a,1103706
39,0x00110c94,1117332
40,0x0010d75a,1103706
41,0x0010d75a,1103706
42,0x0010d75a,1103706
43,0x0010d75a,1103706
44,0x0010d75a,1103706
45,0x00110c94,1117332
46,0x0010d75a,1103706
47,0x0010d75a,1103706
48,0x0010d75a,1103706
49,0x0010d75a,1103706
50,0x0010d75a,1103706
51,0x00110c94,1117332
52,0x000931cc,602572
53,0x000005ea,1514
54,0x00013388,78728
55,0x0001e4f4,124148
56,0x0001df0a,122634
57,0x0001df0a,122634
58,0x0001df0a,122634
59,0x0001e4f4,124148
60,0x0001df0a,122634
61,0x0001df0a,122634
62,0x0001e4f4,124148
63,0x0001df0a,122634
64,0x0001df0a,122634
65,0x0001df0a,122634
66,0x0001e4f4,124148
67,0x0001df0a,122634
68,0x0001df0a,122634
69,0x0001df0a,122634
70,0x0001e4f4,124148
71,0x0001df0a,122634
72,0x0001df0a,122634
73,0x0001e4f4,124148
74,0x0001df0a,122634
75,0x0001df0a,122634
76,0x0001df0a,122634
77,0x0001e4f4,124148
78,0x0001df0a,122634
79,0x0001df0a,122634
80,0x0001df0a,122634
81,0x0001df0a,122634
82,0x00059d1e,367902
83,0x000abe0a,704010
84,0x00110c94,1117332
85,0x0003e77a,255866
86,0x0001df0a,122634
87,0x0001e4f4,124148
88,0x0001df0a,122634
89,0x0001df0a,122634
90,0x0001e4f4,124148
91,0x0001df0a,122634
92,0x0001df0a,122634
93,0x0001df0a,122634
94,0x0001e4f4,124148
95,0x0001df0a,122634
96,0x0001df0a,122634
97,0x0001df0a,122634
98,0x0001e4f4,124148
99,0x0001df0a,122634
100,0x0001df0a,122634
101,0x0001e4f4,124148
102,0x0001df0a,122634
103,0x0001df0a,122634
104,0x0001df0a,122634
105,0x0001e4f4,124148
106,0x0001df0a,122634
107,0x0001df0a,122634
108,0x0001df0a,122634
109,0x0001e4f4,124148
110,0x0001df0a,122634
111,0x0001df0a,122634
112,0x0001e4f4,124148
113,0x0006a156,434518
114,0x000c093a,788794
115,0x0010d75a,1103706
116,0x00110c94,1117332
117,0x0010d75a,1103706
118,0x0010d75a,1103706
119,0x0010d75a,1103706
120,0x0010d75a,1103706
121,0x0010d75a,1103706
122,0x0002e92c,190764
123,0x00015cee,89326
124,0x0000d4e8,54504
125,0x0001df0a,122634
126,0x0001df0a,122634
127,0x0001df0a,122634
128,0x0001e4f4,124148
129,0x0001df0a,122634
130,0x0001df0a,122634
131,0x0001e4f4,124148
132,0x0001df0a,122634
133,0x0001df0a,122634
134,0x0001df0a,122634
135,0x0001e4f4,124148
136,0x0001df0a,122634
137,0x0001df0a,122634
138,0x0001df0a,122634
139,0x0001e4f4,124148
140,0x0001df0a,122634
141,0x0001df0a,122634
142,0x0001e4f4,124148
143,0x0001df0a,122634
144,0x0001df0a,122634
145,0x0001df0a,122634
146,0x0001e4f4,124148
147,0x0001df0a,122634
148,0x0001df0a,122634
149,0x0001df0a,122634
150,0x0001df0a,122634
151,0x0001df0a,122634
152,0x00061950,399696
153,0x0008ead4,584404
154,0x0010d75a,1103706
155,0x0010d75a,1103706
156,0x0010d75a,1103706
157,0x0010d75a,1103706
158,0x00110c94,1117332
159,0x0010d75a,1103706
160,0x0010d75a,1103706
161,0x0010d75a,1103706
162,0x0010d75a,1103706
163,0x0010d75a,1103706
164,0x00110c94,1117332
165,0x0010d75a,1103706
166,0x0010d75a,1103706
167,0x0010d75a,1103706
168,0x0010d75a,1103706
169,0x0010d75a,1103706
170,0x00110c94,1117332
171,0x0010d75a,1103706
172,0x0010d75a,1103706
173,0x0005d842,383042
174,0x0000dad2,56018
175,0x0001df0a,122634
176,0x0001e4f4,124148
177,0x0001df0a,122634
178,0x0001df0a,122634
179,0x0001df0a,122634
180,0x0001e4f4,124148
181,0x0001df0a,122634
182,0x0001df0a,122634
183,0x0001e4f4,124148
184,0x0001df0a,122634
185,0x0001df0a,122634
186,0x0001df0a,122634
187,0x0001e4f4,124148
188,0x0001df0a,122634
189,0x0001df0a,122634
190,0x000115f6,71158
191,0x0001e4f4,124148
192,0x0001df0a,122634
193,0x00019dfc,105980
194,0x00019dfc,105980
195,0x0001df0a,122634
196,0x0001df0a,122634
197,0x00014546,83270
198,0x0001df0a,122634
199,0x0001e4f4,124148
200,0x00014546,83270
201,0x0001df0a,122634
202,0x0001df0a,122634
203,0x0001df0a,122634
204,0x0001e4f4,124148
205,0x0001df0a,122634
206,0x0001df0a,122634
207,0x0001e4f4,124148
208,0x0001df0a,122634
209,0x0001df0a,122634
210,0x0001df0a,122634
211,0x0001e4f4,124148
212,0x0001df0a,122634
213,0x0001df0a,122634
214,0x0001df0a,122634
215,0x0001e4f4,124148
216,0x0001df0a,122634
217,0x0001df0a,122634
218,0x0001e4f4,124148
219,0x0001df0a,122634
220,0x0001df0a,122634
221,0x0001df0a,122634
222,0x0001e4f4,124148
223,0x0001df0a,122634
224,0x0001df0a,122634
225,0x0001df0a,122634
226,0x0001e4f4,124148
227,0x0001df0a,122634
228,0x00055c10,351248
229,0x0008ead4,584404
230,0x000feaca,1043146
231,0x0010d75a,1103706
232,0x0010d75a,1103706
233,0x0010d75a,1103706
234,0x00110c94,1117332
235,0x0010d75a,1103706
236,0x0010d75a,1103706
237,0x0010d75a,1103706
238,0x0010d75a,1103706
239,0x0010d75a,1103706
240,0x00110c94,1117332
241,0x0010d75a,1103706
242,0x0010d75a,1103706
243,0x0010d75a,1103706
244,0x0010d75a,1103706
245,0x0010d75a,1103706
246,0x00110c94,1117332
247,0x0010d75a,1103706
248,0x0010d75a,1103706
249,0x00092be2,601058
250,0x0001df0a,122634
251,0x0001df0a,122634
252,0x0001df0a,122634
253,0x0001e4f4,124148
254,0x0001df0a,122634
255,0x0001df0a,122634
256,0x0001e4f4,124148
257,0x0001df0a,122634
258,0x0001df0a,122634
259,0x0001df0a,122634
260,0x0001e4f4,124148
261,0x0001df0a,122634
262,0x0001df0a,122634
263,0x0001df0a,122634
264,0x0001df0a,122634
265,0x0001df0a,122634
266,0x0001df0a,122634
267,0x0001e4f4,124148
268,0x0001df0a,122634
269,0x0001df0a,122634
270,0x0001df0a,122634
271,0x0001e4f4,124148
272,0x0001df0a,122634
273,0x0001df0a,122634
274,0x0001e4f4,124148
275,0x0001df0a,122634
276,0x0001df0a,122634
277,0x00026126,155942
278,0x0009bfbc,638908
279,0x000d83ba,885690
280,0x0010d75a,1103706
281,0x0010d75a,1103706
282,0x0010d75a,1103706
283,0x00110c94,1117332
284,0x0010d75a,1103706
285,0x0010d75a,1103706
286,0x0010d75a,1103706
287,0x0010d75a,1103706
288,0x0010ef02,1109762
289,0x0010e918,1108248
290,0x0010d75a,1103706
291,0x0010d75a,1103706
292,0x0010d75a,1103706
293,0x0010d75a,1103706
294,0x00110c94,1117332
295,0x0010d75a,1103706
296,0x0010d75a,1103706
297,0x0010d75a,1103706
298,0x000a94a4,693412
299,0x00008806,34822
300,0x0001df0a,122634
301,0x0001e4f4,124148
302,0x0001df0a,122634
303,0x0001df0a,122634
304,0x0001e4f4,124148
305,0x0001df0a,122634
306,0x0001df0a,122634
307,0x0001df0a,122634
308,0x0001e4f4,124148
309,0x0001df0a,122634
310,0x0001df0a,122634
311,0x0001df0a,122634
312,0x0001df0a,122634
313,0x0001df0a,122634
314,0x0001df0a,122634
315,0x0001e4f4,124148
316,0x0001df0a,122634
317,0x0001df0a,122634
318,0x0001df0a,122634
319,0x0001e4f4,124148
320,0x0001df0a,122634
321,0x0001df0a,122634
322,0x0001e4f4,124148
323,0x0001df0a,122634
324,0x0001df0a,122634
325,0x0001df0a,122634
326,0x0001e4f4,124148
327,0x00047b54,293716
328,0x0009143a,595002
329,0x000f2d8a,994698
330,0x00110c94,1117332
331,0x0010d75a,1103706
332,0x0010d75a,1103706
333,0x0010d75a,1103706
334,0x0010d75a,1103706
335,0x0010ef02,1109762
336,0x0010e918,1108248
337,0x0010d75a,1103706
338,0x0010d75a,1103706
339,0x0010d75a,1103706
340,0x0010d75a,1103706
341,0x00110c94,1117332
342,0x0010d75a,1103706
343,0x0010d75a,1103706
344,0x0010d75a,1103706
345,0x0010d75a,1103706
346,0x0010d75a,1103706
347,0x00110c94,1117332
348,0x0007e69c,517788
349,0x0000d4e8,54504
350,0x0001df0a,122634
351,0x0001e4f4,124148
352,0x0001df0a,122634
353,0x0001df0a,122634
354,0x0001df0a,122634
355,0x0001e4f4,124148
356,0x0001df0a,122634
357,0x0001df0a,122634
358,0x0001df0a,122634
359,0x0001e4f4,124148
360,0x0001df0a,122634
361,0x0001df0a,122634
362,0x0001e4f4,124148
363,0x0001df0a,122634
364,0x0001df0a,122634
365,0x0001df0a,122634
366,0x0001e4f4,124148
367,0x0001df0a,122634
368,0x0001df0a,122634
369,0x0001df0a,122634
370,0x0001df0a,122634
371,0x0001df0a,122634
372,0x0001df0a,122634
373,0x0001e4f4,124148
374,0x0001df0a,122634
375,0x0001df0a,122634
376,0x0001df0a,122634
377,0x00059d1e,367902
378,0x000856fa,546554
379,0x0010a80a,1091594
380,0x0010d75a,1103706
381,0x00110c94,1117332
382,0x0010d75a,1103706
383,0x0010d75a,1103706
384,0x0010d75a,1103706
385,0x0010d75a,1103706
386,0x0010d75a,1103706
387,0x00110c94,1117332
388,0x0010d75a,1103706
389,0x0010d75a,1103706
390,0x0010d75a,1103706
391,0x0010d75a,1103706
392,0x0010d75a,1103706
393,0x001106aa,1115818
394,0x0010d75a,1103706
395,0x0010d75a,1103706
396,0x0010d75a,1103706
397,0x0010d75a,1103706
398,0x0004fd70,327024
399,0x00015704,87812
400,0x0001e4f4,124148
401,0x0001df0a,122634
402,0x0001df0a,122634
403,0x0001df0a,122634
404,0x0001e4f4,124148
405,0x0001df0a,122634
406,0x0001df0a,122634
407,0x0001df0a,122634
408,0x0001e4f4,124148
409,0x0001df0a,122634
410,0x0001df0a,122634
411,0x0001e4f4,124148
412,0x0001df0a,122634
413,0x0001df0a,122634
414,0x0001df0a,122634
415,0x0001e4f4,124148
416,0x0001df0a,122634
417,0x0001df0a,122634
418,0x0001df0a,122634
419,0x0001e4f4,124148
420,0x0001df0a,122634
421,0x0001df0a,122634
422,0x0001e4f4,124148
423,0x0001df0a,122634
424,0x0001df0a,122634
425,0x0001df0a,122634
426,0x0001e4f4,124148
427,0x00066c1c,420892
428,0x000abe0a,704010
429,0x0010ef02,1109762
430,0x0010e918,1108248
431,0x0010d75a,1103706
432,0x0010d75a,1103706
433,0x0010d75a,1103706
434,0x0010d75a,1103706
435,0x00110c94,1117332
436,0x0010d75a,1103706
437,0x0010d75a,1103706
438,0x0010d75a,1103706
439,0x0010d75a,1103706
440,0x0010d75a,1103706
441,0x00110c94,1117332
442,0x0010d75a,1103706
443,0x0010d75a,1103706
444,0x0010d75a,1103706
445,0x0010d75a,1103706
446,0x0010d75a,1103706
447,0x00110c94,1117332
448,0x0000a598,42392
449,0x000058b6,22710
450,0x0001df0a,122634
451,0x0001df0a,122634
452,0x0001e4f4,124148
453,0x0001df0a,122634
454,0x0001df0a,122634
455,0x0001df0a,122634
456,0x0001e4f4,124148
457,0x0001df0a,122634
458,0x0001df0a,122634
459,0x0001e4f4,124148
460,0x0001df0a,122634
461,0x0001df0a,122634
462,0x0001df0a,122634
463,0x0001e4f4,124148
464,0x0001df0a,122634
465,0x0001df0a,122634
466,0x0001df0a,122634
467,0x0001e4f4,124148
468,0x0001df0a,122634
469,0x0001df0a,122634
470,0x0001e4f4,124148
471,0x0001df0a,122634
472,0x0001df0a,122634
473,0x0001df0a,122634
474,0x0001e4f4,124148
475,0x0001df0a,122634
476,0x0001df0a,122634
477,0x00033bf8,211960
478,0x0009a814,632852
479,0x000de25a,909914
480,0x0010d75a,1103706
481,0x0010d75a,1103706
482,0x00110c94,1117332
483,0x0010d75a,1103706
484,0x0010d75a,1103706
485,0x0010d75a,1103706
486,0x0010d75a,1103706
487,0x0010d75a,1103706
488,0x00110c94,1117332
489,0x0010d75a,1103706
490,0x0010d75a,1103706
491,0x0010d75a,1103706
492,0x0010d75a,1103706
493,0x0010d75a,1103706
494,0x00110c94,1117332
495,0x0010d75a,1103706
496,0x0010d75a,1103706
497,0x0010d75a,1103706
498,0x0009906c,626796
499,0x00005ea0,24224
500,0x0001df0a,122634
501,0x0001e4f4,124148
502,0x0001df0a,122634
503,0x0001df0a,122634
504,0x0001e4f4,124148
505,0x0001df0a,122634
506,0x0001df0a,122634
507,0x0001df0a,122634
508,0x0001e4f4,124148
509,0x0001df0a,122634
510,0x0001df0a,122634
511,0x0001df0a,122634
512,0x0001df0a,122634
513,0x0001df0a,122634
514,0x0001df0a,122634
515,0x0001e4f4,124148
516,0x0001df0a,122634
517,0x0001df0a,122634
518,0x0001df0a,122634
519,0x0001e4f4,124148
520,0x0001df0a,122634
521,0x0001df0a,122634
522,0x0001e4f4,124148
523,0x0001df0a,122634
524,0x0001df0a,122634
525,0x0001df0a,122634
526,0x0001e4f4,124148
527,0x0004b08e,307342
528,0x0009143a,595002
529,0x000edabe,973502
530,0x0010f4ec,1111276
531,0x0010d75a,1103706
532,0x0010d75a,1103706
533,0x0010d75a,1103706
534,0x0010d75a,1103706
535,0x00110c94,1117332
536,0x0010d75a,1103706
537,0x0010d75a,1103706
538,0x0010d75a,1103706
539,0x0010d75a,1103706
540,0x0010d75a,1103706
541,0x00110c94,1117332
542,0x0010d75a,1103706
543,0x0010d75a,1103706
544,0x0010d75a,1103706
545,0x0010d75a,1103706
546,0x0010d75a,1103706
547,0x00110c94,1117332
548,0x0008ead4,584404
549,0x00002f50,12112
550,0x0001df0a,122634
551,0x0001df0a,122634
552,0x0001e4f4,124148
553,0x0001df0a,122634
554,0x0001df0a,122634
555,0x0001df0a,122634
556,0x0001e4f4,124148
557,0x0001df0a,122634
558,0x0001df0a,122634
559,0x0001df0a,122634
560,0x0001e4f4,124148
561,0x0001df0a,122634
562,0x0001df0a,122634
563,0x0001e4f4,124148
564,0x0001df0a,122634
565,0x0001df0a,122634
566,0x0001df0a,122634
567,0x0001e4f4,124148
568,0x0001df0a,122634
569,0x0001df0a,122634
570,0x0001df0a,122634
571,0x0001e4f4,124148
572,0x0001df0a,122634
573,0x0001df0a,122634
574,0x0001e4f4,124148
575,0x0001df0a,122634
576,0x0001df0a,122634
577,0x0002dd58,187736
578,0x000a6554,681300
579,0x000d83ba,885690
580,0x0010d75a,1103706
581,0x0010d75a,1103706
582,0x0010f4ec,1111276
583,0x0010e32e,1106734
584,0x0010d75a,1103706
585,0x0010d75a,1103706
586,0x0010d75a,1103706
587,0x0010d75a,1103706
588,0x00110c94,1117332
589,0x0010d75a,1103706
590,0x0010d75a,1103706
591,0x0010d75a,1103706
592,0x0010d75a,1103706
593,0x0010d75a,1103706
594,0x00110c94,1117332
595,0x0010d75a,1103706
596,0x0010d75a,1103706
597,0x0010d75a,1103706
598,0x000b0aec,723692
599,0x000099c4,39364
600,0x0001e4f4,124148
601,0x0001df0a,122634
602,0x0001df0a,122634
603,0x0001df0a,122634
604,0x0001e4f4,124148
605,0x0001df0a,122634
606,0x0001df0a,122634
607,0x0001df0a,122634
608,0x0001e4f4,124148
609,0x0001df0a,122634
610,0x0001df0a,122634
611,0x0001e4f4,124148
612,0x0001df0a,122634
613,0x0001df0a,122634
614,0x0001df0a,122634
615,0x0001e4f4,124148
616,0x0001df0a,122634
617,0x0001df0a,122634
618,0x0001df0a,122634
619,0x0001e4f4,124148
620,0x0001df0a,122634
621,0x0001df0a,122634
622,0x0001e4f4,124148
623,0x0001df0a,122634
624,0x0001df0a,122634
625,0x0001df0a,122634
626,0x0001e4f4,124148
627,0x00051518,333080
628,0x0009143a,595002
629,0x000fd90c,1038604
630,0x0010e32e,1106734
631,0x0010d75a,1103706
632,0x0010d75a,1103706
633,0x0010d75a,1103706
634,0x0010d75a,1103706
635,0x00110c94,1117332
636,0x0010d75a,1103706
637,0x0010d75a,1103706
638,0x0010d75a,1103706
639,0x0010d75a,1103706
640,0x0010d75a,1103706
641,0x00110c94,1117332
642,0x0010d75a,1103706
643,0x0010d75a,1103706
644,0x0010d75a,1103706
645,0x0010d75a,1103706
646,0x0010d75a,1103706
647,0x00110c94,1117332
648,0x000711b4,463284
649,0x0000ab82,43906
650,0x0001df0a,122634
651,0x0001e4f4,124148
652,0x0001df0a,122634
653,0x0001df0a,122634
654,0x0001df0a,122634
655,0x0001e4f4,124148
656,0x0001df0a,122634
657,0x0001df0a,122634
658,0x0001e4f4,124148
659,0x0001df0a,122634
660,0x0001df0a,122634
661,0x0001df0a,122634
662,0x0001e4f4,124148
663,0x0001df0a,122634
664,0x0001df0a,122634
665,0x0001df0a,122634
666,0x0001e4f4,124148
667,0x0001df0a,122634
668,0x0001df0a,122634
669,0x0001e4f4,124148
670,0x0001df0a,122634
671,0x0001df0a,122634
672,0x0001df0a,122634
673,0x0001e4f4,124148
674,0x0001df0a,122634
675,0x0001df0a,122634
676,0x0001e4f4,124148
677,0x0004ebb2,322482
678,0x0007c90a,510218
679,0x000f2d8a,994698
680,0x00110c94,1117332
681,0x0010d75a,1103706
682,0x0010d75a,1103706
683,0x0010d75a,1103706
684,0x0010d75a,1103706
685,0x0010d75a,1103706
686,0x00110c94,1117332
687,0x0010d75a,1103706
688,0x0010d75a,1103706
689,0x0010d75a,1103706
690,0x0010d75a,1103706
691,0x0010d75a,1103706
692,0x00110c94,1117332
693,0x0010d75a,1103706
694,0x0010d75a,1103706
695,0x0010d75a,1103706
696,0x0010d75a,1103706
697,0x0010d75a,1103706
698,0x000677f0,423920
699,0x000127b4,75700
700,0x0001e4f4,124148
701,0x0001df0a,122634
702,0x0001df0a,122634
703,0x0001df0a,122634
704,0x0001e4f4,124148
705,0x0001df0a,122634
706,0x0001df0a,122634
707,0x0001e4f4,124148
708,0x0001df0a,122634
709,0x0001df0a,122634
710,0x0001df0a,122634
711,0x0001e4f4,124148
712,0x0001df0a,122634
713,0x0001df0a,122634
714,0x0001df0a,122634
715,0x0001e4f4,124148
716,0x0001df0a,122634
717,0x0001df0a,122634
718,0x0001e4f4,124148
719,0x0001df0a,122634
720,0x0001df0a,122634
721,0x0001df0a,122634
722,0x0001e4f4,124148
723,0x0001df0a,122634
724,0x0001df0a,122634
725,0x0001e4f4,124148
726,0x0001df0a,122634
727,0x0005fbbe,392126
728,0x000a8eba,691898
729,0x00110c94,1117332
730,0x0010d75a,1103706
731,0x0010d75a,1103706
732,0x0010d75a,1103706
733,0x0010d75a,1103706
734,0x0010d75a,1103706
735,0x00110c94,1117332
736,0x0010d75a,1103706
737,0x0010d75a,1103706
738,0x0010d75a,1103706
739,0x0010d75a,1103706
740,0x0010dd44,1105220
741,0x0010fad6,1112790
742,0x0010d75a,1103706
743,0x0010d75a,1103706
744,0x0010d75a,1103706
745,0x0010d75a,1103706
746,0x001106aa,1115818
747,0x0010d75a,1103706
748,0x0002ef16,192278
749,0x0001e4f4,124148
750,0x0001df0a,122634
751,0x0001df0a,122634
752,0x0001df0a,122634
753,0x0001e4f4,124148
754,0x0001df0a,122634
755,0x0001df0a,122634
756,0x0001df0a,122634
757,0x0001e4f4,124148
758,0x0001df0a,122634
759,0x0001df0a,122634
760,0x0001e4f4,124148
761,0x0001df0a,122634
762,0x0001df0a,122634
763,0x0001df0a,122634
764,0x0001e4f4,124148
765,0x0001df0a,122634
766,0x0001df0a,122634
767,0x0001e4f4,124148
768,0x0001df0a,122634
769,0x0001df0a,122634
770,0x0001df0a,122634
771,0x0001e4f4,124148
772,0x0001df0a,122634
773,0x0001df0a,122634
774,0x0001df0a,122634
775,0x0001e4f4,124148
776,0x0005bab0,375472
777,0x0007f85a,522330
778,0x00107ea4,1080996
779,0x0010d75a,1103706
780,0x0010d75a,1103706
781,0x0010d75a,1103706
782,0x0010d75a,1103706
783,0x0010d75a,1103706
784,0x00110c94,1117332
785,0x0010d75a,1103706
786,0x0010d75a,1103706
787,0x0010d75a,1103706
788,0x0010d75a,1103706
789,0x0010d75a,1103706
790,0x00110c94,1117332
791,0x0010d75a,1103706
792,0x0010d75a,1103706
793,0x0010d75a,1103706
794,0x0010d75a,1103706
795,0x0010d75a,1103706
796,0x00110c94,1117332
797,0x000457d8,284632
798,0x00001d92,7570
799,0x00007648,30280
800,0x0001df0a,122634
801,0x0001df0a,122634
802,0x0001e4f4,124148
803,0x0001df0a,122634
804,0x0001df0a,122634
805,0x0001df0a,122634
806,0x0001e4f4,124148
807,0x00017a80,96896
808,0x0001df0a,122634
809,0x0001df0a,122634
810,0x0001df0a,122634
811,0x0001e4f4,124148
812,0x0001df0a,122634
813,0x0001df0a,122634
814,0x0001e4f4,124148
815,0x0001df0a,122634
816,0x0001df0a,122634
817,0x0001df0a,122634
818,0x0001e4f4,124148
819,0x0001df0a,122634
820,0x0001df0a,122634
821,0x0001df0a,122634
822,0x0001e4f4,124148
823,0x0001df0a,122634
824,0x0001df0a,122634
825,0x0001e4f4,124148
826,0x0001df0a,122634
827,0x0001df0a,122634
828,0x0001df0a,122634
829,0x0001e4f4,124148
830,0x0001df0a,122634
831,0x0001df0a,122634
832,0x0001df0a,122634
833,0x0001e4f4,124148
834,0x0001df0a,122634
835,0x0006b8fe,440574
836,0x000a8eba,691898
837,0x0010d75a,1103706
838,0x0010d75a,1103706
839,0x0010d75a,1103706
840,0x0010d75a,1103706
841,0x001100c0,1114304
842,0x0010d75a,1103706
843,0x0010d75a,1103706
844,0x0010d75a,1103706
845,0x0010d75a,1103706
846,0x0010d75a,1103706
847,0x00110c94,1117332
848,0x0010d75a,1103706
849,0x0010d75a,1103706
850,0x0010d75a,1103706
851,0x0010d75a,1103706
852,0x0010d75a,1103706
853,0x00110c94,1117332
854,0x0010d75a,1103706
855,0x0010d75a,1103706
856,0x00042e72,274034
857,0x000115f6,71158
858,0x0001e4f4,124148
859,0x0001df0a,122634
860,0x0001df0a,122634
861,0x0001df0a,122634
862,0x0001e4f4,124148
863,0x0001df0a,122634
864,0x0001df0a,122634
865,0x0001df0a,122634
866,0x0001e4f4,124148
867,0x0001df0a,122634
868,0x0001df0a,122634
869,0x0001e4f4,124148
870,0x0001df0a,122634
871,0x0001df0a,122634
872,0x0001df0a,122634
873,0x0001e4f4,124148
874,0x0001df0a,122634
875,0x0001df0a,122634
876,0x0001e4f4,124148
877,0x0001df0a,122634
878,0x0001df0a,122634
879,0x0001df0a,122634
880,0x0001e4f4,124148
881,0x0001df0a,122634
882,0x0001df0a,122634
883,0x0001df0a,122634
884,0x0001e4f4,124148
885,0x0006ad2a,437546
886,0x0009a22a,631338
887,0x00110c94,1117332
888,0x0010d75a,1103706
889,0x0010d75a,1103706
890,0x0010d75a,1103706
891,0x0010d75a,1103706
892,0x0010d75a,1103706
893,0x00110c94,1117332
894,0x0010d75a,1103706
895,0x0010d75a,1103706
896,0x0010d75a,1103706
897,0x0010d75a,1103706
898,0x0010d75a,1103706
899,0x00110c94,1117332
900,0x0010d75a,1103706
901,0x0010d75a,1103706
902,0x0010d75a,1103706
903,0x0010d75a,1103706
904,0x0010d75a,1103706
905,0x00110c94,1117332
906,0x0002e342,189250
907,0x000127b4,75700
908,0x0001df0a,122634
909,0x0001df0a,122634
910,0x0001e4f4,124148
911,0x0001df0a,122634
912,0x0001df0a,122634
913,0x0001e4f4,124148
914,0x0001df0a,122634
915,0x0001b5a4,112036
916,0x0001e4f4,124148
917,0x0001df0a,122634
918,0x0001df0a,122634
919,0x0001df0a,122634
920,0x0001e4f4,124148
921,0x0001df0a,122634
922,0x0001df0a,122634
923,0x0001e4f4,124148
924,0x0001df0a,122634
925,0x0001df0a,122634
926,0x0001df0a,122634
927,0x0001e4f4,124148
928,0x0001df0a,122634
929,0x0001df0a,122634
930,0x0001df0a,122634
931,0x0001e4f4,124148
932,0x0001df0a,122634
933,0x0001df0a,122634
934,0x0001e4f4,124148
935,0x0001df0a,122634
936,0x0001df0a,122634
937,0x0001df0a,122634
938,0x0001e4f4,124148
939,0x0001df0a,122634
940,0x0001df0a,122634
941,0x0001df0a,122634
942,0x0001df0a,122634
943,0x0006a740,436032
944,0x0007f85a,522330
945,0x00110c94,1117332
946,0x0010d75a,1103706
947,0x0010d75a,1103706
948,0x0010d75a,1103706
949,0x0010d75a,1103706
950,0x0010d75a,1103706
951,0x001106aa,1115818
952,0x0010d75a,1103706
953,0x0010d75a,1103706
954,0x0010d75a,1103706
955,0x0010d75a,1103706
956,0x0010fad6,1112790
957,0x0010dd44,1105220
958,0x0010d75a,1103706
959,0x0010d75a,1103706
960,0x0010d75a,1103706
961,0x0010d75a,1103706
962,0x00110c94,1117332
963,0x0010d75a,1103706
964,0x0005d842,383042
965,0x0000d4e8,54504
966,0x0001e4f4,124148
967,0x0001df0a,122634
968,0x0001df0a,122634
969,0x0001e4f4,124148
970,0x0001df0a,122634
971,0x0001df0a,122634
972,0x0001df0a,122634
973,0x0001e4f4,124148
974,0x0001df0a,122634
975,0x0001df0a,122634
976,0x0001df0a,122634
977,0x0001e4f4,124148
978,0x0001df0a,122634
979,0x0001df0a,122634
980,0x0001e4f4,124148
981,0x0001df0a,122634
982,0x0001df0a,122634
983,0x0001df0a,122634
984,0x0001e4f4,124148
985,0x0001df0a,122634
986,0x0001df0a,122634
987,0x0001df0a,122634
988,0x0001e4f4,124148
989,0x0001df0a,122634
990,0x0001df0a,122634
991,0x0001e4f4,124148
992,0x0001df0a,122634
993,0x00064e8a,413322
994,0x0009906c,626796
995,0x0010e32e,1106734
996,0x0010d75a,1103706
997,0x0010d75a,1103706
998,0x0010d75a,1103706
999,0x0010d75a,1103706
1000,0x00110c94,1117332
1001,0x0010d75a,1103706
1002,0x0010d75a,1103706
1003,0x0010d75a,1103706
1004,0x0010d75a,1103706
1005,0x0010d75a,1103706
1006,0x00110c94,1117332
1007,0x0010d75a,1103706
1008,0x0010d75a,1103706
1009,0x0010d75a,1103706
1010,0x0010d75a,1103706
1011,0x0010d75a,1103706
1012,0x00110c94,1117332
1013,0x0010d75a,1103706
1014,0x0004dfde,319454
1015,0x000121ca,74186
1016,0x0001df0a,122634
1017,0x0001e4f4,124148
1018,0x0001df0a,122634
1019,0x0001df0a,122634
1020,0x0001df0a,122634
1021,0x0001e4f4,124148
1022,0x0001df0a,122634
1023,0x0001df0a,122634
1024,0x0001e4f4,124148
1025,0x0001df0a,122634
1026,0x0001df0a,122634
1027,0x0001df0a,122634
1028,0x0001e4f4,124148
1029,0x0001df0a,122634
1030,0x0001df0a,122634
1031,0x0001df0a,122634
1032,0x0001e4f4,124148
1033,0x0001df0a,122634
1034,0x0001df0a,122634
1035,0x0001e4f4,124148
1036,0x0001df0a,122634
1037,0x0001df0a,122634
1038,0x0001df0a,122634
1039,0x0001e4f4,124148
1040,0x0001df0a,122634
1041,0x0001df0a,122634
1042,0x0001df0a,122634
1043,0x00061366,398182
1044,0x000a301a,667674
1045,0x0010d75a,1103706
1046,0x0010ef02,1109762
1047,0x0010e918,1108248
1048,0x0010d75a,1103706
1049,0x0010d75a,1103706
1050,0x0010d75a,1103706
1051,0x0010d75a,1103706
1052,0x00110c94,1117332
1053,0x0010d75a,1103706
1054,0x0010d75a,1103706
1055,0x0010d75a,1103706
1056,0x0010d75a,1103706
1057,0x0010d75a,1103706
1058,0x00110c94,1117332
1059,0x0010d75a,1103706
1060,0x0010d75a,1103706
1061,0x0010d75a,1103706
1062,0x0010d75a,1103706
1063,0x0010d75a,1103706
1064,0x00021444,136260
1065,0x0001df0a,122634
1066,0x0001e4f4,124148
1067,0x0001df0a,122634
1068,0x0001df0a,122634
1069,0x0001df0a,122634
1070,0x0001e4f4,124148
1071,0x0001df0a,122634
1072,0x0001df0a,122634
1073,0x0001df0a,122634
1074,0x0001df0a,122634
1075,0x0001df0a,122634
1076,0x0001df0a,122634
1077,0x0001e4f4,124148
1078,0x0001df0a,122634
1079,0x0001df0a,122634
1080,0x0001df0a,122634
1081,0x0001e4f4,124148
1082,0x0001df0a,122634
1083,0x0001df0a,122634
1084,0x0001e4f4,124148
1085,0x0001df0a,122634
1086,0x0001df0a,122634
1087,0x0001df0a,122634
1088,0x0001e4f4,124148
1089,0x0001df0a,122634
1090,0x0001df0a,122634
1091,0x0001df0a,122634
1092,0x0004ebb2,322482
1093,0x000827aa,534442
1094,0x000f2d8a,994698
1095,0x0010d75a,1103706
1096,0x00110c94,1117332
1097,0x0010d75a,1103706
1098,0x0010d75a,1103706
1099,0x0010d75a,1103706
1100,0x0010d75a,1103706
1101,0x0010ef02,1109762
1102,0x0010e918,1108248
1103,0x0010d75a,1103706
1104,0x0010d75a,1103706
1105,0x0010d75a,1103706
1106,0x0010d75a,1103706
1107,0x00110c94,1117332
1108,0x0010d75a,1103706
1109,0x0010d75a,1103706
1110,0x0010d75a,1103706
1111,0x0010d75a,1103706
1112,0x0010d75a,1103706
1113,0x00074cd8,478424
1114,0x0001df0a,122634
1115,0x0001df0a,122634
1116,0x0001df0a,122634
1117,0x0001e4f4,124148
1118,0x0001df0a,122634
1119,0x0001df0a,122634
1120,0x0001e4f4,124148
1121,0x0001df0a,122634
1122,0x0001df0a,122634
1123,0x0001df0a,122634
1124,0x0001e4f4,124148
1125,0x0001df0a,122634
1126,0x0001df0a,122634
1127,0x0001df0a,122634
1128,0x0001e4f4,124148
1129,0x0001df0a,122634
1130,0x0001df0a,122634
1131,0x0001e4f4,124148
1132,0x0001df0a,122634
1133,0x0001df0a,122634
1134,0x0001df0a,122634
1135,0x0001e4f4,124148
1136,0x0001df0a,122634
1137,0x0001df0a,122634
1138,0x0001e4f4,124148
1139,0x0001df0a,122634
1140,0x0001df0a,122634
1141,0x0002e92c,190764
1142,0x000a94a4,693412
1143,0x0002bfc6,180166
1144,0x0001e4f4,124148
1145,0x0001df0a,122634
1146,0x0001df0a,122634
1147,0x0001df0a,122634
1148,0x0001e4f4,124148
1149,0x0001df0a,122634
1150,0x0001df0a,122634
1151,0x0001df0a,122634
1152,0x0001e4f4,124148
1153,0x0001df0a,122634
1154,0x0001df0a,122634
1155,0x0001e4f4,124148
1156,0x0001df0a,122634
1157,0x00069b6c,433004
1158,0x0009b9d2,637394
1159,0x0010e918,1108248
1160,0x0010d75a,1103706
1161,0x0010d75a,1103706
1162,0x0010d75a,1103706
1163,0x0010d75a,1103706
1164,0x00110c94,1117332
1165,0x0010d75a,1103706
1166,0x0010d75a,1103706
1167,0x0010d75a,1103706
1168,0x0010d75a,1103706
1169,0x0010d75a,1103706
1170,0x00110c94,1117332
1171,0x0010d75a,1103706
1172,0x0010d75a,1103706
1173,0x0010d75a,1103706
1174,0x0010d75a,1103706
1175,0x0010d75a,1103706
1176,0x00110c94,1117332
1177,0x0010d75a,1103706
1178,0x000815ec,529900
1179,0x000017a8,6056
1180,0x0001cd4c,118092
1181,0x0001e4f4,124148
1182,0x0001df0a,122634
1183,0x0001df0a,122634
1184,0x0001df0a,122634
1185,0x0001e4f4,124148
1186,0x0001df0a,122634
1187,0x0001df0a,122634
1188,0x0001e4f4,124148
1189,0x0001df0a,122634
1190,0x0001df0a,122634
1191,0x0001df0a,122634
1192,0x0001e4f4,124148
1193,0x0001df0a,122634
1194,0x0001df0a,122634
1195,0x0001df0a,122634
1196,0x0001e4f4,124148
1197,0x0001df0a,122634
1198,0x0001df0a,122634
1199,0x0001e4f4,124148
1200,0x0001df0a,122634
1201,0x0001df0a,122634
1202,0x0001df0a,122634
1203,0x0001e4f4,124148
1204,0x0001df0a,122634
1205,0x0001df0a,122634
1206,0x0001e4f4,124148
1207,0x00020286,131718
1208,0x0008ead4,584404
1209,0x000c972a,825130
1210,0x00110c94,1117332
1211,0x0010d75a,1103706
1212,0x0010d75a,1103706
1213,0x0010d75a,1103706
1214,0x0010d75a,1103706
1215,0x0010d75a,1103706
1216,0x00110c94,1117332
1217,0x0010d75a,1103706
1218,0x0010d75a,1103706
1219,0x0010d75a,1103706
1220,0x0010d75a,1103706
1221,0x0010d75a,1103706
1222,0x00110c94,1117332
1223,0x0010d75a,1103706
1224,0x0010d75a,1103706
1225,0x0010d75a,1103706
1226,0x0010d75a,1103706
1227,0x0010d75a,1103706
1228,0x000c388a,800906
1229,0x0001a3e6,107494
1230,0x0001df0a,122634
1231,0x0001df0a,122634
1232,0x0001e4f4,124148
1233,0x0001df0a,122634
1234,0x0001df0a,122634
1235,0x0001df0a,122634
1236,0x0001e4f4,124148
1237,0x0001df0a,122634
1238,0x0001df0a,122634
1239,0x0001df0a,122634
1240,0x0001e4f4,124148
1241,0x0001df0a,122634
1242,0x0001df0a,122634
1243,0x0001e4f4,124148
1244,0x0001df0a,122634
1245,0x0001df0a,122634
1246,0x0001df0a,122634
1247,0x0001e4f4,124148
1248,0x0001df0a,122634
1249,0x0001df0a,122634
1250,0x0001e4f4,124148
1251,0x0001df0a,122634
1252,0x0001df0a,122634
1253,0x0001df0a,122634
1254,0x0001e4f4,124148
1255,0x0001df0a,122634
1256,0x0001f0c8,127176
1257,0x00081002,528386
1258,0x000d2b04,862980
1259,0x0010d75a,1103706
1260,0x0010d75a,1103706
1261,0x0010d75a,1103706
1262,0x0010d75a,1103706
1263,0x00110c94,1117332
1264,0x0010d75a,1103706
1265,0x0010d75a,1103706
1266,0x0010d75a,1103706
1267,0x0010d75a,1103706
1268,0x0010e918,1108248
1269,0x0010ef02,1109762
1270,0x0010d75a,1103706
1271,0x0010d75a,1103706
1272,0x0010d75a,1103706
1273,0x0010d75a,1103706
1274,0x00110c94,1117332
1275,0x0010d75a,1103706
1276,0x0010d75a,1103706
1277,0x000f27a0,993184
1278,0x00000bd4,3028
1279,0x0001e4f4,124148
1280,0x0001df0a,122634
1281,0x0001df0a,122634
1282,0x0001df0a,122634
1283,0x0001e4f4,124148
1284,0x0001df0a,122634
1285,0x0001df0a,122634
1286,0x0001e4f4,124148
1287,0x0001df0a,122634
1288,0x0001df0a,122634
1289,0x0001df0a,122634
1290,0x0001e4f4,124148
1291,0x0001df0a,122634
1292,0x0001df0a,122634
1293,0x0001df0a,122634
1294,0x0001e4f4,124148
1295,0x0001df0a,122634
1296,0x0001df0a,122634
1297,0x0001e4f4,124148
1298,0x0001df0a,122634
1299,0x0001df0a,122634
1300,0x0001df0a,122634
1301,0x0001e4f4,124148
1302,0x0001df0a,122634
1303,0x0001df0a,122634
1304,0x0001df0a,122634
1305,0x0001e4f4,124148
1306,0x000278ce,161998
1307,0x000aac4c,699468
1308,0x000c9d14,826644
1309,0x0010d75a,1103706
1310,0x0010d75a,1103706
1311,0x0010d75a,1103706
1312,0x0010d75a,1103706
1313,0x0010d75a,1103706
1314,0x00110c94,1117332
1315,0x0010d75a,1103706
1316,0x0010d75a,1103706
1317,0x0010d75a,1103706
1318,0x0010d75a,1103706
1319,0x0010ef02,1109762
1320,0x0010e918,1108248
1321,0x0010d75a,1103706
1322,0x0010d75a,1103706
1323,0x0010d75a,1103706
1324,0x0010d75a,1103706
1325,0x00110c94,1117332
1326,0x0010d75a,1103706
1327,0x001066fc,1074940
1328,0x000017a8,6056
1329,0x0000e6a6,59046
1330,0x0001e4f4,124148
1331,0x0001df0a,122634
1332,0x0001df0a,122634
1333,0x0001df0a,122634
1334,0x0001e4f4,124148
1335,0x0001df0a,122634
1336,0x0001df0a,122634
1337,0x0001e4f4,124148
1338,0x0001df0a,122634
1339,0x0001df0a,122634
1340,0x0001df0a,122634
1341,0x0001e4f4,124148
1342,0x0001df0a,122634
1343,0x0001df0a,122634
1344,0x0001df0a,122634
1345,0x0001e4f4,124148
1346,0x0001df0a,122634
1347,0x0001df0a,122634
1348,0x0001e4f4,124148
1349,0x0001df0a,122634
1350,0x0001df0a,122634
1351,0x0001df0a,122634
1352,0x0001e4f4,124148
1353,0x0001df0a,122634
1354,0x0001df0a,122634
1355,0x0001e4f4,124148
1356,0x0001df0a,122634
1357,0x0001e4f4,124148
1358,0x0001df0a,122634
1359,0x0001e4f4,124148
1360,0x0001df0a,122634
1361,0x0001df0a,122634
1362,0x0001e4f4,124148
1363,0x0001df0a,122634
1364,0x0001df0a,122634
1365,0x0001df0a,122634
1366,0x0007d4de,513246
1367,0x000b4bfa,740346
1368,0x0010d75a,1103706
1369,0x0010d75a,1103706
1370,0x0010f4ec,1111276
1371,0x0010e32e,1106734
1372,0x0010d75a,1103706
1373,0x0010d75a,1103706
1374,0x0010d75a,1103706
1375,0x0010d75a,1103706
1376,0x00110c94,1117332
1377,0x0010d75a,1103706
1378,0x0010d75a,1103706
1379,0x0010d75a,1103706
1380,0x0010d75a,1103706
1381,0x0010d75a,1103706
1382,0x00110c94,1117332
1383,0x0010d75a,1103706
1384,0x0010d75a,1103706
1385,0x0010d75a,1103706
1386,0x0010d75a,1103706
1387,0x0003360e,210446
1388,0x0000fe4e,65102
1389,0x0001df0a,122634
1390,0x0001e4f4,124148
1391,0x0001df0a,122634
1392,0x0001df0a,122634
1393,0x0001e4f4,124148
1394,0x0001df0a,122634
1395,0x0001df0a,122634
1396,0x0001df0a,122634
1397,0x0001e4f4,124148
1398,0x0001df0a,122634
1399,0x0001df0a,122634
1400,0x0001df0a,122634
1401,0x0001e4f4,124148
1402,0x0001df0a,122634
1403,0x0001df0a,122634
1404,0x0001e4f4,124148
1405,0x0001df0a,122634
1406,0x0001df0a,122634
1407,0x0001df0a,122634
1408,0x0001e4f4,124148
1409,0x0001df0a,122634
1410,0x0001df0a,122634
1411,0x0001e4f4,124148
1412,0x0001df0a,122634
1413,0x0001df0a,122634
1414,0x0001df0a,122634
1415,0x0001e4f4,124148
1416,0x0006cabc,445116
1417,0x0009438a,607114
1418,0x0010d75a,1103706
1419,0x00110c94,1117332
1420,0x0010d75a,1103706
1421,0x0010d75a,1103706
1422,0x0010d75a,1103706
1423,0x0010d75a,1103706
1424,0x0010d75a,1103706
1425,0x001106aa,1115818
1426,0x0010d75a,1103706
1427,0x0010d75a,1103706
1428,0x0010d75a,1103706
1429,0x0010d75a,1103706
1430,0x0010f4ec,1111276
1431,0x0010e32e,1106734
1432,0x0010d75a,1103706
1433,0x0010d75a,1103706
1434,0x0010d75a,1103706
1435,0x0010d75a,1103706
1436,0x00110c94,1117332
1437,0x00025552,152914
1438,0x00017496,95382
1439,0x0001df0a,122634
1440,0x0001df0a,122634
1441,0x0001e4f4,124148
1442,0x0001df0a,122634
1443,0x0001df0a,122634
1444,0x0001df0a,122634
1445,0x0001e4f4,124148
1446,0x0001df0a,122634
1447,0x0001df0a,122634
1448,0x0001e4f4,124148
1449,0x0001df0a,122634
1450,0x0001df0a,122634
1451,0x0001df0a,122634
1452,0x0001e4f4,124148
1453,0x0001df0a,122634
1454,0x0001df0a,122634
1455,0x0001df0a,122634
1456,0x0001e4f4,124148
1457,0x0001df0a,122634
1458,0x0001df0a,122634
1459,0x0001e4f4,124148
1460,0x0001df0a,122634
1461,0x0001df0a,122634
1462,0x0001df0a,122634
1463,0x0001e4f4,124148
1464,0x0001df0a,122634
1465,0x0001df0a,122634
1466,0x0007ab78,502648
1467,0x000ccc64,838756
1468,0x0010d75a,1103706
1469,0x0010d75a,1103706
1470,0x0010d75a,1103706
1471,0x00110c94,1117332
1472,0x0010d75a,1103706
1473,0x0010d75a,1103706
1474,0x0010d75a,1103706
1475,0x0010d75a,1103706
1476,0x0010d75a,1103706
1477,0x00110c94,1117332
1478,0x0010d75a,1103706
1479,0x0010d75a,1103706
1480,0x0010d75a,1103706
1481,0x0010d75a,1103706
1482,0x0010d75a,1103706
1483,0x00110c94,1117332
1484,0x0010d75a,1103706
1485,0x0010d75a,1103706
1486,0x000ffc88,1047688
1487,0x0000237c,9084
1488,0x0000705e,28766
1489,0x0001df0a,122634
1490,0x0001df0a,122634
1491,0x0001e4f4,124148
1492,0x0001df0a,122634
1493,0x0001df0a,122634
1494,0x0001e4f4,124148
1495,0x0001df0a,122634
1496,0x0001df0a,122634
1497,0x0001df0a,122634
1498,0x0001e4f4,124148
1499,0x0001df0a,122634
1500,0x0001df0a,122634
1501,0x0001df0a,122634
1502,0x0001e4f4,124148
1503,0x0001df0a,122634
1504,0x0001df0a,122634
1505,0x0001e4f4,124148
1506,0x0001df0a,122634
1507,0x0001df0a,122634
1508,0x0001df0a,122634
1509,0x0001e4f4,124148
1510,0x0001df0a,122634
1511,0x0001df0a,122634
1512,0x0001df0a,122634
1513,0x0001df0a,122634
1514,0x0001df0a,122634
1515,0x0001df0a,122634
1516,0x00044030,278576
1517,0x000a00ca,655562
1518,0x000e704a,946250
1519,0x0010d75a,1103706
1520,0x00110c94,1117332
1521,0x0010d75a,1103706
1522,0x0010d75a,1103706
1523,0x0010d75a,1103706
1524,0x0010d75a,1103706
1525,0x0010d75a,1103706
1526,0x00110c94,1117332
1527,0x0010d75a,1103706
1528,0x0010d75a,1103706
1529,0x0010d75a,1103706
1530,0x0010d75a,1103706
1531,0x0010d75a,1103706
1532,0x00110c94,1117332
1533,0x0010d75a,1103706
1534,0x0010d75a,1103706
1535,0x0010d75a,1103706
1536,0x0010d75a,1103706
1537,0x0007ec86,519302
1538,0x000005ea,1514
1539,0x00014b30,84784
1540,0x0001df0a,122634
1541,0x0001df0a,122634
1542,0x0001e4f4,124148
1543,0x0001df0a,122634
1544,0x0001df0a,122634
1545,0x0001e4f4,124148
1546,0x0001df0a,122634
1547,0x0001df0a,122634
1548,0x0001df0a,122634
1549,0x0001e4f4,124148
1550,0x0001df0a,122634
1551,0x0001df0a,122634
1552,0x0001df0a,122634
1553,0x0001df0a,122634
1554,0x0001df0a,122634
1555,0x0001df0a,122634
1556,0x0001e4f4,124148
1557,0x0001df0a,122634
1558,0x0001df0a,122634
1559,0x0001df0a,122634
1560,0x0001e4f4,124148
1561,0x0001df0a,122634
1562,0x0001df0a,122634
1563,0x0001e4f4,124148
1564,0x0001df0a,122634
1565,0x0001df0a,122634
1566,0x0001df0a,122634
1567,0x00065474,414836
1568,0x000b4bfa,740346
1569,0x0010d75a,1103706
1570,0x0010d75a,1103706
1571,0x001100c0,1114304
1572,0x0010d75a,1103706
1573,0x0010d75a,1103706
1574,0x0010d75a,1103706
1575,0x0010d75a,1103706
1576,0x0010d75a,1103706
1577,0x00110c94,1117332
1578,0x0010d75a,1103706
1579,0x0010d75a,1103706
1580,0x0010d75a,1103706
1581,0x0010d75a,1103706
1582,0x0010d75a,1103706
1583,0x00110c94,1117332
1584,0x0010d75a,1103706
1585,0x0010d75a,1103706
1586,0x0010d75a,1103706
1587,0x0010d75a,1103706
1588,0x0000d4e8,54504
1589,0x0000648a,25738
1590,0x0001df0a,122634
1591,0x0001e4f4,124148
1592,0x0001df0a,122634
1593,0x0001df0a,122634
1594,0x0001e4f4,124148
1595,0x0001df0a,122634
1596,0x0001df0a,122634
1597,0x0001df0a,122634
1598,0x0001e4f4,124148
1599,0x0001df0a,122634
1600,0x0001df0a,122634
1601,0x0001df0a,122634
1602,0x0001e4f4,124148
1603,0x0001df0a,122634
1604,0x0001df0a,122634
1605,0x0001e4f4,124148
1606,0x0001df0a,122634
1607,0x0001df0a,122634
1608,0x0001df0a,122634
1609,0x0001e4f4,124148
1610,0x0001df0a,122634
1611,0x0001df0a,122634
1612,0x0001df0a,122634
1613,0x0001df0a,122634
1614,0x0001df0a,122634
1615,0x0001df0a,122634
1616,0x0001e4f4,124148
1617,0x0003c3fe,246782
1618,0x0009d17a,643450
1619,0x000e9f9a,958362
1620,0x00110c94,1117332
1621,0x0010d75a,1103706
1622,0x0010d75a,1103706
1623,0x0010d75a,1103706
1624,0x0010d75a,1103706
1625,0x0010d75a,1103706
1626,0x001106aa,1115818
1627,0x0010d75a,1103706
1628,0x0010d75a,1103706
1629,0x0010d75a,1103706
1630,0x0010d75a,1103706
1631,0x0010f4ec,1111276
1632,0x0010e32e,1106734
1633,0x0010d75a,1103706
1634,0x0010d75a,1103706
1635,0x0010d75a,1103706
1636,0x0010d75a,1103706
1637,0x00110c94,1117332
1638,0x0008ead4,584404
1639,0x0000c914,51476
1640,0x0001e4f4,124148
1641,0x0001df0a,122634
1642,0x0001df0a,122634
1643,0x0001e4f4,124148
1644,0x0001df0a,122634
1645,0x0001df0a,122634
1646,0x0001df0a,122634
1647,0x0001e4f4,124148
1648,0x0001df0a,122634
1649,0x0001df0a,122634
1650,0x0001df0a,122634
1651,0x0001df0a,122634
1652,0x0001df0a,122634
1653,0x0001df0a,122634
1654,0x0001e4f4,124148
1655,0x0001df0a,122634
1656,0x0001df0a,122634
1657,0x0001df0a,122634
1658,0x0001e4f4,124148
1659,0x0001df0a,122634
1660,0x0001df0a,122634
1661,0x0001e4f4,124148
1662,0x0001df0a,122634
1663,0x0001df0a,122634
1664,0x0001df0a,122634
1665,0x0001e4f4,124148
1666,0x0001df0a,122634
1667,0x00062524,402724
1668,0x000a5f6a,679786
1669,0x0010dd44,1105220
1670,0x0010d75a,1103706
1671,0x0010d75a,1103706
1672,0x0010d75a,1103706
1673,0x0010d75a,1103706
1674,0x00110c94,1117332
1675,0x0010d75a,1103706
1676,0x0010d75a,1103706
1677,0x0010d75a,1103706
1678,0x0010d75a,1103706
1679,0x0010d75a,1103706
1680,0x00110c94,1117332
1681,0x0010d75a,1103706
1682,0x0010d75a,1103706
1683,0x0010d75a,1103706
1684,0x0010d75a,1103706
1685,0x0010d75a,1103706
1686,0x00110c94,1117332
1687,0x0010d75a,1103706
1688,0x0005d258,381528
1689,0x0000cefe,52990
1690,0x0001e4f4,124148
1691,0x0001df0a,122634
1692,0x0001df0a,122634
1693,0x0001e4f4,124148
1694,0x0001df0a,122634
1695,0x0001df0a,122634
1696,0x0001df0a,122634
1697,0x0001e4f4,124148
1698,0x0001df0a,122634
1699,0x0001df0a,122634
1700,0x0001df0a,122634
1701,0x0001e4f4,124148
1702,0x0001df0a,122634
1703,0x0001df0a,122634
1704,0x0001e4f4,124148
1705,0x0001df0a,122634
1706,0x0001df0a,122634
1707,0x0001df0a,122634
1708,0x0001e4f4,124148
1709,0x0001df0a,122634
1710,0x0001df0a,122634
1711,0x0001df0a,122634
1712,0x0001df0a,122634
1713,0x0001df0a,122634
1714,0x0001df0a,122634
1715,0x0001e4f4,124148
1716,0x0001df0a,122634
1717,0x0005ea00,387584
1718,0x0008b59a,570778
1719,0x00107ea4,1080996
1720,0x0010d75a,1103706
1721,0x0010d75a,1103706
1722,0x0010d75a,1103706
1723,0x0010d75a,1103706
1724,0x00110c94,1117332
1725,0x0010d75a,1103706
1726,0x0010d75a,1103706
1727,0x0010d75a,1103706
1728,0x0010d75a,1103706
1729,0x0010d75a,1103706
1730,0x00110c94,1117332
1731,0x0010d75a,1103706
1732,0x0010d75a,1103706
1733,0x0010d75a,1103706
1734,0x0010d75a,1103706
1735,0x0010d75a,1103706
1736,0x00110c94,1117332
1737,0x0010d75a,1103706
1738,0x0004fd70,327024
1739,0x00015704,87812
1740,0x0001df0a,122634
1741,0x0001df0a,122634
1742,0x0001df0a,122634
1743,0x0001e4f4,124148
1744,0x0001df0a,122634
1745,0x0001df0a,122634
1746,0x0001e4f4,124148
1747,0x0001df0a,122634
1748,0x0001df0a,122634
1749,0x0001df0a,122634
1750,0x0001e4f4,124148
1751,0x0001df0a,122634
1752,0x0001df0a,122634
1753,0x0001df0a,122634
1754,0x0001e4f4,124148
1755,0x0001df0a,122634
1756,0x0001df0a,122634
1757,0x0001e4f4,124148
1758,0x0001df0a,122634
1759,0x0001df0a,122634
1760,0x0001df0a,122634
1761,0x0001e4f4,124148
1762,0x0001df0a,122634
1763,0x0001df0a,122634
1764,0x0001df0a,122634
1765,0x0001e4f4,124148
1766,0x0001df0a,122634
1767,0x00074cd8,478424
1768,0x000b92f2,758514
1769,0x0010d75a,1103706
1770,0x0010d75a,1103706
1771,0x0010d75a,1103706
1772,0x0010d75a,1103706
1773,0x00110c94,1117332
1774,0x0010d75a,1103706
1775,0x0010d75a,1103706
1776,0x0010d75a,1103706
1777,0x0010d75a,1103706
1778,0x0010d75a,1103706
1779,0x00110c94,1117332
1780,0x0010d75a,1103706
1781,0x0010d75a,1103706
1782,0x0010d75a,1103706
1783,0x0010d75a,1103706
1784,0x0010d75a,1103706
1785,0x00110c94,1117332
1786,0x0010d75a,1103706
1787,0x0010d75a,1103706
1788,0x00016eac,93868
1789,0x0001df0a,122634
1790,0x0001df0a,122634
1791,0x0001df0a,122634
1792,0x0001e4f4,124148
1793,0x0001df0a,122634
1794,0x0001df0a,122634
1795,0x0001df0a,122634
1796,0x0001e4f4,124148
1797,0x0001df0a,122634
1798,0x0001df0a,122634
1799,0x0001e4f4,124148
1800,0x0001df0a,122634
1801,0x0001df0a,122634
1802,0x0001df0a,122634
1803,0x0001e4f4,124148
1804,0x0001df0a,122634
1805,0x0001df0a,122634
1806,0x0001e4f4,124148
1807,0x0001df0a,122634
1808,0x0001df0a,122634
1809,0x0001df0a,122634
1810,0x0001e4f4,124148
1811,0x0001df0a,122634
1812,0x0001df0a,122634
1813,0x0001df0a,122634
1814,0x0001e4f4,124148
1815,0x0001df0a,122634
1816,0x0005bab0,375472
1817,0x00094974,608628
1818,0x0010d75a,1103706
1819,0x0010d75a,1103706
1820,0x0010d75a,1103706
1821,0x0010d75a,1103706
1822,0x0010fad6,1112790
1823,0x0010dd44,1105220
1824,0x0010d75a,1103706
1825,0x0010d75a,1103706
1826,0x0010d75a,1103706
1827,0x0010d75a,1103706
1828,0x00110c94,1117332
1829,0x0010d75a,1103706
1830,0x0010d75a,1103706
1831,0x0010d75a,1103706
1832,0x0010d75a,1103706
1833,0x0010d75a,1103706
1834,0x00110c94,1117332
1835,0x0010d75a,1103706
1836,0x0010d75a,1103706
1837,0x00053894,342164
1838,0x00013f5c,81756
1839,0x0001e4f4,124148
1840,0x0001df0a,122634
1841,0x0001df0a,122634
1842,0x0001e4f4,124148
1843,0x0001df0a,122634
1844,0x0001df0a,122634
1845,0x0001df0a,122634
1846,0x0001e4f4,124148
1847,0x0001df0a,122634
1848,0x0001df0a,122634
1849,0x0001df0a,122634
1850,0x0001e4f4,124148
1851,0x0001df0a,122634
1852,0x0001df0a,122634
1853,0x0001e4f4,124148
1854,0x0001df0a,122634
1855,0x0001df0a,122634
1856,0x0001df0a,122634
1857,0x0001e4f4,124148
1858,0x0001df0a,122634
1859,0x0001df0a,122634
1860,0x0001e4f4,124148
1861,0x0001df0a,122634
1862,0x0001df0a,122634
1863,0x0001df0a,122634
1864,0x0001e4f4,124148
1865,0x0001df0a,122634
1866,0x0005ea00,387584
1867,0x000c972a,825130
1868,0x0010dd44,1105220
1869,0x0010d75a,1103706
1870,0x0010d75a,1103706
1871,0x0010d75a,1103706
1872,0x0010d75a,1103706
1873,0x00110c94,1117332
1874,0x0010d75a,1103706
1875,0x0010d75a,1103706
1876,0x0010d75a,1103706
1877,0x0010d75a,1103706
1878,0x0010d75a,1103706
1879,0x00110c94,1117332
1880,0x0010d75a,1103706
1881,0x0010d75a,1103706
1882,0x0010d75a,1103706
1883,0x0010d75a,1103706
1884,0x0010d75a,1103706
1885,0x00110c94,1117332
1886,0x0010d75a,1103706
1887,0x00010a22,68130
1888,0x00014b30,84784
1889,0x0001e4f4,124148
1890,0x0001df0a,122634
1891,0x0001df0a,122634
1892,0x0001df0a,122634
1893,0x0001e4f4,124148
1894,0x0001df0a,122634
1895,0x0001df0a,122634
1896,0x0001e4f4,124148
1897,0x0001df0a,122634
1898,0x0001df0a,122634
1899,0x0001df0a,122634
1900,0x0001e4f4,124148
1901,0x0001df0a,122634
1902,0x0001df0a,122634
1903,0x0001df0a,122634
1904,0x0001e4f4,124148
1905,0x0001df0a,122634
1906,0x0001df0a,122634
1907,0x0001e4f4,124148
1908,0x0001df0a,122634
1909,0x0001df0a,122634
1910,0x0001df0a,122634
1911,0x0001e4f4,124148
1912,0x0001df0a,122634
1913,0x0001df0a,122634
1914,0x0001df0a,122634
1915,0x0001df0a,122634
1916,0x00078212,492050
1917,0x000b1caa,728234
1918,0x00110c94,1117332
1919,0x0010d75a,1103706
1920,0x0010d75a,1103706
1921,0x0010d75a,1103706
1922,0x0010d75a,1103706
1923,0x0010d75a,1103706
1924,0x00110c94,1117332
1925,0x0010d75a,1103706
1926,0x0010d75a,1103706
1927,0x0010d75a,1103706
1928,0x0010d75a,1103706
1929,0x0010d75a,1103706
1930,0x00110c94,1117332
1931,0x0010d75a,1103706
1932,0x0010d75a,1103706
1933,0x0010d75a,1103706
1934,0x0010d75a,1103706
1935,0x0010dd44,1105220
1936,0x0010fad6,1112790
1937,0x0000d4e8,54504
1938,0x0001d920,121120
1939,0x0001df0a,122634
1940,0x0001df0a,122634
1941,0x0001df0a,122634
1942,0x0001e4f4,124148
1943,0x0001df0a,122634
1944,0x0001df0a,122634
1945,0x0001df0a,122634
1946,0x0001e4f4,124148
1947,0x0001df0a,122634
1948,0x0001df0a,122634
1949,0x0001e4f4,124148
1950,0x0001df0a,122634
1951,0x0001df0a,122634
1952,0x0001df0a,122634
1953,0x0001e4f4,124148
1954,0x0001df0a,122634
1955,0x0001df0a,122634
1956,0x0001df0a,122634
1957,0x0001e4f4,124148
1958,0x0001df0a,122634
1959,0x0001df0a,122634
1960,0x0001e4f4,124148
1961,0x0001df0a,122634
1962,0x0001df0a,122634
1963,0x0001df0a,122634
1964,0x0001e4f4,124148
1965,0x0001eade,125662
1966,0x0009611c,614684
1967,0x000c6dc4,814532
1968,0x0010d75a,1103706
1969,0x0010d75a,1103706
1970,0x0010d75a,1103706
1971,0x0010d75a,1103706
1972,0x0010d75a,1103706
1973,0x00110c94,1117332
1974,0x0010d75a,1103706
1975,0x0010d75a,1103706
1976,0x0010d75a,1103706
1977,0x0010d75a,1103706
1978,0x0010d75a,1103706
1979,0x00110c94,1117332
1980,0x0010d75a,1103706
1981,0x0010d75a,1103706
1982,0x0010d75a,1103706
1983,0x0010d75a,1103706
1984,0x0010ef02,1109762
1985,0x0010e918,1108248
1986,0x000d1f30,859952
1987,0x0000cefe,52990
1988,0x0001e4f4,124148
1989,0x0001df0a,122634
1990,0x0001df0a,122634
1991,0x0001df0a,122634
1992,0x0001e4f4,124148
1993,0x0001df0a,122634
1994,0x0001df0a,122634
1995,0x0001df0a,122634
1996,0x0001e4f4,124148
1997,0x0001df0a,122634
1998,0x0001df0a,122634
1999,0x0001e4f4,124148
2000,0x0001df0a,122634
2001,0x0001df0a,122634
2002,0x0001df0a,122634
2003,0x0001e4f4,124148
2004,0x0001df0a,122634
2005,0x0001df0a,122634
2006,0x0001e4f4,124148
2007,0x0001df0a,122634
2008,0x0001df0a,122634
2009,0x0001df0a,122634
2010,0x0001e4f4,124148
2011,0x0001df0a,122634
2012,0x0001df0a,122634
2013,0x0001df0a,122634
2014,0x0001e4f4,124148
2015,0x00054468,345192
2016,0x000827aa,534442
2017,0x00110c94,1117332
2018,0x0010d75a,1103706
2019,0x0010d75a,1103706
2020,0x0010d75a,1103706
2021,0x0010d75a,1103706
2022,0x0010d75a,1103706
2023,0x00110c94,1117332
2024,0x0010d75a,1103706
2025,0x0010d75a,1103706
2026,0x0010d75a,1103706
2027,0x0010d75a,1103706
2028,0x0010d75a,1103706
2029,0x00110c94,1117332
2030,0x0010d75a,1103706
2031,0x0010d75a,1103706
2032,0x0010d75a,1103706
2033,0x0010d75a,1103706
2034,0x0010d75a,1103706
2035,0x001100c0,1114304
2036,0x00054a52,346706
2037,0x0001df0a,122634
2038,0x0001df0a,122634
2039,0x0001e4f4,124148
2040,0x0001df0a,122634
2041,0x0001df0a,122634
2042,0x0001df0a,122634
2043,0x0001e4f4,124148
2044,0x0001df0a,122634
2045,0x0001df0a,122634
2046,0x0001df0a,122634
2047,0x0001e4f4,124148
2048,0x0001df0a,122634
2049,0x0001df0a,122634
2050,0x0001e4f4,124148
2051,0x0001df0a,122634
2052,0x0001df0a,122634
2053,0x0001df0a,122634
2054,0x0001e4f4,124148
2055,0x0001df0a,122634
2056,0x0001df0a,122634
2057,0x0001df0a,122634
2058,0x0001e4f4,124148
2059,0x0001df0a,122634
2060,0x0001df0a,122634
2061,0x0001e4f4,124148
2062,0x0001df0a,122634
2063,0x0001df0a,122634
2064,0x0004b08e,307342
2065,0x00094974,608628
2066,0x000f8c2a,1018922
2067,0x0010d75a,1103706
2068,0x0010d75a,1103706
2069,0x0010d75a,1103706
2070,0x00110c94,1117332
2071,0x0010d75a,1103706
2072,0x0010d75a,1103706
2073,0x0010d75a,1103706
2074,0x0010d75a,1103706
2075,0x0010ef02,1109762
2076,0x0010e918,1108248
2077,0x0010d75a,1103706
2078,0x0010d75a,1103706
2079,0x0010d75a,1103706
2080,0x0010d75a,1103706
2081,0x00110c94,1117332
2082,0x0010d75a,1103706
2083,0x0010d75a,1103706
2084,0x0010d75a,1103706
2085,0x00084b26,543526
2086,0x000017a8,6056
2087,0x0000e6a6,59046
2088,0x0001df0a,122634
2089,0x0001df0a,122634
2090,0x0001e4f4,124148
2091,0x0001df0a,122634
2092,0x0001df0a,122634
2093,0x0001e4f4,124148
2094,0x0001df0a,122634
2095,0x0001df0a,122634
2096,0x0001df0a,122634
2097,0x0001e4f4,124148
2098,0x0001df0a,122634
2099,0x0001df0a,122634
2100,0x0001e4f4,124148
2101,0x0001df0a,122634
2102,0x0001df0a,122634
2103,0x0001df0a,122634
2104,0x0001e4f4,124148
2105,0x0001df0a,122634
2106,0x0001df0a,122634
2107,0x0001df0a,122634
2108,0x0001e4f4,124148
2109,0x0001df0a,122634
2110,0x0001df0a,122634
2111,0x0001e4f4,124148
2112,0x0001df0a,122634
2113,0x0001df0a,122634
2114,0x0001df0a,122634
2115,0x0005f5d4,390612
2116,0x0008864a,558666
2117,0x0010d75a,1103706
2118,0x0010d75a,1103706
2119,0x00110c94,1117332
2120,0x0010d75a,1103706
2121,0x0010d75a,1103706
2122,0x0010d75a,1103706
2123,0x0010d75a,1103706
2124,0x0010d75a,1103706
2125,0x00110c94,1117332
2126,0x0010d75a,1103706
2127,0x0010d75a,1103706
2128,0x0010d75a,1103706
2129,0x0010d75a,1103706
2130,0x0010d75a,1103706
2131,0x00110c94,1117332
2132,0x0010d75a,1103706
2133,0x0010d75a,1103706
2134,0x0010d75a,1103706
2135,0x0010d75a,1103706
2136,0x000457d8,284632
2137,0x0001df0a,122634
2138,0x0001df0a,122634
2139,0x0001e4f4,124148
2140,0x0001df0a,122634
2141,0x0001df0a,122634
2142,0x0001df0a,122634
2143,0x0001e4f4,124148
2144,0x0001df0a,122634
2145,0x0001df0a,122634
2146,0x0001e4f4,124148
2147,0x0001df0a,122634
2148,0x0001df0a,122634
2149,0x0001df0a,122634
2150,0x0001e4f4,124148
2151,0x0001df0a,122634
2152,0x0001df0a,122634
2153,0x0001df0a,122634
2154,0x0001e4f4,124148
2155,0x0001df0a,122634
2156,0x0001df0a,122634
2157,0x0001e4f4,124148
2158,0x0001df0a,122634
2159,0x0001df0a,122634
2160,0x0001df0a,122634
2161,0x0001e4f4,124148
2162,0x0001df0a,122634
2163,0x0001df0a,122634
2164,0x0004bc62,310370
2165,0x000827aa,534442
2166,0x000efe3a,982586
2167,0x0010d75a,1103706
2168,0x0010d75a,1103706
2169,0x00110c94,1117332
2170,0x0010d75a,1103706
2171,0x0010d75a,1103706
2172,0x0010d75a,1103706
2173,0x0010d75a,1103706
2174,0x0010d75a,1103706
2175,0x00110c94,1117332
2176,0x0010d75a,1103706
2177,0x0010d75a,1103706
2178,0x0010d75a,1103706
2179,0x0010d75a,1103706
2180,0x0010d75a,1103706
2181,0x001100c0,1114304
2182,0x0010d75a,1103706
2183,0x0010d75a,1103706
2184,0x0010d75a,1103706
2185,0x00078212,492050
2186,0x0000b16c,45420
2187,0x0001df0a,122634
2188,0x0001e4f4,124148
2189,0x0001df0a,122634
2190,0x0001df0a,122634
2191,0x0001df0a,122634
2192,0x0001e4f4,124148
2193,0x0001df0a,122634
2194,0x0001df0a,122634
2195,0x0001e4f4,124148
2196,0x0001df0a,122634
2197,0x0001df0a,122634
2198,0x0001df0a,122634
2199,0x0001e4f4,124148
2200,0x0001df0a,122634
2201,0x0001df0a,122634
2202,0x0001df0a,122634
2203,0x0001e4f4,124148
2204,0x0001df0a,122634
2205,0x0001df0a,122634
2206,0x0001e4f4,124148
2207,0x0001df0a,122634
2208,0x0001df0a,122634
2209,0x0001df0a,122634
2210,0x0001e4f4,124148
2211,0x0001df0a,122634
2212,0x0001df0a,122634
2213,0x0001df0a,122634
2214,0x00051518,333080
2215,0x0009143a,595002
2216,0x000fbb7a,1031034
2217,0x0010d75a,1103706
2218,0x00110c94,1117332
2219,0x0010d75a,1103706
2220,0x0010d75a,1103706
2221,0x0010d75a,1103706
2222,0x0010d75a,1103706
2223,0x0010fad6,1112790
2224,0x0010dd44,1105220
2225,0x0010d75a,1103706
2226,0x0010d75a,1103706
2227,0x0010d75a,1103706
2228,0x0010d75a,1103706
2229,0x00110c94,1117332
2230,0x0010d75a,1103706
2231,0x0010d75a,1103706
2232,0x0010d75a,1103706
2233,0x0010d75a,1103706
2234,0x0010d75a,1103706
2235,0x000642b6,410294
2236,0x00013388,78728
2237,0x0001df0a,122634
2238,0x0001df0a,122634
2239,0x0001df0a,122634
2240,0x0001df0a,122634
2241,0x0001df0a,122634
2242,0x0001e4f4,124148
2243,0x0001df0a,122634
2244,0x0001df0a,122634
2245,0x0001df0a,122634
2246,0x0001e4f4,124148
2247,0x0001df0a,122634
2248,0x0001df0a,122634
2249,0x0001e4f4,124148
2250,0x0001df0a,122634
2251,0x0001df0a,122634
2252,0x0001df0a,122634
2253,0x0001e4f4,124148
2254,0x0001df0a,122634
2255,0x0001df0a,122634
2256,0x0001df0a,122634
2257,0x0001e4f4,124148
2258,0x0001df0a,122634
2259,0x0001df0a,122634
2260,0x0001e4f4,124148
2261,0x0001df0a,122634
2262,0x0001df0a,122634
2263,0x0001df0a,122634
2264,0x0006b314,439060
2265,0x000a5f6a,679786
2266,0x0010d75a,1103706
2267,0x0010d75a,1103706
2268,0x00110c94,1117332
2269,0x0010d75a,1103706
2270,0x0010d75a,1103706
2271,0x0010d75a,1103706
2272,0x0010d75a,1103706
2273,0x0010d75a,1103706
2274,0x00110c94,1117332
2275,0x0010d75a,1103706
2276,0x0010d75a,1103706
2277,0x0010d75a,1103706
2278,0x0010d75a,1103706
2279,0x0010d75a,1103706
2280,0x00110c94,1117332
2281,0x0010d75a,1103706
2282,0x0010d75a,1103706
2283,0x0010d75a,1103706
2284,0x0010d75a,1103706
2285,0x000567e4,354276
2286,0x00001d92,7570
2287,0x0001a3e6,107494
2288,0x0001df0a,122634
2289,0x0001e4f4,124148
2290,0x0001df0a,122634
2291,0x0001df0a,122634
2292,0x0001df0a,122634
2293,0x0001e4f4,124148
2294,0x0001df0a,122634
2295,0x0001df0a,122634
2296,0x0001e4f4,124148
2297,0x0001df0a,122634
2298,0x0001df0a,122634
2299,0x0001df0a,122634
2300,0x0001e4f4,124148
2301,0x0001df0a,122634
2302,0x0001df0a,122634
2303,0x0001df0a,122634
2304,0x0001e4f4,124148
2305,0x0001df0a,122634
2306,0x0001df0a,122634
2307,0x0001e4f4,124148
2308,0x0001df0a,122634
2309,0x0001df0a,122634
2310,0x0001df0a,122634
2311,0x0001e4f4,124148
2312,0x0001df0a,122634
2313,0x0001df0a,122634
2314,0x00029660,169568
2315,0x0009f4f6,652534
2316,0x000cc67a,837242
2317,0x0010d75a,1103706
2318,0x0010d75a,1103706
2319,0x00110c94,1117332
2320,0x0010d75a,1103706
2321,0x0010d75a,1103706
2322,0x0010d75a,1103706
2323,0x0010d75a,1103706
2324,0x0010d75a,1103706
2325,0x001106aa,1115818
2326,0x0010d75a,1103706
2327,0x0010d75a,1103706
2328,0x0010d75a,1103706
2329,0x0010d75a,1103706
2330,0x001100c0,1114304
2331,0x0010d75a,1103706
2332,0x0010d75a,1103706
2333,0x0010d75a,1103706
2334,0x0010d75a,1103706
2335,0x0009bfbc,638908
2336,0x000052cc,21196
2337,0x0001df0a,122634
2338,0x0001e4f4,124148
2339,0x0001df0a,122634
2340,0x0001df0a,122634
2341,0x0001df0a,122634
2342,0x0001e4f4,124148
2343,0x0001df0a,122634
2344,0x0001df0a,122634
2345,0x0001e4f4,124148
2346,0x0001df0a,122634
2347,0x0001df0a,122634
2348,0x0001df0a,122634
2349,0x0001e4f4,124148
2350,0x0001df0a,122634
2351,0x0001df0a,122634
2352,0x0001df0a,122634
2353,0x0001e4f4,124148
2354,0x0001df0a,122634
2355,0x0001df0a,122634
2356,0x0001e4f4,124148
2357,0x0001df0a,122634
2358,0x0001df0a,122634
2359,0x0001df0a,122634
2360,0x0001e4f4,124148
2361,0x0001df0a,122634
2362,0x0001df0a,122634
2363,0x0001df0a,122634
2364,0x00042e72,274034
2365,0x0009438a,607114
2366,0x000de25a,909914
2367,0x0010e32e,1106734
2368,0x0010f4ec,1111276
2369,0x0010d75a,1103706
2370,0x0010d75a,1103706
2371,0x0010d75a,1103706
2372,0x0010d75a,1103706
2373,0x00110c94,1117332
2374,0x0010d75a,1103706
2375,0x0010d75a,1103706
2376,0x0010d75a,1103706
2377,0x0010d75a,1103706
2378,0x0010d75a,1103706
2379,0x00110c94,1117332
2380,0x0010d75a,1103706
2381,0x0010d75a,1103706
2382,0x0010d75a,1103706
2383,0x0010d75a,1103706
2384,0x0010d75a,1103706
2385,0x0009bfbc,638908
2386,0x0000237c,9084
2387,0x0000c32a,49962
2388,0x0001df0a,122634
2389,0x0001df0a,122634
2390,0x0001e4f4,124148
2391,0x0001df0a,122634
2392,0x0001df0a,122634
2393,0x0001e4f4,124148
2394,0x0001df0a,122634
2395,0x0001df0a,122634
2396,0x0001df0a,122634
2397,0x0001e4f4,124148
2398,0x0001df0a,122634
2399,0x0001df0a,122634
2400,0x0001df0a,122634
2401,0x0001e4f4,124148
2402,0x0001df0a,122634
2403,0x0001df0a,122634
2404,0x0001e4f4,124148
2405,0x0001df0a,122634
2406,0x0001df0a,122634
2407,0x0001df0a,122634
2408,0x0001e4f4,124148
2409,0x0001df0a,122634
2410,0x0001df0a,122634
2411,0x0001df0a,122634
2412,0x0001e4f4,124148
2413,0x0001df0a,122634
2414,0x0001df0a,122634
2415,0x00058b60,363360
2416,0x0007f85a,522330
2417,0x0010d75a,1103706
2418,0x0010d75a,1103706
2419,0x0010d75a,1103706
2420,0x00110c94,1117332
2421,0x0010d75a,1103706
2422,0x0010d75a,1103706
2423,0x0010d75a,1103706
2424,0x0010d75a,1103706
2425,0x0010e918,1108248
2426,0x0010ef02,1109762
2427,0x0010d75a,1103706
2428,0x0010d75a,1103706
2429,0x0010d75a,1103706
2430,0x0010d75a,1103706
2431,0x00110c94,1117332
2432,0x0010d75a,1103706
2433,0x0010d75a,1103706
2434,0x0010d75a,1103706
2435,0x000463ac,287660
2436,0x0000d4e8,54504
2437,0x000011be,4542
2438,0x00014546,83270
2439,0x0001df0a,122634
2440,0x0001df0a,122634
2441,0x0001e4f4,124148
2442,0x0001df0a,122634
2443,0x0001df0a,122634
2444,0x0001e4f4,124148
2445,0x0001df0a,122634
2446,0x0001df0a,122634
2447,0x0001df0a,122634
2448,0x0001e4f4,124148
2449,0x0001df0a,122634
2450,0x0001df0a,122634
2451,0x0001df0a,122634
2452,0x0001df0a,122634
2453,0x0001df0a,122634
2454,0x0001df0a,122634
2455,0x0001e4f4,124148
2456,0x0001df0a,122634
2457,0x0001df0a,122634
2458,0x0001df0a,122634
2459,0x0001e4f4,124148
2460,0x0001df0a,122634
2461,0x0001df0a,122634
2462,0x0001e4f4,124148
2463,0x0001df0a,122634
2464,0x0001df0a,122634
2465,0x0001df0a,122634
2466,0x0006e264,451172
2467,0x000a5f6a,679786
2468,0x0010d75a,1103706
2469,0x0010d75a,1103706
2470,0x00110c94,1117332
2471,0x0010d75a,1103706
2472,0x0010d75a,1103706
2473,0x0010d75a,1103706
2474,0x0010d75a,1103706
2475,0x0010d75a,1103706
2476,0x00110c94,1117332
2477,0x0010d75a,1103706
2478,0x0010d75a,1103706
2479,0x0010d75a,1103706
2480,0x0010d75a,1103706
2481,0x0010d75a,1103706
2482,0x00110c94,1117332
2483,0x0010d75a,1103706
2484,0x0010d75a,1103706
2485,0x0010d75a,1103706
2486,0x0010d75a,1103706
2487,0x00018654,99924
2488,0x0001e4f4,124148
2489,0x0001df0a,122634
2490,0x0001df0a,122634
2491,0x0001df0a,122634
2492,0x0001e4f4,124148
2493,0x0001df0a,122634
2494,0x0001df0a,122634
2495,0x0001e4f4,124148
2496,0x0001df0a,122634
2497,0x0001df0a,122634
2498,0x0001df0a,122634
2499,0x0001e4f4,124148
2500,0x0001df0a,122634
2501,0x0001df0a,122634
2502,0x0001df0a,122634
2503,0x0001e4f4,124148
2504,0x0001df0a,122634
2505,0x0001df0a,122634
2506,0x0001e4f4,124148
2507,0x0001df0a,122634
2508,0x0001df0a,122634
2509,0x0001df0a,122634
2510,0x0001e4f4,124148
2511,0x0001df0a,122634
2512,0x0001df0a,122634
2513,0x0001df0a,122634
2514,0x0001e4f4,124148
2515,0x0006a156,434518
2516,0x000972da,619226
2517,0x00110c94,1117332
2518,0x0010d75a,1103706
2519,0x0010d75a,1103706
2520,0x0010d75a,1103706
2521,0x0010d75a,1103706
2522,0x0010d75a,1103706
2523,0x00110c94,1117332
2524,0x0010d75a,1103706
2525,0x0010d75a,1103706
2526,0x0010d75a,1103706
2527,0x0010d75a,1103706
2528,0x0010d75a,1103706
2529,0x00110c94,1117332
2530,0x0010d75a,1103706
2531,0x0010d75a,1103706
2532,0x0010d75a,1103706
2533,0x0010d75a,1103706
2534,0x0010d75a,1103706
2535,0x001106aa,1115818
2536,0x0004461a,280090
2537,0x0001806a,98410
2538,0x0001df0a,122634
2539,0x0001e4f4,124148
2540,0x0001df0a,122634
2541,0x0001df0a,122634
2542,0x0001df0a,122634
2543,0x0001e4f4,124148
2544,0x0001df0a,122634
2545,0x00018c3e,101438
2546,0x0001df0a,122634
2547,0x0001e4f4,124148
2548,0x0001df0a,122634
2549,0x0001df0a,122634
2550,0x0001e4f4,124148
2551,0x0001df0a,122634
2552,0x0001df0a,122634
2553,0x0001df0a,122634
2554,0x0001e4f4,124148
2555,0x0001df0a,122634
2556,0x0001df0a,122634
2557,0x0001df0a,122634
2558,0x0001e4f4,124148
2559,0x0001df0a,122634
2560,0x0001df0a,122634
2561,0x0001e4f4,124148
2562,0x0001df0a,122634
2563,0x0001df0a,122634
2564,0x0001df0a,122634
2565,0x0001e4f4,124148
2566,0x0001df0a,122634
2567,0x0001df0a,122634
2568,0x0001e4f4,124148
2569,0x0001df0a,122634
2570,0x0001df0a,122634
2571,0x0001df0a,122634
2572,0x0001e4f4,124148
2573,0x00064e8a,413322
2574,0x000b7b4a,752458
2575,0x0010d75a,1103706
2576,0x00110c94,1117332
2577,0x0010d75a,1103706
2578,0x0010d75a,1103706
2579,0x0010d75a,1103706
2580,0x0010d75a,1103706
2581,0x0010d75a,1103706
2582,0x00110c94,1117332
2583,0x0010d75a,1103706
2584,0x0010d75a,1103706
2585,0x0010d75a,1103706
2586,0x0010d75a,1103706
2587,0x0010f4ec,1111276
2588,0x0010e32e,1106734
2589,0x0010d75a,1103706
2590,0x0010d75a,1103706
2591,0x0010d75a,1103706
2592,0x0010d75a,1103706
2593,0x00110c94,1117332
2594,0x0002e342,189250
2595,0x000127b4,75700
2596,0x0001df0a,122634
2597,0x0001df0a,122634
2598,0x0001e4f4,124148
2599,0x0001df0a,122634
2600,0x0001df0a,122634
2601,0x0001df0a,122634
2602,0x0001e4f4,124148
2603,0x0001df0a,122634
2604,0x0001df0a,122634
2605,0x0001df0a,122634
2606,0x0001e4f4,124148
2607,0x0001df0a,122634
2608,0x0001df0a,122634
2609,0x0001e4f4,124148
2610,0x0001df0a,122634
2611,0x0001df0a,122634
2612,0x0001df0a,122634
2613,0x0001e4f4,124148
2614,0x0001df0a,122634
2615,0x0001df0a,122634
2616,0x0001df0a,122634
2617,0x0001e4f4,124148
2618,0x0001df0a,122634
2619,0x0001df0a,122634
2620,0x0001e4f4,124148
2621,0x0001df0a,122634
2622,0x0001df0a,122634
2623,0x000677f0,423920
2624,0x000bdfd4,778196
2625,0x0010d75a,1103706
2626,0x0010d75a,1103706
2627,0x0010d75a,1103706
2628,0x0010d75a,1103706
2629,0x00110c94,1117332
2630,0x0010d75a,1103706
2631,0x0010d75a,1103706
2632,0x0010d75a,1103706
2633,0x0010d75a,1103706
2634,0x0010d75a,1103706
2635,0x00110c94,1117332
2636,0x0010d75a,1103706
2637,0x0010d75a,1103706
2638,0x0010d75a,1103706
2639,0x0010d75a,1103706
2640,0x0010f4ec,1111276
2641,0x0010e32e,1106734
2642,0x0010d75a,1103706
2643,0x0010d75a,1103706
2644,0x00034db6,216502
2645,0x0001df0a,122634
2646,0x0001e4f4,124148
2647,0x0001df0a,122634
2648,0x0001df0a,122634
2649,0x0001df0a,122634
2650,0x0001e4f4,124148
2651,0x0001df0a,122634
2652,0x0001df0a,122634
2653,0x0001e4f4,124148
2654,0x0001df0a,122634
2655,0x0001df0a,122634
2656,0x0001df0a,122634
2657,0x0001e4f4,124148
2658,0x0001df0a,122634
2659,0x0001df0a,122634
2660,0x0001df0a,122634
2661,0x0001e4f4,124148
2662,0x0001df0a,122634
2663,0x0001df0a,122634
2664,0x0001e4f4,124148
2665,0x0001df0a,122634
2666,0x0001df0a,122634
2667,0x0001df0a,122634
2668,0x0001e4f4,124148
2669,0x0001df0a,122634
2670,0x0001df0a,122634
2671,0x0001df0a,122634
2672,0x0005de2c,384556
2673,0x000972da,619226
2674,0x0010d75a,1103706
2675,0x0010e32e,1106734
2676,0x0010f4ec,1111276
2677,0x0010d75a,1103706
2678,0x0010d75a,1103706
2679,0x0010d75a,1103706
2680,0x0010d75a,1103706
2681,0x00110c94,1117332
2682,0x0010d75a,1103706
2683,0x0010d75a,1103706
2684,0x0010d75a,1103706
2685,0x0010d75a,1103706
2686,0x0010d75a,1103706
2687,0x00110c94,1117332
2688,0x0010d75a,1103706
2689,0x0010d75a,1103706
2690,0x0010d75a,1103706
2691,0x0010d75a,1103706
2692,0x0010d75a,1103706
2693,0x00059d1e,367902
2694,0x000162d8,90840
2695,0x0001df0a,122634
2696,0x0001df0a,122634
2697,0x0001e4f4,124148
2698,0x0001df0a,122634
2699,0x0001df0a,122634
2700,0x0001df0a,122634
2701,0x0001e4f4,124148
2702,0x0001df0a,122634
2703,0x0001df0a,122634
2704,0x0001df0a,122634
2705,0x0001e4f4,124148
2706,0x0001df0a,122634
2707,0x0001df0a,122634
2708,0x0001e4f4,124148
2709,0x0001df0a,122634
2710,0x0001df0a,122634
2711,0x0001df0a,122634
2712,0x0001e4f4,124148
2713,0x0001df0a,122634
2714,0x0001df0a,122634
2715,0x0001df0a,122634
2716,0x0001e4f4,124148
2717,0x0001df0a,122634
2718,0x0001df0a,122634
2719,0x0001e4f4,124148
2720,0x0001df0a,122634
2721,0x0001df0a,122634
2722,0x000630f8,405752
2723,0x000c3e74,802420
2724,0x0010d75a,1103706
2725,0x0010d75a,1103706
2726,0x0010d75a,1103706
2727,0x0010d75a,1103706
2728,0x00110c94,1117332
2729,0x0010d75a,1103706
2730,0x0010d75a,1103706
2731,0x0010d75a,1103706
2732,0x0010d75a,1103706
2733,0x0010d75a,1103706
2734,0x00110c94,1117332
2735,0x0010d75a,1103706
2736,0x0010d75a,1103706
2737,0x0010d75a,1103706
2738,0x0010d75a,1103706
2739,0x0010e918,1108248
2740,0x0010ef02,1109762
2741,0x0010d75a,1103706
2742,0x0010d170,1102192
2743,0x000011be,4542
2744,0x0001e4f4,124148
2745,0x0001df0a,122634
2746,0x0001df0a,122634
2747,0x0001df0a,122634
2748,0x0001e4f4,124148
2749,0x0001df0a,122634
2750,0x0001df0a,122634
2751,0x0001e4f4,124148
2752,0x0001df0a,122634
2753,0x0001df0a,122634
2754,0x0001df0a,122634
2755,0x0001e4f4,124148
2756,0x0001df0a,122634
2757,0x0001df0a,122634
2758,0x0001df0a,122634
2759,0x0001e4f4,124148
2760,0x0001df0a,122634
2761,0x0001df0a,122634
2762,0x0001e4f4,124148
2763,0x0001df0a,122634
2764,0x0001df0a,122634
2765,0x0001df0a,122634
2766,0x0001e4f4,124148
2767,0x0001df0a,122634
2768,0x0001df0a,122634
2769,0x0001df0a,122634
2770,0x0001e4f4,124148
2771,0x00029660,169568
2772,0x000a5396,676758
2773,0x000d2b04,862980
2774,0x0010d75a,1103706
2775,0x0010d75a,1103706
2776,0x0010d75a,1103706
2777,0x0010d75a,1103706
2778,0x0010d75a,1103706
2779,0x00110c94,1117332
2780,0x0010d75a,1103706
2781,0x0010d75a,1103706
2782,0x0010d75a,1103706
2783,0x0010d75a,1103706
2784,0x0010d75a,1103706
2785,0x001100c0,1114304
2786,0x0010d75a,1103706
2787,0x0010d75a,1103706
2788,0x0010d75a,1103706
2789,0x0010d75a,1103706
2790,0x001100c0,1114304
2791,0x0010d75a,1103706
2792,0x000c093a,788794
2793,0x0000353a,13626
2794,0x0001df0a,122634
2795,0x0001df0a,122634
2796,0x0001e4f4,124148
2797,0x0001df0a,122634
2798,0x0001df0a,122634
2799,0x0001df0a,122634
2800,0x0001e4f4,124148
2801,0x0001df0a,122634
2802,0x0001df0a,122634
2803,0x0001e4f4,124148
2804,0x0001df0a,122634
2805,0x0001df0a,122634
2806,0x0001df0a,122634
2807,0x0001e4f4,124148
2808,0x0001df0a,122634
2809,0x0001df0a,122634
2810,0x0001df0a,122634
2811,0x0001e4f4,124148
2812,0x0001df0a,122634
2813,0x0001df0a,122634
2814,0x0001e4f4,124148
2815,0x0001df0a,122634
2816,0x0001df0a,122634
2817,0x0001df0a,122634
2818,0x0001e4f4,124148
2819,0x0001df0a,122634
2820,0x0001df0a,122634
2821,0x00031292,201362
2822,0x0009d17a,643450
2823,0x000d251a,861466
2824,0x0010d75a,1103706
2825,0x0010d75a,1103706
2826,0x00110c94,1117332
2827,0x0010d75a,1103706
2828,0x0010d75a,1103706
2829,0x0010d75a,1103706
2830,0x0010d75a,1103706
2831,0x0010d75a,1103706
2832,0x00110c94,1117332
2833,0x0010d75a,1103706
2834,0x0010d75a,1103706
2835,0x0010d75a,1103706
2836,0x0010d75a,1103706
2837,0x0010dd44,1105220
2838,0x0010fad6,1112790
2839,0x0010d75a,1103706
2840,0x0010d75a,1103706
2841,0x0010d75a,1103706
2842,0x000b698c,747916
2843,0x000017a8,6056
2844,0x0001b5a4,112036
2845,0x0001df0a,122634
2846,0x0001e4f4,124148
2847,0x0001df0a,122634
2848,0x0001df0a,122634
2849,0x0001df0a,122634
2850,0x0001e4f4,124148
2851,0x0001df0a,122634
2852,0x0001df0a,122634
2853,0x0001df0a,122634
2854,0x0001e4f4,124148
2855,0x0001df0a,122634
2856,0x0001df0a,122634
2857,0x0001e4f4,124148
2858,0x0001df0a,122634
2859,0x0001df0a,122634
2860,0x0001df0a,122634
2861,0x0001e4f4,124148
2862,0x0001df0a,122634
2863,0x0001df0a,122634
2864,0x0001df0a,122634
2865,0x0001e4f4,124148
2866,0x0001df0a,122634
2867,0x0001df0a,122634
2868,0x0001e4f4,124148
2869,0x0001df0a,122634
2870,0x0001df0a,122634
2871,0x00020e5a,134746
2872,0x00088c34,560180
2873,0x000c388a,800906
2874,0x0010d75a,1103706
2875,0x0010d75a,1103706
2876,0x00110c94,1117332
2877,0x0010d75a,1103706
2878,0x0010d75a,1103706
2879,0x0010d75a,1103706
2880,0x0010d75a,1103706
2881,0x0010d75a,1103706
2882,0x00110c94,1117332
2883,0x0010d75a,1103706
2884,0x0010d75a,1103706
2885,0x0010d75a,1103706
2886,0x0010d75a,1103706
2887,0x0010d75a,1103706
2888,0x00110c94,1117332
2889,0x0010d75a,1103706
2890,0x0010d75a,1103706
2891,0x0010d75a,1103706
2892,0x000d4896,870550
2893,0x00000bd4,3028
2894,0x0001cd4c,118092
2895,0x0001df0a,122634
2896,0x0001e4f4,124148
2897,0x0001df0a,122634
2898,0x0001df0a,122634
2899,0x0001df0a,122634
2900,0x0001e4f4,124148
2901,0x0001df0a,122634
2902,0x0001df0a,122634
2903,0x0001df0a,122634
2904,0x0001e4f4,124148
2905,0x0001df0a,122634
2906,0x0001df0a,122634
2907,0x0001e4f4,124148
2908,0x0001df0a,122634
2909,0x0001df0a,122634
2910,0x0001df0a,122634
2911,0x0001e4f4,124148
2912,0x0001df0a,122634
2913,0x0001df0a,122634
2914,0x0001df0a,122634
2915,0x0001e4f4,124148
2916,0x0001df0a,122634
2917,0x0001df0a,122634
2918,0x0001e4f4,124148
2919,0x0001df0a,122634
2920,0x0001df0a,122634
2921,0x00025b3c,154428
2922,0x0009027c,590460
2923,0x000d546a,873578
2924,0x0010d75a,1103706
2925,0x0010d75a,1103706
2926,0x00110c94,1117332
2927,0x0010d75a,1103706
2928,0x0010d75a,1103706
2929,0x0010d75a,1103706
2930,0x0010d75a,1103706
2931,0x0010d75a,1103706
2932,0x00110c94,1117332
2933,0x0010d75a,1103706
2934,0x0010d75a,1103706
2935,0x0010d75a,1103706
2936,0x0010d75a,1103706
2937,0x0010d75a,1103706
2938,0x00110c94,1117332
2939,0x0010d75a,1103706
2940,0x0010d75a,1103706
2941,0x0010d75a,1103706
2942,0x000d1f30,859952
2943,0x00005ea0,24224
2944,0x0001df0a,122634
2945,0x0001df0a,122634
2946,0x0001e4f4,124148
2947,0x0001df0a,122634
2948,0x0001df0a,122634
2949,0x0001df0a,122634
2950,0x0001e4f4,124148
2951,0x0001df0a,122634
2952,0x0001df0a,122634
2953,0x0001e4f4,124148
2954,0x0001df0a,122634
2955,0x0001df0a,122634
2956,0x0001df0a,122634
2957,0x0001e4f4,124148
2958,0x0001df0a,122634
2959,0x0001df0a,122634
2960,0x0001e4f4,124148
2961,0x0001df0a,122634
2962,0x0001df0a,122634
2963,0x0001df0a,122634
2964,0x0001e4f4,124148
2965,0x0001df0a,122634
2966,0x0001df0a,122634
2967,0x0001df0a,122634
2968,0x0001e4f4,124148
2969,0x0001df0a,122634
2970,0x0001df0a,122634
2971,0x0003b240,242240
2972,0x000a00ca,655562
2973,0x000e11aa,922026
2974,0x0010d75a,1103706
2975,0x0010d75a,1103706
2976,0x00110c94,1117332
2977,0x0010d75a,1103706
2978,0x0010d75a,1103706
2979,0x0010d75a,1103706
2980,0x0010d75a,1103706
2981,0x0010f4ec,1111276
2982,0x0010e32e,1106734
2983,0x0010d75a,1103706
2984,0x0010d75a,1103706
2985,0x0010d75a,1103706
2986,0x0010d75a,1103706
2987,0x00110c94,1117332
2988,0x0010d75a,1103706
2989,0x0010d75a,1103706
2990,0x0010d75a,1103706
2991,0x0010d75a,1103706
2992,0x000931cc,602572
2993,0x0001df0a,122634
2994,0x0001e4f4,124148
2995,0x0001df0a,122634
2996,0x0001df0a,122634
2997,0x0001df0a,122634
2998,0x0001e4f4,124148
2999,0x0001df0a,122634
3000,0x0001df0a,122634
3001,0x0001e4f4,124148
3002,0x0001df0a,122634
3003,0x0001df0a,122634
3004,0x0001df0a,122634
3005,0x0001e4f4,124148
3006,0x0001df0a,122634
3007,0x0001df0a,122634
3008,0x0001e4f4,124148
3009,0x0001df0a,122634
3010,0x0001df0a,122634
3011,0x0001df0a,122634
3012,0x0001e4f4,124148
3013,0x0001df0a,122634
3014,0x0001df0a,122634
3015,0x0001df0a,122634
3016,0x0001e4f4,124148
3017,0x0001df0a,122634
3018,0x0001df0a,122634
3019,0x0001e4f4,124148
3020,0x000284a2,165026
3021,0x00095b32,613170
3022,0x000d546a,873578
3023,0x00110c94,1117332
3024,0x0010d75a,1103706
3025,0x0010d75a,1103706
3026,0x0010d75a,1103706
3027,0x0010d75a,1103706
3028,0x000c1af8,793336
3029,0x0001df0a,122634
3030,0x0001e4f4,124148
3031,0x0001df0a,122634
3032,0x0001df0a,122634
3033,0x0001e4f4,124148
3034,0x0001df0a,122634
3035,0x0001df0a,122634
3036,0x0001df0a,122634
3037,0x0001e4f4,124148
3038,0x0001df0a,122634
3039,0x0001df0a,122634
3040,0x0001df0a,122634
3041,0x0001afba,110522
3042,0x0001df0a,122634
3043,0x0001df0a,122634
3044,0x0001e4f4,124148
3045,0x0001df0a,122634
3046,0x0001df0a,122634
3047,0x0001df0a,122634
3048,0x0001e4f4,124148
3049,0x0001df0a,122634
3050,0x0001df0a,122634
3051,0x0001df0a,122634
3052,0x0001e4f4,124148
3053,0x0001df0a,122634
3054,0x0001df0a,122634
3055,0x0001e4f4,124148
3056,0x0001df0a,122634
3057,0x0001df0a,122634
3058,0x0001df0a,122634
3059,0x0001e4f4,124148
3060,0x0001df0a,122634
3061,0x0001df0a,122634
3062,0x0001df0a,122634
3063,0x0001e4f4,124148
3064,0x0001df0a,122634
3065,0x0001df0a,122634
3066,0x0001e4f4,124148
3067,0x0001df0a,122634
3068,0x0001df0a,122634
3069,0x0002d76e,186222
3070,0x000a06b4,657076
3071,0x000d546a,873578
3072,0x0010d75a,1103706
3073,0x0010d75a,1103706
3074,0x00110c94,1117332
3075,0x0010d75a,1103706
3076,0x0010d75a,1103706
3077,0x0010d75a,1103706
3078,0x0010d75a,1103706
3079,0x0010d75a,1103706
3080,0x00110c94,1117332
3081,0x0010d75a,1103706
3082,0x0010d75a,1103706
3083,0x0010d75a,1103706
3084,0x0010d75a,1103706
3085,0x0010d75a,1103706
3086,0x00110c94,1117332
3087,0x0010d75a,1103706
3088,0x0010d75a,1103706
3089,0x0010d75a,1103706
3090,0x000a301a,667674
3091,0x00001d92,7570
3092,0x0000c32a,49962
3093,0x0001df0a,122634
3094,0x0001e4f4,124148
3095,0x0001df0a,122634
3096,0x0001df0a,122634
3097,0x0001e4f4,124148
3098,0x0001df0a,122634
3099,0x0001df0a,122634
3100,0x0001df0a,122634
3101,0x0001e4f4,124148
3102,0x0001df0a,122634
3103,0x0001df0a,122634
3104,0x0001df0a,122634
3105,0x0001e4f4,124148
3106,0x0001df0a,122634
3107,0x0001df0a,122634
3108,0x0001e4f4,124148
3109,0x0001df0a,122634
3110,0x0001df0a,122634
3111,0x0001df0a,122634
3112,0x0001e4f4,124148
3113,0x0001df0a,122634
3114,0x0001df0a,122634
3115,0x0001df0a,122634
3116,0x0001e4f4,124148
3117,0x0001df0a,122634
3118,0x0001df0a,122634
3119,0x0001e4f4,124148
3120,0x000567e4,354276
3121,0x0008b59a,570778
3122,0x0010a80a,1091594
3123,0x00110c94,1117332
3124,0x0010d75a,1103706
3125,0x0010d75a,1103706
3126,0x0010d75a,1103706
3127,0x0010d75a,1103706
3128,0x0010d75a,1103706
3129,0x00110c94,1117332
3130,0x0010d75a,1103706
3131,0x0010d75a,1103706
3132,0x0010d75a,1103706
3133,0x0010d75a,1103706
3134,0x0010d75a,1103706
3135,0x00110c94,1117332
3136,0x0010d75a,1103706
3137,0x0010d75a,1103706
3138,0x0010d75a,1103706
3139,0x0010d75a,1103706
3140,0x0010ef02,1109762
3141,0x00051518,333080
3142,0x00012d9e,77214
3143,0x0001df0a,122634
3144,0x0001df0a,122634
3145,0x0001e4f4,124148
3146,0x0001df0a,122634
3147,0x0001df0a,122634
3148,0x0001df0a,122634
3149,0x0001e4f4,124148
3150,0x0001df0a,122634
3151,0x0001df0a,122634
3152,0x0001df0a,122634
3153,0x0001e4f4,124148
3154,0x0001df0a,122634
3155,0x0001df0a,122634
3156,0x0001e4f4,124148
3157,0x0001df0a,122634
3158,0x0001df0a,122634
3159,0x0001df0a,122634
3160,0x0001e4f4,124148
3161,0x0001df0a,122634
3162,0x0001df0a,122634
3163,0x0001e4f4,124148
3164,0x0001df0a,122634
3165,0x0001df0a,122634
3166,0x0001df0a,122634
3167,0x0001e4f4,124148
3168,0x0001df0a,122634
3169,0x0001df0a,122634
3170,0x0006dc7a,449658
3171,0x000af344,717636
3172,0x0010d75a,1103706
3173,0x0010d75a,1103706
3174,0x0010d75a,1103706
3175,0x0010dd44,1105220
3176,0x0010fad6,1112790
3177,0x0010d75a,1103706
3178,0x0010d75a,1103706
3179,0x0010d75a,1103706
3180,0x0010d75a,1103706
3181,0x001106aa,1115818
3182,0x0010d75a,1103706
3183,0x0010d75a,1103706
3184,0x0010d75a,1103706
3185,0x0010d75a,1103706
3186,0x0010d75a,1103706
3187,0x00110c94,1117332
3188,0x0010d75a,1103706
3189,0x0010d75a,1103706
3190,0x0010d75a,1103706
3191,0x0001f6b2,128690
3192,0x00013f5c,81756
3193,0x0001e4f4,124148
3194,0x0001df0a,122634
3195,0x0001df0a,122634
3196,0x0001df0a,122634
3197,0x0001e4f4,124148
3198,0x0001df0a,122634
3199,0x0001df0a,122634
3200,0x0001e4f4,124148
3201,0x0001df0a,122634
3202,0x0001df0a,122634
3203,0x0001df0a,122634
3204,0x0001e4f4,124148
3205,0x0001df0a,122634
3206,0x0001df0a,122634
3207,0x0001e4f4,124148
3208,0x0001df0a,122634
3209,0x0001df0a,122634
3210,0x0001df0a,122634
3211,0x0001e4f4,124148
3212,0x0001df0a,122634
3213,0x0001df0a,122634
3214,0x0001df0a,122634
3215,0x0001e4f4,124148
3216,0x0001df0a,122634
3217,0x0001df0a,122634
3218,0x0001e4f4,124148
3219,0x0001df0a,122634
3220,0x0005d258,381528
3221,0x000abe0a,704010
3222,0x00110c94,1117332
3223,0x0010d75a,1103706
3224,0x0010d75a,1103706
3225,0x0010d75a,1103706
3226,0x0010d75a,1103706
3227,0x0010d75a,1103706
3228,0x00110c94,1117332
3229,0x0010d75a,1103706
3230,0x0010d75a,1103706
3231,0x0010d75a,1103706
3232,0x0010d75a,1103706
3233,0x0010e918,1108248
3234,0x0010ef02,1109762
3235,0x0010d75a,1103706
3236,0x0010d75a,1103706
3237,0x0010d75a,1103706
3238,0x0010d75a,1103706
3239,0x00110c94,1117332
3240,0x0010d75a,1103706
3241,0x0000705e,28766
3242,0x00015cee,89326
3243,0x0001df0a,122634
3244,0x0001df0a,122634
3245,0x0001df0a,122634
3246,0x0001e4f4,124148
3247,0x0001df0a,122634
3248,0x0001df0a,122634
3249,0x0001e4f4,124148
3250,0x0001df0a,122634
3251,0x0001df0a,122634
3252,0x0001df0a,122634
3253,0x0001e4f4,124148
3254,0x0001df0a,122634
3255,0x0001df0a,122634
3256,0x0001df0a,122634
3257,0x0001e4f4,124148
3258,0x0001df0a,122634
3259,0x0001df0a,122634
3260,0x0001e4f4,124148
3261,0x0001df0a,122634
3262,0x0001df0a,122634
3263,0x0001df0a,122634
3264,0x0001e4f4,124148
3265,0x0001df0a,122634
3266,0x0001df0a,122634
3267,0x0001df0a,122634
3268,0x0001e4f4,124148
3269,0x0001df0a,122634
3270,0x00088060,557152
3271,0x000c6dc4,814532
3272,0x0010d75a,1103706
3273,0x0010d75a,1103706
3274,0x0010d75a,1103706
3275,0x0010d75a,1103706
3276,0x0010e918,1108248
3277,0x0010ef02,1109762
3278,0x0010d75a,1103706
3279,0x0010d75a,1103706
3280,0x0010d75a,1103706
3281,0x0010d75a,1103706
3282,0x00110c94,1117332
3283,0x0010d75a,1103706
3284,0x0010d75a,1103706
3285,0x0010d75a,1103706
3286,0x0010d75a,1103706
3287,0x0010d75a,1103706
3288,0x00110c94,1117332
3289,0x0010d75a,1103706
3290,0x0010d75a,1103706
3291,0x00003b24,15140
3292,0x0001cd4c,118092
3293,0x0001df0a,122634
3294,0x0001e4f4,124148
3295,0x0001df0a,122634
3296,0x0001df0a,122634
3297,0x0001df0a,122634
3298,0x0001e4f4,124148
3299,0x0001df0a,122634
3300,0x0001df0a,122634
3301,0x0001e4f4,124148
3302,0x0001df0a,122634
3303,0x0001df0a,122634
3304,0x0001df0a,122634
3305,0x0001e4f4,124148
3306,0x0001df0a,122634
3307,0x0001df0a,122634
3308,0x0001df0a,122634
3309,0x0001e4f4,124148
3310,0x0001df0a,122634
3311,0x0001df0a,122634
3312,0x0001e4f4,124148
3313,0x0001df0a,122634
3314,0x0001df0a,122634
3315,0x0001df0a,122634
3316,0x0001e4f4,124148
3317,0x0001df0a,122634
3318,0x0001df0a,122634
3319,0x0001fc9c,130204
3320,0x0008f0be,585918
3321,0x000c67da,813018
3322,0x0010d75a,1103706
3323,0x0010d75a,1103706
3324,0x00110c94,1117332
3325,0x0010d75a,1103706
3326,0x0010d75a,1103706
3327,0x0010d75a,1103706
3328,0x0010d75a,1103706
3329,0x0010d75a,1103706
3330,0x0008864a,558666
3331,0x0001df0a,122634
3332,0x00015704,87812
3333,0x0001bb8e,113550
3334,0x0001e4f4,124148
3335,0x0001b5a4,112036
3336,0x0001df0a,122634
3337,0x0001e4f4,124148
3338,0x0001df0a,122634
3339,0x0001df0a,122634
3340,0x0001e4f4,124148
3341,0x0001df0a,122634
3342,0x0001df0a,122634
3343,0x0001df0a,122634
3344,0x0001e4f4,124148
3345,0x0001df0a,122634
3346,0x0001df0a,122634
3347,0x0001e4f4,124148
3348,0x0001df0a,122634
3349,0x0001df0a,122634
3350,0x0001df0a,122634
3351,0x0001e4f4,124148
3352,0x0001df0a,122634
3353,0x0001df0a,122634
3354,0x0001df0a,122634
3355,0x0001e4f4,124148
3356,0x0001df0a,122634
3357,0x0001df0a,122634
3358,0x0001e4f4,124148
3359,0x0001df0a,122634
3360,0x0001df0a,122634
3361,0x0001df0a,122634
3362,0x0001e4f4,124148
3363,0x0002ef16,192278
3364,0x000a8eba,691898
3365,0x000dbede,900830
3366,0x0010f4ec,1111276
3367,0x0010d75a,1103706
3368,0x0010d75a,1103706
3369,0x0010d75a,1103706
3370,0x0010d75a,1103706
3371,0x00110c94,1117332
3372,0x0010d75a,1103706
3373,0x0010d75a,1103706
3374,0x0010d75a,1103706
3375,0x0010d75a,1103706
3376,0x0010d75a,1103706
3377,0x00110c94,1117332
3378,0x0010d75a,1103706
3379,0x0010d75a,1103706
3380,0x0010d75a,1103706
3381,0x0010d75a,1103706
3382,0x0010d75a,1103706
3383,0x00110c94,1117332
3384,0x000ac9de,707038
3385,0x0001d336,119606
3386,0x0001df0a,122634
3387,0x0001df0a,122634
3388,0x0001e4f4,124148
3389,0x0001df0a,122634
3390,0x0001df0a,122634
3391,0x0001e4f4,124148
3392,0x0001df0a,122634
3393,0x0001df0a,122634
3394,0x0001df0a,122634
3395,0x0001e4f4,124148
3396,0x0001df0a,122634
3397,0x0001df0a,122634
3398,0x0001e4f4,124148
3399,0x0001df0a,122634
3400,0x0001df0a,122634
3401,0x0001df0a,122634
3402,0x0001e4f4,124148
3403,0x0001df0a,122634
3404,0x0001df0a,122634
3405,0x0001df0a,122634
3406,0x0001e4f4,124148
3407,0x0001df0a,122634
3408,0x0001df0a,122634
3409,0x0001e4f4,124148
3410,0x0001df0a,122634
3411,0x0001df0a,122634
3412,0x00020e5a,134746
3413,0x000a1288,660104
3414,0x000c972a,825130
3415,0x0010d75a,1103706
3416,0x0010d75a,1103706
3417,0x0010e918,1108248
3418,0x0010ef02,1109762
3419,0x0010d75a,1103706
3420,0x0010d75a,1103706
3421,0x0010d75a,1103706
3422,0x0010d75a,1103706
3423,0x00110c94,1117332
3424,0x0010d75a,1103706
3425,0x0010d75a,1103706
3426,0x0010d75a,1103706
3427,0x0010d75a,1103706
3428,0x0010d75a,1103706
3429,0x00110c94,1117332
3430,0x0010d75a,1103706
3431,0x0010d75a,1103706
3432,0x0010d75a,1103706
3433,0x000d4896,870550
3434,0x0000705e,28766
3435,0x0001e4f4,124148
3436,0x0001df0a,122634
3437,0x0001df0a,122634
3438,0x0001df0a,122634
3439,0x0001df0a,122634
3440,0x0001df0a,122634
3441,0x0001df0a,122634
3442,0x0001e4f4,124148
3443,0x0001df0a,122634
3444,0x0001df0a,122634
3445,0x0001df0a,122634
3446,0x0001e4f4,124148
3447,0x0001df0a,122634
3448,0x0001df0a,122634
3449,0x0001e4f4,124148
3450,0x0001df0a,122634
3451,0x0001df0a,122634
3452,0x0001df0a,122634
3453,0x0001e4f4,124148
3454,0x0001df0a,122634
3455,0x0001df0a,122634
3456,0x0001df0a,122634
3457,0x0001e4f4,124148
3458,0x0001df0a,122634
3459,0x0001df0a,122634
3460,0x0001e4f4,124148
3461,0x0001df0a,122634
3462,0x00046f80,290688
3463,0x0008864a,558666
3464,0x000f3374,996212
3465,0x0010d75a,1103706
3466,0x0010d75a,1103706
3467,0x0010d75a,1103706
3468,0x0010d75a,1103706
3469,0x00110c94,1117332
3470,0x0010d75a,1103706
3471,0x0010d75a,1103706
3472,0x0010d75a,1103706
3473,0x0010d75a,1103706
3474,0x0010d75a,1103706
3475,0x00110c94,1117332
3476,0x0010d75a,1103706
3477,0x0010d75a,1103706
3478,0x0010d75a,1103706
3479,0x0010d75a,1103706
3480,0x0010d75a,1103706
3481,0x00110c94,1117332
3482,0x0010d75a,1103706
3483,0x0008d32c,578348
3484,0x00009fae,40878
3485,0x0001df0a,122634
3486,0x0001e4f4,124148
3487,0x0001df0a,122634
3488,0x0001df0a,122634
3489,0x0001e4f4,124148
3490,0x0001df0a,122634
3491,0x0001df0a,122634
3492,0x0001df0a,122634
3493,0x0001e4f4,124148
3494,0x0001df0a,122634
3495,0x0001df0a,122634
3496,0x0001e4f4,124148
3497,0x0001df0a,122634
3498,0x0001df0a,122634
3499,0x0001df0a,122634
3500,0x0001e4f4,124148
3501,0x0001df0a,122634
3502,0x0001df0a,122634
3503,0x0001df0a,122634
3504,0x0001e4f4,124148
3505,0x0001df0a,122634
3506,0x0001df0a,122634
3507,0x0001e4f4,124148
3508,0x0001df0a,122634
3509,0x0001df0a,122634
3510,0x0001df0a,122634
3511,0x0001e4f4,124148
3512,0x000630f8,405752
3513,0x000799ba,498106
3514,0x0010a80a,1091594
3515,0x00110c94,1117332
3516,0x0010d75a,1103706
3517,0x0010d75a,1103706
3518,0x0010d75a,1103706
3519,0x0010d75a,1103706
3520,0x0010e918,1108248
3521,0x0010ef02,1109762
3522,0x0010d75a,1103706
3523,0x0010d75a,1103706
3524,0x0010d75a,1103706
3525,0x0010d75a,1103706
3526,0x00110c94,1117332
3527,0x0010d75a,1103706
3528,0x0010d75a,1103706
3529,0x0010d75a,1103706
3530,0x0010d75a,1103706
3531,0x0010d75a,1103706
3532,0x00110c94,1117332
3533,0x0006ad2a,437546
3534,0x0001e4f4,124148
3535,0x0001df0a,122634
3536,0x0001df0a,122634
3537,0x0001e4f4,124148
3538,0x0001df0a,122634
3539,0x0001df0a,122634
3540,0x0001df0a,122634
3541,0x0001c178,115064
3542,0x0001e4f4,124148
3543,0x0001df0a,122634
3544,0x0001df0a,122634
3545,0x0001df0a,122634
3546,0x0001e4f4,124148
3547,0x0001df0a,122634
3548,0x0001df0a,122634
3549,0x0001df0a,122634
3550,0x0001e4f4,124148
3551,0x0001df0a,122634
3552,0x0001df0a,122634
3553,0x0001e4f4,124148
3554,0x0001df0a,122634
3555,0x0001df0a,122634
3556,0x0001df0a,122634
3557,0x0001e4f4,124148
3558,0x0001df0a,122634
3559,0x0001df0a,122634
3560,0x0001df0a,122634
3561,0x0001e4f4,124148
3562,0x0001df0a,122634
3563,0x0001df0a,122634
3564,0x0001e4f4,124148
3565,0x0001df0a,122634
3566,0x0001df0a,122634
3567,0x0001df0a,122634
3568,0x0001e4f4,124148
3569,0x00048728,296744
3570,0x0009143a,595002
3571,0x000f62c4,1008324
3572,0x0010d75a,1103706
3573,0x0010d75a,1103706
3574,0x0010d75a,1103706
3575,0x0010d75a,1103706
3576,0x0010d75a,1103706
3577,0x00110c94,1117332
3578,0x0010d75a,1103706
3579,0x0010d75a,1103706
3580,0x0010d75a,1103706
3581,0x0010d75a,1103706
3582,0x0010d75a,1103706
3583,0x00110c94,1117332
3584,0x0010d75a,1103706
3585,0x0010d75a,1103706
3586,0x0010d75a,1103706
3587,0x0010d75a,1103706
3588,0x0010d75a,1103706
3589,0x00110c94,1117332
3590,0x0009cb90,641936
3591,0x00005ea0,24224
3592,0x0001e4f4,124148
3593,0x0001df0a,122634
3594,0x0001df0a,122634
3595,0x0001df0a,122634
3596,0x0001e4f4,124148
3597,0x0001df0a,122634
3598,0x0001df0a,122634
3599,0x0001df0a,122634
3600,0x0001e4f4,124148
3601,0x0001df0a,122634
3602,0x0001df0a,122634
3603,0x0001e4f4,124148
3604,0x0001df0a,122634
3605,0x0001df0a,122634
3606,0x0001df0a,122634
3607,0x0001e4f4,124148
3608,0x0001df0a,122634
3609,0x0001df0a,122634
3610,0x0001e4f4,124148
3611,0x0001df0a,122634
3612,0x0001df0a,122634
3613,0x0001df0a,122634
3614,0x0001e4f4,124148
3615,0x0001df0a,122634
3616,0x0001df0a,122634
3617,0x0001df0a,122634
3618,0x0001e4f4,124148
3619,0x0002e342,189250
3620,0x000a5980,678272
3621,0x000e1794,923540
3622,0x0010d75a,1103706
3623,0x0010d75a,1103706
3624,0x0010d75a,1103706
3625,0x0010d75a,1103706
3626,0x0010d75a,1103706
3627,0x00110c94,1117332
3628,0x0010d75a,1103706
3629,0x0010d75a,1103706
3630,0x0010d75a,1103706
3631,0x0010d75a,1103706
3632,0x0010d75a,1103706
3633,0x001100c0,1114304
3634,0x0010d75a,1103706
3635,0x0010d75a,1103706
3636,0x0010d75a,1103706
3637,0x0010d75a,1103706
3638,0x0010fad6,1112790
3639,0x0010dd44,1105220
3640,0x0008c16e,573806
3641,0x00013f5c,81756
3642,0x0001df0a,122634
3643,0x0001e4f4,124148
3644,0x0001df0a,122634
3645,0x0001df0a,122634
3646,0x0001e4f4,124148
3647,0x0001df0a,122634
3648,0x0001df0a,122634
3649,0x0001df0a,122634
3650,0x0001e4f4,124148
3651,0x0001df0a,122634
3652,0x0001df0a,122634
3653,0x0001df0a,122634
3654,0x0001e4f4,124148
3655,0x0001df0a,122634
3656,0x0001df0a,122634
3657,0x0001e4f4,124148
3658,0x0001df0a,122634
3659,0x0001df0a,122634
3660,0x0001df0a,122634
3661,0x0001e4f4,124148
3662,0x0001df0a,122634
3663,0x0001df0a,122634
3664,0x0001e4f4,124148
3665,0x0001df0a,122634
3666,0x0001df0a,122634
3667,0x0001df0a,122634
3668,0x0001e4f4,124148
3669,0x0006b314,439060
3670,0x000cc67a,837242
3671,0x0010d75a,1103706
3672,0x00110c94,1117332
3673,0x0010d75a,1103706
3674,0x0010d75a,1103706
3675,0x0010d75a,1103706
3676,0x0010d75a,1103706
3677,0x0010d75a,1103706
3678,0x00110c94,1117332
3679,0x0010d75a,1103706
3680,0x0010d75a,1103706
3681,0x0010d75a,1103706
3682,0x0010d75a,1103706
3683,0x0010d75a,1103706
3684,0x00110c94,1117332
3685,0x0010d75a,1103706
3686,0x0010d75a,1103706
3687,0x0010d75a,1103706
3688,0x0010d75a,1103706
3689,0x0010fad6,1112790
3690,0x00019228,102952
3691,0x00013f5c,81756
3692,0x0001df0a,122634
3693,0x0001df0a,122634
3694,0x0001e4f4,124148
3695,0x0001df0a,122634
3696,0x0001df0a,122634
3697,0x0001e4f4,124148
3698,0x0001df0a,122634
3699,0x0001df0a,122634
3700,0x0001df0a,122634
3701,0x0001e4f4,124148
3702,0x0001df0a,122634
3703,0x0001df0a,122634
3704,0x0001df0a,122634
3705,0x0001e4f4,124148
3706,0x0001df0a,122634
3707,0x0001df0a,122634
3708,0x0001e4f4,124148
3709,0x0001df0a,122634
3710,0x0001df0a,122634
3711,0x0001df0a,122634
3712,0x0001e4f4,124148
3713,0x0001df0a,122634
3714,0x0001df0a,122634
3715,0x0001df0a,122634
3716,0x0001e4f4,124148
3717,0x0001df0a,122634
3718,0x0001df0a,122634
3719,0x000642b6,410294
3720,0x000b1caa,728234
3721,0x0010d75a,1103706
3722,0x0010d75a,1103706
3723,0x0010d75a,1103706
3724,0x00110c94,1117332
3725,0x0010d75a,1103706
3726,0x0010d75a,1103706
3727,0x0010d75a,1103706
3728,0x0010d75a,1103706
3729,0x0010dd44,1105220
3730,0x0010fad6,1112790
3731,0x0010d75a,1103706
3732,0x0010d75a,1103706
3733,0x0010d75a,1103706
3734,0x0010d75a,1103706
3735,0x001106aa,1115818
3736,0x0010d75a,1103706
3737,0x0010d75a,1103706
3738,0x0010d75a,1103706
3739,0x0010d75a,1103706
3740,0x00006a74,27252
3741,0x0001d336,119606
3742,0x0001df0a,122634
3743,0x0001df0a,122634
3744,0x0001df0a,122634
3745,0x0001e4f4,124148
3746,0x0001df0a,122634
3747,0x0001df0a,122634
3748,0x0001e4f4,124148
3749,0x0001df0a,122634
3750,0x0001df0a,122634
3751,0x0001df0a,122634
3752,0x0001e4f4,124148
3753,0x0001df0a,122634
3754,0x0001df0a,122634
3755,0x0001df0a,122634
3756,0x0001e4f4,124148
3757,0x0001df0a,122634
3758,0x0001df0a,122634
3759,0x0001e4f4,124148
3760,0x0001df0a,122634
3761,0x0001df0a,122634
3762,0x0001df0a,122634
3763,0x0001e4f4,124148
3764,0x0001df0a,122634
3765,0x0001df0a,122634
3766,0x0001df0a,122634
3767,0x0001e4f4,124148
3768,0x00026710,157456
3769,0x0008fc92,588946
3770,0x000ccc64,838756
3771,0x0010d75a,1103706
3772,0x0010d75a,1103706
3773,0x0010d75a,1103706
3774,0x0010d75a,1103706
3775,0x0010e918,1108248
3776,0x0010ef02,1109762
3777,0x0010d75a,1103706
3778,0x0010d75a,1103706
3779,0x0010d75a,1103706
3780,0x0010d75a,1103706
3781,0x00110c94,1117332
3782,0x0010d75a,1103706
3783,0x0010d75a,1103706
3784,0x0010d75a,1103706
3785,0x0010d75a,1103706
3786,0x0010d75a,1103706
3787,0x00110c94,1117332
3788,0x0010d75a,1103706
3789,0x000d1946,858438
3790,0x00007648,30280
3791,0x0001df0a,122634
3792,0x0001df0a,122634
3793,0x0001e4f4,124148
3794,0x0001df0a,122634
3795,0x0001df0a,122634
3796,0x0001df0a,122634
3797,0x0001e4f4,124148
3798,0x0001df0a,122634
3799,0x0001df0a,122634
3800,0x0001e4f4,124148
3801,0x0001df0a,122634
3802,0x0001df0a,122634
3803,0x0001df0a,122634
3804,0x0001e4f4,124148
3805,0x0001df0a,122634
3806,0x0001df0a,122634
3807,0x0001df0a,122634
3808,0x0001e4f4,124148
3809,0x0001df0a,122634
3810,0x0001df0a,122634
3811,0x0001e4f4,124148
3812,0x0001df0a,122634
3813,0x0001df0a,122634
3814,0x0001df0a,122634
3815,0x0001e4f4,124148
3816,0x0001df0a,122634
3817,0x0001df0a,122634
3818,0x0003e190,254352
3819,0x000978c4,620740
3820,0x000de25a,909914
3821,0x0010d75a,1103706
3822,0x0010d75a,1103706
3823,0x00110c94,1117332
3824,0x0010d75a,1103706
3825,0x0010d75a,1103706
3826,0x0010d75a,1103706
3827,0x0010d75a,1103706
3828,0x0010d75a,1103706
3829,0x00110c94,1117332
3830,0x0010d75a,1103706
3831,0x0010d75a,1103706
3832,0x0010d75a,1103706
3833,0x0010d75a,1103706
3834,0x0010d75a,1103706
3835,0x00110c94,1117332
3836,0x0010d75a,1103706
3837,0x0010d75a,1103706
3838,0x0010d75a,1103706
3839,0x00088c34,560180
3840,0x0000f27a,62074
3841,0x0001e4f4,124148
3842,0x0001df0a,122634
3843,0x0001df0a,122634
3844,0x0001e4f4,124148
3845,0x0001df0a,122634
3846,0x0001df0a,122634
3847,0x0001df0a,122634
3848,0x0001e4f4,124148
3849,0x0001df0a,122634
3850,0x0001df0a,122634
3851,0x0001e4f4,124148
3852,0x0001df0a,122634
3853,0x0001df0a,122634
3854,0x0001df0a,122634
3855,0x0001e4f4,124148
3856,0x0001df0a,122634
3857,0x0001df0a,122634
3858,0x0001df0a,122634
3859,0x0001e4f4,124148
3860,0x0001df0a,122634
3861,0x0001df0a,122634
3862,0x0001e4f4,124148
3863,0x0001df0a,122634
3864,0x0001df0a,122634
3865,0x0001df0a,122634
3866,0x0001e4f4,124148
3867,0x0001df0a,122634
3868,0x000573b8,357304
3869,0x000a301a,667674
3870,0x0010dd44,1105220
3871,0x0010d75a,1103706
3872,0x0010d75a,1103706
3873,0x0010d75a,1103706
3874,0x0010d75a,1103706
3875,0x00110c94,1117332
3876,0x0010d75a,1103706
3877,0x0010d75a,1103706
3878,0x0010d75a,1103706
3879,0x0010d75a,1103706
3880,0x0010d75a,1103706
3881,0x00110c94,1117332
3882,0x0010d75a,1103706
3883,0x0010d75a,1103706
3884,0x0010d75a,1103706
3885,0x0010d75a,1103706
3886,0x0010d75a,1103706
3887,0x001100c0,1114304
3888,0x0010d75a,1103706
3889,0x0003ed64,257380
3890,0x00001d92,7570
3891,0x00018c3e,101438
3892,0x0001e4f4,124148
3893,0x0001df0a,122634
3894,0x0001df0a,122634
3895,0x0001df0a,122634
3896,0x0001e4f4,124148
3897,0x0001df0a,122634
3898,0x0001df0a,122634
3899,0x0001df0a,122634
3900,0x0001e4f4,124148
3901,0x0001df0a,122634
3902,0x0001df0a,122634
3903,0x0001e4f4,124148
3904,0x0001df0a,122634
3905,0x0001df0a,122634
3906,0x0001df0a,122634
3907,0x0001e4f4,124148
3908,0x0001df0a,122634
3909,0x0001df0a,122634
3910,0x0001df0a,122634
3911,0x0001df0a,122634
3912,0x0001df0a,122634
3913,0x0001df0a,122634
3914,0x0001e4f4,124148
3915,0x0001df0a,122634
3916,0x0001df0a,122634
3917,0x0001df0a,122634
3918,0x0001e4f4,124148
3919,0x00085110,545040
3920,0x000b7b4a,752458
3921,0x0010e32e,1106734
3922,0x0010f4ec,1111276
3923,0x0010d75a,1103706
3924,0x0010d75a,1103706
3925,0x0010d75a,1103706
3926,0x0010d75a,1103706
3927,0x00110c94,1117332
3928,0x0010d75a,1103706
3929,0x0010d75a,1103706
3930,0x0010d75a,1103706
3931,0x0010d75a,1103706
3932,0x0010d75a,1103706
3933,0x00110c94,1117332
3934,0x0010d75a,1103706
3935,0x0010d75a,1103706
3936,0x0010d75a,1103706
3937,0x0010d75a,1103706
3938,0x0010d75a,1103706
3939,0x000e87f2,952306
3940,0x00018654,99924
3941,0x0001e4f4,124148
3942,0x0001df0a,122634
3943,0x0001df0a,122634
3944,0x0001e4f4,124148
3945,0x0001df0a,122634
3946,0x0001df0a,122634
3947,0x0001df0a,122634
3948,0x0001e4f4,124148
3949,0x0001df0a,122634
3950,0x0001df0a,122634
3951,0x0001afba,110522
3952,0x0001df0a,122634
3953,0x0001e4f4,124148
3954,0x0001df0a,122634
3955,0x0001df0a,122634
3956,0x0001df0a,122634
3957,0x0001e4f4,124148
3958,0x0001df0a,122634
3959,0x0001df0a,122634
3960,0x0001e4f4,124148
3961,0x0001df0a,122634
3962,0x0001df0a,122634
3963,0x0001df0a,122634
3964,0x0001e4f4,124148
3965,0x0001df0a,122634
3966,0x0001df0a,122634
3967,0x0001df0a,122634
3968,0x0001e4f4,124148
3969,0x0001df0a,122634
3970,0x0001df0a,122634
3971,0x0001e4f4,124148
3972,0x0001df0a,122634
3973,0x0001df0a,122634
3974,0x0001df0a,122634
3975,0x0001e4f4,124148
3976,0x0001df0a,122634
3977,0x0001df0a,122634
3978,0x0001e4f4,124148
3979,0x0005503c,348220
3980,0x0008864a,558666
3981,0x0010d75a,1103706
3982,0x0010fad6,1112790
3983,0x0010dd44,1105220
3984,0x0010d75a,1103706
3985,0x0010d75a,1103706
3986,0x0010d75a,1103706
3987,0x0010d75a,1103706
3988,0x00110c94,1117332
3989,0x0010d75a,1103706
3990,0x0010d75a,1103706
3991,0x0010d75a,1103706
3992,0x0010d75a,1103706
3993,0x0010d75a,1103706
3994,0x00110c94,1117332
3995,0x0010d75a,1103706
3996,0x0010d75a,1103706
3997,0x0010d75a,1103706
3998,0x0010d75a,1103706
3999,0x0010d75a,1103706
4000,0x0006e84e,452686
4001,0x000011be,4542
4002,0x000115f6,71158
4003,0x0001df0a,122634
4004,0x0001e4f4,124148
4005,0x0001df0a,122634
4006,0x0001df0a,122634
4007,0x0001df0a,122634
4008,0x0001e4f4,124148
4009,0x0001df0a,122634
4010,0x0001df0a,122634
4011,0x0001e4f4,124148
4012,0x0001df0a,122634
4013,0x0001df0a,122634
4014,0x0001df0a,122634
4015,0x0001e4f4,124148
4016,0x0001df0a,122634
4017,0x0001df0a,122634
4018,0x0001df0a,122634
4019,0x0001e4f4,124148
4020,0x0001df0a,122634
4021,0x0001df0a,122634
4022,0x0001e4f4,124148
4023,0x0001df0a,122634
4024,0x0001df0a,122634
4025,0x0001df0a,122634
4026,0x0001e4f4,124148
4027,0x0001df0a,122634
4028,0x0001df0a,122634
4029,0x0001df0a,122634
4030,0x00067206,422406
4031,0x000972da,619226
4032,0x0010d75a,1103706
4033,0x0010d75a,1103706
4034,0x001100c0,1114304
4035,0x0010d75a,1103706
4036,0x0010d75a,1103706
4037,0x0010d75a,1103706
4038,0x0010d75a,1103706
4039,0x001100c0,1114304
4040,0x0010d75a,1103706
4041,0x0010d75a,1103706
4042,0x0010d75a,1103706
4043,0x0010d75a,1103706
4044,0x0010d75a,1103706
4045,0x00110c94,1117332
4046,0x0010d75a,1103706
4047,0x0010d75a,1103706
4048,0x0010d75a,1103706
4049,0x0010d75a,1103706
4050,0x0010d75a,1103706
4051,0x00021444,136260
4052,0x00011be0,72672
4053,0x0001e4f4,124148
4054,0x0001df0a,122634
4055,0x0001df0a,122634
4056,0x0001e4f4,124148
4057,0x0001df0a,122634
4058,0x0001df0a,122634
4059,0x0001df0a,122634
4060,0x0001e4f4,124148
4061,0x0001df0a,122634
4062,0x0001df0a,122634
4063,0x0001e4f4,124148
4064,0x0001df0a,122634
4065,0x0001df0a,122634
4066,0x0001df0a,122634
4067,0x0001e4f4,124148
4068,0x0001df0a,122634
4069,0x0001df0a,122634
4070,0x0001df0a,122634
4071,0x0001e4f4,124148
4072,0x0001df0a,122634
4073,0x0001df0a,122634
4074,0x0001e4f4,124148
4075,0x0001df0a,122634
4076,0x0001df0a,122634
4077,0x0001df0a,122634
4078,0x0001e4f4,124148
4079,0x0001df0a,122634
4080,0x00062b0e,404238
4081,0x0009d17a,643450
4082,0x0010dd44,1105220
4083,0x0010d75a,1103706
4084,0x0010d75a,1103706
4085,0x0010d75a,1103706
4086,0x0010d75a,1103706
4087,0x00110c94,1117332
4088,0x0010d75a,1103706
4089,0x0010d75a,1103706
4090,0x0010d75a,1103706
4091,0x0010d75a,1103706
4092,0x0010d75a,1103706
4093,0x00110c94,1117332
4094,0x0010d75a,1103706
4095,0x0010d75a,1103706
