0,0x0000076d,1901
1,0x00001aff,6911
2,0x00001b62,7010
3,0x000022cc,8908
4,0x000026d4,9940
5,0x00002714,10004
6,0x00002e54,11860
7,0x00002e82,11906
8,0x00004212,16914
9,0x00004254,16980
10,0x00004276,17014
11,0x000049d4,18900
12,0x000049e2,18914
13,0x000049e9,18921
14,0x00004e2a,20010
15,0x00005596,21910
16,0x002eb390,3060624
17,0x002ec790,3065744
18,0x002ecb00,3066624
19,0x002ed167,3068263
20,0x002ed168,3068264
21,0x002ef210,3076624
22,0x002ef887,3078279
23,0x002eff07,3079943
24,0x002f1f9b,3088283
25,0x002f46af,3098287
26,0x002f6dc4,3108292
27,0x002f8e76,3116662
28,0x002f94d9,3118297
29,0x002f94dc,3118300
30,0x002fbbec,3128300
31,0x002fe300,3138304
32,0x00300a15,3148309
33,0x00302b04,3156740
34,0x0030312a,3158314
35,0x0030583d,3168317
36,0x0030584b,3168331
37,0x00307f60,3178336
38,0x0030a674,3188340
39,0x0030cd88,3198344
40,0x0030f49d,3208349
41,0x00311bb1,3218353
42,0x003142c6,3228358
43,0x003169da,3238362
44,0x003190ee,3248366
45,0x0031b802,3258370
46,0x0031df17,3268375
47,0x0031df29,3268393
48,0x0032063d,3278397
49,0x00322d52,3288402
50,0x00325467,3298407
51,0x00327b7c,3308412
52,0x0032a290,3318416
53,0x0032c9a4,3328420
54,0x0032f0ba,3338426
55,0x003317cf,3348431
56,0x00333ee4,3358436
57,0x003365f9,3368441
58,0x00336600,3368448
59,0x00338d14,3378452
60,0x0033b42a,3388458
61,0x0033db3d,3398461
62,0x00340251,3408465
63,0x00342964,3418468
64,0x00345077,3428471
65,0x0034778c,3438476
66,0x003478c1,3438785
67,0x003478c2,3438786
68,0x00347c0a,3439626
69,0x00347d9a,3440026
70,0x00349ea0,3448480
71,0x00349fdf,3448799
72,0x0034c5b4,3458484
73,0x0034c6f3,3458803
74,0x0034ecc9,3468489
75,0x0034ecd1,3468497
76,0x0034ee08,3468808
77,0x003513e6,3478502
78,0x0035151c,3478812
79,0x00351898,3479704
80,0x00353af9,3488505
81,0x00353c30,3488816
82,0x00353c50,3488848
83,0x0035620b,3498507
84,0x00356344,3498820
85,0x00358908,3508488
86,0x0035891f,3508511
87,0x00358a59,3508825
88,0x0035b032,3518514
89,0x0035b16d,3518829
90,0x0035b527,3519783
91,0x0035d747,3528519
92,0x0035d881,3528833
93,0x0035fe5a,3538522
94,0x0035ff95,3538837
95,0x0035ffa3,3538851
96,0x0036256c,3548524
97,0x003626b6,3548854
98,0x00364c80,3558528
99,0x00364dcb,3558859
100,0x00367394,3568532
101,0x0036739b,3568539
102,0x003674df,3568863
103,0x00369aae,3578542
104,0x00369aed,3578605
105,0x00369bf2,3578866
106,0x0036c1c1,3588545
107,0x0036c307,3588871
108,0x0036e8d4,3598548
109,0x0036ea1b,3598875
110,0x00370fe9,3608553
111,0x00371130,3608880
112,0x003736fe,3618558
113,0x00373845,3618885
114,0x00375e14,3628564
115,0x00375f59,3628889
116,0x00378527,3638567
117,0x0037866d,3638893
118,0x00378676,3638902
119,0x0037ac3c,3648572
120,0x0037ad8a,3648906
121,0x0037add3,3648979
122,0x0037d351,3658577
123,0x0037d49e,3658910
124,0x0037fa66,3668582
125,0x0037fa6e,3668590
126,0x0037fbb5,3668917
127,0x00382183,3678595
128,0x003822c9,3678921
129,0x00384897,3688599
130,0x003849e5,3688933
131,0x00386fab,3698603
132,0x003870f9,3698937
133,0x003896be,3708606
134,0x0038980d,3708941
135,0x0038bdd2,3718610
136,0x0038bf21,3718945
137,0x0038e4e6,3728614
138,0x0038e637,3728951
139,0x00390bfa,3738618
140,0x00390d4c,3738956
141,0x00390d54,3738964
142,0x0039330d,3748621
143,0x00393468,3748968
144,0x00395a20,3758624
145,0x00395b7d,3758973
146,0x00398133,3768627
147,0x0039813b,3768635
148,0x00398290,3768976
149,0x0039a32d,3777325
150,0x0039a84e,3778638
151,0x0039a9a5,3778981
152,0x0039bb65,3783525
153,0x0039cf62,3788642
154,0x0039d0b9,3788985
155,0x0039f5d4,3798484
156,0x0039f676,3798646
157,0x0039f7ce,3798990
158,0x003a1ce3,3808483
159,0x003a1d8a,3808650
160,0x003a1ee3,3808995
161,0x003a3f93,3817363
162,0x003a43f3,3818483
163,0x003a449f,3818655
164,0x003a45f7,3818999
165,0x003a6bb3,3828659
166,0x003a6d0c,3829004
167,0x003a9221,3838497
168,0x003a92c7,3838663
169,0x003a9420,3839008
170,0x003a9426,3839014
171,0x003ab936,3848502
172,0x003ab9da,3848666
173,0x003abb3a,3849018
174,0x003adc22,3857442
175,0x003ae04a,3858506
176,0x003ae0ed,3858669
177,0x003ae24e,3859022
178,0x003ae26c,3859052
179,0x003b075e,3868510
180,0x003b07ff,3868671
181,0x003b0804,3868676
182,0x003b0963,3869027
183,0x003b2e73,3878515
184,0x003b2f17,3878679
185,0x003b3077,3879031
186,0x003b5582,3888514
187,0x003b5588,3888520
188,0x003b562a,3888682
189,0x003b578c,3889036
190,0x003b7c9e,3898526
191,0x003b7d3c,3898684
192,0x003b7ea1,3899041
193,0x003ba3b2,3908530
194,0x003ba450,3908688
195,0x003ba5b6,3909046
196,0x003bcac7,3918535
197,0x003bcb62,3918690
198,0x003bcccc,3919052
199,0x003bf1db,3928539
200,0x003bf1e9,3928553
201,0x003bf275,3928693
202,0x003bf3e1,3929057
203,0x003c18fd,3938557
204,0x003c1989,3938697
205,0x003c1af6,3939062
206,0x003c1afc,3939068
207,0x003c4011,3948561
208,0x003c409c,3948700
209,0x003c40f8,3948792
210,0x003c420f,3949071
211,0x003c4260,3949152
212,0x003c6725,3958565
213,0x003c67af,3958703
214,0x003c6923,3959075
215,0x003c8e3a,3968570
216,0x003c8ec4,3968708
217,0x003c8ecb,3968715
218,0x003c9038,3969080
219,0x003cb54f,3978575
220,0x003cb5de,3978718
221,0x003cb74c,3979084
222,0x003cdc63,3988579
223,0x003cdcf2,3988722
224,0x003cde60,3989088
225,0x003d0379,3998585
226,0x003d0405,3998725
227,0x003d0575,3999093
228,0x003d2a8f,4008591
229,0x003d2b18,4008728
230,0x003d2c8a,4009098
231,0x003d51a4,4018596
232,0x003d522a,4018730
233,0x003d539f,4019103
234,0x003d78ba,4028602
235,0x003d78c2,4028610
236,0x003d793f,4028735
237,0x003d7ab4,4029108
238,0x003d9fd6,4038614
239,0x003da054,4038740
240,0x003da05d,4038749
241,0x003da1ca,4039114
242,0x003da1d3,4039123
243,0x003dc6ec,4048620
244,0x003dc767,4048743
245,0x003dc8e6,4049126
246,0x003dee02,4058626
247,0x003dee7a,4058746
248,0x003deffb,4059131
249,0x003e1517,4068631
250,0x003e158d,4068749
251,0x003e1593,4068755
252,0x003e1706,4069126
253,0x003e1710,4069136
254,0x003e3c2d,4078637
255,0x003e3ca6,4078758
256,0x003e3e24,4079140
257,0x003e4c3e,4082750
258,0x003e4e6e,4083310
259,0x003e5a9e,4086430
260,0x003e6342,4088642
261,0x003e63ba,4088762
262,0x003e6538,4089144
263,0x003e757e,4093310
264,0x003e8a57,4098647
265,0x003e8acd,4098765
266,0x003e8c4c,4099148
267,0x003e946d,4101229
268,0x003e986d,4102253
269,0x003e986e,4102254
270,0x003eb16c,4108652
271,0x003eb1e0,4108768
272,0x003eb35f,4109151
273,0x003ebf8e,4112270
274,0x003ed881,4118657
275,0x003ed8f3,4118771
276,0x003eda74,4119156
277,0x003ee6a2,4122274
278,0x003eff95,4128661
279,0x003effa9,4128681
280,0x003f0007,4128775
281,0x003f0189,4129161
282,0x003f0db6,4132278
283,0x003f1234,4133428
284,0x003f26bf,4138687
285,0x003f271b,4138779
286,0x003f289e,4139166
287,0x003f28a5,4139173
288,0x003f34c9,4142281
289,0x003f4dd3,4148691
290,0x003f4e2f,4148783
291,0x003f4fba,4149178
292,0x003f5bdf,4152287
293,0x003f5c19,4152345
294,0x003f74e8,4158696
295,0x003f7542,4158786
296,0x003f76cf,4159183
297,0x003f82f4,4162292
298,0x003f9bfc,4168700
299,0x003f9c54,4168788
300,0x003f9c59,4168793
301,0x003f9de3,4169187
302,0x003faa08,4172296
303,0x003faec2,4173506
304,0x003fc310,4178704
305,0x003fc365,4178789
306,0x003fc373,4178803
307,0x003fc4f6,4179190
308,0x003fd11e,4182302
309,0x003fea26,4188710
310,0x003fea89,4188809
311,0x003fec0a,4189194
312,0x003ff833,4192307
313,0x0040113a,4198714
314,0x0040119e,4198814
315,0x0040131e,4199198
316,0x00401f47,4202311
317,0x00401f56,4202326
318,0x0040384e,4208718
319,0x004038b1,4208817
320,0x00403a32,4209202
321,0x0040466a,4212330
322,0x00405f63,4218723
323,0x00405fc5,4218821
324,0x00406147,4219207
325,0x00406d81,4222337
326,0x00408679,4228729
327,0x00408681,4228737
328,0x004086d8,4228824
329,0x0040885b,4229211
330,0x00409496,4232342
331,0x0040ad95,4238741
332,0x0040adec,4238828
333,0x0040af71,4239217
334,0x0040af77,4239223
335,0x0040bbab,4242347
336,0x0040d4aa,4248746
337,0x0040d4ff,4248831
338,0x0040d68c,4249228
339,0x0040e2bf,4252351
340,0x0040fbbf,4258751
341,0x0040fc14,4258836
342,0x0040fda0,4259232
343,0x004109d4,4262356
344,0x004122d4,4268756
345,0x00412328,4268840
346,0x0041232f,4268847
347,0x004124b4,4269236
348,0x004130e9,4272361
349,0x004149e9,4278761
350,0x00414a43,4278851
351,0x00414bc7,4279239
352,0x00414c3f,4279359
353,0x004157ff,4282367
354,0x004170fe,4288766
355,0x00417157,4288855
356,0x004172dc,4289244
357,0x00417f13,4292371
358,0x00419812,4298770
359,0x0041986b,4298859
360,0x004199f0,4299248
361,0x0041a628,4302376
362,0x0041a630,4302384
363,0x0041bf28,4308776
364,0x0041bf7f,4308863
365,0x0041c105,4309253
366,0x0041cd44,4312388
367,0x0041e63c,4318780
368,0x0041e694,4318868
369,0x0041e81a,4319258
370,0x0041f459,4322393
371,0x00420d51,4328785
372,0x00420d5b,4328795
373,0x00420da8,4328872
374,0x00420f2d,4329261
375,0x00421b6d,4332397
376,0x0042346f,4338799
377,0x004234bd,4338877
378,0x00423640,4339264
379,0x00423647,4339271
380,0x00424282,4342402
381,0x00425b82,4348802
382,0x00425b93,4348819
383,0x00425bd1,4348881
384,0x00425d5a,4349274
385,0x00426997,4352407
386,0x00428297,4358807
387,0x004282e5,4358885
388,0x0042846d,4359277
389,0x004290ab,4362411
390,0x0042a9ac,4368812
391,0x0042a9f9,4368889
392,0x0042a9fe,4368894
393,0x0042ab81,4369281
394,0x0042b7c1,4372417
395,0x0042d0c3,4378819
396,0x0042d112,4378898
397,0x0042d294,4379284
398,0x0042ded6,4382422
399,0x0042f7d8,4388824
400,0x0042f826,4388902
401,0x0042f848,4388936
402,0x0042f9a9,4389289
403,0x004305ea,4392426
404,0x00431eee,4398830
405,0x00431f3a,4398906
406,0x004320be,4399294
407,0x00432d00,4402432
408,0x00432d0a,4402442
409,0x00434604,4408836
410,0x0043464f,4408911
411,0x004347d1,4409297
412,0x004347d3,4409299
413,0x0043541f,4412447
414,0x00436d19,4418841
415,0x00436d63,4418915
416,0x00436ee7,4419303
417,0x00437b34,4422452
418,0x0043942f,4428847
419,0x00439437,4428855
420,0x00439477,4428919
421,0x004395fb,4429307
422,0x0043a24a,4432458
423,0x0043bb4c,4438860
424,0x0043bb8a,4438922
425,0x0043bd10,4439312
426,0x0043bd17,4439319
427,0x0043c95f,4442463
428,0x0043e261,4448865
429,0x0043e29e,4448926
430,0x0043e42c,4449324
431,0x0043f069,4452457
432,0x0043f073,4452467
433,0x00440975,4458869
434,0x004409b2,4458930
435,0x00440b40,4459328
436,0x00441787,4462471
437,0x00443089,4468873
438,0x004430c7,4468935
439,0x004430f6,4468982
440,0x00443255,4469333
441,0x0044326e,4469358
442,0x00443e9d,4472477
443,0x004447fe,4474878
444,0x004454ce,4478158
445,0x0044579e,4478878
446,0x0044580a,4478986
447,0x00445968,4479336
448,0x004465b2,4482482
449,0x00446f0d,4484877
450,0x00446f0e,4484878
451,0x00447755,4486997
452,0x00447eb2,4488882
453,0x00447f20,4488992
454,0x0044807e,4489342
455,0x004480d9,4489433
456,0x00448cc8,4492488
457,0x0044a5c7,4498887
458,0x0044a634,4498996
459,0x0044a66d,4499053
460,0x0044a792,4499346
461,0x0044b3de,4502494
462,0x0044b3e6,4502502
463,0x0044bc65,4504677
464,0x0044ccdc,4508892
465,0x0044cd48,4509000
466,0x0044cea7,4509351
467,0x0044dafb,4512507
468,0x0044e374,4514676
469,0x0044f3f0,4518896
470,0x0044f417,4518935
471,0x0044f45c,4519004
472,0x0044f5bb,4519355
473,0x00450210,4522512
474,0x00450a84,4524676
475,0x00450b74,4524916
476,0x00451b04,4528900
477,0x00451b0c,4528908
478,0x00451b71,4529009
479,0x00451ccf,4529359
480,0x00452925,4532517
481,0x00454221,4538913
482,0x00454285,4539013
483,0x004543e3,4539363
484,0x004543ea,4539370
485,0x0045503a,4542522
486,0x004558b0,4544688
487,0x00456935,4548917
488,0x0045699a,4549018
489,0x00456b00,4549376
490,0x0045774e,4552526
491,0x00457fc5,4554693
492,0x00459049,4558921
493,0x004590af,4559023
494,0x00459215,4559381
495,0x00459e63,4562531
496,0x0045a6d8,4564696
497,0x0045a803,4564995
498,0x0045b75e,4568926
499,0x0045b7c4,4569028
500,0x0045b7ca,4569034
501,0x0045b929,4569385
502,0x0045c578,4572536
503,0x0045cded,4574701
504,0x0045de73,4578931
505,0x0045dedf,4579039
506,0x0045e03c,4579388
507,0x0045ec8d,4582541
508,0x0045f501,4584705
509,0x00460588,4588936
510,0x004605f2,4589042
511,0x00460750,4589392
512,0x004613a2,4592546
513,0x00461c15,4594709
514,0x00461c2a,4594730
515,0x00462c9c,4598940
516,0x00462d07,4599047
517,0x00462e65,4599397
518,0x00463ab8,4602552
519,0x00463ac0,4602560
520,0x00464329,4604713
521,0x004653b1,4608945
522,0x0046541a,4609050
523,0x00465579,4609401
524,0x004661d6,4612566
525,0x0046622a,4612650
526,0x00466a3d,4614717
527,0x00467ac5,4618949
528,0x00467b2f,4619055
529,0x00467c8e,4619406
530,0x004688eb,4622571
531,0x00469151,4624721
532,0x0046a1d8,4628952
533,0x0046a1e0,4628960
534,0x0046a242,4629058
535,0x0046a3a2,4629410
536,0x0046b000,4632576
537,0x0046b866,4634726
538,0x0046b873,4634739
539,0x0046c8f5,4638965
540,0x0046c957,4639063
541,0x0046cab6,4639414
542,0x0046caea,4639466
543,0x0046d714,4642580
544,0x0046df87,4644743
545,0x0046f00b,4648971
546,0x0046f06c,4649068
547,0x0046f1fd,4649469
548,0x0046fe28,4652584
549,0x0047069b,4654747
550,0x00471720,4658976
551,0x00471780,4659072
552,0x00471911,4659473
553,0x0047253e,4662590
554,0x00472db1,4664753
555,0x00473e36,4668982
556,0x00473e94,4669076
557,0x00473e9e,4669086
558,0x00474024,4669476
559,0x00474c53,4672595
560,0x004754c8,4674760
561,0x0047654b,4678987
562,0x004765b2,4679090
563,0x00476737,4679479
564,0x00477369,4682601
565,0x00477bdc,4684764
566,0x00478c61,4688993
567,0x00478cc6,4689094
568,0x00478e4c,4689484
569,0x00479a7e,4692606
570,0x0047a2f0,4694768
571,0x0047b374,4698996
572,0x0047b3db,4699099
573,0x0047b560,4699488
574,0x0047b572,4699506
575,0x0047c193,4702611
576,0x0047c19a,4702618
577,0x0047ca08,4704776
578,0x0047da89,4709001
579,0x0047daef,4709103
580,0x0047dc75,4709493
581,0x0047e8ae,4712622
582,0x0047f11c,4714780
583,0x0048019e,4719006
584,0x00480203,4719107
585,0x00480388,4719496
586,0x00480fc3,4722627
587,0x00481831,4724785
588,0x004828b2,4729010
589,0x004828b9,4729017
590,0x00482917,4729111
591,0x00482a9c,4729500
592,0x004836d9,4732633
593,0x00483f46,4734790
594,0x00483f4e,4734798
595,0x00484fce,4739022
596,0x0048502c,4739116
597,0x004851b0,4739504
598,0x004851b6,4739510
599,0x00485dee,4742638
600,0x00486662,4744802
601,0x004876e3,4749027
602,0x00487740,4749120
603,0x004878ca,4749514
604,0x00488503,4752643
605,0x00488d76,4754806
606,0x00489df8,4759032
607,0x00489e55,4759125
608,0x00489fde,4759518
609,0x0048ac18,4762648
610,0x0048b48a,4764810
611,0x0048c50d,4769037
612,0x0048c569,4769129
613,0x0048c573,4769139
614,0x0048c6f3,4769523
615,0x0048d32e,4772654
616,0x0048db9f,4774815
617,0x0048ec23,4779043
618,0x0048ec87,4779143
619,0x0048ee08,4779528
620,0x0048fa44,4782660
621,0x004902b3,4784819
622,0x00491338,4789048
623,0x0049139b,4789147
624,0x0049151e,4789534
625,0x0049215a,4792666
626,0x004929c8,4794824
627,0x00493a4c,4799052
628,0x00493aae,4799150
629,0x00493c32,4799538
630,0x0049486e,4802670
631,0x00494874,4802676
632,0x0049487c,4802684
633,0x004950dd,4804829
634,0x00496162,4809058
635,0x004961a3,4809123
636,0x004961c3,4809155
637,0x00496347,4809543
638,0x00496f8a,4812682
639,0x004977f2,4814834
640,0x00498878,4819064
641,0x004988d8,4819160
642,0x00498a5c,4819548
643,0x0049969e,4822686
644,0x00499f06,4824838
645,0x0049af8e,4829070
646,0x0049afc0,4829120
647,0x0049afed,4829165
648,0x0049b038,4829240
649,0x0049b171,4829553
650,0x0049bdb2,4832690
651,0x0049c61a,4834842
652,0x0049c62f,4834863
653,0x0049d6d5,4839125
654,0x0049d701,4839169
655,0x0049d886,4839558
656,0x0049d88e,4839566
657,0x0049e4c6,4842694
658,0x0049ed42,4844866
659,0x0049fde9,4849129
660,0x0049fe16,4849174
661,0x0049ffa2,4849570
662,0x004a0bdb,4852699
663,0x004a1456,4854870
664,0x004a24fe,4859134
665,0x004a252a,4859178
666,0x004a26b5,4859573
667,0x004a32f0,4862704
668,0x004a3b69,4864873
669,0x004a4c14,4869140
670,0x004a4c29,4869161
671,0x004a4c3f,4869183
672,0x004a4c46,4869190
673,0x004a4dca,4869578
674,0x004a4de1,4869601
675,0x004a5a06,4872710
676,0x004a627e,4874878
677,0x004a7329,4879145
678,0x004a735a,4879194
679,0x004a74de,4879582
680,0x004a811a,4882714
681,0x004a8992,4884882
682,0x004a9a3c,4889148
683,0x004a9a70,4889200
684,0x004a9bf2,4889586
685,0x004aa82c,4892716
686,0x004ab0a5,4894885
687,0x004ac14f,4899151
688,0x004ac184,4899204
689,0x004ac305,4899589
690,0x004acf42,4902722
691,0x004acf4a,4902730
692,0x004ad7b9,4904889
693,0x004ae864,4909156
694,0x004ae898,4909208
695,0x004aea19,4909593
696,0x004af65f,4912735
697,0x004afecd,4914893
698,0x004b0f79,4919161
699,0x004b0fac,4919212
700,0x004b112e,4919598
701,0x004b1d73,4922739
702,0x004b25e1,4924897
703,0x004b368d,4929165
704,0x004b3694,4929172
705,0x004b36c0,4929216
706,0x004b3843,4929603
707,0x004b38cb,4929739
708,0x004b4488,4932744
709,0x004b4cf4,4934900
710,0x004b4cfb,4934907
711,0x004b5da9,4939177
712,0x004b5dd3,4939219
713,0x004b5f57,4939607
714,0x004b5f5e,4939614
715,0x004b6b9d,4942749
716,0x004b740f,4944911
717,0x004b84bd,4949181
718,0x004b84e7,4949223
719,0x004b8671,4949617
720,0x004b92b2,4952754
721,0x004b9b23,4954915
722,0x004b9b65,4954981
723,0x004babd0,4959184
724,0x004babfb,4959227
725,0x004bac7e,4959358
726,0x004bad84,4959620
727,0x004bb9c7,4962759
728,0x004bc237,4964919
729,0x004bd2e5,4969189
730,0x004bd310,4969232
731,0x004bd31b,4969243
732,0x004be0dc,4972764
733,0x004be94a,4974922
734,0x004bf9f9,4979193
735,0x004bfa30,4979248
736,0x004c07f0,4982768
737,0x004c105e,4984926
738,0x004c210d,4989197
739,0x004c2143,4989251
740,0x004c2f05,4992773
741,0x004c3772,4994930
742,0x004c4822,4999202
743,0x004c487b,4999291
744,0x004c5619,5002777
745,0x004c5622,5002786
746,0x004c5e87,5004935
747,0x004c6f36,5009206
748,0x004c6f90,5009296
749,0x004c7d36,5012790
750,0x004c859b,5014939
751,0x004c9178,5017976
752,0x004c964a,5019210
753,0x004c96a4,5019300
754,0x004c9768,5019496
755,0x004ca44b,5022795
756,0x004cacb0,5024944
757,0x004cbdb9,5029305
758,0x004ccb60,5032800
759,0x004cd3c5,5034949
760,0x004cd3cc,5034956
761,0x004ce4cd,5039309
762,0x004ce678,5039736
763,0x004cf274,5042804
764,0x004cfae0,5044960
765,0x004d0be1,5049313
766,0x004d0d87,5049735
767,0x004d1989,5052809
768,0x004d21f5,5054965
769,0x004d223b,5055035
770,0x004d2e07,5058055
771,0x004d32f5,5059317
772,0x004d3497,5059735
773,0x004d409e,5062814
774,0x004d4909,5064969
775,0x004d5a08,5069320
776,0x004d5a11,5069329
777,0x004d67b3,5072819
778,0x004d683a,5072954
779,0x004d701d,5074973
780,0x004d75d2,5076434
781,0x004d7ee1,5078753
782,0x004d80c1,5079233
783,0x004d8125,5079333
784,0x004d82bc,5079740
785,0x004d82bd,5079741
786,0x004d8ec9,5082825
787,0x004d9733,5084979
788,0x004da7d1,5089233
789,0x004da839,5089337
790,0x004da9d2,5089746
791,0x004db5df,5092831
792,0x004dbe48,5094984
793,0x004dca96,5098134
794,0x004dcee0,5099232
795,0x004dcee1,5099233
796,0x004dcee2,5099234
797,0x004dcf4e,5099342
798,0x004dd0e7,5099751
799,0x004ddcf4,5102836
800,0x004ddcff,5102847
801,0x004de55d,5104989
802,0x004df5f7,5109239
803,0x004df661,5109345
804,0x004df7fb,5109755
805,0x004e0412,5112850
806,0x004e0c71,5114993
807,0x004e1260,5116512
808,0x004e1d0c,5119244
809,0x004e1d75,5119349
810,0x004e1f10,5119760
811,0x004e2b27,5122855
812,0x004e3386,5124998
813,0x004e4420,5129248
814,0x004e4489,5129353
815,0x004e4625,5129765
816,0x004e523e,5132862
817,0x004e5a99,5135001
818,0x004e5aa2,5135010
819,0x004e6b35,5139253
820,0x004e6b9e,5139358
821,0x004e6d39,5139769
822,0x004e6d44,5139780
823,0x004e7953,5142867
824,0x004e81b7,5145015
825,0x004e9249,5149257
826,0x004e92b2,5149362
827,0x004e9459,5149785
828,0x004ea067,5152871
829,0x004ea090,5152912
830,0x004ea8cd,5155021
831,0x004eaeee,5156590
832,0x004eb95d,5159261
833,0x004eb9c7,5159367
834,0x004ebb6e,5159790
835,0x004ec77b,5162875
836,0x004ecfe2,5165026
837,0x004ee071,5169265
838,0x004ee0db,5169371
839,0x004ee0e1,5169377
840,0x004ee283,5169795
841,0x004eee8f,5172879
842,0x004ef6f7,5175031
843,0x004f0786,5179270
844,0x004f07f4,5179380
845,0x004f0997,5179799
846,0x004f15a3,5182883
847,0x004f1e0c,5185036
848,0x004f2e9b,5189275
849,0x004f2f08,5189384
850,0x004f30ac,5189804
851,0x004f3cb7,5192887
852,0x004f4521,5195041
853,0x004f55af,5199279
854,0x004f55b6,5199286
855,0x004f561f,5199391
856,0x004f57c0,5199808
857,0x004f63cf,5202895
858,0x004f63d7,5202903
859,0x004f6c36,5205046
860,0x004f7cca,5209290
861,0x004f7d33,5209395
862,0x004f7ed4,5209812
863,0x004f8aea,5212906
864,0x004f934c,5215052
865,0x004fa3dd,5219293
866,0x004fa447,5219399
867,0x004fa5e9,5219817
868,0x004fb1fd,5222909
869,0x004fba61,5225057
870,0x004fcaf1,5229297
871,0x004fcb5c,5229404
872,0x004fccfd,5229821
873,0x004fd912,5232914
874,0x004fdfb9,5234617
875,0x004fdfba,5234618
876,0x004fdfbc,5234620
877,0x004fdfbd,5234621
878,0x004fe014,5234708
879,0x004fe0d7,5234903
880,0x004fe15e,5235038
881,0x004fe161,5235041
882,0x004fe16d,5235053
883,0x004fe175,5235061
884,0x004fe17d,5235069
885,0x004fe17f,5235071
886,0x004fe183,5235075
887,0x004fe2f9,5235449
888,0x004ff205,5239301
889,0x004ff270,5239408
890,0x004ff411,5239825
891,0x004ff41a,5239834
892,0x00500026,5242918
893,0x00500890,5245072
894,0x005008c2,5245122
895,0x005008c4,5245124
896,0x005008f4,5245172
897,0x0050096b,5245291
898,0x00500978,5245304
899,0x00500979,5245305
900,0x0050097b,5245307
901,0x0050097c,5245308
902,0x0050097e,5245310
903,0x00500982,5245314
904,0x00500af9,5245689
905,0x00501919,5249305
906,0x00501985,5249413
907,0x00501b2f,5249839
908,0x0050273a,5252922
909,0x00502fa3,5255075
910,0x005030b7,5255351
911,0x005030b9,5255353
912,0x005030e3,5255395
913,0x00503146,5255494
914,0x00503152,5255506
915,0x00503153,5255507
916,0x00503154,5255508
917,0x00503158,5255512
918,0x0050315a,5255514
919,0x0050315d,5255517
920,0x005032d1,5255889
921,0x0050402c,5259308
922,0x0050409b,5259419
923,0x00504243,5259843
924,0x00504e4e,5262926
925,0x005056b7,5265079
926,0x0050588f,5265551
927,0x00505891,5265553
928,0x005058ba,5265594
929,0x0050591a,5265690
930,0x00505926,5265702
931,0x00505927,5265703
932,0x0050592b,5265707
933,0x0050592c,5265708
934,0x0050592d,5265709
935,0x0050592f,5265711
936,0x00505aa8,5266088
937,0x00506740,5269312
938,0x005067ae,5269422
939,0x005067b3,5269427
940,0x005067b7,5269431
941,0x00506828,5269544
942,0x00506957,5269847
943,0x00507562,5272930
944,0x00507dca,5275082
945,0x00508068,5275752
946,0x0050806a,5275754
947,0x00508099,5275801
948,0x0050810e,5275918
949,0x00508118,5275928
950,0x00508119,5275929
951,0x0050811a,5275930
952,0x0050811c,5275932
953,0x0050811d,5275933
954,0x0050811e,5275934
955,0x00508122,5275938
956,0x005082a8,5276328
957,0x00508e55,5279317
958,0x00508ecc,5279436
959,0x0050906c,5279852
960,0x00509261,5280353
961,0x00509262,5280354
962,0x00509263,5280355
963,0x00509264,5280356
964,0x00509265,5280357
965,0x00509266,5280358
966,0x005092b4,5280436
967,0x0050936b,5280619
968,0x0050938b,5280651
969,0x0050938c,5280652
970,0x0050938f,5280655
971,0x005093a2,5280674
972,0x005093a6,5280678
973,0x00509529,5281065
974,0x00509c76,5282934
975,0x0050a4df,5285087
976,0x0050a85c,5285980
977,0x0050a85e,5285982
978,0x0050a85f,5285983
979,0x0050a890,5286032
980,0x0050a908,5286152
981,0x0050a909,5286153
982,0x0050a916,5286166
983,0x0050a917,5286167
984,0x0050a918,5286168
985,0x0050a91a,5286170
986,0x0050a91c,5286172
987,0x0050a91d,5286173
988,0x0050a921,5286177
989,0x0050aaa8,5286568
990,0x0050b56b,5289323
991,0x0050b5e0,5289440
992,0x0050b781,5289857
993,0x0050bae0,5290720
994,0x0050bae2,5290722
995,0x0050bae3,5290723
996,0x0050bb0f,5290767
997,0x0050bb5e,5290846
998,0x0050bb69,5290857
999,0x0050bb6a,5290858
1000,0x0050bb6c,5290860
1001,0x0050bb6e,5290862
1002,0x0050bb72,5290866
1003,0x0050bd01,5291265
1004,0x0050c38a,5292938
1005,0x0050cbf2,5295090
1006,0x0050d05c,5296220
1007,0x0050d05d,5296221
1008,0x0050d05e,5296222
1009,0x0050d08f,5296271
1010,0x0050d09b,5296283
1011,0x0050d09c,5296284
1012,0x0050d09e,5296286
1013,0x0050d09f,5296287
1014,0x0050d0df,5296351
1015,0x0050d106,5296390
1016,0x0050d112,5296402
1017,0x0050d113,5296403
1018,0x0050d117,5296407
1019,0x0050d119,5296409
1020,0x0050d11d,5296413
1021,0x0050d180,5296512
1022,0x0050d1a0,5296544
1023,0x0050d1a1,5296545
1024,0x0050d1a2,5296546
1025,0x0050d1a3,5296547
1026,0x0050d1a4,5296548
1027,0x0050d1b6,5296566
1028,0x0050d1b9,5296569
1029,0x0050d2a7,5296807
1030,0x0050d333,5296947
1031,0x0050dc81,5299329
1032,0x0050dc8a,5299338
1033,0x0050dcf4,5299444
1034,0x0050de97,5299863
1035,0x0050e2aa,5300906
1036,0x0050e2ac,5300908
1037,0x0050e2ad,5300909
1038,0x0050e2d4,5300948
1039,0x0050e31e,5301022
1040,0x0050e329,5301033
1041,0x0050e32a,5301034
1042,0x0050e32d,5301037
1043,0x0050e32f,5301039
1044,0x0050e333,5301043
1045,0x0050e4b0,5301424
1046,0x0050ea9f,5302943
1047,0x0050eaa7,5302951
1048,0x0050f306,5305094
1049,0x0050f857,5306455
1050,0x0050f859,5306457
1051,0x0050f85a,5306458
1052,0x0050f88a,5306506
1053,0x0050f8f1,5306609
1054,0x0050f8f3,5306611
1055,0x0050f8ff,5306623
1056,0x0050f90b,5306635
1057,0x0050f90c,5306636
1058,0x0050f90d,5306637
1059,0x0050f910,5306640
1060,0x0050f913,5306643
1061,0x0050f917,5306647
1062,0x0050f91f,5306655
1063,0x0050f97b,5306747
1064,0x0050f988,5306760
1065,0x0050f989,5306761
1066,0x0050f98c,5306764
1067,0x0050f98e,5306766
1068,0x0050f991,5306769
1069,0x0050faa7,5307047
1070,0x0050fb0b,5307147
1071,0x0051039e,5309342
1072,0x00510407,5309447
1073,0x005105ad,5309869
1074,0x00510a6f,5311087
1075,0x00510a71,5311089
1076,0x00510a97,5311127
1077,0x00510ae0,5311200
1078,0x00510aea,5311210
1079,0x00510aeb,5311211
1080,0x00510aed,5311213
1081,0x00510aef,5311215
1082,0x00510af2,5311218
1083,0x00510c60,5311584
1084,0x005111bb,5312955
1085,0x00511a1b,5315099
1086,0x00512054,5316692
1087,0x00512056,5316694
1088,0x00512057,5316695
1089,0x00512088,5316744
1090,0x005120c9,5316809
1091,0x005120cb,5316811
1092,0x005120f4,5316852
1093,0x00512101,5316865
1094,0x0051210e,5316878
1095,0x00512110,5316880
1096,0x00512112,5316882
1097,0x00512114,5316884
1098,0x00512118,5316888
1099,0x00512149,5316937
1100,0x00512154,5316948
1101,0x00512155,5316949
1102,0x00512157,5316951
1103,0x00512159,5316953
1104,0x0051215a,5316954
1105,0x0051215d,5316957
1106,0x005122a7,5317287
1107,0x005122e2,5317346
1108,0x00512ab1,5319345
1109,0x00512b1b,5319451
1110,0x00512cc3,5319875
1111,0x0051322c,5321260
1112,0x0051322d,5321261
1113,0x0051322e,5321262
1114,0x0051322f,5321263
1115,0x00513255,5321301
1116,0x0051329f,5321375
1117,0x005132a9,5321385
1118,0x005132aa,5321386
1119,0x005132ab,5321387
1120,0x005132af,5321391
1121,0x005132b1,5321393
1122,0x005132b5,5321397
1123,0x00513437,5321783
1124,0x005138d0,5322960
1125,0x00514130,5325104
1126,0x00514854,5326932
1127,0x00514855,5326933
1128,0x00514856,5326934
1129,0x00514889,5326985
1130,0x00514895,5326997
1131,0x00514897,5326999
1132,0x005148bf,5327039
1133,0x00514900,5327104
1134,0x0051490b,5327115
1135,0x0051490c,5327116
1136,0x0051490e,5327118
1137,0x00514911,5327121
1138,0x00514914,5327124
1139,0x00514916,5327126
1140,0x00514922,5327138
1141,0x00514923,5327139
1142,0x00514925,5327141
1143,0x00514927,5327143
1144,0x0051492b,5327147
1145,0x00514aa6,5327526
1146,0x00514aba,5327546
1147,0x00515114,5329172
1148,0x00515115,5329173
1149,0x00515116,5329174
1150,0x00515118,5329176
1151,0x0051515d,5329245
1152,0x005151c5,5329349
1153,0x00515207,5329415
1154,0x00515228,5329448
1155,0x00515229,5329449
1156,0x0051522d,5329453
1157,0x0051522f,5329455
1158,0x00515241,5329473
1159,0x00515244,5329476
1160,0x005153b8,5329848
1161,0x005153d8,5329880
1162,0x005159f0,5331440
1163,0x005159f2,5331442
1164,0x00515a19,5331481
1165,0x00515a63,5331555
1166,0x00515a6e,5331566
1167,0x00515a6f,5331567
1168,0x00515a71,5331569
1169,0x00515a73,5331571
1170,0x00515a77,5331575
1171,0x00515be7,5331943
1172,0x00515fe4,5332964
1173,0x00516845,5335109
1174,0x0051684e,5335118
1175,0x00517050,5337168
1176,0x00517052,5337170
1177,0x00517062,5337186
1178,0x00517064,5337188
1179,0x00517081,5337217
1180,0x0051708c,5337228
1181,0x005170e2,5337314
1182,0x005170ed,5337325
1183,0x005170ee,5337326
1184,0x005170f0,5337328
1185,0x005170f2,5337330
1186,0x005170f5,5337333
1187,0x005170f7,5337335
1188,0x00517103,5337347
1189,0x00517104,5337348
1190,0x00517105,5337349
1191,0x00517106,5337350
1192,0x00517107,5337351
1193,0x00517108,5337352
1194,0x0051710c,5337356
1195,0x00517269,5337705
1196,0x0051727e,5337726
1197,0x005178d8,5339352
1198,0x00517943,5339459
1199,0x00517976,5339510
1200,0x00517978,5339512
1201,0x005179a5,5339557
1202,0x005179ff,5339647
1203,0x00517a0c,5339660
1204,0x00517a0d,5339661
1205,0x00517a0f,5339663
1206,0x00517a10,5339664
1207,0x00517a12,5339666
1208,0x00517a15,5339669
1209,0x00517aec,5339884
1210,0x00517af7,5339895
1211,0x00517b90,5340048
1212,0x005181bc,5341628
1213,0x005181bf,5341631
1214,0x005181c0,5341632
1215,0x005181ea,5341674
1216,0x00518235,5341749
1217,0x00518243,5341763
1218,0x00518244,5341764
1219,0x00518247,5341767
1220,0x00518249,5341769
1221,0x0051824e,5341774
1222,0x005183bf,5342143
1223,0x005186fa,5342970
1224,0x00518f63,5345123
1225,0x00519838,5347384
1226,0x00519839,5347385
1227,0x0051983a,5347386
1228,0x0051984c,5347404
1229,0x0051984e,5347406
1230,0x0051984f,5347407
1231,0x00519865,5347429
1232,0x0051987f,5347455
1233,0x005198ba,5347514
1234,0x005198c8,5347528
1235,0x005198c9,5347529
1236,0x005198ca,5347530
1237,0x005198cd,5347533
1238,0x005198d1,5347537
1239,0x005198d5,5347541
1240,0x005198f6,5347574
1241,0x00519901,5347585
1242,0x00519902,5347586
1243,0x00519903,5347587
1244,0x00519904,5347588
1245,0x00519905,5347589
1246,0x00519906,5347590
1247,0x0051990a,5347594
1248,0x00519a41,5347905
1249,0x00519a7e,5347966
1250,0x00519fee,5349358
1251,0x0051a057,5349463
1252,0x0051a155,5349717
1253,0x0051a157,5349719
1254,0x0051a185,5349765
1255,0x0051a1e2,5349858
1256,0x0051a1ef,5349871
1257,0x0051a1f1,5349873
1258,0x0051a1f3,5349875
1259,0x0051a1f4,5349876
1260,0x0051a1f8,5349880
1261,0x0051a1fb,5349883
1262,0x0051a20f,5349903
1263,0x0051a368,5350248
1264,0x0051a989,5351817
1265,0x0051a98b,5351819
1266,0x0051a9b3,5351859
1267,0x0051a9fb,5351931
1268,0x0051aa09,5351945
1269,0x0051aa0a,5351946
1270,0x0051aa0c,5351948
1271,0x0051aa0d,5351949
1272,0x0051aa0e,5351950
1273,0x0051aa13,5351955
1274,0x0051ab96,5352342
1275,0x0051ae10,5352976
1276,0x0051b677,5355127
1277,0x0051c010,5357584
1278,0x0051c011,5357585
1279,0x0051c012,5357586
1280,0x0051c03c,5357628
1281,0x0051c043,5357635
1282,0x0051c045,5357637
1283,0x0051c075,5357685
1284,0x0051c092,5357714
1285,0x0051c09f,5357727
1286,0x0051c0a1,5357729
1287,0x0051c0a3,5357731
1288,0x0051c0a5,5357733
1289,0x0051c0a9,5357737
1290,0x0051c0ea,5357802
1291,0x0051c0f9,5357817
1292,0x0051c0fa,5357818
1293,0x0051c0fb,5357819
1294,0x0051c0fe,5357822
1295,0x0051c100,5357824
1296,0x0051c104,5357828
1297,0x0051c219,5358105
1298,0x0051c27d,5358205
1299,0x0051c704,5359364
1300,0x0051c76a,5359466
1301,0x0051c925,5359909
1302,0x0051c930,5359920
1303,0x0051c932,5359922
1304,0x0051c95e,5359966
1305,0x0051c9b7,5360055
1306,0x0051c9c5,5360069
1307,0x0051c9c7,5360071
1308,0x0051c9c8,5360072
1309,0x0051c9ca,5360074
1310,0x0051c9cb,5360075
1311,0x0051c9cc,5360076
1312,0x0051c9cf,5360079
1313,0x0051cb3f,5360447
1314,0x0051d14c,5361996
1315,0x0051d14e,5361998
1316,0x0051d175,5362037
1317,0x0051d1bd,5362109
1318,0x0051d1c9,5362121
1319,0x0051d1ca,5362122
1320,0x0051d1cb,5362123
1321,0x0051d1cd,5362125
1322,0x0051d1cf,5362127
1323,0x0051d1d3,5362131
1324,0x0051d346,5362502
1325,0x0051d526,5362982
1326,0x0051dd8a,5365130
1327,0x0051e7e0,5367776
1328,0x0051e7e2,5367778
1329,0x0051e80b,5367819
1330,0x0051e83e,5367870
1331,0x0051e840,5367872
1332,0x0051e841,5367873
1333,0x0051e862,5367906
1334,0x0051e86d,5367917
1335,0x0051e86e,5367918
1336,0x0051e86f,5367919
1337,0x0051e870,5367920
1338,0x0051e871,5367921
1339,0x0051e873,5367923
1340,0x0051e876,5367926
1341,0x0051e8e4,5368036
1342,0x0051e8f2,5368050
1343,0x0051e8f3,5368051
1344,0x0051e8f4,5368052
1345,0x0051e8f8,5368056
1346,0x0051e8fa,5368058
1347,0x0051e8fe,5368062
1348,0x0051e9f1,5368305
1349,0x0051ea7d,5368445
1350,0x0051ee19,5369369
1351,0x0051ee7f,5369471
1352,0x0051ee85,5369477
1353,0x0051f039,5369913
1354,0x0051f104,5370116
1355,0x0051f105,5370117
1356,0x0051f106,5370118
1357,0x0051f131,5370161
1358,0x0051f18a,5370250
1359,0x0051f194,5370260
1360,0x0051f195,5370261
1361,0x0051f197,5370263
1362,0x0051f198,5370264
1363,0x0051f199,5370265
1364,0x0051f19d,5370269
1365,0x0051f317,5370647
1366,0x0051f90c,5372172
1367,0x0051f90e,5372174
1368,0x0051f934,5372212
1369,0x0051f97e,5372286
1370,0x0051f988,5372296
1371,0x0051f989,5372297
1372,0x0051f98c,5372300
1373,0x0051f98e,5372302
1374,0x0051f992,5372306
1375,0x0051fb1e,5372702
1376,0x0051fc3b,5372987
1377,0x0052043b,5375035
1378,0x0052043c,5375036
1379,0x0052043d,5375037
1380,0x0052043f,5375039
1381,0x00520440,5375040
1382,0x00520441,5375041
1383,0x00520498,5375128
1384,0x0052049f,5375135
1385,0x005205ce,5375438
1386,0x0052064a,5375562
1387,0x00520651,5375569
1388,0x00520654,5375572
1389,0x00520658,5375576
1390,0x00520659,5375577
1391,0x0052065d,5375581
1392,0x0052065f,5375583
1393,0x00520660,5375584
1394,0x00520661,5375585
1395,0x00520662,5375586
1396,0x00520663,5375587
1397,0x00520664,5375588
1398,0x00520665,5375589
1399,0x00520666,5375590
1400,0x00520667,5375591
1401,0x00520668,5375592
1402,0x00520669,5375593
1403,0x0052066a,5375594
1404,0x0052066d,5375597
1405,0x005206dc,5375708
1406,0x005206f8,5375736
1407,0x005206fa,5375738
1408,0x005206fc,5375740
1409,0x00520708,5375752
1410,0x00520760,5375840
1411,0x00520777,5375863
1412,0x00520778,5375864
1413,0x00520781,5375873
1414,0x00520783,5375875
1415,0x0052081e,5376030
1416,0x0052082f,5376047
1417,0x00520831,5376049
1418,0x00520832,5376050
1419,0x00520833,5376051
1420,0x00520835,5376053
1421,0x00520836,5376054
1422,0x00520838,5376056
1423,0x00520839,5376057
1424,0x005209a4,5376420
1425,0x00520bae,5376942
1426,0x00520bb1,5376945
1427,0x00520bb3,5376947
1428,0x00520bb5,5376949
1429,0x00520bb7,5376951
1430,0x00520bbd,5376957
1431,0x00520bbe,5376958
1432,0x00520bc0,5376960
1433,0x00520bc3,5376963
1434,0x00520bc5,5376965
1435,0x00520bc6,5376966
1436,0x00520bf1,5377009
1437,0x00520c0f,5377039
1438,0x00520c26,5377062
1439,0x00520c50,5377104
1440,0x00520c53,5377107
1441,0x00520c55,5377109
1442,0x00520cf8,5377272
1443,0x00520d08,5377288
1444,0x00520d13,5377299
1445,0x00520d16,5377302
1446,0x00520d17,5377303
1447,0x00520d18,5377304
1448,0x00520d19,5377305
1449,0x00520d1a,5377306
1450,0x00520d1b,5377307
1451,0x00520d1c,5377308
1452,0x00520d1d,5377309
1453,0x00520d1e,5377310
1454,0x00520d1f,5377311
1455,0x00520d20,5377312
1456,0x00520d21,5377313
1457,0x00520d22,5377314
1458,0x00520d23,5377315
1459,0x00520d24,5377316
1460,0x00520d25,5377317
1461,0x00520d26,5377318
1462,0x00520d54,5377364
1463,0x00520e15,5377557
1464,0x00520e17,5377559
1465,0x00520e18,5377560
1466,0x00520f94,5377940
1467,0x00520fab,5377963
1468,0x00520fac,5377964
1469,0x00520fad,5377965
1470,0x00520fd4,5378004
1471,0x00521027,5378087
1472,0x00521031,5378097
1473,0x00521032,5378098
1474,0x00521033,5378099
1475,0x00521034,5378100
1476,0x00521035,5378101
1477,0x00521036,5378102
1478,0x0052103c,5378108
1479,0x0052103d,5378109
1480,0x0052106c,5378156
1481,0x005210a5,5378213
1482,0x005210aa,5378218
1483,0x005210ac,5378220
1484,0x005210b1,5378225
1485,0x005210db,5378267
1486,0x005210dd,5378269
1487,0x005210e7,5378279
1488,0x005210e9,5378281
1489,0x005210eb,5378283
1490,0x005210ec,5378284
1491,0x005210ed,5378285
1492,0x005210ee,5378286
1493,0x005210ef,5378287
1494,0x005210f0,5378288
1495,0x005210f1,5378289
1496,0x005210f2,5378290
1497,0x005210f3,5378291
1498,0x00521129,5378345
1499,0x0052113d,5378365
1500,0x0052113f,5378367
1501,0x00521140,5378368
1502,0x00521141,5378369
1503,0x00521142,5378370
1504,0x00521143,5378371
1505,0x00521144,5378372
1506,0x0052116c,5378412
1507,0x00521171,5378417
1508,0x00521172,5378418
1509,0x00521177,5378423
1510,0x00521230,5378608
1511,0x00521231,5378609
1512,0x00521242,5378626
1513,0x00521243,5378627
1514,0x00521244,5378628
1515,0x00521246,5378630
1516,0x00521247,5378631
1517,0x00521248,5378632
1518,0x00521249,5378633
1519,0x0052124a,5378634
1520,0x00521280,5378688
1521,0x00521287,5378695
1522,0x00521291,5378705
1523,0x00521299,5378713
1524,0x0052129a,5378714
1525,0x0052129b,5378715
1526,0x0052129c,5378716
1527,0x0052129d,5378717
1528,0x0052129e,5378718
1529,0x0052129f,5378719
1530,0x005212a0,5378720
1531,0x005212a1,5378721
1532,0x005212a2,5378722
1533,0x005212b8,5378744
1534,0x005212b9,5378745
1535,0x005212bb,5378747
1536,0x005212c1,5378753
1537,0x005212c3,5378755
1538,0x005212c4,5378756
1539,0x005212c5,5378757
1540,0x005212c6,5378758
1541,0x005212ca,5378762
1542,0x005212cb,5378763
1543,0x005212ce,5378766
1544,0x005212cf,5378767
1545,0x005212d0,5378768
1546,0x005212d1,5378769
1547,0x005212d2,5378770
1548,0x005212d3,5378771
1549,0x005212d4,5378772
1550,0x005212d8,5378776
1551,0x005212d9,5378777
1552,0x005212dd,5378781
1553,0x005212de,5378782
1554,0x005212df,5378783
1555,0x005212e0,5378784
1556,0x005212e1,5378785
1557,0x005212e2,5378786
1558,0x005212e8,5378792
1559,0x005212ea,5378794
1560,0x005212eb,5378795
1561,0x005212ec,5378796
1562,0x005212ed,5378797
1563,0x005212ee,5378798
1564,0x005212ef,5378799
1565,0x005212f0,5378800
1566,0x005212f2,5378802
1567,0x005212f6,5378806
1568,0x005212f7,5378807
1569,0x005212f8,5378808
1570,0x005212f9,5378809
1571,0x005212fa,5378810
1572,0x005212fb,5378811
1573,0x005212fc,5378812
1574,0x00521300,5378816
1575,0x00521301,5378817
1576,0x00521302,5378818
1577,0x00521303,5378819
1578,0x00521304,5378820
1579,0x00521305,5378821
1580,0x00521306,5378822
1581,0x00521307,5378823
1582,0x00521309,5378825
1583,0x0052130a,5378826
1584,0x0052130e,5378830
1585,0x0052130f,5378831
1586,0x00521310,5378832
1587,0x00521311,5378833
1588,0x00521312,5378834
1589,0x00521313,5378835
1590,0x00521318,5378840
1591,0x0052131a,5378842
1592,0x0052131b,5378843
1593,0x0052131c,5378844
1594,0x0052131d,5378845
1595,0x0052131e,5378846
1596,0x00521321,5378849
1597,0x00521322,5378850
1598,0x00521326,5378854
1599,0x00521327,5378855
1600,0x0052132f,5378863
1601,0x00521330,5378864
1602,0x00521331,5378865
1603,0x00521332,5378866
1604,0x00521336,5378870
1605,0x00521337,5378871
1606,0x00521339,5378873
1607,0x0052133a,5378874
1608,0x0052133b,5378875
1609,0x0052133c,5378876
1610,0x0052133d,5378877
1611,0x0052133e,5378878
1612,0x0052133f,5378879
1613,0x00521340,5378880
1614,0x00521341,5378881
1615,0x00521345,5378885
1616,0x00521346,5378886
1617,0x00521347,5378887
1618,0x00521348,5378888
1619,0x00521349,5378889
1620,0x0052134a,5378890
1621,0x0052134e,5378894
1622,0x0052134f,5378895
1623,0x00521351,5378897
1624,0x00521352,5378898
1625,0x00521353,5378899
1626,0x00521354,5378900
1627,0x00521359,5378905
1628,0x0052135a,5378906
1629,0x0052135f,5378911
1630,0x00521360,5378912
1631,0x00521361,5378913
1632,0x00521362,5378914
1633,0x00521363,5378915
1634,0x00521364,5378916
1635,0x00521365,5378917
1636,0x00521368,5378920
1637,0x00521369,5378921
1638,0x0052136b,5378923
1639,0x0052136c,5378924
1640,0x0052136d,5378925
1641,0x00521370,5378928
1642,0x00521371,5378929
1643,0x00521375,5378933
1644,0x00521376,5378934
1645,0x00521377,5378935
1646,0x00521378,5378936
1647,0x00521379,5378937
1648,0x0052137a,5378938
1649,0x0052137f,5378943
1650,0x00521381,5378945
1651,0x00521382,5378946
1652,0x00521383,5378947
1653,0x00521386,5378950
1654,0x00521387,5378951
1655,0x0052138b,5378955
1656,0x0052138c,5378956
1657,0x0052138d,5378957
1658,0x0052138e,5378958
1659,0x0052138f,5378959
1660,0x00521390,5378960
1661,0x00521394,5378964
1662,0x00521396,5378966
1663,0x00521397,5378967
1664,0x00521398,5378968
1665,0x00521399,5378969
1666,0x0052139b,5378971
1667,0x0052139c,5378972
1668,0x005213a0,5378976
1669,0x005213a1,5378977
1670,0x005213a2,5378978
1671,0x005213a3,5378979
1672,0x005213a4,5378980
1673,0x005213a5,5378981
1674,0x005213a6,5378982
1675,0x005213a9,5378985
1676,0x005213aa,5378986
1677,0x005213ac,5378988
1678,0x005213ad,5378989
1679,0x005213ae,5378990
1680,0x005213b2,5378994
1681,0x005213b3,5378995
1682,0x005213b7,5378999
1683,0x005213b8,5379000
1684,0x005213b9,5379001
1685,0x005213ba,5379002
1686,0x005213bb,5379003
1687,0x005213bc,5379004
1688,0x005213bd,5379005
1689,0x005213c1,5379009
1690,0x005213c3,5379011
1691,0x005213c4,5379012
1692,0x005213c5,5379013
1693,0x005213c6,5379014
1694,0x005213c9,5379017
1695,0x005213ca,5379018
1696,0x005213ce,5379022
1697,0x005213cf,5379023
1698,0x005213d1,5379025
1699,0x005213d2,5379026
1700,0x005213d3,5379027
1701,0x005213d6,5379030
1702,0x005213d7,5379031
1703,0x005213d9,5379033
1704,0x005213da,5379034
1705,0x005213db,5379035
1706,0x005213de,5379038
1707,0x005213e2,5379042
1708,0x005213e3,5379043
1709,0x005213e4,5379044
1710,0x005213e5,5379045
1711,0x005213e6,5379046
1712,0x005213e7,5379047
1713,0x005213eb,5379051
1714,0x005213ed,5379053
1715,0x005213ee,5379054
1716,0x005213ef,5379055
1717,0x005213f0,5379056
1718,0x005213f2,5379058
1719,0x005213f3,5379059
1720,0x005213f7,5379063
1721,0x005213f8,5379064
1722,0x005213f9,5379065
1723,0x005213fa,5379066
1724,0x005213fb,5379067
1725,0x005213fc,5379068
1726,0x00521400,5379072
1727,0x00521402,5379074
1728,0x00521403,5379075
1729,0x00521404,5379076
1730,0x00521405,5379077
1731,0x0052140a,5379082
1732,0x0052140b,5379083
1733,0x0052140f,5379087
1734,0x00521411,5379089
1735,0x00521412,5379090
1736,0x00521413,5379091
1737,0x00521414,5379092
1738,0x00521418,5379096
1739,0x00521419,5379097
1740,0x0052141b,5379099
1741,0x0052141c,5379100
1742,0x0052141d,5379101
1743,0x00521421,5379105
1744,0x00521422,5379106
1745,0x00521423,5379107
1746,0x00521426,5379110
1747,0x00521427,5379111
1748,0x00521428,5379112
1749,0x00521429,5379113
1750,0x0052142a,5379114
1751,0x0052142b,5379115
1752,0x0052142f,5379119
1753,0x00521431,5379121
1754,0x00521432,5379122
1755,0x00521433,5379123
1756,0x00521434,5379124
1757,0x00521437,5379127
1758,0x00521438,5379128
1759,0x0052143c,5379132
1760,0x0052143d,5379133
1761,0x0052143e,5379134
1762,0x0052143f,5379135
1763,0x00521440,5379136
1764,0x00521441,5379137
1765,0x00521444,5379140
1766,0x00521445,5379141
1767,0x00521448,5379144
1768,0x00521449,5379145
1769,0x0052144a,5379146
1770,0x0052144b,5379147
1771,0x0052144e,5379150
1772,0x00521452,5379154
1773,0x00521453,5379155
1774,0x00521454,5379156
1775,0x00521455,5379157
1776,0x00521456,5379158
1777,0x00521457,5379159
1778,0x0052145b,5379163
1779,0x0052145c,5379164
1780,0x0052145e,5379166
1781,0x0052145f,5379167
1782,0x00521460,5379168
1783,0x00521461,5379169
1784,0x00521463,5379171
1785,0x00521464,5379172
1786,0x00521468,5379176
1787,0x00521469,5379177
1788,0x0052146a,5379178
1789,0x0052146b,5379179
1790,0x0052146c,5379180
1791,0x0052146d,5379181
1792,0x00521471,5379185
1793,0x00521472,5379186
1794,0x00521474,5379188
1795,0x00521475,5379189
1796,0x00521476,5379190
1797,0x00521477,5379191
1798,0x00521479,5379193
1799,0x0052147a,5379194
1800,0x0052147d,5379197
1801,0x0052147e,5379198
1802,0x0052147f,5379199
1803,0x00521480,5379200
1804,0x00521481,5379201
1805,0x00521482,5379202
1806,0x00521486,5379206
1807,0x00521487,5379207
1808,0x00521488,5379208
1809,0x00521489,5379209
1810,0x0052148a,5379210
1811,0x0052148b,5379211
1812,0x0052148e,5379214
1813,0x0052148f,5379215
1814,0x00521493,5379219
1815,0x00521494,5379220
1816,0x00521495,5379221
1817,0x00521496,5379222
1818,0x00521497,5379223
1819,0x00521498,5379224
1820,0x0052149c,5379228
1821,0x0052149e,5379230
1822,0x0052149f,5379231
1823,0x005214a0,5379232
1824,0x005214a1,5379233
1825,0x005214a4,5379236
1826,0x005214a8,5379240
1827,0x005214a9,5379241
1828,0x005214aa,5379242
1829,0x005214ab,5379243
1830,0x005214ac,5379244
1831,0x005214ad,5379245
1832,0x005214ae,5379246
1833,0x005214b1,5379249
1834,0x005214b2,5379250
1835,0x005214b3,5379251
1836,0x005214b4,5379252
1837,0x005214b5,5379253
1838,0x005214b6,5379254
1839,0x005214b8,5379256
1840,0x005214b9,5379257
1841,0x005214bd,5379261
1842,0x005214be,5379262
1843,0x005214bf,5379263
1844,0x005214c0,5379264
1845,0x005214c1,5379265
1846,0x005214c2,5379266
1847,0x005214c5,5379269
1848,0x005214c6,5379270
1849,0x005214c8,5379272
1850,0x005214c9,5379273
1851,0x005214ca,5379274
1852,0x005214cd,5379277
1853,0x005214d1,5379281
1854,0x005214d2,5379282
1855,0x005214d3,5379283
1856,0x005214d4,5379284
1857,0x005214d5,5379285
1858,0x005214d6,5379286
1859,0x005214d7,5379287
1860,0x005214da,5379290
1861,0x005214db,5379291
1862,0x005214dc,5379292
1863,0x005214dd,5379293
1864,0x005214de,5379294
1865,0x005214df,5379295
1866,0x005214e1,5379297
1867,0x005214e2,5379298
1868,0x005214e5,5379301
1869,0x005214e6,5379302
1870,0x005214e7,5379303
1871,0x005214e8,5379304
1872,0x005214e9,5379305
1873,0x005214ea,5379306
1874,0x005214eb,5379307
1875,0x005214ef,5379311
1876,0x005214f0,5379312
1877,0x005214f1,5379313
1878,0x005214f2,5379314
1879,0x005214f3,5379315
1880,0x005214f6,5379318
1881,0x005214f7,5379319
1882,0x005214f8,5379320
1883,0x005214fb,5379323
1884,0x005214fc,5379324
1885,0x005214fd,5379325
1886,0x005214fe,5379326
1887,0x005214ff,5379327
1888,0x00521500,5379328
1889,0x00521501,5379329
1890,0x00521505,5379333
1891,0x00521506,5379334
1892,0x00521507,5379335
1893,0x00521508,5379336
1894,0x00521509,5379337
1895,0x0052150a,5379338
1896,0x0052150d,5379341
1897,0x0052150e,5379342
1898,0x00521512,5379346
1899,0x00521513,5379347
1900,0x00521514,5379348
1901,0x00521515,5379349
1902,0x00521516,5379350
1903,0x00521517,5379351
1904,0x00521518,5379352
1905,0x0052151b,5379355
1906,0x0052151d,5379357
1907,0x0052151e,5379358
1908,0x0052151f,5379359
1909,0x00521520,5379360
1910,0x00521522,5379362
1911,0x00521523,5379363
1912,0x00521526,5379366
1913,0x00521527,5379367
1914,0x00521528,5379368
1915,0x00521529,5379369
1916,0x0052152a,5379370
1917,0x0052152b,5379371
1918,0x0052152c,5379372
1919,0x0052152d,5379373
1920,0x0052152f,5379375
1921,0x00521530,5379376
1922,0x00521531,5379377
1923,0x00521532,5379378
1924,0x00521533,5379379
1925,0x00521534,5379380
1926,0x00521536,5379382
1927,0x00521537,5379383
1928,0x0052153b,5379387
1929,0x0052153c,5379388
1930,0x0052153e,5379390
1931,0x00521540,5379392
1932,0x00521541,5379393
1933,0x00521542,5379394
1934,0x00521543,5379395
1935,0x00521547,5379399
1936,0x00521548,5379400
1937,0x0052154a,5379402
1938,0x0052154b,5379403
1939,0x0052154c,5379404
1940,0x0052154f,5379407
1941,0x00521553,5379411
1942,0x00521554,5379412
1943,0x00521555,5379413
1944,0x00521556,5379414
1945,0x00521557,5379415
1946,0x00521558,5379416
1947,0x0052155d,5379421
1948,0x0052155f,5379423
1949,0x00521560,5379424
1950,0x00521561,5379425
1951,0x00521562,5379426
1952,0x00521565,5379429
1953,0x00521566,5379430
1954,0x00521567,5379431
1955,0x0052156a,5379434
1956,0x0052156b,5379435
1957,0x0052156c,5379436
1958,0x0052156d,5379437
1959,0x0052156e,5379438
1960,0x0052156f,5379439
1961,0x00521570,5379440
1962,0x00521574,5379444
1963,0x00521575,5379445
1964,0x00521577,5379447
1965,0x00521578,5379448
1966,0x00521579,5379449
1967,0x0052157a,5379450
1968,0x0052157c,5379452
1969,0x0052157d,5379453
1970,0x00521581,5379457
1971,0x00521582,5379458
1972,0x00521583,5379459
1973,0x00521584,5379460
1974,0x00521585,5379461
1975,0x00521586,5379462
1976,0x00521589,5379465
1977,0x0052158a,5379466
1978,0x0052158c,5379468
1979,0x0052158d,5379469
1980,0x0052158e,5379470
1981,0x0052158f,5379471
1982,0x00521592,5379474
1983,0x00521596,5379478
1984,0x00521597,5379479
1985,0x00521598,5379480
1986,0x00521599,5379481
1987,0x0052159c,5379484
1988,0x0052159f,5379487
1989,0x005215a0,5379488
1990,0x005215a2,5379490
1991,0x005215a3,5379491
1992,0x005215a4,5379492
1993,0x005215a5,5379493
1994,0x005215a7,5379495
1995,0x005215a8,5379496
1996,0x005215ac,5379500
1997,0x005215ad,5379501
1998,0x005215ae,5379502
1999,0x005215af,5379503
2000,0x005215b0,5379504
2001,0x005215b1,5379505
2002,0x005215b5,5379509
2003,0x005215b7,5379511
2004,0x005215b8,5379512
2005,0x005215b9,5379513
2006,0x005215ba,5379514
2007,0x005215bc,5379516
2008,0x005215bd,5379517
2009,0x005215c1,5379521
2010,0x005215c2,5379522
2011,0x005215c3,5379523
2012,0x005215c4,5379524
2013,0x005215c5,5379525
2014,0x005215c6,5379526
2015,0x005215ca,5379530
2016,0x005215cb,5379531
2017,0x005215cd,5379533
2018,0x005215ce,5379534
2019,0x005215cf,5379535
2020,0x005215d0,5379536
2021,0x005215d3,5379539
2022,0x005215d4,5379540
2023,0x005215d5,5379541
2024,0x005215d9,5379545
2025,0x005215da,5379546
2026,0x005215db,5379547
2027,0x005215dc,5379548
2028,0x005215dd,5379549
2029,0x005215de,5379550
2030,0x005215e2,5379554
2031,0x005215e5,5379557
2032,0x005215e6,5379558
2033,0x005215e7,5379559
2034,0x005215ea,5379562
2035,0x005215ee,5379566
2036,0x005215ef,5379567
2037,0x005215f0,5379568
2038,0x005215f1,5379569
2039,0x005215f2,5379570
2040,0x005215f3,5379571
2041,0x005215f7,5379575
2042,0x005215f8,5379576
2043,0x005215fa,5379578
2044,0x005215fb,5379579
2045,0x005215fc,5379580
2046,0x005215ff,5379583
2047,0x00521603,5379587
2048,0x00521604,5379588
2049,0x00521605,5379589
2050,0x00521606,5379590
2051,0x00521607,5379591
2052,0x00521608,5379592
2053,0x00521609,5379593
2054,0x0052160d,5379597
2055,0x0052160e,5379598
2056,0x0052160f,5379599
2057,0x00521610,5379600
2058,0x00521611,5379601
2059,0x00521612,5379602
2060,0x00521615,5379605
2061,0x00521619,5379609
2062,0x0052161a,5379610
2063,0x0052161b,5379611
2064,0x0052161c,5379612
2065,0x0052161d,5379613
2066,0x0052161e,5379614
2067,0x0052161f,5379615
2068,0x00521623,5379619
2069,0x00521625,5379621
2070,0x00521626,5379622
2071,0x00521627,5379623
2072,0x00521628,5379624
2073,0x0052162a,5379626
2074,0x0052162e,5379630
2075,0x0052162f,5379631
2076,0x00521630,5379632
2077,0x00521631,5379633
2078,0x00521632,5379634
2079,0x00521633,5379635
2080,0x00521634,5379636
2081,0x00521637,5379639
2082,0x00521638,5379640
2083,0x00521639,5379641
2084,0x0052163a,5379642
2085,0x0052163b,5379643
2086,0x0052163e,5379646
2087,0x0052163f,5379647
2088,0x00521640,5379648
2089,0x00521642,5379650
2090,0x00521643,5379651
2091,0x00521644,5379652
2092,0x00521645,5379653
2093,0x00521646,5379654
2094,0x00521647,5379655
2095,0x00521648,5379656
2096,0x00521649,5379657
2097,0x0052164a,5379658
2098,0x0052164b,5379659
2099,0x0052164c,5379660
2100,0x0052164d,5379661
2101,0x00521651,5379665
2102,0x00521653,5379667
2103,0x00521654,5379668
2104,0x00521655,5379669
2105,0x00521656,5379670
2106,0x00521659,5379673
2107,0x0052165a,5379674
2108,0x0052165d,5379677
2109,0x0052165e,5379678
2110,0x0052165f,5379679
2111,0x00521660,5379680
2112,0x00521661,5379681
2113,0x00521662,5379682
2114,0x00521663,5379683
2115,0x00521666,5379686
2116,0x00521668,5379688
2117,0x00521669,5379689
2118,0x0052166a,5379690
2119,0x0052166b,5379691
2120,0x0052166c,5379692
2121,0x0052166e,5379694
2122,0x00521672,5379698
2123,0x00521673,5379699
2124,0x00521674,5379700
2125,0x00521675,5379701
2126,0x00521676,5379702
2127,0x00521677,5379703
2128,0x00521678,5379704
2129,0x0052167b,5379707
2130,0x0052167c,5379708
2131,0x0052167e,5379710
2132,0x0052167f,5379711
2133,0x00521680,5379712
2134,0x00521681,5379713
2135,0x00521683,5379715
2136,0x00521684,5379716
2137,0x00521688,5379720
2138,0x00521689,5379721
2139,0x0052168a,5379722
2140,0x0052168b,5379723
2141,0x0052168c,5379724
2142,0x0052168d,5379725
2143,0x0052168e,5379726
2144,0x00521691,5379729
2145,0x00521692,5379730
2146,0x00521693,5379731
2147,0x00521694,5379732
2148,0x00521695,5379733
2149,0x00521696,5379734
2150,0x00521698,5379736
2151,0x00521699,5379737
2152,0x0052169c,5379740
2153,0x0052169d,5379741
2154,0x0052169e,5379742
2155,0x0052169f,5379743
2156,0x005216a0,5379744
2157,0x005216a1,5379745
2158,0x005216a2,5379746
2159,0x005216a6,5379750
2160,0x005216a8,5379752
2161,0x005216a9,5379753
2162,0x005216aa,5379754
2163,0x005216ab,5379755
2164,0x005216ae,5379758
2165,0x005216af,5379759
2166,0x005216b3,5379763
2167,0x005216b4,5379764
2168,0x005216b5,5379765
2169,0x005216b6,5379766
2170,0x005216b7,5379767
2171,0x005216b8,5379768
2172,0x005216b9,5379769
2173,0x005216bc,5379772
2174,0x005216bd,5379773
2175,0x005216be,5379774
2176,0x005216bf,5379775
2177,0x005216c0,5379776
2178,0x005216c1,5379777
2179,0x005216c4,5379780
2180,0x005216c5,5379781
2181,0x005216c9,5379785
2182,0x005216ca,5379786
2183,0x005216cb,5379787
2184,0x005216cc,5379788
2185,0x005216cd,5379789
2186,0x005216ce,5379790
2187,0x005216d1,5379793
2188,0x005216d2,5379794
2189,0x005216d4,5379796
2190,0x005216d5,5379797
2191,0x005216d6,5379798
2192,0x005216d7,5379799
2193,0x005216da,5379802
2194,0x005216de,5379806
2195,0x005216df,5379807
2196,0x005216e0,5379808
2197,0x005216e1,5379809
2198,0x005216e2,5379810
2199,0x005216e3,5379811
2200,0x005216e7,5379815
2201,0x005216ea,5379818
2202,0x005216eb,5379819
2203,0x005216ec,5379820
2204,0x005216ed,5379821
2205,0x005216ef,5379823
2206,0x005216f0,5379824
2207,0x005216f1,5379825
2208,0x005216f2,5379826
2209,0x005216f3,5379827
2210,0x005216f4,5379828
2211,0x005216f5,5379829
2212,0x005216f6,5379830
2213,0x005216f7,5379831
2214,0x005216f8,5379832
2215,0x005216f9,5379833
2216,0x005216fc,5379836
2217,0x005216fd,5379837
2218,0x005216fe,5379838
2219,0x005216ff,5379839
2220,0x00521700,5379840
2221,0x00521701,5379841
2222,0x00521702,5379842
2223,0x00521709,5379849
2224,0x0052170b,5379851
2225,0x0052170c,5379852
2226,0x0052170d,5379853
2227,0x0052170e,5379854
2228,0x0052170f,5379855
2229,0x00521712,5379858
2230,0x00521713,5379859
2231,0x00521717,5379863
2232,0x00521718,5379864
2233,0x00521719,5379865
2234,0x0052171a,5379866
2235,0x0052171b,5379867
2236,0x0052171c,5379868
2237,0x0052171d,5379869
2238,0x0052171e,5379870
2239,0x0052171f,5379871
2240,0x00521722,5379874
2241,0x00521725,5379877
2242,0x00521726,5379878
2243,0x00521727,5379879
2244,0x00521728,5379880
2245,0x00521729,5379881
2246,0x0052172a,5379882
2247,0x0052172b,5379883
2248,0x0052172d,5379885
2249,0x00521731,5379889
2250,0x00521732,5379890
2251,0x00521733,5379891
2252,0x00521734,5379892
2253,0x00521735,5379893
2254,0x00521736,5379894
2255,0x00521737,5379895
2256,0x00521738,5379896
2257,0x0052173c,5379900
2258,0x0052173d,5379901
2259,0x0052173e,5379902
2260,0x0052173f,5379903
2261,0x00521740,5379904
2262,0x00521741,5379905
2263,0x00521742,5379906
2264,0x00521743,5379907
2265,0x00521744,5379908
2266,0x00521746,5379910
2267,0x00521747,5379911
2268,0x00521748,5379912
2269,0x00521749,5379913
2270,0x0052174b,5379915
2271,0x0052174c,5379916
2272,0x0052174d,5379917
2273,0x0052174e,5379918
2274,0x0052174f,5379919
2275,0x00521750,5379920
2276,0x00521754,5379924
2277,0x00521755,5379925
2278,0x00521756,5379926
2279,0x00521757,5379927
2280,0x00521758,5379928
2281,0x00521759,5379929
2282,0x0052175a,5379930
2283,0x0052175b,5379931
2284,0x0052175c,5379932
2285,0x0052175d,5379933
2286,0x0052175e,5379934
2287,0x0052175f,5379935
2288,0x00521760,5379936
2289,0x00521761,5379937
2290,0x00521762,5379938
2291,0x00521763,5379939
2292,0x00521766,5379942
2293,0x00521767,5379943
2294,0x00521768,5379944
2295,0x00521769,5379945
2296,0x0052176a,5379946
2297,0x0052176b,5379947
2298,0x0052176c,5379948
2299,0x0052176d,5379949
2300,0x0052176e,5379950
2301,0x00521771,5379953
2302,0x00521772,5379954
2303,0x00521773,5379955
2304,0x00521774,5379956
2305,0x00521775,5379957
2306,0x00521776,5379958
2307,0x00521777,5379959
2308,0x00521778,5379960
2309,0x00521779,5379961
2310,0x0052177a,5379962
2311,0x0052177b,5379963
2312,0x0052177c,5379964
2313,0x0052177f,5379967
2314,0x00521780,5379968
2315,0x00521781,5379969
2316,0x00521782,5379970
2317,0x00521783,5379971
2318,0x00521784,5379972
2319,0x00521785,5379973
2320,0x00521786,5379974
2321,0x00521787,5379975
2322,0x00521788,5379976
2323,0x00521789,5379977
2324,0x0052178b,5379979
2325,0x0052178c,5379980
2326,0x0052178d,5379981
2327,0x0052178f,5379983
2328,0x00521790,5379984
2329,0x00521791,5379985
2330,0x00521794,5379988
2331,0x00521795,5379989
2332,0x00521796,5379990
2333,0x00521797,5379991
2334,0x00521798,5379992
2335,0x0052179c,5379996
2336,0x0052179d,5379997
2337,0x0052179f,5379999
2338,0x005217a0,5380000
2339,0x005217a1,5380001
2340,0x005217a5,5380005
2341,0x005217a6,5380006
2342,0x005217a7,5380007
2343,0x005217aa,5380010
2344,0x005217ab,5380011
2345,0x005217ac,5380012
2346,0x005217ad,5380013
2347,0x005217ae,5380014
2348,0x005217af,5380015
2349,0x005217b0,5380016
2350,0x005217b1,5380017
2351,0x005217b2,5380018
2352,0x005217b7,5380023
2353,0x005217b8,5380024
2354,0x005217b9,5380025
2355,0x005217ba,5380026
2356,0x005217bb,5380027
2357,0x005217bc,5380028
2358,0x005217bd,5380029
2359,0x005217be,5380030
2360,0x005217c0,5380032
2361,0x005217c1,5380033
2362,0x005217c5,5380037
2363,0x005217c6,5380038
2364,0x005217c7,5380039
2365,0x005217c8,5380040
2366,0x005217c9,5380041
2367,0x005217ca,5380042
2368,0x005217cb,5380043
2369,0x005217cc,5380044
2370,0x005217cd,5380045
2371,0x005217d1,5380049
2372,0x005217d2,5380050
2373,0x005217d3,5380051
2374,0x005217d4,5380052
2375,0x005217d5,5380053
2376,0x005217d6,5380054
2377,0x005217d7,5380055
2378,0x005217d8,5380056
2379,0x005217db,5380059
2380,0x005217dc,5380060
2381,0x005217e0,5380064
2382,0x005217e1,5380065
2383,0x005217e2,5380066
2384,0x005217e3,5380067
2385,0x005217e4,5380068
2386,0x005217e5,5380069
2387,0x005217e8,5380072
2388,0x005217e9,5380073
2389,0x005217eb,5380075
2390,0x005217ec,5380076
2391,0x005217ed,5380077
2392,0x005217ee,5380078
2393,0x005217f1,5380081
2394,0x005217f2,5380082
2395,0x005217f3,5380083
2396,0x005217f5,5380085
2397,0x005217f6,5380086
2398,0x005217f7,5380087
2399,0x005217f8,5380088
2400,0x005217f9,5380089
2401,0x005217fa,5380090
2402,0x005217fb,5380091
2403,0x005217fc,5380092
2404,0x005217fd,5380093
2405,0x005217fe,5380094
2406,0x00521801,5380097
2407,0x00521802,5380098
2408,0x00521803,5380099
2409,0x00521804,5380100
2410,0x00521805,5380101
2411,0x00521806,5380102
2412,0x00521807,5380103
2413,0x00521808,5380104
2414,0x00521809,5380105
2415,0x0052180b,5380107
2416,0x0052180d,5380109
2417,0x0052180e,5380110
2418,0x0052180f,5380111
2419,0x00521810,5380112
2420,0x00521811,5380113
2421,0x00521812,5380114
2422,0x00521813,5380115
2423,0x00521814,5380116
2424,0x00521815,5380117
2425,0x00521816,5380118
2426,0x00521817,5380119
2427,0x00521818,5380120
2428,0x00521819,5380121
2429,0x0052181a,5380122
2430,0x0052181b,5380123
2431,0x0052181c,5380124
2432,0x0052181d,5380125
2433,0x0052181e,5380126
2434,0x00521822,5380130
2435,0x00521823,5380131
2436,0x00521824,5380132
2437,0x00521825,5380133
2438,0x00521826,5380134
2439,0x00521827,5380135
2440,0x0052182b,5380139
2441,0x0052182c,5380140
2442,0x0052182e,5380142
2443,0x0052182f,5380143
2444,0x00521830,5380144
2445,0x00521833,5380147
2446,0x00521834,5380148
2447,0x00521835,5380149
2448,0x00521838,5380152
2449,0x00521839,5380153
2450,0x0052183a,5380154
2451,0x0052183b,5380155
2452,0x0052183c,5380156
2453,0x0052183d,5380157
2454,0x0052183e,5380158
2455,0x0052183f,5380159
2456,0x00521840,5380160
2457,0x00521843,5380163
2458,0x00521844,5380164
2459,0x00521845,5380165
2460,0x00521846,5380166
2461,0x00521847,5380167
2462,0x00521848,5380168
2463,0x00521849,5380169
2464,0x0052184a,5380170
2465,0x0052184b,5380171
2466,0x0052184c,5380172
2467,0x0052184d,5380173
2468,0x0052184e,5380174
2469,0x00521851,5380177
2470,0x00521852,5380178
2471,0x00521853,5380179
2472,0x00521854,5380180
2473,0x00521855,5380181
2474,0x00521856,5380182
2475,0x00521857,5380183
2476,0x00521858,5380184
2477,0x0052185a,5380186
2478,0x0052185b,5380187
2479,0x0052185c,5380188
2480,0x0052185d,5380189
2481,0x0052185e,5380190
2482,0x0052185f,5380191
2483,0x00521860,5380192
2484,0x00521861,5380193
2485,0x00521862,5380194
2486,0x00521863,5380195
2487,0x00521866,5380198
2488,0x00521867,5380199
2489,0x00521868,5380200
2490,0x00521869,5380201
2491,0x0052186a,5380202
2492,0x0052186b,5380203
2493,0x00521870,5380208
2494,0x00521871,5380209
2495,0x00521873,5380211
2496,0x00521874,5380212
2497,0x00521875,5380213
2498,0x00521876,5380214
2499,0x00521879,5380217
2500,0x0052187a,5380218
2501,0x0052187d,5380221
2502,0x0052187e,5380222
2503,0x0052187f,5380223
2504,0x00521880,5380224
2505,0x00521881,5380225
2506,0x00521882,5380226
2507,0x00521883,5380227
2508,0x00521884,5380228
2509,0x00521885,5380229
2510,0x00521888,5380232
2511,0x00521889,5380233
2512,0x0052188a,5380234
2513,0x0052188b,5380235
2514,0x0052188c,5380236
2515,0x0052188d,5380237
2516,0x0052188e,5380238
2517,0x0052188f,5380239
2518,0x00521890,5380240
2519,0x00521891,5380241
2520,0x00521892,5380242
2521,0x00521893,5380243
2522,0x00521895,5380245
2523,0x00521896,5380246
2524,0x00521897,5380247
2525,0x00521898,5380248
2526,0x00521899,5380249
2527,0x0052189a,5380250
2528,0x0052189b,5380251
2529,0x0052189c,5380252
2530,0x0052189d,5380253
2531,0x0052189f,5380255
2532,0x005218a0,5380256
2533,0x005218a1,5380257
2534,0x005218a2,5380258
2535,0x005218a3,5380259
2536,0x005218a4,5380260
2537,0x005218a5,5380261
2538,0x005218a6,5380262
2539,0x005218a7,5380263
2540,0x005218ab,5380267
2541,0x005218ac,5380268
2542,0x005218ad,5380269
2543,0x005218ae,5380270
2544,0x005218af,5380271
2545,0x005218b0,5380272
2546,0x005218b4,5380276
2547,0x005218b6,5380278
2548,0x005218b7,5380279
2549,0x005218b8,5380280
2550,0x005218b9,5380281
2551,0x005218bc,5380284
2552,0x005218bd,5380285
2553,0x005218bf,5380287
2554,0x005218c1,5380289
2555,0x005218c2,5380290
2556,0x005218c3,5380291
2557,0x005218c4,5380292
2558,0x005218c5,5380293
2559,0x005218c6,5380294
2560,0x005218c7,5380295
2561,0x005218c8,5380296
2562,0x005218ca,5380298
2563,0x005218cb,5380299
2564,0x005218cc,5380300
2565,0x005218cd,5380301
2566,0x005218ce,5380302
2567,0x005218cf,5380303
2568,0x005218d0,5380304
2569,0x005218d1,5380305
2570,0x005218d2,5380306
2571,0x005218d3,5380307
2572,0x005218d4,5380308
2573,0x005218d7,5380311
2574,0x005218d8,5380312
2575,0x005218d9,5380313
2576,0x005218da,5380314
2577,0x005218db,5380315
2578,0x005218dc,5380316
2579,0x005218dd,5380317
2580,0x005218de,5380318
2581,0x005218df,5380319
2582,0x005218e0,5380320
2583,0x005218e1,5380321
2584,0x005218e2,5380322
2585,0x005218e3,5380323
2586,0x005218e4,5380324
2587,0x005218e5,5380325
2588,0x005218e6,5380326
2589,0x005218e7,5380327
2590,0x005218e8,5380328
2591,0x005218e9,5380329
2592,0x005218ea,5380330
2593,0x005218ec,5380332
2594,0x005218ed,5380333
2595,0x005218ee,5380334
2596,0x005218ef,5380335
2597,0x005218f0,5380336
2598,0x005218f5,5380341
2599,0x005218f6,5380342
2600,0x005218f7,5380343
2601,0x005218f8,5380344
2602,0x005218f9,5380345
2603,0x005218fa,5380346
2604,0x005218fd,5380349
2605,0x005218fe,5380350
2606,0x005218ff,5380351
2607,0x00521902,5380354
2608,0x00521903,5380355
2609,0x00521904,5380356
2610,0x00521905,5380357
2611,0x00521906,5380358
2612,0x00521907,5380359
2613,0x00521908,5380360
2614,0x00521909,5380361
2615,0x0052190b,5380363
2616,0x0052190c,5380364
2617,0x0052190d,5380365
2618,0x0052190e,5380366
2619,0x0052190f,5380367
2620,0x00521910,5380368
2621,0x00521911,5380369
2622,0x00521912,5380370
2623,0x00521913,5380371
2624,0x00521914,5380372
2625,0x00521915,5380373
2626,0x00521916,5380374
2627,0x00521917,5380375
2628,0x00521918,5380376
2629,0x00521919,5380377
2630,0x0052191a,5380378
2631,0x0052191c,5380380
2632,0x0052191d,5380381
2633,0x0052191e,5380382
2634,0x0052191f,5380383
2635,0x00521920,5380384
2636,0x00521921,5380385
2637,0x00521922,5380386
2638,0x00521923,5380387
2639,0x00521924,5380388
2640,0x00521926,5380390
2641,0x00521927,5380391
2642,0x00521928,5380392
2643,0x00521929,5380393
2644,0x0052192a,5380394
2645,0x0052192b,5380395
2646,0x0052192c,5380396
2647,0x0052192f,5380399
2648,0x00521930,5380400
2649,0x00521934,5380404
2650,0x00521935,5380405
2651,0x00521936,5380406
2652,0x00521937,5380407
2653,0x00521938,5380408
2654,0x00521939,5380409
2655,0x0052193a,5380410
2656,0x0052193b,5380411
2657,0x0052193c,5380412
2658,0x0052193d,5380413
2659,0x0052193e,5380414
2660,0x0052193f,5380415
2661,0x00521940,5380416
2662,0x00521941,5380417
2663,0x00521942,5380418
2664,0x00521943,5380419
2665,0x00521944,5380420
2666,0x00521945,5380421
2667,0x00521946,5380422
2668,0x00521947,5380423
2669,0x00521948,5380424
2670,0x00521949,5380425
2671,0x0052194a,5380426
2672,0x0052194b,5380427
2673,0x0052194c,5380428
2674,0x0052194d,5380429
2675,0x0052194e,5380430
2676,0x0052194f,5380431
2677,0x00521950,5380432
2678,0x00521951,5380433
2679,0x00521952,5380434
2680,0x00521953,5380435
2681,0x00521954,5380436
2682,0x00521955,5380437
2683,0x00521957,5380439
2684,0x00521958,5380440
2685,0x00521959,5380441
2686,0x0052195a,5380442
2687,0x0052195b,5380443
2688,0x0052195c,5380444
2689,0x0052195d,5380445
2690,0x00521960,5380448
2691,0x00521961,5380449
2692,0x00521962,5380450
2693,0x00521963,5380451
2694,0x00521964,5380452
2695,0x00521965,5380453
2696,0x00521966,5380454
2697,0x00521967,5380455
2698,0x00521968,5380456
2699,0x00521969,5380457
2700,0x0052196a,5380458
2701,0x0052196b,5380459
2702,0x0052196c,5380460
2703,0x0052196d,5380461
2704,0x0052196e,5380462
2705,0x0052196f,5380463
2706,0x00521970,5380464
2707,0x00521972,5380466
2708,0x00521973,5380467
2709,0x00521974,5380468
2710,0x00521975,5380469
2711,0x00521976,5380470
2712,0x00521977,5380471
2713,0x00521978,5380472
2714,0x00521979,5380473
2715,0x0052197a,5380474
2716,0x0052197b,5380475
2717,0x0052197d,5380477
2718,0x0052197e,5380478
2719,0x0052197f,5380479
2720,0x00521980,5380480
2721,0x00521981,5380481
2722,0x00521982,5380482
2723,0x00521983,5380483
2724,0x00521984,5380484
2725,0x00521985,5380485
2726,0x00521986,5380486
2727,0x00521987,5380487
2728,0x00521988,5380488
2729,0x00521989,5380489
2730,0x0052198a,5380490
2731,0x0052198b,5380491
2732,0x0052198d,5380493
2733,0x0052198e,5380494
2734,0x0052198f,5380495
2735,0x00521990,5380496
2736,0x00521994,5380500
2737,0x00521995,5380501
2738,0x00521996,5380502
2739,0x00521998,5380504
2740,0x00521999,5380505
2741,0x0052199a,5380506
2742,0x0052199c,5380508
2743,0x0052199d,5380509
2744,0x0052199e,5380510
2745,0x0052199f,5380511
2746,0x005219a0,5380512
2747,0x005219a1,5380513
2748,0x005219a2,5380514
2749,0x005219a3,5380515
2750,0x005219a4,5380516
2751,0x005219a5,5380517
2752,0x005219a6,5380518
2753,0x005219a7,5380519
2754,0x005219a8,5380520
2755,0x005219a9,5380521
2756,0x005219aa,5380522
2757,0x005219ab,5380523
2758,0x005219ac,5380524
2759,0x005219ad,5380525
2760,0x005219ae,5380526
2761,0x005219af,5380527
2762,0x005219b0,5380528
2763,0x005219b1,5380529
2764,0x005219b2,5380530
2765,0x005219b6,5380534
2766,0x005219b7,5380535
2767,0x005219b8,5380536
2768,0x005219b9,5380537
2769,0x005219ba,5380538
2770,0x005219bb,5380539
2771,0x005219bc,5380540
2772,0x005219bd,5380541
2773,0x005219be,5380542
2774,0x005219c1,5380545
2775,0x005219c2,5380546
2776,0x005219c4,5380548
2777,0x005219c5,5380549
2778,0x005219c6,5380550
2779,0x005219c7,5380551
2780,0x005219c8,5380552
2781,0x005219c9,5380553
2782,0x005219cc,5380556
2783,0x005219cd,5380557
2784,0x005219ce,5380558
2785,0x005219d1,5380561
2786,0x005219d2,5380562
2787,0x005219d3,5380563
2788,0x005219d4,5380564
2789,0x005219d5,5380565
2790,0x005219d6,5380566
2791,0x005219d7,5380567
2792,0x005219d8,5380568
2793,0x005219d9,5380569
2794,0x005219da,5380570
2795,0x005219db,5380571
2796,0x005219dc,5380572
2797,0x005219dd,5380573
2798,0x005219de,5380574
2799,0x005219df,5380575
2800,0x005219e0,5380576
2801,0x005219e1,5380577
2802,0x005219e2,5380578
2803,0x005219e3,5380579
2804,0x005219e4,5380580
2805,0x005219e5,5380581
2806,0x005219e6,5380582
2807,0x005219e7,5380583
2808,0x005219e9,5380585
2809,0x005219ea,5380586
2810,0x005219eb,5380587
2811,0x005219ec,5380588
2812,0x005219ed,5380589
2813,0x005219ee,5380590
2814,0x005219ef,5380591
2815,0x005219f0,5380592
2816,0x005219f1,5380593
2817,0x005219f2,5380594
2818,0x005219f3,5380595
2819,0x005219f4,5380596
2820,0x005219f5,5380597
2821,0x005219f6,5380598
2822,0x005219f7,5380599
2823,0x005219f8,5380600
2824,0x005219f9,5380601
2825,0x005219fa,5380602
2826,0x005219fb,5380603
2827,0x005219fe,5380606
2828,0x005219ff,5380607
2829,0x00521a03,5380611
2830,0x00521a04,5380612
2831,0x00521a05,5380613
2832,0x00521a06,5380614
2833,0x00521a07,5380615
2834,0x00521a08,5380616
2835,0x00521a09,5380617
2836,0x00521a0a,5380618
2837,0x00521a0b,5380619
2838,0x00521a0c,5380620
2839,0x00521a0d,5380621
2840,0x00521a0e,5380622
2841,0x00521a10,5380624
2842,0x00521a11,5380625
2843,0x00521a12,5380626
2844,0x00521a13,5380627
2845,0x00521a14,5380628
2846,0x00521a15,5380629
2847,0x00521a16,5380630
2848,0x00521a17,5380631
2849,0x00521a18,5380632
2850,0x00521a19,5380633
2851,0x00521a1a,5380634
2852,0x00521a1b,5380635
2853,0x00521a1c,5380636
2854,0x00521a1d,5380637
2855,0x00521a1e,5380638
2856,0x00521a1f,5380639
2857,0x00521a20,5380640
2858,0x00521a21,5380641
2859,0x00521a22,5380642
2860,0x00521a23,5380643
2861,0x00521a24,5380644
2862,0x00521a25,5380645
2863,0x00521a26,5380646
2864,0x00521a27,5380647
2865,0x00521a2a,5380650
2866,0x00521a2b,5380651
2867,0x00521a2c,5380652
2868,0x00521a2d,5380653
2869,0x00521a30,5380656
2870,0x00521a31,5380657
2871,0x00521a34,5380660
2872,0x00521a35,5380661
2873,0x00521a36,5380662
2874,0x00521a37,5380663
2875,0x00521a38,5380664
2876,0x00521a39,5380665
2877,0x00521a3a,5380666
2878,0x00521a3b,5380667
2879,0x00521a3c,5380668
2880,0x00521a3d,5380669
2881,0x00521a3e,5380670
2882,0x00521a3f,5380671
2883,0x00521a42,5380674
2884,0x00521a43,5380675
2885,0x00521a44,5380676
2886,0x00521a45,5380677
2887,0x00521a46,5380678
2888,0x00521a47,5380679
2889,0x00521a48,5380680
2890,0x00521a49,5380681
2891,0x00521a4a,5380682
2892,0x00521a4b,5380683
2893,0x00521a4c,5380684
2894,0x00521a4d,5380685
2895,0x00521a4f,5380687
2896,0x00521a51,5380689
2897,0x00521a52,5380690
2898,0x00521a53,5380691
2899,0x00521a54,5380692
2900,0x00521a55,5380693
2901,0x00521a56,5380694
2902,0x00521a57,5380695
2903,0x00521a58,5380696
2904,0x00521a59,5380697
2905,0x00521a5a,5380698
2906,0x00521a5c,5380700
2907,0x00521a5d,5380701
2908,0x00521a5e,5380702
2909,0x00521a5f,5380703
2910,0x00521a60,5380704
2911,0x00521a61,5380705
2912,0x00521a62,5380706
2913,0x00521a66,5380710
2914,0x00521a67,5380711
2915,0x00521a68,5380712
2916,0x00521a69,5380713
2917,0x00521a6b,5380715
2918,0x00521a6c,5380716
2919,0x00521a6d,5380717
2920,0x00521a6e,5380718
2921,0x00521a6f,5380719
2922,0x00521a70,5380720
2923,0x00521a71,5380721
2924,0x00521a72,5380722
2925,0x00521a73,5380723
2926,0x00521a74,5380724
2927,0x00521a75,5380725
2928,0x00521a76,5380726
2929,0x00521a77,5380727
2930,0x00521a78,5380728
2931,0x00521a79,5380729
2932,0x00521a7a,5380730
2933,0x00521a7b,5380731
2934,0x00521a7c,5380732
2935,0x00521a7d,5380733
2936,0x00521a7e,5380734
2937,0x00521a7f,5380735
2938,0x00521a80,5380736
2939,0x00521a81,5380737
2940,0x00521a82,5380738
2941,0x00521a83,5380739
2942,0x00521a84,5380740
2943,0x00521a85,5380741
2944,0x00521a86,5380742
2945,0x00521a87,5380743
2946,0x00521a88,5380744
2947,0x00521a89,5380745
2948,0x00521a8a,5380746
2949,0x00521a8b,5380747
2950,0x00521a8c,5380748
2951,0x00521a8d,5380749
2952,0x00521a8e,5380750
2953,0x00521a8f,5380751
2954,0x00521a91,5380753
2955,0x00521a92,5380754
2956,0x00521a93,5380755
2957,0x00521a94,5380756
2958,0x00521a97,5380759
2959,0x00521a98,5380760
2960,0x00521a99,5380761
2961,0x00521a9b,5380763
2962,0x00521a9c,5380764
2963,0x00521a9d,5380765
2964,0x00521a9e,5380766
2965,0x00521a9f,5380767
2966,0x00521aa0,5380768
2967,0x00521aa1,5380769
2968,0x00521aa2,5380770
2969,0x00521aa3,5380771
2970,0x00521aa4,5380772
2971,0x00521aa5,5380773
2972,0x00521aa6,5380774
2973,0x00521aa7,5380775
2974,0x00521aa9,5380777
2975,0x00521aaa,5380778
2976,0x00521aab,5380779
2977,0x00521aac,5380780
2978,0x00521aad,5380781
2979,0x00521aae,5380782
2980,0x00521aaf,5380783
2981,0x00521ab0,5380784
2982,0x00521ab1,5380785
2983,0x00521ab2,5380786
2984,0x00521ab3,5380787
2985,0x00521ab4,5380788
2986,0x00521ab5,5380789
2987,0x00521ab6,5380790
2988,0x00521ab7,5380791
2989,0x00521ab8,5380792
2990,0x00521ab9,5380793
2991,0x00521aba,5380794
2992,0x00521abb,5380795
2993,0x00521abc,5380796
2994,0x00521abd,5380797
2995,0x00521abe,5380798
2996,0x00521abf,5380799
2997,0x00521ac0,5380800
2998,0x00521ac2,5380802
2999,0x00521ac4,5380804
3000,0x00521ac5,5380805
3001,0x00521ac6,5380806
3002,0x00521ac7,5380807
3003,0x00521aca,5380810
3004,0x00521acb,5380811
3005,0x00521acd,5380813
3006,0x00521acf,5380815
3007,0x00521ad0,5380816
3008,0x00521ad1,5380817
3009,0x00521ad2,5380818
3010,0x00521ad3,5380819
3011,0x00521ad4,5380820
3012,0x00521ad5,5380821
3013,0x00521ad6,5380822
3014,0x00521ad7,5380823
3015,0x00521ad8,5380824
3016,0x00521ad9,5380825
3017,0x00521adb,5380827
3018,0x00521adc,5380828
3019,0x00521add,5380829
3020,0x00521ade,5380830
3021,0x00521adf,5380831
3022,0x00521ae0,5380832
3023,0x00521ae1,5380833
3024,0x00521ae2,5380834
3025,0x00521ae3,5380835
3026,0x00521ae4,5380836
3027,0x00521ae5,5380837
3028,0x00521ae7,5380839
3029,0x00521ae8,5380840
3030,0x00521ae9,5380841
3031,0x00521aee,5380846
3032,0x00521aef,5380847
3033,0x00521af0,5380848
3034,0x00521af1,5380849
3035,0x00521af2,5380850
3036,0x00521af3,5380851
3037,0x00521af4,5380852
3038,0x00521af8,5380856
3039,0x00521af9,5380857
3040,0x00521afa,5380858
3041,0x00521afb,5380859
3042,0x00521afc,5380860
3043,0x00521aff,5380863
3044,0x00521b00,5380864
3045,0x00521b01,5380865
3046,0x00521b04,5380868
3047,0x00521b05,5380869
3048,0x00521b06,5380870
3049,0x00521b07,5380871
3050,0x00521b08,5380872
3051,0x00521b09,5380873
3052,0x00521b0a,5380874
3053,0x00521b0b,5380875
3054,0x00521b0c,5380876
3055,0x00521b0d,5380877
3056,0x00521b0e,5380878
3057,0x00521b0f,5380879
3058,0x00521b11,5380881
3059,0x00521b12,5380882
3060,0x00521b13,5380883
3061,0x00521b14,5380884
3062,0x00521b15,5380885
3063,0x00521b16,5380886
3064,0x00521b17,5380887
3065,0x00521b18,5380888
3066,0x00521b19,5380889
3067,0x00521b1a,5380890
3068,0x00521b1b,5380891
3069,0x00521b1c,5380892
3070,0x00521b1d,5380893
3071,0x00521b1f,5380895
3072,0x00521b20,5380896
3073,0x00521b21,5380897
3074,0x00521b22,5380898
3075,0x00521b23,5380899
3076,0x00521b24,5380900
3077,0x00521b25,5380901
3078,0x00521b26,5380902
3079,0x00521b29,5380905
3080,0x00521b2a,5380906
3081,0x00521b2b,5380907
3082,0x00521b2c,5380908
3083,0x00521b2d,5380909
3084,0x00521b2e,5380910
3085,0x00521b2f,5380911
3086,0x00521b30,5380912
3087,0x00521b31,5380913
3088,0x00521b34,5380916
3089,0x00521b35,5380917
3090,0x00521b36,5380918
3091,0x00521b39,5380921
3092,0x00521b3a,5380922
3093,0x00521b3b,5380923
3094,0x00521b3c,5380924
3095,0x00521b3d,5380925
3096,0x00521b3e,5380926
3097,0x00521b3f,5380927
3098,0x00521b40,5380928
3099,0x00521b41,5380929
3100,0x00521b42,5380930
3101,0x00521b43,5380931
3102,0x00521b44,5380932
3103,0x00521b45,5380933
3104,0x00521b46,5380934
3105,0x00521b47,5380935
3106,0x00521b48,5380936
3107,0x00521b49,5380937
3108,0x00521b4a,5380938
3109,0x00521b4b,5380939
3110,0x00521b4c,5380940
3111,0x00521b4d,5380941
3112,0x00521b4e,5380942
3113,0x00521b50,5380944
3114,0x00521b51,5380945
3115,0x00521b52,5380946
3116,0x00521b53,5380947
3117,0x00521b54,5380948
3118,0x00521b55,5380949
3119,0x00521b56,5380950
3120,0x00521b57,5380951
3121,0x00521b58,5380952
3122,0x00521b59,5380953
3123,0x00521b5a,5380954
3124,0x00521b5b,5380955
3125,0x00521b5c,5380956
3126,0x00521b5d,5380957
3127,0x00521b5f,5380959
3128,0x00521b60,5380960
3129,0x00521b61,5380961
3130,0x00521b62,5380962
3131,0x00521b63,5380963
3132,0x00521b64,5380964
3133,0x00521b66,5380966
3134,0x00521b67,5380967
3135,0x00521b68,5380968
3136,0x00521b69,5380969
3137,0x00521b6c,5380972
3138,0x00521b6d,5380973
3139,0x00521b6e,5380974
3140,0x00521b6f,5380975
3141,0x00521b70,5380976
3142,0x00521b71,5380977
3143,0x00521b72,5380978
3144,0x00521b73,5380979
3145,0x00521b74,5380980
3146,0x00521b75,5380981
3147,0x00521b76,5380982
3148,0x00521b77,5380983
3149,0x00521b79,5380985
3150,0x00521b7a,5380986
3151,0x00521b7b,5380987
3152,0x00521b7c,5380988
3153,0x00521b7d,5380989
3154,0x00521b7e,5380990
3155,0x00521b7f,5380991
3156,0x00521b80,5380992
3157,0x00521b81,5380993
3158,0x00521b82,5380994
3159,0x00521b83,5380995
3160,0x00521b84,5380996
3161,0x00521b85,5380997
3162,0x00521b86,5380998
3163,0x00521b8a,5381002
3164,0x00521b8b,5381003
3165,0x00521b8c,5381004
3166,0x00521b8d,5381005
3167,0x00521b8e,5381006
3168,0x00521b8f,5381007
3169,0x00521b90,5381008
3170,0x00521b91,5381009
3171,0x00521b92,5381010
3172,0x00521b96,5381014
3173,0x00521b97,5381015
3174,0x00521b98,5381016
3175,0x00521b99,5381017
3176,0x00521b9a,5381018
3177,0x00521b9b,5381019
3178,0x00521b9c,5381020
3179,0x00521b9d,5381021
3180,0x00521b9e,5381022
3181,0x00521ba1,5381025
3182,0x00521ba2,5381026
3183,0x00521ba4,5381028
3184,0x00521ba6,5381030
3185,0x00521ba7,5381031
3186,0x00521ba8,5381032
3187,0x00521ba9,5381033
3188,0x00521baa,5381034
3189,0x00521bab,5381035
3190,0x00521bac,5381036
3191,0x00521bad,5381037
3192,0x00521bae,5381038
3193,0x00521baf,5381039
3194,0x00521bb0,5381040
3195,0x00521bb1,5381041
3196,0x00521bb4,5381044
3197,0x00521bb5,5381045
3198,0x00521bb7,5381047
3199,0x00521bb8,5381048
3200,0x00521bb9,5381049
3201,0x00521bba,5381050
3202,0x00521bbb,5381051
3203,0x00521bbc,5381052
3204,0x00521bbd,5381053
3205,0x00521bbe,5381054
3206,0x00521bbf,5381055
3207,0x00521bc0,5381056
3208,0x00521bc1,5381057
3209,0x00521bc5,5381061
3210,0x00521bc6,5381062
3211,0x00521bc7,5381063
3212,0x00521bc8,5381064
3213,0x00521bc9,5381065
3214,0x00521bca,5381066
3215,0x00521bcb,5381067
3216,0x00521bcc,5381068
3217,0x00521bcd,5381069
3218,0x00521bce,5381070
3219,0x00521bd1,5381073
3220,0x00521bd2,5381074
3221,0x00521bd3,5381075
3222,0x00521bd4,5381076
3223,0x00521bd5,5381077
3224,0x00521bd6,5381078
3225,0x00521bd7,5381079
3226,0x00521bd8,5381080
3227,0x00521bd9,5381081
3228,0x00521bdc,5381084
3229,0x00521bdd,5381085
3230,0x00521bdf,5381087
3231,0x00521be1,5381089
3232,0x00521be2,5381090
3233,0x00521be3,5381091
3234,0x00521be4,5381092
3235,0x00521be5,5381093
3236,0x00521be6,5381094
3237,0x00521be7,5381095
3238,0x00521be8,5381096
3239,0x00521be9,5381097
3240,0x00521bea,5381098
3241,0x00521beb,5381099
3242,0x00521bec,5381100
3243,0x00521bee,5381102
3244,0x00521bef,5381103
3245,0x00521bf0,5381104
3246,0x00521bf1,5381105
3247,0x00521bf2,5381106
3248,0x00521bf3,5381107
3249,0x00521bf4,5381108
3250,0x00521bf5,5381109
3251,0x00521bf6,5381110
3252,0x00521bf7,5381111
3253,0x00521bf8,5381112
3254,0x00521bf9,5381113
3255,0x00521bfa,5381114
3256,0x00521bfb,5381115
3257,0x00521bfc,5381116
3258,0x00521bff,5381119
3259,0x00521c00,5381120
3260,0x00521c01,5381121
3261,0x00521c02,5381122
3262,0x00521c03,5381123
3263,0x00521c04,5381124
3264,0x00521c05,5381125
3265,0x00521c06,5381126
3266,0x00521c07,5381127
3267,0x00521c0a,5381130
3268,0x00521c0b,5381131
3269,0x00521c0c,5381132
3270,0x00521c0d,5381133
3271,0x00521c0e,5381134
3272,0x00521c0f,5381135
3273,0x00521c10,5381136
3274,0x00521c11,5381137
3275,0x00521c12,5381138
3276,0x00521c15,5381141
3277,0x00521c16,5381142
3278,0x00521c17,5381143
3279,0x00521c1a,5381146
3280,0x00521c1b,5381147
3281,0x00521c1c,5381148
3282,0x00521c1d,5381149
3283,0x00521c1e,5381150
3284,0x00521c1f,5381151
3285,0x00521c20,5381152
3286,0x00521c21,5381153
3287,0x00521c22,5381154
3288,0x00521c23,5381155
3289,0x00521c24,5381156
3290,0x00521c25,5381157
3291,0x00521c26,5381158
3292,0x00521c27,5381159
3293,0x00521c28,5381160
3294,0x00521c29,5381161
3295,0x00521c2a,5381162
3296,0x00521c2b,5381163
3297,0x00521c2c,5381164
3298,0x00521c2d,5381165
3299,0x00521c2e,5381166
3300,0x00521c2f,5381167
3301,0x00521c30,5381168
3302,0x00521c31,5381169
3303,0x00521c32,5381170
3304,0x00521c33,5381171
3305,0x00521c34,5381172
3306,0x00521c35,5381173
3307,0x00521c36,5381174
3308,0x00521c37,5381175
3309,0x00521c38,5381176
3310,0x00521c39,5381177
3311,0x00521c3a,5381178
3312,0x00521c3c,5381180
3313,0x00521c3d,5381181
3314,0x00521c3e,5381182
3315,0x00521c3f,5381183
3316,0x00521c40,5381184
3317,0x00521c41,5381185
3318,0x00521c42,5381186
3319,0x00521c43,5381187
3320,0x00521c47,5381191
3321,0x00521c48,5381192
3322,0x00521c4b,5381195
3323,0x00521c4c,5381196
3324,0x00521c4d,5381197
3325,0x00521c4e,5381198
3326,0x00521c4f,5381199
3327,0x00521c50,5381200
3328,0x00521c51,5381201
3329,0x00521c52,5381202
3330,0x00521c53,5381203
3331,0x00521c54,5381204
3332,0x00521c55,5381205
3333,0x00521c56,5381206
3334,0x00521c58,5381208
3335,0x00521c5a,5381210
3336,0x00521c5b,5381211
3337,0x00521c5c,5381212
3338,0x00521c5d,5381213
3339,0x00521c5e,5381214
3340,0x00521c5f,5381215
3341,0x00521c60,5381216
3342,0x00521c61,5381217
3343,0x00521c62,5381218
3344,0x00521c63,5381219
3345,0x00521c64,5381220
3346,0x00521c65,5381221
3347,0x00521c69,5381225
3348,0x00521c6a,5381226
3349,0x00521c6b,5381227
3350,0x00521c6c,5381228
3351,0x00521c6d,5381229
3352,0x00521c6e,5381230
3353,0x00521c6f,5381231
3354,0x00521c70,5381232
3355,0x00521c72,5381234
3356,0x00521c74,5381236
3357,0x00521c75,5381237
3358,0x00521c76,5381238
3359,0x00521c77,5381239
3360,0x00521c78,5381240
3361,0x00521c79,5381241
3362,0x00521c7a,5381242
3363,0x00521c7e,5381246
3364,0x00521c7f,5381247
3365,0x00521c80,5381248
3366,0x00521c82,5381250
3367,0x00521c83,5381251
3368,0x00521c84,5381252
3369,0x00521c85,5381253
3370,0x00521c86,5381254
3371,0x00521c87,5381255
3372,0x00521c88,5381256
3373,0x00521c89,5381257
3374,0x00521c8a,5381258
3375,0x00521c8b,5381259
3376,0x00521c8c,5381260
3377,0x00521c8d,5381261
3378,0x00521c8e,5381262
3379,0x00521c90,5381264
3380,0x00521c91,5381265
3381,0x00521c92,5381266
3382,0x00521c94,5381268
3383,0x00521c95,5381269
3384,0x00521c96,5381270
3385,0x00521c97,5381271
3386,0x00521c98,5381272
3387,0x00521c99,5381273
3388,0x00521c9a,5381274
3389,0x00521c9c,5381276
3390,0x00521c9d,5381277
3391,0x00521c9e,5381278
3392,0x00521c9f,5381279
3393,0x00521ca0,5381280
3394,0x00521ca1,5381281
3395,0x00521ca2,5381282
3396,0x00521ca3,5381283
3397,0x00521ca4,5381284
3398,0x00521ca5,5381285
3399,0x00521ca6,5381286
3400,0x00521ca7,5381287
3401,0x00521ca8,5381288
3402,0x00521ca9,5381289
3403,0x00521caa,5381290
3404,0x00521cab,5381291
3405,0x00521cad,5381293
3406,0x00521cae,5381294
3407,0x00521caf,5381295
3408,0x00521cb3,5381299
3409,0x00521cb4,5381300
3410,0x00521cb5,5381301
3411,0x00521cb7,5381303
3412,0x00521cb8,5381304
3413,0x00521cb9,5381305
3414,0x00521cba,5381306
3415,0x00521cbb,5381307
3416,0x00521cbc,5381308
3417,0x00521cbd,5381309
3418,0x00521cbe,5381310
3419,0x00521cbf,5381311
3420,0x00521cc0,5381312
3421,0x00521cc1,5381313
3422,0x00521cc2,5381314
3423,0x00521cc4,5381316
3424,0x00521cc5,5381317
3425,0x00521cc6,5381318
3426,0x00521cc7,5381319
3427,0x00521cc8,5381320
3428,0x00521cc9,5381321
3429,0x00521cca,5381322
3430,0x00521ccb,5381323
3431,0x00521ccc,5381324
3432,0x00521ccd,5381325
3433,0x00521cce,5381326
3434,0x00521ccf,5381327
3435,0x00521cd0,5381328
3436,0x00521cd1,5381329
3437,0x00521cd2,5381330
3438,0x00521cd3,5381331
3439,0x00521cd4,5381332
3440,0x00521cd5,5381333
3441,0x00521cd6,5381334
3442,0x00521cd7,5381335
3443,0x00521cd8,5381336
3444,0x00521cda,5381338
3445,0x00521cdb,5381339
3446,0x00521cdc,5381340
3447,0x00521cdd,5381341
3448,0x00521cde,5381342
3449,0x00521cdf,5381343
3450,0x00521ce0,5381344
3451,0x00521ce1,5381345
3452,0x00521ce4,5381348
3453,0x00521ce5,5381349
3454,0x00521ce9,5381353
3455,0x00521cea,5381354
3456,0x00521ceb,5381355
3457,0x00521cec,5381356
3458,0x00521ced,5381357
3459,0x00521cee,5381358
3460,0x00521cef,5381359
3461,0x00521cf0,5381360
3462,0x00521cf1,5381361
3463,0x00521cf2,5381362
3464,0x00521cf3,5381363
3465,0x00521cf4,5381364
3466,0x00521cf5,5381365
3467,0x00521cf6,5381366
3468,0x00521cf7,5381367
3469,0x00521cf8,5381368
3470,0x00521cf9,5381369
3471,0x00521cfa,5381370
3472,0x00521cfb,5381371
3473,0x00521cfc,5381372
3474,0x00521cfd,5381373
3475,0x00521cfe,5381374
3476,0x00521cff,5381375
3477,0x00521d01,5381377
3478,0x00521d03,5381379
3479,0x00521d04,5381380
3480,0x00521d05,5381381
3481,0x00521d06,5381382
3482,0x00521d07,5381383
3483,0x00521d08,5381384
3484,0x00521d09,5381385
3485,0x00521d0a,5381386
3486,0x00521d0b,5381387
3487,0x00521d0c,5381388
3488,0x00521d0d,5381389
3489,0x00521d0e,5381390
3490,0x00521d0f,5381391
3491,0x00521d10,5381392
3492,0x00521d11,5381393
3493,0x00521d12,5381394
3494,0x00521d13,5381395
3495,0x00521d15,5381397
3496,0x00521d16,5381398
3497,0x00521d17,5381399
3498,0x00521d1a,5381402
3499,0x00521d1b,5381403
3500,0x00521d1c,5381404
3501,0x00521d1d,5381405
3502,0x00521d1e,5381406
3503,0x00521d1f,5381407
3504,0x00521d20,5381408
3505,0x00521d21,5381409
3506,0x00521d22,5381410
3507,0x00521d23,5381411
3508,0x00521d24,5381412
3509,0x00521d25,5381413
3510,0x00521d26,5381414
3511,0x00521d28,5381416
3512,0x00521d29,5381417
3513,0x00521d2a,5381418
3514,0x00521d2b,5381419
3515,0x00521d2c,5381420
3516,0x00521d2d,5381421
3517,0x00521d2e,5381422
3518,0x00521d2f,5381423
3519,0x00521d30,5381424
3520,0x00521d31,5381425
3521,0x00521d32,5381426
3522,0x00521d33,5381427
3523,0x00521d37,5381431
3524,0x00521d38,5381432
3525,0x00521d39,5381433
3526,0x00521d3a,5381434
3527,0x00521d3b,5381435
3528,0x00521d3c,5381436
3529,0x00521d3d,5381437
3530,0x00521d3e,5381438
3531,0x00521d3f,5381439
3532,0x00521d43,5381443
3533,0x00521d44,5381444
3534,0x00521d45,5381445
3535,0x00521d46,5381446
3536,0x00521d47,5381447
3537,0x00521d48,5381448
3538,0x00521d49,5381449
3539,0x00521d4a,5381450
3540,0x00521d4b,5381451
3541,0x00521d4e,5381454
3542,0x00521d4f,5381455
3543,0x00521d50,5381456
3544,0x00521d53,5381459
3545,0x00521d54,5381460
3546,0x00521d55,5381461
3547,0x00521d56,5381462
3548,0x00521d57,5381463
3549,0x00521d58,5381464
3550,0x00521d59,5381465
3551,0x00521d5a,5381466
3552,0x00521d5b,5381467
3553,0x00521d5c,5381468
3554,0x00521d5d,5381469
3555,0x00521d5f,5381471
3556,0x00521d60,5381472
3557,0x00521d61,5381473
3558,0x00521d62,5381474
3559,0x00521d63,5381475
3560,0x00521d64,5381476
3561,0x00521d65,5381477
3562,0x00521d66,5381478
3563,0x00521d67,5381479
3564,0x00521d68,5381480
3565,0x00521d69,5381481
3566,0x00521d6a,5381482
3567,0x00521d6b,5381483
3568,0x00521d6c,5381484
3569,0x00521d6d,5381485
3570,0x00521d6e,5381486
3571,0x00521d6f,5381487
3572,0x00521d70,5381488
3573,0x00521d71,5381489
3574,0x00521d72,5381490
3575,0x00521d73,5381491
3576,0x00521d75,5381493
3577,0x00521d76,5381494
3578,0x00521d77,5381495
3579,0x00521d78,5381496
3580,0x00521d7a,5381498
3581,0x00521d7b,5381499
3582,0x00521d7c,5381500
3583,0x00521d7f,5381503
3584,0x00521d80,5381504
3585,0x00521d81,5381505
3586,0x00521d82,5381506
3587,0x00521d84,5381508
3588,0x00521d85,5381509
3589,0x00521d86,5381510
3590,0x00521d87,5381511
3591,0x00521d88,5381512
3592,0x00521d89,5381513
3593,0x00521d8a,5381514
3594,0x00521d8b,5381515
3595,0x00521d8c,5381516
3596,0x00521d8d,5381517
3597,0x00521d8e,5381518
3598,0x00521d8f,5381519
3599,0x00521d90,5381520
3600,0x00521d91,5381521
3601,0x00521d92,5381522
3602,0x00521d93,5381523
3603,0x00521d94,5381524
3604,0x00521d95,5381525
3605,0x00521d96,5381526
3606,0x00521d97,5381527
3607,0x00521d98,5381528
3608,0x00521d99,5381529
3609,0x00521d9a,5381530
3610,0x00521d9b,5381531
3611,0x00521d9c,5381532
3612,0x00521d9d,5381533
3613,0x00521d9f,5381535
3614,0x00521da0,5381536
3615,0x00521da1,5381537
3616,0x00521da2,5381538
3617,0x00521da3,5381539
3618,0x00521da4,5381540
3619,0x00521da5,5381541
3620,0x00521da6,5381542
3621,0x00521da7,5381543
3622,0x00521da8,5381544
3623,0x00521dab,5381547
3624,0x00521dac,5381548
3625,0x00521dad,5381549
3626,0x00521dae,5381550
3627,0x00521daf,5381551
3628,0x00521db0,5381552
3629,0x00521db1,5381553
3630,0x00521db2,5381554
3631,0x00521db3,5381555
3632,0x00521db7,5381559
3633,0x00521db8,5381560
3634,0x00521dbb,5381563
3635,0x00521dbc,5381564
3636,0x00521dbd,5381565
3637,0x00521dbe,5381566
3638,0x00521dbf,5381567
3639,0x00521dc0,5381568
3640,0x00521dc1,5381569
3641,0x00521dc2,5381570
3642,0x00521dc3,5381571
3643,0x00521dc4,5381572
3644,0x00521dc5,5381573
3645,0x00521dc6,5381574
3646,0x00521dc8,5381576
3647,0x00521dc9,5381577
3648,0x00521dca,5381578
3649,0x00521dcb,5381579
3650,0x00521dcc,5381580
3651,0x00521dcd,5381581
3652,0x00521dce,5381582
3653,0x00521dcf,5381583
3654,0x00521dd0,5381584
3655,0x00521dd1,5381585
3656,0x00521dd2,5381586
3657,0x00521dd3,5381587
3658,0x00521dd5,5381589
3659,0x00521dd6,5381590
3660,0x00521dd7,5381591
3661,0x00521dd8,5381592
3662,0x00521dd9,5381593
3663,0x00521dda,5381594
3664,0x00521ddb,5381595
3665,0x00521ddc,5381596
3666,0x00521ddd,5381597
3667,0x00521dde,5381598
3668,0x00521de0,5381600
3669,0x00521de2,5381602
3670,0x00521de3,5381603
3671,0x00521de4,5381604
3672,0x00521de6,5381606
3673,0x00521de7,5381607
3674,0x00521de8,5381608
3675,0x00521de9,5381609
3676,0x00521dec,5381612
3677,0x00521ded,5381613
3678,0x00521dee,5381614
3679,0x00521def,5381615
3680,0x00521df1,5381617
3681,0x00521df2,5381618
3682,0x00521df3,5381619
3683,0x00521df4,5381620
3684,0x00521df5,5381621
3685,0x00521df6,5381622
3686,0x00521df7,5381623
3687,0x00521df8,5381624
3688,0x00521df9,5381625
3689,0x00521dfa,5381626
3690,0x00521dfb,5381627
3691,0x00521dfc,5381628
3692,0x00521dff,5381631
3693,0x00521e00,5381632
3694,0x00521e01,5381633
3695,0x00521e02,5381634
3696,0x00521e03,5381635
3697,0x00521e04,5381636
3698,0x00521e05,5381637
3699,0x00521e06,5381638
3700,0x00521e07,5381639
3701,0x00521e08,5381640
3702,0x00521e09,5381641
3703,0x00521e0a,5381642
3704,0x00521e0b,5381643
3705,0x00521e0c,5381644
3706,0x00521e0d,5381645
3707,0x00521e0e,5381646
3708,0x00521e11,5381649
3709,0x00521e12,5381650
3710,0x00521e13,5381651
3711,0x00521e14,5381652
3712,0x00521e15,5381653
3713,0x00521e16,5381654
3714,0x00521e17,5381655
3715,0x00521e18,5381656
3716,0x00521e19,5381657
3717,0x00521e1c,5381660
3718,0x00521e1d,5381661
3719,0x00521e1e,5381662
3720,0x00521e1f,5381663
3721,0x00521e20,5381664
3722,0x00521e21,5381665
3723,0x00521e22,5381666
3724,0x00521e23,5381667
3725,0x00521e24,5381668
3726,0x00521e27,5381671
3727,0x00521e28,5381672
3728,0x00521e2c,5381676
3729,0x00521e2d,5381677
3730,0x00521e2e,5381678
3731,0x00521e2f,5381679
3732,0x00521e30,5381680
3733,0x00521e31,5381681
3734,0x00521e32,5381682
3735,0x00521e33,5381683
3736,0x00521e34,5381684
3737,0x00521e35,5381685
3738,0x00521e36,5381686
3739,0x00521e37,5381687
3740,0x00521e39,5381689
3741,0x00521e3a,5381690
3742,0x00521e3b,5381691
3743,0x00521e3c,5381692
3744,0x00521e3d,5381693
3745,0x00521e3e,5381694
3746,0x00521e3f,5381695
3747,0x00521e40,5381696
3748,0x00521e41,5381697
3749,0x00521e42,5381698
3750,0x00521e43,5381699
3751,0x00521e44,5381700
3752,0x00521e47,5381703
3753,0x00521e48,5381704
3754,0x00521e49,5381705
3755,0x00521e4a,5381706
3756,0x00521e4b,5381707
3757,0x00521e4c,5381708
3758,0x00521e4d,5381709
3759,0x00521e4e,5381710
3760,0x00521e4f,5381711
3761,0x00521e50,5381712
3762,0x00521e53,5381715
3763,0x00521e54,5381716
3764,0x00521e55,5381717
3765,0x00521e56,5381718
3766,0x00521e57,5381719
3767,0x00521e58,5381720
3768,0x00521e59,5381721
3769,0x00521e5a,5381722
3770,0x00521e5b,5381723
3771,0x00521e5e,5381726
3772,0x00521e5f,5381727
3773,0x00521e61,5381729
3774,0x00521e63,5381731
3775,0x00521e64,5381732
3776,0x00521e65,5381733
3777,0x00521e66,5381734
3778,0x00521e67,5381735
3779,0x00521e68,5381736
3780,0x00521e69,5381737
3781,0x00521e6a,5381738
3782,0x00521e6b,5381739
3783,0x00521e6c,5381740
3784,0x00521e6d,5381741
3785,0x00521e6e,5381742
3786,0x00521e70,5381744
3787,0x00521e71,5381745
3788,0x00521e72,5381746
3789,0x00521e73,5381747
3790,0x00521e74,5381748
3791,0x00521e75,5381749
3792,0x00521e76,5381750
3793,0x00521e77,5381751
3794,0x00521e78,5381752
3795,0x00521e79,5381753
3796,0x00521e7a,5381754
3797,0x00521e7b,5381755
3798,0x00521e7c,5381756
3799,0x00521e7d,5381757
3800,0x00521e7e,5381758
3801,0x00521e7f,5381759
3802,0x00521e80,5381760
3803,0x00521e81,5381761
3804,0x00521e82,5381762
3805,0x00521e83,5381763
3806,0x00521e85,5381765
3807,0x00521e86,5381766
3808,0x00521e87,5381767
3809,0x00521e88,5381768
3810,0x00521e89,5381769
3811,0x00521e8a,5381770
3812,0x00521e8b,5381771
3813,0x00521e8d,5381773
3814,0x00521e8e,5381774
3815,0x00521e8f,5381775
3816,0x00521e90,5381776
3817,0x00521e92,5381778
3818,0x00521e93,5381779
3819,0x00521e94,5381780
3820,0x00521e95,5381781
3821,0x00521e96,5381782
3822,0x00521e97,5381783
3823,0x00521e98,5381784
3824,0x00521e99,5381785
3825,0x00521e9a,5381786
3826,0x00521e9b,5381787
3827,0x00521e9c,5381788
3828,0x00521e9d,5381789
3829,0x00521e9e,5381790
3830,0x00521e9f,5381791
3831,0x00521ea0,5381792
3832,0x00521ea1,5381793
3833,0x00521ea2,5381794
3834,0x00521ea3,5381795
3835,0x00521ea4,5381796
3836,0x00521ea5,5381797
3837,0x00521ea6,5381798
3838,0x00521ea7,5381799
3839,0x00521ea8,5381800
3840,0x00521ea9,5381801
3841,0x00521eaa,5381802
3842,0x00521eac,5381804
3843,0x00521ead,5381805
3844,0x00521eae,5381806
3845,0x00521eaf,5381807
3846,0x00521eb0,5381808
3847,0x00521eb1,5381809
3848,0x00521eb2,5381810
3849,0x00521eb3,5381811
3850,0x00521eb4,5381812
3851,0x00521eb5,5381813
3852,0x00521eb6,5381814
3853,0x00521eb8,5381816
3854,0x00521eb9,5381817
3855,0x00521eba,5381818
3856,0x00521ebb,5381819
3857,0x00521ebe,5381822
3858,0x00521ebf,5381823
3859,0x00521ec0,5381824
3860,0x00521ec4,5381828
3861,0x00521ec5,5381829
3862,0x00521ec6,5381830
3863,0x00521ec7,5381831
3864,0x00521ec8,5381832
3865,0x00521ec9,5381833
3866,0x00521eca,5381834
3867,0x00521ecb,5381835
3868,0x00521ecc,5381836
3869,0x00521ecd,5381837
3870,0x00521ece,5381838
3871,0x00521ecf,5381839
3872,0x00521ed0,5381840
3873,0x00521ed1,5381841
3874,0x00521ed2,5381842
3875,0x00521ed3,5381843
3876,0x00521ed6,5381846
3877,0x00521ed7,5381847
3878,0x00521ed8,5381848
3879,0x00521ed9,5381849
3880,0x00521eda,5381850
3881,0x00521edb,5381851
3882,0x00521edc,5381852
3883,0x00521edd,5381853
3884,0x00521ede,5381854
3885,0x00521edf,5381855
3886,0x00521ee0,5381856
3887,0x00521ee1,5381857
3888,0x00521ee2,5381858
3889,0x00521ee3,5381859
3890,0x00521ee4,5381860
3891,0x00521ee7,5381863
3892,0x00521ee8,5381864
3893,0x00521ee9,5381865
3894,0x00521eea,5381866
3895,0x00521eeb,5381867
3896,0x00521eec,5381868
3897,0x00521eed,5381869
3898,0x00521eee,5381870
3899,0x00521eef,5381871
3900,0x00521ef1,5381873
3901,0x00521ef2,5381874
3902,0x00521ef3,5381875
3903,0x00521ef4,5381876
3904,0x00521ef5,5381877
3905,0x00521ef6,5381878
3906,0x00521ef7,5381879
3907,0x00521ef8,5381880
3908,0x00521efb,5381883
3909,0x00521efc,5381884
3910,0x00521efd,5381885
3911,0x00521efe,5381886
3912,0x00521eff,5381887
3913,0x00521f00,5381888
3914,0x00521f01,5381889
3915,0x00521f02,5381890
3916,0x00521f03,5381891
3917,0x00521f04,5381892
3918,0x00521f05,5381893
3919,0x00521f06,5381894
3920,0x00521f07,5381895
3921,0x00521f08,5381896
3922,0x00521f09,5381897
3923,0x00521f0a,5381898
3924,0x00521f0c,5381900
3925,0x00521f0d,5381901
3926,0x00521f0e,5381902
3927,0x00521f0f,5381903
3928,0x00521f10,5381904
3929,0x00521f11,5381905
3930,0x00521f12,5381906
3931,0x00521f13,5381907
3932,0x00521f14,5381908
3933,0x00521f16,5381910
3934,0x00521f17,5381911
3935,0x00521f18,5381912
3936,0x00521f19,5381913
3937,0x00521f1a,5381914
3938,0x00521f1b,5381915
3939,0x00521f1c,5381916
3940,0x00521f1d,5381917
3941,0x00521f1e,5381918
3942,0x00521f1f,5381919
3943,0x00521f20,5381920
3944,0x00521f22,5381922
3945,0x00521f23,5381923
3946,0x00521f24,5381924
3947,0x00521f25,5381925
3948,0x00521f26,5381926
3949,0x00521f27,5381927
3950,0x00521f28,5381928
3951,0x00521f2b,5381931
3952,0x00521f2c,5381932
3953,0x00521f2d,5381933
3954,0x00521f2e,5381934
3955,0x00521f30,5381936
3956,0x00521f31,5381937
3957,0x00521f32,5381938
3958,0x00521f33,5381939
3959,0x00521f34,5381940
3960,0x00521f35,5381941
3961,0x00521f36,5381942
3962,0x00521f37,5381943
3963,0x00521f38,5381944
3964,0x00521f39,5381945
3965,0x00521f3a,5381946
3966,0x00521f3b,5381947
3967,0x00521f3c,5381948
3968,0x00521f3d,5381949
3969,0x00521f3e,5381950
3970,0x00521f3f,5381951
3971,0x00521f40,5381952
3972,0x00521f41,5381953
3973,0x00521f42,5381954
3974,0x00521f43,5381955
3975,0x00521f44,5381956
3976,0x00521f45,5381957
3977,0x00521f46,5381958
3978,0x00521f47,5381959
3979,0x00521f48,5381960
3980,0x00521f49,5381961
3981,0x00521f4a,5381962
3982,0x00521f4b,5381963
3983,0x00521f4c,5381964
3984,0x00521f4d,5381965
3985,0x00521f4e,5381966
3986,0x00521f4f,5381967
3987,0x00521f50,5381968
3988,0x00521f51,5381969
3989,0x00521f52,5381970
3990,0x00521f53,5381971
3991,0x00521f54,5381972
3992,0x00521f55,5381973
3993,0x00521f57,5381975
3994,0x00521f58,5381976
3995,0x00521f59,5381977
3996,0x00521f5a,5381978
3997,0x00521f5d,5381981
3998,0x00521f5e,5381982
3999,0x00521f60,5381984
4000,0x00521f61,5381985
4001,0x00521f62,5381986
4002,0x00521f63,5381987
4003,0x00521f64,5381988
4004,0x00521f65,5381989
4005,0x00521f66,5381990
4006,0x00521f67,5381991
4007,0x00521f68,5381992
4008,0x00521f69,5381993
4009,0x00521f6a,5381994
4010,0x00521f6b,5381995
4011,0x00521f6c,5381996
4012,0x00521f6d,5381997
4013,0x00521f6e,5381998
4014,0x00521f6f,5381999
4015,0x00521f70,5382000
4016,0x00521f71,5382001
4017,0x00521f72,5382002
4018,0x00521f73,5382003
4019,0x00521f74,5382004
4020,0x00521f75,5382005
4021,0x00521f76,5382006
4022,0x00521f77,5382007
4023,0x00521f78,5382008
4024,0x00521f79,5382009
4025,0x00521f7a,5382010
4026,0x00521f7b,5382011
4027,0x00521f7c,5382012
4028,0x00521f7d,5382013
4029,0x00521f7e,5382014
4030,0x00521f80,5382016
4031,0x00521f81,5382017
4032,0x00521f82,5382018
4033,0x00521f83,5382019
4034,0x00521f84,5382020
4035,0x00521f85,5382021
4036,0x00521f86,5382022
4037,0x00521f87,5382023
4038,0x00521f88,5382024
4039,0x00521f89,5382025
4040,0x00521f8a,5382026
4041,0x00521f8b,5382027
4042,0x00521f8c,5382028
4043,0x00521f90,5382032
4044,0x00521f91,5382033
4045,0x00521f93,5382035
4046,0x00521f94,5382036
4047,0x00521f95,5382037
4048,0x00521f96,5382038
4049,0x00521f97,5382039
4050,0x00521f98,5382040
4051,0x00521f99,5382041
4052,0x00521f9a,5382042
4053,0x00521f9b,5382043
4054,0x00521f9c,5382044
4055,0x00521f9d,5382045
4056,0x00521f9e,5382046
4057,0x00521f9f,5382047
4058,0x00521fa0,5382048
4059,0x00521fa1,5382049
4060,0x00521fa2,5382050
4061,0x00521fa3,5382051
4062,0x00521fa4,5382052
4063,0x00521fa5,5382053
4064,0x00521fa6,5382054
4065,0x00521fa7,5382055
4066,0x00521fa8,5382056
4067,0x00521fa9,5382057
4068,0x00521faa,5382058
4069,0x00521fab,5382059
4070,0x00521fac,5382060
4071,0x00521fad,5382061
4072,0x00521fae,5382062
4073,0x00521faf,5382063
4074,0x00521fb0,5382064
4075,0x00521fb1,5382065
4076,0x00521fb3,5382067
4077,0x00521fb4,5382068
4078,0x00521fb5,5382069
4079,0x00521fb6,5382070
4080,0x00521fb7,5382071
4081,0x00521fb8,5382072
4082,0x00521fb9,5382073
4083,0x00521fba,5382074
4084,0x00521fbb,5382075
4085,0x00521fbc,5382076
4086,0x00521fbe,5382078
4087,0x00521fbf,5382079
4088,0x00521fc0,5382080
4089,0x00521fc1,5382081
4090,0x00521fc4,5382084
4091,0x00521fc5,5382085
4092,0x00521fc9,5382089
4093,0x00521fca,5382090
4094,0x00521fcc,5382092
4095,0x00521fcd,5382093
