0,0x00001216,4630
1,0x000016ab,5803
2,0x0000183e,6206
3,0x001a3faf,1720239
4,0x001a44ff,1721599
5,0x001a4fc7,1724359
6,0x001a76d7,1734359
7,0x001a8bee,1739758
8,0x001b138d,1774477
9,0x001bb01c,1814556
10,0x0020ba2c,2144812
11,0x0020ba3b,2144827
12,0x0020e15f,2154847
13,0x00210882,2164866
14,0x00212fa7,2174887
15,0x002156ca,2184906
16,0x00217dee,2194926
17,0x00217dff,2194943
18,0x0021a513,2204947
19,0x0021cc36,2214966
20,0x0021f359,2224985
21,0x00221a7c,2235004
22,0x00221a99,2235033
23,0x002241bb,2245051
24,0x002268df,2255071
25,0x00229002,2265090
26,0x0022b726,2275110
27,0x0022de49,2285129
28,0x0023059b,2295195
29,0x00232cbf,2305215
30,0x002353e3,2315235
31,0x00237b06,2325254
32,0x0023a22a,2335274
33,0x0023a241,2335297
34,0x0023c991,2345361
35,0x0023f0b7,2355383
36,0x002417dc,2365404
37,0x00243eff,2375423
38,0x00246623,2385443
39,0x00248d48,2395464
40,0x0024b46f,2405487
41,0x0024db93,2415507
42,0x002502b6,2425526
43,0x002529da,2435546
44,0x002529f3,2435571
45,0x002550b7,2445495
46,0x00255117,2445591
47,0x0025783c,2455612
48,0x00259f60,2465632
49,0x0025c686,2475654
50,0x0025edaa,2485674
51,0x00260ff4,2494452
52,0x00261004,2494468
53,0x002614cf,2495695
54,0x00263729,2504489
55,0x00263bf3,2505715
56,0x00265e4d,2514509
57,0x00266319,2515737
58,0x00268574,2524532
59,0x00268a3d,2525757
60,0x0026ac97,2534551
61,0x0026b161,2535777
62,0x0026b18e,2535822
63,0x0026d394,2544532
64,0x0026d3bb,2544571
65,0x0026d8b3,2545843
66,0x0026fade,2554590
67,0x0026ffd6,2555862
68,0x00272201,2564609
69,0x002726fa,2565882
70,0x00274925,2574629
71,0x00274e1e,2575902
72,0x00277048,2584648
73,0x00277065,2584677
74,0x00277542,2585922
75,0x00279788,2594696
76,0x00279c65,2595941
77,0x0027beac,2604716
78,0x0027c388,2605960
79,0x0027e5cf,2614735
80,0x0027eaab,2615979
81,0x00280cf3,2624755
82,0x002811cd,2625997
83,0x00283417,2634775
84,0x002838f0,2636016
85,0x00283906,2636038
86,0x00285b3a,2644794
87,0x00285fea,2645994
88,0x0028602b,2646059
89,0x0028825e,2654814
90,0x0028874f,2656079
91,0x0028ae72,2666098
92,0x0028c05d,2670685
93,0x0028d595,2676117
94,0x0028e781,2680705
95,0x0028fcba,2686138
96,0x00290ea4,2690724
97,0x00290ebb,2690747
98,0x002923de,2696158
99,0x0029240f,2696207
100,0x002935df,2700767
101,0x00294b02,2706178
102,0x00295d03,2710787
103,0x00297226,2716198
104,0x00298426,2720806
105,0x0029994d,2726221
106,0x0029ab49,2730825
107,0x0029c071,2736241
108,0x0029c089,2736265
109,0x0029d26e,2740846
110,0x0029e7af,2746287
111,0x0029f990,2750864
112,0x002a0ed3,2756307
113,0x002a20b3,2760883
114,0x002a35f7,2766327
115,0x002a47d8,2770904
116,0x002a5d1a,2776346
117,0x002a6efa,2780922
118,0x002a843f,2786367
119,0x002a961f,2790943
120,0x002a9638,2790968
121,0x002aab63,2796387
122,0x002abd5a,2800986
123,0x002abd6b,2801003
124,0x002ad287,2806407
125,0x002ae47f,2811007
126,0x002af5f1,2815473
127,0x002af601,2815489
128,0x002af9aa,2816426
129,0x002b0ba3,2821027
130,0x002b1d25,2825509
131,0x002b20ce,2826446
132,0x002b32c6,2831046
133,0x002b4448,2835528
134,0x002b47f2,2836466
135,0x002b4809,2836489
136,0x002b59ea,2841066
137,0x002b6b6c,2845548
138,0x002b6f2e,2846510
139,0x002b810f,2851087
140,0x002b9290,2855568
141,0x002b9652,2856530
142,0x002ba7f0,2861040
143,0x002ba833,2861107
144,0x002bb9b5,2865589
145,0x002bb9e9,2865641
146,0x002bbd76,2866550
147,0x002bcf55,2871125
148,0x002be0d8,2875608
149,0x002be49a,2876570
150,0x002bf679,2881145
151,0x002c07fb,2885627
152,0x002c0bc0,2886592
153,0x002c1d9d,2891165
154,0x002c1db3,2891187
155,0x002c2f1e,2895646
156,0x002c32e5,2896613
157,0x002c44d9,2901209
158,0x002c5642,2905666
159,0x002c565f,2905695
160,0x002c5a09,2906633
161,0x002c6bfe,2911230
162,0x002c7d83,2915715
163,0x002c812e,2916654
164,0x002c9322,2921250
165,0x002ca4a8,2925736
166,0x002ca851,2926673
167,0x002cba44,2931268
168,0x002ccbcb,2935755
169,0x002ccf75,2936693
170,0x002ccf89,2936713
171,0x002ce166,2941286
172,0x002cf2f0,2945776
173,0x002cf6ab,2946731
174,0x002cf6c7,2946759
175,0x002d088a,2951306
176,0x002d1a13,2955795
177,0x002d1dce,2956750
178,0x002d2fae,2961326
179,0x002d4137,2965815
180,0x002d44f0,2966768
181,0x002d56d2,2971346
182,0x002d685b,2975835
183,0x002d6c15,2976789
184,0x002d7df6,2981366
185,0x002d8f7f,2985855
186,0x002d9337,2986807
187,0x002da51a,2991386
188,0x002da52f,2991407
189,0x002db6a3,2995875
190,0x002dba5a,2996826
191,0x002dcc51,3001425
192,0x002dddc9,3005897
193,0x002ddde2,3005922
194,0x002de17f,3006847
195,0x002df375,3011445
196,0x002e0508,3015944
197,0x002e08a2,3016866
198,0x002e1a9b,3021467
199,0x002e2c2c,3025964
200,0x002e2fc8,3026888
201,0x002e41be,3031486
202,0x002e5350,3035984
203,0x002e56ec,3036908
204,0x002e5702,3036930
205,0x002e68e2,3041506
206,0x002e7a74,3046004
207,0x002e7e26,3046950
208,0x002e9005,3051525
209,0x002e9023,3051555
210,0x002ea199,3056025
211,0x002ea54a,3056970
212,0x002eb72b,3061547
213,0x002ec8bd,3066045
214,0x002ecc6f,3066991
215,0x002ede4e,3071566
216,0x002eefe1,3076065
217,0x002ef393,3077011
218,0x002f0571,3081585
219,0x002f1707,3086087
220,0x002f1ab7,3087031
221,0x002f2c93,3091603
222,0x002f2cc7,3091655
223,0x002f3b7b,3095419
224,0x002f3b8a,3095434
225,0x002f3e2b,3096107
226,0x002f41dc,3097052
227,0x002f53ea,3101674
228,0x002f62b6,3105462
229,0x002f6550,3106128
230,0x002f6569,3106153
231,0x002f6900,3107072
232,0x002f7b0c,3111692
233,0x002f89da,3115482
234,0x002f8c8e,3116174
235,0x002f8ca1,3116193
236,0x002f9025,3117093
237,0x002fa22e,3121710
238,0x002fb0fe,3125502
239,0x002fb3b3,3126195
240,0x002fb748,3127112
241,0x002fc950,3131728
242,0x002fd821,3135521
243,0x002fdad8,3136216
244,0x002fde6b,3137131
245,0x002fde83,3137155
246,0x002ff074,3141748
247,0x002fff00,3145472
248,0x002fff45,3145541
249,0x003001fb,3146235
250,0x00300558,3147096
251,0x003005a8,3147176
252,0x00301796,3151766
253,0x00302668,3155560
254,0x00302920,3156256
255,0x00302ccb,3157195
256,0x00303eba,3161786
257,0x00304d8c,3165580
258,0x00305044,3166276
259,0x003053ef,3167215
260,0x003065dc,3171804
261,0x003074b0,3175600
262,0x00307769,3176297
263,0x00307b14,3177236
264,0x00308cfe,3181822
265,0x00308d07,3181831
266,0x00309bd3,3185619
267,0x00309e8d,3186317
268,0x0030a237,3187255
269,0x0030b424,3191844
270,0x0030b43c,3191868
271,0x0030c2f7,3195639
272,0x0030c316,3195670
273,0x0030c5b2,3196338
274,0x0030c95c,3197276
275,0x0030c97e,3197310
276,0x0030db5f,3201887
277,0x0030ea39,3205689
278,0x0030ecb3,3206323
279,0x0030ecd7,3206359
280,0x0030ecee,3206382
281,0x0030f080,3207296
282,0x00310281,3211905
283,0x0031115c,3215708
284,0x00311411,3216401
285,0x003117a4,3217316
286,0x003129a5,3221925
287,0x00313880,3225728
288,0x00313b35,3226421
289,0x00313ec8,3227336
290,0x003150c9,3231945
291,0x00315fa3,3235747
292,0x00316258,3236440
293,0x003165ec,3237356
294,0x00316603,3237379
295,0x003177ed,3241965
296,0x003186c6,3245766
297,0x0031897d,3246461
298,0x00318d28,3247400
299,0x00319f0f,3251983
300,0x0031adea,3255786
301,0x0031b0a1,3256481
302,0x0031b44c,3257420
303,0x0031c632,3262002
304,0x0031d50e,3265806
305,0x0031d7c6,3266502
306,0x0031db70,3267440
307,0x0031ed56,3272022
308,0x0031fc32,3275826
309,0x0031feea,3276522
310,0x00320296,3277462
311,0x00321479,3282041
312,0x00322357,3285847
313,0x0032260e,3286542
314,0x003229bb,3287483
315,0x00323b9d,3292061
316,0x00323bb3,3292083
317,0x00324a7b,3295867
318,0x00324a94,3295892
319,0x00324d32,3296562
320,0x003250dd,3297501
321,0x003262d6,3302102
322,0x003262db,3302107
323,0x003271b8,3305912
324,0x00327456,3306582
325,0x00327487,3306631
326,0x00327802,3307522
327,0x003289fa,3312122
328,0x003298dc,3315932
329,0x00329baa,3316650
330,0x00329f26,3317542
331,0x0032b11e,3322142
332,0x0032c000,3325952
333,0x0032c2cc,3326668
334,0x0032c64b,3327563
335,0x0032d842,3332162
336,0x0032e6ee,3335918
337,0x0032e725,3335973
338,0x0032e9f0,3336688
339,0x0032ed6e,3337582
340,0x0032ed84,3337604
341,0x0032ff67,3342183
342,0x00330e4a,3345994
343,0x00331114,3346708
344,0x003314a8,3347624
345,0x0033268c,3352204
346,0x0033356f,3356015
347,0x0033383a,3356730
348,0x00333bcb,3357643
349,0x00334db1,3362225
350,0x00335c93,3366035
351,0x00335f59,3366745
352,0x00335f60,3366752
353,0x003362ef,3367663
354,0x003374d4,3372244
355,0x003383b7,3376055
356,0x00338684,3376772
357,0x00338a12,3377682
358,0x00339bf8,3382264
359,0x0033aade,3386078
360,0x0033ada8,3386792
361,0x0033b136,3387702
362,0x0033c31c,3392284
363,0x0033c330,3392304
364,0x0033d1b8,3396024
365,0x0033d202,3396098
366,0x0033d21b,3396123
367,0x0033d4cc,3396812
368,0x0033d858,3397720
369,0x0033ea54,3402324
370,0x0033f940,3406144
371,0x0033fbf0,3406832
372,0x0033fc09,3406857
373,0x0033ff7a,3407738
374,0x00341177,3412343
375,0x00342064,3416164
376,0x0034232d,3416877
377,0x0034269f,3417759
378,0x0034389a,3422362
379,0x00343c0d,3423245
380,0x00343c1d,3423261
381,0x00344787,3426183
382,0x00344a51,3426897
383,0x00344dc4,3427780
384,0x00345fbe,3432382
385,0x0034634c,3433292
386,0x00346ead,3436205
387,0x00347174,3436916
388,0x003474e7,3437799
389,0x00347516,3437846
390,0x003486e2,3442402
391,0x00348a70,3443312
392,0x003495d0,3446224
393,0x00349898,3446936
394,0x00349c36,3447862
395,0x00349c3a,3447866
396,0x0034ae06,3452422
397,0x0034b195,3453333
398,0x0034bcf5,3456245
399,0x0034bfbc,3456956
400,0x0034c35e,3457886
401,0x0034d52b,3462443
402,0x0034d8ba,3463354
403,0x0034e419,3466265
404,0x0034e6e1,3466977
405,0x0034ea82,3467906
406,0x0034fc50,3472464
407,0x0034ff95,3473301
408,0x0034ffde,3473374
409,0x00350b3f,3476287
410,0x00350e06,3476998
411,0x003511a5,3477925
412,0x00352373,3482483
413,0x00352701,3483393
414,0x00353262,3486306
415,0x0035352a,3487018
416,0x003538c7,3487943
417,0x00354a98,3492504
418,0x00354acc,3492556
419,0x00354e25,3493413
420,0x00355986,3496326
421,0x0035599e,3496350
422,0x00355c50,3497040
423,0x00355fea,3497962
424,0x003571f0,3502576
425,0x00357548,3503432
426,0x003580c3,3506371
427,0x00358374,3507060
428,0x0035838a,3507082
429,0x0035870d,3507981
430,0x003598dd,3512541
431,0x00359914,3512596
432,0x00359c6b,3513451
433,0x0035a7e7,3516391
434,0x0035aaaf,3517103
435,0x0035ae2f,3517999
436,0x0035c036,3522614
437,0x0035c38e,3523470
438,0x0035c3ab,3523499
439,0x0035cf0b,3526411
440,0x0035d1d4,3527124
441,0x0035d554,3528020
442,0x0035e75b,3532635
443,0x0035eacf,3533519
444,0x0035f62e,3536430
445,0x0035f8f9,3537145
446,0x0035fc79,3538041
447,0x0035fc8f,3538063
448,0x00360e80,3542656
449,0x003611f2,3543538
450,0x00361d51,3546449
451,0x0036201d,3547165
452,0x003623b4,3548084
453,0x003635a3,3552675
454,0x00363916,3553558
455,0x00364475,3556469
456,0x00364742,3557186
457,0x00364ad7,3558103
458,0x00365cc7,3562695
459,0x00365cf2,3562738
460,0x00366039,3563577
461,0x00366b9a,3566490
462,0x00366e67,3567207
463,0x003671fb,3568123
464,0x003683ec,3572716
465,0x0036875e,3573598
466,0x003692be,3576510
467,0x003692e6,3576550
468,0x0036958b,3577227
469,0x0036991f,3578143
470,0x0036ab11,3582737
471,0x0036ae82,3583618
472,0x0036b9e1,3586529
473,0x0036bcae,3587246
474,0x0036c043,3588163
475,0x0036d235,3592757
476,0x0036d24c,3592780
477,0x0036d5a6,3593638
478,0x0036e105,3596549
479,0x0036e11c,3596572
480,0x0036e384,3597188
481,0x0036e3d2,3597266
482,0x0036e765,3598181
483,0x0036f970,3602800
484,0x0036fcc9,3603657
485,0x00370840,3606592
486,0x00370af7,3607287
487,0x00370b0e,3607310
488,0x00370e88,3608200
489,0x00372093,3612819
490,0x003723ed,3613677
491,0x00372f65,3616613
492,0x00373233,3617331
493,0x003735ac,3618220
494,0x003747b9,3622841
495,0x00374b11,3623697
496,0x00374b27,3623719
497,0x00375689,3626633
498,0x00375957,3627351
499,0x00375cd0,3628240
500,0x00376ede,3632862
501,0x003771e8,3633640
502,0x0037724a,3633738
503,0x00377db0,3636656
504,0x0037807b,3637371
505,0x003783f5,3638261
506,0x0037840c,3638284
507,0x00379601,3642881
508,0x0037996e,3643758
509,0x0037a46f,3646575
510,0x0037a4d4,3646676
511,0x0037a78f,3647375
512,0x0037a79e,3647390
513,0x0037aac6,3648198
514,0x0037ab31,3648305
515,0x0037bd24,3652900
516,0x0037c092,3653778
517,0x0037cbf9,3656697
518,0x0037cec3,3657411
519,0x0037d255,3658325
520,0x0037e449,3662921
521,0x0037e7b8,3663800
522,0x0037f31c,3666716
523,0x0037f5e8,3667432
524,0x0037f978,3668344
525,0x00380b6d,3672941
526,0x00380edd,3673821
527,0x00381a41,3676737
528,0x00381d0c,3677452
529,0x0038209b,3678363
530,0x00383291,3682961
531,0x00383602,3683842
532,0x00384166,3686758
533,0x00384430,3687472
534,0x003847bf,3688383
535,0x003859b4,3692980
536,0x003859c8,3693000
537,0x00385d26,3693862
538,0x00386889,3696777
539,0x0038689f,3696799
540,0x00386b54,3697492
541,0x00386ee2,3698402
542,0x00386eee,3698414
543,0x003880eb,3703019
544,0x0038844b,3703883
545,0x00388fc6,3706822
546,0x00389279,3707513
547,0x00389291,3707537
548,0x00389606,3708422
549,0x0038a811,3713041
550,0x0038ab6f,3713903
551,0x0038b6eb,3716843
552,0x0038b9b4,3717556
553,0x0038bd2c,3718444
554,0x0038cf36,3723062
555,0x0038d24d,3723853
556,0x0038d293,3723923
557,0x0038d2ab,3723947
558,0x0038de11,3726865
559,0x0038e0d8,3727576
560,0x0038e450,3728464
561,0x0038f65b,3733083
562,0x0038f9d0,3733968
563,0x00390537,3736887
564,0x003907fd,3737597
565,0x00390b74,3738484
566,0x00390b90,3738512
567,0x00391d7f,3743103
568,0x003920f6,3743990
569,0x00392c5c,3746908
570,0x00392f1f,3747615
571,0x003932b3,3748531
572,0x003944a3,3753123
573,0x0039481c,3754012
574,0x00395381,3756929
575,0x00395643,3757635
576,0x003959d8,3758552
577,0x00396bc7,3763143
578,0x00396f40,3764032
579,0x00397aa7,3766951
580,0x00397d67,3767655
581,0x003980fd,3768573
582,0x003992ea,3773162
583,0x00399666,3774054
584,0x0039a1cb,3776971
585,0x0039a48a,3777674
586,0x0039a821,3778593
587,0x0039ba0c,3783180
588,0x0039bd8a,3784074
589,0x0039c8ef,3786991
590,0x0039cbae,3787694
591,0x0039cf44,3788612
592,0x0039e130,3793200
593,0x0039e149,3793225
594,0x0039e4ad,3794093
595,0x0039f014,3797012
596,0x0039f02c,3797036
597,0x0039f2d1,3797713
598,0x0039f668,3798632
599,0x003a086b,3803243
600,0x003a0bd2,3804114
601,0x003a1751,3807057
602,0x003a19f6,3807734
603,0x003a1a10,3807760
604,0x003a1d8d,3808653
605,0x003a2f8e,3813262
606,0x003a2faa,3813290
607,0x003a32f6,3814134
608,0x003a3e3d,3817021
609,0x003a3e75,3817077
610,0x003a4135,3817781
611,0x003a44b1,3818673
612,0x003a56b0,3823280
613,0x003a5a19,3824153
614,0x003a5a30,3824176
615,0x003a659a,3827098
616,0x003a6859,3827801
617,0x003a6bd6,3828694
618,0x003a7dd3,3833299
619,0x003a8154,3834196
620,0x003a8cbe,3837118
621,0x003a8f7d,3837821
622,0x003a92fa,3838714
623,0x003a9328,3838760
624,0x003aa4f6,3843318
625,0x003aa861,3844193
626,0x003aa876,3844214
627,0x003ab3e2,3847138
628,0x003ab6a1,3847841
629,0x003aba4b,3848779
630,0x003acc1a,3853338
631,0x003acf9a,3854234
632,0x003adb07,3857159
633,0x003addc6,3857862
634,0x003ae170,3858800
635,0x003af33e,3863358
636,0x003af6be,3864254
637,0x003b022c,3867180
638,0x003b04eb,3867883
639,0x003b0894,3868820
640,0x003b1a31,3873329
641,0x003b1a61,3873377
642,0x003b1de3,3874275
643,0x003b2950,3877200
644,0x003b2c0e,3877902
645,0x003b2fb8,3878840
646,0x003b4183,3883395
647,0x003b4506,3884294
648,0x003b5073,3887219
649,0x003b5332,3887922
650,0x003b56db,3888859
651,0x003b68a5,3893413
652,0x003b68b9,3893433
653,0x003b6c2b,3894315
654,0x003b7797,3897239
655,0x003b77ae,3897262
656,0x003b77c7,3897287
657,0x003b7a47,3897927
658,0x003b7a57,3897943
659,0x003b7dfd,3898877
660,0x003b8fdc,3903452
661,0x003b934f,3904335
662,0x003b9ed3,3907283
663,0x003ba179,3907961
664,0x003ba18f,3907983
665,0x003ba521,3908897
666,0x003bb700,3913472
667,0x003bba74,3914356
668,0x003bc5f6,3917302
669,0x003bc8b3,3918003
670,0x003bcc46,3918918
671,0x003be197,3924375
672,0x003be1ae,3924398
673,0x003bed1b,3927323
674,0x003befd9,3928025
675,0x003bf36b,3928939
676,0x003c08d3,3934419
677,0x003c143e,3937342
678,0x003c16fe,3938046
679,0x003c1a8e,3938958
680,0x003c1aa5,3938981
681,0x003c2ff7,3944439
682,0x003c3b62,3947362
683,0x003c3e22,3948066
684,0x003c41a5,3948965
685,0x003c41ca,3949002
686,0x003c571c,3954460
687,0x003c6286,3957382
688,0x003c6545,3958085
689,0x003c68ec,3959020
690,0x003c7e40,3964480
691,0x003c89ab,3967403
692,0x003c8c68,3968104
693,0x003c900f,3969039
694,0x003ca504,3974404
695,0x003ca564,3974500
696,0x003cb0cf,3977423
697,0x003cb733,3979059
698,0x003ccc88,3984520
699,0x003cd7f4,3987444
700,0x003cde56,3989078
701,0x003cf3ac,3994540
702,0x003cff18,3997464
703,0x003cff2f,3997487
704,0x003d057a,3999098
705,0x003d16c6,4003526
706,0x003d16d6,4003542
707,0x003d1acf,4004559
708,0x003d2652,4007506
709,0x003d2c9e,4009118
710,0x003d3dfa,4013562
711,0x003d41f4,4014580
712,0x003d4d76,4017526
713,0x003d53c1,4019137
714,0x003d651f,4023583
715,0x003d6918,4024600
716,0x003d692e,4024622
717,0x003d749a,4027546
718,0x003d7ae5,4029157
719,0x003d8c44,4033604
720,0x003d9053,4034643
721,0x003d9bbd,4037565
722,0x003da20a,4039178
723,0x003da222,4039202
724,0x003db367,4043623
725,0x003db777,4044663
726,0x003dc2e1,4047585
727,0x003dc944,4049220
728,0x003dda8c,4053644
729,0x003dde3a,4054586
730,0x003dde9c,4054684
731,0x003dea06,4057606
732,0x003dea35,4057653
733,0x003dec11,4058129
734,0x003dec22,4058146
735,0x003df067,4059239
736,0x003e01af,4063663
737,0x003e01c2,4063682
738,0x003e01ca,4063690
739,0x003e05c0,4064704
740,0x003e112a,4067626
741,0x003e1347,4068167
742,0x003e178b,4069259
743,0x003e28ee,4073710
744,0x003e2ce4,4074724
745,0x003e384e,4077646
746,0x003e3a6a,4078186
747,0x003e3a82,4078210
748,0x003e3eb0,4079280
749,0x003e5011,4083729
750,0x003e5407,4084743
751,0x003e5f72,4087666
752,0x003e61a7,4088231
753,0x003e65d4,4089300
754,0x003e7733,4093747
755,0x003e7b2c,4094764
756,0x003e8696,4097686
757,0x003e86b1,4097713
758,0x003e88cc,4098252
759,0x003e8cf9,4099321
760,0x003e9e56,4103766
761,0x003ea251,4104785
762,0x003eadd6,4107734
763,0x003eaff1,4108273
764,0x003eb41d,4109341
765,0x003ec579,4113785
766,0x003ec976,4114806
767,0x003ed4fb,4117755
768,0x003ed716,4118294
769,0x003edb41,4119361
770,0x003eec9d,4123805
771,0x003ef099,4124825
772,0x003ef0b3,4124851
773,0x003efc20,4127776
774,0x003efe3a,4128314
775,0x003f0265,4129381
776,0x003f13c2,4133826
777,0x003f17d8,4134872
778,0x003f2345,4137797
779,0x003f255f,4138335
780,0x003f298a,4139402
781,0x003f29a4,4139428
782,0x003f3ae6,4143846
783,0x003f3efd,4144893
784,0x003f4a69,4147817
785,0x003f4a7f,4147839
786,0x003f4c5f,4148319
787,0x003f4c82,4148354
788,0x003f50c8,4149448
789,0x003f50d5,4149461
790,0x003f6209,4153865
791,0x003f6621,4154913
792,0x003f718e,4157838
793,0x003f73a5,4158373
794,0x003f77eb,4159467
795,0x003f892e,4163886
796,0x003f8946,4163910
797,0x003f8d46,4164934
798,0x003f98b3,4167859
799,0x003f9ac8,4168392
800,0x003f9f0e,4169486
801,0x003fb06b,4173931
802,0x003fb469,4174953
803,0x003fbfd7,4177879
804,0x003fc1eb,4178411
805,0x003fc203,4178435
806,0x003fc632,4179506
807,0x003fcabf,4180671
808,0x003fcad0,4180688
809,0x003fcad2,4180690
810,0x003fcad3,4180691
811,0x003fcad4,4180692
812,0x003fcb3e,4180798
813,0x003fcb40,4180800
814,0x003fcc0f,4181007
815,0x003fcc5b,4181083
816,0x003fcc70,4181104
817,0x003fcc7b,4181115
818,0x003fcc7c,4181116
819,0x003fcc7d,4181117
820,0x003fcca2,4181154
821,0x003fccbb,4181179
822,0x003fd790,4183952
823,0x003fdb8e,4184974
824,0x003fe6fb,4187899
825,0x003fe926,4188454
826,0x003fed56,4189526
827,0x003ff404,4191236
828,0x003ff405,4191237
829,0x003ff446,4191302
830,0x003ff448,4191304
831,0x003ff4cb,4191435
832,0x003ff4d3,4191443
833,0x003ff4e8,4191464
834,0x003ff4e9,4191465
835,0x003ff4ea,4191466
836,0x003ff4eb,4191467
837,0x003ff4fd,4191485
838,0x003ff511,4191505
839,0x003ffeb5,4193973
840,0x004002b2,4194994
841,0x00400e1f,4197919
842,0x00400e36,4197942
843,0x0040104a,4198474
844,0x00401479,4199545
845,0x00401c5b,4201563
846,0x00401c5c,4201564
847,0x00401c9c,4201628
848,0x00401c9d,4201629
849,0x00401d20,4201760
850,0x00401d28,4201768
851,0x00401d3b,4201787
852,0x00401d3c,4201788
853,0x00401d3d,4201789
854,0x00401d3e,4201790
855,0x00401d51,4201809
856,0x00401d67,4201831
857,0x004025da,4203994
858,0x004029d6,4205014
859,0x0040355b,4207963
860,0x0040376c,4208492
861,0x00403b9c,4209564
862,0x00403bbd,4209597
863,0x004044ad,4211885
864,0x004044ae,4211886
865,0x004044e9,4211945
866,0x004044ea,4211946
867,0x00404560,4212064
868,0x00404561,4212065
869,0x00404569,4212073
870,0x0040457e,4212094
871,0x0040457f,4212095
872,0x00404580,4212096
873,0x00404581,4212097
874,0x00404595,4212117
875,0x004045a9,4212137
876,0x00404cff,4214015
877,0x004050fb,4215035
878,0x00405c82,4217986
879,0x00405e8f,4218511
880,0x004062c1,4219585
881,0x00406cf1,4222193
882,0x00406cf2,4222194
883,0x00406d32,4222258
884,0x00406d34,4222260
885,0x00406db8,4222392
886,0x00406dc1,4222401
887,0x00406dd5,4222421
888,0x00406dd6,4222422
889,0x00406dd7,4222423
890,0x00406deb,4222443
891,0x00406dff,4222463
892,0x00407423,4224035
893,0x004077bc,4224956
894,0x0040781f,4225055
895,0x00407836,4225078
896,0x004083a6,4228006
897,0x004085b2,4228530
898,0x004089d9,4229593
899,0x004089e4,4229604
900,0x004089e9,4229609
901,0x004089eb,4229611
902,0x004089ec,4229612
903,0x00408a43,4229699
904,0x00408a44,4229700
905,0x00408b05,4229893
906,0x00408b0d,4229901
907,0x00408b21,4229921
908,0x00408b22,4229922
909,0x00408b23,4229923
910,0x00408b4a,4229962
911,0x00408b5e,4229982
912,0x00409541,4232513
913,0x00409542,4232514
914,0x0040957b,4232571
915,0x0040957c,4232572
916,0x004095e6,4232678
917,0x004095ee,4232686
918,0x00409603,4232707
919,0x00409605,4232709
920,0x00409618,4232728
921,0x0040962d,4232749
922,0x00409b48,4234056
923,0x00409f5a,4235098
924,0x0040aaca,4238026
925,0x0040acd6,4238550
926,0x0040b107,4239623
927,0x0040b135,4239669
928,0x0040b2a6,4240038
929,0x0040b2a7,4240039
930,0x0040b2e1,4240097
931,0x0040b2e3,4240099
932,0x0040b33f,4240191
933,0x0040b349,4240201
934,0x0040b35c,4240220
935,0x0040b35d,4240221
936,0x0040b35e,4240222
937,0x0040b372,4240242
938,0x0040b389,4240265
939,0x0040bd6f,4242799
940,0x0040bd70,4242800
941,0x0040bdac,4242860
942,0x0040bdae,4242862
943,0x0040bde4,4242916
944,0x0040bdf4,4242932
945,0x0040bdf6,4242934
946,0x0040bdf7,4242935
947,0x0040be29,4242985
948,0x0040be30,4242992
949,0x0040be45,4243013
950,0x0040be46,4243014
951,0x0040be47,4243015
952,0x0040be48,4243016
953,0x0040be49,4243017
954,0x0040be5b,4243035
955,0x0040be6e,4243054
956,0x0040befa,4243194
957,0x0040bf02,4243202
958,0x0040bf1b,4243227
959,0x0040bf1c,4243228
960,0x0040bf1d,4243229
961,0x0040bf43,4243267
962,0x0040bf58,4243288
963,0x0040c26d,4244077
964,0x0040c67e,4245118
965,0x0040d1ef,4248047
966,0x0040d3fb,4248571
967,0x0040d858,4249688
968,0x0040dace,4250318
969,0x0040dacf,4250319
970,0x0040db06,4250374
971,0x0040db07,4250375
972,0x0040db5e,4250462
973,0x0040db66,4250470
974,0x0040db7a,4250490
975,0x0040db7b,4250491
976,0x0040db7c,4250492
977,0x0040db90,4250512
978,0x0040dba7,4250535
979,0x0040e5b5,4253109
980,0x0040e5b6,4253110
981,0x0040e5f7,4253175
982,0x0040e5f8,4253176
983,0x0040e67c,4253308
984,0x0040e684,4253316
985,0x0040e699,4253337
986,0x0040e69b,4253339
987,0x0040e69c,4253340
988,0x0040e69d,4253341
989,0x0040e69e,4253342
990,0x0040e69f,4253343
991,0x0040e6b1,4253361
992,0x0040e6c4,4253380
993,0x0040e6dc,4253404
994,0x0040e744,4253508
995,0x0040e74d,4253517
996,0x0040e760,4253536
997,0x0040e762,4253538
998,0x0040e763,4253539
999,0x0040e778,4253560
1000,0x0040e78c,4253580
1001,0x0040e991,4254097
1002,0x0040eda3,4255139
1003,0x0040f915,4258069
1004,0x0040fb1d,4258589
1005,0x0040ff7c,4259708
1006,0x004102ed,4260589
1007,0x00410324,4260644
1008,0x00410326,4260646
1009,0x0041037e,4260734
1010,0x00410386,4260742
1011,0x0041039b,4260763
1012,0x0041039d,4260765
1013,0x0041039f,4260767
1014,0x004103b3,4260787
1015,0x004103c9,4260809
1016,0x00410e0c,4263436
1017,0x00410e4e,4263502
1018,0x00410e51,4263505
1019,0x00410ed4,4263636
1020,0x00410ed5,4263637
1021,0x00410ed6,4263638
1022,0x00410ede,4263646
1023,0x00410ef2,4263666
1024,0x00410ef4,4263668
1025,0x00410ef5,4263669
1026,0x00410f08,4263688
1027,0x00410f10,4263696
1028,0x00410f12,4263698
1029,0x00410f1c,4263708
1030,0x00410f78,4263800
1031,0x00410f80,4263808
1032,0x00410f95,4263829
1033,0x00410f96,4263830
1034,0x00410f97,4263831
1035,0x00410f98,4263832
1036,0x00410fab,4263851
1037,0x00410fbf,4263871
1038,0x004110b6,4264118
1039,0x004110d0,4264144
1040,0x004114c7,4265159
1041,0x0041203a,4268090
1042,0x00412241,4268609
1043,0x004126a0,4269728
1044,0x00412b11,4270865
1045,0x00412b48,4270920
1046,0x00412b4a,4270922
1047,0x00412ba2,4271010
1048,0x00412bab,4271019
1049,0x00412bbf,4271039
1050,0x00412bc1,4271041
1051,0x00412bc2,4271042
1052,0x00412bc3,4271043
1053,0x00412bd7,4271063
1054,0x00412beb,4271083
1055,0x00413665,4273765
1056,0x00413666,4273766
1057,0x004136a7,4273831
1058,0x004136a8,4273832
1059,0x00413703,4273923
1060,0x00413705,4273925
1061,0x0041372c,4273964
1062,0x00413733,4273971
1063,0x00413742,4273986
1064,0x00413743,4273987
1065,0x00413747,4273991
1066,0x00413748,4273992
1067,0x00413749,4273993
1068,0x0041375c,4274012
1069,0x0041376e,4274030
1070,0x004137a9,4274089
1071,0x004137b3,4274099
1072,0x004137c9,4274121
1073,0x004137ca,4274122
1074,0x004137cb,4274123
1075,0x004137cc,4274124
1076,0x004137de,4274142
1077,0x004137f2,4274162
1078,0x004137f5,4274165
1079,0x00413b72,4275058
1080,0x00413beb,4275179
1081,0x0041408f,4276367
1082,0x004140a0,4276384
1083,0x004140a1,4276385
1084,0x004140a2,4276386
1085,0x004140fa,4276474
1086,0x004140fb,4276475
1087,0x004141bd,4276669
1088,0x004141c6,4276678
1089,0x004141e0,4276704
1090,0x004141e1,4276705
1091,0x004141e2,4276706
1092,0x004141e3,4276707
1093,0x00414209,4276745
1094,0x0041421d,4276765
1095,0x0041475f,4278111
1096,0x00414966,4278630
1097,0x0041497e,4278654
1098,0x00414dc4,4279748
1099,0x00415334,4281140
1100,0x00415336,4281142
1101,0x0041536c,4281196
1102,0x0041536e,4281198
1103,0x004153c5,4281285
1104,0x004153ce,4281294
1105,0x004153e2,4281314
1106,0x004153e5,4281317
1107,0x004153f9,4281337
1108,0x00415410,4281360
1109,0x00415eb8,4284088
1110,0x00415eb9,4284089
1111,0x00415ef7,4284151
1112,0x00415efa,4284154
1113,0x00415f19,4284185
1114,0x00415f39,4284217
1115,0x00415f3b,4284219
1116,0x00415f77,4284279
1117,0x00415f79,4284281
1118,0x00415f7e,4284286
1119,0x00415f85,4284293
1120,0x00415f99,4284313
1121,0x00415f9a,4284314
1122,0x00415f9b,4284315
1123,0x00415fae,4284334
1124,0x00415fc3,4284355
1125,0x00415fe1,4284385
1126,0x00415fe9,4284393
1127,0x00415ffb,4284411
1128,0x00415ffc,4284412
1129,0x00415ffd,4284413
1130,0x00415ffe,4284414
1131,0x00416011,4284433
1132,0x00416024,4284452
1133,0x00416310,4285200
1134,0x0041695d,4286813
1135,0x0041695e,4286814
1136,0x00416999,4286873
1137,0x0041699b,4286875
1138,0x004169fd,4286973
1139,0x00416a07,4286983
1140,0x00416a1c,4287004
1141,0x00416a1d,4287005
1142,0x00416a1e,4287006
1143,0x00416a32,4287026
1144,0x00416a45,4287045
1145,0x00416e83,4288131
1146,0x004170a4,4288676
1147,0x004174e9,4289769
1148,0x00417b62,4291426
1149,0x00417b63,4291427
1150,0x00417b9c,4291484
1151,0x00417b9d,4291485
1152,0x00417bf5,4291573
1153,0x00417bfd,4291581
1154,0x00417c13,4291603
1155,0x00417c15,4291605
1156,0x00417c2a,4291626
1157,0x00417c40,4291648
1158,0x0041863c,4294204
1159,0x0041870e,4294414
1160,0x0041870f,4294415
1161,0x00418747,4294471
1162,0x00418748,4294472
1163,0x00418772,4294514
1164,0x00418773,4294515
1165,0x004187b2,4294578
1166,0x004187b3,4294579
1167,0x004187b4,4294580
1168,0x004187bc,4294588
1169,0x004187d0,4294608
1170,0x004187d1,4294609
1171,0x004187d2,4294610
1172,0x004187e4,4294628
1173,0x004187f8,4294648
1174,0x0041881d,4294685
1175,0x00418826,4294694
1176,0x0041883b,4294715
1177,0x0041883c,4294716
1178,0x0041883d,4294717
1179,0x0041883e,4294718
1180,0x00418853,4294739
1181,0x0041886a,4294762
1182,0x00418a36,4295222
1183,0x00419192,4297106
1184,0x00419193,4297107
1185,0x004191d1,4297169
1186,0x004191d2,4297170
1187,0x0041923d,4297277
1188,0x00419245,4297285
1189,0x00419259,4297305
1190,0x0041925a,4297306
1191,0x0041925b,4297307
1192,0x0041926e,4297326
1193,0x00419283,4297347
1194,0x004195a9,4298153
1195,0x004195c1,4298177
1196,0x004197c9,4298697
1197,0x00419c0e,4299790
1198,0x0041a386,4301702
1199,0x0041a387,4301703
1200,0x0041a3bd,4301757
1201,0x0041a3be,4301758
1202,0x0041a415,4301845
1203,0x0041a41d,4301853
1204,0x0041a432,4301874
1205,0x0041a434,4301876
1206,0x0041a447,4301895
1207,0x0041a45d,4301917
1208,0x0041ad60,4304224
1209,0x0041af40,4304704
1210,0x0041af81,4304769
1211,0x0041afb1,4304817
1212,0x0041afb3,4304819
1213,0x0041afef,4304879
1214,0x0041aff0,4304880
1215,0x0041b002,4304898
1216,0x0041b00a,4304906
1217,0x0041b01e,4304926
1218,0x0041b020,4304928
1219,0x0041b021,4304929
1220,0x0041b035,4304949
1221,0x0041b048,4304968
1222,0x0041b057,4304983
1223,0x0041b058,4304984
1224,0x0041b05f,4304991
1225,0x0041b073,4305011
1226,0x0041b074,4305012
1227,0x0041b076,4305014
1228,0x0041b089,4305033
1229,0x0041b09f,4305055
1230,0x0041b15b,4305243
1231,0x0041b9c8,4307400
1232,0x0041b9ca,4307402
1233,0x0041ba05,4307461
1234,0x0041ba06,4307462
1235,0x0041ba6c,4307564
1236,0x0041ba6d,4307565
1237,0x0041ba74,4307572
1238,0x0041ba88,4307592
1239,0x0041ba89,4307593
1240,0x0041ba8a,4307594
1241,0x0041ba8b,4307595
1242,0x0041ba9d,4307613
1243,0x0041bab2,4307634
1244,0x0041bce6,4308198
1245,0x0041beed,4308717
1246,0x0041c332,4309810
1247,0x0041cba7,4311975
1248,0x0041cba8,4311976
1249,0x0041cbe1,4312033
1250,0x0041cbe2,4312034
1251,0x0041cc38,4312120
1252,0x0041cc41,4312129
1253,0x0041cc53,4312147
1254,0x0041cc55,4312149
1255,0x0041cc56,4312150
1256,0x0041cc68,4312168
1257,0x0041cc7d,4312189
1258,0x0041d486,4314246
1259,0x0041d789,4315017
1260,0x0041d78b,4315019
1261,0x0041d7cc,4315084
1262,0x0041d7cd,4315085
1263,0x0041d7e4,4315108
1264,0x0041d7e5,4315109
1265,0x0041d821,4315169
1266,0x0041d822,4315170
1267,0x0041d850,4315216
1268,0x0041d859,4315225
1269,0x0041d86e,4315246
1270,0x0041d870,4315248
1271,0x0041d871,4315249
1272,0x0041d87f,4315263
1273,0x0041d884,4315268
1274,0x0041d887,4315271
1275,0x0041d88f,4315279
1276,0x0041d898,4315288
1277,0x0041d8a2,4315298
1278,0x0041d8a4,4315300
1279,0x0041d8b7,4315319
1280,0x0041d8cb,4315339
1281,0x0041e1f6,4317686
1282,0x0041e1f8,4317688
1283,0x0041e233,4317747
1284,0x0041e235,4317749
1285,0x0041e29c,4317852
1286,0x0041e2a4,4317860
1287,0x0041e2b9,4317881
1288,0x0041e2ba,4317882
1289,0x0041e2bb,4317883
1290,0x0041e2ce,4317902
1291,0x0041e2e0,4317920
1292,0x0041e40c,4318220
1293,0x0041e610,4318736
1294,0x0041ea56,4319830
1295,0x0041eee8,4321000
1296,0x0041eef8,4321016
1297,0x0041eef9,4321017
1298,0x0041eefa,4321018
1299,0x0041ef5b,4321115
1300,0x0041ef5c,4321116
1301,0x0041f087,4321415
1302,0x0041f100,4321536
1303,0x0041f11b,4321563
1304,0x0041f12b,4321579
1305,0x0041f12c,4321580
1306,0x0041f13d,4321597
1307,0x0041f140,4321600
1308,0x0041f141,4321601
1309,0x0041f150,4321616
1310,0x0041f151,4321617
1311,0x0041f160,4321632
1312,0x0041f161,4321633
1313,0x0041f162,4321634
1314,0x0041f170,4321648
1315,0x0041f171,4321649
1316,0x0041f172,4321650
1317,0x0041f17f,4321663
1318,0x0041f180,4321664
1319,0x0041f181,4321665
1320,0x0041f182,4321666
1321,0x0041f191,4321681
1322,0x0041f1a0,4321696
1323,0x0041f1a1,4321697
1324,0x0041f1a2,4321698
1325,0x0041f1b0,4321712
1326,0x0041f1b1,4321713
1327,0x0041f1b2,4321714
1328,0x0041f1c1,4321729
1329,0x0041f1c2,4321730
1330,0x0041f1d0,4321744
1331,0x0041f1d1,4321745
1332,0x0041f1d2,4321746
1333,0x0041f1e1,4321761
1334,0x0041f1e3,4321763
1335,0x0041f1f1,4321777
1336,0x0041f1f2,4321778
1337,0x0041f1f3,4321779
1338,0x0041f1f6,4321782
1339,0x0041f207,4321799
1340,0x0041f270,4321904
1341,0x0041f277,4321911
1342,0x0041f28a,4321930
1343,0x0041f28b,4321931
1344,0x0041f28c,4321932
1345,0x0041f2a9,4321961
1346,0x0041f2fd,4322045
1347,0x0041f2fe,4322046
1348,0x0041f317,4322071
1349,0x0041f32a,4322090
1350,0x0041f332,4322098
1351,0x0041f337,4322103
1352,0x0041f34a,4322122
1353,0x0041f3c3,4322243
1354,0x0041f3c4,4322244
1355,0x0041f3e4,4322276
1356,0x0041f3f4,4322292
1357,0x0041f3fb,4322299
1358,0x0041f3fd,4322301
1359,0x0041f40a,4322314
1360,0x0041f40b,4322315
1361,0x0041f40d,4322317
1362,0x0041f40f,4322319
1363,0x0041f421,4322337
1364,0x0041f453,4322387
1365,0x0041f45b,4322395
1366,0x0041f46f,4322415
1367,0x0041f470,4322416
1368,0x0041f471,4322417
1369,0x0041f472,4322418
1370,0x0041f484,4322436
1371,0x0041f4e4,4322532
1372,0x0041f4f7,4322551
1373,0x0041f4f8,4322552
1374,0x0041f50e,4322574
1375,0x0041f57e,4322686
1376,0x0041f58e,4322702
1377,0x0041f5a1,4322721
1378,0x0041f5a3,4322723
1379,0x0041f5a5,4322725
1380,0x0041f5a6,4322726
1381,0x0041f5b9,4322745
1382,0x0041f7a0,4323232
1383,0x0041f7b2,4323250
1384,0x0041f7b4,4323252
1385,0x0041f7b5,4323253
1386,0x0041f7c8,4323272
1387,0x0041f7cc,4323276
1388,0x0041f7ce,4323278
1389,0x0041f7cf,4323279
1390,0x0041f7d1,4323281
1391,0x0041f7d3,4323283
1392,0x0041f7d4,4323284
1393,0x0041f7e0,4323296
1394,0x0041f7e4,4323300
1395,0x0041f7fe,4323326
1396,0x0041f7ff,4323327
1397,0x0041f800,4323328
1398,0x0041f812,4323346
1399,0x0041f81e,4323358
1400,0x0041f847,4323399
1401,0x0041f85a,4323418
1402,0x0041f8fc,4323580
1403,0x0041f909,4323593
1404,0x0041f90a,4323594
1405,0x0041f916,4323606
1406,0x0041f918,4323608
1407,0x0041f929,4323625
1408,0x0041f92a,4323626
1409,0x0041f92b,4323627
1410,0x0041f92c,4323628
1411,0x0041f93b,4323643
1412,0x0041f93c,4323644
1413,0x0041f94a,4323658
1414,0x0041f94c,4323660
1415,0x0041f959,4323673
1416,0x0041f95b,4323675
1417,0x0041f95c,4323676
1418,0x0041f96a,4323690
1419,0x0041f96d,4323693
1420,0x0041f97a,4323706
1421,0x0041f97d,4323709
1422,0x0041f97e,4323710
1423,0x0041f98a,4323722
1424,0x0041f98d,4323725
1425,0x0041f98e,4323726
1426,0x0041f999,4323737
1427,0x0041f99e,4323742
1428,0x0041f9ad,4323757
1429,0x0041f9ae,4323758
1430,0x0041f9af,4323759
1431,0x0041f9be,4323774
1432,0x0041f9bf,4323775
1433,0x0041f9ce,4323790
1434,0x0041f9cf,4323791
1435,0x0041f9de,4323806
1436,0x0041f9df,4323807
1437,0x0041f9e0,4323808
1438,0x0041f9ed,4323821
1439,0x0041f9ef,4323823
1440,0x0041f9f0,4323824
1441,0x0041f9ff,4323839
1442,0x0041fa00,4323840
1443,0x0041fa01,4323841
1444,0x0041fa11,4323857
1445,0x0041fa20,4323872
1446,0x0041fa21,4323873
1447,0x0041fa31,4323889
1448,0x0041fa32,4323890
1449,0x0041fa41,4323905
1450,0x0041fa42,4323906
1451,0x0041fa51,4323921
1452,0x0041fa52,4323922
1453,0x0041fa61,4323937
1454,0x0041fa62,4323938
1455,0x0041fa63,4323939
1456,0x0041fa71,4323953
1457,0x0041fa73,4323955
1458,0x0041fa74,4323956
1459,0x0041fa83,4323971
1460,0x0041fa84,4323972
1461,0x0041fac2,4324034
1462,0x0041faca,4324042
1463,0x0041fad8,4324056
1464,0x0041faeb,4324075
1465,0x0041faed,4324077
1466,0x0041faee,4324078
1467,0x0041fafd,4324093
1468,0x0041fafe,4324094
1469,0x0041faff,4324095
1470,0x0041fb00,4324096
1471,0x0041fb01,4324097
1472,0x0041fb0c,4324108
1473,0x0041fb0e,4324110
1474,0x0041fb0f,4324111
1475,0x0041fb10,4324112
1476,0x0041fb1c,4324124
1477,0x0041fb1e,4324126
1478,0x0041fb1f,4324127
1479,0x0041fb2e,4324142
1480,0x0041fb2f,4324143
1481,0x0041fb3e,4324158
1482,0x0041fb3f,4324159
1483,0x0041fb4d,4324173
1484,0x0041fb4e,4324174
1485,0x0041fb4f,4324175
1486,0x0041fb5d,4324189
1487,0x0041fb5e,4324190
1488,0x0041fb5f,4324191
1489,0x0041fb6d,4324205
1490,0x0041fb6e,4324206
1491,0x0041fb6f,4324207
1492,0x0041fb7d,4324221
1493,0x0041fb7e,4324222
1494,0x0041fbaa,4324266
1495,0x0041fbab,4324267
1496,0x0041fbae,4324270
1497,0x0041fbc1,4324289
1498,0x0041fc1e,4324382
1499,0x0041fc20,4324384
1500,0x0041fc23,4324387
1501,0x0041fc2f,4324399
1502,0x0041fc30,4324400
1503,0x0041fc32,4324402
1504,0x0041fc33,4324403
1505,0x0041fc3e,4324414
1506,0x0041fc3f,4324415
1507,0x0041fc42,4324418
1508,0x0041fc43,4324419
1509,0x0041fc4f,4324431
1510,0x0041fc50,4324432
1511,0x0041fc53,4324435
1512,0x0041fc5f,4324447
1513,0x0041fc62,4324450
1514,0x0041fc63,4324451
1515,0x0041fc6f,4324463
1516,0x0041fc70,4324464
1517,0x0041fc71,4324465
1518,0x0041fc72,4324466
1519,0x0041fc73,4324467
1520,0x0041fc7f,4324479
1521,0x0041fc81,4324481
1522,0x0041fc82,4324482
1523,0x0041fc83,4324483
1524,0x0041fc91,4324497
1525,0x0041fc93,4324499
1526,0x0041fca1,4324513
1527,0x0041fca2,4324514
1528,0x0041fca3,4324515
1529,0x0041fcb1,4324529
1530,0x0041fcb2,4324530
1531,0x0041fcb3,4324531
1532,0x0041fcb4,4324532
1533,0x0041fcc1,4324545
1534,0x0041fcc2,4324546
1535,0x0041fcc3,4324547
1536,0x0041fcda,4324570
1537,0x0041fcdb,4324571
1538,0x0041fced,4324589
1539,0x0041fcf2,4324594
1540,0x0041fcf5,4324597
1541,0x0041fcf6,4324598
1542,0x0041fcf7,4324599
1543,0x0041fd07,4324615
1544,0x0041fd17,4324631
1545,0x0041fd18,4324632
1546,0x0041fd23,4324643
1547,0x0041fd28,4324648
1548,0x0041fd29,4324649
1549,0x0041fd32,4324658
1550,0x0041fd38,4324664
1551,0x0041fd39,4324665
1552,0x0041fd48,4324680
1553,0x0041fd49,4324681
1554,0x0041fd4a,4324682
1555,0x0041fd4b,4324683
1556,0x0041fd4c,4324684
1557,0x0041fd4d,4324685
1558,0x0041fd4e,4324686
1559,0x0041fd5a,4324698
1560,0x0041fd5c,4324700
1561,0x0041fd5d,4324701
1562,0x0041fd5e,4324702
1563,0x0041fd5f,4324703
1564,0x0041fd6c,4324716
1565,0x0041fd6d,4324717
1566,0x0041fd6e,4324718
1567,0x0041fd6f,4324719
1568,0x0041fd71,4324721
1569,0x0041fd73,4324723
1570,0x0041fd74,4324724
1571,0x0041fd7d,4324733
1572,0x0041fd7f,4324735
1573,0x0041fd80,4324736
1574,0x0041fd81,4324737
1575,0x0041fd83,4324739
1576,0x0041fd84,4324740
1577,0x0041fd93,4324755
1578,0x0041fd94,4324756
1579,0x0041fda2,4324770
1580,0x0041fda3,4324771
1581,0x0041fda4,4324772
1582,0x0041fda5,4324773
1583,0x0041fdb3,4324787
1584,0x0041fdb4,4324788
1585,0x0041fdb5,4324789
1586,0x0041fdc3,4324803
1587,0x0041fdc4,4324804
1588,0x0041fdd3,4324819
1589,0x0041fdd4,4324820
1590,0x0041fdd5,4324821
1591,0x0041fdda,4324826
1592,0x0041fdec,4324844
1593,0x0041fdf0,4324848
1594,0x0041fdf1,4324849
1595,0x0041fdf2,4324850
1596,0x0041fdf3,4324851
1597,0x0041fe02,4324866
1598,0x0041fe03,4324867
1599,0x0041fe13,4324883
1600,0x0041fe24,4324900
1601,0x0041fe33,4324915
1602,0x0041fe34,4324916
1603,0x0041fe43,4324931
1604,0x0041fe44,4324932
1605,0x0041fe59,4324953
1606,0x0041fe5a,4324954
1607,0x0041fe5c,4324956
1608,0x0041fe5d,4324957
1609,0x0041fe69,4324969
1610,0x0041fe6b,4324971
1611,0x0041fe6c,4324972
1612,0x0041fe6d,4324973
1613,0x0041fe78,4324984
1614,0x0041fe7c,4324988
1615,0x0041fe7d,4324989
1616,0x0041fe8d,4325005
1617,0x0041fe8e,4325006
1618,0x0041fe9e,4325022
1619,0x0041fe9f,4325023
1620,0x0041fea2,4325026
1621,0x0041feb4,4325044
1622,0x0041feb8,4325048
1623,0x0041feb9,4325049
1624,0x0041feba,4325050
1625,0x0041febb,4325051
1626,0x0041feca,4325066
1627,0x0041fecb,4325067
1628,0x0041fed1,4325073
1629,0x0041feda,4325082
1630,0x0041fedb,4325083
1631,0x0041feea,4325098
1632,0x0041feeb,4325099
1633,0x0041feec,4325100
1634,0x0041fef1,4325105
1635,0x0041fefa,4325114
1636,0x0041feff,4325119
1637,0x0041ff00,4325120
1638,0x0041ff01,4325121
1639,0x0041ff09,4325129
1640,0x0041ff0e,4325134
1641,0x0041ff0f,4325135
1642,0x0041ff10,4325136
1643,0x0041ff11,4325137
1644,0x0041ff12,4325138
1645,0x0041ff13,4325139
1646,0x0041ff14,4325140
1647,0x0041ff1f,4325151
1648,0x0041ff20,4325152
1649,0x0041ff21,4325153
1650,0x0041ff22,4325154
1651,0x0041ff23,4325155
1652,0x0041ff24,4325156
1653,0x0041ff30,4325168
1654,0x0041ff31,4325169
1655,0x0041ff32,4325170
1656,0x0041ff33,4325171
1657,0x0041ff34,4325172
1658,0x0041ff40,4325184
1659,0x0041ff41,4325185
1660,0x0041ff42,4325186
1661,0x0041ff43,4325187
1662,0x0041ff44,4325188
1663,0x0041ff50,4325200
1664,0x0041ff51,4325201
1665,0x0041ff52,4325202
1666,0x0041ff54,4325204
1667,0x0041ff56,4325206
1668,0x0041ff60,4325216
1669,0x0041ff61,4325217
1670,0x0041ff62,4325218
1671,0x0041ff68,4325224
1672,0x0041ff6b,4325227
1673,0x0041ff6d,4325229
1674,0x0041ff6e,4325230
1675,0x0041ff6f,4325231
1676,0x0041ff70,4325232
1677,0x0041ff71,4325233
1678,0x0041ff72,4325234
1679,0x0041ff75,4325237
1680,0x0041ff7d,4325245
1681,0x0041ff7f,4325247
1682,0x0041ff80,4325248
1683,0x0041ff85,4325253
1684,0x0041ff87,4325255
1685,0x0041ff8d,4325261
1686,0x0041ff8f,4325263
1687,0x0041ff90,4325264
1688,0x0041ff91,4325265
1689,0x0041ff96,4325270
1690,0x0041ff9e,4325278
1691,0x0041ff9f,4325279
1692,0x0041ffa0,4325280
1693,0x0041ffa1,4325281
1694,0x0041ffa2,4325282
1695,0x0041ffa3,4325283
1696,0x0041ffb2,4325298
1697,0x0041ffb3,4325299
1698,0x0041ffb4,4325300
1699,0x0041ffb6,4325302
1700,0x0041ffb7,4325303
1701,0x0041ffba,4325306
1702,0x0041ffc1,4325313
1703,0x0041ffc2,4325314
1704,0x0041ffc3,4325315
1705,0x0041ffc5,4325317
1706,0x0041ffc6,4325318
1707,0x0041ffc7,4325319
1708,0x0041ffd6,4325334
1709,0x0041ffd7,4325335
1710,0x0041ffd8,4325336
1711,0x0041ffd9,4325337
1712,0x0041ffda,4325338
1713,0x0041ffe1,4325345
1714,0x0041ffe6,4325350
1715,0x0041ffe7,4325351
1716,0x0041ffe9,4325353
1717,0x0041ffea,4325354
1718,0x0041ffeb,4325355
1719,0x0041fffa,4325370
1720,0x0041fffb,4325371
1721,0x0041fffe,4325374
1722,0x0041ffff,4325375
1723,0x00420000,4325376
1724,0x00420001,4325377
1725,0x00420009,4325385
1726,0x0042000a,4325386
1727,0x0042000b,4325387
1728,0x0042000f,4325391
1729,0x00420010,4325392
1730,0x00420011,4325393
1731,0x00420012,4325394
1732,0x0042001a,4325402
1733,0x0042001c,4325404
1734,0x00420020,4325408
1735,0x00420021,4325409
1736,0x00420022,4325410
1737,0x00420024,4325412
1738,0x0042002a,4325418
1739,0x0042002b,4325419
1740,0x0042002d,4325421
1741,0x00420037,4325431
1742,0x00420039,4325433
1743,0x0042003a,4325434
1744,0x0042003f,4325439
1745,0x00420043,4325443
1746,0x00420045,4325445
1747,0x00420046,4325446
1748,0x00420047,4325447
1749,0x00420048,4325448
1750,0x00420049,4325449
1751,0x0042004a,4325450
1752,0x0042004b,4325451
1753,0x0042004c,4325452
1754,0x0042004d,4325453
1755,0x00420059,4325465
1756,0x0042005a,4325466
1757,0x0042005b,4325467
1758,0x0042005e,4325470
1759,0x0042005f,4325471
1760,0x00420068,4325480
1761,0x0042006a,4325482
1762,0x0042006b,4325483
1763,0x00420070,4325488
1764,0x00420074,4325492
1765,0x00420076,4325494
1766,0x00420077,4325495
1767,0x00420078,4325496
1768,0x0042007e,4325502
1769,0x0042007f,4325503
1770,0x00420080,4325504
1771,0x00420081,4325505
1772,0x00420082,4325506
1773,0x00420087,4325511
1774,0x00420088,4325512
1775,0x00420089,4325513
1776,0x00420091,4325521
1777,0x00420092,4325522
1778,0x00420097,4325527
1779,0x00420098,4325528
1780,0x004200a1,4325537
1781,0x004200a2,4325538
1782,0x004200a3,4325539
1783,0x004200a7,4325543
1784,0x004200ad,4325549
1785,0x004200af,4325551
1786,0x004200b0,4325552
1787,0x004200b1,4325553
1788,0x004200b2,4325554
1789,0x004200b3,4325555
1790,0x004200b4,4325556
1791,0x004200bc,4325564
1792,0x004200c0,4325568
1793,0x004200c1,4325569
1794,0x004200c2,4325570
1795,0x004200c3,4325571
1796,0x004200c4,4325572
1797,0x004200c5,4325573
1798,0x004200c6,4325574
1799,0x004200c7,4325575
1800,0x004200cf,4325583
1801,0x004200d0,4325584
1802,0x004200d1,4325585
1803,0x004200d2,4325586
1804,0x004200d4,4325588
1805,0x004200d7,4325591
1806,0x004200d9,4325593
1807,0x004200db,4325595
1808,0x004200dc,4325596
1809,0x004200dd,4325597
1810,0x004200e3,4325603
1811,0x004200e5,4325605
1812,0x004200e9,4325609
1813,0x004200ea,4325610
1814,0x004200eb,4325611
1815,0x004200ec,4325612
1816,0x004200ed,4325613
1817,0x004200ee,4325614
1818,0x004200fc,4325628
1819,0x004200fd,4325629
1820,0x004200fe,4325630
1821,0x0042010d,4325645
1822,0x00420112,4325650
1823,0x00420114,4325652
1824,0x00420115,4325653
1825,0x00420116,4325654
1826,0x00420121,4325665
1827,0x00420122,4325666
1828,0x00420123,4325667
1829,0x00420124,4325668
1830,0x00420125,4325669
1831,0x00420126,4325670
1832,0x00420130,4325680
1833,0x00420133,4325683
1834,0x00420134,4325684
1835,0x00420135,4325685
1836,0x00420136,4325686
1837,0x00420137,4325687
1838,0x00420144,4325700
1839,0x00420145,4325701
1840,0x00420146,4325702
1841,0x00420147,4325703
1842,0x00420148,4325704
1843,0x0042014b,4325707
1844,0x00420153,4325715
1845,0x00420159,4325721
1846,0x0042015c,4325724
1847,0x0042015d,4325725
1848,0x0042015e,4325726
1849,0x00420161,4325729
1850,0x00420162,4325730
1851,0x00420163,4325731
1852,0x00420164,4325732
1853,0x00420165,4325733
1854,0x00420166,4325734
1855,0x00420167,4325735
1856,0x0042016b,4325739
1857,0x0042016c,4325740
1858,0x0042016d,4325741
1859,0x00420175,4325749
1860,0x00420176,4325750
1861,0x00420177,4325751
1862,0x00420178,4325752
1863,0x0042017a,4325754
1864,0x0042017c,4325756
1865,0x0042017e,4325758
1866,0x00420186,4325766
1867,0x00420188,4325768
1868,0x0042019a,4325786
1869,0x0042019c,4325788
1870,0x0042019d,4325789
1871,0x0042019e,4325790
1872,0x0042019f,4325791
1873,0x004201a0,4325792
1874,0x004201aa,4325802
1875,0x004201ad,4325805
1876,0x004201af,4325807
1877,0x004201b0,4325808
1878,0x004201b1,4325809
1879,0x004201be,4325822
1880,0x004201bf,4325823
1881,0x004201c0,4325824
1882,0x004201c1,4325825
1883,0x004201d1,4325841
1884,0x004201d2,4325842
1885,0x004201d3,4325843
1886,0x004201d6,4325846
1887,0x004201d7,4325847
1888,0x004201d8,4325848
1889,0x004201e4,4325860
1890,0x004201e7,4325863
1891,0x004201e8,4325864
1892,0x004201e9,4325865
1893,0x004201ea,4325866
1894,0x004201eb,4325867
1895,0x004201f9,4325881
1896,0x004201fb,4325883
1897,0x004201fc,4325884
1898,0x004201fd,4325885
1899,0x004201fe,4325886
1900,0x004201ff,4325887
1901,0x0042020c,4325900
1902,0x0042020e,4325902
1903,0x0042020f,4325903
1904,0x00420210,4325904
1905,0x0042021b,4325915
1906,0x0042021e,4325918
1907,0x0042021f,4325919
1908,0x00420220,4325920
1909,0x00420222,4325922
1910,0x00420223,4325923
1911,0x00420224,4325924
1912,0x0042022e,4325934
1913,0x00420230,4325936
1914,0x00420231,4325937
1915,0x00420233,4325939
1916,0x00420234,4325940
1917,0x00420235,4325941
1918,0x0042023a,4325946
1919,0x00420243,4325955
1920,0x00420244,4325956
1921,0x00420245,4325957
1922,0x00420246,4325958
1923,0x00420249,4325961
1924,0x0042024a,4325962
1925,0x0042024b,4325963
1926,0x0042024d,4325965
1927,0x0042024e,4325966
1928,0x0042024f,4325967
1929,0x00420259,4325977
1930,0x0042025e,4325982
1931,0x0042025f,4325983
1932,0x0042026f,4325999
1933,0x00420271,4326001
1934,0x00420272,4326002
1935,0x00420273,4326003
1936,0x00420275,4326005
1937,0x00420276,4326006
1938,0x00420277,4326007
1939,0x00420285,4326021
1940,0x00420286,4326022
1941,0x00420287,4326023
1942,0x00420295,4326037
1943,0x00420298,4326040
1944,0x00420299,4326041
1945,0x004202a9,4326057
1946,0x004202aa,4326058
1947,0x004202ad,4326061
1948,0x004202ae,4326062
1949,0x004202af,4326063
1950,0x004202b0,4326064
1951,0x004202b1,4326065
1952,0x004202b2,4326066
1953,0x004202b9,4326073
1954,0x004202bd,4326077
1955,0x004202bf,4326079
1956,0x004202c0,4326080
1957,0x004202c1,4326081
1958,0x004202c2,4326082
1959,0x004202d3,4326099
1960,0x004202d4,4326100
1961,0x004202d5,4326101
1962,0x004202d6,4326102
1963,0x004202d7,4326103
1964,0x004202d8,4326104
1965,0x004202d9,4326105
1966,0x004202e6,4326118
1967,0x004202e7,4326119
1968,0x004202e8,4326120
1969,0x004202e9,4326121
1970,0x004202ea,4326122
1971,0x004202f7,4326135
1972,0x004202f9,4326137
1973,0x004202fa,4326138
1974,0x004202fb,4326139
1975,0x004202ff,4326143
1976,0x00420300,4326144
1977,0x00420301,4326145
1978,0x00420302,4326146
1979,0x0042030d,4326157
1980,0x0042030f,4326159
1981,0x00420310,4326160
1982,0x00420311,4326161
1983,0x00420312,4326162
1984,0x00420313,4326163
1985,0x00420314,4326164
1986,0x00420323,4326179
1987,0x00420324,4326180
1988,0x00420325,4326181
1989,0x00420326,4326182
1990,0x00420328,4326184
1991,0x00420329,4326185
1992,0x0042032a,4326186
1993,0x00420338,4326200
1994,0x00420339,4326201
1995,0x0042033a,4326202
1996,0x0042033b,4326203
1997,0x0042033c,4326204
1998,0x00420347,4326215
1999,0x0042034c,4326220
2000,0x0042034d,4326221
2001,0x00420350,4326224
2002,0x00420351,4326225
2003,0x00420352,4326226
2004,0x00420353,4326227
2005,0x0042035c,4326236
2006,0x00420361,4326241
2007,0x00420362,4326242
2008,0x00420378,4326264
2009,0x00420379,4326265
2010,0x0042037a,4326266
2011,0x0042037b,4326267
2012,0x00420387,4326279
2013,0x0042038a,4326282
2014,0x0042038b,4326283
2015,0x0042038d,4326285
2016,0x0042038e,4326286
2017,0x0042039f,4326303
2018,0x004203a0,4326304
2019,0x004203a1,4326305
2020,0x004203a3,4326307
2021,0x004203a4,4326308
2022,0x004203a5,4326309
2023,0x004203a6,4326310
2024,0x004203a7,4326311
2025,0x004203a8,4326312
2026,0x004203b0,4326320
2027,0x004203b3,4326323
2028,0x004203b4,4326324
2029,0x004203b7,4326327
2030,0x004203b8,4326328
2031,0x004203c6,4326342
2032,0x004203c8,4326344
2033,0x004203c9,4326345
2034,0x004203ca,4326346
2035,0x004203cb,4326347
2036,0x004203cc,4326348
2037,0x004203cd,4326349
2038,0x004203d7,4326359
2039,0x004203d8,4326360
2040,0x004203db,4326363
2041,0x004203dc,4326364
2042,0x004203dd,4326365
2043,0x004203de,4326366
2044,0x004203df,4326367
2045,0x004203e0,4326368
2046,0x004203ea,4326378
2047,0x004203ed,4326381
2048,0x004203ee,4326382
2049,0x004203ef,4326383
2050,0x004203f0,4326384
2051,0x004203f5,4326389
2052,0x004203f6,4326390
2053,0x004203f7,4326391
2054,0x004203f8,4326392
2055,0x004203fe,4326398
2056,0x00420400,4326400
2057,0x00420405,4326405
2058,0x00420406,4326406
2059,0x00420407,4326407
2060,0x00420412,4326418
2061,0x00420416,4326422
2062,0x00420417,4326423
2063,0x00420418,4326424
2064,0x00420419,4326425
2065,0x0042041a,4326426
2066,0x0042041b,4326427
2067,0x0042041d,4326429
2068,0x0042041e,4326430
2069,0x0042041f,4326431
2070,0x00420426,4326438
2071,0x00420428,4326440
2072,0x00420429,4326441
2073,0x0042042a,4326442
2074,0x0042042d,4326445
2075,0x0042042e,4326446
2076,0x00420431,4326449
2077,0x00420432,4326450
2078,0x0042043d,4326461
2079,0x0042043f,4326463
2080,0x00420440,4326464
2081,0x00420441,4326465
2082,0x00420443,4326467
2083,0x00420447,4326471
2084,0x00420448,4326472
2085,0x00420449,4326473
2086,0x0042044a,4326474
2087,0x00420450,4326480
2088,0x00420451,4326481
2089,0x00420458,4326488
2090,0x00420459,4326489
2091,0x0042045f,4326495
2092,0x00420460,4326496
2093,0x0042046c,4326508
2094,0x0042046d,4326509
2095,0x0042046f,4326511
2096,0x00420470,4326512
2097,0x00420471,4326513
2098,0x0042047c,4326524
2099,0x0042047f,4326527
2100,0x00420480,4326528
2101,0x00420485,4326533
2102,0x00420496,4326550
2103,0x00420497,4326551
2104,0x0042049a,4326554
2105,0x0042049b,4326555
2106,0x0042049c,4326556
2107,0x0042049d,4326557
2108,0x0042049e,4326558
2109,0x0042049f,4326559
2110,0x004204a0,4326560
2111,0x004204ae,4326574
2112,0x004204af,4326575
2113,0x004204b0,4326576
2114,0x004204c2,4326594
2115,0x004204c3,4326595
2116,0x004204c4,4326596
2117,0x004204c5,4326597
2118,0x004204c6,4326598
2119,0x004204c7,4326599
2120,0x004204c8,4326600
2121,0x004204d1,4326609
2122,0x004204d2,4326610
2123,0x004204d5,4326613
2124,0x004204d6,4326614
2125,0x004204d7,4326615
2126,0x004204d8,4326616
2127,0x004204d9,4326617
2128,0x004204e5,4326629
2129,0x004204e6,4326630
2130,0x004204e7,4326631
2131,0x004204e8,4326632
2132,0x004204e9,4326633
2133,0x004204ee,4326638
2134,0x004204ef,4326639
2135,0x004204f0,4326640
2136,0x004204f1,4326641
2137,0x004204f8,4326648
2138,0x004204fc,4326652
2139,0x004204fd,4326653
2140,0x004204fe,4326654
2141,0x004204ff,4326655
2142,0x00420500,4326656
2143,0x0042050d,4326669
2144,0x0042050e,4326670
2145,0x00420513,4326675
2146,0x00420514,4326676
2147,0x00420516,4326678
2148,0x00420517,4326679
2149,0x00420518,4326680
2150,0x00420522,4326690
2151,0x00420523,4326691
2152,0x00420525,4326693
2153,0x00420526,4326694
2154,0x00420527,4326695
2155,0x00420528,4326696
2156,0x00420532,4326706
2157,0x00420535,4326709
2158,0x00420536,4326710
2159,0x00420539,4326713
2160,0x0042053e,4326718
2161,0x0042053f,4326719
2162,0x00420540,4326720
2163,0x00420541,4326721
2164,0x00420542,4326722
2165,0x00420543,4326723
2166,0x00420544,4326724
2167,0x00420552,4326738
2168,0x00420567,4326759
2169,0x00420569,4326761
2170,0x0042056a,4326762
2171,0x0042056b,4326763
2172,0x0042056c,4326764
2173,0x00420579,4326777
2174,0x0042057a,4326778
2175,0x0042057c,4326780
2176,0x0042057d,4326781
2177,0x0042058e,4326798
2178,0x00420592,4326802
2179,0x00420593,4326803
2180,0x00420594,4326804
2181,0x00420595,4326805
2182,0x00420596,4326806
2183,0x00420597,4326807
2184,0x004205a4,4326820
2185,0x004205a5,4326821
2186,0x004205a6,4326822
2187,0x004205b8,4326840
2188,0x004205ba,4326842
2189,0x004205bb,4326843
2190,0x004205bc,4326844
2191,0x004205bd,4326845
2192,0x004205be,4326846
2193,0x004205c9,4326857
2194,0x004205ca,4326858
2195,0x004205cc,4326860
2196,0x004205cd,4326861
2197,0x004205ce,4326862
2198,0x004205cf,4326863
2199,0x004205dd,4326877
2200,0x004205e1,4326881
2201,0x004205e2,4326882
2202,0x004205e3,4326883
2203,0x004205e4,4326884
2204,0x004205e6,4326886
2205,0x004205e7,4326887
2206,0x004205e8,4326888
2207,0x004205e9,4326889
2208,0x004205f3,4326899
2209,0x004205f7,4326903
2210,0x004205f8,4326904
2211,0x00420607,4326919
2212,0x00420608,4326920
2213,0x00420609,4326921
2214,0x0042060a,4326922
2215,0x0042060b,4326923
2216,0x0042060c,4326924
2217,0x0042060e,4326926
2218,0x0042060f,4326927
2219,0x00420610,4326928
2220,0x00420619,4326937
2221,0x0042061a,4326938
2222,0x0042061b,4326939
2223,0x0042061c,4326940
2224,0x0042061e,4326942
2225,0x0042061f,4326943
2226,0x00420620,4326944
2227,0x0042062c,4326956
2228,0x00420630,4326960
2229,0x00420631,4326961
2230,0x00420632,4326962
2231,0x00420633,4326963
2232,0x00420641,4326977
2233,0x00420642,4326978
2234,0x00420643,4326979
2235,0x00420656,4326998
2236,0x00420657,4326999
2237,0x00420658,4327000
2238,0x00420659,4327001
2239,0x0042065a,4327002
2240,0x0042065b,4327003
2241,0x00420668,4327016
2242,0x00420669,4327017
2243,0x0042066b,4327019
2244,0x0042066c,4327020
2245,0x0042067c,4327036
2246,0x0042067d,4327037
2247,0x00420681,4327041
2248,0x00420682,4327042
2249,0x00420683,4327043
2250,0x00420684,4327044
2251,0x00420685,4327045
2252,0x00420686,4327046
2253,0x00420692,4327058
2254,0x00420693,4327059
2255,0x00420694,4327060
2256,0x004206a2,4327074
2257,0x004206a8,4327080
2258,0x004206a9,4327081
2259,0x004206ab,4327083
2260,0x004206ac,4327084
2261,0x004206b6,4327094
2262,0x004206b7,4327095
2263,0x004206b8,4327096
2264,0x004206b9,4327097
2265,0x004206ba,4327098
2266,0x004206bb,4327099
2267,0x004206bc,4327100
2268,0x004206bd,4327101
2269,0x004206c8,4327112
2270,0x004206c9,4327113
2271,0x004206ca,4327114
2272,0x004206cb,4327115
2273,0x004206cf,4327119
2274,0x004206d4,4327124
2275,0x004206d5,4327125
2276,0x004206d6,4327126
2277,0x004206d7,4327127
2278,0x004206dc,4327132
2279,0x004206e0,4327136
2280,0x004206e1,4327137
2281,0x004206e2,4327138
2282,0x004206e5,4327141
2283,0x004206f1,4327153
2284,0x004206f2,4327154
2285,0x004206f3,4327155
2286,0x004206fa,4327162
2287,0x004206fc,4327164
2288,0x004206fd,4327165
2289,0x004206fe,4327166
2290,0x00420702,4327170
2291,0x0042070a,4327178
2292,0x0042070d,4327181
2293,0x0042070f,4327183
2294,0x00420715,4327189
2295,0x00420717,4327191
2296,0x00420718,4327192
2297,0x00420719,4327193
2298,0x0042071a,4327194
2299,0x00420720,4327200
2300,0x00420724,4327204
2301,0x00420725,4327205
2302,0x00420726,4327206
2303,0x00420727,4327207
2304,0x00420729,4327209
2305,0x00420737,4327223
2306,0x0042074b,4327243
2307,0x0042074c,4327244
2308,0x0042074e,4327246
2309,0x0042074f,4327247
2310,0x00420750,4327248
2311,0x00420758,4327256
2312,0x0042075a,4327258
2313,0x0042075b,4327259
2314,0x0042075e,4327262
2315,0x0042075f,4327263
2316,0x00420761,4327265
2317,0x00420762,4327266
2318,0x0042076d,4327277
2319,0x0042076f,4327279
2320,0x00420770,4327280
2321,0x00420771,4327281
2322,0x00420772,4327282
2323,0x00420773,4327283
2324,0x00420776,4327286
2325,0x00420777,4327287
2326,0x00420778,4327288
2327,0x00420779,4327289
2328,0x0042077a,4327290
2329,0x0042077b,4327291
2330,0x0042077c,4327292
2331,0x0042077e,4327294
2332,0x0042077f,4327295
2333,0x00420780,4327296
2334,0x00420781,4327297
2335,0x00420783,4327299
2336,0x00420789,4327305
2337,0x0042078a,4327306
2338,0x0042078b,4327307
2339,0x0042078c,4327308
2340,0x0042078e,4327310
2341,0x0042078f,4327311
2342,0x00420790,4327312
2343,0x00420791,4327313
2344,0x00420796,4327318
2345,0x00420797,4327319
2346,0x00420798,4327320
2347,0x00420799,4327321
2348,0x0042079a,4327322
2349,0x0042079b,4327323
2350,0x0042079e,4327326
2351,0x004207a0,4327328
2352,0x004207a5,4327333
2353,0x004207a6,4327334
2354,0x004207a7,4327335
2355,0x004207a9,4327337
2356,0x004207ab,4327339
2357,0x004207ac,4327340
2358,0x004207ae,4327342
2359,0x004207af,4327343
2360,0x004207b0,4327344
2361,0x004207b3,4327347
2362,0x004207bb,4327355
2363,0x004207bc,4327356
2364,0x004207be,4327358
2365,0x004207c0,4327360
2366,0x004207c1,4327361
2367,0x004207c2,4327362
2368,0x004207c3,4327363
2369,0x004207c4,4327364
2370,0x004207c5,4327365
2371,0x004207c6,4327366
2372,0x004207c7,4327367
2373,0x004207c8,4327368
2374,0x004207c9,4327369
2375,0x004207ca,4327370
2376,0x004207cf,4327375
2377,0x004207d0,4327376
2378,0x004207d1,4327377
2379,0x004207d3,4327379
2380,0x004207d4,4327380
2381,0x004207d5,4327381
2382,0x004207d6,4327382
2383,0x004207d8,4327384
2384,0x004207d9,4327385
2385,0x004207da,4327386
2386,0x004207db,4327387
2387,0x004207dc,4327388
2388,0x004207dd,4327389
2389,0x004207de,4327390
2390,0x004207df,4327391
2391,0x004207e0,4327392
2392,0x004207e1,4327393
2393,0x004207e3,4327395
2394,0x004207e6,4327398
2395,0x004207e7,4327399
2396,0x004207e8,4327400
2397,0x004207e9,4327401
2398,0x004207ea,4327402
2399,0x004207ed,4327405
2400,0x004207ee,4327406
2401,0x004207ef,4327407
2402,0x004207f0,4327408
2403,0x004207f1,4327409
2404,0x004207f7,4327415
2405,0x004207f8,4327416
2406,0x004207f9,4327417
2407,0x004207fd,4327421
2408,0x004207fe,4327422
2409,0x004207ff,4327423
2410,0x00420800,4327424
2411,0x00420801,4327425
2412,0x00420803,4327427
2413,0x00420804,4327428
2414,0x00420805,4327429
2415,0x00420806,4327430
2416,0x00420807,4327431
2417,0x00420808,4327432
2418,0x00420809,4327433
2419,0x0042080c,4327436
2420,0x0042080d,4327437
2421,0x00420810,4327440
2422,0x00420817,4327447
2423,0x00420819,4327449
2424,0x0042081a,4327450
2425,0x0042081b,4327451
2426,0x0042081e,4327454
2427,0x0042081f,4327455
2428,0x00420820,4327456
2429,0x00420827,4327463
2430,0x00420828,4327464
2431,0x0042082e,4327470
2432,0x00420830,4327472
2433,0x00420831,4327473
2434,0x00420837,4327479
2435,0x00420838,4327480
2436,0x00420839,4327481
2437,0x00420841,4327489
2438,0x00420842,4327490
2439,0x00420843,4327491
2440,0x00420846,4327494
2441,0x00420847,4327495
2442,0x00420848,4327496
2443,0x00420849,4327497
2444,0x0042084a,4327498
2445,0x0042084b,4327499
2446,0x0042084c,4327500
2447,0x00420856,4327510
2448,0x00420858,4327512
2449,0x00420859,4327513
2450,0x0042085a,4327514
2451,0x0042085b,4327515
2452,0x00420860,4327520
2453,0x00420861,4327521
2454,0x00420863,4327523
2455,0x00420864,4327524
2456,0x00420865,4327525
2457,0x00420866,4327526
2458,0x0042086a,4327530
2459,0x0042086f,4327535
2460,0x00420870,4327536
2461,0x00420871,4327537
2462,0x00420872,4327538
2463,0x00420873,4327539
2464,0x0042087f,4327551
2465,0x00420880,4327552
2466,0x00420882,4327554
2467,0x00420886,4327558
2468,0x00420887,4327559
2469,0x00420888,4327560
2470,0x00420889,4327561
2471,0x0042088a,4327562
2472,0x00420893,4327571
2473,0x00420898,4327576
2474,0x00420899,4327577
2475,0x0042089a,4327578
2476,0x0042089e,4327582
2477,0x0042089f,4327583
2478,0x004208a1,4327585
2479,0x004208a2,4327586
2480,0x004208a3,4327587
2481,0x004208a4,4327588
2482,0x004208a5,4327589
2483,0x004208aa,4327594
2484,0x004208ab,4327595
2485,0x004208ac,4327596
2486,0x004208b5,4327605
2487,0x004208b9,4327609
2488,0x004208ba,4327610
2489,0x004208bb,4327611
2490,0x004208bc,4327612
2491,0x004208bd,4327613
2492,0x004208c0,4327616
2493,0x004208c1,4327617
2494,0x004208c2,4327618
2495,0x004208c3,4327619
2496,0x004208c4,4327620
2497,0x004208c5,4327621
2498,0x004208cc,4327628
2499,0x004208cf,4327631
2500,0x004208d0,4327632
2501,0x004208d1,4327633
2502,0x004208d2,4327634
2503,0x004208d4,4327636
2504,0x004208d5,4327637
2505,0x004208d6,4327638
2506,0x004208d9,4327641
2507,0x004208dc,4327644
2508,0x004208df,4327647
2509,0x004208ea,4327658
2510,0x004208eb,4327659
2511,0x004208ec,4327660
2512,0x004208ee,4327662
2513,0x004208ef,4327663
2514,0x004208f0,4327664
2515,0x004208f1,4327665
2516,0x004208f2,4327666
2517,0x004208f3,4327667
2518,0x004208f4,4327668
2519,0x004208f5,4327669
2520,0x004208fc,4327676
2521,0x004208ff,4327679
2522,0x00420900,4327680
2523,0x00420902,4327682
2524,0x00420903,4327683
2525,0x00420909,4327689
2526,0x0042090a,4327690
2527,0x0042090b,4327691
2528,0x0042090c,4327692
2529,0x0042090d,4327693
2530,0x0042090e,4327694
2531,0x00420910,4327696
2532,0x00420916,4327702
2533,0x00420917,4327703
2534,0x00420919,4327705
2535,0x0042091a,4327706
2536,0x0042091b,4327707
2537,0x0042091c,4327708
2538,0x00420920,4327712
2539,0x00420926,4327718
2540,0x00420927,4327719
2541,0x00420928,4327720
2542,0x0042092b,4327723
2543,0x0042092c,4327724
2544,0x0042092d,4327725
2545,0x00420930,4327728
2546,0x00420931,4327729
2547,0x00420932,4327730
2548,0x00420933,4327731
2549,0x00420934,4327732
2550,0x00420935,4327733
2551,0x00420939,4327737
2552,0x0042093b,4327739
2553,0x0042093c,4327740
2554,0x0042093d,4327741
2555,0x0042093e,4327742
2556,0x0042093f,4327743
2557,0x00420940,4327744
2558,0x00420949,4327753
2559,0x0042094a,4327754
2560,0x0042094c,4327756
2561,0x0042094d,4327757
2562,0x0042094e,4327758
2563,0x0042094f,4327759
2564,0x00420950,4327760
2565,0x00420951,4327761
2566,0x00420952,4327762
2567,0x00420960,4327776
2568,0x00420961,4327777
2569,0x00420964,4327780
2570,0x00420965,4327781
2571,0x00420966,4327782
2572,0x00420967,4327783
2573,0x00420968,4327784
2574,0x00420969,4327785
2575,0x00420970,4327792
2576,0x00420971,4327793
2577,0x00420975,4327797
2578,0x0042097d,4327805
2579,0x0042097e,4327806
2580,0x0042097f,4327807
2581,0x00420980,4327808
2582,0x00420981,4327809
2583,0x00420982,4327810
2584,0x0042098c,4327820
2585,0x0042098d,4327821
2586,0x00420990,4327824
2587,0x004209a0,4327840
2588,0x004209a1,4327841
2589,0x004209a2,4327842
2590,0x004209a5,4327845
2591,0x004209a6,4327846
2592,0x004209a7,4327847
2593,0x004209a8,4327848
2594,0x004209a9,4327849
2595,0x004209aa,4327850
2596,0x004209ab,4327851
2597,0x004209b9,4327865
2598,0x004209ba,4327866
2599,0x004209bb,4327867
2600,0x004209bf,4327871
2601,0x004209c0,4327872
2602,0x004209c2,4327874
2603,0x004209c3,4327875
2604,0x004209c4,4327876
2605,0x004209ca,4327882
2606,0x004209cc,4327884
2607,0x004209cf,4327887
2608,0x004209d0,4327888
2609,0x004209d1,4327889
2610,0x004209d2,4327890
2611,0x004209d3,4327891
2612,0x004209d4,4327892
2613,0x004209dc,4327900
2614,0x004209dd,4327901
2615,0x004209df,4327903
2616,0x004209e0,4327904
2617,0x004209e1,4327905
2618,0x004209e2,4327906
2619,0x004209e3,4327907
2620,0x004209e7,4327911
2621,0x004209e8,4327912
2622,0x004209e9,4327913
2623,0x004209ea,4327914
2624,0x004209eb,4327915
2625,0x004209ec,4327916
2626,0x004209ed,4327917
2627,0x004209ee,4327918
2628,0x004209f2,4327922
2629,0x004209f3,4327923
2630,0x004209f4,4327924
2631,0x004209f5,4327925
2632,0x004209f6,4327926
2633,0x004209f7,4327927
2634,0x004209f8,4327928
2635,0x004209fd,4327933
2636,0x004209fe,4327934
2637,0x004209ff,4327935
2638,0x00420a00,4327936
2639,0x00420a03,4327939
2640,0x00420a04,4327940
2641,0x00420a05,4327941
2642,0x00420a06,4327942
2643,0x00420a07,4327943
2644,0x00420a0d,4327949
2645,0x00420a0e,4327950
2646,0x00420a0f,4327951
2647,0x00420a13,4327955
2648,0x00420a14,4327956
2649,0x00420a16,4327958
2650,0x00420a1d,4327965
2651,0x00420a23,4327971
2652,0x00420a24,4327972
2653,0x00420a27,4327975
2654,0x00420a2a,4327978
2655,0x00420a2b,4327979
2656,0x00420a2c,4327980
2657,0x00420a2d,4327981
2658,0x00420a2e,4327982
2659,0x00420a2f,4327983
2660,0x00420a33,4327987
2661,0x00420a34,4327988
2662,0x00420a36,4327990
2663,0x00420a37,4327991
2664,0x00420a39,4327993
2665,0x00420a3a,4327994
2666,0x00420a42,4328002
2667,0x00420a43,4328003
2668,0x00420a44,4328004
2669,0x00420a46,4328006
2670,0x00420a47,4328007
2671,0x00420a52,4328018
2672,0x00420a53,4328019
2673,0x00420a54,4328020
2674,0x00420a57,4328023
2675,0x00420a5e,4328030
2676,0x00420a5f,4328031
2677,0x00420a61,4328033
2678,0x00420a62,4328034
2679,0x00420a63,4328035
2680,0x00420a64,4328036
2681,0x00420a66,4328038
2682,0x00420a67,4328039
2683,0x00420a68,4328040
2684,0x00420a73,4328051
2685,0x00420a74,4328052
2686,0x00420a76,4328054
2687,0x00420a77,4328055
2688,0x00420a78,4328056
2689,0x00420a84,4328068
2690,0x00420a85,4328069
2691,0x00420a87,4328071
2692,0x00420a88,4328072
2693,0x00420a93,4328083
2694,0x00420a95,4328085
2695,0x00420a96,4328086
2696,0x00420a98,4328088
2697,0x00420a9a,4328090
2698,0x00420a9b,4328091
2699,0x00420aa4,4328100
2700,0x00420aa5,4328101
2701,0x00420aab,4328107
2702,0x00420aac,4328108
2703,0x00420aae,4328110
2704,0x00420ab0,4328112
2705,0x00420ab1,4328113
2706,0x00420ab2,4328114
2707,0x00420ab3,4328115
2708,0x00420ab4,4328116
2709,0x00420ab5,4328117
2710,0x00420ab6,4328118
2711,0x00420ab7,4328119
2712,0x00420ac4,4328132
2713,0x00420ac5,4328133
2714,0x00420ac6,4328134
2715,0x00420ac7,4328135
2716,0x00420ac8,4328136
2717,0x00420ac9,4328137
2718,0x00420aca,4328138
2719,0x00420acb,4328139
2720,0x00420acc,4328140
2721,0x00420acd,4328141
2722,0x00420ace,4328142
2723,0x00420ad5,4328149
2724,0x00420ad6,4328150
2725,0x00420ad7,4328151
2726,0x00420ad9,4328153
2727,0x00420ada,4328154
2728,0x00420adc,4328156
2729,0x00420add,4328157
2730,0x00420ade,4328158
2731,0x00420ae0,4328160
2732,0x00420ae1,4328161
2733,0x00420ae5,4328165
2734,0x00420ae6,4328166
2735,0x00420ae7,4328167
2736,0x00420ae8,4328168
2737,0x00420ae9,4328169
2738,0x00420aee,4328174
2739,0x00420af1,4328177
2740,0x00420af2,4328178
2741,0x00420af3,4328179
2742,0x00420af4,4328180
2743,0x00420af5,4328181
2744,0x00420af6,4328182
2745,0x00420af7,4328183
2746,0x00420af8,4328184
2747,0x00420af9,4328185
2748,0x00420b06,4328198
2749,0x00420b07,4328199
2750,0x00420b09,4328201
2751,0x00420b0a,4328202
2752,0x00420b0b,4328203
2753,0x00420b0c,4328204
2754,0x00420b0d,4328205
2755,0x00420b0e,4328206
2756,0x00420b11,4328209
2757,0x00420b16,4328214
2758,0x00420b17,4328215
2759,0x00420b18,4328216
2760,0x00420b19,4328217
2761,0x00420b21,4328225
2762,0x00420b22,4328226
2763,0x00420b26,4328230
2764,0x00420b27,4328231
2765,0x00420b31,4328241
2766,0x00420b32,4328242
2767,0x00420b36,4328246
2768,0x00420b37,4328247
2769,0x00420b40,4328256
2770,0x00420b41,4328257
2771,0x00420b42,4328258
2772,0x00420b43,4328259
2773,0x00420b4a,4328266
2774,0x00420b4b,4328267
2775,0x00420b4d,4328269
2776,0x00420b4e,4328270
2777,0x00420b52,4328274
2778,0x00420b53,4328275
2779,0x00420b5a,4328282
2780,0x00420b5d,4328285
2781,0x00420b5e,4328286
2782,0x00420b62,4328290
2783,0x00420b63,4328291
2784,0x00420b6c,4328300
2785,0x00420b6d,4328301
2786,0x00420b6e,4328302
2787,0x00420b7d,4328317
2788,0x00420b7e,4328318
2789,0x00420b80,4328320
2790,0x00420b81,4328321
2791,0x00420b8c,4328332
2792,0x00420b8d,4328333
2793,0x00420b8e,4328334
2794,0x00420b93,4328339
2795,0x00420b9c,4328348
2796,0x00420b9d,4328349
2797,0x00420bac,4328364
2798,0x00420bad,4328365
2799,0x00420bae,4328366
2800,0x00420bbd,4328381
2801,0x00420bc0,4328384
2802,0x00420bc1,4328385
2803,0x00420bd1,4328401
2804,0x00420bd2,4328402
2805,0x00420bd3,4328403
2806,0x00420bd6,4328406
2807,0x00420bd7,4328407
2808,0x00420bd8,4328408
2809,0x00420bd9,4328409
2810,0x00420bda,4328410
2811,0x00420bdb,4328411
2812,0x00420bdc,4328412
2813,0x00420bdd,4328413
2814,0x00420be7,4328423
2815,0x00420be8,4328424
2816,0x00420be9,4328425
2817,0x00420bea,4328426
2818,0x00420beb,4328427
2819,0x00420bec,4328428
2820,0x00420bf0,4328432
2821,0x00420bf1,4328433
2822,0x00420bf3,4328435
2823,0x00420bf4,4328436
2824,0x00420bf5,4328437
2825,0x00420bf6,4328438
2826,0x00420bf7,4328439
2827,0x00420bf8,4328440
2828,0x00420bfa,4328442
2829,0x00420bfc,4328444
2830,0x00420bfd,4328445
2831,0x00420bfe,4328446
2832,0x00420bff,4328447
2833,0x00420c00,4328448
2834,0x00420c01,4328449
2835,0x00420c08,4328456
2836,0x00420c0b,4328459
2837,0x00420c0c,4328460
2838,0x00420c0d,4328461
2839,0x00420c0e,4328462
2840,0x00420c0f,4328463
2841,0x00420c10,4328464
2842,0x00420c11,4328465
2843,0x00420c1a,4328474
2844,0x00420c1b,4328475
2845,0x00420c25,4328485
2846,0x00420c26,4328486
2847,0x00420c27,4328487
2848,0x00420c28,4328488
2849,0x00420c29,4328489
2850,0x00420c2a,4328490
2851,0x00420c2b,4328491
2852,0x00420c2c,4328492
2853,0x00420c2e,4328494
2854,0x00420c39,4328505
2855,0x00420c3a,4328506
2856,0x00420c3f,4328511
2857,0x00420c40,4328512
2858,0x00420c42,4328514
2859,0x00420c43,4328515
2860,0x00420c44,4328516
2861,0x00420c45,4328517
2862,0x00420c46,4328518
2863,0x00420c47,4328519
2864,0x00420c49,4328521
2865,0x00420c4a,4328522
2866,0x00420c4f,4328527
2867,0x00420c52,4328530
2868,0x00420c53,4328531
2869,0x00420c59,4328537
2870,0x00420c5a,4328538
2871,0x00420c62,4328546
2872,0x00420c63,4328547
2873,0x00420c69,4328553
2874,0x00420c6a,4328554
2875,0x00420c71,4328561
2876,0x00420c72,4328562
2877,0x00420c73,4328563
2878,0x00420c83,4328579
2879,0x00420c84,4328580
2880,0x00420c93,4328595
2881,0x00420c94,4328596
2882,0x00420c98,4328600
2883,0x00420c99,4328601
2884,0x00420ca8,4328616
2885,0x00420ca9,4328617
2886,0x00420caa,4328618
2887,0x00420cab,4328619
2888,0x00420cad,4328621
2889,0x00420cae,4328622
2890,0x00420caf,4328623
2891,0x00420cb0,4328624
2892,0x00420cb1,4328625
2893,0x00420cb2,4328626
2894,0x00420cb3,4328627
2895,0x00420cb4,4328628
2896,0x00420cb5,4328629
2897,0x00420cbe,4328638
2898,0x00420cbf,4328639
2899,0x00420cc0,4328640
2900,0x00420cc1,4328641
2901,0x00420cc2,4328642
2902,0x00420cc3,4328643
2903,0x00420cc8,4328648
2904,0x00420cc9,4328649
2905,0x00420cca,4328650
2906,0x00420ccb,4328651
2907,0x00420ccc,4328652
2908,0x00420ccd,4328653
2909,0x00420cd1,4328657
2910,0x00420cd2,4328658
2911,0x00420cd3,4328659
2912,0x00420cd4,4328660
2913,0x00420cd5,4328661
2914,0x00420cd6,4328662
2915,0x00420cd7,4328663
2916,0x00420cd8,4328664
2917,0x00420cd9,4328665
2918,0x00420cda,4328666
2919,0x00420ce1,4328673
2920,0x00420ce2,4328674
2921,0x00420ce4,4328676
2922,0x00420ce5,4328677
2923,0x00420cea,4328682
2924,0x00420cee,4328686
2925,0x00420cef,4328687
2926,0x00420cf0,4328688
2927,0x00420cf1,4328689
2928,0x00420cf2,4328690
2929,0x00420cfd,4328701
2930,0x00420cfe,4328702
2931,0x00420d00,4328704
2932,0x00420d06,4328710
2933,0x00420d07,4328711
2934,0x00420d09,4328713
2935,0x00420d0a,4328714
2936,0x00420d0b,4328715
2937,0x00420d0c,4328716
2938,0x00420d0d,4328717
2939,0x00420d10,4328720
2940,0x00420d11,4328721
2941,0x00420d1c,4328732
2942,0x00420d1d,4328733
2943,0x00420d1e,4328734
2944,0x00420d1f,4328735
2945,0x00420d21,4328737
2946,0x00420d2d,4328749
2947,0x00420d2e,4328750
2948,0x00420d2f,4328751
2949,0x00420d30,4328752
2950,0x00420d31,4328753
2951,0x00420d32,4328754
2952,0x00420d34,4328756
2953,0x00420d3d,4328765
2954,0x00420d3e,4328766
2955,0x00420d3f,4328767
2956,0x00420d4f,4328783
2957,0x00420d51,4328785
2958,0x00420d52,4328786
2959,0x00420d62,4328802
2960,0x00420d63,4328803
2961,0x00420d64,4328804
2962,0x00420d66,4328806
2963,0x00420d67,4328807
2964,0x00420d68,4328808
2965,0x00420d69,4328809
2966,0x00420d6a,4328810
2967,0x00420d6b,4328811
2968,0x00420d6c,4328812
2969,0x00420d6d,4328813
2970,0x00420d7a,4328826
2971,0x00420d7b,4328827
2972,0x00420d7c,4328828
2973,0x00420d7d,4328829
2974,0x00420d80,4328832
2975,0x00420d81,4328833
2976,0x00420d83,4328835
2977,0x00420d84,4328836
2978,0x00420d85,4328837
2979,0x00420d86,4328838
2980,0x00420d87,4328839
2981,0x00420d8a,4328842
2982,0x00420d8b,4328843
2983,0x00420d8c,4328844
2984,0x00420d8d,4328845
2985,0x00420d90,4328848
2986,0x00420d91,4328849
2987,0x00420d93,4328851
2988,0x00420d94,4328852
2989,0x00420d95,4328853
2990,0x00420d98,4328856
2991,0x00420d9b,4328859
2992,0x00420d9c,4328860
2993,0x00420d9d,4328861
2994,0x00420d9e,4328862
2995,0x00420d9f,4328863
2996,0x00420da0,4328864
2997,0x00420db1,4328881
2998,0x00420db2,4328882
2999,0x00420db4,4328884
3000,0x00420db5,4328885
3001,0x00420db6,4328886
3002,0x00420db7,4328887
3003,0x00420db8,4328888
3004,0x00420db9,4328889
3005,0x00420dba,4328890
3006,0x00420dc4,4328900
3007,0x00420dc5,4328901
3008,0x00420dc6,4328902
3009,0x00420dc8,4328904
3010,0x00420dc9,4328905
3011,0x00420dd4,4328916
3012,0x00420dd5,4328917
3013,0x00420dd6,4328918
3014,0x00420dd7,4328919
3015,0x00420dd8,4328920
3016,0x00420dd9,4328921
3017,0x00420dda,4328922
3018,0x00420de4,4328932
3019,0x00420de5,4328933
3020,0x00420de6,4328934
3021,0x00420de8,4328936
3022,0x00420de9,4328937
3023,0x00420dea,4328938
3024,0x00420dec,4328940
3025,0x00420ded,4328941
3026,0x00420dfd,4328957
3027,0x00420dfe,4328958
3028,0x00420e02,4328962
3029,0x00420e03,4328963
3030,0x00420e04,4328964
3031,0x00420e05,4328965
3032,0x00420e06,4328966
3033,0x00420e07,4328967
3034,0x00420e08,4328968
3035,0x00420e09,4328969
3036,0x00420e0a,4328970
3037,0x00420e15,4328981
3038,0x00420e16,4328982
3039,0x00420e17,4328983
3040,0x00420e18,4328984
3041,0x00420e19,4328985
3042,0x00420e1a,4328986
3043,0x00420e1e,4328990
3044,0x00420e1f,4328991
3045,0x00420e21,4328993
3046,0x00420e22,4328994
3047,0x00420e23,4328995
3048,0x00420e24,4328996
3049,0x00420e25,4328997
3050,0x00420e26,4328998
3051,0x00420e27,4328999
3052,0x00420e28,4329000
3053,0x00420e2e,4329006
3054,0x00420e2f,4329007
3055,0x00420e30,4329008
3056,0x00420e31,4329009
3057,0x00420e32,4329010
3058,0x00420e36,4329014
3059,0x00420e3b,4329019
3060,0x00420e3c,4329020
3061,0x00420e3d,4329021
3062,0x00420e3e,4329022
3063,0x00420e3f,4329023
3064,0x00420e40,4329024
3065,0x00420e41,4329025
3066,0x00420e4c,4329036
3067,0x00420e4f,4329039
3068,0x00420e50,4329040
3069,0x00420e51,4329041
3070,0x00420e52,4329042
3071,0x00420e53,4329043
3072,0x00420e54,4329044
3073,0x00420e55,4329045
3074,0x00420e56,4329046
3075,0x00420e57,4329047
3076,0x00420e58,4329048
3077,0x00420e5e,4329054
3078,0x00420e5f,4329055
3079,0x00420e60,4329056
3080,0x00420e61,4329057
3081,0x00420e62,4329058
3082,0x00420e65,4329061
3083,0x00420e75,4329077
3084,0x00420e76,4329078
3085,0x00420e77,4329079
3086,0x00420e7a,4329082
3087,0x00420e7b,4329083
3088,0x00420e7c,4329084
3089,0x00420e7d,4329085
3090,0x00420e7e,4329086
3091,0x00420e7f,4329087
3092,0x00420e80,4329088
3093,0x00420e81,4329089
3094,0x00420e82,4329090
3095,0x00420e8c,4329100
3096,0x00420e8d,4329101
3097,0x00420e8e,4329102
3098,0x00420e8f,4329103
3099,0x00420e90,4329104
3100,0x00420e96,4329110
3101,0x00420e97,4329111
3102,0x00420e98,4329112
3103,0x00420e99,4329113
3104,0x00420e9a,4329114
3105,0x00420e9d,4329117
3106,0x00420e9e,4329118
3107,0x00420e9f,4329119
3108,0x00420ea0,4329120
3109,0x00420ea1,4329121
3110,0x00420ea2,4329122
3111,0x00420ea3,4329123
3112,0x00420ea4,4329124
3113,0x00420ea5,4329125
3114,0x00420ea6,4329126
3115,0x00420eb2,4329138
3116,0x00420eb3,4329139
3117,0x00420eb4,4329140
3118,0x00420eb5,4329141
3119,0x00420eb6,4329142
3120,0x00420eb7,4329143
3121,0x00420eb8,4329144
3122,0x00420eb9,4329145
3123,0x00420eba,4329146
3124,0x00420ebb,4329147
3125,0x00420ec3,4329155
3126,0x00420ec4,4329156
3127,0x00420ec7,4329159
3128,0x00420ec8,4329160
3129,0x00420ec9,4329161
3130,0x00420ece,4329166
3131,0x00420ecf,4329167
3132,0x00420ed0,4329168
3133,0x00420ed1,4329169
3134,0x00420ed2,4329170
3135,0x00420ed3,4329171
3136,0x00420ed4,4329172
3137,0x00420ed6,4329174
3138,0x00420ed7,4329175
3139,0x00420ed8,4329176
3140,0x00420ed9,4329177
3141,0x00420edd,4329181
3142,0x00420ede,4329182
3143,0x00420ee0,4329184
3144,0x00420ee1,4329185
3145,0x00420ef1,4329201
3146,0x00420ef2,4329202
3147,0x00420ef6,4329206
3148,0x00420ef7,4329207
3149,0x00420ef8,4329208
3150,0x00420ef9,4329209
3151,0x00420efa,4329210
3152,0x00420efb,4329211
3153,0x00420efc,4329212
3154,0x00420efd,4329213
3155,0x00420efe,4329214
3156,0x00420f08,4329224
3157,0x00420f09,4329225
3158,0x00420f0a,4329226
3159,0x00420f0b,4329227
3160,0x00420f0c,4329228
3161,0x00420f0d,4329229
3162,0x00420f11,4329233
3163,0x00420f12,4329234
3164,0x00420f14,4329236
3165,0x00420f15,4329237
3166,0x00420f16,4329238
3167,0x00420f18,4329240
3168,0x00420f19,4329241
3169,0x00420f1b,4329243
3170,0x00420f1d,4329245
3171,0x00420f21,4329249
3172,0x00420f22,4329250
3173,0x00420f23,4329251
3174,0x00420f24,4329252
3175,0x00420f25,4329253
3176,0x00420f26,4329254
3177,0x00420f27,4329255
3178,0x00420f2c,4329260
3179,0x00420f2d,4329261
3180,0x00420f2f,4329263
3181,0x00420f30,4329264
3182,0x00420f31,4329265
3183,0x00420f32,4329266
3184,0x00420f34,4329268
3185,0x00420f35,4329269
3186,0x00420f37,4329271
3187,0x00420f3b,4329275
3188,0x00420f3c,4329276
3189,0x00420f3d,4329277
3190,0x00420f3e,4329278
3191,0x00420f3f,4329279
3192,0x00420f40,4329280
3193,0x00420f43,4329283
3194,0x00420f44,4329284
3195,0x00420f45,4329285
3196,0x00420f46,4329286
3197,0x00420f50,4329296
3198,0x00420f54,4329300
3199,0x00420f55,4329301
3200,0x00420f56,4329302
3201,0x00420f57,4329303
3202,0x00420f58,4329304
3203,0x00420f59,4329305
3204,0x00420f5a,4329306
3205,0x00420f5c,4329308
3206,0x00420f5d,4329309
3207,0x00420f6d,4329325
3208,0x00420f6e,4329326
3209,0x00420f6f,4329327
3210,0x00420f71,4329329
3211,0x00420f72,4329330
3212,0x00420f73,4329331
3213,0x00420f74,4329332
3214,0x00420f75,4329333
3215,0x00420f76,4329334
3216,0x00420f77,4329335
3217,0x00420f78,4329336
3218,0x00420f79,4329337
3219,0x00420f7a,4329338
3220,0x00420f84,4329348
3221,0x00420f85,4329349
3222,0x00420f86,4329350
3223,0x00420f87,4329351
3224,0x00420f88,4329352
3225,0x00420f89,4329353
3226,0x00420f8a,4329354
3227,0x00420f8e,4329358
3228,0x00420f8f,4329359
3229,0x00420f90,4329360
3230,0x00420f91,4329361
3231,0x00420f92,4329362
3232,0x00420f93,4329363
3233,0x00420f94,4329364
3234,0x00420f95,4329365
3235,0x00420f96,4329366
3236,0x00420f9b,4329371
3237,0x00420f9c,4329372
3238,0x00420f9d,4329373
3239,0x00420f9e,4329374
3240,0x00420f9f,4329375
3241,0x00420fa0,4329376
3242,0x00420fa9,4329385
3243,0x00420faa,4329386
3244,0x00420fab,4329387
3245,0x00420fac,4329388
3246,0x00420fad,4329389
3247,0x00420fae,4329390
3248,0x00420faf,4329391
3249,0x00420fb2,4329394
3250,0x00420fb6,4329398
3251,0x00420fb7,4329399
3252,0x00420fb8,4329400
3253,0x00420fb9,4329401
3254,0x00420fba,4329402
3255,0x00420fbb,4329403
3256,0x00420fbc,4329404
3257,0x00420fbd,4329405
3258,0x00420fbe,4329406
3259,0x00420fbf,4329407
3260,0x00420fc0,4329408
3261,0x00420fcb,4329419
3262,0x00420fcc,4329420
3263,0x00420fcd,4329421
3264,0x00420fce,4329422
3265,0x00420fcf,4329423
3266,0x00420fd0,4329424
3267,0x00420fd1,4329425
3268,0x00420fd2,4329426
3269,0x00420fd4,4329428
3270,0x00420fd5,4329429
3271,0x00420fe5,4329445
3272,0x00420fe6,4329446
3273,0x00420fe7,4329447
3274,0x00420fe8,4329448
3275,0x00420fea,4329450
3276,0x00420feb,4329451
3277,0x00420fec,4329452
3278,0x00420fed,4329453
3279,0x00420fee,4329454
3280,0x00420fef,4329455
3281,0x00420ff0,4329456
3282,0x00420ff1,4329457
3283,0x00420ff2,4329458
3284,0x00420ff3,4329459
3285,0x00420ffb,4329467
3286,0x00420ffc,4329468
3287,0x00420ffd,4329469
3288,0x00420ffe,4329470
3289,0x00420fff,4329471
3290,0x00421001,4329473
3291,0x00421002,4329474
3292,0x00421003,4329475
3293,0x00421006,4329478
3294,0x00421007,4329479
3295,0x00421008,4329480
3296,0x00421009,4329481
3297,0x0042100a,4329482
3298,0x0042100b,4329483
3299,0x0042100c,4329484
3300,0x0042100d,4329485
3301,0x0042100e,4329486
3302,0x00421010,4329488
3303,0x00421011,4329489
3304,0x00421012,4329490
3305,0x00421013,4329491
3306,0x00421014,4329492
3307,0x00421015,4329493
3308,0x00421016,4329494
3309,0x00421018,4329496
3310,0x00421019,4329497
3311,0x0042101a,4329498
3312,0x0042101b,4329499
3313,0x0042101e,4329502
3314,0x00421020,4329504
3315,0x00421021,4329505
3316,0x00421022,4329506
3317,0x00421023,4329507
3318,0x00421024,4329508
3319,0x00421025,4329509
3320,0x00421026,4329510
3321,0x00421027,4329511
3322,0x00421029,4329513
3323,0x0042102a,4329514
3324,0x00421034,4329524
3325,0x00421035,4329525
3326,0x00421036,4329526
3327,0x00421037,4329527
3328,0x00421038,4329528
3329,0x00421039,4329529
3330,0x0042103a,4329530
3331,0x0042103b,4329531
3332,0x0042103c,4329532
3333,0x0042103d,4329533
3334,0x0042103e,4329534
3335,0x0042103f,4329535
3336,0x00421045,4329541
3337,0x00421049,4329545
3338,0x0042104a,4329546
3339,0x0042104c,4329548
3340,0x0042105d,4329565
3341,0x0042105e,4329566
3342,0x00421061,4329569
3343,0x00421062,4329570
3344,0x00421063,4329571
3345,0x00421064,4329572
3346,0x00421065,4329573
3347,0x00421066,4329574
3348,0x00421067,4329575
3349,0x00421068,4329576
3350,0x00421069,4329577
3351,0x0042106a,4329578
3352,0x00421072,4329586
3353,0x00421073,4329587
3354,0x00421074,4329588
3355,0x00421075,4329589
3356,0x00421076,4329590
3357,0x00421077,4329591
3358,0x00421078,4329592
3359,0x00421079,4329593
3360,0x0042107a,4329594
3361,0x0042107c,4329596
3362,0x0042107d,4329597
3363,0x0042107e,4329598
3364,0x0042107f,4329599
3365,0x00421080,4329600
3366,0x00421082,4329602
3367,0x00421084,4329604
3368,0x0042108a,4329610
3369,0x0042108c,4329612
3370,0x0042108d,4329613
3371,0x0042108e,4329614
3372,0x0042108f,4329615
3373,0x00421090,4329616
3374,0x00421091,4329617
3375,0x00421092,4329618
3376,0x00421093,4329619
3377,0x00421094,4329620
3378,0x00421095,4329621
3379,0x00421096,4329622
3380,0x0042109a,4329626
3381,0x0042109b,4329627
3382,0x0042109c,4329628
3383,0x0042109d,4329629
3384,0x0042109e,4329630
3385,0x004210a0,4329632
3386,0x004210a1,4329633
3387,0x004210a2,4329634
3388,0x004210ac,4329644
3389,0x004210ad,4329645
3390,0x004210b1,4329649
3391,0x004210b2,4329650
3392,0x004210b4,4329652
3393,0x004210b5,4329653
3394,0x004210b6,4329654
3395,0x004210c0,4329664
3396,0x004210c1,4329665
3397,0x004210c3,4329667
3398,0x004210c4,4329668
3399,0x004210d5,4329685
3400,0x004210d6,4329686
3401,0x004210d9,4329689
3402,0x004210da,4329690
3403,0x004210db,4329691
3404,0x004210dc,4329692
3405,0x004210dd,4329693
3406,0x004210de,4329694
3407,0x004210df,4329695
3408,0x004210e0,4329696
3409,0x004210e1,4329697
3410,0x004210ea,4329706
3411,0x004210eb,4329707
3412,0x004210ec,4329708
3413,0x004210ed,4329709
3414,0x004210ee,4329710
3415,0x004210f0,4329712
3416,0x004210f1,4329713
3417,0x004210f5,4329717
3418,0x004210f6,4329718
3419,0x004210f7,4329719
3420,0x004210f8,4329720
3421,0x004210f9,4329721
3422,0x004210ff,4329727
3423,0x00421100,4329728
3424,0x00421101,4329729
3425,0x00421102,4329730
3426,0x00421103,4329731
3427,0x00421104,4329732
3428,0x00421105,4329733
3429,0x00421106,4329734
3430,0x00421107,4329735
3431,0x00421108,4329736
3432,0x00421111,4329745
3433,0x00421112,4329746
3434,0x00421113,4329747
3435,0x00421114,4329748
3436,0x00421115,4329749
3437,0x00421119,4329753
3438,0x0042111d,4329757
3439,0x0042111e,4329758
3440,0x0042111f,4329759
3441,0x00421120,4329760
3442,0x00421121,4329761
3443,0x00421135,4329781
3444,0x00421136,4329782
3445,0x00421137,4329783
3446,0x00421138,4329784
3447,0x00421139,4329785
3448,0x00421145,4329797
3449,0x00421146,4329798
3450,0x0042114a,4329802
3451,0x0042115a,4329818
3452,0x0042115b,4329819
3453,0x0042115f,4329823
3454,0x00421160,4329824
3455,0x00421161,4329825
3456,0x00421162,4329826
3457,0x00421163,4329827
3458,0x00421164,4329828
3459,0x00421165,4329829
3460,0x00421166,4329830
3461,0x00421167,4329831
3462,0x00421168,4329832
3463,0x00421169,4329833
3464,0x00421170,4329840
3465,0x00421171,4329841
3466,0x00421172,4329842
3467,0x00421173,4329843
3468,0x00421174,4329844
3469,0x00421175,4329845
3470,0x00421176,4329846
3471,0x00421179,4329849
3472,0x0042117e,4329854
3473,0x0042117f,4329855
3474,0x00421180,4329856
3475,0x00421181,4329857
3476,0x00421182,4329858
3477,0x00421183,4329859
3478,0x00421184,4329860
3479,0x00421185,4329861
3480,0x00421187,4329863
3481,0x00421188,4329864
3482,0x00421189,4329865
3483,0x0042118a,4329866
3484,0x0042118b,4329867
3485,0x0042118c,4329868
3486,0x0042118d,4329869
3487,0x0042118e,4329870
3488,0x0042118f,4329871
3489,0x00421190,4329872
3490,0x00421191,4329873
3491,0x00421199,4329881
3492,0x0042119a,4329882
3493,0x0042119b,4329883
3494,0x0042119c,4329884
3495,0x0042119d,4329885
3496,0x0042119e,4329886
3497,0x004211a2,4329890
3498,0x004211a6,4329894
3499,0x004211a7,4329895
3500,0x004211a8,4329896
3501,0x004211a9,4329897
3502,0x004211aa,4329898
3503,0x004211ab,4329899
3504,0x004211ac,4329900
3505,0x004211ad,4329901
3506,0x004211ae,4329902
3507,0x004211af,4329903
3508,0x004211bc,4329916
3509,0x004211bd,4329917
3510,0x004211be,4329918
3511,0x004211bf,4329919
3512,0x004211c0,4329920
3513,0x004211c1,4329921
3514,0x004211c2,4329922
3515,0x004211c3,4329923
3516,0x004211cb,4329931
3517,0x004211cd,4329933
3518,0x004211cf,4329935
3519,0x004211d4,4329940
3520,0x004211d5,4329941
3521,0x004211db,4329947
3522,0x004211dd,4329949
3523,0x004211e6,4329958
3524,0x004211e7,4329959
3525,0x004211e9,4329961
3526,0x004211ea,4329962
3527,0x004211eb,4329963
3528,0x004211ec,4329964
3529,0x004211ed,4329965
3530,0x004211ee,4329966
3531,0x004211ef,4329967
3532,0x004211f0,4329968
3533,0x004211f1,4329969
3534,0x004211f2,4329970
3535,0x004211f3,4329971
3536,0x004211fb,4329979
3537,0x004211fc,4329980
3538,0x004211fd,4329981
3539,0x004211fe,4329982
3540,0x004211ff,4329983
3541,0x00421200,4329984
3542,0x00421201,4329985
3543,0x00421207,4329991
3544,0x00421208,4329992
3545,0x00421209,4329993
3546,0x0042120a,4329994
3547,0x0042120b,4329995
3548,0x0042120c,4329996
3549,0x0042120d,4329997
3550,0x0042120f,4329999
3551,0x00421210,4330000
3552,0x00421211,4330001
3553,0x00421212,4330002
3554,0x00421213,4330003
3555,0x00421214,4330004
3556,0x00421215,4330005
3557,0x00421216,4330006
3558,0x00421217,4330007
3559,0x00421218,4330008
3560,0x00421219,4330009
3561,0x0042121a,4330010
3562,0x0042121b,4330011
3563,0x0042121c,4330012
3564,0x00421223,4330019
3565,0x00421224,4330020
3566,0x00421225,4330021
3567,0x00421226,4330022
3568,0x00421227,4330023
3569,0x00421228,4330024
3570,0x00421229,4330025
3571,0x0042122a,4330026
3572,0x0042122b,4330027
3573,0x0042122d,4330029
3574,0x0042122f,4330031
3575,0x00421230,4330032
3576,0x00421231,4330033
3577,0x00421232,4330034
3578,0x00421233,4330035
3579,0x00421235,4330037
3580,0x00421236,4330038
3581,0x00421247,4330055
3582,0x00421248,4330056
3583,0x00421249,4330057
3584,0x0042124a,4330058
3585,0x0042124b,4330059
3586,0x0042124c,4330060
3587,0x00421257,4330071
3588,0x00421258,4330072
3589,0x0042125b,4330075
3590,0x0042126b,4330091
3591,0x0042126c,4330092
3592,0x0042126e,4330094
3593,0x0042126f,4330095
3594,0x00421270,4330096
3595,0x00421271,4330097
3596,0x00421272,4330098
3597,0x00421273,4330099
3598,0x00421274,4330100
3599,0x00421275,4330101
3600,0x00421276,4330102
3601,0x00421277,4330103
3602,0x00421278,4330104
3603,0x00421279,4330105
3604,0x00421280,4330112
3605,0x00421281,4330113
3606,0x00421282,4330114
3607,0x00421283,4330115
3608,0x00421284,4330116
3609,0x00421285,4330117
3610,0x00421286,4330118
3611,0x00421287,4330119
3612,0x00421288,4330120
3613,0x0042128c,4330124
3614,0x0042128d,4330125
3615,0x0042128e,4330126
3616,0x0042128f,4330127
3617,0x00421290,4330128
3618,0x00421293,4330131
3619,0x00421294,4330132
3620,0x00421295,4330133
3621,0x00421296,4330134
3622,0x00421298,4330136
3623,0x00421299,4330137
3624,0x0042129a,4330138
3625,0x0042129b,4330139
3626,0x0042129c,4330140
3627,0x0042129d,4330141
3628,0x0042129e,4330142
3629,0x004212a8,4330152
3630,0x004212a9,4330153
3631,0x004212aa,4330154
3632,0x004212ab,4330155
3633,0x004212ac,4330156
3634,0x004212ad,4330157
3635,0x004212ae,4330158
3636,0x004212af,4330159
3637,0x004212b2,4330162
3638,0x004212b3,4330163
3639,0x004212b4,4330164
3640,0x004212b5,4330165
3641,0x004212b6,4330166
3642,0x004212b8,4330168
3643,0x004212ca,4330186
3644,0x004212cb,4330187
3645,0x004212cd,4330189
3646,0x004212ce,4330190
3647,0x004212cf,4330191
3648,0x004212d0,4330192
3649,0x004212d2,4330194
3650,0x004212d3,4330195
3651,0x004212e3,4330211
3652,0x004212e4,4330212
3653,0x004212e5,4330213
3654,0x004212e8,4330216
3655,0x004212e9,4330217
3656,0x004212ea,4330218
3657,0x004212eb,4330219
3658,0x004212ec,4330220
3659,0x004212ed,4330221
3660,0x004212ee,4330222
3661,0x004212ef,4330223
3662,0x004212f0,4330224
3663,0x004212f1,4330225
3664,0x004212f2,4330226
3665,0x004212f8,4330232
3666,0x004212f9,4330233
3667,0x004212fa,4330234
3668,0x004212fb,4330235
3669,0x004212fc,4330236
3670,0x004212fd,4330237
3671,0x00421300,4330240
3672,0x00421301,4330241
3673,0x00421306,4330246
3674,0x00421307,4330247
3675,0x00421308,4330248
3676,0x00421309,4330249
3677,0x0042130a,4330250
3678,0x0042130b,4330251
3679,0x0042130c,4330252
3680,0x0042130d,4330253
3681,0x0042130e,4330254
3682,0x0042130f,4330255
3683,0x00421310,4330256
3684,0x00421311,4330257
3685,0x00421312,4330258
3686,0x00421313,4330259
3687,0x00421314,4330260
3688,0x00421315,4330261
3689,0x00421317,4330263
3690,0x00421318,4330264
3691,0x0042131c,4330268
3692,0x0042131e,4330270
3693,0x00421321,4330273
3694,0x00421322,4330274
3695,0x00421323,4330275
3696,0x00421324,4330276
3697,0x00421325,4330277
3698,0x00421326,4330278
3699,0x00421328,4330280
3700,0x00421329,4330281
3701,0x0042132a,4330282
3702,0x0042132c,4330284
3703,0x00421336,4330294
3704,0x0042133a,4330298
3705,0x0042133b,4330299
3706,0x0042133c,4330300
3707,0x0042133e,4330302
3708,0x0042133f,4330303
3709,0x00421340,4330304
3710,0x00421341,4330305
3711,0x00421343,4330307
3712,0x00421344,4330308
3713,0x0042134c,4330316
3714,0x00421354,4330324
3715,0x00421355,4330325
3716,0x00421356,4330326
3717,0x00421358,4330328
3718,0x00421359,4330329
3719,0x0042135a,4330330
3720,0x0042135b,4330331
3721,0x0042135c,4330332
3722,0x0042135d,4330333
3723,0x0042135e,4330334
3724,0x0042135f,4330335
3725,0x00421360,4330336
3726,0x00421361,4330337
3727,0x0042136a,4330346
3728,0x0042136c,4330348
3729,0x0042136d,4330349
3730,0x0042136e,4330350
3731,0x0042136f,4330351
3732,0x00421375,4330357
3733,0x00421376,4330358
3734,0x00421378,4330360
3735,0x00421379,4330361
3736,0x0042137a,4330362
3737,0x0042137c,4330364
3738,0x0042137d,4330365
3739,0x0042137e,4330366
3740,0x0042137f,4330367
3741,0x00421380,4330368
3742,0x00421381,4330369
3743,0x00421382,4330370
3744,0x00421383,4330371
3745,0x00421384,4330372
3746,0x00421385,4330373
3747,0x00421386,4330374
3748,0x00421387,4330375
3749,0x00421388,4330376
3750,0x0042138c,4330380
3751,0x0042138d,4330381
3752,0x00421391,4330385
3753,0x00421392,4330386
3754,0x00421393,4330387
3755,0x00421394,4330388
3756,0x00421395,4330389
3757,0x00421396,4330390
3758,0x00421397,4330391
3759,0x00421398,4330392
3760,0x0042139c,4330396
3761,0x0042139d,4330397
3762,0x0042139e,4330398
3763,0x0042139f,4330399
3764,0x004213a0,4330400
3765,0x004213a1,4330401
3766,0x004213ac,4330412
3767,0x004213ad,4330413
3768,0x004213b5,4330421
3769,0x004213b6,4330422
3770,0x004213b7,4330423
3771,0x004213b8,4330424
3772,0x004213b9,4330425
3773,0x004213ba,4330426
3774,0x004213c5,4330437
3775,0x004213c6,4330438
3776,0x004213c8,4330440
3777,0x004213c9,4330441
3778,0x004213d9,4330457
3779,0x004213da,4330458
3780,0x004213dd,4330461
3781,0x004213de,4330462
3782,0x004213df,4330463
3783,0x004213e0,4330464
3784,0x004213e1,4330465
3785,0x004213e2,4330466
3786,0x004213e3,4330467
3787,0x004213e4,4330468
3788,0x004213e5,4330469
3789,0x004213e6,4330470
3790,0x004213e7,4330471
3791,0x004213e8,4330472
3792,0x004213ee,4330478
3793,0x004213ef,4330479
3794,0x004213f0,4330480
3795,0x004213f1,4330481
3796,0x004213f2,4330482
3797,0x004213f3,4330483
3798,0x004213f6,4330486
3799,0x004213f7,4330487
3800,0x004213f8,4330488
3801,0x004213fb,4330491
3802,0x004213fc,4330492
3803,0x004213fd,4330493
3804,0x004213fe,4330494
3805,0x004213ff,4330495
3806,0x00421400,4330496
3807,0x00421401,4330497
3808,0x00421405,4330501
3809,0x00421406,4330502
3810,0x00421407,4330503
3811,0x00421408,4330504
3812,0x00421409,4330505
3813,0x0042140a,4330506
3814,0x0042140b,4330507
3815,0x0042140c,4330508
3816,0x0042140d,4330509
3817,0x00421414,4330516
3818,0x00421415,4330517
3819,0x00421417,4330519
3820,0x00421418,4330520
3821,0x00421419,4330521
3822,0x0042141a,4330522
3823,0x00421424,4330532
3824,0x00421425,4330533
3825,0x00421429,4330537
3826,0x00421439,4330553
3827,0x0042143a,4330554
3828,0x00421449,4330569
3829,0x0042144a,4330570
3830,0x0042145f,4330591
3831,0x00421460,4330592
3832,0x00421463,4330595
3833,0x00421470,4330608
3834,0x00421473,4330611
3835,0x0042147f,4330623
3836,0x00421483,4330627
3837,0x00421493,4330643
3838,0x00421494,4330644
3839,0x004214a3,4330659
3840,0x004214a4,4330660
3841,0x004214b4,4330676
3842,0x004214c4,4330692
3843,0x004214d4,4330708
3844,0x004214d7,4330711
3845,0x004214d8,4330712
3846,0x004214d9,4330713
3847,0x004214e9,4330729
3848,0x004214ea,4330730
3849,0x004214eb,4330731
3850,0x004214ed,4330733
3851,0x004214ee,4330734
3852,0x004214ef,4330735
3853,0x004214f0,4330736
3854,0x004214f1,4330737
3855,0x004214f2,4330738
3856,0x004214f3,4330739
3857,0x004214f4,4330740
3858,0x004214f5,4330741
3859,0x004214f6,4330742
3860,0x004214f7,4330743
3861,0x004214f8,4330744
3862,0x004214fe,4330750
3863,0x00421501,4330753
3864,0x00421502,4330754
3865,0x00421504,4330756
3866,0x00421505,4330757
3867,0x00421506,4330758
3868,0x00421507,4330759
3869,0x00421508,4330760
3870,0x0042150c,4330764
3871,0x0042150d,4330765
3872,0x00421510,4330768
3873,0x00421511,4330769
3874,0x00421512,4330770
3875,0x00421514,4330772
3876,0x00421515,4330773
3877,0x00421516,4330774
3878,0x00421517,4330775
3879,0x00421518,4330776
3880,0x00421519,4330777
3881,0x0042151b,4330779
3882,0x0042151c,4330780
3883,0x0042151d,4330781
3884,0x0042151e,4330782
3885,0x00421523,4330787
3886,0x00421524,4330788
3887,0x00421525,4330789
3888,0x00421526,4330790
3889,0x00421528,4330792
3890,0x00421529,4330793
3891,0x0042152b,4330795
3892,0x0042152d,4330797
3893,0x0042152e,4330798
3894,0x0042152f,4330799
3895,0x00421530,4330800
3896,0x00421533,4330803
3897,0x00421536,4330806
3898,0x00421537,4330807
3899,0x0042154c,4330828
3900,0x0042154f,4330831
3901,0x00421550,4330832
3902,0x0042155f,4330847
3903,0x00421560,4330848
3904,0x0042156f,4330863
3905,0x00421570,4330864
3906,0x00421571,4330865
3907,0x00421580,4330880
3908,0x00421581,4330881
3909,0x00421590,4330896
3910,0x00421591,4330897
3911,0x004215a0,4330912
3912,0x004215a1,4330913
3913,0x004215a4,4330916
3914,0x004215a5,4330917
3915,0x004215b5,4330933
3916,0x004215b6,4330934
3917,0x004215b9,4330937
3918,0x004215ba,4330938
3919,0x004215bb,4330939
3920,0x004215bc,4330940
3921,0x004215bd,4330941
3922,0x004215be,4330942
3923,0x004215bf,4330943
3924,0x004215c0,4330944
3925,0x004215c1,4330945
3926,0x004215c2,4330946
3927,0x004215c3,4330947
3928,0x004215c4,4330948
3929,0x004215c5,4330949
3930,0x004215ca,4330954
3931,0x004215cb,4330955
3932,0x004215cc,4330956
3933,0x004215cd,4330957
3934,0x004215ce,4330958
3935,0x004215cf,4330959
3936,0x004215d2,4330962
3937,0x004215d3,4330963
3938,0x004215d4,4330964
3939,0x004215d5,4330965
3940,0x004215d6,4330966
3941,0x004215d8,4330968
3942,0x004215d9,4330969
3943,0x004215da,4330970
3944,0x004215dd,4330973
3945,0x004215de,4330974
3946,0x004215df,4330975
3947,0x004215e0,4330976
3948,0x004215e2,4330978
3949,0x004215e3,4330979
3950,0x004215e4,4330980
3951,0x004215e7,4330983
3952,0x004215e8,4330984
3953,0x004215ea,4330986
3954,0x004215eb,4330987
3955,0x004215ec,4330988
3956,0x004215ed,4330989
3957,0x004215ee,4330990
3958,0x004215ef,4330991
3959,0x004215f0,4330992
3960,0x004215f3,4330995
3961,0x004215f5,4330997
3962,0x004215f6,4330998
3963,0x004215f7,4330999
3964,0x004215f8,4331000
3965,0x00421602,4331010
3966,0x00421603,4331011
3967,0x00421606,4331014
3968,0x00421607,4331015
3969,0x00421612,4331026
3970,0x00421616,4331030
3971,0x00421617,4331031
3972,0x00421626,4331046
3973,0x00421627,4331047
3974,0x00421628,4331048
3975,0x00421636,4331062
3976,0x00421637,4331063
3977,0x00421638,4331064
3978,0x00421647,4331079
3979,0x00421648,4331080
3980,0x0042164b,4331083
3981,0x0042164c,4331084
3982,0x0042165c,4331100
3983,0x0042165d,4331101
3984,0x0042165e,4331102
3985,0x0042165f,4331103
3986,0x00421660,4331104
3987,0x00421661,4331105
3988,0x00421662,4331106
3989,0x00421663,4331107
3990,0x00421664,4331108
3991,0x00421665,4331109
3992,0x00421666,4331110
3993,0x00421667,4331111
3994,0x00421668,4331112
3995,0x00421669,4331113
3996,0x0042166a,4331114
3997,0x0042166b,4331115
3998,0x00421671,4331121
3999,0x00421672,4331122
4000,0x00421673,4331123
4001,0x00421674,4331124
4002,0x00421675,4331125
4003,0x00421676,4331126
4004,0x00421677,4331127
4005,0x0042167e,4331134
4006,0x0042167f,4331135
4007,0x00421680,4331136
4008,0x00421681,4331137
4009,0x00421682,4331138
4010,0x00421683,4331139
4011,0x00421684,4331140
4012,0x00421685,4331141
4013,0x00421686,4331142
4014,0x00421687,4331143
4015,0x00421688,4331144
4016,0x00421689,4331145
4017,0x0042168a,4331146
4018,0x0042168b,4331147
4019,0x00421690,4331152
4020,0x00421694,4331156
4021,0x00421695,4331157
4022,0x00421696,4331158
4023,0x00421697,4331159
4024,0x004216aa,4331178
4025,0x004216ab,4331179
4026,0x004216ac,4331180
4027,0x004216ad,4331181
4028,0x004216ae,4331182
4029,0x004216af,4331183
4030,0x004216b0,4331184
4031,0x004216ba,4331194
4032,0x004216bb,4331195
4033,0x004216bf,4331199
4034,0x004216c0,4331200
4035,0x004216cf,4331215
4036,0x004216d0,4331216
4037,0x004216d1,4331217
4038,0x004216e0,4331232
4039,0x004216e1,4331233
4040,0x004216e3,4331235
4041,0x004216e4,4331236
4042,0x004216e5,4331237
4043,0x004216f4,4331252
4044,0x004216f5,4331253
4045,0x004216f6,4331254
4046,0x004216f9,4331257
4047,0x004216fa,4331258
4048,0x004216fb,4331259
4049,0x004216fc,4331260
4050,0x004216fd,4331261
4051,0x004216fe,4331262
4052,0x004216ff,4331263
4053,0x00421700,4331264
4054,0x00421701,4331265
4055,0x00421702,4331266
4056,0x00421703,4331267
4057,0x00421704,4331268
4058,0x00421705,4331269
4059,0x00421709,4331273
4060,0x0042170a,4331274
4061,0x0042170c,4331276
4062,0x0042170e,4331278
4063,0x00421710,4331280
4064,0x00421711,4331281
4065,0x00421712,4331282
4066,0x00421714,4331284
4067,0x00421715,4331285
4068,0x00421719,4331289
4069,0x0042171a,4331290
4070,0x0042171b,4331291
4071,0x0042171c,4331292
4072,0x0042171d,4331293
4073,0x0042171e,4331294
4074,0x0042171f,4331295
4075,0x00421720,4331296
4076,0x00421721,4331297
4077,0x00421722,4331298
4078,0x00421723,4331299
4079,0x00421724,4331300
4080,0x00421725,4331301
4081,0x00421728,4331304
4082,0x00421729,4331305
4083,0x0042172a,4331306
4084,0x00421731,4331313
4085,0x00421733,4331315
4086,0x00421735,4331317
4087,0x00421736,4331318
4088,0x00421739,4331321
4089,0x0042173a,4331322
4090,0x00421749,4331337
4091,0x0042174a,4331338
4092,0x0042174b,4331339
4093,0x0042174c,4331340
4094,0x0042174d,4331341
4095,0x0042174e,4331342
