0,0x00000000,0
1,0x00000000,0
2,0x00000000,0
3,0x00375347,3625799
4,0x00000f52,3922
5,0x0000090b,2315
6,0x00000d2b,3371
7,0x00001a85,6789
8,0x00006ff7,28663
9,0x00009800,38912
10,0x00004d58,19800
11,0x000021ca,8650
12,0x00002f63,12131
13,0x0000521f,21023
14,0x00024c5f,150623
15,0x00018e41,101953
16,0x00017813,96275
17,0x00012d3b,77115
18,0x00007234,29236
19,0x0000187b,6267
20,0x00000f3e,3902
21,0x00001355,4949
22,0x0000132c,4908
23,0x00003ca8,15528
24,0x00001744,5956
25,0x00001789,6025
26,0x00006e5c,28252
27,0x00013441,78913
28,0x00007d73,32115
29,0x000029f5,10741
30,0x00004412,17426
31,0x000052c7,21191
32,0x000031f8,12792
33,0x00001724,5924
34,0x00001130,4400
35,0x0000105b,4187
36,0x00000d69,3433
37,0x00000c73,3187
38,0x00000f18,3864
39,0x00001a1d,6685
40,0x00001f70,8048
41,0x000019a8,6568
42,0x00000f8d,3981
43,0x00000f7d,3965
44,0x00003f37,16183
45,0x00007693,30355
46,0x00003f65,16229
47,0x00001ae4,6884
48,0x00001461,5217
49,0x00001011,4113
50,0x00000a34,2612
51,0x0000084d,2125
52,0x00000974,2420
53,0x000028d1,10449
54,0x000041d7,16855
55,0x0000235e,9054
56,0x0000122b,4651
57,0x001eda9c,2022044
58,0x02512004,38871044
59,0x072c96dd,120362717
60,0x02e45b6e,48520046
61,0x003affcd,3866573
62,0x000b5dfa,744954
63,0x00007702,30466
64,0x0001c74d,116557
65,0x0001d23f,119359
66,0x00019fd0,106448
67,0x0002b26f,176751
68,0x00026669,157289
69,0x0001cf77,118647
70,0x0000981e,38942
71,0x000068b3,26803
72,0x0000a796,42902
73,0x0003975a,235354
74,0x000509fd,330237
75,0x00031031,200753
76,0x00014036,81974
77,0x0000482e,18478
78,0x000021e1,8673
79,0x00003421,13345
80,0x00010786,67462
81,0x0001c45c,115804
82,0x0001665e,91742
83,0x000166cd,91853
84,0x00011f20,73504
85,0x00013290,78480
86,0x000087d6,34774
87,0x0000610f,24847
88,0x000057aa,22442
89,0x00005693,22163
90,0x00006881,26753
91,0x0000bea1,48801
92,0x0001a5a0,107936
93,0x0002a12c,172332
94,0x00024281,148097
95,0x00012894,75924
96,0x0000af41,44865
97,0x0000bbda,48090
98,0x00007ba8,31656
99,0x000057e5,22501
100,0x000079f2,31218
101,0x0000ee17,60951
102,0x00013ca9,81065
103,0x0000fb64,64356
104,0x0000709a,28826
105,0x00003651,13905
106,0x00003a95,14997
107,0x00003257,12887
108,0x00002792,10130
109,0x0000243f,9279
110,0x0000185f,6239
111,0x000013bd,5053
112,0x00001144,4420
113,0x00001052,4178
114,0x00000f9a,3994
115,0x00001000,4096
116,0x00001047,4167
117,0x00001091,4241
118,0x0000104c,4172
119,0x00000dc4,3524
120,0x00000cc3,3267
121,0x00000c05,3077
122,0x00000d6f,3439
123,0x00000b63,2915
124,0x00000b6d,2925
125,0x00000bc2,3010
126,0x00000d6e,3438
127,0x00000d7a,3450
128,0x00000bb6,2998
129,0x00000b68,2920
130,0x00000b2e,2862
131,0x00000c97,3223
132,0x00000a9c,2716
133,0x00000a47,2631
134,0x00000aaa,2730
135,0x00000af8,2808
136,0x00000bdd,3037
137,0x00000acb,2763
138,0x00000add,2781
139,0x00000a57,2647
140,0x00000be7,3047
141,0x00000a48,2632
142,0x0000099f,2463
143,0x0000095a,2394
144,0x000009a5,2469
145,0x00000a24,2596
146,0x000008e1,2273
147,0x00000884,2180
148,0x000008ba,2234
149,0x000009a0,2464
150,0x00000903,2307
151,0x00000872,2162
152,0x000008e5,2277
153,0x000008d4,2260
154,0x000009f6,2550
155,0x00000831,2097
156,0x00000918,2328
157,0x00000927,2343
158,0x00000a13,2579
159,0x00000a0f,2575
160,0x000008fb,2299
161,0x000008ce,2254
162,0x000008cc,2252
163,0x00000acc,2764
164,0x00000916,2326
165,0x000008b8,2232
166,0x000008c3,2243
167,0x000009ad,2477
168,0x00000a8b,2699
169,0x000008d5,2261
170,0x000008bf,2239
171,0x000008fd,2301
172,0x00000ab8,2744
173,0x000009be,2494
174,0x000009dd,2525
175,0x00000972,2418
176,0x00000a8b,2699
177,0x00000b45,2885
178,0x0000094a,2378
179,0x0000095a,2394
180,0x00000978,2424
181,0x00000b30,2864
182,0x00000a86,2694
183,0x000009e7,2535
184,0x00000a44,2628
185,0x00000ab9,2745
186,0x00000dbf,3519
187,0x00000b36,2870
188,0x00000af0,2800
189,0x00000b0d,2829
190,0x00000bb3,2995
191,0x00000bfd,3069
192,0x00000a9d,2717
193,0x00000b27,2855
194,0x00000bde,3038
195,0x00000f00,3840
196,0x00000c0b,3083
197,0x00000b13,2835
198,0x00000ac9,2761
199,0x00000bfc,3068
200,0x00000ca9,3241
201,0x00000ada,2778
202,0x00000aea,2794
203,0x00000ac9,2761
204,0x00000d11,3345
205,0x00000b93,2963
206,0x00000ae4,2788
207,0x00000ae9,2793
208,0x00000ba6,2982
209,0x00000d38,3384
210,0x00000b4a,2890
211,0x00000b19,2841
212,0x00000b82,2946
213,0x00000cf7,3319
214,0x00000c29,3113
215,0x00000ad9,2777
216,0x00000ac0,2752
217,0x00000abc,2748
218,0x00000c79,3193
219,0x00000a35,2613
220,0x00000a48,2632
221,0x00000a0e,2574
222,0x00000c06,3078
223,0x00000c2d,3117
224,0x00000abe,2750
225,0x00000b03,2819
226,0x00000afb,2811
227,0x00000dab,3499
228,0x00000b9e,2974
229,0x00000bce,3022
230,0x00000bc0,3008
231,0x00000d20,3360
232,0x00000f88,3976
233,0x00000d2d,3373
234,0x00000d5e,3422
235,0x00000df5,3573
236,0x000010fd,4349
237,0x000011a8,4520
238,0x00001484,5252
239,0x000018ac,6316
240,0x00002249,8777
241,0x0000271e,10014
242,0x00001817,6167
243,0x0000145b,5211
244,0x00001187,4487
245,0x000013f8,5112
246,0x0000129e,4766
247,0x000010f9,4345
248,0x000010fc,4348
249,0x000010dc,4316
250,0x00001591,5521
251,0x00000fc2,4034
252,0x000010bd,4285
253,0x00001060,4192
254,0x00001338,4920
255,0x0000137a,4986
256,0x00001034,4148
257,0x000010e2,4322
258,0x00001146,4422
259,0x0000151e,5406
260,0x00001247,4679
261,0x000011b7,4535
262,0x000011a4,4516
263,0x00001468,5224
264,0x00001712,5906
265,0x0000144e,5198
266,0x0000147a,5242
267,0x000014c3,5315
268,0x00001a7a,6778
269,0x0000180c,6156
270,0x00001646,5702
271,0x00001688,5768
272,0x0000176e,5998
273,0x00001ccc,7372
274,0x000015fd,5629
275,0x00001724,5924
276,0x00001777,6007
277,0x00001b2b,6955
278,0x00001a0a,6666
279,0x0000180b,6155
280,0x0000182f,6191
281,0x0000194c,6476
282,0x00001f36,7990
283,0x0000185c,6236
284,0x00001920,6432
285,0x000018b3,6323
286,0x00001d06,7430
287,0x00001d8a,7562
288,0x00001830,6192
289,0x00001831,6193
290,0x0000178b,6027
291,0x0000202d,8237
292,0x00001927,6439
293,0x0000189e,6302
294,0x00001912,6418
295,0x00001b2b,6955
296,0x00001edb,7899
297,0x000017cc,6092
298,0x0000174b,5963
299,0x0000171c,5916
300,0x00001b5d,7005
301,0x000017e6,6118
302,0x00001548,5448
303,0x0000151e,5406
304,0x000016a6,5798
305,0x00001a20,6688
306,0x0000156b,5483
307,0x00001578,5496
308,0x000015c9,5577
309,0x00001b1a,6938
310,0x0000196d,6509
311,0x00001a59,6745
312,0x00001cfc,7420
313,0x00001f43,8003
314,0x000032bd,12989
315,0x00002537,9527
316,0x00002709,9993
317,0x00002794,10132
318,0x00002eaf,11951
319,0x00002edb,11995
320,0x0000230d,8973
321,0x0000217d,8573
322,0x000021ce,8654
323,0x000027ec,10220
324,0x00002046,8262
325,0x00001dd0,7632
326,0x00001dba,7610
327,0x000021bd,8637
328,0x000024c8,9416
329,0x00001f96,8086
330,0x00001fb9,8121
331,0x00001e24,7716
332,0x000026c3,9923
333,0x00002058,8280
334,0x00001e22,7714
335,0x00001f12,7954
336,0x000022f7,8951
337,0x00002cfb,11515
338,0x000024fb,9467
339,0x0000265c,9820
340,0x000026e7,9959
341,0x00002e8a,11914
342,0x000029be,10686
343,0x00002439,9273
344,0x00002303,8963
345,0x0000237b,9083
346,0x00002cb4,11444
347,0x00001fe1,8161
348,0x00002011,8209
349,0x00001f9a,8090
350,0x000024db,9435
351,0x00002460,9312
352,0x00001e82,7810
353,0x00001e46,7750
354,0x00001d1a,7450
355,0x0000261d,9757
356,0x00001d8e,7566
357,0x00001cba,7354
358,0x00001cb1,7345
359,0x00001f60,8032
360,0x000023ac,9132
361,0x00001b6e,7022
362,0x00001c3f,7231
363,0x00001c0a,7178
364,0x000021c0,8640
365,0x00001cc2,7362
366,0x00001a45,6725
367,0x0000199c,6556
368,0x00001ba3,7075
369,0x00001f90,8080
370,0x00001997,6551
371,0x000019ac,6572
372,0x000019ed,6637
373,0x0000240f,9231
374,0x0000265f,9823
375,0x0000280a,10250
376,0x00002ab6,10934
377,0x00002c9b,11419
378,0x00003ca8,15528
379,0x00002a5d,10845
380,0x000027af,10159
381,0x0000256e,9582
382,0x0000276e,10094
383,0x00002544,9540
384,0x00001d44,7492
385,0x00001af6,6902
386,0x000019ee,6638
387,0x00001e36,7734
388,0x00001806,6150
389,0x0000170c,5900
390,0x000016c1,5825
391,0x000018fd,6397
392,0x000019d1,6609
393,0x00001504,5380
394,0x00001496,5270
395,0x0000143f,5183
396,0x00001984,6532
397,0x00001468,5224
398,0x00001314,4884
399,0x000012de,4830
400,0x00001342,4930
401,0x00001773,6003
402,0x00001284,4740
403,0x00001391,5009
404,0x00001345,4933
405,0x0000161b,5659
406,0x000014b2,5298
407,0x000011f6,4598
408,0x00001199,4505
409,0x00001185,4485
410,0x00001482,5250
411,0x00000fa9,4009
412,0x00000f02,3842
413,0x00000ed0,3792
414,0x00001192,4498
415,0x00001132,4402
416,0x00000e9b,3739
417,0x00000edb,3803
418,0x00000e63,3683
419,0x000012d5,4821
420,0x00000e49,3657
421,0x00000e1d,3613
422,0x00000e09,3593
423,0x00000f5d,3933
424,0x00001090,4240
425,0x00000d6c,3436
426,0x00000d77,3447
427,0x00000d78,3448
428,0x00000fbc,4028
429,0x00000dfc,3580
430,0x00000d52,3410
431,0x00000dec,3564
432,0x00000f57,3927
433,0x00001207,4615
434,0x00000ee7,3815
435,0x00000e60,3680
436,0x00000d7d,3453
437,0x000010b6,4278
438,0x00000f54,3924
439,0x00000e57,3671
440,0x00000e99,3737
441,0x00000ee8,3816
442,0x00001379,4985
443,0x00000d62,3426
444,0x00000db3,3507
445,0x00000d76,3446
446,0x00000e91,3729
447,0x00000f42,3906
448,0x00000c93,3219
449,0x00000cef,3311
450,0x00000cec,3308
451,0x00000f6d,3949
452,0x00000cbe,3262
453,0x00000c25,3109
454,0x00000c27,3111
455,0x00000d64,3428
456,0x00000dc3,3523
457,0x00000c80,3200
458,0x00000bf6,3062
459,0x00000c87,3207
460,0x00000eb5,3765
461,0x00000c85,3205
462,0x00000be0,3040
463,0x00000b79,2937
464,0x00000c3e,3134
465,0x00000e97,3735
466,0x00000c0b,3083
467,0x00000c6e,3182
468,0x00000c2a,3114
469,0x00000e86,3718
470,0x00000dc8,3528
471,0x00000c63,3171
472,0x00000c8d,3213
473,0x00000da6,3494
474,0x000010be,4286
475,0x00000d56,3414
476,0x00000d7c,3452
477,0x00000d63,3427
478,0x00000fbb,4027
479,0x00000fc2,4034
480,0x00000e13,3603
481,0x00000ead,3757
482,0x00000e8a,3722
483,0x00001334,4916
484,0x00001022,4130
485,0x000012cc,4812
486,0x00001486,5254
487,0x000018e5,6373
488,0x000019e4,6628
489,0x0000114a,4426
490,0x0000108d,4237
491,0x00000f73,3955
492,0x00001290,4752
493,0x00001080,4224
494,0x00000f03,3843
495,0x00000f3a,3898
496,0x0000107f,4223
497,0x0000121e,4638
498,0x00000ea5,3749
499,0x00000f10,3856
500,0x00000ec8,3784
501,0x000011fc,4604
502,0x00000fbf,4031
503,0x00000e72,3698
504,0x00000e6e,3694
505,0x00000e8a,3722
506,0x0000125e,4702
507,0x00000e23,3619
508,0x00000e41,3649
509,0x00000e4c,3660
510,0x00001083,4227
511,0x0000110a,4362
512,0x00000ebc,3772
513,0x00000e5c,3676
514,0x00000f9a,3994
515,0x000013b7,5047
516,0x0000105a,4186
517,0x00000f72,3954
518,0x00000f7b,3963
519,0x000011d0,4560
520,0x00001347,4935
521,0x00000fce,4046
522,0x00000fe1,4065
523,0x00001004,4100
524,0x0000147e,5246
525,0x0000117b,4475
526,0x0000114a,4426
527,0x00001117,4375
528,0x00001205,4613
529,0x000015c0,5568
530,0x00001105,4357
531,0x0000129c,4764
532,0x000012e4,4836
533,0x0000167b,5755
534,0x000015f1,5617
535,0x00001205,4613
536,0x00001290,4752
537,0x00001382,4994
538,0x00001916,6422
539,0x000013b2,5042
540,0x00001379,4985
541,0x0000130b,4875
542,0x00001666,5734
543,0x00001642,5698
544,0x0000127c,4732
545,0x000011eb,4587
546,0x00001205,4613
547,0x0000178e,6030
548,0x000012a7,4775
549,0x000012df,4831
550,0x000012e5,4837
551,0x0000167f,5759
552,0x00001813,6163
553,0x0000142a,5162
554,0x000013d3,5075
555,0x00001493,5267
556,0x0000182a,6186
557,0x000015d5,5589
558,0x000013f6,5110
559,0x000013d0,5072
560,0x00001569,5481
561,0x00001966,6502
562,0x00001559,5465
563,0x00001418,5144
564,0x00001473,5235
565,0x00001a20,6688
566,0x000019b5,6581
567,0x000018d8,6360
568,0x00001896,6294
569,0x00001869,6249
570,0x00001ee7,7911
571,0x000016d4,5844
572,0x00001728,5928
573,0x0000174b,5963
574,0x00001a74,6772
575,0x00001bd5,7125
576,0x000016a0,5792
577,0x000017a5,6053
578,0x00001866,6246
579,0x00001f63,8035
580,0x00001980,6528
581,0x00001836,6198
582,0x000018a3,6307
583,0x00001c2f,7215
584,0x00001f52,8018
585,0x000019dc,6620
586,0x000019c1,6593
587,0x000019f7,6647
588,0x000020ac,8364
589,0x00001ac9,6857
590,0x000018dc,6364
591,0x00001944,6468
592,0x00001acb,6859
593,0x00002009,8201
594,0x00001966,6502
595,0x000019b8,6584
596,0x00001a9e,6814
597,0x00002083,8323
598,0x00001ebc,7868
599,0x00001b2e,6958
600,0x00001b84,7044
601,0x00001bbe,7102
602,0x000023cc,9164
603,0x00001af0,6896
604,0x00001ae4,6884
605,0x00001b1a,6938
606,0x000020b7,8375
607,0x0000201a,8218
608,0x00001bfa,7162
609,0x00001c20,7200
610,0x00001b6f,7023
611,0x000023bf,9151
612,0x00001a70,6768
613,0x00001ba2,7074
614,0x00001b8d,7053
615,0x00001eb6,7862
616,0x0000219d,8605
617,0x00001bc7,7111
618,0x00001b6c,7020
619,0x00001bd5,7125
620,0x000022a6,8870
621,0x00001f09,7945
622,0x00001c5b,7259
623,0x00001bb1,7089
624,0x00001eb1,7857
625,0x00002303,8963
626,0x00001c8c,7308
627,0x00001d81,7553
628,0x00001cc9,7369
629,0x00002339,9017
630,0x000020a4,8356
631,0x00001d7d,7549
632,0x00001dc9,7625
633,0x00001f23,7971
634,0x00002a36,10806
635,0x00001ea8,7848
636,0x00001f47,8007
637,0x00001fcf,8143
638,0x00002287,8839
639,0x000023b0,9136
640,0x00001d5d,7517
641,0x00001e51,7761
642,0x00001ea0,7840
643,0x0000263f,9791
644,0x00001f0c,7948
645,0x00001e12,7698
646,0x00001dc4,7620
647,0x0000221b,8731
648,0x0000252a,9514
649,0x000020ab,8363
650,0x000020ac,8364
651,0x000020f9,8441
652,0x00002b60,11104
653,0x000021ec,8684
654,0x00001ed2,7890
655,0x00001e7b,7803
656,0x00001fd2,8146
657,0x000025b5,9653
658,0x00001be8,7144
659,0x00001cd3,7379
660,0x00001d10,7440
661,0x000022c5,8901
662,0x00002022,8226
663,0x00001d30,7472
664,0x00001d39,7481
665,0x00001e0d,7693
666,0x00002625,9765
667,0x00001dd7,7639
668,0x00001d19,7449
669,0x00001d20,7456
670,0x00002287,8839
671,0x0000220b,8715
672,0x00001cf2,7410
673,0x00001d7d,7549
674,0x00001d00,7424
675,0x00002772,10098
676,0x00001f8e,8078
677,0x00001eba,7866
678,0x00001fba,8122
679,0x0000247b,9339
680,0x0000285f,10335
681,0x00002027,8231
682,0x0000200d,8205
683,0x0000203a,8250
684,0x000026c2,9922
685,0x0000225f,8799
686,0x00001fbf,8127
687,0x00002030,8240
688,0x000022b3,8883
689,0x00002782,10114
690,0x00001fbd,8125
691,0x00001f40,8000
692,0x00001e00,7680
693,0x00002488,9352
694,0x0000203d,8253
695,0x00001e18,7704
696,0x00001d3c,7484
697,0x00001d39,7481
698,0x00002845,10309
699,0x00001d34,7476
700,0x00001d49,7497
701,0x00001da8,7592
702,0x00002184,8580
703,0x0000225e,8798
704,0x00001caf,7343
705,0x00001ca2,7330
706,0x00001d4b,7499
707,0x00002530,9520
708,0x00001d4e,7502
709,0x00001b0d,6925
710,0x00001c0d,7181
711,0x00001f7c,8060
712,0x000021c8,8648
713,0x00001c5c,7260
714,0x00001c33,7219
715,0x00001c7c,7292
716,0x00002478,9336
717,0x00001e0c,7692
718,0x00001d19,7449
719,0x00001d6c,7532
720,0x00001e04,7684
721,0x000024fb,9467
722,0x00001c45,7237
723,0x00001d04,7428
724,0x00001d6b,7531
725,0x000022ec,8940
726,0x000020f1,8433
727,0x00001c5d,7261
728,0x00001ce4,7396
729,0x00001ea2,7842
730,0x00002667,9831
731,0x00002100,8448
732,0x000021f6,8694
733,0x00002270,8816
734,0x00002809,10249
735,0x000023e6,9190
736,0x00001d15,7445
737,0x00001d17,7447
738,0x00001b82,7042
739,0x000023b9,9145
740,0x00001ac3,6851
741,0x00001b39,6969
742,0x00001a98,6808
743,0x00001dc1,7617
744,0x00001f68,8040
745,0x0000192e,6446
746,0x0000199d,6557
747,0x000019bb,6587
748,0x00001f8f,8079
749,0x00001acd,6861
750,0x00001893,6291
751,0x000017be,6078
752,0x00001a4a,6730
753,0x00001e14,7700
754,0x0000183c,6204
755,0x0000183a,6202
756,0x00001820,6176
757,0x00001c57,7255
758,0x00001a7d,6781
759,0x00001831,6193
760,0x0000181d,6173
761,0x00001815,6165
762,0x00001fbb,8123
763,0x000016ee,5870
764,0x0000170a,5898
765,0x00001761,5985
766,0x00001b0a,6922
767,0x00001afe,6910
768,0x0000168f,5775
769,0x0000174f,5967
770,0x000017b7,6071
771,0x00001de8,7656
772,0x0000184b,6219
773,0x00001735,5941
774,0x0000168f,5775
775,0x0000196d,6509
776,0x00001ae9,6889
777,0x000016c9,5833
778,0x00001704,5892
779,0x0000166c,5740
780,0x00001c6d,7277
781,0x00001715,5909
782,0x0000161e,5662
783,0x00001651,5713
784,0x0000173c,5948
785,0x00001b71,7025
786,0x00001579,5497
787,0x00001542,5442
788,0x000014ac,5292
789,0x0000193e,6462
790,0x000016f0,5872
791,0x0000146e,5230
792,0x000013fd,5117
793,0x00001456,5206
794,0x000018e2,6370
795,0x00001373,4979
796,0x00001400,5120
797,0x000013f4,5108
798,0x000017f8,6136
799,0x0000170e,5902
800,0x000013e2,5090
801,0x0000140c,5132
802,0x000013ad,5037
803,0x000019df,6623
804,0x000013ad,5037
805,0x000013f5,5109
806,0x0000137e,4990
807,0x0000156f,5487
808,0x000017b6,6070
809,0x00001302,4866
810,0x00001387,4999
811,0x000013de,5086
812,0x00001880,6272
813,0x0000172b,5931
814,0x0000146c,5228
815,0x00001450,5200
816,0x00001697,5783
817,0x000017cf,6095
818,0x00001390,5008
819,0x000012f6,4854
820,0x0000127a,4730
821,0x000016ee,5870
822,0x000013d1,5073
823,0x000012c2,4802
824,0x000012b4,4788
825,0x00001338,4920
826,0x000017f6,6134
827,0x000011cd,4557
828,0x00001258,4696
829,0x000011de,4574
830,0x00001462,5218
831,0x00001568,5480
832,0x0000127c,4732
833,0x0000123c,4668
834,0x0000123b,4667
835,0x000016f2,5874
836,0x0000120a,4618
837,0x000011a8,4520
838,0x00001101,4353
839,0x000013c9,5065
840,0x0000150e,5390
841,0x0000128e,4750
842,0x000011bf,4543
843,0x000011fd,4605
844,0x0000166a,5738
845,0x000012bf,4799
846,0x00001253,4691
847,0x000011c0,4544
848,0x000012ea,4842
849,0x00001684,5764
850,0x0000115b,4443
851,0x000011b0,4528
852,0x0000124e,4686
853,0x000014f1,5361
854,0x0000148e,5262
855,0x00001210,4624
856,0x000011b5,4533
857,0x0000127f,4735
858,0x000015e3,5603
859,0x0000116e,4462
860,0x00001135,4405
861,0x00001143,4419
862,0x0000142a,5162
863,0x000013a5,5029
864,0x000010c1,4289
865,0x00001206,4614
866,0x00001168,4456
867,0x000016dc,5852
868,0x000012a8,4776
869,0x00001154,4436
870,0x0000110d,4365
871,0x00001328,4904
872,0x0000142d,5165
873,0x000010bb,4283
874,0x00001127,4391
875,0x00001148,4424
876,0x00001504,5380
877,0x00001272,4722
878,0x000011a7,4519
879,0x000011a4,4516
880,0x000012d4,4820
881,0x000016c4,5828
882,0x0000122b,4651
883,0x000011d9,4569
884,0x000011ef,4591
885,0x000014cf,5327
886,0x00001280,4736
887,0x0000117e,4478
888,0x000011d6,4566
889,0x0000121a,4634
890,0x00001685,5765
891,0x0000114f,4431
892,0x00001216,4630
893,0x00001187,4487
894,0x00001443,5187
895,0x0000153a,5434
896,0x00001266,4710
897,0x00001228,4648
898,0x0000126f,4719
899,0x00001629,5673
900,0x0000121a,4634
901,0x00001151,4433
902,0x000010a3,4259
903,0x0000132f,4911
904,0x0000146b,5227
905,0x00001094,4244
906,0x000010a5,4261
907,0x000010ba,4282
908,0x00001503,5379
909,0x00001213,4627
910,0x00001136,4406
911,0x0000110c,4364
912,0x00001237,4663
913,0x000014dd,5341
914,0x0000108e,4238
915,0x0000110b,4363
916,0x000010f4,4340
917,0x00001456,5206
918,0x0000129e,4766
919,0x00001121,4385
920,0x000010e6,4326
921,0x00001152,4434
922,0x00001607,5639
923,0x0000119c,4508
924,0x000011dd,4573
925,0x0000120d,4621
926,0x00001623,5667
927,0x000013fd,5117
928,0x00001274,4724
929,0x0000124f,4687
930,0x00001271,4721
931,0x00001762,5986
932,0x000012a6,4774
933,0x0000130c,4876
934,0x00001344,4932
935,0x000014ef,5359
936,0x000016c2,5826
937,0x000011c9,4553
938,0x000011d0,4560
939,0x00001218,4632
940,0x000015b2,5554
941,0x0000131e,4894
942,0x000011bf,4543
943,0x000011d0,4560
944,0x00001307,4871
945,0x00001577,5495
946,0x00001120,4384
947,0x00001159,4441
948,0x000010c2,4290
949,0x00001501,5377
950,0x0000123a,4666
951,0x00001110,4368
952,0x000010d0,4304
953,0x0000121d,4637
954,0x0000158a,5514
955,0x00001075,4213
956,0x00001172,4466
957,0x000010df,4319
958,0x000013b4,5044
959,0x0000133a,4922
960,0x000010ae,4270
961,0x00001132,4402
962,0x00001123,4387
963,0x000015ad,5549
964,0x00001122,4386
965,0x0000113e,4414
966,0x00001117,4375
967,0x00001392,5010
968,0x00001474,5236
969,0x0000118b,4491
970,0x000011e9,4585
971,0x0000122a,4650
972,0x00001655,5717
973,0x000012d1,4817
974,0x0000126d,4717
975,0x00001231,4657
976,0x000013c7,5063
977,0x0000189b,6299
978,0x000015c7,5575
979,0x00001684,5764
980,0x0000168e,5774
981,0x0000196a,6506
982,0x000015f4,5620
983,0x000011fd,4605
984,0x000011f6,4598
985,0x000012dc,4828
986,0x00001626,5670
987,0x000011b5,4533
988,0x00001244,4676
989,0x000011db,4571
990,0x000014c0,5312
991,0x000013b8,5048
992,0x000010cb,4299
993,0x00001185,4485
994,0x00001143,4419
995,0x000015ee,5614
996,0x000010da,4314
997,0x0000111e,4382
998,0x00001106,4358
999,0x0000131d,4893
1000,0x000013fe,5118
1001,0x000010ff,4351
1002,0x0000113f,4415
1003,0x000011ea,4586
1004,0x00001569,5481
1005,0x00001228,4648
1006,0x00001136,4406
1007,0x00001111,4369
1008,0x000012e1,4833
1009,0x00001596,5526
1010,0x000011ee,4590
1011,0x0000120f,4623
1012,0x000011a6,4518
1013,0x0000158f,5519
1014,0x0000132b,4907
1015,0x00001237,4663
1016,0x00001230,4656
1017,0x000012e5,4837
1018,0x0000189d,6301
1019,0x000011d1,4561
1020,0x00001242,4674
1021,0x00001249,4681
1022,0x0000153a,5434
1023,0x00001513,5395
0,0x00000000,0
1024,0x00272039,2564153
2048,0x001fa2a3,2073251
3072,0x0023d010,2347024
4096,0x0017c797,1558423
5120,0x001403b4,1311668
6144,0x0011e2be,1172158
7168,0x001037e7,1062887
8192,0x00101b5b,1055579
9216,0x0007a30e,500494
10240,0x00095323,611107
11264,0x0006a30b,434955
12288,0x0009e484,648324
13312,0x00016d84,93572
14336,0x0000e991,59793
15360,0x0000c60f,50703
16384,0x0000a517,42263
17408,0x0000925e,37470
18432,0x0000853f,34111
19456,0x00007f98,32664
20480,0x00007e52,32338
21504,0x00007eff,32511
22528,0x00008c35,35893
23552,0x0000a556,42326
24576,0x0001220e,74254
25600,0x0000b602,46594
26624,0x00008e10,36368
27648,0x00008482,33922
28672,0x00007ecf,32463
29696,0x00007f9a,32666
30720,0x00007c75,31861
31744,0x000075ec,30188
32768,0x00006d22,27938
33792,0x00006ca6,27814
34816,0x0000724f,29263
35840,0x000084f1,34033
36864,0x00009c4e,40014
37888,0x00007263,29283
38912,0x00005f6b,24427
39936,0x00005704,22276
40960,0x0000526f,21103
41984,0x0000573e,22334
43008,0x000086f5,34549
44032,0x0000d2a1,53921
45056,0x0000ede4,60900
46080,0x0000c4e8,50408
47104,0x00008f5e,36702
48128,0x00007339,29497
49152,0x0000711b,28955
50176,0x000061bf,25023
51200,0x000054f5,21749
52224,0x000053a2,21410
53248,0x00004d1f,19743
54272,0x00004471,17521
55296,0x00003e80,16000
56320,0x00003a43,14915
57344,0x0000354a,13642
58368,0x000031bf,12735
59392,0x00002d74,11636
60416,0x00002b62,11106
61440,0x00002c60,11360
62464,0x000026c7,9927
63488,0x000020e8,8424
64512,0x00002080,8320
65536,0x0000203f,8255
66560,0x00001d86,7558
67584,0x00001a71,6769
68608,0x000018ff,6399
69632,0x00001963,6499
70656,0x00001959,6489
71680,0x0000188a,6282
72704,0x000017c6,6086
73728,0x00001908,6408
74752,0x000017ce,6094
75776,0x000016e9,5865
76800,0x0000176f,5999
77824,0x0000189f,6303
78848,0x000018e7,6375
79872,0x0000173f,5951
80896,0x00001592,5522
81920,0x000015b6,5558
82944,0x00001576,5494
83968,0x000014f6,5366
84992,0x000013ee,5102
86016,0x0000157b,5499
87040,0x0000153e,5438
88064,0x00001409,5129
89088,0x0000149f,5279
90112,0x000015a0,5536
91136,0x0000150b,5387
92160,0x000013b5,5045
93184,0x00001233,4659
94208,0x00001218,4632
95232,0x0000123c,4668
96256,0x000011de,4574
97280,0x00001270,4720
98304,0x00001287,4743
99328,0x0000128a,4746
100352,0x000011e8,4584
101376,0x000011b9,4537
102400,0x000011ee,4590
103424,0x0000127b,4731
104448,0x000011ac,4524
105472,0x000010fc,4348
106496,0x00001105,4357
107520,0x000010b7,4279
108544,0x00001110,4368
109568,0x000010ce,4302
110592,0x000010fb,4347
111616,0x000010b5,4277
112640,0x000010af,4271
113664,0x000010e3,4323
114688,0x0000115e,4446
115712,0x00001154,4436
116736,0x000010c2,4290
117760,0x00001024,4132
118784,0x0000101e,4126
119808,0x0000100a,4106
120832,0x00001048,4168
121856,0x00000f95,3989
122880,0x00000fbb,4027
123904,0x00000f8a,3978
124928,0x00000f77,3959
125952,0x00000fc3,4035
126976,0x00000fc1,4033
128000,0x00000fbb,4027
129024,0x00000f7e,3966
130048,0x00000f07,3847
131072,0x00000e46,3654
132096,0x00000e6f,3695
133120,0x00000e9d,3741
134144,0x00000e19,3609
135168,0x00000e0c,3596
136192,0x00000e13,3603
137216,0x00000dcf,3535
138240,0x00000e08,3592
139264,0x00000dc3,3523
140288,0x00000e0c,3596
141312,0x00000d81,3457
142336,0x00000d25,3365
143360,0x00000dbe,3518
144384,0x00000ca5,3237
145408,0x00000cfb,3323
146432,0x00000cab,3243
147456,0x00000c3d,3133
148480,0x00000cea,3306
149504,0x00000cde,3294
150528,0x00000cae,3246
151552,0x00000d1d,3357
152576,0x00000cd7,3287
153600,0x00000d41,3393
154624,0x00000d49,3401
155648,0x00000ce9,3305
156672,0x00000cdd,3293
157696,0x00000c20,3104
158720,0x00000bf0,3056
159744,0x00000bb4,2996
160768,0x00000bf2,3058
161792,0x00000bbf,3007
162816,0x00000b72,2930
163840,0x00000b8b,2955
164864,0x00000b14,2836
165888,0x00000bd4,3028
166912,0x00000b55,2901
167936,0x00000ace,2766
168960,0x00000aa0,2720
169984,0x000009f1,2545
171008,0x000009d6,2518
172032,0x000009bd,2493
173056,0x0000096a,2410
174080,0x00000971,2417
175104,0x000008f5,2293
176128,0x000008be,2238
177152,0x0000091b,2331
178176,0x00000921,2337
179200,0x000008c1,2241
180224,0x000008c4,2244
181248,0x00000802,2050
182272,0x000007dd,2013
183296,0x000007a3,1955
184320,0x0000076f,1903
185344,0x0000077e,1918
186368,0x00000795,1941
187392,0x0000078d,1933
188416,0x00000718,1816
189440,0x0000076e,1902
190464,0x000007d6,2006
191488,0x00000751,1873
192512,0x000007d1,2001
193536,0x0000079f,1951
194560,0x000006eb,1771
195584,0x000006b1,1713
196608,0x000006dd,1757
197632,0x00000708,1800
198656,0x000006d5,1749
199680,0x0000070b,1803
200704,0x00000740,1856
201728,0x000007a2,1954
202752,0x00000821,2081
203776,0x00000831,2097
204800,0x00000859,2137
205824,0x000009f0,2544
206848,0x0000087c,2172
207872,0x00000839,2105
208896,0x000008e0,2272
209920,0x00000839,2105
210944,0x00000815,2069
211968,0x0000084f,2127
212992,0x000008dc,2268
214016,0x000008db,2267
215040,0x00000928,2344
216064,0x000009c4,2500
217088,0x000008c4,2244
218112,0x00000852,2130
219136,0x00000737,1847
220160,0x000006eb,1771
221184,0x00000664,1636
222208,0x0000069a,1690
223232,0x00000619,1561
224256,0x000005d5,1493
225280,0x000005e2,1506
226304,0x000005a9,1449
227328,0x0000059c,1436
228352,0x0000063f,1599
229376,0x000004b0,1200
230400,0x00000419,1049
231424,0x000003b0,944
232448,0x00000328,808
233472,0x000002c7,711
234496,0x000002b4,692
235520,0x000002a5,677
236544,0x000002e9,745
237568,0x0000036a,874
238592,0x00000278,632
239616,0x00000294,660
240640,0x00000333,819
241664,0x00000338,824
242688,0x00000243,579
243712,0x0000020b,523
244736,0x000001d2,466
245760,0x000001b2,434
246784,0x0000018e,398
247808,0x00000191,401
248832,0x000001e3,483
249856,0x00000207,519
250880,0x00000210,528
251904,0x000001ae,430
252928,0x00000438,1080
253952,0x000009d1,2513
254976,0x0000036e,878
256000,0x000001c7,455
257024,0x00000198,408
258048,0x00000169,361
259072,0x00000143,323
260096,0x0000012d,301
261120,0x0000014a,330
262144,0x000001a7,423
263168,0x000001d2,466
264192,0x00000135,309
265216,0x00000172,370
266240,0x00000215,533
267264,0x00000158,344
268288,0x000000ed,237
269312,0x000000ef,239
270336,0x000000e8,232
271360,0x000000e0,224
272384,0x000000d5,213
273408,0x00000120,288
274432,0x00000165,357
275456,0x00000149,329
276480,0x000000f9,249
277504,0x000000c5,197
278528,0x000000f8,248
279552,0x000000cd,205
280576,0x000000a0,160
281600,0x00000097,151
282624,0x0000009b,155
283648,0x00000097,151
284672,0x0000008a,138
285696,0x000000a0,160
286720,0x0000007e,126
287744,0x0000009d,157
288768,0x0000009a,154
289792,0x000000a3,163
290816,0x00000098,152
291840,0x000000b9,185
292864,0x00000122,290
293888,0x00000231,561
294912,0x000003e7,999
295936,0x000005b7,1463
296960,0x0000078c,1932
297984,0x0000090c,2316
299008,0x00000ba2,2978
300032,0x00000e32,3634
301056,0x00000f96,3990
302080,0x00000df5,3573
303104,0x00000d5b,3419
304128,0x00000f54,3924
305152,0x00001165,4453
306176,0x000014ad,5293
307200,0x000017fd,6141
308224,0x00001b33,6963
309248,0x00001d4d,7501
310272,0x00001d12,7442
311296,0x00001d26,7462
312320,0x00002090,8336
313344,0x00002594,9620
314368,0x000025ad,9645
315392,0x00002381,9089
316416,0x00001fc7,8135
317440,0x00001c7a,7290
318464,0x00001ae8,6888
319488,0x00001a99,6809
320512,0x00001d1b,7451
321536,0x00001efd,7933
322560,0x00001f44,8004
323584,0x00001cd5,7381
324608,0x00001934,6452
325632,0x000014d9,5337
326656,0x000010b2,4274
327680,0x00000d46,3398
328704,0x000009d2,2514
329728,0x00000748,1864
330752,0x00000587,1415
331776,0x00000435,1077
332800,0x00000358,856
333824,0x000002b2,690
334848,0x00000224,548
335872,0x0000018f,399
336896,0x00000149,329
337920,0x00000102,258
338944,0x000000c2,194
339968,0x000000a7,167
340992,0x0000007c,124
342016,0x00000057,87
343040,0x00000046,70
344064,0x00000032,50
345088,0x00000032,50
346112,0x00000028,40
347136,0x00000033,51
348160,0x0000002e,46
349184,0x0000002d,45
350208,0x00000022,34
351232,0x00000024,36
352256,0x00000027,39
353280,0x0000001a,26
354304,0x00000023,35
355328,0x00000025,37
356352,0x00000025,37
357376,0x0000001e,30
358400,0x00000020,32
359424,0x00000026,38
360448,0x00000027,39
361472,0x00000024,36
362496,0x0000001d,29
363520,0x00000024,36
364544,0x00000024,36
365568,0x00000021,33
366592,0x0000001f,31
367616,0x00000022,34
368640,0x0000001b,27
369664,0x00000022,34
370688,0x0000001c,28
371712,0x0000001a,26
372736,0x00000022,34
373760,0x00000017,23
374784,0x0000001f,31
375808,0x0000001f,31
376832,0x00000014,20
377856,0x0000001b,27
378880,0x0000001f,31
379904,0x0000001f,31
380928,0x00000023,35
381952,0x00000027,39
382976,0x00000033,51
384000,0x00000030,48
385024,0x0000002c,44
386048,0x0000003a,58
387072,0x0000002d,45
388096,0x0000003a,58
389120,0x0000003f,63
390144,0x0000003b,59
391168,0x00000037,55
392192,0x0000003c,60
393216,0x00000044,68
394240,0x00000048,72
395264,0x00000046,70
396288,0x0000004e,78
397312,0x0000004d,77
398336,0x0000004c,76
399360,0x00000051,81
400384,0x00000036,54
401408,0x00000049,73
402432,0x0000004d,77
403456,0x00000042,66
404480,0x0000004f,79
405504,0x0000005a,90
406528,0x00000058,88
407552,0x0000004f,79
408576,0x0000003a,58
409600,0x0000004b,75
410624,0x00000051,81
411648,0x00000035,53
412672,0x0000003f,63
413696,0x00000038,56
414720,0x00000036,54
415744,0x0000003b,59
416768,0x00000039,57
417792,0x0000002f,47
418816,0x00000034,52
419840,0x0000002a,42
420864,0x00000021,33
421888,0x00000027,39
422912,0x00000022,34
423936,0x00000016,22
424960,0x00000018,24
425984,0x0000001d,29
427008,0x00000017,23
428032,0x00000013,19
429056,0x00000009,9
430080,0x00000014,20
431104,0x00000014,20
432128,0x0000000d,13
433152,0x00000011,17
434176,0x00000013,19
435200,0x00000010,16
436224,0x0000000b,11
437248,0x00000014,20
438272,0x0000000e,14
439296,0x0000000d,13
440320,0x00000012,18
441344,0x0000000c,12
442368,0x0000000d,13
443392,0x00000012,18
444416,0x00000008,8
445440,0x0000000a,10
446464,0x00000009,9
447488,0x00000007,7
448512,0x00000006,6
449536,0x00000009,9
450560,0x0000000d,13
451584,0x00000006,6
452608,0x0000000a,10
453632,0x00000007,7
454656,0x00000007,7
455680,0x00000009,9
456704,0x00000005,5
457728,0x00000005,5
458752,0x0000000a,10
459776,0x00000006,6
460800,0x00000006,6
461824,0x00000002,2
462848,0x00000005,5
463872,0x00000002,2
464896,0x00000004,4
465920,0x00000005,5
466944,0x00000002,2
467968,0x00000006,6
468992,0x00000003,3
470016,0x00000001,1
471040,0x00000004,4
472064,0x00000005,5
473088,0x00000002,2
474112,0x00000002,2
475136,0x00000004,4
476160,0x00000005,5
477184,0x00000004,4
478208,0x00000003,3
479232,0x00000002,2
480256,0x00000004,4
481280,0x0000000a,10
482304,0x00000004,4
483328,0x00000005,5
484352,0x00000002,2
485376,0x00000003,3
486400,0x00000006,6
487424,0x00000002,2
488448,0x00000004,4
489472,0x00000000,0
490496,0x00000005,5
491520,0x00000007,7
492544,0x00000002,2
493568,0x00000002,2
494592,0x00000003,3
495616,0x00000003,3
496640,0x00000006,6
497664,0x00000002,2
498688,0x00000004,4
499712,0x00000004,4
500736,0x00000005,5
501760,0x00000004,4
502784,0x00000002,2
503808,0x00000002,2
504832,0x00000004,4
505856,0x00000004,4
506880,0x00000006,6
507904,0x00000002,2
508928,0x00000002,2
509952,0x00000003,3
510976,0x00000005,5
512000,0x00000002,2
513024,0x00000001,1
514048,0x00000004,4
515072,0x00000000,0
516096,0x00000004,4
517120,0x00000004,4
518144,0x00000003,3
519168,0x00000001,1
520192,0x00000006,6
521216,0x00000003,3
522240,0x00000005,5
523264,0x00000002,2
524288,0x00000002,2
525312,0x00000003,3
526336,0x00000000,0
527360,0x00000004,4
528384,0x00000002,2
529408,0x00000004,4
530432,0x00000001,1
531456,0x00000001,1
532480,0x00000000,0
533504,0x00000003,3
534528,0x00000001,1
535552,0x00000001,1
536576,0x00000000,0
537600,0x00000004,4
538624,0x00000003,3
539648,0x00000004,4
540672,0x00000004,4
541696,0x00000001,1
542720,0x00000001,1
543744,0x00000002,2
544768,0x00000000,0
545792,0x00000005,5
546816,0x00000003,3
547840,0x00000003,3
548864,0x00000001,1
549888,0x00000000,0
550912,0x00000000,0
551936,0x00000000,0
552960,0x00000004,4
553984,0x00000000,0
555008,0x00000001,1
556032,0x00000002,2
557056,0x00000002,2
558080,0x00000003,3
559104,0x00000002,2
560128,0x00000002,2
561152,0x00000002,2
562176,0x00000000,0
563200,0x00000003,3
564224,0x00000001,1
565248,0x00000000,0
566272,0x00000003,3
567296,0x00000002,2
568320,0x00000000,0
569344,0x00000002,2
570368,0x00000002,2
571392,0x00000003,3
572416,0x00000001,1
573440,0x00000001,1
574464,0x00000001,1
575488,0x00000002,2
576512,0x00000002,2
577536,0x00000001,1
578560,0x00000002,2
579584,0x00000000,0
580608,0x00000000,0
581632,0x00000002,2
582656,0x00000002,2
583680,0x00000001,1
584704,0x00000002,2
585728,0x00000001,1
586752,0x00000001,1
587776,0x00000001,1
588800,0x00000002,2
589824,0x00000002,2
590848,0x00000001,1
591872,0x00000001,1
592896,0x00000001,1
593920,0x00000001,1
594944,0x00000001,1
595968,0x00000002,2
596992,0x00000001,1
598016,0x00000002,2
599040,0x00000002,2
600064,0x00000003,3
601088,0x00000001,1
602112,0x00000000,0
603136,0x00000000,0
604160,0x00000000,0
605184,0x00000001,1
606208,0x00000001,1
607232,0x00000001,1
608256,0x00000001,1
609280,0x00000001,1
610304,0x00000001,1
611328,0x00000002,2
612352,0x00000003,3
613376,0x00000001,1
614400,0x00000002,2
615424,0x00000002,2
616448,0x00000005,5
617472,0x00000001,1
618496,0x00000002,2
619520,0x00000003,3
620544,0x00000002,2
621568,0x00000002,2
622592,0x00000001,1
623616,0x00000001,1
624640,0x00000001,1
625664,0x00000001,1
626688,0x00000001,1
627712,0x00000003,3
628736,0x00000001,1
629760,0x00000000,0
630784,0x00000002,2
631808,0x00000002,2
632832,0x00000000,0
633856,0x00000000,0
634880,0x00000001,1
635904,0x00000000,0
636928,0x00000000,0
637952,0x00000003,3
638976,0x00000001,1
640000,0x00000001,1
641024,0x00000001,1
642048,0x00000002,2
643072,0x00000001,1
644096,0x00000002,2
645120,0x00000001,1
646144,0x00000000,0
647168,0x00000001,1
648192,0x00000004,4
649216,0x00000003,3
650240,0x00000003,3
651264,0x00000000,0
652288,0x00000000,0
653312,0x00000001,1
654336,0x00000003,3
655360,0x00000000,0
656384,0x00000001,1
657408,0x00000004,4
658432,0x00000003,3
659456,0x00000002,2
660480,0x00000002,2
661504,0x00000002,2
662528,0x00000002,2
663552,0x00000000,0
664576,0x00000001,1
665600,0x00000004,4
666624,0x00000003,3
667648,0x00000003,3
668672,0x00000001,1
669696,0x00000001,1
670720,0x00000000,0
671744,0x00000000,0
672768,0x00000002,2
673792,0x00000000,0
674816,0x00000000,0
675840,0x00000001,1
676864,0x00000001,1
677888,0x00000000,0
678912,0x00000001,1
679936,0x00000001,1
680960,0x00000000,0
681984,0x00000000,0
683008,0x00000000,0
684032,0x00000000,0
685056,0x00000000,0
686080,0x00000000,0
687104,0x00000002,2
688128,0x00000001,1
689152,0x00000000,0
690176,0x00000001,1
691200,0x00000001,1
692224,0x00000001,1
693248,0x00000000,0
694272,0x00000001,1
695296,0x00000002,2
696320,0x00000000,0
697344,0x00000000,0
698368,0x00000003,3
699392,0x00000001,1
700416,0x00000002,2
701440,0x00000000,0
702464,0x00000001,1
703488,0x00000000,0
704512,0x00000003,3
705536,0x00000001,1
706560,0x00000001,1
707584,0x00000002,2
708608,0x00000001,1
709632,0x00000001,1
710656,0x00000001,1
711680,0x00000000,0
712704,0x00000000,0
713728,0x00000003,3
714752,0x00000001,1
715776,0x00000002,2
716800,0x00000000,0
717824,0x00000002,2
718848,0x00000001,1
719872,0x00000000,0
720896,0x00000002,2
721920,0x00000003,3
722944,0x00000002,2
723968,0x00000001,1
724992,0x00000001,1
726016,0x00000000,0
727040,0x00000000,0
728064,0x00000000,0
729088,0x00000002,2
730112,0x00000000,0
731136,0x00000000,0
732160,0x00000000,0
733184,0x00000001,1
734208,0x00000000,0
735232,0x00000004,4
736256,0x00000000,0
737280,0x00000003,3
738304,0x00000001,1
739328,0x00000004,4
740352,0x00000000,0
741376,0x00000003,3
742400,0x00000003,3
743424,0x00000002,2
744448,0x00000002,2
745472,0x00000002,2
746496,0x00000005,5
747520,0x00000001,1
748544,0x00000000,0
749568,0x00000002,2
750592,0x00000000,0
751616,0x00000001,1
752640,0x00000002,2
753664,0x00000001,1
754688,0x00000002,2
755712,0x00000000,0
756736,0x00000001,1
757760,0x00000002,2
758784,0x00000002,2
759808,0x00000001,1
760832,0x00000001,1
761856,0x00000002,2
762880,0x00000000,0
763904,0x00000000,0
764928,0x00000001,1
765952,0x00000000,0
766976,0x00000003,3
768000,0x00000003,3
769024,0x00000001,1
770048,0x00000000,0
771072,0x00000002,2
772096,0x00000001,1
773120,0x00000002,2
774144,0x00000000,0
775168,0x00000003,3
776192,0x00000001,1
777216,0x00000000,0
778240,0x00000003,3
779264,0x00000003,3
780288,0x00000002,2
781312,0x00000001,1
782336,0x00000000,0
783360,0x00000003,3
784384,0x00000003,3
785408,0x00000001,1
786432,0x00000000,0
787456,0x00000000,0
788480,0x00000000,0
789504,0x00000002,2
790528,0x00000003,3
791552,0x00000006,6
792576,0x00000008,8
793600,0x00000009,9
794624,0x00000020,32
795648,0x00000019,25
796672,0x00000012,18
797696,0x00000017,23
798720,0x00000048,72
799744,0x00000053,83
800768,0x0000001a,26
801792,0x00000016,22
802816,0x00000026,38
803840,0x0000002b,43
804864,0x00000015,21
805888,0x00000012,18
806912,0x0000000a,10
807936,0x0000000b,11
808960,0x00000003,3
809984,0x00000003,3
811008,0x00000001,1
812032,0x00000000,0
813056,0x00000002,2
814080,0x00000000,0
815104,0x00000000,0
816128,0x00000001,1
817152,0x00000000,0
818176,0x00000000,0
819200,0x00000002,2
820224,0x00000002,2
821248,0x00000001,1
822272,0x00000000,0
823296,0x00000000,0
824320,0x00000001,1
825344,0x00000001,1
826368,0x00000000,0
827392,0x00000000,0
828416,0x00000001,1
829440,0x00000003,3
830464,0x00000001,1
831488,0x00000001,1
832512,0x00000003,3
833536,0x00000001,1
834560,0x00000000,0
835584,0x00000000,0
836608,0x00000001,1
837632,0x00000001,1
838656,0x00000000,0
839680,0x00000002,2
840704,0x00000001,1
841728,0x00000003,3
842752,0x00000003,3
843776,0x00000001,1
844800,0x00000001,1
845824,0x00000002,2
846848,0x00000000,0
847872,0x00000001,1
848896,0x00000003,3
849920,0x00000002,2
850944,0x00000000,0
851968,0x00000000,0
852992,0x00000001,1
854016,0x00000002,2
855040,0x00000000,0
856064,0x00000001,1
857088,0x00000000,0
858112,0x00000000,0
859136,0x00000002,2
860160,0x00000003,3
861184,0x00000000,0
862208,0x00000001,1
863232,0x00000003,3
864256,0x00000001,1
865280,0x00000001,1
866304,0x00000000,0
867328,0x00000001,1
868352,0x00000002,2
869376,0x00000000,0
870400,0x00000002,2
871424,0x00000002,2
872448,0x00000000,0
873472,0x00000000,0
874496,0x00000000,0
875520,0x00000002,2
876544,0x00000002,2
877568,0x00000003,3
878592,0x00000001,1
879616,0x00000000,0
880640,0x00000001,1
881664,0x00000002,2
882688,0x00000000,0
883712,0x00000001,1
884736,0x00000000,0
885760,0x00000000,0
886784,0x00000002,2
887808,0x00000000,0
888832,0x00000001,1
889856,0x00000001,1
890880,0x00000001,1
891904,0x00000002,2
892928,0x00000002,2
893952,0x00000003,3
894976,0x00000001,1
896000,0x00000001,1
897024,0x00000001,1
898048,0x00000002,2
899072,0x00000001,1
900096,0x00000000,0
901120,0x00000000,0
902144,0x00000001,1
903168,0x00000000,0
904192,0x00000000,0
905216,0x00000001,1
906240,0x00000000,0
907264,0x00000001,1
908288,0x00000001,1
909312,0x00000002,2
910336,0x00000002,2
911360,0x00000000,0
912384,0x00000001,1
913408,0x00000002,2
914432,0x00000000,0
915456,0x00000000,0
916480,0x00000001,1
917504,0x00000003,3
918528,0x00000001,1
919552,0x00000001,1
920576,0x00000001,1
921600,0x00000001,1
922624,0x00000000,0
923648,0x00000000,0
924672,0x00000001,1
925696,0x00000000,0
926720,0x00000001,1
927744,0x00000001,1
928768,0x00000000,0
929792,0x00000003,3
930816,0x00000001,1
931840,0x00000000,0
932864,0x00000001,1
933888,0x00000001,1
934912,0x00000003,3
935936,0x00000000,0
936960,0x00000001,1
937984,0x00000001,1
939008,0x00000001,1
940032,0x00000000,0
941056,0x00000001,1
942080,0x00000000,0
943104,0x00000002,2
944128,0x00000000,0
945152,0x00000000,0
946176,0x00000001,1
947200,0x00000000,0
948224,0x00000002,2
949248,0x00000000,0
950272,0x00000002,2
951296,0x00000004,4
952320,0x00000001,1
953344,0x00000002,2
954368,0x00000000,0
955392,0x00000001,1
956416,0x00000001,1
957440,0x00000000,0
958464,0x00000002,2
959488,0x00000001,1
960512,0x00000003,3
961536,0x00000000,0
962560,0x00000001,1
963584,0x00000000,0
964608,0x00000000,0
965632,0x00000001,1
966656,0x00000001,1
967680,0x00000003,3
968704,0x00000000,0
969728,0x00000005,5
970752,0x00000000,0
971776,0x00000001,1
972800,0x00000002,2
973824,0x00000002,2
974848,0x00000001,1
975872,0x00000002,2
976896,0x00000000,0
977920,0x00000000,0
978944,0x00000000,0
979968,0x00000001,1
980992,0x00000002,2
982016,0x00000000,0
983040,0x00000000,0
984064,0x00000003,3
985088,0x00000003,3
986112,0x00000000,0
987136,0x00000002,2
988160,0x00000000,0
989184,0x00000000,0
990208,0x00000001,1
991232,0x00000000,0
992256,0x00000002,2
993280,0x00000001,1
994304,0x00000001,1
995328,0x00000002,2
996352,0x00000000,0
997376,0x00000001,1
998400,0x00000001,1
999424,0x00000000,0
1000448,0x00000001,1
1001472,0x00000002,2
1002496,0x00000000,0
1003520,0x00000001,1
1004544,0x00000000,0
1005568,0x00000000,0
1006592,0x00000000,0
1007616,0x00000000,0
1008640,0x00000000,0
1009664,0x00000000,0
1010688,0x00000001,1
1011712,0x00000003,3
1012736,0x00000000,0
1013760,0x00000000,0
1014784,0x00000001,1
1015808,0x00000001,1
1016832,0x00000001,1
1017856,0x00000000,0
1018880,0x00000002,2
1019904,0x00000000,0
1020928,0x00000001,1
1021952,0x00000000,0
1022976,0x00000001,1
1024000,0x00000002,2
1025024,0x00000002,2
1026048,0x00000000,0
1027072,0x00000000,0
1028096,0x00000003,3
1029120,0x00000001,1
1030144,0x00000002,2
1031168,0x00000001,1
1032192,0x00000000,0
1033216,0x00000002,2
1034240,0x00000002,2
1035264,0x00000000,0
1036288,0x00000000,0
1037312,0x00000001,1
1038336,0x00000000,0
1039360,0x00000000,0
1040384,0x00000000,0
1041408,0x00000001,1
1042432,0x00000000,0
1043456,0x00000002,2
1044480,0x00000002,2
1045504,0x00000001,1
1046528,0x00000002,2
1047552,0x00000000,0
0,0x00000000,0
1048576,0x0000064f,1615
2097152,0x00000218,536
3145728,0x00000124,292
4194304,0x0000018d,397
5242880,0x000002ba,698
6291456,0x000003b8,952
7340032,0x00000537,1335
8388608,0x00000083,131
9437184,0x0000007a,122
10485760,0x0000003a,58
11534336,0x00000049,73
12582912,0x0000005f,95
13631488,0x000000a5,165
14680064,0x00000067,103
15728640,0x0000001d,29
16777216,0x00000050,80
17825792,0x00000096,150
18874368,0x0000003b,59
19922944,0x0000005c,92
20971520,0x00000028,40
22020096,0x00000020,32
23068672,0x00000020,32
24117248,0x00000017,23
25165824,0x00000022,34
26214400,0x00000018,24
27262976,0x0000000e,14
28311552,0x00000046,70
29360128,0x00000014,20
30408704,0x00000039,57
31457280,0x0000001c,28
32505856,0x0000000d,13
33554432,0x00000012,18
34603008,0x00000021,33
35651584,0x00000006,6
36700160,0x0000000c,12
37748736,0x00000039,57
38797312,0x0000000a,10
39845888,0x00000021,33
40894464,0x00000009,9
41943040,0x00000009,9
42991616,0x00000006,6
44040192,0x00000003,3
45088768,0x00000006,6
46137344,0x0000000d,13
47185920,0x00000048,72
48234496,0x00000033,51
49283072,0x0000000f,15
50331648,0x00000006,6
51380224,0x0000000b,11
52428800,0x00000003,3
53477376,0x00000020,32
54525952,0x00000005,5
55574528,0x00000005,5
56623104,0x0000000d,13
57671680,0x00000058,88
58720256,0x00000029,41
59768832,0x00000000,0
60817408,0x00000008,8
61865984,0x00000003,3
62914560,0x00000001,1
63963136,0x00000001,1
65011712,0x00000000,0
66060288,0x00000002,2
67108864,0x00000001,1
68157440,0x00000002,2
69206016,0x00000002,2
70254592,0x00000015,21
71303168,0x00000009,9
72351744,0x00000021,33
73400320,0x0000000a,10
74448896,0x00000014,20
75497472,0x0000001d,29
76546048,0x00000000,0
77594624,0x00000001,1
78643200,0x00000000,0
79691776,0x00000002,2
80740352,0x00000001,1
81788928,0x00000000,0
82837504,0x00000000,0
83886080,0x00000001,1
84934656,0x00000000,0
85983232,0x00000003,3
87031808,0x00000000,0
88080384,0x0000001f,31
89128960,0x00000036,54
90177536,0x0000001e,30
91226112,0x00000060,96
92274688,0x00000013,19
93323264,0x00000010,16
94371840,0x00000003,3
95420416,0x00000003,3
96468992,0x00000007,7
97517568,0x00000000,0
98566144,0x00000001,1
99614720,0x00000001,1
100663296,0x00000002,2
101711872,0x00000001,1
102760448,0x0000000c,12
103809024,0x00000001,1
104857600,0x00000001,1
105906176,0x00000001,1
106954752,0x00000003,3
108003328,0x0000000f,15
109051904,0x00000009,9
110100480,0x00000001,1
111149056,0x00000001,1
112197632,0x00000003,3
113246208,0x00000008,8
114294784,0x00000001,1
115343360,0x0000000d,13
116391936,0x00000002,2
117440512,0x00000001,1
118489088,0x0000000a,10
119537664,0x00000008,8
120586240,0x00000001,1
121634816,0x00000001,1
122683392,0x00000001,1
123731968,0x00000001,1
124780544,0x00000001,1
125829120,0x00000001,1
126877696,0x00000001,1
127926272,0x00000001,1
128974848,0x00000001,1
130023424,0x00000000,0
131072000,0x00000002,2
132120576,0x00000001,1
133169152,0x00000012,18
134217728,0x00000004,4
135266304,0x0000000c,12
136314880,0x00000000,0
137363456,0x00000002,2
138412032,0x00000010,16
139460608,0x00000017,23
140509184,0x00000008,8
141557760,0x00000002,2
142606336,0x00000009,9
143654912,0x00000007,7
144703488,0x00000000,0
145752064,0x0000000b,11
146800640,0x00000005,5
147849216,0x00000005,5
148897792,0x00000000,0
149946368,0x00000000,0
150994944,0x00000002,2
152043520,0x00000005,5
153092096,0x00000000,0
154140672,0x00000001,1
155189248,0x00000000,0
156237824,0x00000000,0
157286400,0x00000001,1
158334976,0x00000001,1
159383552,0x00000000,0
160432128,0x00000000,0
161480704,0x00000000,0
162529280,0x00000002,2
163577856,0x00000000,0
164626432,0x00000011,17
165675008,0x00000000,0
166723584,0x00000000,0
167772160,0x00000000,0
168820736,0x00000001,1
169869312,0x00000000,0
170917888,0x00000000,0
171966464,0x00000000,0
173015040,0x00000000,0
174063616,0x00000005,5
175112192,0x0000000c,12
176160768,0x00000009,9
177209344,0x00000001,1
178257920,0x00000000,0
179306496,0x00000000,0
180355072,0x00000000,0
181403648,0x00000000,0
182452224,0x00000000,0
183500800,0x00000000,0
184549376,0x00000000,0
185597952,0x00000008,8
186646528,0x00000003,3
187695104,0x00000000,0
188743680,0x00000000,0
189792256,0x00000000,0
190840832,0x00000000,0
191889408,0x00000000,0
192937984,0x00000000,0
193986560,0x00000003,3
195035136,0x00000003,3
196083712,0x00000000,0
197132288,0x00000000,0
198180864,0x00000004,4
199229440,0x0000000b,11
200278016,0x00000049,73
201326592,0x00000001,1
202375168,0x00000000,0
203423744,0x00000000,0
204472320,0x00000000,0
205520896,0x00000000,0
206569472,0x00000000,0
207618048,0x00000000,0
208666624,0x00000000,0
209715200,0x00000000,0
210763776,0x00000000,0
211812352,0x00000000,0
212860928,0x00000000,0
213909504,0x00000000,0
214958080,0x00000000,0
216006656,0x00000000,0
217055232,0x00000000,0
218103808,0x00000000,0
219152384,0x00000000,0
220200960,0x00000000,0
221249536,0x00000000,0
222298112,0x00000000,0
223346688,0x00000000,0
224395264,0x00000000,0
225443840,0x00000000,0
226492416,0x00000000,0
227540992,0x00000000,0
228589568,0x00000000,0
229638144,0x00000000,0
230686720,0x00000000,0
231735296,0x00000000,0
232783872,0x00000000,0
233832448,0x00000000,0
234881024,0x00000000,0
235929600,0x00000000,0
236978176,0x00000000,0
238026752,0x00000000,0
239075328,0x00000000,0
240123904,0x00000000,0
241172480,0x00000000,0
242221056,0x00000000,0
243269632,0x00000000,0
244318208,0x00000000,0
245366784,0x00000000,0
246415360,0x00000000,0
247463936,0x00000000,0
248512512,0x00000000,0
249561088,0x00000000,0
250609664,0x00000000,0
251658240,0x00000000,0
252706816,0x00000000,0
253755392,0x00000000,0
254803968,0x00000000,0
255852544,0x00000000,0
256901120,0x00000000,0
257949696,0x00000000,0
258998272,0x00000000,0
260046848,0x00000000,0
261095424,0x00000000,0
262144000,0x00000000,0
263192576,0x00000000,0
264241152,0x00000000,0
265289728,0x00000000,0
266338304,0x00000000,0
267386880,0x00000000,0
268435456,0x00000000,0
269484032,0x00000000,0
270532608,0x00000000,0
271581184,0x00000000,0
272629760,0x00000000,0
273678336,0x00000000,0
274726912,0x00000000,0
275775488,0x00000000,0
276824064,0x00000000,0
277872640,0x00000000,0
278921216,0x00000000,0
279969792,0x00000000,0
281018368,0x00000000,0
282066944,0x00000000,0
283115520,0x00000000,0
284164096,0x00000000,0
285212672,0x00000000,0
286261248,0x00000000,0
287309824,0x00000000,0
288358400,0x00000000,0
289406976,0x00000000,0
290455552,0x00000000,0
291504128,0x00000000,0
292552704,0x00000000,0
293601280,0x00000000,0
294649856,0x00000000,0
295698432,0x00000000,0
296747008,0x00000000,0
297795584,0x00000000,0
298844160,0x00000000,0
299892736,0x00000000,0
300941312,0x00000000,0
301989888,0x00000000,0
303038464,0x00000000,0
304087040,0x00000000,0
305135616,0x00000000,0
306184192,0x00000000,0
307232768,0x00000000,0
308281344,0x00000000,0
309329920,0x00000000,0
310378496,0x00000000,0
311427072,0x00000000,0
312475648,0x00000000,0
313524224,0x00000000,0
314572800,0x00000000,0
315621376,0x00000000,0
316669952,0x00000000,0
317718528,0x00000000,0
318767104,0x00000000,0
319815680,0x00000000,0
320864256,0x00000000,0
321912832,0x00000000,0
322961408,0x00000000,0
324009984,0x00000000,0
325058560,0x00000000,0
326107136,0x00000000,0
327155712,0x00000000,0
328204288,0x00000000,0
329252864,0x00000000,0
330301440,0x00000000,0
331350016,0x00000000,0
332398592,0x00000000,0
333447168,0x00000000,0
334495744,0x00000000,0
335544320,0x00000000,0
336592896,0x00000000,0
337641472,0x00000000,0
338690048,0x00000000,0
339738624,0x00000000,0
340787200,0x00000000,0
341835776,0x00000000,0
342884352,0x00000000,0
343932928,0x00000000,0
344981504,0x00000000,0
346030080,0x00000000,0
347078656,0x00000000,0
348127232,0x00000000,0
349175808,0x00000000,0
350224384,0x00000000,0
351272960,0x00000000,0
352321536,0x00000000,0
353370112,0x00000000,0
354418688,0x00000000,0
355467264,0x00000000,0
356515840,0x00000000,0
357564416,0x00000000,0
358612992,0x00000000,0
359661568,0x00000000,0
360710144,0x00000000,0
361758720,0x00000000,0
362807296,0x00000000,0
363855872,0x00000000,0
364904448,0x00000000,0
365953024,0x00000000,0
367001600,0x00000000,0
368050176,0x00000000,0
369098752,0x00000000,0
370147328,0x00000000,0
371195904,0x00000000,0
372244480,0x00000000,0
373293056,0x00000000,0
374341632,0x00000000,0
375390208,0x00000000,0
376438784,0x00000000,0
377487360,0x00000000,0
378535936,0x00000000,0
379584512,0x00000000,0
380633088,0x00000000,0
381681664,0x00000000,0
382730240,0x00000000,0
383778816,0x00000000,0
384827392,0x00000000,0
385875968,0x00000000,0
386924544,0x00000000,0
387973120,0x00000000,0
389021696,0x00000000,0
390070272,0x00000000,0
391118848,0x00000000,0
392167424,0x00000000,0
393216000,0x00000000,0
394264576,0x00000000,0
395313152,0x00000000,0
396361728,0x00000000,0
397410304,0x00000000,0
398458880,0x00000000,0
399507456,0x00000000,0
400556032,0x00000000,0
401604608,0x00000000,0
402653184,0x00000000,0
403701760,0x00000000,0
404750336,0x00000000,0
405798912,0x00000000,0
406847488,0x00000000,0
407896064,0x00000000,0
408944640,0x00000000,0
409993216,0x00000000,0
411041792,0x00000000,0
412090368,0x00000000,0
413138944,0x00000000,0
414187520,0x00000000,0
415236096,0x00000000,0
416284672,0x00000000,0
417333248,0x00000000,0
418381824,0x00000000,0
419430400,0x00000000,0
420478976,0x00000000,0
421527552,0x00000000,0
422576128,0x00000000,0
423624704,0x00000000,0
424673280,0x00000000,0
425721856,0x00000000,0
426770432,0x00000000,0
427819008,0x00000000,0
428867584,0x00000000,0
429916160,0x00000000,0
430964736,0x00000000,0
432013312,0x00000000,0
433061888,0x00000000,0
434110464,0x00000000,0
435159040,0x00000000,0
436207616,0x00000000,0
437256192,0x00000000,0
438304768,0x00000000,0
439353344,0x00000000,0
440401920,0x00000000,0
441450496,0x00000000,0
442499072,0x00000000,0
443547648,0x00000000,0
444596224,0x00000000,0
445644800,0x00000000,0
446693376,0x00000000,0
447741952,0x00000000,0
448790528,0x00000000,0
449839104,0x00000000,0
450887680,0x00000000,0
451936256,0x00000000,0
452984832,0x00000000,0
454033408,0x00000000,0
455081984,0x00000000,0
456130560,0x00000000,0
457179136,0x00000000,0
458227712,0x00000000,0
459276288,0x00000000,0
460324864,0x00000000,0
461373440,0x00000000,0
462422016,0x00000000,0
463470592,0x00000000,0
464519168,0x00000000,0
465567744,0x00000000,0
466616320,0x00000000,0
467664896,0x00000000,0
468713472,0x00000000,0
469762048,0x00000000,0
470810624,0x00000000,0
471859200,0x00000000,0
472907776,0x00000000,0
473956352,0x00000000,0
475004928,0x00000000,0
476053504,0x00000000,0
477102080,0x00000000,0
478150656,0x00000000,0
479199232,0x00000000,0
480247808,0x00000000,0
481296384,0x00000000,0
482344960,0x00000000,0
483393536,0x00000000,0
484442112,0x00000000,0
485490688,0x00000000,0
486539264,0x00000000,0
487587840,0x00000000,0
488636416,0x00000000,0
489684992,0x00000000,0
490733568,0x00000000,0
491782144,0x00000000,0
492830720,0x00000000,0
493879296,0x00000000,0
494927872,0x00000000,0
495976448,0x00000000,0
497025024,0x00000000,0
498073600,0x00000000,0
499122176,0x00000000,0
500170752,0x00000000,0
501219328,0x00000000,0
502267904,0x00000000,0
503316480,0x00000000,0
504365056,0x00000000,0
505413632,0x00000000,0
506462208,0x00000000,0
507510784,0x00000000,0
508559360,0x00000000,0
509607936,0x00000000,0
510656512,0x00000000,0
511705088,0x00000000,0
512753664,0x00000000,0
513802240,0x00000000,0
514850816,0x00000000,0
515899392,0x00000000,0
516947968,0x00000000,0
517996544,0x00000000,0
519045120,0x00000000,0
520093696,0x00000000,0
521142272,0x00000000,0
522190848,0x00000000,0
523239424,0x00000000,0
524288000,0x00000000,0
525336576,0x00000000,0
526385152,0x00000000,0
527433728,0x00000000,0
528482304,0x00000000,0
529530880,0x00000000,0
530579456,0x00000000,0
531628032,0x00000000,0
532676608,0x00000000,0
533725184,0x00000000,0
534773760,0x00000000,0
535822336,0x00000000,0
536870912,0x00000000,0
537919488,0x00000000,0
538968064,0x00000000,0
540016640,0x00000000,0
541065216,0x00000000,0
542113792,0x00000000,0
543162368,0x00000000,0
544210944,0x00000000,0
545259520,0x00000000,0
546308096,0x00000000,0
547356672,0x00000000,0
548405248,0x00000000,0
549453824,0x00000000,0
550502400,0x00000000,0
551550976,0x00000000,0
552599552,0x00000000,0
553648128,0x00000000,0
554696704,0x00000000,0
555745280,0x00000000,0
556793856,0x00000000,0
557842432,0x00000000,0
558891008,0x00000000,0
559939584,0x00000000,0
560988160,0x00000000,0
562036736,0x00000000,0
563085312,0x00000000,0
564133888,0x00000000,0
565182464,0x00000000,0
566231040,0x00000000,0
567279616,0x00000000,0
568328192,0x00000000,0
569376768,0x00000000,0
570425344,0x00000000,0
571473920,0x00000000,0
572522496,0x00000000,0
573571072,0x00000000,0
574619648,0x00000000,0
575668224,0x00000000,0
576716800,0x00000000,0
577765376,0x00000000,0
578813952,0x00000000,0
579862528,0x00000000,0
580911104,0x00000000,0
581959680,0x00000000,0
583008256,0x00000000,0
584056832,0x00000000,0
585105408,0x00000000,0
586153984,0x00000000,0
587202560,0x00000000,0
588251136,0x00000000,0
589299712,0x00000000,0
590348288,0x00000000,0
591396864,0x00000000,0
592445440,0x00000000,0
593494016,0x00000000,0
594542592,0x00000000,0
595591168,0x00000000,0
596639744,0x00000000,0
597688320,0x00000000,0
598736896,0x00000000,0
599785472,0x00000000,0
600834048,0x00000000,0
601882624,0x00000000,0
602931200,0x00000000,0
603979776,0x00000000,0
605028352,0x00000000,0
606076928,0x00000000,0
607125504,0x00000000,0
608174080,0x00000000,0
609222656,0x00000000,0
610271232,0x00000000,0
611319808,0x00000000,0
612368384,0x00000000,0
613416960,0x00000000,0
614465536,0x00000000,0
615514112,0x00000000,0
616562688,0x00000000,0
617611264,0x00000000,0
618659840,0x00000000,0
619708416,0x00000000,0
620756992,0x00000000,0
621805568,0x00000000,0
622854144,0x00000000,0
623902720,0x00000000,0
624951296,0x00000000,0
625999872,0x00000000,0
627048448,0x00000000,0
628097024,0x00000000,0
629145600,0x00000000,0
630194176,0x00000000,0
631242752,0x00000000,0
632291328,0x00000000,0
633339904,0x00000000,0
634388480,0x00000000,0
635437056,0x00000001,1
636485632,0x00000000,0
637534208,0x00000000,0
638582784,0x00000000,0
639631360,0x00000000,0
640679936,0x00000000,0
641728512,0x00000000,0
642777088,0x00000000,0
643825664,0x00000001,1
644874240,0x00000000,0
645922816,0x00000000,0
646971392,0x00000000,0
648019968,0x00000000,0
649068544,0x00000000,0
650117120,0x00000000,0
651165696,0x00000000,0
652214272,0x00000000,0
653262848,0x00000000,0
654311424,0x00000000,0
655360000,0x00000000,0
656408576,0x00000000,0
657457152,0x00000000,0
658505728,0x00000000,0
659554304,0x00000000,0
660602880,0x00000000,0
661651456,0x00000000,0
662700032,0x00000000,0
663748608,0x00000000,0
664797184,0x00000000,0
665845760,0x00000000,0
666894336,0x00000000,0
667942912,0x00000000,0
668991488,0x00000000,0
670040064,0x00000000,0
671088640,0x00000000,0
672137216,0x00000000,0
673185792,0x00000000,0
674234368,0x00000001,1
675282944,0x00000000,0
676331520,0x00000000,0
677380096,0x00000000,0
678428672,0x00000001,1
679477248,0x00000000,0
680525824,0x00000000,0
681574400,0x00000000,0
682622976,0x00000000,0
683671552,0x00000000,0
684720128,0x00000001,1
685768704,0x00000000,0
686817280,0x00000000,0
687865856,0x00000000,0
688914432,0x00000000,0
689963008,0x00000000,0
691011584,0x00000000,0
692060160,0x00000000,0
693108736,0x00000000,0
694157312,0x00000001,1
695205888,0x00000000,0
696254464,0x00000000,0
697303040,0x00000000,0
698351616,0x00000000,0
699400192,0x00000001,1
700448768,0x00000000,0
701497344,0x00000000,0
702545920,0x00000000,0
703594496,0x00000000,0
704643072,0x00000000,0
705691648,0x00000000,0
706740224,0x00000000,0
707788800,0x00000000,0
708837376,0x00000000,0
709885952,0x00000000,0
710934528,0x00000000,0
711983104,0x00000000,0
713031680,0x00000000,0
714080256,0x00000000,0
715128832,0x00000000,0
716177408,0x00000000,0
717225984,0x00000000,0
718274560,0x00000000,0
719323136,0x00000000,0
720371712,0x00000000,0
721420288,0x00000000,0
722468864,0x00000000,0
723517440,0x00000000,0
724566016,0x00000000,0
725614592,0x00000000,0
726663168,0x00000000,0
727711744,0x00000000,0
728760320,0x00000000,0
729808896,0x00000000,0
730857472,0x00000000,0
731906048,0x00000000,0
732954624,0x00000000,0
734003200,0x00000000,0
735051776,0x00000000,0
736100352,0x00000000,0
737148928,0x00000000,0
738197504,0x00000000,0
739246080,0x00000000,0
740294656,0x00000000,0
741343232,0x00000001,1
742391808,0x00000000,0
743440384,0x00000000,0
744488960,0x00000000,0
745537536,0x00000000,0
746586112,0x00000000,0
747634688,0x00000000,0
748683264,0x00000000,0
749731840,0x00000000,0
750780416,0x00000001,1
751828992,0x00000000,0
752877568,0x00000000,0
753926144,0x00000000,0
754974720,0x00000001,1
756023296,0x00000000,0
757071872,0x00000000,0
758120448,0x00000000,0
759169024,0x00000000,0
760217600,0x00000000,0
761266176,0x00000001,1
762314752,0x00000000,0
763363328,0x00000000,0
764411904,0x00000000,0
765460480,0x00000000,0
766509056,0x00000000,0
767557632,0x00000000,0
768606208,0x00000000,0
769654784,0x00000001,1
770703360,0x00000000,0
771751936,0x00000000,0
772800512,0x00000000,0
773849088,0x00000000,0
774897664,0x00000000,0
775946240,0x00000000,0
776994816,0x00000000,0
778043392,0x00000000,0
779091968,0x00000000,0
780140544,0x00000001,1
781189120,0x00000000,0
782237696,0x00000000,0
783286272,0x00000000,0
784334848,0x00000000,0
785383424,0x00000000,0
786432000,0x00000000,0
787480576,0x00000000,0
788529152,0x00000000,0
789577728,0x00000000,0
790626304,0x00000000,0
791674880,0x00000000,0
792723456,0x00000000,0
793772032,0x00000000,0
794820608,0x00000000,0
795869184,0x00000000,0
796917760,0x00000000,0
797966336,0x00000000,0
799014912,0x00000000,0
800063488,0x00000000,0
801112064,0x0000000a,10
802160640,0x00000001,1
803209216,0x00000000,0
804257792,0x00000000,0
805306368,0x00000000,0
806354944,0x00000000,0
807403520,0x00000000,0
808452096,0x00000000,0
809500672,0x00000000,0
810549248,0x00000001,1
811597824,0x00000000,0
812646400,0x00000000,0
813694976,0x00000000,0
814743552,0x00000000,0
815792128,0x00000000,0
816840704,0x00000000,0
817889280,0x00000000,0
818937856,0x00000000,0
819986432,0x00000000,0
821035008,0x00000001,1
822083584,0x00000000,0
823132160,0x00000000,0
824180736,0x00000000,0
825229312,0x00000000,0
826277888,0x00000000,0
827326464,0x00000000,0
828375040,0x00000000,0
829423616,0x00000000,0
830472192,0x00000000,0
831520768,0x00000000,0
832569344,0x00000000,0
833617920,0x00000000,0
834666496,0x00000000,0
835715072,0x00000000,0
836763648,0x00000000,0
837812224,0x00000001,1
838860800,0x00000000,0
839909376,0x00000000,0
840957952,0x00000000,0
842006528,0x00000000,0
843055104,0x00000000,0
844103680,0x00000000,0
845152256,0x00000000,0
846200832,0x00000000,0
847249408,0x00000000,0
848297984,0x00000000,0
849346560,0x00000000,0
850395136,0x00000000,0
851443712,0x00000000,0
852492288,0x00000000,0
853540864,0x00000000,0
854589440,0x00000000,0
855638016,0x00000000,0
856686592,0x00000000,0
857735168,0x00000000,0
858783744,0x00000000,0
859832320,0x00000000,0
860880896,0x00000000,0
861929472,0x00000000,0
862978048,0x00000000,0
864026624,0x00000000,0
865075200,0x00000000,0
866123776,0x00000000,0
867172352,0x00000000,0
868220928,0x00000000,0
869269504,0x00000001,1
870318080,0x00000000,0
871366656,0x00000000,0
872415232,0x00000000,0
873463808,0x00000000,0
874512384,0x00000000,0
875560960,0x00000000,0
876609536,0x00000000,0
877658112,0x00000000,0
878706688,0x00000000,0
879755264,0x00000000,0
880803840,0x00000000,0
881852416,0x00000000,0
882900992,0x00000000,0
883949568,0x00000000,0
884998144,0x00000000,0
886046720,0x00000000,0
887095296,0x00000000,0
888143872,0x00000000,0
889192448,0x00000000,0
890241024,0x00000000,0
891289600,0x00000000,0
892338176,0x00000000,0
893386752,0x00000000,0
894435328,0x00000000,0
895483904,0x00000000,0
896532480,0x00000000,0
897581056,0x00000000,0
898629632,0x00000000,0
899678208,0x00000000,0
900726784,0x00000000,0
901775360,0x00000000,0
902823936,0x00000001,1
903872512,0x00000000,0
904921088,0x00000000,0
905969664,0x00000000,0
907018240,0x00000000,0
908066816,0x00000000,0
909115392,0x00000000,0
910163968,0x00000000,0
911212544,0x00000000,0
912261120,0x00000000,0
913309696,0x00000000,0
914358272,0x00000000,0
915406848,0x00000000,0
916455424,0x00000000,0
917504000,0x00000000,0
918552576,0x00000000,0
919601152,0x00000000,0
920649728,0x00000000,0
921698304,0x00000000,0
922746880,0x00000000,0
923795456,0x00000000,0
924844032,0x00000000,0
925892608,0x00000000,0
926941184,0x00000000,0
927989760,0x00000000,0
929038336,0x00000000,0
930086912,0x00000000,0
931135488,0x00000000,0
932184064,0x00000000,0
933232640,0x00000000,0
934281216,0x00000000,0
935329792,0x00000000,0
936378368,0x00000000,0
937426944,0x00000000,0
938475520,0x00000000,0
939524096,0x00000000,0
940572672,0x00000000,0
941621248,0x00000000,0
942669824,0x00000000,0
943718400,0x00000000,0
944766976,0x00000000,0
945815552,0x00000000,0
946864128,0x00000000,0
947912704,0x00000000,0
948961280,0x00000000,0
950009856,0x00000000,0
951058432,0x00000000,0
952107008,0x00000000,0
953155584,0x00000000,0
954204160,0x00000000,0
955252736,0x00000000,0
956301312,0x00000000,0
957349888,0x00000000,0
958398464,0x00000000,0
959447040,0x00000000,0
960495616,0x00000000,0
961544192,0x00000000,0
962592768,0x00000000,0
963641344,0x00000000,0
964689920,0x00000000,0
965738496,0x00000000,0
966787072,0x00000000,0
967835648,0x00000000,0
968884224,0x00000000,0
969932800,0x00000000,0
970981376,0x00000000,0
972029952,0x00000000,0
973078528,0x00000000,0
974127104,0x00000000,0
975175680,0x00000000,0
976224256,0x00000000,0
977272832,0x00000000,0
978321408,0x00000000,0
979369984,0x00000000,0
980418560,0x00000000,0
981467136,0x00000000,0
982515712,0x00000000,0
983564288,0x00000000,0
984612864,0x00000000,0
985661440,0x00000000,0
986710016,0x00000000,0
987758592,0x00000000,0
988807168,0x00000000,0
989855744,0x00000000,0
990904320,0x00000000,0
991952896,0x00000000,0
993001472,0x00000000,0
994050048,0x00000000,0
995098624,0x00000000,0
996147200,0x00000000,0
997195776,0x00000000,0
998244352,0x00000000,0
999292928,0x00000000,0
1000341504,0x00000000,0
1001390080,0x00000000,0
1002438656,0x00000000,0
1003487232,0x00000000,0
1004535808,0x00000000,0
1005584384,0x00000000,0
1006632960,0x00000000,0
1007681536,0x00000000,0
1008730112,0x00000000,0
1009778688,0x00000000,0
1010827264,0x00000000,0
1011875840,0x00000000,0
1012924416,0x00000000,0
1013972992,0x00000000,0
1015021568,0x00000000,0
1016070144,0x00000000,0
1017118720,0x00000000,0
1018167296,0x00000000,0
1019215872,0x00000000,0
1020264448,0x00000000,0
1021313024,0x00000000,0
1022361600,0x00000000,0
1023410176,0x00000000,0
1024458752,0x00000000,0
1025507328,0x00000000,0
1026555904,0x00000000,0
1027604480,0x00000000,0
1028653056,0x00000000,0
1029701632,0x00000000,0
1030750208,0x00000000,0
1031798784,0x00000000,0
1032847360,0x00000000,0
1033895936,0x00000000,0
1034944512,0x00000000,0
1035993088,0x00000000,0
1037041664,0x00000000,0
1038090240,0x00000000,0
1039138816,0x00000000,0
1040187392,0x00000000,0
1041235968,0x00000000,0
1042284544,0x00000000,0
1043333120,0x00000000,0
1044381696,0x00000000,0
1045430272,0x00000000,0
1046478848,0x00000000,0
1047527424,0x00000000,0
1048576000,0x00000000,0
1049624576,0x00000000,0
1050673152,0x00000000,0
1051721728,0x00000000,0
1052770304,0x00000000,0
1053818880,0x00000000,0
1054867456,0x00000000,0
1055916032,0x00000000,0
1056964608,0x00000000,0
1058013184,0x00000000,0
1059061760,0x00000000,0
1060110336,0x00000000,0
1061158912,0x00000000,0
1062207488,0x00000000,0
1063256064,0x00000000,0
1064304640,0x00000000,0
1065353216,0x00000000,0
1066401792,0x00000000,0
1067450368,0x00000000,0
1068498944,0x00000000,0
1069547520,0x00000000,0
1070596096,0x00000000,0
1071644672,0x00000000,0
1072693248,0x00000000,0
1073741824,0x00000000,0
1074790400,0x00000000,0
1075838976,0x00000000,0
1076887552,0x00000000,0
1077936128,0x00000000,0
1078984704,0x00000000,0
1080033280,0x00000000,0
1081081856,0x00000000,0
1082130432,0x00000000,0
1083179008,0x00000000,0
1084227584,0x00000000,0
1085276160,0x00000000,0
1086324736,0x00000000,0
1087373312,0x00000000,0
1088421888,0x00000000,0
1089470464,0x00000000,0
1090519040,0x00000000,0
1091567616,0x00000000,0
1092616192,0x00000000,0
1093664768,0x00000000,0
1094713344,0x00000000,0
1095761920,0x00000000,0
1096810496,0x00000000,0
1097859072,0x00000000,0
1098907648,0x00000000,0
1099956224,0x00000000,0
1101004800,0x00000000,0
1102053376,0x00000000,0
1103101952,0x00000000,0
1104150528,0x00000000,0
1105199104,0x00000000,0
1106247680,0x00000000,0
1107296256,0x00000000,0
1108344832,0x00000000,0
1109393408,0x00000000,0
1110441984,0x00000000,0
1111490560,0x00000000,0
1112539136,0x00000000,0
1113587712,0x00000000,0
1114636288,0x00000000,0
1115684864,0x00000000,0
1116733440,0x00000000,0
1117782016,0x00000000,0
1118830592,0x00000000,0
1119879168,0x00000000,0
1120927744,0x00000000,0
1121976320,0x00000000,0
1123024896,0x00000000,0
1124073472,0x00000000,0
1125122048,0x00000000,0
1126170624,0x00000000,0
1127219200,0x00000000,0
1128267776,0x00000000,0
1129316352,0x00000000,0
1130364928,0x00000000,0
1131413504,0x00000000,0
1132462080,0x00000000,0
1133510656,0x00000000,0
1134559232,0x00000000,0
1135607808,0x00000000,0
1136656384,0x00000000,0
1137704960,0x00000000,0
1138753536,0x00000000,0
1139802112,0x00000000,0
1140850688,0x00000000,0
1141899264,0x00000000,0
1142947840,0x00000000,0
1143996416,0x00000000,0
1145044992,0x00000000,0
1146093568,0x00000000,0
1147142144,0x00000000,0
1148190720,0x00000000,0
1149239296,0x00000000,0
1150287872,0x00000000,0
1151336448,0x00000000,0
1152385024,0x00000000,0
1153433600,0x00000000,0
1154482176,0x00000000,0
1155530752,0x00000000,0
1156579328,0x00000000,0
1157627904,0x00000000,0
1158676480,0x00000000,0
1159725056,0x00000000,0
1160773632,0x00000000,0
1161822208,0x00000000,0
1162870784,0x00000000,0
1163919360,0x00000000,0
1164967936,0x00000000,0
1166016512,0x00000000,0
1167065088,0x00000000,0
1168113664,0x00000000,0
1169162240,0x00000000,0
1170210816,0x00000000,0
1171259392,0x00000000,0
1172307968,0x00000000,0
1173356544,0x00000000,0
1174405120,0x00000000,0
1175453696,0x00000000,0
1176502272,0x00000000,0
1177550848,0x00000000,0
1178599424,0x00000000,0
1179648000,0x00000000,0
1180696576,0x00000000,0
1181745152,0x00000000,0
1182793728,0x00000000,0
1183842304,0x00000000,0
1184890880,0x00000000,0
1185939456,0x00000000,0
1186988032,0x00000000,0
1188036608,0x00000000,0
1189085184,0x00000000,0
1190133760,0x00000000,0
1191182336,0x00000000,0
1192230912,0x00000000,0
1193279488,0x00000000,0
1194328064,0x00000000,0
1195376640,0x00000000,0
1196425216,0x00000000,0
1197473792,0x00000000,0
1198522368,0x00000000,0
1199570944,0x00000000,0
1200619520,0x00000000,0
1201668096,0x00000000,0
1202716672,0x00000000,0
1203765248,0x00000000,0
1204813824,0x00000000,0
1205862400,0x00000000,0
1206910976,0x00000000,0
1207959552,0x00000000,0
1209008128,0x00000000,0
1210056704,0x00000000,0
1211105280,0x00000000,0
1212153856,0x00000000,0
1213202432,0x00000000,0
1214251008,0x00000000,0
1215299584,0x00000000,0
1216348160,0x00000000,0
1217396736,0x00000000,0
1218445312,0x00000000,0
1219493888,0x00000000,0
1220542464,0x00000000,0
1221591040,0x00000000,0
1222639616,0x00000000,0
1223688192,0x00000000,0
1224736768,0x00000000,0
1225785344,0x00000000,0
1226833920,0x00000000,0
1227882496,0x00000000,0
1228931072,0x00000000,0
1229979648,0x00000000,0
1231028224,0x00000000,0
1232076800,0x00000000,0
1233125376,0x00000000,0
1234173952,0x00000000,0
1235222528,0x00000000,0
1236271104,0x00000000,0
1237319680,0x00000000,0
1238368256,0x00000000,0
1239416832,0x00000000,0
1240465408,0x00000000,0
1241513984,0x00000000,0
1242562560,0x00000000,0
1243611136,0x00000000,0
1244659712,0x00000000,0
1245708288,0x00000000,0
1246756864,0x00000000,0
1247805440,0x00000000,0
1248854016,0x00000000,0
1249902592,0x00000000,0
1250951168,0x00000000,0
1251999744,0x00000000,0
1253048320,0x00000000,0
1254096896,0x00000000,0
1255145472,0x00000000,0
1256194048,0x00000000,0
1257242624,0x00000000,0
1258291200,0x00000000,0
1259339776,0x00000000,0
1260388352,0x00000000,0
1261436928,0x00000000,0
1262485504,0x00000000,0
1263534080,0x00000000,0
1264582656,0x00000000,0
1265631232,0x00000000,0
1266679808,0x00000000,0
1267728384,0x00000000,0
1268776960,0x00000000,0
1269825536,0x00000000,0
1270874112,0x00000000,0
1271922688,0x00000000,0
1272971264,0x00000000,0
1274019840,0x00000000,0
1275068416,0x00000000,0
1276116992,0x00000000,0
1277165568,0x00000000,0
1278214144,0x00000000,0
1279262720,0x00000000,0
1280311296,0x00000000,0
1281359872,0x00000000,0
1282408448,0x00000000,0
1283457024,0x00000000,0
1284505600,0x00000000,0
1285554176,0x00000000,0
1286602752,0x00000000,0
1287651328,0x00000000,0
1288699904,0x00000000,0
1289748480,0x00000000,0
1290797056,0x00000000,0
1291845632,0x00000000,0
1292894208,0x00000000,0
1293942784,0x00000000,0
1294991360,0x00000000,0
1296039936,0x00000000,0
1297088512,0x00000000,0
1298137088,0x00000000,0
1299185664,0x00000000,0
1300234240,0x00000000,0
1301282816,0x00000000,0
1302331392,0x00000000,0
1303379968,0x00000000,0
1304428544,0x00000000,0
1305477120,0x00000000,0
1306525696,0x00000000,0
1307574272,0x00000000,0
1308622848,0x00000000,0
1309671424,0x00000000,0
1310720000,0x00000000,0
1311768576,0x00000000,0
1312817152,0x00000000,0
1313865728,0x00000000,0
1314914304,0x00000000,0
1315962880,0x00000000,0
1317011456,0x00000000,0
1318060032,0x00000000,0
1319108608,0x00000000,0
1320157184,0x00000000,0
1321205760,0x00000000,0
1322254336,0x00000000,0
1323302912,0x00000000,0
1324351488,0x00000000,0
1325400064,0x00000000,0
1326448640,0x00000000,0
1327497216,0x00000000,0
1328545792,0x00000000,0
1329594368,0x00000000,0
1330642944,0x00000000,0
1331691520,0x00000000,0
1332740096,0x00000000,0
1333788672,0x00000000,0
1334837248,0x00000000,0
1335885824,0x00000000,0
1336934400,0x00000000,0
1337982976,0x00000000,0
1339031552,0x00000000,0
1340080128,0x00000000,0
1341128704,0x00000000,0
1342177280,0x00000000,0
1343225856,0x00000000,0
1344274432,0x00000000,0
1345323008,0x00000000,0
1346371584,0x00000000,0
1347420160,0x00000000,0
1348468736,0x00000000,0
1349517312,0x00000000,0
1350565888,0x00000000,0
1351614464,0x00000000,0
1352663040,0x00000000,0
1353711616,0x00000000,0
1354760192,0x00000000,0
1355808768,0x00000000,0
1356857344,0x00000000,0
1357905920,0x00000000,0
1358954496,0x00000000,0
1360003072,0x00000000,0
1361051648,0x00000000,0
1362100224,0x00000000,0
1363148800,0x00000000,0
1364197376,0x00000000,0
1365245952,0x00000000,0
1366294528,0x00000000,0
1367343104,0x00000000,0
1368391680,0x00000000,0
1369440256,0x00000000,0
1370488832,0x00000000,0
1371537408,0x00000000,0
1372585984,0x00000000,0
1373634560,0x00000000,0
1374683136,0x00000000,0
1375731712,0x00000000,0
1376780288,0x00000000,0
1377828864,0x00000000,0
1378877440,0x00000000,0
1379926016,0x00000000,0
1380974592,0x00000000,0
1382023168,0x00000000,0
1383071744,0x00000000,0
1384120320,0x00000000,0
1385168896,0x00000000,0
1386217472,0x00000000,0
1387266048,0x00000000,0
1388314624,0x00000000,0
1389363200,0x00000000,0
1390411776,0x00000000,0
1391460352,0x00000000,0
1392508928,0x00000000,0
1393557504,0x00000000,0
1394606080,0x00000000,0
1395654656,0x00000000,0
1396703232,0x00000000,0
1397751808,0x00000000,0
1398800384,0x00000000,0
1399848960,0x00000000,0
1400897536,0x00000000,0
1401946112,0x00000000,0
1402994688,0x00000000,0
1404043264,0x00000000,0
1405091840,0x00000000,0
1406140416,0x00000000,0
1407188992,0x00000000,0
1408237568,0x00000000,0
1409286144,0x00000000,0
1410334720,0x00000000,0
1411383296,0x00000000,0
1412431872,0x00000000,0
1413480448,0x00000000,0
1414529024,0x00000000,0
1415577600,0x00000000,0
1416626176,0x00000000,0
1417674752,0x00000000,0
1418723328,0x00000000,0
1419771904,0x00000000,0
1420820480,0x00000000,0
1421869056,0x00000000,0
1422917632,0x00000000,0
1423966208,0x00000000,0
1425014784,0x00000000,0
1426063360,0x00000000,0
1427111936,0x00000000,0
1428160512,0x00000000,0
1429209088,0x00000000,0
1430257664,0x00000000,0
1431306240,0x00000000,0
1432354816,0x00000000,0
1433403392,0x00000000,0
1434451968,0x00000000,0
1435500544,0x00000000,0
1436549120,0x00000000,0
1437597696,0x00000000,0
1438646272,0x00000000,0
1439694848,0x00000000,0
1440743424,0x00000000,0
1441792000,0x00000000,0
1442840576,0x00000000,0
1443889152,0x00000000,0
1444937728,0x00000000,0
1445986304,0x00000000,0
1447034880,0x00000000,0
1448083456,0x00000000,0
1449132032,0x00000000,0
1450180608,0x00000000,0
1451229184,0x00000000,0
1452277760,0x00000000,0
1453326336,0x00000000,0
1454374912,0x00000000,0
1455423488,0x00000000,0
1456472064,0x00000000,0
1457520640,0x00000000,0
1458569216,0x00000000,0
1459617792,0x00000000,0
1460666368,0x00000000,0
1461714944,0x00000000,0
1462763520,0x00000000,0
1463812096,0x00000000,0
1464860672,0x00000000,0
1465909248,0x00000000,0
1466957824,0x00000000,0
1468006400,0x00000000,0
1469054976,0x00000000,0
1470103552,0x00000000,0
1471152128,0x00000000,0
1472200704,0x00000000,0
1473249280,0x00000000,0
1474297856,0x00000000,0
1475346432,0x00000000,0
1476395008,0x00000000,0
1477443584,0x00000000,0
1478492160,0x00000000,0
1479540736,0x00000000,0
1480589312,0x00000000,0
1481637888,0x00000000,0
1482686464,0x00000000,0
1483735040,0x00000000,0
1484783616,0x00000000,0
1485832192,0x00000000,0
1486880768,0x00000000,0
1487929344,0x00000000,0
1488977920,0x00000000,0
1490026496,0x00000000,0
1491075072,0x00000000,0
1492123648,0x00000000,0
1493172224,0x00000000,0
1494220800,0x00000000,0
1495269376,0x00000000,0
1496317952,0x00000000,0
1497366528,0x00000000,0
1498415104,0x00000000,0
1499463680,0x00000000,0
1500512256,0x00000000,0
1501560832,0x00000000,0
1502609408,0x00000000,0
1503657984,0x00000000,0
1504706560,0x00000000,0
1505755136,0x00000000,0
1506803712,0x00000000,0
1507852288,0x00000000,0
1508900864,0x00000000,0
1509949440,0x00000000,0
1510998016,0x00000000,0
1512046592,0x00000000,0
1513095168,0x00000000,0
1514143744,0x00000000,0
1515192320,0x00000000,0
1516240896,0x00000000,0
1517289472,0x00000000,0
1518338048,0x00000000,0
1519386624,0x00000000,0
1520435200,0x00000000,0
1521483776,0x00000000,0
1522532352,0x00000000,0
1523580928,0x00000000,0
1524629504,0x00000000,0
1525678080,0x00000000,0
1526726656,0x00000000,0
1527775232,0x00000000,0
1528823808,0x00000000,0
1529872384,0x00000000,0
1530920960,0x00000000,0
1531969536,0x00000000,0
1533018112,0x00000000,0
1534066688,0x00000000,0
1535115264,0x00000000,0
1536163840,0x00000000,0
1537212416,0x00000000,0
1538260992,0x00000000,0
1539309568,0x00000000,0
1540358144,0x00000000,0
1541406720,0x00000000,0
1542455296,0x00000000,0
1543503872,0x00000000,0
1544552448,0x00000000,0
1545601024,0x00000000,0
1546649600,0x00000000,0
1547698176,0x00000000,0
1548746752,0x00000000,0
1549795328,0x00000000,0
1550843904,0x00000000,0
1551892480,0x00000000,0
1552941056,0x00000000,0
1553989632,0x00000000,0
1555038208,0x00000000,0
1556086784,0x00000000,0
1557135360,0x00000000,0
1558183936,0x00000000,0
1559232512,0x00000000,0
1560281088,0x00000000,0
1561329664,0x00000000,0
1562378240,0x00000000,0
1563426816,0x00000000,0
1564475392,0x00000000,0
1565523968,0x00000000,0
1566572544,0x00000000,0
1567621120,0x00000000,0
1568669696,0x00000000,0
1569718272,0x00000000,0
1570766848,0x00000000,0
1571815424,0x00000000,0
1572864000,0x00000000,0
1573912576,0x00000000,0
1574961152,0x00000000,0
1576009728,0x00000000,0
1577058304,0x00000000,0
1578106880,0x00000000,0
1579155456,0x00000000,0
1580204032,0x00000000,0
1581252608,0x00000000,0
1582301184,0x00000000,0
1583349760,0x00000000,0
1584398336,0x00000000,0
1585446912,0x00000000,0
1586495488,0x00000000,0
1587544064,0x00000000,0
1588592640,0x00000000,0
1589641216,0x00000000,0
1590689792,0x00000000,0
1591738368,0x00000000,0
1592786944,0x00000000,0
1593835520,0x00000000,0
1594884096,0x00000000,0
1595932672,0x00000000,0
1596981248,0x00000000,0
1598029824,0x00000000,0
1599078400,0x00000000,0
1600126976,0x00000000,0
1601175552,0x00000000,0
1602224128,0x00000000,0
1603272704,0x00000000,0
1604321280,0x00000000,0
1605369856,0x00000000,0
1606418432,0x00000000,0
1607467008,0x00000000,0
1608515584,0x00000000,0
1609564160,0x00000000,0
1610612736,0x00000000,0
1611661312,0x00000000,0
1612709888,0x00000000,0
1613758464,0x00000000,0
1614807040,0x00000000,0
1615855616,0x00000000,0
1616904192,0x00000000,0
1617952768,0x00000000,0
1619001344,0x00000000,0
1620049920,0x00000000,0
1621098496,0x00000000,0
1622147072,0x00000000,0
1623195648,0x00000000,0
1624244224,0x00000000,0
1625292800,0x00000000,0
1626341376,0x00000000,0
1627389952,0x00000000,0
1628438528,0x00000000,0
1629487104,0x00000000,0
1630535680,0x00000000,0
1631584256,0x00000000,0
1632632832,0x00000000,0
1633681408,0x00000000,0
1634729984,0x00000000,0
1635778560,0x00000000,0
1636827136,0x00000000,0
1637875712,0x00000000,0
1638924288,0x00000000,0
1639972864,0x00000000,0
1641021440,0x00000000,0
1642070016,0x00000000,0
1643118592,0x00000000,0
1644167168,0x00000000,0
1645215744,0x00000000,0
1646264320,0x00000000,0
1647312896,0x00000000,0
1648361472,0x00000000,0
1649410048,0x00000000,0
1650458624,0x00000000,0
1651507200,0x00000000,0
1652555776,0x00000000,0
1653604352,0x00000000,0
1654652928,0x00000000,0
1655701504,0x00000000,0
1656750080,0x00000000,0
1657798656,0x00000000,0
1658847232,0x00000000,0
1659895808,0x00000000,0
1660944384,0x00000000,0
1661992960,0x00000000,0
1663041536,0x00000000,0
1664090112,0x00000000,0
1665138688,0x00000000,0
1666187264,0x00000000,0
1667235840,0x00000000,0
1668284416,0x00000000,0
1669332992,0x00000000,0
1670381568,0x00000000,0
1671430144,0x00000000,0
1672478720,0x00000000,0
1673527296,0x00000000,0
1674575872,0x00000000,0
1675624448,0x00000000,0
1676673024,0x00000000,0
1677721600,0x00000000,0
1678770176,0x00000000,0
1679818752,0x00000000,0
1680867328,0x00000000,0
1681915904,0x00000000,0
1682964480,0x00000000,0
1684013056,0x00000000,0
1685061632,0x00000000,0
1686110208,0x00000000,0
1687158784,0x00000000,0
1688207360,0x00000000,0
1689255936,0x00000000,0
1690304512,0x00000000,0
1691353088,0x00000000,0
1692401664,0x00000000,0
1693450240,0x00000000,0
1694498816,0x00000000,0
1695547392,0x00000000,0
1696595968,0x00000000,0
1697644544,0x00000000,0
1698693120,0x00000000,0
1699741696,0x00000000,0
1700790272,0x00000000,0
1701838848,0x00000000,0
1702887424,0x00000000,0
1703936000,0x00000000,0
1704984576,0x00000000,0
1706033152,0x00000000,0
1707081728,0x00000000,0
1708130304,0x00000000,0
1709178880,0x00000000,0
1710227456,0x00000000,0
1711276032,0x00000000,0
1712324608,0x00000000,0
1713373184,0x00000000,0
1714421760,0x00000000,0
1715470336,0x00000000,0
1716518912,0x00000000,0
1717567488,0x00000000,0
1718616064,0x00000000,0
1719664640,0x00000000,0
1720713216,0x00000000,0
1721761792,0x00000000,0
1722810368,0x00000000,0
1723858944,0x00000000,0
1724907520,0x00000000,0
1725956096,0x00000000,0
1727004672,0x00000000,0
1728053248,0x00000000,0
1729101824,0x00000000,0
1730150400,0x00000000,0
1731198976,0x00000000,0
1732247552,0x00000000,0
1733296128,0x00000000,0
1734344704,0x00000000,0
1735393280,0x00000000,0
1736441856,0x00000000,0
1737490432,0x00000000,0
1738539008,0x00000000,0
1739587584,0x00000000,0
1740636160,0x00000000,0
1741684736,0x00000000,0
1742733312,0x00000000,0
1743781888,0x00000000,0
1744830464,0x00000000,0
1745879040,0x00000000,0
1746927616,0x00000000,0
1747976192,0x00000000,0
1749024768,0x00000000,0
1750073344,0x00000000,0
1751121920,0x00000000,0
1752170496,0x00000000,0
1753219072,0x00000000,0
1754267648,0x00000000,0
1755316224,0x00000000,0
1756364800,0x00000000,0
1757413376,0x00000000,0
1758461952,0x00000000,0
1759510528,0x00000000,0
1760559104,0x00000000,0
1761607680,0x00000000,0
1762656256,0x00000000,0
1763704832,0x00000000,0
1764753408,0x00000000,0
1765801984,0x00000000,0
1766850560,0x00000000,0
1767899136,0x00000000,0
1768947712,0x00000000,0
1769996288,0x00000000,0
1771044864,0x00000000,0
1772093440,0x00000000,0
1773142016,0x00000000,0
1774190592,0x00000000,0
1775239168,0x00000000,0
1776287744,0x00000000,0
1777336320,0x00000000,0
1778384896,0x00000000,0
1779433472,0x00000000,0
1780482048,0x00000000,0
1781530624,0x00000000,0
1782579200,0x00000000,0
1783627776,0x00000000,0
1784676352,0x00000000,0
1785724928,0x00000000,0
1786773504,0x00000000,0
1787822080,0x00000000,0
1788870656,0x00000000,0
1789919232,0x00000000,0
1790967808,0x00000000,0
1792016384,0x00000000,0
1793064960,0x00000000,0
1794113536,0x00000000,0
1795162112,0x00000000,0
1796210688,0x00000000,0
1797259264,0x00000000,0
1798307840,0x00000000,0
1799356416,0x00000000,0
1800404992,0x00000000,0
1801453568,0x00000000,0
1802502144,0x00000000,0
1803550720,0x00000000,0
1804599296,0x00000000,0
1805647872,0x00000000,0
1806696448,0x00000000,0
1807745024,0x00000000,0
1808793600,0x00000000,0
1809842176,0x00000000,0
1810890752,0x00000000,0
1811939328,0x00000000,0
1812987904,0x00000000,0
1814036480,0x00000000,0
1815085056,0x00000000,0
1816133632,0x00000000,0
1817182208,0x00000000,0
1818230784,0x00000000,0
1819279360,0x00000000,0
1820327936,0x00000000,0
1821376512,0x00000000,0
1822425088,0x00000000,0
1823473664,0x00000000,0
1824522240,0x00000000,0
1825570816,0x00000000,0
1826619392,0x00000000,0
1827667968,0x00000000,0
1828716544,0x00000000,0
1829765120,0x00000000,0
1830813696,0x00000000,0
1831862272,0x00000000,0
1832910848,0x00000000,0
1833959424,0x00000000,0
1835008000,0x00000000,0
1836056576,0x00000000,0
1837105152,0x00000000,0
1838153728,0x00000000,0
1839202304,0x00000000,0
1840250880,0x00000000,0
1841299456,0x00000000,0
1842348032,0x00000000,0
1843396608,0x00000000,0
1844445184,0x00000000,0
1845493760,0x00000000,0
1846542336,0x00000000,0
1847590912,0x00000000,0
1848639488,0x00000000,0
1849688064,0x00000000,0
1850736640,0x00000000,0
1851785216,0x00000000,0
1852833792,0x00000000,0
1853882368,0x00000000,0
1854930944,0x00000000,0
1855979520,0x00000000,0
1857028096,0x00000000,0
1858076672,0x00000000,0
1859125248,0x00000000,0
1860173824,0x00000000,0
1861222400,0x00000000,0
1862270976,0x00000000,0
1863319552,0x00000000,0
1864368128,0x00000000,0
1865416704,0x00000000,0
1866465280,0x00000000,0
1867513856,0x00000000,0
1868562432,0x00000000,0
1869611008,0x00000000,0
1870659584,0x00000000,0
1871708160,0x00000000,0
1872756736,0x00000000,0
1873805312,0x00000000,0
1874853888,0x00000000,0
1875902464,0x00000000,0
1876951040,0x00000000,0
1877999616,0x00000000,0
1879048192,0x00000000,0
1880096768,0x00000000,0
1881145344,0x00000000,0
1882193920,0x00000000,0
1883242496,0x00000000,0
1884291072,0x00000000,0
1885339648,0x00000000,0
1886388224,0x00000000,0
1887436800,0x00000000,0
1888485376,0x00000000,0
1889533952,0x00000000,0
1890582528,0x00000000,0
1891631104,0x00000000,0
1892679680,0x00000000,0
1893728256,0x00000000,0
1894776832,0x00000000,0
1895825408,0x00000000,0
1896873984,0x00000000,0
1897922560,0x00000000,0
1898971136,0x00000000,0
1900019712,0x00000000,0
1901068288,0x00000000,0
1902116864,0x00000000,0
1903165440,0x00000000,0
1904214016,0x00000000,0
1905262592,0x00000000,0
1906311168,0x00000000,0
1907359744,0x00000000,0
1908408320,0x00000000,0
1909456896,0x00000000,0
1910505472,0x00000000,0
1911554048,0x00000000,0
1912602624,0x00000000,0
1913651200,0x00000000,0
1914699776,0x00000000,0
1915748352,0x00000000,0
1916796928,0x00000000,0
1917845504,0x00000000,0
1918894080,0x00000000,0
1919942656,0x00000000,0
1920991232,0x00000000,0
1922039808,0x00000000,0
1923088384,0x00000000,0
1924136960,0x00000000,0
1925185536,0x00000000,0
1926234112,0x00000000,0
1927282688,0x00000000,0
1928331264,0x00000000,0
1929379840,0x00000000,0
1930428416,0x00000000,0
1931476992,0x00000000,0
1932525568,0x00000000,0
1933574144,0x00000000,0
1934622720,0x00000000,0
1935671296,0x00000000,0
1936719872,0x00000000,0
1937768448,0x00000000,0
1938817024,0x00000000,0
1939865600,0x00000000,0
1940914176,0x00000000,0
1941962752,0x00000000,0
1943011328,0x00000000,0
1944059904,0x00000000,0
1945108480,0x00000000,0
1946157056,0x00000000,0
1947205632,0x00000000,0
1948254208,0x00000000,0
1949302784,0x00000000,0
1950351360,0x00000000,0
1951399936,0x00000000,0
1952448512,0x00000000,0
1953497088,0x00000000,0
1954545664,0x00000000,0
1955594240,0x00000000,0
1956642816,0x00000000,0
1957691392,0x00000000,0
1958739968,0x00000000,0
1959788544,0x00000000,0
1960837120,0x00000000,0
1961885696,0x00000000,0
1962934272,0x00000000,0
1963982848,0x00000000,0
1965031424,0x00000000,0
1966080000,0x00000000,0
1967128576,0x00000000,0
1968177152,0x00000000,0
1969225728,0x00000000,0
1970274304,0x00000000,0
1971322880,0x00000000,0
1972371456,0x00000000,0
1973420032,0x00000000,0
1974468608,0x00000000,0
1975517184,0x00000000,0
1976565760,0x00000000,0
1977614336,0x00000000,0
1978662912,0x00000000,0
1979711488,0x00000000,0
1980760064,0x00000000,0
1981808640,0x00000000,0
1982857216,0x00000000,0
1983905792,0x00000000,0
1984954368,0x00000000,0
1986002944,0x00000000,0
1987051520,0x00000000,0
1988100096,0x00000000,0
1989148672,0x00000000,0
1990197248,0x00000000,0
1991245824,0x00000000,0
1992294400,0x00000000,0
1993342976,0x00000000,0
1994391552,0x00000000,0
1995440128,0x00000000,0
1996488704,0x00000000,0
1997537280,0x00000000,0
1998585856,0x00000000,0
1999634432,0x00000000,0
2000683008,0x00000000,0
2001731584,0x00000000,0
2002780160,0x00000000,0
2003828736,0x00000000,0
2004877312,0x00000000,0
2005925888,0x00000000,0
2006974464,0x00000000,0
2008023040,0x00000000,0
2009071616,0x00000000,0
2010120192,0x00000000,0
2011168768,0x00000000,0
2012217344,0x00000000,0
2013265920,0x00000000,0
2014314496,0x00000000,0
2015363072,0x00000000,0
2016411648,0x00000000,0
2017460224,0x00000000,0
2018508800,0x00000000,0
2019557376,0x00000000,0
2020605952,0x00000000,0
2021654528,0x00000000,0
2022703104,0x00000000,0
2023751680,0x00000000,0
2024800256,0x00000000,0
2025848832,0x00000000,0
2026897408,0x00000000,0
2027945984,0x00000000,0
2028994560,0x00000000,0
2030043136,0x00000000,0
2031091712,0x00000000,0
2032140288,0x00000000,0
2033188864,0x00000000,0
2034237440,0x00000000,0
2035286016,0x00000000,0
2036334592,0x00000000,0
2037383168,0x00000000,0
2038431744,0x00000000,0
2039480320,0x00000000,0
2040528896,0x00000000,0
2041577472,0x00000000,0
2042626048,0x00000000,0
2043674624,0x00000000,0
2044723200,0x00000000,0
2045771776,0x00000000,0
2046820352,0x00000000,0
2047868928,0x00000000,0
2048917504,0x00000000,0
2049966080,0x00000000,0
2051014656,0x00000000,0
2052063232,0x00000000,0
2053111808,0x00000000,0
2054160384,0x00000000,0
2055208960,0x00000000,0
2056257536,0x00000000,0
2057306112,0x00000000,0
2058354688,0x00000000,0
2059403264,0x00000000,0
2060451840,0x00000000,0
2061500416,0x00000000,0
2062548992,0x00000000,0
2063597568,0x00000000,0
2064646144,0x00000000,0
2065694720,0x00000000,0
2066743296,0x00000000,0
2067791872,0x00000000,0
2068840448,0x00000000,0
2069889024,0x00000000,0
2070937600,0x00000000,0
2071986176,0x00000000,0
2073034752,0x00000000,0
2074083328,0x00000000,0
2075131904,0x00000000,0
2076180480,0x00000000,0
2077229056,0x00000000,0
2078277632,0x00000000,0
2079326208,0x00000000,0
2080374784,0x00000000,0
2081423360,0x00000000,0
2082471936,0x00000000,0
2083520512,0x00000000,0
2084569088,0x00000000,0
2085617664,0x00000000,0
2086666240,0x00000000,0
2087714816,0x00000000,0
2088763392,0x00000000,0
2089811968,0x00000000,0
2090860544,0x00000000,0
2091909120,0x00000000,0
2092957696,0x00000000,0
2094006272,0x00000000,0
2095054848,0x00000000,0
2096103424,0x00000000,0
2097152000,0x00000000,0
2098200576,0x00000000,0
2099249152,0x00000000,0
2100297728,0x00000000,0
2101346304,0x00000000,0
2102394880,0x00000000,0
2103443456,0x00000000,0
2104492032,0x00000000,0
2105540608,0x00000000,0
2106589184,0x00000000,0
2107637760,0x00000000,0
2108686336,0x00000000,0
2109734912,0x00000000,0
2110783488,0x00000000,0
2111832064,0x00000000,0
2112880640,0x00000000,0
2113929216,0x00000000,0
2114977792,0x00000000,0
2116026368,0x00000000,0
2117074944,0x00000000,0
2118123520,0x00000000,0
2119172096,0x00000000,0
2120220672,0x00000000,0
2121269248,0x00000000,0
2122317824,0x00000000,0
2123366400,0x00000000,0
2124414976,0x00000000,0
2125463552,0x00000000,0
2126512128,0x00000000,0
2127560704,0x00000000,0
2128609280,0x00000000,0
2129657856,0x00000000,0
2130706432,0x00000000,0
2131755008,0x00000000,0
2132803584,0x00000000,0
2133852160,0x00000000,0
2134900736,0x00000000,0
2135949312,0x00000000,0
2136997888,0x00000000,0
2138046464,0x00000000,0
2139095040,0x00000000,0
2140143616,0x00000000,0
2141192192,0x00000000,0
2142240768,0x00000000,0
2143289344,0x00000000,0
2144337920,0x00000000,0
2145386496,0x00000000,0
2146435072,0x00000000,0
