0,0x0000003c,60
1,0x0000003c,60
2,0x0000003c,60
3,0x0000003c,60
4,0x0000005a,90
5,0x0000005a,90
6,0x0000004e,78
7,0x000000a0,160
8,0x0000005a,90
9,0x00000046,70
10,0x00000046,70
11,0x0000003c,60
12,0x0000003c,60
13,0x0000003c,60
14,0x0000003c,60
15,0x0000003c,60
16,0x0000003c,60
17,0x0000003c,60
18,0x0000003c,60
19,0x0000003c,60
20,0x0000003c,60
21,0x0000003c,60
22,0x0000003c,60
23,0x0000003c,60
24,0x0000003c,60
25,0x0000003c,60
26,0x0000003c,60
27,0x0000003c,60
28,0x0000003c,60
29,0x0000003c,60
30,0x0000003c,60
31,0x0000003c,60
32,0x0000003c,60
33,0x0000003c,60
34,0x0000003c,60
35,0x0000003c,60
36,0x0000003c,60
37,0x0000003c,60
38,0x0000003c,60
39,0x0000003c,60
40,0x0000003c,60
41,0x0000003c,60
42,0x0000003c,60
43,0x0000003c,60
44,0x0000003c,60
45,0x0000003c,60
46,0x0000003c,60
47,0x0000003c,60
48,0x0000003c,60
49,0x0000003c,60
50,0x0000003c,60
51,0x0000003c,60
52,0x0000003c,60
53,0x0000003c,60
54,0x0000003c,60
55,0x0000003c,60
56,0x0000003c,60
57,0x0000003c,60
58,0x0000003c,60
59,0x0000003c,60
60,0x0000003c,60
61,0x0000003c,60
62,0x0000003c,60
63,0x0000003c,60
64,0x0000003c,60
65,0x0000003c,60
66,0x0000003c,60
67,0x0000003c,60
68,0x0000003c,60
69,0x0000003c,60
70,0x0000003c,60
71,0x0000003c,60
72,0x0000003c,60
73,0x0000003c,60
74,0x0000003c,60
75,0x0000003c,60
76,0x0000003c,60
77,0x0000003c,60
78,0x0000003c,60
79,0x0000003c,60
80,0x0000003c,60
81,0x0000003c,60
82,0x0000003c,60
83,0x0000003c,60
84,0x0000003c,60
85,0x0000003c,60
86,0x0000003c,60
87,0x0000003c,60
88,0x0000003c,60
89,0x0000003c,60
90,0x0000003c,60
91,0x0000003c,60
92,0x0000003c,60
93,0x0000003c,60
94,0x0000003c,60
95,0x0000003c,60
96,0x0000003c,60
97,0x0000003c,60
98,0x0000003c,60
99,0x0000003c,60
100,0x0000003c,60
101,0x0000003c,60
102,0x0000003c,60
103,0x0000003c,60
104,0x0000003c,60
105,0x0000003c,60
106,0x0000003c,60
107,0x0000003c,60
108,0x0000003c,60
109,0x0000003c,60
110,0x0000003c,60
111,0x0000003c,60
112,0x0000003c,60
113,0x0000003c,60
114,0x0000003c,60
115,0x0000003c,60
116,0x0000003c,60
117,0x0000003c,60
118,0x0000003c,60
119,0x0000003c,60
120,0x0000003c,60
121,0x0000003c,60
122,0x0000003c,60
123,0x0000003c,60
124,0x0000003c,60
125,0x0000003c,60
126,0x0000003c,60
127,0x0000003c,60
128,0x0000003c,60
129,0x0000003c,60
130,0x0000003c,60
131,0x0000003c,60
132,0x0000003c,60
133,0x0000003c,60
134,0x0000003c,60
135,0x0000003c,60
136,0x0000003c,60
137,0x0000003c,60
138,0x0000003c,60
139,0x0000003c,60
140,0x0000003c,60
141,0x0000003c,60
142,0x0000003c,60
143,0x0000003c,60
144,0x0000003c,60
145,0x0000003c,60
146,0x0000003c,60
147,0x0000003c,60
148,0x0000003c,60
149,0x0000003c,60
150,0x0000003c,60
151,0x0000003c,60
152,0x0000003c,60
153,0x0000003c,60
154,0x0000003c,60
155,0x0000003c,60
156,0x0000003c,60
157,0x0000003c,60
158,0x0000003c,60
159,0x0000003c,60
160,0x0000003c,60
161,0x0000003c,60
162,0x0000003c,60
163,0x0000003c,60
164,0x0000003c,60
165,0x0000003c,60
166,0x0000003c,60
167,0x0000003c,60
168,0x0000003c,60
169,0x0000003c,60
170,0x0000003c,60
171,0x0000003c,60
172,0x0000003c,60
173,0x0000003c,60
174,0x0000003c,60
175,0x0000003c,60
176,0x0000003c,60
177,0x0000003c,60
178,0x0000003c,60
179,0x0000003c,60
180,0x0000003c,60
181,0x0000003c,60
182,0x0000003c,60
183,0x0000003c,60
184,0x0000003c,60
185,0x0000003c,60
186,0x0000003c,60
187,0x0000003c,60
188,0x0000003c,60
189,0x0000003c,60
190,0x0000003c,60
191,0x0000003c,60
192,0x0000003c,60
193,0x0000003c,60
194,0x0000003c,60
195,0x0000003c,60
196,0x0000003c,60
197,0x0000003c,60
198,0x0000003c,60
199,0x0000003c,60
200,0x0000003c,60
201,0x0000003c,60
202,0x0000003c,60
203,0x0000003c,60
204,0x0000003c,60
205,0x0000003c,60
206,0x0000003c,60
207,0x0000003c,60
208,0x0000003c,60
209,0x0000003c,60
210,0x0000003c,60
211,0x0000003c,60
212,0x0000003c,60
213,0x0000003c,60
214,0x0000003c,60
215,0x0000003c,60
216,0x0000003c,60
217,0x0000003c,60
218,0x0000003c,60
219,0x0000003c,60
220,0x0000003c,60
221,0x0000003c,60
222,0x0000003c,60
223,0x0000003c,60
224,0x0000003c,60
225,0x0000003c,60
226,0x0000003c,60
227,0x0000003c,60
228,0x0000003c,60
229,0x0000003c,60
230,0x0000003c,60
231,0x0000003c,60
232,0x0000003c,60
233,0x0000003c,60
234,0x0000003c,60
235,0x0000003c,60
236,0x0000003c,60
237,0x0000003c,60
238,0x0000003c,60
239,0x0000003c,60
240,0x0000003c,60
241,0x0000003c,60
242,0x0000003c,60
243,0x0000003c,60
244,0x0000003c,60
245,0x0000003c,60
246,0x0000003c,60
247,0x0000003c,60
248,0x0000003c,60
249,0x0000003c,60
250,0x0000003c,60
251,0x0000003c,60
252,0x0000003c,60
253,0x0000003c,60
254,0x0000003c,60
255,0x0000003c,60
256,0x0000003c,60
257,0x0000003c,60
258,0x0000003c,60
259,0x0000003c,60
260,0x0000003c,60
261,0x0000003c,60
262,0x0000003c,60
263,0x0000003c,60
264,0x0000003c,60
265,0x0000003c,60
266,0x0000003c,60
267,0x0000003c,60
268,0x0000003c,60
269,0x0000003c,60
270,0x0000003c,60
271,0x0000003c,60
272,0x0000003c,60
273,0x0000003c,60
274,0x0000003c,60
275,0x0000003c,60
276,0x0000003c,60
277,0x0000003c,60
278,0x0000003c,60
279,0x0000003c,60
280,0x0000003c,60
281,0x0000003c,60
282,0x0000003c,60
283,0x0000003c,60
284,0x0000003c,60
285,0x0000003c,60
286,0x0000003c,60
287,0x0000003c,60
288,0x0000003c,60
289,0x0000003c,60
290,0x0000003c,60
291,0x0000003c,60
292,0x0000003c,60
293,0x0000003c,60
294,0x0000003c,60
295,0x0000003c,60
296,0x0000003c,60
297,0x0000003c,60
298,0x0000003c,60
299,0x0000003c,60
300,0x0000003c,60
301,0x0000003c,60
302,0x0000003c,60
303,0x0000003c,60
304,0x0000003c,60
305,0x0000003c,60
306,0x0000003c,60
307,0x0000003c,60
308,0x0000003c,60
309,0x0000003c,60
310,0x0000003c,60
311,0x0000003c,60
312,0x0000003c,60
313,0x0000003c,60
314,0x0000003c,60
315,0x0000003c,60
316,0x0000003c,60
317,0x0000003c,60
318,0x0000003c,60
319,0x0000003c,60
320,0x0000003c,60
321,0x0000003c,60
322,0x0000003c,60
323,0x0000003c,60
324,0x0000003c,60
325,0x0000003c,60
326,0x0000003c,60
327,0x0000003c,60
328,0x0000003c,60
329,0x0000003c,60
330,0x0000003c,60
331,0x0000003c,60
332,0x0000003c,60
333,0x0000003c,60
334,0x0000003c,60
335,0x0000003c,60
336,0x0000003c,60
337,0x0000003c,60
338,0x0000003c,60
339,0x0000003c,60
340,0x0000003c,60
341,0x0000003c,60
342,0x0000003c,60
343,0x0000003c,60
344,0x0000003c,60
345,0x0000003c,60
346,0x0000003c,60
347,0x0000003c,60
348,0x0000003c,60
349,0x0000003c,60
350,0x0000003c,60
351,0x0000003c,60
352,0x0000003c,60
353,0x0000003c,60
354,0x0000003c,60
355,0x0000003c,60
356,0x0000003c,60
357,0x0000003c,60
358,0x0000003c,60
359,0x0000003c,60
360,0x0000003c,60
361,0x0000003c,60
362,0x0000003c,60
363,0x0000003c,60
364,0x0000003c,60
365,0x0000003c,60
366,0x0000003c,60
367,0x0000003c,60
368,0x0000003c,60
369,0x0000003c,60
370,0x0000003c,60
371,0x0000003c,60
372,0x0000003c,60
373,0x0000003c,60
374,0x0000003c,60
375,0x0000003c,60
376,0x0000003c,60
377,0x0000003c,60
378,0x0000003c,60
379,0x0000003c,60
380,0x0000003c,60
381,0x0000003c,60
382,0x0000003c,60
383,0x0000003c,60
384,0x0000003c,60
385,0x0000003c,60
386,0x0000003c,60
387,0x0000003c,60
388,0x0000003c,60
389,0x0000003c,60
390,0x0000003c,60
391,0x0000003c,60
392,0x0000003c,60
393,0x0000003c,60
394,0x0000003c,60
395,0x0000003c,60
396,0x0000003c,60
397,0x0000003c,60
398,0x0000003c,60
399,0x0000003c,60
400,0x0000003c,60
401,0x0000003c,60
402,0x0000003c,60
403,0x0000003c,60
404,0x0000003c,60
405,0x0000003c,60
406,0x0000003c,60
407,0x0000003c,60
408,0x0000003c,60
409,0x0000003c,60
410,0x0000003c,60
411,0x0000003c,60
412,0x0000003c,60
413,0x0000003c,60
414,0x0000003c,60
415,0x0000003c,60
416,0x0000003c,60
417,0x0000003c,60
418,0x0000003c,60
419,0x0000003c,60
420,0x0000003c,60
421,0x0000003c,60
422,0x0000003c,60
423,0x0000003c,60
424,0x0000003c,60
425,0x0000003c,60
426,0x0000003c,60
427,0x0000003c,60
428,0x0000003c,60
429,0x0000003c,60
430,0x0000003c,60
431,0x0000003c,60
432,0x0000003c,60
433,0x0000003c,60
434,0x0000003c,60
435,0x0000003c,60
436,0x0000003c,60
437,0x0000003c,60
438,0x0000003c,60
439,0x0000003c,60
440,0x0000003c,60
441,0x0000003c,60
442,0x0000003c,60
443,0x0000003c,60
444,0x0000003c,60
445,0x0000003c,60
446,0x0000003c,60
447,0x0000003c,60
448,0x0000003c,60
449,0x0000003c,60
450,0x0000003c,60
451,0x0000003c,60
452,0x0000003c,60
453,0x0000003c,60
454,0x0000003c,60
455,0x0000003c,60
456,0x0000003c,60
457,0x0000003c,60
458,0x0000003c,60
459,0x0000003c,60
460,0x0000003c,60
461,0x0000003c,60
462,0x0000003c,60
463,0x0000003c,60
464,0x0000003c,60
465,0x0000003c,60
466,0x0000003c,60
467,0x0000003c,60
468,0x0000003c,60
469,0x0000003c,60
470,0x0000003c,60
471,0x0000003c,60
472,0x0000003c,60
473,0x0000003c,60
474,0x0000003c,60
475,0x0000003c,60
476,0x0000003c,60
477,0x0000003c,60
478,0x0000003c,60
479,0x0000003c,60
480,0x0000003c,60
481,0x0000003c,60
482,0x0000003c,60
483,0x0000003c,60
484,0x0000003c,60
485,0x0000003c,60
486,0x0000003c,60
487,0x0000003c,60
488,0x0000003c,60
489,0x0000003c,60
490,0x0000003c,60
491,0x0000003c,60
492,0x0000003c,60
493,0x0000003c,60
494,0x0000003c,60
495,0x0000003c,60
496,0x0000003c,60
497,0x0000003c,60
498,0x0000003c,60
499,0x0000003c,60
500,0x0000003c,60
501,0x0000003c,60
502,0x0000003c,60
503,0x0000003c,60
504,0x0000003c,60
505,0x0000003c,60
506,0x0000003c,60
507,0x0000003c,60
508,0x0000003c,60
509,0x0000003c,60
510,0x0000003c,60
511,0x0000003c,60
512,0x0000003c,60
513,0x0000003c,60
514,0x0000003c,60
515,0x0000003c,60
516,0x0000003c,60
517,0x0000003c,60
518,0x0000003c,60
519,0x0000003c,60
520,0x0000003c,60
521,0x0000003c,60
522,0x0000003c,60
523,0x0000003c,60
524,0x0000003c,60
525,0x0000003c,60
526,0x0000003c,60
527,0x0000003c,60
528,0x0000003c,60
529,0x0000003c,60
530,0x0000003c,60
531,0x0000003c,60
532,0x0000003c,60
533,0x0000003c,60
534,0x0000003c,60
535,0x0000003c,60
536,0x0000003c,60
537,0x0000003c,60
538,0x0000003c,60
539,0x0000003c,60
540,0x0000003c,60
541,0x0000003c,60
542,0x0000003c,60
543,0x0000003c,60
544,0x0000003c,60
545,0x0000003c,60
546,0x0000003c,60
547,0x0000003c,60
548,0x0000003c,60
549,0x0000003c,60
550,0x0000003c,60
551,0x0000003c,60
552,0x0000003c,60
553,0x0000003c,60
554,0x0000003c,60
555,0x0000003c,60
556,0x0000003c,60
557,0x0000003c,60
558,0x0000003c,60
559,0x0000003c,60
560,0x0000003c,60
561,0x0000003c,60
562,0x0000003c,60
563,0x0000003c,60
564,0x0000003c,60
565,0x0000003c,60
566,0x0000003c,60
567,0x0000003c,60
568,0x0000003c,60
569,0x0000003c,60
570,0x0000003c,60
571,0x0000003c,60
572,0x0000003c,60
573,0x0000003c,60
574,0x0000003c,60
575,0x0000003c,60
576,0x0000003c,60
577,0x0000003c,60
578,0x0000003c,60
579,0x0000003c,60
580,0x0000003c,60
581,0x0000003c,60
582,0x0000003c,60
583,0x0000003c,60
584,0x0000003c,60
585,0x0000003c,60
586,0x0000003c,60
587,0x0000003c,60
588,0x0000003c,60
589,0x0000003c,60
590,0x0000003c,60
591,0x0000003c,60
592,0x0000003c,60
593,0x0000003c,60
594,0x0000003c,60
595,0x0000003c,60
596,0x0000003c,60
597,0x0000003c,60
598,0x0000003c,60
599,0x0000003c,60
600,0x0000003c,60
601,0x0000003c,60
602,0x0000003c,60
603,0x0000003c,60
604,0x0000003c,60
605,0x0000003c,60
606,0x0000003c,60
607,0x0000003c,60
608,0x0000003c,60
609,0x0000003c,60
610,0x0000003c,60
611,0x0000003c,60
612,0x0000003c,60
613,0x0000003c,60
614,0x0000003c,60
615,0x0000003c,60
616,0x0000003c,60
617,0x0000003c,60
618,0x0000003c,60
619,0x0000003c,60
620,0x0000003c,60
621,0x0000003c,60
622,0x0000003c,60
623,0x0000003c,60
624,0x0000003c,60
625,0x0000003c,60
626,0x0000003c,60
627,0x0000003c,60
628,0x0000003c,60
629,0x0000003c,60
630,0x0000003c,60
631,0x0000003c,60
632,0x0000003c,60
633,0x0000003c,60
634,0x0000003c,60
635,0x0000003c,60
636,0x0000003c,60
637,0x0000003c,60
638,0x0000003c,60
639,0x0000003c,60
640,0x0000003c,60
641,0x0000003c,60
642,0x0000003c,60
643,0x0000003c,60
644,0x0000003c,60
645,0x0000003c,60
646,0x0000003c,60
647,0x0000003c,60
648,0x0000003c,60
649,0x0000003c,60
650,0x0000003c,60
651,0x0000003c,60
652,0x0000003c,60
653,0x0000003c,60
654,0x0000003c,60
655,0x0000003c,60
656,0x0000003c,60
657,0x0000003c,60
658,0x0000003c,60
659,0x0000003c,60
660,0x0000003c,60
661,0x0000003c,60
662,0x0000003c,60
663,0x0000003c,60
664,0x0000003c,60
665,0x0000003c,60
666,0x0000003c,60
667,0x0000003c,60
668,0x0000003c,60
669,0x0000003c,60
670,0x0000003c,60
671,0x0000003c,60
672,0x0000003c,60
673,0x0000003c,60
674,0x0000003c,60
675,0x0000003c,60
676,0x0000003c,60
677,0x0000003c,60
678,0x0000003c,60
679,0x0000003c,60
680,0x0000003c,60
681,0x0000003c,60
682,0x0000003c,60
683,0x0000003c,60
684,0x0000003c,60
685,0x0000003c,60
686,0x0000003c,60
687,0x0000003c,60
688,0x0000003c,60
689,0x0000003c,60
690,0x0000003c,60
691,0x0000003c,60
692,0x0000003c,60
693,0x0000003c,60
694,0x0000003c,60
695,0x0000003c,60
696,0x0000003c,60
697,0x0000003c,60
698,0x0000003c,60
699,0x0000003c,60
700,0x0000003c,60
701,0x0000003c,60
702,0x0000003c,60
703,0x0000003c,60
704,0x0000003c,60
705,0x0000003c,60
706,0x0000003c,60
707,0x0000003c,60
708,0x0000003c,60
709,0x0000003c,60
710,0x0000003c,60
711,0x0000003c,60
712,0x0000003c,60
713,0x0000003c,60
714,0x0000003c,60
715,0x0000003c,60
716,0x0000003c,60
717,0x0000003c,60
718,0x0000003c,60
719,0x0000003c,60
720,0x0000003c,60
721,0x0000003c,60
722,0x0000003c,60
723,0x0000003c,60
724,0x0000003c,60
725,0x0000003c,60
726,0x0000003c,60
727,0x0000003c,60
728,0x0000003c,60
729,0x0000003c,60
730,0x0000003c,60
731,0x0000003c,60
732,0x0000003c,60
733,0x0000003c,60
734,0x0000003c,60
735,0x0000003c,60
736,0x0000003c,60
737,0x0000003c,60
738,0x0000003c,60
739,0x0000003c,60
740,0x0000003c,60
741,0x0000003c,60
742,0x0000003c,60
743,0x0000003c,60
744,0x0000003c,60
745,0x0000003c,60
746,0x0000003c,60
747,0x0000003c,60
748,0x0000003c,60
749,0x0000003c,60
750,0x0000003c,60
751,0x0000003c,60
752,0x0000003c,60
753,0x0000003c,60
754,0x0000003c,60
755,0x0000003c,60
756,0x0000003c,60
757,0x0000003c,60
758,0x0000003c,60
759,0x0000003c,60
760,0x0000003c,60
761,0x0000003c,60
762,0x0000003c,60
763,0x0000003c,60
764,0x0000003c,60
765,0x0000003c,60
766,0x0000003c,60
767,0x0000003c,60
768,0x0000003c,60
769,0x0000003c,60
770,0x0000003c,60
771,0x0000003c,60
772,0x0000003c,60
773,0x0000003c,60
774,0x0000003c,60
775,0x0000003c,60
776,0x0000003c,60
777,0x0000003c,60
778,0x0000003c,60
779,0x0000003c,60
780,0x0000003c,60
781,0x0000003c,60
782,0x0000003c,60
783,0x0000003c,60
784,0x0000003c,60
785,0x0000003c,60
786,0x0000003c,60
787,0x0000003c,60
788,0x0000003c,60
789,0x0000003c,60
790,0x0000003c,60
791,0x0000003c,60
792,0x0000003c,60
793,0x0000003c,60
794,0x0000003c,60
795,0x0000003c,60
796,0x0000003c,60
797,0x0000003c,60
798,0x0000003c,60
799,0x0000003c,60
800,0x0000003c,60
801,0x0000003c,60
802,0x0000003c,60
803,0x0000003c,60
804,0x0000003c,60
805,0x0000004a,74
806,0x00000042,66
807,0x000000ea,234
808,0x0000017a,378
809,0x00000074,116
810,0x00000084,132
811,0x00000086,134
812,0x00000042,66
813,0x00000084,132
814,0x000000ee,238
815,0x000000ee,238
816,0x00000069,105
817,0x00000074,116
818,0x00000074,116
819,0x0000003c,60
820,0x0000003c,60
821,0x0000003c,60
822,0x0000003c,60
823,0x0000003c,60
824,0x00000071,113
825,0x00000105,261
826,0x00000042,66
827,0x00000074,116
828,0x00000084,132
829,0x00000086,134
830,0x00000042,66
831,0x000000ed,237
832,0x00000116,278
833,0x00000074,116
834,0x00000074,116
835,0x0000003c,60
836,0x0000003c,60
837,0x0000003c,60
838,0x0000003c,60
839,0x0000003c,60
840,0x00000176,374
841,0x00000042,66
842,0x00000074,116
843,0x00000084,132
844,0x00000086,134
845,0x00000042,66
846,0x00000084,132
847,0x0000013d,317
848,0x00000074,116
849,0x00000074,116
850,0x0000003c,60
851,0x0000003c,60
852,0x0000003c,60
853,0x0000003c,60
854,0x0000003c,60
855,0x0000003c,60
856,0x0000003c,60
857,0x00000071,113
858,0x00000105,261
859,0x00000042,66
860,0x00000074,116
861,0x00000084,132
862,0x00000086,134
863,0x00000042,66
864,0x00000084,132
865,0x0000013d,317
866,0x00000074,116
867,0x00000074,116
868,0x0000003c,60
869,0x0000003c,60
870,0x0000003c,60
871,0x0000003c,60
872,0x0000003c,60
873,0x00000071,113
874,0x00000105,261
875,0x00000042,66
876,0x00000074,116
877,0x00000084,132
878,0x00000093,147
879,0x00000042,66
880,0x00000076,118
881,0x0000014b,331
882,0x00000074,116
883,0x00000074,116
884,0x0000003c,60
885,0x0000003c,60
886,0x0000003c,60
887,0x0000003c,60
888,0x0000003c,60
889,0x0000004a,74
890,0x00000042,66
891,0x00000081,129
892,0x000001e3,483
893,0x00000042,66
894,0x00000042,66
895,0x00000074,116
896,0x00000042,66
897,0x00000071,113
898,0x00000079,121
899,0x00000042,66
900,0x000000c6,198
901,0x000000ed,237
902,0x000000e1,225
903,0x00000074,116
904,0x00000074,116
905,0x0000003c,60
906,0x0000003c,60
907,0x00000071,113
908,0x00000105,261
909,0x00000042,66
910,0x00000074,116
911,0x00000084,132
912,0x00000086,134
913,0x00000042,66
914,0x00000203,515
915,0x00000074,116
916,0x00000074,116
917,0x0000003c,60
918,0x0000003c,60
919,0x0000003c,60
920,0x00000071,113
921,0x00000105,261
922,0x00000042,66
923,0x00000074,116
924,0x00000042,66
925,0x00000086,134
926,0x00000042,66
927,0x000001c1,449
928,0x00000074,116
929,0x00000074,116
930,0x0000003c,60
931,0x0000003c,60
932,0x0000003c,60
933,0x0000004a,74
934,0x000000c3,195
935,0x000001e3,483
936,0x00000042,66
937,0x00000074,116
938,0x00000071,113
939,0x00000105,261
940,0x00000042,66
941,0x00000074,116
942,0x00000084,132
943,0x00000086,134
944,0x00000042,66
945,0x00000130,304
946,0x00000115,277
947,0x00000084,132
948,0x00000074,116
949,0x00000074,116
950,0x00000086,134
951,0x00000076,118
952,0x0000019a,410
953,0x00000074,116
954,0x00000074,116
955,0x0000003c,60
956,0x0000003c,60
957,0x0000003c,60
958,0x00000071,113
959,0x00000105,261
960,0x00000042,66
961,0x00000074,116
962,0x00000042,66
963,0x00000093,147
964,0x00000042,66
965,0x000000c6,198
966,0x000001c1,449
967,0x00000074,116
968,0x00000074,116
969,0x0000003c,60
970,0x0000003c,60
971,0x00000176,374
972,0x00000042,66
973,0x00000074,116
974,0x00000071,113
975,0x00000105,261
976,0x00000042,66
977,0x00000074,116
978,0x00000084,132
979,0x00000093,147
980,0x00000042,66
981,0x00000084,132
982,0x0000013d,317
983,0x00000074,116
984,0x00000074,116
985,0x00000084,132
986,0x00000086,134
987,0x00000042,66
988,0x00000164,356
989,0x000000e1,225
990,0x00000074,116
991,0x00000074,116
992,0x0000003c,60
993,0x0000003c,60
994,0x0000003c,60
995,0x00000176,374
996,0x00000042,66
997,0x00000074,116
998,0x00000042,66
999,0x00000093,147
1000,0x00000084,132
1001,0x00000116,278
1002,0x000000e0,224
1003,0x00000067,103
1004,0x00000067,103
1005,0x0000003c,60
1006,0x0000003c,60
1007,0x00000071,113
1008,0x00000105,261
1009,0x00000071,113
1010,0x00000105,261
1011,0x00000042,66
1012,0x00000074,116
1013,0x00000042,66
1014,0x00000074,116
1015,0x00000042,66
1016,0x00000086,134
1017,0x00000042,66
1018,0x00000084,132
1019,0x0000017f,383
1020,0x00000042,66
1021,0x000000b6,182
1022,0x00000074,116
1023,0x00000093,147
1024,0x00000042,66
1025,0x00000157,343
1026,0x000000e1,225
1027,0x00000067,103
1028,0x00000067,103
1029,0x0000003c,60
1030,0x0000003c,60
1031,0x0000003c,60
1032,0x0000003c,60
1033,0x00000064,100
1034,0x00000105,261
1035,0x00000042,66
1036,0x00000067,103
1037,0x0000003c,60
1038,0x0000003c,60
1039,0x00000042,66
1040,0x00000086,134
1041,0x00000042,66
1042,0x000000ed,237
1043,0x00000158,344
1044,0x00000074,116
1045,0x00000074,116
1046,0x0000003c,60
1047,0x00000071,113
1048,0x00000105,261
1049,0x00000064,100
1050,0x00000105,261
1051,0x00000042,66
1052,0x00000074,116
1053,0x00000042,66
1054,0x00000067,103
1055,0x00000042,66
1056,0x00000042,66
1057,0x00000086,134
1058,0x00000042,66
1059,0x00000157,343
1060,0x000000ee,238
1061,0x00000074,116
1062,0x00000074,116
1063,0x00000042,66
1064,0x00000086,134
1065,0x00000042,66
1066,0x000000ed,237
1067,0x00000116,278
1068,0x00000074,116
1069,0x00000074,116
1070,0x0000003c,60
1071,0x0000003c,60
1072,0x0000003c,60
1073,0x0000004a,74
1074,0x00000042,66
1075,0x00000042,66
1076,0x000000ea,234
1077,0x0000017a,378
1078,0x00000042,66
1079,0x00000074,116
1080,0x00000084,132
1081,0x00000086,134
1082,0x00000084,132
1083,0x000000ed,237
1084,0x000000fb,251
1085,0x000000ee,238
1086,0x00000074,116
1087,0x00000074,116
1088,0x0000003c,60
1089,0x00000071,113
1090,0x00000105,261
1091,0x00000042,66
1092,0x00000074,116
1093,0x00000042,66
1094,0x00000086,134
1095,0x00000042,66
1096,0x0000017f,383
1097,0x00000074,116
1098,0x00000074,116
1099,0x0000003c,60
1100,0x00000071,113
1101,0x00000105,261
1102,0x00000071,113
1103,0x00000105,261
1104,0x00000042,66
1105,0x00000074,116
1106,0x00000042,66
1107,0x00000074,116
1108,0x00000084,132
1109,0x00000086,134
1110,0x00000042,66
1111,0x000001ce,462
1112,0x00000077,119
1113,0x00000074,116
1114,0x00000074,116
1115,0x00000042,66
1116,0x00000086,134
1117,0x00000042,66
1118,0x000000fb,251
1119,0x00000108,264
1120,0x00000074,116
1121,0x00000074,116
1122,0x0000003c,60
1123,0x0000003c,60
1124,0x0000003c,60
1125,0x00000071,113
1126,0x00000105,261
1127,0x00000042,66
1128,0x00000074,116
1129,0x00000084,132
1130,0x00000086,134
1131,0x00000042,66
1132,0x00000203,515
1133,0x00000074,116
1134,0x00000074,116
1135,0x0000003c,60
1136,0x00000071,113
1137,0x00000105,261
1138,0x00000042,66
1139,0x00000074,116
1140,0x00000042,66
1141,0x00000086,134
1142,0x00000042,66
1143,0x000000ed,237
1144,0x00000158,344
1145,0x00000074,116
1146,0x00000074,116
1147,0x0000003c,60
1148,0x00000071,113
1149,0x00000105,261
1150,0x00000071,113
1151,0x00000105,261
1152,0x00000042,66
1153,0x00000074,116
1154,0x00000042,66
1155,0x00000074,116
1156,0x00000084,132
1157,0x00000086,134
1158,0x00000042,66
1159,0x00000115,277
1160,0x000000fb,251
1161,0x00000074,116
1162,0x00000074,116
1163,0x00000042,66
1164,0x00000086,134
1165,0x00000042,66
1166,0x00000203,515
1167,0x00000074,116
1168,0x00000074,116
1169,0x0000003c,60
1170,0x0000003c,60
1171,0x0000003c,60
1172,0x00000071,113
1173,0x00000105,261
1174,0x00000042,66
1175,0x00000074,116
1176,0x00000084,132
1177,0x00000086,134
1178,0x00000042,66
1179,0x00000203,515
1180,0x00000074,116
1181,0x00000074,116
1182,0x0000003c,60
1183,0x00000176,374
1184,0x00000042,66
1185,0x00000074,116
1186,0x00000042,66
1187,0x00000086,134
1188,0x00000084,132
1189,0x00000122,290
1190,0x000000e1,225
1191,0x00000074,116
1192,0x00000074,116
1193,0x0000003c,60
1194,0x0000003c,60
1195,0x00000071,113
1196,0x00000105,261
1197,0x00000042,66
1198,0x00000123,291
1199,0x00000074,116
1200,0x00000042,66
1201,0x0000003c,60
1202,0x00000074,116
1203,0x00000084,132
1204,0x00000086,134
1205,0x00000042,66
1206,0x00000076,118
1207,0x0000018d,397
1208,0x00000074,116
1209,0x00000074,116
1210,0x00000042,66
1211,0x00000086,134
1212,0x00000042,66
1213,0x00000084,132
1214,0x000000ed,237
1215,0x00000123,291
1216,0x00000074,116
1217,0x00000074,116
1218,0x0000003c,60
1219,0x0000003c,60
1220,0x00000071,113
1221,0x00000105,261
1222,0x00000042,66
1223,0x00000074,116
1224,0x00000084,132
1225,0x00000086,134
1226,0x000000b8,184
1227,0x000001b4,436
1228,0x00000077,119
1229,0x00000074,116
1230,0x00000074,116
1231,0x0000003c,60
1232,0x00000071,113
1233,0x00000105,261
1234,0x00000042,66
1235,0x00000074,116
1236,0x00000042,66
1237,0x00000086,134
1238,0x00000042,66
1239,0x00000084,132
1240,0x000001c1,449
1241,0x00000074,116
1242,0x00000074,116
1243,0x0000003c,60
1244,0x0000003c,60
1245,0x00000071,113
1246,0x00000105,261
1247,0x00000042,66
1248,0x00000074,116
1249,0x00000071,113
1250,0x00000105,261
1251,0x00000042,66
1252,0x00000074,116
1253,0x00000084,132
1254,0x00000086,134
1255,0x00000042,66
1256,0x00000084,132
1257,0x0000013d,317
1258,0x00000074,116
1259,0x00000074,116
1260,0x00000042,66
1261,0x00000086,134
1262,0x00000042,66
1263,0x00000084,132
1264,0x0000017f,383
1265,0x00000074,116
1266,0x00000074,116
1267,0x0000003c,60
1268,0x0000003c,60
1269,0x00000071,113
1270,0x00000105,261
1271,0x00000042,66
1272,0x00000074,116
1273,0x00000084,132
1274,0x00000086,134
1275,0x00000042,66
1276,0x00000084,132
1277,0x00000158,344
1278,0x00000069,105
1279,0x00000074,116
1280,0x00000074,116
1281,0x0000003c,60
1282,0x00000071,113
1283,0x00000105,261
1284,0x00000042,66
1285,0x00000074,116
1286,0x00000042,66
1287,0x00000086,134
1288,0x00000042,66
1289,0x000001c1,449
1290,0x00000074,116
1291,0x00000074,116
1292,0x0000004a,74
1293,0x000000c3,195
1294,0x000001e3,483
1295,0x00000042,66
1296,0x00000074,116
1297,0x000000c6,198
1298,0x00000093,147
1299,0x0000004a,74
1300,0x00000042,66
1301,0x00000639,1593
1302,0x0000009e,158
1303,0x0000014a,330
1304,0x00000084,132
1305,0x0000018c,396
1306,0x00000042,66
1307,0x000001ce,462
1308,0x00000042,66
1309,0x0000018c,396
1310,0x00000084,132
1311,0x00000084,132
1312,0x000000c6,198
1313,0x000000c6,198
1314,0x00000042,66
1315,0x00000084,132
1316,0x00000042,66
1317,0x000002d6,726
1318,0x000002d6,726
1319,0x00000042,66
1320,0x00000210,528
1321,0x000000c6,198
1322,0x00000210,528
1323,0x00000076,118
1324,0x00000074,116
1325,0x00000084,132
1326,0x00000086,134
1327,0x00000042,66
1328,0x000001c1,449
1329,0x00000074,116
1330,0x00000042,66
1331,0x00000086,134
1332,0x00000042,66
1333,0x00000087,135
1334,0x0000007c,124
1335,0x00000069,105
1336,0x00000074,116
1337,0x0000003c,60
1338,0x0000014a,330
1339,0x00000093,147
1340,0x00000084,132
1341,0x00000042,66
1342,0x00000084,132
1343,0x00000342,834
1344,0x000000ac,172
1345,0x00000069,105
1346,0x00000074,116
1347,0x00000071,113
1348,0x00000079,121
1349,0x00000042,66
1350,0x00000087,135
1351,0x00000069,105
1352,0x00000074,116
1353,0x00000042,66
1354,0x00000087,135
1355,0x00000069,105
1356,0x00000074,116
1357,0x00000076,118
1358,0x00000087,135
1359,0x00000074,116
1360,0x000000fd,253
1361,0x00000074,116
1362,0x00000079,121
1363,0x00000076,118
1364,0x00000074,116
1365,0x000000c6,198
1366,0x00000042,66
1367,0x00000042,66
1368,0x00000086,134
1369,0x00000079,121
1370,0x00000042,66
1371,0x00000042,66
1372,0x000000b8,184
1373,0x00003b24,15140
1374,0x00001d92,7570
1375,0x00005ea0,24224
1376,0x000052cc,21196
1377,0x00001d92,7570
1378,0x000099c4,39364
1379,0x00000bd4,3028
1380,0x00009fae,40878
1381,0x00000bd4,3028
1382,0x00007c32,31794
1383,0x00003b24,15140
1384,0x00007c32,31794
1385,0x0000410e,16654
1386,0x00005ea0,24224
1387,0x000052cc,21196
1388,0x00006a74,27252
1389,0x0000648a,25738
1390,0x0000dad2,56018
1391,0x0000a598,42392
1392,0x00003b24,15140
1393,0x000052cc,21196
1394,0x000099c4,39364
1395,0x000011be,4542
1396,0x0000e6a6,59046
1397,0x00010438,66616
1398,0x00002966,10598
1399,0x000005ea,1514
1400,0x00010438,66616
1401,0x0000b756,46934
1402,0x000052cc,21196
1403,0x00010a22,68130
1404,0x00002f50,12112
1405,0x0000b16c,45420
1406,0x00008df0,36336
1407,0x000073d0,29648
1408,0x00000074,116
1409,0x00000042,66
1410,0x000000f0,240
1411,0x00000074,116
1412,0x0000003c,60
1413,0x0000003c,60
1414,0x00000071,113
1415,0x00000105,261
1416,0x00000042,66
1417,0x000000b6,182
1418,0x00000086,134
1419,0x00000042,66
1420,0x00000375,885
1421,0x000106d8,67288
1422,0x00006725,26405
1423,0x0001048b,66699
1424,0x0000c32a,49962
1425,0x0000b16c,45420
1426,0x0000f864,63588
1427,0x00002f50,12112
1428,0x00000931,2353
1429,0x00000112,274
1430,0x00000074,116
1431,0x00000042,66
1432,0x00000086,134
1433,0x00000042,66
1434,0x000000ed,237
1435,0x0000019a,410
1436,0x00000074,116
1437,0x00000042,66
1438,0x00000086,134
1439,0x00000042,66
1440,0x00000084,132
1441,0x000000ee,238
1442,0x000001dd,477
1443,0x00000074,116
1444,0x00000132,306
1445,0x00000074,116
1446,0x00000086,134
1447,0x00000042,66
1448,0x00000087,135
1449,0x00000069,105
1450,0x00000042,66
1451,0x000000b6,182
1452,0x000000d5,213
1453,0x00000042,66
1454,0x00000042,66
1455,0x000000e0,224
1456,0x000003ac,940
1457,0x00000067,103
1458,0x00000042,66
1459,0x0000018c,396
1460,0x00000294,660
1461,0x00000042,66
1462,0x000002d6,726
1463,0x00000042,66
1464,0x0000035a,858
1465,0x0000039c,924
1466,0x00000042,66
1467,0x00000318,792
1468,0x00000210,528
1469,0x00000108,264
1470,0x00000042,66
1471,0x00000210,528
1472,0x0000003c,60
1473,0x0000003c,60
1474,0x000000e3,227
1475,0x00000074,116
1476,0x00000042,66
1477,0x000001d2,466
1478,0x00002aa5,10917
1479,0x00016c23,93219
1480,0x00008806,34822
1481,0x0001100c,69644
1482,0x00007c32,31794
1483,0x00013388,78728
1484,0x000011be,4542
1485,0x00002857,10327
1486,0x00000042,66
1487,0x00000084,132
1488,0x00000294,660
1489,0x00000318,792
1490,0x000000c6,198
1491,0x000004e6,1254
1492,0x00000042,66
1493,0x000005ac,1452
1494,0x000001ce,462
1495,0x000002d6,726
1496,0x00000042,66
1497,0x000003de,990
1498,0x0000007a,122
1499,0x00000069,105
1500,0x00000074,116
1501,0x0000137e,4990
1502,0x00001b24,6948
1503,0x0001afba,110522
1504,0x00005ea0,24224
1505,0x0001511a,86298
1506,0x0000d4e8,54504
1507,0x000099c4,39364
1508,0x00001e22,7714
1509,0x00000042,66
1510,0x00000084,132
1511,0x00000108,264
1512,0x00000318,792
1513,0x00000042,66
1514,0x0000039c,924
1515,0x00000042,66
1516,0x0000039c,924
1517,0x00000042,66
1518,0x00000294,660
1519,0x00000294,660
1520,0x000000e3,227
1521,0x00000074,116
1522,0x0000018d,397
1523,0x000015cb,5579
1524,0x0001bb8e,113550
1525,0x00005ea0,24224
1526,0x0000ec90,60560
1527,0x0001100c,69644
1528,0x0000ecdb,60635
1529,0x00000084,132
1530,0x00000042,66
1531,0x00000042,66
1532,0x000002d6,726
1533,0x00000042,66
1534,0x00000294,660
1535,0x00000210,528
1536,0x00000042,66
1537,0x00000630,1584
1538,0x00000042,66
1539,0x00000084,132
1540,0x000000e3,227
1541,0x00000074,116
1542,0x00000042,66
1543,0x00000042,66
1544,0x000002c8,712
1545,0x00005a59,23129
1546,0x0001e643,124483
1547,0x00002f50,12112
1548,0x0001d920,121120
1549,0x00008df0,36336
1550,0x00004191,16785
1551,0x00000042,66
1552,0x00000084,132
1553,0x00000042,66
1554,0x0000039c,924
1555,0x000001ce,462
1556,0x0000039c,924
1557,0x00000318,792
1558,0x00000042,66
1559,0x00000294,660
1560,0x0000019b,411
1561,0x00000042,66
1562,0x000000e3,227
1563,0x00000084,132
1564,0x00000084,132
1565,0x00000074,116
1566,0x000001cf,463
1567,0x00000252,594
1568,0x00001b3a,6970
1569,0x0001e195,123285
1570,0x0000c32a,49962
1571,0x00001d92,7570
1572,0x0000c914,51476
1573,0x000133ef,78831
1574,0x00004191,16785
1575,0x00000084,132
1576,0x00000042,66
1577,0x000000ab,171
1578,0x000002d6,726
1579,0x00000084,132
1580,0x00000074,116
1581,0x000003de,990
1582,0x0000035a,858
1583,0x00000042,66
1584,0x00000318,792
1585,0x00000087,135
1586,0x00000069,105
1587,0x00000074,116
1588,0x00000042,66
1589,0x0000030d,781
1590,0x000009a4,2468
1591,0x000167b7,92087
1592,0x000168c2,92354
1593,0x000162d8,90840
1594,0x0000db1d,56093
1595,0x00000042,66
1596,0x00000084,132
1597,0x00000318,792
1598,0x00000042,66
1599,0x00000252,594
1600,0x000000c6,198
1601,0x00000042,66
1602,0x00000042,66
1603,0x000001ce,462
1604,0x0000007a,122
1605,0x00000069,105
1606,0x00000074,116
1607,0x0000018c,396
1608,0x00001551,5457
1609,0x0000ab82,43906
1610,0x0001df0a,122634
1611,0x000115f6,71158
1612,0x00013f5c,81756
1613,0x000023ff,9215
1614,0x000000c6,198
1615,0x000000c6,198
1616,0x00000318,792
1617,0x000002d6,726
1618,0x00000042,66
1619,0x0000039c,924
1620,0x0000035a,858
1621,0x000000e3,227
1622,0x00000074,116
1623,0x000005e5,1509
1624,0x0000753d,30013
1625,0x0001df0a,122634
1626,0x00010a22,68130
1627,0x0001b627,112167
1628,0x00000042,66
1629,0x00000042,66
1630,0x00000042,66
1631,0x000000c6,198
1632,0x00000318,792
1633,0x0000035a,858
1634,0x00000108,264
1635,0x000005ee,1518
1636,0x00000042,66
1637,0x0000007a,122
1638,0x00000069,105
1639,0x00000074,116
1640,0x00000042,66
1641,0x00000287,647
1642,0x000003e6,998
1643,0x0001564e,87630
1644,0x0001df0a,122634
1645,0x00013972,80242
1646,0x0000a53f,42303
1647,0x00000084,132
1648,0x00000042,66
1649,0x00000042,66
1650,0x000001ce,462
1651,0x000000c6,198
1652,0x00000084,132
1653,0x000000c6,198
1654,0x0000007a,122
1655,0x00000069,105
1656,0x00000074,116
1657,0x00000042,66
1658,0x00000289,649
1659,0x0001beef,114415
1660,0x0001df0a,122634
1661,0x000179b6,96694
1662,0x00000084,132
1663,0x00000042,66
1664,0x0000014a,330
1665,0x0000014a,330
1666,0x000000c6,198
1667,0x000000c6,198
1668,0x0000014c,332
1669,0x00000074,116
1670,0x00000074,116
1671,0x00000042,66
1672,0x000002c8,712
1673,0x000051e9,20969
1674,0x0001df0a,122634
1675,0x0001df0a,122634
1676,0x000107fd,67581
1677,0x00000084,132
1678,0x00000042,66
1679,0x000000c6,198
1680,0x0000014a,330
1681,0x00000108,264
1682,0x0000014a,330
1683,0x000000e3,227
1684,0x00000074,116
1685,0x000002da,730
1686,0x00004f29,20265
1687,0x0001df0a,122634
1688,0x0001df0a,122634
1689,0x00010ab2,68274
1690,0x00000084,132
1691,0x00000042,66
1692,0x00000042,66
1693,0x0000018c,396
1694,0x0000014a,330
1695,0x00000108,264
1696,0x000000e3,227
1697,0x00000074,116
1698,0x0000018d,397
1699,0x00001502,5378
1700,0x00007f29,32553
1701,0x0001df0a,122634
1702,0x0001e4f4,124148
1703,0x0000c105,49413
1704,0x00000084,132
1705,0x00000042,66
1706,0x000000c6,198
1707,0x000001ce,462
1708,0x00000108,264
1709,0x000000c6,198
1710,0x000000f4,244
1711,0x000000b6,182
1712,0x00000042,66
1713,0x0000041a,1050
1714,0x00007793,30611
1715,0x0001df0a,122634
1716,0x0001df0a,122634
1717,0x0000e107,57607
1718,0x00000084,132
1719,0x00000042,66
1720,0x0000018c,396
1721,0x00000108,264
1722,0x0000014a,330
1723,0x000000e3,227
1724,0x00000074,116
1725,0x00000042,66
1726,0x000001d2,466
1727,0x0000cefe,52990
1728,0x0001e4f4,124148
1729,0x0001dd6f,122223
1730,0x000086f7,34551
1731,0x00000042,66
1732,0x00000042,66
1733,0x00000042,66
1734,0x000000c6,198
1735,0x0000018c,396
1736,0x0000018c,396
1737,0x000000e3,227
1738,0x00000069,105
1739,0x00000042,66
1740,0x00000074,116
1741,0x00000074,116
1742,0x0000042e,1070
1743,0x00006bc4,27588
1744,0x0001e4f4,124148
1745,0x0001df0a,122634
1746,0x0000e729,59177
1747,0x00000084,132
1748,0x00000042,66
1749,0x000000c6,198
1750,0x00000108,264
1751,0x0000014a,330
1752,0x00000084,132
1753,0x0000007a,122
1754,0x00000069,105
1755,0x00000074,116
1756,0x00000352,850
1757,0x000014c5,5317
1758,0x00015328,86824
1759,0x0001df0a,122634
1760,0x0001d111,119057
1761,0x00000084,132
1762,0x00000042,66
1763,0x00000042,66
1764,0x0000018c,396
1765,0x00000108,264
1766,0x00000108,264
1767,0x000000e3,227
1768,0x00000074,116
1769,0x000002ca,714
1770,0x000014d9,5337
1771,0x00012e4f,77391
1772,0x0001df0a,122634
1773,0x0001df0a,122634
1774,0x0000174f,5967
1775,0x00000084,132
1776,0x00000042,66
1777,0x00000042,66
1778,0x0000018c,396
1779,0x0000018c,396
1780,0x00000042,66
1781,0x0000007a,122
1782,0x00000069,105
1783,0x00000074,116
1784,0x00000213,531
1785,0x00012619,75289
1786,0x0001df0a,122634
1787,0x0001df0a,122634
1788,0x00003438,13368
1789,0x00000084,132
1790,0x00000042,66
1791,0x0000018c,396
1792,0x0000018c,396
1793,0x00000084,132
1794,0x000000e3,227
1795,0x00000074,116
1796,0x00000213,531
1797,0x0001154e,70990
1798,0x0001df0a,122634
1799,0x0001e4f4,124148
1800,0x00003f9d,16285
1801,0x00000042,66
1802,0x00000042,66
1803,0x0000014a,330
1804,0x0000014a,330
1805,0x00000108,264
1806,0x00000042,66
1807,0x000000e3,227
1808,0x00000069,105
1809,0x00000074,116
1810,0x000000b6,182
1811,0x00000569,1385
1812,0x00007142,28994
1813,0x0001df0a,122634
1814,0x0001e4f4,124148
1815,0x0000e063,57443
1816,0x00000042,66
1817,0x00000042,66
1818,0x00000042,66
1819,0x00000108,264
1820,0x0000014a,330
1821,0x0000014a,330
1822,0x000000e3,227
1823,0x00000074,116
1824,0x000002cc,716
1825,0x0000c57f,50559
1826,0x0001df0a,122634
1827,0x0001e4f4,124148
1828,0x00008e73,36467
1829,0x00000084,132
1830,0x00000042,66
1831,0x0000018c,396
1832,0x00000108,264
1833,0x00000108,264
1834,0x000000e3,227
1835,0x00000074,116
1836,0x000002ca,714
1837,0x0000149b,5275
1838,0x000186f8,100088
1839,0x0001df0a,122634
1840,0x000197b9,104377
1841,0x00000084,132
1842,0x00000042,66
1843,0x000001ce,462
1844,0x00000108,264
1845,0x000000c6,198
1846,0x000000e3,227
1847,0x00000074,116
1848,0x00000414,1044
1849,0x0000a669,42601
1850,0x0001df0a,122634
1851,0x0001e058,122968
1852,0x0000b1b7,45495
1853,0x00000084,132
1854,0x000000c6,198
1855,0x0000018c,396
1856,0x0000014a,330
1857,0x00000042,66
1858,0x000000e3,227
1859,0x00000074,116
1860,0x0000018b,395
1861,0x000014ff,5375
1862,0x00008ecc,36556
1863,0x0001df0a,122634
1864,0x0001df0a,122634
1865,0x0000b70a,46858
1866,0x00000042,66
1867,0x00000042,66
1868,0x00000042,66
1869,0x000000c6,198
1870,0x0000014a,330
1871,0x0000014a,330
1872,0x0000014c,332
1873,0x00000074,116
1874,0x00000042,66
1875,0x00000074,116
1876,0x0000018e,398
1877,0x00001584,5508
1878,0x00014b30,84784
1879,0x0001df0a,122634
1880,0x0001d96b,121195
1881,0x00000084,132
1882,0x00000042,66
1883,0x00000108,264
1884,0x0000014a,330
1885,0x00000108,264
1886,0x00000042,66
1887,0x000000e3,227
1888,0x00000074,116
1889,0x0000018d,397
1890,0x000015e0,5600
1891,0x000168c2,92354
1892,0x0001e4f4,124148
1893,0x00016eac,93868
1894,0x0000469f,18079
1895,0x00000042,66
1896,0x00000084,132
1897,0x00000042,66
1898,0x00000108,264
1899,0x0000014a,330
1900,0x00000108,264
1901,0x000000e3,227
1902,0x00000074,116
1903,0x0000018c,396
1904,0x000014ff,5375
1905,0x00013f5c,81756
1906,0x0001e4f4,124148
1907,0x0001df0a,122634
1908,0x00000083,131
1909,0x00000084,132
1910,0x00000042,66
1911,0x0000018c,396
1912,0x0000018c,396
1913,0x00000084,132
1914,0x0000007a,122
1915,0x00000069,105
1916,0x00000074,116
1917,0x0000018d,397
1918,0x000015a7,5543
1919,0x00009454,37972
1920,0x0001df0a,122634
1921,0x0001df0a,122634
1922,0x0000b120,45344
1923,0x00000042,66
1924,0x00000084,132
1925,0x00000042,66
1926,0x00000108,264
1927,0x0000018c,396
1928,0x00000108,264
1929,0x000000e3,227
1930,0x00000074,116
1931,0x0000018c,396
1932,0x000017e9,6121
1933,0x000168c2,92354
1934,0x0001df0a,122634
1935,0x0001b969,113001
1936,0x00000042,66
1937,0x00000084,132
1938,0x00000042,66
1939,0x00000108,264
1940,0x0000018c,396
1941,0x00000108,264
1942,0x0000014c,332
1943,0x00000074,116
1944,0x00000042,66
1945,0x00000074,116
1946,0x0000018c,396
1947,0x000015eb,5611
1948,0x00009bdf,39903
1949,0x0001e4f4,124148
1950,0x0001df0a,122634
1951,0x0000a373,41843
1952,0x00000084,132
1953,0x00000042,66
1954,0x00000084,132
1955,0x0000018c,396
1956,0x0000018c,396
1957,0x00000042,66
1958,0x0000007a,122
1959,0x00000069,105
1960,0x00000074,116
1961,0x00000042,66
1962,0x00008fc3,36803
1963,0x0001ddba,122298
1964,0x0001df0a,122634
1965,0x0000ce3e,52798
1966,0x00000084,132
1967,0x00000042,66
1968,0x00000108,264
1969,0x0000018c,396
1970,0x00000108,264
1971,0x000000e3,227
1972,0x00000074,116
1973,0x0000062b,1579
1974,0x0000a035,41013
1975,0x0001e4f4,124148
1976,0x0001df0a,122634
1977,0x0000b05d,45149
1978,0x00000084,132
1979,0x0000014a,330
1980,0x0000014a,330
1981,0x00000108,264
1982,0x00000042,66
1983,0x000000e3,227
1984,0x00000074,116
1985,0x00000042,66
1986,0x000015c0,5568
1987,0x000079b7,31159
1988,0x0001e056,122966
1989,0x0001df0a,122634
1990,0x0000ccd9,52441
1991,0x00000084,132
1992,0x00000042,66
1993,0x0000014a,330
1994,0x0000014a,330
1995,0x00000108,264
1996,0x000000e3,227
1997,0x00000074,116
1998,0x00001281,4737
1999,0x00001159,4441
2000,0x0001e4f4,124148
2001,0x0001df0a,122634
2002,0x0001332f,78639
2003,0x00000042,66
2004,0x00000042,66
2005,0x00000042,66
2006,0x000000c6,198
2007,0x0000018c,396
2008,0x00000108,264
2009,0x0000014c,332
2010,0x00000074,116
2011,0x00000042,66
2012,0x00000074,116
2013,0x000002ca,714
2014,0x0000d789,55177
2015,0x0001df0a,122634
2016,0x0001df0a,122634
2017,0x0000829f,33439
2018,0x00000042,66
2019,0x00000042,66
2020,0x00000042,66
2021,0x00000108,264
2022,0x00000108,264
2023,0x0000018c,396
2024,0x000000e3,227
2025,0x00000074,116
2026,0x000000c9,201
2027,0x00001914,6420
2028,0x00019228,102952
2029,0x0001df0a,122634
2030,0x00019003,102403
2031,0x00000084,132
2032,0x00000042,66
2033,0x00000108,264
2034,0x0000018c,396
2035,0x00000108,264
2036,0x000000e3,227
2037,0x0000003c,60
2038,0x00000074,116
2039,0x00000634,1588
2040,0x0000e615,58901
2041,0x0001df0a,122634
2042,0x0001df0a,122634
2043,0x000070a9,28841
2044,0x00000042,66
2045,0x00000084,132
2046,0x00000042,66
2047,0x000001ce,462
2048,0x0000014a,330
2049,0x00000084,132
2050,0x0000007a,122
2051,0x00000069,105
2052,0x00000074,116
2053,0x00000042,66
2054,0x0000169d,5789
2055,0x00010aa9,68265
2056,0x0001df0a,122634
2057,0x0001e4f4,124148
2058,0x00003585,13701
2059,0x00000042,66
2060,0x00000042,66
2061,0x00000042,66
2062,0x000000c6,198
2063,0x0000014a,330
2064,0x0000014a,330
2065,0x00000084,132
2066,0x000000e3,227
2067,0x00000074,116
2068,0x000002c8,712
2069,0x0000d73a,55098
2070,0x0001e4f4,124148
2071,0x0001df0a,122634
2072,0x00007cc2,31938
2073,0x00000084,132
2074,0x000000c6,198
2075,0x00000084,132
2076,0x000001ce,462
2077,0x0000014c,332
2078,0x00000074,116
2079,0x00000042,66
2080,0x00000074,116
2081,0x0000017f,383
2082,0x0000180f,6159
2083,0x00013972,80242
2084,0x0001df0a,122634
2085,0x0001df0a,122634
2086,0x000003d2,978
2087,0x00000042,66
2088,0x00000042,66
2089,0x000000c6,198
2090,0x00000108,264
2091,0x0000014a,330
2092,0x000000c6,198
2093,0x0000007a,122
2094,0x00000069,105
2095,0x00000074,116
2096,0x00000042,66
2097,0x000016d8,5848
2098,0x0000ac6b,44139
2099,0x0001df0a,122634
2100,0x0001df0a,122634
2101,0x00009978,39288
2102,0x00000084,132
2103,0x00000042,66
2104,0x00000042,66
2105,0x0000018c,396
2106,0x00000108,264
2107,0x00000108,264
2108,0x0000007a,122
2109,0x00000069,105
2110,0x00000060,96
2111,0x00000067,103
2112,0x00000042,66
2113,0x00001277,4727
2114,0x00011c91,72849
2115,0x0001dd6f,122223
2116,0x0001e4f4,124148
2117,0x0000290d,10509
2118,0x00000084,132
2119,0x00000042,66
2120,0x00000042,66
2121,0x0000014a,330
2122,0x0000014a,330
2123,0x00000108,264
2124,0x000000e3,227
2125,0x00000074,116
2126,0x00000042,66
2127,0x00001698,5784
2128,0x0000e6a6,59046
2129,0x0001df0a,122634
2130,0x0001e4f4,124148
2131,0x00005946,22854
2132,0x00000084,132
2133,0x00000042,66
2134,0x000001ce,462
2135,0x000000c6,198
2136,0x00000108,264
2137,0x0000007a,122
2138,0x00000069,105
2139,0x00000074,116
2140,0x000016df,5855
2141,0x00008e6a,36458
2142,0x0001e4f4,124148
2143,0x0001df0a,122634
2144,0x0000b1c4,45508
2145,0x00000042,66
2146,0x00000042,66
2147,0x00000042,66
2148,0x00000042,66
2149,0x0000018c,396
2150,0x000000c6,198
2151,0x0000014a,330
2152,0x000000e3,227
2153,0x00000069,105
2154,0x00000074,116
2155,0x000000b6,182
2156,0x000004df,1247
2157,0x00001285,4741
2158,0x00018654,99924
2159,0x0001e4f4,124148
2160,0x0001985d,104541
2161,0x00000084,132
2162,0x00000042,66
2163,0x00000108,264
2164,0x0000014a,330
2165,0x00000108,264
2166,0x00000042,66
2167,0x000000e3,227
2168,0x00000074,116
2169,0x0000018d,397
2170,0x0000157c,5500
2171,0x0001d920,121120
2172,0x0001df0a,122634
2173,0x00014b7b,84859
2174,0x00000084,132
2175,0x00000042,66
2176,0x00000042,66
2177,0x0000014a,330
2178,0x0000018c,396
2179,0x00000108,264
2180,0x000000e3,227
2181,0x00000074,116
2182,0x00001479,5241
2183,0x00000399,921
2184,0x00010c3d,68669
2185,0x0001df0a,122634
2186,0x0001e4f4,124148
2187,0x00003315,13077
2188,0x00000042,66
2189,0x00000042,66
2190,0x00000042,66
2191,0x00000108,264
2192,0x0000018c,396
2193,0x00000108,264
2194,0x000000e3,227
2195,0x00000084,132
2196,0x00000074,116
2197,0x0000043c,1084
2198,0x00006213,25107
2199,0x0001df0a,122634
2200,0x0001e4f4,124148
2201,0x0000f116,61718
2202,0x00000093,147
2203,0x00000084,132
2204,0x00000042,66
2205,0x000001ce,462
2206,0x000000c6,198
2207,0x0000014a,330
2208,0x000000bc,188
2209,0x00001159,4441
2210,0x00001908,6408
2211,0x0000181c,6172
2212,0x000047c0,18368
2213,0x00002fee,12270
2214,0x00003b24,15140
2215,0x00003ba8,15272
2216,0x00002d7d,11645
2217,0x00005cc4,23748
2218,0x0001a3e6,107494
2219,0x0001df0a,122634
2220,0x0001df0a,122634
2221,0x00007ff7,32759
2222,0x000046f8,18168
2223,0x00003b24,15140
2224,0x0000353a,13626
2225,0x00004ce2,19682
2226,0x00000084,132
2227,0x00008848,34888
2228,0x00007124,28964
2229,0x0000014a,330
2230,0x00009b50,39760
2231,0x00000042,66
2232,0x00000591,1425
2233,0x000000e3,227
2234,0x00000069,105
2235,0x00000074,116
2236,0x00000042,66
2237,0x00000074,116
2238,0x000006b5,1717
2239,0x00003b24,15140
2240,0x0001df0a,122634
2241,0x0001df0a,122634
2242,0x00011ade,72414
2243,0x00000084,132
2244,0x00000042,66
2245,0x000001ce,462
2246,0x000000c6,198
2247,0x00000108,264
2248,0x000000e3,227
2249,0x00000074,116
2250,0x0000018d,397
2251,0x00000626,1574
2252,0x00018b26,101158
2253,0x0001df0a,122634
2254,0x0001a977,108919
2255,0x00000042,66
2256,0x00000042,66
2257,0x00000042,66
2258,0x000000c6,198
2259,0x0000014a,330
2260,0x00000108,264
2261,0x00000084,132
2262,0x000000e3,227
2263,0x00000074,116
2264,0x0000018c,396
2265,0x000015d5,5589
2266,0x0001806a,98410
2267,0x0001e4f4,124148
2268,0x00019e47,106055
2269,0x00000042,66
2270,0x00000042,66
2271,0x00000042,66
2272,0x0000018c,396
2273,0x00000108,264
2274,0x00000108,264
2275,0x0000007a,122
2276,0x00000069,105
2277,0x00000074,116
2278,0x00001477,5239
2279,0x000002f6,758
2280,0x0001d920,121120
2281,0x0001e4f4,124148
2282,0x00014591,83345
2283,0x00000042,66
2284,0x00000042,66
2285,0x000000c6,198
2286,0x0000014a,330
2287,0x0000018c,396
2288,0x00000042,66
2289,0x000000e3,227
2290,0x00000074,116
2291,0x000002d8,728
2292,0x000003e7,999
2293,0x000134ed,79085
2294,0x0001df0a,122634
2295,0x0001e4f4,124148
2296,0x00001b6d,7021
2297,0x00000084,132
2298,0x00000042,66
2299,0x000000c6,198
2300,0x0000018c,396
2301,0x00000108,264
2302,0x00000042,66
2303,0x0000014c,332
2304,0x00000074,116
2305,0x000000b6,182
2306,0x00000042,66
2307,0x0000165b,5723
2308,0x0000c3b1,50097
2309,0x0001df0a,122634
2310,0x0001e4f4,124148
2311,0x00007c7d,31869
2312,0x00000042,66
2313,0x00000042,66
2314,0x00000042,66
2315,0x0000014a,330
2316,0x0000014a,330
2317,0x00000108,264
2318,0x00000042,66
2319,0x000000e3,227
2320,0x00000074,116
2321,0x0000018b,395
2322,0x00001588,5512
2323,0x00012447,74823
2324,0x0001df0a,122634
2325,0x0001e4f4,124148
2326,0x00001b6d,7021
2327,0x00000084,132
2328,0x00000042,66
2329,0x00000084,132
2330,0x0000018c,396
2331,0x0000014a,330
2332,0x00000084,132
2333,0x0000007a,122
2334,0x000001ad,429
2335,0x00000074,116
2336,0x00000042,66
2337,0x00000530,1328
2338,0x00015159,86361
2339,0x0001e4f4,124148
2340,0x0001df55,122709
2341,0x0000014a,330
2342,0x00000084,132
2343,0x0000034f,847
2344,0x00000042,66
2345,0x00000210,528
2346,0x00000084,132
2347,0x000000c6,198
2348,0x0000018c,396
2349,0x0000039a,922
2350,0x00004930,18736
2351,0x000019b8,6584
2352,0x000071f8,29176
2353,0x0000a6f5,42741
2354,0x0000ca1b,51739
2355,0x0000f864,63588
2356,0x0000f330,62256
2357,0x0000e9f2,59890
2358,0x000008b3,2227
2359,0x00000f60,3936
2360,0x00013f5c,81756
2361,0x0001df0a,122634
2362,0x0001e1ab,123307
2363,0x0000a80e,43022
2364,0x0000648a,25738
2365,0x00003b24,15140
2366,0x0000b16c,45420
2367,0x0000b1ae,45486
2368,0x0000066e,1646
2369,0x00000108,264
2370,0x000094a0,38048
2371,0x000036c6,14022
2372,0x0000941c,37916
2373,0x0000d4e8,54504
2374,0x00000bd4,3028
2375,0x00002966,10598
2376,0x0000066d,1645
2377,0x00000042,66
2378,0x00000084,132
2379,0x00000420,1056
2380,0x0000039c,924
2381,0x000003de,990
2382,0x00000420,1056
2383,0x00000840,2112
2384,0x00000042,66
2385,0x0000039c,924
2386,0x00000184,388
2387,0x00000069,105
2388,0x0000012a,298
2389,0x00000067,103
2390,0x0000018d,397
2391,0x000015b4,5556
2392,0x0001663d,91709
2393,0x0001df0a,122634
2394,0x0001e26a,123498
2395,0x000156ab,87723
2396,0x000052cc,21196
2397,0x000099c4,39364
2398,0x00000bd4,3028
2399,0x0000bd40,48448
2400,0x000046f8,18168
2401,0x00005f24,24356
2402,0x00008df0,36336
2403,0x0000a5da,42458
2404,0x000011ef,4591
2405,0x0000018c,396
2406,0x00000108,264
2407,0x000000e3,227
2408,0x00000084,132
2409,0x000000b6,182
2410,0x00000210,528
2411,0x00000738,1848
2412,0x000000c6,198
2413,0x00000841,2113
2414,0x0000053d,1341
2415,0x000146cf,83663
2416,0x0001e222,123426
2417,0x0001df0a,122634
2418,0x00001324,4900
2419,0x00000067,103
2420,0x00000042,66
2421,0x00000084,132
2422,0x000013b8,5048
2423,0x0000eeb8,61112
2424,0x00002173,8563
2425,0x0000d006,53254
2426,0x00003b66,15206
2427,0x0000f35d,62301
2428,0x000046f8,18168
2429,0x0000237c,9084
2430,0x00012828,75816
2431,0x00006af7,27383
2432,0x00001697,5783
2433,0x000093da,37850
2434,0x0001df0a,122634
2435,0x0001df0a,122634
2436,0x0000b1fc,45564
2437,0x00000084,132
2438,0x00000042,66
2439,0x0000035a,858
2440,0x0000035a,858
2441,0x00000294,660
2442,0x000002d6,726
2443,0x00000630,1584
2444,0x00000318,792
2445,0x00000252,594
2446,0x0000022f,559
2447,0x00000074,116
2448,0x000000db,219
2449,0x0000018b,395
2450,0x00001616,5654
2451,0x00019812,104466
2452,0x0001df0a,122634
2453,0x0001e059,122969
2454,0x00015bbf,89023
2455,0x0000410e,16654
2456,0x00007c32,31794
2457,0x00010a22,68130
2458,0x00014546,83270
2459,0x0000477c,18300
2460,0x000016d1,5841
2461,0x000000c6,198
2462,0x0000014a,330
2463,0x00000108,264
2464,0x000000c6,198
2465,0x00000125,293
2466,0x00000042,66
2467,0x00000042,66
2468,0x000003ce,974
2469,0x000003de,990
2470,0x0000014a,330
2471,0x00000528,1320
2472,0x0000050c,1292
2473,0x0000160a,5642
2474,0x00010a22,68130
2475,0x0001dfed,122861
2476,0x0001df0a,122634
2477,0x00003acb,15051
2478,0x00000067,103
2479,0x00000042,66
2480,0x00000321,801
2481,0x0000bcc4,48324
2482,0x0000e0bc,57532
2483,0x00008ef8,36600
2484,0x000128bc,75964
2485,0x00000776,1910
2486,0x000133ca,78794
2487,0x00008c30,35888
2488,0x00000074,116
2489,0x00000042,66
2490,0x000000c6,198
2491,0x0000cae5,51941
2492,0x0001e397,123799
2493,0x0001dbb4,121780
2494,0x0000931a,37658
2495,0x00000d68,3432
2496,0x00000042,66
2497,0x000000c6,198
2498,0x00000084,132
2499,0x00000042,66
2500,0x000000c6,198
2501,0x0000018c,396
2502,0x00000108,264
2503,0x00000069,105
2504,0x00000184,388
2505,0x00000074,116
2506,0x00000074,116
2507,0x00000042,66
2508,0x00000074,116
2509,0x00000042,66
2510,0x0000f12c,61740
2511,0x0000e205,57861
2512,0x00000042,66
2513,0x0001d187,119175
2514,0x0001dfae,122798
2515,0x0001df0a,122634
2516,0x0001e4d3,124115
2517,0x0000ebd3,60371
2518,0x00000042,66
2519,0x00000042,66
2520,0x0000014a,330
2521,0x00000108,264
2522,0x0000018c,396
2523,0x00000630,1584
2524,0x000008c4,2244
2525,0x00000462,1122
2526,0x000006f6,1782
2527,0x000002b1,689
2528,0x0000007a,122
2529,0x00000069,105
2530,0x00000074,116
2531,0x00000074,116
2532,0x00001577,5495
2533,0x0000edf2,60914
2534,0x0001e536,124214
2535,0x0001db3b,121659
2536,0x0001e541,124225
2537,0x0000705e,28766
2538,0x0001afba,110522
2539,0x0000648a,25738
2540,0x0001077f,67455
2541,0x00000084,132
2542,0x00000042,66
2543,0x000001ce,462
2544,0x0000014a,330
2545,0x0000014a,330
2546,0x0000049a,1178
2547,0x00000c87,3207
2548,0x00000042,66
2549,0x00000c0e,3086
2550,0x0000018c,396
2551,0x00006283,25219
2552,0x0001df0a,122634
2553,0x0001e4f4,124148
2554,0x0000f30a,62218
2555,0x00000084,132
2556,0x000000c6,198
2557,0x00000042,66
2558,0x000001ce,462
2559,0x000001ed,493
2560,0x00000074,116
2561,0x0000012a,298
2562,0x0000045b,1115
2563,0x00007101,28929
2564,0x0001df0a,122634
2565,0x0001dfae,122798
2566,0x0001df0a,122634
2567,0x0001e4f4,124148
2568,0x00017a27,96807
2569,0x0000c3ba,50106
2570,0x00000084,132
2571,0x00000084,132
2572,0x0000014a,330
2573,0x000001ce,462
2574,0x00000462,1122
2575,0x000007fe,2046
2576,0x00000630,1584
2577,0x00000840,2112
2578,0x00000210,528
2579,0x0000015d,349
2580,0x00000069,105
2581,0x000000e8,232
2582,0x00000458,1112
2583,0x0000bf06,48902
2584,0x0001e630,124464
2585,0x0001df0a,122634
2586,0x0001dcf2,122098
2587,0x00013518,79128
2588,0x000093da,37850
2589,0x0001d336,119606
2590,0x0000342b,13355
2591,0x00000084,132
2592,0x00000042,66
2593,0x000000c6,198
2594,0x00000108,264
2595,0x00000210,528
2596,0x00000042,66
2597,0x00000167,359
2598,0x0000018c,396
2599,0x00000108,264
2600,0x0000013a,314
2601,0x0000062b,1579
2602,0x00004003,16387
2603,0x0001df0a,122634
2604,0x0001df0a,122634
2605,0x00011686,71302
2606,0x00000084,132
2607,0x00000042,66
2608,0x000001ce,462
2609,0x0000014a,330
2610,0x000000c6,198
2611,0x0000014c,332
2612,0x000000e3,227
2613,0x00000074,116
2614,0x00000074,116
2615,0x000000b6,182
2616,0x00000191,401
2617,0x000037f9,14329
2618,0x0001e201,123393
2619,0x0001df0a,122634
2620,0x0001e4f4,124148
2621,0x0001df0a,122634
2622,0x0001df0a,122634
2623,0x000097c1,38849
2624,0x00000084,132
2625,0x00000084,132
2626,0x00000042,66
2627,0x00000108,264
2628,0x000001ce,462
2629,0x0000014a,330
2630,0x000001ce,462
2631,0x0000018c,396
2632,0x00000140,320
2633,0x000000e3,227
2634,0x00000069,105
2635,0x00000074,116
2636,0x00000074,116
2637,0x00000205,517
2638,0x00004665,18021
2639,0x0001e0fc,123132
2640,0x0001df4c,122700
2641,0x0001df4c,122700
2642,0x0001df0a,122634
2643,0x0001e42a,123946
2644,0x00008bcb,35787
2645,0x000000c6,198
2646,0x00000042,66
2647,0x00000042,66
2648,0x00000108,264
2649,0x00000210,528
2650,0x0000014a,330
2651,0x000001ce,462
2652,0x000001ce,462
2653,0x000001ce,462
2654,0x00000125,293
2655,0x00000252,594
2656,0x00000210,528
2657,0x0000017c,380
2658,0x00000042,66
2659,0x000000c6,198
2660,0x00000042,66
2661,0x0000014a,330
2662,0x00000623,1571
2663,0x00010708,67336
2664,0x0001df4c,122700
2665,0x0001df4c,122700
2666,0x00004aff,19199
2667,0x00000084,132
2668,0x0000014a,330
2669,0x00000108,264
2670,0x0000014a,330
2671,0x00000042,66
2672,0x000002a9,681
2673,0x00000069,105
2674,0x00000074,116
2675,0x00000074,116
2676,0x000000b6,182
2677,0x00000067,103
2678,0x00000356,854
2679,0x00009b9b,39835
2680,0x0001dbd0,121808
2681,0x0001e63f,124479
2682,0x0001dc76,121974
2683,0x0001e4f4,124148
2684,0x0001df55,122709
2685,0x00003470,13424
2686,0x0000018d,397
2687,0x000006ad,1709
2688,0x00019ac4,105156
2689,0x00007d3a,32058
2690,0x000030dc,12508
2691,0x00011198,70040
2692,0x0000a7a8,42920
2693,0x0000018c,396
2694,0x000119ab,72107
2695,0x0000007a,122
2696,0x0000014c,332
2697,0x00000074,116
2698,0x00000074,116
2699,0x000000c6,198
2700,0x00000084,132
2701,0x00000e30,3632
2702,0x00009d58,40280
2703,0x0001df49,122697
2704,0x0001ddc4,122308
2705,0x0001df4c,122700
2706,0x0001df8e,122766
2707,0x0001e42a,123946
2708,0x00003bed,15341
2709,0x00000738,1848
2710,0x0000018c,396
2711,0x000000c6,198
2712,0x00000042,66
2713,0x000000c6,198
2714,0x0000014a,330
2715,0x00000210,528
2716,0x00000108,264
2717,0x000001ce,462
2718,0x0000014a,330
2719,0x000002a9,681
2720,0x00000069,105
2721,0x0000014f,335
2722,0x00000074,116
2723,0x00000335,821
2724,0x00017d58,97624
2725,0x0001e048,122952
2726,0x0001dceb,122091
2727,0x0001e3dc,123868
2728,0x0001dcce,122062
2729,0x0001e4f4,124148
2730,0x0001df0a,122634
2731,0x0001df0a,122634
2732,0x0000b046,45126
2733,0x00000042,66
2734,0x00000084,132
2735,0x0000018c,396
2736,0x000001aa,426
2737,0x000001ce,462
2738,0x00000462,1122
2739,0x00000420,1056
2740,0x000002cc,716
2741,0x00000615,1557
2742,0x0000018c,396
2743,0x00000367,871
2744,0x000004e6,1254
2745,0x00000042,66
2746,0x00000494,1172
2747,0x00000752,1874
2748,0x0000be8a,48778
2749,0x0001e4f4,124148
2750,0x00013652,79442
2751,0x0001b9d7,113111
2752,0x0001e1a5,123301
2753,0x0001df0a,122634
2754,0x0000db1d,56093
2755,0x00000084,132
2756,0x0000014a,330
2757,0x0000018c,396
2758,0x0000014a,330
2759,0x0000018c,396
2760,0x0000014a,330
2761,0x000000c6,198
2762,0x000001d7,471
2763,0x0000013b,315
2764,0x00000074,116
2765,0x000000b6,182
2766,0x000000db,219
2767,0x000002f3,755
2768,0x00006852,26706
2769,0x0001e536,124214
2770,0x0001d7de,120798
2771,0x000175d4,95700
2772,0x0001dac8,121544
2773,0x0001df0a,122634
2774,0x0001df0a,122634
2775,0x0001df0a,122634
2776,0x0001e331,123697
2777,0x000051bd,20925
2778,0x00000084,132
2779,0x0000014a,330
2780,0x00000294,660
2781,0x000000c6,198
2782,0x00000318,792
2783,0x0000056a,1386
2784,0x0000039c,924
2785,0x0000064d,1613
2786,0x00000420,1056
2787,0x00000462,1122
2788,0x00000325,805
2789,0x00000084,132
2790,0x000000b6,182
2791,0x00000599,1433
2792,0x0001df0a,122634
2793,0x0001df0a,122634
2794,0x0001584f,88143
2795,0x000039d5,14805
2796,0x0001df0a,122634
2797,0x0001df0a,122634
2798,0x000120c8,73928
2799,0x00000042,66
2800,0x00000084,132
2801,0x00000042,66
2802,0x0000014a,330
2803,0x0000018c,396
2804,0x00000108,264
2805,0x00000108,264
2806,0x0000014a,330
2807,0x00000108,264
2808,0x000000e3,227
2809,0x0000022f,559
2810,0x0000011d,285
2811,0x000000e8,232
2812,0x00000042,66
2813,0x000009e1,2529
2814,0x0000f716,63254
2815,0x0001e0e0,123104
2816,0x0001ddf2,122354
2817,0x0001df0a,122634
2818,0x0001e054,122964
2819,0x0001e4f4,124148
2820,0x0001dd1d,122141
2821,0x0001df0a,122634
2822,0x00012f8e,77710
2823,0x000000c6,198
2824,0x000000c6,198
2825,0x000006b4,1716
2826,0x000000c6,198
2827,0x000004a4,1188
2828,0x000005ac,1452
2829,0x0000039c,924
2830,0x00000252,594
2831,0x0000056a,1386
2832,0x0000022d,557
2833,0x00000140,320
2834,0x00000069,105
2835,0x00000074,116
2836,0x00000067,103
2837,0x00000192,402
2838,0x0000159b,5531
2839,0x0001a428,107560
2840,0x0001de66,122470
2841,0x0001e1cc,123340
2842,0x0001e0fc,123132
2843,0x0000bd40,48448
2844,0x00019812,104466
2845,0x000084c9,33993
2846,0x0000237c,9084
2847,0x00000084,132
2848,0x00000042,66
2849,0x00000084,132
2850,0x0000018c,396
2851,0x0000018c,396
2852,0x0000014a,330
2853,0x000006b4,1716
2854,0x00000084,132
2855,0x00000318,792
2856,0x00000042,66
2857,0x0000018c,396
2858,0x0000014a,330
2859,0x000001ed,493
2860,0x000000e3,227
2861,0x000000e8,232
2862,0x00000067,103
2863,0x00000074,116
2864,0x00000c10,3088
2865,0x0001df4c,122700
2866,0x0001e116,123158
2867,0x0001defc,122620
2868,0x0001df8a,122762
2869,0x0001df0a,122634
2870,0x0001e4f4,124148
2871,0x0001de23,122403
2872,0x0001806a,98410
2873,0x00004ce2,19682
2874,0x0000565f,22111
2875,0x00000108,264
2876,0x0000018c,396
2877,0x0000014a,330
2878,0x00000084,132
2879,0x0000007a,122
2880,0x000001b3,435
2881,0x000004e6,1254
2882,0x000004e6,1254
2883,0x000002d6,726
2884,0x000004e6,1254
2885,0x000003ce,974
2886,0x0000043d,1085
2887,0x00000356,854
2888,0x0000e961,59745
2889,0x0001e1d3,123347
2890,0x0001df0a,122634
2891,0x00006e39,28217
2892,0x000006b2,1714
2893,0x000092cf,37583
2894,0x0001df0a,122634
2895,0x0001df0a,122634
2896,0x0000be51,48721
2897,0x00000108,264
2898,0x0000014a,330
2899,0x0000018c,396
2900,0x00000084,132
2901,0x00000042,66
2902,0x00000108,264
2903,0x0000018c,396
2904,0x00000108,264
2905,0x000002d0,720
2906,0x00000074,116
2907,0x00000191,401
2908,0x00000806,2054
2909,0x00003305,13061
2910,0x0001e4f4,124148
2911,0x0001e059,122969
2912,0x0001df0a,122634
2913,0x0001dd4d,122189
2914,0x0001e4f4,124148
2915,0x0001df0a,122634
2916,0x0001ddba,122298
2917,0x00011fdd,73693
2918,0x0000ccd9,52441
2919,0x00000042,66
2920,0x00000042,66
2921,0x000001ce,462
2922,0x00000210,528
2923,0x00000210,528
2924,0x00000420,1056
2925,0x000005a2,1442
2926,0x00000657,1623
2927,0x0000056a,1386
2928,0x00000672,1650
2929,0x00000172,370
2930,0x00000069,105
2931,0x00000190,400
2932,0x00013fd0,81872
2933,0x0001e350,123728
2934,0x0001df0a,122634
2935,0x00001720,5920
2936,0x000016a9,5801
2937,0x0000016d,365
2938,0x00019dfc,105980
2939,0x0001df0a,122634
2940,0x0001868c,99980
2941,0x00000042,66
2942,0x000001ce,462
2943,0x00000108,264
2944,0x00000108,264
2945,0x00000042,66
2946,0x00000042,66
2947,0x000001ce,462
2948,0x0000014a,330
2949,0x00000084,132
2950,0x0000015d,349
2951,0x000001b5,437
2952,0x0000015c,348
2953,0x000000b6,182
2954,0x00000084,132
2955,0x0000065b,1627
2956,0x000049c4,18884
2957,0x0001dfae,122798
2958,0x0001e4f4,124148
2959,0x0001df0a,122634
2960,0x0001df0a,122634
2961,0x0001e047,122951
2962,0x0001e4b2,124082
2963,0x0001df0a,122634
2964,0x000112a8,70312
2965,0x0000c671,50801
2966,0x00000071,113
2967,0x00000084,132
2968,0x0000014a,330
2969,0x0000018c,396
2970,0x000001ce,462
2971,0x000000c6,198
2972,0x000003b9,953
2973,0x0000056a,1386
2974,0x00000738,1848
2975,0x000005ac,1452
2976,0x0000039c,924
2977,0x000003c4,964
2978,0x00000069,105
2979,0x00000042,66
2980,0x000016f4,5876
2981,0x00019dfc,105980
2982,0x0001df0a,122634
2983,0x0001869f,99999
2984,0x00000191,401
2985,0x00001780,6016
2986,0x0001d920,121120
2987,0x0001e4f4,124148
2988,0x000143bb,82875
2989,0x00000042,66
2990,0x00000042,66
2991,0x0000018c,396
2992,0x00000108,264
2993,0x00000108,264
2994,0x00000042,66
2995,0x00000084,132
2996,0x000001ce,462
2997,0x0000014a,330
2998,0x00000084,132
2999,0x0000015d,349
3000,0x000001b5,437
3001,0x00000074,116
3002,0x00000074,116
3003,0x000000b6,182
3004,0x00000074,116
3005,0x00000042,66
3006,0x000014e0,5344
3007,0x0000711e,28958
3008,0x0001e057,122967
3009,0x0001df4c,122700
3010,0x0001e125,123173
3011,0x0001df52,122706
3012,0x0001df0a,122634
3013,0x0001e4f4,124148
3014,0x0001df0a,122634
3015,0x0001a785,108421
3016,0x00000084,132
3017,0x00000042,66
3018,0x000001ce,462
3019,0x000001ce,462
3020,0x000000c6,198
3021,0x00000140,320
3022,0x00000279,633
3023,0x00000108,264
3024,0x00000210,528
3025,0x0000018c,396
3026,0x000001be,446
3027,0x00000042,66
3028,0x00000262,610
3029,0x00001643,5699
3030,0x00009bdf,39903
3031,0x0001df0a,122634
3032,0x0001df7e,122750
3033,0x0000a96a,43370
3034,0x00003577,13687
3035,0x0001df0a,122634
3036,0x0001e4f4,124148
3037,0x000121d3,74195
3038,0x00000042,66
3039,0x00000084,132
3040,0x0000018c,396
3041,0x0000014a,330
3042,0x000000c6,198
3043,0x00000042,66
3044,0x00000042,66
3045,0x000001ce,462
3046,0x00000108,264
3047,0x00000108,264
3048,0x000000e3,227
3049,0x000001ed,493
3050,0x00000074,116
3051,0x000000e8,232
3052,0x000000b6,182
3053,0x00000042,66
3054,0x00006698,26264
3055,0x0001e077,122999
3056,0x00001f6c,8044
3057,0x0001a1f1,106993
3058,0x0001df0a,122634
3059,0x0001e4f4,124148
3060,0x0001dda5,122277
3061,0x0001df0a,122634
3062,0x0001e4f4,124148
3063,0x0001dc9c,122012
3064,0x00000635,1589
3065,0x00000042,66
3066,0x00000042,66
3067,0x00000042,66
3068,0x00000210,528
3069,0x0000018c,396
3070,0x000001ce,462
3071,0x0000018c,396
3072,0x0000026f,623
3073,0x00000210,528
3074,0x00000108,264
3075,0x0000014a,330
3076,0x00000157,343
3077,0x000002ca,714
3078,0x00002454,9300
3079,0x0001e4f4,124148
3080,0x000046f8,18168
3081,0x0001b5a4,112036
3082,0x00009fae,40878
3083,0x000080c0,32960
3084,0x00000a89,2697
3085,0x00019812,104466
3086,0x0001df0a,122634
3087,0x00018bf2,101362
3088,0x00000084,132
3089,0x000000c6,198
3090,0x0000014a,330
3091,0x0000014a,330
3092,0x000000c6,198
3093,0x00000042,66
3094,0x0000014a,330
3095,0x00000108,264
3096,0x0000018c,396
3097,0x00000042,66
3098,0x000002a9,681
3099,0x00000069,105
3100,0x00000074,116
3101,0x0000019e,414
3102,0x0000031e,798
3103,0x000100e4,65764
3104,0x0001ded6,122582
3105,0x0001e37e,123774
3106,0x0001dfb6,122806
3107,0x0001df0a,122634
3108,0x0001df0a,122634
3109,0x0001e443,123971
3110,0x0001e251,123473
3111,0x000125c7,75207
3112,0x00000084,132
3113,0x000000c6,198
3114,0x00000042,66
3115,0x00000252,594
3116,0x00000108,264
3117,0x00000210,528
3118,0x000001ce,462
3119,0x0000018c,396
3120,0x00000248,584
3121,0x000001b3,435
3122,0x00000206,518
3123,0x000000dd,221
3124,0x00000074,116
3125,0x00000191,401
3126,0x00009d5e,40286
3127,0x0001e054,122964
3128,0x0001e0d9,123097
3129,0x000173e1,95201
3130,0x00019228,102952
3131,0x0000f864,63588
3132,0x00014546,83270
3133,0x000091ed,37357
3134,0x00000042,66
3135,0x00000042,66
3136,0x00000042,66
3137,0x0000014a,330
3138,0x000001ce,462
3139,0x00000108,264
3140,0x0000018c,396
3141,0x00000108,264
3142,0x0000014a,330
3143,0x00000069,105
3144,0x00000240,576
3145,0x00000069,105
3146,0x000001d0,464
3147,0x0000093d,2365
3148,0x0001dcca,122058
3149,0x0001e1d6,123350
3150,0x0001de38,122424
3151,0x0001e182,123266
3152,0x0001e4bc,124092
3153,0x0001e150,123216
3154,0x0001340b,78859
3155,0x0001bb8e,113550
3156,0x00011433,70707
3157,0x00000084,132
3158,0x00002f50,12112
3159,0x00000108,264
3160,0x00000108,264
3161,0x000001ce,462
3162,0x0000018c,396
3163,0x000001ce,462
3164,0x000001c4,452
3165,0x000001b3,435
3166,0x000001c4,452
3167,0x000001f5,501
3168,0x00000074,116
3169,0x00000074,116
3170,0x00000042,66
3171,0x0000f275,62069
3172,0x0001df0a,122634
3173,0x0001e35a,123738
3174,0x000083ed,33773
3175,0x0001df0a,122634
3176,0x0001df0a,122634
3177,0x00013f03,81667
3178,0x00000084,132
3179,0x00000042,66
3180,0x00000042,66
3181,0x00000210,528
3182,0x00000108,264
3183,0x0000014a,330
3184,0x0000014a,330
3185,0x00000108,264
3186,0x00000084,132
3187,0x000002e1,737
3188,0x000000b6,182
3189,0x0000012a,298
3190,0x0000042d,1069
3191,0x000005db,1499
3192,0x00001348,4936
3193,0x0001071b,67355
3194,0x0001e4f4,124148
3195,0x0001df24,122660
3196,0x0001df0a,122634
3197,0x0001e434,123956
3198,0x0001ddf2,122354
3199,0x0001df0a,122634
3200,0x0001e369,123753
3201,0x000104bb,66747
3202,0x00000042,66
3203,0x00000084,132
3204,0x00000084,132
3205,0x00000252,594
3206,0x0000018c,396
3207,0x00000084,132
3208,0x0000018c,396
3209,0x0000026f,623
3210,0x0000018c,396
3211,0x000001ce,462
3212,0x000001ce,462
3213,0x000001be,446
3214,0x0000007a,122
3215,0x000000ab,171
3216,0x0000653a,25914
3217,0x0001df0a,122634
3218,0x0001df7e,122750
3219,0x0000f6d9,63193
3220,0x000003aa,938
3221,0x00004b59,19289
3222,0x000139b4,80308
3223,0x0000bd82,48514
3224,0x0000d52a,54570
3225,0x00010bf0,68592
3226,0x0000890e,35086
3227,0x00004da8,19880
3228,0x00002199,8601
3229,0x00000084,132
3230,0x00000042,66
3231,0x0000014a,330
3232,0x0000014a,330
3233,0x00000108,264
3234,0x00000267,615
3235,0x00000069,105
3236,0x0000019e,414
3237,0x00000074,116
3238,0x000005cb,1483
3239,0x00012574,75124
3240,0x0001ddb8,122296
3241,0x0001e098,123032
3242,0x0001e1d2,123346
3243,0x0001df0a,122634
3244,0x0001e286,123526
3245,0x0001b969,113001
3246,0x000093da,37850
3247,0x00010438,66616
3248,0x0000d4e8,54504
3249,0x0000353a,13626
3250,0x0000690b,26891
3251,0x00000084,132
3252,0x00000108,264
3253,0x000001ce,462
3254,0x0000014a,330
3255,0x00000210,528
3256,0x00000108,264
3257,0x00000206,518
3258,0x000000e3,227
3259,0x00000069,105
3260,0x00000232,562
3261,0x00000108,264
3262,0x0000014a,330
3263,0x00000042,66
3264,0x00004050,16464
3265,0x0001df4c,122700
3266,0x0001dfd2,122834
3267,0x0001e2ba,123578
3268,0x0001e340,123712
3269,0x0001df0a,122634
3270,0x000091c2,37314
3271,0x00000042,66
3272,0x000000c6,198
3273,0x00000042,66
3274,0x00000108,264
3275,0x00000210,528
3276,0x00000108,264
3277,0x00000210,528
3278,0x0000018c,396
3279,0x00000108,264
3280,0x00000312,786
3281,0x00000074,116
3282,0x0000012a,298
3283,0x00000074,116
3284,0x00001383,4995
3285,0x0000052c,1324
3286,0x0000c3c4,50116
3287,0x0001e224,123428
3288,0x0001df0a,122634
3289,0x0001e048,122952
3290,0x0001db4f,121679
3291,0x0001e4f4,124148
3292,0x000181f9,98809
3293,0x0000c914,51476
3294,0x0000cefe,52990
3295,0x0000c914,51476
3296,0x0000c956,51542
3297,0x000061c7,25031
3298,0x00000084,132
3299,0x00000252,594
3300,0x000000c6,198
3301,0x000001ce,462
3302,0x00000108,264
3303,0x000002f3,755
3304,0x00000084,132
3305,0x00000125,293
3306,0x00000242,578
3307,0x000000c6,198
3308,0x0000017c,380
3309,0x0000043d,1085
3310,0x00004ad8,19160
3311,0x0001df0a,122634
3312,0x0001e2c3,123587
3313,0x0001e151,123217
3314,0x0001df0a,122634
3315,0x0001df0a,122634
3316,0x000085e1,34273
3317,0x00000042,66
3318,0x00000042,66
3319,0x00000084,132
3320,0x00000042,66
3321,0x0000018c,396
3322,0x0000018c,396
3323,0x0000018c,396
3324,0x000001ce,462
3325,0x00000108,264
3326,0x00000084,132
3327,0x000002a9,681
3328,0x00000069,105
3329,0x00000074,116
3330,0x000000b6,182
3331,0x000000e8,232
3332,0x0000018d,397
3333,0x000009d7,2519
3334,0x00019d93,105875
3335,0x00007d81,32129
3336,0x0001e25b,123483
3337,0x0001e153,123219
3338,0x0001df0a,122634
3339,0x0001df0a,122634
3340,0x0001df0a,122634
3341,0x0001e196,123286
3342,0x000127b4,75700
3343,0x000052cc,21196
3344,0x00006d83,28035
3345,0x00000042,66
3346,0x00000084,132
3347,0x00000042,66
3348,0x00000108,264
3349,0x00000108,264
3350,0x00000210,528
3351,0x0000014a,330
3352,0x0000018c,396
3353,0x0000018c,396
3354,0x0000018c,396
3355,0x00000206,518
3356,0x00000296,662
3357,0x000000e8,232
3358,0x000005db,1499
3359,0x000128a7,75943
3360,0x0001e0f8,123128
3361,0x0001e3b2,123826
3362,0x0001dcb9,122041
3363,0x0001e4f4,124148
3364,0x00018049,98377
3365,0x00000084,132
3366,0x00000042,66
3367,0x00000108,264
3368,0x00000210,528
3369,0x000001ce,462
3370,0x00000108,264
3371,0x000001ce,462
3372,0x000000c6,198
3373,0x00000184,388
3374,0x0000014c,332
3375,0x000000e8,232
3376,0x0000012a,298
3377,0x00000042,66
3378,0x00000887,2183
3379,0x00001d49,7497
3380,0x0001df0a,122634
3381,0x0001dcf5,122101
3382,0x0001e4f4,124148
3383,0x0001e06e,122990
3384,0x0001de40,122432
3385,0x0001df0a,122634
3386,0x0001e4f4,124148
3387,0x0001dd1d,122141
3388,0x000029e9,10729
3389,0x00000042,66
3390,0x00000084,132
3391,0x0000014a,330
3392,0x0000018c,396
3393,0x00000108,264
3394,0x00000210,528
3395,0x00000108,264
3396,0x0000028a,650
3397,0x00000279,633
3398,0x00000108,264
3399,0x00000206,518
3400,0x000000dd,221
3401,0x00000074,116
3402,0x0000017e,382
3403,0x00006a4f,27215
3404,0x0001e055,122965
3405,0x0001df0a,122634
3406,0x0001074a,67402
3407,0x00015704,87812
3408,0x0001df0a,122634
3409,0x0001ccf3,118003
3410,0x00000042,66
3411,0x00000084,132
3412,0x00000108,264
3413,0x00000108,264
3414,0x00000210,528
3415,0x0000018c,396
3416,0x0000014a,330
3417,0x0000014a,330
3418,0x00000069,105
3419,0x000002a9,681
3420,0x00000074,116
3421,0x0000012a,298
3422,0x00000074,116
3423,0x00000690,1680
3424,0x00001737,5943
3425,0x000108ca,67786
3426,0x0001de8a,122506
3427,0x0001e25d,123485
3428,0x0001df0a,122634
3429,0x0001df0a,122634
3430,0x0001e25e,123486
3431,0x0001df0a,122634
3432,0x000112f1,70385
3433,0x0000c32a,49962
3434,0x0001100c,69644
3435,0x00000427,1063
3436,0x00000042,66
3437,0x000000c6,198
3438,0x00000084,132
3439,0x00000252,594
3440,0x00000108,264
3441,0x00000210,528
3442,0x0000018c,396
3443,0x0000018c,396
3444,0x00000252,594
3445,0x00000140,320
3446,0x00000296,662
3447,0x00000074,116
3448,0x00000074,116
3449,0x000002ce,718
3450,0x0000144f,5199
3451,0x0001d2a5,119461
3452,0x0001e049,122953
3453,0x0001df0a,122634
3454,0x0001df0a,122634
3455,0x0001e411,123921
3456,0x0000c95f,51551
3457,0x00000042,66
3458,0x00000108,264
3459,0x00000042,66
3460,0x00000108,264
3461,0x000001ce,462
3462,0x0000014a,330
3463,0x00000210,528
3464,0x00000108,264
3465,0x0000018c,396
3466,0x0000015d,349
3467,0x000001b5,437
3468,0x0000015c,348
3469,0x00000074,116
3470,0x00000810,2064
3471,0x00018b5c,101212
3472,0x0001e098,123032
3473,0x0001e14a,123210
3474,0x0001df0a,122634
3475,0x0001de54,122452
3476,0x0001dab0,121520
3477,0x0001df0a,122634
3478,0x0001df0a,122634
3479,0x0000a658,42584
3480,0x00000042,66
3481,0x00000084,132
3482,0x00000084,132
3483,0x00000210,528
3484,0x00000210,528
3485,0x00000084,132
3486,0x000002f3,755
3487,0x0000014a,330
3488,0x000001ce,462
3489,0x00000210,528
3490,0x0000014a,330
3491,0x00000042,66
3492,0x00000157,343
3493,0x00000190,400
3494,0x0000ddd2,56786
3495,0x0001dbe6,121830
3496,0x0001e4f4,124148
3497,0x00007af9,31481
3498,0x00000513,1299
3499,0x00009d40,40256
3500,0x0000d4e8,54504
3501,0x00006a74,27252
3502,0x00011090,69776
3503,0x000162d8,90840
3504,0x000041d4,16852
3505,0x000059be,22974
3506,0x00002e39,11833
3507,0x00001200,4608
3508,0x00000084,132
3509,0x00000042,66
3510,0x00000108,264
3511,0x0000018c,396
3512,0x00000108,264
3513,0x000002a9,681
3514,0x00000069,105
3515,0x00000074,116
3516,0x000000b6,182
3517,0x000000e8,232
3518,0x0000031a,794
3519,0x000004e5,1253
3520,0x0000c3aa,50090
3521,0x0001e039,122937
3522,0x0001df0a,122634
3523,0x0001df0a,122634
3524,0x0001df0a,122634
3525,0x0001e0d8,123096
3526,0x0001293f,76095
3527,0x000058b6,22710
3528,0x0000b16c,45420
3529,0x00010a22,68130
3530,0x00000042,66
3531,0x0000cf82,53122
3532,0x00000084,132
3533,0x0000be06,48646
3534,0x0000018c,396
3535,0x000001ce,462
3536,0x0000014a,330
3537,0x000070a1,28833
3538,0x00000140,320
3539,0x0000007a,122
3540,0x000000d2,210
3541,0x000000e8,232
3542,0x00000084,132
3543,0x00000310,784
3544,0x000018f0,6384
3545,0x000086d1,34513
3546,0x0001e4a2,124066
3547,0x0001df8e,122766
3548,0x0001df0a,122634
3549,0x0001e06c,122988
3550,0x0001df9a,122778
3551,0x000033af,13231
3552,0x00000042,66
3553,0x00000084,132
3554,0x00000042,66
3555,0x00000210,528
3556,0x0000014a,330
3557,0x0000014a,330
3558,0x000001ce,462
3559,0x000000c6,198
3560,0x00000084,132
3561,0x000001d7,471
3562,0x0000013b,315
3563,0x00000074,116
3564,0x00000074,116
3565,0x0000012a,298
3566,0x00000042,66
3567,0x0000151e,5406
3568,0x00001928,6440
3569,0x0000bbf6,48118
3570,0x000133bb,78779
3571,0x0001e05a,122970
3572,0x0001df0a,122634
3573,0x0001e2cf,123599
3574,0x0001df0a,122634
3575,0x0001df0a,122634
3576,0x000195ed,103917
3577,0x0000c32a,49962
3578,0x000070a0,28832
3579,0x0000530e,21262
3580,0x0000473a,18234
3581,0x000072af,29359
3582,0x0000018c,396
3583,0x00000108,264
3584,0x000001eb,491
3585,0x000001ce,462
3586,0x000000c6,198
3587,0x000000f8,248
3588,0x000000e3,227
3589,0x00000108,264
3590,0x000000c6,198
3591,0x00000242,578
3592,0x0000069f,1695
3593,0x0000eb78,60280
3594,0x0001e4f4,124148
3595,0x0001df0a,122634
3596,0x00015694,87700
3597,0x0001e055,122965
3598,0x0001df0a,122634
3599,0x000069aa,27050
3600,0x00000042,66
3601,0x00000042,66
3602,0x00000042,66
3603,0x00000252,594
3604,0x0000014a,330
3605,0x00000108,264
3606,0x000001ce,462
3607,0x00000108,264
3608,0x00000084,132
3609,0x000002a9,681
3610,0x00000069,105
3611,0x0000015c,348
3612,0x000000b6,182
3613,0x00000707,1799
3614,0x00004f12,20242
3615,0x0001e098,123032
3616,0x0001e1c9,123337
3617,0x0001ddff,122367
3618,0x0001dfcf,122831
3619,0x0001df0a,122634
3620,0x0001e4f4,124148
3621,0x0000e729,59177
3622,0x00005ea0,24224
3623,0x00006a74,27252
3624,0x0000c36c,50028
3625,0x000029a8,10664
3626,0x00008848,34888
3627,0x000035be,13758
3628,0x00005eb1,24241
3629,0x00000210,528
3630,0x0000014a,330
3631,0x000001ce,462
3632,0x0000018c,396
3633,0x000000bc,188
3634,0x0000018e,398
3635,0x00000042,66
3636,0x00000108,264
3637,0x000001ae,430
3638,0x0000018c,396
3639,0x00000042,66
3640,0x00000424,1060
3641,0x000182b2,98994
3642,0x0001e3e9,123881
3643,0x0001e006,122886
3644,0x0001df0a,122634
3645,0x0001dd96,122262
3646,0x00012de9,77289
3647,0x00000084,132
3648,0x00000042,66
3649,0x00000042,66
3650,0x0000018c,396
3651,0x0000018c,396
3652,0x000001ce,462
3653,0x0000014a,330
3654,0x0000018c,396
3655,0x00000042,66
3656,0x00000240,576
3657,0x000000d2,210
3658,0x000000e8,232
3659,0x00000074,116
3660,0x000000b6,182
3661,0x00000457,1111
3662,0x00000793,1939
3663,0x000178cc,96460
3664,0x0001e4f4,124148
3665,0x0001de41,122433
3666,0x0001e050,122960
3667,0x0001df0a,122634
3668,0x0001df0a,122634
3669,0x000195ed,103917
3670,0x000046f8,18168
3671,0x000046f8,18168
3672,0x00007c74,31860
3673,0x0000473a,18234
3674,0x000046f8,18168
3675,0x00007e00,32256
3676,0x000047be,18366
3677,0x00007a3f,31295
3678,0x0000018c,396
3679,0x000001eb,491
3680,0x00000108,264
3681,0x00000199,409
3682,0x000000b6,182
3683,0x0000014a,330
3684,0x000006dd,1757
3685,0x00004842,18498
3686,0x0001df0a,122634
3687,0x0001e08b,123019
3688,0x0001e2d6,123606
3689,0x0001df0a,122634
3690,0x0001df0a,122634
3691,0x000087ad,34733
3692,0x00000042,66
3693,0x00000042,66
3694,0x00000084,132
3695,0x000000c6,198
3696,0x0000018c,396
3697,0x000001ce,462
3698,0x0000014a,330
3699,0x0000018c,396
3700,0x00000108,264
3701,0x00000312,786
3702,0x00000074,116
3703,0x0000012a,298
3704,0x00000074,116
3705,0x00000629,1577
3706,0x00003a8f,14991
3707,0x0000a85b,43099
3708,0x0001e49b,124059
3709,0x0001df0a,122634
3710,0x0001df0a,122634
3711,0x0001df0a,122634
3712,0x0001e4f4,124148
3713,0x0001df55,122709
3714,0x00010f42,69442
3715,0x00002966,10598
3716,0x000099c4,39364
3717,0x000011be,4542
3718,0x0000b16c,45420
3719,0x00001200,4608
3720,0x000070a0,28832
3721,0x000009f1,2545
3722,0x0000014a,330
3723,0x0000014a,330
3724,0x00000210,528
3725,0x0000014a,330
3726,0x00000182,386
3727,0x00000171,369
3728,0x00000125,293
3729,0x00000200,512
3730,0x00000108,264
3731,0x0000017c,380
3732,0x00000042,66
3733,0x00001543,5443
3734,0x000007dc,2012
3735,0x0000c107,49415
3736,0x0001e4f4,124148
3737,0x0001df0a,122634
3738,0x0001df0a,122634
3739,0x0001e4f4,124148
3740,0x0001d00f,118799
3741,0x000000c6,198
3742,0x00000084,132
3743,0x00000042,66
3744,0x00000252,594
3745,0x00000108,264
3746,0x00000210,528
3747,0x0000018c,396
3748,0x0000018c,396
3749,0x00000042,66
3750,0x0000015d,349
3751,0x000001b5,437
3752,0x00000074,116
3753,0x0000019e,414
3754,0x000001d3,467
3755,0x00000922,2338
3756,0x0000997f,39295
3757,0x0001df0a,122634
3758,0x0001ddff,122367
3759,0x0001e4f4,124148
3760,0x0001df0a,122634
3761,0x0001e22a,123434
3762,0x0001df0a,122634
3763,0x00012837,75831
3764,0x0000410e,16654
3765,0x0000821c,33308
3766,0x000046f8,18168
3767,0x00004150,16720
3768,0x00005f24,24356
3769,0x00006af8,27384
3770,0x00002db5,11701
3771,0x000001ce,462
3772,0x00000108,264
3773,0x00000210,528
3774,0x0000018c,396
3775,0x000000c6,198
3776,0x0000019f,415
3777,0x000000ed,237
3778,0x0000014a,330
3779,0x00000274,628
3780,0x00000084,132
3781,0x000005e3,1507
3782,0x000018df,6367
3783,0x00014ac9,84681
3784,0x0001df0a,122634
3785,0x0001df0a,122634
3786,0x0001e4f4,124148
3787,0x0001df0a,122634
3788,0x000149c6,84422
3789,0x000000c6,198
3790,0x00000084,132
3791,0x00000042,66
3792,0x00000108,264
3793,0x00000210,528
3794,0x00000108,264
3795,0x00000210,528
3796,0x0000018c,396
3797,0x000000c6,198
3798,0x000001fe,510
3799,0x000000d2,210
3800,0x0000012a,298
3801,0x000000e8,232
3802,0x00000042,66
3803,0x00004b0e,19214
3804,0x0001dc82,121986
3805,0x0001df3d,122685
3806,0x0001de6c,122476
3807,0x0001e059,122969
3808,0x0001df0a,122634
3809,0x0001df0a,122634
3810,0x00007627,30247
3811,0x00007c32,31794
3812,0x00007c74,31860
3813,0x0000477c,18300
3814,0x00008848,34888
3815,0x00004884,18564
3816,0x00000776,1910
3817,0x0000c432,50226
3818,0x00000125,293
3819,0x00007ab9,31417
3820,0x0000014a,330
3821,0x000000b6,182
3822,0x000000e3,227
3823,0x000000b6,182
3824,0x00011296,70294
3825,0x0001dd89,122249
3826,0x0001e00f,122895
3827,0x00004841,18497
3828,0x00003a90,14992
3829,0x0001e012,122898
3830,0x0001e012,122898
3831,0x00012215,74261
3832,0x00000084,132
3833,0x00000042,66
3834,0x0000014a,330
3835,0x000001ce,462
3836,0x0000014a,330
3837,0x00000084,132
3838,0x0000018c,396
3839,0x0000014a,330
3840,0x000002a9,681
3841,0x00000069,105
3842,0x0000015c,348
3843,0x00000074,116
3844,0x00000734,1844
3845,0x0000c397,50071
3846,0x00003454,13396
3847,0x0001e46b,124011
3848,0x0001df0a,122634
3849,0x0001e048,122952
3850,0x0001df0a,122634
3851,0x0001df0a,122634
3852,0x0001e4f4,124148
3853,0x0001dd1d,122141
3854,0x00012de0,77280
3855,0x00000042,66
3856,0x0000018c,396
3857,0x0000018c,396
3858,0x0000018c,396
3859,0x0000014a,330
3860,0x0000018c,396
3861,0x000001be,446
3862,0x0000014a,330
3863,0x00000108,264
3864,0x00000210,528
3865,0x000000c6,198
3866,0x000000e3,227
3867,0x000000e3,227
3868,0x00000074,116
3869,0x00000074,116
3870,0x00001cd6,7382
3871,0x0001e056,122966
3872,0x0001e4f4,124148
3873,0x00013939,80185
3874,0x00001550,5456
3875,0x000111e7,70119
3876,0x0001df0a,122634
3877,0x0001df0a,122634
3878,0x00003592,13714
3879,0x00000084,132
3880,0x00000042,66
3881,0x000001ce,462
3882,0x0000014a,330
3883,0x00000108,264
3884,0x00000108,264
3885,0x0000018c,396
3886,0x0000014a,330
3887,0x00000267,615
3888,0x00000069,105
3889,0x00000074,116
3890,0x0000012a,298
3891,0x00000074,116
3892,0x000005a7,1447
3893,0x00000a56,2646
3894,0x0000ce1e,52766
3895,0x0001e00d,122893
3896,0x0001e048,122952
3897,0x0001df0a,122634
3898,0x0001e4f4,124148
3899,0x0001dd3a,122170
3900,0x0001df0a,122634
3901,0x0001e4f4,124148
3902,0x00014d80,85376
3903,0x00000042,66
3904,0x00000042,66
3905,0x00000042,66
3906,0x00000084,132
3907,0x0000014a,330
3908,0x0000018c,396
3909,0x0000018c,396
3910,0x000001ce,462
3911,0x00000210,528
3912,0x000000c6,198
3913,0x000002b1,689
3914,0x000001c4,452
3915,0x000000ed,237
3916,0x00000074,116
3917,0x00000074,116
3918,0x00000512,1298
3919,0x0000bb15,47893
3920,0x0001dc6c,121964
3921,0x0001e2b4,123572
3922,0x0001df0a,122634
3923,0x0001e251,123473
3924,0x0001df0a,122634
3925,0x0000166f,5743
3926,0x00000084,132
3927,0x00000042,66
3928,0x00000084,132
3929,0x000001ce,462
3930,0x0000014a,330
3931,0x0000018c,396
3932,0x0000014a,330
3933,0x0000014a,330
3934,0x00000084,132
3935,0x0000024a,586
3936,0x0000014c,332
3937,0x00000074,116
3938,0x000000e8,232
3939,0x00000074,116
3940,0x000000d5,213
3941,0x00000522,1314
3942,0x0001b40d,111629
3943,0x0001e1b5,123317
3944,0x0001e1b7,123319
3945,0x0001e24e,123470
3946,0x0001ddc6,122310
3947,0x0001df0a,122634
3948,0x0001e54c,124236
3949,0x0001999e,104862
3950,0x0000b885,47237
3951,0x00000042,66
3952,0x00000042,66
3953,0x0000016f,367
3954,0x0000018c,396
3955,0x0000018c,396
3956,0x00000210,528
3957,0x000000c6,198
3958,0x000002b1,689
3959,0x00000108,264
3960,0x0000022d,557
3961,0x0000017c,380
3962,0x00000074,116
3963,0x00000ea3,3747
3964,0x0001e177,123255
3965,0x0001e19f,123295
3966,0x0001df7d,122749
3967,0x0001e275,123509
3968,0x0001df0a,122634
3969,0x0000c375,50037
3970,0x00000042,66
3971,0x00000084,132
3972,0x00000210,528
3973,0x000000c6,198
3974,0x00000210,528
3975,0x0000014a,330
3976,0x0000014a,330
3977,0x000000c6,198
3978,0x000002d0,720
3979,0x0000019e,414
3980,0x00000074,116
3981,0x000005db,1499
3982,0x0000066d,1645
3983,0x00011873,71795
3984,0x0001e3dc,123868
3985,0x0001df0a,122634
3986,0x0001df0a,122634
3987,0x0001e054,122964
3988,0x0001e4f4,124148
3989,0x0001e194,123284
3990,0x0001df0a,122634
3991,0x00010329,66345
3992,0x00000042,66
3993,0x00000084,132
3994,0x00000084,132
3995,0x00000084,132
3996,0x00000108,264
3997,0x00000252,594
3998,0x0000018c,396
3999,0x0000014a,330
4000,0x00000210,528
4001,0x0000018c,396
4002,0x0000026f,623
4003,0x0000018c,396
4004,0x00000157,343
4005,0x0000048c,1164
4006,0x00017ced,97517
4007,0x0001df0a,122634
4008,0x0001bb13,113427
4009,0x000014f1,5361
4010,0x0001511a,86298
4011,0x0001e153,123219
4012,0x00013972,80242
4013,0x00009a47,39495
4014,0x00000042,66
4015,0x00000042,66
4016,0x00000210,528
4017,0x0000018c,396
4018,0x00000084,132
4019,0x0000014a,330
4020,0x0000018c,396
4021,0x000000c6,198
4022,0x00000042,66
4023,0x000002d0,720
4024,0x0000015c,348
4025,0x000000b6,182
4026,0x00000362,866
4027,0x00012451,74833
4028,0x0001e04c,122956
4029,0x0001df0a,122634
4030,0x0001df0a,122634
4031,0x0001df0a,122634
4032,0x0001e4f4,124148
4033,0x0001df0a,122634
4034,0x0001decd,122573
4035,0x000108b1,67761
4036,0x00000bd4,3028
4037,0x00000084,132
4038,0x000000c6,198
4039,0x00000042,66
4040,0x00000210,528
4041,0x0000018c,396
4042,0x0000018c,396
4043,0x0000018c,396
4044,0x0000014a,330
4045,0x00000210,528
4046,0x0000026f,623
4047,0x0000014a,330
4048,0x00000157,343
4049,0x00000079,121
4050,0x000000b6,182
4051,0x00005dad,23981
4052,0x0001e054,122964
4053,0x0001df0a,122634
4054,0x00010078,65656
4055,0x0000e40b,58379
4056,0x0001e4f4,124148
4057,0x0001df0a,122634
4058,0x000070e1,28897
4059,0x00000084,132
4060,0x00000042,66
4061,0x000000f8,248
4062,0x000001ce,462
4063,0x00000108,264
4064,0x000001ce,462
4065,0x000000c6,198
4066,0x000001ce,462
4067,0x00000042,66
4068,0x0000022f,559
4069,0x000000e3,227
4070,0x00000074,116
4071,0x0000019e,414
4072,0x00000311,785
4073,0x00000ee8,3816
4074,0x00017d10,97552
4075,0x0001e173,123251
4076,0x0001dedb,122587
4077,0x0001df0a,122634
4078,0x0001df0a,122634
4079,0x0001dd7f,122239
4080,0x0001e4f4,124148
4081,0x0001deb1,122545
4082,0x00009d0b,40203
4083,0x00000084,132
4084,0x00000084,132
4085,0x0000014a,330
4086,0x0000014a,330
4087,0x00000210,528
4088,0x0000014a,330
4089,0x00000210,528
4090,0x00000210,528
4091,0x000001c4,452
4092,0x000001f5,501
4093,0x000001eb,491
4094,0x00000074,116
4095,0x00000074,116
