0,0x000003a9,937
1,0x000004ae,1198
2,0x000012d7,4823
3,0x00002715,10005
4,0x001a2d04,1715460
5,0x001a3984,1718660
6,0x001a46f4,1722100
7,0x001a6e04,1732100
8,0x001a81db,1737179
9,0x001b0a92,1772178
10,0x001ba721,1812257
11,0x001f5e69,2055785
12,0x001f5e6a,2055786
13,0x001f8589,2065801
14,0x001fac9e,2075806
15,0x001fd3b4,2085812
16,0x001ffac9,2095817
17,0x002021e1,2105825
18,0x00202247,2105927
19,0x002048f8,2115832
20,0x0020700e,2125838
21,0x00209723,2135843
22,0x0020be37,2145847
23,0x0020e54c,2155852
24,0x0020e55b,2155867
25,0x00210c71,2165873
26,0x00213386,2175878
27,0x00215a9d,2185885
28,0x002181b2,2195890
29,0x0021a8c7,2205895
30,0x0021cfdc,2215900
31,0x0021f6f2,2225906
32,0x00221e08,2235912
33,0x0022451d,2245917
34,0x00226c32,2255922
35,0x00226c4b,2255947
36,0x00229360,2265952
37,0x0022ba76,2275958
38,0x0022e18c,2285964
39,0x002308a1,2295969
40,0x00232fb6,2305974
41,0x002356cc,2315980
42,0x00237de2,2325986
43,0x0023a4f8,2335992
44,0x0023cc0d,2345997
45,0x0023f322,2356002
46,0x0023f324,2356004
47,0x0023f32b,2356011
48,0x00241a42,2366018
49,0x00244158,2376024
50,0x0024686f,2386031
51,0x00248f84,2396036
52,0x0024b699,2406041
53,0x0024ce0e,2412046
54,0x0024ce0f,2412047
55,0x0024ddaf,2416047
56,0x0024f52c,2422060
57,0x002504c4,2426052
58,0x00251c41,2432065
59,0x00252bd9,2436057
60,0x00254357,2442071
61,0x002552ed,2446061
62,0x00256a6f,2452079
63,0x00257a02,2456066
64,0x00257a0c,2456076
65,0x0025917b,2462075
66,0x00259184,2462084
67,0x0025a122,2466082
68,0x0025b898,2472088
69,0x0025c837,2476087
70,0x0025dfae,2482094
71,0x0025ef4c,2486092
72,0x002606c3,2492099
73,0x00261662,2496098
74,0x00262dd7,2502103
75,0x00263d77,2506103
76,0x002654ed,2512109
77,0x002654fb,2512123
78,0x0026648d,2516109
79,0x00267c0f,2522127
80,0x00268ba3,2526115
81,0x0026a324,2532132
82,0x0026b2b9,2536121
83,0x0026ca39,2542137
84,0x0026d9cd,2546125
85,0x0026f14e,2552142
86,0x002700e2,2556130
87,0x002700ea,2556138
88,0x00271864,2562148
89,0x002727ff,2566143
90,0x00273f7a,2572154
91,0x00274f15,2576149
92,0x0027668f,2582159
93,0x0027762b,2586155
94,0x00278da4,2592164
95,0x00279d36,2596150
96,0x00279d3f,2596159
97,0x0027b4ba,2602170
98,0x0027c453,2606163
99,0x0027dc01,2612225
100,0x0027dc09,2612233
101,0x0027eb68,2616168
102,0x00280329,2622249
103,0x0028127d,2626173
104,0x00282a3e,2632254
105,0x00283993,2636179
106,0x00285153,2642259
107,0x002860a8,2646184
108,0x00287868,2652264
109,0x002887bd,2656189
110,0x002887c5,2656197
111,0x0028883a,2656314
112,0x00289f7f,2662271
113,0x0028aeda,2666202
114,0x0028c696,2672278
115,0x0028d5f0,2676208
116,0x0028edab,2682283
117,0x0028fd05,2686213
118,0x002914c1,2692289
119,0x00292419,2696217
120,0x00293bd7,2702295
121,0x00294b2e,2706222
122,0x002962ee,2712302
123,0x002962f8,2712312
124,0x00297242,2716226
125,0x00298a0b,2722315
126,0x00299958,2726232
127,0x0029b120,2732320
128,0x0029c06c,2736236
129,0x0029d834,2742324
130,0x0029d8ab,2742443
131,0x0029e77f,2746239
132,0x0029ff4a,2752330
133,0x002a0e95,2756245
134,0x002a0e9d,2756253
135,0x002a265e,2762334
136,0x002a35b1,2766257
137,0x002a4d72,2772338
138,0x002a5cc5,2776261
139,0x002a7486,2782342
140,0x002a83d9,2786265
141,0x002a9b9b,2792347
142,0x002a9fad,2793389
143,0x002a9faf,2793391
144,0x002aaaed,2796269
145,0x002ac2af,2802351
146,0x002ac6c7,2803399
147,0x002ad201,2806273
148,0x002ae9c4,2812356
149,0x002ae9cd,2812365
150,0x002aeddc,2813404
151,0x002af916,2816278
152,0x002b10e1,2822369
153,0x002b14f2,2823410
154,0x002b202a,2826282
155,0x002b37f6,2832374
156,0x002b3c06,2833414
157,0x002b473e,2836286
158,0x002b5f0a,2842378
159,0x002b631b,2843419
160,0x002b636e,2843502
161,0x002b6e51,2846289
162,0x002b861f,2852383
163,0x002b8a2f,2853423
164,0x002b9567,2856295
165,0x002b956e,2856302
166,0x002bad34,2862388
167,0x002bb144,2863428
168,0x002bbc82,2866306
169,0x002bd449,2872393
170,0x002bd859,2873433
171,0x002be396,2876310
172,0x002bfb5d,2882397
173,0x002bff6e,2883438
174,0x002bff7d,2883453
175,0x002c0aac,2886316
176,0x002c2272,2892402
177,0x002c2691,2893457
178,0x002c31c0,2896320
179,0x002c4988,2902408
180,0x002c4da6,2903462
181,0x002c58d5,2906325
182,0x002c709f,2912415
183,0x002c70b5,2912437
184,0x002c74bc,2913468
185,0x002c7feb,2916331
186,0x002c97c9,2922441
187,0x002c9c00,2923520
188,0x002ca6ff,2926335
189,0x002cbedf,2932447
190,0x002cc316,2933526
191,0x002cce13,2936339
192,0x002ce5f5,2942453
193,0x002cea2d,2943533
194,0x002cf528,2946344
195,0x002d0d09,2952457
196,0x002d0d0a,2952458
197,0x002d1143,2953539
198,0x002d1c3e,2956350
199,0x002d1c46,2956358
200,0x002d1caf,2956463
201,0x002d341d,2962461
202,0x002d3859,2963545
203,0x002d435c,2966364
204,0x002d5b30,2972464
205,0x002d5f6f,2973551
206,0x002d6a71,2976369
207,0x002d8244,2982468
208,0x002d8685,2983557
209,0x002d868f,2983567
210,0x002d9185,2986373
211,0x002da959,2992473
212,0x002dada5,2993573
213,0x002db89a,2996378
214,0x002dd06e,3002478
215,0x002dd4bb,3003579
216,0x002ddfaf,3006383
217,0x002df783,3012483
218,0x002df78d,3012493
219,0x002dfbd1,3013585
220,0x002dfc1c,3013660
221,0x002e06c5,3016389
222,0x002e1ea2,3022498
223,0x002e22e8,3023592
224,0x002e2dda,3026394
225,0x002e45b6,3032502
226,0x002e49fd,3033597
227,0x002e54f0,3036400
228,0x002e6ccc,3042508
229,0x002e7114,3043604
230,0x002e7c05,3046405
231,0x002e93e1,3052513
232,0x002e9829,3053609
233,0x002ea31b,3056411
234,0x002ea325,3056421
235,0x002ebaf6,3062518
236,0x002ebf3f,3063615
237,0x002eca3a,3066426
238,0x002ee201,3072513
239,0x002ee20a,3072522
240,0x002ee652,3073618
241,0x002ef14f,3076431
242,0x002f091f,3082527
243,0x002f0d67,3083623
244,0x002f0d71,3083633
245,0x002f1864,3086436
246,0x002f18c5,3086533
247,0x002f2579,3089785
248,0x002f257a,3089786
249,0x002f3033,3092531
250,0x002f3486,3093638
251,0x002f3f79,3096441
252,0x002f4c97,3099799
253,0x002f5749,3102537
254,0x002f5b9c,3103644
255,0x002f668f,3106447
256,0x002f73ad,3109805
257,0x002f7e5e,3112542
258,0x002f7e67,3112551
259,0x002f82b2,3113650
260,0x002f8da4,3116452
261,0x002f9ac2,3119810
262,0x002fa57b,3122555
263,0x002fa9c8,3123656
264,0x002fb4ba,3126458
265,0x002fc1d8,3129816
266,0x002fcc8f,3132559
267,0x002fd0de,3133662
268,0x002fdbcf,3136463
269,0x002fe8e4,3139812
270,0x002fe8ee,3139822
271,0x002ff3a4,3142564
272,0x002ff7f3,3143667
273,0x003002e3,3146467
274,0x00301003,3149827
275,0x00301aba,3152570
276,0x00301f07,3153671
277,0x003029f8,3156472
278,0x003029ff,3156479
279,0x00303718,3159832
280,0x003041cf,3162575
281,0x0030461c,3163676
282,0x00305115,3166485
283,0x00305e2d,3169837
284,0x003068e4,3172580
285,0x00306d32,3173682
286,0x0030782a,3176490
287,0x00308543,3179843
288,0x00308ff8,3182584
289,0x00309446,3183686
290,0x0030944f,3183695
291,0x00309f3e,3186494
292,0x0030ac59,3189849
293,0x0030ac68,3189864
294,0x0030b70c,3192588
295,0x0030bb65,3193701
296,0x0030c654,3196500
297,0x0030d37e,3199870
298,0x0030de21,3202593
299,0x0030e27b,3203707
300,0x0030ed69,3206505
301,0x0030fa94,3209876
302,0x00310535,3212597
303,0x0031053c,3212604
304,0x00310990,3213712
305,0x00311480,3216512
306,0x003121aa,3219882
307,0x00312c52,3222610
308,0x003130a6,3223718
309,0x00313b95,3226517
310,0x003148c1,3229889
311,0x00315366,3232614
312,0x003157bb,3233723
313,0x00315814,3233812
314,0x003162aa,3236522
315,0x00316fd6,3239894
316,0x00317a7b,3242619
317,0x00317ed1,3243729
318,0x003189c0,3246528
319,0x003196eb,3249899
320,0x0031a190,3252624
321,0x0031a5e6,3253734
322,0x0031b0d5,3256533
323,0x0031b0dd,3256541
324,0x0031b124,3256612
325,0x0031be01,3259905
326,0x0031c8a6,3262630
327,0x0031ccfa,3263738
328,0x0031d7f2,3266546
329,0x0031e517,3269911
330,0x0031efba,3272634
331,0x0031f411,3273745
332,0x0031ff08,3276552
333,0x00320c2d,3279917
334,0x003216d0,3282640
335,0x00321b26,3283750
336,0x00321b2d,3283757
337,0x0032261c,3286556
338,0x00323343,3289923
339,0x0032334e,3289934
340,0x00323de4,3292644
341,0x00324243,3293763
342,0x00324d31,3296561
343,0x00325a65,3299941
344,0x003264f9,3302649
345,0x00326959,3303769
346,0x00327446,3306566
347,0x0032817a,3309946
348,0x00328c0d,3312653
349,0x00328c15,3312661
350,0x0032906e,3313774
351,0x00329b5c,3316572
352,0x0032a890,3319952
353,0x0032b329,3322665
354,0x0032b783,3323779
355,0x0032c270,3326576
356,0x0032cfa6,3329958
357,0x0032da3f,3332671
358,0x0032de9a,3333786
359,0x0032defd,3333885
360,0x0032e985,3336581
361,0x0032f6bc,3339964
362,0x00330154,3342676
363,0x003305b0,3343792
364,0x0033109a,3346586
365,0x00331dd2,3349970
366,0x00332867,3352679
367,0x00332cc6,3353798
368,0x003337ae,3356590
369,0x003337b5,3356597
370,0x003344e7,3359975
371,0x00334511,3360017
372,0x00334f7b,3362683
373,0x003353db,3363803
374,0x00335eca,3366602
375,0x00336bfe,3369982
376,0x00337690,3372688
377,0x00337aef,3373807
378,0x003385de,3376606
379,0x00339315,3379989
380,0x00339da6,3382694
381,0x0033a203,3383811
382,0x0033a20d,3383821
383,0x0033acf2,3386610
384,0x0033ba29,3389993
385,0x0033ba32,3390002
386,0x0033c4bb,3392699
387,0x0033c922,3393826
388,0x0033d407,3396615
389,0x0033e148,3400008
390,0x0033ebd1,3402705
391,0x0033ebf7,3402743
392,0x0033f038,3403832
393,0x0033fb1c,3406620
394,0x0034085d,3410013
395,0x00340ffc,3411964
396,0x00340ffe,3411966
397,0x003412e7,3412711
398,0x003412f0,3412720
399,0x0034174e,3413838
400,0x00342231,3416625
401,0x00342f73,3420019
402,0x0034371f,3421983
403,0x00343a06,3422726
404,0x00343e63,3423843
405,0x00344945,3426629
406,0x00345688,3430024
407,0x00345e35,3431989
408,0x0034611c,3432732
409,0x00346576,3433846
410,0x0034705a,3436634
411,0x00347d9d,3440029
412,0x0034854a,3441994
413,0x00348830,3442736
414,0x00348c89,3443849
415,0x0034976e,3446638
416,0x0034a4b1,3450033
417,0x0034ac5f,3451999
418,0x0034af44,3452740
419,0x0034b39f,3453855
420,0x0034b40b,3453963
421,0x0034be82,3456642
422,0x0034be89,3456649
423,0x0034cbc6,3460038
424,0x0034d375,3462005
425,0x0034d399,3462041
426,0x0034d658,3462744
427,0x0034d6b9,3462841
428,0x0034dab5,3463861
429,0x0034e59d,3466653
430,0x0034f2db,3470043
431,0x0034fa89,3472009
432,0x0034fd6c,3472748
433,0x003501cb,3473867
434,0x00350cb3,3476659
435,0x003519f1,3480049
436,0x0035219f,3482015
437,0x00352481,3482753
438,0x003528e0,3483872
439,0x003528e8,3483880
440,0x003533c8,3486664
441,0x00354107,3490055
442,0x0035410f,3490063
443,0x003548b4,3492020
444,0x00354b95,3492757
445,0x00354ffd,3493885
446,0x00355add,3496669
447,0x00356823,3500067
448,0x00356ff2,3502066
449,0x003572aa,3502762
450,0x00357714,3503892
451,0x003581f2,3506674
452,0x00358f38,3510072
453,0x00359708,3512072
454,0x00359717,3512087
455,0x003599bd,3512765
456,0x003599c3,3512771
457,0x00359e29,3513897
458,0x0035a907,3516679
459,0x0035b64e,3520078
460,0x0035be2c,3522092
461,0x0035c0d9,3522777
462,0x0035c53e,3523902
463,0x0035d01c,3526684
464,0x0035dd63,3530083
465,0x0035e541,3532097
466,0x0035e7ee,3532782
467,0x0035ec53,3533907
468,0x0035f731,3536689
469,0x00360478,3540088
470,0x00360c56,3542102
471,0x00360f05,3542789
472,0x00361367,3543911
473,0x00361e45,3546693
474,0x00362b8d,3550093
475,0x0036336b,3552107
476,0x00363619,3552793
477,0x00363a7d,3553917
478,0x00364559,3556697
479,0x00364560,3556704
480,0x00364599,3556761
481,0x003652a1,3560097
482,0x00365a82,3562114
483,0x00365d2d,3562797
484,0x00366191,3563921
485,0x00366c75,3566709
486,0x003679b6,3570102
487,0x00368197,3572119
488,0x00368440,3572800
489,0x003688a6,3573926
490,0x00369389,3576713
491,0x0036a0cb,3580107
492,0x0036a8ac,3582124
493,0x0036ab54,3582804
494,0x0036afbc,3583932
495,0x0036afc4,3583940
496,0x0036ba9e,3586718
497,0x0036c7e1,3590113
498,0x0036c7e8,3590120
499,0x0036cfc5,3592133
500,0x0036d268,3592808
501,0x0036d6d9,3593945
502,0x0036e1b2,3596722
503,0x0036eefd,3600125
504,0x0036f70e,3602190
505,0x0036f97d,3602813
506,0x0036fdef,3603951
507,0x003708c7,3606727
508,0x00371611,3610129
509,0x00371e23,3612195
510,0x00371e2c,3612204
511,0x00372092,3612818
512,0x00372099,3612825
513,0x00372503,3613955
514,0x00372fdb,3616731
515,0x00372ff3,3616755
516,0x00373d28,3620136
517,0x00374541,3622209
518,0x003747ad,3622829
519,0x00374c19,3623961
520,0x003756ef,3626735
521,0x0037643f,3630143
522,0x00376473,3630195
523,0x00376c56,3632214
524,0x00376ec1,3632833
525,0x00377330,3633968
526,0x00377e04,3636740
527,0x00378b56,3640150
528,0x0037936c,3642220
529,0x003793a7,3642279
530,0x003795d5,3642837
531,0x00379a43,3643971
532,0x0037a519,3646745
533,0x0037b26b,3650155
534,0x0037ba82,3652226
535,0x0037bce9,3652841
536,0x0037c156,3653974
537,0x0037cc2e,3656750
538,0x0037cc39,3656761
539,0x0037d981,3660161
540,0x0037e199,3662233
541,0x0037e3fd,3662845
542,0x0037e86a,3663978
543,0x0037f34e,3666766
544,0x00380098,3670168
545,0x003808ae,3672238
546,0x00380b12,3672850
547,0x00380f7d,3673981
548,0x00381002,3674114
549,0x00381a63,3676771
550,0x003827ad,3680173
551,0x00382fc4,3682244
552,0x00383227,3682855
553,0x00383690,3683984
554,0x00383697,3683991
555,0x00384177,3686775
556,0x00384ec2,3690178
557,0x00384ecb,3690187
558,0x00384f06,3690246
559,0x003856d9,3692249
560,0x0038593c,3692860
561,0x00385daa,3693994
562,0x0038688b,3696779
563,0x003875e2,3700194
564,0x00387def,3702255
565,0x00388051,3702865
566,0x003884bf,3703999
567,0x00388fa1,3706785
568,0x00389cf9,3710201
569,0x0038a504,3712260
570,0x0038a50d,3712269
571,0x0038a767,3712871
572,0x0038a771,3712881
573,0x0038abd3,3714003
574,0x0038b6b6,3716790
575,0x0038c40e,3720206
576,0x0038cc22,3722274
577,0x0038ce86,3722886
578,0x0038d2ea,3724010
579,0x0038ddcb,3726795
580,0x0038eb25,3730213
581,0x0038f338,3732280
582,0x0038f59b,3732891
583,0x0038f5ec,3732972
584,0x0038f9fe,3734014
585,0x003904e0,3736800
586,0x0039123c,3740220
587,0x00391a4e,3742286
588,0x00391cb0,3742896
589,0x00392113,3744019
590,0x00392bf6,3746806
591,0x00393953,3750227
592,0x00394164,3752292
593,0x003943c6,3752902
594,0x0039482b,3754027
595,0x0039530e,3756814
596,0x00395316,3756822
597,0x0039606a,3760234
598,0x0039687a,3762298
599,0x00396adb,3762907
600,0x00396f40,3764032
601,0x00397a2b,3766827
602,0x00398780,3770240
603,0x00398f90,3772304
604,0x003991ef,3772911
605,0x00399654,3774036
606,0x0039a140,3776832
607,0x0039ae95,3780245
608,0x0039b6a6,3782310
609,0x0039b904,3782916
610,0x0039bd69,3784041
611,0x0039bd74,3784052
612,0x0039c856,3786838
613,0x0039d5aa,3790250
614,0x0039d5b4,3790260
615,0x0039ddbc,3792316
616,0x0039e019,3792921
617,0x0039e488,3794056
618,0x0039ef6b,3796843
619,0x0039fcc9,3800265
620,0x003a04d2,3802322
621,0x003a072c,3802924
622,0x003a0b9c,3804060
623,0x003a1680,3806848
624,0x003a23de,3810270
625,0x003a2be6,3812326
626,0x003a2bee,3812334
627,0x003a2e41,3812929
628,0x003a2e49,3812937
629,0x003a32b0,3814064
630,0x003a3d96,3816854
631,0x003a4af4,3820276
632,0x003a5304,3822340
633,0x003a555e,3822942
634,0x003a59c6,3824070
635,0x003a59ec,3824108
636,0x003a64ab,3826859
637,0x003a7208,3830280
638,0x003a7a19,3832345
639,0x003a7c74,3832948
640,0x003a80db,3834075
641,0x003a8bc1,3836865
642,0x003a991d,3840285
643,0x003aa12e,3842350
644,0x003aa389,3842953
645,0x003aa7f0,3844080
646,0x003ab2d7,3846871
647,0x003ac032,3850290
648,0x003ac842,3852354
649,0x003aca9d,3852957
650,0x003acf04,3854084
651,0x003ad9ed,3856877
652,0x003ada0e,3856910
653,0x003ada1f,3856927
654,0x003ae746,3860294
655,0x003aef58,3862360
656,0x003af1b2,3862962
657,0x003af61a,3864090
658,0x003b0135,3866933
659,0x003b0e5b,3870299
660,0x003b165f,3872351
661,0x003b166d,3872365
662,0x003b18c7,3872967
663,0x003b1d2f,3874095
664,0x003b2849,3876937
665,0x003b3570,3880304
666,0x003b3d81,3882369
667,0x003b3fdc,3882972
668,0x003b4444,3884100
669,0x003b444d,3884109
670,0x003b4f5f,3886943
671,0x003b5c85,3890309
672,0x003b5c8d,3890317
673,0x003b6497,3892375
674,0x003b66f2,3892978
675,0x003b6b59,3894105
676,0x003b6b61,3894113
677,0x003b7674,3896948
678,0x003b83a2,3900322
679,0x003b8bab,3902379
680,0x003b8e07,3902983
681,0x003b9277,3904119
682,0x003b9d89,3906953
683,0x003baab7,3910327
684,0x003bb2c1,3912385
685,0x003bb2c9,3912393
686,0x003bb98c,3914124
687,0x003bc49f,3916959
688,0x003bd1cd,3920333
689,0x003bd9dd,3922397
690,0x003be0a1,3924129
691,0x003bebb4,3926964
692,0x003bf8e5,3930341
693,0x003c00f2,3932402
694,0x003c07b7,3934135
695,0x003c12c8,3936968
696,0x003c1ffc,3940348
697,0x003c2808,3942408
698,0x003c2ecc,3944140
699,0x003c39dd,3946973
700,0x003c4712,3950354
701,0x003c4f1d,3952413
702,0x003c4f28,3952424
703,0x003c51a8,3953064
704,0x003c55e2,3954146
705,0x003c60f2,3956978
706,0x003c60fa,3956986
707,0x003c6e27,3960359
708,0x003c6e9c,3960476
709,0x003c7633,3962419
710,0x003c880e,3966990
711,0x003c953c,3970364
712,0x003c9d47,3972423
713,0x003caf23,3976995
714,0x003cbc52,3980370
715,0x003cc45c,3982428
716,0x003cd639,3987001
717,0x003ce368,3990376
718,0x003ce371,3990385
719,0x003ceb72,3992434
720,0x003cfd4e,3997006
721,0x003d0a86,4000390
722,0x003d1286,4002438
723,0x003d1584,4003204
724,0x003d2463,4007011
725,0x003d319b,4010395
726,0x003d399c,4012444
727,0x003d39a3,4012451
728,0x003d4b78,4017016
729,0x003d58b1,4020401
730,0x003d60b8,4022456
731,0x003d728e,4027022
732,0x003d7fc6,4030406
733,0x003d87cd,4032461
734,0x003d99a2,4037026
735,0x003da6db,4040411
736,0x003daee2,4042466
737,0x003db593,4044179
738,0x003db595,4044181
739,0x003dc0b5,4047029
740,0x003dcdf2,4050418
741,0x003dd5f8,4052472
742,0x003ddcaa,4054186
743,0x003ddcb3,4054195
744,0x003de7ca,4057034
745,0x003de7d3,4057043
746,0x003df507,4060423
747,0x003dfd0d,4062477
748,0x003e03c8,4064200
749,0x003e0ee7,4067047
750,0x003e1c1c,4070428
751,0x003e2422,4072482
752,0x003e2add,4074205
753,0x003e35fe,4077054
754,0x003e4331,4080433
755,0x003e4b38,4082488
756,0x003e51f3,4084211
757,0x003e5d12,4087058
758,0x003e6a47,4090439
759,0x003e6a79,4090489
760,0x003e724e,4092494
761,0x003e7908,4094216
762,0x003e8427,4097063
763,0x003e918f,4100495
764,0x003e9964,4102500
765,0x003e99b7,4102583
766,0x003ea01e,4104222
767,0x003eab3c,4107068
768,0x003eab83,4107139
769,0x003eb8a5,4110501
770,0x003ec078,4112504
771,0x003ec081,4112513
772,0x003ec324,4113188
773,0x003ec32e,4113198
774,0x003ec733,4114227
775,0x003ed252,4117074
776,0x003edfba,4120506
777,0x003ee002,4120578
778,0x003ee796,4122518
779,0x003eea42,4123202
780,0x003eee48,4124232
781,0x003ef968,4127080
782,0x003f06d0,4130512
783,0x003f0eab,4132523
784,0x003f1158,4133208
785,0x003f155d,4134237
786,0x003f207e,4137086
787,0x003f2de4,4140516
788,0x003f35c1,4142529
789,0x003f386e,4143214
790,0x003f3c73,4144243
791,0x003f4794,4147092
792,0x003f54f9,4150521
793,0x003f5cd5,4152533
794,0x003f5f83,4153219
795,0x003f6387,4154247
796,0x003f6390,4154256
797,0x003f6ea9,4157097
798,0x003f6eb3,4157107
799,0x003f7c0e,4160526
800,0x003f83eb,4162539
801,0x003f8698,4163224
802,0x003f8aa5,4164261
803,0x003f95c8,4167112
804,0x003f95e3,4167139
805,0x003f9f86,4169606
806,0x003f9f88,4169608
807,0x003f9f89,4169609
808,0x003f9f8b,4169611
809,0x003f9fe9,4169705
810,0x003fa0b3,4169907
811,0x003fa13e,4170046
812,0x003fa145,4170053
813,0x003fa150,4170064
814,0x003fa151,4170065
815,0x003fa152,4170066
816,0x003fa153,4170067
817,0x003fa168,4170088
818,0x003fa172,4170098
819,0x003fa324,4170532
820,0x003fab00,4172544
821,0x003fadae,4173230
822,0x003fb1ba,4174266
823,0x003fbcdf,4177119
824,0x003fc8ac,4180140
825,0x003fc8ad,4180141
826,0x003fc8e0,4180192
827,0x003fc8e1,4180193
828,0x003fc957,4180311
829,0x003fc960,4180320
830,0x003fc966,4180326
831,0x003fc968,4180328
832,0x003fc969,4180329
833,0x003fc96d,4180333
834,0x003fc972,4180338
835,0x003fca38,4180536
836,0x003fd216,4182550
837,0x003fd4c4,4183236
838,0x003fd8d1,4184273
839,0x003fe3f3,4187123
840,0x003ff0a6,4190374
841,0x003ff0d0,4190416
842,0x003ff0d2,4190418
843,0x003ff12e,4190510
844,0x003ff137,4190519
845,0x003ff13c,4190524
846,0x003ff13f,4190527
847,0x003ff140,4190528
848,0x003ff147,4190535
849,0x003ff14b,4190539
850,0x003ff14d,4190541
851,0x003ff155,4190549
852,0x003ff92c,4192556
853,0x003ffbda,4193242
854,0x003fffe5,4194277
855,0x00400b07,4197127
856,0x0040186b,4200555
857,0x0040187e,4200574
858,0x0040187f,4200575
859,0x004018ac,4200620
860,0x004018ae,4200622
861,0x0040190b,4200715
862,0x00401912,4200722
863,0x00401919,4200729
864,0x0040191c,4200732
865,0x0040191e,4200734
866,0x00401924,4200740
867,0x00401928,4200744
868,0x00402041,4202561
869,0x004022f0,4203248
870,0x004026fb,4204283
871,0x0040321c,4207132
872,0x00403f83,4210563
873,0x00404062,4210786
874,0x00404063,4210787
875,0x00404095,4210837
876,0x00404097,4210839
877,0x00404111,4210961
878,0x0040411b,4210971
879,0x00404123,4210979
880,0x00404125,4210981
881,0x00404126,4210982
882,0x0040412b,4210987
883,0x00404131,4210993
884,0x00404757,4212567
885,0x00404760,4212576
886,0x00404a06,4213254
887,0x00404a3e,4213310
888,0x00404e11,4214289
889,0x0040525a,4215386
890,0x0040525c,4215388
891,0x0040525d,4215389
892,0x0040525e,4215390
893,0x004053df,4215775
894,0x004055cb,4216267
895,0x004055ce,4216270
896,0x00405674,4216436
897,0x00405675,4216437
898,0x0040567d,4216445
899,0x00405690,4216464
900,0x00405691,4216465
901,0x00405692,4216466
902,0x00405693,4216467
903,0x004056a7,4216487
904,0x004056ab,4216491
905,0x00405930,4217136
906,0x0040669a,4220570
907,0x0040686b,4221035
908,0x0040686c,4221036
909,0x0040689d,4221085
910,0x0040689f,4221087
911,0x00406915,4221205
912,0x0040691c,4221212
913,0x00406922,4221218
914,0x00406925,4221221
915,0x0040692a,4221226
916,0x0040692e,4221230
917,0x00406e75,4222581
918,0x00407154,4223316
919,0x00407527,4224295
920,0x00407de3,4226531
921,0x00407de4,4226532
922,0x00407e0f,4226575
923,0x00407e11,4226577
924,0x00407e5b,4226651
925,0x00407e63,4226659
926,0x00407e69,4226665
927,0x00407e6b,4226667
928,0x00407e70,4226672
929,0x00407e75,4226677
930,0x00408045,4227141
931,0x00408daf,4230575
932,0x00408dba,4230586
933,0x0040900f,4231183
934,0x00409011,4231185
935,0x00409012,4231186
936,0x0040905c,4231260
937,0x0040905d,4231261
938,0x00409064,4231268
939,0x00409065,4231269
940,0x0040908e,4231310
941,0x00409091,4231313
942,0x004090ef,4231407
943,0x004090f7,4231415
944,0x004090fe,4231422
945,0x00409101,4231425
946,0x00409102,4231426
947,0x00409106,4231430
948,0x00409108,4231432
949,0x0040910b,4231435
950,0x0040910d,4231437
951,0x0040912a,4231466
952,0x0040912b,4231467
953,0x00409146,4231494
954,0x0040914a,4231498
955,0x0040958b,4232587
956,0x00409869,4233321
957,0x00409c3d,4234301
958,0x0040a5ad,4236717
959,0x0040a5ae,4236718
960,0x0040a5d8,4236760
961,0x0040a5da,4236762
962,0x0040a622,4236834
963,0x0040a62b,4236843
964,0x0040a632,4236850
965,0x0040a633,4236851
966,0x0040a634,4236852
967,0x0040a638,4236856
968,0x0040a63c,4236860
969,0x0040a75a,4237146
970,0x0040b4c5,4240581
971,0x0040b841,4241473
972,0x0040b873,4241523
973,0x0040b875,4241525
974,0x0040b880,4241536
975,0x0040b881,4241537
976,0x0040b8ae,4241582
977,0x0040b8b0,4241584
978,0x0040b8e9,4241641
979,0x0040b8f0,4241648
980,0x0040b8f5,4241653
981,0x0040b8f6,4241654
982,0x0040b8f7,4241655
983,0x0040b8fb,4241659
984,0x0040b901,4241665
985,0x0040b90a,4241674
986,0x0040b912,4241682
987,0x0040b918,4241688
988,0x0040b919,4241689
989,0x0040b91a,4241690
990,0x0040b91f,4241695
991,0x0040b923,4241699
992,0x0040bc9f,4242591
993,0x0040bf80,4243328
994,0x0040c353,4244307
995,0x0040cd76,4246902
996,0x0040cda0,4246944
997,0x0040cda1,4246945
998,0x0040cde8,4247016
999,0x0040cdf0,4247024
1000,0x0040cdf4,4247028
1001,0x0040cdf6,4247030
1002,0x0040cdf7,4247031
1003,0x0040cdfb,4247035
1004,0x0040ce00,4247040
1005,0x0040ce70,4247152
1006,0x0040dbdc,4250588
1007,0x0040e039,4251705
1008,0x0040e03a,4251706
1009,0x0040e059,4251737
1010,0x0040e05a,4251738
1011,0x0040e064,4251748
1012,0x0040e066,4251750
1013,0x0040e082,4251778
1014,0x0040e083,4251779
1015,0x0040e0c6,4251846
1016,0x0040e0cd,4251853
1017,0x0040e0d2,4251858
1018,0x0040e0d3,4251859
1019,0x0040e0d4,4251860
1020,0x0040e0d6,4251862
1021,0x0040e0d7,4251863
1022,0x0040e0db,4251867
1023,0x0040e0dd,4251869
1024,0x0040e0e2,4251874
1025,0x0040e0e3,4251875
1026,0x0040e0e4,4251876
1027,0x0040e0e8,4251880
1028,0x0040e0ec,4251884
1029,0x0040e3b5,4252597
1030,0x0040e696,4253334
1031,0x0040ea68,4254312
1032,0x0040ea71,4254321
1033,0x0040f536,4257078
1034,0x0040f537,4257079
1035,0x0040f560,4257120
1036,0x0040f562,4257122
1037,0x0040f584,4257156
1038,0x0040f58d,4257165
1039,0x0040f5aa,4257194
1040,0x0040f5b2,4257202
1041,0x0040f5b7,4257207
1042,0x0040f5b8,4257208
1043,0x0040f5b9,4257209
1044,0x0040f5bd,4257213
1045,0x0040f5c2,4257218
1046,0x004102f3,4260595
1047,0x00410815,4261909
1048,0x00410816,4261910
1049,0x00410823,4261923
1050,0x00410824,4261924
1051,0x00410847,4261959
1052,0x0041084a,4261962
1053,0x0041084f,4261967
1054,0x00410850,4261968
1055,0x004108a4,4262052
1056,0x004108a5,4262053
1057,0x004108ad,4262061
1058,0x004108b2,4262066
1059,0x004108b4,4262068
1060,0x004108b5,4262069
1061,0x004108ba,4262074
1062,0x004108be,4262078
1063,0x004108c0,4262080
1064,0x004108c7,4262087
1065,0x004108cd,4262093
1066,0x004108ce,4262094
1067,0x004108cf,4262095
1068,0x004108d5,4262101
1069,0x004108da,4262106
1070,0x00410aca,4262602
1071,0x00410dac,4263340
1072,0x00411187,4264327
1073,0x0041162b,4265515
1074,0x0041162d,4265517
1075,0x0041162e,4265518
1076,0x0041162f,4265519
1077,0x00411630,4265520
1078,0x00411679,4265593
1079,0x0041167b,4265595
1080,0x0041172c,4265772
1081,0x00411734,4265780
1082,0x00411751,4265809
1083,0x00411752,4265810
1084,0x00411753,4265811
1085,0x00411754,4265812
1086,0x0041176d,4265837
1087,0x00411771,4265841
1088,0x00411ca3,4267171
1089,0x00411cfa,4267258
1090,0x00411cfb,4267259
1091,0x00411d25,4267301
1092,0x00411d27,4267303
1093,0x00411d71,4267377
1094,0x00411d7a,4267386
1095,0x00411d80,4267392
1096,0x00411d82,4267394
1097,0x00411d87,4267399
1098,0x00411d8c,4267404
1099,0x00412a09,4270601
1100,0x00412ff3,4272115
1101,0x00412ff4,4272116
1102,0x00413012,4272146
1103,0x00413013,4272147
1104,0x0041301c,4272156
1105,0x0041301d,4272157
1106,0x0041303e,4272190
1107,0x0041303f,4272191
1108,0x00413072,4272242
1109,0x00413079,4272249
1110,0x0041307e,4272254
1111,0x00413080,4272256
1112,0x00413081,4272257
1113,0x00413085,4272261
1114,0x00413089,4272265
1115,0x004130a1,4272289
1116,0x004130a8,4272296
1117,0x004130ae,4272302
1118,0x004130af,4272303
1119,0x004130b0,4272304
1120,0x004130b3,4272307
1121,0x004130b7,4272311
1122,0x004131e0,4272608
1123,0x004134c1,4273345
1124,0x0041389b,4274331
1125,0x00413eaa,4275882
1126,0x00413eab,4275883
1127,0x00413ed7,4275927
1128,0x00413ed9,4275929
1129,0x00413f30,4276016
1130,0x00413f38,4276024
1131,0x00413f3d,4276029
1132,0x00413f3e,4276030
1133,0x00413f43,4276035
1134,0x00413f48,4276040
1135,0x004143b8,4277176
1136,0x004144cd,4277453
1137,0x004144cf,4277455
1138,0x004144fa,4277498
1139,0x004144fc,4277500
1140,0x00414548,4277576
1141,0x00414550,4277584
1142,0x00414554,4277588
1143,0x00414557,4277591
1144,0x00414559,4277593
1145,0x0041455f,4277599
1146,0x00414563,4277603
1147,0x0041511f,4280607
1148,0x004157cd,4282317
1149,0x004157ce,4282318
1150,0x004157f2,4282354
1151,0x004157f3,4282355
1152,0x004157fc,4282364
1153,0x004157fe,4282366
1154,0x0041581f,4282399
1155,0x00415821,4282401
1156,0x00415854,4282452
1157,0x0041585f,4282463
1158,0x00415865,4282469
1159,0x00415867,4282471
1160,0x00415868,4282472
1161,0x0041586c,4282476
1162,0x00415870,4282480
1163,0x00415885,4282501
1164,0x0041588c,4282508
1165,0x00415891,4282513
1166,0x00415893,4282515
1167,0x00415897,4282519
1168,0x0041589b,4282523
1169,0x004158f6,4282614
1170,0x00415bd8,4283352
1171,0x00415fb1,4284337
1172,0x00416687,4286087
1173,0x00416688,4286088
1174,0x004166b8,4286136
1175,0x004166ba,4286138
1176,0x00416713,4286227
1177,0x0041671b,4286235
1178,0x00416722,4286242
1179,0x00416725,4286245
1180,0x0041672a,4286250
1181,0x0041672e,4286254
1182,0x00416ace,4287182
1183,0x00416c9e,4287646
1184,0x00416cc9,4287689
1185,0x00416cca,4287690
1186,0x00416d12,4287762
1187,0x00416d1b,4287771
1188,0x00416d21,4287777
1189,0x00416d22,4287778
1190,0x00416d23,4287779
1191,0x00416d28,4287784
1192,0x00416d2e,4287790
1193,0x00417835,4290613
1194,0x00417841,4290625
1195,0x00417fa9,4292521
1196,0x00417faa,4292522
1197,0x00417fd5,4292565
1198,0x00417fd6,4292566
1199,0x00417fd7,4292567
1200,0x0041800b,4292619
1201,0x0041800c,4292620
1202,0x0041800d,4292621
1203,0x0041802d,4292653
1204,0x00418036,4292662
1205,0x0041803d,4292669
1206,0x0041803e,4292670
1207,0x0041803f,4292671
1208,0x00418043,4292675
1209,0x00418048,4292680
1210,0x00418080,4292736
1211,0x00418087,4292743
1212,0x0041808c,4292748
1213,0x0041808d,4292749
1214,0x0041808e,4292750
1215,0x0041808f,4292751
1216,0x00418093,4292755
1217,0x00418098,4292760
1218,0x004182ee,4293358
1219,0x004186c7,4294343
1220,0x00418e64,4296292
1221,0x00418e65,4296293
1222,0x00418e93,4296339
1223,0x00418e94,4296340
1224,0x00418eec,4296428
1225,0x00418ef6,4296438
1226,0x00418efd,4296445
1227,0x00418efe,4296446
1228,0x00418eff,4296447
1229,0x00418f03,4296451
1230,0x00418f08,4296456
1231,0x004191e4,4297188
1232,0x00419465,4297829
1233,0x00419466,4297830
1234,0x00419491,4297873
1235,0x00419493,4297875
1236,0x004194dd,4297949
1237,0x004194e5,4297957
1238,0x004194eb,4297963
1239,0x004194ec,4297964
1240,0x004194ed,4297965
1241,0x004194f1,4297969
1242,0x004194f6,4297974
1243,0x00419f56,4300630
1244,0x0041a722,4302626
1245,0x0041a782,4302722
1246,0x0041a784,4302724
1247,0x0041a7ad,4302765
1248,0x0041a7af,4302767
1249,0x0041a7cd,4302797
1250,0x0041a7ce,4302798
1251,0x0041a7f6,4302838
1252,0x0041a7f8,4302840
1253,0x0041a803,4302851
1254,0x0041a80d,4302861
1255,0x0041a812,4302866
1256,0x0041a813,4302867
1257,0x0041a814,4302868
1258,0x0041a818,4302872
1259,0x0041a81d,4302877
1260,0x0041a851,4302929
1261,0x0041a859,4302937
1262,0x0041a85d,4302941
1263,0x0041a85f,4302943
1264,0x0041a860,4302944
1265,0x0041a864,4302948
1266,0x0041a867,4302951
1267,0x0041aa04,4303364
1268,0x0041addd,4304349
1269,0x0041b63e,4306494
1270,0x0041b63f,4306495
1271,0x0041b66b,4306539
1272,0x0041b66d,4306541
1273,0x0041b6c4,4306628
1274,0x0041b6cb,4306635
1275,0x0041b6d0,4306640
1276,0x0041b6d3,4306643
1277,0x0041b6d4,4306644
1278,0x0041b6d5,4306645
1279,0x0041b6d9,4306649
1280,0x0041b6de,4306654
1281,0x0041b8fa,4307194
1282,0x0041bc2e,4308014
1283,0x0041bc2f,4308015
1284,0x0041bc58,4308056
1285,0x0041bc5a,4308058
1286,0x0041bca3,4308131
1287,0x0041bcab,4308139
1288,0x0041bcb2,4308146
1289,0x0041bcb4,4308148
1290,0x0041bcb8,4308152
1291,0x0041bcbe,4308158
1292,0x0041c2f3,4309747
1293,0x0041c2f6,4309750
1294,0x0041c2f7,4309751
1295,0x0041c350,4309840
1296,0x0041c352,4309842
1297,0x0041c468,4310120
1298,0x0041c4bf,4310207
1299,0x0041c4d4,4310228
1300,0x0041c4d6,4310230
1301,0x0041c4d7,4310231
1302,0x0041c4da,4310234
1303,0x0041c4dd,4310237
1304,0x0041c4de,4310238
1305,0x0041c4df,4310239
1306,0x0041c4e0,4310240
1307,0x0041c4e1,4310241
1308,0x0041c4e2,4310242
1309,0x0041c4e3,4310243
1310,0x0041c4e4,4310244
1311,0x0041c4e5,4310245
1312,0x0041c4e7,4310247
1313,0x0041c4e9,4310249
1314,0x0041c4ea,4310250
1315,0x0041c4eb,4310251
1316,0x0041c4ec,4310252
1317,0x0041c4ed,4310253
1318,0x0041c4ef,4310255
1319,0x0041c4f0,4310256
1320,0x0041c4f1,4310257
1321,0x0041c4f2,4310258
1322,0x0041c4f3,4310259
1323,0x0041c4f6,4310262
1324,0x0041c4fa,4310266
1325,0x0041c566,4310374
1326,0x0041c56d,4310381
1327,0x0041c581,4310401
1328,0x0041c583,4310403
1329,0x0041c590,4310416
1330,0x0041c5e6,4310502
1331,0x0041c5fd,4310525
1332,0x0041c603,4310531
1333,0x0041c605,4310533
1334,0x0041c60d,4310541
1335,0x0041c60e,4310542
1336,0x0041c613,4310547
1337,0x0041c66a,4310634
1338,0x0041c6ac,4310700
1339,0x0041c6bc,4310716
1340,0x0041c6c2,4310722
1341,0x0041c6c4,4310724
1342,0x0041c6c6,4310726
1343,0x0041c6c7,4310727
1344,0x0041c6c8,4310728
1345,0x0041c6c9,4310729
1346,0x0041c6cc,4310732
1347,0x0041ca53,4311635
1348,0x0041ca56,4311638
1349,0x0041ca5a,4311642
1350,0x0041ca5b,4311643
1351,0x0041ca5c,4311644
1352,0x0041ca5e,4311646
1353,0x0041ca63,4311651
1354,0x0041ca64,4311652
1355,0x0041ca65,4311653
1356,0x0041ca67,4311655
1357,0x0041ca6a,4311658
1358,0x0041ca6b,4311659
1359,0x0041ca6d,4311661
1360,0x0041ca98,4311704
1361,0x0041ca9b,4311707
1362,0x0041cab5,4311733
1363,0x0041cacc,4311756
1364,0x0041cacf,4311759
1365,0x0041cba7,4311975
1366,0x0041cbb3,4311987
1367,0x0041cbb4,4311988
1368,0x0041cbbf,4311999
1369,0x0041cbc0,4312000
1370,0x0041cbc4,4312004
1371,0x0041cbc5,4312005
1372,0x0041cbc6,4312006
1373,0x0041cbc7,4312007
1374,0x0041cbc8,4312008
1375,0x0041cbc9,4312009
1376,0x0041cbca,4312010
1377,0x0041cbcb,4312011
1378,0x0041cbcc,4312012
1379,0x0041cbcd,4312013
1380,0x0041cbce,4312014
1381,0x0041cbcf,4312015
1382,0x0041cbd0,4312016
1383,0x0041cbd1,4312017
1384,0x0041cbd2,4312018
1385,0x0041cbd3,4312019
1386,0x0041cbd4,4312020
1387,0x0041cbd5,4312021
1388,0x0041cbd6,4312022
1389,0x0041cbd7,4312023
1390,0x0041cbd9,4312025
1391,0x0041cbdb,4312027
1392,0x0041cbdc,4312028
1393,0x0041cbdd,4312029
1394,0x0041cbde,4312030
1395,0x0041cbdf,4312031
1396,0x0041cbe0,4312032
1397,0x0041cbe2,4312034
1398,0x0041cbe3,4312035
1399,0x0041cbe4,4312036
1400,0x0041cbe5,4312037
1401,0x0041cbe7,4312039
1402,0x0041cbe8,4312040
1403,0x0041cbea,4312042
1404,0x0041cbeb,4312043
1405,0x0041cbec,4312044
1406,0x0041cbed,4312045
1407,0x0041cbef,4312047
1408,0x0041cc1f,4312095
1409,0x0041cce3,4312291
1410,0x0041cce6,4312294
1411,0x0041cce9,4312297
1412,0x0041ce37,4312631
1413,0x0041ce40,4312640
1414,0x0041cf55,4312917
1415,0x0041cf56,4312918
1416,0x0041cf7f,4312959
1417,0x0041cf81,4312961
1418,0x0041cf8d,4312973
1419,0x0041cf93,4312979
1420,0x0041cf94,4312980
1421,0x0041cf95,4312981
1422,0x0041cf96,4312982
1423,0x0041cf97,4312983
1424,0x0041cf98,4312984
1425,0x0041cf99,4312985
1426,0x0041cf9a,4312986
1427,0x0041cf9b,4312987
1428,0x0041cf9c,4312988
1429,0x0041cf9f,4312991
1430,0x0041cfd2,4313042
1431,0x0041cfd5,4313045
1432,0x0041cfdc,4313052
1433,0x0041cfe4,4313060
1434,0x0041cfe6,4313062
1435,0x0041cfe7,4313063
1436,0x0041cfec,4313068
1437,0x0041d047,4313159
1438,0x0041d050,4313168
1439,0x0041d055,4313173
1440,0x0041d057,4313175
1441,0x0041d058,4313176
1442,0x0041d059,4313177
1443,0x0041d05e,4313182
1444,0x0041d05f,4313183
1445,0x0041d067,4313191
1446,0x0041d0d7,4313303
1447,0x0041d0db,4313307
1448,0x0041d0dc,4313308
1449,0x0041d0dd,4313309
1450,0x0041d0e1,4313313
1451,0x0041d0e2,4313314
1452,0x0041d0f3,4313331
1453,0x0041d0f8,4313336
1454,0x0041d0fc,4313340
1455,0x0041d0fe,4313342
1456,0x0041d0ff,4313343
1457,0x0041d104,4313348
1458,0x0041d106,4313350
1459,0x0041d107,4313351
1460,0x0041d108,4313352
1461,0x0041d109,4313353
1462,0x0041d10a,4313354
1463,0x0041d10b,4313355
1464,0x0041d10c,4313356
1465,0x0041d10e,4313358
1466,0x0041d110,4313360
1467,0x0041d111,4313361
1468,0x0041d113,4313363
1469,0x0041d114,4313364
1470,0x0041d115,4313365
1471,0x0041d116,4313366
1472,0x0041d118,4313368
1473,0x0041d121,4313377
1474,0x0041d12e,4313390
1475,0x0041d134,4313396
1476,0x0041d13a,4313402
1477,0x0041d13c,4313404
1478,0x0041d13d,4313405
1479,0x0041d13e,4313406
1480,0x0041d13f,4313407
1481,0x0041d140,4313408
1482,0x0041d141,4313409
1483,0x0041d142,4313410
1484,0x0041d143,4313411
1485,0x0041d144,4313412
1486,0x0041d149,4313417
1487,0x0041d14a,4313418
1488,0x0041d14c,4313420
1489,0x0041d14d,4313421
1490,0x0041d14e,4313422
1491,0x0041d14f,4313423
1492,0x0041d150,4313424
1493,0x0041d151,4313425
1494,0x0041d153,4313427
1495,0x0041d154,4313428
1496,0x0041d155,4313429
1497,0x0041d156,4313430
1498,0x0041d159,4313433
1499,0x0041d15a,4313434
1500,0x0041d15c,4313436
1501,0x0041d161,4313441
1502,0x0041d162,4313442
1503,0x0041d163,4313443
1504,0x0041d164,4313444
1505,0x0041d165,4313445
1506,0x0041d166,4313446
1507,0x0041d167,4313447
1508,0x0041d168,4313448
1509,0x0041d16d,4313453
1510,0x0041d16e,4313454
1511,0x0041d170,4313456
1512,0x0041d171,4313457
1513,0x0041d172,4313458
1514,0x0041d173,4313459
1515,0x0041d174,4313460
1516,0x0041d175,4313461
1517,0x0041d176,4313462
1518,0x0041d177,4313463
1519,0x0041d178,4313464
1520,0x0041d17a,4313466
1521,0x0041d17d,4313469
1522,0x0041d181,4313473
1523,0x0041d182,4313474
1524,0x0041d183,4313475
1525,0x0041d184,4313476
1526,0x0041d185,4313477
1527,0x0041d186,4313478
1528,0x0041d188,4313480
1529,0x0041d18e,4313486
1530,0x0041d18f,4313487
1531,0x0041d190,4313488
1532,0x0041d191,4313489
1533,0x0041d192,4313490
1534,0x0041d193,4313491
1535,0x0041d194,4313492
1536,0x0041d195,4313493
1537,0x0041d196,4313494
1538,0x0041d197,4313495
1539,0x0041d198,4313496
1540,0x0041d19a,4313498
1541,0x0041d19d,4313501
1542,0x0041d19e,4313502
1543,0x0041d19f,4313503
1544,0x0041d1a1,4313505
1545,0x0041d1a2,4313506
1546,0x0041d1a3,4313507
1547,0x0041d1a4,4313508
1548,0x0041d1a5,4313509
1549,0x0041d1a6,4313510
1550,0x0041d1a7,4313511
1551,0x0041d1ac,4313516
1552,0x0041d1ad,4313517
1553,0x0041d1ae,4313518
1554,0x0041d1af,4313519
1555,0x0041d1b0,4313520
1556,0x0041d1b1,4313521
1557,0x0041d1b2,4313522
1558,0x0041d1b3,4313523
1559,0x0041d1b4,4313524
1560,0x0041d1b5,4313525
1561,0x0041d1b6,4313526
1562,0x0041d1b8,4313528
1563,0x0041d1be,4313534
1564,0x0041d1bf,4313535
1565,0x0041d1c2,4313538
1566,0x0041d1c3,4313539
1567,0x0041d1c4,4313540
1568,0x0041d1c5,4313541
1569,0x0041d1c6,4313542
1570,0x0041d1c7,4313543
1571,0x0041d1c8,4313544
1572,0x0041d1c9,4313545
1573,0x0041d1ca,4313546
1574,0x0041d1cb,4313547
1575,0x0041d1d1,4313553
1576,0x0041d1d2,4313554
1577,0x0041d1d3,4313555
1578,0x0041d1d4,4313556
1579,0x0041d1d5,4313557
1580,0x0041d1d6,4313558
1581,0x0041d1d7,4313559
1582,0x0041d1d8,4313560
1583,0x0041d1d9,4313561
1584,0x0041d1da,4313562
1585,0x0041d1db,4313563
1586,0x0041d1dc,4313564
1587,0x0041d1de,4313566
1588,0x0041d1e2,4313570
1589,0x0041d1e3,4313571
1590,0x0041d1e4,4313572
1591,0x0041d1e5,4313573
1592,0x0041d1e6,4313574
1593,0x0041d1e7,4313575
1594,0x0041d1e8,4313576
1595,0x0041d1ed,4313581
1596,0x0041d1ee,4313582
1597,0x0041d1f0,4313584
1598,0x0041d1f2,4313586
1599,0x0041d1f3,4313587
1600,0x0041d1f4,4313588
1601,0x0041d1f5,4313589
1602,0x0041d1f6,4313590
1603,0x0041d1f7,4313591
1604,0x0041d1fa,4313594
1605,0x0041d1fb,4313595
1606,0x0041d1fd,4313597
1607,0x0041d201,4313601
1608,0x0041d202,4313602
1609,0x0041d203,4313603
1610,0x0041d204,4313604
1611,0x0041d205,4313605
1612,0x0041d206,4313606
1613,0x0041d207,4313607
1614,0x0041d20c,4313612
1615,0x0041d20e,4313614
1616,0x0041d20f,4313615
1617,0x0041d210,4313616
1618,0x0041d211,4313617
1619,0x0041d212,4313618
1620,0x0041d213,4313619
1621,0x0041d215,4313621
1622,0x0041d218,4313624
1623,0x0041d21c,4313628
1624,0x0041d21d,4313629
1625,0x0041d21e,4313630
1626,0x0041d21f,4313631
1627,0x0041d220,4313632
1628,0x0041d225,4313637
1629,0x0041d226,4313638
1630,0x0041d227,4313639
1631,0x0041d228,4313640
1632,0x0041d229,4313641
1633,0x0041d22a,4313642
1634,0x0041d22b,4313643
1635,0x0041d22c,4313644
1636,0x0041d22d,4313645
1637,0x0041d22e,4313646
1638,0x0041d22f,4313647
1639,0x0041d231,4313649
1640,0x0041d235,4313653
1641,0x0041d236,4313654
1642,0x0041d237,4313655
1643,0x0041d238,4313656
1644,0x0041d239,4313657
1645,0x0041d23a,4313658
1646,0x0041d23b,4313659
1647,0x0041d240,4313664
1648,0x0041d241,4313665
1649,0x0041d242,4313666
1650,0x0041d243,4313667
1651,0x0041d244,4313668
1652,0x0041d245,4313669
1653,0x0041d246,4313670
1654,0x0041d247,4313671
1655,0x0041d248,4313672
1656,0x0041d24a,4313674
1657,0x0041d24e,4313678
1658,0x0041d24f,4313679
1659,0x0041d250,4313680
1660,0x0041d251,4313681
1661,0x0041d252,4313682
1662,0x0041d258,4313688
1663,0x0041d25a,4313690
1664,0x0041d25b,4313691
1665,0x0041d25c,4313692
1666,0x0041d25d,4313693
1667,0x0041d25e,4313694
1668,0x0041d261,4313697
1669,0x0041d264,4313700
1670,0x0041d265,4313701
1671,0x0041d268,4313704
1672,0x0041d269,4313705
1673,0x0041d26a,4313706
1674,0x0041d26b,4313707
1675,0x0041d26c,4313708
1676,0x0041d26d,4313709
1677,0x0041d272,4313714
1678,0x0041d273,4313715
1679,0x0041d275,4313717
1680,0x0041d276,4313718
1681,0x0041d277,4313719
1682,0x0041d278,4313720
1683,0x0041d27b,4313723
1684,0x0041d27e,4313726
1685,0x0041d282,4313730
1686,0x0041d283,4313731
1687,0x0041d284,4313732
1688,0x0041d285,4313733
1689,0x0041d286,4313734
1690,0x0041d28c,4313740
1691,0x0041d28d,4313741
1692,0x0041d28f,4313743
1693,0x0041d290,4313744
1694,0x0041d291,4313745
1695,0x0041d292,4313746
1696,0x0041d295,4313749
1697,0x0041d298,4313752
1698,0x0041d29c,4313756
1699,0x0041d29d,4313757
1700,0x0041d29e,4313758
1701,0x0041d29f,4313759
1702,0x0041d2a0,4313760
1703,0x0041d2a1,4313761
1704,0x0041d2a6,4313766
1705,0x0041d2a7,4313767
1706,0x0041d2a9,4313769
1707,0x0041d2aa,4313770
1708,0x0041d2ab,4313771
1709,0x0041d2ac,4313772
1710,0x0041d2ae,4313774
1711,0x0041d2b1,4313777
1712,0x0041d2b5,4313781
1713,0x0041d2b6,4313782
1714,0x0041d2b7,4313783
1715,0x0041d2b8,4313784
1716,0x0041d2b9,4313785
1717,0x0041d2ba,4313786
1718,0x0041d2bf,4313791
1719,0x0041d2c1,4313793
1720,0x0041d2c2,4313794
1721,0x0041d2c3,4313795
1722,0x0041d2c4,4313796
1723,0x0041d2c9,4313801
1724,0x0041d2cc,4313804
1725,0x0041d2d0,4313808
1726,0x0041d2d1,4313809
1727,0x0041d2d2,4313810
1728,0x0041d2d3,4313811
1729,0x0041d2d4,4313812
1730,0x0041d2d5,4313813
1731,0x0041d2da,4313818
1732,0x0041d2db,4313819
1733,0x0041d2dc,4313820
1734,0x0041d2dd,4313821
1735,0x0041d2de,4313822
1736,0x0041d2df,4313823
1737,0x0041d2e2,4313826
1738,0x0041d2e3,4313827
1739,0x0041d2e4,4313828
1740,0x0041d2e5,4313829
1741,0x0041d2e6,4313830
1742,0x0041d2ea,4313834
1743,0x0041d2eb,4313835
1744,0x0041d2ec,4313836
1745,0x0041d2ed,4313837
1746,0x0041d2ee,4313838
1747,0x0041d2f3,4313843
1748,0x0041d2f4,4313844
1749,0x0041d2f5,4313845
1750,0x0041d2f6,4313846
1751,0x0041d2f7,4313847
1752,0x0041d2f8,4313848
1753,0x0041d2f9,4313849
1754,0x0041d2fa,4313850
1755,0x0041d2fc,4313852
1756,0x0041d301,4313857
1757,0x0041d302,4313858
1758,0x0041d303,4313859
1759,0x0041d304,4313860
1760,0x0041d305,4313861
1761,0x0041d30b,4313867
1762,0x0041d30c,4313868
1763,0x0041d30d,4313869
1764,0x0041d30e,4313870
1765,0x0041d30f,4313871
1766,0x0041d310,4313872
1767,0x0041d312,4313874
1768,0x0041d315,4313877
1769,0x0041d319,4313881
1770,0x0041d31a,4313882
1771,0x0041d31b,4313883
1772,0x0041d31c,4313884
1773,0x0041d31d,4313885
1774,0x0041d31e,4313886
1775,0x0041d323,4313891
1776,0x0041d324,4313892
1777,0x0041d325,4313893
1778,0x0041d326,4313894
1779,0x0041d327,4313895
1780,0x0041d328,4313896
1781,0x0041d329,4313897
1782,0x0041d32a,4313898
1783,0x0041d32c,4313900
1784,0x0041d331,4313905
1785,0x0041d332,4313906
1786,0x0041d333,4313907
1787,0x0041d334,4313908
1788,0x0041d335,4313909
1789,0x0041d33b,4313915
1790,0x0041d33d,4313917
1791,0x0041d33e,4313918
1792,0x0041d33f,4313919
1793,0x0041d340,4313920
1794,0x0041d342,4313922
1795,0x0041d345,4313925
1796,0x0041d349,4313929
1797,0x0041d34a,4313930
1798,0x0041d34b,4313931
1799,0x0041d34c,4313932
1800,0x0041d34d,4313933
1801,0x0041d352,4313938
1802,0x0041d353,4313939
1803,0x0041d355,4313941
1804,0x0041d356,4313942
1805,0x0041d357,4313943
1806,0x0041d358,4313944
1807,0x0041d35a,4313946
1808,0x0041d35b,4313947
1809,0x0041d35c,4313948
1810,0x0041d35e,4313950
1811,0x0041d362,4313954
1812,0x0041d363,4313955
1813,0x0041d364,4313956
1814,0x0041d365,4313957
1815,0x0041d366,4313958
1816,0x0041d36b,4313963
1817,0x0041d36c,4313964
1818,0x0041d36d,4313965
1819,0x0041d36e,4313966
1820,0x0041d36f,4313967
1821,0x0041d370,4313968
1822,0x0041d372,4313970
1823,0x0041d377,4313975
1824,0x0041d37c,4313980
1825,0x0041d37d,4313981
1826,0x0041d37e,4313982
1827,0x0041d37f,4313983
1828,0x0041d380,4313984
1829,0x0041d385,4313989
1830,0x0041d386,4313990
1831,0x0041d388,4313992
1832,0x0041d389,4313993
1833,0x0041d38a,4313994
1834,0x0041d38c,4313996
1835,0x0041d38f,4313999
1836,0x0041d393,4314003
1837,0x0041d394,4314004
1838,0x0041d395,4314005
1839,0x0041d396,4314006
1840,0x0041d397,4314007
1841,0x0041d39c,4314012
1842,0x0041d39d,4314013
1843,0x0041d39f,4314015
1844,0x0041d3a0,4314016
1845,0x0041d3a1,4314017
1846,0x0041d3a3,4314019
1847,0x0041d3a5,4314021
1848,0x0041d3aa,4314026
1849,0x0041d3ab,4314027
1850,0x0041d3ac,4314028
1851,0x0041d3ad,4314029
1852,0x0041d3ae,4314030
1853,0x0041d3b3,4314035
1854,0x0041d3b6,4314038
1855,0x0041d3b7,4314039
1856,0x0041d3b8,4314040
1857,0x0041d3b9,4314041
1858,0x0041d3ba,4314042
1859,0x0041d3bd,4314045
1860,0x0041d3c1,4314049
1861,0x0041d3c2,4314050
1862,0x0041d3c3,4314051
1863,0x0041d3c4,4314052
1864,0x0041d3c5,4314053
1865,0x0041d3c6,4314054
1866,0x0041d3cb,4314059
1867,0x0041d3cc,4314060
1868,0x0041d3ce,4314062
1869,0x0041d3cf,4314063
1870,0x0041d3d0,4314064
1871,0x0041d3d1,4314065
1872,0x0041d3d4,4314068
1873,0x0041d3d6,4314070
1874,0x0041d3d7,4314071
1875,0x0041d3d8,4314072
1876,0x0041d3db,4314075
1877,0x0041d3dc,4314076
1878,0x0041d3dd,4314077
1879,0x0041d3de,4314078
1880,0x0041d3df,4314079
1881,0x0041d3e5,4314085
1882,0x0041d3e6,4314086
1883,0x0041d3e8,4314088
1884,0x0041d3e9,4314089
1885,0x0041d3ea,4314090
1886,0x0041d3eb,4314091
1887,0x0041d3ed,4314093
1888,0x0041d3f0,4314096
1889,0x0041d3f4,4314100
1890,0x0041d3f5,4314101
1891,0x0041d3f6,4314102
1892,0x0041d3f7,4314103
1893,0x0041d3f8,4314104
1894,0x0041d3f9,4314105
1895,0x0041d3fe,4314110
1896,0x0041d3ff,4314111
1897,0x0041d400,4314112
1898,0x0041d401,4314113
1899,0x0041d402,4314114
1900,0x0041d403,4314115
1901,0x0041d405,4314117
1902,0x0041d408,4314120
1903,0x0041d40c,4314124
1904,0x0041d40d,4314125
1905,0x0041d40e,4314126
1906,0x0041d40f,4314127
1907,0x0041d410,4314128
1908,0x0041d411,4314129
1909,0x0041d416,4314134
1910,0x0041d418,4314136
1911,0x0041d419,4314137
1912,0x0041d41a,4314138
1913,0x0041d41b,4314139
1914,0x0041d41c,4314140
1915,0x0041d41d,4314141
1916,0x0041d41f,4314143
1917,0x0041d423,4314147
1918,0x0041d424,4314148
1919,0x0041d425,4314149
1920,0x0041d426,4314150
1921,0x0041d427,4314151
1922,0x0041d428,4314152
1923,0x0041d42d,4314157
1924,0x0041d42e,4314158
1925,0x0041d42f,4314159
1926,0x0041d430,4314160
1927,0x0041d431,4314161
1928,0x0041d432,4314162
1929,0x0041d434,4314164
1930,0x0041d437,4314167
1931,0x0041d43b,4314171
1932,0x0041d43c,4314172
1933,0x0041d43d,4314173
1934,0x0041d43e,4314174
1935,0x0041d43f,4314175
1936,0x0041d444,4314180
1937,0x0041d445,4314181
1938,0x0041d447,4314183
1939,0x0041d448,4314184
1940,0x0041d449,4314185
1941,0x0041d44a,4314186
1942,0x0041d44d,4314189
1943,0x0041d44f,4314191
1944,0x0041d450,4314192
1945,0x0041d451,4314193
1946,0x0041d454,4314196
1947,0x0041d455,4314197
1948,0x0041d456,4314198
1949,0x0041d457,4314199
1950,0x0041d458,4314200
1951,0x0041d459,4314201
1952,0x0041d45e,4314206
1953,0x0041d45f,4314207
1954,0x0041d460,4314208
1955,0x0041d461,4314209
1956,0x0041d462,4314210
1957,0x0041d463,4314211
1958,0x0041d464,4314212
1959,0x0041d465,4314213
1960,0x0041d467,4314215
1961,0x0041d46b,4314219
1962,0x0041d46c,4314220
1963,0x0041d46d,4314221
1964,0x0041d46e,4314222
1965,0x0041d46f,4314223
1966,0x0041d475,4314229
1967,0x0041d476,4314230
1968,0x0041d478,4314232
1969,0x0041d479,4314233
1970,0x0041d47a,4314234
1971,0x0041d47c,4314236
1972,0x0041d47f,4314239
1973,0x0041d483,4314243
1974,0x0041d484,4314244
1975,0x0041d485,4314245
1976,0x0041d486,4314246
1977,0x0041d487,4314247
1978,0x0041d48d,4314253
1979,0x0041d48f,4314255
1980,0x0041d490,4314256
1981,0x0041d491,4314257
1982,0x0041d492,4314258
1983,0x0041d493,4314259
1984,0x0041d496,4314262
1985,0x0041d49a,4314266
1986,0x0041d49b,4314267
1987,0x0041d49c,4314268
1988,0x0041d49d,4314269
1989,0x0041d49e,4314270
1990,0x0041d49f,4314271
1991,0x0041d4a4,4314276
1992,0x0041d4a5,4314277
1993,0x0041d4a7,4314279
1994,0x0041d4a8,4314280
1995,0x0041d4a9,4314281
1996,0x0041d4ab,4314283
1997,0x0041d4ae,4314286
1998,0x0041d4b2,4314290
1999,0x0041d4b3,4314291
2000,0x0041d4b4,4314292
2001,0x0041d4b5,4314293
2002,0x0041d4b6,4314294
2003,0x0041d4bb,4314299
2004,0x0041d4bc,4314300
2005,0x0041d4bd,4314301
2006,0x0041d4be,4314302
2007,0x0041d4bf,4314303
2008,0x0041d4c0,4314304
2009,0x0041d4c3,4314307
2010,0x0041d4c5,4314309
2011,0x0041d4c6,4314310
2012,0x0041d4c7,4314311
2013,0x0041d4ca,4314314
2014,0x0041d4cb,4314315
2015,0x0041d4cc,4314316
2016,0x0041d4cd,4314317
2017,0x0041d4ce,4314318
2018,0x0041d4d3,4314323
2019,0x0041d4d4,4314324
2020,0x0041d4d5,4314325
2021,0x0041d4d6,4314326
2022,0x0041d4d7,4314327
2023,0x0041d4d8,4314328
2024,0x0041d4da,4314330
2025,0x0041d4dd,4314333
2026,0x0041d4e1,4314337
2027,0x0041d4e2,4314338
2028,0x0041d4e3,4314339
2029,0x0041d4e4,4314340
2030,0x0041d4e5,4314341
2031,0x0041d4ea,4314346
2032,0x0041d4ec,4314348
2033,0x0041d4ed,4314349
2034,0x0041d4ee,4314350
2035,0x0041d4ef,4314351
2036,0x0041d4f1,4314353
2037,0x0041d4f3,4314355
2038,0x0041d4f5,4314357
2039,0x0041d4fb,4314363
2040,0x0041d4fc,4314364
2041,0x0041d4fd,4314365
2042,0x0041d4fe,4314366
2043,0x0041d4ff,4314367
2044,0x0041d504,4314372
2045,0x0041d505,4314373
2046,0x0041d507,4314375
2047,0x0041d508,4314376
2048,0x0041d509,4314377
2049,0x0041d50a,4314378
2050,0x0041d50b,4314379
2051,0x0041d50c,4314380
2052,0x0041d50e,4314382
2053,0x0041d512,4314386
2054,0x0041d513,4314387
2055,0x0041d514,4314388
2056,0x0041d515,4314389
2057,0x0041d516,4314390
2058,0x0041d517,4314391
2059,0x0041d51b,4314395
2060,0x0041d51c,4314396
2061,0x0041d51d,4314397
2062,0x0041d51f,4314399
2063,0x0041d520,4314400
2064,0x0041d521,4314401
2065,0x0041d522,4314402
2066,0x0041d523,4314403
2067,0x0041d526,4314406
2068,0x0041d52a,4314410
2069,0x0041d52b,4314411
2070,0x0041d52c,4314412
2071,0x0041d52d,4314413
2072,0x0041d52e,4314414
2073,0x0041d534,4314420
2074,0x0041d536,4314422
2075,0x0041d537,4314423
2076,0x0041d538,4314424
2077,0x0041d53b,4314427
2078,0x0041d53d,4314429
2079,0x0041d53e,4314430
2080,0x0041d53f,4314431
2081,0x0041d542,4314434
2082,0x0041d543,4314435
2083,0x0041d544,4314436
2084,0x0041d545,4314437
2085,0x0041d546,4314438
2086,0x0041d547,4314439
2087,0x0041d54c,4314444
2088,0x0041d54d,4314445
2089,0x0041d54e,4314446
2090,0x0041d54f,4314447
2091,0x0041d550,4314448
2092,0x0041d551,4314449
2093,0x0041d552,4314450
2094,0x0041d553,4314451
2095,0x0041d555,4314453
2096,0x0041d559,4314457
2097,0x0041d55a,4314458
2098,0x0041d55b,4314459
2099,0x0041d55c,4314460
2100,0x0041d55d,4314461
2101,0x0041d55e,4314462
2102,0x0041d563,4314467
2103,0x0041d564,4314468
2104,0x0041d565,4314469
2105,0x0041d566,4314470
2106,0x0041d567,4314471
2107,0x0041d568,4314472
2108,0x0041d569,4314473
2109,0x0041d56a,4314474
2110,0x0041d56c,4314476
2111,0x0041d56d,4314477
2112,0x0041d570,4314480
2113,0x0041d571,4314481
2114,0x0041d572,4314482
2115,0x0041d573,4314483
2116,0x0041d574,4314484
2117,0x0041d575,4314485
2118,0x0041d57b,4314491
2119,0x0041d57c,4314492
2120,0x0041d57d,4314493
2121,0x0041d57e,4314494
2122,0x0041d57f,4314495
2123,0x0041d580,4314496
2124,0x0041d582,4314498
2125,0x0041d585,4314501
2126,0x0041d589,4314505
2127,0x0041d58a,4314506
2128,0x0041d58b,4314507
2129,0x0041d58c,4314508
2130,0x0041d58d,4314509
2131,0x0041d58e,4314510
2132,0x0041d593,4314515
2133,0x0041d594,4314516
2134,0x0041d596,4314518
2135,0x0041d597,4314519
2136,0x0041d598,4314520
2137,0x0041d599,4314521
2138,0x0041d59a,4314522
2139,0x0041d59e,4314526
2140,0x0041d5a3,4314531
2141,0x0041d5a4,4314532
2142,0x0041d5a5,4314533
2143,0x0041d5a6,4314534
2144,0x0041d5a7,4314535
2145,0x0041d5ac,4314540
2146,0x0041d5ad,4314541
2147,0x0041d5ae,4314542
2148,0x0041d5af,4314543
2149,0x0041d5b0,4314544
2150,0x0041d5b1,4314545
2151,0x0041d5b2,4314546
2152,0x0041d5b4,4314548
2153,0x0041d5b5,4314549
2154,0x0041d5b7,4314551
2155,0x0041d5b9,4314553
2156,0x0041d5be,4314558
2157,0x0041d5bf,4314559
2158,0x0041d5c0,4314560
2159,0x0041d5c1,4314561
2160,0x0041d5c2,4314562
2161,0x0041d5c8,4314568
2162,0x0041d5c9,4314569
2163,0x0041d5cb,4314571
2164,0x0041d5cc,4314572
2165,0x0041d5cd,4314573
2166,0x0041d5ce,4314574
2167,0x0041d5cf,4314575
2168,0x0041d5d2,4314578
2169,0x0041d5d6,4314582
2170,0x0041d5d7,4314583
2171,0x0041d5d8,4314584
2172,0x0041d5d9,4314585
2173,0x0041d5da,4314586
2174,0x0041d5e0,4314592
2175,0x0041d5e1,4314593
2176,0x0041d5e2,4314594
2177,0x0041d5e3,4314595
2178,0x0041d5e4,4314596
2179,0x0041d5e5,4314597
2180,0x0041d5e7,4314599
2181,0x0041d5ea,4314602
2182,0x0041d5ee,4314606
2183,0x0041d5ef,4314607
2184,0x0041d5f0,4314608
2185,0x0041d5f1,4314609
2186,0x0041d5f2,4314610
2187,0x0041d5f3,4314611
2188,0x0041d5f7,4314615
2189,0x0041d5f8,4314616
2190,0x0041d5f9,4314617
2191,0x0041d5fb,4314619
2192,0x0041d5fc,4314620
2193,0x0041d5fd,4314621
2194,0x0041d5ff,4314623
2195,0x0041d601,4314625
2196,0x0041d602,4314626
2197,0x0041d606,4314630
2198,0x0041d607,4314631
2199,0x0041d608,4314632
2200,0x0041d609,4314633
2201,0x0041d60a,4314634
2202,0x0041d60e,4314638
2203,0x0041d610,4314640
2204,0x0041d612,4314642
2205,0x0041d613,4314643
2206,0x0041d614,4314644
2207,0x0041d615,4314645
2208,0x0041d616,4314646
2209,0x0041d617,4314647
2210,0x0041d618,4314648
2211,0x0041d619,4314649
2212,0x0041d61a,4314650
2213,0x0041d61b,4314651
2214,0x0041d61c,4314652
2215,0x0041d61d,4314653
2216,0x0041d61e,4314654
2217,0x0041d61f,4314655
2218,0x0041d620,4314656
2219,0x0041d621,4314657
2220,0x0041d622,4314658
2221,0x0041d623,4314659
2222,0x0041d624,4314660
2223,0x0041d625,4314661
2224,0x0041d626,4314662
2225,0x0041d627,4314663
2226,0x0041d628,4314664
2227,0x0041d629,4314665
2228,0x0041d62b,4314667
2229,0x0041d62c,4314668
2230,0x0041d62d,4314669
2231,0x0041d62e,4314670
2232,0x0041d62f,4314671
2233,0x0041d630,4314672
2234,0x0041d631,4314673
2235,0x0041d633,4314675
2236,0x0041d634,4314676
2237,0x0041d635,4314677
2238,0x0041d639,4314681
2239,0x0041d63a,4314682
2240,0x0041d63b,4314683
2241,0x0041d63c,4314684
2242,0x0041d63d,4314685
2243,0x0041d643,4314691
2244,0x0041d646,4314694
2245,0x0041d647,4314695
2246,0x0041d648,4314696
2247,0x0041d649,4314697
2248,0x0041d64a,4314698
2249,0x0041d64d,4314701
2250,0x0041d651,4314705
2251,0x0041d652,4314706
2252,0x0041d653,4314707
2253,0x0041d654,4314708
2254,0x0041d655,4314709
2255,0x0041d65a,4314714
2256,0x0041d65b,4314715
2257,0x0041d65c,4314716
2258,0x0041d65d,4314717
2259,0x0041d65e,4314718
2260,0x0041d65f,4314719
2261,0x0041d660,4314720
2262,0x0041d661,4314721
2263,0x0041d665,4314725
2264,0x0041d66a,4314730
2265,0x0041d66b,4314731
2266,0x0041d66c,4314732
2267,0x0041d66d,4314733
2268,0x0041d66e,4314734
2269,0x0041d674,4314740
2270,0x0041d675,4314741
2271,0x0041d676,4314742
2272,0x0041d677,4314743
2273,0x0041d678,4314744
2274,0x0041d679,4314745
2275,0x0041d67a,4314746
2276,0x0041d67b,4314747
2277,0x0041d67d,4314749
2278,0x0041d682,4314754
2279,0x0041d683,4314755
2280,0x0041d684,4314756
2281,0x0041d685,4314757
2282,0x0041d686,4314758
2283,0x0041d68b,4314763
2284,0x0041d68c,4314764
2285,0x0041d68e,4314766
2286,0x0041d68f,4314767
2287,0x0041d690,4314768
2288,0x0041d691,4314769
2289,0x0041d692,4314770
2290,0x0041d695,4314773
2291,0x0041d699,4314777
2292,0x0041d69a,4314778
2293,0x0041d69b,4314779
2294,0x0041d69c,4314780
2295,0x0041d69d,4314781
2296,0x0041d69e,4314782
2297,0x0041d6a3,4314787
2298,0x0041d6a4,4314788
2299,0x0041d6a6,4314790
2300,0x0041d6a7,4314791
2301,0x0041d6a8,4314792
2302,0x0041d6a9,4314793
2303,0x0041d6ab,4314795
2304,0x0041d6ad,4314797
2305,0x0041d6ae,4314798
2306,0x0041d6b2,4314802
2307,0x0041d6b3,4314803
2308,0x0041d6b4,4314804
2309,0x0041d6b5,4314805
2310,0x0041d6b6,4314806
2311,0x0041d6b7,4314807
2312,0x0041d6bc,4314812
2313,0x0041d6bd,4314813
2314,0x0041d6be,4314814
2315,0x0041d6bf,4314815
2316,0x0041d6c0,4314816
2317,0x0041d6c1,4314817
2318,0x0041d6c2,4314818
2319,0x0041d6c3,4314819
2320,0x0041d6c6,4314822
2321,0x0041d6ca,4314826
2322,0x0041d6cb,4314827
2323,0x0041d6cc,4314828
2324,0x0041d6cd,4314829
2325,0x0041d6ce,4314830
2326,0x0041d6cf,4314831
2327,0x0041d6d4,4314836
2328,0x0041d6d5,4314837
2329,0x0041d6d6,4314838
2330,0x0041d6d7,4314839
2331,0x0041d6d8,4314840
2332,0x0041d6d9,4314841
2333,0x0041d6da,4314842
2334,0x0041d6db,4314843
2335,0x0041d6dd,4314845
2336,0x0041d6e1,4314849
2337,0x0041d6e2,4314850
2338,0x0041d6e3,4314851
2339,0x0041d6e4,4314852
2340,0x0041d6e5,4314853
2341,0x0041d6e7,4314855
2342,0x0041d6e8,4314856
2343,0x0041d6e9,4314857
2344,0x0041d6ea,4314858
2345,0x0041d6eb,4314859
2346,0x0041d6ec,4314860
2347,0x0041d6ed,4314861
2348,0x0041d6ee,4314862
2349,0x0041d6ef,4314863
2350,0x0041d6f0,4314864
2351,0x0041d6f1,4314865
2352,0x0041d6f2,4314866
2353,0x0041d6f3,4314867
2354,0x0041d6f4,4314868
2355,0x0041d6f5,4314869
2356,0x0041d6f6,4314870
2357,0x0041d6f7,4314871
2358,0x0041d6fa,4314874
2359,0x0041d6fb,4314875
2360,0x0041d6fc,4314876
2361,0x0041d6fd,4314877
2362,0x0041d6fe,4314878
2363,0x0041d6ff,4314879
2364,0x0041d700,4314880
2365,0x0041d701,4314881
2366,0x0041d702,4314882
2367,0x0041d704,4314884
2368,0x0041d705,4314885
2369,0x0041d706,4314886
2370,0x0041d707,4314887
2371,0x0041d708,4314888
2372,0x0041d709,4314889
2373,0x0041d70b,4314891
2374,0x0041d70c,4314892
2375,0x0041d70d,4314893
2376,0x0041d70e,4314894
2377,0x0041d715,4314901
2378,0x0041d716,4314902
2379,0x0041d718,4314904
2380,0x0041d719,4314905
2381,0x0041d71a,4314906
2382,0x0041d71b,4314907
2383,0x0041d71d,4314909
2384,0x0041d71e,4314910
2385,0x0041d71f,4314911
2386,0x0041d722,4314914
2387,0x0041d723,4314915
2388,0x0041d725,4314917
2389,0x0041d726,4314918
2390,0x0041d729,4314921
2391,0x0041d72a,4314922
2392,0x0041d72b,4314923
2393,0x0041d72c,4314924
2394,0x0041d72d,4314925
2395,0x0041d72e,4314926
2396,0x0041d72f,4314927
2397,0x0041d730,4314928
2398,0x0041d731,4314929
2399,0x0041d732,4314930
2400,0x0041d733,4314931
2401,0x0041d734,4314932
2402,0x0041d735,4314933
2403,0x0041d736,4314934
2404,0x0041d737,4314935
2405,0x0041d738,4314936
2406,0x0041d739,4314937
2407,0x0041d73b,4314939
2408,0x0041d73d,4314941
2409,0x0041d73e,4314942
2410,0x0041d73f,4314943
2411,0x0041d740,4314944
2412,0x0041d741,4314945
2413,0x0041d742,4314946
2414,0x0041d743,4314947
2415,0x0041d744,4314948
2416,0x0041d745,4314949
2417,0x0041d746,4314950
2418,0x0041d747,4314951
2419,0x0041d74a,4314954
2420,0x0041d74c,4314956
2421,0x0041d74d,4314957
2422,0x0041d74e,4314958
2423,0x0041d74f,4314959
2424,0x0041d750,4314960
2425,0x0041d751,4314961
2426,0x0041d752,4314962
2427,0x0041d753,4314963
2428,0x0041d754,4314964
2429,0x0041d755,4314965
2430,0x0041d756,4314966
2431,0x0041d758,4314968
2432,0x0041d75a,4314970
2433,0x0041d75b,4314971
2434,0x0041d75c,4314972
2435,0x0041d75d,4314973
2436,0x0041d75e,4314974
2437,0x0041d761,4314977
2438,0x0041d762,4314978
2439,0x0041d764,4314980
2440,0x0041d765,4314981
2441,0x0041d766,4314982
2442,0x0041d767,4314983
2443,0x0041d768,4314984
2444,0x0041d769,4314985
2445,0x0041d76a,4314986
2446,0x0041d76d,4314989
2447,0x0041d770,4314992
2448,0x0041d771,4314993
2449,0x0041d775,4314997
2450,0x0041d776,4314998
2451,0x0041d777,4314999
2452,0x0041d778,4315000
2453,0x0041d779,4315001
2454,0x0041d77a,4315002
2455,0x0041d77b,4315003
2456,0x0041d77c,4315004
2457,0x0041d77d,4315005
2458,0x0041d77f,4315007
2459,0x0041d780,4315008
2460,0x0041d781,4315009
2461,0x0041d782,4315010
2462,0x0041d783,4315011
2463,0x0041d784,4315012
2464,0x0041d785,4315013
2465,0x0041d787,4315015
2466,0x0041d788,4315016
2467,0x0041d789,4315017
2468,0x0041d78a,4315018
2469,0x0041d78b,4315019
2470,0x0041d78c,4315020
2471,0x0041d78d,4315021
2472,0x0041d78e,4315022
2473,0x0041d78f,4315023
2474,0x0041d790,4315024
2475,0x0041d791,4315025
2476,0x0041d792,4315026
2477,0x0041d793,4315027
2478,0x0041d794,4315028
2479,0x0041d797,4315031
2480,0x0041d798,4315032
2481,0x0041d799,4315033
2482,0x0041d79a,4315034
2483,0x0041d79b,4315035
2484,0x0041d79c,4315036
2485,0x0041d79d,4315037
2486,0x0041d79e,4315038
2487,0x0041d79f,4315039
2488,0x0041d7a2,4315042
2489,0x0041d7a5,4315045
2490,0x0041d7a6,4315046
2491,0x0041d7a7,4315047
2492,0x0041d7a8,4315048
2493,0x0041d7a9,4315049
2494,0x0041d7aa,4315050
2495,0x0041d7ac,4315052
2496,0x0041d7ad,4315053
2497,0x0041d7ae,4315054
2498,0x0041d7af,4315055
2499,0x0041d7b1,4315057
2500,0x0041d7b2,4315058
2501,0x0041d7b3,4315059
2502,0x0041d7b4,4315060
2503,0x0041d7b6,4315062
2504,0x0041d7b7,4315063
2505,0x0041d7b9,4315065
2506,0x0041d7ba,4315066
2507,0x0041d7bb,4315067
2508,0x0041d7bc,4315068
2509,0x0041d7bd,4315069
2510,0x0041d7be,4315070
2511,0x0041d7bf,4315071
2512,0x0041d7c0,4315072
2513,0x0041d7c1,4315073
2514,0x0041d7c2,4315074
2515,0x0041d7c3,4315075
2516,0x0041d7c4,4315076
2517,0x0041d7c5,4315077
2518,0x0041d7c9,4315081
2519,0x0041d7ca,4315082
2520,0x0041d7cc,4315084
2521,0x0041d7cd,4315085
2522,0x0041d7ce,4315086
2523,0x0041d7cf,4315087
2524,0x0041d7d0,4315088
2525,0x0041d7d1,4315089
2526,0x0041d7d2,4315090
2527,0x0041d7d3,4315091
2528,0x0041d7d4,4315092
2529,0x0041d7d5,4315093
2530,0x0041d7d6,4315094
2531,0x0041d7d7,4315095
2532,0x0041d7da,4315098
2533,0x0041d7db,4315099
2534,0x0041d7dc,4315100
2535,0x0041d7dd,4315101
2536,0x0041d7de,4315102
2537,0x0041d7df,4315103
2538,0x0041d7e0,4315104
2539,0x0041d7e1,4315105
2540,0x0041d7e2,4315106
2541,0x0041d7e5,4315109
2542,0x0041d7e7,4315111
2543,0x0041d7e8,4315112
2544,0x0041d7e9,4315113
2545,0x0041d7ea,4315114
2546,0x0041d7ec,4315116
2547,0x0041d7ed,4315117
2548,0x0041d7ee,4315118
2549,0x0041d7ef,4315119
2550,0x0041d7f3,4315123
2551,0x0041d7f4,4315124
2552,0x0041d7f5,4315125
2553,0x0041d7f6,4315126
2554,0x0041d7f7,4315127
2555,0x0041d7fc,4315132
2556,0x0041d7ff,4315135
2557,0x0041d800,4315136
2558,0x0041d801,4315137
2559,0x0041d804,4315140
2560,0x0041d806,4315142
2561,0x0041d807,4315143
2562,0x0041d80b,4315147
2563,0x0041d80c,4315148
2564,0x0041d80d,4315149
2565,0x0041d80e,4315150
2566,0x0041d80f,4315151
2567,0x0041d810,4315152
2568,0x0041d811,4315153
2569,0x0041d812,4315154
2570,0x0041d817,4315159
2571,0x0041d818,4315160
2572,0x0041d819,4315161
2573,0x0041d81a,4315162
2574,0x0041d81b,4315163
2575,0x0041d81c,4315164
2576,0x0041d81d,4315165
2577,0x0041d81e,4315166
2578,0x0041d81f,4315167
2579,0x0041d820,4315168
2580,0x0041d821,4315169
2581,0x0041d823,4315171
2582,0x0041d827,4315175
2583,0x0041d828,4315176
2584,0x0041d829,4315177
2585,0x0041d82a,4315178
2586,0x0041d82b,4315179
2587,0x0041d82c,4315180
2588,0x0041d82d,4315181
2589,0x0041d82e,4315182
2590,0x0041d82f,4315183
2591,0x0041d832,4315186
2592,0x0041d833,4315187
2593,0x0041d834,4315188
2594,0x0041d835,4315189
2595,0x0041d836,4315190
2596,0x0041d837,4315191
2597,0x0041d838,4315192
2598,0x0041d839,4315193
2599,0x0041d83a,4315194
2600,0x0041d83b,4315195
2601,0x0041d83f,4315199
2602,0x0041d840,4315200
2603,0x0041d841,4315201
2604,0x0041d842,4315202
2605,0x0041d843,4315203
2606,0x0041d849,4315209
2607,0x0041d84b,4315211
2608,0x0041d84c,4315212
2609,0x0041d84d,4315213
2610,0x0041d84e,4315214
2611,0x0041d850,4315216
2612,0x0041d851,4315217
2613,0x0041d852,4315218
2614,0x0041d853,4315219
2615,0x0041d854,4315220
2616,0x0041d857,4315223
2617,0x0041d858,4315224
2618,0x0041d859,4315225
2619,0x0041d85a,4315226
2620,0x0041d85b,4315227
2621,0x0041d85c,4315228
2622,0x0041d85d,4315229
2623,0x0041d85e,4315230
2624,0x0041d863,4315235
2625,0x0041d864,4315236
2626,0x0041d865,4315237
2627,0x0041d866,4315238
2628,0x0041d867,4315239
2629,0x0041d868,4315240
2630,0x0041d869,4315241
2631,0x0041d86a,4315242
2632,0x0041d86b,4315243
2633,0x0041d86c,4315244
2634,0x0041d86d,4315245
2635,0x0041d86e,4315246
2636,0x0041d86f,4315247
2637,0x0041d873,4315251
2638,0x0041d874,4315252
2639,0x0041d875,4315253
2640,0x0041d876,4315254
2641,0x0041d877,4315255
2642,0x0041d878,4315256
2643,0x0041d879,4315257
2644,0x0041d87a,4315258
2645,0x0041d87f,4315263
2646,0x0041d880,4315264
2647,0x0041d881,4315265
2648,0x0041d882,4315266
2649,0x0041d883,4315267
2650,0x0041d884,4315268
2651,0x0041d885,4315269
2652,0x0041d886,4315270
2653,0x0041d887,4315271
2654,0x0041d888,4315272
2655,0x0041d889,4315273
2656,0x0041d88a,4315274
2657,0x0041d88b,4315275
2658,0x0041d88c,4315276
2659,0x0041d88d,4315277
2660,0x0041d88e,4315278
2661,0x0041d88f,4315279
2662,0x0041d890,4315280
2663,0x0041d891,4315281
2664,0x0041d892,4315282
2665,0x0041d893,4315283
2666,0x0041d894,4315284
2667,0x0041d899,4315289
2668,0x0041d89b,4315291
2669,0x0041d89c,4315292
2670,0x0041d89d,4315293
2671,0x0041d89e,4315294
2672,0x0041d8a0,4315296
2673,0x0041d8a1,4315297
2674,0x0041d8a2,4315298
2675,0x0041d8a3,4315299
2676,0x0041d8a4,4315300
2677,0x0041d8a6,4315302
2678,0x0041d8a7,4315303
2679,0x0041d8a8,4315304
2680,0x0041d8a9,4315305
2681,0x0041d8aa,4315306
2682,0x0041d8ab,4315307
2683,0x0041d8ac,4315308
2684,0x0041d8ad,4315309
2685,0x0041d8ae,4315310
2686,0x0041d8b2,4315314
2687,0x0041d8b3,4315315
2688,0x0041d8b4,4315316
2689,0x0041d8b5,4315317
2690,0x0041d8b6,4315318
2691,0x0041d8b7,4315319
2692,0x0041d8b8,4315320
2693,0x0041d8b9,4315321
2694,0x0041d8ba,4315322
2695,0x0041d8bb,4315323
2696,0x0041d8bc,4315324
2697,0x0041d8be,4315326
2698,0x0041d8bf,4315327
2699,0x0041d8c0,4315328
2700,0x0041d8c2,4315330
2701,0x0041d8c3,4315331
2702,0x0041d8c4,4315332
2703,0x0041d8c5,4315333
2704,0x0041d8c6,4315334
2705,0x0041d8c7,4315335
2706,0x0041d8c8,4315336
2707,0x0041d8c9,4315337
2708,0x0041d8ca,4315338
2709,0x0041d8cc,4315340
2710,0x0041d8ce,4315342
2711,0x0041d8cf,4315343
2712,0x0041d8d0,4315344
2713,0x0041d8d1,4315345
2714,0x0041d8d2,4315346
2715,0x0041d8d3,4315347
2716,0x0041d8d4,4315348
2717,0x0041d8d5,4315349
2718,0x0041d8d6,4315350
2719,0x0041d8d9,4315353
2720,0x0041d8da,4315354
2721,0x0041d8dc,4315356
2722,0x0041d8dd,4315357
2723,0x0041d8e0,4315360
2724,0x0041d8e1,4315361
2725,0x0041d8e2,4315362
2726,0x0041d8e3,4315363
2727,0x0041d8e4,4315364
2728,0x0041d8e5,4315365
2729,0x0041d8e6,4315366
2730,0x0041d8e7,4315367
2731,0x0041d8e8,4315368
2732,0x0041d8e9,4315369
2733,0x0041d8eb,4315371
2734,0x0041d8ec,4315372
2735,0x0041d8ee,4315374
2736,0x0041d8ef,4315375
2737,0x0041d8f0,4315376
2738,0x0041d8f1,4315377
2739,0x0041d8f2,4315378
2740,0x0041d8f3,4315379
2741,0x0041d8f4,4315380
2742,0x0041d8f5,4315381
2743,0x0041d8f6,4315382
2744,0x0041d8f7,4315383
2745,0x0041d8f8,4315384
2746,0x0041d8f9,4315385
2747,0x0041d8fa,4315386
2748,0x0041d8fb,4315387
2749,0x0041d8fc,4315388
2750,0x0041d8fd,4315389
2751,0x0041d8fe,4315390
2752,0x0041d8ff,4315391
2753,0x0041d900,4315392
2754,0x0041d901,4315393
2755,0x0041d904,4315396
2756,0x0041d907,4315399
2757,0x0041d908,4315400
2758,0x0041d909,4315401
2759,0x0041d90a,4315402
2760,0x0041d90b,4315403
2761,0x0041d90c,4315404
2762,0x0041d90e,4315406
2763,0x0041d90f,4315407
2764,0x0041d910,4315408
2765,0x0041d911,4315409
2766,0x0041d912,4315410
2767,0x0041d915,4315413
2768,0x0041d916,4315414
2769,0x0041d917,4315415
2770,0x0041d918,4315416
2771,0x0041d919,4315417
2772,0x0041d91a,4315418
2773,0x0041d91b,4315419
2774,0x0041d91c,4315420
2775,0x0041d91d,4315421
2776,0x0041d91e,4315422
2777,0x0041d91f,4315423
2778,0x0041d921,4315425
2779,0x0041d923,4315427
2780,0x0041d924,4315428
2781,0x0041d925,4315429
2782,0x0041d926,4315430
2783,0x0041d927,4315431
2784,0x0041d928,4315432
2785,0x0041d929,4315433
2786,0x0041d92a,4315434
2787,0x0041d92b,4315435
2788,0x0041d92c,4315436
2789,0x0041d92d,4315437
2790,0x0041d92f,4315439
2791,0x0041d930,4315440
2792,0x0041d931,4315441
2793,0x0041d932,4315442
2794,0x0041d933,4315443
2795,0x0041d934,4315444
2796,0x0041d935,4315445
2797,0x0041d936,4315446
2798,0x0041d937,4315447
2799,0x0041d939,4315449
2800,0x0041d93a,4315450
2801,0x0041d93b,4315451
2802,0x0041d93c,4315452
2803,0x0041d93d,4315453
2804,0x0041d93e,4315454
2805,0x0041d93f,4315455
2806,0x0041d940,4315456
2807,0x0041d941,4315457
2808,0x0041d943,4315459
2809,0x0041d944,4315460
2810,0x0041d946,4315462
2811,0x0041d947,4315463
2812,0x0041d94a,4315466
2813,0x0041d94b,4315467
2814,0x0041d94c,4315468
2815,0x0041d94d,4315469
2816,0x0041d94e,4315470
2817,0x0041d94f,4315471
2818,0x0041d950,4315472
2819,0x0041d951,4315473
2820,0x0041d952,4315474
2821,0x0041d953,4315475
2822,0x0041d954,4315476
2823,0x0041d958,4315480
2824,0x0041d95a,4315482
2825,0x0041d95b,4315483
2826,0x0041d95c,4315484
2827,0x0041d95d,4315485
2828,0x0041d95e,4315486
2829,0x0041d95f,4315487
2830,0x0041d960,4315488
2831,0x0041d961,4315489
2832,0x0041d962,4315490
2833,0x0041d963,4315491
2834,0x0041d964,4315492
2835,0x0041d965,4315493
2836,0x0041d967,4315495
2837,0x0041d968,4315496
2838,0x0041d969,4315497
2839,0x0041d96a,4315498
2840,0x0041d96b,4315499
2841,0x0041d96c,4315500
2842,0x0041d96d,4315501
2843,0x0041d96e,4315502
2844,0x0041d96f,4315503
2845,0x0041d970,4315504
2846,0x0041d971,4315505
2847,0x0041d973,4315507
2848,0x0041d974,4315508
2849,0x0041d975,4315509
2850,0x0041d976,4315510
2851,0x0041d977,4315511
2852,0x0041d978,4315512
2853,0x0041d979,4315513
2854,0x0041d97a,4315514
2855,0x0041d97b,4315515
2856,0x0041d97c,4315516
2857,0x0041d97e,4315518
2858,0x0041d97f,4315519
2859,0x0041d981,4315521
2860,0x0041d982,4315522
2861,0x0041d984,4315524
2862,0x0041d985,4315525
2863,0x0041d986,4315526
2864,0x0041d988,4315528
2865,0x0041d989,4315529
2866,0x0041d98a,4315530
2867,0x0041d98b,4315531
2868,0x0041d98c,4315532
2869,0x0041d98d,4315533
2870,0x0041d98e,4315534
2871,0x0041d98f,4315535
2872,0x0041d990,4315536
2873,0x0041d991,4315537
2874,0x0041d992,4315538
2875,0x0041d994,4315540
2876,0x0041d995,4315541
2877,0x0041d996,4315542
2878,0x0041d997,4315543
2879,0x0041d998,4315544
2880,0x0041d999,4315545
2881,0x0041d99a,4315546
2882,0x0041d99b,4315547
2883,0x0041d99c,4315548
2884,0x0041d99d,4315549
2885,0x0041d99e,4315550
2886,0x0041d99f,4315551
2887,0x0041d9a0,4315552
2888,0x0041d9a1,4315553
2889,0x0041d9a2,4315554
2890,0x0041d9a3,4315555
2891,0x0041d9a4,4315556
2892,0x0041d9a6,4315558
2893,0x0041d9a7,4315559
2894,0x0041d9a8,4315560
2895,0x0041d9a9,4315561
2896,0x0041d9aa,4315562
2897,0x0041d9ac,4315564
2898,0x0041d9ad,4315565
2899,0x0041d9ae,4315566
2900,0x0041d9b0,4315568
2901,0x0041d9b2,4315570
2902,0x0041d9b3,4315571
2903,0x0041d9b4,4315572
2904,0x0041d9b5,4315573
2905,0x0041d9b8,4315576
2906,0x0041d9ba,4315578
2907,0x0041d9bb,4315579
2908,0x0041d9bf,4315583
2909,0x0041d9c0,4315584
2910,0x0041d9c1,4315585
2911,0x0041d9c2,4315586
2912,0x0041d9c3,4315587
2913,0x0041d9c4,4315588
2914,0x0041d9c5,4315589
2915,0x0041d9c6,4315590
2916,0x0041d9c7,4315591
2917,0x0041d9c8,4315592
2918,0x0041d9c9,4315593
2919,0x0041d9cb,4315595
2920,0x0041d9cc,4315596
2921,0x0041d9ce,4315598
2922,0x0041d9cf,4315599
2923,0x0041d9d0,4315600
2924,0x0041d9d1,4315601
2925,0x0041d9d2,4315602
2926,0x0041d9d3,4315603
2927,0x0041d9d4,4315604
2928,0x0041d9d5,4315605
2929,0x0041d9d6,4315606
2930,0x0041d9d7,4315607
2931,0x0041d9d9,4315609
2932,0x0041d9da,4315610
2933,0x0041d9db,4315611
2934,0x0041d9dc,4315612
2935,0x0041d9dd,4315613
2936,0x0041d9e0,4315616
2937,0x0041d9e1,4315617
2938,0x0041d9e2,4315618
2939,0x0041d9e3,4315619
2940,0x0041d9e4,4315620
2941,0x0041d9e6,4315622
2942,0x0041d9e7,4315623
2943,0x0041d9e8,4315624
2944,0x0041d9e9,4315625
2945,0x0041d9ea,4315626
2946,0x0041d9ec,4315628
2947,0x0041d9ed,4315629
2948,0x0041d9ee,4315630
2949,0x0041d9ef,4315631
2950,0x0041d9f1,4315633
2951,0x0041d9f2,4315634
2952,0x0041d9f4,4315636
2953,0x0041d9f5,4315637
2954,0x0041d9f8,4315640
2955,0x0041d9f9,4315641
2956,0x0041d9fa,4315642
2957,0x0041d9fb,4315643
2958,0x0041d9fc,4315644
2959,0x0041d9fd,4315645
2960,0x0041d9fe,4315646
2961,0x0041d9ff,4315647
2962,0x0041da00,4315648
2963,0x0041da01,4315649
2964,0x0041da02,4315650
2965,0x0041da03,4315651
2966,0x0041da05,4315653
2967,0x0041da06,4315654
2968,0x0041da08,4315656
2969,0x0041da09,4315657
2970,0x0041da0a,4315658
2971,0x0041da0b,4315659
2972,0x0041da0c,4315660
2973,0x0041da0d,4315661
2974,0x0041da0e,4315662
2975,0x0041da0f,4315663
2976,0x0041da10,4315664
2977,0x0041da11,4315665
2978,0x0041da12,4315666
2979,0x0041da13,4315667
2980,0x0041da14,4315668
2981,0x0041da15,4315669
2982,0x0041da16,4315670
2983,0x0041da17,4315671
2984,0x0041da18,4315672
2985,0x0041da19,4315673
2986,0x0041da1a,4315674
2987,0x0041da1b,4315675
2988,0x0041da1c,4315676
2989,0x0041da1d,4315677
2990,0x0041da1e,4315678
2991,0x0041da1f,4315679
2992,0x0041da20,4315680
2993,0x0041da21,4315681
2994,0x0041da23,4315683
2995,0x0041da24,4315684
2996,0x0041da27,4315687
2997,0x0041da28,4315688
2998,0x0041da29,4315689
2999,0x0041da2b,4315691
3000,0x0041da2c,4315692
3001,0x0041da2d,4315693
3002,0x0041da2e,4315694
3003,0x0041da2f,4315695
3004,0x0041da30,4315696
3005,0x0041da32,4315698
3006,0x0041da33,4315699
3007,0x0041da34,4315700
3008,0x0041da35,4315701
3009,0x0041da36,4315702
3010,0x0041da37,4315703
3011,0x0041da38,4315704
3012,0x0041da39,4315705
3013,0x0041da3a,4315706
3014,0x0041da3b,4315707
3015,0x0041da3c,4315708
3016,0x0041da3d,4315709
3017,0x0041da3e,4315710
3018,0x0041da41,4315713
3019,0x0041da42,4315714
3020,0x0041da43,4315715
3021,0x0041da44,4315716
3022,0x0041da45,4315717
3023,0x0041da46,4315718
3024,0x0041da47,4315719
3025,0x0041da48,4315720
3026,0x0041da49,4315721
3027,0x0041da4a,4315722
3028,0x0041da4b,4315723
3029,0x0041da4c,4315724
3030,0x0041da4d,4315725
3031,0x0041da4e,4315726
3032,0x0041da4f,4315727
3033,0x0041da50,4315728
3034,0x0041da52,4315730
3035,0x0041da53,4315731
3036,0x0041da54,4315732
3037,0x0041da55,4315733
3038,0x0041da56,4315734
3039,0x0041da58,4315736
3040,0x0041da59,4315737
3041,0x0041da5a,4315738
3042,0x0041da5b,4315739
3043,0x0041da5c,4315740
3044,0x0041da5d,4315741
3045,0x0041da5e,4315742
3046,0x0041da5f,4315743
3047,0x0041da60,4315744
3048,0x0041da62,4315746
3049,0x0041da63,4315747
3050,0x0041da65,4315749
3051,0x0041da66,4315750
3052,0x0041da67,4315751
3053,0x0041da69,4315753
3054,0x0041da6a,4315754
3055,0x0041da6b,4315755
3056,0x0041da6c,4315756
3057,0x0041da6d,4315757
3058,0x0041da6e,4315758
3059,0x0041da6f,4315759
3060,0x0041da70,4315760
3061,0x0041da71,4315761
3062,0x0041da72,4315762
3063,0x0041da73,4315763
3064,0x0041da74,4315764
3065,0x0041da75,4315765
3066,0x0041da76,4315766
3067,0x0041da78,4315768
3068,0x0041da79,4315769
3069,0x0041da7a,4315770
3070,0x0041da7b,4315771
3071,0x0041da7c,4315772
3072,0x0041da7d,4315773
3073,0x0041da7e,4315774
3074,0x0041da7f,4315775
3075,0x0041da80,4315776
3076,0x0041da81,4315777
3077,0x0041da84,4315780
3078,0x0041da85,4315781
3079,0x0041da86,4315782
3080,0x0041da87,4315783
3081,0x0041da88,4315784
3082,0x0041da89,4315785
3083,0x0041da8a,4315786
3084,0x0041da8b,4315787
3085,0x0041da8c,4315788
3086,0x0041da8d,4315789
3087,0x0041da8e,4315790
3088,0x0041da8f,4315791
3089,0x0041da91,4315793
3090,0x0041da92,4315794
3091,0x0041da93,4315795
3092,0x0041da94,4315796
3093,0x0041da95,4315797
3094,0x0041da96,4315798
3095,0x0041da97,4315799
3096,0x0041da98,4315800
3097,0x0041da99,4315801
3098,0x0041da9b,4315803
3099,0x0041da9c,4315804
3100,0x0041da9d,4315805
3101,0x0041da9e,4315806
3102,0x0041daa2,4315810
3103,0x0041daa3,4315811
3104,0x0041daa4,4315812
3105,0x0041daa5,4315813
3106,0x0041daa6,4315814
3107,0x0041daa7,4315815
3108,0x0041daa8,4315816
3109,0x0041daa9,4315817
3110,0x0041daaa,4315818
3111,0x0041daab,4315819
3112,0x0041daaf,4315823
3113,0x0041dab0,4315824
3114,0x0041dab1,4315825
3115,0x0041dab2,4315826
3116,0x0041dab3,4315827
3117,0x0041dab4,4315828
3118,0x0041dab5,4315829
3119,0x0041dab6,4315830
3120,0x0041dab7,4315831
3121,0x0041dab8,4315832
3122,0x0041dab9,4315833
3123,0x0041daba,4315834
3124,0x0041dabc,4315836
3125,0x0041dabe,4315838
3126,0x0041dabf,4315839
3127,0x0041dac0,4315840
3128,0x0041dac1,4315841
3129,0x0041dac2,4315842
3130,0x0041dac3,4315843
3131,0x0041dac4,4315844
3132,0x0041dac5,4315845
3133,0x0041dac6,4315846
3134,0x0041dac8,4315848
3135,0x0041dac9,4315849
3136,0x0041daca,4315850
3137,0x0041dacb,4315851
3138,0x0041dacc,4315852
3139,0x0041dacd,4315853
3140,0x0041dace,4315854
3141,0x0041dacf,4315855
3142,0x0041dad0,4315856
3143,0x0041dad2,4315858
3144,0x0041dad3,4315859
3145,0x0041dad4,4315860
3146,0x0041dad6,4315862
3147,0x0041dada,4315866
3148,0x0041dadb,4315867
3149,0x0041dadc,4315868
3150,0x0041dadd,4315869
3151,0x0041dade,4315870
3152,0x0041dadf,4315871
3153,0x0041dae0,4315872
3154,0x0041dae1,4315873
3155,0x0041dae2,4315874
3156,0x0041dae3,4315875
3157,0x0041dae4,4315876
3158,0x0041dae5,4315877
3159,0x0041dae6,4315878
3160,0x0041dae7,4315879
3161,0x0041dae8,4315880
3162,0x0041dae9,4315881
3163,0x0041daea,4315882
3164,0x0041daeb,4315883
3165,0x0041daec,4315884
3166,0x0041daed,4315885
3167,0x0041daee,4315886
3168,0x0041daef,4315887
3169,0x0041daf0,4315888
3170,0x0041daf2,4315890
3171,0x0041daf3,4315891
3172,0x0041daf4,4315892
3173,0x0041daf5,4315893
3174,0x0041daf6,4315894
3175,0x0041daf7,4315895
3176,0x0041daf8,4315896
3177,0x0041daf9,4315897
3178,0x0041dafc,4315900
3179,0x0041dafd,4315901
3180,0x0041dafe,4315902
3181,0x0041daff,4315903
3182,0x0041db00,4315904
3183,0x0041db01,4315905
3184,0x0041db02,4315906
3185,0x0041db03,4315907
3186,0x0041db04,4315908
3187,0x0041db06,4315910
3188,0x0041db08,4315912
3189,0x0041db09,4315913
3190,0x0041db0d,4315917
3191,0x0041db0e,4315918
3192,0x0041db0f,4315919
3193,0x0041db10,4315920
3194,0x0041db11,4315921
3195,0x0041db12,4315922
3196,0x0041db13,4315923
3197,0x0041db14,4315924
3198,0x0041db15,4315925
3199,0x0041db16,4315926
3200,0x0041db17,4315927
3201,0x0041db18,4315928
3202,0x0041db1a,4315930
3203,0x0041db1b,4315931
3204,0x0041db1d,4315933
3205,0x0041db1e,4315934
3206,0x0041db1f,4315935
3207,0x0041db20,4315936
3208,0x0041db21,4315937
3209,0x0041db22,4315938
3210,0x0041db23,4315939
3211,0x0041db24,4315940
3212,0x0041db25,4315941
3213,0x0041db26,4315942
3214,0x0041db27,4315943
3215,0x0041db28,4315944
3216,0x0041db29,4315945
3217,0x0041db2a,4315946
3218,0x0041db2b,4315947
3219,0x0041db2c,4315948
3220,0x0041db30,4315952
3221,0x0041db31,4315953
3222,0x0041db32,4315954
3223,0x0041db33,4315955
3224,0x0041db34,4315956
3225,0x0041db35,4315957
3226,0x0041db36,4315958
3227,0x0041db37,4315959
3228,0x0041db38,4315960
3229,0x0041db3d,4315965
3230,0x0041db3f,4315967
3231,0x0041db40,4315968
3232,0x0041db41,4315969
3233,0x0041db42,4315970
3234,0x0041db45,4315973
3235,0x0041db46,4315974
3236,0x0041db48,4315976
3237,0x0041db49,4315977
3238,0x0041db4c,4315980
3239,0x0041db4d,4315981
3240,0x0041db4e,4315982
3241,0x0041db4f,4315983
3242,0x0041db50,4315984
3243,0x0041db51,4315985
3244,0x0041db52,4315986
3245,0x0041db53,4315987
3246,0x0041db54,4315988
3247,0x0041db55,4315989
3248,0x0041db56,4315990
3249,0x0041db57,4315991
3250,0x0041db58,4315992
3251,0x0041db59,4315993
3252,0x0041db5a,4315994
3253,0x0041db5b,4315995
3254,0x0041db5c,4315996
3255,0x0041db5d,4315997
3256,0x0041db5e,4315998
3257,0x0041db5f,4315999
3258,0x0041db60,4316000
3259,0x0041db61,4316001
3260,0x0041db63,4316003
3261,0x0041db64,4316004
3262,0x0041db65,4316005
3263,0x0041db66,4316006
3264,0x0041db67,4316007
3265,0x0041db68,4316008
3266,0x0041db69,4316009
3267,0x0041db6a,4316010
3268,0x0041db6b,4316011
3269,0x0041db6c,4316012
3270,0x0041db6d,4316013
3271,0x0041db71,4316017
3272,0x0041db72,4316018
3273,0x0041db73,4316019
3274,0x0041db74,4316020
3275,0x0041db75,4316021
3276,0x0041db76,4316022
3277,0x0041db77,4316023
3278,0x0041db78,4316024
3279,0x0041db79,4316025
3280,0x0041db7c,4316028
3281,0x0041db7e,4316030
3282,0x0041db7f,4316031
3283,0x0041db80,4316032
3284,0x0041db83,4316035
3285,0x0041db84,4316036
3286,0x0041db85,4316037
3287,0x0041db86,4316038
3288,0x0041db87,4316039
3289,0x0041db88,4316040
3290,0x0041db89,4316041
3291,0x0041db8a,4316042
3292,0x0041db8b,4316043
3293,0x0041db8c,4316044
3294,0x0041db8d,4316045
3295,0x0041db8e,4316046
3296,0x0041db8f,4316047
3297,0x0041db90,4316048
3298,0x0041db91,4316049
3299,0x0041db92,4316050
3300,0x0041db93,4316051
3301,0x0041db94,4316052
3302,0x0041db95,4316053
3303,0x0041db96,4316054
3304,0x0041db97,4316055
3305,0x0041db98,4316056
3306,0x0041db99,4316057
3307,0x0041db9a,4316058
3308,0x0041db9b,4316059
3309,0x0041db9d,4316061
3310,0x0041db9e,4316062
3311,0x0041db9f,4316063
3312,0x0041dba0,4316064
3313,0x0041dba1,4316065
3314,0x0041dba2,4316066
3315,0x0041dba3,4316067
3316,0x0041dba4,4316068
3317,0x0041dba7,4316071
3318,0x0041dba8,4316072
3319,0x0041dba9,4316073
3320,0x0041dbaa,4316074
3321,0x0041dbab,4316075
3322,0x0041dbac,4316076
3323,0x0041dbad,4316077
3324,0x0041dbae,4316078
3325,0x0041dbaf,4316079
3326,0x0041dbb0,4316080
3327,0x0041dbb2,4316082
3328,0x0041dbb3,4316083
3329,0x0041dbb4,4316084
3330,0x0041dbb5,4316085
3331,0x0041dbb6,4316086
3332,0x0041dbb9,4316089
3333,0x0041dbba,4316090
3334,0x0041dbbb,4316091
3335,0x0041dbbc,4316092
3336,0x0041dbbd,4316093
3337,0x0041dbbe,4316094
3338,0x0041dbbf,4316095
3339,0x0041dbc0,4316096
3340,0x0041dbc1,4316097
3341,0x0041dbc2,4316098
3342,0x0041dbc3,4316099
3343,0x0041dbc4,4316100
3344,0x0041dbc5,4316101
3345,0x0041dbc7,4316103
3346,0x0041dbc8,4316104
3347,0x0041dbc9,4316105
3348,0x0041dbca,4316106
3349,0x0041dbcb,4316107
3350,0x0041dbcc,4316108
3351,0x0041dbcd,4316109
3352,0x0041dbce,4316110
3353,0x0041dbcf,4316111
3354,0x0041dbd0,4316112
3355,0x0041dbd1,4316113
3356,0x0041dbd2,4316114
3357,0x0041dbd5,4316117
3358,0x0041dbd9,4316121
3359,0x0041dbda,4316122
3360,0x0041dbdb,4316123
3361,0x0041dbdc,4316124
3362,0x0041dbdd,4316125
3363,0x0041dbde,4316126
3364,0x0041dbdf,4316127
3365,0x0041dbe3,4316131
3366,0x0041dbe5,4316133
3367,0x0041dbe6,4316134
3368,0x0041dbe7,4316135
3369,0x0041dbe8,4316136
3370,0x0041dbe9,4316137
3371,0x0041dbea,4316138
3372,0x0041dbeb,4316139
3373,0x0041dbed,4316141
3374,0x0041dbee,4316142
3375,0x0041dbf0,4316144
3376,0x0041dbf1,4316145
3377,0x0041dbf4,4316148
3378,0x0041dbf5,4316149
3379,0x0041dbf6,4316150
3380,0x0041dbf7,4316151
3381,0x0041dbf8,4316152
3382,0x0041dbf9,4316153
3383,0x0041dbfa,4316154
3384,0x0041dbfb,4316155
3385,0x0041dbfc,4316156
3386,0x0041dbfd,4316157
3387,0x0041dbfe,4316158
3388,0x0041dbff,4316159
3389,0x0041dc01,4316161
3390,0x0041dc02,4316162
3391,0x0041dc04,4316164
3392,0x0041dc05,4316165
3393,0x0041dc06,4316166
3394,0x0041dc07,4316167
3395,0x0041dc08,4316168
3396,0x0041dc09,4316169
3397,0x0041dc0a,4316170
3398,0x0041dc0b,4316171
3399,0x0041dc0c,4316172
3400,0x0041dc0d,4316173
3401,0x0041dc0f,4316175
3402,0x0041dc10,4316176
3403,0x0041dc11,4316177
3404,0x0041dc12,4316178
3405,0x0041dc13,4316179
3406,0x0041dc14,4316180
3407,0x0041dc15,4316181
3408,0x0041dc16,4316182
3409,0x0041dc17,4316183
3410,0x0041dc1a,4316186
3411,0x0041dc1b,4316187
3412,0x0041dc1d,4316189
3413,0x0041dc1e,4316190
3414,0x0041dc1f,4316191
3415,0x0041dc20,4316192
3416,0x0041dc21,4316193
3417,0x0041dc22,4316194
3418,0x0041dc24,4316196
3419,0x0041dc25,4316197
3420,0x0041dc27,4316199
3421,0x0041dc28,4316200
3422,0x0041dc29,4316201
3423,0x0041dc2c,4316204
3424,0x0041dc2d,4316205
3425,0x0041dc2e,4316206
3426,0x0041dc2f,4316207
3427,0x0041dc30,4316208
3428,0x0041dc31,4316209
3429,0x0041dc32,4316210
3430,0x0041dc33,4316211
3431,0x0041dc34,4316212
3432,0x0041dc35,4316213
3433,0x0041dc36,4316214
3434,0x0041dc37,4316215
3435,0x0041dc38,4316216
3436,0x0041dc3a,4316218
3437,0x0041dc3b,4316219
3438,0x0041dc3d,4316221
3439,0x0041dc3e,4316222
3440,0x0041dc3f,4316223
3441,0x0041dc40,4316224
3442,0x0041dc41,4316225
3443,0x0041dc42,4316226
3444,0x0041dc43,4316227
3445,0x0041dc44,4316228
3446,0x0041dc45,4316229
3447,0x0041dc47,4316231
3448,0x0041dc48,4316232
3449,0x0041dc4b,4316235
3450,0x0041dc4c,4316236
3451,0x0041dc4d,4316237
3452,0x0041dc4e,4316238
3453,0x0041dc4f,4316239
3454,0x0041dc50,4316240
3455,0x0041dc51,4316241
3456,0x0041dc52,4316242
3457,0x0041dc57,4316247
3458,0x0041dc58,4316248
3459,0x0041dc59,4316249
3460,0x0041dc5a,4316250
3461,0x0041dc5b,4316251
3462,0x0041dc5c,4316252
3463,0x0041dc5d,4316253
3464,0x0041dc5e,4316254
3465,0x0041dc5f,4316255
3466,0x0041dc62,4316258
3467,0x0041dc63,4316259
3468,0x0041dc66,4316262
3469,0x0041dc67,4316263
3470,0x0041dc6a,4316266
3471,0x0041dc6b,4316267
3472,0x0041dc6c,4316268
3473,0x0041dc6d,4316269
3474,0x0041dc6e,4316270
3475,0x0041dc6f,4316271
3476,0x0041dc70,4316272
3477,0x0041dc71,4316273
3478,0x0041dc72,4316274
3479,0x0041dc73,4316275
3480,0x0041dc75,4316277
3481,0x0041dc76,4316278
3482,0x0041dc78,4316280
3483,0x0041dc79,4316281
3484,0x0041dc7a,4316282
3485,0x0041dc7b,4316283
3486,0x0041dc7c,4316284
3487,0x0041dc7d,4316285
3488,0x0041dc7e,4316286
3489,0x0041dc7f,4316287
3490,0x0041dc80,4316288
3491,0x0041dc81,4316289
3492,0x0041dc82,4316290
3493,0x0041dc83,4316291
3494,0x0041dc84,4316292
3495,0x0041dc85,4316293
3496,0x0041dc86,4316294
3497,0x0041dc87,4316295
3498,0x0041dc89,4316297
3499,0x0041dc8a,4316298
3500,0x0041dc8b,4316299
3501,0x0041dc8c,4316300
3502,0x0041dc8d,4316301
3503,0x0041dc8f,4316303
3504,0x0041dc90,4316304
3505,0x0041dc91,4316305
3506,0x0041dc92,4316306
3507,0x0041dc93,4316307
3508,0x0041dc97,4316311
3509,0x0041dc99,4316313
3510,0x0041dc9a,4316314
3511,0x0041dc9b,4316315
3512,0x0041dc9c,4316316
3513,0x0041dc9f,4316319
3514,0x0041dca0,4316320
3515,0x0041dca1,4316321
3516,0x0041dca2,4316322
3517,0x0041dca3,4316323
3518,0x0041dca6,4316326
3519,0x0041dca7,4316327
3520,0x0041dca8,4316328
3521,0x0041dca9,4316329
3522,0x0041dcaa,4316330
3523,0x0041dcab,4316331
3524,0x0041dcac,4316332
3525,0x0041dcad,4316333
3526,0x0041dcae,4316334
3527,0x0041dcaf,4316335
3528,0x0041dcb0,4316336
3529,0x0041dcb2,4316338
3530,0x0041dcb3,4316339
3531,0x0041dcb4,4316340
3532,0x0041dcb5,4316341
3533,0x0041dcb6,4316342
3534,0x0041dcb7,4316343
3535,0x0041dcb8,4316344
3536,0x0041dcb9,4316345
3537,0x0041dcba,4316346
3538,0x0041dcbb,4316347
3539,0x0041dcbc,4316348
3540,0x0041dcbd,4316349
3541,0x0041dcbf,4316351
3542,0x0041dcc1,4316353
3543,0x0041dcc3,4316355
3544,0x0041dcc4,4316356
3545,0x0041dcc5,4316357
3546,0x0041dcc6,4316358
3547,0x0041dcc7,4316359
3548,0x0041dcc8,4316360
3549,0x0041dcc9,4316361
3550,0x0041dcca,4316362
3551,0x0041dccb,4316363
3552,0x0041dccf,4316367
3553,0x0041dcd0,4316368
3554,0x0041dcd1,4316369
3555,0x0041dcd2,4316370
3556,0x0041dcd3,4316371
3557,0x0041dcd4,4316372
3558,0x0041dcd5,4316373
3559,0x0041dcd6,4316374
3560,0x0041dcd7,4316375
3561,0x0041dcd9,4316377
3562,0x0041dcda,4316378
3563,0x0041dcdb,4316379
3564,0x0041dcdc,4316380
3565,0x0041dcdd,4316381
3566,0x0041dce0,4316384
3567,0x0041dce1,4316385
3568,0x0041dce2,4316386
3569,0x0041dce3,4316387
3570,0x0041dce4,4316388
3571,0x0041dce5,4316389
3572,0x0041dce6,4316390
3573,0x0041dce7,4316391
3574,0x0041dce8,4316392
3575,0x0041dce9,4316393
3576,0x0041dcea,4316394
3577,0x0041dceb,4316395
3578,0x0041dced,4316397
3579,0x0041dcee,4316398
3580,0x0041dcef,4316399
3581,0x0041dcf0,4316400
3582,0x0041dcf1,4316401
3583,0x0041dcf2,4316402
3584,0x0041dcf3,4316403
3585,0x0041dcf4,4316404
3586,0x0041dcf5,4316405
3587,0x0041dcf6,4316406
3588,0x0041dcf7,4316407
3589,0x0041dcf8,4316408
3590,0x0041dcf9,4316409
3591,0x0041dcfa,4316410
3592,0x0041dcfb,4316411
3593,0x0041dcfc,4316412
3594,0x0041dcfd,4316413
3595,0x0041dcfe,4316414
3596,0x0041dcff,4316415
3597,0x0041dd00,4316416
3598,0x0041dd01,4316417
3599,0x0041dd02,4316418
3600,0x0041dd04,4316420
3601,0x0041dd05,4316421
3602,0x0041dd08,4316424
3603,0x0041dd09,4316425
3604,0x0041dd0a,4316426
3605,0x0041dd0b,4316427
3606,0x0041dd0c,4316428
3607,0x0041dd0d,4316429
3608,0x0041dd0e,4316430
3609,0x0041dd10,4316432
3610,0x0041dd11,4316433
3611,0x0041dd13,4316435
3612,0x0041dd14,4316436
3613,0x0041dd17,4316439
3614,0x0041dd18,4316440
3615,0x0041dd19,4316441
3616,0x0041dd1a,4316442
3617,0x0041dd1b,4316443
3618,0x0041dd1c,4316444
3619,0x0041dd1d,4316445
3620,0x0041dd1e,4316446
3621,0x0041dd1f,4316447
3622,0x0041dd20,4316448
3623,0x0041dd21,4316449
3624,0x0041dd23,4316451
3625,0x0041dd24,4316452
3626,0x0041dd25,4316453
3627,0x0041dd26,4316454
3628,0x0041dd27,4316455
3629,0x0041dd28,4316456
3630,0x0041dd29,4316457
3631,0x0041dd2a,4316458
3632,0x0041dd2b,4316459
3633,0x0041dd2c,4316460
3634,0x0041dd2d,4316461
3635,0x0041dd2e,4316462
3636,0x0041dd2f,4316463
3637,0x0041dd30,4316464
3638,0x0041dd31,4316465
3639,0x0041dd32,4316466
3640,0x0041dd34,4316468
3641,0x0041dd35,4316469
3642,0x0041dd36,4316470
3643,0x0041dd37,4316471
3644,0x0041dd38,4316472
3645,0x0041dd39,4316473
3646,0x0041dd3a,4316474
3647,0x0041dd3e,4316478
3648,0x0041dd3f,4316479
3649,0x0041dd40,4316480
3650,0x0041dd41,4316481
3651,0x0041dd42,4316482
3652,0x0041dd43,4316483
3653,0x0041dd44,4316484
3654,0x0041dd45,4316485
3655,0x0041dd46,4316486
3656,0x0041dd48,4316488
3657,0x0041dd49,4316489
3658,0x0041dd4b,4316491
3659,0x0041dd4c,4316492
3660,0x0041dd4d,4316493
3661,0x0041dd4f,4316495
3662,0x0041dd50,4316496
3663,0x0041dd51,4316497
3664,0x0041dd52,4316498
3665,0x0041dd53,4316499
3666,0x0041dd54,4316500
3667,0x0041dd55,4316501
3668,0x0041dd56,4316502
3669,0x0041dd57,4316503
3670,0x0041dd58,4316504
3671,0x0041dd59,4316505
3672,0x0041dd5a,4316506
3673,0x0041dd5b,4316507
3674,0x0041dd5c,4316508
3675,0x0041dd5d,4316509
3676,0x0041dd5e,4316510
3677,0x0041dd5f,4316511
3678,0x0041dd60,4316512
3679,0x0041dd61,4316513
3680,0x0041dd62,4316514
3681,0x0041dd64,4316516
3682,0x0041dd66,4316518
3683,0x0041dd67,4316519
3684,0x0041dd68,4316520
3685,0x0041dd69,4316521
3686,0x0041dd6a,4316522
3687,0x0041dd6b,4316523
3688,0x0041dd6c,4316524
3689,0x0041dd6d,4316525
3690,0x0041dd6e,4316526
3691,0x0041dd6f,4316527
3692,0x0041dd72,4316530
3693,0x0041dd73,4316531
3694,0x0041dd74,4316532
3695,0x0041dd75,4316533
3696,0x0041dd76,4316534
3697,0x0041dd77,4316535
3698,0x0041dd78,4316536
3699,0x0041dd79,4316537
3700,0x0041dd7a,4316538
3701,0x0041dd7d,4316541
3702,0x0041dd7f,4316543
3703,0x0041dd80,4316544
3704,0x0041dd81,4316545
3705,0x0041dd84,4316548
3706,0x0041dd85,4316549
3707,0x0041dd86,4316550
3708,0x0041dd87,4316551
3709,0x0041dd88,4316552
3710,0x0041dd89,4316553
3711,0x0041dd8a,4316554
3712,0x0041dd8b,4316555
3713,0x0041dd8c,4316556
3714,0x0041dd8d,4316557
3715,0x0041dd8e,4316558
3716,0x0041dd8f,4316559
3717,0x0041dd90,4316560
3718,0x0041dd91,4316561
3719,0x0041dd92,4316562
3720,0x0041dd93,4316563
3721,0x0041dd94,4316564
3722,0x0041dd95,4316565
3723,0x0041dd96,4316566
3724,0x0041dd97,4316567
3725,0x0041dd98,4316568
3726,0x0041dd99,4316569
3727,0x0041dd9a,4316570
3728,0x0041dd9b,4316571
3729,0x0041dd9c,4316572
3730,0x0041dd9d,4316573
3731,0x0041dd9e,4316574
3732,0x0041dda0,4316576
3733,0x0041dda1,4316577
3734,0x0041dda2,4316578
3735,0x0041dda3,4316579
3736,0x0041dda4,4316580
3737,0x0041dda5,4316581
3738,0x0041dda6,4316582
3739,0x0041dda7,4316583
3740,0x0041dda8,4316584
3741,0x0041ddaf,4316591
3742,0x0041ddb0,4316592
3743,0x0041ddb1,4316593
3744,0x0041ddb2,4316594
3745,0x0041ddb3,4316595
3746,0x0041ddb4,4316596
3747,0x0041ddb5,4316597
3748,0x0041ddb6,4316598
3749,0x0041ddb7,4316599
3750,0x0041ddb9,4316601
3751,0x0041ddba,4316602
3752,0x0041ddbb,4316603
3753,0x0041ddbd,4316605
3754,0x0041ddc0,4316608
3755,0x0041ddc1,4316609
3756,0x0041ddc2,4316610
3757,0x0041ddc3,4316611
3758,0x0041ddc4,4316612
3759,0x0041ddc5,4316613
3760,0x0041ddc6,4316614
3761,0x0041ddc7,4316615
3762,0x0041ddc8,4316616
3763,0x0041ddc9,4316617
3764,0x0041ddca,4316618
3765,0x0041ddcb,4316619
3766,0x0041ddcc,4316620
3767,0x0041ddcd,4316621
3768,0x0041ddce,4316622
3769,0x0041ddcf,4316623
3770,0x0041ddd0,4316624
3771,0x0041ddd1,4316625
3772,0x0041ddd2,4316626
3773,0x0041ddd3,4316627
3774,0x0041ddd4,4316628
3775,0x0041ddd5,4316629
3776,0x0041ddd6,4316630
3777,0x0041ddd7,4316631
3778,0x0041ddd8,4316632
3779,0x0041ddd9,4316633
3780,0x0041ddda,4316634
3781,0x0041dddd,4316637
3782,0x0041ddde,4316638
3783,0x0041dddf,4316639
3784,0x0041dde0,4316640
3785,0x0041dde1,4316641
3786,0x0041dde2,4316642
3787,0x0041dde3,4316643
3788,0x0041dde4,4316644
3789,0x0041dde9,4316649
3790,0x0041ddea,4316650
3791,0x0041ddeb,4316651
3792,0x0041ddec,4316652
3793,0x0041dded,4316653
3794,0x0041ddee,4316654
3795,0x0041ddef,4316655
3796,0x0041ddf0,4316656
3797,0x0041ddf1,4316657
3798,0x0041ddf3,4316659
3799,0x0041ddf4,4316660
3800,0x0041ddf6,4316662
3801,0x0041ddf7,4316663
3802,0x0041ddfa,4316666
3803,0x0041ddfb,4316667
3804,0x0041ddfc,4316668
3805,0x0041ddfd,4316669
3806,0x0041ddfe,4316670
3807,0x0041ddff,4316671
3808,0x0041de00,4316672
3809,0x0041de01,4316673
3810,0x0041de02,4316674
3811,0x0041de03,4316675
3812,0x0041de04,4316676
3813,0x0041de05,4316677
3814,0x0041de06,4316678
3815,0x0041de07,4316679
3816,0x0041de08,4316680
3817,0x0041de09,4316681
3818,0x0041de0a,4316682
3819,0x0041de0b,4316683
3820,0x0041de0c,4316684
3821,0x0041de0d,4316685
3822,0x0041de0e,4316686
3823,0x0041de11,4316689
3824,0x0041de12,4316690
3825,0x0041de13,4316691
3826,0x0041de14,4316692
3827,0x0041de15,4316693
3828,0x0041de16,4316694
3829,0x0041de17,4316695
3830,0x0041de18,4316696
3831,0x0041de19,4316697
3832,0x0041de1c,4316700
3833,0x0041de1d,4316701
3834,0x0041de1f,4316703
3835,0x0041de20,4316704
3836,0x0041de21,4316705
3837,0x0041de22,4316706
3838,0x0041de23,4316707
3839,0x0041de24,4316708
3840,0x0041de27,4316711
3841,0x0041de28,4316712
3842,0x0041de2a,4316714
3843,0x0041de2b,4316715
3844,0x0041de2e,4316718
3845,0x0041de2f,4316719
3846,0x0041de30,4316720
3847,0x0041de31,4316721
3848,0x0041de32,4316722
3849,0x0041de33,4316723
3850,0x0041de34,4316724
3851,0x0041de35,4316725
3852,0x0041de36,4316726
3853,0x0041de37,4316727
3854,0x0041de38,4316728
3855,0x0041de3d,4316733
3856,0x0041de3e,4316734
3857,0x0041de40,4316736
3858,0x0041de41,4316737
3859,0x0041de42,4316738
3860,0x0041de43,4316739
3861,0x0041de44,4316740
3862,0x0041de45,4316741
3863,0x0041de46,4316742
3864,0x0041de47,4316743
3865,0x0041de48,4316744
3866,0x0041de49,4316745
3867,0x0041de4a,4316746
3868,0x0041de4c,4316748
3869,0x0041de4e,4316750
3870,0x0041de50,4316752
3871,0x0041de51,4316753
3872,0x0041de52,4316754
3873,0x0041de53,4316755
3874,0x0041de54,4316756
3875,0x0041de55,4316757
3876,0x0041de56,4316758
3877,0x0041de57,4316759
3878,0x0041de58,4316760
3879,0x0041de5a,4316762
3880,0x0041de5b,4316763
3881,0x0041de5d,4316765
3882,0x0041de5e,4316766
3883,0x0041de5f,4316767
3884,0x0041de60,4316768
3885,0x0041de61,4316769
3886,0x0041de62,4316770
3887,0x0041de65,4316773
3888,0x0041de66,4316774
3889,0x0041de67,4316775
3890,0x0041de68,4316776
3891,0x0041de69,4316777
3892,0x0041de6c,4316780
3893,0x0041de6d,4316781
3894,0x0041de6e,4316782
3895,0x0041de6f,4316783
3896,0x0041de70,4316784
3897,0x0041de71,4316785
3898,0x0041de72,4316786
3899,0x0041de73,4316787
3900,0x0041de74,4316788
3901,0x0041de75,4316789
3902,0x0041de76,4316790
3903,0x0041de77,4316791
3904,0x0041de78,4316792
3905,0x0041de79,4316793
3906,0x0041de7a,4316794
3907,0x0041de7b,4316795
3908,0x0041de7c,4316796
3909,0x0041de7d,4316797
3910,0x0041de7e,4316798
3911,0x0041de7f,4316799
3912,0x0041de80,4316800
3913,0x0041de81,4316801
3914,0x0041de82,4316802
3915,0x0041de83,4316803
3916,0x0041de84,4316804
3917,0x0041de85,4316805
3918,0x0041de88,4316808
3919,0x0041de89,4316809
3920,0x0041de8a,4316810
3921,0x0041de8b,4316811
3922,0x0041de8c,4316812
3923,0x0041de8d,4316813
3924,0x0041de8e,4316814
3925,0x0041de8f,4316815
3926,0x0041de93,4316819
3927,0x0041de95,4316821
3928,0x0041de96,4316822
3929,0x0041de97,4316823
3930,0x0041de98,4316824
3931,0x0041de99,4316825
3932,0x0041de9a,4316826
3933,0x0041de9b,4316827
3934,0x0041de9c,4316828
3935,0x0041de9e,4316830
3936,0x0041de9f,4316831
3937,0x0041dea1,4316833
3938,0x0041dea2,4316834
3939,0x0041dea3,4316835
3940,0x0041dea5,4316837
3941,0x0041dea6,4316838
3942,0x0041dea7,4316839
3943,0x0041dea8,4316840
3944,0x0041dea9,4316841
3945,0x0041deaa,4316842
3946,0x0041deab,4316843
3947,0x0041deac,4316844
3948,0x0041dead,4316845
3949,0x0041deae,4316846
3950,0x0041deaf,4316847
3951,0x0041deb0,4316848
3952,0x0041deb1,4316849
3953,0x0041deb3,4316851
3954,0x0041deb4,4316852
3955,0x0041deb5,4316853
3956,0x0041deb6,4316854
3957,0x0041deb7,4316855
3958,0x0041deb8,4316856
3959,0x0041deb9,4316857
3960,0x0041deba,4316858
3961,0x0041debb,4316859
3962,0x0041debd,4316861
3963,0x0041debf,4316863
3964,0x0041dec0,4316864
3965,0x0041dec1,4316865
3966,0x0041dec2,4316866
3967,0x0041dec3,4316867
3968,0x0041dec4,4316868
3969,0x0041dec5,4316869
3970,0x0041dec9,4316873
3971,0x0041deca,4316874
3972,0x0041decc,4316876
3973,0x0041decd,4316877
3974,0x0041dece,4316878
3975,0x0041decf,4316879
3976,0x0041ded0,4316880
3977,0x0041ded1,4316881
3978,0x0041ded3,4316883
3979,0x0041ded6,4316886
3980,0x0041ded7,4316887
3981,0x0041deda,4316890
3982,0x0041dedb,4316891
3983,0x0041dedc,4316892
3984,0x0041dedd,4316893
3985,0x0041dede,4316894
3986,0x0041dedf,4316895
3987,0x0041dee0,4316896
3988,0x0041dee1,4316897
3989,0x0041dee2,4316898
3990,0x0041dee3,4316899
3991,0x0041dee4,4316900
3992,0x0041dee6,4316902
3993,0x0041dee7,4316903
3994,0x0041dee8,4316904
3995,0x0041dee9,4316905
3996,0x0041deea,4316906
3997,0x0041deeb,4316907
3998,0x0041deec,4316908
3999,0x0041deed,4316909
4000,0x0041deee,4316910
4001,0x0041deef,4316911
4002,0x0041def0,4316912
4003,0x0041def1,4316913
4004,0x0041def3,4316915
4005,0x0041def7,4316919
4006,0x0041def8,4316920
4007,0x0041def9,4316921
4008,0x0041defa,4316922
4009,0x0041defc,4316924
4010,0x0041defd,4316925
4011,0x0041defe,4316926
4012,0x0041deff,4316927
4013,0x0041df00,4316928
4014,0x0041df02,4316930
4015,0x0041df03,4316931
4016,0x0041df05,4316933
4017,0x0041df06,4316934
4018,0x0041df07,4316935
4019,0x0041df08,4316936
4020,0x0041df09,4316937
4021,0x0041df0a,4316938
4022,0x0041df0b,4316939
4023,0x0041df0d,4316941
4024,0x0041df10,4316944
4025,0x0041df11,4316945
4026,0x0041df14,4316948
4027,0x0041df15,4316949
4028,0x0041df16,4316950
4029,0x0041df17,4316951
4030,0x0041df18,4316952
4031,0x0041df19,4316953
4032,0x0041df1a,4316954
4033,0x0041df1b,4316955
4034,0x0041df1c,4316956
4035,0x0041df1d,4316957
4036,0x0041df1e,4316958
4037,0x0041df21,4316961
4038,0x0041df22,4316962
4039,0x0041df23,4316963
4040,0x0041df24,4316964
4041,0x0041df25,4316965
4042,0x0041df26,4316966
4043,0x0041df27,4316967
4044,0x0041df28,4316968
4045,0x0041df29,4316969
4046,0x0041df2a,4316970
4047,0x0041df2b,4316971
4048,0x0041df2d,4316973
4049,0x0041df2e,4316974
4050,0x0041df30,4316976
4051,0x0041df31,4316977
4052,0x0041df32,4316978
4053,0x0041df33,4316979
4054,0x0041df34,4316980
4055,0x0041df35,4316981
4056,0x0041df36,4316982
4057,0x0041df37,4316983
4058,0x0041df38,4316984
4059,0x0041df3b,4316987
4060,0x0041df3c,4316988
4061,0x0041df3d,4316989
4062,0x0041df3e,4316990
4063,0x0041df3f,4316991
4064,0x0041df40,4316992
4065,0x0041df41,4316993
4066,0x0041df42,4316994
4067,0x0041df43,4316995
4068,0x0041df45,4316997
4069,0x0041df46,4316998
4070,0x0041df47,4316999
4071,0x0041df48,4317000
4072,0x0041df4c,4317004
4073,0x0041df4d,4317005
4074,0x0041df4e,4317006
4075,0x0041df4f,4317007
4076,0x0041df50,4317008
4077,0x0041df51,4317009
4078,0x0041df52,4317010
4079,0x0041df53,4317011
4080,0x0041df54,4317012
4081,0x0041df55,4317013
4082,0x0041df56,4317014
4083,0x0041df5a,4317018
4084,0x0041df5b,4317019
4085,0x0041df5c,4317020
4086,0x0041df5d,4317021
4087,0x0041df5e,4317022
4088,0x0041df5f,4317023
4089,0x0041df60,4317024
4090,0x0041df61,4317025
4091,0x0041df62,4317026
4092,0x0041df63,4317027
4093,0x0041df64,4317028
4094,0x0041df66,4317030
4095,0x0041df67,4317031
