0,0x0000002b,43
1,0x000009b4,2484
2,0x00001369,4969
3,0x00001373,4979
4,0x00002083,8323
5,0x000022c2,8898
6,0x00002712,10002
7,0x000049e8,18920
8,0x001a3a82,1718914
9,0x001a58d3,1726675
10,0x001a5a3a,1727034
11,0x001a7fe2,1736674
12,0x001aa242,1745474
13,0x001b1c71,1776753
14,0x001bb8ff,1816831
15,0x00204487,2114695
16,0x00204488,2114696
17,0x00206b9d,2124701
18,0x002092b2,2134706
19,0x0020b9c8,2144712
20,0x0020e0dd,2154717
21,0x002107f2,2164722
22,0x00210804,2164740
23,0x00212f06,2174726
24,0x0021561a,2184730
25,0x00217d2f,2194735
26,0x0021a443,2204739
27,0x0021a451,2204753
28,0x0021cb65,2214757
29,0x0021f27b,2224763
30,0x00221990,2234768
31,0x002240a4,2244772
32,0x002267b9,2254777
33,0x00228ece,2264782
34,0x0022b60f,2274831
35,0x0022dd24,2284836
36,0x00230439,2294841
37,0x00232b50,2304848
38,0x00232b58,2304856
39,0x00235273,2314867
40,0x002379b5,2324917
41,0x0023a0cb,2334923
42,0x0023c7e1,2344929
43,0x0023eef7,2354935
44,0x0024160c,2364940
45,0x00243d20,2374944
46,0x00246436,2384950
47,0x00248b4c,2394956
48,0x0024b261,2404961
49,0x0024b269,2404969
50,0x0024d97e,2414974
51,0x00250093,2424979
52,0x002527a7,2434983
53,0x00253624,2438692
54,0x00253625,2438693
55,0x00254ebb,2444987
56,0x00255d42,2448706
57,0x002575cf,2454991
58,0x00258457,2458711
59,0x00259ce3,2464995
60,0x00259d1a,2465050
61,0x0025ab6b,2468715
62,0x0025c3f8,2475000
63,0x0025d281,2478721
64,0x0025eb0c,2485004
65,0x0025f996,2488726
66,0x0025f999,2488729
67,0x00261220,2495008
68,0x002620aa,2498730
69,0x00263935,2505013
70,0x0026393c,2505020
71,0x002647c0,2508736
72,0x00266051,2515025
73,0x00266ed5,2518741
74,0x00268748,2525000
75,0x00268764,2525028
76,0x002695e9,2528745
77,0x0026ae78,2535032
78,0x0026bcfd,2538749
79,0x0026bd0c,2538764
80,0x0026d58b,2545035
81,0x0026e420,2548768
82,0x0026fca0,2555040
83,0x00270b34,2558772
84,0x002723b5,2565045
85,0x00273248,2568776
86,0x00274aca,2575050
87,0x0027595f,2578783
88,0x002771df,2585055
89,0x00278074,2588788
90,0x002798f3,2595059
91,0x0027a78a,2598794
92,0x0027c008,2605064
93,0x0027c00f,2605071
94,0x0027ce9f,2608799
95,0x0027e722,2615074
96,0x0027f5b3,2618803
97,0x00280e36,2625078
98,0x00281cc8,2628808
99,0x0028354a,2635082
100,0x002843dc,2638812
101,0x002843e4,2638820
102,0x00285c5f,2645087
103,0x00286af9,2648825
104,0x00288373,2655091
105,0x0028920f,2658831
106,0x0028aa86,2665094
107,0x0028b924,2668836
108,0x0028d19a,2675098
109,0x0028e06d,2678893
110,0x0028f8ae,2685102
111,0x00290782,2688898
112,0x00291fc3,2695107
113,0x00292e96,2698902
114,0x00294bfe,2706430
115,0x00294c08,2706440
116,0x002955ab,2708907
117,0x0029731c,2716444
118,0x00297cc2,2718914
119,0x00299a30,2726448
120,0x0029a3d8,2728920
121,0x0029c144,2736452
122,0x0029caee,2738926
123,0x0029caf5,2738933
124,0x0029e858,2746456
125,0x0029f20a,2748938
126,0x002a0f6d,2756461
127,0x002a191f,2758943
128,0x002a3683,2766467
129,0x002a3690,2766480
130,0x002a4034,2768948
131,0x002a5d98,2776472
132,0x002a6749,2778953
133,0x002a84ad,2786477
134,0x002a8e5e,2788958
135,0x002a8eaf,2789039
136,0x002aabc1,2796481
137,0x002ab574,2798964
138,0x002ad2d6,2806486
139,0x002ad2de,2806494
140,0x002adc89,2808969
141,0x002af9f2,2816498
142,0x002b039d,2818973
143,0x002b2107,2826503
144,0x002b2ab4,2828980
145,0x002b481c,2836508
146,0x002b51c8,2838984
147,0x002b51d1,2838993
148,0x002b6f30,2846512
149,0x002b78e5,2848997
150,0x002b78e7,2848999
151,0x002b9644,2856516
152,0x002b9ffb,2859003
153,0x002bbd58,2866520
154,0x002bc70e,2869006
155,0x002be46c,2876524
156,0x002bee22,2879010
157,0x002c0b80,2886528
158,0x002c1535,2889013
159,0x002c3294,2896532
160,0x002c331b,2896667
161,0x002c3c4a,2899018
162,0x002c4890,2902160
163,0x002c4891,2902161
164,0x002c59a9,2906537
165,0x002c59b0,2906544
166,0x002c635e,2909022
167,0x002c6fa6,2912166
168,0x002c80c5,2916549
169,0x002c8a73,2919027
170,0x002c96bb,2922171
171,0x002ca7d8,2926552
172,0x002cb187,2929031
173,0x002cbdcf,2932175
174,0x002cceee,2936558
175,0x002cd89b,2939035
176,0x002cd8a2,2939042
177,0x002ce4e4,2942180
178,0x002cf604,2946564
179,0x002cffb6,2949046
180,0x002d0bf8,2952184
181,0x002d0c2a,2952234
182,0x002d1d18,2956568
183,0x002d26cc,2959052
184,0x002d330d,2962189
185,0x002d442e,2966574
186,0x002d4ddf,2969055
187,0x002d5a23,2972195
188,0x002d6b42,2976578
189,0x002d74f4,2979060
190,0x002d8138,2982200
191,0x002d9256,2986582
192,0x002d9c09,2989065
193,0x002da84d,2992205
194,0x002da85d,2992221
195,0x002db96b,2996587
196,0x002dc31d,2999069
197,0x002dcf72,3002226
198,0x002de080,3006592
199,0x002de087,3006599
200,0x002dea31,3009073
201,0x002df687,3012231
202,0x002e079a,3016602
203,0x002e1144,3019076
204,0x002e1d9d,3022237
205,0x002e2eaf,3026607
206,0x002e3859,3029081
207,0x002e44b2,3032242
208,0x002e55c4,3036612
209,0x002e5f6e,3039086
210,0x002e5f74,3039092
211,0x002e6bc7,3042247
212,0x002e7cd9,3046617
213,0x002e8688,3049096
214,0x002e92dc,3052252
215,0x002ea3ef,3056623
216,0x002ead9c,3059100
217,0x002eb9f2,3062258
218,0x002ecb04,3066628
219,0x002ecb05,3066629
220,0x002ed4b1,3069105
221,0x002ee108,3072264
222,0x002ef219,3076633
223,0x002efbc7,3079111
224,0x002f081d,3082269
225,0x002f192d,3086637
226,0x002f22dc,3089116
227,0x002f2325,3089189
228,0x002f2f32,3092274
229,0x002f2f3a,3092282
230,0x002f4042,3096642
231,0x002f49ef,3099119
232,0x002f5650,3102288
233,0x002f6757,3106647
234,0x002f6787,3106695
235,0x002f7103,3109123
236,0x002f7d66,3112294
237,0x002f8e9b,3116699
238,0x002f9817,3119127
239,0x002fa47a,3122298
240,0x002fb5af,3126703
241,0x002fbf2c,3129132
242,0x002fcb8f,3132303
243,0x002fdcc3,3136707
244,0x002fe63f,3139135
245,0x002fe646,3139142
246,0x002ff2a3,3142307
247,0x003003d7,3146711
248,0x00300d59,3149145
249,0x003019b9,3152313
250,0x00302aeb,3156715
251,0x0030346d,3159149
252,0x003040cf,3162319
253,0x00305201,3166721
254,0x00305b82,3169154
255,0x003067e5,3172325
256,0x00307916,3176726
257,0x00308298,3179160
258,0x00308efb,3182331
259,0x0030a02b,3186731
260,0x0030a9ac,3189164
261,0x0030b60f,3192335
262,0x0030b618,3192344
263,0x0030c741,3196737
264,0x0030d0c1,3199169
265,0x0030d552,3200338
266,0x0030d553,3200339
267,0x0030dd2e,3202350
268,0x0030ee56,3206742
269,0x0030ee5e,3206750
270,0x0030f7bc,3209148
271,0x0030f7d6,3209174
272,0x0030fc68,3210344
273,0x00310443,3212355
274,0x00311573,3216755
275,0x00311eea,3219178
276,0x0031237d,3220349
277,0x00312b57,3222359
278,0x00313c87,3226759
279,0x003145fe,3229182
280,0x00314a92,3230354
281,0x0031526c,3232364
282,0x0031639c,3236764
283,0x00316d13,3239187
284,0x00316d1a,3239194
285,0x003171a7,3240359
286,0x00317981,3242369
287,0x00318ab3,3246771
288,0x0031942e,3249198
289,0x003198bd,3250365
290,0x00319920,3250464
291,0x0031a097,3252375
292,0x0031a09f,3252383
293,0x0031b1c8,3256776
294,0x0031bb43,3259203
295,0x0031bfd1,3260369
296,0x0031c7ab,3262379
297,0x0031d8de,3266782
298,0x0031d94e,3266894
299,0x0031e258,3269208
300,0x0031e6e6,3270374
301,0x0031eec0,3272384
302,0x0031fff3,3276787
303,0x0032096d,3279213
304,0x00320dfb,3280379
305,0x003215d7,3282391
306,0x00322708,3286792
307,0x00323080,3289216
308,0x00323511,3290385
309,0x00323520,3290400
310,0x00323ced,3292397
311,0x00323cf4,3292404
312,0x00324e1c,3296796
313,0x00325795,3299221
314,0x00325c34,3300404
315,0x00326408,3302408
316,0x00327531,3306801
317,0x00327538,3306808
318,0x00327eab,3309227
319,0x00328349,3310409
320,0x00328b1d,3312413
321,0x00329c4d,3316813
322,0x0032a5c0,3319232
323,0x0032aa5f,3320415
324,0x0032b232,3322418
325,0x0032c360,3326816
326,0x0032ccd6,3329238
327,0x0032d175,3330421
328,0x0032d946,3332422
329,0x0032ea74,3336820
330,0x0032f3eb,3339243
331,0x0032f3f2,3339250
332,0x0032f88a,3340426
333,0x0033005b,3342427
334,0x00331188,3346824
335,0x00331b06,3349254
336,0x00331fa0,3350432
337,0x00332770,3352432
338,0x0033389e,3356830
339,0x0033421a,3359258
340,0x003346b6,3360438
341,0x00334e85,3362437
342,0x00335fb1,3366833
343,0x0033601c,3366940
344,0x0033692d,3369261
345,0x00336dcb,3370443
346,0x0033759b,3372443
347,0x003375f1,3372529
348,0x003386c6,3376838
349,0x00339041,3379265
350,0x003394e3,3380451
351,0x00339caf,3382447
352,0x0033addb,3386843
353,0x0033b756,3389270
354,0x0033b79b,3389339
355,0x0033bbfa,3390458
356,0x0033bc03,3390467
357,0x0033c3c4,3392452
358,0x0033c3cc,3392460
359,0x0033d4ef,3396847
360,0x0033de6b,3399275
361,0x0033e317,3400471
362,0x0033eae1,3402465
363,0x0033fc05,3406853
364,0x0033fc0b,3406859
365,0x00340580,3409280
366,0x00340a2d,3410477
367,0x003411f6,3412470
368,0x00342320,3416864
369,0x00342c94,3419284
370,0x00343143,3420483
371,0x0034390c,3422476
372,0x00344a35,3426869
373,0x003453a9,3429289
374,0x00345859,3430489
375,0x00346022,3432482
376,0x0034714a,3436874
377,0x00347abd,3439293
378,0x00347af1,3439345
379,0x00347f6f,3440495
380,0x00348738,3442488
381,0x0034985f,3446879
382,0x0034a205,3449349
383,0x0034a684,3450500
384,0x0034ae4c,3452492
385,0x0034bf73,3456883
386,0x0034c919,3459353
387,0x0034cd9a,3460506
388,0x0034d560,3462496
389,0x0034e689,3466889
390,0x0034f02d,3469357
391,0x0034f4af,3470511
392,0x0034f4db,3470555
393,0x0034fc75,3472501
394,0x00350d9c,3476892
395,0x00351741,3479361
396,0x00351bc5,3480517
397,0x00352389,3482505
398,0x003534b1,3486897
399,0x00353e56,3489366
400,0x003542db,3490523
401,0x003542e5,3490533
402,0x00354a9e,3492510
403,0x00354aa7,3492519
404,0x00355bc5,3496901
405,0x0035656a,3499370
406,0x003569f9,3500537
407,0x003571bc,3502524
408,0x003582da,3506906
409,0x003582df,3506911
410,0x00358c7f,3509375
411,0x0035910e,3510542
412,0x003598d0,3512528
413,0x0035a9f4,3516916
414,0x0035b393,3519379
415,0x0035b823,3520547
416,0x0035bfe6,3522534
417,0x0035d107,3526919
418,0x0035d402,3527682
419,0x0035d403,3527683
420,0x0035daa7,3529383
421,0x0035df37,3530551
422,0x0035e6fa,3532538
423,0x0035f81d,3536925
424,0x0035fb18,3537688
425,0x003601bd,3539389
426,0x003601c5,3539397
427,0x0036064c,3540556
428,0x00360e0f,3542543
429,0x00361f30,3546928
430,0x0036222d,3547693
431,0x003628da,3549402
432,0x00362d63,3550563
433,0x00362d96,3550614
434,0x00363516,3552534
435,0x00363525,3552549
436,0x00364645,3556933
437,0x00364944,3557700
438,0x00364ff0,3559408
439,0x00365479,3560569
440,0x00365c3b,3562555
441,0x00366d5a,3566938
442,0x00367059,3567705
443,0x00367707,3569415
444,0x00367731,3569457
445,0x00367b8d,3570573
446,0x00368350,3572560
447,0x0036946e,3576942
448,0x0036976d,3577709
449,0x003697d5,3577813
450,0x00369e1c,3579420
451,0x0036a2a2,3580578
452,0x0036aa65,3582565
453,0x0036bb83,3586947
454,0x0036be82,3587714
455,0x0036c531,3589425
456,0x0036c9b7,3590583
457,0x0036c9bf,3590591
458,0x0036d17a,3592570
459,0x0036d180,3592576
460,0x0036e298,3596952
461,0x0036e596,3597718
462,0x0036ec46,3599430
463,0x0036f0d4,3600596
464,0x0036f896,3602582
465,0x003709ac,3606956
466,0x003709b3,3606963
467,0x00370cab,3607723
468,0x0037135b,3609435
469,0x003717eb,3610603
470,0x00371faa,3612586
471,0x003730c9,3616969
472,0x003733ef,3617775
473,0x003733ff,3617791
474,0x00373a70,3619440
475,0x00373f00,3620608
476,0x003746bf,3622591
477,0x003757de,3626974
478,0x00375b13,3627795
479,0x00376184,3629444
480,0x00376615,3630613
481,0x00376dd4,3632596
482,0x00377ee0,3636960
483,0x00377ef3,3636979
484,0x00378228,3637800
485,0x00378899,3639449
486,0x003788a1,3639457
487,0x00378d29,3640617
488,0x003794e9,3642601
489,0x0037a608,3646984
490,0x0037a93f,3647807
491,0x0037afb4,3649460
492,0x0037b43d,3650621
493,0x0037bbfe,3652606
494,0x0037cd1b,3656987
495,0x0037d054,3657812
496,0x0037d6ca,3659466
497,0x0037db52,3660626
498,0x0037e313,3662611
499,0x0037f430,3666992
500,0x0037f798,3667864
501,0x0037fddf,3669471
502,0x00380267,3670631
503,0x00380a27,3672615
504,0x00381b45,3676997
505,0x00381ead,3677869
506,0x003824f2,3679474
507,0x0038297c,3680636
508,0x0038313c,3682620
509,0x00384259,3687001
510,0x003842b1,3687089
511,0x003845c5,3687877
512,0x00384c06,3689478
513,0x00384c11,3689489
514,0x00385090,3690640
515,0x00385097,3690647
516,0x00385852,3692626
517,0x00385859,3692633
518,0x0038696f,3697007
519,0x00386cdb,3697883
520,0x0038731b,3699483
521,0x003877ad,3700653
522,0x00387f6e,3702638
523,0x00389082,3707010
524,0x0038908a,3707018
525,0x003893f1,3707889
526,0x00389a2f,3709487
527,0x00389ec1,3710657
528,0x0038a682,3712642
529,0x0038b79f,3717023
530,0x0038bb06,3717894
531,0x0038bb0e,3717902
532,0x0038c143,3719491
533,0x0038c5d7,3720663
534,0x0038cd96,3722646
535,0x0038deb3,3727027
536,0x0038e225,3727909
537,0x0038e858,3729496
538,0x0038ecec,3730668
539,0x0038f4ab,3732651
540,0x003905c8,3737032
541,0x0039093b,3737915
542,0x00390f6e,3739502
543,0x00390f77,3739511
544,0x00391402,3740674
545,0x00391472,3740786
546,0x00391bc0,3742656
547,0x00392cdd,3747037
548,0x00393051,3747921
549,0x0039368c,3749516
550,0x00393b19,3750681
551,0x003942d7,3752663
552,0x003953f2,3757042
553,0x00395768,3757928
554,0x00395da0,3759520
555,0x00396230,3760688
556,0x003969ed,3762669
557,0x00397b07,3767047
558,0x00397e7e,3767934
559,0x003984b5,3769525
560,0x00398945,3770693
561,0x00399102,3772674
562,0x0039a21e,3777054
563,0x0039a593,3777939
564,0x0039abca,3779530
565,0x0039b05a,3780698
566,0x0039b819,3782681
567,0x0039c933,3787059
568,0x0039cca9,3787945
569,0x0039cccd,3787981
570,0x0039d2df,3789535
571,0x0039d770,3790704
572,0x0039d779,3790713
573,0x0039df2f,3792687
574,0x0039df38,3792696
575,0x0039f048,3797064
576,0x0039f3c0,3797952
577,0x0039f9f4,3799540
578,0x0039fe8e,3800718
579,0x003a064c,3802700
580,0x003a175c,3807068
581,0x003a1763,3807075
582,0x003a1ad5,3807957
583,0x003a2107,3809543
584,0x003a25a3,3810723
585,0x003a2d62,3812706
586,0x003a3e77,3817079
587,0x003a41ea,3817962
588,0x003a41f4,3817972
589,0x003a481c,3819548
590,0x003a4cb7,3820727
591,0x003a5477,3822711
592,0x003a658b,3827083
593,0x003a6909,3827977
594,0x003a6f30,3829552
595,0x003a73cd,3830733
596,0x003a7b8d,3832717
597,0x003a8c9f,3837087
598,0x003a901d,3837981
599,0x003a9645,3839557
600,0x003a964d,3839565
601,0x003a9ae2,3840738
602,0x003aa2a2,3842722
603,0x003aa2be,3842750
604,0x003ab3b4,3847092
605,0x003ab731,3847985
606,0x003abd62,3849570
607,0x003ac1f7,3850743
608,0x003ac20c,3850764
609,0x003ac9b8,3852728
610,0x003adac8,3857096
611,0x003ade45,3857989
612,0x003ae477,3859575
613,0x003ae90c,3860748
614,0x003af0cc,3862732
615,0x003b01dc,3867100
616,0x003b055a,3867994
617,0x003b0b8c,3869580
618,0x003b1021,3870753
619,0x003b17e2,3872738
620,0x003b28f3,3877107
621,0x003b2c6e,3877998
622,0x003b2cea,3878122
623,0x003b32a0,3879584
624,0x003b3736,3880758
625,0x003b3ef6,3882742
626,0x003b5008,3887112
627,0x003b5383,3888003
628,0x003b59b5,3889589
629,0x003b5e4a,3890762
630,0x003b5e51,3890769
631,0x003b660a,3892746
632,0x003b6614,3892756
633,0x003b771d,3897117
634,0x003b7a99,3898009
635,0x003b80ca,3899594
636,0x003b8567,3900775
637,0x003b8d28,3902760
638,0x003b8d2a,3902762
639,0x003b9e31,3907121
640,0x003b9e38,3907128
641,0x003ba1ac,3908012
642,0x003ba7e0,3909600
643,0x003bac7c,3910780
644,0x003bb43c,3912764
645,0x003bc54d,3917133
646,0x003bc8c0,3918016
647,0x003bc8c8,3918024
648,0x003bcef3,3919603
649,0x003bd391,3920785
650,0x003bdb50,3922768
651,0x003bec61,3927137
652,0x003befdc,3928028
653,0x003bf606,3929606
654,0x003bf608,3929608
655,0x003bfaa6,3930790
656,0x003c0264,3932772
657,0x003c1377,3937143
658,0x003c16f0,3938032
659,0x003c21ba,3940794
660,0x003c297a,3942778
661,0x003c3a8b,3947147
662,0x003c3e04,3948036
663,0x003c48cf,3950799
664,0x003c508f,3952783
665,0x003c619f,3957151
666,0x003c6518,3958040
667,0x003c6fe4,3960804
668,0x003c77a5,3962789
669,0x003c88b3,3967155
670,0x003c8c2d,3968045
671,0x003c96f9,3970809
672,0x003c9eba,3972794
673,0x003cafc7,3977159
674,0x003cb341,3978049
675,0x003cbe0d,3980813
676,0x003cc5ce,3982798
677,0x003cd6db,3987163
678,0x003cd727,3987239
679,0x003cda54,3988052
680,0x003ce521,3990817
681,0x003ce528,3990824
682,0x003cfdef,3997167
683,0x003d0169,3998057
684,0x003d0c3e,4000830
685,0x003d2504,4007172
686,0x003d250d,4007181
687,0x003d287e,4008062
688,0x003d2ed4,4009684
689,0x003d2ed5,4009685
690,0x003d3353,4010835
691,0x003d3368,4010856
692,0x003d4c22,4017186
693,0x003d4f93,4018067
694,0x003d4f9a,4018074
695,0x003d55ea,4019690
696,0x003d5a68,4020840
697,0x003d7337,4027191
698,0x003d76b0,4028080
699,0x003d7cfd,4029693
700,0x003d817d,4030845
701,0x003d9a4c,4037196
702,0x003d9dc6,4038086
703,0x003da412,4039698
704,0x003da892,4040850
705,0x003dc152,4047186
706,0x003dc162,4047202
707,0x003dc4db,4048091
708,0x003dc504,4048132
709,0x003dcb27,4049703
710,0x003dcfa8,4050856
711,0x003de876,4057206
712,0x003debef,4058095
713,0x003df23b,4059707
714,0x003df245,4059717
715,0x003df6bd,4060861
716,0x003e0f8b,4067211
717,0x003e1304,4068100
718,0x003e194e,4069710
719,0x003e1dd3,4070867
720,0x003e369f,4077215
721,0x003e3a19,4078105
722,0x003e4061,4079713
723,0x003e44e8,4080872
724,0x003e5db4,4087220
725,0x003e612e,4088110
726,0x003e6776,4089718
727,0x003e6bfd,4090877
728,0x003e6c07,4090887
729,0x003e73f0,4092912
730,0x003e73f1,4092913
731,0x003e84c8,4097224
732,0x003e8843,4098115
733,0x003e8e8a,4099722
734,0x003e931c,4100892
735,0x003e9b05,4102917
736,0x003eabdd,4107229
737,0x003eabe6,4107238
738,0x003eaf59,4108121
739,0x003eb59f,4109727
740,0x003eb5a5,4109733
741,0x003eba31,4110897
742,0x003ec21b,4112923
743,0x003ed2fb,4117243
744,0x003ed66e,4118126
745,0x003ed677,4118135
746,0x003edcba,4119738
747,0x003ee146,4120902
748,0x003ee931,4122929
749,0x003efa11,4127249
750,0x003efd8b,4128139
751,0x003f03cf,4129743
752,0x003f085a,4130906
753,0x003f1046,4132934
754,0x003f2125,4137253
755,0x003f24a0,4138144
756,0x003f2ae3,4139747
757,0x003f2f70,4140912
758,0x003f375a,4142938
759,0x003f483a,4147258
760,0x003f4bb3,4148147
761,0x003f51f9,4149753
762,0x003f5682,4150914
763,0x003f5686,4150918
764,0x003f5e6f,4152943
765,0x003f6f4f,4157263
766,0x003f72c8,4158152
767,0x003f790d,4159757
768,0x003f7d9b,4160923
769,0x003f8584,4162948
770,0x003f9665,4167269
771,0x003f99de,4168158
772,0x003fa022,4169762
773,0x003fa4af,4170927
774,0x003fac98,4172952
775,0x003fbd7a,4177274
776,0x003fc0f4,4178164
777,0x003fc161,4178273
778,0x003fc737,4179767
779,0x003fcbc5,4180933
780,0x003fd3ad,4182957
781,0x003fe48e,4187278
782,0x003fe809,4188169
783,0x003fee4d,4189773
784,0x003ff2da,4190938
785,0x003ff2e5,4190949
786,0x003ffac1,4192961
787,0x003ffac9,4192969
788,0x00400ba2,4197282
789,0x00400f1e,4198174
790,0x00401562,4199778
791,0x00401804,4200452
792,0x00401805,4200453
793,0x00401808,4200456
794,0x00401809,4200457
795,0x0040180a,4200458
796,0x00401867,4200551
797,0x00401941,4200769
798,0x004019c8,4200904
799,0x004019cf,4200911
800,0x004019dd,4200925
801,0x004019de,4200926
802,0x004019f1,4200945
803,0x004019fa,4200954
804,0x004019fb,4200955
805,0x004021de,4202974
806,0x00402240,4203072
807,0x004032b7,4207287
808,0x004032bf,4207295
809,0x00403632,4208178
810,0x00403c78,4209784
811,0x00403c85,4209797
812,0x0040410f,4210959
813,0x00404134,4210996
814,0x00404135,4210997
815,0x00404166,4211046
816,0x00404167,4211047
817,0x004041dd,4211165
818,0x004041e4,4211172
819,0x004041eb,4211179
820,0x004041ec,4211180
821,0x004041ee,4211182
822,0x004041ef,4211183
823,0x004041f6,4211190
824,0x004041fb,4211195
825,0x004048f3,4212979
826,0x004059d3,4217299
827,0x00405d47,4218183
828,0x00405d4f,4218191
829,0x0040639a,4219802
830,0x00406824,4220964
831,0x00406932,4221234
832,0x00406963,4221283
833,0x00406964,4221284
834,0x004069dd,4221405
835,0x004069e5,4221413
836,0x004069eb,4221419
837,0x004069ec,4221420
838,0x004069ed,4221421
839,0x004069f0,4221424
840,0x004069f7,4221431
841,0x00407008,4222984
842,0x004080e8,4227304
843,0x00408464,4228196
844,0x00408aae,4229806
845,0x00408f3a,4230970
846,0x0040912d,4231469
847,0x0040912e,4231470
848,0x00409157,4231511
849,0x00409158,4231512
850,0x004091b6,4231606
851,0x004091be,4231614
852,0x004091c3,4231619
853,0x004091c5,4231621
854,0x004091c6,4231622
855,0x004091c7,4231623
856,0x004091ca,4231626
857,0x004091cd,4231629
858,0x0040971c,4232988
859,0x0040a7fc,4237308
860,0x0040ab78,4238200
861,0x0040b1c2,4239810
862,0x0040b64f,4240975
863,0x0040b8ff,4241663
864,0x0040b929,4241705
865,0x0040b92a,4241706
866,0x0040b98a,4241802
867,0x0040b992,4241810
868,0x0040b996,4241814
869,0x0040b998,4241816
870,0x0040b99b,4241819
871,0x0040b9a0,4241824
872,0x0040be31,4242993
873,0x0040c6f6,4245238
874,0x0040c6f7,4245239
875,0x0040c6f8,4245240
876,0x0040c6f9,4245241
877,0x0040c754,4245332
878,0x0040c756,4245334
879,0x0040c7fc,4245500
880,0x0040c803,4245507
881,0x0040c821,4245537
882,0x0040c822,4245538
883,0x0040c837,4245559
884,0x0040c83a,4245562
885,0x0040cf10,4247312
886,0x0040d28d,4248205
887,0x0040d8d6,4249814
888,0x0040dd64,4250980
889,0x0040e0d8,4251864
890,0x0040e0da,4251866
891,0x0040e10b,4251915
892,0x0040e10d,4251917
893,0x0040e180,4252032
894,0x0040e188,4252040
895,0x0040e190,4252048
896,0x0040e191,4252049
897,0x0040e192,4252050
898,0x0040e193,4252051
899,0x0040e196,4252054
900,0x0040e19a,4252058
901,0x0040e547,4252999
902,0x0040ef6f,4255599
903,0x0040ef71,4255601
904,0x0040ef9e,4255646
905,0x0040efa0,4255648
906,0x0040efec,4255724
907,0x0040eff3,4255731
908,0x0040eff7,4255735
909,0x0040eff8,4255736
910,0x0040eff9,4255737
911,0x0040effa,4255738
912,0x0040effd,4255741
913,0x0040f001,4255745
914,0x0040f624,4257316
915,0x0040f9a2,4258210
916,0x0040ffec,4259820
917,0x0041047a,4260986
918,0x004108d2,4262098
919,0x004108d3,4262099
920,0x00410904,4262148
921,0x00410906,4262150
922,0x0041097a,4262266
923,0x00410981,4262273
924,0x00410986,4262278
925,0x00410987,4262279
926,0x00410988,4262280
927,0x0041098c,4262284
928,0x00410990,4262288
929,0x00410c5d,4263005
930,0x00410c6f,4263023
931,0x00410c71,4263025
932,0x00410c72,4263026
933,0x00410cb1,4263089
934,0x00410cb3,4263091
935,0x00410d5e,4263262
936,0x00410d66,4263270
937,0x00410d7a,4263290
938,0x00410d7c,4263292
939,0x00410d7d,4263293
940,0x00410d94,4263316
941,0x00410d98,4263320
942,0x0041173c,4265788
943,0x0041173d,4265789
944,0x00411767,4265831
945,0x00411768,4265832
946,0x004117b3,4265907
947,0x004117bb,4265915
948,0x004117c2,4265922
949,0x004117c3,4265923
950,0x004117c4,4265924
951,0x004117c7,4265927
952,0x004117cc,4265932
953,0x00411d3a,4267322
954,0x004120b7,4268215
955,0x00412702,4269826
956,0x00412b91,4270993
957,0x004130c8,4272328
958,0x004130c9,4272329
959,0x004130fa,4272378
960,0x004130fd,4272381
961,0x00413171,4272497
962,0x00413172,4272498
963,0x0041317a,4272506
964,0x00413180,4272512
965,0x00413181,4272513
966,0x00413183,4272515
967,0x00413184,4272516
968,0x00413188,4272520
969,0x0041318c,4272524
970,0x00413373,4273011
971,0x004134cf,4273359
972,0x004134d0,4273360
973,0x004134fc,4273404
974,0x004134fe,4273406
975,0x00413557,4273495
976,0x0041355f,4273503
977,0x00413563,4273507
978,0x00413565,4273509
979,0x00413566,4273510
980,0x0041356a,4273514
981,0x0041356e,4273518
982,0x00413f06,4275974
983,0x00413f07,4275975
984,0x00413f2e,4276014
985,0x00413f2f,4276015
986,0x00413f76,4276086
987,0x00413f7e,4276094
988,0x00413f81,4276097
989,0x00413f83,4276099
990,0x00413f84,4276100
991,0x00413f87,4276103
992,0x00413f8b,4276107
993,0x0041444f,4277327
994,0x004147cc,4278220
995,0x00414e17,4279831
996,0x004152a7,4280999
997,0x004158c5,4282565
998,0x004158f6,4282614
999,0x004158f7,4282615
1000,0x0041596c,4282732
1001,0x00415975,4282741
1002,0x0041597a,4282746
1003,0x0041597b,4282747
1004,0x0041597c,4282748
1005,0x0041597d,4282749
1006,0x00415980,4282752
1007,0x00415985,4282757
1008,0x00415a89,4283017
1009,0x00415ca8,4283560
1010,0x00415ca9,4283561
1011,0x00415cd7,4283607
1012,0x00415cd9,4283609
1013,0x00415d31,4283697
1014,0x00415d3a,4283706
1015,0x00415d3f,4283711
1016,0x00415d42,4283714
1017,0x00415d46,4283718
1018,0x00415d4a,4283722
1019,0x004166c3,4286147
1020,0x004166c4,4286148
1021,0x004166ed,4286189
1022,0x004166ee,4286190
1023,0x00416736,4286262
1024,0x0041673d,4286269
1025,0x00416744,4286276
1026,0x00416746,4286278
1027,0x00416747,4286279
1028,0x0041674a,4286282
1029,0x0041674f,4286287
1030,0x00416b64,4287332
1031,0x00416b9d,4287389
1032,0x00416ee0,4288224
1033,0x0041752d,4289837
1034,0x004179bd,4291005
1035,0x004179c7,4291015
1036,0x004180bf,4292799
1037,0x004180c0,4292800
1038,0x004180f0,4292848
1039,0x004180f1,4292849
1040,0x00418161,4292961
1041,0x00418167,4292967
1042,0x0041816e,4292974
1043,0x0041816f,4292975
1044,0x00418170,4292976
1045,0x00418171,4292977
1046,0x00418176,4292982
1047,0x00418179,4292985
1048,0x0041819d,4293021
1049,0x004181a8,4293032
1050,0x00418481,4293761
1051,0x004184ae,4293806
1052,0x004184af,4293807
1053,0x00418506,4293894
1054,0x0041850d,4293901
1055,0x00418511,4293905
1056,0x00418512,4293906
1057,0x00418513,4293907
1058,0x00418514,4293908
1059,0x00418517,4293911
1060,0x0041851b,4293915
1061,0x00418d4b,4296011
1062,0x00418d4c,4296012
1063,0x00418d4d,4296013
1064,0x00418d4e,4296014
1065,0x00418d95,4296085
1066,0x00418d97,4296087
1067,0x00418e47,4296263
1068,0x00418e50,4296272
1069,0x00418e6c,4296300
1070,0x00418e6d,4296301
1071,0x00418e6e,4296302
1072,0x00418e6f,4296303
1073,0x00418e86,4296326
1074,0x00418e87,4296327
1075,0x00418e8a,4296330
1076,0x00418eae,4296366
1077,0x00418eaf,4296367
1078,0x00418ef7,4296439
1079,0x00418f00,4296448
1080,0x00418f06,4296454
1081,0x00418f07,4296455
1082,0x00418f08,4296456
1083,0x00418f09,4296457
1084,0x00418f0c,4296460
1085,0x00418f11,4296465
1086,0x00419278,4297336
1087,0x004195f5,4298229
1088,0x00419c43,4299843
1089,0x0041a0dc,4301020
1090,0x0041a8b4,4303028
1091,0x0041a8b5,4303029
1092,0x0041a8bd,4303037
1093,0x0041a8e7,4303079
1094,0x0041a8e8,4303080
1095,0x0041a959,4303193
1096,0x0041a962,4303202
1097,0x0041a967,4303207
1098,0x0041a968,4303208
1099,0x0041a969,4303209
1100,0x0041a96d,4303213
1101,0x0041a971,4303217
1102,0x0041ac54,4303956
1103,0x0041ac55,4303957
1104,0x0041ac82,4304002
1105,0x0041ac83,4304003
1106,0x0041acdb,4304091
1107,0x0041ace2,4304098
1108,0x0041ace7,4304103
1109,0x0041ace8,4304104
1110,0x0041ace9,4304105
1111,0x0041aced,4304109
1112,0x0041acf1,4304113
1113,0x0041b5c5,4306373
1114,0x0041b5c6,4306374
1115,0x0041b5f1,4306417
1116,0x0041b5f3,4306419
1117,0x0041b64a,4306506
1118,0x0041b650,4306512
1119,0x0041b655,4306517
1120,0x0041b659,4306521
1121,0x0041b65a,4306522
1122,0x0041b65b,4306523
1123,0x0041b65f,4306527
1124,0x0041b663,4306531
1125,0x0041b678,4306552
1126,0x0041b67a,4306554
1127,0x0041b6c0,4306624
1128,0x0041b6c7,4306631
1129,0x0041b6cb,4306635
1130,0x0041b6cc,4306636
1131,0x0041b6cd,4306637
1132,0x0041b6d0,4306640
1133,0x0041b6d4,4306644
1134,0x0041b98c,4307340
1135,0x0041b995,4307349
1136,0x0041bd0b,4308235
1137,0x0041c35a,4309850
1138,0x0041c38e,4309902
1139,0x0041c7f4,4311028
1140,0x0041cfd3,4313043
1141,0x0041d0b2,4313266
1142,0x0041d0b3,4313267
1143,0x0041d0e6,4313318
1144,0x0041d0e7,4313319
1145,0x0041d163,4313443
1146,0x0041d16b,4313451
1147,0x0041d171,4313457
1148,0x0041d172,4313458
1149,0x0041d173,4313459
1150,0x0041d177,4313463
1151,0x0041d17c,4313468
1152,0x0041d42f,4314159
1153,0x0041d430,4314160
1154,0x0041d45f,4314207
1155,0x0041d460,4314208
1156,0x0041d4b9,4314297
1157,0x0041d4c1,4314305
1158,0x0041d4c5,4314309
1159,0x0041d4c7,4314311
1160,0x0041d4c8,4314312
1161,0x0041d4cb,4314315
1162,0x0041d4cf,4314319
1163,0x0041dda0,4316576
1164,0x0041dda1,4316577
1165,0x0041ddcf,4316623
1166,0x0041ddd0,4316624
1167,0x0041de15,4316693
1168,0x0041de16,4316694
1169,0x0041de29,4316713
1170,0x0041de31,4316721
1171,0x0041de38,4316728
1172,0x0041de39,4316729
1173,0x0041de3a,4316730
1174,0x0041de3b,4316731
1175,0x0041de3c,4316732
1176,0x0041de40,4316736
1177,0x0041de41,4316737
1178,0x0041de44,4316740
1179,0x0041de89,4316809
1180,0x0041de91,4316817
1181,0x0041de97,4316823
1182,0x0041de98,4316824
1183,0x0041de99,4316825
1184,0x0041de9c,4316828
1185,0x0041dea1,4316833
1186,0x0041e0a9,4317353
1187,0x0041e421,4318241
1188,0x0041e429,4318249
1189,0x0041eaa4,4319908
1190,0x0041ef0b,4321035
1191,0x0041f6e9,4323049
1192,0x0041f8b7,4323511
1193,0x0041f8eb,4323563
1194,0x0041f962,4323682
1195,0x0041f969,4323689
1196,0x0041f971,4323697
1197,0x0041f972,4323698
1198,0x0041f974,4323700
1199,0x0041f975,4323701
1200,0x0041f97a,4323706
1201,0x0041f97f,4323711
1202,0x0041fc06,4324358
1203,0x0041fc08,4324360
1204,0x0041fc36,4324406
1205,0x0041fc37,4324407
1206,0x0041fc8f,4324495
1207,0x0041fc97,4324503
1208,0x0041fc9b,4324507
1209,0x0041fc9d,4324509
1210,0x0041fca1,4324513
1211,0x0041fca5,4324517
1212,0x0042057a,4326778
1213,0x0042057b,4326779
1214,0x004205a8,4326824
1215,0x004205aa,4326826
1216,0x004205d9,4326873
1217,0x004205da,4326874
1218,0x00420601,4326913
1219,0x00420602,4326914
1220,0x00420603,4326915
1221,0x0042060a,4326922
1222,0x0042060d,4326925
1223,0x0042060e,4326926
1224,0x0042060f,4326927
1225,0x00420610,4326928
1226,0x00420613,4326931
1227,0x00420618,4326936
1228,0x0042064d,4326989
1229,0x00420656,4326998
1230,0x0042065b,4327003
1231,0x0042065c,4327004
1232,0x0042065d,4327005
1233,0x00420662,4327010
1234,0x00420665,4327013
1235,0x004207be,4327358
1236,0x00420b3e,4328254
1237,0x004211b9,4329913
1238,0x00421621,4331041
1239,0x00421dff,4333055
1240,0x004220b8,4333752
1241,0x004220b9,4333753
1242,0x004220ec,4333804
1243,0x004220ed,4333805
1244,0x00422160,4333920
1245,0x00422167,4333927
1246,0x0042216c,4333932
1247,0x0042216d,4333933
1248,0x0042216e,4333934
1249,0x0042216f,4333935
1250,0x00422174,4333940
1251,0x0042217a,4333946
1252,0x004223da,4334554
1253,0x004223db,4334555
1254,0x0042240a,4334602
1255,0x0042240c,4334604
1256,0x00422466,4334694
1257,0x0042246d,4334701
1258,0x00422472,4334706
1259,0x00422473,4334707
1260,0x00422474,4334708
1261,0x00422477,4334711
1262,0x0042247b,4334715
1263,0x00422d4d,4336973
1264,0x00422d4e,4336974
1265,0x00422d7a,4337018
1266,0x00422d7c,4337020
1267,0x00422d9b,4337051
1268,0x00422d9c,4337052
1269,0x00422dc5,4337093
1270,0x00422dc6,4337094
1271,0x00422dd2,4337106
1272,0x00422ddc,4337116
1273,0x00422de0,4337120
1274,0x00422de1,4337121
1275,0x00422de2,4337122
1276,0x00422de6,4337126
1277,0x00422deb,4337131
1278,0x00422e10,4337168
1279,0x00422e19,4337177
1280,0x00422e1d,4337181
1281,0x00422e1e,4337182
1282,0x00422e1f,4337183
1283,0x00422e22,4337186
1284,0x00422e26,4337190
1285,0x00422ed2,4337362
1286,0x00423254,4338260
1287,0x00423630,4339248
1288,0x00423632,4339250
1289,0x00423633,4339251
1290,0x00423634,4339252
1291,0x00423681,4339329
1292,0x00423683,4339331
1293,0x00423788,4339592
1294,0x004237f9,4339705
1295,0x00423804,4339716
1296,0x00423805,4339717
1297,0x00423806,4339718
1298,0x00423808,4339720
1299,0x0042380b,4339723
1300,0x0042380c,4339724
1301,0x0042380d,4339725
1302,0x0042380e,4339726
1303,0x0042380f,4339727
1304,0x00423810,4339728
1305,0x00423811,4339729
1306,0x00423812,4339730
1307,0x00423813,4339731
1308,0x00423814,4339732
1309,0x00423815,4339733
1310,0x00423816,4339734
1311,0x00423817,4339735
1312,0x00423818,4339736
1313,0x00423819,4339737
1314,0x0042381a,4339738
1315,0x0042381b,4339739
1316,0x0042381c,4339740
1317,0x0042381f,4339743
1318,0x00423821,4339745
1319,0x00423890,4339856
1320,0x00423897,4339863
1321,0x004238a9,4339881
1322,0x004238ab,4339883
1323,0x004238ac,4339884
1324,0x004238b9,4339897
1325,0x004238cf,4339919
1326,0x00423911,4339985
1327,0x00423929,4340009
1328,0x0042392d,4340013
1329,0x00423935,4340021
1330,0x00423939,4340025
1331,0x0042393a,4340026
1332,0x0042393e,4340030
1333,0x004239da,4340186
1334,0x004239db,4340187
1335,0x004239ea,4340202
1336,0x004239ef,4340207
1337,0x004239f0,4340208
1338,0x004239f2,4340210
1339,0x004239f3,4340211
1340,0x004239f7,4340215
1341,0x00423d36,4341046
1342,0x00423d96,4341142
1343,0x00423d99,4341145
1344,0x00423d9f,4341151
1345,0x00423da2,4341154
1346,0x00423da3,4341155
1347,0x00423da7,4341159
1348,0x00423dad,4341165
1349,0x00423dae,4341166
1350,0x00423daf,4341167
1351,0x00423db1,4341169
1352,0x00423db2,4341170
1353,0x00423db3,4341171
1354,0x00423db4,4341172
1355,0x00423db6,4341174
1356,0x00423db7,4341175
1357,0x00423dff,4341247
1358,0x00423e18,4341272
1359,0x00423e1c,4341276
1360,0x00423ee8,4341480
1361,0x00423ef4,4341492
1362,0x00423f01,4341505
1363,0x00423f03,4341507
1364,0x00423f06,4341510
1365,0x00423f07,4341511
1366,0x00423f08,4341512
1367,0x00423f09,4341513
1368,0x00423f0a,4341514
1369,0x00423f0b,4341515
1370,0x00423f0c,4341516
1371,0x00423f0d,4341517
1372,0x00423f0e,4341518
1373,0x00423f0f,4341519
1374,0x00423f10,4341520
1375,0x00423f11,4341521
1376,0x00423f12,4341522
1377,0x00423f13,4341523
1378,0x00423f14,4341524
1379,0x00423f15,4341525
1380,0x00423f16,4341526
1381,0x00423f17,4341527
1382,0x00423f18,4341528
1383,0x00423f19,4341529
1384,0x00423f1a,4341530
1385,0x00423f1b,4341531
1386,0x00423f1c,4341532
1387,0x00423f1d,4341533
1388,0x00423f1e,4341534
1389,0x00423f1f,4341535
1390,0x00423f20,4341536
1391,0x00423f4f,4341583
1392,0x00424012,4341778
1393,0x00424016,4341782
1394,0x004242c5,4342469
1395,0x004242d2,4342482
1396,0x004242d9,4342489
1397,0x004242da,4342490
1398,0x004242dd,4342493
1399,0x004242de,4342494
1400,0x004242df,4342495
1401,0x004242e0,4342496
1402,0x004242e1,4342497
1403,0x004242e2,4342498
1404,0x004242e3,4342499
1405,0x00424440,4342848
1406,0x00424444,4342852
1407,0x0042444b,4342859
1408,0x00424451,4342865
1409,0x00424452,4342866
1410,0x00424453,4342867
1411,0x00424454,4342868
1412,0x00424455,4342869
1413,0x00424457,4342871
1414,0x00424458,4342872
1415,0x00424459,4342873
1416,0x0042445a,4342874
1417,0x0042445b,4342875
1418,0x0042445c,4342876
1419,0x0042445d,4342877
1420,0x00424466,4342886
1421,0x0042446a,4342890
1422,0x00424470,4342896
1423,0x00424472,4342898
1424,0x00424473,4342899
1425,0x00424474,4342900
1426,0x00424475,4342901
1427,0x00424476,4342902
1428,0x00424477,4342903
1429,0x0042447d,4342909
1430,0x0042447f,4342911
1431,0x00424480,4342912
1432,0x00424481,4342913
1433,0x00424482,4342914
1434,0x00424483,4342915
1435,0x00424484,4342916
1436,0x00424485,4342917
1437,0x00424486,4342918
1438,0x00424487,4342919
1439,0x00424489,4342921
1440,0x0042448c,4342924
1441,0x00424490,4342928
1442,0x00424491,4342929
1443,0x00424492,4342930
1444,0x00424493,4342931
1445,0x00424494,4342932
1446,0x00424495,4342933
1447,0x00424496,4342934
1448,0x0042449c,4342940
1449,0x0042449d,4342941
1450,0x0042449e,4342942
1451,0x0042449f,4342943
1452,0x004244a0,4342944
1453,0x004244a1,4342945
1454,0x004244a2,4342946
1455,0x004244a3,4342947
1456,0x004244a4,4342948
1457,0x004244a6,4342950
1458,0x004244a9,4342953
1459,0x004244ad,4342957
1460,0x004244ae,4342958
1461,0x004244af,4342959
1462,0x004244b0,4342960
1463,0x004244b1,4342961
1464,0x004244b2,4342962
1465,0x004244b7,4342967
1466,0x004244b8,4342968
1467,0x004244ba,4342970
1468,0x004244bb,4342971
1469,0x004244bc,4342972
1470,0x004244bd,4342973
1471,0x004244be,4342974
1472,0x004244bf,4342975
1473,0x004244c1,4342977
1474,0x004244c2,4342978
1475,0x004244c5,4342981
1476,0x004244c9,4342985
1477,0x004244ca,4342986
1478,0x004244cb,4342987
1479,0x004244cc,4342988
1480,0x004244cd,4342989
1481,0x004244ce,4342990
1482,0x004244cf,4342991
1483,0x004244d3,4342995
1484,0x004244d4,4342996
1485,0x004244d6,4342998
1486,0x004244d7,4342999
1487,0x004244d8,4343000
1488,0x004244d9,4343001
1489,0x004244da,4343002
1490,0x004244db,4343003
1491,0x004244de,4343006
1492,0x004244e4,4343012
1493,0x004244eb,4343019
1494,0x004244ec,4343020
1495,0x004244ed,4343021
1496,0x004244ee,4343022
1497,0x004244ef,4343023
1498,0x004244f0,4343024
1499,0x004244f1,4343025
1500,0x004244f6,4343030
1501,0x004244f7,4343031
1502,0x004244f8,4343032
1503,0x004244fa,4343034
1504,0x004244fb,4343035
1505,0x004244fc,4343036
1506,0x004244fd,4343037
1507,0x004244fe,4343038
1508,0x00424501,4343041
1509,0x00424503,4343043
1510,0x00424508,4343048
1511,0x00424509,4343049
1512,0x0042450a,4343050
1513,0x0042450b,4343051
1514,0x0042450c,4343052
1515,0x00424511,4343057
1516,0x00424512,4343058
1517,0x00424513,4343059
1518,0x00424514,4343060
1519,0x00424515,4343061
1520,0x00424516,4343062
1521,0x00424517,4343063
1522,0x00424519,4343065
1523,0x0042451b,4343067
1524,0x00424520,4343072
1525,0x00424521,4343073
1526,0x00424522,4343074
1527,0x00424523,4343075
1528,0x00424524,4343076
1529,0x0042452a,4343082
1530,0x0042452c,4343084
1531,0x0042452d,4343085
1532,0x0042452e,4343086
1533,0x0042452f,4343087
1534,0x00424530,4343088
1535,0x00424533,4343091
1536,0x00424534,4343092
1537,0x00424536,4343094
1538,0x0042453a,4343098
1539,0x0042453b,4343099
1540,0x0042453c,4343100
1541,0x0042453d,4343101
1542,0x0042453e,4343102
1543,0x0042453f,4343103
1544,0x00424545,4343109
1545,0x00424548,4343112
1546,0x00424549,4343113
1547,0x0042454a,4343114
1548,0x0042454b,4343115
1549,0x0042454d,4343117
1550,0x00424550,4343120
1551,0x00424554,4343124
1552,0x00424555,4343125
1553,0x00424556,4343126
1554,0x00424557,4343127
1555,0x00424558,4343128
1556,0x0042455d,4343133
1557,0x00424560,4343136
1558,0x00424561,4343137
1559,0x00424562,4343138
1560,0x00424563,4343139
1561,0x00424564,4343140
1562,0x00424565,4343141
1563,0x00424567,4343143
1564,0x0042456b,4343147
1565,0x0042456c,4343148
1566,0x0042456d,4343149
1567,0x0042456e,4343150
1568,0x0042456f,4343151
1569,0x00424570,4343152
1570,0x00424574,4343156
1571,0x00424575,4343157
1572,0x00424577,4343159
1573,0x00424578,4343160
1574,0x00424579,4343161
1575,0x0042457a,4343162
1576,0x0042457d,4343165
1577,0x0042457e,4343166
1578,0x00424580,4343168
1579,0x00424584,4343172
1580,0x00424585,4343173
1581,0x00424586,4343174
1582,0x00424587,4343175
1583,0x00424588,4343176
1584,0x0042458d,4343181
1585,0x0042458e,4343182
1586,0x0042458f,4343183
1587,0x00424590,4343184
1588,0x00424591,4343185
1589,0x00424592,4343186
1590,0x00424594,4343188
1591,0x00424595,4343189
1592,0x00424597,4343191
1593,0x0042459b,4343195
1594,0x0042459c,4343196
1595,0x0042459d,4343197
1596,0x0042459e,4343198
1597,0x0042459f,4343199
1598,0x004245a5,4343205
1599,0x004245a6,4343206
1600,0x004245a7,4343207
1601,0x004245a8,4343208
1602,0x004245a9,4343209
1603,0x004245ab,4343211
1604,0x004245ad,4343213
1605,0x004245b2,4343218
1606,0x004245b3,4343219
1607,0x004245b4,4343220
1608,0x004245b5,4343221
1609,0x004245b6,4343222
1610,0x004245bb,4343227
1611,0x004245be,4343230
1612,0x004245bf,4343231
1613,0x004245c0,4343232
1614,0x004245c1,4343233
1615,0x004245c2,4343234
1616,0x004245c4,4343236
1617,0x004245c7,4343239
1618,0x004245cc,4343244
1619,0x004245cd,4343245
1620,0x004245ce,4343246
1621,0x004245cf,4343247
1622,0x004245d0,4343248
1623,0x004245d1,4343249
1624,0x004245d6,4343254
1625,0x004245d8,4343256
1626,0x004245d9,4343257
1627,0x004245da,4343258
1628,0x004245db,4343259
1629,0x004245e0,4343264
1630,0x004245e2,4343266
1631,0x004245e6,4343270
1632,0x004245e7,4343271
1633,0x004245e8,4343272
1634,0x004245e9,4343273
1635,0x004245ea,4343274
1636,0x004245eb,4343275
1637,0x004245f0,4343280
1638,0x004245f2,4343282
1639,0x004245f3,4343283
1640,0x004245f4,4343284
1641,0x004245f5,4343285
1642,0x004245f7,4343287
1643,0x004245f8,4343288
1644,0x004245fa,4343290
1645,0x004245fc,4343292
1646,0x004245ff,4343295
1647,0x00424600,4343296
1648,0x00424601,4343297
1649,0x00424602,4343298
1650,0x00424603,4343299
1651,0x00424604,4343300
1652,0x00424609,4343305
1653,0x0042460a,4343306
1654,0x0042460c,4343308
1655,0x0042460d,4343309
1656,0x0042460e,4343310
1657,0x0042460f,4343311
1658,0x00424611,4343313
1659,0x00424615,4343317
1660,0x0042461a,4343322
1661,0x0042461b,4343323
1662,0x0042461c,4343324
1663,0x0042461d,4343325
1664,0x0042461e,4343326
1665,0x00424623,4343331
1666,0x00424624,4343332
1667,0x00424626,4343334
1668,0x00424627,4343335
1669,0x00424628,4343336
1670,0x00424629,4343337
1671,0x0042462a,4343338
1672,0x0042462b,4343339
1673,0x0042462d,4343341
1674,0x00424631,4343345
1675,0x00424632,4343346
1676,0x00424633,4343347
1677,0x00424634,4343348
1678,0x00424635,4343349
1679,0x0042463a,4343354
1680,0x0042463c,4343356
1681,0x0042463d,4343357
1682,0x0042463e,4343358
1683,0x0042463f,4343359
1684,0x00424640,4343360
1685,0x00424641,4343361
1686,0x00424643,4343363
1687,0x00424647,4343367
1688,0x00424648,4343368
1689,0x00424649,4343369
1690,0x0042464a,4343370
1691,0x0042464b,4343371
1692,0x00424650,4343376
1693,0x00424652,4343378
1694,0x00424653,4343379
1695,0x00424654,4343380
1696,0x00424655,4343381
1697,0x00424656,4343382
1698,0x00424657,4343383
1699,0x00424659,4343385
1700,0x0042465d,4343389
1701,0x0042465e,4343390
1702,0x0042465f,4343391
1703,0x00424660,4343392
1704,0x00424661,4343393
1705,0x00424662,4343394
1706,0x00424667,4343399
1707,0x00424669,4343401
1708,0x0042466a,4343402
1709,0x0042466b,4343403
1710,0x0042466c,4343404
1711,0x0042466e,4343406
1712,0x0042466f,4343407
1713,0x00424670,4343408
1714,0x00424671,4343409
1715,0x00424672,4343410
1716,0x00424675,4343413
1717,0x00424676,4343414
1718,0x00424677,4343415
1719,0x00424678,4343416
1720,0x00424679,4343417
1721,0x0042467e,4343422
1722,0x0042467f,4343423
1723,0x00424681,4343425
1724,0x00424682,4343426
1725,0x00424683,4343427
1726,0x00424684,4343428
1727,0x00424687,4343431
1728,0x00424689,4343433
1729,0x0042468d,4343437
1730,0x0042468e,4343438
1731,0x0042468f,4343439
1732,0x00424690,4343440
1733,0x00424691,4343441
1734,0x00424696,4343446
1735,0x00424697,4343447
1736,0x00424698,4343448
1737,0x00424699,4343449
1738,0x0042469a,4343450
1739,0x0042469b,4343451
1740,0x0042469d,4343453
1741,0x0042469f,4343455
1742,0x004246a3,4343459
1743,0x004246a4,4343460
1744,0x004246a5,4343461
1745,0x004246a6,4343462
1746,0x004246a7,4343463
1747,0x004246a8,4343464
1748,0x004246ad,4343469
1749,0x004246af,4343471
1750,0x004246b0,4343472
1751,0x004246b1,4343473
1752,0x004246b2,4343474
1753,0x004246b3,4343475
1754,0x004246b4,4343476
1755,0x004246b6,4343478
1756,0x004246ba,4343482
1757,0x004246bb,4343483
1758,0x004246bc,4343484
1759,0x004246bd,4343485
1760,0x004246be,4343486
1761,0x004246c3,4343491
1762,0x004246c4,4343492
1763,0x004246c5,4343493
1764,0x004246c6,4343494
1765,0x004246c7,4343495
1766,0x004246c8,4343496
1767,0x004246ca,4343498
1768,0x004246cd,4343501
1769,0x004246d0,4343504
1770,0x004246d1,4343505
1771,0x004246d2,4343506
1772,0x004246d3,4343507
1773,0x004246d4,4343508
1774,0x004246d5,4343509
1775,0x004246da,4343514
1776,0x004246db,4343515
1777,0x004246dd,4343517
1778,0x004246de,4343518
1779,0x004246df,4343519
1780,0x004246e0,4343520
1781,0x004246e2,4343522
1782,0x004246e3,4343523
1783,0x004246e5,4343525
1784,0x004246e6,4343526
1785,0x004246e7,4343527
1786,0x004246eb,4343531
1787,0x004246ec,4343532
1788,0x004246ed,4343533
1789,0x004246ee,4343534
1790,0x004246ef,4343535
1791,0x004246f0,4343536
1792,0x004246f5,4343541
1793,0x004246f6,4343542
1794,0x004246f7,4343543
1795,0x004246f8,4343544
1796,0x004246f9,4343545
1797,0x004246fb,4343547
1798,0x004246fd,4343549
1799,0x00424701,4343553
1800,0x00424702,4343554
1801,0x00424703,4343555
1802,0x00424704,4343556
1803,0x00424705,4343557
1804,0x0042470a,4343562
1805,0x0042470b,4343563
1806,0x0042470c,4343564
1807,0x0042470d,4343565
1808,0x0042470e,4343566
1809,0x0042470f,4343567
1810,0x00424710,4343568
1811,0x00424712,4343570
1812,0x00424716,4343574
1813,0x00424717,4343575
1814,0x00424718,4343576
1815,0x00424719,4343577
1816,0x0042471a,4343578
1817,0x0042471b,4343579
1818,0x00424720,4343584
1819,0x00424721,4343585
1820,0x00424722,4343586
1821,0x00424723,4343587
1822,0x00424724,4343588
1823,0x00424725,4343589
1824,0x00424727,4343591
1825,0x00424729,4343593
1826,0x0042472d,4343597
1827,0x0042472e,4343598
1828,0x0042472f,4343599
1829,0x00424730,4343600
1830,0x00424731,4343601
1831,0x00424735,4343605
1832,0x00424736,4343606
1833,0x00424738,4343608
1834,0x00424739,4343609
1835,0x0042473a,4343610
1836,0x0042473b,4343611
1837,0x0042473c,4343612
1838,0x0042473e,4343614
1839,0x00424742,4343618
1840,0x00424743,4343619
1841,0x00424744,4343620
1842,0x00424745,4343621
1843,0x00424746,4343622
1844,0x00424747,4343623
1845,0x0042474d,4343629
1846,0x0042474e,4343630
1847,0x00424750,4343632
1848,0x00424751,4343633
1849,0x00424752,4343634
1850,0x00424753,4343635
1851,0x00424755,4343637
1852,0x00424756,4343638
1853,0x00424757,4343639
1854,0x00424758,4343640
1855,0x00424759,4343641
1856,0x0042475c,4343644
1857,0x0042475d,4343645
1858,0x0042475e,4343646
1859,0x0042475f,4343647
1860,0x00424760,4343648
1861,0x00424761,4343649
1862,0x00424766,4343654
1863,0x00424767,4343655
1864,0x00424769,4343657
1865,0x0042476a,4343658
1866,0x0042476b,4343659
1867,0x0042476c,4343660
1868,0x0042476e,4343662
1869,0x00424770,4343664
1870,0x00424775,4343669
1871,0x00424776,4343670
1872,0x00424777,4343671
1873,0x00424778,4343672
1874,0x00424779,4343673
1875,0x00424780,4343680
1876,0x00424783,4343683
1877,0x00424784,4343684
1878,0x00424785,4343685
1879,0x00424786,4343686
1880,0x00424788,4343688
1881,0x0042478a,4343690
1882,0x0042478e,4343694
1883,0x0042478f,4343695
1884,0x00424790,4343696
1885,0x00424791,4343697
1886,0x00424792,4343698
1887,0x00424798,4343704
1888,0x00424799,4343705
1889,0x0042479b,4343707
1890,0x0042479c,4343708
1891,0x0042479d,4343709
1892,0x0042479f,4343711
1893,0x004247a1,4343713
1894,0x004247a5,4343717
1895,0x004247a6,4343718
1896,0x004247a7,4343719
1897,0x004247a8,4343720
1898,0x004247a9,4343721
1899,0x004247ae,4343726
1900,0x004247af,4343727
1901,0x004247b1,4343729
1902,0x004247b2,4343730
1903,0x004247b3,4343731
1904,0x004247b4,4343732
1905,0x004247b5,4343733
1906,0x004247b8,4343736
1907,0x004247bc,4343740
1908,0x004247bd,4343741
1909,0x004247be,4343742
1910,0x004247bf,4343743
1911,0x004247c0,4343744
1912,0x004247c5,4343749
1913,0x004247c6,4343750
1914,0x004247c8,4343752
1915,0x004247c9,4343753
1916,0x004247ca,4343754
1917,0x004247cb,4343755
1918,0x004247cd,4343757
1919,0x004247ce,4343758
1920,0x004247d0,4343760
1921,0x004247d2,4343762
1922,0x004247d6,4343766
1923,0x004247d7,4343767
1924,0x004247d8,4343768
1925,0x004247d9,4343769
1926,0x004247da,4343770
1927,0x004247df,4343775
1928,0x004247e0,4343776
1929,0x004247e2,4343778
1930,0x004247e3,4343779
1931,0x004247e4,4343780
1932,0x004247e5,4343781
1933,0x004247e7,4343783
1934,0x004247e9,4343785
1935,0x004247ed,4343789
1936,0x004247ee,4343790
1937,0x004247ef,4343791
1938,0x004247f0,4343792
1939,0x004247f1,4343793
1940,0x004247f2,4343794
1941,0x004247f7,4343799
1942,0x004247f8,4343800
1943,0x004247fa,4343802
1944,0x004247fb,4343803
1945,0x004247fc,4343804
1946,0x004247fe,4343806
1947,0x00424800,4343808
1948,0x00424804,4343812
1949,0x00424805,4343813
1950,0x00424806,4343814
1951,0x00424807,4343815
1952,0x00424808,4343816
1953,0x0042480d,4343821
1954,0x0042480f,4343823
1955,0x00424810,4343824
1956,0x00424811,4343825
1957,0x00424812,4343826
1958,0x00424814,4343828
1959,0x00424816,4343830
1960,0x0042481a,4343834
1961,0x0042481b,4343835
1962,0x0042481c,4343836
1963,0x0042481d,4343837
1964,0x0042481e,4343838
1965,0x0042481f,4343839
1966,0x00424824,4343844
1967,0x00424825,4343845
1968,0x00424828,4343848
1969,0x00424829,4343849
1970,0x0042482a,4343850
1971,0x0042482c,4343852
1972,0x0042482e,4343854
1973,0x00424832,4343858
1974,0x00424833,4343859
1975,0x00424834,4343860
1976,0x00424835,4343861
1977,0x00424836,4343862
1978,0x00424837,4343863
1979,0x0042483b,4343867
1980,0x0042483c,4343868
1981,0x0042483e,4343870
1982,0x0042483f,4343871
1983,0x00424840,4343872
1984,0x00424841,4343873
1985,0x00424843,4343875
1986,0x00424844,4343876
1987,0x00424845,4343877
1988,0x00424846,4343878
1989,0x0042484a,4343882
1990,0x0042484b,4343883
1991,0x0042484c,4343884
1992,0x0042484d,4343885
1993,0x0042484e,4343886
1994,0x00424853,4343891
1995,0x00424854,4343892
1996,0x00424856,4343894
1997,0x00424857,4343895
1998,0x00424858,4343896
1999,0x00424859,4343897
2000,0x0042485a,4343898
2001,0x0042485c,4343900
2002,0x00424860,4343904
2003,0x00424861,4343905
2004,0x00424862,4343906
2005,0x00424863,4343907
2006,0x00424864,4343908
2007,0x00424865,4343909
2008,0x0042486a,4343914
2009,0x0042486b,4343915
2010,0x0042486d,4343917
2011,0x0042486e,4343918
2012,0x0042486f,4343919
2013,0x00424870,4343920
2014,0x00424871,4343921
2015,0x00424873,4343923
2016,0x00424877,4343927
2017,0x00424878,4343928
2018,0x00424879,4343929
2019,0x0042487a,4343930
2020,0x0042487b,4343931
2021,0x0042487c,4343932
2022,0x00424880,4343936
2023,0x00424881,4343937
2024,0x00424883,4343939
2025,0x00424884,4343940
2026,0x00424885,4343941
2027,0x00424886,4343942
2028,0x00424887,4343943
2029,0x00424889,4343945
2030,0x0042488d,4343949
2031,0x0042488e,4343950
2032,0x0042488f,4343951
2033,0x00424890,4343952
2034,0x00424891,4343953
2035,0x00424897,4343959
2036,0x00424899,4343961
2037,0x0042489a,4343962
2038,0x0042489b,4343963
2039,0x0042489c,4343964
2040,0x0042489d,4343965
2041,0x004248a0,4343968
2042,0x004248a3,4343971
2043,0x004248a4,4343972
2044,0x004248a5,4343973
2045,0x004248a6,4343974
2046,0x004248a7,4343975
2047,0x004248a8,4343976
2048,0x004248ad,4343981
2049,0x004248ae,4343982
2050,0x004248b0,4343984
2051,0x004248b1,4343985
2052,0x004248b2,4343986
2053,0x004248b3,4343987
2054,0x004248b5,4343989
2055,0x004248b6,4343990
2056,0x004248b8,4343992
2057,0x004248b9,4343993
2058,0x004248bc,4343996
2059,0x004248bd,4343997
2060,0x004248be,4343998
2061,0x004248bf,4343999
2062,0x004248c0,4344000
2063,0x004248c1,4344001
2064,0x004248c6,4344006
2065,0x004248c7,4344007
2066,0x004248c9,4344009
2067,0x004248ca,4344010
2068,0x004248cb,4344011
2069,0x004248cd,4344013
2070,0x004248ce,4344014
2071,0x004248d0,4344016
2072,0x004248d4,4344020
2073,0x004248d5,4344021
2074,0x004248d6,4344022
2075,0x004248d7,4344023
2076,0x004248d8,4344024
2077,0x004248dc,4344028
2078,0x004248dd,4344029
2079,0x004248df,4344031
2080,0x004248e0,4344032
2081,0x004248e1,4344033
2082,0x004248e2,4344034
2083,0x004248e3,4344035
2084,0x004248e4,4344036
2085,0x004248e5,4344037
2086,0x004248e9,4344041
2087,0x004248ea,4344042
2088,0x004248eb,4344043
2089,0x004248ec,4344044
2090,0x004248ed,4344045
2091,0x004248f2,4344050
2092,0x004248f4,4344052
2093,0x004248f5,4344053
2094,0x004248f6,4344054
2095,0x004248f7,4344055
2096,0x004248f9,4344057
2097,0x004248fb,4344059
2098,0x004248ff,4344063
2099,0x00424900,4344064
2100,0x00424901,4344065
2101,0x00424902,4344066
2102,0x00424903,4344067
2103,0x00424908,4344072
2104,0x0042490b,4344075
2105,0x0042490c,4344076
2106,0x0042490d,4344077
2107,0x0042490e,4344078
2108,0x0042490f,4344079
2109,0x00424910,4344080
2110,0x00424912,4344082
2111,0x00424916,4344086
2112,0x00424917,4344087
2113,0x00424918,4344088
2114,0x00424919,4344089
2115,0x0042491a,4344090
2116,0x0042491b,4344091
2117,0x00424920,4344096
2118,0x00424922,4344098
2119,0x00424923,4344099
2120,0x00424924,4344100
2121,0x00424925,4344101
2122,0x00424928,4344104
2123,0x0042492a,4344106
2124,0x0042492b,4344107
2125,0x0042492c,4344108
2126,0x0042492f,4344111
2127,0x00424930,4344112
2128,0x00424931,4344113
2129,0x00424932,4344114
2130,0x00424933,4344115
2131,0x00424939,4344121
2132,0x0042493b,4344123
2133,0x0042493c,4344124
2134,0x0042493d,4344125
2135,0x0042493e,4344126
2136,0x00424940,4344128
2137,0x00424942,4344130
2138,0x00424946,4344134
2139,0x00424947,4344135
2140,0x00424948,4344136
2141,0x00424949,4344137
2142,0x0042494a,4344138
2143,0x00424950,4344144
2144,0x00424951,4344145
2145,0x00424953,4344147
2146,0x00424954,4344148
2147,0x00424955,4344149
2148,0x00424956,4344150
2149,0x00424958,4344152
2150,0x0042495a,4344154
2151,0x0042495c,4344156
2152,0x0042495e,4344158
2153,0x0042495f,4344159
2154,0x00424960,4344160
2155,0x00424961,4344161
2156,0x00424962,4344162
2157,0x00424963,4344163
2158,0x00424964,4344164
2159,0x00424967,4344167
2160,0x00424968,4344168
2161,0x00424969,4344169
2162,0x0042496a,4344170
2163,0x0042496b,4344171
2164,0x0042496c,4344172
2165,0x0042496d,4344173
2166,0x0042496e,4344174
2167,0x00424970,4344176
2168,0x00424974,4344180
2169,0x00424975,4344181
2170,0x00424976,4344182
2171,0x00424977,4344183
2172,0x00424978,4344184
2173,0x0042497e,4344190
2174,0x00424981,4344193
2175,0x00424982,4344194
2176,0x00424983,4344195
2177,0x00424984,4344196
2178,0x00424985,4344197
2179,0x00424988,4344200
2180,0x0042498c,4344204
2181,0x0042498d,4344205
2182,0x0042498e,4344206
2183,0x0042498f,4344207
2184,0x00424990,4344208
2185,0x00424995,4344213
2186,0x00424996,4344214
2187,0x00424997,4344215
2188,0x00424998,4344216
2189,0x00424999,4344217
2190,0x0042499a,4344218
2191,0x0042499c,4344220
2192,0x0042499e,4344222
2193,0x0042499f,4344223
2194,0x004249a3,4344227
2195,0x004249a4,4344228
2196,0x004249a5,4344229
2197,0x004249a6,4344230
2198,0x004249a7,4344231
2199,0x004249ac,4344236
2200,0x004249ae,4344238
2201,0x004249af,4344239
2202,0x004249b0,4344240
2203,0x004249b1,4344241
2204,0x004249b2,4344242
2205,0x004249b3,4344243
2206,0x004249b5,4344245
2207,0x004249b9,4344249
2208,0x004249ba,4344250
2209,0x004249bb,4344251
2210,0x004249bc,4344252
2211,0x004249bd,4344253
2212,0x004249c1,4344257
2213,0x004249c2,4344258
2214,0x004249c3,4344259
2215,0x004249c4,4344260
2216,0x004249c5,4344261
2217,0x004249c6,4344262
2218,0x004249c8,4344264
2219,0x004249ca,4344266
2220,0x004249ce,4344270
2221,0x004249cf,4344271
2222,0x004249d0,4344272
2223,0x004249d1,4344273
2224,0x004249d2,4344274
2225,0x004249d3,4344275
2226,0x004249d7,4344279
2227,0x004249d8,4344280
2228,0x004249d9,4344281
2229,0x004249da,4344282
2230,0x004249db,4344283
2231,0x004249dc,4344284
2232,0x004249dd,4344285
2233,0x004249de,4344286
2234,0x004249e0,4344288
2235,0x004249e2,4344290
2236,0x004249e4,4344292
2237,0x004249e5,4344293
2238,0x004249e6,4344294
2239,0x004249e7,4344295
2240,0x004249e8,4344296
2241,0x004249e9,4344297
2242,0x004249ee,4344302
2243,0x004249f0,4344304
2244,0x004249f1,4344305
2245,0x004249f2,4344306
2246,0x004249f3,4344307
2247,0x004249f4,4344308
2248,0x004249f5,4344309
2249,0x004249f7,4344311
2250,0x004249fb,4344315
2251,0x004249fc,4344316
2252,0x004249fd,4344317
2253,0x004249fe,4344318
2254,0x004249ff,4344319
2255,0x00424a04,4344324
2256,0x00424a05,4344325
2257,0x00424a08,4344328
2258,0x00424a09,4344329
2259,0x00424a0a,4344330
2260,0x00424a0b,4344331
2261,0x00424a0d,4344333
2262,0x00424a10,4344336
2263,0x00424a14,4344340
2264,0x00424a15,4344341
2265,0x00424a16,4344342
2266,0x00424a17,4344343
2267,0x00424a18,4344344
2268,0x00424a19,4344345
2269,0x00424a1e,4344350
2270,0x00424a20,4344352
2271,0x00424a21,4344353
2272,0x00424a22,4344354
2273,0x00424a23,4344355
2274,0x00424a24,4344356
2275,0x00424a25,4344357
2276,0x00424a28,4344360
2277,0x00424a2b,4344363
2278,0x00424a2c,4344364
2279,0x00424a2d,4344365
2280,0x00424a2e,4344366
2281,0x00424a2f,4344367
2282,0x00424a35,4344373
2283,0x00424a38,4344376
2284,0x00424a39,4344377
2285,0x00424a3a,4344378
2286,0x00424a3b,4344379
2287,0x00424a3d,4344381
2288,0x00424a40,4344384
2289,0x00424a44,4344388
2290,0x00424a45,4344389
2291,0x00424a46,4344390
2292,0x00424a47,4344391
2293,0x00424a48,4344392
2294,0x00424a4c,4344396
2295,0x00424a4d,4344397
2296,0x00424a4f,4344399
2297,0x00424a50,4344400
2298,0x00424a51,4344401
2299,0x00424a52,4344402
2300,0x00424a53,4344403
2301,0x00424a55,4344405
2302,0x00424a59,4344409
2303,0x00424a5a,4344410
2304,0x00424a5b,4344411
2305,0x00424a5c,4344412
2306,0x00424a5d,4344413
2307,0x00424a5e,4344414
2308,0x00424a5f,4344415
2309,0x00424a64,4344420
2310,0x00424a65,4344421
2311,0x00424a67,4344423
2312,0x00424a68,4344424
2313,0x00424a69,4344425
2314,0x00424a6a,4344426
2315,0x00424a6b,4344427
2316,0x00424a6d,4344429
2317,0x00424a71,4344433
2318,0x00424a72,4344434
2319,0x00424a73,4344435
2320,0x00424a74,4344436
2321,0x00424a75,4344437
2322,0x00424a7a,4344442
2323,0x00424a7b,4344443
2324,0x00424a7e,4344446
2325,0x00424a7f,4344447
2326,0x00424a80,4344448
2327,0x00424a82,4344450
2328,0x00424a84,4344452
2329,0x00424a85,4344453
2330,0x00424a89,4344457
2331,0x00424a8a,4344458
2332,0x00424a8b,4344459
2333,0x00424a8c,4344460
2334,0x00424a8d,4344461
2335,0x00424a92,4344466
2336,0x00424a93,4344467
2337,0x00424a95,4344469
2338,0x00424a96,4344470
2339,0x00424a97,4344471
2340,0x00424a98,4344472
2341,0x00424a99,4344473
2342,0x00424a9a,4344474
2343,0x00424a9d,4344477
2344,0x00424aa2,4344482
2345,0x00424aa3,4344483
2346,0x00424aa4,4344484
2347,0x00424aa5,4344485
2348,0x00424aa6,4344486
2349,0x00424aa7,4344487
2350,0x00424aab,4344491
2351,0x00424aac,4344492
2352,0x00424aad,4344493
2353,0x00424ab0,4344496
2354,0x00424ab1,4344497
2355,0x00424ab2,4344498
2356,0x00424ab3,4344499
2357,0x00424ab4,4344500
2358,0x00424ab5,4344501
2359,0x00424ab7,4344503
2360,0x00424ab8,4344504
2361,0x00424aba,4344506
2362,0x00424abb,4344507
2363,0x00424abc,4344508
2364,0x00424abd,4344509
2365,0x00424abe,4344510
2366,0x00424abf,4344511
2367,0x00424ac3,4344515
2368,0x00424ac4,4344516
2369,0x00424ac6,4344518
2370,0x00424ac7,4344519
2371,0x00424ac8,4344520
2372,0x00424ac9,4344521
2373,0x00424aca,4344522
2374,0x00424acc,4344524
2375,0x00424ad0,4344528
2376,0x00424ad1,4344529
2377,0x00424ad2,4344530
2378,0x00424ad3,4344531
2379,0x00424ad4,4344532
2380,0x00424ad9,4344537
2381,0x00424ada,4344538
2382,0x00424adc,4344540
2383,0x00424add,4344541
2384,0x00424ade,4344542
2385,0x00424adf,4344543
2386,0x00424ae0,4344544
2387,0x00424ae1,4344545
2388,0x00424ae3,4344547
2389,0x00424ae7,4344551
2390,0x00424ae8,4344552
2391,0x00424ae9,4344553
2392,0x00424aea,4344554
2393,0x00424aeb,4344555
2394,0x00424af0,4344560
2395,0x00424af1,4344561
2396,0x00424af3,4344563
2397,0x00424af4,4344564
2398,0x00424af5,4344565
2399,0x00424af6,4344566
2400,0x00424af8,4344568
2401,0x00424af9,4344569
2402,0x00424afa,4344570
2403,0x00424afb,4344571
2404,0x00424aff,4344575
2405,0x00424b00,4344576
2406,0x00424b01,4344577
2407,0x00424b02,4344578
2408,0x00424b03,4344579
2409,0x00424b09,4344585
2410,0x00424b0c,4344588
2411,0x00424b0d,4344589
2412,0x00424b0e,4344590
2413,0x00424b0f,4344591
2414,0x00424b10,4344592
2415,0x00424b13,4344595
2416,0x00424b17,4344599
2417,0x00424b18,4344600
2418,0x00424b19,4344601
2419,0x00424b1a,4344602
2420,0x00424b1f,4344607
2421,0x00424b20,4344608
2422,0x00424b21,4344609
2423,0x00424b22,4344610
2424,0x00424b23,4344611
2425,0x00424b24,4344612
2426,0x00424b25,4344613
2427,0x00424b26,4344614
2428,0x00424b28,4344616
2429,0x00424b2c,4344620
2430,0x00424b2d,4344621
2431,0x00424b2e,4344622
2432,0x00424b2f,4344623
2433,0x00424b30,4344624
2434,0x00424b35,4344629
2435,0x00424b36,4344630
2436,0x00424b37,4344631
2437,0x00424b38,4344632
2438,0x00424b39,4344633
2439,0x00424b3a,4344634
2440,0x00424b3c,4344636
2441,0x00424b3e,4344638
2442,0x00424b42,4344642
2443,0x00424b43,4344643
2444,0x00424b44,4344644
2445,0x00424b45,4344645
2446,0x00424b46,4344646
2447,0x00424b4c,4344652
2448,0x00424b4e,4344654
2449,0x00424b4f,4344655
2450,0x00424b50,4344656
2451,0x00424b51,4344657
2452,0x00424b52,4344658
2453,0x00424b55,4344661
2454,0x00424b59,4344665
2455,0x00424b5a,4344666
2456,0x00424b5b,4344667
2457,0x00424b5c,4344668
2458,0x00424b5d,4344669
2459,0x00424b62,4344674
2460,0x00424b63,4344675
2461,0x00424b64,4344676
2462,0x00424b65,4344677
2463,0x00424b66,4344678
2464,0x00424b67,4344679
2465,0x00424b69,4344681
2466,0x00424b6a,4344682
2467,0x00424b6b,4344683
2468,0x00424b6c,4344684
2469,0x00424b6d,4344685
2470,0x00424b71,4344689
2471,0x00424b72,4344690
2472,0x00424b73,4344691
2473,0x00424b74,4344692
2474,0x00424b75,4344693
2475,0x00424b7a,4344698
2476,0x00424b7c,4344700
2477,0x00424b7d,4344701
2478,0x00424b7e,4344702
2479,0x00424b7f,4344703
2480,0x00424b81,4344705
2481,0x00424b83,4344707
2482,0x00424b87,4344711
2483,0x00424b88,4344712
2484,0x00424b89,4344713
2485,0x00424b8a,4344714
2486,0x00424b8b,4344715
2487,0x00424b90,4344720
2488,0x00424b91,4344721
2489,0x00424b93,4344723
2490,0x00424b94,4344724
2491,0x00424b95,4344725
2492,0x00424b97,4344727
2493,0x00424b99,4344729
2494,0x00424b9d,4344733
2495,0x00424b9e,4344734
2496,0x00424b9f,4344735
2497,0x00424ba0,4344736
2498,0x00424ba1,4344737
2499,0x00424ba6,4344742
2500,0x00424ba8,4344744
2501,0x00424baa,4344746
2502,0x00424bab,4344747
2503,0x00424bac,4344748
2504,0x00424bad,4344749
2505,0x00424bae,4344750
2506,0x00424baf,4344751
2507,0x00424bb0,4344752
2508,0x00424bb4,4344756
2509,0x00424bb5,4344757
2510,0x00424bb6,4344758
2511,0x00424bb7,4344759
2512,0x00424bb8,4344760
2513,0x00424bb9,4344761
2514,0x00424bbd,4344765
2515,0x00424bbe,4344766
2516,0x00424bbf,4344767
2517,0x00424bc0,4344768
2518,0x00424bc1,4344769
2519,0x00424bc2,4344770
2520,0x00424bc3,4344771
2521,0x00424bc4,4344772
2522,0x00424bc6,4344774
2523,0x00424bca,4344778
2524,0x00424bcb,4344779
2525,0x00424bcc,4344780
2526,0x00424bcd,4344781
2527,0x00424bce,4344782
2528,0x00424bcf,4344783
2529,0x00424bd3,4344787
2530,0x00424bd4,4344788
2531,0x00424bd5,4344789
2532,0x00424bd7,4344791
2533,0x00424bd8,4344792
2534,0x00424bd9,4344793
2535,0x00424bda,4344794
2536,0x00424bdc,4344796
2537,0x00424bde,4344798
2538,0x00424bdf,4344799
2539,0x00424be3,4344803
2540,0x00424be4,4344804
2541,0x00424be5,4344805
2542,0x00424be6,4344806
2543,0x00424be7,4344807
2544,0x00424bec,4344812
2545,0x00424bed,4344813
2546,0x00424bef,4344815
2547,0x00424bf0,4344816
2548,0x00424bf1,4344817
2549,0x00424bf2,4344818
2550,0x00424bf3,4344819
2551,0x00424bf5,4344821
2552,0x00424bf9,4344825
2553,0x00424bfa,4344826
2554,0x00424bfb,4344827
2555,0x00424bfc,4344828
2556,0x00424bfd,4344829
2557,0x00424bfe,4344830
2558,0x00424c03,4344835
2559,0x00424c04,4344836
2560,0x00424c05,4344837
2561,0x00424c06,4344838
2562,0x00424c07,4344839
2563,0x00424c08,4344840
2564,0x00424c09,4344841
2565,0x00424c0b,4344843
2566,0x00424c0f,4344847
2567,0x00424c10,4344848
2568,0x00424c11,4344849
2569,0x00424c12,4344850
2570,0x00424c13,4344851
2571,0x00424c14,4344852
2572,0x00424c1a,4344858
2573,0x00424c1b,4344859
2574,0x00424c1c,4344860
2575,0x00424c1d,4344861
2576,0x00424c1e,4344862
2577,0x00424c1f,4344863
2578,0x00424c20,4344864
2579,0x00424c22,4344866
2580,0x00424c26,4344870
2581,0x00424c27,4344871
2582,0x00424c28,4344872
2583,0x00424c29,4344873
2584,0x00424c2a,4344874
2585,0x00424c2d,4344877
2586,0x00424c2f,4344879
2587,0x00424c30,4344880
2588,0x00424c32,4344882
2589,0x00424c33,4344883
2590,0x00424c34,4344884
2591,0x00424c35,4344885
2592,0x00424c36,4344886
2593,0x00424c37,4344887
2594,0x00424c38,4344888
2595,0x00424c39,4344889
2596,0x00424c3c,4344892
2597,0x00424c3d,4344893
2598,0x00424c3e,4344894
2599,0x00424c3f,4344895
2600,0x00424c40,4344896
2601,0x00424c41,4344897
2602,0x00424c46,4344902
2603,0x00424c47,4344903
2604,0x00424c48,4344904
2605,0x00424c49,4344905
2606,0x00424c4a,4344906
2607,0x00424c4b,4344907
2608,0x00424c4d,4344909
2609,0x00424c4e,4344910
2610,0x00424c50,4344912
2611,0x00424c51,4344913
2612,0x00424c55,4344917
2613,0x00424c56,4344918
2614,0x00424c57,4344919
2615,0x00424c58,4344920
2616,0x00424c59,4344921
2617,0x00424c5e,4344926
2618,0x00424c5f,4344927
2619,0x00424c62,4344930
2620,0x00424c63,4344931
2621,0x00424c64,4344932
2622,0x00424c65,4344933
2623,0x00424c66,4344934
2624,0x00424c67,4344935
2625,0x00424c69,4344937
2626,0x00424c6d,4344941
2627,0x00424c6e,4344942
2628,0x00424c6f,4344943
2629,0x00424c70,4344944
2630,0x00424c71,4344945
2631,0x00424c76,4344950
2632,0x00424c77,4344951
2633,0x00424c78,4344952
2634,0x00424c79,4344953
2635,0x00424c7a,4344954
2636,0x00424c7b,4344955
2637,0x00424c7c,4344956
2638,0x00424c7d,4344957
2639,0x00424c7f,4344959
2640,0x00424c83,4344963
2641,0x00424c84,4344964
2642,0x00424c85,4344965
2643,0x00424c86,4344966
2644,0x00424c87,4344967
2645,0x00424c8c,4344972
2646,0x00424c8d,4344973
2647,0x00424c8e,4344974
2648,0x00424c8f,4344975
2649,0x00424c90,4344976
2650,0x00424c91,4344977
2651,0x00424c92,4344978
2652,0x00424c94,4344980
2653,0x00424c98,4344984
2654,0x00424c99,4344985
2655,0x00424c9a,4344986
2656,0x00424c9b,4344987
2657,0x00424c9c,4344988
2658,0x00424ca1,4344993
2659,0x00424ca2,4344994
2660,0x00424ca4,4344996
2661,0x00424ca5,4344997
2662,0x00424ca6,4344998
2663,0x00424ca8,4345000
2664,0x00424caa,4345002
2665,0x00424cae,4345006
2666,0x00424caf,4345007
2667,0x00424cb0,4345008
2668,0x00424cb1,4345009
2669,0x00424cb2,4345010
2670,0x00424cb7,4345015
2671,0x00424cb8,4345016
2672,0x00424cba,4345018
2673,0x00424cbb,4345019
2674,0x00424cbc,4345020
2675,0x00424cbe,4345022
2676,0x00424cbf,4345023
2677,0x00424cc1,4345025
2678,0x00424cc2,4345026
2679,0x00424cc5,4345029
2680,0x00424cc6,4345030
2681,0x00424cc7,4345031
2682,0x00424cc8,4345032
2683,0x00424cc9,4345033
2684,0x00424cca,4345034
2685,0x00424cce,4345038
2686,0x00424ccf,4345039
2687,0x00424cd0,4345040
2688,0x00424cd1,4345041
2689,0x00424cd2,4345042
2690,0x00424cd3,4345043
2691,0x00424cd5,4345045
2692,0x00424cd7,4345047
2693,0x00424cdb,4345051
2694,0x00424cdc,4345052
2695,0x00424cdd,4345053
2696,0x00424cde,4345054
2697,0x00424cdf,4345055
2698,0x00424ce4,4345060
2699,0x00424ce5,4345061
2700,0x00424ce6,4345062
2701,0x00424ce7,4345063
2702,0x00424ce8,4345064
2703,0x00424ce9,4345065
2704,0x00424ceb,4345067
2705,0x00424ced,4345069
2706,0x00424cf1,4345073
2707,0x00424cf2,4345074
2708,0x00424cf3,4345075
2709,0x00424cf4,4345076
2710,0x00424cf5,4345077
2711,0x00424cf9,4345081
2712,0x00424cfa,4345082
2713,0x00424cfc,4345084
2714,0x00424cfd,4345085
2715,0x00424cfe,4345086
2716,0x00424cff,4345087
2717,0x00424d00,4345088
2718,0x00424d02,4345090
2719,0x00424d06,4345094
2720,0x00424d07,4345095
2721,0x00424d08,4345096
2722,0x00424d09,4345097
2723,0x00424d0a,4345098
2724,0x00424d0f,4345103
2725,0x00424d10,4345104
2726,0x00424d11,4345105
2727,0x00424d12,4345106
2728,0x00424d13,4345107
2729,0x00424d14,4345108
2730,0x00424d15,4345109
2731,0x00424d17,4345111
2732,0x00424d1b,4345115
2733,0x00424d1c,4345116
2734,0x00424d1d,4345117
2735,0x00424d1e,4345118
2736,0x00424d1f,4345119
2737,0x00424d20,4345120
2738,0x00424d25,4345125
2739,0x00424d27,4345127
2740,0x00424d28,4345128
2741,0x00424d29,4345129
2742,0x00424d2a,4345130
2743,0x00424d2c,4345132
2744,0x00424d2d,4345133
2745,0x00424d2e,4345134
2746,0x00424d2f,4345135
2747,0x00424d34,4345140
2748,0x00424d35,4345141
2749,0x00424d36,4345142
2750,0x00424d37,4345143
2751,0x00424d3c,4345148
2752,0x00424d3d,4345149
2753,0x00424d3f,4345151
2754,0x00424d40,4345152
2755,0x00424d41,4345153
2756,0x00424d42,4345154
2757,0x00424d43,4345155
2758,0x00424d45,4345157
2759,0x00424d49,4345161
2760,0x00424d4a,4345162
2761,0x00424d4b,4345163
2762,0x00424d4c,4345164
2763,0x00424d4d,4345165
2764,0x00424d51,4345169
2765,0x00424d52,4345170
2766,0x00424d53,4345171
2767,0x00424d54,4345172
2768,0x00424d55,4345173
2769,0x00424d56,4345174
2770,0x00424d57,4345175
2771,0x00424d58,4345176
2772,0x00424d59,4345177
2773,0x00424d5b,4345179
2774,0x00424d5c,4345180
2775,0x00424d5f,4345183
2776,0x00424d60,4345184
2777,0x00424d61,4345185
2778,0x00424d62,4345186
2779,0x00424d63,4345187
2780,0x00424d69,4345193
2781,0x00424d6a,4345194
2782,0x00424d6b,4345195
2783,0x00424d6c,4345196
2784,0x00424d6d,4345197
2785,0x00424d6e,4345198
2786,0x00424d6f,4345199
2787,0x00424d71,4345201
2788,0x00424d76,4345206
2789,0x00424d77,4345207
2790,0x00424d78,4345208
2791,0x00424d79,4345209
2792,0x00424d7a,4345210
2793,0x00424d7f,4345215
2794,0x00424d80,4345216
2795,0x00424d82,4345218
2796,0x00424d83,4345219
2797,0x00424d84,4345220
2798,0x00424d86,4345222
2799,0x00424d88,4345224
2800,0x00424d8c,4345228
2801,0x00424d8d,4345229
2802,0x00424d8e,4345230
2803,0x00424d8f,4345231
2804,0x00424d90,4345232
2805,0x00424d95,4345237
2806,0x00424d98,4345240
2807,0x00424d99,4345241
2808,0x00424d9a,4345242
2809,0x00424d9d,4345245
2810,0x00424d9e,4345246
2811,0x00424d9f,4345247
2812,0x00424da0,4345248
2813,0x00424da4,4345252
2814,0x00424da5,4345253
2815,0x00424da6,4345254
2816,0x00424da7,4345255
2817,0x00424da8,4345256
2818,0x00424dad,4345261
2819,0x00424dae,4345262
2820,0x00424db1,4345265
2821,0x00424db2,4345266
2822,0x00424db3,4345267
2823,0x00424db4,4345268
2824,0x00424db5,4345269
2825,0x00424db7,4345271
2826,0x00424dbb,4345275
2827,0x00424dbc,4345276
2828,0x00424dbd,4345277
2829,0x00424dbe,4345278
2830,0x00424dbf,4345279
2831,0x00424dc4,4345284
2832,0x00424dc6,4345286
2833,0x00424dc7,4345287
2834,0x00424dc8,4345288
2835,0x00424dc9,4345289
2836,0x00424dca,4345290
2837,0x00424dcd,4345293
2838,0x00424dd1,4345297
2839,0x00424dd2,4345298
2840,0x00424dd3,4345299
2841,0x00424dd4,4345300
2842,0x00424dd5,4345301
2843,0x00424dda,4345306
2844,0x00424ddb,4345307
2845,0x00424ddc,4345308
2846,0x00424ddd,4345309
2847,0x00424dde,4345310
2848,0x00424ddf,4345311
2849,0x00424de0,4345312
2850,0x00424de2,4345314
2851,0x00424de6,4345318
2852,0x00424de7,4345319
2853,0x00424de8,4345320
2854,0x00424de9,4345321
2855,0x00424dea,4345322
2856,0x00424def,4345327
2857,0x00424df0,4345328
2858,0x00424df1,4345329
2859,0x00424df2,4345330
2860,0x00424df3,4345331
2861,0x00424df4,4345332
2862,0x00424df6,4345334
2863,0x00424df8,4345336
2864,0x00424dfc,4345340
2865,0x00424dfd,4345341
2866,0x00424dfe,4345342
2867,0x00424dff,4345343
2868,0x00424e00,4345344
2869,0x00424e05,4345349
2870,0x00424e06,4345350
2871,0x00424e07,4345351
2872,0x00424e08,4345352
2873,0x00424e09,4345353
2874,0x00424e0a,4345354
2875,0x00424e0b,4345355
2876,0x00424e0d,4345357
2877,0x00424e0e,4345358
2878,0x00424e0f,4345359
2879,0x00424e10,4345360
2880,0x00424e14,4345364
2881,0x00424e15,4345365
2882,0x00424e16,4345366
2883,0x00424e17,4345367
2884,0x00424e18,4345368
2885,0x00424e1d,4345373
2886,0x00424e1e,4345374
2887,0x00424e1f,4345375
2888,0x00424e20,4345376
2889,0x00424e21,4345377
2890,0x00424e23,4345379
2891,0x00424e24,4345380
2892,0x00424e26,4345382
2893,0x00424e2a,4345386
2894,0x00424e2b,4345387
2895,0x00424e2c,4345388
2896,0x00424e2d,4345389
2897,0x00424e2e,4345390
2898,0x00424e33,4345395
2899,0x00424e34,4345396
2900,0x00424e36,4345398
2901,0x00424e37,4345399
2902,0x00424e38,4345400
2903,0x00424e39,4345401
2904,0x00424e3a,4345402
2905,0x00424e3d,4345405
2906,0x00424e41,4345409
2907,0x00424e42,4345410
2908,0x00424e43,4345411
2909,0x00424e44,4345412
2910,0x00424e45,4345413
2911,0x00424e4a,4345418
2912,0x00424e4b,4345419
2913,0x00424e4c,4345420
2914,0x00424e4d,4345421
2915,0x00424e4e,4345422
2916,0x00424e4f,4345423
2917,0x00424e50,4345424
2918,0x00424e51,4345425
2919,0x00424e53,4345427
2920,0x00424e57,4345431
2921,0x00424e58,4345432
2922,0x00424e59,4345433
2923,0x00424e5a,4345434
2924,0x00424e5b,4345435
2925,0x00424e60,4345440
2926,0x00424e61,4345441
2927,0x00424e62,4345442
2928,0x00424e63,4345443
2929,0x00424e64,4345444
2930,0x00424e65,4345445
2931,0x00424e66,4345446
2932,0x00424e68,4345448
2933,0x00424e6d,4345453
2934,0x00424e6e,4345454
2935,0x00424e6f,4345455
2936,0x00424e70,4345456
2937,0x00424e71,4345457
2938,0x00424e76,4345462
2939,0x00424e77,4345463
2940,0x00424e78,4345464
2941,0x00424e79,4345465
2942,0x00424e7a,4345466
2943,0x00424e7b,4345467
2944,0x00424e7d,4345469
2945,0x00424e7f,4345471
2946,0x00424e80,4345472
2947,0x00424e84,4345476
2948,0x00424e85,4345477
2949,0x00424e86,4345478
2950,0x00424e87,4345479
2951,0x00424e88,4345480
2952,0x00424e89,4345481
2953,0x00424e8e,4345486
2954,0x00424e8f,4345487
2955,0x00424e91,4345489
2956,0x00424e92,4345490
2957,0x00424e93,4345491
2958,0x00424e94,4345492
2959,0x00424e96,4345494
2960,0x00424e98,4345496
2961,0x00424e9c,4345500
2962,0x00424e9d,4345501
2963,0x00424e9e,4345502
2964,0x00424e9f,4345503
2965,0x00424ea0,4345504
2966,0x00424ea4,4345508
2967,0x00424ea5,4345509
2968,0x00424ea7,4345511
2969,0x00424ea8,4345512
2970,0x00424ea9,4345513
2971,0x00424eaa,4345514
2972,0x00424eab,4345515
2973,0x00424eae,4345518
2974,0x00424eb2,4345522
2975,0x00424eb3,4345523
2976,0x00424eb4,4345524
2977,0x00424eb5,4345525
2978,0x00424eb6,4345526
2979,0x00424ebb,4345531
2980,0x00424ebe,4345534
2981,0x00424ebf,4345535
2982,0x00424ec0,4345536
2983,0x00424ec1,4345537
2984,0x00424ec3,4345539
2985,0x00424ec5,4345541
2986,0x00424ec9,4345545
2987,0x00424eca,4345546
2988,0x00424ecb,4345547
2989,0x00424ecc,4345548
2990,0x00424ecd,4345549
2991,0x00424ed2,4345554
2992,0x00424ed3,4345555
2993,0x00424ed5,4345557
2994,0x00424ed6,4345558
2995,0x00424ed7,4345559
2996,0x00424ed9,4345561
2997,0x00424edb,4345563
2998,0x00424edf,4345567
2999,0x00424ee0,4345568
3000,0x00424ee1,4345569
3001,0x00424ee2,4345570
3002,0x00424ee3,4345571
3003,0x00424ee9,4345577
3004,0x00424eeb,4345579
3005,0x00424eec,4345580
3006,0x00424eed,4345581
3007,0x00424eee,4345582
3008,0x00424ef0,4345584
3009,0x00424ef1,4345585
3010,0x00424ef3,4345587
3011,0x00424ef4,4345588
3012,0x00424ef7,4345591
3013,0x00424ef8,4345592
3014,0x00424ef9,4345593
3015,0x00424efa,4345594
3016,0x00424efb,4345595
3017,0x00424f00,4345600
3018,0x00424f01,4345601
3019,0x00424f03,4345603
3020,0x00424f04,4345604
3021,0x00424f05,4345605
3022,0x00424f06,4345606
3023,0x00424f07,4345607
3024,0x00424f09,4345609
3025,0x00424f0d,4345613
3026,0x00424f0e,4345614
3027,0x00424f0f,4345615
3028,0x00424f10,4345616
3029,0x00424f11,4345617
3030,0x00424f16,4345622
3031,0x00424f18,4345624
3032,0x00424f19,4345625
3033,0x00424f1a,4345626
3034,0x00424f1b,4345627
3035,0x00424f1c,4345628
3036,0x00424f1f,4345631
3037,0x00424f22,4345634
3038,0x00424f23,4345635
3039,0x00424f24,4345636
3040,0x00424f25,4345637
3041,0x00424f26,4345638
3042,0x00424f27,4345639
3043,0x00424f2c,4345644
3044,0x00424f2e,4345646
3045,0x00424f2f,4345647
3046,0x00424f30,4345648
3047,0x00424f31,4345649
3048,0x00424f32,4345650
3049,0x00424f34,4345652
3050,0x00424f39,4345657
3051,0x00424f3a,4345658
3052,0x00424f3b,4345659
3053,0x00424f3c,4345660
3054,0x00424f3d,4345661
3055,0x00424f41,4345665
3056,0x00424f42,4345666
3057,0x00424f43,4345667
3058,0x00424f45,4345669
3059,0x00424f46,4345670
3060,0x00424f47,4345671
3061,0x00424f48,4345672
3062,0x00424f4b,4345675
3063,0x00424f4f,4345679
3064,0x00424f50,4345680
3065,0x00424f51,4345681
3066,0x00424f52,4345682
3067,0x00424f53,4345683
3068,0x00424f54,4345684
3069,0x00424f55,4345685
3070,0x00424f59,4345689
3071,0x00424f5a,4345690
3072,0x00424f5c,4345692
3073,0x00424f5d,4345693
3074,0x00424f5e,4345694
3075,0x00424f5f,4345695
3076,0x00424f61,4345697
3077,0x00424f63,4345699
3078,0x00424f64,4345700
3079,0x00424f68,4345704
3080,0x00424f69,4345705
3081,0x00424f6a,4345706
3082,0x00424f6b,4345707
3083,0x00424f6c,4345708
3084,0x00424f71,4345713
3085,0x00424f72,4345714
3086,0x00424f73,4345715
3087,0x00424f74,4345716
3088,0x00424f75,4345717
3089,0x00424f76,4345718
3090,0x00424f77,4345719
3091,0x00424f78,4345720
3092,0x00424f7a,4345722
3093,0x00424f7e,4345726
3094,0x00424f7f,4345727
3095,0x00424f80,4345728
3096,0x00424f81,4345729
3097,0x00424f82,4345730
3098,0x00424f87,4345735
3099,0x00424f88,4345736
3100,0x00424f89,4345737
3101,0x00424f8b,4345739
3102,0x00424f8c,4345740
3103,0x00424f8d,4345741
3104,0x00424f8f,4345743
3105,0x00424f92,4345746
3106,0x00424f98,4345752
3107,0x00424f99,4345753
3108,0x00424f9a,4345754
3109,0x00424f9b,4345755
3110,0x00424f9c,4345756
3111,0x00424f9d,4345757
3112,0x00424fa2,4345762
3113,0x00424fa4,4345764
3114,0x00424fa5,4345765
3115,0x00424fa6,4345766
3116,0x00424fa7,4345767
3117,0x00424fa8,4345768
3118,0x00424fa9,4345769
3119,0x00424fad,4345773
3120,0x00424fb2,4345778
3121,0x00424fb3,4345779
3122,0x00424fb4,4345780
3123,0x00424fb5,4345781
3124,0x00424fb6,4345782
3125,0x00424fb9,4345785
3126,0x00424fbb,4345787
3127,0x00424fbc,4345788
3128,0x00424fbe,4345790
3129,0x00424fbf,4345791
3130,0x00424fc0,4345792
3131,0x00424fc1,4345793
3132,0x00424fc2,4345794
3133,0x00424fc3,4345795
3134,0x00424fc4,4345796
3135,0x00424fc5,4345797
3136,0x00424fc6,4345798
3137,0x00424fc7,4345799
3138,0x00424fc8,4345800
3139,0x00424fc9,4345801
3140,0x00424fca,4345802
3141,0x00424fcb,4345803
3142,0x00424fcc,4345804
3143,0x00424fd1,4345809
3144,0x00424fd2,4345810
3145,0x00424fd4,4345812
3146,0x00424fd5,4345813
3147,0x00424fd6,4345814
3148,0x00424fd9,4345817
3149,0x00424fdb,4345819
3150,0x00424fdc,4345820
3151,0x00424fe0,4345824
3152,0x00424fe1,4345825
3153,0x00424fe2,4345826
3154,0x00424fe3,4345827
3155,0x00424fe4,4345828
3156,0x00424fe9,4345833
3157,0x00424fea,4345834
3158,0x00424fec,4345836
3159,0x00424fed,4345837
3160,0x00424fee,4345838
3161,0x00424fef,4345839
3162,0x00424ff0,4345840
3163,0x00424ff2,4345842
3164,0x00424ff7,4345847
3165,0x00424ff8,4345848
3166,0x00424ff9,4345849
3167,0x00424ffa,4345850
3168,0x00424ffb,4345851
3169,0x00425001,4345857
3170,0x00425002,4345858
3171,0x00425003,4345859
3172,0x00425004,4345860
3173,0x00425005,4345861
3174,0x00425006,4345862
3175,0x00425007,4345863
3176,0x00425008,4345864
3177,0x0042500a,4345866
3178,0x0042500e,4345870
3179,0x0042500f,4345871
3180,0x00425010,4345872
3181,0x00425011,4345873
3182,0x00425012,4345874
3183,0x00425017,4345879
3184,0x00425018,4345880
3185,0x0042501a,4345882
3186,0x0042501b,4345883
3187,0x0042501c,4345884
3188,0x0042501d,4345885
3189,0x0042501e,4345886
3190,0x00425020,4345888
3191,0x00425024,4345892
3192,0x00425025,4345893
3193,0x00425026,4345894
3194,0x00425027,4345895
3195,0x00425028,4345896
3196,0x0042502d,4345901
3197,0x0042502e,4345902
3198,0x0042502f,4345903
3199,0x00425031,4345905
3200,0x00425032,4345906
3201,0x00425033,4345907
3202,0x00425034,4345908
3203,0x00425035,4345909
3204,0x00425037,4345911
3205,0x0042503b,4345915
3206,0x0042503c,4345916
3207,0x0042503d,4345917
3208,0x0042503e,4345918
3209,0x0042503f,4345919
3210,0x00425044,4345924
3211,0x00425045,4345925
3212,0x00425047,4345927
3213,0x00425048,4345928
3214,0x00425049,4345929
3215,0x0042504a,4345930
3216,0x0042504c,4345932
3217,0x0042504e,4345934
3218,0x0042504f,4345935
3219,0x00425053,4345939
3220,0x00425054,4345940
3221,0x00425055,4345941
3222,0x00425056,4345942
3223,0x00425057,4345943
3224,0x0042505c,4345948
3225,0x0042505f,4345951
3226,0x00425060,4345952
3227,0x00425061,4345953
3228,0x00425062,4345954
3229,0x00425063,4345955
3230,0x00425065,4345957
3231,0x0042506a,4345962
3232,0x0042506b,4345963
3233,0x0042506c,4345964
3234,0x0042506d,4345965
3235,0x0042506e,4345966
3236,0x00425073,4345971
3237,0x00425074,4345972
3238,0x00425075,4345973
3239,0x00425076,4345974
3240,0x00425077,4345975
3241,0x00425078,4345976
3242,0x00425079,4345977
3243,0x0042507c,4345980
3244,0x0042507f,4345983
3245,0x00425080,4345984
3246,0x00425081,4345985
3247,0x00425082,4345986
3248,0x00425083,4345987
3249,0x00425088,4345992
3250,0x00425089,4345993
3251,0x0042508b,4345995
3252,0x0042508c,4345996
3253,0x0042508d,4345997
3254,0x0042508f,4345999
3255,0x00425092,4346002
3256,0x00425098,4346008
3257,0x00425099,4346009
3258,0x0042509a,4346010
3259,0x0042509b,4346011
3260,0x0042509c,4346012
3261,0x004250a1,4346017
3262,0x004250a2,4346018
3263,0x004250a3,4346019
3264,0x004250a4,4346020
3265,0x004250a5,4346021
3266,0x004250a6,4346022
3267,0x004250a8,4346024
3268,0x004250aa,4346026
3269,0x004250ae,4346030
3270,0x004250b0,4346032
3271,0x004250b1,4346033
3272,0x004250b2,4346034
3273,0x004250b3,4346035
3274,0x004250b8,4346040
3275,0x004250b9,4346041
3276,0x004250bb,4346043
3277,0x004250bc,4346044
3278,0x004250bd,4346045
3279,0x004250bf,4346047
3280,0x004250c0,4346048
3281,0x004250c1,4346049
3282,0x004250c2,4346050
3283,0x004250c3,4346051
3284,0x004250c6,4346054
3285,0x004250c7,4346055
3286,0x004250c8,4346056
3287,0x004250c9,4346057
3288,0x004250ca,4346058
3289,0x004250cb,4346059
3290,0x004250d0,4346064
3291,0x004250d1,4346065
3292,0x004250d2,4346066
3293,0x004250d3,4346067
3294,0x004250d4,4346068
3295,0x004250d6,4346070
3296,0x004250d8,4346072
3297,0x004250dc,4346076
3298,0x004250dd,4346077
3299,0x004250de,4346078
3300,0x004250df,4346079
3301,0x004250e0,4346080
3302,0x004250e5,4346085
3303,0x004250e6,4346086
3304,0x004250e8,4346088
3305,0x004250e9,4346089
3306,0x004250ea,4346090
3307,0x004250eb,4346091
3308,0x004250ec,4346092
3309,0x004250ed,4346093
3310,0x004250ef,4346095
3311,0x004250f3,4346099
3312,0x004250f4,4346100
3313,0x004250f5,4346101
3314,0x004250f6,4346102
3315,0x004250f7,4346103
3316,0x004250fb,4346107
3317,0x004250fc,4346108
3318,0x004250fd,4346109
3319,0x004250ff,4346111
3320,0x00425100,4346112
3321,0x00425101,4346113
3322,0x00425102,4346114
3323,0x00425103,4346115
3324,0x00425105,4346117
3325,0x00425109,4346121
3326,0x0042510a,4346122
3327,0x0042510b,4346123
3328,0x0042510c,4346124
3329,0x0042510d,4346125
3330,0x00425112,4346130
3331,0x00425113,4346131
3332,0x00425114,4346132
3333,0x00425115,4346133
3334,0x00425116,4346134
3335,0x00425117,4346135
3336,0x00425118,4346136
3337,0x00425119,4346137
3338,0x0042511a,4346138
3339,0x0042511c,4346140
3340,0x00425120,4346144
3341,0x00425121,4346145
3342,0x00425122,4346146
3343,0x00425123,4346147
3344,0x00425124,4346148
3345,0x00425129,4346153
3346,0x0042512b,4346155
3347,0x0042512c,4346156
3348,0x0042512d,4346157
3349,0x0042512e,4346158
3350,0x00425130,4346160
3351,0x00425131,4346161
3352,0x00425133,4346163
3353,0x00425137,4346167
3354,0x00425138,4346168
3355,0x00425139,4346169
3356,0x0042513a,4346170
3357,0x0042513b,4346171
3358,0x0042513c,4346172
3359,0x00425141,4346177
3360,0x00425142,4346178
3361,0x00425143,4346179
3362,0x00425145,4346181
3363,0x00425146,4346182
3364,0x00425147,4346183
3365,0x00425148,4346184
3366,0x00425149,4346185
3367,0x0042514c,4346188
3368,0x00425151,4346193
3369,0x00425152,4346194
3370,0x00425153,4346195
3371,0x00425154,4346196
3372,0x00425155,4346197
3373,0x00425156,4346198
3374,0x00425157,4346199
3375,0x00425159,4346201
3376,0x0042515a,4346202
3377,0x0042515b,4346203
3378,0x0042515d,4346205
3379,0x0042515e,4346206
3380,0x0042515f,4346207
3381,0x00425161,4346209
3382,0x00425163,4346211
3383,0x00425167,4346215
3384,0x00425168,4346216
3385,0x00425169,4346217
3386,0x0042516a,4346218
3387,0x0042516b,4346219
3388,0x0042516c,4346220
3389,0x0042516d,4346221
3390,0x0042516e,4346222
3391,0x0042516f,4346223
3392,0x00425170,4346224
3393,0x00425171,4346225
3394,0x00425173,4346227
3395,0x00425174,4346228
3396,0x00425175,4346229
3397,0x00425176,4346230
3398,0x00425177,4346231
3399,0x00425178,4346232
3400,0x00425179,4346233
3401,0x0042517a,4346234
3402,0x0042517b,4346235
3403,0x0042517f,4346239
3404,0x00425180,4346240
3405,0x00425181,4346241
3406,0x00425182,4346242
3407,0x00425183,4346243
3408,0x00425188,4346248
3409,0x00425189,4346249
3410,0x0042518a,4346250
3411,0x0042518b,4346251
3412,0x0042518c,4346252
3413,0x0042518d,4346253
3414,0x0042518f,4346255
3415,0x00425190,4346256
3416,0x00425193,4346259
3417,0x00425194,4346260
3418,0x00425196,4346262
3419,0x00425197,4346263
3420,0x00425198,4346264
3421,0x00425199,4346265
3422,0x0042519a,4346266
3423,0x0042519b,4346267
3424,0x0042519c,4346268
3425,0x0042519d,4346269
3426,0x0042519e,4346270
3427,0x004251a2,4346274
3428,0x004251a3,4346275
3429,0x004251a4,4346276
3430,0x004251a5,4346277
3431,0x004251a6,4346278
3432,0x004251a7,4346279
3433,0x004251a8,4346280
3434,0x004251a9,4346281
3435,0x004251aa,4346282
3436,0x004251ac,4346284
3437,0x004251ad,4346285
3438,0x004251ae,4346286
3439,0x004251b1,4346289
3440,0x004251b2,4346290
3441,0x004251b3,4346291
3442,0x004251b4,4346292
3443,0x004251b5,4346293
3444,0x004251b6,4346294
3445,0x004251b7,4346295
3446,0x004251b8,4346296
3447,0x004251b9,4346297
3448,0x004251bd,4346301
3449,0x004251be,4346302
3450,0x004251bf,4346303
3451,0x004251c0,4346304
3452,0x004251c1,4346305
3453,0x004251c2,4346306
3454,0x004251c3,4346307
3455,0x004251c4,4346308
3456,0x004251c6,4346310
3457,0x004251c8,4346312
3458,0x004251cc,4346316
3459,0x004251cd,4346317
3460,0x004251ce,4346318
3461,0x004251cf,4346319
3462,0x004251d0,4346320
3463,0x004251d6,4346326
3464,0x004251d8,4346328
3465,0x004251d9,4346329
3466,0x004251da,4346330
3467,0x004251db,4346331
3468,0x004251dd,4346333
3469,0x004251df,4346335
3470,0x004251e0,4346336
3471,0x004251e3,4346339
3472,0x004251e4,4346340
3473,0x004251e5,4346341
3474,0x004251e6,4346342
3475,0x004251e7,4346343
3476,0x004251e8,4346344
3477,0x004251e9,4346345
3478,0x004251ea,4346346
3479,0x004251eb,4346347
3480,0x004251f0,4346352
3481,0x004251f1,4346353
3482,0x004251f2,4346354
3483,0x004251f3,4346355
3484,0x004251f4,4346356
3485,0x004251f5,4346357
3486,0x004251f6,4346358
3487,0x004251f7,4346359
3488,0x004251f8,4346360
3489,0x004251f9,4346361
3490,0x004251fa,4346362
3491,0x004251fb,4346363
3492,0x004251fe,4346366
3493,0x004251ff,4346367
3494,0x00425200,4346368
3495,0x00425201,4346369
3496,0x00425202,4346370
3497,0x00425203,4346371
3498,0x00425204,4346372
3499,0x00425205,4346373
3500,0x00425206,4346374
3501,0x00425207,4346375
3502,0x00425209,4346377
3503,0x0042520a,4346378
3504,0x0042520b,4346379
3505,0x0042520c,4346380
3506,0x0042520d,4346381
3507,0x0042520e,4346382
3508,0x0042520f,4346383
3509,0x00425210,4346384
3510,0x00425211,4346385
3511,0x00425213,4346387
3512,0x00425217,4346391
3513,0x00425218,4346392
3514,0x00425219,4346393
3515,0x0042521a,4346394
3516,0x0042521b,4346395
3517,0x00425221,4346401
3518,0x00425222,4346402
3519,0x00425223,4346403
3520,0x00425224,4346404
3521,0x00425225,4346405
3522,0x00425226,4346406
3523,0x00425228,4346408
3524,0x00425229,4346409
3525,0x0042522b,4346411
3526,0x0042522e,4346414
3527,0x0042522f,4346415
3528,0x00425230,4346416
3529,0x00425231,4346417
3530,0x00425232,4346418
3531,0x00425233,4346419
3532,0x00425234,4346420
3533,0x00425235,4346421
3534,0x00425236,4346422
3535,0x00425239,4346425
3536,0x0042523a,4346426
3537,0x0042523b,4346427
3538,0x0042523c,4346428
3539,0x0042523d,4346429
3540,0x0042523e,4346430
3541,0x0042523f,4346431
3542,0x00425240,4346432
3543,0x00425241,4346433
3544,0x00425242,4346434
3545,0x00425243,4346435
3546,0x00425245,4346437
3547,0x00425249,4346441
3548,0x0042524a,4346442
3549,0x0042524b,4346443
3550,0x0042524c,4346444
3551,0x0042524d,4346445
3552,0x0042524e,4346446
3553,0x0042524f,4346447
3554,0x00425250,4346448
3555,0x00425254,4346452
3556,0x00425255,4346453
3557,0x00425257,4346455
3558,0x00425258,4346456
3559,0x00425259,4346457
3560,0x0042525a,4346458
3561,0x0042525b,4346459
3562,0x0042525c,4346460
3563,0x0042525e,4346462
3564,0x0042525f,4346463
3565,0x00425260,4346464
3566,0x00425261,4346465
3567,0x00425262,4346466
3568,0x00425263,4346467
3569,0x00425264,4346468
3570,0x00425265,4346469
3571,0x00425266,4346470
3572,0x00425267,4346471
3573,0x00425268,4346472
3574,0x00425269,4346473
3575,0x0042526a,4346474
3576,0x0042526f,4346479
3577,0x00425270,4346480
3578,0x00425271,4346481
3579,0x00425272,4346482
3580,0x00425273,4346483
3581,0x00425274,4346484
3582,0x00425276,4346486
3583,0x00425277,4346487
3584,0x00425278,4346488
3585,0x00425279,4346489
3586,0x0042527a,4346490
3587,0x0042527d,4346493
3588,0x0042527e,4346494
3589,0x0042527f,4346495
3590,0x00425280,4346496
3591,0x00425281,4346497
3592,0x00425282,4346498
3593,0x00425283,4346499
3594,0x00425284,4346500
3595,0x00425289,4346505
3596,0x0042528a,4346506
3597,0x0042528c,4346508
3598,0x0042528d,4346509
3599,0x0042528e,4346510
3600,0x0042528f,4346511
3601,0x00425290,4346512
3602,0x00425291,4346513
3603,0x00425292,4346514
3604,0x00425293,4346515
3605,0x00425294,4346516
3606,0x00425295,4346517
3607,0x00425299,4346521
3608,0x0042529a,4346522
3609,0x0042529b,4346523
3610,0x0042529c,4346524
3611,0x0042529d,4346525
3612,0x0042529e,4346526
3613,0x0042529f,4346527
3614,0x004252a0,4346528
3615,0x004252a3,4346531
3616,0x004252a5,4346533
3617,0x004252a6,4346534
3618,0x004252a7,4346535
3619,0x004252a8,4346536
3620,0x004252a9,4346537
3621,0x004252aa,4346538
3622,0x004252ac,4346540
3623,0x004252b1,4346545
3624,0x004252b2,4346546
3625,0x004252b3,4346547
3626,0x004252b4,4346548
3627,0x004252b5,4346549
3628,0x004252ba,4346554
3629,0x004252bc,4346556
3630,0x004252bd,4346557
3631,0x004252be,4346558
3632,0x004252bf,4346559
3633,0x004252c2,4346562
3634,0x004252c3,4346563
3635,0x004252c4,4346564
3636,0x004252c5,4346565
3637,0x004252c8,4346568
3638,0x004252c9,4346569
3639,0x004252ca,4346570
3640,0x004252cb,4346571
3641,0x004252cc,4346572
3642,0x004252cd,4346573
3643,0x004252ce,4346574
3644,0x004252cf,4346575
3645,0x004252d4,4346580
3646,0x004252d5,4346581
3647,0x004252d6,4346582
3648,0x004252d7,4346583
3649,0x004252d8,4346584
3650,0x004252d9,4346585
3651,0x004252da,4346586
3652,0x004252db,4346587
3653,0x004252dc,4346588
3654,0x004252dd,4346589
3655,0x004252de,4346590
3656,0x004252e1,4346593
3657,0x004252e4,4346596
3658,0x004252e5,4346597
3659,0x004252e6,4346598
3660,0x004252e7,4346599
3661,0x004252e8,4346600
3662,0x004252e9,4346601
3663,0x004252ea,4346602
3664,0x004252eb,4346603
3665,0x004252f0,4346608
3666,0x004252f1,4346609
3667,0x004252f3,4346611
3668,0x004252f4,4346612
3669,0x004252f5,4346613
3670,0x004252f6,4346614
3671,0x004252f7,4346615
3672,0x004252f8,4346616
3673,0x004252f9,4346617
3674,0x004252fa,4346618
3675,0x004252fd,4346621
3676,0x00425303,4346627
3677,0x00425304,4346628
3678,0x00425305,4346629
3679,0x00425306,4346630
3680,0x00425307,4346631
3681,0x00425308,4346632
3682,0x0042530d,4346637
3683,0x0042530e,4346638
3684,0x00425310,4346640
3685,0x00425311,4346641
3686,0x00425312,4346642
3687,0x00425313,4346643
3688,0x00425315,4346645
3689,0x00425316,4346646
3690,0x00425317,4346647
3691,0x00425318,4346648
3692,0x0042531c,4346652
3693,0x0042531d,4346653
3694,0x0042531e,4346654
3695,0x0042531f,4346655
3696,0x00425320,4346656
3697,0x00425321,4346657
3698,0x00425322,4346658
3699,0x00425323,4346659
3700,0x00425324,4346660
3701,0x00425325,4346661
3702,0x00425326,4346662
3703,0x00425327,4346663
3704,0x00425328,4346664
3705,0x00425329,4346665
3706,0x0042532a,4346666
3707,0x0042532b,4346667
3708,0x0042532c,4346668
3709,0x0042532d,4346669
3710,0x0042532e,4346670
3711,0x0042532f,4346671
3712,0x00425330,4346672
3713,0x00425331,4346673
3714,0x00425332,4346674
3715,0x00425333,4346675
3716,0x00425334,4346676
3717,0x00425335,4346677
3718,0x00425336,4346678
3719,0x00425337,4346679
3720,0x00425338,4346680
3721,0x00425339,4346681
3722,0x0042533a,4346682
3723,0x0042533b,4346683
3724,0x0042533c,4346684
3725,0x0042533d,4346685
3726,0x0042533e,4346686
3727,0x0042533f,4346687
3728,0x00425340,4346688
3729,0x00425341,4346689
3730,0x00425342,4346690
3731,0x00425343,4346691
3732,0x00425345,4346693
3733,0x00425346,4346694
3734,0x00425347,4346695
3735,0x00425348,4346696
3736,0x00425349,4346697
3737,0x0042534a,4346698
3738,0x0042534b,4346699
3739,0x0042534c,4346700
3740,0x0042534d,4346701
3741,0x0042534e,4346702
3742,0x0042534f,4346703
3743,0x00425350,4346704
3744,0x00425351,4346705
3745,0x00425353,4346707
3746,0x00425354,4346708
3747,0x00425356,4346710
3748,0x00425357,4346711
3749,0x0042535a,4346714
3750,0x0042535b,4346715
3751,0x0042535c,4346716
3752,0x0042535d,4346717
3753,0x0042535e,4346718
3754,0x0042535f,4346719
3755,0x00425360,4346720
3756,0x00425361,4346721
3757,0x00425362,4346722
3758,0x00425363,4346723
3759,0x00425367,4346727
3760,0x00425368,4346728
3761,0x00425369,4346729
3762,0x0042536a,4346730
3763,0x0042536b,4346731
3764,0x0042536c,4346732
3765,0x0042536d,4346733
3766,0x0042536e,4346734
3767,0x0042536f,4346735
3768,0x00425370,4346736
3769,0x00425371,4346737
3770,0x00425372,4346738
3771,0x00425373,4346739
3772,0x00425374,4346740
3773,0x00425375,4346741
3774,0x00425378,4346744
3775,0x00425379,4346745
3776,0x0042537a,4346746
3777,0x0042537b,4346747
3778,0x0042537c,4346748
3779,0x0042537d,4346749
3780,0x0042537e,4346750
3781,0x0042537f,4346751
3782,0x00425380,4346752
3783,0x00425384,4346756
3784,0x00425385,4346757
3785,0x00425386,4346758
3786,0x00425387,4346759
3787,0x00425388,4346760
3788,0x00425389,4346761
3789,0x0042538a,4346762
3790,0x0042538b,4346763
3791,0x0042538c,4346764
3792,0x0042538e,4346766
3793,0x00425390,4346768
3794,0x00425391,4346769
3795,0x00425394,4346772
3796,0x00425395,4346773
3797,0x00425396,4346774
3798,0x00425397,4346775
3799,0x00425398,4346776
3800,0x00425399,4346777
3801,0x0042539a,4346778
3802,0x0042539b,4346779
3803,0x0042539c,4346780
3804,0x0042539d,4346781
3805,0x0042539e,4346782
3806,0x004253a2,4346786
3807,0x004253a3,4346787
3808,0x004253a4,4346788
3809,0x004253a5,4346789
3810,0x004253a6,4346790
3811,0x004253a7,4346791
3812,0x004253a8,4346792
3813,0x004253a9,4346793
3814,0x004253aa,4346794
3815,0x004253ab,4346795
3816,0x004253ac,4346796
3817,0x004253ad,4346797
3818,0x004253ae,4346798
3819,0x004253b0,4346800
3820,0x004253b1,4346801
3821,0x004253b4,4346804
3822,0x004253b5,4346805
3823,0x004253b6,4346806
3824,0x004253b7,4346807
3825,0x004253b8,4346808
3826,0x004253b9,4346809
3827,0x004253ba,4346810
3828,0x004253bb,4346811
3829,0x004253c0,4346816
3830,0x004253c1,4346817
3831,0x004253c2,4346818
3832,0x004253c3,4346819
3833,0x004253c4,4346820
3834,0x004253c5,4346821
3835,0x004253c6,4346822
3836,0x004253c7,4346823
3837,0x004253c9,4346825
3838,0x004253ca,4346826
3839,0x004253cb,4346827
3840,0x004253cc,4346828
3841,0x004253cd,4346829
3842,0x004253d0,4346832
3843,0x004253d1,4346833
3844,0x004253d2,4346834
3845,0x004253d3,4346835
3846,0x004253d4,4346836
3847,0x004253d5,4346837
3848,0x004253d6,4346838
3849,0x004253d7,4346839
3850,0x004253d8,4346840
3851,0x004253d9,4346841
3852,0x004253dc,4346844
3853,0x004253dd,4346845
3854,0x004253de,4346846
3855,0x004253df,4346847
3856,0x004253e0,4346848
3857,0x004253e1,4346849
3858,0x004253e2,4346850
3859,0x004253e3,4346851
3860,0x004253e4,4346852
3861,0x004253e5,4346853
3862,0x004253e6,4346854
3863,0x004253e7,4346855
3864,0x004253e8,4346856
3865,0x004253e9,4346857
3866,0x004253ea,4346858
3867,0x004253eb,4346859
3868,0x004253ec,4346860
3869,0x004253ef,4346863
3870,0x004253f0,4346864
3871,0x004253f1,4346865
3872,0x004253f2,4346866
3873,0x004253f3,4346867
3874,0x004253f4,4346868
3875,0x004253f5,4346869
3876,0x004253f6,4346870
3877,0x004253f9,4346873
3878,0x004253fb,4346875
3879,0x004253fc,4346876
3880,0x004253fd,4346877
3881,0x004253fe,4346878
3882,0x004253ff,4346879
3883,0x00425400,4346880
3884,0x00425401,4346881
3885,0x00425402,4346882
3886,0x00425403,4346883
3887,0x00425404,4346884
3888,0x00425406,4346886
3889,0x00425408,4346888
3890,0x00425409,4346889
3891,0x0042540b,4346891
3892,0x0042540c,4346892
3893,0x0042540d,4346893
3894,0x0042540e,4346894
3895,0x0042540f,4346895
3896,0x00425410,4346896
3897,0x00425411,4346897
3898,0x00425412,4346898
3899,0x00425413,4346899
3900,0x00425414,4346900
3901,0x00425415,4346901
3902,0x00425416,4346902
3903,0x00425417,4346903
3904,0x00425418,4346904
3905,0x0042541a,4346906
3906,0x0042541b,4346907
3907,0x0042541c,4346908
3908,0x0042541d,4346909
3909,0x0042541e,4346910
3910,0x0042541f,4346911
3911,0x00425420,4346912
3912,0x00425421,4346913
3913,0x00425422,4346914
3914,0x00425423,4346915
3915,0x00425425,4346917
3916,0x00425426,4346918
3917,0x00425427,4346919
3918,0x00425428,4346920
3919,0x00425429,4346921
3920,0x0042542e,4346926
3921,0x0042542f,4346927
3922,0x00425430,4346928
3923,0x00425431,4346929
3924,0x00425432,4346930
3925,0x00425433,4346931
3926,0x00425438,4346936
3927,0x00425439,4346937
3928,0x0042543a,4346938
3929,0x0042543b,4346939
3930,0x0042543c,4346940
3931,0x0042543e,4346942
3932,0x0042543f,4346943
3933,0x00425441,4346945
3934,0x00425442,4346946
3935,0x00425443,4346947
3936,0x00425444,4346948
3937,0x00425445,4346949
3938,0x00425447,4346951
3939,0x00425448,4346952
3940,0x00425449,4346953
3941,0x0042544a,4346954
3942,0x0042544b,4346955
3943,0x0042544c,4346956
3944,0x0042544d,4346957
3945,0x0042544e,4346958
3946,0x0042544f,4346959
3947,0x00425450,4346960
3948,0x00425451,4346961
3949,0x00425453,4346963
3950,0x00425454,4346964
3951,0x00425456,4346966
3952,0x00425457,4346967
3953,0x00425458,4346968
3954,0x00425459,4346969
3955,0x0042545a,4346970
3956,0x0042545b,4346971
3957,0x0042545c,4346972
3958,0x0042545d,4346973
3959,0x0042545e,4346974
3960,0x0042545f,4346975
3961,0x00425461,4346977
3962,0x00425462,4346978
3963,0x00425463,4346979
3964,0x00425464,4346980
3965,0x00425465,4346981
3966,0x00425466,4346982
3967,0x00425467,4346983
3968,0x00425468,4346984
3969,0x00425469,4346985
3970,0x0042546a,4346986
3971,0x0042546c,4346988
3972,0x0042546d,4346989
3973,0x0042546e,4346990
3974,0x0042546f,4346991
3975,0x00425470,4346992
3976,0x00425471,4346993
3977,0x00425472,4346994
3978,0x00425473,4346995
3979,0x00425475,4346997
3980,0x00425476,4346998
3981,0x00425477,4346999
3982,0x00425478,4347000
3983,0x0042547c,4347004
3984,0x0042547d,4347005
3985,0x0042547e,4347006
3986,0x0042547f,4347007
3987,0x00425480,4347008
3988,0x00425481,4347009
3989,0x00425482,4347010
3990,0x00425483,4347011
3991,0x00425484,4347012
3992,0x00425485,4347013
3993,0x00425487,4347015
3994,0x00425488,4347016
3995,0x00425489,4347017
3996,0x0042548a,4347018
3997,0x0042548b,4347019
3998,0x0042548c,4347020
3999,0x0042548d,4347021
4000,0x0042548e,4347022
4001,0x0042548f,4347023
4002,0x00425490,4347024
4003,0x00425491,4347025
4004,0x00425492,4347026
4005,0x00425494,4347028
4006,0x00425496,4347030
4007,0x00425497,4347031
4008,0x00425498,4347032
4009,0x00425499,4347033
4010,0x0042549a,4347034
4011,0x0042549b,4347035
4012,0x0042549c,4347036
4013,0x0042549d,4347037
4014,0x0042549e,4347038
4015,0x004254a0,4347040
4016,0x004254a1,4347041
4017,0x004254a3,4347043
4018,0x004254a4,4347044
4019,0x004254a5,4347045
4020,0x004254a6,4347046
4021,0x004254a7,4347047
4022,0x004254a8,4347048
4023,0x004254aa,4347050
4024,0x004254ab,4347051
4025,0x004254ad,4347053
4026,0x004254ae,4347054
4027,0x004254b1,4347057
4028,0x004254b2,4347058
4029,0x004254b3,4347059
4030,0x004254b4,4347060
4031,0x004254b5,4347061
4032,0x004254b6,4347062
4033,0x004254b7,4347063
4034,0x004254b8,4347064
4035,0x004254b9,4347065
4036,0x004254ba,4347066
4037,0x004254bb,4347067
4038,0x004254bc,4347068
4039,0x004254bd,4347069
4040,0x004254be,4347070
4041,0x004254bf,4347071
4042,0x004254c0,4347072
4043,0x004254c1,4347073
4044,0x004254c2,4347074
4045,0x004254c3,4347075
4046,0x004254c4,4347076
4047,0x004254c5,4347077
4048,0x004254c6,4347078
4049,0x004254c7,4347079
4050,0x004254c8,4347080
4051,0x004254ca,4347082
4052,0x004254cd,4347085
4053,0x004254ce,4347086
4054,0x004254cf,4347087
4055,0x004254d0,4347088
4056,0x004254d1,4347089
4057,0x004254d2,4347090
4058,0x004254d3,4347091
4059,0x004254d6,4347094
4060,0x004254d7,4347095
4061,0x004254d9,4347097
4062,0x004254da,4347098
4063,0x004254db,4347099
4064,0x004254dc,4347100
4065,0x004254dd,4347101
4066,0x004254de,4347102
4067,0x004254df,4347103
4068,0x004254e2,4347106
4069,0x004254e4,4347108
4070,0x004254e5,4347109
4071,0x004254e8,4347112
4072,0x004254e9,4347113
4073,0x004254ea,4347114
4074,0x004254eb,4347115
4075,0x004254ec,4347116
4076,0x004254ed,4347117
4077,0x004254ee,4347118
4078,0x004254ef,4347119
4079,0x004254f0,4347120
4080,0x004254f1,4347121
4081,0x004254f2,4347122
4082,0x004254f4,4347124
4083,0x004254f6,4347126
4084,0x004254f7,4347127
4085,0x004254f8,4347128
4086,0x004254f9,4347129
4087,0x004254fa,4347130
4088,0x004254fb,4347131
4089,0x004254fc,4347132
4090,0x004254fd,4347133
4091,0x004254fe,4347134
4092,0x004254ff,4347135
4093,0x00425500,4347136
4094,0x00425502,4347138
4095,0x00425503,4347139
