0,0x00000000,0
1,0x00000000,0
2,0x00000000,0
3,0x004f3783,5191555
4,0x00001232,4658
5,0x00000daa,3498
6,0x00001333,4915
7,0x00002413,9235
8,0x00009be5,39909
9,0x00009ab9,39609
10,0x000055b9,21945
11,0x00002596,9622
12,0x00003463,13411
13,0x00005dab,23979
14,0x0002e736,190262
15,0x00018c3b,101435
16,0x00016b7c,93052
17,0x00012108,73992
18,0x00006a2d,27181
19,0x00001950,6480
20,0x000012fe,4862
21,0x00001894,6292
22,0x0000158d,5517
23,0x000043a2,17314
24,0x00001a07,6663
25,0x000015c5,5573
26,0x000059ac,22956
27,0x0000fb17,64279
28,0x00006c54,27732
29,0x00002034,8244
30,0x0000437d,17277
31,0x00005a4f,23119
32,0x00003718,14104
33,0x00001c66,7270
34,0x00001505,5381
35,0x000014a6,5286
36,0x000010fc,4348
37,0x00001063,4195
38,0x00001232,4658
39,0x00001fd6,8150
40,0x000024d3,9427
41,0x00001b26,6950
42,0x00001206,4614
43,0x000012cd,4813
44,0x0000433f,17215
45,0x00007cc1,31937
46,0x00003f71,16241
47,0x000020c1,8385
48,0x000017ee,6126
49,0x0000120a,4618
50,0x00000d07,3335
51,0x00000c03,3075
52,0x00000bcb,3019
53,0x00002843,10307
54,0x00003e82,16002
55,0x00002168,8552
56,0x000014ec,5356
57,0x001cd3a7,1889191
58,0x024c678d,38561677
59,0x07241225,119804453
60,0x02e59df5,48602613
61,0x003cd3b3,3986355
62,0x000c6236,811574
63,0x00015614,87572
64,0x0005e8c5,387269
65,0x0005f294,389780
66,0x00036501,222465
67,0x0003a3db,238555
68,0x0002b053,176211
69,0x00020dec,134636
70,0x0000d98d,55693
71,0x00008630,34352
72,0x0000c394,50068
73,0x00040a1c,264732
74,0x0005a5ee,370158
75,0x00037ef9,229113
76,0x00017cb3,97459
77,0x00005dc6,24006
78,0x00002cd3,11475
79,0x00004316,17174
80,0x0001288b,75915
81,0x000200b4,131252
82,0x0001846e,99438
83,0x00016ca5,93349
84,0x00012fda,77786
85,0x00014cea,85226
86,0x0000972d,38701
87,0x000075cd,30157
88,0x00006b14,27412
89,0x00006ce8,27880
90,0x000088f2,35058
91,0x0000b6a0,46752
92,0x00019dc5,105925
93,0x0002a8b2,174258
94,0x00029e65,171621
95,0x000199df,104927
96,0x00012fc3,77763
97,0x000148d6,84182
98,0x0000c61c,50716
99,0x00008036,32822
100,0x00009a99,39577
101,0x00010445,66629
102,0x00015113,86291
103,0x000112b7,70327
104,0x00008097,32919
105,0x0000496c,18796
106,0x00004efb,20219
107,0x0000439b,17307
108,0x0000376a,14186
109,0x00002f92,12178
110,0x00002134,8500
111,0x00001cb1,7345
112,0x000019cc,6604
113,0x0000172a,5930
114,0x00001551,5457
115,0x000014d0,5328
116,0x00001582,5506
117,0x000016cc,5836
118,0x00001682,5762
119,0x000013a1,5025
120,0x000011d9,4569
121,0x00001053,4179
122,0x000011d0,4560
123,0x00000ea2,3746
124,0x00000f8f,3983
125,0x00000f8c,3980
126,0x00001198,4504
127,0x00001188,4488
128,0x00000fa8,4008
129,0x00000eee,3822
130,0x00000ed5,3797
131,0x0000105c,4188
132,0x00000d98,3480
133,0x00000dd0,3536
134,0x00000d7a,3450
135,0x00000ead,3757
136,0x00000f55,3925
137,0x00000d7b,3451
138,0x00000dac,3500
139,0x00000d82,3458
140,0x00000f0b,3851
141,0x00000dbf,3519
142,0x00000d24,3364
143,0x00000ca6,3238
144,0x00000ce2,3298
145,0x00000e8c,3724
146,0x00000ac6,2758
147,0x00000b56,2902
148,0x00000b45,2885
149,0x00000ce7,3303
150,0x00000c59,3161
151,0x00000b55,2901
152,0x00000b9b,2971
153,0x00000b76,2934
154,0x00000d19,3353
155,0x00000b36,2870
156,0x00000bdb,3035
157,0x00000c18,3096
158,0x00000d2f,3375
159,0x00000d29,3369
160,0x00000b6d,2925
161,0x00000bbd,3005
162,0x00000b5a,2906
163,0x00000e5b,3675
164,0x00000b87,2951
165,0x00000bf1,3057
166,0x00000bde,3038
167,0x00000c79,3193
168,0x00000e8b,3723
169,0x00000bc8,3016
170,0x00000cb3,3251
171,0x00000cb5,3253
172,0x00000e88,3720
173,0x00000d84,3460
174,0x00000cfc,3324
175,0x00000c63,3171
176,0x00000db4,3508
177,0x00000f2c,3884
178,0x00000c3e,3134
179,0x00000c54,3156
180,0x00000c9e,3230
181,0x00000f10,3856
182,0x00000d63,3427
183,0x00000c3c,3132
184,0x00000cb2,3250
185,0x00000ca7,3239
186,0x00001040,4160
187,0x00000c07,3079
188,0x00000c2a,3114
189,0x00000c0f,3087
190,0x00000d18,3352
191,0x00000da4,3492
192,0x00000b93,2963
193,0x00000c18,3096
194,0x00000c85,3205
195,0x00000f99,3993
196,0x00000c88,3208
197,0x00000c8c,3212
198,0x00000c9f,3231
199,0x00000e1b,3611
200,0x00000e20,3616
201,0x00000bd0,3024
202,0x00000c73,3187
203,0x00000be8,3048
204,0x00000e2a,3626
205,0x00000d08,3336
206,0x00000c5f,3167
207,0x00000be0,3040
208,0x00000cba,3258
209,0x00000efb,3835
210,0x00000c03,3075
211,0x00000c95,3221
212,0x00000c60,3168
213,0x00000e63,3683
214,0x00000d4b,3403
215,0x00000c04,3076
216,0x00000b87,2951
217,0x00000bf8,3064
218,0x00000dfb,3579
219,0x00000b19,2841
220,0x00000af5,2805
221,0x00000ae3,2787
222,0x00000c33,3123
223,0x00000ce6,3302
224,0x00000b8c,2956
225,0x00000ba3,2979
226,0x00000c09,3081
227,0x00000ef3,3827
228,0x00000c3b,3131
229,0x00000ccf,3279
230,0x00000d5b,3419
231,0x00000ecb,3787
232,0x000011df,4575
233,0x00000ee1,3809
234,0x00001037,4151
235,0x000010d9,4313
236,0x00001588,5512
237,0x000017e6,6118
238,0x00001cb6,7350
239,0x000026a5,9893
240,0x0000370a,14090
241,0x000042a3,17059
242,0x0000288d,10381
243,0x00002300,8960
244,0x00001dad,7597
245,0x000020ea,8426
246,0x00001d71,7537
247,0x00001a38,6712
248,0x00001a3f,6719
249,0x0000196b,6507
250,0x00001fff,8191
251,0x0000154e,5454
252,0x0000163a,5690
253,0x00001605,5637
254,0x00001814,6164
255,0x00001731,5937
256,0x000013e4,5092
257,0x00001348,4936
258,0x000012ff,4863
259,0x00001701,5889
260,0x00001277,4727
261,0x00001129,4393
262,0x0000119e,4510
263,0x000012d6,4822
264,0x0000147e,5246
265,0x000011d1,4561
266,0x0000120d,4621
267,0x0000130d,4877
268,0x000017d5,6101
269,0x00001525,5413
270,0x000012cd,4813
271,0x0000134c,4940
272,0x000013ad,5037
273,0x00001836,6198
274,0x000012f6,4854
275,0x00001358,4952
276,0x00001360,4960
277,0x00001701,5889
278,0x000016f2,5874
279,0x00001443,5187
280,0x000014a2,5282
281,0x000014e5,5349
282,0x0000194b,6475
283,0x000014cc,5324
284,0x000014ca,5322
285,0x0000156b,5483
286,0x00001950,6480
287,0x000018bb,6331
288,0x000013e9,5097
289,0x00001349,4937
290,0x00001278,4728
291,0x0000176e,5998
292,0x00001347,4935
293,0x000012aa,4778
294,0x00001357,4951
295,0x000014cd,5325
296,0x000014d8,5336
297,0x0000100d,4109
298,0x00000f9d,3997
299,0x00000eb7,3767
300,0x00001208,4616
301,0x00001004,4100
302,0x00000eed,3821
303,0x00000f17,3863
304,0x00001130,4400
305,0x000013ee,5102
306,0x00001068,4200
307,0x000010e6,4326
308,0x00001137,4407
309,0x0000158f,5519
310,0x000013cd,5069
311,0x0000131d,4893
312,0x0000139f,5023
313,0x0000157d,5501
314,0x00001e75,7797
315,0x00001684,5764
316,0x000016fd,5885
317,0x000017aa,6058
318,0x00001a7d,6781
319,0x00001b9d,7069
320,0x0000160c,5644
321,0x0000168f,5775
322,0x00001759,5977
323,0x00001bf4,7156
324,0x0000161a,5658
325,0x00001440,5184
326,0x00001496,5270
327,0x00001682,5762
328,0x00001836,6198
329,0x000014d4,5332
330,0x000014c5,5317
331,0x0000151e,5406
332,0x00001af2,6898
333,0x000016ba,5818
334,0x00001589,5513
335,0x00001645,5701
336,0x000017ba,6074
337,0x00001d31,7473
338,0x000017ff,6143
339,0x000017f3,6131
340,0x0000183b,6203
341,0x00001cf7,7415
342,0x00001b4b,6987
343,0x00001780,6016
344,0x000017cb,6091
345,0x00001746,5958
346,0x00001f30,7984
347,0x000016d4,5844
348,0x00001779,6009
349,0x0000170c,5900
350,0x00001c4b,7243
351,0x00001c6e,7278
352,0x000018c0,6336
353,0x00001926,6438
354,0x000018d3,6355
355,0x0000202e,8238
356,0x0000187d,6269
357,0x0000177a,6010
358,0x00001753,5971
359,0x0000196b,6507
360,0x00001cef,7407
361,0x000016b1,5809
362,0x00001847,6215
363,0x0000187b,6267
364,0x00001d73,7539
365,0x0000194b,6475
366,0x00001723,5923
367,0x00001770,6000
368,0x0000191d,6429
369,0x00001e63,7779
370,0x00001847,6215
371,0x0000190d,6413
372,0x000018f8,6392
373,0x000020c4,8388
374,0x00001f58,8024
375,0x00001d45,7493
376,0x00001dc4,7620
377,0x00001d4a,7498
378,0x000026ba,9914
379,0x00001c4f,7247
380,0x00001c77,7287
381,0x00001ca3,7331
382,0x00002084,8324
383,0x00002227,8743
384,0x00001d87,7559
385,0x00001e65,7781
386,0x00001f56,8022
387,0x000029dd,10717
388,0x000022aa,8874
389,0x0000204f,8271
390,0x00002047,8263
391,0x000022d8,8920
392,0x0000243e,9278
393,0x00001eea,7914
394,0x00001e2b,7723
395,0x00001dba,7610
396,0x0000277a,10106
397,0x00001fc5,8133
398,0x00001dfa,7674
399,0x00001d90,7568
400,0x00001da5,7589
401,0x00002610,9744
402,0x00001d14,7444
403,0x0000217d,8573
404,0x00002275,8821
405,0x00002804,10244
406,0x000027c9,10185
407,0x00002025,8229
408,0x00001f04,7940
409,0x00001d77,7543
410,0x000022e8,8936
411,0x00001a23,6691
412,0x000018f0,6384
413,0x00001927,6439
414,0x00001d15,7445
415,0x00001d03,7427
416,0x00001900,6400
417,0x0000197d,6525
418,0x00001975,6517
419,0x000021af,8623
420,0x00001a70,6768
421,0x000019d1,6609
422,0x00001a5a,6746
423,0x00001cb4,7348
424,0x00001e09,7689
425,0x000017e4,6116
426,0x000017a3,6051
427,0x00001768,5992
428,0x00001d0f,7439
429,0x000019e9,6633
430,0x000019b9,6585
431,0x00001b0a,6922
432,0x00001d79,7545
433,0x000025bf,9663
434,0x00001e7a,7802
435,0x00001de8,7656
436,0x00001cde,7390
437,0x000021fd,8701
438,0x00001eef,7919
439,0x00001d60,7520
440,0x00001ecb,7883
441,0x00002038,8248
442,0x00002abc,10940
443,0x00001b3b,6971
444,0x00001b9e,7070
445,0x00001b54,6996
446,0x00001d43,7491
447,0x00001f09,7945
448,0x00001951,6481
449,0x0000199c,6556
450,0x00001a29,6697
451,0x000020b8,8376
452,0x00001a23,6691
453,0x000018de,6366
454,0x000018dd,6365
455,0x00001c4c,7244
456,0x00001edc,7900
457,0x0000191a,6426
458,0x00001980,6528
459,0x0000194d,6477
460,0x00001f53,8019
461,0x000019dc,6620
462,0x00001899,6297
463,0x00001868,6248
464,0x00001a01,6657
465,0x00001f59,8025
466,0x00001934,6452
467,0x000019c9,6601
468,0x000019ce,6606
469,0x00001fa3,8099
470,0x00001e66,7782
471,0x00001ac4,6852
472,0x00001bb7,7095
473,0x00001dc4,7620
474,0x00002648,9800
475,0x00001d7b,7547
476,0x00001ddc,7644
477,0x00001d60,7520
478,0x000023e9,9193
479,0x00002385,9093
480,0x00002002,8194
481,0x00001fa9,8105
482,0x00001f09,7945
483,0x00002c12,11282
484,0x000026c9,9929
485,0x00002c89,11401
486,0x000033b4,13236
487,0x00003ced,15597
488,0x0000407f,16511
489,0x00002890,10384
490,0x000025e8,9704
491,0x00002464,9316
492,0x000029fb,10747
493,0x00002439,9273
494,0x0000212e,8494
495,0x000020ec,8428
496,0x000023e7,9191
497,0x0000294f,10575
498,0x00002078,8312
499,0x0000207c,8316
500,0x00001ffa,8186
501,0x0000272c,10028
502,0x0000233b,9019
503,0x00001f81,8065
504,0x00001ef0,7920
505,0x00001f14,7956
506,0x000029b0,10672
507,0x00001db8,7608
508,0x00001fbe,8126
509,0x00001f3d,7997
510,0x00002462,9314
511,0x000025f7,9719
512,0x00001f46,8006
513,0x0000203b,8251
514,0x000020f4,8436
515,0x00002b95,11157
516,0x0000247f,9343
517,0x00002263,8803
518,0x00002137,8503
519,0x00002767,10087
520,0x00002a5e,10846
521,0x0000237e,9086
522,0x0000231a,8986
523,0x00002369,9065
524,0x00002ee8,12008
525,0x0000274f,10063
526,0x0000264f,9807
527,0x00002688,9864
528,0x000027df,10207
529,0x00003225,12837
530,0x0000270f,9999
531,0x000028a1,10401
532,0x00002a54,10836
533,0x00003523,13603
534,0x0000314d,12621
535,0x000028fb,10491
536,0x00002996,10646
537,0x00002ba7,11175
538,0x00003926,14630
539,0x00002c9b,11419
540,0x00002b1e,11038
541,0x00002bdf,11231
542,0x000031a9,12713
543,0x0000305e,12382
544,0x00002768,10088
545,0x00002771,10097
546,0x00002750,10064
547,0x000032f8,13048
548,0x00002811,10257
549,0x000027a8,10152
550,0x00002945,10565
551,0x00002ee4,12004
552,0x00003517,13591
553,0x00002ab7,10935
554,0x00002ad1,10961
555,0x00002aae,10926
556,0x000034f1,13553
557,0x00002d09,11529
558,0x00002864,10340
559,0x000028fc,10492
560,0x00002d2d,11565
561,0x00003549,13641
562,0x00002c43,11331
563,0x00002b65,11109
564,0x00002aab,10923
565,0x0000395f,14687
566,0x000036ec,14060
567,0x000035f2,13810
568,0x0000365d,13917
569,0x00003537,13623
570,0x000047fd,18429
571,0x000030dd,12509
572,0x000030e0,12512
573,0x000030f5,12533
574,0x00003775,14197
575,0x00003a78,14968
576,0x0000311b,12571
577,0x0000319b,12699
578,0x0000336b,13163
579,0x000042f5,17141
580,0x00003627,13863
581,0x00003380,13184
582,0x00003391,13201
583,0x00003dd2,15826
584,0x00004426,17446
585,0x00003a70,14960
586,0x00003958,14680
587,0x000038f9,14585
588,0x0000496a,18794
589,0x00003b86,15238
590,0x00003647,13895
591,0x0000359d,13725
592,0x000038ed,14573
593,0x000046ac,18092
594,0x00003721,14113
595,0x000038e2,14562
596,0x000039f2,14834
597,0x000048ee,18670
598,0x00004686,18054
599,0x00003ca1,15521
600,0x00003b95,15253
601,0x00003e02,15874
602,0x00004cf2,19698
603,0x0000397b,14715
604,0x000038e0,14560
605,0x0000374c,14156
606,0x00004372,17266
607,0x00004444,17476
608,0x00003aba,15034
609,0x00003a05,14853
610,0x0000385b,14427
611,0x00004b7d,19325
612,0x0000379c,14236
613,0x000037fd,14333
614,0x0000375a,14170
615,0x00003d64,15716
616,0x000045ca,17866
617,0x0000368b,13963
618,0x0000388a,14474
619,0x00003939,14649
620,0x00004a3e,19006
621,0x0000411b,16667
622,0x00003cb9,15545
623,0x00003a3e,14910
624,0x00003db5,15797
625,0x00004992,18834
626,0x000039ce,14798
627,0x0000397f,14719
628,0x00003a0a,14858
629,0x000048c6,18630
630,0x00004510,17680
631,0x00003ec6,16070
632,0x00003f93,16275
633,0x0000422d,16941
634,0x00005bda,23514
635,0x00004362,17250
636,0x00004367,17255
637,0x00004249,16969
638,0x00004946,18758
639,0x0000495e,18782
640,0x00003c9b,15515
641,0x00003c25,15397
642,0x00003dbe,15806
643,0x00004f06,20230
644,0x00003f33,16179
645,0x00003ae1,15073
646,0x00003ae6,15078
647,0x00004434,17460
648,0x00004a9a,19098
649,0x000042a0,17056
650,0x000043b4,17332
651,0x00004440,17472
652,0x00005ac9,23241
653,0x000045ab,17835
654,0x00003d2b,15659
655,0x00003b9a,15258
656,0x00003bfd,15357
657,0x0000493d,18749
658,0x00003471,13425
659,0x00003584,13700
660,0x000036df,14047
661,0x000041e2,16866
662,0x00003d9c,15772
663,0x0000372b,14123
664,0x000037f9,14329
665,0x000038f8,14584
666,0x00004bd5,19413
667,0x000037c1,14273
668,0x000037ae,14254
669,0x00003703,14083
670,0x000042d3,17107
671,0x000041ef,16879
672,0x00003756,14166
673,0x000035bf,13759
674,0x00003681,13953
675,0x00004a9b,19099
676,0x00003c29,15401
677,0x00003b95,15253
678,0x00003f29,16169
679,0x00004718,18200
680,0x0000529f,21151
681,0x00003f3c,16188
682,0x00003fc2,16322
683,0x00003e5f,15967
684,0x00004c97,19607
685,0x0000427a,17018
686,0x00003dc8,15816
687,0x00003dae,15790
688,0x00004614,17940
689,0x00004dca,19914
690,0x00003ca8,15528
691,0x00003c49,15433
692,0x00003906,14598
693,0x000046e5,18149
694,0x00003eb3,16051
695,0x00003976,14710
696,0x00003814,14356
697,0x000037d6,14294
698,0x00004c8f,19599
699,0x00003784,14212
700,0x0000385a,14426
701,0x00003941,14657
702,0x000040d0,16592
703,0x00004325,17189
704,0x000035f8,13816
705,0x00003710,14096
706,0x00003829,14377
707,0x000046a1,18081
708,0x0000379d,14237
709,0x000034f7,13559
710,0x0000349e,13470
711,0x00003d27,15655
712,0x000040ed,16621
713,0x00003664,13924
714,0x0000361e,13854
715,0x000034cc,13516
716,0x0000477d,18301
717,0x00003b1f,15135
718,0x00003872,14450
719,0x00003812,14354
720,0x00003b3a,15162
721,0x000048a5,18597
722,0x00003758,14168
723,0x00003899,14489
724,0x000038b0,14512
725,0x000043fc,17404
726,0x00004192,16786
727,0x000036c5,14021
728,0x000037dd,14301
729,0x00003a9b,15003
730,0x00004f24,20260
731,0x00004533,17715
732,0x0000455a,17754
733,0x00004712,18194
734,0x0000547a,21626
735,0x000048f5,18677
736,0x000039fe,14846
737,0x000036e7,14055
738,0x000034d0,13520
739,0x0000460b,17931
740,0x00003479,13433
741,0x00003392,13202
742,0x0000335e,13150
743,0x00003766,14182
744,0x00003e12,15890
745,0x00002fa6,12198
746,0x000030c9,12489
747,0x0000303c,12348
748,0x00003e41,15937
749,0x000033b0,13232
750,0x00002e3e,11838
751,0x00002d97,11671
752,0x0000312b,12587
753,0x000039ff,14847
754,0x00002d4e,11598
755,0x00002df5,11765
756,0x00002cf0,11504
757,0x00003744,14148
758,0x0000330f,13071
759,0x00002d56,11606
760,0x00002d62,11618
761,0x00002dfc,11772
762,0x00003d63,15715
763,0x00002c5b,11355
764,0x00002ca7,11431
765,0x00002d33,11571
766,0x0000341f,13343
767,0x00003553,13651
768,0x00002c38,11320
769,0x00002d3d,11581
770,0x00002dcc,11724
771,0x00003ae3,15075
772,0x00003001,12289
773,0x00002d57,11607
774,0x00002c63,11363
775,0x00003251,12881
776,0x00003314,13076
777,0x00002c48,11336
778,0x00002b79,11129
779,0x00002b5d,11101
780,0x0000381f,14367
781,0x00002d48,11592
782,0x00002a3f,10815
783,0x00002a00,10752
784,0x00002d08,11528
785,0x000035c4,13764
786,0x00002980,10624
787,0x00002899,10393
788,0x000029b3,10675
789,0x00003065,12389
790,0x00002bf8,11256
791,0x00002673,9843
792,0x0000257d,9597
793,0x000026e7,9959
794,0x00003139,12601
795,0x00002551,9553
796,0x00002576,9590
797,0x00002580,9600
798,0x00002e52,11858
799,0x00002d6c,11628
800,0x000026f2,9970
801,0x00002646,9798
802,0x000024e7,9447
803,0x00003222,12834
804,0x00002580,9600
805,0x0000249c,9372
806,0x00002492,9362
807,0x000028bc,10428
808,0x00002cf2,11506
809,0x00002406,9222
810,0x00002443,9283
811,0x000025c5,9669
812,0x00002ed1,11985
813,0x00002b37,11063
814,0x000026f0,9968
815,0x00002644,9796
816,0x00002990,10640
817,0x00002cfd,11517
818,0x000023e1,9185
819,0x00002304,8964
820,0x0000227e,8830
821,0x00002a6a,10858
822,0x0000257c,9596
823,0x00002276,8822
824,0x00002286,8838
825,0x00002355,9045
826,0x00002dbb,11707
827,0x000020c5,8389
828,0x00002094,8340
829,0x00002184,8580
830,0x00002659,9817
831,0x000027aa,10154
832,0x00002103,8451
833,0x00002152,8530
834,0x000020c5,8389
835,0x00002a17,10775
836,0x000021f6,8694
837,0x00001fc4,8132
838,0x00001f06,7942
839,0x00002456,9302
840,0x000026a9,9897
841,0x00001f67,8039
842,0x00001f6e,8046
843,0x00002051,8273
844,0x00002917,10519
845,0x0000212b,8491
846,0x00001f76,8054
847,0x0000206f,8303
848,0x00002149,8521
849,0x000027d6,10198
850,0x00001e46,7750
851,0x00001e93,7827
852,0x00001f1e,7966
853,0x00002573,9587
854,0x00002482,9346
855,0x00001e85,7813
856,0x00001e7c,7804
857,0x00001fa1,8097
858,0x000025bc,9660
859,0x00001e13,7699
860,0x00001d98,7576
861,0x00001d3e,7486
862,0x00002236,8758
863,0x00002113,8467
864,0x00001cd7,7383
865,0x00001d49,7497
866,0x00001ca0,7328
867,0x0000272c,10028
868,0x00001e5f,7775
869,0x00001cff,7423
870,0x00001c51,7249
871,0x00001f5e,8030
872,0x000021ba,8634
873,0x00001bed,7149
874,0x00001bbe,7102
875,0x00001bf7,7159
876,0x000023b3,9139
877,0x00001de3,7651
878,0x00001c36,7222
879,0x00001c27,7207
880,0x00001e91,7825
881,0x000024b3,9395
882,0x00001c9c,7324
883,0x00001cd5,7381
884,0x00001bb1,7089
885,0x000022e4,8932
886,0x00001e93,7827
887,0x00001c9b,7323
888,0x00001c52,7250
889,0x00001c05,7173
890,0x0000249c,9372
891,0x00001b26,6950
892,0x00001bfa,7162
893,0x00001c48,7240
894,0x00002082,8322
895,0x00002282,8834
896,0x00001c31,7217
897,0x00001ca8,7336
898,0x00001d69,7529
899,0x000023fa,9210
900,0x00001d2f,7471
901,0x00001b2a,6954
902,0x00001b6f,7023
903,0x00001f7a,8058
904,0x00002047,8263
905,0x00001b1d,6941
906,0x00001af2,6898
907,0x00001aa5,6821
908,0x00002313,8979
909,0x00001ceb,7403
910,0x00001aed,6893
911,0x00001b2f,6959
912,0x00001cd0,7376
913,0x00002261,8801
914,0x00001a68,6760
915,0x00001abc,6844
916,0x00001b1b,6939
917,0x000020f3,8435
918,0x00001e19,7705
919,0x00001b0b,6923
920,0x00001a56,6742
921,0x00001bfe,7166
922,0x00002294,8852
923,0x00001bb5,7093
924,0x00001bd6,7126
925,0x00001bd8,7128
926,0x000021b3,8627
927,0x00002031,8241
928,0x00001c8f,7311
929,0x00001cc5,7365
930,0x00001c3e,7230
931,0x00002549,9545
932,0x00001cf6,7414
933,0x00001d47,7495
934,0x00001d89,7561
935,0x00002042,8258
936,0x00002532,9522
937,0x00001c06,7174
938,0x00001c58,7256
939,0x00001c89,7305
940,0x00002399,9113
941,0x00001d6a,7530
942,0x00001ca4,7332
943,0x00001bd9,7129
944,0x00001e4f,7759
945,0x0000225c,8796
946,0x00001c09,7177
947,0x00001c76,7286
948,0x00001bb4,7092
949,0x00002233,8755
950,0x00001e18,7704
951,0x00001b60,7008
952,0x00001b86,7046
953,0x00001cc0,7360
954,0x00002423,9251
955,0x00001b13,6931
956,0x00001acd,6861
957,0x00001b4f,6991
958,0x00002017,8215
959,0x00001f9f,8095
960,0x00001bbe,7102
961,0x00001b3c,6972
962,0x00001c67,7271
963,0x00002464,9316
964,0x00001cfd,7421
965,0x00001bb2,7090
966,0x00001c1f,7199
967,0x00001ffc,8188
968,0x0000221b,8731
969,0x00001c61,7265
970,0x00001ca2,7330
971,0x00001caa,7338
972,0x00002488,9352
973,0x00001dcf,7631
974,0x00001d71,7537
975,0x00001c8b,7307
976,0x00001fa3,8099
977,0x0000277b,10107
978,0x00001ff6,8182
979,0x000020c0,8384
980,0x000020ac,8364
981,0x0000259a,9626
982,0x00002163,8547
983,0x00001c26,7206
984,0x00001c87,7303
985,0x00001d01,7425
986,0x00002431,9265
987,0x00001c36,7222
988,0x00001ce9,7401
989,0x00001c94,7316
990,0x00002144,8516
991,0x00002062,8290
992,0x00001b71,7025
993,0x00001b9b,7067
994,0x00001c05,7173
995,0x000024c3,9411
996,0x00001baf,7087
997,0x00001b8c,7052
998,0x00001b67,7015
999,0x00001e41,7745
1000,0x000020b3,8371
1001,0x00001b71,7025
1002,0x00001b64,7012
1003,0x00001bdb,7131
1004,0x00002285,8837
1005,0x00001e6f,7791
1006,0x00001bea,7146
1007,0x00001b66,7014
1008,0x00001ecf,7887
1009,0x000021c3,8643
1010,0x00001b98,7064
1011,0x00001be4,7140
1012,0x00001c59,7257
1013,0x0000229d,8861
1014,0x00001ed3,7891
1015,0x00001cc0,7360
1016,0x00001c12,7186
1017,0x00001d86,7558
1018,0x00002782,10114
1019,0x00001c17,7191
1020,0x00001ce6,7398
1021,0x00001cd3,7379
1022,0x00002101,8449
1023,0x000021d7,8663
0,0x00000000,0
1024,0x003268b2,3303602
2048,0x001e439e,1983390
3072,0x00157b1d,1407773
4096,0x0010c200,1098240
5120,0x000d1654,857684
6144,0x000b8c61,756833
7168,0x000ae762,714594
8192,0x000c77e3,817123
9216,0x000d6249,877129
10240,0x000e5dad,941485
11264,0x000643e8,410600
12288,0x0002c10f,180495
13312,0x0000e6db,59099
14336,0x0000acc4,44228
15360,0x00009c61,40033
16384,0x000088e3,35043
17408,0x0000788e,30862
18432,0x00007050,28752
19456,0x00006927,26919
20480,0x0000628a,25226
21504,0x000061f7,25079
22528,0x00005d60,23904
23552,0x0000597b,22907
24576,0x000068aa,26794
25600,0x00004623,17955
26624,0x0000399c,14748
27648,0x0000367d,13949
28672,0x0000349f,13471
29696,0x000034b9,13497
30720,0x00003360,13152
31744,0x000031a2,12706
32768,0x00002f02,12034
33792,0x00002a47,10823
34816,0x00002693,9875
35840,0x00002417,9239
36864,0x0000234b,9035
37888,0x00001fd6,8150
38912,0x00001ea4,7844
39936,0x00001e7f,7807
40960,0x00001ec0,7872
41984,0x0000227a,8826
43008,0x00003682,13954
44032,0x0000793c,31036
45056,0x0000a755,42837
46080,0x0000a4f6,42230
47104,0x000084ca,33994
48128,0x0000626c,25196
49152,0x00004bd4,19412
50176,0x000043ef,17391
51200,0x00004605,17925
52224,0x0000477c,18300
53248,0x000044e5,17637
54272,0x00003ced,15597
55296,0x0000312a,12586
56320,0x00002606,9734
57344,0x00001dc7,7623
58368,0x000017fe,6142
59392,0x00001382,4994
60416,0x00000ef4,3828
61440,0x00000bbb,3003
62464,0x00000813,2067
63488,0x00000612,1554
64512,0x00000458,1112
65536,0x00000317,791
66560,0x00000258,600
67584,0x000001ed,493
68608,0x0000019a,410
69632,0x00000175,373
70656,0x00000149,329
71680,0x0000012e,302
72704,0x000000fa,250
73728,0x00000120,288
74752,0x000000fa,250
75776,0x000000ff,255
76800,0x00000107,263
77824,0x000000f7,247
78848,0x00000108,264
79872,0x000000ec,236
80896,0x000000ee,238
81920,0x000000d7,215
82944,0x000000b9,185
83968,0x000000a9,169
84992,0x00000085,133
86016,0x0000007e,126
87040,0x0000008a,138
88064,0x00000060,96
89088,0x00000065,101
90112,0x0000005d,93
91136,0x0000004d,77
92160,0x00000060,96
93184,0x00000057,87
94208,0x0000004d,77
95232,0x00000061,97
96256,0x00000064,100
97280,0x0000005e,94
98304,0x00000072,114
99328,0x00000074,116
100352,0x00000069,105
101376,0x0000007a,122
102400,0x00000078,120
103424,0x00000070,112
104448,0x00000072,114
105472,0x00000070,112
106496,0x00000066,102
107520,0x00000050,80
108544,0x00000070,112
109568,0x00000070,112
110592,0x00000071,113
111616,0x00000067,103
112640,0x00000069,105
113664,0x00000071,113
114688,0x00000070,112
115712,0x0000005f,95
116736,0x00000065,101
117760,0x0000005a,90
118784,0x0000004e,78
119808,0x00000051,81
120832,0x0000003f,63
121856,0x00000040,64
122880,0x00000036,54
123904,0x00000036,54
124928,0x00000034,52
125952,0x0000002a,42
126976,0x00000025,37
128000,0x0000002f,47
129024,0x00000023,35
130048,0x00000022,34
131072,0x00000026,38
132096,0x00000021,33
133120,0x0000001a,26
134144,0x0000001a,26
135168,0x00000016,22
136192,0x0000000f,15
137216,0x00000015,21
138240,0x00000018,24
139264,0x00000018,24
140288,0x00000019,25
141312,0x0000000d,13
142336,0x0000001a,26
143360,0x0000001f,31
144384,0x0000001d,29
145408,0x00000014,20
146432,0x00000010,16
147456,0x0000000f,15
148480,0x00000013,19
149504,0x00000014,20
150528,0x00000011,17
151552,0x0000001b,27
152576,0x00000014,20
153600,0x0000000f,15
154624,0x0000000c,12
155648,0x0000000f,15
156672,0x0000000d,13
157696,0x0000000a,10
158720,0x00000009,9
159744,0x0000000d,13
160768,0x0000000f,15
161792,0x00000009,9
162816,0x0000000c,12
163840,0x0000000c,12
164864,0x00000007,7
165888,0x0000000e,14
166912,0x0000000f,15
167936,0x00000009,9
168960,0x00000008,8
169984,0x0000000b,11
171008,0x00000007,7
172032,0x00000009,9
173056,0x00000009,9
174080,0x00000005,5
175104,0x0000000a,10
176128,0x0000000c,12
177152,0x00000008,8
178176,0x0000000a,10
179200,0x0000000b,11
180224,0x00000005,5
181248,0x00000005,5
182272,0x0000000a,10
183296,0x00000009,9
184320,0x0000000d,13
185344,0x0000000e,14
186368,0x0000000a,10
187392,0x0000000c,12
188416,0x00000008,8
189440,0x00000009,9
190464,0x00000009,9
191488,0x00000008,8
192512,0x00000009,9
193536,0x00000004,4
194560,0x00000007,7
195584,0x00000007,7
196608,0x00000005,5
197632,0x00000006,6
198656,0x00000004,4
199680,0x00000002,2
200704,0x00000006,6
201728,0x00000003,3
202752,0x00000003,3
203776,0x00000002,2
204800,0x00000001,1
205824,0x00000002,2
206848,0x00000003,3
207872,0x00000002,2
208896,0x00000000,0
209920,0x00000000,0
210944,0x00000002,2
211968,0x00000000,0
212992,0x00000002,2
214016,0x00000001,1
215040,0x00000001,1
216064,0x00000000,0
217088,0x00000003,3
218112,0x00000001,1
219136,0x00000004,4
220160,0x00000000,0
221184,0x00000000,0
222208,0x00000001,1
223232,0x00000001,1
224256,0x00000002,2
225280,0x00000003,3
226304,0x00000002,2
227328,0x00000003,3
228352,0x00000002,2
229376,0x00000000,0
230400,0x00000005,5
231424,0x00000001,1
232448,0x00000000,0
233472,0x00000002,2
234496,0x00000002,2
235520,0x00000001,1
236544,0x00000005,5
237568,0x00000002,2
238592,0x00000002,2
239616,0x00000003,3
240640,0x00000000,0
241664,0x00000001,1
242688,0x00000002,2
243712,0x00000000,0
244736,0x00000004,4
245760,0x00000002,2
246784,0x00000002,2
247808,0x00000001,1
248832,0x00000001,1
249856,0x00000000,0
250880,0x00000005,5
251904,0x00000004,4
252928,0x00000000,0
253952,0x00000001,1
254976,0x00000003,3
256000,0x00000004,4
257024,0x00000000,0
258048,0x00000003,3
259072,0x00000001,1
260096,0x00000000,0
261120,0x00000003,3
262144,0x00000002,2
263168,0x00000001,1
264192,0x00000004,4
265216,0x00000000,0
266240,0x00000003,3
267264,0x00000000,0
268288,0x00000003,3
269312,0x00000002,2
270336,0x00000000,0
271360,0x00000000,0
272384,0x00000001,1
273408,0x00000002,2
274432,0x00000001,1
275456,0x00000001,1
276480,0x00000000,0
277504,0x00000002,2
278528,0x00000002,2
279552,0x00000002,2
280576,0x00000002,2
281600,0x00000002,2
282624,0x00000003,3
283648,0x00000001,1
284672,0x00000001,1
285696,0x00000004,4
286720,0x00000000,0
287744,0x00000003,3
288768,0x00000000,0
289792,0x00000002,2
290816,0x00000002,2
291840,0x00000000,0
292864,0x00000003,3
293888,0x00000001,1
294912,0x00000001,1
295936,0x00000002,2
296960,0x00000002,2
297984,0x00000002,2
299008,0x00000000,0
300032,0x00000001,1
301056,0x00000001,1
302080,0x00000001,1
303104,0x00000003,3
304128,0x00000005,5
305152,0x00000004,4
306176,0x00000001,1
307200,0x00000000,0
308224,0x00000002,2
309248,0x00000003,3
310272,0x00000002,2
311296,0x00000002,2
312320,0x00000001,1
313344,0x00000003,3
314368,0x00000002,2
315392,0x00000003,3
316416,0x00000001,1
317440,0x00000000,0
318464,0x00000001,1
319488,0x00000002,2
320512,0x00000003,3
321536,0x00000005,5
322560,0x00000000,0
323584,0x00000003,3
324608,0x00000005,5
325632,0x00000001,1
326656,0x00000003,3
327680,0x00000000,0
328704,0x00000003,3
329728,0x00000002,2
330752,0x00000000,0
331776,0x00000002,2
332800,0x00000000,0
333824,0x00000001,1
334848,0x00000006,6
335872,0x00000000,0
336896,0x00000000,0
337920,0x00000002,2
338944,0x00000002,2
339968,0x00000003,3
340992,0x00000000,0
342016,0x00000000,0
343040,0x00000003,3
344064,0x00000002,2
345088,0x00000002,2
346112,0x00000004,4
347136,0x00000000,0
348160,0x00000002,2
349184,0x00000001,1
350208,0x00000001,1
351232,0x00000001,1
352256,0x00000001,1
353280,0x00000003,3
354304,0x00000002,2
355328,0x00000001,1
356352,0x00000000,0
357376,0x00000002,2
358400,0x00000002,2
359424,0x00000002,2
360448,0x00000003,3
361472,0x00000001,1
362496,0x00000002,2
363520,0x00000003,3
364544,0x00000001,1
365568,0x00000002,2
366592,0x00000002,2
367616,0x00000000,0
368640,0x00000001,1
369664,0x00000003,3
370688,0x00000002,2
371712,0x00000003,3
372736,0x00000004,4
373760,0x00000003,3
374784,0x00000000,0
375808,0x00000001,1
376832,0x00000001,1
377856,0x00000003,3
378880,0x00000002,2
379904,0x00000001,1
380928,0x00000002,2
381952,0x00000002,2
382976,0x00000001,1
384000,0x00000000,0
385024,0x00000004,4
386048,0x00000007,7
387072,0x00000000,0
388096,0x00000001,1
389120,0x00000001,1
390144,0x00000000,0
391168,0x00000000,0
392192,0x00000001,1
393216,0x00000003,3
394240,0x00000004,4
395264,0x00000003,3
396288,0x00000001,1
397312,0x00000002,2
398336,0x00000002,2
399360,0x00000001,1
400384,0x00000001,1
401408,0x00000000,0
402432,0x00000002,2
403456,0x00000001,1
404480,0x00000002,2
405504,0x00000003,3
406528,0x00000002,2
407552,0x00000000,0
408576,0x00000002,2
409600,0x00000002,2
410624,0x00000000,0
411648,0x00000002,2
412672,0x00000001,1
413696,0x00000000,0
414720,0x00000002,2
415744,0x00000003,3
416768,0x00000001,1
417792,0x00000001,1
418816,0x00000000,0
419840,0x00000000,0
420864,0x00000002,2
421888,0x00000003,3
422912,0x00000002,2
423936,0x00000002,2
424960,0x00000002,2
425984,0x00000002,2
427008,0x00000002,2
428032,0x00000001,1
429056,0x00000001,1
430080,0x00000005,5
431104,0x00000001,1
432128,0x00000001,1
433152,0x00000001,1
434176,0x00000002,2
435200,0x00000003,3
436224,0x00000004,4
437248,0x00000004,4
438272,0x00000001,1
439296,0x00000000,0
440320,0x00000001,1
441344,0x00000000,0
442368,0x00000000,0
443392,0x00000001,1
444416,0x00000000,0
445440,0x00000001,1
446464,0x00000002,2
447488,0x00000001,1
448512,0x00000000,0
449536,0x00000001,1
450560,0x00000001,1
451584,0x00000004,4
452608,0x00000002,2
453632,0x00000002,2
454656,0x00000002,2
455680,0x00000003,3
456704,0x00000001,1
457728,0x00000001,1
458752,0x00000002,2
459776,0x00000000,0
460800,0x00000001,1
461824,0x00000003,3
462848,0x00000001,1
463872,0x00000000,0
464896,0x00000001,1
465920,0x00000000,0
466944,0x00000001,1
467968,0x00000002,2
468992,0x00000001,1
470016,0x00000002,2
471040,0x00000000,0
472064,0x00000002,2
473088,0x00000003,3
474112,0x00000003,3
475136,0x00000002,2
476160,0x00000002,2
477184,0x00000002,2
478208,0x00000002,2
479232,0x00000001,1
480256,0x00000003,3
481280,0x00000001,1
482304,0x00000001,1
483328,0x00000001,1
484352,0x00000000,0
485376,0x00000002,2
486400,0x00000002,2
487424,0x00000002,2
488448,0x00000002,2
489472,0x00000000,0
490496,0x00000001,1
491520,0x00000003,3
492544,0x00000001,1
493568,0x00000002,2
494592,0x00000000,0
495616,0x00000001,1
496640,0x00000003,3
497664,0x00000003,3
498688,0x00000001,1
499712,0x00000001,1
500736,0x00000002,2
501760,0x00000001,1
502784,0x00000002,2
503808,0x00000002,2
504832,0x00000001,1
505856,0x00000001,1
506880,0x00000001,1
507904,0x00000000,0
508928,0x00000003,3
509952,0x00000001,1
510976,0x00000002,2
512000,0x00000002,2
513024,0x00000002,2
514048,0x00000001,1
515072,0x00000001,1
516096,0x00000002,2
517120,0x00000001,1
518144,0x00000001,1
519168,0x00000001,1
520192,0x00000000,0
521216,0x00000001,1
522240,0x00000001,1
523264,0x00000000,0
524288,0x00000001,1
525312,0x00000001,1
526336,0x00000002,2
527360,0x00000000,0
528384,0x00000002,2
529408,0x00000003,3
530432,0x00000001,1
531456,0x00000001,1
532480,0x00000001,1
533504,0x00000001,1
534528,0x00000002,2
535552,0x00000000,0
536576,0x00000000,0
537600,0x00000000,0
538624,0x00000001,1
539648,0x00000000,0
540672,0x00000001,1
541696,0x00000000,0
542720,0x00000000,0
543744,0x00000001,1
544768,0x00000001,1
545792,0x00000000,0
546816,0x00000002,2
547840,0x00000003,3
548864,0x00000001,1
549888,0x00000000,0
550912,0x00000001,1
551936,0x00000000,0
552960,0x00000001,1
553984,0x00000004,4
555008,0x00000001,1
556032,0x00000000,0
557056,0x00000001,1
558080,0x00000000,0
559104,0x00000001,1
560128,0x00000000,0
561152,0x00000001,1
562176,0x00000000,0
563200,0x00000002,2
564224,0x00000002,2
565248,0x00000001,1
566272,0x00000003,3
567296,0x00000002,2
568320,0x00000000,0
569344,0x00000000,0
570368,0x00000002,2
571392,0x00000001,1
572416,0x00000000,0
573440,0x00000001,1
574464,0x00000002,2
575488,0x00000001,1
576512,0x00000001,1
577536,0x00000000,0
578560,0x00000002,2
579584,0x00000000,0
580608,0x00000001,1
581632,0x00000001,1
582656,0x00000001,1
583680,0x00000001,1
584704,0x00000000,0
585728,0x00000001,1
586752,0x00000000,0
587776,0x00000001,1
588800,0x00000001,1
589824,0x00000001,1
590848,0x00000000,0
591872,0x00000001,1
592896,0x00000001,1
593920,0x00000002,2
594944,0x00000005,5
595968,0x00000001,1
596992,0x00000003,3
598016,0x00000001,1
599040,0x00000001,1
600064,0x00000001,1
601088,0x00000000,0
602112,0x00000000,0
603136,0x00000001,1
604160,0x00000000,0
605184,0x00000000,0
606208,0x00000000,0
607232,0x00000003,3
608256,0x00000000,0
609280,0x00000001,1
610304,0x00000000,0
611328,0x00000003,3
612352,0x00000001,1
613376,0x00000001,1
614400,0x00000001,1
615424,0x00000001,1
616448,0x00000001,1
617472,0x00000001,1
618496,0x00000001,1
619520,0x00000001,1
620544,0x00000001,1
621568,0x00000002,2
622592,0x00000000,0
623616,0x00000000,0
624640,0x00000001,1
625664,0x00000001,1
626688,0x00000000,0
627712,0x00000001,1
628736,0x00000001,1
629760,0x00000001,1
630784,0x00000000,0
631808,0x00000003,3
632832,0x00000001,1
633856,0x00000000,0
634880,0x00000002,2
635904,0x00000001,1
636928,0x00000001,1
637952,0x00000000,0
638976,0x00000000,0
640000,0x00000000,0
641024,0x00000000,0
642048,0x00000000,0
643072,0x00000000,0
644096,0x00000002,2
645120,0x00000003,3
646144,0x00000001,1
647168,0x00000002,2
648192,0x00000000,0
649216,0x00000001,1
650240,0x00000000,0
651264,0x00000002,2
652288,0x00000001,1
653312,0x00000001,1
654336,0x00000001,1
655360,0x00000000,0
656384,0x00000000,0
657408,0x00000003,3
658432,0x00000000,0
659456,0x00000000,0
660480,0x00000001,1
661504,0x00000001,1
662528,0x00000000,0
663552,0x00000001,1
664576,0x00000000,0
665600,0x00000000,0
666624,0x00000001,1
667648,0x00000001,1
668672,0x00000001,1
669696,0x00000000,0
670720,0x00000000,0
671744,0x00000002,2
672768,0x00000000,0
673792,0x00000000,0
674816,0x00000000,0
675840,0x00000001,1
676864,0x00000000,0
677888,0x00000000,0
678912,0x00000001,1
679936,0x00000000,0
680960,0x00000002,2
681984,0x00000002,2
683008,0x00000000,0
684032,0x00000000,0
685056,0x00000001,1
686080,0x00000000,0
687104,0x00000000,0
688128,0x00000001,1
689152,0x00000001,1
690176,0x00000002,2
691200,0x00000000,0
692224,0x00000000,0
693248,0x00000002,2
694272,0x00000003,3
695296,0x00000000,0
696320,0x00000000,0
697344,0x00000001,1
698368,0x00000001,1
699392,0x00000001,1
700416,0x00000000,0
701440,0x00000000,0
702464,0x00000000,0
703488,0x00000001,1
704512,0x00000000,0
705536,0x00000000,0
706560,0x00000002,2
707584,0x00000000,0
708608,0x00000000,0
709632,0x00000000,0
710656,0x00000000,0
711680,0x00000001,1
712704,0x00000002,2
713728,0x00000001,1
714752,0x00000000,0
715776,0x00000000,0
716800,0x00000000,0
717824,0x00000001,1
718848,0x00000000,0
719872,0x00000000,0
720896,0x00000000,0
721920,0x00000002,2
722944,0x00000001,1
723968,0x00000000,0
724992,0x00000000,0
726016,0x00000000,0
727040,0x00000001,1
728064,0x00000001,1
729088,0x00000001,1
730112,0x00000000,0
731136,0x00000001,1
732160,0x00000001,1
733184,0x00000000,0
734208,0x00000002,2
735232,0x00000000,0
736256,0x00000001,1
737280,0x00000001,1
738304,0x00000001,1
739328,0x00000001,1
740352,0x00000000,0
741376,0x00000000,0
742400,0x00000000,0
743424,0x00000003,3
744448,0x00000000,0
745472,0x00000000,0
746496,0x00000001,1
747520,0x00000001,1
748544,0x00000001,1
749568,0x00000000,0
750592,0x00000001,1
751616,0x00000001,1
752640,0x00000001,1
753664,0x00000001,1
754688,0x00000001,1
755712,0x00000000,0
756736,0x00000000,0
757760,0x00000002,2
758784,0x00000001,1
759808,0x00000000,0
760832,0x00000000,0
761856,0x00000001,1
762880,0x00000000,0
763904,0x00000001,1
764928,0x00000002,2
765952,0x00000000,0
766976,0x00000002,2
768000,0x00000002,2
769024,0x00000002,2
770048,0x00000001,1
771072,0x00000001,1
772096,0x00000000,0
773120,0x00000002,2
774144,0x00000001,1
775168,0x00000002,2
776192,0x00000002,2
777216,0x00000003,3
778240,0x00000002,2
779264,0x00000001,1
780288,0x00000001,1
781312,0x00000001,1
782336,0x00000001,1
783360,0x00000001,1
784384,0x00000001,1
785408,0x00000005,5
786432,0x00000002,2
787456,0x00000000,0
788480,0x00000005,5
789504,0x00000002,2
790528,0x00000003,3
791552,0x00000002,2
792576,0x00000009,9
793600,0x00000007,7
794624,0x00000035,53
795648,0x00000018,24
796672,0x00000011,17
797696,0x00000013,19
798720,0x000001f5,501
799744,0x000000e8,232
800768,0x0000001f,31
801792,0x00000019,25
802816,0x0000002c,44
803840,0x00000055,85
804864,0x00000012,18
805888,0x0000000b,11
806912,0x00000012,18
807936,0x00000004,4
808960,0x00000000,0
809984,0x00000001,1
811008,0x00000002,2
812032,0x00000005,5
813056,0x00000000,0
814080,0x00000002,2
815104,0x00000001,1
816128,0x00000002,2
817152,0x00000004,4
818176,0x00000001,1
819200,0x00000001,1
820224,0x00000002,2
821248,0x00000002,2
822272,0x00000003,3
823296,0x00000003,3
824320,0x00000003,3
825344,0x00000001,1
826368,0x00000002,2
827392,0x00000003,3
828416,0x00000005,5
829440,0x00000001,1
830464,0x00000002,2
831488,0x00000001,1
832512,0x00000002,2
833536,0x00000001,1
834560,0x00000001,1
835584,0x00000002,2
836608,0x00000001,1
837632,0x00000007,7
838656,0x00000002,2
839680,0x00000001,1
840704,0x00000000,0
841728,0x00000000,0
842752,0x00000002,2
843776,0x00000001,1
844800,0x00000000,0
845824,0x00000004,4
846848,0x00000004,4
847872,0x00000001,1
848896,0x00000002,2
849920,0x00000001,1
850944,0x00000002,2
851968,0x00000004,4
852992,0x00000003,3
854016,0x00000001,1
855040,0x00000001,1
856064,0x00000001,1
857088,0x00000000,0
858112,0x00000002,2
859136,0x00000000,0
860160,0x00000000,0
861184,0x00000004,4
862208,0x00000004,4
863232,0x00000002,2
864256,0x00000003,3
865280,0x00000001,1
866304,0x00000002,2
867328,0x00000003,3
868352,0x00000003,3
869376,0x00000000,0
870400,0x00000002,2
871424,0x00000003,3
872448,0x00000001,1
873472,0x00000001,1
874496,0x00000002,2
875520,0x00000000,0
876544,0x00000004,4
877568,0x00000002,2
878592,0x00000006,6
879616,0x00000003,3
880640,0x00000002,2
881664,0x00000001,1
882688,0x00000001,1
883712,0x00000002,2
884736,0x00000005,5
885760,0x00000000,0
886784,0x00000002,2
887808,0x00000002,2
888832,0x00000002,2
889856,0x00000001,1
890880,0x00000000,0
891904,0x00000003,3
892928,0x00000002,2
893952,0x00000001,1
894976,0x00000005,5
896000,0x00000001,1
897024,0x00000003,3
898048,0x00000003,3
899072,0x00000002,2
900096,0x00000004,4
901120,0x00000003,3
902144,0x00000002,2
903168,0x00000003,3
904192,0x00000001,1
905216,0x00000001,1
906240,0x00000002,2
907264,0x00000001,1
908288,0x00000002,2
909312,0x00000002,2
910336,0x00000003,3
911360,0x00000002,2
912384,0x00000002,2
913408,0x00000001,1
914432,0x00000002,2
915456,0x00000002,2
916480,0x00000001,1
917504,0x00000001,1
918528,0x00000003,3
919552,0x00000003,3
920576,0x00000003,3
921600,0x00000004,4
922624,0x00000001,1
923648,0x00000003,3
924672,0x00000000,0
925696,0x00000004,4
926720,0x00000002,2
927744,0x00000001,1
928768,0x00000002,2
929792,0x00000005,5
930816,0x00000002,2
931840,0x00000002,2
932864,0x00000004,4
933888,0x00000002,2
934912,0x00000001,1
935936,0x00000002,2
936960,0x00000000,0
937984,0x00000003,3
939008,0x00000001,1
940032,0x00000004,4
941056,0x00000002,2
942080,0x00000000,0
943104,0x00000001,1
944128,0x00000001,1
945152,0x00000001,1
946176,0x00000003,3
947200,0x00000003,3
948224,0x00000000,0
949248,0x00000003,3
950272,0x00000001,1
951296,0x00000002,2
952320,0x00000002,2
953344,0x00000002,2
954368,0x00000002,2
955392,0x00000004,4
956416,0x00000001,1
957440,0x00000000,0
958464,0x00000001,1
959488,0x00000001,1
960512,0x00000003,3
961536,0x00000000,0
962560,0x00000003,3
963584,0x00000003,3
964608,0x00000001,1
965632,0x00000002,2
966656,0x00000001,1
967680,0x00000004,4
968704,0x00000001,1
969728,0x00000003,3
970752,0x00000002,2
971776,0x00000006,6
972800,0x00000001,1
973824,0x00000000,0
974848,0x00000004,4
975872,0x00000006,6
976896,0x00000001,1
977920,0x00000003,3
978944,0x00000003,3
979968,0x00000003,3
980992,0x00000007,7
982016,0x00000005,5
983040,0x00000003,3
984064,0x00000002,2
985088,0x00000008,8
986112,0x00000003,3
987136,0x00000005,5
988160,0x00000000,0
989184,0x00000002,2
990208,0x00000004,4
991232,0x00000005,5
992256,0x00000006,6
993280,0x00000002,2
994304,0x00000001,1
995328,0x00000004,4
996352,0x00000002,2
997376,0x00000004,4
998400,0x00000004,4
999424,0x00000002,2
1000448,0x00000002,2
1001472,0x00000003,3
1002496,0x00000002,2
1003520,0x00000000,0
1004544,0x00000001,1
1005568,0x00000002,2
1006592,0x00000000,0
1007616,0x00000002,2
1008640,0x00000001,1
1009664,0x00000001,1
1010688,0x00000002,2
1011712,0x00000002,2
1012736,0x00000000,0
1013760,0x00000001,1
1014784,0x00000002,2
1015808,0x00000002,2
1016832,0x00000000,0
1017856,0x00000004,4
1018880,0x00000001,1
1019904,0x00000003,3
1020928,0x00000001,1
1021952,0x00000001,1
1022976,0x00000003,3
1024000,0x00000001,1
1025024,0x00000001,1
1026048,0x00000002,2
1027072,0x00000002,2
1028096,0x00000001,1
1029120,0x00000004,4
1030144,0x00000001,1
1031168,0x00000001,1
1032192,0x00000004,4
1033216,0x00000001,1
1034240,0x00000000,0
1035264,0x00000002,2
1036288,0x00000000,0
1037312,0x00000001,1
1038336,0x00000001,1
1039360,0x00000000,0
1040384,0x00000001,1
1041408,0x00000001,1
1042432,0x00000000,0
1043456,0x00000000,0
1044480,0x00000000,0
1045504,0x00000001,1
1046528,0x00000002,2
1047552,0x00000002,2
0,0x00000000,0
1048576,0x000003f4,1012
2097152,0x000001e9,489
3145728,0x0000015f,351
4194304,0x000000e8,232
5242880,0x00000102,258
6291456,0x00000552,1362
7340032,0x000006c3,1731
8388608,0x0000009d,157
9437184,0x00000047,71
10485760,0x00000031,49
11534336,0x00000023,35
12582912,0x00000054,84
13631488,0x0000001b,27
14680064,0x00000022,34
15728640,0x00000025,37
16777216,0x00000063,99
17825792,0x00000077,119
18874368,0x00000044,68
19922944,0x0000001c,28
20971520,0x00000012,18
22020096,0x0000001e,30
23068672,0x00000070,112
24117248,0x0000004e,78
25165824,0x0000003a,58
26214400,0x0000002d,45
27262976,0x0000001e,30
28311552,0x0000000c,12
29360128,0x0000000b,11
30408704,0x0000000c,12
31457280,0x0000005c,92
32505856,0x00000029,41
33554432,0x00000025,37
34603008,0x00000006,6
35651584,0x00000008,8
36700160,0x0000000a,10
37748736,0x0000001e,30
38797312,0x0000004a,74
39845888,0x0000002b,43
40894464,0x00000013,19
41943040,0x00000014,20
42991616,0x00000016,22
44040192,0x00000022,34
45088768,0x0000002d,45
46137344,0x00000028,40
47185920,0x0000000f,15
48234496,0x0000002a,42
49283072,0x00000035,53
50331648,0x0000000c,12
51380224,0x0000000e,14
52428800,0x0000001d,29
53477376,0x00000004,4
54525952,0x00000008,8
55574528,0x00000007,7
56623104,0x00000002,2
57671680,0x00000002,2
58720256,0x00000020,32
59768832,0x00000015,21
60817408,0x00000004,4
61865984,0x0000000d,13
62914560,0x00000017,23
63963136,0x00000005,5
65011712,0x00000010,16
66060288,0x00000004,4
67108864,0x00000002,2
68157440,0x00000000,0
69206016,0x00000002,2
70254592,0x00000005,5
71303168,0x00000005,5
72351744,0x00000025,37
73400320,0x0000001e,30
74448896,0x0000001f,31
75497472,0x00000016,22
76546048,0x00000008,8
77594624,0x00000003,3
78643200,0x0000000a,10
79691776,0x00000001,1
80740352,0x00000004,4
81788928,0x0000000b,11
82837504,0x00000018,24
83886080,0x00000003,3
84934656,0x00000001,1
85983232,0x00000011,17
87031808,0x00000067,103
88080384,0x00000004,4
89128960,0x00000000,0
90177536,0x00000007,7
91226112,0x0000000a,10
92274688,0x00000002,2
93323264,0x00000009,9
94371840,0x00000000,0
95420416,0x0000000f,15
96468992,0x00000000,0
97517568,0x00000001,1
98566144,0x00000002,2
99614720,0x00000001,1
100663296,0x0000000f,15
101711872,0x0000000a,10
102760448,0x00000003,3
103809024,0x0000000e,14
104857600,0x0000000f,15
105906176,0x00000026,38
106954752,0x00000004,4
108003328,0x0000000d,13
109051904,0x00000000,0
110100480,0x00000001,1
111149056,0x00000000,0
112197632,0x00000000,0
113246208,0x00000000,0
114294784,0x00000001,1
115343360,0x00000000,0
116391936,0x00000001,1
117440512,0x00000001,1
118489088,0x00000001,1
119537664,0x00000001,1
120586240,0x00000001,1
121634816,0x00000002,2
122683392,0x00000006,6
123731968,0x00000005,5
124780544,0x0000001a,26
125829120,0x00000005,5
126877696,0x00000006,6
127926272,0x00000001,1
128974848,0x00000000,0
130023424,0x00000000,0
131072000,0x00000000,0
132120576,0x00000000,0
133169152,0x00000001,1
134217728,0x00000006,6
135266304,0x00000006,6
136314880,0x00000003,3
137363456,0x00000000,0
138412032,0x00000000,0
139460608,0x00000000,0
140509184,0x00000000,0
141557760,0x00000000,0
142606336,0x00000000,0
143654912,0x00000000,0
144703488,0x00000001,1
145752064,0x0000000e,14
146800640,0x00000005,5
147849216,0x00000001,1
148897792,0x00000000,0
149946368,0x00000013,19
150994944,0x00000000,0
152043520,0x00000006,6
153092096,0x00000001,1
154140672,0x00000010,16
155189248,0x00000002,2
156237824,0x00000000,0
157286400,0x00000000,0
158334976,0x00000000,0
159383552,0x00000000,0
160432128,0x00000000,0
161480704,0x00000000,0
162529280,0x00000000,0
163577856,0x00000000,0
164626432,0x00000009,9
165675008,0x00000002,2
166723584,0x00000000,0
167772160,0x00000000,0
168820736,0x00000001,1
169869312,0x00000008,8
170917888,0x00000000,0
171966464,0x00000001,1
173015040,0x00000007,7
174063616,0x00000000,0
175112192,0x00000001,1
176160768,0x00000000,0
177209344,0x00000000,0
178257920,0x00000001,1
179306496,0x00000002,2
180355072,0x00000004,4
181403648,0x00000003,3
182452224,0x00000000,0
183500800,0x00000000,0
184549376,0x00000000,0
185597952,0x00000000,0
186646528,0x00000000,0
187695104,0x00000000,0
188743680,0x00000000,0
189792256,0x00000006,6
190840832,0x00000000,0
191889408,0x00000002,2
192937984,0x00000001,1
193986560,0x00000000,0
195035136,0x00000000,0
196083712,0x00000000,0
197132288,0x00000003,3
198180864,0x00000003,3
199229440,0x00000053,83
200278016,0x00000009,9
201326592,0x00000000,0
202375168,0x00000000,0
203423744,0x00000000,0
204472320,0x00000000,0
205520896,0x00000000,0
206569472,0x00000000,0
207618048,0x00000000,0
208666624,0x00000000,0
209715200,0x00000000,0
210763776,0x00000000,0
211812352,0x00000000,0
212860928,0x00000000,0
213909504,0x00000000,0
214958080,0x00000000,0
216006656,0x00000000,0
217055232,0x00000000,0
218103808,0x00000000,0
219152384,0x00000000,0
220200960,0x00000000,0
221249536,0x00000000,0
222298112,0x00000000,0
223346688,0x00000000,0
224395264,0x00000000,0
225443840,0x00000000,0
226492416,0x00000000,0
227540992,0x00000000,0
228589568,0x00000000,0
229638144,0x00000000,0
230686720,0x00000000,0
231735296,0x00000000,0
232783872,0x00000000,0
233832448,0x00000000,0
234881024,0x00000000,0
235929600,0x00000000,0
236978176,0x00000000,0
238026752,0x00000000,0
239075328,0x00000000,0
240123904,0x00000000,0
241172480,0x00000000,0
242221056,0x00000000,0
243269632,0x00000000,0
244318208,0x00000000,0
245366784,0x00000000,0
246415360,0x00000000,0
247463936,0x00000000,0
248512512,0x00000000,0
249561088,0x00000000,0
250609664,0x00000000,0
251658240,0x00000000,0
252706816,0x00000000,0
253755392,0x00000000,0
254803968,0x00000000,0
255852544,0x00000000,0
256901120,0x00000000,0
257949696,0x00000000,0
258998272,0x00000000,0
260046848,0x00000000,0
261095424,0x00000000,0
262144000,0x00000000,0
263192576,0x00000000,0
264241152,0x00000000,0
265289728,0x00000000,0
266338304,0x00000000,0
267386880,0x00000000,0
268435456,0x00000000,0
269484032,0x00000000,0
270532608,0x00000000,0
271581184,0x00000000,0
272629760,0x00000000,0
273678336,0x00000000,0
274726912,0x00000000,0
275775488,0x00000000,0
276824064,0x00000000,0
277872640,0x00000000,0
278921216,0x00000000,0
279969792,0x00000000,0
281018368,0x00000000,0
282066944,0x00000000,0
283115520,0x00000000,0
284164096,0x00000000,0
285212672,0x00000000,0
286261248,0x00000000,0
287309824,0x00000000,0
288358400,0x00000000,0
289406976,0x00000000,0
290455552,0x00000000,0
291504128,0x00000000,0
292552704,0x00000000,0
293601280,0x00000000,0
294649856,0x00000000,0
295698432,0x00000000,0
296747008,0x00000000,0
297795584,0x00000000,0
298844160,0x00000000,0
299892736,0x00000000,0
300941312,0x00000000,0
301989888,0x00000000,0
303038464,0x00000000,0
304087040,0x00000000,0
305135616,0x00000000,0
306184192,0x00000000,0
307232768,0x00000000,0
308281344,0x00000000,0
309329920,0x00000000,0
310378496,0x00000000,0
311427072,0x00000000,0
312475648,0x00000000,0
313524224,0x00000000,0
314572800,0x00000000,0
315621376,0x00000000,0
316669952,0x00000000,0
317718528,0x00000000,0
318767104,0x00000000,0
319815680,0x00000000,0
320864256,0x00000000,0
321912832,0x00000000,0
322961408,0x00000000,0
324009984,0x00000000,0
325058560,0x00000000,0
326107136,0x00000000,0
327155712,0x00000000,0
328204288,0x00000000,0
329252864,0x00000000,0
330301440,0x00000000,0
331350016,0x00000000,0
332398592,0x00000000,0
333447168,0x00000000,0
334495744,0x00000000,0
335544320,0x00000000,0
336592896,0x00000000,0
337641472,0x00000000,0
338690048,0x00000000,0
339738624,0x00000000,0
340787200,0x00000000,0
341835776,0x00000000,0
342884352,0x00000000,0
343932928,0x00000000,0
344981504,0x00000000,0
346030080,0x00000000,0
347078656,0x00000000,0
348127232,0x00000000,0
349175808,0x00000000,0
350224384,0x00000000,0
351272960,0x00000000,0
352321536,0x00000000,0
353370112,0x00000000,0
354418688,0x00000000,0
355467264,0x00000000,0
356515840,0x00000000,0
357564416,0x00000000,0
358612992,0x00000000,0
359661568,0x00000000,0
360710144,0x00000000,0
361758720,0x00000000,0
362807296,0x00000000,0
363855872,0x00000000,0
364904448,0x00000000,0
365953024,0x00000000,0
367001600,0x00000000,0
368050176,0x00000000,0
369098752,0x00000000,0
370147328,0x00000000,0
371195904,0x00000000,0
372244480,0x00000000,0
373293056,0x00000000,0
374341632,0x00000000,0
375390208,0x00000000,0
376438784,0x00000000,0
377487360,0x00000000,0
378535936,0x00000000,0
379584512,0x00000000,0
380633088,0x00000000,0
381681664,0x00000000,0
382730240,0x00000000,0
383778816,0x00000000,0
384827392,0x00000000,0
385875968,0x00000000,0
386924544,0x00000000,0
387973120,0x00000000,0
389021696,0x00000000,0
390070272,0x00000000,0
391118848,0x00000000,0
392167424,0x00000000,0
393216000,0x00000000,0
394264576,0x00000000,0
395313152,0x00000000,0
396361728,0x00000000,0
397410304,0x00000000,0
398458880,0x00000000,0
399507456,0x00000000,0
400556032,0x00000000,0
401604608,0x00000000,0
402653184,0x00000000,0
403701760,0x00000000,0
404750336,0x00000000,0
405798912,0x00000000,0
406847488,0x00000000,0
407896064,0x00000000,0
408944640,0x00000000,0
409993216,0x00000000,0
411041792,0x00000000,0
412090368,0x00000000,0
413138944,0x00000000,0
414187520,0x00000000,0
415236096,0x00000000,0
416284672,0x00000000,0
417333248,0x00000000,0
418381824,0x00000000,0
419430400,0x00000000,0
420478976,0x00000000,0
421527552,0x00000000,0
422576128,0x00000000,0
423624704,0x00000000,0
424673280,0x00000000,0
425721856,0x00000000,0
426770432,0x00000000,0
427819008,0x00000000,0
428867584,0x00000000,0
429916160,0x00000000,0
430964736,0x00000000,0
432013312,0x00000000,0
433061888,0x00000000,0
434110464,0x00000000,0
435159040,0x00000000,0
436207616,0x00000000,0
437256192,0x00000000,0
438304768,0x00000000,0
439353344,0x00000000,0
440401920,0x00000000,0
441450496,0x00000000,0
442499072,0x00000000,0
443547648,0x00000000,0
444596224,0x00000000,0
445644800,0x00000000,0
446693376,0x00000000,0
447741952,0x00000000,0
448790528,0x00000000,0
449839104,0x00000000,0
450887680,0x00000000,0
451936256,0x00000000,0
452984832,0x00000000,0
454033408,0x00000000,0
455081984,0x00000000,0
456130560,0x00000000,0
457179136,0x00000000,0
458227712,0x00000000,0
459276288,0x00000000,0
460324864,0x00000000,0
461373440,0x00000000,0
462422016,0x00000000,0
463470592,0x00000000,0
464519168,0x00000000,0
465567744,0x00000000,0
466616320,0x00000000,0
467664896,0x00000000,0
468713472,0x00000000,0
469762048,0x00000000,0
470810624,0x00000000,0
471859200,0x00000000,0
472907776,0x00000000,0
473956352,0x00000000,0
475004928,0x00000000,0
476053504,0x00000000,0
477102080,0x00000000,0
478150656,0x00000000,0
479199232,0x00000000,0
480247808,0x00000000,0
481296384,0x00000000,0
482344960,0x00000000,0
483393536,0x00000000,0
484442112,0x00000000,0
485490688,0x00000000,0
486539264,0x00000000,0
487587840,0x00000000,0
488636416,0x00000000,0
489684992,0x00000000,0
490733568,0x00000000,0
491782144,0x00000000,0
492830720,0x00000000,0
493879296,0x00000000,0
494927872,0x00000000,0
495976448,0x00000000,0
497025024,0x00000000,0
498073600,0x00000000,0
499122176,0x00000000,0
500170752,0x00000000,0
501219328,0x00000000,0
502267904,0x00000000,0
503316480,0x00000000,0
504365056,0x00000000,0
505413632,0x00000000,0
506462208,0x00000000,0
507510784,0x00000000,0
508559360,0x00000000,0
509607936,0x00000000,0
510656512,0x00000000,0
511705088,0x00000000,0
512753664,0x00000000,0
513802240,0x00000000,0
514850816,0x00000000,0
515899392,0x00000000,0
516947968,0x00000000,0
517996544,0x00000000,0
519045120,0x00000000,0
520093696,0x00000000,0
521142272,0x00000000,0
522190848,0x00000000,0
523239424,0x00000000,0
524288000,0x00000000,0
525336576,0x00000000,0
526385152,0x00000000,0
527433728,0x00000000,0
528482304,0x00000000,0
529530880,0x00000000,0
530579456,0x00000000,0
531628032,0x00000000,0
532676608,0x00000000,0
533725184,0x00000000,0
534773760,0x00000000,0
535822336,0x00000000,0
536870912,0x00000000,0
537919488,0x00000000,0
538968064,0x00000000,0
540016640,0x00000000,0
541065216,0x00000000,0
542113792,0x00000000,0
543162368,0x00000000,0
544210944,0x00000000,0
545259520,0x00000000,0
546308096,0x00000000,0
547356672,0x00000000,0
548405248,0x00000000,0
549453824,0x00000000,0
550502400,0x00000000,0
551550976,0x00000000,0
552599552,0x00000000,0
553648128,0x00000000,0
554696704,0x00000000,0
555745280,0x00000000,0
556793856,0x00000000,0
557842432,0x00000000,0
558891008,0x00000000,0
559939584,0x00000000,0
560988160,0x00000000,0
562036736,0x00000000,0
563085312,0x00000000,0
564133888,0x00000000,0
565182464,0x00000000,0
566231040,0x00000000,0
567279616,0x00000000,0
568328192,0x00000000,0
569376768,0x00000000,0
570425344,0x00000000,0
571473920,0x00000000,0
572522496,0x00000000,0
573571072,0x00000000,0
574619648,0x00000000,0
575668224,0x00000000,0
576716800,0x00000000,0
577765376,0x00000000,0
578813952,0x00000000,0
579862528,0x00000000,0
580911104,0x00000000,0
581959680,0x00000000,0
583008256,0x00000000,0
584056832,0x00000000,0
585105408,0x00000000,0
586153984,0x00000000,0
587202560,0x00000000,0
588251136,0x00000000,0
589299712,0x00000000,0
590348288,0x00000000,0
591396864,0x00000000,0
592445440,0x00000000,0
593494016,0x00000000,0
594542592,0x00000000,0
595591168,0x00000000,0
596639744,0x00000000,0
597688320,0x00000000,0
598736896,0x00000000,0
599785472,0x00000000,0
600834048,0x00000000,0
601882624,0x00000000,0
602931200,0x00000000,0
603979776,0x00000000,0
605028352,0x00000000,0
606076928,0x00000000,0
607125504,0x00000001,1
608174080,0x00000000,0
609222656,0x00000000,0
610271232,0x00000000,0
611319808,0x00000000,0
612368384,0x00000000,0
613416960,0x00000000,0
614465536,0x00000000,0
615514112,0x00000000,0
616562688,0x00000000,0
617611264,0x00000000,0
618659840,0x00000001,1
619708416,0x00000001,1
620756992,0x00000000,0
621805568,0x00000000,0
622854144,0x00000000,0
623902720,0x00000000,0
624951296,0x00000001,1
625999872,0x00000000,0
627048448,0x00000000,0
628097024,0x00000000,0
629145600,0x00000000,0
630194176,0x00000001,1
631242752,0x00000000,0
632291328,0x00000000,0
633339904,0x00000000,0
634388480,0x00000000,0
635437056,0x00000000,0
636485632,0x00000000,0
637534208,0x00000000,0
638582784,0x00000000,0
639631360,0x00000000,0
640679936,0x00000000,0
641728512,0x00000000,0
642777088,0x00000000,0
643825664,0x00000000,0
644874240,0x00000000,0
645922816,0x00000000,0
646971392,0x00000000,0
648019968,0x00000000,0
649068544,0x00000000,0
650117120,0x00000000,0
651165696,0x00000000,0
652214272,0x00000000,0
653262848,0x00000000,0
654311424,0x00000000,0
655360000,0x00000000,0
656408576,0x00000000,0
657457152,0x00000000,0
658505728,0x00000000,0
659554304,0x00000000,0
660602880,0x00000000,0
661651456,0x00000000,0
662700032,0x00000000,0
663748608,0x00000000,0
664797184,0x00000000,0
665845760,0x00000000,0
666894336,0x00000000,0
667942912,0x00000000,0
668991488,0x00000000,0
670040064,0x00000000,0
671088640,0x00000000,0
672137216,0x00000000,0
673185792,0x00000000,0
674234368,0x00000000,0
675282944,0x00000000,0
676331520,0x00000000,0
677380096,0x00000001,1
678428672,0x00000000,0
679477248,0x00000000,0
680525824,0x00000000,0
681574400,0x00000000,0
682622976,0x00000000,0
683671552,0x00000001,1
684720128,0x00000000,0
685768704,0x00000000,0
686817280,0x00000000,0
687865856,0x00000000,0
688914432,0x00000000,0
689963008,0x00000000,0
691011584,0x00000000,0
692060160,0x00000000,0
693108736,0x00000000,0
694157312,0x00000000,0
695205888,0x00000000,0
696254464,0x00000000,0
697303040,0x00000000,0
698351616,0x00000000,0
699400192,0x00000000,0
700448768,0x00000000,0
701497344,0x00000000,0
702545920,0x00000000,0
703594496,0x00000000,0
704643072,0x00000000,0
705691648,0x00000000,0
706740224,0x00000000,0
707788800,0x00000000,0
708837376,0x00000001,1
709885952,0x00000000,0
710934528,0x00000000,0
711983104,0x00000000,0
713031680,0x00000000,0
714080256,0x00000000,0
715128832,0x00000000,0
716177408,0x00000000,0
717225984,0x00000001,1
718274560,0x00000000,0
719323136,0x00000000,0
720371712,0x00000000,0
721420288,0x00000000,0
722468864,0x00000000,0
723517440,0x00000000,0
724566016,0x00000000,0
725614592,0x00000000,0
726663168,0x00000000,0
727711744,0x00000000,0
728760320,0x00000000,0
729808896,0x00000000,0
730857472,0x00000001,1
731906048,0x00000001,1
732954624,0x00000000,0
734003200,0x00000000,0
735051776,0x00000000,0
736100352,0x00000000,0
737148928,0x00000000,0
738197504,0x00000000,0
739246080,0x00000000,0
740294656,0x00000000,0
741343232,0x00000000,0
742391808,0x00000000,0
743440384,0x00000000,0
744488960,0x00000000,0
745537536,0x00000000,0
746586112,0x00000000,0
747634688,0x00000000,0
748683264,0x00000000,0
749731840,0x00000000,0
750780416,0x00000000,0
751828992,0x00000000,0
752877568,0x00000000,0
753926144,0x00000000,0
754974720,0x00000000,0
756023296,0x00000000,0
757071872,0x00000000,0
758120448,0x00000000,0
759169024,0x00000000,0
760217600,0x00000001,1
761266176,0x00000000,0
762314752,0x00000000,0
763363328,0x00000000,0
764411904,0x00000000,0
765460480,0x00000001,1
766509056,0x00000000,0
767557632,0x00000000,0
768606208,0x00000000,0
769654784,0x00000000,0
770703360,0x00000000,0
771751936,0x00000000,0
772800512,0x00000000,0
773849088,0x00000000,0
774897664,0x00000000,0
775946240,0x00000000,0
776994816,0x00000000,0
778043392,0x00000000,0
779091968,0x00000000,0
780140544,0x00000000,0
781189120,0x00000000,0
782237696,0x00000000,0
783286272,0x00000000,0
784334848,0x00000000,0
785383424,0x00000000,0
786432000,0x00000000,0
787480576,0x00000000,0
788529152,0x00000000,0
789577728,0x00000000,0
790626304,0x00000000,0
791674880,0x00000000,0
792723456,0x00000000,0
793772032,0x00000000,0
794820608,0x00000000,0
795869184,0x00000001,1
796917760,0x00000000,0
797966336,0x00000000,0
799014912,0x00000000,0
800063488,0x00000000,0
801112064,0x0000000a,10
802160640,0x00000000,0
803209216,0x00000001,1
804257792,0x00000000,0
805306368,0x00000000,0
806354944,0x00000000,0
807403520,0x00000000,0
808452096,0x00000000,0
809500672,0x00000000,0
810549248,0x00000000,0
811597824,0x00000001,1
812646400,0x00000000,0
813694976,0x00000000,0
814743552,0x00000000,0
815792128,0x00000000,0
816840704,0x00000000,0
817889280,0x00000000,0
818937856,0x00000000,0
819986432,0x00000000,0
821035008,0x00000000,0
822083584,0x00000000,0
823132160,0x00000000,0
824180736,0x00000000,0
825229312,0x00000000,0
826277888,0x00000000,0
827326464,0x00000000,0
828375040,0x00000000,0
829423616,0x00000000,0
830472192,0x00000000,0
831520768,0x00000000,0
832569344,0x00000000,0
833617920,0x00000000,0
834666496,0x00000000,0
835715072,0x00000000,0
836763648,0x00000000,0
837812224,0x00000000,0
838860800,0x00000000,0
839909376,0x00000000,0
840957952,0x00000000,0
842006528,0x00000000,0
843055104,0x00000001,1
844103680,0x00000000,0
845152256,0x00000000,0
846200832,0x00000001,1
847249408,0x00000000,0
848297984,0x00000000,0
849346560,0x00000000,0
850395136,0x00000000,0
851443712,0x00000000,0
852492288,0x00000000,0
853540864,0x00000000,0
854589440,0x00000000,0
855638016,0x00000000,0
856686592,0x00000000,0
857735168,0x00000000,0
858783744,0x00000000,0
859832320,0x00000000,0
860880896,0x00000000,0
861929472,0x00000000,0
862978048,0x00000000,0
864026624,0x00000000,0
865075200,0x00000000,0
866123776,0x00000000,0
867172352,0x00000000,0
868220928,0x00000000,0
869269504,0x00000000,0
870318080,0x00000000,0
871366656,0x00000000,0
872415232,0x00000000,0
873463808,0x00000000,0
874512384,0x00000000,0
875560960,0x00000000,0
876609536,0x00000000,0
877658112,0x00000000,0
878706688,0x00000000,0
879755264,0x00000000,0
880803840,0x00000000,0
881852416,0x00000000,0
882900992,0x00000000,0
883949568,0x00000000,0
884998144,0x00000000,0
886046720,0x00000000,0
887095296,0x00000000,0
888143872,0x00000000,0
889192448,0x00000000,0
890241024,0x00000000,0
891289600,0x00000000,0
892338176,0x00000000,0
893386752,0x00000000,0
894435328,0x00000000,0
895483904,0x00000000,0
896532480,0x00000000,0
897581056,0x00000000,0
898629632,0x00000000,0
899678208,0x00000000,0
900726784,0x00000000,0
901775360,0x00000000,0
902823936,0x00000000,0
903872512,0x00000000,0
904921088,0x00000000,0
905969664,0x00000000,0
907018240,0x00000000,0
908066816,0x00000000,0
909115392,0x00000000,0
910163968,0x00000000,0
911212544,0x00000000,0
912261120,0x00000000,0
913309696,0x00000000,0
914358272,0x00000000,0
915406848,0x00000000,0
916455424,0x00000000,0
917504000,0x00000000,0
918552576,0x00000000,0
919601152,0x00000000,0
920649728,0x00000000,0
921698304,0x00000000,0
922746880,0x00000000,0
923795456,0x00000000,0
924844032,0x00000000,0
925892608,0x00000000,0
926941184,0x00000000,0
927989760,0x00000000,0
929038336,0x00000000,0
930086912,0x00000000,0
931135488,0x00000000,0
932184064,0x00000000,0
933232640,0x00000000,0
934281216,0x00000000,0
935329792,0x00000000,0
936378368,0x00000000,0
937426944,0x00000000,0
938475520,0x00000000,0
939524096,0x00000000,0
940572672,0x00000000,0
941621248,0x00000000,0
942669824,0x00000000,0
943718400,0x00000000,0
944766976,0x00000001,1
945815552,0x00000000,0
946864128,0x00000000,0
947912704,0x00000000,0
948961280,0x00000000,0
950009856,0x00000000,0
951058432,0x00000000,0
952107008,0x00000000,0
953155584,0x00000000,0
954204160,0x00000000,0
955252736,0x00000000,0
956301312,0x00000000,0
957349888,0x00000000,0
958398464,0x00000000,0
959447040,0x00000000,0
960495616,0x00000000,0
961544192,0x00000000,0
962592768,0x00000000,0
963641344,0x00000000,0
964689920,0x00000000,0
965738496,0x00000000,0
966787072,0x00000000,0
967835648,0x00000000,0
968884224,0x00000000,0
969932800,0x00000000,0
970981376,0x00000000,0
972029952,0x00000000,0
973078528,0x00000000,0
974127104,0x00000000,0
975175680,0x00000000,0
976224256,0x00000000,0
977272832,0x00000000,0
978321408,0x00000000,0
979369984,0x00000000,0
980418560,0x00000000,0
981467136,0x00000000,0
982515712,0x00000000,0
983564288,0x00000000,0
984612864,0x00000000,0
985661440,0x00000000,0
986710016,0x00000000,0
987758592,0x00000000,0
988807168,0x00000000,0
989855744,0x00000000,0
990904320,0x00000000,0
991952896,0x00000000,0
993001472,0x00000000,0
994050048,0x00000000,0
995098624,0x00000000,0
996147200,0x00000000,0
997195776,0x00000000,0
998244352,0x00000000,0
999292928,0x00000000,0
1000341504,0x00000000,0
1001390080,0x00000000,0
1002438656,0x00000000,0
1003487232,0x00000000,0
1004535808,0x00000000,0
1005584384,0x00000000,0
1006632960,0x00000000,0
1007681536,0x00000000,0
1008730112,0x00000000,0
1009778688,0x00000000,0
1010827264,0x00000000,0
1011875840,0x00000000,0
1012924416,0x00000000,0
1013972992,0x00000000,0
1015021568,0x00000000,0
1016070144,0x00000000,0
1017118720,0x00000000,0
1018167296,0x00000000,0
1019215872,0x00000000,0
1020264448,0x00000000,0
1021313024,0x00000000,0
1022361600,0x00000000,0
1023410176,0x00000000,0
1024458752,0x00000000,0
1025507328,0x00000000,0
1026555904,0x00000000,0
1027604480,0x00000000,0
1028653056,0x00000000,0
1029701632,0x00000000,0
1030750208,0x00000000,0
1031798784,0x00000000,0
1032847360,0x00000000,0
1033895936,0x00000000,0
1034944512,0x00000000,0
1035993088,0x00000000,0
1037041664,0x00000000,0
1038090240,0x00000000,0
1039138816,0x00000000,0
1040187392,0x00000000,0
1041235968,0x00000000,0
1042284544,0x00000000,0
1043333120,0x00000000,0
1044381696,0x00000000,0
1045430272,0x00000000,0
1046478848,0x00000000,0
1047527424,0x00000000,0
1048576000,0x00000000,0
1049624576,0x00000000,0
1050673152,0x00000000,0
1051721728,0x00000000,0
1052770304,0x00000000,0
1053818880,0x00000000,0
1054867456,0x00000000,0
1055916032,0x00000000,0
1056964608,0x00000000,0
1058013184,0x00000000,0
1059061760,0x00000000,0
1060110336,0x00000000,0
1061158912,0x00000000,0
1062207488,0x00000000,0
1063256064,0x00000000,0
1064304640,0x00000000,0
1065353216,0x00000000,0
1066401792,0x00000000,0
1067450368,0x00000000,0
1068498944,0x00000000,0
1069547520,0x00000000,0
1070596096,0x00000000,0
1071644672,0x00000000,0
1072693248,0x00000000,0
1073741824,0x00000000,0
1074790400,0x00000000,0
1075838976,0x00000000,0
1076887552,0x00000000,0
1077936128,0x00000000,0
1078984704,0x00000000,0
1080033280,0x00000000,0
1081081856,0x00000000,0
1082130432,0x00000000,0
1083179008,0x00000000,0
1084227584,0x00000000,0
1085276160,0x00000000,0
1086324736,0x00000000,0
1087373312,0x00000000,0
1088421888,0x00000000,0
1089470464,0x00000000,0
1090519040,0x00000000,0
1091567616,0x00000000,0
1092616192,0x00000000,0
1093664768,0x00000000,0
1094713344,0x00000000,0
1095761920,0x00000000,0
1096810496,0x00000000,0
1097859072,0x00000000,0
1098907648,0x00000000,0
1099956224,0x00000000,0
1101004800,0x00000000,0
1102053376,0x00000000,0
1103101952,0x00000000,0
1104150528,0x00000000,0
1105199104,0x00000000,0
1106247680,0x00000000,0
1107296256,0x00000000,0
1108344832,0x00000000,0
1109393408,0x00000000,0
1110441984,0x00000000,0
1111490560,0x00000000,0
1112539136,0x00000000,0
1113587712,0x00000000,0
1114636288,0x00000000,0
1115684864,0x00000000,0
1116733440,0x00000000,0
1117782016,0x00000000,0
1118830592,0x00000000,0
1119879168,0x00000000,0
1120927744,0x00000000,0
1121976320,0x00000000,0
1123024896,0x00000000,0
1124073472,0x00000000,0
1125122048,0x00000000,0
1126170624,0x00000000,0
1127219200,0x00000000,0
1128267776,0x00000000,0
1129316352,0x00000000,0
1130364928,0x00000000,0
1131413504,0x00000000,0
1132462080,0x00000000,0
1133510656,0x00000000,0
1134559232,0x00000000,0
1135607808,0x00000000,0
1136656384,0x00000000,0
1137704960,0x00000000,0
1138753536,0x00000000,0
1139802112,0x00000000,0
1140850688,0x00000000,0
1141899264,0x00000000,0
1142947840,0x00000000,0
1143996416,0x00000000,0
1145044992,0x00000000,0
1146093568,0x00000000,0
1147142144,0x00000000,0
1148190720,0x00000000,0
1149239296,0x00000000,0
1150287872,0x00000000,0
1151336448,0x00000000,0
1152385024,0x00000000,0
1153433600,0x00000000,0
1154482176,0x00000000,0
1155530752,0x00000000,0
1156579328,0x00000000,0
1157627904,0x00000000,0
1158676480,0x00000000,0
1159725056,0x00000000,0
1160773632,0x00000000,0
1161822208,0x00000000,0
1162870784,0x00000000,0
1163919360,0x00000000,0
1164967936,0x00000000,0
1166016512,0x00000000,0
1167065088,0x00000000,0
1168113664,0x00000000,0
1169162240,0x00000000,0
1170210816,0x00000000,0
1171259392,0x00000000,0
1172307968,0x00000000,0
1173356544,0x00000000,0
1174405120,0x00000000,0
1175453696,0x00000000,0
1176502272,0x00000000,0
1177550848,0x00000000,0
1178599424,0x00000000,0
1179648000,0x00000000,0
1180696576,0x00000000,0
1181745152,0x00000000,0
1182793728,0x00000000,0
1183842304,0x00000000,0
1184890880,0x00000000,0
1185939456,0x00000000,0
1186988032,0x00000000,0
1188036608,0x00000000,0
1189085184,0x00000000,0
1190133760,0x00000000,0
1191182336,0x00000000,0
1192230912,0x00000000,0
1193279488,0x00000000,0
1194328064,0x00000000,0
1195376640,0x00000000,0
1196425216,0x00000000,0
1197473792,0x00000000,0
1198522368,0x00000000,0
1199570944,0x00000000,0
1200619520,0x00000000,0
1201668096,0x00000000,0
1202716672,0x00000000,0
1203765248,0x00000000,0
1204813824,0x00000000,0
1205862400,0x00000000,0
1206910976,0x00000000,0
1207959552,0x00000000,0
1209008128,0x00000000,0
1210056704,0x00000000,0
1211105280,0x00000000,0
1212153856,0x00000000,0
1213202432,0x00000000,0
1214251008,0x00000000,0
1215299584,0x00000000,0
1216348160,0x00000000,0
1217396736,0x00000000,0
1218445312,0x00000000,0
1219493888,0x00000000,0
1220542464,0x00000000,0
1221591040,0x00000000,0
1222639616,0x00000000,0
1223688192,0x00000000,0
1224736768,0x00000000,0
1225785344,0x00000000,0
1226833920,0x00000000,0
1227882496,0x00000000,0
1228931072,0x00000000,0
1229979648,0x00000000,0
1231028224,0x00000000,0
1232076800,0x00000000,0
1233125376,0x00000000,0
1234173952,0x00000000,0
1235222528,0x00000000,0
1236271104,0x00000000,0
1237319680,0x00000000,0
1238368256,0x00000000,0
1239416832,0x00000000,0
1240465408,0x00000000,0
1241513984,0x00000000,0
1242562560,0x00000000,0
1243611136,0x00000000,0
1244659712,0x00000000,0
1245708288,0x00000000,0
1246756864,0x00000000,0
1247805440,0x00000000,0
1248854016,0x00000000,0
1249902592,0x00000000,0
1250951168,0x00000000,0
1251999744,0x00000000,0
1253048320,0x00000000,0
1254096896,0x00000000,0
1255145472,0x00000000,0
1256194048,0x00000000,0
1257242624,0x00000000,0
1258291200,0x00000000,0
1259339776,0x00000000,0
1260388352,0x00000000,0
1261436928,0x00000000,0
1262485504,0x00000000,0
1263534080,0x00000000,0
1264582656,0x00000000,0
1265631232,0x00000000,0
1266679808,0x00000000,0
1267728384,0x00000000,0
1268776960,0x00000000,0
1269825536,0x00000000,0
1270874112,0x00000000,0
1271922688,0x00000000,0
1272971264,0x00000000,0
1274019840,0x00000000,0
1275068416,0x00000000,0
1276116992,0x00000000,0
1277165568,0x00000000,0
1278214144,0x00000000,0
1279262720,0x00000000,0
1280311296,0x00000000,0
1281359872,0x00000000,0
1282408448,0x00000000,0
1283457024,0x00000000,0
1284505600,0x00000000,0
1285554176,0x00000000,0
1286602752,0x00000000,0
1287651328,0x00000000,0
1288699904,0x00000000,0
1289748480,0x00000000,0
1290797056,0x00000000,0
1291845632,0x00000000,0
1292894208,0x00000000,0
1293942784,0x00000000,0
1294991360,0x00000000,0
1296039936,0x00000000,0
1297088512,0x00000000,0
1298137088,0x00000000,0
1299185664,0x00000000,0
1300234240,0x00000000,0
1301282816,0x00000000,0
1302331392,0x00000000,0
1303379968,0x00000000,0
1304428544,0x00000000,0
1305477120,0x00000000,0
1306525696,0x00000000,0
1307574272,0x00000000,0
1308622848,0x00000000,0
1309671424,0x00000000,0
1310720000,0x00000000,0
1311768576,0x00000000,0
1312817152,0x00000000,0
1313865728,0x00000000,0
1314914304,0x00000000,0
1315962880,0x00000000,0
1317011456,0x00000000,0
1318060032,0x00000000,0
1319108608,0x00000000,0
1320157184,0x00000000,0
1321205760,0x00000000,0
1322254336,0x00000000,0
1323302912,0x00000000,0
1324351488,0x00000000,0
1325400064,0x00000000,0
1326448640,0x00000000,0
1327497216,0x00000000,0
1328545792,0x00000000,0
1329594368,0x00000000,0
1330642944,0x00000000,0
1331691520,0x00000000,0
1332740096,0x00000000,0
1333788672,0x00000000,0
1334837248,0x00000000,0
1335885824,0x00000000,0
1336934400,0x00000000,0
1337982976,0x00000000,0
1339031552,0x00000000,0
1340080128,0x00000000,0
1341128704,0x00000000,0
1342177280,0x00000000,0
1343225856,0x00000000,0
1344274432,0x00000000,0
1345323008,0x00000000,0
1346371584,0x00000000,0
1347420160,0x00000000,0
1348468736,0x00000000,0
1349517312,0x00000000,0
1350565888,0x00000000,0
1351614464,0x00000000,0
1352663040,0x00000000,0
1353711616,0x00000000,0
1354760192,0x00000000,0
1355808768,0x00000000,0
1356857344,0x00000000,0
1357905920,0x00000000,0
1358954496,0x00000000,0
1360003072,0x00000000,0
1361051648,0x00000000,0
1362100224,0x00000000,0
1363148800,0x00000000,0
1364197376,0x00000000,0
1365245952,0x00000000,0
1366294528,0x00000000,0
1367343104,0x00000000,0
1368391680,0x00000000,0
1369440256,0x00000000,0
1370488832,0x00000000,0
1371537408,0x00000000,0
1372585984,0x00000000,0
1373634560,0x00000000,0
1374683136,0x00000000,0
1375731712,0x00000000,0
1376780288,0x00000000,0
1377828864,0x00000000,0
1378877440,0x00000000,0
1379926016,0x00000000,0
1380974592,0x00000000,0
1382023168,0x00000000,0
1383071744,0x00000000,0
1384120320,0x00000000,0
1385168896,0x00000000,0
1386217472,0x00000000,0
1387266048,0x00000000,0
1388314624,0x00000000,0
1389363200,0x00000000,0
1390411776,0x00000000,0
1391460352,0x00000000,0
1392508928,0x00000000,0
1393557504,0x00000000,0
1394606080,0x00000000,0
1395654656,0x00000000,0
1396703232,0x00000000,0
1397751808,0x00000000,0
1398800384,0x00000000,0
1399848960,0x00000000,0
1400897536,0x00000000,0
1401946112,0x00000000,0
1402994688,0x00000000,0
1404043264,0x00000000,0
1405091840,0x00000000,0
1406140416,0x00000000,0
1407188992,0x00000000,0
1408237568,0x00000000,0
1409286144,0x00000000,0
1410334720,0x00000000,0
1411383296,0x00000000,0
1412431872,0x00000000,0
1413480448,0x00000000,0
1414529024,0x00000000,0
1415577600,0x00000000,0
1416626176,0x00000000,0
1417674752,0x00000000,0
1418723328,0x00000000,0
1419771904,0x00000000,0
1420820480,0x00000000,0
1421869056,0x00000000,0
1422917632,0x00000000,0
1423966208,0x00000000,0
1425014784,0x00000000,0
1426063360,0x00000000,0
1427111936,0x00000000,0
1428160512,0x00000000,0
1429209088,0x00000000,0
1430257664,0x00000000,0
1431306240,0x00000000,0
1432354816,0x00000000,0
1433403392,0x00000000,0
1434451968,0x00000000,0
1435500544,0x00000000,0
1436549120,0x00000000,0
1437597696,0x00000000,0
1438646272,0x00000000,0
1439694848,0x00000000,0
1440743424,0x00000000,0
1441792000,0x00000000,0
1442840576,0x00000000,0
1443889152,0x00000000,0
1444937728,0x00000000,0
1445986304,0x00000000,0
1447034880,0x00000000,0
1448083456,0x00000000,0
1449132032,0x00000000,0
1450180608,0x00000000,0
1451229184,0x00000000,0
1452277760,0x00000000,0
1453326336,0x00000000,0
1454374912,0x00000000,0
1455423488,0x00000000,0
1456472064,0x00000000,0
1457520640,0x00000000,0
1458569216,0x00000000,0
1459617792,0x00000000,0
1460666368,0x00000000,0
1461714944,0x00000000,0
1462763520,0x00000000,0
1463812096,0x00000000,0
1464860672,0x00000000,0
1465909248,0x00000000,0
1466957824,0x00000000,0
1468006400,0x00000000,0
1469054976,0x00000000,0
1470103552,0x00000000,0
1471152128,0x00000000,0
1472200704,0x00000000,0
1473249280,0x00000000,0
1474297856,0x00000000,0
1475346432,0x00000000,0
1476395008,0x00000000,0
1477443584,0x00000000,0
1478492160,0x00000000,0
1479540736,0x00000000,0
1480589312,0x00000000,0
1481637888,0x00000000,0
1482686464,0x00000000,0
1483735040,0x00000000,0
1484783616,0x00000000,0
1485832192,0x00000000,0
1486880768,0x00000000,0
1487929344,0x00000000,0
1488977920,0x00000000,0
1490026496,0x00000000,0
1491075072,0x00000000,0
1492123648,0x00000000,0
1493172224,0x00000000,0
1494220800,0x00000000,0
1495269376,0x00000000,0
1496317952,0x00000000,0
1497366528,0x00000000,0
1498415104,0x00000000,0
1499463680,0x00000000,0
1500512256,0x00000000,0
1501560832,0x00000000,0
1502609408,0x00000000,0
1503657984,0x00000000,0
1504706560,0x00000000,0
1505755136,0x00000000,0
1506803712,0x00000000,0
1507852288,0x00000000,0
1508900864,0x00000000,0
1509949440,0x00000000,0
1510998016,0x00000000,0
1512046592,0x00000000,0
1513095168,0x00000000,0
1514143744,0x00000000,0
1515192320,0x00000000,0
1516240896,0x00000000,0
1517289472,0x00000000,0
1518338048,0x00000000,0
1519386624,0x00000000,0
1520435200,0x00000000,0
1521483776,0x00000000,0
1522532352,0x00000000,0
1523580928,0x00000000,0
1524629504,0x00000000,0
1525678080,0x00000000,0
1526726656,0x00000000,0
1527775232,0x00000000,0
1528823808,0x00000000,0
1529872384,0x00000000,0
1530920960,0x00000000,0
1531969536,0x00000000,0
1533018112,0x00000000,0
1534066688,0x00000000,0
1535115264,0x00000000,0
1536163840,0x00000000,0
1537212416,0x00000000,0
1538260992,0x00000000,0
1539309568,0x00000000,0
1540358144,0x00000000,0
1541406720,0x00000000,0
1542455296,0x00000000,0
1543503872,0x00000000,0
1544552448,0x00000000,0
1545601024,0x00000000,0
1546649600,0x00000000,0
1547698176,0x00000000,0
1548746752,0x00000000,0
1549795328,0x00000000,0
1550843904,0x00000000,0
1551892480,0x00000000,0
1552941056,0x00000000,0
1553989632,0x00000000,0
1555038208,0x00000000,0
1556086784,0x00000000,0
1557135360,0x00000000,0
1558183936,0x00000000,0
1559232512,0x00000000,0
1560281088,0x00000000,0
1561329664,0x00000000,0
1562378240,0x00000000,0
1563426816,0x00000000,0
1564475392,0x00000000,0
1565523968,0x00000000,0
1566572544,0x00000000,0
1567621120,0x00000000,0
1568669696,0x00000000,0
1569718272,0x00000000,0
1570766848,0x00000000,0
1571815424,0x00000000,0
1572864000,0x00000000,0
1573912576,0x00000000,0
1574961152,0x00000000,0
1576009728,0x00000000,0
1577058304,0x00000000,0
1578106880,0x00000000,0
1579155456,0x00000000,0
1580204032,0x00000000,0
1581252608,0x00000000,0
1582301184,0x00000000,0
1583349760,0x00000000,0
1584398336,0x00000000,0
1585446912,0x00000000,0
1586495488,0x00000000,0
1587544064,0x00000000,0
1588592640,0x00000000,0
1589641216,0x00000000,0
1590689792,0x00000000,0
1591738368,0x00000000,0
1592786944,0x00000000,0
1593835520,0x00000000,0
1594884096,0x00000000,0
1595932672,0x00000000,0
1596981248,0x00000000,0
1598029824,0x00000000,0
1599078400,0x00000000,0
1600126976,0x00000000,0
1601175552,0x00000000,0
1602224128,0x00000000,0
1603272704,0x00000000,0
1604321280,0x00000000,0
1605369856,0x00000000,0
1606418432,0x00000000,0
1607467008,0x00000000,0
1608515584,0x00000000,0
1609564160,0x00000000,0
1610612736,0x00000000,0
1611661312,0x00000000,0
1612709888,0x00000000,0
1613758464,0x00000000,0
1614807040,0x00000000,0
1615855616,0x00000000,0
1616904192,0x00000000,0
1617952768,0x00000000,0
1619001344,0x00000000,0
1620049920,0x00000000,0
1621098496,0x00000000,0
1622147072,0x00000000,0
1623195648,0x00000000,0
1624244224,0x00000000,0
1625292800,0x00000000,0
1626341376,0x00000000,0
1627389952,0x00000000,0
1628438528,0x00000000,0
1629487104,0x00000000,0
1630535680,0x00000000,0
1631584256,0x00000000,0
1632632832,0x00000000,0
1633681408,0x00000000,0
1634729984,0x00000000,0
1635778560,0x00000000,0
1636827136,0x00000000,0
1637875712,0x00000000,0
1638924288,0x00000000,0
1639972864,0x00000000,0
1641021440,0x00000000,0
1642070016,0x00000000,0
1643118592,0x00000000,0
1644167168,0x00000000,0
1645215744,0x00000000,0
1646264320,0x00000000,0
1647312896,0x00000000,0
1648361472,0x00000000,0
1649410048,0x00000000,0
1650458624,0x00000000,0
1651507200,0x00000000,0
1652555776,0x00000000,0
1653604352,0x00000000,0
1654652928,0x00000000,0
1655701504,0x00000000,0
1656750080,0x00000000,0
1657798656,0x00000000,0
1658847232,0x00000000,0
1659895808,0x00000000,0
1660944384,0x00000000,0
1661992960,0x00000000,0
1663041536,0x00000000,0
1664090112,0x00000000,0
1665138688,0x00000000,0
1666187264,0x00000000,0
1667235840,0x00000000,0
1668284416,0x00000000,0
1669332992,0x00000000,0
1670381568,0x00000000,0
1671430144,0x00000000,0
1672478720,0x00000000,0
1673527296,0x00000000,0
1674575872,0x00000000,0
1675624448,0x00000000,0
1676673024,0x00000000,0
1677721600,0x00000000,0
1678770176,0x00000000,0
1679818752,0x00000000,0
1680867328,0x00000000,0
1681915904,0x00000000,0
1682964480,0x00000000,0
1684013056,0x00000000,0
1685061632,0x00000000,0
1686110208,0x00000000,0
1687158784,0x00000000,0
1688207360,0x00000000,0
1689255936,0x00000000,0
1690304512,0x00000000,0
1691353088,0x00000000,0
1692401664,0x00000000,0
1693450240,0x00000000,0
1694498816,0x00000000,0
1695547392,0x00000000,0
1696595968,0x00000000,0
1697644544,0x00000000,0
1698693120,0x00000000,0
1699741696,0x00000000,0
1700790272,0x00000000,0
1701838848,0x00000000,0
1702887424,0x00000000,0
1703936000,0x00000000,0
1704984576,0x00000000,0
1706033152,0x00000000,0
1707081728,0x00000000,0
1708130304,0x00000000,0
1709178880,0x00000000,0
1710227456,0x00000000,0
1711276032,0x00000000,0
1712324608,0x00000000,0
1713373184,0x00000000,0
1714421760,0x00000000,0
1715470336,0x00000000,0
1716518912,0x00000000,0
1717567488,0x00000000,0
1718616064,0x00000000,0
1719664640,0x00000000,0
1720713216,0x00000000,0
1721761792,0x00000000,0
1722810368,0x00000000,0
1723858944,0x00000000,0
1724907520,0x00000000,0
1725956096,0x00000000,0
1727004672,0x00000000,0
1728053248,0x00000000,0
1729101824,0x00000000,0
1730150400,0x00000000,0
1731198976,0x00000000,0
1732247552,0x00000000,0
1733296128,0x00000000,0
1734344704,0x00000000,0
1735393280,0x00000000,0
1736441856,0x00000000,0
1737490432,0x00000000,0
1738539008,0x00000000,0
1739587584,0x00000000,0
1740636160,0x00000000,0
1741684736,0x00000000,0
1742733312,0x00000000,0
1743781888,0x00000000,0
1744830464,0x00000000,0
1745879040,0x00000000,0
1746927616,0x00000000,0
1747976192,0x00000000,0
1749024768,0x00000000,0
1750073344,0x00000000,0
1751121920,0x00000000,0
1752170496,0x00000000,0
1753219072,0x00000000,0
1754267648,0x00000000,0
1755316224,0x00000000,0
1756364800,0x00000000,0
1757413376,0x00000000,0
1758461952,0x00000000,0
1759510528,0x00000000,0
1760559104,0x00000000,0
1761607680,0x00000000,0
1762656256,0x00000000,0
1763704832,0x00000000,0
1764753408,0x00000000,0
1765801984,0x00000000,0
1766850560,0x00000000,0
1767899136,0x00000000,0
1768947712,0x00000000,0
1769996288,0x00000000,0
1771044864,0x00000000,0
1772093440,0x00000000,0
1773142016,0x00000000,0
1774190592,0x00000000,0
1775239168,0x00000000,0
1776287744,0x00000000,0
1777336320,0x00000000,0
1778384896,0x00000000,0
1779433472,0x00000000,0
1780482048,0x00000000,0
1781530624,0x00000000,0
1782579200,0x00000000,0
1783627776,0x00000000,0
1784676352,0x00000000,0
1785724928,0x00000000,0
1786773504,0x00000000,0
1787822080,0x00000000,0
1788870656,0x00000000,0
1789919232,0x00000000,0
1790967808,0x00000000,0
1792016384,0x00000000,0
1793064960,0x00000000,0
1794113536,0x00000000,0
1795162112,0x00000000,0
1796210688,0x00000000,0
1797259264,0x00000000,0
1798307840,0x00000000,0
1799356416,0x00000000,0
1800404992,0x00000000,0
1801453568,0x00000000,0
1802502144,0x00000000,0
1803550720,0x00000000,0
1804599296,0x00000000,0
1805647872,0x00000000,0
1806696448,0x00000000,0
1807745024,0x00000000,0
1808793600,0x00000000,0
1809842176,0x00000000,0
1810890752,0x00000000,0
1811939328,0x00000000,0
1812987904,0x00000000,0
1814036480,0x00000000,0
1815085056,0x00000000,0
1816133632,0x00000000,0
1817182208,0x00000000,0
1818230784,0x00000000,0
1819279360,0x00000000,0
1820327936,0x00000000,0
1821376512,0x00000000,0
1822425088,0x00000000,0
1823473664,0x00000000,0
1824522240,0x00000000,0
1825570816,0x00000000,0
1826619392,0x00000000,0
1827667968,0x00000000,0
1828716544,0x00000000,0
1829765120,0x00000000,0
1830813696,0x00000000,0
1831862272,0x00000000,0
1832910848,0x00000000,0
1833959424,0x00000000,0
1835008000,0x00000000,0
1836056576,0x00000000,0
1837105152,0x00000000,0
1838153728,0x00000000,0
1839202304,0x00000000,0
1840250880,0x00000000,0
1841299456,0x00000000,0
1842348032,0x00000000,0
1843396608,0x00000000,0
1844445184,0x00000000,0
1845493760,0x00000000,0
1846542336,0x00000000,0
1847590912,0x00000000,0
1848639488,0x00000000,0
1849688064,0x00000000,0
1850736640,0x00000000,0
1851785216,0x00000000,0
1852833792,0x00000000,0
1853882368,0x00000000,0
1854930944,0x00000000,0
1855979520,0x00000000,0
1857028096,0x00000000,0
1858076672,0x00000000,0
1859125248,0x00000000,0
1860173824,0x00000000,0
1861222400,0x00000000,0
1862270976,0x00000000,0
1863319552,0x00000000,0
1864368128,0x00000000,0
1865416704,0x00000000,0
1866465280,0x00000000,0
1867513856,0x00000000,0
1868562432,0x00000000,0
1869611008,0x00000000,0
1870659584,0x00000000,0
1871708160,0x00000000,0
1872756736,0x00000000,0
1873805312,0x00000000,0
1874853888,0x00000000,0
1875902464,0x00000000,0
1876951040,0x00000000,0
1877999616,0x00000000,0
1879048192,0x00000000,0
1880096768,0x00000000,0
1881145344,0x00000000,0
1882193920,0x00000000,0
1883242496,0x00000000,0
1884291072,0x00000000,0
1885339648,0x00000000,0
1886388224,0x00000000,0
1887436800,0x00000000,0
1888485376,0x00000000,0
1889533952,0x00000000,0
1890582528,0x00000000,0
1891631104,0x00000000,0
1892679680,0x00000000,0
1893728256,0x00000000,0
1894776832,0x00000000,0
1895825408,0x00000000,0
1896873984,0x00000000,0
1897922560,0x00000000,0
1898971136,0x00000000,0
1900019712,0x00000000,0
1901068288,0x00000000,0
1902116864,0x00000000,0
1903165440,0x00000000,0
1904214016,0x00000000,0
1905262592,0x00000000,0
1906311168,0x00000000,0
1907359744,0x00000000,0
1908408320,0x00000000,0
1909456896,0x00000000,0
1910505472,0x00000000,0
1911554048,0x00000000,0
1912602624,0x00000000,0
1913651200,0x00000000,0
1914699776,0x00000000,0
1915748352,0x00000000,0
1916796928,0x00000000,0
1917845504,0x00000000,0
1918894080,0x00000000,0
1919942656,0x00000000,0
1920991232,0x00000000,0
1922039808,0x00000000,0
1923088384,0x00000000,0
1924136960,0x00000000,0
1925185536,0x00000000,0
1926234112,0x00000000,0
1927282688,0x00000000,0
1928331264,0x00000000,0
1929379840,0x00000000,0
1930428416,0x00000000,0
1931476992,0x00000000,0
1932525568,0x00000000,0
1933574144,0x00000000,0
1934622720,0x00000000,0
1935671296,0x00000000,0
1936719872,0x00000000,0
1937768448,0x00000000,0
1938817024,0x00000000,0
1939865600,0x00000000,0
1940914176,0x00000000,0
1941962752,0x00000000,0
1943011328,0x00000000,0
1944059904,0x00000000,0
1945108480,0x00000000,0
1946157056,0x00000000,0
1947205632,0x00000000,0
1948254208,0x00000000,0
1949302784,0x00000000,0
1950351360,0x00000000,0
1951399936,0x00000000,0
1952448512,0x00000000,0
1953497088,0x00000000,0
1954545664,0x00000000,0
1955594240,0x00000000,0
1956642816,0x00000000,0
1957691392,0x00000000,0
1958739968,0x00000000,0
1959788544,0x00000000,0
1960837120,0x00000000,0
1961885696,0x00000000,0
1962934272,0x00000000,0
1963982848,0x00000000,0
1965031424,0x00000000,0
1966080000,0x00000000,0
1967128576,0x00000000,0
1968177152,0x00000000,0
1969225728,0x00000000,0
1970274304,0x00000000,0
1971322880,0x00000000,0
1972371456,0x00000000,0
1973420032,0x00000000,0
1974468608,0x00000000,0
1975517184,0x00000000,0
1976565760,0x00000000,0
1977614336,0x00000000,0
1978662912,0x00000000,0
1979711488,0x00000000,0
1980760064,0x00000000,0
1981808640,0x00000000,0
1982857216,0x00000000,0
1983905792,0x00000000,0
1984954368,0x00000000,0
1986002944,0x00000000,0
1987051520,0x00000000,0
1988100096,0x00000000,0
1989148672,0x00000000,0
1990197248,0x00000000,0
1991245824,0x00000000,0
1992294400,0x00000000,0
1993342976,0x00000000,0
1994391552,0x00000000,0
1995440128,0x00000000,0
1996488704,0x00000000,0
1997537280,0x00000000,0
1998585856,0x00000000,0
1999634432,0x00000000,0
2000683008,0x00000000,0
2001731584,0x00000000,0
2002780160,0x00000000,0
2003828736,0x00000000,0
2004877312,0x00000000,0
2005925888,0x00000000,0
2006974464,0x00000000,0
2008023040,0x00000000,0
2009071616,0x00000000,0
2010120192,0x00000000,0
2011168768,0x00000000,0
2012217344,0x00000000,0
2013265920,0x00000000,0
2014314496,0x00000000,0
2015363072,0x00000000,0
2016411648,0x00000000,0
2017460224,0x00000000,0
2018508800,0x00000000,0
2019557376,0x00000000,0
2020605952,0x00000000,0
2021654528,0x00000000,0
2022703104,0x00000000,0
2023751680,0x00000000,0
2024800256,0x00000000,0
2025848832,0x00000000,0
2026897408,0x00000000,0
2027945984,0x00000000,0
2028994560,0x00000000,0
2030043136,0x00000000,0
2031091712,0x00000000,0
2032140288,0x00000000,0
2033188864,0x00000000,0
2034237440,0x00000000,0
2035286016,0x00000000,0
2036334592,0x00000000,0
2037383168,0x00000000,0
2038431744,0x00000000,0
2039480320,0x00000000,0
2040528896,0x00000000,0
2041577472,0x00000000,0
2042626048,0x00000000,0
2043674624,0x00000000,0
2044723200,0x00000000,0
2045771776,0x00000000,0
2046820352,0x00000000,0
2047868928,0x00000000,0
2048917504,0x00000000,0
2049966080,0x00000000,0
2051014656,0x00000000,0
2052063232,0x00000000,0
2053111808,0x00000000,0
2054160384,0x00000000,0
2055208960,0x00000000,0
2056257536,0x00000000,0
2057306112,0x00000000,0
2058354688,0x00000000,0
2059403264,0x00000000,0
2060451840,0x00000000,0
2061500416,0x00000000,0
2062548992,0x00000000,0
2063597568,0x00000000,0
2064646144,0x00000000,0
2065694720,0x00000000,0
2066743296,0x00000000,0
2067791872,0x00000000,0
2068840448,0x00000000,0
2069889024,0x00000000,0
2070937600,0x00000000,0
2071986176,0x00000000,0
2073034752,0x00000000,0
2074083328,0x00000000,0
2075131904,0x00000000,0
2076180480,0x00000000,0
2077229056,0x00000000,0
2078277632,0x00000000,0
2079326208,0x00000000,0
2080374784,0x00000000,0
2081423360,0x00000000,0
2082471936,0x00000000,0
2083520512,0x00000000,0
2084569088,0x00000000,0
2085617664,0x00000000,0
2086666240,0x00000000,0
2087714816,0x00000000,0
2088763392,0x00000000,0
2089811968,0x00000000,0
2090860544,0x00000000,0
2091909120,0x00000000,0
2092957696,0x00000000,0
2094006272,0x00000000,0
2095054848,0x00000000,0
2096103424,0x00000000,0
2097152000,0x00000000,0
2098200576,0x00000000,0
2099249152,0x00000000,0
2100297728,0x00000000,0
2101346304,0x00000000,0
2102394880,0x00000000,0
2103443456,0x00000000,0
2104492032,0x00000000,0
2105540608,0x00000000,0
2106589184,0x00000000,0
2107637760,0x00000000,0
2108686336,0x00000000,0
2109734912,0x00000000,0
2110783488,0x00000000,0
2111832064,0x00000000,0
2112880640,0x00000000,0
2113929216,0x00000000,0
2114977792,0x00000000,0
2116026368,0x00000000,0
2117074944,0x00000000,0
2118123520,0x00000000,0
2119172096,0x00000000,0
2120220672,0x00000000,0
2121269248,0x00000000,0
2122317824,0x00000000,0
2123366400,0x00000000,0
2124414976,0x00000000,0
2125463552,0x00000000,0
2126512128,0x00000000,0
2127560704,0x00000000,0
2128609280,0x00000000,0
2129657856,0x00000000,0
2130706432,0x00000000,0
2131755008,0x00000000,0
2132803584,0x00000000,0
2133852160,0x00000000,0
2134900736,0x00000000,0
2135949312,0x00000000,0
2136997888,0x00000000,0
2138046464,0x00000000,0
2139095040,0x00000000,0
2140143616,0x00000000,0
2141192192,0x00000000,0
2142240768,0x00000000,0
2143289344,0x00000000,0
2144337920,0x00000000,0
2145386496,0x00000000,0
2146435072,0x00000000,0
