0,0x0000003c,60
1,0x0000003c,60
2,0x0000003c,60
3,0x0000003c,60
4,0x0000003c,60
5,0x0000005a,90
6,0x0000005a,90
7,0x0000004e,78
8,0x000000a0,160
9,0x0000005a,90
10,0x00000046,70
11,0x00000046,70
12,0x0000003c,60
13,0x0000003c,60
14,0x0000003c,60
15,0x0000003c,60
16,0x0000003c,60
17,0x0000003c,60
18,0x0000003c,60
19,0x0000003c,60
20,0x0000003c,60
21,0x0000003c,60
22,0x0000003c,60
23,0x0000003c,60
24,0x0000003c,60
25,0x0000003c,60
26,0x0000003c,60
27,0x0000003c,60
28,0x0000003c,60
29,0x0000003c,60
30,0x0000003c,60
31,0x0000003c,60
32,0x0000003c,60
33,0x0000003c,60
34,0x0000003c,60
35,0x0000003c,60
36,0x0000003c,60
37,0x0000003c,60
38,0x0000003c,60
39,0x0000003c,60
40,0x0000003c,60
41,0x0000003c,60
42,0x0000003c,60
43,0x0000003c,60
44,0x0000003c,60
45,0x0000003c,60
46,0x0000003c,60
47,0x0000003c,60
48,0x0000003c,60
49,0x0000003c,60
50,0x0000003c,60
51,0x0000003c,60
52,0x0000003c,60
53,0x0000003c,60
54,0x0000003c,60
55,0x0000003c,60
56,0x0000003c,60
57,0x0000003c,60
58,0x0000003c,60
59,0x0000003c,60
60,0x0000003c,60
61,0x0000003c,60
62,0x0000003c,60
63,0x0000003c,60
64,0x0000003c,60
65,0x0000003c,60
66,0x0000003c,60
67,0x0000003c,60
68,0x0000003c,60
69,0x0000003c,60
70,0x0000003c,60
71,0x0000003c,60
72,0x0000003c,60
73,0x0000003c,60
74,0x0000003c,60
75,0x0000003c,60
76,0x0000003c,60
77,0x0000003c,60
78,0x0000003c,60
79,0x0000003c,60
80,0x0000003c,60
81,0x0000003c,60
82,0x0000003c,60
83,0x0000003c,60
84,0x0000003c,60
85,0x0000003c,60
86,0x0000003c,60
87,0x0000003c,60
88,0x0000003c,60
89,0x0000003c,60
90,0x0000003c,60
91,0x0000003c,60
92,0x0000003c,60
93,0x0000003c,60
94,0x0000003c,60
95,0x0000003c,60
96,0x0000003c,60
97,0x0000003c,60
98,0x0000003c,60
99,0x0000003c,60
100,0x0000003c,60
101,0x0000003c,60
102,0x0000003c,60
103,0x0000003c,60
104,0x0000003c,60
105,0x0000003c,60
106,0x0000003c,60
107,0x0000003c,60
108,0x0000003c,60
109,0x0000003c,60
110,0x0000003c,60
111,0x0000003c,60
112,0x0000003c,60
113,0x0000003c,60
114,0x0000003c,60
115,0x0000003c,60
116,0x0000003c,60
117,0x0000003c,60
118,0x0000003c,60
119,0x0000003c,60
120,0x0000003c,60
121,0x0000003c,60
122,0x0000003c,60
123,0x0000003c,60
124,0x0000003c,60
125,0x0000003c,60
126,0x0000003c,60
127,0x0000003c,60
128,0x0000003c,60
129,0x0000003c,60
130,0x0000003c,60
131,0x0000003c,60
132,0x0000003c,60
133,0x0000003c,60
134,0x0000003c,60
135,0x0000003c,60
136,0x0000003c,60
137,0x0000003c,60
138,0x0000003c,60
139,0x0000003c,60
140,0x0000003c,60
141,0x0000003c,60
142,0x0000003c,60
143,0x0000003c,60
144,0x0000003c,60
145,0x0000003c,60
146,0x0000003c,60
147,0x0000003c,60
148,0x0000003c,60
149,0x0000003c,60
150,0x0000003c,60
151,0x0000003c,60
152,0x0000003c,60
153,0x0000003c,60
154,0x0000003c,60
155,0x0000003c,60
156,0x0000003c,60
157,0x0000003c,60
158,0x0000003c,60
159,0x0000003c,60
160,0x0000003c,60
161,0x0000003c,60
162,0x0000003c,60
163,0x0000003c,60
164,0x0000003c,60
165,0x0000003c,60
166,0x0000003c,60
167,0x0000003c,60
168,0x0000003c,60
169,0x0000003c,60
170,0x0000003c,60
171,0x0000003c,60
172,0x0000003c,60
173,0x0000003c,60
174,0x0000003c,60
175,0x0000003c,60
176,0x0000003c,60
177,0x0000003c,60
178,0x0000003c,60
179,0x0000003c,60
180,0x0000003c,60
181,0x0000003c,60
182,0x0000003c,60
183,0x0000003c,60
184,0x0000003c,60
185,0x0000003c,60
186,0x0000003c,60
187,0x0000003c,60
188,0x0000003c,60
189,0x0000003c,60
190,0x0000003c,60
191,0x0000003c,60
192,0x0000003c,60
193,0x0000003c,60
194,0x0000003c,60
195,0x0000003c,60
196,0x0000003c,60
197,0x0000003c,60
198,0x0000003c,60
199,0x0000003c,60
200,0x0000003c,60
201,0x0000003c,60
202,0x0000003c,60
203,0x0000003c,60
204,0x0000003c,60
205,0x0000003c,60
206,0x0000003c,60
207,0x0000003c,60
208,0x0000003c,60
209,0x0000003c,60
210,0x0000003c,60
211,0x0000003c,60
212,0x0000003c,60
213,0x0000003c,60
214,0x0000003c,60
215,0x0000003c,60
216,0x0000003c,60
217,0x0000003c,60
218,0x0000003c,60
219,0x0000003c,60
220,0x0000003c,60
221,0x0000003c,60
222,0x0000003c,60
223,0x0000003c,60
224,0x0000003c,60
225,0x0000003c,60
226,0x0000003c,60
227,0x0000003c,60
228,0x0000003c,60
229,0x0000003c,60
230,0x0000003c,60
231,0x0000003c,60
232,0x0000003c,60
233,0x0000003c,60
234,0x0000003c,60
235,0x0000003c,60
236,0x0000003c,60
237,0x0000003c,60
238,0x0000003c,60
239,0x0000003c,60
240,0x0000003c,60
241,0x0000003c,60
242,0x0000003c,60
243,0x0000003c,60
244,0x0000003c,60
245,0x0000003c,60
246,0x0000003c,60
247,0x0000003c,60
248,0x0000003c,60
249,0x0000003c,60
250,0x0000003c,60
251,0x0000003c,60
252,0x0000003c,60
253,0x0000003c,60
254,0x0000003c,60
255,0x0000003c,60
256,0x0000003c,60
257,0x0000003c,60
258,0x0000003c,60
259,0x0000003c,60
260,0x0000003c,60
261,0x0000003c,60
262,0x0000003c,60
263,0x0000003c,60
264,0x0000003c,60
265,0x0000003c,60
266,0x0000003c,60
267,0x0000003c,60
268,0x0000003c,60
269,0x0000003c,60
270,0x0000003c,60
271,0x0000003c,60
272,0x0000003c,60
273,0x0000003c,60
274,0x0000003c,60
275,0x0000003c,60
276,0x0000003c,60
277,0x0000003c,60
278,0x0000003c,60
279,0x0000003c,60
280,0x0000003c,60
281,0x0000003c,60
282,0x0000003c,60
283,0x0000003c,60
284,0x0000003c,60
285,0x0000003c,60
286,0x0000003c,60
287,0x0000003c,60
288,0x0000003c,60
289,0x0000003c,60
290,0x0000003c,60
291,0x0000003c,60
292,0x0000003c,60
293,0x0000003c,60
294,0x0000003c,60
295,0x0000003c,60
296,0x0000003c,60
297,0x0000003c,60
298,0x0000003c,60
299,0x0000003c,60
300,0x0000003c,60
301,0x0000003c,60
302,0x0000003c,60
303,0x0000003c,60
304,0x0000003c,60
305,0x0000003c,60
306,0x0000003c,60
307,0x0000003c,60
308,0x0000003c,60
309,0x0000003c,60
310,0x0000003c,60
311,0x0000003c,60
312,0x0000003c,60
313,0x0000003c,60
314,0x0000003c,60
315,0x0000003c,60
316,0x0000003c,60
317,0x0000003c,60
318,0x0000003c,60
319,0x0000003c,60
320,0x0000003c,60
321,0x0000003c,60
322,0x0000003c,60
323,0x0000003c,60
324,0x0000003c,60
325,0x0000003c,60
326,0x0000003c,60
327,0x0000003c,60
328,0x0000003c,60
329,0x0000003c,60
330,0x0000003c,60
331,0x0000003c,60
332,0x0000003c,60
333,0x0000003c,60
334,0x0000003c,60
335,0x0000003c,60
336,0x0000003c,60
337,0x0000003c,60
338,0x0000003c,60
339,0x0000003c,60
340,0x0000003c,60
341,0x0000003c,60
342,0x0000003c,60
343,0x0000003c,60
344,0x0000003c,60
345,0x0000003c,60
346,0x0000003c,60
347,0x0000003c,60
348,0x0000003c,60
349,0x0000003c,60
350,0x0000003c,60
351,0x0000003c,60
352,0x0000003c,60
353,0x0000003c,60
354,0x0000003c,60
355,0x0000003c,60
356,0x0000003c,60
357,0x0000003c,60
358,0x0000003c,60
359,0x0000003c,60
360,0x0000003c,60
361,0x0000003c,60
362,0x0000003c,60
363,0x0000003c,60
364,0x0000003c,60
365,0x0000003c,60
366,0x0000003c,60
367,0x0000003c,60
368,0x0000003c,60
369,0x0000003c,60
370,0x0000003c,60
371,0x0000003c,60
372,0x0000003c,60
373,0x0000003c,60
374,0x0000003c,60
375,0x0000003c,60
376,0x0000003c,60
377,0x0000003c,60
378,0x0000003c,60
379,0x0000003c,60
380,0x0000003c,60
381,0x0000003c,60
382,0x0000003c,60
383,0x0000003c,60
384,0x0000003c,60
385,0x0000003c,60
386,0x0000003c,60
387,0x0000003c,60
388,0x0000003c,60
389,0x0000003c,60
390,0x0000003c,60
391,0x0000003c,60
392,0x0000003c,60
393,0x0000003c,60
394,0x0000003c,60
395,0x0000003c,60
396,0x0000003c,60
397,0x0000003c,60
398,0x0000003c,60
399,0x0000003c,60
400,0x0000003c,60
401,0x0000003c,60
402,0x0000003c,60
403,0x0000003c,60
404,0x0000003c,60
405,0x0000003c,60
406,0x0000003c,60
407,0x0000003c,60
408,0x0000003c,60
409,0x0000003c,60
410,0x0000003c,60
411,0x0000003c,60
412,0x0000003c,60
413,0x0000003c,60
414,0x0000003c,60
415,0x0000003c,60
416,0x0000003c,60
417,0x0000003c,60
418,0x0000003c,60
419,0x0000003c,60
420,0x0000003c,60
421,0x0000003c,60
422,0x0000003c,60
423,0x0000003c,60
424,0x0000003c,60
425,0x0000003c,60
426,0x0000003c,60
427,0x0000003c,60
428,0x0000003c,60
429,0x0000003c,60
430,0x0000003c,60
431,0x0000003c,60
432,0x0000003c,60
433,0x0000003c,60
434,0x0000003c,60
435,0x0000003c,60
436,0x0000003c,60
437,0x0000003c,60
438,0x0000003c,60
439,0x0000003c,60
440,0x0000003c,60
441,0x0000003c,60
442,0x0000003c,60
443,0x0000003c,60
444,0x0000003c,60
445,0x0000003c,60
446,0x0000003c,60
447,0x0000003c,60
448,0x0000003c,60
449,0x0000003c,60
450,0x0000003c,60
451,0x0000003c,60
452,0x0000003c,60
453,0x0000003c,60
454,0x0000003c,60
455,0x0000003c,60
456,0x0000003c,60
457,0x0000003c,60
458,0x0000003c,60
459,0x0000003c,60
460,0x0000003c,60
461,0x0000003c,60
462,0x0000003c,60
463,0x0000003c,60
464,0x0000003c,60
465,0x0000003c,60
466,0x0000003c,60
467,0x0000003c,60
468,0x0000003c,60
469,0x0000003c,60
470,0x0000003c,60
471,0x0000003c,60
472,0x0000003c,60
473,0x0000003c,60
474,0x0000003c,60
475,0x0000003c,60
476,0x0000003c,60
477,0x0000003c,60
478,0x0000003c,60
479,0x0000003c,60
480,0x0000003c,60
481,0x0000003c,60
482,0x0000003c,60
483,0x0000003c,60
484,0x0000003c,60
485,0x0000003c,60
486,0x0000003c,60
487,0x0000003c,60
488,0x0000003c,60
489,0x0000003c,60
490,0x0000003c,60
491,0x0000003c,60
492,0x0000003c,60
493,0x0000003c,60
494,0x0000003c,60
495,0x0000003c,60
496,0x0000003c,60
497,0x0000003c,60
498,0x0000003c,60
499,0x0000003c,60
500,0x0000003c,60
501,0x0000003c,60
502,0x0000003c,60
503,0x0000003c,60
504,0x0000003c,60
505,0x0000003c,60
506,0x0000003c,60
507,0x0000003c,60
508,0x0000003c,60
509,0x0000003c,60
510,0x0000003c,60
511,0x0000003c,60
512,0x0000003c,60
513,0x0000003c,60
514,0x0000003c,60
515,0x0000003c,60
516,0x0000003c,60
517,0x0000003c,60
518,0x0000003c,60
519,0x0000003c,60
520,0x0000003c,60
521,0x0000003c,60
522,0x0000003c,60
523,0x0000003c,60
524,0x0000003c,60
525,0x0000003c,60
526,0x0000003c,60
527,0x0000003c,60
528,0x0000003c,60
529,0x0000003c,60
530,0x0000003c,60
531,0x0000003c,60
532,0x0000003c,60
533,0x0000003c,60
534,0x0000003c,60
535,0x0000003c,60
536,0x0000003c,60
537,0x0000003c,60
538,0x0000003c,60
539,0x0000003c,60
540,0x0000003c,60
541,0x0000003c,60
542,0x0000003c,60
543,0x0000003c,60
544,0x0000003c,60
545,0x0000003c,60
546,0x0000003c,60
547,0x0000003c,60
548,0x0000003c,60
549,0x0000003c,60
550,0x0000003c,60
551,0x0000003c,60
552,0x0000003c,60
553,0x0000003c,60
554,0x0000003c,60
555,0x0000003c,60
556,0x0000003c,60
557,0x0000003c,60
558,0x0000003c,60
559,0x0000003c,60
560,0x0000003c,60
561,0x0000003c,60
562,0x0000003c,60
563,0x0000003c,60
564,0x0000003c,60
565,0x0000003c,60
566,0x0000003c,60
567,0x0000003c,60
568,0x0000003c,60
569,0x0000003c,60
570,0x0000003c,60
571,0x0000003c,60
572,0x0000003c,60
573,0x0000003c,60
574,0x0000003c,60
575,0x0000003c,60
576,0x0000003c,60
577,0x0000003c,60
578,0x0000003c,60
579,0x0000003c,60
580,0x0000003c,60
581,0x0000003c,60
582,0x0000003c,60
583,0x0000003c,60
584,0x0000003c,60
585,0x0000003c,60
586,0x0000003c,60
587,0x0000003c,60
588,0x0000003c,60
589,0x0000003c,60
590,0x0000003c,60
591,0x0000003c,60
592,0x0000003c,60
593,0x0000003c,60
594,0x0000003c,60
595,0x0000003c,60
596,0x0000003c,60
597,0x0000003c,60
598,0x0000003c,60
599,0x0000003c,60
600,0x0000003c,60
601,0x0000003c,60
602,0x0000003c,60
603,0x0000003c,60
604,0x0000003c,60
605,0x0000003c,60
606,0x0000003c,60
607,0x0000003c,60
608,0x0000003c,60
609,0x0000003c,60
610,0x0000003c,60
611,0x0000003c,60
612,0x0000003c,60
613,0x0000003c,60
614,0x0000003c,60
615,0x0000003c,60
616,0x0000003c,60
617,0x0000003c,60
618,0x0000003c,60
619,0x0000003c,60
620,0x0000003c,60
621,0x0000003c,60
622,0x0000003c,60
623,0x0000003c,60
624,0x0000003c,60
625,0x0000003c,60
626,0x0000003c,60
627,0x0000003c,60
628,0x0000003c,60
629,0x0000003c,60
630,0x0000003c,60
631,0x0000003c,60
632,0x0000003c,60
633,0x0000003c,60
634,0x0000003c,60
635,0x0000003c,60
636,0x0000003c,60
637,0x0000003c,60
638,0x0000003c,60
639,0x0000003c,60
640,0x0000003c,60
641,0x0000003c,60
642,0x0000003c,60
643,0x0000003c,60
644,0x0000003c,60
645,0x0000003c,60
646,0x0000003c,60
647,0x0000003c,60
648,0x0000003c,60
649,0x0000003c,60
650,0x0000003c,60
651,0x0000003c,60
652,0x0000003c,60
653,0x0000003c,60
654,0x0000003c,60
655,0x0000003c,60
656,0x0000003c,60
657,0x0000003c,60
658,0x0000003c,60
659,0x0000003c,60
660,0x0000003c,60
661,0x0000003c,60
662,0x0000003c,60
663,0x0000003c,60
664,0x0000003c,60
665,0x0000003c,60
666,0x0000003c,60
667,0x0000003c,60
668,0x0000003c,60
669,0x0000003c,60
670,0x0000003c,60
671,0x0000003c,60
672,0x0000003c,60
673,0x0000003c,60
674,0x0000003c,60
675,0x0000003c,60
676,0x0000003c,60
677,0x0000003c,60
678,0x0000003c,60
679,0x0000003c,60
680,0x0000003c,60
681,0x0000003c,60
682,0x0000003c,60
683,0x0000003c,60
684,0x0000003c,60
685,0x0000003c,60
686,0x0000003c,60
687,0x0000003c,60
688,0x0000003c,60
689,0x0000003c,60
690,0x0000003c,60
691,0x0000003c,60
692,0x0000003c,60
693,0x0000003c,60
694,0x0000003c,60
695,0x0000003c,60
696,0x0000003c,60
697,0x0000003c,60
698,0x0000003c,60
699,0x0000003c,60
700,0x0000003c,60
701,0x0000003c,60
702,0x0000003c,60
703,0x0000003c,60
704,0x0000003c,60
705,0x0000003c,60
706,0x0000003c,60
707,0x0000003c,60
708,0x0000003c,60
709,0x0000003c,60
710,0x0000003c,60
711,0x0000003c,60
712,0x0000003c,60
713,0x0000003c,60
714,0x0000003c,60
715,0x0000003c,60
716,0x0000003c,60
717,0x0000003c,60
718,0x0000003c,60
719,0x0000003c,60
720,0x0000003c,60
721,0x0000003c,60
722,0x0000003c,60
723,0x0000003c,60
724,0x0000003c,60
725,0x0000003c,60
726,0x0000003c,60
727,0x0000003c,60
728,0x0000003c,60
729,0x0000003c,60
730,0x0000003c,60
731,0x0000003c,60
732,0x0000003c,60
733,0x0000003c,60
734,0x0000003c,60
735,0x0000003c,60
736,0x0000003c,60
737,0x0000003c,60
738,0x0000003c,60
739,0x0000003c,60
740,0x0000003c,60
741,0x0000003c,60
742,0x0000003c,60
743,0x0000003c,60
744,0x0000003c,60
745,0x0000003c,60
746,0x0000003c,60
747,0x0000003c,60
748,0x0000003c,60
749,0x0000003c,60
750,0x0000003c,60
751,0x0000003c,60
752,0x0000003c,60
753,0x0000003c,60
754,0x0000003c,60
755,0x0000003c,60
756,0x0000003c,60
757,0x0000003c,60
758,0x0000003c,60
759,0x0000003c,60
760,0x0000003c,60
761,0x0000003c,60
762,0x0000003c,60
763,0x0000003c,60
764,0x0000003c,60
765,0x0000003c,60
766,0x0000003c,60
767,0x0000003c,60
768,0x0000003c,60
769,0x0000003c,60
770,0x0000003c,60
771,0x0000003c,60
772,0x0000003c,60
773,0x0000003c,60
774,0x0000003c,60
775,0x0000003c,60
776,0x0000003c,60
777,0x0000003c,60
778,0x0000003c,60
779,0x0000003c,60
780,0x0000003c,60
781,0x0000003c,60
782,0x0000003c,60
783,0x0000003c,60
784,0x0000003c,60
785,0x0000003c,60
786,0x0000003c,60
787,0x0000003c,60
788,0x0000003c,60
789,0x0000003c,60
790,0x0000003c,60
791,0x0000003c,60
792,0x0000003c,60
793,0x0000003c,60
794,0x0000003c,60
795,0x0000003c,60
796,0x0000003c,60
797,0x0000003c,60
798,0x0000003c,60
799,0x0000003c,60
800,0x0000003c,60
801,0x0000003c,60
802,0x0000003c,60
803,0x0000003c,60
804,0x0000003c,60
805,0x0000003c,60
806,0x0000003c,60
807,0x0000003c,60
808,0x0000003c,60
809,0x0000003c,60
810,0x0000003c,60
811,0x0000003c,60
812,0x0000003c,60
813,0x0000003c,60
814,0x0000003c,60
815,0x0000003c,60
816,0x0000003c,60
817,0x0000003c,60
818,0x0000003c,60
819,0x0000003c,60
820,0x0000003c,60
821,0x0000003c,60
822,0x0000003c,60
823,0x0000003c,60
824,0x0000003c,60
825,0x0000003c,60
826,0x0000003c,60
827,0x0000003c,60
828,0x0000003c,60
829,0x0000003c,60
830,0x0000003c,60
831,0x0000003c,60
832,0x0000003c,60
833,0x0000003c,60
834,0x0000003c,60
835,0x0000003c,60
836,0x0000003c,60
837,0x0000003c,60
838,0x0000003c,60
839,0x0000003c,60
840,0x0000003c,60
841,0x0000003c,60
842,0x0000003c,60
843,0x0000003c,60
844,0x0000003c,60
845,0x0000003c,60
846,0x0000003c,60
847,0x0000003c,60
848,0x0000003c,60
849,0x0000003c,60
850,0x0000003c,60
851,0x0000003c,60
852,0x0000003c,60
853,0x0000003c,60
854,0x0000003c,60
855,0x0000003c,60
856,0x0000003c,60
857,0x0000003c,60
858,0x0000003c,60
859,0x0000003c,60
860,0x0000003c,60
861,0x0000003c,60
862,0x0000003c,60
863,0x0000003c,60
864,0x0000003c,60
865,0x0000003c,60
866,0x0000003c,60
867,0x0000003c,60
868,0x0000003c,60
869,0x0000003c,60
870,0x0000003c,60
871,0x0000003c,60
872,0x0000003c,60
873,0x0000003c,60
874,0x0000003c,60
875,0x0000003c,60
876,0x0000003c,60
877,0x0000003c,60
878,0x0000003c,60
879,0x0000003c,60
880,0x0000003c,60
881,0x0000003c,60
882,0x0000003c,60
883,0x0000003c,60
884,0x0000003c,60
885,0x0000003c,60
886,0x0000003c,60
887,0x0000003c,60
888,0x0000003c,60
889,0x0000003c,60
890,0x0000003c,60
891,0x0000003c,60
892,0x0000003c,60
893,0x0000003c,60
894,0x0000003c,60
895,0x0000003c,60
896,0x0000003c,60
897,0x0000003c,60
898,0x0000003c,60
899,0x0000003c,60
900,0x0000003c,60
901,0x0000003c,60
902,0x0000003c,60
903,0x0000003c,60
904,0x0000003c,60
905,0x0000003c,60
906,0x0000003c,60
907,0x0000003c,60
908,0x0000003c,60
909,0x0000003c,60
910,0x0000003c,60
911,0x0000003c,60
912,0x0000003c,60
913,0x0000003c,60
914,0x0000003c,60
915,0x0000003c,60
916,0x0000003c,60
917,0x0000003c,60
918,0x0000003c,60
919,0x0000003c,60
920,0x0000003c,60
921,0x0000003c,60
922,0x0000003c,60
923,0x0000004a,74
924,0x00000042,66
925,0x00000042,66
926,0x00000081,129
927,0x00000069,105
928,0x0000017a,378
929,0x00000042,66
930,0x00000074,116
931,0x00000084,132
932,0x00000086,134
933,0x00000042,66
934,0x0000019a,410
935,0x00000069,105
936,0x00000074,116
937,0x00000074,116
938,0x0000003c,60
939,0x0000003c,60
940,0x0000003c,60
941,0x0000003c,60
942,0x0000003c,60
943,0x0000003c,60
944,0x00000071,113
945,0x00000105,261
946,0x00000042,66
947,0x00000074,116
948,0x00000084,132
949,0x00000086,134
950,0x00000042,66
951,0x00000084,132
952,0x000000e0,224
953,0x000000e1,225
954,0x00000074,116
955,0x00000074,116
956,0x0000003c,60
957,0x0000003c,60
958,0x0000003c,60
959,0x0000003c,60
960,0x0000003c,60
961,0x00000071,113
962,0x00000105,261
963,0x00000042,66
964,0x00000074,116
965,0x00000084,132
966,0x00000086,134
967,0x00000042,66
968,0x00000042,66
969,0x000000fb,251
970,0x00000108,264
971,0x00000074,116
972,0x00000074,116
973,0x0000003c,60
974,0x0000003c,60
975,0x0000003c,60
976,0x0000003c,60
977,0x0000003c,60
978,0x00000071,113
979,0x00000105,261
980,0x00000042,66
981,0x00000074,116
982,0x00000084,132
983,0x00000086,134
984,0x00000042,66
985,0x0000012f,303
986,0x000000e1,225
987,0x00000074,116
988,0x00000074,116
989,0x0000003c,60
990,0x0000003c,60
991,0x0000003c,60
992,0x0000003c,60
993,0x0000003c,60
994,0x00000071,113
995,0x00000105,261
996,0x00000042,66
997,0x00000074,116
998,0x00000084,132
999,0x00000086,134
1000,0x00000042,66
1001,0x00000076,118
1002,0x0000014b,331
1003,0x00000074,116
1004,0x00000074,116
1005,0x0000003c,60
1006,0x0000004a,74
1007,0x00000042,66
1008,0x000000ea,234
1009,0x0000017a,378
1010,0x00000042,66
1011,0x00000074,116
1012,0x00000042,66
1013,0x00000086,134
1014,0x00000042,66
1015,0x00000084,132
1016,0x0000017f,383
1017,0x00000074,116
1018,0x00000074,116
1019,0x0000003c,60
1020,0x0000003c,60
1021,0x0000003c,60
1022,0x0000003c,60
1023,0x0000003c,60
1024,0x00000071,113
1025,0x00000105,261
1026,0x00000042,66
1027,0x00000074,116
1028,0x00000084,132
1029,0x00000086,134
1030,0x00000042,66
1031,0x000001c1,449
1032,0x00000074,116
1033,0x00000074,116
1034,0x0000003c,60
1035,0x00000071,113
1036,0x00000105,261
1037,0x00000042,66
1038,0x00000074,116
1039,0x00000042,66
1040,0x00000086,134
1041,0x00000042,66
1042,0x00000203,515
1043,0x00000074,116
1044,0x00000074,116
1045,0x0000003c,60
1046,0x0000003c,60
1047,0x0000003c,60
1048,0x0000003c,60
1049,0x0000003c,60
1050,0x0000003c,60
1051,0x0000004a,74
1052,0x00000042,66
1053,0x00000081,129
1054,0x00000069,105
1055,0x0000017a,378
1056,0x00000042,66
1057,0x00000074,116
1058,0x00000084,132
1059,0x00000086,134
1060,0x00000042,66
1061,0x00000084,132
1062,0x0000013d,317
1063,0x00000074,116
1064,0x00000074,116
1065,0x00000176,374
1066,0x00000042,66
1067,0x00000074,116
1068,0x00000084,132
1069,0x00000086,134
1070,0x00000042,66
1071,0x00000042,66
1072,0x000000ed,237
1073,0x00000116,278
1074,0x00000074,116
1075,0x00000074,116
1076,0x0000003c,60
1077,0x00000071,113
1078,0x00000105,261
1079,0x00000042,66
1080,0x00000074,116
1081,0x00000042,66
1082,0x0000003c,60
1083,0x00000086,134
1084,0x0000003c,60
1085,0x00000042,66
1086,0x00000084,132
1087,0x000000e0,224
1088,0x00000123,291
1089,0x00000074,116
1090,0x00000074,116
1091,0x0000003c,60
1092,0x0000003c,60
1093,0x0000003c,60
1094,0x00000071,113
1095,0x00000105,261
1096,0x00000042,66
1097,0x00000074,116
1098,0x00000084,132
1099,0x00000086,134
1100,0x00000042,66
1101,0x000000b9,185
1102,0x00000108,264
1103,0x00000074,116
1104,0x00000074,116
1105,0x00000071,113
1106,0x00000105,261
1107,0x00000042,66
1108,0x00000074,116
1109,0x00000084,132
1110,0x00000086,134
1111,0x00000042,66
1112,0x00000042,66
1113,0x00000165,357
1114,0x0000009e,158
1115,0x00000074,116
1116,0x00000074,116
1117,0x0000003c,60
1118,0x0000003c,60
1119,0x0000003c,60
1120,0x00000071,113
1121,0x00000105,261
1122,0x00000042,66
1123,0x00000074,116
1124,0x00000042,66
1125,0x00000086,134
1126,0x00000042,66
1127,0x00000084,132
1128,0x000001c1,449
1129,0x00000074,116
1130,0x00000074,116
1131,0x0000003c,60
1132,0x0000003c,60
1133,0x0000003c,60
1134,0x00000071,113
1135,0x00000105,261
1136,0x00000042,66
1137,0x00000074,116
1138,0x00000084,132
1139,0x00000086,134
1140,0x00000042,66
1141,0x000000e0,224
1142,0x000000e1,225
1143,0x00000074,116
1144,0x00000074,116
1145,0x00000071,113
1146,0x00000105,261
1147,0x0000003c,60
1148,0x00000042,66
1149,0x00000074,116
1150,0x00000042,66
1151,0x00000086,134
1152,0x00000042,66
1153,0x00000084,132
1154,0x000001c1,449
1155,0x00000074,116
1156,0x00000074,116
1157,0x0000003c,60
1158,0x00000071,113
1159,0x00000105,261
1160,0x00000042,66
1161,0x00000074,116
1162,0x00000042,66
1163,0x00000086,134
1164,0x00000084,132
1165,0x00000122,290
1166,0x00000123,291
1167,0x00000074,116
1168,0x00000074,116
1169,0x0000003c,60
1170,0x0000003c,60
1171,0x0000003c,60
1172,0x00000176,374
1173,0x00000042,66
1174,0x00000074,116
1175,0x00000084,132
1176,0x00000093,147
1177,0x000000c6,198
1178,0x00000164,356
1179,0x000000ac,172
1180,0x00000074,116
1181,0x00000074,116
1182,0x0000003c,60
1183,0x00000071,113
1184,0x00000105,261
1185,0x00000042,66
1186,0x00000074,116
1187,0x00000042,66
1188,0x00000086,134
1189,0x00000042,66
1190,0x00000164,356
1191,0x000000e1,225
1192,0x00000074,116
1193,0x00000074,116
1194,0x0000004a,74
1195,0x00000042,66
1196,0x000000ea,234
1197,0x0000017a,378
1198,0x0000003c,60
1199,0x00000042,66
1200,0x00000074,116
1201,0x00000084,132
1202,0x00000086,134
1203,0x00000042,66
1204,0x00000108,264
1205,0x0000018c,396
1206,0x00000074,116
1207,0x00000074,116
1208,0x0000003c,60
1209,0x00000071,113
1210,0x00000105,261
1211,0x00000042,66
1212,0x00000074,116
1213,0x00000042,66
1214,0x00000086,134
1215,0x00000042,66
1216,0x00000042,66
1217,0x00000084,132
1218,0x0000017f,383
1219,0x00000074,116
1220,0x00000074,116
1221,0x0000003c,60
1222,0x0000003c,60
1223,0x00000071,113
1224,0x00000105,261
1225,0x00000042,66
1226,0x00000074,116
1227,0x00000084,132
1228,0x00000086,134
1229,0x00000042,66
1230,0x000001a6,422
1231,0x000000ac,172
1232,0x00000074,116
1233,0x00000074,116
1234,0x0000003c,60
1235,0x0000003c,60
1236,0x00000071,113
1237,0x00000105,261
1238,0x00000042,66
1239,0x00000074,116
1240,0x00000042,66
1241,0x00000086,134
1242,0x00000042,66
1243,0x000001c1,449
1244,0x00000074,116
1245,0x00000074,116
1246,0x0000003c,60
1247,0x00000071,113
1248,0x00000105,261
1249,0x00000042,66
1250,0x00000074,116
1251,0x0000003c,60
1252,0x00000084,132
1253,0x00000086,134
1254,0x00000042,66
1255,0x00000165,357
1256,0x0000009e,158
1257,0x00000074,116
1258,0x00000074,116
1259,0x00000071,113
1260,0x00000105,261
1261,0x00000042,66
1262,0x00000074,116
1263,0x00000042,66
1264,0x00000086,134
1265,0x0000003c,60
1266,0x00000042,66
1267,0x00000203,515
1268,0x00000074,116
1269,0x00000074,116
1270,0x0000003c,60
1271,0x00000071,113
1272,0x00000105,261
1273,0x00000042,66
1274,0x00000074,116
1275,0x00000084,132
1276,0x00000086,134
1277,0x00000042,66
1278,0x00000157,343
1279,0x000000fb,251
1280,0x00000074,116
1281,0x00000074,116
1282,0x0000003c,60
1283,0x00000071,113
1284,0x00000105,261
1285,0x00000042,66
1286,0x00000074,116
1287,0x00000042,66
1288,0x00000086,134
1289,0x00000042,66
1290,0x0000017f,383
1291,0x00000074,116
1292,0x00000074,116
1293,0x0000003c,60
1294,0x0000003c,60
1295,0x00000071,113
1296,0x00000105,261
1297,0x00000042,66
1298,0x00000074,116
1299,0x00000042,66
1300,0x00000042,66
1301,0x00000086,134
1302,0x00000042,66
1303,0x00000084,132
1304,0x0000013d,317
1305,0x00000074,116
1306,0x00000074,116
1307,0x0000003c,60
1308,0x00000071,113
1309,0x00000105,261
1310,0x00000042,66
1311,0x00000074,116
1312,0x00000042,66
1313,0x00000086,134
1314,0x00000042,66
1315,0x0000017f,383
1316,0x00000074,116
1317,0x00000074,116
1318,0x0000003c,60
1319,0x00000071,113
1320,0x00000105,261
1321,0x00000042,66
1322,0x00000074,116
1323,0x00000084,132
1324,0x00000086,134
1325,0x0000003c,60
1326,0x00000042,66
1327,0x00000042,66
1328,0x000000fb,251
1329,0x0000014a,330
1330,0x00000074,116
1331,0x00000074,116
1332,0x00000123,291
1333,0x00000042,66
1334,0x00000074,116
1335,0x00000042,66
1336,0x00000086,134
1337,0x00000042,66
1338,0x00000084,132
1339,0x00000084,132
1340,0x00000108,264
1341,0x00000074,116
1342,0x00000074,116
1343,0x0000003c,60
1344,0x0000003c,60
1345,0x00000071,113
1346,0x00000105,261
1347,0x0000003c,60
1348,0x00000042,66
1349,0x00000074,116
1350,0x00000084,132
1351,0x00000086,134
1352,0x00000042,66
1353,0x00000122,290
1354,0x000000e1,225
1355,0x00000074,116
1356,0x00000074,116
1357,0x00000071,113
1358,0x00000105,261
1359,0x00000042,66
1360,0x00000074,116
1361,0x00000042,66
1362,0x00000086,134
1363,0x00000042,66
1364,0x000000b9,185
1365,0x00000108,264
1366,0x00000074,116
1367,0x00000074,116
1368,0x0000003c,60
1369,0x0000003c,60
1370,0x00000071,113
1371,0x00000105,261
1372,0x00000042,66
1373,0x00000074,116
1374,0x00000042,66
1375,0x00000042,66
1376,0x00000086,134
1377,0x00000042,66
1378,0x000000ed,237
1379,0x00000116,278
1380,0x00000074,116
1381,0x00000074,116
1382,0x00000071,113
1383,0x00000105,261
1384,0x00000042,66
1385,0x00000074,116
1386,0x00000042,66
1387,0x00000086,134
1388,0x00000084,132
1389,0x000000ee,238
1390,0x000000d3,211
1391,0x00000074,116
1392,0x00000074,116
1393,0x0000003c,60
1394,0x0000003c,60
1395,0x0000003c,60
1396,0x00000071,113
1397,0x00000105,261
1398,0x00000042,66
1399,0x00000074,116
1400,0x00000084,132
1401,0x00000086,134
1402,0x00000042,66
1403,0x00000084,132
1404,0x00000122,290
1405,0x000000ac,172
1406,0x00000074,116
1407,0x00000074,116
1408,0x00000071,113
1409,0x00000105,261
1410,0x00000042,66
1411,0x00000074,116
1412,0x00000042,66
1413,0x00000086,134
1414,0x00000084,132
1415,0x000001c1,449
1416,0x00000074,116
1417,0x00000074,116
1418,0x0000004a,74
1419,0x00000042,66
1420,0x000000c3,195
1421,0x00000069,105
1422,0x0000017a,378
1423,0x00000042,66
1424,0x00000074,116
1425,0x0000003c,60
1426,0x000000c6,198
1427,0x00000093,147
1428,0x0000004a,74
1429,0x00000042,66
1430,0x000000a5,165
1431,0x00000592,1426
1432,0x00000042,66
1433,0x0000009e,158
1434,0x00000042,66
1435,0x000000c6,198
1436,0x00000042,66
1437,0x00000108,264
1438,0x000000c6,198
1439,0x00000042,66
1440,0x000000c6,198
1441,0x00000108,264
1442,0x00000108,264
1443,0x000000c6,198
1444,0x00000042,66
1445,0x00000042,66
1446,0x00000042,66
1447,0x00000042,66
1448,0x000000c6,198
1449,0x00000294,660
1450,0x000001ce,462
1451,0x000000c6,198
1452,0x0000014a,330
1453,0x00000108,264
1454,0x00000042,66
1455,0x00000108,264
1456,0x0000018c,396
1457,0x00000042,66
1458,0x00000042,66
1459,0x000000c6,198
1460,0x00000108,264
1461,0x00000042,66
1462,0x00000108,264
1463,0x000000c6,198
1464,0x00000042,66
1465,0x00000069,105
1466,0x00000067,103
1467,0x00000084,132
1468,0x00000079,121
1469,0x00000042,66
1470,0x000000e0,224
1471,0x00000116,278
1472,0x00000067,103
1473,0x00000042,66
1474,0x00000086,134
1475,0x00000042,66
1476,0x00000087,135
1477,0x000000e5,229
1478,0x00000071,113
1479,0x00000067,103
1480,0x0000018c,396
1481,0x00000093,147
1482,0x00000084,132
1483,0x00000042,66
1484,0x00000084,132
1485,0x00000391,913
1486,0x00000074,116
1487,0x00000086,134
1488,0x00000042,66
1489,0x000000f0,240
1490,0x00000074,116
1491,0x00000042,66
1492,0x00000042,66
1493,0x0000019e,414
1494,0x000000b6,182
1495,0x00000067,103
1496,0x00000042,66
1497,0x000000f0,240
1498,0x00000074,116
1499,0x00000079,121
1500,0x00000076,118
1501,0x00000074,116
1502,0x000000c6,198
1503,0x00000084,132
1504,0x00000086,134
1505,0x00000079,121
1506,0x00000042,66
1507,0x00000042,66
1508,0x00000042,66
1509,0x00002159,8537
1510,0x00001158,4440
1511,0x00002f50,12112
1512,0x000046f8,18168
1513,0x00000bd4,3028
1514,0x000017a8,6056
1515,0x000058b6,22710
1516,0x00003b24,15140
1517,0x00002f50,12112
1518,0x00001d92,7570
1519,0x000058b6,22710
1520,0x000005ea,1514
1521,0x000011be,4542
1522,0x000005ea,1514
1523,0x0000648a,25738
1524,0x000011be,4542
1525,0x00002f50,12112
1526,0x0000648a,25738
1527,0x000099c4,39364
1528,0x00009fae,40878
1529,0x00000bd4,3028
1530,0x00007c32,31794
1531,0x0000410e,16654
1532,0x0000705e,28766
1533,0x00003b24,15140
1534,0x00007c32,31794
1535,0x00000bd4,3028
1536,0x0000b756,46934
1537,0x0000c914,51476
1538,0x0000d4e8,54504
1539,0x00008df0,36336
1540,0x000052cc,21196
1541,0x000017a8,6056
1542,0x0000d4e8,54504
1543,0x000052cc,21196
1544,0x0000821c,33308
1545,0x0000237c,9084
1546,0x0000e0bc,57532
1547,0x00000bd4,3028
1548,0x000017a8,6056
1549,0x0000a598,42392
1550,0x000046f8,18168
1551,0x0000237c,9084
1552,0x0000a598,42392
1553,0x000052cc,21196
1554,0x000011be,4542
1555,0x0000a06a,41066
1556,0x00000074,116
1557,0x000000f0,240
1558,0x00000074,116
1559,0x00000042,66
1560,0x00000097,151
1561,0x00000042,66
1562,0x00000042,66
1563,0x000001e8,488
1564,0x00009178,37240
1565,0x00008f52,36690
1566,0x00000bd4,3028
1567,0x000023cf,9167
1568,0x00007c32,31794
1569,0x000099c4,39364
1570,0x0000705e,28766
1571,0x0000d4e8,54504
1572,0x00013f5c,81756
1573,0x00002e41,11841
1574,0x0000003c,60
1575,0x00000042,66
1576,0x00000042,66
1577,0x000000c6,198
1578,0x00000042,66
1579,0x000001ce,462
1580,0x000000c6,198
1581,0x00000042,66
1582,0x000000c6,198
1583,0x00000042,66
1584,0x00000042,66
1585,0x000000c6,198
1586,0x00000042,66
1587,0x00000042,66
1588,0x00000042,66
1589,0x000000c6,198
1590,0x000000c6,198
1591,0x00000042,66
1592,0x00000042,66
1593,0x000000c6,198
1594,0x00000108,264
1595,0x00000108,264
1596,0x00000042,66
1597,0x00000108,264
1598,0x0000014a,330
1599,0x000000c6,198
1600,0x00000042,66
1601,0x000000c6,198
1602,0x00000071,113
1603,0x00000105,261
1604,0x0000007a,122
1605,0x00000069,105
1606,0x000000c7,199
1607,0x00000042,66
1608,0x00000042,66
1609,0x0000036a,874
1610,0x0000d2ab,53931
1611,0x00009b0e,39694
1612,0x00013972,80242
1613,0x000046f8,18168
1614,0x00000bd4,3028
1615,0x00018654,99924
1616,0x00000042,66
1617,0x00000074,116
1618,0x00009721,38689
1619,0x00000084,132
1620,0x0000035a,858
1621,0x0000014a,330
1622,0x00000042,66
1623,0x0000014a,330
1624,0x00000210,528
1625,0x000000c6,198
1626,0x00000042,66
1627,0x00000042,66
1628,0x00000108,264
1629,0x00000042,66
1630,0x0000018c,396
1631,0x00000108,264
1632,0x0000018c,396
1633,0x00000210,528
1634,0x00000108,264
1635,0x0000014a,330
1636,0x000000e3,227
1637,0x00000042,66
1638,0x00000042,66
1639,0x00000093,147
1640,0x00000074,116
1641,0x00000042,66
1642,0x00004a19,18969
1643,0x00016088,90248
1644,0x00000122,290
1645,0x00000116,278
1646,0x00010a22,68130
1647,0x0000b756,46934
1648,0x00000067,103
1649,0x000052cc,21196
1650,0x0000ec90,60560
1651,0x00006f4f,28495
1652,0x00000084,132
1653,0x00000294,660
1654,0x00000108,264
1655,0x00000108,264
1656,0x0000014a,330
1657,0x0000018c,396
1658,0x0000014a,330
1659,0x0000018c,396
1660,0x00000210,528
1661,0x00000084,132
1662,0x0000018c,396
1663,0x0000014a,330
1664,0x00000108,264
1665,0x0000007a,122
1666,0x00000069,105
1667,0x00000074,116
1668,0x00000042,66
1669,0x000003c4,964
1670,0x0000efd9,61401
1671,0x0000dad2,56018
1672,0x00019812,104466
1673,0x000058b6,22710
1674,0x00012d9e,77214
1675,0x00002e58,11864
1676,0x00000042,66
1677,0x000000c6,198
1678,0x00000087,135
1679,0x00000279,633
1680,0x00000042,66
1681,0x0000018c,396
1682,0x0000018c,396
1683,0x00000042,66
1684,0x00000074,116
1685,0x0000018c,396
1686,0x00000084,132
1687,0x0000014a,330
1688,0x0000014a,330
1689,0x00000108,264
1690,0x00000042,66
1691,0x000001ce,462
1692,0x000000e3,227
1693,0x00000074,116
1694,0x00000042,66
1695,0x00000321,801
1696,0x0000034b,843
1697,0x00019228,102952
1698,0x00007c32,31794
1699,0x00017496,95382
1700,0x0000c32a,49962
1701,0x00000bd4,3028
1702,0x0000c228,49704
1703,0x00000084,132
1704,0x00000042,66
1705,0x0000014a,330
1706,0x000003de,990
1707,0x00000252,594
1708,0x00000084,132
1709,0x00000084,132
1710,0x000004e6,1254
1711,0x00000318,792
1712,0x000005ee,1518
1713,0x0000018c,396
1714,0x00000108,264
1715,0x000002d6,726
1716,0x0000007a,122
1717,0x00000069,105
1718,0x00000084,132
1719,0x00000074,116
1720,0x00000042,66
1721,0x00000042,66
1722,0x0000023f,575
1723,0x000003b8,952
1724,0x0000013f,319
1725,0x00000042,66
1726,0x00000093,147
1727,0x0000d4e8,54504
1728,0x0001806a,98410
1729,0x0000b16c,45420
1730,0x0001c178,115064
1731,0x000000ab,171
1732,0x00000342,834
1733,0x000000e1,225
1734,0x00002966,10598
1735,0x0000229f,8863
1736,0x00000067,103
1737,0x00000084,132
1738,0x00000042,66
1739,0x000006b4,1716
1740,0x0000018c,396
1741,0x00000042,66
1742,0x0000039c,924
1743,0x00000210,528
1744,0x00000042,66
1745,0x000000c6,198
1746,0x00000252,594
1747,0x00000042,66
1748,0x000000e3,227
1749,0x00000074,116
1750,0x00000042,66
1751,0x000001d5,469
1752,0x00000496,1174
1753,0x00014b30,84784
1754,0x00013972,80242
1755,0x0000648a,25738
1756,0x0001c178,115064
1757,0x00006972,26994
1758,0x00000042,66
1759,0x00000084,132
1760,0x00000108,264
1761,0x00000294,660
1762,0x00000108,264
1763,0x0000035a,858
1764,0x00000318,792
1765,0x00000042,66
1766,0x00000108,264
1767,0x0000039c,924
1768,0x000000e3,227
1769,0x00000074,116
1770,0x00000191,401
1771,0x000022b2,8882
1772,0x0001df0a,122634
1773,0x0000c914,51476
1774,0x0001100c,69644
1775,0x00010438,66616
1776,0x00003a22,14882
1777,0x00000084,132
1778,0x00000042,66
1779,0x0000039c,924
1780,0x0000035a,858
1781,0x00000042,66
1782,0x0000039c,924
1783,0x0000035a,858
1784,0x00000042,66
1785,0x00000108,264
1786,0x00000042,66
1787,0x0000035a,858
1788,0x0000007a,122
1789,0x00000069,105
1790,0x00000074,116
1791,0x00000042,66
1792,0x00000671,1649
1793,0x000052cc,21196
1794,0x0001e4f4,124148
1795,0x0000b756,46934
1796,0x000162d8,90840
1797,0x0000c21b,49691
1798,0x00000084,132
1799,0x00000042,66
1800,0x0000035a,858
1801,0x000002d6,726
1802,0x000000c6,198
1803,0x00000318,792
1804,0x000000c6,198
1805,0x000005ee,1518
1806,0x00000084,132
1807,0x000000e3,227
1808,0x00000074,116
1809,0x00000042,66
1810,0x00000320,800
1811,0x0000e405,58373
1812,0x0001df0a,122634
1813,0x0000705e,28766
1814,0x0001c178,115064
1815,0x0000226d,8813
1816,0x00000042,66
1817,0x00000084,132
1818,0x00000042,66
1819,0x0000018c,396
1820,0x00000084,132
1821,0x00000084,132
1822,0x00000108,264
1823,0x0000007a,122
1824,0x00000069,105
1825,0x00000074,116
1826,0x00000042,66
1827,0x000001d5,469
1828,0x000045a5,17829
1829,0x0001df0a,122634
1830,0x0001511a,86298
1831,0x00000bd4,3028
1832,0x00013388,78728
1833,0x0000637b,25467
1834,0x00000084,132
1835,0x00000042,66
1836,0x0000014a,330
1837,0x00000108,264
1838,0x00000042,66
1839,0x00000042,66
1840,0x00000042,66
1841,0x000000c6,198
1842,0x000000c6,198
1843,0x00000084,132
1844,0x000000e3,227
1845,0x00000069,105
1846,0x000000b6,182
1847,0x00000074,116
1848,0x00000216,534
1849,0x00000417,1047
1850,0x0001ce9c,118428
1851,0x0001d920,121120
1852,0x000011be,4542
1853,0x0000f864,63588
1854,0x00006319,25369
1855,0x00000042,66
1856,0x00000084,132
1857,0x00000042,66
1858,0x0000018c,396
1859,0x000000c6,198
1860,0x000000c6,198
1861,0x000000c6,198
1862,0x000000e3,227
1863,0x00000074,116
1864,0x00000042,66
1865,0x0000b48e,46222
1866,0x0001dcc8,122056
1867,0x00016eac,93868
1868,0x0000ab82,43906
1869,0x00006f4f,28495
1870,0x00000084,132
1871,0x00000042,66
1872,0x00000042,66
1873,0x0000014a,330
1874,0x00000084,132
1875,0x00000042,66
1876,0x000000c6,198
1877,0x00000084,132
1878,0x0000007a,122
1879,0x00000069,105
1880,0x00000074,116
1881,0x00000042,66
1882,0x00000087,135
1883,0x00019dfc,105980
1884,0x0001deba,122554
1885,0x0000c32a,49962
1886,0x0000cefe,52990
1887,0x00000ad2,2770
1888,0x00000084,132
1889,0x00000042,66
1890,0x00000042,66
1891,0x0000018c,396
1892,0x00000108,264
1893,0x0000014a,330
1894,0x00000042,66
1895,0x0000007a,122
1896,0x00000069,105
1897,0x00000074,116
1898,0x00000042,66
1899,0x00000321,801
1900,0x000005a8,1448
1901,0x0001d920,121120
1902,0x0001e4f4,124148
1903,0x00006a74,27252
1904,0x0000ab82,43906
1905,0x00003e33,15923
1906,0x00000084,132
1907,0x00000084,132
1908,0x000000c6,198
1909,0x0000018c,396
1910,0x00000042,66
1911,0x00000042,66
1912,0x000000c6,198
1913,0x0000007a,122
1914,0x00000069,105
1915,0x00000074,116
1916,0x00000042,66
1917,0x0000036b,875
1918,0x0000410e,16654
1919,0x0001dbab,121771
1920,0x0001e176,123254
1921,0x00002f50,12112
1922,0x0000e9ed,59885
1923,0x00000084,132
1924,0x00000042,66
1925,0x00000042,66
1926,0x0000014a,330
1927,0x00000108,264
1928,0x00000042,66
1929,0x00000108,264
1930,0x000000e3,227
1931,0x00000069,105
1932,0x00000074,116
1933,0x00000042,66
1934,0x00000074,116
1935,0x00000042,66
1936,0x000003d7,983
1937,0x00009a94,39572
1938,0x0001e054,122964
1939,0x0001c178,115064
1940,0x000046f8,18168
1941,0x00005ea0,24224
1942,0x00003585,13701
1943,0x00000084,132
1944,0x00000042,66
1945,0x00000042,66
1946,0x00000108,264
1947,0x0000014a,330
1948,0x00000084,132
1949,0x00000042,66
1950,0x00000042,66
1951,0x000000c6,198
1952,0x000000e3,227
1953,0x00000074,116
1954,0x00000042,66
1955,0x00000322,802
1956,0x0000d841,55361
1957,0x0001df0a,122634
1958,0x0001df0a,122634
1959,0x00002966,10598
1960,0x00000112,274
1961,0x000017a8,6056
1962,0x00003fff,16383
1963,0x00000084,132
1964,0x00000042,66
1965,0x00000042,66
1966,0x00000108,264
1967,0x0000018c,396
1968,0x00000084,132
1969,0x000000c6,198
1970,0x000000e3,227
1971,0x00000074,116
1972,0x00000042,66
1973,0x00000714,1812
1974,0x0001806a,98410
1975,0x0001df0a,122634
1976,0x00019812,104466
1977,0x00000074,116
1978,0x00000bd4,3028
1979,0x0000104d,4173
1980,0x00000084,132
1981,0x00000042,66
1982,0x00000042,66
1983,0x0000018c,396
1984,0x0000014a,330
1985,0x00000042,66
1986,0x00000042,66
1987,0x00000042,66
1988,0x00000084,132
1989,0x000000e3,227
1990,0x00000074,116
1991,0x00000042,66
1992,0x0000014f,335
1993,0x00000496,1174
1994,0x0001283b,75835
1995,0x0001df0a,122634
1996,0x0001df0a,122634
1997,0x00002e83,11907
1998,0x00000042,66
1999,0x00000084,132
2000,0x00000042,66
2001,0x0000018c,396
2002,0x00000108,264
2003,0x00000084,132
2004,0x00000042,66
2005,0x00000084,132
2006,0x0000007a,122
2007,0x00000069,105
2008,0x00000074,116
2009,0x00000042,66
2010,0x00000643,1603
2011,0x00017496,95382
2012,0x0001df0a,122634
2013,0x0001ada2,109986
2014,0x00001316,4886
2015,0x00000042,66
2016,0x00000042,66
2017,0x00000117,279
2018,0x000000c6,198
2019,0x0000018c,396
2020,0x00000108,264
2021,0x00000042,66
2022,0x00000042,66
2023,0x00000084,132
2024,0x000001b5,437
2025,0x00000042,66
2026,0x0000018d,397
2027,0x000000e8,232
2028,0x000004c9,1225
2029,0x00012429,74793
2030,0x0001df0a,122634
2031,0x0001e4f4,124148
2032,0x00002e9d,11933
2033,0x00000084,132
2034,0x00000042,66
2035,0x000000c6,198
2036,0x00000108,264
2037,0x0000014a,330
2038,0x00000084,132
2039,0x00000042,66
2040,0x00000042,66
2041,0x0000008b,139
2042,0x00000069,105
2043,0x00000042,66
2044,0x00000074,116
2045,0x00000217,535
2046,0x0000798b,31115
2047,0x0001e06c,122988
2048,0x0001df0a,122634
2049,0x0000cce6,52454
2050,0x00001316,4886
2051,0x00000042,66
2052,0x00000042,66
2053,0x00000042,66
2054,0x000000c6,198
2055,0x0000014a,330
2056,0x00000108,264
2057,0x00000084,132
2058,0x00000042,66
2059,0x000000e3,227
2060,0x00000074,116
2061,0x00000042,66
2062,0x0000076b,1899
2063,0x00017a80,96896
2064,0x0001df0a,122634
2065,0x0001ba5f,113247
2066,0x00000042,66
2067,0x000000fd,253
2068,0x00000042,66
2069,0x00000108,264
2070,0x0000018c,396
2071,0x00000084,132
2072,0x000000c6,198
2073,0x0000019b,411
2074,0x0000007a,122
2075,0x00000074,116
2076,0x00000074,116
2077,0x00000191,401
2078,0x000004ed,1261
2079,0x000162d8,90840
2080,0x0001df0a,122634
2081,0x0001d234,119348
2082,0x00000084,132
2083,0x00000042,66
2084,0x00000042,66
2085,0x0000014a,330
2086,0x0000018c,396
2087,0x00000042,66
2088,0x00000084,132
2089,0x0000007a,122
2090,0x00000069,105
2091,0x00000074,116
2092,0x00000042,66
2093,0x00000412,1042
2094,0x00004bd2,19410
2095,0x0001e4f4,124148
2096,0x0001df0a,122634
2097,0x0000f63f,63039
2098,0x000010a6,4262
2099,0x00000084,132
2100,0x00000084,132
2101,0x00000042,66
2102,0x00000042,66
2103,0x00000108,264
2104,0x0000018c,396
2105,0x00000084,132
2106,0x00000093,147
2107,0x000000c6,198
2108,0x0000014c,332
2109,0x00000042,66
2110,0x0000004a,74
2111,0x00000c16,3094
2112,0x00001883,6275
2113,0x000017a8,6056
2114,0x00000042,66
2115,0x00000525,1317
2116,0x00010b6d,68461
2117,0x0001df0a,122634
2118,0x0001df0a,122634
2119,0x00004c15,19477
2120,0x000006c2,1730
2121,0x000017a8,6056
2122,0x0000410e,16654
2123,0x00001d92,7570
2124,0x000017a8,6056
2125,0x00004d24,19748
2126,0x00001888,6280
2127,0x00000084,132
2128,0x0000014a,330
2129,0x0000014a,330
2130,0x00000084,132
2131,0x00002f50,12112
2132,0x000052cc,21196
2133,0x000000c6,198
2134,0x000000e3,227
2135,0x0000003c,60
2136,0x0000821c,33308
2137,0x000005ea,1514
2138,0x00000074,116
2139,0x00000042,66
2140,0x00004196,16790
2141,0x0001df0a,122634
2142,0x0001e4f4,124148
2143,0x0001a375,107381
2144,0x00002f50,12112
2145,0x00001d92,7570
2146,0x00004758,18264
2147,0x00000042,66
2148,0x00000108,264
2149,0x0000014a,330
2150,0x00004216,16918
2151,0x00003bea,15338
2152,0x000000e3,227
2153,0x00000042,66
2154,0x00000042,66
2155,0x0000410e,16654
2156,0x00005ea0,24224
2157,0x00000074,116
2158,0x00000218,536
2159,0x00000384,900
2160,0x00013705,79621
2161,0x0001df0a,122634
2162,0x0001df0a,122634
2163,0x0000a2bd,41661
2164,0x00000093,147
2165,0x000016d1,5841
2166,0x00000042,66
2167,0x00000084,132
2168,0x00000042,66
2169,0x00000108,264
2170,0x0000018c,396
2171,0x00000042,66
2172,0x000000ed,237
2173,0x00000077,119
2174,0x0000023b,571
2175,0x00000077,119
2176,0x0000021f,543
2177,0x00000074,116
2178,0x00000053,83
2179,0x000000a9,169
2180,0x0000064a,1610
2181,0x00008ea1,36513
2182,0x0001df0a,122634
2183,0x0001df0a,122634
2184,0x0000c7a3,51107
2185,0x00000084,132
2186,0x00000042,66
2187,0x000000c6,198
2188,0x0000014a,330
2189,0x0000014a,330
2190,0x00000042,66
2191,0x00000042,66
2192,0x000000e3,227
2193,0x00000074,116
2194,0x00000559,1369
2195,0x00000162,354
2196,0x00016eac,93868
2197,0x0001df0a,122634
2198,0x0001c660,116320
2199,0x00000042,66
2200,0x00000042,66
2201,0x00000042,66
2202,0x00000042,66
2203,0x000001ce,462
2204,0x0000014a,330
2205,0x00000042,66
2206,0x00000084,132
2207,0x00000069,105
2208,0x000000e3,227
2209,0x000000b6,182
2210,0x00000074,116
2211,0x000005f6,1526
2212,0x000082a3,33443
2213,0x0001df0a,122634
2214,0x0001df0a,122634
2215,0x0000d3e6,54246
2216,0x00000042,66
2217,0x00000042,66
2218,0x000000c6,198
2219,0x0000014a,330
2220,0x00000108,264
2221,0x000000c6,198
2222,0x000000e3,227
2223,0x00000074,116
2224,0x00000042,66
2225,0x00000084,132
2226,0x00004eb7,20151
2227,0x0001e3fb,123899
2228,0x0001df0a,122634
2229,0x0000f63f,63039
2230,0x00001316,4886
2231,0x0000014a,330
2232,0x00000294,660
2233,0x00000084,132
2234,0x00000042,66
2235,0x00000042,66
2236,0x000000c6,198
2237,0x0000018c,396
2238,0x00000084,132
2239,0x00000210,528
2240,0x00000042,66
2241,0x00000084,132
2242,0x0000007a,122
2243,0x00000069,105
2244,0x00000042,66
2245,0x0000014a,330
2246,0x00000074,116
2247,0x00000042,66
2248,0x0000014a,330
2249,0x000001ce,462
2250,0x0000036a,874
2251,0x000081a7,33191
2252,0x0001df0a,122634
2253,0x0001df0a,122634
2254,0x0000d795,55189
2255,0x00000042,66
2256,0x000001ce,462
2257,0x00000318,792
2258,0x00000042,66
2259,0x00000108,264
2260,0x0000018c,396
2261,0x00000084,132
2262,0x0000014a,330
2263,0x00000252,594
2264,0x000000e3,227
2265,0x00000042,66
2266,0x00000042,66
2267,0x0000018c,396
2268,0x00000074,116
2269,0x00000191,401
2270,0x0000dff2,57330
2271,0x0001e536,124214
2272,0x0001df4c,122700
2273,0x00007707,30471
2274,0x00000108,264
2275,0x000000e3,227
2276,0x000000c6,198
2277,0x00000042,66
2278,0x0000018c,396
2279,0x00000108,264
2280,0x00000042,66
2281,0x00000067,103
2282,0x000000c6,198
2283,0x00000191,401
2284,0x0000b017,45079
2285,0x0000410e,16654
2286,0x00007c32,31794
2287,0x00004ce2,19682
2288,0x00002f50,12112
2289,0x000046f8,18168
2290,0x000052cc,21196
2291,0x00007c32,31794
2292,0x000017a8,6056
2293,0x00003b24,15140
2294,0x0000821c,33308
2295,0x000005ea,1514
2296,0x00001d92,7570
2297,0x0000353a,13626
2298,0x00008df0,36336
2299,0x00000bd4,3028
2300,0x000011be,4542
2301,0x000011be,4542
2302,0x00002e79,11897
2303,0x00000084,132
2304,0x00000042,66
2305,0x000000c6,198
2306,0x00000108,264
2307,0x00000042,66
2308,0x00000084,132
2309,0x00000042,66
2310,0x000001ce,462
2311,0x00000102,258
2312,0x00000042,66
2313,0x000001ce,462
2314,0x00000042,66
2315,0x00000108,264
2316,0x0000003c,60
2317,0x0000014a,330
2318,0x00000108,264
2319,0x00000042,66
2320,0x000000c6,198
2321,0x000001ce,462
2322,0x00000069,105
2323,0x000001c6,454
2324,0x00000074,116
2325,0x00000042,66
2326,0x00000074,116
2327,0x00000067,103
2328,0x00000042,66
2329,0x0000014f,335
2330,0x0001206b,73835
2331,0x0001dc33,121907
2332,0x0001e21c,123420
2333,0x00011c54,72788
2334,0x00000bd4,3028
2335,0x0000f27a,62074
2336,0x00000084,132
2337,0x00000042,66
2338,0x000000c6,198
2339,0x00000d60,3424
2340,0x00000108,264
2341,0x00000042,66
2342,0x000058b6,22710
2343,0x0000a67b,42619
2344,0x00000bd4,3028
2345,0x0001100c,69644
2346,0x00000074,116
2347,0x0000018d,397
2348,0x000069b6,27062
2349,0x0001df0a,122634
2350,0x0001df0a,122634
2351,0x0000e121,57633
2352,0x000017a8,6056
2353,0x0000ec90,60560
2354,0x000010a6,4262
2355,0x00000a63,2659
2356,0x00000084,132
2357,0x00000042,66
2358,0x000000c6,198
2359,0x0000018c,396
2360,0x000000c6,198
2361,0x00000084,132
2362,0x00000042,66
2363,0x00000042,66
2364,0x00000210,528
2365,0x000000bc,188
2366,0x00000069,105
2367,0x00000042,66
2368,0x00000108,264
2369,0x00000074,116
2370,0x00000190,400
2371,0x000004cc,1228
2372,0x00014b30,84784
2373,0x0001df0a,122634
2374,0x0001df0a,122634
2375,0x0000052a,1322
2376,0x000001ce,462
2377,0x000000c6,198
2378,0x00000084,132
2379,0x00000210,528
2380,0x00000042,66
2381,0x00000042,66
2382,0x00000042,66
2383,0x000001ce,462
2384,0x0000014a,330
2385,0x00000042,66
2386,0x00000042,66
2387,0x00000252,594
2388,0x00000042,66
2389,0x00000042,66
2390,0x00000084,132
2391,0x0000007a,122
2392,0x00000069,105
2393,0x00000042,66
2394,0x00000074,116
2395,0x00000042,66
2396,0x00000042,66
2397,0x000004b6,1206
2398,0x00018a3c,100924
2399,0x0001df0a,122634
2400,0x0001ad17,109847
2401,0x00000042,66
2402,0x00000084,132
2403,0x00000042,66
2404,0x00000084,132
2405,0x0000018c,396
2406,0x00000042,66
2407,0x00000042,66
2408,0x00000084,132
2409,0x0000022f,559
2410,0x00000074,116
2411,0x000000db,219
2412,0x00000312,786
2413,0x0000091a,2330
2414,0x0001115b,69979
2415,0x0001dfae,122798
2416,0x0001df0a,122634
2417,0x000161c9,90569
2418,0x00001d92,7570
2419,0x0000705e,28766
2420,0x00007c32,31794
2421,0x00000084,132
2422,0x00000042,66
2423,0x00000042,66
2424,0x0000018c,396
2425,0x0000018c,396
2426,0x000099c4,39364
2427,0x0000ab82,43906
2428,0x00000042,66
2429,0x00000084,132
2430,0x000000e3,227
2431,0x00013388,78728
2432,0x0000237c,9084
2433,0x00000bd4,3028
2434,0x00000074,116
2435,0x000045bf,17855
2436,0x00000190,400
2437,0x00006337,25399
2438,0x0001df0a,122634
2439,0x0001df0a,122634
2440,0x0000e528,58664
2441,0x000012f6,4854
2442,0x00000042,66
2443,0x00000294,660
2444,0x0000035a,858
2445,0x00000042,66
2446,0x0000077a,1914
2447,0x0000014a,330
2448,0x0000014a,330
2449,0x000000c6,198
2450,0x0000039c,924
2451,0x00000462,1122
2452,0x000000e3,227
2453,0x00000042,66
2454,0x000002d6,726
2455,0x0000035a,858
2456,0x00000108,264
2457,0x00000074,116
2458,0x000004e6,1254
2459,0x00000149,329
2460,0x00011c67,72807
2461,0x0001df8e,122766
2462,0x0001e56e,124270
2463,0x000034a1,13473
2464,0x00000067,103
2465,0x00000084,132
2466,0x00000042,66
2467,0x00000c2b,3115
2468,0x000129b2,76210
2469,0x0000311e,12574
2470,0x00000042,66
2471,0x0000007e,126
2472,0x00000084,132
2473,0x000093da,37850
2474,0x0000e6a6,59046
2475,0x00010438,66616
2476,0x00008806,34822
2477,0x00000bd4,3028
2478,0x00000bd4,3028
2479,0x00009839,38969
2480,0x00000042,66
2481,0x00000084,132
2482,0x00000042,66
2483,0x000002d6,726
2484,0x000000c6,198
2485,0x00000042,66
2486,0x0000056a,1386
2487,0x00000042,66
2488,0x0000039c,924
2489,0x000002d6,726
2490,0x000002d6,726
2491,0x00000042,66
2492,0x000001ed,493
2493,0x00000067,103
2494,0x000000c7,199
2495,0x00000074,116
2496,0x00001171,4465
2497,0x00000959,2393
2498,0x00018b8b,101259
2499,0x0001d336,119606
2500,0x0001df0a,122634
2501,0x00014f02,85762
2502,0x00000bd4,3028
2503,0x00000053,83
2504,0x0000f864,63588
2505,0x0000d056,53334
2506,0x00002966,10598
2507,0x00011be0,72672
2508,0x00007423,29731
2509,0x00000042,66
2510,0x00000084,132
2511,0x000000c6,198
2512,0x0000014a,330
2513,0x0000014a,330
2514,0x00000042,66
2515,0x00000084,132
2516,0x000000e3,227
2517,0x000000c6,198
2518,0x00000042,66
2519,0x00000252,594
2520,0x00000042,66
2521,0x00000042,66
2522,0x00000074,116
2523,0x0000035a,858
2524,0x00000294,660
2525,0x00000954,2388
2526,0x0001e378,123768
2527,0x0001df0a,122634
2528,0x00014e84,85636
2529,0x00000042,66
2530,0x000003de,990
2531,0x000000e3,227
2532,0x00000084,132
2533,0x00000042,66
2534,0x0000014a,330
2535,0x0000018c,396
2536,0x00000084,132
2537,0x00000074,116
2538,0x00001380,4992
2539,0x00016124,90404
2540,0x00005576,21878
2541,0x000000c6,198
2542,0x000000e3,227
2543,0x00006a74,27252
2544,0x00014b30,84784
2545,0x00000074,116
2546,0x0000018e,398
2547,0x000017e7,6119
2548,0x0001d336,119606
2549,0x0001e4f4,124148
2550,0x0001df0a,122634
2551,0x000105d8,67032
2552,0x00000108,264
2553,0x00000084,132
2554,0x0000014a,330
2555,0x00000462,1122
2556,0x0000056a,1386
2557,0x00000108,264
2558,0x00000084,132
2559,0x00000084,132
2560,0x0000018c,396
2561,0x00000252,594
2562,0x00000294,660
2563,0x00000042,66
2564,0x000001ce,462
2565,0x0000039c,924
2566,0x0000015d,349
2567,0x000000d2,210
2568,0x00000074,116
2569,0x0000012a,298
2570,0x00000191,401
2571,0x00004656,18006
2572,0x0001df9a,122778
2573,0x0001df0a,122634
2574,0x0001e4f4,124148
2575,0x00011a4f,72271
2576,0x00001316,4886
2577,0x00001d92,7570
2578,0x0000ec90,60560
2579,0x0001100c,69644
2580,0x00010329,66345
2581,0x00000084,132
2582,0x00000042,66
2583,0x00000042,66
2584,0x0000018c,396
2585,0x0000018c,396
2586,0x00000042,66
2587,0x00000084,132
2588,0x00000042,66
2589,0x000000bc,188
2590,0x000000ab,171
2591,0x000000c6,198
2592,0x0000056a,1386
2593,0x00000074,116
2594,0x00000042,66
2595,0x0000039c,924
2596,0x00000252,594
2597,0x00000191,401
2598,0x0001673a,91962
2599,0x0001e4f4,124148
2600,0x0001b9fd,113149
2601,0x00000108,264
2602,0x000001ce,462
2603,0x0000007a,122
2604,0x0000137f,4991
2605,0x00000074,116
2606,0x00000042,66
2607,0x00000215,533
2608,0x00005261,21089
2609,0x0001e11c,123164
2610,0x00000da2,3490
2611,0x00000084,132
2612,0x00000042,66
2613,0x00007cf8,31992
2614,0x0001c1f2,115186
2615,0x000023e5,9189
2616,0x0000798f,31119
2617,0x00000074,116
2618,0x00000042,66
2619,0x00000686,1670
2620,0x0001c178,115064
2621,0x0001e4f4,124148
2622,0x00016dec,93676
2623,0x00000042,66
2624,0x00000084,132
2625,0x000004e6,1254
2626,0x00000042,66
2627,0x00000042,66
2628,0x00000084,132
2629,0x00000042,66
2630,0x000001ce,462
2631,0x0000014a,330
2632,0x0000056a,1386
2633,0x0000039c,924
2634,0x00000294,660
2635,0x00000042,66
2636,0x00000084,132
2637,0x00000084,132
2638,0x00000069,105
2639,0x000001c6,454
2640,0x00000176,374
2641,0x00000074,116
2642,0x000000b6,182
2643,0x00000074,116
2644,0x00000259,601
2645,0x0000e4fa,58618
2646,0x0001db66,121702
2647,0x0001e3a3,123811
2648,0x0001df0a,122634
2649,0x00011ade,72414
2650,0x0000ab82,43906
2651,0x0000b16c,45420
2652,0x0000b756,46934
2653,0x00000084,132
2654,0x00000042,66
2655,0x00003b66,15206
2656,0x00004809,18441
2657,0x00000108,264
2658,0x00000042,66
2659,0x000000c6,198
2660,0x00000042,66
2661,0x000000e3,227
2662,0x00000042,66
2663,0x00000042,66
2664,0x00000084,132
2665,0x0000014a,330
2666,0x00000074,116
2667,0x000000fe,254
2668,0x00000191,401
2669,0x0001e350,123728
2670,0x0001df0a,122634
2671,0x000143f7,82935
2672,0x00000108,264
2673,0x00000042,66
2674,0x00000042,66
2675,0x00000175,373
2676,0x00004266,16998
2677,0x00000042,66
2678,0x000000e3,227
2679,0x0000530e,21262
2680,0x00001eab,7851
2681,0x00000042,66
2682,0x00000084,132
2683,0x00000074,116
2684,0x000000c6,198
2685,0x0000014a,330
2686,0x000006e5,1765
2687,0x00005fdb,24539
2688,0x0001dfa8,122792
2689,0x0000ecd2,60626
2690,0x00000042,66
2691,0x00000084,132
2692,0x000000e3,227
2693,0x00001d92,7570
2694,0x000162d8,90840
2695,0x00014f57,85847
2696,0x00000074,116
2697,0x0000237c,9084
2698,0x000058b6,22710
2699,0x000005d7,1495
2700,0x0000ac09,44041
2701,0x0001e4f4,124148
2702,0x0001df4c,122700
2703,0x0000a4cb,42187
2704,0x00000042,66
2705,0x00000108,264
2706,0x000000c6,198
2707,0x0000410e,16654
2708,0x0000410e,16654
2709,0x00000084,132
2710,0x00000042,66
2711,0x0000066e,1646
2712,0x00008806,34822
2713,0x00000084,132
2714,0x00000108,264
2715,0x0000018c,396
2716,0x00000084,132
2717,0x000000c6,198
2718,0x00003b24,15140
2719,0x000059db,23003
2720,0x0000014c,332
2721,0x00000093,147
2722,0x00003b24,15140
2723,0x00005ea0,24224
2724,0x00000074,116
2725,0x000000b6,182
2726,0x00000074,116
2727,0x000005d8,1496
2728,0x0000e0bc,57532
2729,0x0001e09a,123034
2730,0x0001ddb4,122292
2731,0x0001de40,122432
2732,0x0001df0a,122634
2733,0x00003c04,15364
2734,0x000001dc,476
2735,0x00009fae,40878
2736,0x0001ae49,110153
2737,0x00000084,132
2738,0x00000042,66
2739,0x00000067,103
2740,0x000000c6,198
2741,0x0000018c,396
2742,0x000000c6,198
2743,0x00001cd5,7381
2744,0x00000042,66
2745,0x00000084,132
2746,0x000000e3,227
2747,0x00000084,132
2748,0x00000042,66
2749,0x00000108,264
2750,0x00000108,264
2751,0x00000074,116
2752,0x00000042,66
2753,0x00003497,13463
2754,0x0001e047,122951
2755,0x0001e4f4,124148
2756,0x000120c8,73928
2757,0x00000108,264
2758,0x00000084,132
2759,0x0000007a,122
2760,0x00000069,105
2761,0x000000f8,248
2762,0x00000042,66
2763,0x00000042,66
2764,0x0000018c,396
2765,0x000002da,730
2766,0x0000977d,38781
2767,0x0001df0a,122634
2768,0x000099c4,39364
2769,0x000000c6,198
2770,0x0000007a,122
2771,0x00000069,105
2772,0x0001d336,119606
2773,0x000035bd,13757
2774,0x00000074,116
2775,0x00000079,121
2776,0x00000042,66
2777,0x000001d7,471
2778,0x00019089,102537
2779,0x0001df0a,122634
2780,0x0001a994,108948
2781,0x00000084,132
2782,0x0000014a,330
2783,0x00000042,66
2784,0x00000132,306
2785,0x00000042,66
2786,0x00000042,66
2787,0x000000c6,198
2788,0x00000084,132
2789,0x00000042,66
2790,0x0000014a,330
2791,0x0000018c,396
2792,0x000000f8,248
2793,0x000000c6,198
2794,0x0000022f,559
2795,0x000000e8,232
2796,0x000000b6,182
2797,0x000003e0,992
2798,0x00013622,79394
2799,0x0001df0a,122634
2800,0x0000419e,16798
2801,0x000168c2,92354
2802,0x0001df0a,122634
2803,0x0001bbf3,113651
2804,0x000010a6,4262
2805,0x00000176,374
2806,0x00019dfc,105980
2807,0x000028a9,10409
2808,0x00000042,66
2809,0x00000084,132
2810,0x00000084,132
2811,0x0000014a,330
2812,0x0000014a,330
2813,0x00000042,66
2814,0x00000084,132
2815,0x000000c6,198
2816,0x0000018c,396
2817,0x000001a9,425
2818,0x00000042,66
2819,0x00000042,66
2820,0x00000042,66
2821,0x00000084,132
2822,0x00000042,66
2823,0x00000157,343
2824,0x00000365,869
2825,0x0000719d,29085
2826,0x0001e168,123240
2827,0x0001df0a,122634
2828,0x0000e5a4,58788
2829,0x00000074,116
2830,0x00000042,66
2831,0x00000074,116
2832,0x00006427,25639
2833,0x0001e4f4,124148
2834,0x00014b30,84784
2835,0x00000084,132
2836,0x00000042,66
2837,0x0000014a,330
2838,0x000000c6,198
2839,0x0000014a,330
2840,0x00017a80,96896
2841,0x00000b0a,2826
2842,0x00000042,66
2843,0x00000084,132
2844,0x000000e3,227
2845,0x00000042,66
2846,0x00000084,132
2847,0x0000013a,314
2848,0x000000c6,198
2849,0x0000014a,330
2850,0x00000191,401
2851,0x0000930e,37646
2852,0x0001df0a,122634
2853,0x0001df0a,122634
2854,0x0000c847,51271
2855,0x00000042,66
2856,0x00000084,132
2857,0x00000042,66
2858,0x00000084,132
2859,0x00000084,132
2860,0x000001dd,477
2861,0x0000014a,330
2862,0x000000c6,198
2863,0x000001ed,493
2864,0x000000b9,185
2865,0x000000ed,237
2866,0x000001a7,423
2867,0x0000021f,543
2868,0x000000e8,232
2869,0x00000093,147
2870,0x000000b6,182
2871,0x00000714,1812
2872,0x00013025,77861
2873,0x0001df91,122769
2874,0x0001e1d3,123347
2875,0x0001e15d,123229
2876,0x0001df0a,122634
2877,0x000010bc,4284
2878,0x00001269,4713
2879,0x00000158,344
2880,0x00015b40,88896
2881,0x00000042,66
2882,0x00000084,132
2883,0x0000014a,330
2884,0x0000014a,330
2885,0x000000c6,198
2886,0x00000067,103
2887,0x00000084,132
2888,0x00000042,66
2889,0x00000042,66
2890,0x0000014a,330
2891,0x00000108,264
2892,0x000000c6,198
2893,0x0000007a,122
2894,0x00000069,105
2895,0x00000042,66
2896,0x00000084,132
2897,0x0000007a,122
2898,0x00000069,105
2899,0x00000074,116
2900,0x00000217,535
2901,0x00009e19,40473
2902,0x0001df0a,122634
2903,0x0001e568,124264
2904,0x0000b654,46676
2905,0x00000190,400
2906,0x00001706,5894
2907,0x0001d920,121120
2908,0x0001e4f4,124148
2909,0x00002966,10598
2910,0x0000945e,37982
2911,0x000086bd,34493
2912,0x00000042,66
2913,0x000001ce,462
2914,0x0000014a,330
2915,0x00000042,66
2916,0x00000084,132
2917,0x0000007a,122
2918,0x00000069,105
2919,0x00000084,132
2920,0x00000042,66
2921,0x0000014a,330
2922,0x00000108,264
2923,0x00000074,116
2924,0x00000042,66
2925,0x000000c6,198
2926,0x000002db,731
2927,0x00016b1e,92958
2928,0x0001e640,124480
2929,0x0001c698,116376
2930,0x0000010a,266
2931,0x00000084,132
2932,0x00000084,132
2933,0x00000108,264
2934,0x0000018c,396
2935,0x0000013f,319
2936,0x00000042,66
2937,0x00000108,264
2938,0x00000108,264
2939,0x0000015d,349
2940,0x000000d2,210
2941,0x00000074,116
2942,0x00000042,66
2943,0x00000252,594
2944,0x00000074,116
2945,0x000000b6,182
2946,0x00000074,116
2947,0x00000042,66
2948,0x000003a2,930
2949,0x0000535d,21341
2950,0x0001dcf2,122098
2951,0x0001e056,122966
2952,0x0001e536,124214
2953,0x0001df0a,122634
2954,0x00017394,95124
2955,0x000000c6,198
2956,0x00000042,66
2957,0x00001d92,7570
2958,0x00004ce2,19682
2959,0x0000811a,33050
2960,0x00000084,132
2961,0x00000318,792
2962,0x0000014a,330
2963,0x0000014a,330
2964,0x000000c6,198
2965,0x000000c6,198
2966,0x00000084,132
2967,0x00000294,660
2968,0x0000018c,396
2969,0x00000108,264
2970,0x00000125,293
2971,0x00000042,66
2972,0x00000108,264
2973,0x0000014a,330
2974,0x00000084,132
2975,0x000000e3,227
2976,0x00000074,116
2977,0x00000191,401
2978,0x00002f62,12130
2979,0x0001df4c,122700
2980,0x0001dfd0,122832
2981,0x00012d55,77141
2982,0x00000074,116
2983,0x00000042,66
2984,0x00004d11,19729
2985,0x0001df4c,122700
2986,0x0001df0a,122634
2987,0x00007cf8,31992
2988,0x00000084,132
2989,0x00000042,66
2990,0x00000042,66
2991,0x0000018c,396
2992,0x0000018c,396
2993,0x00009352,37714
2994,0x00000042,66
2995,0x0000018c,396
2996,0x00000084,132
2997,0x00000042,66
2998,0x000000e3,227
2999,0x00000042,66
3000,0x00000108,264
3001,0x00000084,132
3002,0x00000042,66
3003,0x00000042,66
3004,0x00000108,264
3005,0x000001be,446
3006,0x000000c6,198
3007,0x000003e3,995
3008,0x000031b9,12729
3009,0x0001e06b,122987
3010,0x0001e4f4,124148
3011,0x0001209b,73883
3012,0x000000c6,198
3013,0x00000093,147
3014,0x00000084,132
3015,0x00000042,66
3016,0x00000042,66
3017,0x00000108,264
3018,0x0000014a,330
3019,0x00000108,264
3020,0x00000042,66
3021,0x00000042,66
3022,0x000001f8,504
3023,0x00000571,1393
3024,0x00000069,105
3025,0x00000074,116
3026,0x000000e8,232
3027,0x000000db,219
3028,0x00000042,66
3029,0x00000a3c,2620
3030,0x00009251,37457
3031,0x0001df91,122769
3032,0x0001df0a,122634
3033,0x0001e4f4,124148
3034,0x0001df0a,122634
3035,0x0001c069,114793
3036,0x000000c9,201
3037,0x0000a9c6,43462
3038,0x00005613,22035
3039,0x00000042,66
3040,0x00000042,66
3041,0x0000b798,47000
3042,0x00000084,132
3043,0x00000108,264
3044,0x0000014a,330
3045,0x00000084,132
3046,0x00000042,66
3047,0x00000108,264
3048,0x00002a6e,10862
3049,0x0000945e,37982
3050,0x000000c6,198
3051,0x000000e3,227
3052,0x00000042,66
3053,0x00000042,66
3054,0x00000084,132
3055,0x0000ab82,43906
3056,0x00001e75,7797
3057,0x00000074,116
3058,0x00000191,401
3059,0x0000b0a3,45219
3060,0x0001df0a,122634
3061,0x0001df0a,122634
3062,0x000179e5,96741
3063,0x000055a7,21927
3064,0x0001dc6d,121965
3065,0x0001e4f4,124148
3066,0x0000f09a,61594
3067,0x000011be,4542
3068,0x000099c4,39364
3069,0x00000084,132
3070,0x00000bd4,3028
3071,0x00000791,1937
3072,0x000000c6,198
3073,0x000001ce,462
3074,0x000000c6,198
3075,0x000058b6,22710
3076,0x0000410e,16654
3077,0x00000042,66
3078,0x000000c6,198
3079,0x00000042,66
3080,0x00000042,66
3081,0x0000014a,330
3082,0x0000368d,13965
3083,0x00000042,66
3084,0x00000042,66
3085,0x00000042,66
3086,0x00000084,132
3087,0x0000018c,396
3088,0x000000c6,198
3089,0x000000c6,198
3090,0x00000108,264
3091,0x0000014a,330
3092,0x00000108,264
3093,0x0000014a,330
3094,0x00000108,264
3095,0x0000014a,330
3096,0x00000042,66
3097,0x0000014a,330
3098,0x0000018c,396
3099,0x0000018c,396
3100,0x0000014a,330
3101,0x00000084,132
3102,0x00000108,264
3103,0x000001fe,510
3104,0x000000d2,210
3105,0x00000074,116
3106,0x0000012a,298
3107,0x00000074,116
3108,0x00000191,401
3109,0x000036de,14046
3110,0x0001df8e,122766
3111,0x0001e26e,123502
3112,0x0001deed,122605
3113,0x0001df0a,122634
3114,0x0001e4f4,124148
3115,0x00005930,22832
3116,0x00008df0,36336
3117,0x00004cc1,19649
3118,0x00009fae,40878
3119,0x00000042,66
3120,0x00000042,66
3121,0x00000108,264
3122,0x00000108,264
3123,0x0000890e,35086
3124,0x000017ea,6122
3125,0x0000018c,396
3126,0x00000108,264
3127,0x000000c6,198
3128,0x000000e3,227
3129,0x00000042,66
3130,0x00000042,66
3131,0x000000e3,227
3132,0x00009fae,40878
3133,0x00000074,116
3134,0x0000a1b2,41394
3135,0x00000529,1321
3136,0x0001df0a,122634
3137,0x0001df0a,122634
3138,0x0001931c,103196
3139,0x0001dd9f,122271
3140,0x0001e4f4,124148
3141,0x00011b23,72483
3142,0x00009fae,40878
3143,0x00000084,132
3144,0x00000042,66
3145,0x000000c6,198
3146,0x0000a17c,41340
3147,0x00000108,264
3148,0x00000042,66
3149,0x0000014a,330
3150,0x00000108,264
3151,0x00000084,132
3152,0x00000042,66
3153,0x000000c6,198
3154,0x0000a032,41010
3155,0x00000084,132
3156,0x00002243,8771
3157,0x00000042,66
3158,0x00000042,66
3159,0x0000018c,396
3160,0x0000014a,330
3161,0x00000084,132
3162,0x00000108,264
3163,0x00000108,264
3164,0x00000042,66
3165,0x0000014a,330
3166,0x00000042,66
3167,0x00000042,66
3168,0x00000084,132
3169,0x0000014a,330
3170,0x00000042,66
3171,0x00000042,66
3172,0x000001ce,462
3173,0x000000c6,198
3174,0x00000042,66
3175,0x00000069,105
3176,0x000002a9,681
3177,0x00000074,116
3178,0x0000019e,414
3179,0x00000305,773
3180,0x00002c18,11288
3181,0x0001e152,123218
3182,0x0001e265,123493
3183,0x0001e1ec,123372
3184,0x0001ddff,122367
3185,0x0001df0a,122634
3186,0x00013d7a,81274
3187,0x00000053,83
3188,0x00000bd4,3028
3189,0x00000060,96
3190,0x0000353a,13626
3191,0x00005ea0,24224
3192,0x00000084,132
3193,0x00000042,66
3194,0x0000014a,330
3195,0x00000210,528
3196,0x00000108,264
3197,0x000000c6,198
3198,0x00000108,264
3199,0x00004258,16984
3200,0x00005f83,24451
3201,0x000000e3,227
3202,0x000011be,4542
3203,0x00002f50,12112
3204,0x00005ea0,24224
3205,0x00000074,116
3206,0x00000074,116
3207,0x00000573,1395
3208,0x0000018d,397
3209,0x00012c1d,76829
3210,0x0001dcd8,122072
3211,0x0001e4f4,124148
3212,0x0001df0a,122634
3213,0x0001df0a,122634
3214,0x0001e383,123779
3215,0x00003f9d,16285
3216,0x000005ea,1514
3217,0x0000353a,13626
3218,0x0000353a,13626
3219,0x000000c6,198
3220,0x000000c6,198
3221,0x00000108,264
3222,0x0000014a,330
3223,0x00000210,528
3224,0x000036c6,14022
3225,0x00003bea,15338
3226,0x0000353a,13626
3227,0x000000c6,198
3228,0x00000084,132
3229,0x00000042,66
3230,0x00003b24,15140
3231,0x00007648,30280
3232,0x00003b24,15140
3233,0x000005c9,1481
3234,0x000000c6,198
3235,0x00000318,792
3236,0x00000294,660
3237,0x00000042,66
3238,0x000000c6,198
3239,0x00000294,660
3240,0x00000252,594
3241,0x00000084,132
3242,0x00000420,1056
3243,0x00000294,660
3244,0x00000318,792
3245,0x00000042,66
3246,0x00000042,66
3247,0x0000014a,330
3248,0x000001fe,510
3249,0x000000d2,210
3250,0x00000074,116
3251,0x0000015c,348
3252,0x00000191,401
3253,0x0000db56,56150
3254,0x0001de4e,122446
3255,0x0001e462,124002
3256,0x0001dbea,121834
3257,0x0001ddcb,122315
3258,0x0001df0a,122634
3259,0x0000a4ce,42190
3260,0x00001d92,7570
3261,0x000093da,37850
3262,0x00000042,66
3263,0x00000084,132
3264,0x00000042,66
3265,0x00000108,264
3266,0x0000014a,330
3267,0x0000014a,330
3268,0x0000018c,396
3269,0x00000108,264
3270,0x0000b16c,45420
3271,0x000000c6,198
3272,0x000000e3,227
3273,0x00000042,66
3274,0x00000084,132
3275,0x000000e3,227
3276,0x00001d92,7570
3277,0x000093da,37850
3278,0x00000074,116
3279,0x00000074,116
3280,0x0000bf03,48899
3281,0x0001c3e3,115683
3282,0x0001e054,122964
3283,0x00016994,92564
3284,0x00000802,2050
3285,0x0001dd67,122215
3286,0x0001df0a,122634
3287,0x00015693,87699
3288,0x00005ea0,24224
3289,0x000052cc,21196
3290,0x00000042,66
3291,0x00000042,66
3292,0x00000042,66
3293,0x00001e9a,7834
3294,0x00000d1e,3358
3295,0x0000890e,35086
3296,0x000000c6,198
3297,0x0000018c,396
3298,0x000000c6,198
3299,0x000000c6,198
3300,0x000045e9,17897
3301,0x00000084,132
3302,0x00000042,66
3303,0x00000042,66
3304,0x00000084,132
3305,0x0000014a,330
3306,0x00000108,264
3307,0x000000c6,198
3308,0x00000252,594
3309,0x00000042,66
3310,0x000001ce,462
3311,0x000001ce,462
3312,0x000001ce,462
3313,0x00000042,66
3314,0x000002d6,726
3315,0x00000042,66
3316,0x000002a9,681
3317,0x00000069,105
3318,0x000000e8,232
3319,0x000000e8,232
3320,0x00000191,401
3321,0x000099e9,39401
3322,0x0001de97,122519
3323,0x0001e4e0,124128
3324,0x0001e06c,122988
3325,0x0001de40,122432
3326,0x0001df0a,122634
3327,0x0000e597,58775
3328,0x00000042,66
3329,0x0000b16c,45420
3330,0x00000084,132
3331,0x00000042,66
3332,0x00000084,132
3333,0x000000c6,198
3334,0x0000018c,396
3335,0x0000018c,396
3336,0x00004258,16984
3337,0x0000134a,4938
3338,0x00005ee2,24290
3339,0x0000007a,122
3340,0x00000069,105
3341,0x00000042,66
3342,0x00000084,132
3343,0x000000e3,227
3344,0x000052cc,21196
3345,0x000005ea,1514
3346,0x000058b6,22710
3347,0x00000074,116
3348,0x00000074,116
3349,0x000005f2,1522
3350,0x00019812,104466
3351,0x0001df0a,122634
3352,0x0001dfbf,122815
3353,0x00018418,99352
3354,0x0001e4f4,124148
3355,0x0001df0a,122634
3356,0x00004159,16729
3357,0x0000410e,16654
3358,0x000017a8,6056
3359,0x000058b6,22710
3360,0x00000084,132
3361,0x00000042,66
3362,0x00000042,66
3363,0x00000108,264
3364,0x000007b8,1976
3365,0x00003b66,15206
3366,0x0000410e,16654
3367,0x00002f92,12178
3368,0x0000018c,396
3369,0x00000108,264
3370,0x00000042,66
3371,0x00000084,132
3372,0x00001d92,7570
3373,0x0000282d,10285
3374,0x00000042,66
3375,0x00000084,132
3376,0x000000c6,198
3377,0x00000042,66
3378,0x00000210,528
3379,0x00000042,66
3380,0x00000042,66
3381,0x00000084,132
3382,0x000002d6,726
3383,0x00000294,660
3384,0x0000018c,396
3385,0x00000210,528
3386,0x00000042,66
3387,0x00000195,405
3388,0x0000014c,332
3389,0x00000042,66
3390,0x000000e8,232
3391,0x000000b6,182
3392,0x00000074,116
3393,0x00000042,66
3394,0x0000e01b,57371
3395,0x0001dbd0,121808
3396,0x0001e536,124214
3397,0x0001925d,103005
3398,0x0001e4f4,124148
3399,0x0001df0a,122634
3400,0x0000d7cd,55245
3401,0x000012ec,4844
3402,0x0000410e,16654
3403,0x0000705e,28766
3404,0x00000042,66
3405,0x00000084,132
3406,0x00000042,66
3407,0x00000108,264
3408,0x00006c00,27648
3409,0x000024c6,9414
3410,0x00000084,132
3411,0x000001a9,425
3412,0x0000014a,330
3413,0x00000084,132
3414,0x00001d92,7570
3415,0x00003b24,15140
3416,0x0000237c,9084
3417,0x000000c6,198
3418,0x00000157,343
3419,0x00000603,1539
3420,0x000012e9,4841
3421,0x0001e4f4,124148
3422,0x0001df0a,122634
3423,0x0001c007,114695
3424,0x00000074,116
3425,0x00000042,66
3426,0x000156af,87727
3427,0x0001df0a,122634
3428,0x0001e4f4,124148
3429,0x00008152,33106
3430,0x00000084,132
3431,0x00000042,66
3432,0x00000042,66
3433,0x0000014a,330
3434,0x00000108,264
3435,0x00000084,132
3436,0x0000410e,16654
3437,0x00002f50,12112
3438,0x000011be,4542
3439,0x00000084,132
3440,0x000000c6,198
3441,0x00000042,66
3442,0x0000014a,330
3443,0x00000108,264
3444,0x0000410e,16654
3445,0x0000410e,16654
3446,0x00000042,66
3447,0x00000084,132
3448,0x0000410e,16654
3449,0x0000410e,16654
3450,0x00001d92,7570
3451,0x00001c66,7270
3452,0x000000c6,198
3453,0x000000c6,198
3454,0x000004a4,1188
3455,0x000000c6,198
3456,0x00000252,594
3457,0x00000084,132
3458,0x00000108,264
3459,0x00000252,594
3460,0x00000093,147
3461,0x00000312,786
3462,0x000000e8,232
3463,0x000000f8,248
3464,0x000001dc,476
3465,0x0000353a,13626
3466,0x0000077b,1915
3467,0x00000a00,2560
3468,0x00000970,2416
3469,0x0001df0a,122634
3470,0x0001dd62,122210
3471,0x0001e362,123746
3472,0x0001df0a,122634
3473,0x0001e25e,123486
3474,0x00013cb9,81081
3475,0x0000188f,6287
3476,0x00006501,25857
3477,0x000017a8,6056
3478,0x00000bd4,3028
3479,0x00004ce2,19682
3480,0x00002966,10598
3481,0x000017a8,6056
3482,0x00007cd0,31952
3483,0x00000084,132
3484,0x00000084,132
3485,0x00000084,132
3486,0x00000084,132
3487,0x0000018c,396
3488,0x000036c6,14022
3489,0x00004eb0,20144
3490,0x00000108,264
3491,0x000005ea,1514
3492,0x0000821c,33308
3493,0x00000084,132
3494,0x00000042,66
3495,0x00000167,359
3496,0x0000357c,13692
3497,0x00004dc5,19909
3498,0x00009fae,40878
3499,0x0000353a,13626
3500,0x00000074,116
3501,0x00004ce2,19682
3502,0x00000074,116
3503,0x00001269,4713
3504,0x00014e8a,85642
3505,0x0001e536,124214
3506,0x0001dec2,122562
3507,0x0001df72,122738
3508,0x0001df0a,122634
3509,0x0001e15f,123231
3510,0x00007b23,31523
3511,0x0000648a,25738
3512,0x00004ce2,19682
3513,0x0000237c,9084
3514,0x00005ea0,24224
3515,0x00000042,66
3516,0x00000042,66
3517,0x00000042,66
3518,0x0000014a,330
3519,0x00000108,264
3520,0x0000b81c,47132
3521,0x000001ce,462
3522,0x00000108,264
3523,0x000011be,4542
3524,0x0000705e,28766
3525,0x00000042,66
3526,0x000000c6,198
3527,0x00000084,132
3528,0x000005ea,1514
3529,0x00009853,38995
3530,0x000011be,4542
3531,0x0000410e,16654
3532,0x00002f50,12112
3533,0x000017a8,6056
3534,0x0000410e,16654
3535,0x00002966,10598
3536,0x00000a63,2659
3537,0x000000c6,198
3538,0x00000042,66
3539,0x000003de,990
3540,0x000001ce,462
3541,0x000000c6,198
3542,0x00000042,66
3543,0x0000039c,924
3544,0x00000318,792
3545,0x00000042,66
3546,0x00000252,594
3547,0x000001c6,454
3548,0x0000014c,332
3549,0x0000015c,348
3550,0x00000074,116
3551,0x000001a3,419
3552,0x00018dff,101887
3553,0x0001e274,123508
3554,0x0001df0a,122634
3555,0x0001e078,123000
3556,0x0001e1ae,123310
3557,0x00019a5e,105054
3558,0x00000042,66
3559,0x00007c32,31794
3560,0x00000042,66
3561,0x00000042,66
3562,0x00000084,132
3563,0x000001ce,462
3564,0x00000108,264
3565,0x000000c6,198
3566,0x00000248,584
3567,0x00000171,369
3568,0x0000825e,33374
3569,0x00000042,66
3570,0x000000c6,198
3571,0x0000007a,122
3572,0x0000a601,42497
3573,0x000023f0,9200
3574,0x00000190,400
3575,0x0000a515,42261
3576,0x0001e06b,122987
3577,0x0001e4f4,124148
3578,0x0000aec9,44745
3579,0x0000ec90,60560
3580,0x00004182,16770
3581,0x000006b2,1714
3582,0x0000bd40,48448
3583,0x0001df0a,122634
3584,0x0001df0a,122634
3585,0x00009904,39172
3586,0x00019dfc,105980
3587,0x0000101d,4125
3588,0x00000042,66
3589,0x000000c6,198
3590,0x00000108,264
3591,0x00000084,132
3592,0x00000084,132
3593,0x000000c6,198
3594,0x00000108,264
3595,0x0000018c,396
3596,0x0000018c,396
3597,0x00000042,66
3598,0x000005ee,1518
3599,0x00000042,66
3600,0x00000042,66
3601,0x00000084,132
3602,0x00000086,134
3603,0x0000018c,396
3604,0x000000c6,198
3605,0x00000042,66
3606,0x00000042,66
3607,0x00000084,132
3608,0x00000042,66
3609,0x000000e3,227
3610,0x000001e4,484
3611,0x0000353e,13630
3612,0x00000084,132
3613,0x00007eb4,32436
3614,0x000001a1,417
3615,0x00000353,851
3616,0x00000868,2152
3617,0x00014396,82838
3618,0x0001df4a,122698
3619,0x0001e4f4,124148
3620,0x0001dbb8,121784
3621,0x0001e2fe,123646
3622,0x0001df0a,122634
3623,0x0001bbcb,113611
3624,0x00000042,66
3625,0x00000084,132
3626,0x00012d9e,77214
3627,0x00011782,71554
3628,0x00000042,66
3629,0x000000c6,198
3630,0x000000c6,198
3631,0x00000108,264
3632,0x0000014a,330
3633,0x00000210,528
3634,0x00000108,264
3635,0x000094a0,38048
3636,0x000197bb,104379
3637,0x00000042,66
3638,0x00000084,132
3639,0x0000007a,122
3640,0x0000012f,303
3641,0x000000e3,227
3642,0x00005392,21394
3643,0x00003b66,15206
3644,0x00000084,132
3645,0x00000042,66
3646,0x000001be,446
3647,0x00000084,132
3648,0x0000597c,22908
3649,0x00003c1c,15388
3650,0x00007224,29220
3651,0x0001e4f4,124148
3652,0x0001df0a,122634
3653,0x0000e592,58770
3654,0x00000acb,2763
3655,0x0001df0a,122634
3656,0x0001df0a,122634
3657,0x000151e6,86502
3658,0x00004d66,19814
3659,0x00004d66,19814
3660,0x00000084,132
3661,0x00000042,66
3662,0x0000477c,18300
3663,0x00005fea,24554
3664,0x0000014a,330
3665,0x00000042,66
3666,0x00000042,66
3667,0x00000108,264
3668,0x0000018c,396
3669,0x00000042,66
3670,0x00000042,66
3671,0x00000084,132
3672,0x00003b24,15140
3673,0x00000bd4,3028
3674,0x00003e45,15941
3675,0x00000042,66
3676,0x00000084,132
3677,0x00000069,105
3678,0x000002a9,681
3679,0x00000042,66
3680,0x00000294,660
3681,0x0000015c,348
3682,0x00000074,116
3683,0x00000042,66
3684,0x00000900,2304
3685,0x0000b756,46934
3686,0x0001e1ff,123391
3687,0x0001e095,123029
3688,0x0001df0a,122634
3689,0x0001df0a,122634
3690,0x0001e0af,123055
3691,0x000162d8,90840
3692,0x0000650d,25869
3693,0x00001232,4658
3694,0x000011be,4542
3695,0x0000ec90,60560
3696,0x00000bd4,3028
3697,0x0000b756,46934
3698,0x00000167,359
3699,0x00000084,132
3700,0x00000084,132
3701,0x0000e140,57664
3702,0x00002b76,11126
3703,0x000054dc,21724
3704,0x00003ade,15070
3705,0x000000c6,198
3706,0x00000042,66
3707,0x00000084,132
3708,0x00000042,66
3709,0x0000018c,396
3710,0x00000084,132
3711,0x0000017f,383
3712,0x00008f11,36625
3713,0x00003684,13956
3714,0x00000084,132
3715,0x00000074,116
3716,0x00000628,1576
3717,0x0000f301,62209
3718,0x0001df0a,122634
3719,0x0001df0a,122634
3720,0x00009939,39225
3721,0x000059be,22974
3722,0x00000042,66
3723,0x00007648,30280
3724,0x000052cc,21196
3725,0x000000c6,198
3726,0x00000042,66
3727,0x00000108,264
3728,0x000001ce,462
3729,0x00000042,66
3730,0x000052cc,21196
3731,0x000093da,37850
3732,0x00000084,132
3733,0x00000042,66
3734,0x00000bd4,3028
3735,0x0000e6a6,59046
3736,0x00002966,10598
3737,0x0000cefe,52990
3738,0x00002c75,11381
3739,0x00000084,132
3740,0x00000042,66
3741,0x00000042,66
3742,0x00000210,528
3743,0x00000042,66
3744,0x00000084,132
3745,0x00000042,66
3746,0x0000014a,330
3747,0x00000042,66
3748,0x00000108,264
3749,0x00000084,132
3750,0x00000210,528
3751,0x0000014a,330
3752,0x0000014a,330
3753,0x00000042,66
3754,0x00000108,264
3755,0x0000018c,396
3756,0x00000108,264
3757,0x00000042,66
3758,0x000001ce,462
3759,0x00000108,264
3760,0x0000014a,330
3761,0x00000084,132
3762,0x00000318,792
3763,0x00000210,528
3764,0x00000042,66
3765,0x00000252,594
3766,0x000001ce,462
3767,0x00000108,264
3768,0x00000108,264
3769,0x0000014a,330
3770,0x0000018c,396
3771,0x000000c6,198
3772,0x00000042,66
3773,0x00000108,264
3774,0x000001d7,471
3775,0x0000021e,542
3776,0x00000042,66
3777,0x0000018c,396
3778,0x000000c6,198
3779,0x00000042,66
3780,0x0000027c,636
3781,0x00000074,116
3782,0x00000210,528
3783,0x00000214,532
3784,0x00016221,90657
3785,0x0001e028,122920
3786,0x0001e223,123427
3787,0x0001c3bf,115647
3788,0x0001df0a,122634
3789,0x0001df0a,122634
3790,0x0001e056,122966
3791,0x000056b6,22198
3792,0x000000c6,198
3793,0x000000c6,198
3794,0x00000042,66
3795,0x000012b4,4788
3796,0x00000bd4,3028
3797,0x00007c32,31794
3798,0x000093da,37850
3799,0x0001afba,110522
3800,0x00000bd4,3028
3801,0x00000108,264
3802,0x0000014a,330
3803,0x00000cb7,3255
3804,0x00000042,66
3805,0x00005350,21328
3806,0x0000b8a0,47264
3807,0x0000b794,46996
3808,0x0000cae2,51938
3809,0x0000018c,396
3810,0x000000c6,198
3811,0x00000084,132
3812,0x00000074,116
3813,0x000000c6,198
3814,0x00007648,30280
3815,0x0000bd40,48448
3816,0x000001d3,467
3817,0x0000aa26,43558
3818,0x00000042,66
3819,0x00000108,264
3820,0x00000084,132
3821,0x0000410e,16654
3822,0x0000979f,38815
3823,0x00000084,132
3824,0x0000b1f0,45552
3825,0x0000014a,330
3826,0x00000042,66
3827,0x00000042,66
3828,0x0000abc4,43972
3829,0x00001200,4608
3830,0x00000042,66
3831,0x0000014a,330
3832,0x00000042,66
3833,0x00000084,132
3834,0x0000c914,51476
3835,0x0000014a,330
3836,0x00000042,66
3837,0x000000c6,198
3838,0x000052cc,21196
3839,0x00007c32,31794
3840,0x00000042,66
3841,0x0000014a,330
3842,0x00000042,66
3843,0x000093da,37850
3844,0x000046f8,18168
3845,0x0000014a,330
3846,0x00000108,264
3847,0x00000042,66
3848,0x00008d26,36134
3849,0x0000014a,330
3850,0x00000084,132
3851,0x0000014a,330
3852,0x000001ce,462
3853,0x000000c6,198
3854,0x00000084,132
3855,0x00000042,66
3856,0x000000c6,198
3857,0x00000042,66
3858,0x00000084,132
3859,0x00000042,66
3860,0x0000018c,396
3861,0x00000042,66
3862,0x000000c6,198
3863,0x000000c6,198
3864,0x00000042,66
3865,0x00000042,66
3866,0x0000018c,396
3867,0x00000042,66
3868,0x00000462,1122
3869,0x000001ce,462
3870,0x0000018c,396
3871,0x0000038c,908
3872,0x0000014c,332
3873,0x000000b6,182
3874,0x0000015c,348
3875,0x000000db,219
3876,0x0000018f,399
3877,0x000003ac,940
3878,0x0000042b,1067
3879,0x0000094c,2380
3880,0x0000ec01,60417
3881,0x0001dd1d,122141
3882,0x0001df0a,122634
3883,0x0001e3dc,123868
3884,0x0001df0a,122634
3885,0x0001e30e,123662
3886,0x0001df0a,122634
3887,0x0000fca7,64679
3888,0x0000d90f,55567
3889,0x00001168,4456
3890,0x000115f6,71158
3891,0x0001511a,86298
3892,0x0000b756,46934
3893,0x0000ab82,43906
3894,0x00004ce2,19682
3895,0x0000a598,42392
3896,0x0001d378,119672
3897,0x0000a8bf,43199
3898,0x0000825e,33374
3899,0x000071ea,29162
3900,0x0000014a,330
3901,0x0000014a,330
3902,0x0000014a,330
3903,0x0000014a,330
3904,0x000052cc,21196
3905,0x0000b15b,45403
3906,0x000011be,4542
3907,0x00008806,34822
3908,0x00007648,30280
3909,0x00000042,66
3910,0x00000042,66
3911,0x00000042,66
3912,0x000000c6,198
3913,0x000000c6,198
3914,0x000011be,4542
3915,0x00008df0,36336
3916,0x0000821c,33308
3917,0x00000042,66
3918,0x00000108,264
3919,0x00000042,66
3920,0x00000042,66
3921,0x0000039c,924
3922,0x00000084,132
3923,0x00000083,131
3924,0x00000210,528
3925,0x0000018c,396
3926,0x00000084,132
3927,0x00000042,66
3928,0x000002d6,726
3929,0x00000210,528
3930,0x00000084,132
3931,0x0000014a,330
3932,0x00000420,1056
3933,0x0000014a,330
3934,0x00000318,792
3935,0x00000042,66
3936,0x00000042,66
3937,0x000002d6,726
3938,0x0000018c,396
3939,0x00000042,66
3940,0x00000042,66
3941,0x00000528,1320
3942,0x00000042,66
3943,0x00000042,66
3944,0x00000252,594
3945,0x0000018c,396
3946,0x00000278,632
3947,0x0000021e,542
3948,0x000000b6,182
3949,0x00000237,567
3950,0x00000042,66
3951,0x000008ec,2284
3952,0x00001a04,6660
3953,0x00004d3a,19770
3954,0x0001aab6,109238
3955,0x0001e04f,122959
3956,0x0001df0a,122634
3957,0x0001df0a,122634
3958,0x0001e598,124312
3959,0x0001df0a,122634
3960,0x0001df0a,122634
3961,0x00007005,28677
3962,0x000017a8,6056
3963,0x0000b16c,45420
3964,0x00019228,102952
3965,0x00017475,95349
3966,0x0000bd40,48448
3967,0x0000ec90,60560
3968,0x000017ea,6122
3969,0x00019e80,106112
3970,0x0000821c,33308
3971,0x000162d8,90840
3972,0x000108c3,67779
3973,0x0000014a,330
3974,0x000000c6,198
3975,0x00000042,66
3976,0x00000042,66
3977,0x00000042,66
3978,0x00000084,132
3979,0x0000014a,330
3980,0x00003ad1,15057
3981,0x00015db4,89524
3982,0x00000084,132
3983,0x000000c6,198
3984,0x00000084,132
3985,0x0000014a,330
3986,0x00000084,132
3987,0x000005ea,1514
3988,0x00000083,131
3989,0x00000042,66
3990,0x000000b3,179
3991,0x00000042,66
3992,0x000001ce,462
3993,0x0000014a,330
3994,0x00000042,66
3995,0x00000084,132
3996,0x000000c6,198
3997,0x00000108,264
3998,0x00000210,528
3999,0x000000c6,198
4000,0x00000210,528
4001,0x00000042,66
4002,0x0000003c,60
4003,0x00000210,528
4004,0x000001ce,462
4005,0x000000c6,198
4006,0x00000042,66
4007,0x00000042,66
4008,0x00000294,660
4009,0x00000420,1056
4010,0x0000018c,396
4011,0x00000108,264
4012,0x0000035a,858
4013,0x00000042,66
4014,0x000000c6,198
4015,0x0000014a,330
4016,0x000001ce,462
4017,0x000001ce,462
4018,0x000001d7,471
4019,0x00000301,769
4020,0x000001c3,451
4021,0x0000012a,298
4022,0x0000017f,383
4023,0x000015fe,5630
4024,0x0001a55d,107869
4025,0x0001df0a,122634
4026,0x0001e112,123154
4027,0x0001e088,123016
4028,0x0001e057,122967
4029,0x0001df2b,122667
4030,0x0001e046,122950
4031,0x0001e4f4,124148
4032,0x00004c18,19480
4033,0x00010a22,68130
4034,0x00013388,78728
4035,0x00009fae,40878
4036,0x00010a22,68130
4037,0x0001100c,69644
4038,0x00002f50,12112
4039,0x00000084,132
4040,0x00000042,66
4041,0x00000084,132
4042,0x0000e182,57730
4043,0x0001512b,86315
4044,0x0000c32a,49962
4045,0x00007166,29030
4046,0x00011198,70040
4047,0x00002329,9001
4048,0x00000084,132
4049,0x000005ea,1514
4050,0x00008d26,36134
4051,0x000000c6,198
4052,0x00000084,132
4053,0x00000042,66
4054,0x00000084,132
4055,0x0000014a,330
4056,0x00000528,1320
4057,0x00000318,792
4058,0x00000042,66
4059,0x00000084,132
4060,0x000000c6,198
4061,0x00000042,66
4062,0x00000084,132
4063,0x00000252,594
4064,0x0000018c,396
4065,0x00000420,1056
4066,0x000004a4,1188
4067,0x00000042,66
4068,0x00000084,132
4069,0x00000042,66
4070,0x000004a4,1188
4071,0x00000108,264
4072,0x00000042,66
4073,0x00000882,2178
4074,0x00000042,66
4075,0x000005ac,1452
4076,0x00000042,66
4077,0x00000294,660
4078,0x00000042,66
4079,0x00000240,576
4080,0x00000298,664
4081,0x000000e8,232
4082,0x00000067,103
4083,0x0000015c,348
4084,0x000006f1,1777
4085,0x000127b8,75704
4086,0x0001104e,69710
4087,0x0001e26c,123500
4088,0x0001e23e,123454
4089,0x0001e047,122951
4090,0x0001df84,122756
4091,0x0001df45,122693
4092,0x0001df0a,122634
4093,0x0001e4f4,124148
4094,0x00004a33,18995
4095,0x00000bd4,3028
