0,0x0000003c,60
1,0x0000003c,60
2,0x0000003c,60
3,0x0000003c,60
4,0x0000003c,60
5,0x0000003c,60
6,0x0000005a,90
7,0x0000004e,78
8,0x0000005a,90
9,0x0000005a,90
10,0x00000046,70
11,0x0000005a,90
12,0x00000046,70
13,0x00000046,70
14,0x0000003c,60
15,0x0000003c,60
16,0x0000003c,60
17,0x0000003c,60
18,0x0000003c,60
19,0x0000003c,60
20,0x0000003c,60
21,0x0000003c,60
22,0x0000003c,60
23,0x0000003c,60
24,0x0000003c,60
25,0x0000003c,60
26,0x0000003c,60
27,0x0000003c,60
28,0x0000003c,60
29,0x0000003c,60
30,0x0000003c,60
31,0x0000003c,60
32,0x0000003c,60
33,0x0000003c,60
34,0x0000003c,60
35,0x0000003c,60
36,0x0000003c,60
37,0x0000003c,60
38,0x0000003c,60
39,0x0000003c,60
40,0x0000003c,60
41,0x0000003c,60
42,0x0000003c,60
43,0x0000003c,60
44,0x0000003c,60
45,0x0000003c,60
46,0x0000003c,60
47,0x0000003c,60
48,0x0000003c,60
49,0x0000003c,60
50,0x0000003c,60
51,0x0000003c,60
52,0x0000003c,60
53,0x0000003c,60
54,0x0000003c,60
55,0x0000003c,60
56,0x0000003c,60
57,0x0000003c,60
58,0x0000003c,60
59,0x0000003c,60
60,0x0000003c,60
61,0x0000003c,60
62,0x0000003c,60
63,0x0000003c,60
64,0x0000003c,60
65,0x0000003c,60
66,0x0000003c,60
67,0x0000003c,60
68,0x0000003c,60
69,0x0000003c,60
70,0x0000003c,60
71,0x0000003c,60
72,0x0000003c,60
73,0x0000003c,60
74,0x0000003c,60
75,0x0000003c,60
76,0x0000003c,60
77,0x0000003c,60
78,0x0000003c,60
79,0x0000003c,60
80,0x0000003c,60
81,0x0000003c,60
82,0x0000003c,60
83,0x0000003c,60
84,0x0000003c,60
85,0x0000003c,60
86,0x0000003c,60
87,0x0000003c,60
88,0x0000003c,60
89,0x0000003c,60
90,0x0000003c,60
91,0x0000003c,60
92,0x0000003c,60
93,0x0000003c,60
94,0x0000003c,60
95,0x0000003c,60
96,0x0000003c,60
97,0x0000003c,60
98,0x0000003c,60
99,0x0000003c,60
100,0x0000003c,60
101,0x0000003c,60
102,0x0000003c,60
103,0x0000003c,60
104,0x0000003c,60
105,0x0000003c,60
106,0x0000003c,60
107,0x0000003c,60
108,0x0000003c,60
109,0x0000003c,60
110,0x0000003c,60
111,0x0000003c,60
112,0x0000003c,60
113,0x0000003c,60
114,0x0000003c,60
115,0x0000003c,60
116,0x0000003c,60
117,0x0000003c,60
118,0x0000003c,60
119,0x0000003c,60
120,0x0000003c,60
121,0x0000003c,60
122,0x0000003c,60
123,0x0000003c,60
124,0x0000003c,60
125,0x0000003c,60
126,0x0000003c,60
127,0x0000003c,60
128,0x0000003c,60
129,0x0000003c,60
130,0x0000003c,60
131,0x0000003c,60
132,0x0000003c,60
133,0x0000003c,60
134,0x0000003c,60
135,0x0000003c,60
136,0x0000003c,60
137,0x0000003c,60
138,0x0000003c,60
139,0x0000003c,60
140,0x0000003c,60
141,0x0000003c,60
142,0x0000003c,60
143,0x0000003c,60
144,0x0000003c,60
145,0x0000003c,60
146,0x0000003c,60
147,0x0000003c,60
148,0x0000003c,60
149,0x0000003c,60
150,0x0000003c,60
151,0x0000003c,60
152,0x0000003c,60
153,0x0000003c,60
154,0x0000003c,60
155,0x0000003c,60
156,0x0000003c,60
157,0x0000003c,60
158,0x0000003c,60
159,0x0000003c,60
160,0x0000003c,60
161,0x0000003c,60
162,0x0000003c,60
163,0x0000003c,60
164,0x0000003c,60
165,0x0000003c,60
166,0x0000003c,60
167,0x0000003c,60
168,0x0000003c,60
169,0x0000003c,60
170,0x0000003c,60
171,0x0000003c,60
172,0x0000003c,60
173,0x0000003c,60
174,0x0000003c,60
175,0x0000003c,60
176,0x0000003c,60
177,0x0000003c,60
178,0x0000003c,60
179,0x0000003c,60
180,0x0000003c,60
181,0x0000003c,60
182,0x0000003c,60
183,0x0000003c,60
184,0x0000003c,60
185,0x0000003c,60
186,0x0000003c,60
187,0x0000003c,60
188,0x0000003c,60
189,0x0000003c,60
190,0x0000003c,60
191,0x0000003c,60
192,0x0000003c,60
193,0x0000003c,60
194,0x0000003c,60
195,0x0000003c,60
196,0x0000003c,60
197,0x0000003c,60
198,0x0000003c,60
199,0x0000003c,60
200,0x0000003c,60
201,0x0000003c,60
202,0x0000003c,60
203,0x0000003c,60
204,0x0000003c,60
205,0x0000003c,60
206,0x0000003c,60
207,0x0000003c,60
208,0x0000003c,60
209,0x0000003c,60
210,0x0000003c,60
211,0x0000003c,60
212,0x0000003c,60
213,0x0000003c,60
214,0x0000003c,60
215,0x0000003c,60
216,0x0000003c,60
217,0x0000003c,60
218,0x0000003c,60
219,0x0000003c,60
220,0x0000003c,60
221,0x0000003c,60
222,0x0000003c,60
223,0x0000003c,60
224,0x0000003c,60
225,0x0000003c,60
226,0x0000003c,60
227,0x0000003c,60
228,0x0000003c,60
229,0x0000003c,60
230,0x0000003c,60
231,0x0000003c,60
232,0x0000003c,60
233,0x0000003c,60
234,0x0000003c,60
235,0x0000003c,60
236,0x0000003c,60
237,0x0000003c,60
238,0x0000003c,60
239,0x0000003c,60
240,0x0000003c,60
241,0x0000003c,60
242,0x0000003c,60
243,0x0000003c,60
244,0x0000003c,60
245,0x0000003c,60
246,0x0000003c,60
247,0x0000003c,60
248,0x0000003c,60
249,0x0000003c,60
250,0x0000003c,60
251,0x0000003c,60
252,0x0000003c,60
253,0x0000003c,60
254,0x0000003c,60
255,0x0000003c,60
256,0x0000003c,60
257,0x0000003c,60
258,0x0000003c,60
259,0x0000003c,60
260,0x0000003c,60
261,0x0000003c,60
262,0x0000003c,60
263,0x0000003c,60
264,0x0000003c,60
265,0x0000003c,60
266,0x0000003c,60
267,0x0000003c,60
268,0x0000003c,60
269,0x0000003c,60
270,0x0000003c,60
271,0x0000003c,60
272,0x0000003c,60
273,0x0000003c,60
274,0x0000003c,60
275,0x0000003c,60
276,0x0000003c,60
277,0x0000003c,60
278,0x0000003c,60
279,0x0000003c,60
280,0x0000003c,60
281,0x0000003c,60
282,0x0000003c,60
283,0x0000003c,60
284,0x0000003c,60
285,0x0000003c,60
286,0x0000003c,60
287,0x0000003c,60
288,0x0000003c,60
289,0x0000003c,60
290,0x0000003c,60
291,0x0000003c,60
292,0x0000003c,60
293,0x0000003c,60
294,0x0000003c,60
295,0x0000003c,60
296,0x0000003c,60
297,0x0000003c,60
298,0x0000003c,60
299,0x0000003c,60
300,0x0000003c,60
301,0x0000003c,60
302,0x0000003c,60
303,0x0000003c,60
304,0x0000003c,60
305,0x0000003c,60
306,0x0000003c,60
307,0x0000003c,60
308,0x0000003c,60
309,0x0000003c,60
310,0x0000003c,60
311,0x0000003c,60
312,0x0000003c,60
313,0x0000003c,60
314,0x0000003c,60
315,0x0000003c,60
316,0x0000003c,60
317,0x0000003c,60
318,0x0000003c,60
319,0x0000003c,60
320,0x0000003c,60
321,0x0000003c,60
322,0x0000003c,60
323,0x0000003c,60
324,0x0000003c,60
325,0x0000003c,60
326,0x0000003c,60
327,0x0000003c,60
328,0x0000003c,60
329,0x0000003c,60
330,0x0000003c,60
331,0x0000003c,60
332,0x0000003c,60
333,0x0000003c,60
334,0x0000003c,60
335,0x0000003c,60
336,0x0000003c,60
337,0x0000003c,60
338,0x0000003c,60
339,0x0000003c,60
340,0x0000003c,60
341,0x0000003c,60
342,0x0000003c,60
343,0x0000003c,60
344,0x0000003c,60
345,0x0000003c,60
346,0x0000003c,60
347,0x0000003c,60
348,0x0000003c,60
349,0x0000003c,60
350,0x0000003c,60
351,0x0000003c,60
352,0x0000003c,60
353,0x0000003c,60
354,0x0000003c,60
355,0x0000003c,60
356,0x0000003c,60
357,0x0000003c,60
358,0x0000003c,60
359,0x0000003c,60
360,0x0000003c,60
361,0x0000003c,60
362,0x0000003c,60
363,0x0000003c,60
364,0x0000003c,60
365,0x0000003c,60
366,0x0000003c,60
367,0x0000003c,60
368,0x0000003c,60
369,0x0000003c,60
370,0x0000003c,60
371,0x0000003c,60
372,0x0000003c,60
373,0x0000003c,60
374,0x0000003c,60
375,0x0000003c,60
376,0x0000003c,60
377,0x0000003c,60
378,0x0000003c,60
379,0x0000003c,60
380,0x0000003c,60
381,0x0000003c,60
382,0x0000003c,60
383,0x0000003c,60
384,0x0000003c,60
385,0x0000003c,60
386,0x0000003c,60
387,0x0000003c,60
388,0x0000003c,60
389,0x0000003c,60
390,0x0000003c,60
391,0x0000003c,60
392,0x0000003c,60
393,0x0000003c,60
394,0x0000003c,60
395,0x0000003c,60
396,0x0000003c,60
397,0x0000003c,60
398,0x0000003c,60
399,0x0000003c,60
400,0x0000003c,60
401,0x0000003c,60
402,0x0000003c,60
403,0x0000003c,60
404,0x0000003c,60
405,0x0000003c,60
406,0x0000003c,60
407,0x0000003c,60
408,0x0000003c,60
409,0x0000003c,60
410,0x0000003c,60
411,0x0000003c,60
412,0x0000003c,60
413,0x0000003c,60
414,0x0000003c,60
415,0x0000003c,60
416,0x0000003c,60
417,0x0000003c,60
418,0x0000003c,60
419,0x0000003c,60
420,0x0000003c,60
421,0x0000003c,60
422,0x0000003c,60
423,0x0000003c,60
424,0x0000003c,60
425,0x0000003c,60
426,0x0000003c,60
427,0x0000003c,60
428,0x0000003c,60
429,0x0000003c,60
430,0x0000003c,60
431,0x0000003c,60
432,0x0000003c,60
433,0x0000003c,60
434,0x0000003c,60
435,0x0000003c,60
436,0x0000003c,60
437,0x0000003c,60
438,0x0000003c,60
439,0x0000003c,60
440,0x0000003c,60
441,0x0000003c,60
442,0x0000003c,60
443,0x0000003c,60
444,0x0000003c,60
445,0x0000003c,60
446,0x0000003c,60
447,0x0000003c,60
448,0x0000003c,60
449,0x0000003c,60
450,0x0000003c,60
451,0x0000003c,60
452,0x0000003c,60
453,0x0000003c,60
454,0x0000003c,60
455,0x0000003c,60
456,0x0000003c,60
457,0x0000003c,60
458,0x0000003c,60
459,0x0000003c,60
460,0x0000003c,60
461,0x0000003c,60
462,0x0000003c,60
463,0x0000003c,60
464,0x0000003c,60
465,0x0000003c,60
466,0x0000003c,60
467,0x0000003c,60
468,0x0000003c,60
469,0x0000003c,60
470,0x0000003c,60
471,0x0000003c,60
472,0x0000003c,60
473,0x0000003c,60
474,0x0000003c,60
475,0x0000003c,60
476,0x0000003c,60
477,0x0000003c,60
478,0x0000003c,60
479,0x0000003c,60
480,0x0000003c,60
481,0x0000003c,60
482,0x0000003c,60
483,0x0000003c,60
484,0x0000003c,60
485,0x0000003c,60
486,0x0000003c,60
487,0x0000003c,60
488,0x0000003c,60
489,0x0000003c,60
490,0x0000003c,60
491,0x0000003c,60
492,0x0000003c,60
493,0x0000003c,60
494,0x0000003c,60
495,0x0000003c,60
496,0x0000003c,60
497,0x0000003c,60
498,0x0000003c,60
499,0x0000003c,60
500,0x0000003c,60
501,0x0000003c,60
502,0x0000003c,60
503,0x0000003c,60
504,0x0000003c,60
505,0x0000003c,60
506,0x0000003c,60
507,0x0000003c,60
508,0x0000003c,60
509,0x0000003c,60
510,0x0000003c,60
511,0x0000003c,60
512,0x0000003c,60
513,0x0000003c,60
514,0x0000003c,60
515,0x0000003c,60
516,0x0000003c,60
517,0x0000003c,60
518,0x0000003c,60
519,0x0000003c,60
520,0x0000003c,60
521,0x0000003c,60
522,0x0000003c,60
523,0x0000003c,60
524,0x0000003c,60
525,0x0000003c,60
526,0x0000003c,60
527,0x0000003c,60
528,0x0000003c,60
529,0x0000003c,60
530,0x0000003c,60
531,0x0000003c,60
532,0x0000003c,60
533,0x0000003c,60
534,0x0000003c,60
535,0x0000003c,60
536,0x0000003c,60
537,0x0000003c,60
538,0x0000003c,60
539,0x0000003c,60
540,0x0000003c,60
541,0x0000003c,60
542,0x0000003c,60
543,0x0000003c,60
544,0x0000003c,60
545,0x0000003c,60
546,0x0000003c,60
547,0x0000003c,60
548,0x0000003c,60
549,0x0000003c,60
550,0x0000003c,60
551,0x0000003c,60
552,0x0000003c,60
553,0x0000003c,60
554,0x0000003c,60
555,0x0000003c,60
556,0x0000003c,60
557,0x0000003c,60
558,0x0000003c,60
559,0x0000003c,60
560,0x0000003c,60
561,0x0000003c,60
562,0x0000003c,60
563,0x0000003c,60
564,0x0000003c,60
565,0x0000003c,60
566,0x0000003c,60
567,0x0000003c,60
568,0x0000003c,60
569,0x0000003c,60
570,0x0000003c,60
571,0x0000003c,60
572,0x0000003c,60
573,0x0000003c,60
574,0x0000003c,60
575,0x0000003c,60
576,0x0000003c,60
577,0x0000003c,60
578,0x0000003c,60
579,0x0000003c,60
580,0x0000003c,60
581,0x0000003c,60
582,0x0000003c,60
583,0x0000003c,60
584,0x0000003c,60
585,0x0000003c,60
586,0x0000003c,60
587,0x0000003c,60
588,0x0000003c,60
589,0x0000003c,60
590,0x0000003c,60
591,0x0000003c,60
592,0x0000003c,60
593,0x0000003c,60
594,0x0000003c,60
595,0x0000003c,60
596,0x0000003c,60
597,0x0000003c,60
598,0x0000003c,60
599,0x0000003c,60
600,0x0000003c,60
601,0x0000003c,60
602,0x0000003c,60
603,0x0000003c,60
604,0x0000003c,60
605,0x0000003c,60
606,0x0000003c,60
607,0x0000003c,60
608,0x0000003c,60
609,0x0000003c,60
610,0x0000003c,60
611,0x0000003c,60
612,0x0000003c,60
613,0x0000003c,60
614,0x0000003c,60
615,0x0000003c,60
616,0x0000003c,60
617,0x0000003c,60
618,0x0000003c,60
619,0x0000003c,60
620,0x0000003c,60
621,0x0000003c,60
622,0x0000003c,60
623,0x0000003c,60
624,0x0000003c,60
625,0x0000003c,60
626,0x0000003c,60
627,0x0000003c,60
628,0x0000003c,60
629,0x0000003c,60
630,0x0000003c,60
631,0x0000003c,60
632,0x0000003c,60
633,0x0000003c,60
634,0x0000003c,60
635,0x0000003c,60
636,0x0000003c,60
637,0x0000003c,60
638,0x0000003c,60
639,0x0000003c,60
640,0x0000003c,60
641,0x0000003c,60
642,0x0000003c,60
643,0x0000003c,60
644,0x0000003c,60
645,0x0000003c,60
646,0x0000003c,60
647,0x0000003c,60
648,0x0000003c,60
649,0x0000003c,60
650,0x0000003c,60
651,0x0000003c,60
652,0x0000003c,60
653,0x0000003c,60
654,0x0000003c,60
655,0x0000003c,60
656,0x0000003c,60
657,0x0000003c,60
658,0x0000003c,60
659,0x0000003c,60
660,0x0000003c,60
661,0x0000003c,60
662,0x0000003c,60
663,0x0000003c,60
664,0x0000003c,60
665,0x0000003c,60
666,0x0000003c,60
667,0x0000003c,60
668,0x0000003c,60
669,0x0000003c,60
670,0x0000003c,60
671,0x0000003c,60
672,0x0000003c,60
673,0x0000003c,60
674,0x0000003c,60
675,0x0000003c,60
676,0x0000003c,60
677,0x0000003c,60
678,0x0000003c,60
679,0x0000003c,60
680,0x0000003c,60
681,0x0000003c,60
682,0x0000003c,60
683,0x0000003c,60
684,0x0000003c,60
685,0x0000003c,60
686,0x0000003c,60
687,0x0000003c,60
688,0x0000003c,60
689,0x0000003c,60
690,0x0000003c,60
691,0x0000003c,60
692,0x0000003c,60
693,0x0000003c,60
694,0x0000003c,60
695,0x0000003c,60
696,0x0000003c,60
697,0x0000003c,60
698,0x0000003c,60
699,0x0000003c,60
700,0x0000003c,60
701,0x0000003c,60
702,0x0000003c,60
703,0x0000003c,60
704,0x0000003c,60
705,0x0000003c,60
706,0x0000003c,60
707,0x0000003c,60
708,0x0000003c,60
709,0x0000003c,60
710,0x0000003c,60
711,0x0000003c,60
712,0x0000003c,60
713,0x0000003c,60
714,0x0000003c,60
715,0x0000003c,60
716,0x0000003c,60
717,0x0000003c,60
718,0x0000003c,60
719,0x0000003c,60
720,0x0000003c,60
721,0x0000003c,60
722,0x0000003c,60
723,0x0000003c,60
724,0x0000003c,60
725,0x0000003c,60
726,0x0000003c,60
727,0x0000003c,60
728,0x0000003c,60
729,0x0000003c,60
730,0x0000003c,60
731,0x0000003c,60
732,0x0000003c,60
733,0x0000003c,60
734,0x0000003c,60
735,0x0000003c,60
736,0x0000003c,60
737,0x0000003c,60
738,0x0000003c,60
739,0x0000003c,60
740,0x0000003c,60
741,0x0000003c,60
742,0x0000003c,60
743,0x0000003c,60
744,0x0000003c,60
745,0x0000003c,60
746,0x0000003c,60
747,0x0000003c,60
748,0x0000003c,60
749,0x0000003c,60
750,0x0000003c,60
751,0x0000003c,60
752,0x0000003c,60
753,0x0000003c,60
754,0x0000003c,60
755,0x0000003c,60
756,0x0000003c,60
757,0x0000003c,60
758,0x0000003c,60
759,0x0000003c,60
760,0x0000003c,60
761,0x0000003c,60
762,0x0000003c,60
763,0x0000003c,60
764,0x0000003c,60
765,0x0000003c,60
766,0x0000003c,60
767,0x0000003c,60
768,0x0000003c,60
769,0x0000003c,60
770,0x0000003c,60
771,0x0000003c,60
772,0x0000003c,60
773,0x0000003c,60
774,0x0000003c,60
775,0x0000003c,60
776,0x0000003c,60
777,0x0000003c,60
778,0x0000003c,60
779,0x0000003c,60
780,0x0000003c,60
781,0x0000003c,60
782,0x0000003c,60
783,0x0000003c,60
784,0x0000003c,60
785,0x0000003c,60
786,0x0000003c,60
787,0x0000003c,60
788,0x0000003c,60
789,0x0000003c,60
790,0x0000003c,60
791,0x0000003c,60
792,0x0000003c,60
793,0x0000003c,60
794,0x0000003c,60
795,0x0000003c,60
796,0x0000003c,60
797,0x0000003c,60
798,0x0000003c,60
799,0x0000003c,60
800,0x0000003c,60
801,0x0000003c,60
802,0x0000003c,60
803,0x0000003c,60
804,0x0000003c,60
805,0x0000003c,60
806,0x0000003c,60
807,0x0000003c,60
808,0x0000003c,60
809,0x0000003c,60
810,0x0000003c,60
811,0x0000003c,60
812,0x0000003c,60
813,0x0000003c,60
814,0x0000003c,60
815,0x0000003c,60
816,0x0000003c,60
817,0x0000003c,60
818,0x0000003c,60
819,0x0000003c,60
820,0x0000003c,60
821,0x0000003c,60
822,0x0000003c,60
823,0x0000003c,60
824,0x0000003c,60
825,0x0000003c,60
826,0x0000003c,60
827,0x0000003c,60
828,0x0000003c,60
829,0x0000003c,60
830,0x0000003c,60
831,0x0000003c,60
832,0x0000003c,60
833,0x0000004a,74
834,0x00000042,66
835,0x00000042,66
836,0x00000081,129
837,0x00000069,105
838,0x0000017a,378
839,0x00000042,66
840,0x00000074,116
841,0x00000084,132
842,0x00000086,134
843,0x00000042,66
844,0x00000123,291
845,0x000000e0,224
846,0x00000074,116
847,0x00000074,116
848,0x0000003c,60
849,0x0000003c,60
850,0x0000003c,60
851,0x0000003c,60
852,0x0000003c,60
853,0x00000071,113
854,0x00000105,261
855,0x00000042,66
856,0x00000074,116
857,0x0000003c,60
858,0x00000084,132
859,0x00000086,134
860,0x00000042,66
861,0x000000ed,237
862,0x000001a7,423
863,0x00000074,116
864,0x00000074,116
865,0x0000003c,60
866,0x0000003c,60
867,0x0000003c,60
868,0x0000003c,60
869,0x0000003c,60
870,0x00000176,374
871,0x00000042,66
872,0x00000074,116
873,0x00000042,66
874,0x00000042,66
875,0x00000093,147
876,0x00000042,66
877,0x00000069,105
878,0x0000018d,397
879,0x00000067,103
880,0x00000067,103
881,0x0000003c,60
882,0x0000003c,60
883,0x0000003c,60
884,0x0000003c,60
885,0x0000003c,60
886,0x00000064,100
887,0x00000105,261
888,0x00000042,66
889,0x00000067,103
890,0x00000084,132
891,0x00000086,134
892,0x00000042,66
893,0x000001c1,449
894,0x00000074,116
895,0x00000074,116
896,0x0000003c,60
897,0x0000003c,60
898,0x0000003c,60
899,0x0000003c,60
900,0x0000003c,60
901,0x0000003c,60
902,0x00000071,113
903,0x00000105,261
904,0x00000042,66
905,0x00000074,116
906,0x00000042,66
907,0x00000042,66
908,0x00000086,134
909,0x00000042,66
910,0x00000165,357
911,0x0000009e,158
912,0x00000074,116
913,0x00000074,116
914,0x0000003c,60
915,0x0000004a,74
916,0x00000042,66
917,0x00000081,129
918,0x00000069,105
919,0x0000017a,378
920,0x00000042,66
921,0x00000074,116
922,0x00000042,66
923,0x00000086,134
924,0x00000042,66
925,0x00000130,304
926,0x000000d3,211
927,0x00000074,116
928,0x00000074,116
929,0x0000003c,60
930,0x0000003c,60
931,0x0000003c,60
932,0x0000003c,60
933,0x0000003c,60
934,0x00000071,113
935,0x00000105,261
936,0x00000042,66
937,0x00000074,116
938,0x00000084,132
939,0x00000086,134
940,0x00000042,66
941,0x000000ed,237
942,0x0000019a,410
943,0x00000074,116
944,0x00000074,116
945,0x0000003c,60
946,0x0000003c,60
947,0x00000071,113
948,0x00000105,261
949,0x00000042,66
950,0x00000074,116
951,0x00000042,66
952,0x00000086,134
953,0x00000042,66
954,0x00000042,66
955,0x00000084,132
956,0x00000069,105
957,0x00000116,278
958,0x00000074,116
959,0x00000074,116
960,0x0000003c,60
961,0x0000003c,60
962,0x0000003c,60
963,0x0000003c,60
964,0x0000003c,60
965,0x0000004a,74
966,0x00000042,66
967,0x00000081,129
968,0x00000069,105
969,0x0000017a,378
970,0x00000042,66
971,0x00000074,116
972,0x00000084,132
973,0x00000086,134
974,0x00000042,66
975,0x00000203,515
976,0x00000074,116
977,0x00000074,116
978,0x00000071,113
979,0x00000105,261
980,0x00000042,66
981,0x00000074,116
982,0x00000084,132
983,0x00000086,134
984,0x00000042,66
985,0x0000012f,303
986,0x00000123,291
987,0x00000077,119
988,0x00000074,116
989,0x00000074,116
990,0x0000003c,60
991,0x00000071,113
992,0x00000105,261
993,0x00000042,66
994,0x00000074,116
995,0x00000042,66
996,0x00000086,134
997,0x00000042,66
998,0x000001c1,449
999,0x00000074,116
1000,0x00000074,116
1001,0x0000003c,60
1002,0x0000003c,60
1003,0x0000003c,60
1004,0x0000003c,60
1005,0x0000003c,60
1006,0x0000003c,60
1007,0x00000071,113
1008,0x00000105,261
1009,0x00000042,66
1010,0x00000074,116
1011,0x00000084,132
1012,0x00000086,134
1013,0x00000042,66
1014,0x00000084,132
1015,0x00000076,118
1016,0x00000077,119
1017,0x00000123,291
1018,0x00000074,116
1019,0x00000074,116
1020,0x00000071,113
1021,0x00000105,261
1022,0x00000042,66
1023,0x00000074,116
1024,0x00000042,66
1025,0x00000042,66
1026,0x00000086,134
1027,0x00000042,66
1028,0x000000c6,198
1029,0x000001c1,449
1030,0x00000074,116
1031,0x00000074,116
1032,0x0000003c,60
1033,0x00000071,113
1034,0x00000105,261
1035,0x00000042,66
1036,0x00000074,116
1037,0x00000042,66
1038,0x00000086,134
1039,0x00000042,66
1040,0x00000130,304
1041,0x00000115,277
1042,0x00000074,116
1043,0x00000074,116
1044,0x0000003c,60
1045,0x0000003c,60
1046,0x0000003c,60
1047,0x0000003c,60
1048,0x00000176,374
1049,0x00000042,66
1050,0x00000074,116
1051,0x00000042,66
1052,0x00000042,66
1053,0x00000086,134
1054,0x00000042,66
1055,0x00000084,132
1056,0x00000158,344
1057,0x00000069,105
1058,0x00000074,116
1059,0x00000074,116
1060,0x00000071,113
1061,0x00000105,261
1062,0x00000042,66
1063,0x00000074,116
1064,0x00000042,66
1065,0x00000086,134
1066,0x00000042,66
1067,0x00000042,66
1068,0x00000084,132
1069,0x0000013d,317
1070,0x00000074,116
1071,0x00000074,116
1072,0x0000003c,60
1073,0x00000071,113
1074,0x00000105,261
1075,0x00000042,66
1076,0x00000074,116
1077,0x00000042,66
1078,0x00000086,134
1079,0x00000042,66
1080,0x000000ed,237
1081,0x00000158,344
1082,0x00000074,116
1083,0x00000074,116
1084,0x0000003c,60
1085,0x0000003c,60
1086,0x0000003c,60
1087,0x0000003c,60
1088,0x00000071,113
1089,0x00000105,261
1090,0x00000042,66
1091,0x00000074,116
1092,0x00000084,132
1093,0x00000093,147
1094,0x00000042,66
1095,0x00000042,66
1096,0x00000203,515
1097,0x00000074,116
1098,0x00000074,116
1099,0x00000071,113
1100,0x00000105,261
1101,0x00000042,66
1102,0x00000074,116
1103,0x00000042,66
1104,0x00000086,134
1105,0x00000042,66
1106,0x00000203,515
1107,0x00000074,116
1108,0x00000074,116
1109,0x0000003c,60
1110,0x0000004a,74
1111,0x00000042,66
1112,0x00000081,129
1113,0x000001e3,483
1114,0x00000042,66
1115,0x00000074,116
1116,0x00000084,132
1117,0x00000086,134
1118,0x00000042,66
1119,0x00000165,357
1120,0x0000009e,158
1121,0x00000074,116
1122,0x00000074,116
1123,0x00000071,113
1124,0x00000105,261
1125,0x00000042,66
1126,0x00000074,116
1127,0x00000042,66
1128,0x00000086,134
1129,0x00000042,66
1130,0x0000017f,383
1131,0x00000074,116
1132,0x00000074,116
1133,0x0000003c,60
1134,0x0000003c,60
1135,0x0000003c,60
1136,0x0000003c,60
1137,0x00000071,113
1138,0x00000105,261
1139,0x00000042,66
1140,0x00000074,116
1141,0x00000084,132
1142,0x00000086,134
1143,0x00000042,66
1144,0x000001c1,449
1145,0x00000074,116
1146,0x00000074,116
1147,0x00000071,113
1148,0x00000105,261
1149,0x00000042,66
1150,0x00000074,116
1151,0x0000003c,60
1152,0x00000042,66
1153,0x00000086,134
1154,0x00000042,66
1155,0x00000157,343
1156,0x000000ac,172
1157,0x00000074,116
1158,0x00000074,116
1159,0x00000071,113
1160,0x00000105,261
1161,0x00000042,66
1162,0x00000074,116
1163,0x00000084,132
1164,0x00000086,134
1165,0x00000042,66
1166,0x00000203,515
1167,0x00000074,116
1168,0x00000074,116
1169,0x00000071,113
1170,0x00000105,261
1171,0x00000042,66
1172,0x00000074,116
1173,0x00000042,66
1174,0x00000086,134
1175,0x00000042,66
1176,0x00000203,515
1177,0x00000074,116
1178,0x00000074,116
1179,0x0000003c,60
1180,0x0000003c,60
1181,0x0000003c,60
1182,0x0000003c,60
1183,0x00000071,113
1184,0x00000105,261
1185,0x00000042,66
1186,0x00000074,116
1187,0x00000084,132
1188,0x00000086,134
1189,0x00000042,66
1190,0x00000084,132
1191,0x0000017f,383
1192,0x00000074,116
1193,0x00000074,116
1194,0x0000003c,60
1195,0x00000071,113
1196,0x00000105,261
1197,0x00000042,66
1198,0x00000074,116
1199,0x00000042,66
1200,0x00000093,147
1201,0x00000042,66
1202,0x000001c1,449
1203,0x00000074,116
1204,0x00000074,116
1205,0x00000071,113
1206,0x00000105,261
1207,0x00000042,66
1208,0x00000074,116
1209,0x00000042,66
1210,0x00000042,66
1211,0x00000086,134
1212,0x00000042,66
1213,0x00000042,66
1214,0x000001c1,449
1215,0x00000074,116
1216,0x00000074,116
1217,0x00000071,113
1218,0x00000105,261
1219,0x00000042,66
1220,0x00000074,116
1221,0x00000042,66
1222,0x00000086,134
1223,0x00000042,66
1224,0x000000ed,237
1225,0x00000165,357
1226,0x00000077,119
1227,0x00000074,116
1228,0x00000074,116
1229,0x0000003c,60
1230,0x0000003c,60
1231,0x0000003c,60
1232,0x0000003c,60
1233,0x00000071,113
1234,0x00000105,261
1235,0x00000042,66
1236,0x00000074,116
1237,0x00000084,132
1238,0x00000086,134
1239,0x00000042,66
1240,0x00000076,118
1241,0x0000018d,397
1242,0x00000074,116
1243,0x00000074,116
1244,0x0000003c,60
1245,0x00000123,291
1246,0x00000042,66
1247,0x00000074,116
1248,0x00000042,66
1249,0x00000086,134
1250,0x00000042,66
1251,0x00000084,132
1252,0x0000017f,383
1253,0x00000074,116
1254,0x00000074,116
1255,0x00000071,113
1256,0x00000105,261
1257,0x00000042,66
1258,0x00000074,116
1259,0x00000084,132
1260,0x00000093,147
1261,0x00000084,132
1262,0x0000018c,396
1263,0x00000077,119
1264,0x00000074,116
1265,0x00000074,116
1266,0x00000071,113
1267,0x00000105,261
1268,0x00000042,66
1269,0x00000074,116
1270,0x00000042,66
1271,0x00000086,134
1272,0x00000042,66
1273,0x000000fb,251
1274,0x000000e0,224
1275,0x000000ee,238
1276,0x00000074,116
1277,0x00000074,116
1278,0x0000003c,60
1279,0x0000003c,60
1280,0x0000003c,60
1281,0x0000003c,60
1282,0x00000071,113
1283,0x00000105,261
1284,0x00000042,66
1285,0x00000074,116
1286,0x00000084,132
1287,0x00000086,134
1288,0x00000042,66
1289,0x000000fa,250
1290,0x00000158,344
1291,0x00000074,116
1292,0x00000074,116
1293,0x0000003c,60
1294,0x00000071,113
1295,0x00000105,261
1296,0x00000042,66
1297,0x00000074,116
1298,0x00000042,66
1299,0x00000086,134
1300,0x00000042,66
1301,0x000000fa,250
1302,0x00000116,278
1303,0x00000074,116
1304,0x00000074,116
1305,0x00000071,113
1306,0x00000105,261
1307,0x00000042,66
1308,0x00000074,116
1309,0x00000084,132
1310,0x00000086,134
1311,0x00000042,66
1312,0x000001c1,449
1313,0x00000074,116
1314,0x00000074,116
1315,0x00000071,113
1316,0x00000105,261
1317,0x00000042,66
1318,0x00000074,116
1319,0x00000042,66
1320,0x00000086,134
1321,0x00000084,132
1322,0x0000019a,410
1323,0x00000069,105
1324,0x00000074,116
1325,0x00000074,116
1326,0x0000003c,60
1327,0x0000003c,60
1328,0x0000003c,60
1329,0x0000003c,60
1330,0x0000004a,74
1331,0x000000c3,195
1332,0x0000005c,92
1333,0x00000187,391
1334,0x00000042,66
1335,0x00000074,116
1336,0x000000c6,198
1337,0x00000093,147
1338,0x0000004a,74
1339,0x00000042,66
1340,0x0000063c,1596
1341,0x00000042,66
1342,0x0000009e,158
1343,0x00000108,264
1344,0x00000042,66
1345,0x00000042,66
1346,0x00000210,528
1347,0x0000014a,330
1348,0x0000014a,330
1349,0x0000014a,330
1350,0x00000108,264
1351,0x0000014a,330
1352,0x00000084,132
1353,0x00000042,66
1354,0x000000c6,198
1355,0x00000108,264
1356,0x00000042,66
1357,0x000001ce,462
1358,0x00000042,66
1359,0x00000042,66
1360,0x0000018c,396
1361,0x00000084,132
1362,0x000000c6,198
1363,0x00000108,264
1364,0x00000042,66
1365,0x00000042,66
1366,0x0000014a,330
1367,0x00000042,66
1368,0x00000076,118
1369,0x00000074,116
1370,0x00000042,66
1371,0x00000042,66
1372,0x00000086,134
1373,0x00000042,66
1374,0x00000042,66
1375,0x00000203,515
1376,0x00000074,116
1377,0x00000042,66
1378,0x00000071,113
1379,0x00000079,121
1380,0x00000042,66
1381,0x00000087,135
1382,0x000000e5,229
1383,0x00000074,116
1384,0x00000042,66
1385,0x00000108,264
1386,0x00000042,66
1387,0x00000086,134
1388,0x00000042,66
1389,0x00000042,66
1390,0x00000084,132
1391,0x000003d3,979
1392,0x00000074,116
1393,0x00000086,134
1394,0x00000042,66
1395,0x00000087,135
1396,0x00000069,105
1397,0x00000074,116
1398,0x00000042,66
1399,0x00000087,135
1400,0x00000069,105
1401,0x000000b8,184
1402,0x0000007a,122
1403,0x00000074,116
1404,0x00000074,116
1405,0x00000042,66
1406,0x000000f0,240
1407,0x00000074,116
1408,0x00000079,121
1409,0x0000003c,60
1410,0x00000076,118
1411,0x00000074,116
1412,0x00000084,132
1413,0x00000042,66
1414,0x00000086,134
1415,0x00000042,66
1416,0x00000042,66
1417,0x00002f50,12112
1418,0x00000bd4,3028
1419,0x000017a8,6056
1420,0x00005ea0,24224
1421,0x00000bd4,3028
1422,0x0000705e,28766
1423,0x0000821c,33308
1424,0x00000bd4,3028
1425,0x00007c32,31794
1426,0x00008df0,36336
1427,0x00000042,66
1428,0x00000bd4,3028
1429,0x0000705e,28766
1430,0x000017a8,6056
1431,0x000099c4,39364
1432,0x00000bd4,3028
1433,0x000099c4,39364
1434,0x0000ab82,43906
1435,0x00000bd4,3028
1436,0x0000705e,28766
1437,0x0000353a,13626
1438,0x000011be,4542
1439,0x0000ab82,43906
1440,0x00008806,34822
1441,0x0000410e,16654
1442,0x00000bd4,3028
1443,0x0000c32a,49962
1444,0x000011be,4542
1445,0x0000c914,51476
1446,0x00000bd4,3028
1447,0x00004ce2,19682
1448,0x00008df0,36336
1449,0x00001d92,7570
1450,0x0000cefe,52990
1451,0x00000bd4,3028
1452,0x0000f27a,62074
1453,0x0000410e,16654
1454,0x0000c914,51476
1455,0x00000bd4,3028
1456,0x0000f864,63588
1457,0x000005ea,1514
1458,0x00011be0,72672
1459,0x00000bd4,3028
1460,0x000009c7,2503
1461,0x00000042,66
1462,0x00000074,116
1463,0x00000098,152
1464,0x00000069,105
1465,0x00000042,66
1466,0x00000074,116
1467,0x00000042,66
1468,0x00000086,134
1469,0x00000042,66
1470,0x00000042,66
1471,0x00007d81,32129
1472,0x0000a406,41990
1473,0x000017a8,6056
1474,0x000017a8,6056
1475,0x0000c32a,49962
1476,0x00006ab6,27318
1477,0x00000053,83
1478,0x00000bd4,3028
1479,0x00009fae,40878
1480,0x0000a598,42392
1481,0x00007c32,31794
1482,0x0000ce34,52788
1483,0x00000042,66
1484,0x00000042,66
1485,0x000000c6,198
1486,0x00000042,66
1487,0x00000210,528
1488,0x00000042,66
1489,0x000000c6,198
1490,0x00000042,66
1491,0x00000084,132
1492,0x00000042,66
1493,0x000000c6,198
1494,0x00000042,66
1495,0x000000c6,198
1496,0x000000c6,198
1497,0x00000042,66
1498,0x00000084,132
1499,0x00000042,66
1500,0x00000084,132
1501,0x00000042,66
1502,0x00000084,132
1503,0x00000042,66
1504,0x00000042,66
1505,0x00000084,132
1506,0x00000042,66
1507,0x00000108,264
1508,0x00000042,66
1509,0x000000c6,198
1510,0x000000c6,198
1511,0x00000084,132
1512,0x00000042,66
1513,0x00000042,66
1514,0x00000084,132
1515,0x00000108,264
1516,0x00000042,66
1517,0x00000084,132
1518,0x00000108,264
1519,0x00000042,66
1520,0x00000042,66
1521,0x000000e3,227
1522,0x00000060,96
1523,0x00000067,103
1524,0x00000084,132
1525,0x00014b30,84784
1526,0x00001ed1,7889
1527,0x000004ad,1197
1528,0x0000f27a,62074
1529,0x000093da,37850
1530,0x00000bd4,3028
1531,0x0001100c,69644
1532,0x00007c32,31794
1533,0x00008d26,36134
1534,0x00000042,66
1535,0x00000042,66
1536,0x0000018c,396
1537,0x00000042,66
1538,0x00000084,132
1539,0x00000108,264
1540,0x00000042,66
1541,0x00000210,528
1542,0x00000042,66
1543,0x0000014a,330
1544,0x00000042,66
1545,0x000000c6,198
1546,0x0000014a,330
1547,0x00000042,66
1548,0x00000084,132
1549,0x000001ce,462
1550,0x000000e3,227
1551,0x00000074,116
1552,0x00000042,66
1553,0x0000353a,13626
1554,0x00018065,98405
1555,0x00007648,30280
1556,0x00015704,87812
1557,0x00000bd4,3028
1558,0x00018654,99924
1559,0x00000520,1312
1560,0x00000084,132
1561,0x00000462,1122
1562,0x00000042,66
1563,0x00000042,66
1564,0x00000108,264
1565,0x00000084,132
1566,0x00000210,528
1567,0x00000042,66
1568,0x00000084,132
1569,0x000001ce,462
1570,0x000000c6,198
1571,0x000000c6,198
1572,0x000000e3,227
1573,0x00000074,116
1574,0x00000181,385
1575,0x000003e9,1001
1576,0x0000f9af,63919
1577,0x0000e0bc,57532
1578,0x0001a3e6,107494
1579,0x000058b6,22710
1580,0x00000bd4,3028
1581,0x0000cefe,52990
1582,0x0000637b,25467
1583,0x00000084,132
1584,0x000000c6,198
1585,0x0000014a,330
1586,0x00000042,66
1587,0x00000108,264
1588,0x0000014a,330
1589,0x00000042,66
1590,0x00000108,264
1591,0x00000042,66
1592,0x000000c6,198
1593,0x000001b8,440
1594,0x0000007a,122
1595,0x00000069,105
1596,0x00000074,116
1597,0x00000042,66
1598,0x000010b3,4275
1599,0x0001ab0e,109326
1600,0x00006739,26425
1601,0x0000024b,587
1602,0x0000648a,25738
1603,0x0000f27a,62074
1604,0x0000bd40,48448
1605,0x00000042,66
1606,0x00000074,116
1607,0x00002f50,12112
1608,0x0000b1ef,45551
1609,0x00000042,66
1610,0x00000084,132
1611,0x00000528,1320
1612,0x0000014a,330
1613,0x00000042,66
1614,0x00000210,528
1615,0x000003de,990
1616,0x000000c6,198
1617,0x0000014a,330
1618,0x00000042,66
1619,0x00000042,66
1620,0x00000042,66
1621,0x0000018c,396
1622,0x0000007a,122
1623,0x00000069,105
1624,0x00000086,134
1625,0x00000069,105
1626,0x00000074,116
1627,0x00000042,66
1628,0x000002ae,686
1629,0x000004ca,1226
1630,0x00001240,4672
1631,0x0000e0bc,57532
1632,0x00015eaf,89775
1633,0x00000042,66
1634,0x00002966,10598
1635,0x0000e0bc,57532
1636,0x000127b4,75700
1637,0x000052cc,21196
1638,0x00000074,116
1639,0x00003f7d,16253
1640,0x00000084,132
1641,0x00000108,264
1642,0x0000014a,330
1643,0x0000018c,396
1644,0x00000042,66
1645,0x0000003c,60
1646,0x00000042,66
1647,0x00000084,132
1648,0x00000294,660
1649,0x00000252,594
1650,0x00000084,132
1651,0x00000210,528
1652,0x00000042,66
1653,0x000000e3,227
1654,0x00000074,116
1655,0x00000216,534
1656,0x00001540,5440
1657,0x0000030e,782
1658,0x00015704,87812
1659,0x00012d9e,77214
1660,0x00000042,66
1661,0x00007ca8,31912
1662,0x0001d99a,121242
1663,0x00002741,10049
1664,0x000000b6,182
1665,0x00000084,132
1666,0x000000c6,198
1667,0x000000c6,198
1668,0x00000042,66
1669,0x00000042,66
1670,0x00000084,132
1671,0x0000039c,924
1672,0x00000042,66
1673,0x000000c6,198
1674,0x0000018c,396
1675,0x00000042,66
1676,0x000000f4,244
1677,0x00000042,66
1678,0x00000074,116
1679,0x00000042,66
1680,0x00000042,66
1681,0x00000366,870
1682,0x0000156b,5483
1683,0x00013972,80242
1684,0x00016eac,93868
1685,0x00010a22,68130
1686,0x00014f57,85847
1687,0x00000042,66
1688,0x00000084,132
1689,0x000000c6,198
1690,0x0000014a,330
1691,0x000000c6,198
1692,0x000001ce,462
1693,0x0000014a,330
1694,0x0000018c,396
1695,0x0000018c,396
1696,0x00000093,147
1697,0x00000042,66
1698,0x00000042,66
1699,0x00000210,528
1700,0x0000007a,122
1701,0x00000069,105
1702,0x00000042,66
1703,0x00000042,66
1704,0x00000077,119
1705,0x0000039e,926
1706,0x00000074,116
1707,0x00000042,66
1708,0x00000391,913
1709,0x0000e9eb,59883
1710,0x0001e4f4,124148
1711,0x0000353a,13626
1712,0x00000074,116
1713,0x00000bd4,3028
1714,0x000162d8,90840
1715,0x0000a3d5,41941
1716,0x00000042,66
1717,0x00000084,132
1718,0x0000014a,330
1719,0x0000018c,396
1720,0x00000042,66
1721,0x00000042,66
1722,0x0000018c,396
1723,0x00000108,264
1724,0x0000018c,396
1725,0x00000042,66
1726,0x000000e3,227
1727,0x00000074,116
1728,0x00000042,66
1729,0x00001447,5191
1730,0x00015b9a,88986
1731,0x0001d920,121120
1732,0x00005ea0,24224
1733,0x000172d3,94931
1734,0x00000042,66
1735,0x00000084,132
1736,0x00000084,132
1737,0x0000018c,396
1738,0x00000042,66
1739,0x0000014a,330
1740,0x00000042,66
1741,0x000000e3,227
1742,0x00000074,116
1743,0x00000042,66
1744,0x00000f2e,3886
1745,0x0001e366,123750
1746,0x00019812,104466
1747,0x00014b30,84784
1748,0x00004455,17493
1749,0x000000c6,198
1750,0x00000042,66
1751,0x000000c6,198
1752,0x000000c6,198
1753,0x00000042,66
1754,0x00000084,132
1755,0x00000084,132
1756,0x00000042,66
1757,0x000000e3,227
1758,0x00000069,105
1759,0x00000042,66
1760,0x00000074,116
1761,0x00000074,116
1762,0x00000042,66
1763,0x00000530,1328
1764,0x0000961d,38429
1765,0x0001df0a,122634
1766,0x00014546,83270
1767,0x0000821c,33308
1768,0x0000d90f,55567
1769,0x00000084,132
1770,0x00000084,132
1771,0x000000c6,198
1772,0x00000084,132
1773,0x00000042,66
1774,0x00000108,264
1775,0x00000084,132
1776,0x000000e3,227
1777,0x00000074,116
1778,0x00000042,66
1779,0x0000b756,46934
1780,0x0001ddf4,122356
1781,0x000175f7,95735
1782,0x000011be,4542
1783,0x0000f79a,63386
1784,0x00000084,132
1785,0x00000042,66
1786,0x00000084,132
1787,0x00000108,264
1788,0x00000042,66
1789,0x00000084,132
1790,0x00000108,264
1791,0x000000e3,227
1792,0x00000074,116
1793,0x00000042,66
1794,0x0000025d,605
1795,0x000084af,33967
1796,0x0001e055,122965
1797,0x0001e05a,122970
1798,0x000005ea,1514
1799,0x000011be,4542
1800,0x00000060,96
1801,0x0000bbb5,48053
1802,0x00000042,66
1803,0x00000108,264
1804,0x000000c6,198
1805,0x00000042,66
1806,0x00000042,66
1807,0x00000108,264
1808,0x000000e3,227
1809,0x00000074,116
1810,0x00000042,66
1811,0x000007e8,2024
1812,0x0000f162,61794
1813,0x0001df0a,122634
1814,0x0001bb8e,113550
1815,0x00002966,10598
1816,0x00005cdd,23773
1817,0x000000c6,198
1818,0x00000042,66
1819,0x00000084,132
1820,0x00000108,264
1821,0x00000084,132
1822,0x00000084,132
1823,0x00000042,66
1824,0x000000e3,227
1825,0x00000074,116
1826,0x00000042,66
1827,0x00000042,66
1828,0x0000e0bc,57532
1829,0x0001e068,122984
1830,0x0001e357,123735
1831,0x0000353a,13626
1832,0x000017a8,6056
1833,0x0000289c,10396
1834,0x00000042,66
1835,0x00000042,66
1836,0x00000042,66
1837,0x00000042,66
1838,0x00000042,66
1839,0x00000042,66
1840,0x00000042,66
1841,0x000000c6,198
1842,0x000000e3,227
1843,0x00000069,105
1844,0x000000e8,232
1845,0x00000042,66
1846,0x000007f8,2040
1847,0x000034fe,13566
1848,0x0001e4f4,124148
1849,0x0001df0a,122634
1850,0x00010a22,68130
1851,0x00000bd4,3028
1852,0x00000112,274
1853,0x000003c5,965
1854,0x00000084,132
1855,0x00000042,66
1856,0x00000042,66
1857,0x00000108,264
1858,0x0000014a,330
1859,0x00000084,132
1860,0x00000084,132
1861,0x00000042,66
1862,0x000000e3,227
1863,0x00000074,116
1864,0x00000074,116
1865,0x00000042,66
1866,0x000007b7,1975
1867,0x000155ec,87532
1868,0x0001df0a,122634
1869,0x0001dd7f,122239
1870,0x00000084,132
1871,0x00000084,132
1872,0x000000c6,198
1873,0x0000014a,330
1874,0x00000084,132
1875,0x000000e3,227
1876,0x00000074,116
1877,0x00000042,66
1878,0x000001d6,470
1879,0x000187ac,100268
1880,0x0001e353,123731
1881,0x0001ad95,109973
1882,0x00000084,132
1883,0x00000042,66
1884,0x000000c6,198
1885,0x000000c6,198
1886,0x000000c6,198
1887,0x00000042,66
1888,0x00000084,132
1889,0x00000084,132
1890,0x00000093,147
1891,0x000000e3,227
1892,0x000000dd,221
1893,0x000000ee,238
1894,0x000000e1,225
1895,0x00000042,66
1896,0x0001d2ee,119534
1897,0x0001e4f4,124148
1898,0x0001625d,90717
1899,0x00000067,103
1900,0x00000042,66
1901,0x00000084,132
1902,0x00000042,66
1903,0x0000014a,330
1904,0x0000014a,330
1905,0x00000042,66
1906,0x00000042,66
1907,0x000000e3,227
1908,0x00000074,116
1909,0x00000084,132
1910,0x00009b01,39681
1911,0x0001de22,122402
1912,0x0001df0a,122634
1913,0x0000c26d,49773
1914,0x00000042,66
1915,0x00000042,66
1916,0x00000042,66
1917,0x000000c6,198
1918,0x000000c6,198
1919,0x000000c6,198
1920,0x0000014c,332
1921,0x00000074,116
1922,0x000000b6,182
1923,0x00000042,66
1924,0x00001868,6248
1925,0x000011be,4542
1926,0x0001df0a,122634
1927,0x0001df0a,122634
1928,0x0001320a,78346
1929,0x00000079,121
1930,0x00000084,132
1931,0x00000093,147
1932,0x00000042,66
1933,0x00000042,66
1934,0x0000022d,557
1935,0x00000108,264
1936,0x00000108,264
1937,0x00000042,66
1938,0x000000e3,227
1939,0x00000042,66
1940,0x0000020e,526
1941,0x0000004a,74
1942,0x000023e3,9187
1943,0x000011be,4542
1944,0x00000074,116
1945,0x0000018e,398
1946,0x00000684,1668
1947,0x00016f26,93990
1948,0x0001df0a,122634
1949,0x0001c487,115847
1950,0x000006f9,1785
1951,0x000017a8,6056
1952,0x000017a8,6056
1953,0x000046f8,18168
1954,0x00000084,132
1955,0x00000042,66
1956,0x00000042,66
1957,0x00000108,264
1958,0x000000c6,198
1959,0x0000186e,6254
1960,0x000017a8,6056
1961,0x00004e63,20067
1962,0x00000042,66
1963,0x00002f50,12112
1964,0x000052cc,21196
1965,0x00000074,116
1966,0x00000042,66
1967,0x0000021b,539
1968,0x000148d0,84176
1969,0x0001dbcd,121805
1970,0x0001e4f4,124148
1971,0x00000f1b,3867
1972,0x00000bd4,3028
1973,0x00002f50,12112
1974,0x00004ce2,19682
1975,0x000000c6,198
1976,0x00000042,66
1977,0x0000014a,330
1978,0x00005fa8,24488
1979,0x00000042,66
1980,0x0000007a,122
1981,0x00000069,105
1982,0x0000353a,13626
1983,0x00004ce2,19682
1984,0x000011be,4542
1985,0x00000074,116
1986,0x00000042,66
1987,0x00000752,1874
1988,0x0000014f,335
1989,0x0001806a,98410
1990,0x0001e4f4,124148
1991,0x0001acdf,109791
1992,0x000017a8,6056
1993,0x0000821c,33308
1994,0x000000c6,198
1995,0x00000084,132
1996,0x00000cdc,3292
1997,0x0000014a,330
1998,0x0000941c,37916
1999,0x000000e3,227
2000,0x0000410e,16654
2001,0x00006a74,27252
2002,0x00000074,116
2003,0x00000042,66
2004,0x00000084,132
2005,0x00000191,401
2006,0x000004df,1247
2007,0x00018c3e,101438
2008,0x0001df0a,122634
2009,0x0001a8ce,108750
2010,0x00000931,2353
2011,0x0000006d,109
2012,0x00000042,66
2013,0x00000084,132
2014,0x00000042,66
2015,0x00000181,385
2016,0x000000c6,198
2017,0x00000108,264
2018,0x00000069,105
2019,0x000000e3,227
2020,0x00000042,66
2021,0x000000e0,224
2022,0x000000ee,238
2023,0x0000016f,367
2024,0x00000162,354
2025,0x0000026e,622
2026,0x00000190,400
2027,0x00001507,5383
2028,0x00017a80,96896
2029,0x0001e4f4,124148
2030,0x0001a476,107638
2031,0x00000077,119
2032,0x00000084,132
2033,0x00000042,66
2034,0x0000018c,396
2035,0x000000c6,198
2036,0x000000c6,198
2037,0x0000014a,330
2038,0x00000074,116
2039,0x000005e9,1513
2040,0x00001360,4960
2041,0x00011670,71280
2042,0x0001df0a,122634
2043,0x0001df0a,122634
2044,0x00002d8d,11661
2045,0x00000042,66
2046,0x00000084,132
2047,0x00000084,132
2048,0x00000108,264
2049,0x00000108,264
2050,0x00000042,66
2051,0x000000e3,227
2052,0x00000042,66
2053,0x00000042,66
2054,0x000000c7,199
2055,0x00000042,66
2056,0x0000169b,5787
2057,0x0000ad9d,44445
2058,0x0001df0a,122634
2059,0x0001e4f4,124148
2060,0x0000925c,37468
2061,0x00000042,66
2062,0x00000084,132
2063,0x00000084,132
2064,0x0000014a,330
2065,0x000000c6,198
2066,0x00000084,132
2067,0x00000042,66
2068,0x000000c6,198
2069,0x000000c6,198
2070,0x0000014a,330
2071,0x00000108,264
2072,0x000000e3,227
2073,0x000000c6,198
2074,0x0000014a,330
2075,0x00000042,66
2076,0x00000042,66
2077,0x00000074,116
2078,0x00000191,401
2079,0x000081c1,33217
2080,0x0001e4f4,124148
2081,0x0001df0a,122634
2082,0x0000d325,54053
2083,0x00000042,66
2084,0x00000084,132
2085,0x00000084,132
2086,0x00000084,132
2087,0x000000c6,198
2088,0x00000042,66
2089,0x00000108,264
2090,0x00000108,264
2091,0x000000c6,198
2092,0x00000167,359
2093,0x0000014a,330
2094,0x000001ce,462
2095,0x00000074,116
2096,0x00000042,66
2097,0x000003df,991
2098,0x00003947,14663
2099,0x0001df0a,122634
2100,0x0001e4f4,124148
2101,0x000119bb,72123
2102,0x000000c6,198
2103,0x0000014a,330
2104,0x00000084,132
2105,0x00000042,66
2106,0x000000c6,198
2107,0x00000108,264
2108,0x000000c6,198
2109,0x00000125,293
2110,0x0000012f,303
2111,0x000001be,446
2112,0x000000f8,248
2113,0x00000207,519
2114,0x0000071f,1823
2115,0x0001d920,121120
2116,0x0001df0a,122634
2117,0x00015a13,88595
2118,0x00000108,264
2119,0x000000e3,227
2120,0x00000084,132
2121,0x00000042,66
2122,0x00000042,66
2123,0x00000108,264
2124,0x0000014a,330
2125,0x00000042,66
2126,0x0000007a,122
2127,0x00000069,105
2128,0x00000067,103
2129,0x00000042,66
2130,0x00000149,329
2131,0x00008034,32820
2132,0x00002ac7,10951
2133,0x00000074,116
2134,0x00000042,66
2135,0x000005f6,1526
2136,0x00004ece,20174
2137,0x0001df0a,122634
2138,0x0001e080,123008
2139,0x000107fd,67581
2140,0x00000bd4,3028
2141,0x000005ea,1514
2142,0x0000ab82,43906
2143,0x00000084,132
2144,0x00000084,132
2145,0x0000c3f0,50160
2146,0x0000014a,330
2147,0x00000084,132
2148,0x000000e3,227
2149,0x00000bd4,3028
2150,0x0000c32a,49962
2151,0x00000074,116
2152,0x00000180,384
2153,0x000028dc,10460
2154,0x0001e4f4,124148
2155,0x0001df0a,122634
2156,0x00012c20,76832
2157,0x00000042,66
2158,0x00000074,116
2159,0x0000353a,13626
2160,0x0000a598,42392
2161,0x00000084,132
2162,0x00000042,66
2163,0x0000018c,396
2164,0x00000108,264
2165,0x000000c6,198
2166,0x00000cb7,3255
2167,0x00003b24,15140
2168,0x000099c4,39364
2169,0x00001e06,7686
2170,0x000045e9,17897
2171,0x00000042,66
2172,0x00001808,6152
2173,0x0001806a,98410
2174,0x0001df0a,122634
2175,0x0001a268,107112
2176,0x00000084,132
2177,0x00000042,66
2178,0x000000c6,198
2179,0x00000084,132
2180,0x00000084,132
2181,0x0000014a,330
2182,0x00000108,264
2183,0x00000108,264
2184,0x00000108,264
2185,0x0000018c,396
2186,0x00000084,132
2187,0x00000093,147
2188,0x00000042,66
2189,0x000001ce,462
2190,0x00000042,66
2191,0x000000e0,224
2192,0x00000165,357
2193,0x00000077,119
2194,0x00000042,66
2195,0x000000c6,198
2196,0x000000a9,169
2197,0x00000108,264
2198,0x000000c6,198
2199,0x00000084,132
2200,0x0000018c,396
2201,0x00000042,66
2202,0x00000252,594
2203,0x0000015d,349
2204,0x000000d2,210
2205,0x000000e8,232
2206,0x00000067,103
2207,0x00000042,66
2208,0x000007d7,2007
2209,0x00013379,78713
2210,0x0001df0a,122634
2211,0x0001e4f4,124148
2212,0x00010e81,69249
2213,0x00000bd4,3028
2214,0x0000f27a,62074
2215,0x00000084,132
2216,0x00000042,66
2217,0x00000042,66
2218,0x0000014a,330
2219,0x00000108,264
2220,0x000000c6,198
2221,0x000000e3,227
2222,0x00000bd4,3028
2223,0x0000fe4e,65102
2224,0x00000079,121
2225,0x00000074,116
2226,0x00000c16,3094
2227,0x00000595,1429
2228,0x00019dfc,105980
2229,0x0001df0a,122634
2230,0x00019748,104264
2231,0x0001100c,69644
2232,0x000000bc,188
2233,0x00000069,105
2234,0x00010361,66401
2235,0x00000042,66
2236,0x00000042,66
2237,0x00000042,66
2238,0x00000042,66
2239,0x000000a9,169
2240,0x00000042,66
2241,0x000000e3,227
2242,0x00000042,66
2243,0x000000f5,245
2244,0x00000042,66
2245,0x00000108,264
2246,0x00000074,116
2247,0x0000039b,923
2248,0x000004b4,1204
2249,0x00018654,99924
2250,0x0001df0a,122634
2251,0x0001ad24,109860
2252,0x000000c6,198
2253,0x00000042,66
2254,0x00000042,66
2255,0x00000042,66
2256,0x00000042,66
2257,0x00000084,132
2258,0x00000108,264
2259,0x0000014a,330
2260,0x00000084,132
2261,0x000000bc,188
2262,0x00000069,105
2263,0x00000294,660
2264,0x000000f8,248
2265,0x0000035a,858
2266,0x00000180,384
2267,0x00000cac,3244
2268,0x00018549,99657
2269,0x0001df0a,122634
2270,0x0001a845,108613
2271,0x00000084,132
2272,0x00000294,660
2273,0x00000042,66
2274,0x00000084,132
2275,0x00000042,66
2276,0x00000084,132
2277,0x00000210,528
2278,0x0000014a,330
2279,0x00000084,132
2280,0x00000084,132
2281,0x00000084,132
2282,0x000000e3,227
2283,0x0000014c,332
2284,0x00000074,116
2285,0x0000011d,285
2286,0x00000093,147
2287,0x00000647,1607
2288,0x00000636,1590
2289,0x00001f0f,7951
2290,0x0001e4f4,124148
2291,0x0001df0a,122634
2292,0x0001df0a,122634
2293,0x00006ed3,28371
2294,0x00000069,105
2295,0x00000077,119
2296,0x0000e0bc,57532
2297,0x00005a85,23173
2298,0x000001ea,490
2299,0x00000042,66
2300,0x00000042,66
2301,0x00000042,66
2302,0x000000c6,198
2303,0x00000108,264
2304,0x00000108,264
2305,0x000000e3,227
2306,0x00000bd4,3028
2307,0x00009fae,40878
2308,0x000099c4,39364
2309,0x00000067,103
2310,0x00000074,116
2311,0x00000042,66
2312,0x0000e0bc,57532
2313,0x0001e048,122952
2314,0x0001e3cb,123851
2315,0x0000757e,30078
2316,0x00015704,87812
2317,0x00000bd4,3028
2318,0x00000084,132
2319,0x000016db,5851
2320,0x00000084,132
2321,0x00000108,264
2322,0x0000014a,330
2323,0x00000084,132
2324,0x000000e3,227
2325,0x000000b6,182
2326,0x00000084,132
2327,0x00000190,400
2328,0x000007c5,1989
2329,0x00015cee,89326
2330,0x0001df0a,122634
2331,0x0001d67d,120445
2332,0x000000c6,198
2333,0x000001ce,462
2334,0x00000108,264
2335,0x00000042,66
2336,0x00000042,66
2337,0x00000042,66
2338,0x00000084,132
2339,0x000000c6,198
2340,0x0000014a,330
2341,0x00000042,66
2342,0x000000e3,227
2343,0x000002d6,726
2344,0x00000074,116
2345,0x000007f1,2033
2346,0x00009ea3,40611
2347,0x0001e4f4,124148
2348,0x0001df0a,122634
2349,0x0000b40e,46094
2350,0x00000042,66
2351,0x000000c6,198
2352,0x00000084,132
2353,0x00000042,66
2354,0x00000042,66
2355,0x0000014a,330
2356,0x0000014a,330
2357,0x000000c6,198
2358,0x00000069,105
2359,0x000001c6,454
2360,0x00000074,116
2361,0x0000011d,285
2362,0x00000322,802
2363,0x00006781,26497
2364,0x000106cd,67277
2365,0x0001df0a,122634
2366,0x0001e4f4,124148
2367,0x00014e3f,85567
2368,0x0000b756,46934
2369,0x0000ab82,43906
2370,0x000017a8,6056
2371,0x00000084,132
2372,0x00000042,66
2373,0x0000014a,330
2374,0x00000108,264
2375,0x000000c6,198
2376,0x0000007a,122
2377,0x00000069,105
2378,0x00004ce2,19682
2379,0x0001100c,69644
2380,0x00002f50,12112
2381,0x00000074,116
2382,0x00000588,1416
2383,0x00019228,102952
2384,0x0001e4f4,124148
2385,0x0001de33,122419
2386,0x000069aa,27050
2387,0x00000042,66
2388,0x00000084,132
2389,0x000000c6,198
2390,0x00000108,264
2391,0x00000318,792
2392,0x000001ce,462
2393,0x0000014a,330
2394,0x000000e3,227
2395,0x00000176,374
2396,0x00000042,66
2397,0x000000c6,198
2398,0x00000210,528
2399,0x00000074,116
2400,0x00000042,66
2401,0x00000798,1944
2402,0x0001c8b1,116913
2403,0x0001df0a,122634
2404,0x000165e7,91623
2405,0x00000084,132
2406,0x000003de,990
2407,0x00000042,66
2408,0x00000084,132
2409,0x00000084,132
2410,0x0000014a,330
2411,0x000001ce,462
2412,0x00000252,594
2413,0x000000e3,227
2414,0x00000042,66
2415,0x00000042,66
2416,0x00000042,66
2417,0x00000074,116
2418,0x000000a4,164
2419,0x00000074,116
2420,0x00000042,66
2421,0x000034f6,13558
2422,0x0001e175,123253
2423,0x0001df0a,122634
2424,0x0001256d,75117
2425,0x00000084,132
2426,0x0000020e,526
2427,0x00003506,13574
2428,0x00002f50,12112
2429,0x00000bd4,3028
2430,0x00000060,96
2431,0x00000042,66
2432,0x00000042,66
2433,0x0000014a,330
2434,0x000000c6,198
2435,0x00000108,264
2436,0x000000e3,227
2437,0x0000014c,332
2438,0x000017ea,6122
2439,0x00003606,13830
2440,0x0000353a,13626
2441,0x00000085,133
2442,0x00000c7d,3197
2443,0x00000c48,3144
2444,0x00001d92,7570
2445,0x00004d80,19840
2446,0x00000492,1170
2447,0x00000843,2115
2448,0x0000c5e5,50661
2449,0x0001e3dc,123868
2450,0x0001df0a,122634
2451,0x0001df0a,122634
2452,0x00004191,16785
2453,0x00000042,66
2454,0x000035cd,13773
2455,0x000052cc,21196
2456,0x00001dd4,7636
2457,0x00009fae,40878
2458,0x0000fe4e,65102
2459,0x00000042,66
2460,0x00000084,132
2461,0x00000042,66
2462,0x000001ce,462
2463,0x00000084,132
2464,0x00000108,264
2465,0x0000007a,122
2466,0x00001dfb,7675
2467,0x000017a8,6056
2468,0x0000353a,13626
2469,0x0000237c,9084
2470,0x00000069,105
2471,0x0000018d,397
2472,0x0000bd40,48448
2473,0x000107fd,67581
2474,0x00002f50,12112
2475,0x0000065e,1630
2476,0x00003b24,15140
2477,0x0000237c,9084
2478,0x000005ea,1514
2479,0x0000f495,62613
2480,0x0001df0a,122634
2481,0x0001df0a,122634
2482,0x0000624e,25166
2483,0x00000084,132
2484,0x000000c6,198
2485,0x00000252,594
2486,0x00003b24,15140
2487,0x00003b24,15140
2488,0x0000237c,9084
2489,0x000000c6,198
2490,0x00000042,66
2491,0x0000014a,330
2492,0x0000018c,396
2493,0x000003de,990
2494,0x00000084,132
2495,0x000000e3,227
2496,0x0000410e,16654
2497,0x00003b24,15140
2498,0x00002966,10598
2499,0x000001ce,462
2500,0x00000042,66
2501,0x0000007a,122
2502,0x000041eb,16875
2503,0x0000410e,16654
2504,0x00002966,10598
2505,0x00000042,66
2506,0x00001856,6230
2507,0x0000e6a6,59046
2508,0x0001df0a,122634
2509,0x0001df0a,122634
2510,0x00005d22,23842
2511,0x00000f99,3993
2512,0x00000074,116
2513,0x000005d6,1494
2514,0x0001a3e6,107494
2515,0x0000410e,16654
2516,0x00000042,66
2517,0x00000084,132
2518,0x00000042,66
2519,0x000000c6,198
2520,0x0000014a,330
2521,0x0000014a,330
2522,0x00000086,134
2523,0x00019812,104466
2524,0x00006a74,27252
2525,0x00000132,306
2526,0x000011be,4542
2527,0x00011b16,72470
2528,0x00000074,116
2529,0x00000042,66
2530,0x00000084,132
2531,0x0000014a,330
2532,0x00000294,660
2533,0x00000108,264
2534,0x00000042,66
2535,0x00000042,66
2536,0x000002d6,726
2537,0x00000069,105
2538,0x000001c6,454
2539,0x0000012a,298
2540,0x00000074,116
2541,0x000004c7,1223
2542,0x00014100,82176
2543,0x0000e365,58213
2544,0x0001bb8e,113550
2545,0x0001df0a,122634
2546,0x000177a5,96165
2547,0x00000bd4,3028
2548,0x0000c914,51476
2549,0x0000353a,13626
2550,0x00012d9e,77214
2551,0x00000042,66
2552,0x00000042,66
2553,0x00000084,132
2554,0x00000084,132
2555,0x00000108,264
2556,0x0000014a,330
2557,0x00000084,132
2558,0x000000e3,227
2559,0x00000093,147
2560,0x00009fae,40878
2561,0x000022b2,8882
2562,0x00000074,116
2563,0x000006b3,1715
2564,0x000012c1,4801
2565,0x0000ea10,59920
2566,0x0001df81,122753
2567,0x0001e4f4,124148
2568,0x0000572b,22315
2569,0x00000042,66
2570,0x00000084,132
2571,0x00000318,792
2572,0x0000018c,396
2573,0x00000042,66
2574,0x00000067,103
2575,0x00000084,132
2576,0x0000018c,396
2577,0x0000039c,924
2578,0x0000018c,396
2579,0x000000c6,198
2580,0x000000e3,227
2581,0x00000210,528
2582,0x00000042,66
2583,0x000000e3,227
2584,0x00000074,116
2585,0x00000042,66
2586,0x000004b3,1203
2587,0x00011eb6,73398
2588,0x0001e4f4,124148
2589,0x0001df0a,122634
2590,0x00003377,13175
2591,0x00000074,116
2592,0x000004db,1243
2593,0x00010bf5,68597
2594,0x00014b30,84784
2595,0x00000042,66
2596,0x00000042,66
2597,0x00000042,66
2598,0x00000108,264
2599,0x0000014a,330
2600,0x00000108,264
2601,0x00000bd4,3028
2602,0x00012d9e,77214
2603,0x00014546,83270
2604,0x0000400c,16396
2605,0x00000084,132
2606,0x00000042,66
2607,0x00000042,66
2608,0x00000318,792
2609,0x0000018c,396
2610,0x00000042,66
2611,0x0000014a,330
2612,0x0000039c,924
2613,0x00000042,66
2614,0x00000042,66
2615,0x00000042,66
2616,0x00000084,132
2617,0x0000018c,396
2618,0x0000010a,266
2619,0x00000167,359
2620,0x000000c6,198
2621,0x000000c6,198
2622,0x000000f8,248
2623,0x0000012a,298
2624,0x00000823,2083
2625,0x00012530,75056
2626,0x0001b875,112757
2627,0x0001df0a,122634
2628,0x0001e4f4,124148
2629,0x0001146b,70763
2630,0x000000c6,198
2631,0x00000084,132
2632,0x000000c6,198
2633,0x00010a22,68130
2634,0x00010a64,68196
2635,0x00000084,132
2636,0x00000084,132
2637,0x00000210,528
2638,0x00000084,132
2639,0x00000108,264
2640,0x00000108,264
2641,0x000000e3,227
2642,0x000063c0,25536
2643,0x00000108,264
2644,0x00000042,66
2645,0x00000084,132
2646,0x00000074,116
2647,0x00000042,66
2648,0x00001410,5136
2649,0x00017257,94807
2650,0x0001e057,122967
2651,0x0001b419,111641
2652,0x00000084,132
2653,0x000000c6,198
2654,0x0000014a,330
2655,0x00000042,66
2656,0x00000042,66
2657,0x00000108,264
2658,0x00000084,132
2659,0x00000084,132
2660,0x0000018c,396
2661,0x00000084,132
2662,0x00000084,132
2663,0x00000108,264
2664,0x000000c6,198
2665,0x00000084,132
2666,0x000000bc,188
2667,0x00000171,369
2668,0x00000108,264
2669,0x00000042,66
2670,0x00000042,66
2671,0x000000e3,227
2672,0x00000042,66
2673,0x0000018c,396
2674,0x000000b6,182
2675,0x00000042,66
2676,0x00003c76,15478
2677,0x0001de69,122473
2678,0x0001e4f4,124148
2679,0x00011a62,72290
2680,0x00000074,116
2681,0x00000108,264
2682,0x00000042,66
2683,0x000090bc,37052
2684,0x0001dc91,122001
2685,0x000052cc,21196
2686,0x00000084,132
2687,0x00000042,66
2688,0x000001ce,462
2689,0x00000108,264
2690,0x000000c6,198
2691,0x0000014a,330
2692,0x00000042,66
2693,0x0000410e,16654
2694,0x0000c914,51476
2695,0x0001505d,86109
2696,0x0000003c,60
2697,0x00000108,264
2698,0x00000084,132
2699,0x00000084,132
2700,0x00000042,66
2701,0x00000042,66
2702,0x000000c6,198
2703,0x00000084,132
2704,0x00000042,66
2705,0x000000c6,198
2706,0x00000042,66
2707,0x00000042,66
2708,0x00000084,132
2709,0x000000c6,198
2710,0x00000084,132
2711,0x00000084,132
2712,0x0000015d,349
2713,0x000000d2,210
2714,0x00000093,147
2715,0x000000e3,227
2716,0x000000b6,182
2717,0x00000074,116
2718,0x00000067,103
2719,0x000006fb,1787
2720,0x000095ac,38316
2721,0x0001df0a,122634
2722,0x0001df0a,122634
2723,0x0000c0c3,49347
2724,0x00002408,9224
2725,0x00002966,10598
2726,0x000003cb,971
2727,0x00005a4e,23118
2728,0x0001df4c,122700
2729,0x00017556,95574
2730,0x00001ee9,7913
2731,0x00007648,30280
2732,0x00000042,66
2733,0x00000042,66
2734,0x00005ee2,24290
2735,0x0000cefe,52990
2736,0x00018719,100121
2737,0x00002508,9480
2738,0x0000014a,330
2739,0x000000e3,227
2740,0x000017a8,6056
2741,0x0000705e,28766
2742,0x0000009e,158
2743,0x00000042,66
2744,0x0000c914,51476
2745,0x00000084,132
2746,0x00000042,66
2747,0x000000f8,248
2748,0x00000108,264
2749,0x0000039c,924
2750,0x0000163b,5691
2751,0x0001806a,98410
2752,0x0001df0a,122634
2753,0x0001e4f4,124148
2754,0x0000450f,17679
2755,0x000017a8,6056
2756,0x000052cc,21196
2757,0x00007c32,31794
2758,0x00000042,66
2759,0x00000042,66
2760,0x000000c6,198
2761,0x000000e3,227
2762,0x000058b6,22710
2763,0x00003b24,15140
2764,0x00000042,66
2765,0x00004150,16720
2766,0x00008848,34888
2767,0x000012c6,4806
2768,0x000000c6,198
2769,0x000000c6,198
2770,0x00000042,66
2771,0x00000074,116
2772,0x0000410e,16654
2773,0x00003b24,15140
2774,0x000036c7,14023
2775,0x000039d8,14808
2776,0x0001df0a,122634
2777,0x00012d9e,77214
2778,0x0000e6a6,59046
2779,0x00000bd4,3028
2780,0x00008df0,36336
2781,0x00001d92,7570
2782,0x00002966,10598
2783,0x00005141,20801
2784,0x00015cee,89326
2785,0x00004c18,19480
2786,0x0000705e,28766
2787,0x000052cc,21196
2788,0x00000042,66
2789,0x000000f5,245
2790,0x0000014a,330
2791,0x00000042,66
2792,0x00000042,66
2793,0x000000c6,198
2794,0x00000108,264
2795,0x00000bd4,3028
2796,0x00004621,17953
2797,0x000000c6,198
2798,0x00000042,66
2799,0x00000084,132
2800,0x00000042,66
2801,0x00000108,264
2802,0x00000042,66
2803,0x00000042,66
2804,0x00000042,66
2805,0x00000084,132
2806,0x000000c6,198
2807,0x00000084,132
2808,0x00000108,264
2809,0x0000018c,396
2810,0x00000108,264
2811,0x00000042,66
2812,0x000000c6,198
2813,0x00000042,66
2814,0x000000c6,198
2815,0x000000c6,198
2816,0x00000042,66
2817,0x0000014a,330
2818,0x00000069,105
2819,0x000001c6,454
2820,0x000000e3,227
2821,0x00000074,116
2822,0x000000e8,232
2823,0x00000067,103
2824,0x00000084,132
2825,0x0000025d,605
2826,0x00011d6f,73071
2827,0x00006b16,27414
2828,0x0001df4c,122700
2829,0x0001e15b,123227
2830,0x0001df0a,122634
2831,0x0001e053,122963
2832,0x000067a8,26536
2833,0x0000003c,60
2834,0x000011be,4542
2835,0x00010a22,68130
2836,0x00011057,69719
2837,0x00008df0,36336
2838,0x00000042,66
2839,0x00000084,132
2840,0x00000084,132
2841,0x00000108,264
2842,0x0000014a,330
2843,0x00000042,66
2844,0x000000e3,227
2845,0x00000c16,3094
2846,0x00000042,66
2847,0x0000d4e8,54504
2848,0x00001dd4,7636
2849,0x00000084,132
2850,0x00000042,66
2851,0x00000084,132
2852,0x000000c6,198
2853,0x0000018c,396
2854,0x00000074,116
2855,0x0000066e,1646
2856,0x0000062c,1580
2857,0x0000d796,55190
2858,0x0001b552,111954
2859,0x0001e054,122964
2860,0x0001a223,107043
2861,0x00000084,132
2862,0x00000084,132
2863,0x00000084,132
2864,0x000000e3,227
2865,0x0000a598,42392
2866,0x00005a00,23040
2867,0x0000014a,330
2868,0x00000084,132
2869,0x00000042,66
2870,0x000000c6,198
2871,0x000001be,446
2872,0x00000108,264
2873,0x000003c8,968
2874,0x000141c7,82375
2875,0x0001df0a,122634
2876,0x00008df0,36336
2877,0x000005ea,1514
2878,0x00002f2f,12079
2879,0x00000042,66
2880,0x000000c6,198
2881,0x00007c32,31794
2882,0x0000ebc6,60358
2883,0x00000042,66
2884,0x00000084,132
2885,0x000000c6,198
2886,0x00000042,66
2887,0x00000084,132
2888,0x00000108,264
2889,0x000000c6,198
2890,0x00000108,264
2891,0x0000014a,330
2892,0x000001ce,462
2893,0x00000084,132
2894,0x000001ce,462
2895,0x00000042,66
2896,0x0000014a,330
2897,0x00000108,264
2898,0x00000108,264
2899,0x00000084,132
2900,0x00000042,66
2901,0x0000018c,396
2902,0x00000084,132
2903,0x00000042,66
2904,0x000000c6,198
2905,0x000000c6,198
2906,0x00000042,66
2907,0x0000018c,396
2908,0x00000042,66
2909,0x00000042,66
2910,0x00000042,66
2911,0x00000042,66
2912,0x0000018c,396
2913,0x00000108,264
2914,0x00000069,105
2915,0x000002a9,681
2916,0x00000042,66
2917,0x00000084,132
2918,0x000000e3,227
2919,0x00000205,517
2920,0x0000035f,863
2921,0x00000af2,2802
2922,0x00003da8,15784
2923,0x0001df91,122769
2924,0x0001df0a,122634
2925,0x0001df0a,122634
2926,0x0001e4f4,124148
2927,0x0001df0a,122634
2928,0x000055b1,21937
2929,0x00000067,103
2930,0x00006d52,27986
2931,0x00006207,25095
2932,0x0000ab82,43906
2933,0x000093da,37850
2934,0x0000eb81,60289
2935,0x00000042,66
2936,0x00000042,66
2937,0x00000042,66
2938,0x00000084,132
2939,0x000000c6,198
2940,0x0000014a,330
2941,0x00000084,132
2942,0x00000bd4,3028
2943,0x000094bd,38077
2944,0x00003b24,15140
2945,0x00000bd4,3028
2946,0x0000e0bc,57532
2947,0x000011be,4542
2948,0x00000084,132
2949,0x00000042,66
2950,0x0000014a,330
2951,0x00000108,264
2952,0x0000e71a,59162
2953,0x000017a8,6056
2954,0x00007dc2,32194
2955,0x000071c6,29126
2956,0x00017968,96616
2957,0x0001df0a,122634
2958,0x0001b9cb,113099
2959,0x00000042,66
2960,0x00000084,132
2961,0x00000bd4,3028
2962,0x0000e0bc,57532
2963,0x00001d92,7570
2964,0x000005ea,1514
2965,0x0000f864,63588
2966,0x00000084,132
2967,0x00000042,66
2968,0x00000042,66
2969,0x000000c6,198
2970,0x00000108,264
2971,0x0000014a,330
2972,0x0000f864,63588
2973,0x00000a49,2633
2974,0x000011be,4542
2975,0x00009303,37635
2976,0x000000c6,198
2977,0x00000108,264
2978,0x0000014a,330
2979,0x00000042,66
2980,0x00000084,132
2981,0x00000084,132
2982,0x00000108,264
2983,0x00000084,132
2984,0x00000084,132
2985,0x00000042,66
2986,0x00000042,66
2987,0x00000084,132
2988,0x000000c6,198
2989,0x0000014a,330
2990,0x00000042,66
2991,0x00000042,66
2992,0x00000042,66
2993,0x000000c6,198
2994,0x000005ee,1518
2995,0x00000252,594
2996,0x00000093,147
2997,0x00000252,594
2998,0x00000294,660
2999,0x00000084,132
3000,0x00003b24,15140
3001,0x0000004a,74
3002,0x0000018c,396
3003,0x0000237c,9084
3004,0x000052cc,21196
3005,0x000006f2,1778
3006,0x00000042,66
3007,0x0000014a,330
3008,0x00000042,66
3009,0x0000237c,9084
3010,0x00004ce2,19682
3011,0x00000c16,3094
3012,0x0000005c,92
3013,0x00000042,66
3014,0x00000084,132
3015,0x0000014a,330
3016,0x00000042,66
3017,0x0000015d,349
3018,0x0000022f,559
3019,0x00000069,105
3020,0x0000237c,9084
3021,0x000011be,4542
3022,0x00003b24,15140
3023,0x000011be,4542
3024,0x000001c3,451
3025,0x00001df9,7673
3026,0x00006ab6,27318
3027,0x00000480,1152
3028,0x00000565,1381
3029,0x0001d0c9,118985
3030,0x0001e10f,123151
3031,0x0001e4a3,124067
3032,0x0001dba8,121768
3033,0x0001e4f4,124148
3034,0x0001df0a,122634
3035,0x00002741,10049
3036,0x0000353a,13626
3037,0x000058b6,22710
3038,0x00005ea0,24224
3039,0x0000873c,34620
3040,0x000005ea,1514
3041,0x000127f6,75766
3042,0x00010a22,68130
3043,0x00000084,132
3044,0x00000042,66
3045,0x00000084,132
3046,0x0000018c,396
3047,0x00000108,264
3048,0x00000042,66
3049,0x000000e3,227
3050,0x0000237c,9084
3051,0x00002966,10598
3052,0x000046f8,18168
3053,0x00008df0,36336
3054,0x00008806,34822
3055,0x00005ea0,24224
3056,0x0000d52a,54570
3057,0x00000084,132
3058,0x00000108,264
3059,0x00000108,264
3060,0x00000074,116
3061,0x00004ce2,19682
3062,0x00004ce2,19682
3063,0x00000635,1589
3064,0x0000b3bf,46015
3065,0x0001e4f4,124148
3066,0x0001df0a,122634
3067,0x00019b21,105249
3068,0x0000410e,16654
3069,0x00001dd4,7636
3070,0x0000f864,63588
3071,0x00000042,66
3072,0x00000084,132
3073,0x00002966,10598
3074,0x00000bd4,3028
3075,0x0000705e,28766
3076,0x000011be,4542
3077,0x00007c32,31794
3078,0x0000290d,10509
3079,0x00007648,30280
3080,0x00001ca5,7333
3081,0x00000042,66
3082,0x00000042,66
3083,0x0000014a,330
3084,0x00000108,264
3085,0x000000c6,198
3086,0x00007b5b,31579
3087,0x00000084,132
3088,0x00000108,264
3089,0x00000318,792
3090,0x0000018c,396
3091,0x00000108,264
3092,0x00000042,66
3093,0x000004a4,1188
3094,0x00000042,66
3095,0x00000252,594
3096,0x00000042,66
3097,0x0000014a,330
3098,0x00000318,792
3099,0x000001ce,462
3100,0x00000042,66
3101,0x00000042,66
3102,0x0000014a,330
3103,0x00000042,66
3104,0x000000c6,198
3105,0x00000042,66
3106,0x00000042,66
3107,0x000000c6,198
3108,0x000002a9,681
3109,0x0000014c,332
3110,0x00000184,388
3111,0x000000db,219
3112,0x00000252,594
3113,0x00000684,1668
3114,0x0001cedd,118493
3115,0x0001df50,122704
3116,0x0001df0a,122634
3117,0x0001e053,122963
3118,0x0001e37d,123773
3119,0x0001df0a,122634
3120,0x0000bc31,48177
3121,0x0000353a,13626
3122,0x00006f94,28564
3123,0x00000053,83
3124,0x00010a22,68130
3125,0x00012d9e,77214
3126,0x00000084,132
3127,0x00000042,66
3128,0x00000084,132
3129,0x0000018c,396
3130,0x0000014a,330
3131,0x00000084,132
3132,0x0000007a,122
3133,0x000000ed,237
3134,0x00000042,66
3135,0x00000084,132
3136,0x000058b6,22710
3137,0x0000ab82,43906
3138,0x00013972,80242
3139,0x000058f8,22776
3140,0x00000042,66
3141,0x00000042,66
3142,0x00000042,66
3143,0x000000c6,198
3144,0x00000108,264
3145,0x00000084,132
3146,0x00000074,116
3147,0x00000210,528
3148,0x00000042,66
3149,0x00001864,6244
3150,0x000168c2,92354
3151,0x0001df0a,122634
3152,0x0001df0a,122634
3153,0x0001e369,123753
3154,0x000081c9,33225
3155,0x00000042,66
3156,0x00000042,66
3157,0x000000c6,198
3158,0x0000018c,396
3159,0x000017a8,6056
3160,0x00002f50,12112
3161,0x00003297,12951
3162,0x00000084,132
3163,0x00000084,132
3164,0x00000042,66
3165,0x0000014a,330
3166,0x0000014a,330
3167,0x0000035a,858
3168,0x00000084,132
3169,0x00000042,66
3170,0x000000c6,198
3171,0x00000108,264
3172,0x0000014a,330
3173,0x00000042,66
3174,0x000000c6,198
3175,0x00000042,66
3176,0x00000084,132
3177,0x0000039c,924
3178,0x0000018c,396
3179,0x00000210,528
3180,0x000000c6,198
3181,0x00000042,66
3182,0x0000039c,924
3183,0x0000018c,396
3184,0x0000018c,396
3185,0x00000042,66
3186,0x00000210,528
3187,0x00000042,66
3188,0x00000042,66
3189,0x00000042,66
3190,0x00000084,132
3191,0x000004fd,1277
3192,0x00000108,264
3193,0x000000c6,198
3194,0x000001be,446
3195,0x0000012a,298
3196,0x000000db,219
3197,0x00000042,66
3198,0x00004d30,19760
3199,0x0001df4c,122700
3200,0x0001df8e,122766
3201,0x0001c9cf,117199
3202,0x0001dd2a,122154
3203,0x0001e36c,123756
3204,0x0001df0a,122634
3205,0x00010195,65941
3206,0x00000042,66
3207,0x000000c6,198
3208,0x0000018c,396
3209,0x00000bd4,3028
3210,0x000057f9,22521
3211,0x000017a8,6056
3212,0x0001806a,98410
3213,0x00013388,78728
3214,0x00000084,132
3215,0x00000042,66
3216,0x0000018c,396
3217,0x00000108,264
3218,0x0000014a,330
3219,0x000000e3,227
3220,0x0000b16c,45420
3221,0x0001df0a,122634
3222,0x00005350,21328
3223,0x00000042,66
3224,0x00000108,264
3225,0x0000014a,330
3226,0x00000084,132
3227,0x00000067,103
3228,0x000029a8,10664
3229,0x00007648,30280
3230,0x0000d548,54600
3231,0x0000a81e,43038
3232,0x0000025e,606
3233,0x00000042,66
3234,0x00000042,66
3235,0x00006e39,28217
3236,0x0000b16c,45420
3237,0x00000042,66
3238,0x00000084,132
3239,0x00000042,66
3240,0x00000294,660
3241,0x00000042,66
3242,0x0000353a,13626
3243,0x000088cc,35020
3244,0x00000042,66
3245,0x00000108,264
3246,0x00000042,66
3247,0x000000c6,198
3248,0x00000210,528
3249,0x00004d24,19748
3250,0x00007c32,31794
3251,0x00000042,66
3252,0x00000108,264
3253,0x00000084,132
3254,0x000002d6,726
3255,0x0000cefe,52990
3256,0x00000084,132
3257,0x0000018c,396
3258,0x000001ce,462
3259,0x00000084,132
3260,0x000000c6,198
3261,0x00000042,66
3262,0x0000237c,9084
3263,0x0000b756,46934
3264,0x00005ea0,24224
3265,0x00002e79,11897
3266,0x000000c6,198
3267,0x00000042,66
3268,0x0000014a,330
3269,0x000000c6,198
3270,0x00000042,66
3271,0x000000c6,198
3272,0x00000042,66
3273,0x000000c6,198
3274,0x0000018c,396
3275,0x00000042,66
3276,0x0000018c,396
3277,0x0000014a,330
3278,0x00000294,660
3279,0x0000014a,330
3280,0x00000042,66
3281,0x0000014a,330
3282,0x0000034a,842
3283,0x0000014c,332
3284,0x000001eb,491
3285,0x00000074,116
3286,0x00000074,116
3287,0x00000b97,2967
3288,0x0000ca51,51793
3289,0x0001b8a4,112804
3290,0x00002434,9268
3291,0x0000fbe0,64480
3292,0x0001df1d,122653
3293,0x0001df0a,122634
3294,0x0001e4f4,124148
3295,0x0001df0a,122634
3296,0x0001df0a,122634
3297,0x0000c751,51025
3298,0x00000bd4,3028
3299,0x000017a8,6056
3300,0x0001d336,119606
3301,0x0000e0bc,57532
3302,0x000026c3,9923
3303,0x00003b84,15236
3304,0x0000cf40,53056
3305,0x00000084,132
3306,0x00000042,66
3307,0x00000084,132
3308,0x00000108,264
3309,0x000000c6,198
3310,0x00000084,132
3311,0x00000bd4,3028
3312,0x000017a8,6056
3313,0x00019812,104466
3314,0x0000b06a,45162
3315,0x00003b24,15140
3316,0x000099c4,39364
3317,0x0000705e,28766
3318,0x00000042,66
3319,0x00000042,66
3320,0x00000042,66
3321,0x0000014a,330
3322,0x00000108,264
3323,0x00000042,66
3324,0x0000237c,9084
3325,0x0000e6a6,59046
3326,0x0000821c,33308
3327,0x0000c914,51476
3328,0x000000c6,198
3329,0x00000042,66
3330,0x000002d6,726
3331,0x0000237c,9084
3332,0x0000f27a,62074
3333,0x00002966,10598
3334,0x000033c9,13257
3335,0x0000018c,396
3336,0x00000252,594
3337,0x000011be,4542
3338,0x000005ea,1514
3339,0x000015e5,5605
3340,0x00000084,132
3341,0x0000014a,330
3342,0x0000077a,1914
3343,0x00000210,528
3344,0x00000042,66
3345,0x00000042,66
3346,0x000000b3,179
3347,0x00000084,132
3348,0x00000042,66
3349,0x00000108,264
3350,0x000003de,990
3351,0x00000042,66
3352,0x000000c6,198
3353,0x00000084,132
3354,0x0000018c,396
3355,0x0000039c,924
3356,0x00000042,66
3357,0x00000252,594
3358,0x00000042,66
3359,0x0000014a,330
3360,0x000000c6,198
3361,0x0000014a,330
3362,0x00000108,264
3363,0x000001d7,471
3364,0x00000301,769
3365,0x000000db,219
3366,0x0000019e,414
3367,0x00000074,116
3368,0x00000a3d,2621
3369,0x0000037e,894
3370,0x0001a907,108807
3371,0x0001e0e7,123111
3372,0x0001dc32,121906
3373,0x0001e103,123139
3374,0x0001e4f4,124148
3375,0x0001df0a,122634
3376,0x0001dfad,122797
3377,0x0001b03d,110653
3378,0x00000bd4,3028
3379,0x00007c32,31794
3380,0x0000c32a,49962
3381,0x000017a8,6056
3382,0x00008806,34822
3383,0x0000f27a,62074
3384,0x0000ab82,43906
3385,0x0000fe4e,65102
3386,0x0000237c,9084
3387,0x00000084,132
3388,0x00000084,132
3389,0x000000c6,198
3390,0x00000084,132
3391,0x0000018c,396
3392,0x000001ce,462
3393,0x0000018c,396
3394,0x0000018c,396
3395,0x0000014a,330
3396,0x000005ea,1514
3397,0x00014546,83270
3398,0x000093da,37850
3399,0x00002966,10598
3400,0x00016d9d,93597
3401,0x000005ea,1514
3402,0x00013388,78728
3403,0x00000083,131
3404,0x0000821c,33308
3405,0x0000237c,9084
3406,0x0000821c,33308
3407,0x00002966,10598
3408,0x00000042,66
3409,0x00000084,132
3410,0x00000042,66
3411,0x000003de,990
3412,0x00000042,66
3413,0x00003315,13077
3414,0x000000c6,198
3415,0x00000042,66
3416,0x000005ee,1518
3417,0x00000042,66
3418,0x00000318,792
3419,0x0000018c,396
3420,0x00000042,66
3421,0x00000108,264
3422,0x000002d6,726
3423,0x00000294,660
3424,0x0000014a,330
3425,0x00000042,66
3426,0x000003de,990
3427,0x00000042,66
3428,0x00000042,66
3429,0x00000294,660
3430,0x000001ce,462
3431,0x00000042,66
3432,0x00000210,528
3433,0x0000014a,330
3434,0x00000084,132
3435,0x00000210,528
3436,0x00000042,66
3437,0x00000406,1030
3438,0x000000d2,210
3439,0x0000012a,298
3440,0x000001c3,451
3441,0x000002ec,748
3442,0x000105f2,67058
3443,0x0001df8b,122763
3444,0x0001e04a,122954
3445,0x0001e09d,123037
3446,0x0001df0a,122634
3447,0x0001df0a,122634
3448,0x0001e42a,123946
3449,0x0001e058,122968
3450,0x0001033d,66365
3451,0x00000bd4,3028
3452,0x00000042,66
3453,0x0001d336,119606
3454,0x000046f8,18168
3455,0x00003b24,15140
3456,0x0000bd40,48448
3457,0x00017a80,96896
3458,0x000052cc,21196
3459,0x00000042,66
3460,0x00000042,66
3461,0x0000014a,330
3462,0x000000c6,198
3463,0x0000018c,396
3464,0x0000014a,330
3465,0x000000c6,198
3466,0x0000c857,51287
3467,0x0000705e,28766
3468,0x0000410e,16654
3469,0x0001806a,98410
3470,0x0000a598,42392
3471,0x000046f8,18168
3472,0x000052cc,21196
3473,0x0001094b,67915
3474,0x00003fdf,16351
3475,0x00000084,132
3476,0x00000042,66
3477,0x0000039c,924
3478,0x00000042,66
3479,0x00000084,132
3480,0x0000035a,858
3481,0x0000039c,924
3482,0x00000252,594
3483,0x00000084,132
3484,0x0000014a,330
3485,0x00000042,66
3486,0x00000042,66
3487,0x0000018c,396
3488,0x00000108,264
3489,0x000002d6,726
3490,0x00000210,528
3491,0x00000084,132
3492,0x000000c6,198
3493,0x00000294,660
3494,0x0000014a,330
3495,0x00000294,660
3496,0x00000084,132
3497,0x000000c6,198
3498,0x00000108,264
3499,0x00000251,593
3500,0x00000298,664
3501,0x00000074,116
3502,0x0000012a,298
3503,0x0000014f,335
3504,0x0000031d,797
3505,0x00001a1c,6684
3506,0x000133ca,78794
3507,0x0001e022,122914
3508,0x0001e015,122901
3509,0x0001e035,122933
3510,0x0001df9a,122778
3511,0x0001e059,122969
3512,0x0001e4c6,124102
3513,0x0001dd8d,122253
3514,0x0000b5e5,46565
3515,0x0000b16c,45420
3516,0x00006a74,27252
3517,0x00012d9e,77214
3518,0x0000353a,13626
3519,0x00010a22,68130
3520,0x0000fe4e,65102
3521,0x00000042,66
3522,0x00000084,132
3523,0x00000084,132
3524,0x000001ce,462
3525,0x000000c6,198
3526,0x00000084,132
3527,0x0000018c,396
3528,0x0000018c,396
3529,0x00000042,66
3530,0x0000b756,46934
3531,0x0000b756,46934
3532,0x00006965,26981
3533,0x000115f6,71158
3534,0x0000648a,25738
3535,0x000011be,4542
3536,0x0000924f,37455
3537,0x0000410e,16654
3538,0x000011be,4542
3539,0x0000c32a,49962
3540,0x00000042,66
3541,0x00000084,132
3542,0x00000042,66
3543,0x0000039c,924
3544,0x000001ce,462
3545,0x0000353a,13626
3546,0x000093d6,37846
3547,0x00000042,66
3548,0x0000014a,330
3549,0x00000042,66
3550,0x0000018c,396
3551,0x00000042,66
3552,0x000000c6,198
3553,0x00000084,132
3554,0x00000042,66
3555,0x00000252,594
3556,0x00000108,264
3557,0x00000420,1056
3558,0x00000042,66
3559,0x00000042,66
3560,0x000003de,990
3561,0x00000042,66
3562,0x0000035a,858
3563,0x00000042,66
3564,0x00000240,576
3565,0x00000298,664
3566,0x0000013b,315
3567,0x0000015c,348
3568,0x00000074,116
3569,0x00000724,1828
3570,0x000169e4,92644
3571,0x0001e0ab,123051
3572,0x0001e3e9,123881
3573,0x0001e048,122952
3574,0x0001df4c,122700
3575,0x0001de79,122489
3576,0x0001e0fa,123130
3577,0x0001df0a,122634
3578,0x0000da08,55816
3579,0x00000bd4,3028
3580,0x000017a8,6056
3581,0x0000fe4e,65102
3582,0x00002f50,12112
3583,0x000127b4,75700
3584,0x0000bd40,48448
3585,0x0000b16c,45420
3586,0x0000b1ae,45486
3587,0x00000084,132
3588,0x00000042,66
3589,0x00000084,132
3590,0x0000018c,396
3591,0x00000108,264
3592,0x000001ce,462
3593,0x000001ce,462
3594,0x000000c6,198
3595,0x00000084,132
3596,0x0000353a,13626
3597,0x00000347,839
3598,0x0000fe4e,65102
3599,0x0000a598,42392
3600,0x0000ec90,60560
3601,0x00008806,34822
3602,0x0000bdc4,48580
3603,0x0000abcd,43981
3604,0x00000042,66
3605,0x00000084,132
3606,0x000000c6,198
3607,0x0000c3fc,50172
3608,0x00000042,66
3609,0x000000c6,198
3610,0x000000c6,198
3611,0x00000084,132
3612,0x0000018c,396
3613,0x00000084,132
3614,0x000000c6,198
3615,0x0000014a,330
3616,0x0000039c,924
3617,0x000000c6,198
3618,0x00000042,66
3619,0x000000c6,198
3620,0x00000042,66
3621,0x00000042,66
3622,0x00000294,660
3623,0x000001fe,510
3624,0x00000298,664
3625,0x00000042,66
3626,0x00000244,580
3627,0x00000074,116
3628,0x000004ea,1258
3629,0x000007d0,2000
3630,0x00000d44,3396
3631,0x000008d4,2260
3632,0x0000265b,9819
3633,0x00015268,86632
3634,0x0001e118,123160
3635,0x0001de54,122452
3636,0x0001df0a,122634
3637,0x0001df0a,122634
3638,0x0001df0a,122634
3639,0x0001df0a,122634
3640,0x0001df0a,122634
3641,0x0000f41a,62490
3642,0x0000d4e8,54504
3643,0x0000a598,42392
3644,0x0000b756,46934
3645,0x0000ab82,43906
3646,0x00014546,83270
3647,0x0000705e,28766
3648,0x00001583,5507
3649,0x00000042,66
3650,0x000000c6,198
3651,0x00000084,132
3652,0x000001ce,462
3653,0x000001ce,462
3654,0x0000014a,330
3655,0x00000210,528
3656,0x00000108,264
3657,0x0000ab82,43906
3658,0x000093da,37850
3659,0x0000237c,9084
3660,0x000046f8,18168
3661,0x000099c4,39364
3662,0x00000042,66
3663,0x0000014a,330
3664,0x00000042,66
3665,0x000001ce,462
3666,0x00000042,66
3667,0x00002966,10598
3668,0x0000b756,46934
3669,0x000046f8,18168
3670,0x00003b24,15140
3671,0x0000166f,5743
3672,0x0000014a,330
3673,0x00000084,132
3674,0x000046f8,18168
3675,0x0000821c,33308
3676,0x00000084,132
3677,0x000000c6,198
3678,0x00000108,264
3679,0x00000042,66
3680,0x0000237c,9084
3681,0x000046f8,18168
3682,0x00005ea0,24224
3683,0x00000042,66
3684,0x00000084,132
3685,0x00000108,264
3686,0x00002243,8771
3687,0x0000003c,60
3688,0x00000084,132
3689,0x00000042,66
3690,0x00000042,66
3691,0x0000039c,924
3692,0x00000042,66
3693,0x00000042,66
3694,0x00000294,660
3695,0x0000014a,330
3696,0x0000003c,60
3697,0x00000042,66
3698,0x0000035a,858
3699,0x0000035b,859
3700,0x0000013b,315
3701,0x00000244,580
3702,0x00000074,116
3703,0x000005f1,1521
3704,0x0001cd4c,118092
3705,0x0001df54,122708
3706,0x0001e122,123170
3707,0x0001dfb0,122800
3708,0x0001ad76,109942
3709,0x000104fa,66810
3710,0x0001e1c7,123335
3711,0x0001e2b6,123574
3712,0x0001c575,116085
3713,0x00014546,83270
3714,0x0001661f,91679
3715,0x00010438,66616
3716,0x000082be,33470
3717,0x00000042,66
3718,0x00000042,66
3719,0x00000108,264
3720,0x00000108,264
3721,0x00000108,264
3722,0x00000084,132
3723,0x000000c6,198
3724,0x0000014a,330
3725,0x0000014a,330
3726,0x00000042,66
3727,0x0000c914,51476
3728,0x00008df0,36336
3729,0x0000f864,63588
3730,0x00000042,66
3731,0x00000084,132
3732,0x00000042,66
3733,0x000000c6,198
3734,0x00000108,264
3735,0x00004ce2,19682
3736,0x00007c32,31794
3737,0x000011be,4542
3738,0x00004ce2,19682
3739,0x00003881,14465
3740,0x00000042,66
3741,0x000000c6,198
3742,0x00000084,132
3743,0x0000c914,51476
3744,0x00000042,66
3745,0x00000042,66
3746,0x0000014a,330
3747,0x000000c6,198
3748,0x0000c914,51476
3749,0x00000042,66
3750,0x00000042,66
3751,0x00000042,66
3752,0x000000c6,198
3753,0x00000042,66
3754,0x000063cd,25549
3755,0x00000042,66
3756,0x00000042,66
3757,0x00000042,66
3758,0x00000840,2112
3759,0x00000462,1122
3760,0x000004a4,1188
3761,0x00000252,594
3762,0x00000042,66
3763,0x00000084,132
3764,0x00000069,105
3765,0x00000330,816
3766,0x0000014c,332
3767,0x00000074,116
3768,0x00000042,66
3769,0x00000244,580
3770,0x00000042,66
3771,0x00000878,2168
3772,0x00009fd6,40918
3773,0x0001e4f6,124150
3774,0x0001e0ac,123052
3775,0x0001895d,100701
3776,0x0001df0a,122634
3777,0x0001df0a,122634
3778,0x0001df0a,122634
3779,0x0001e4f4,124148
3780,0x0001ddfb,122363
3781,0x00007648,30280
3782,0x001b8990,1804688
3783,0x00000053,83
3784,0x000093da,37850
3785,0x00019748,104264
3786,0x0000530e,21262
3787,0x0000ab82,43906
3788,0x0000dad2,56018
3789,0x00000084,132
3790,0x00000042,66
3791,0x00000108,264
3792,0x0000014a,330
3793,0x000000c6,198
3794,0x00001d92,7570
3795,0x00009fae,40878
3796,0x00002966,10598
3797,0x00002f50,12112
3798,0x00005ea0,24224
3799,0x0000f864,63588
3800,0x000000c6,198
3801,0x000000c6,198
3802,0x00000108,264
3803,0x00001d92,7570
3804,0x000099c4,39364
3805,0x000011be,4542
3806,0x00007c11,31761
3807,0x00000042,66
3808,0x000000c6,198
3809,0x00000084,132
3810,0x000052cc,21196
3811,0x000093da,37850
3812,0x00000084,132
3813,0x00000084,132
3814,0x00000108,264
3815,0x00000042,66
3816,0x000052cc,21196
3817,0x0000757e,30078
3818,0x00000042,66
3819,0x00000042,66
3820,0x00000042,66
3821,0x00000153,339
3822,0x000017a8,6056
3823,0x00000042,66
3824,0x00000108,264
3825,0x00000084,132
3826,0x000005ea,1514
3827,0x00000108,264
3828,0x00000bd4,3028
3829,0x000017a8,6056
3830,0x00000bd4,3028
3831,0x000011be,4542
3832,0x00000042,66
3833,0x00000042,66
3834,0x00000084,132
3835,0x00000108,264
3836,0x00000084,132
3837,0x00000069,105
3838,0x000003c4,964
3839,0x00000069,105
3840,0x00000060,96
3841,0x0000014f,335
3842,0x000000e8,232
3843,0x000000b6,182
3844,0x00000822,2082
3845,0x000087e0,34784
3846,0x0001e09c,123036
3847,0x0001de55,122453
3848,0x0001e125,123173
3849,0x0001e022,122914
3850,0x0001dee1,122593
3851,0x0001e178,123256
3852,0x0001e1e2,123362
3853,0x00014546,83270
3854,0x00000bd4,3028
3855,0x00000bd4,3028
3856,0x00010a64,68196
3857,0x0000b4b3,46259
3858,0x00006a74,27252
3859,0x00000bd4,3028
3860,0x00009fae,40878
3861,0x000168c2,92354
3862,0x0000f08d,61581
3863,0x00000042,66
3864,0x00000084,132
3865,0x000000c6,198
3866,0x000000c6,198
3867,0x0000014a,330
3868,0x0000705e,28766
3869,0x00007648,30280
3870,0x0001100c,69644
3871,0x0000941c,37916
3872,0x00000042,66
3873,0x000000c6,198
3874,0x00000108,264
3875,0x000000c6,198
3876,0x00000108,264
3877,0x0000014a,330
3878,0x00000108,264
3879,0x0000237c,9084
3880,0x0000237c,9084
3881,0x00009fae,40878
3882,0x000005ea,1514
3883,0x00005202,20994
3884,0x00000042,66
3885,0x00000108,264
3886,0x00006a74,27252
3887,0x000017a8,6056
3888,0x0000648a,25738
3889,0x00000042,66
3890,0x00000042,66
3891,0x00000084,132
3892,0x000001ce,462
3893,0x000052cc,21196
3894,0x00003b24,15140
3895,0x00000b0a,2826
3896,0x00000108,264
3897,0x00000084,132
3898,0x00000084,132
3899,0x00000042,66
3900,0x00000108,264
3901,0x000000c6,198
3902,0x00000042,66
3903,0x00000108,264
3904,0x00000084,132
3905,0x00000042,66
3906,0x00000042,66
3907,0x00000480,1152
3908,0x00000069,105
3909,0x0000019e,414
3910,0x0000012a,298
3911,0x00000074,116
3912,0x00000042,66
3913,0x00001600,5632
3914,0x0001dbc0,121792
3915,0x0001e228,123432
3916,0x00019ead,106157
3917,0x0001e0b4,123060
3918,0x0001e06b,122987
3919,0x0001e360,123744
3920,0x0001df0a,122634
3921,0x0001df0a,122634
3922,0x00008806,34822
3923,0x00000bd4,3028
3924,0x00002966,10598
3925,0x00011539,70969
3926,0x00011be0,72672
3927,0x00010789,67465
3928,0x000005ea,1514
3929,0x0000f8a6,63654
3930,0x00009a48,39496
3931,0x00000084,132
3932,0x0000018c,396
3933,0x00000108,264
3934,0x00000084,132
3935,0x0000237c,9084
3936,0x0000b756,46934
3937,0x00000bd4,3028
3938,0x00000bd4,3028
3939,0x0000fe90,65168
3940,0x00009a48,39496
3941,0x00000042,66
3942,0x00000084,132
3943,0x0000014a,330
3944,0x000001ce,462
3945,0x0000018c,396
3946,0x0000014a,330
3947,0x00000084,132
3948,0x0000237c,9084
3949,0x0000c32a,49962
3950,0x00003297,12951
3951,0x00000084,132
3952,0x00000108,264
3953,0x0000cefe,52990
3954,0x000017a8,6056
3955,0x00000042,66
3956,0x00000084,132
3957,0x00000108,264
3958,0x00000108,264
3959,0x0000410e,16654
3960,0x000005ea,1514
3961,0x00005202,20994
3962,0x00000042,66
3963,0x00000042,66
3964,0x00000042,66
3965,0x00000042,66
3966,0x00000042,66
3967,0x00000084,132
3968,0x00000042,66
3969,0x00000042,66
3970,0x00000042,66
3971,0x00000084,132
3972,0x000000c6,198
3973,0x00000417,1047
3974,0x000000d2,210
3975,0x000001e0,480
3976,0x000000e8,232
3977,0x00000074,116
3978,0x000002df,735
3979,0x00001777,6007
3980,0x0000ce9e,52894
3981,0x0001c1aa,115114
3982,0x0001e480,124032
3983,0x0001dba9,121769
3984,0x0001e4f4,124148
3985,0x0001e096,123030
3986,0x0001e058,122968
3987,0x0001e201,123393
3988,0x0001a469,107625
3989,0x00001d92,7570
3990,0x00008806,34822
3991,0x00013972,80242
3992,0x00009907,39175
3993,0x0000b756,46934
3994,0x000119f3,72179
3995,0x0000a598,42392
3996,0x00000084,132
3997,0x00000042,66
3998,0x0000014a,330
3999,0x00000108,264
4000,0x000000c6,198
4001,0x000005ea,1514
4002,0x00008806,34822
4003,0x000093da,37850
4004,0x0000648a,25738
4005,0x0000a598,42392
4006,0x0000abc4,43972
4007,0x00000084,132
4008,0x00000084,132
4009,0x000000c6,198
4010,0x00000108,264
4011,0x0000014a,330
4012,0x0000018c,396
4013,0x000000c6,198
4014,0x00000042,66
4015,0x00002966,10598
4016,0x0000648a,25738
4017,0x000093da,37850
4018,0x00001505,5381
4019,0x00000084,132
4020,0x00000084,132
4021,0x00000084,132
4022,0x00008df0,36336
4023,0x00006431,25649
4024,0x00000084,132
4025,0x00000042,66
4026,0x000000c6,198
4027,0x000001ce,462
4028,0x00000084,132
4029,0x00000042,66
4030,0x00000042,66
4031,0x00000108,264
4032,0x00000108,264
4033,0x00000084,132
4034,0x00000042,66
4035,0x00000108,264
4036,0x00000084,132
4037,0x0000025e,606
4038,0x00000287,647
4039,0x00000042,66
4040,0x000000e8,232
4041,0x0000014f,335
4042,0x00000074,116
4043,0x00000385,901
4044,0x00000367,871
4045,0x000015b7,5559
4046,0x0001965a,104026
4047,0x0001de67,122471
4048,0x0001e45b,123995
4049,0x0001dfbb,122811
4050,0x0001e118,123160
4051,0x0001df0a,122634
4052,0x0001e059,122969
4053,0x0001e36d,123757
4054,0x0000f27a,62074
4055,0x0000410e,16654
4056,0x000011be,4542
4057,0x000017a8,6056
4058,0x00014546,83270
4059,0x000033af,13231
4060,0x00000060,96
4061,0x00013e23,81443
4062,0x000046f8,18168
4063,0x0000b16c,45420
4064,0x0000f8c4,63684
4065,0x000121ca,74186
4066,0x00000042,66
4067,0x0000b16c,45420
4068,0x000070a0,28832
4069,0x000094a0,38048
4070,0x000001ce,462
4071,0x00000108,264
4072,0x0000014a,330
4073,0x00000108,264
4074,0x00000108,264
4075,0x0000410e,16654
4076,0x000099c4,39364
4077,0x00004a07,18951
4078,0x00000084,132
4079,0x000017a8,6056
4080,0x0000648a,25738
4081,0x000021b9,8633
4082,0x00000084,132
4083,0x00000042,66
4084,0x0000014a,330
4085,0x0000014a,330
4086,0x00000084,132
4087,0x000000c6,198
4088,0x0000018c,396
4089,0x00000042,66
4090,0x000003c5,965
4091,0x000000c6,198
4092,0x00000042,66
4093,0x00000bd4,3028
4094,0x000017a8,6056
4095,0x000017a8,6056
