apache

Performance:
[[0.60548179 0.59022033 0.63409541 0.63392961 0.63352159 0.63166021
  0.58861673]
 [0.81777632 0.80316317 0.78921905 0.77083976 0.69404671 0.66971024
  0.66131915]
 [0.9921944  0.90882631 0.89880701 0.87666092 0.85088147 0.67250554
  0.65238404]
 [0.99893913 0.9944638  0.88977928 0.888778   0.85014443 0.83477222
  0.80870585]
 [1.         0.99019054 0.90326291 0.78486419 0.85028756 0.67385332
  0.81833785]]

Errors below:
[[0.02827036 0.08229103 0.00584546 0.03906361 0.0437857  0.03811414
  0.0807075 ]
 [0.00847819 0.00660063 0.00804394 0.02584682 0.01495382 0.01408434
  0.01572907]
 [0.17483841 0.10106087 0.1011904  0.09727594 0.16678087 0.00906983
  0.00685937]
 [0.19409885 0.08444742 0.09880118 0.00868804 0.01212679 0.0130293
  0.14991127]
 [0.18781363 0.15486101 0.0997105  0.02588438 0.15972105 0.00805365
  0.16371161]]

Errors above:
[[0.02952552 0.01360637 0.12729466 0.12212407 0.10911549 0.08152809
  0.02969651]
 [0.01816848 0.01014559 0.01247005 0.01075375 0.09177601 0.15240541
  0.14925066]
 [0.02283843 0.09707646 0.05815728 0.01887216 0.00524605 0.15568969
  0.00374509]
 [0.02129506 0.01951302 0.02802652 0.01165561 0.0023306  0.00589273
  0.01154163]
 [0.01735081 0.0288186  0.08266797 0.10767089 0.01033633 0.16422456
  0.00465538]]
