memcached - 80 connections

[[0.66750251 0.55564699 0.41308323 0.24984786 0.10584888 0.07131272
  0.05365874]
 [0.93652032 0.57264264 0.41332413 0.25082034 0.10594463 0.07133657
  0.05373712]
 [0.97923435 0.57551444 0.4206406  0.25145753 0.1059385  0.07133555
  0.05373473]
 [0.9957073  0.57563029 0.42002896 0.25106806 0.10596167 0.07133146
  0.05372894]
 [1.         0.5748827  0.42145975 0.25166266 0.1059477  0.07135122
  0.05374359]
 [0.98534799 0.57680143 0.4224428  0.25222898 0.10608502 0.0713945
  0.05375722]]


Errors below
[[6.79086805e-03 2.15844620e-03 2.05060056e-03 1.03893006e-03
  1.49246103e-04 8.34824091e-05 3.78226425e-05]
 [6.37853309e-02 1.18715393e-03 5.21100605e-03 1.85041315e-03
  4.55745805e-04 1.99846665e-04 1.12104949e-04]
 [8.87344748e-02 1.45770509e-03 3.48377204e-03 2.07326007e-03
  4.34619644e-04 1.93883636e-04 1.05290059e-04]
 [9.77304711e-02 1.93934747e-03 4.81131272e-03 1.55123946e-03
  4.43138257e-04 1.92861402e-04 1.04097453e-04]
 [1.01250532e-01 7.99557032e-04 3.67510009e-03 1.84274640e-03
  4.14856461e-04 2.11091234e-04 1.03756708e-04]
 [6.62961070e-02 2.82698697e-03 2.46682000e-03 1.92248062e-03
  4.35130761e-04 1.98824431e-04 9.91566573e-05]]

Errors above
[[2.49186472e-03 1.14847943e-03 3.91191754e-03 4.14004600e-04
  5.29857739e-05 2.30002556e-05 1.78890877e-05]
 [2.41541869e-02 2.06099327e-03 2.35897436e-03 5.20657637e-04
  8.02453361e-05 4.83857228e-05 1.75483431e-05]
 [3.33459409e-02 1.62705512e-03 3.33384445e-03 2.87929125e-04
  8.96158105e-05 3.28818468e-05 2.19780220e-05]
 [2.72268507e-02 1.73660448e-03 1.73950081e-03 5.56265440e-04
  7.51341682e-05 4.29338104e-05 2.21483942e-05]
 [1.69985518e-02 1.95144390e-03 3.04693756e-03 5.95280688e-04
  9.50677230e-05 4.03782264e-05 2.47039782e-05]
 [4.98534799e-02 1.63097368e-03 2.49016100e-03 4.69886702e-04
  5.80969418e-05 3.85041315e-05 2.52150950e-05]]


memcached - 320 connections

[[0.64461936 0.64322317 0.64163922 0.63661214 0.38890405 0.27322362
  0.20669436]
 [0.98676248 0.96877244 0.94996528 0.76706867 0.37025176 0.27286257
  0.20652534]
 [0.997277   0.98604728 0.9472574  0.75985621 0.38781202 0.2731036
  0.20659999]
 [0.98302702 0.99407457 0.95105303 0.77456819 0.37739484 0.27304474
  0.2066378 ]
 [1.         0.98420619 0.95138251 0.76684539 0.38173895 0.27287704
  0.20686962]
 [0.98889359 0.98463136 0.96176156 0.77709587 0.38029738 0.27348405
  0.20677525]]

Errors below
[[3.16675260e-03 2.15923171e-03 1.94631729e-03 2.82033509e-03
  6.32955930e-03 4.11031696e-04 4.33720646e-04]
 [5.53686001e-02 2.62530877e-02 1.76653202e-02 8.68444209e-03
  5.33716437e-03 4.60848738e-04 9.96340831e-05]
 [7.66251864e-02 5.17793069e-02 1.41656320e-02 1.47022749e-02
  1.71207854e-02 3.73052367e-04 8.45081167e-05]
 [5.47785230e-02 6.08920440e-02 2.07095854e-02 1.80165057e-02
  4.56343830e-03 8.15486885e-04 1.32845444e-04]
 [6.48280835e-02 5.76136552e-02 1.74691759e-02 1.07742916e-02
  1.06562433e-02 2.66677364e-04 2.73253872e-04]
 [6.33746754e-02 5.26197845e-02 2.13552340e-02 1.30967851e-02
  1.19222210e-02 4.52956929e-04 9.43728774e-05]]
  
Errors above
[[2.55990540e-03 7.31554213e-03 2.46997167e-03 2.08853425e-03
  1.44518744e-03 1.07361479e-04 5.73800248e-05]
 [2.70324038e-02 1.98192907e-02 1.00928011e-02 7.34168374e-03
  1.12524037e-02 3.27510055e-04 3.55624623e-04]
 [2.64031964e-02 1.86963521e-02 2.10222983e-02 1.39563346e-02
  5.26186336e-03 3.77491510e-04 3.65818210e-04]
 [3.39752224e-02 2.17789255e-02 1.31931310e-02 6.01569549e-03
  6.15051389e-03 5.22667905e-04 2.47276668e-04]
 [3.35170042e-02 1.91013006e-02 1.11162700e-02 1.30514072e-02
  1.11907490e-02 4.58875786e-04 1.02593511e-04]
 [4.19714330e-02 2.40966510e-02 8.26305239e-03 7.91433310e-03
  1.26467876e-02 1.62768552e-04 2.91996917e-04]]

