tensorflow
Plotting...

Performance:
[[0.2795052  0.27378654 0.27466936 0.27305014 0.26300202 0.24026104
  0.21609976]
 [0.67631882 0.6577438  0.6364774  0.59591845 0.50617496 0.36798973
  0.26619639]
 [0.83267402 0.8012499  0.77080927 0.70995464 0.56645717 0.48524255
  0.26682908]
 [0.95200299 0.91223906 0.8729211  0.79473105 0.60797797 0.4912962
  0.26186388]
 [1.         0.93056829 0.89110122 0.80780833 0.59639592 0.49358506
  0.25562455]]
  
Errors below:
[[0.00271784 0.00107398 0.00074063 0.00359692 0.00141765 0.00303977
  0.00123634]
 [0.00085241 0.00115721 0.00218498 0.00118775 0.00335954 0.00416912
  0.00422388]
 [0.00310691 0.00246233 0.00244014 0.00155503 0.00492795 0.0132224
  0.00476488]
 [0.00106056 0.00407215 0.00243724 0.00204758 0.013895   0.00541043
  0.00369703]
 [0.00191392 0.00152032 0.00268578 0.00165807 0.00499491 0.01113936
  0.00102974]]
  
Errors above:
[[0.0025966  0.00112378 0.00245571 0.00118534 0.00147234 0.00072989
  0.00134357]
 [0.00122967 0.00093848 0.0009745  0.00218259 0.00170032 0.00432452
  0.00109092]
 [0.00312213 0.00122884 0.00295032 0.00095649 0.00559434 0.01428239
  0.00214313]
 [0.0024199  0.00230479 0.00141496 0.00542863 0.00909219 0.00852222
  0.00540365]
 [0.0007529  0.00326541 0.00355156 0.00184129 0.00936807 0.01058067
  0.0059093 ]]
