0,0x000003da,986
1,0x00000a29,2601
2,0x00000d76,3446
3,0x00000d7e,3454
4,0x00001250,4688
5,0x00002716,10006
6,0x00002af0,10992
7,0x0000313f,12607
8,0x00003493,13459
9,0x00003966,14694
10,0x00005207,20999
11,0x00005ba9,23465
12,0x001fa2c2,2073282
13,0x001fb942,2079042
14,0x001fb9ba,2079162
15,0x001fc4d2,2082002
16,0x001fe0ca,2089162
17,0x001febe2,2092002
18,0x002001e9,2097641
19,0x002007d9,2099161
20,0x00202ee9,2109161
21,0x002055f9,2119161
22,0x00207d08,2129160
23,0x00207d0a,2129162
24,0x00208870,2132080
25,0x0020a423,2139171
26,0x0020cb37,2149175
27,0x0020f250,2159184
28,0x00211965,2169189
29,0x002124fe,2172158
30,0x0021407a,2179194
31,0x0021409a,2179226
32,0x0021678f,2189199
33,0x00218ea3,2199203
34,0x0021b5b9,2209209
35,0x0021dccd,2219213
36,0x0021dcdc,2219228
37,0x002203f2,2229234
38,0x00222b07,2239239
39,0x0022521e,2249246
40,0x00227934,2259252
41,0x0022a04b,2269259
42,0x0022c763,2279267
43,0x0022ee79,2289273
44,0x0023158f,2299279
45,0x00233ca6,2309286
46,0x002363bb,2319291
47,0x002363c6,2319302
48,0x00238add,2329309
49,0x0023b1f4,2339316
50,0x0023d90b,2349323
51,0x00240021,2359329
52,0x00242738,2369336
53,0x00244e4e,2379342
54,0x00247563,2389347
55,0x00249c78,2399352
56,0x0024c38e,2409358
57,0x0024eaa3,2419363
58,0x0024eaae,2419374
59,0x002511c4,2429380
60,0x002538d9,2439385
61,0x00255fef,2449391
62,0x00258705,2459397
63,0x0025ae1c,2469404
64,0x0025d532,2479410
65,0x0025fc47,2489415
66,0x00262360,2499424
67,0x00264a76,2509430
68,0x0026718d,2519437
69,0x00267198,2519448
70,0x002698ae,2529454
71,0x0026bfc3,2539459
72,0x0026e6d9,2549465
73,0x00270def,2559471
74,0x00273504,2569476
75,0x00275c1a,2579482
76,0x0027832f,2589487
77,0x0027aa45,2599493
78,0x0027aa9f,2599583
79,0x0027d15c,2609500
80,0x0027f871,2619505
81,0x0027f87b,2619515
82,0x00281f92,2629522
83,0x002846a6,2639526
84,0x00286dbd,2649533
85,0x002894ca,2659530
86,0x002894d1,2659537
87,0x0028bbe8,2669544
88,0x0028e2ff,2679551
89,0x00290a15,2689557
90,0x0029312b,2699563
91,0x00295841,2709569
92,0x00297f56,2719574
93,0x00297f5f,2719583
94,0x0029a674,2729588
95,0x0029cd8a,2739594
96,0x0029f4a0,2749600
97,0x002a1bb8,2759608
98,0x002a42ce,2769614
99,0x002a69e4,2779620
100,0x002a90fa,2789626
101,0x002ab80e,2799630
102,0x002adf23,2809635
103,0x002b0639,2819641
104,0x002b0642,2819650
105,0x002b2d58,2829656
106,0x002b546e,2839662
107,0x002b7b85,2849669
108,0x002ba299,2859673
109,0x002bc9af,2869679
110,0x002bf0c5,2879685
111,0x002c17db,2889691
112,0x002c3ef0,2899696
113,0x002c6605,2909701
114,0x002c8d1c,2919708
115,0x002c8d25,2919717
116,0x002cb43b,2929723
117,0x002cdb4f,2939727
118,0x002d0265,2949733
119,0x002d297b,2959739
120,0x002d5092,2969746
121,0x002d77a8,2979752
122,0x002d9ebe,2989758
123,0x002dc5d4,2999764
124,0x002dece9,3009769
125,0x002e13ff,3019775
126,0x002e1409,3019785
127,0x002e3b1f,3029791
128,0x002e6236,3039798
129,0x002e894c,3049804
130,0x002eb062,3059810
131,0x002ed76f,3069807
132,0x002ed779,3069817
133,0x002efe8f,3079823
134,0x002f25a5,3089829
135,0x002f4cbb,3099835
136,0x002f73d1,3109841
137,0x002f9ada,3119834
138,0x002f9ae7,3119847
139,0x002f9af4,3119860
140,0x002fc20a,3129866
141,0x002fe920,3139872
142,0x00301036,3149878
143,0x0030374c,3159884
144,0x00305e62,3169890
145,0x00308578,3179896
146,0x0030ac90,3189904
147,0x0030d3a5,3199909
148,0x0030fabb,3209915
149,0x003121d2,3219922
150,0x003121dc,3219932
151,0x003148f2,3229938
152,0x00317008,3239944
153,0x0031971e,3249950
154,0x0031be36,3259958
155,0x0031e54d,3269965
156,0x00320c64,3279972
157,0x0032337a,3289978
158,0x00325a90,3299984
159,0x003281a7,3309991
160,0x0032a8bd,3319997
161,0x0032a8c7,3320007
162,0x0032cfdd,3330013
163,0x0032f6f1,3340017
164,0x00331e07,3350023
165,0x0033451d,3360029
166,0x00336c35,3370037
167,0x0033934b,3380043
168,0x0033ba62,3390050
169,0x0033e178,3400056
170,0x0034088d,3410061
171,0x00342fa3,3420067
172,0x00342fac,3420076
173,0x003456c1,3430081
174,0x00347e01,3440129
175,0x0034a516,3450134
176,0x0034cc2c,3460140
177,0x0034f351,3470161
178,0x00351a67,3480167
179,0x0035417d,3490173
180,0x00356893,3500179
181,0x00358faa,3510186
182,0x0035b6c0,3520192
183,0x0035b702,3520258
184,0x0035de18,3530264
185,0x003604dd,3540189
186,0x0036052d,3540269
187,0x00362c43,3550275
188,0x0036481f,3557407
189,0x00365359,3560281
190,0x00367a6f,3570287
191,0x0036a186,3580294
192,0x0036a3d7,3580887
193,0x0036be66,3587686
194,0x0036c89c,3590300
195,0x0036c8ea,3590378
196,0x0036cae6,3590886
197,0x0036efb2,3600306
198,0x0036f1f6,3600886
199,0x003716c7,3610311
200,0x00373ddd,3620317
201,0x00373de5,3620325
202,0x00374021,3620897
203,0x00374024,3620900
204,0x00375af5,3627765
205,0x003764fb,3630331
206,0x0037673a,3630906
207,0x00378c10,3640336
208,0x00378e50,3640912
209,0x0037b326,3650342
210,0x0037b565,3650917
211,0x0037da3c,3660348
212,0x0037dc7a,3660922
213,0x00380152,3670354
214,0x00380390,3670928
215,0x003803e7,3671015
216,0x00382867,3680359
217,0x00382aa6,3680934
218,0x00384f7d,3690365
219,0x003851bb,3690939
220,0x00387692,3700370
221,0x003878d2,3700946
222,0x00389da7,3710375
223,0x00389fe8,3710952
224,0x00389ff7,3710967
225,0x0038c4bd,3720381
226,0x0038c4c8,3720392
227,0x0038c70d,3720973
228,0x0038ebdf,3730399
229,0x0038ee23,3730979
230,0x003912f4,3740404
231,0x00391538,3740984
232,0x00393a09,3750409
233,0x00393c4e,3750990
234,0x0039611e,3760414
235,0x00396396,3761046
236,0x00398833,3770419
237,0x00398aad,3771053
238,0x0039af48,3780424
239,0x0039b1c3,3781059
240,0x0039d65e,3790430
241,0x0039d8d9,3791065
242,0x0039fd73,3800435
243,0x0039fff0,3801072
244,0x003a2489,3810441
245,0x003a2706,3811078
246,0x003a270f,3811087
247,0x003a4b9e,3820446
248,0x003a4ba6,3820454
249,0x003a4e25,3821093
250,0x003a72bb,3830459
251,0x003a753c,3831100
252,0x003a99d2,3840466
253,0x003a9c52,3841106
254,0x003ac0e8,3850472
255,0x003ac368,3851112
256,0x003ae7fd,3860477
257,0x003aea7e,3861118
258,0x003b0f13,3870483
259,0x003b1193,3871123
260,0x003b3628,3880488
261,0x003b38a7,3881127
262,0x003b5d3e,3890494
263,0x003b5fbd,3891133
264,0x003b833f,3900223
265,0x003b8454,3900500
266,0x003b86d1,3901137
267,0x003b8e07,3902983
268,0x003bab69,3910505
269,0x003bade7,3911143
270,0x003badf1,3911153
271,0x003bd27e,3920510
272,0x003bd288,3920520
273,0x003bd506,3921158
274,0x003bdcf0,3923184
275,0x003bdcf2,3923186
276,0x003bf99f,3930527
277,0x003bfc1c,3931164
278,0x003c0413,3933203
279,0x003c1fcd,3940301
280,0x003c20b4,3940532
281,0x003c2332,3941170
282,0x003c2b29,3943209
283,0x003c47c9,3950537
284,0x003c4a49,3951177
285,0x003c5240,3953216
286,0x003c6edd,3960541
287,0x003c715d,3961181
288,0x003c7957,3963223
289,0x003c95f3,3970547
290,0x003c9872,3971186
291,0x003ca06c,3973228
292,0x003ca07d,3973245
293,0x003cbc5b,3980379
294,0x003cbd09,3980553
295,0x003cbf88,3981192
296,0x003cc782,3983234
297,0x003ce41f,3990559
298,0x003ce69d,3991197
299,0x003cee98,3993240
300,0x003d0b34,4000564
301,0x003d0db1,4001201
302,0x003d15ad,4003245
303,0x003d3249,4010569
304,0x003d324c,4010572
305,0x003d34c8,4011208
306,0x003d34cf,4011215
307,0x003d3cc4,4013252
308,0x003d595f,4020575
309,0x003d5969,4020585
310,0x003d5be5,4021221
311,0x003d63da,4023258
312,0x003d63eb,4023275
313,0x003d807e,4030590
314,0x003d82fa,4031226
315,0x003d8b00,4033280
316,0x003da793,4040595
317,0x003daa10,4041232
318,0x003db217,4043287
319,0x003dcea9,4050601
320,0x003dd126,4051238
321,0x003dd92c,4053292
322,0x003df5be,4060606
323,0x003df83a,4061242
324,0x003e0042,4063298
325,0x003e1cd5,4070613
326,0x003e1d19,4070681
327,0x003e1f4e,4071246
328,0x003e2758,4073304
329,0x003e43eb,4080619
330,0x003e4663,4081251
331,0x003e4e6f,4083311
332,0x003e6b00,4090624
333,0x003e6d7a,4091258
334,0x003e7586,4093318
335,0x003e9216,4100630
336,0x003e9478,4101240
337,0x003e948e,4101262
338,0x003e9c9d,4103325
339,0x003eb92c,4110636
340,0x003ebba3,4111267
341,0x003ebbab,4111275
342,0x003ec3b3,4113331
343,0x003ee040,4120640
344,0x003ee049,4120649
345,0x003ee2c2,4121282
346,0x003eeaca,4123338
347,0x003eead4,4123348
348,0x003f075e,4130654
349,0x003f09d9,4131289
350,0x003f11ea,4133354
351,0x003f2e73,4140659
352,0x003f30ee,4141294
353,0x003f3900,4143360
354,0x003f5587,4150663
355,0x003f57e5,4151269
356,0x003f5804,4151300
357,0x003f6017,4153367
358,0x003f7c9d,4160669
359,0x003f7f19,4161305
360,0x003f872e,4163374
361,0x003fa3b1,4170673
362,0x003fa62d,4171309
363,0x003fae44,4173380
364,0x003fcac7,4180679
365,0x003fcd44,4181316
366,0x003fd55c,4183388
367,0x003ff1dd,4190685
368,0x003ff45a,4191322
369,0x003ffc73,4193395
370,0x004018f1,4200689
371,0x00401b6f,4201327
372,0x00402388,4203400
373,0x00404006,4210694
374,0x00404284,4211332
375,0x0040428e,4211342
376,0x00404a9e,4213406
377,0x0040671c,4220700
378,0x00406748,4220744
379,0x004068f0,4221168
380,0x004069a2,4221346
381,0x004071b4,4223412
382,0x004071be,4223422
383,0x00408b50,4229968
384,0x00408e5d,4230749
385,0x00408ec0,4230848
386,0x004090b6,4231350
387,0x004098d3,4233427
388,0x0040b25f,4239967
389,0x0040b572,4240754
390,0x0040b7cc,4241356
391,0x0040b9b7,4241847
392,0x0040bfe7,4243431
393,0x0040dad7,4250327
394,0x0040dc87,4250759
395,0x0040dee3,4251363
396,0x0040e6fe,4253438
397,0x004101e6,4260326
398,0x0041039c,4260764
399,0x004105f8,4261368
400,0x00410e13,4263443
401,0x004128f6,4270326
402,0x00412ab0,4270768
403,0x00412d0d,4271373
404,0x00413529,4273449
405,0x00414f15,4280085
406,0x004151c5,4280773
407,0x00415422,4281378
408,0x00415c3e,4283454
409,0x00417722,4290338
410,0x00417724,4290340
411,0x004178da,4290778
412,0x00417b38,4291384
413,0x00418353,4293459
414,0x00419e3a,4300346
415,0x00419fef,4300783
416,0x0041a24e,4301390
417,0x0041aa68,4303464
418,0x0041c550,4310352
419,0x0041c703,4310787
420,0x0041c965,4311397
421,0x0041c96e,4311406
422,0x0041d17e,4313470
423,0x0041eba4,4320164
424,0x0041ec67,4320359
425,0x0041ee19,4320793
426,0x0041ee22,4320802
427,0x0041f084,4321412
428,0x0041f893,4323475
429,0x0041f8c3,4323523
430,0x0042137c,4330364
431,0x00421538,4330808
432,0x0042179a,4331418
433,0x00421fda,4333530
434,0x00423a92,4340370
435,0x00423ad0,4340432
436,0x00423c4d,4340813
437,0x00423eb0,4341424
438,0x004246ef,4343535
439,0x004261a8,4350376
440,0x00426362,4350818
441,0x004265c5,4351429
442,0x00426e04,4353540
443,0x004288c0,4360384
444,0x00428a78,4360824
445,0x00428cdb,4361435
446,0x0042951a,4363546
447,0x0042afd8,4370392
448,0x0042b18d,4370829
449,0x0042b3f0,4371440
450,0x0042bc31,4373553
451,0x0042d6ef,4380399
452,0x0042d6ff,4380415
453,0x0042d8a1,4380833
454,0x0042db05,4381445
455,0x0042e347,4383559
456,0x0042fe15,4390421
457,0x0042ffb7,4390839
458,0x0043021b,4391451
459,0x00430a5c,4393564
460,0x0043252b,4400427
461,0x004326cc,4400844
462,0x00432932,4401458
463,0x00433172,4403570
464,0x004331ae,4403630
465,0x00434c41,4410433
466,0x00434de2,4410850
467,0x00435049,4411465
468,0x00435050,4411472
469,0x00435888,4413576
470,0x00437357,4420439
471,0x004374f7,4420855
472,0x004374ff,4420863
473,0x00437765,4421477
474,0x00437f9e,4423582
475,0x00437fa6,4423590
476,0x00439a6f,4430447
477,0x00439c14,4430868
478,0x00439e7b,4431483
479,0x0043a6bb,4433595
480,0x0043c185,4440453
481,0x0043c329,4440873
482,0x0043c591,4441489
483,0x0043cdd2,4443602
484,0x0043e89c,4450460
485,0x0043ea3f,4450879
486,0x0043eca6,4451494
487,0x0043f4e7,4453607
488,0x00440fb2,4460466
489,0x00441155,4460885
490,0x004413bb,4461499
491,0x00441bfd,4463613
492,0x00441c18,4463640
493,0x004436c9,4470473
494,0x0044386a,4470890
495,0x00443ad1,4471505
496,0x00444313,4473619
497,0x00445de0,4480480
498,0x00445deb,4480491
499,0x00445f80,4480896
500,0x00445fbc,4480956
501,0x004461e6,4481510
502,0x00446a29,4483625
503,0x00448501,4490497
504,0x00448695,4490901
505,0x004488fc,4491516
506,0x0044913f,4493631
507,0x0044ac19,4500505
508,0x0044adaa,4500906
509,0x0044b011,4501521
510,0x0044b855,4503637
511,0x0044d32f,4510511
512,0x0044d4bf,4510911
513,0x0044d727,4511527
514,0x0044d732,4511538
515,0x0044df6b,4513643
516,0x0044fa46,4520518
517,0x0044fbd4,4520916
518,0x0044fbdb,4520923
519,0x0044fe49,4521545
520,0x00450681,4523649
521,0x0045068b,4523659
522,0x0045215c,4530524
523,0x004522f0,4530928
524,0x0045255e,4531550
525,0x004525aa,4531626
526,0x00452da1,4533665
527,0x00454873,4540531
528,0x004549e9,4540905
529,0x00454a04,4540932
530,0x00454c73,4541555
531,0x004554b7,4543671
532,0x00456f8a,4550538
533,0x00457119,4550937
534,0x00457389,4551561
535,0x00457bcd,4553677
536,0x004596a0,4560544
537,0x0045982e,4560942
538,0x00459a9f,4561567
539,0x0045a2e3,4563683
540,0x0045bdb7,4570551
541,0x0045bf44,4570948
542,0x0045c1b4,4571572
543,0x0045c9f8,4573688
544,0x0045e4cd,4580557
545,0x0045e4d8,4580568
546,0x0045e65a,4580954
547,0x0045e8ca,4581578
548,0x0045f10e,4583694
549,0x0045f164,4583780
550,0x0045f6b4,4585140
551,0x00460ba4,4590500
552,0x00460bed,4590573
553,0x00460d6f,4590959
554,0x00460fe0,4591584
555,0x00461824,4593700
556,0x00461dc4,4595140
557,0x00463304,4600580
558,0x00463483,4600963
559,0x004636f5,4601589
560,0x00463ebc,4603580
561,0x00463f3a,4603706
562,0x00465a1c,4610588
563,0x00465b98,4610968
564,0x00465e0a,4611594
565,0x00465e14,4611604
566,0x00466650,4613712
567,0x00468131,4620593
568,0x004682ac,4620972
569,0x004682b3,4620979
570,0x0046852a,4621610
571,0x00468d65,4623717
572,0x00468d6c,4623724
573,0x0046a7b2,4630450
574,0x0046a7b5,4630453
575,0x0046a848,4630600
576,0x0046a9c8,4630984
577,0x0046ac3f,4631615
578,0x0046b482,4633730
579,0x0046ba52,4635218
580,0x0046ced2,4640466
581,0x0046cf5e,4640606
582,0x0046d0dd,4640989
583,0x0046d354,4641620
584,0x0046db98,4643736
585,0x0046f5e8,4650472
586,0x0046f674,4650612
587,0x0046f7f3,4650995
588,0x0046fa6a,4651626
589,0x0046fad5,4651733
590,0x004702ad,4653741
591,0x00471cfe,4660478
592,0x00471d8a,4660618
593,0x00471f07,4660999
594,0x00472181,4661633
595,0x004729c3,4663747
596,0x00474414,4670484
597,0x004744a0,4670624
598,0x0047461d,4671005
599,0x00474896,4671638
600,0x004750d9,4673753
601,0x004756e1,4675297
602,0x00476b2a,4680490
603,0x00476b85,4680581
604,0x00476bb7,4680631
605,0x00476bbf,4680639
606,0x00476d31,4681009
607,0x00476fad,4681645
608,0x004777ef,4683759
609,0x00479240,4690496
610,0x004792d5,4690645
611,0x00479447,4691015
612,0x004796c2,4691650
613,0x00479f05,4693765
614,0x0047b956,4700502
615,0x0047b9ec,4700652
616,0x0047bb5c,4701020
617,0x0047bdd8,4701656
618,0x0047c61a,4703770
619,0x0047e06b,4710507
620,0x0047e102,4710658
621,0x0047e272,4711026
622,0x0047e4ed,4711661
623,0x0047e4f5,4711669
624,0x0047ed30,4713776
625,0x00480781,4720513
626,0x00480819,4720665
627,0x00480846,4720710
628,0x00480987,4721031
629,0x0048098f,4721039
630,0x00480c0d,4721677
631,0x00481447,4723783
632,0x00481479,4723833
633,0x00482e97,4730519
634,0x00482ea6,4730534
635,0x00482f31,4730673
636,0x004830a3,4731043
637,0x00483324,4731684
638,0x00483b8f,4733839
639,0x004855bb,4740539
640,0x00485647,4740679
641,0x004857b8,4741048
642,0x00485a3a,4741690
643,0x004862a5,4743845
644,0x00487cd1,4750545
645,0x00487d5d,4750685
646,0x00487ece,4751054
647,0x0048814f,4751695
648,0x004889ba,4753850
649,0x0048a3e8,4760552
650,0x0048a474,4760692
651,0x0048a5e3,4761059
652,0x0048a865,4761701
653,0x0048b0cf,4763855
654,0x0048cafe,4770558
655,0x0048cb89,4770697
656,0x0048ccfa,4771066
657,0x0048cf7a,4771706
658,0x0048d7e5,4773861
659,0x0048f215,4780565
660,0x0048f29f,4780703
661,0x0048f2a8,4780712
662,0x0048f2c1,4780737
663,0x0048f40e,4781070
664,0x0048f690,4781712
665,0x0048fefa,4783866
666,0x0049192b,4790571
667,0x004919bf,4790719
668,0x00491b24,4791076
669,0x00491da6,4791718
670,0x00492610,4793872
671,0x00494041,4800577
672,0x004940d3,4800723
673,0x00494238,4801080
674,0x004944bc,4801724
675,0x00494d27,4803879
676,0x00496757,4810583
677,0x004967e8,4810728
678,0x0049694c,4811084
679,0x00496bd2,4811730
680,0x00496c03,4811779
681,0x0049743d,4813885
682,0x00498e6d,4820589
683,0x00498eff,4820735
684,0x00499062,4821090
685,0x0049906a,4821098
686,0x00499319,4821785
687,0x00499b52,4823890
688,0x00499b5b,4823899
689,0x0049b58a,4830602
690,0x0049b593,4830611
691,0x0049b617,4830743
692,0x0049b780,4831104
693,0x0049ba2e,4831790
694,0x0049c270,4833904
695,0x0049c2df,4834015
696,0x0049dcaa,4840618
697,0x0049dd2e,4840750
698,0x0049de94,4841108
699,0x0049e143,4841795
700,0x0049e986,4843910
701,0x004a03c1,4850625
702,0x004a0443,4850755
703,0x004a05aa,4851114
704,0x004a0859,4851801
705,0x004a109d,4853917
706,0x004a2ad7,4860631
707,0x004a2b5b,4860763
708,0x004a2cbf,4861119
709,0x004a2f6e,4861806
710,0x004a37b3,4863923
711,0x004a51ed,4870637
712,0x004a5272,4870770
713,0x004a53d4,4871124
714,0x004a5683,4871811
715,0x004a5eca,4873930
716,0x004a7904,4880644
717,0x004a798a,4880778
718,0x004a7994,4880788
719,0x004a7aea,4881130
720,0x004a7d98,4881816
721,0x004a85e0,4883936
722,0x004aa019,4890649
723,0x004aa0ab,4890795
724,0x004aa200,4891136
725,0x004aa4af,4891823
726,0x004aacf8,4893944
727,0x004ac72e,4900654
728,0x004ac7c1,4900801
729,0x004ac916,4901142
730,0x004acbc4,4901828
731,0x004ad40f,4903951
732,0x004aee45,4910661
733,0x004aeed8,4910808
734,0x004af02c,4911148
735,0x004af2da,4911834
736,0x004af2e3,4911843
737,0x004afb25,4913957
738,0x004b155b,4920667
739,0x004b15ee,4920814
740,0x004b1741,4921153
741,0x004b174d,4921165
742,0x004b1a06,4921862
743,0x004b223b,4923963
744,0x004b224b,4923979
745,0x004b3c72,4930674
746,0x004b3c7c,4930684
747,0x004b3d06,4930822
748,0x004b3e62,4931170
749,0x004b411c,4931868
750,0x004b4963,4933987
751,0x004b6391,4940689
752,0x004b641c,4940828
753,0x004b6577,4941175
754,0x004b6831,4941873
755,0x004b7079,4943993
756,0x004b8aa8,4950696
757,0x004b8b32,4950834
758,0x004b8c8b,4951179
759,0x004b8f45,4951877
760,0x004b978f,4953999
761,0x004b97a5,4954021
762,0x004bb1be,4960702
763,0x004bb248,4960840
764,0x004bb3a1,4961185
765,0x004bb63b,4961851
766,0x004bb65b,4961883
767,0x004bbea4,4964004
768,0x004bd8d4,4970708
769,0x004bd95f,4970847
770,0x004bdab6,4971190
771,0x004bdd71,4971889
772,0x004be5ba,4974010
773,0x004bffe9,4980713
774,0x004c0075,4980853
775,0x004c007f,4980863
776,0x004c01cb,4981195
777,0x004c0487,4981895
778,0x004c0cd0,4984016
779,0x004c26fe,4990718
780,0x004c2795,4990869
781,0x004c28e1,4991201
782,0x004c2b9e,4991902
783,0x004c33e5,4994021
784,0x004c4e13,5000723
785,0x004c4eab,5000875
786,0x004c4ff7,5001207
787,0x004c4ff9,5001209
788,0x004c52b3,5001907
789,0x004c5afb,5004027
790,0x004c7529,5010729
791,0x004c75c2,5010882
792,0x004c770d,5011213
793,0x004c79c9,5011913
794,0x004c79d3,5011923
795,0x004c8211,5014033
796,0x004c9c3e,5020734
797,0x004c9cd8,5020888
798,0x004c9e22,5021218
799,0x004c9e29,5021225
800,0x004ca0e9,5021929
801,0x004ca928,5024040
802,0x004ca931,5024049
803,0x004cc354,5030740
804,0x004cc35e,5030750
805,0x004cc3f0,5030896
806,0x004cc53e,5031230
807,0x004cc7fd,5031933
808,0x004cd047,5034055
809,0x004cea74,5040756
810,0x004ceb07,5040903
811,0x004cec54,5041236
812,0x004cef12,5041938
813,0x004cf75e,5044062
814,0x004d118a,5050762
815,0x004d121d,5050909
816,0x004d1369,5051241
817,0x004d1628,5051944
818,0x004d1e73,5054067
819,0x004d389f,5060767
820,0x004d3934,5060916
821,0x004d3a7e,5061246
822,0x004d3d3f,5061951
823,0x004d4588,5064072
824,0x004d5fb4,5070772
825,0x004d604b,5070923
826,0x004d6193,5071251
827,0x004d6455,5071957
828,0x004d6c9e,5074078
829,0x004d86ca,5080778
830,0x004d8760,5080928
831,0x004d8769,5080937
832,0x004d88a8,5081256
833,0x004d8b6b,5081963
834,0x004d93b4,5084084
835,0x004dade0,5090784
836,0x004dae80,5090944
837,0x004dafbe,5091262
838,0x004dbac8,5094088
839,0x004dd4f7,5100791
840,0x004dd597,5100951
841,0x004dd6d3,5101267
842,0x004de1dd,5104093
843,0x004dfc0d,5110797
844,0x004dfc11,5110801
845,0x004dfcae,5110958
846,0x004dfde9,5111273
847,0x004e08f3,5114099
848,0x004e2323,5120803
849,0x004e23c3,5120963
850,0x004e24fe,5121278
851,0x004e2507,5121287
852,0x004e3009,5124105
853,0x004e3011,5124113
854,0x004e4a39,5130809
855,0x004e4a6c,5130860
856,0x004e4ad9,5130969
857,0x004e4c1d,5131293
858,0x004e5727,5134119
859,0x004e6497,5137559
860,0x004e7182,5140866
861,0x004e71ef,5140975
862,0x004e7334,5141300
863,0x004e75ee,5141998
864,0x004e8106,5144838
865,0x004e9898,5150872
866,0x004e9904,5150980
867,0x004e9977,5151095
868,0x004e9a49,5151305
869,0x004e9cfe,5151998
870,0x004ebfaf,5160879
871,0x004ec01a,5160986
872,0x004ec15d,5161309
873,0x004ec40e,5161998
874,0x004ee6c4,5170884
875,0x004ee714,5170964
876,0x004ee72f,5170991
877,0x004ee871,5171313
878,0x004eeb1d,5171997
879,0x004eeb20,5172000
880,0x004f0125,5177637
881,0x004f0dd9,5180889
882,0x004f0e46,5180998
883,0x004f0e4e,5181006
884,0x004f0f86,5181318
885,0x004f1237,5182007
886,0x004f1240,5182016
887,0x004f34f0,5190896
888,0x004f3565,5191013
889,0x004f35dc,5191132
890,0x004f369a,5191322
891,0x004f3956,5192022
892,0x004f4193,5194131
893,0x004f4fa3,5197731
894,0x004f5c06,5200902
895,0x004f5c7b,5201019
896,0x004f5daf,5201327
897,0x004f606c,5202028
898,0x004f68a3,5204131
899,0x004f831b,5210907
900,0x004f8393,5211027
901,0x004f83f3,5211123
902,0x004f84c4,5211332
903,0x004f8781,5212033
904,0x004f8fb2,5214130
905,0x004f9db4,5217716
906,0x004faa31,5220913
907,0x004faaa9,5221033
908,0x004fabd8,5221336
909,0x004fac09,5221385
910,0x004fae95,5222037
911,0x004fb6c2,5224130
912,0x004fb6c4,5224132
913,0x004fb6c5,5224133
914,0x004fd147,5230919
915,0x004fd151,5230929
916,0x004fd1c0,5231040
917,0x004fd26a,5231210
918,0x004fd31f,5231391
919,0x004fd5ab,5232043
920,0x004fdddc,5234140
921,0x004ff867,5240935
922,0x004ff8d7,5241047
923,0x004ffa35,5241397
924,0x004ffcbf,5242047
925,0x005004f2,5244146
926,0x00501f7c,5250940
927,0x00501fee,5251054
928,0x00502149,5251401
929,0x005023d5,5252053
930,0x00502c07,5254151
931,0x00504692,5260946
932,0x00504705,5261061
933,0x0050485e,5261406
934,0x00504aea,5262058
935,0x0050531d,5264157
936,0x00506da9,5270953
937,0x00506e1c,5271068
938,0x00506ef8,5271288
939,0x00506f72,5271410
940,0x00507200,5272064
941,0x00507a30,5274160
942,0x00507a32,5274162
943,0x005094bf,5280959
944,0x00509532,5281074
945,0x00509565,5281125
946,0x00509687,5281415
947,0x00509916,5282070
948,0x00509922,5282082
949,0x0050a147,5284167
950,0x0050bbd5,5290965
951,0x0050bc7a,5291130
952,0x0050bd9d,5291421
953,0x0050c038,5292088
954,0x0050c85c,5294172
955,0x0050c88a,5294218
956,0x0050e2eb,5300971
957,0x0050e391,5301137
958,0x0050e4b2,5301426
959,0x0050e74e,5302094
960,0x0050ef9f,5304223
961,0x00510a02,5310978
962,0x00510aa7,5311143
963,0x00510bc7,5311431
964,0x00510e64,5312100
965,0x005116b4,5314228
966,0x00513118,5320984
967,0x005131bc,5321148
968,0x005132dc,5321436
969,0x005132e3,5321443
970,0x0051357a,5322106
971,0x00513dcb,5324235
972,0x0051582e,5330990
973,0x00515838,5331000
974,0x005158d3,5331155
975,0x005159f8,5331448
976,0x00515c90,5332112
977,0x005164e0,5334240
978,0x00517f4c,5341004
979,0x00517fe9,5341161
980,0x0051810e,5341454
981,0x005183a5,5342117
982,0x00518bf7,5344247
983,0x00519f66,5349222
984,0x00519f69,5349225
985,0x00519f6d,5349229
986,0x00519f6e,5349230
987,0x00519f6f,5349231
988,0x00519fc5,5349317
989,0x0051a088,5349512
990,0x0051a089,5349513
991,0x0051a119,5349657
992,0x0051a11d,5349661
993,0x0051a12a,5349674
994,0x0051a12b,5349675
995,0x0051a13b,5349691
996,0x0051a13f,5349695
997,0x0051a2b8,5350072
998,0x0051a661,5351009
999,0x0051a6ff,5351167
1000,0x0051a823,5351459
1001,0x0051aabd,5352125
1002,0x0051b30c,5354252
1003,0x0051c87d,5359741
1004,0x0051c880,5359744
1005,0x0051c881,5359745
1006,0x0051c8b2,5359794
1007,0x0051c92b,5359915
1008,0x0051c939,5359929
1009,0x0051c93a,5359930
1010,0x0051c93b,5359931
1011,0x0051c93f,5359935
1012,0x0051c941,5359937
1013,0x0051c945,5359941
1014,0x0051cab8,5360312
1015,0x0051cd78,5361016
1016,0x0051ce15,5361173
1017,0x0051cf38,5361464
1018,0x0051d1d3,5362131
1019,0x0051da22,5364258
1020,0x0051f07f,5369983
1021,0x0051f082,5369986
1022,0x0051f0b2,5370034
1023,0x0051f12a,5370154
1024,0x0051f136,5370166
1025,0x0051f137,5370167
1026,0x0051f138,5370168
1027,0x0051f139,5370169
1028,0x0051f13c,5370172
1029,0x0051f13e,5370174
1030,0x0051f143,5370179
1031,0x0051f2b7,5370551
1032,0x0051f48e,5371022
1033,0x0051f52c,5371180
1034,0x0051f64c,5371468
1035,0x0051f8eb,5372139
1036,0x00520136,5374262
1037,0x0052187f,5380223
1038,0x00521883,5380227
1039,0x005218b3,5380275
1040,0x0052192d,5380397
1041,0x0052193c,5380412
1042,0x0052193d,5380413
1043,0x0052193e,5380414
1044,0x00521943,5380419
1045,0x00521946,5380422
1046,0x0052194b,5380427
1047,0x00521adf,5380831
1048,0x00521ba3,5381027
1049,0x00521c44,5381188
1050,0x00521c4e,5381198
1051,0x00521d61,5381473
1052,0x00522001,5382145
1053,0x0052200b,5382155
1054,0x0052284d,5384269
1055,0x00524088,5390472
1056,0x0052408c,5390476
1057,0x005240bc,5390524
1058,0x00524135,5390645
1059,0x00524142,5390658
1060,0x00524143,5390659
1061,0x00524144,5390660
1062,0x00524148,5390664
1063,0x0052414a,5390666
1064,0x0052414e,5390670
1065,0x005242b9,5391033
1066,0x005242df,5391071
1067,0x00524364,5391204
1068,0x00524476,5391478
1069,0x00524722,5392162
1070,0x00524f63,5394275
1071,0x00524f6b,5394283
1072,0x00525171,5394801
1073,0x00525173,5394803
1074,0x00525174,5394804
1075,0x00525177,5394807
1076,0x00525179,5394809
1077,0x005251bf,5394879
1078,0x00525263,5395043
1079,0x0052527d,5395069
1080,0x0052527f,5395071
1081,0x00525282,5395074
1082,0x00525283,5395075
1083,0x00525293,5395091
1084,0x00525298,5395096
1085,0x0052541b,5395483
1086,0x00526888,5400712
1087,0x0052688b,5400715
1088,0x0052688c,5400716
1089,0x005268bb,5400763
1090,0x00526931,5400881
1091,0x00526932,5400882
1092,0x00526940,5400896
1093,0x00526941,5400897
1094,0x00526942,5400898
1095,0x00526945,5400901
1096,0x00526946,5400902
1097,0x00526948,5400904
1098,0x0052694c,5400908
1099,0x005269d0,5401040
1100,0x00526a79,5401209
1101,0x00526ade,5401310
1102,0x00526b8b,5401483
1103,0x00526e38,5402168
1104,0x00527681,5404289
1105,0x005279d1,5405137
1106,0x005279d4,5405140
1107,0x005279d5,5405141
1108,0x005279d6,5405142
1109,0x00527a01,5405185
1110,0x00527a4f,5405263
1111,0x00527a5b,5405275
1112,0x00527a5c,5405276
1113,0x00527a5f,5405279
1114,0x00527a62,5405282
1115,0x00527a66,5405286
1116,0x00527bf3,5405683
1117,0x00528d7b,5410171
1118,0x00528d7e,5410174
1119,0x00528d7f,5410175
1120,0x00528d82,5410178
1121,0x00528d83,5410179
1122,0x00528dc1,5410241
1123,0x00528e57,5410391
1124,0x00528e72,5410418
1125,0x00528e73,5410419
1126,0x00528e74,5410420
1127,0x00528e79,5410425
1128,0x00528e8b,5410443
1129,0x00528e90,5410448
1130,0x0052901e,5410846
1131,0x00529087,5410951
1132,0x0052908a,5410954
1133,0x0052908b,5410955
1134,0x005290ba,5411002
1135,0x005290e6,5411046
1136,0x00529132,5411122
1137,0x00529141,5411137
1138,0x00529142,5411138
1139,0x00529146,5411142
1140,0x00529147,5411143
1141,0x0052914a,5411146
1142,0x0052914e,5411150
1143,0x0052918f,5411215
1144,0x005292a0,5411488
1145,0x005292de,5411550
1146,0x0052954f,5412175
1147,0x00529d9a,5414298
1148,0x0052a19f,5415327
1149,0x0052a1a3,5415331
1150,0x0052a1a4,5415332
1151,0x0052a1cb,5415371
1152,0x0052a218,5415448
1153,0x0052a225,5415461
1154,0x0052a227,5415463
1155,0x0052a22b,5415467
1156,0x0052a22c,5415468
1157,0x0052a22d,5415469
1158,0x0052a231,5415473
1159,0x0052a3a3,5415843
1160,0x0052b5ca,5420490
1161,0x0052b5cd,5420493
1162,0x0052b5ce,5420494
1163,0x0052b5fc,5420540
1164,0x0052b656,5420630
1165,0x0052b664,5420644
1166,0x0052b666,5420646
1167,0x0052b667,5420647
1168,0x0052b66c,5420652
1169,0x0052b66e,5420654
1170,0x0052b673,5420659
1171,0x0052b7f6,5421046
1172,0x0052b7fb,5421051
1173,0x0052b88d,5421197
1174,0x0052b891,5421201
1175,0x0052b892,5421202
1176,0x0052b8a5,5421221
1177,0x0052b8c2,5421250
1178,0x0052b93a,5421370
1179,0x0052b949,5421385
1180,0x0052b94b,5421387
1181,0x0052b950,5421392
1182,0x0052b951,5421393
1183,0x0052b956,5421398
1184,0x0052b9b5,5421493
1185,0x0052b9bb,5421499
1186,0x0052b9fa,5421562
1187,0x0052bade,5421790
1188,0x0052bc65,5422181
1189,0x0052c4b0,5424304
1190,0x0052c96a,5425514
1191,0x0052c96d,5425517
1192,0x0052c993,5425555
1193,0x0052c9e0,5425632
1194,0x0052c9ef,5425647
1195,0x0052c9f0,5425648
1196,0x0052c9f4,5425652
1197,0x0052c9f6,5425654
1198,0x0052c9fa,5425658
1199,0x0052cb7a,5426042
1200,0x0052ddae,5430702
1201,0x0052ddb2,5430706
1202,0x0052dddd,5430749
1203,0x0052de32,5430834
1204,0x0052de40,5430848
1205,0x0052de41,5430849
1206,0x0052de42,5430850
1207,0x0052de45,5430853
1208,0x0052de46,5430854
1209,0x0052de47,5430855
1210,0x0052de49,5430857
1211,0x0052de4e,5430862
1212,0x0052df11,5431057
1213,0x0052df19,5431065
1214,0x0052dfbb,5431227
1215,0x0052dfcd,5431245
1216,0x0052e098,5431448
1217,0x0052e09b,5431451
1218,0x0052e09c,5431452
1219,0x0052e0ce,5431502
1220,0x0052e0cf,5431503
1221,0x0052e149,5431625
1222,0x0052e159,5431641
1223,0x0052e15a,5431642
1224,0x0052e15e,5431646
1225,0x0052e160,5431648
1226,0x0052e164,5431652
1227,0x0052e2dd,5432029
1228,0x0052e37b,5432187
1229,0x0052ebc5,5434309
1230,0x0052f136,5435702
1231,0x0052f13a,5435706
1232,0x0052f13b,5435707
1233,0x0052f162,5435746
1234,0x0052f1ae,5435822
1235,0x0052f1ba,5435834
1236,0x0052f1bb,5435835
1237,0x0052f1c0,5435840
1238,0x0052f1c2,5435842
1239,0x0052f1c7,5435847
1240,0x0052f352,5436242
1241,0x00530589,5440905
1242,0x0053058d,5440909
1243,0x005305b6,5440950
1244,0x0053060c,5441036
1245,0x00530619,5441049
1246,0x0053061a,5441050
1247,0x0053061e,5441054
1248,0x00530620,5441056
1249,0x00530625,5441061
1250,0x0053062e,5441070
1251,0x005306d2,5441234
1252,0x005307a5,5441445
1253,0x005307e3,5441507
1254,0x0053089b,5441691
1255,0x0053089f,5441695
1256,0x005308c9,5441737
1257,0x0053092b,5441835
1258,0x00530937,5441847
1259,0x00530938,5441848
1260,0x0053093c,5441852
1261,0x0053093e,5441854
1262,0x00530942,5441858
1263,0x00530a90,5442192
1264,0x00530ab5,5442229
1265,0x005312da,5444314
1266,0x005312f2,5444338
1267,0x005312f4,5444340
1268,0x005312f7,5444343
1269,0x005312f9,5444345
1270,0x0053133c,5444412
1271,0x005313e3,5444579
1272,0x00531407,5444615
1273,0x00531408,5444616
1274,0x00531409,5444617
1275,0x0053140c,5444620
1276,0x0053140d,5444621
1277,0x00531422,5444642
1278,0x00531428,5444648
1279,0x005315a6,5445030
1280,0x00531903,5445891
1281,0x00531907,5445895
1282,0x0053192d,5445933
1283,0x00531978,5446008
1284,0x00531984,5446020
1285,0x00531985,5446021
1286,0x00531989,5446025
1287,0x0053198b,5446027
1288,0x0053198f,5446031
1289,0x00531b01,5446401
1290,0x00532d46,5451078
1291,0x00532d5f,5451103
1292,0x00532d63,5451107
1293,0x00532d8b,5451147
1294,0x00532de0,5451232
1295,0x00532de6,5451238
1296,0x00532ded,5451245
1297,0x00532dee,5451246
1298,0x00532def,5451247
1299,0x00532df3,5451251
1300,0x00532df5,5451253
1301,0x00532df6,5451254
1302,0x00532dfa,5451258
1303,0x00532ef8,5451512
1304,0x00532f7d,5451645
1305,0x0053307d,5451901
1306,0x00533081,5451905
1307,0x005330b2,5451954
1308,0x00533129,5452073
1309,0x00533137,5452087
1310,0x00533138,5452088
1311,0x00533139,5452089
1312,0x0053313d,5452093
1313,0x0053313e,5452094
1314,0x00533141,5452097
1315,0x00533146,5452102
1316,0x005331a7,5452199
1317,0x005332b4,5452468
1318,0x005339f1,5454321
1319,0x00533b64,5454692
1320,0x00533b67,5454695
1321,0x00533b68,5454696
1322,0x00533b94,5454740
1323,0x00533bee,5454830
1324,0x00533bfb,5454843
1325,0x00533bfc,5454844
1326,0x00533c01,5454849
1327,0x00533c03,5454851
1328,0x00533c07,5454855
1329,0x00533d7e,5455230
1330,0x005340d3,5456083
1331,0x005340d7,5456087
1332,0x005340d8,5456088
1333,0x005340ff,5456127
1334,0x0053414a,5456202
1335,0x0053415b,5456219
1336,0x0053415c,5456220
1337,0x0053415d,5456221
1338,0x00534161,5456225
1339,0x00534165,5456229
1340,0x0053416a,5456234
1341,0x005342d9,5456601
1342,0x0053545d,5461085
1343,0x005354fd,5461245
1344,0x0053553f,5461311
1345,0x00535542,5461314
1346,0x0053556d,5461357
1347,0x005355c5,5461445
1348,0x005355d3,5461459
1349,0x005355d4,5461460
1350,0x005355d5,5461461
1351,0x005355d8,5461464
1352,0x005355d9,5461465
1353,0x005355db,5461467
1354,0x005355e0,5461472
1355,0x0053560e,5461518
1356,0x00535754,5461844
1357,0x00535887,5462151
1358,0x0053588b,5462155
1359,0x005358bd,5462205
1360,0x0053593d,5462333
1361,0x0053594c,5462348
1362,0x0053594d,5462349
1363,0x0053594e,5462350
1364,0x00535952,5462354
1365,0x00535954,5462356
1366,0x00535958,5462360
1367,0x00535adc,5462748
1368,0x00536108,5464328
1369,0x00536348,5464904
1370,0x0053634c,5464908
1371,0x0053634d,5464909
1372,0x0053637a,5464954
1373,0x005363d4,5465044
1374,0x005363e2,5465058
1375,0x005363e4,5465060
1376,0x005363e8,5465064
1377,0x005363ea,5465066
1378,0x005363ef,5465071
1379,0x0053657d,5465469
1380,0x005368a8,5466280
1381,0x005368ab,5466283
1382,0x005368ac,5466284
1383,0x005368d2,5466322
1384,0x0053691d,5466397
1385,0x00536929,5466409
1386,0x0053692a,5466410
1387,0x00536932,5466418
1388,0x00536938,5466424
1389,0x00536ab1,5466801
1390,0x00537b74,5471092
1391,0x00537c14,5471252
1392,0x00537d1c,5471516
1393,0x00537d1f,5471519
1394,0x00537d20,5471520
1395,0x00537d23,5471523
1396,0x00537d47,5471559
1397,0x00537d9e,5471646
1398,0x00537dac,5471660
1399,0x00537dad,5471661
1400,0x00537dae,5471662
1401,0x00537db2,5471666
1402,0x00537db4,5471668
1403,0x00537db8,5471672
1404,0x00537f2c,5472044
1405,0x00537fd4,5472212
1406,0x00538095,5472405
1407,0x00538099,5472409
1408,0x005380c7,5472455
1409,0x00538140,5472576
1410,0x0053814e,5472590
1411,0x0053814f,5472591
1412,0x00538150,5472592
1413,0x00538153,5472595
1414,0x00538156,5472598
1415,0x0053815a,5472602
1416,0x005382dc,5472988
1417,0x0053881e,5474334
1418,0x00538b26,5475110
1419,0x00538b2a,5475114
1420,0x00538b2b,5475115
1421,0x00538b56,5475158
1422,0x00538baf,5475247
1423,0x00538bbd,5475261
1424,0x00538bbe,5475262
1425,0x00538bbf,5475263
1426,0x00538bc2,5475266
1427,0x00538bc4,5475268
1428,0x00538bc8,5475272
1429,0x00538d55,5475669
1430,0x0053906a,5476458
1431,0x0053906e,5476462
1432,0x00539096,5476502
1433,0x005390e0,5476576
1434,0x005390eb,5476587
1435,0x005390ed,5476589
1436,0x005390f1,5476593
1437,0x005390f4,5476596
1438,0x005390f8,5476600
1439,0x00539288,5477000
1440,0x0053a289,5481097
1441,0x0053a32b,5481259
1442,0x0053a336,5481270
1443,0x0053a429,5481513
1444,0x0053a437,5481527
1445,0x0053a4f0,5481712
1446,0x0053a4f4,5481716
1447,0x0053a4f5,5481717
1448,0x0053a51f,5481759
1449,0x0053a578,5481848
1450,0x0053a586,5481862
1451,0x0053a588,5481864
1452,0x0053a58c,5481868
1453,0x0053a58e,5481870
1454,0x0053a593,5481875
1455,0x0053a6ea,5482218
1456,0x0053a6f4,5482228
1457,0x0053a704,5482244
1458,0x0053a896,5482646
1459,0x0053a899,5482649
1460,0x0053a89a,5482650
1461,0x0053a8c7,5482695
1462,0x0053a944,5482820
1463,0x0053a951,5482833
1464,0x0053a952,5482834
1465,0x0053a953,5482835
1466,0x0053a956,5482838
1467,0x0053a958,5482840
1468,0x0053a95d,5482845
1469,0x0053aadc,5483228
1470,0x0053af33,5484339
1471,0x0053b302,5485314
1472,0x0053b305,5485317
1473,0x0053b306,5485318
1474,0x0053b307,5485319
1475,0x0053b332,5485362
1476,0x0053b38d,5485453
1477,0x0053b39e,5485470
1478,0x0053b39f,5485471
1479,0x0053b3a3,5485475
1480,0x0053b3a5,5485477
1481,0x0053b3aa,5485482
1482,0x0053b52d,5485869
1483,0x0053b831,5486641
1484,0x0053b834,5486644
1485,0x0053b835,5486645
1486,0x0053b85b,5486683
1487,0x0053b8a7,5486759
1488,0x0053b8b6,5486774
1489,0x0053b8b8,5486776
1490,0x0053b8be,5486782
1491,0x0053b8c0,5486784
1492,0x0053b8c4,5486788
1493,0x0053ba37,5487159
1494,0x0053bfd5,5488597
1495,0x0053bfd7,5488599
1496,0x0053bfd8,5488600
1497,0x0053bfdb,5488603
1498,0x0053bfdd,5488605
1499,0x0053c032,5488690
1500,0x0053c14b,5488971
1501,0x0053c14c,5488972
1502,0x0053c1ce,5489102
1503,0x0053c1e1,5489121
1504,0x0053c1e4,5489124
1505,0x0053c1e7,5489127
1506,0x0053c1e9,5489129
1507,0x0053c1ea,5489130
1508,0x0053c1eb,5489131
1509,0x0053c1ec,5489132
1510,0x0053c1ed,5489133
1511,0x0053c1ef,5489135
1512,0x0053c1f0,5489136
1513,0x0053c1f2,5489138
1514,0x0053c1f3,5489139
1515,0x0053c1f4,5489140
1516,0x0053c1f5,5489141
1517,0x0053c1f6,5489142
1518,0x0053c1f7,5489143
1519,0x0053c1f9,5489145
1520,0x0053c1fa,5489146
1521,0x0053c1fc,5489148
1522,0x0053c1ff,5489151
1523,0x0053c201,5489153
1524,0x0053c202,5489154
1525,0x0053c203,5489155
1526,0x0053c204,5489156
1527,0x0053c20a,5489162
1528,0x0053c272,5489266
1529,0x0053c289,5489289
1530,0x0053c28a,5489290
1531,0x0053c28e,5489294
1532,0x0053c297,5489303
1533,0x0053c2ed,5489389
1534,0x0053c30b,5489419
1535,0x0053c30c,5489420
1536,0x0053c31a,5489434
1537,0x0053c31c,5489436
1538,0x0053c3b8,5489592
1539,0x0053c3cb,5489611
1540,0x0053c3cd,5489613
1541,0x0053c3ce,5489614
1542,0x0053c3cf,5489615
1543,0x0053c3d3,5489619
1544,0x0053c3d4,5489620
1545,0x0053c3d5,5489621
1546,0x0053c54f,5489999
1547,0x0053c75e,5490526
1548,0x0053c763,5490531
1549,0x0053c765,5490533
1550,0x0053c769,5490537
1551,0x0053c76a,5490538
1552,0x0053c76f,5490543
1553,0x0053c772,5490546
1554,0x0053c773,5490547
1555,0x0053c774,5490548
1556,0x0053c776,5490550
1557,0x0053c778,5490552
1558,0x0053c779,5490553
1559,0x0053c77a,5490554
1560,0x0053c77b,5490555
1561,0x0053c77d,5490557
1562,0x0053c7a4,5490596
1563,0x0053c7c5,5490629
1564,0x0053c7df,5490655
1565,0x0053c8a7,5490855
1566,0x0053c8b4,5490868
1567,0x0053c8c2,5490882
1568,0x0053c8c4,5490884
1569,0x0053c8c5,5490885
1570,0x0053c8c7,5490887
1571,0x0053c8c9,5490889
1572,0x0053c8ca,5490890
1573,0x0053c8cb,5490891
1574,0x0053c8cc,5490892
1575,0x0053c8cd,5490893
1576,0x0053c8ce,5490894
1577,0x0053c8cf,5490895
1578,0x0053c8d0,5490896
1579,0x0053c8d2,5490898
1580,0x0053c8d3,5490899
1581,0x0053c8d4,5490900
1582,0x0053c8d5,5490901
1583,0x0053c8d8,5490904
1584,0x0053c8da,5490906
1585,0x0053c8db,5490907
1586,0x0053c8dd,5490909
1587,0x0053c8de,5490910
1588,0x0053c8e0,5490912
1589,0x0053c8e1,5490913
1590,0x0053c8e2,5490914
1591,0x0053c8e3,5490915
1592,0x0053c8e4,5490916
1593,0x0053c8e6,5490918
1594,0x0053c8e7,5490919
1595,0x0053c8e9,5490921
1596,0x0053c8ea,5490922
1597,0x0053c8ec,5490924
1598,0x0053c8ed,5490925
1599,0x0053c8ef,5490927
1600,0x0053c8f0,5490928
1601,0x0053c8f2,5490930
1602,0x0053c8f3,5490931
1603,0x0053c8f4,5490932
1604,0x0053c8f5,5490933
1605,0x0053c8f6,5490934
1606,0x0053c8f7,5490935
1607,0x0053c8f8,5490936
1608,0x0053c8fa,5490938
1609,0x0053c8fb,5490939
1610,0x0053c927,5490983
1611,0x0053c9a0,5491104
1612,0x0053c9ed,5491181
1613,0x0053c9f1,5491185
1614,0x0053c9f2,5491186
1615,0x0053ca4c,5491276
1616,0x0053cb4c,5491532
1617,0x0053cb67,5491559
1618,0x0053cc88,5491848
1619,0x0053cc99,5491865
1620,0x0053cc9d,5491869
1621,0x0053cc9e,5491870
1622,0x0053cca3,5491875
1623,0x0053cca4,5491876
1624,0x0053cca5,5491877
1625,0x0053cca6,5491878
1626,0x0053cca7,5491879
1627,0x0053cca9,5491881
1628,0x0053ccaa,5491882
1629,0x0053ccac,5491884
1630,0x0053ccad,5491885
1631,0x0053ccce,5491918
1632,0x0053ccd1,5491921
1633,0x0053ccd2,5491922
1634,0x0053ccfa,5491962
1635,0x0053cd4e,5492046
1636,0x0053cd59,5492057
1637,0x0053cd5a,5492058
1638,0x0053cd5d,5492061
1639,0x0053cd5e,5492062
1640,0x0053cd5f,5492063
1641,0x0053cdd2,5492178
1642,0x0053cddb,5492187
1643,0x0053cddc,5492188
1644,0x0053cddf,5492191
1645,0x0053cde3,5492195
1646,0x0053ce09,5492233
1647,0x0053ce0c,5492236
1648,0x0053ce10,5492240
1649,0x0053ce18,5492248
1650,0x0053ce1d,5492253
1651,0x0053ce1e,5492254
1652,0x0053ce1f,5492255
1653,0x0053ce20,5492256
1654,0x0053ce21,5492257
1655,0x0053ce22,5492258
1656,0x0053ce23,5492259
1657,0x0053ce24,5492260
1658,0x0053ce25,5492261
1659,0x0053ce26,5492262
1660,0x0053ce28,5492264
1661,0x0053ce2a,5492266
1662,0x0053ce2b,5492267
1663,0x0053ce2c,5492268
1664,0x0053ce2d,5492269
1665,0x0053ce2f,5492271
1666,0x0053ce30,5492272
1667,0x0053ce31,5492273
1668,0x0053ce32,5492274
1669,0x0053ce33,5492275
1670,0x0053ce37,5492279
1671,0x0053ce4d,5492301
1672,0x0053ce4f,5492303
1673,0x0053ce55,5492309
1674,0x0053ce56,5492310
1675,0x0053ce59,5492313
1676,0x0053ce5a,5492314
1677,0x0053ce5b,5492315
1678,0x0053ce5c,5492316
1679,0x0053ce5d,5492317
1680,0x0053ce5f,5492319
1681,0x0053ce60,5492320
1682,0x0053ce61,5492321
1683,0x0053ce62,5492322
1684,0x0053ce67,5492327
1685,0x0053ce69,5492329
1686,0x0053ce6a,5492330
1687,0x0053ce6b,5492331
1688,0x0053ce6c,5492332
1689,0x0053ce6d,5492333
1690,0x0053ce6e,5492334
1691,0x0053ce6f,5492335
1692,0x0053ce71,5492337
1693,0x0053ce72,5492338
1694,0x0053ce73,5492339
1695,0x0053ce74,5492340
1696,0x0053ce75,5492341
1697,0x0053ce79,5492345
1698,0x0053ce7a,5492346
1699,0x0053ce7b,5492347
1700,0x0053ce7e,5492350
1701,0x0053ce81,5492353
1702,0x0053ce82,5492354
1703,0x0053ce85,5492357
1704,0x0053ce86,5492358
1705,0x0053ce87,5492359
1706,0x0053ce88,5492360
1707,0x0053ce89,5492361
1708,0x0053ce8a,5492362
1709,0x0053ce8b,5492363
1710,0x0053ce8c,5492364
1711,0x0053ce90,5492368
1712,0x0053ce91,5492369
1713,0x0053ce93,5492371
1714,0x0053ce96,5492374
1715,0x0053ce99,5492377
1716,0x0053ce9a,5492378
1717,0x0053ce9c,5492380
1718,0x0053cea0,5492384
1719,0x0053cea1,5492385
1720,0x0053cea5,5492389
1721,0x0053cea8,5492392
1722,0x0053cea9,5492393
1723,0x0053ceaa,5492394
1724,0x0053ceab,5492395
1725,0x0053ceac,5492396
1726,0x0053cead,5492397
1727,0x0053ceaf,5492399
1728,0x0053ceb0,5492400
1729,0x0053ceb3,5492403
1730,0x0053ceb4,5492404
1731,0x0053ceb7,5492407
1732,0x0053ceb8,5492408
1733,0x0053ceba,5492410
1734,0x0053cebb,5492411
1735,0x0053cebc,5492412
1736,0x0053cebd,5492413
1737,0x0053cebe,5492414
1738,0x0053cebf,5492415
1739,0x0053cec0,5492416
1740,0x0053cec3,5492419
1741,0x0053cec4,5492420
1742,0x0053cec8,5492424
1743,0x0053cec9,5492425
1744,0x0053cecc,5492428
1745,0x0053cecd,5492429
1746,0x0053cece,5492430
1747,0x0053cecf,5492431
1748,0x0053ced0,5492432
1749,0x0053ced1,5492433
1750,0x0053ced2,5492434
1751,0x0053ced3,5492435
1752,0x0053ced6,5492438
1753,0x0053ced7,5492439
1754,0x0053ced9,5492441
1755,0x0053ceda,5492442
1756,0x0053cedb,5492443
1757,0x0053cedd,5492445
1758,0x0053cede,5492446
1759,0x0053cedf,5492447
1760,0x0053cee0,5492448
1761,0x0053cee1,5492449
1762,0x0053cee5,5492453
1763,0x0053cee6,5492454
1764,0x0053cee9,5492457
1765,0x0053ceea,5492458
1766,0x0053ceeb,5492459
1767,0x0053ceef,5492463
1768,0x0053cef0,5492464
1769,0x0053cef1,5492465
1770,0x0053cef2,5492466
1771,0x0053cef3,5492467
1772,0x0053cef4,5492468
1773,0x0053cef8,5492472
1774,0x0053cef9,5492473
1775,0x0053cefa,5492474
1776,0x0053cefb,5492475
1777,0x0053cefc,5492476
1778,0x0053cefd,5492477
1779,0x0053cefe,5492478
1780,0x0053ceff,5492479
1781,0x0053cf00,5492480
1782,0x0053cf03,5492483
1783,0x0053cf04,5492484
1784,0x0053cf08,5492488
1785,0x0053cf0b,5492491
1786,0x0053cf0c,5492492
1787,0x0053cf0d,5492493
1788,0x0053cf0e,5492494
1789,0x0053cf0f,5492495
1790,0x0053cf10,5492496
1791,0x0053cf13,5492499
1792,0x0053cf14,5492500
1793,0x0053cf16,5492502
1794,0x0053cf17,5492503
1795,0x0053cf19,5492505
1796,0x0053cf1a,5492506
1797,0x0053cf1d,5492509
1798,0x0053cf22,5492514
1799,0x0053cf23,5492515
1800,0x0053cf26,5492518
1801,0x0053cf27,5492519
1802,0x0053cf28,5492520
1803,0x0053cf2a,5492522
1804,0x0053cf2b,5492523
1805,0x0053cf2c,5492524
1806,0x0053cf2d,5492525
1807,0x0053cf2e,5492526
1808,0x0053cf32,5492530
1809,0x0053cf35,5492533
1810,0x0053cf36,5492534
1811,0x0053cf37,5492535
1812,0x0053cf38,5492536
1813,0x0053cf39,5492537
1814,0x0053cf3a,5492538
1815,0x0053cf3e,5492542
1816,0x0053cf3f,5492543
1817,0x0053cf43,5492547
1818,0x0053cf44,5492548
1819,0x0053cf47,5492551
1820,0x0053cf48,5492552
1821,0x0053cf49,5492553
1822,0x0053cf4a,5492554
1823,0x0053cf4b,5492555
1824,0x0053cf50,5492560
1825,0x0053cf52,5492562
1826,0x0053cf53,5492563
1827,0x0053cf54,5492564
1828,0x0053cf55,5492565
1829,0x0053cf56,5492566
1830,0x0053cf57,5492567
1831,0x0053cf5b,5492571
1832,0x0053cf5f,5492575
1833,0x0053cf60,5492576
1834,0x0053cf62,5492578
1835,0x0053cf63,5492579
1836,0x0053cf64,5492580
1837,0x0053cf65,5492581
1838,0x0053cf67,5492583
1839,0x0053cf6b,5492587
1840,0x0053cf6d,5492589
1841,0x0053cf6e,5492590
1842,0x0053cf6f,5492591
1843,0x0053cf70,5492592
1844,0x0053cf71,5492593
1845,0x0053cf75,5492597
1846,0x0053cf76,5492598
1847,0x0053cf7a,5492602
1848,0x0053cf7d,5492605
1849,0x0053cf7e,5492606
1850,0x0053cf7f,5492607
1851,0x0053cf80,5492608
1852,0x0053cf81,5492609
1853,0x0053cf82,5492610
1854,0x0053cf86,5492614
1855,0x0053cf88,5492616
1856,0x0053cf89,5492617
1857,0x0053cf8a,5492618
1858,0x0053cf8b,5492619
1859,0x0053cf8c,5492620
1860,0x0053cf91,5492625
1861,0x0053cf92,5492626
1862,0x0053cf95,5492629
1863,0x0053cf96,5492630
1864,0x0053cf97,5492631
1865,0x0053cf9a,5492634
1866,0x0053cf9b,5492635
1867,0x0053cf9c,5492636
1868,0x0053cf9d,5492637
1869,0x0053cfa1,5492641
1870,0x0053cfa2,5492642
1871,0x0053cfa4,5492644
1872,0x0053cfa5,5492645
1873,0x0053cfa6,5492646
1874,0x0053cfa7,5492647
1875,0x0053cfac,5492652
1876,0x0053cfae,5492654
1877,0x0053cfb3,5492659
1878,0x0053cfb4,5492660
1879,0x0053cfb7,5492663
1880,0x0053cfb8,5492664
1881,0x0053cfb9,5492665
1882,0x0053cfba,5492666
1883,0x0053cfbb,5492667
1884,0x0053cfbf,5492671
1885,0x0053cfc1,5492673
1886,0x0053cfc2,5492674
1887,0x0053cfc3,5492675
1888,0x0053cfc4,5492676
1889,0x0053cfc5,5492677
1890,0x0053cfc8,5492680
1891,0x0053cfc9,5492681
1892,0x0053cfcd,5492685
1893,0x0053cfce,5492686
1894,0x0053cfd2,5492690
1895,0x0053cfd3,5492691
1896,0x0053cfd4,5492692
1897,0x0053cfd5,5492693
1898,0x0053cfd6,5492694
1899,0x0053cfd7,5492695
1900,0x0053cfda,5492698
1901,0x0053cfdb,5492699
1902,0x0053cfdd,5492701
1903,0x0053cfde,5492702
1904,0x0053cfdf,5492703
1905,0x0053cfe0,5492704
1906,0x0053cfe1,5492705
1907,0x0053cfe5,5492709
1908,0x0053cfe9,5492713
1909,0x0053cfea,5492714
1910,0x0053cfec,5492716
1911,0x0053cfed,5492717
1912,0x0053cfee,5492718
1913,0x0053cfef,5492719
1914,0x0053cff0,5492720
1915,0x0053cff3,5492723
1916,0x0053cff4,5492724
1917,0x0053cff6,5492726
1918,0x0053cff7,5492727
1919,0x0053cff8,5492728
1920,0x0053cff9,5492729
1921,0x0053d000,5492736
1922,0x0053d001,5492737
1923,0x0053d005,5492741
1924,0x0053d006,5492742
1925,0x0053d008,5492744
1926,0x0053d009,5492745
1927,0x0053d00a,5492746
1928,0x0053d00b,5492747
1929,0x0053d00c,5492748
1930,0x0053d00f,5492751
1931,0x0053d010,5492752
1932,0x0053d012,5492754
1933,0x0053d013,5492755
1934,0x0053d014,5492756
1935,0x0053d015,5492757
1936,0x0053d019,5492761
1937,0x0053d01a,5492762
1938,0x0053d01b,5492763
1939,0x0053d01d,5492765
1940,0x0053d01f,5492767
1941,0x0053d020,5492768
1942,0x0053d022,5492770
1943,0x0053d023,5492771
1944,0x0053d024,5492772
1945,0x0053d025,5492773
1946,0x0053d026,5492774
1947,0x0053d029,5492777
1948,0x0053d02a,5492778
1949,0x0053d02b,5492779
1950,0x0053d02c,5492780
1951,0x0053d02d,5492781
1952,0x0053d02e,5492782
1953,0x0053d031,5492785
1954,0x0053d032,5492786
1955,0x0053d036,5492790
1956,0x0053d037,5492791
1957,0x0053d03a,5492794
1958,0x0053d03b,5492795
1959,0x0053d03c,5492796
1960,0x0053d03d,5492797
1961,0x0053d040,5492800
1962,0x0053d041,5492801
1963,0x0053d042,5492802
1964,0x0053d043,5492803
1965,0x0053d044,5492804
1966,0x0053d045,5492805
1967,0x0053d049,5492809
1968,0x0053d04a,5492810
1969,0x0053d04e,5492814
1970,0x0053d04f,5492815
1971,0x0053d052,5492818
1972,0x0053d053,5492819
1973,0x0053d054,5492820
1974,0x0053d055,5492821
1975,0x0053d058,5492824
1976,0x0053d059,5492825
1977,0x0053d05b,5492827
1978,0x0053d05c,5492828
1979,0x0053d05d,5492829
1980,0x0053d05e,5492830
1981,0x0053d061,5492833
1982,0x0053d062,5492834
1983,0x0053d066,5492838
1984,0x0053d067,5492839
1985,0x0053d069,5492841
1986,0x0053d06a,5492842
1987,0x0053d06b,5492843
1988,0x0053d06c,5492844
1989,0x0053d06d,5492845
1990,0x0053d070,5492848
1991,0x0053d071,5492849
1992,0x0053d073,5492851
1993,0x0053d074,5492852
1994,0x0053d075,5492853
1995,0x0053d076,5492854
1996,0x0053d07a,5492858
1997,0x0053d07b,5492859
1998,0x0053d07e,5492862
1999,0x0053d07f,5492863
2000,0x0053d082,5492866
2001,0x0053d083,5492867
2002,0x0053d084,5492868
2003,0x0053d085,5492869
2004,0x0053d086,5492870
2005,0x0053d089,5492873
2006,0x0053d08a,5492874
2007,0x0053d08b,5492875
2008,0x0053d08c,5492876
2009,0x0053d08d,5492877
2010,0x0053d08e,5492878
2011,0x0053d092,5492882
2012,0x0053d093,5492883
2013,0x0053d094,5492884
2014,0x0053d097,5492887
2015,0x0053d098,5492888
2016,0x0053d099,5492889
2017,0x0053d09b,5492891
2018,0x0053d09c,5492892
2019,0x0053d09d,5492893
2020,0x0053d09e,5492894
2021,0x0053d09f,5492895
2022,0x0053d0a0,5492896
2023,0x0053d0a3,5492899
2024,0x0053d0a4,5492900
2025,0x0053d0a6,5492902
2026,0x0053d0a7,5492903
2027,0x0053d0a8,5492904
2028,0x0053d0ac,5492908
2029,0x0053d0ad,5492909
2030,0x0053d0b1,5492913
2031,0x0053d0b2,5492914
2032,0x0053d0b4,5492916
2033,0x0053d0b5,5492917
2034,0x0053d0b6,5492918
2035,0x0053d0b7,5492919
2036,0x0053d0b8,5492920
2037,0x0053d0bb,5492923
2038,0x0053d0bc,5492924
2039,0x0053d0be,5492926
2040,0x0053d0bf,5492927
2041,0x0053d0c0,5492928
2042,0x0053d0c1,5492929
2043,0x0053d0c5,5492933
2044,0x0053d0c7,5492935
2045,0x0053d0c9,5492937
2046,0x0053d0cc,5492940
2047,0x0053d0cf,5492943
2048,0x0053d0d0,5492944
2049,0x0053d0d1,5492945
2050,0x0053d0d2,5492946
2051,0x0053d0d7,5492951
2052,0x0053d0d8,5492952
2053,0x0053d0da,5492954
2054,0x0053d0db,5492955
2055,0x0053d0dc,5492956
2056,0x0053d0e0,5492960
2057,0x0053d0e1,5492961
2058,0x0053d0e5,5492965
2059,0x0053d0e6,5492966
2060,0x0053d0e8,5492968
2061,0x0053d0e9,5492969
2062,0x0053d0ea,5492970
2063,0x0053d0eb,5492971
2064,0x0053d0ec,5492972
2065,0x0053d0f0,5492976
2066,0x0053d0f2,5492978
2067,0x0053d0f3,5492979
2068,0x0053d0f4,5492980
2069,0x0053d0f5,5492981
2070,0x0053d0f8,5492984
2071,0x0053d0f9,5492985
2072,0x0053d0fd,5492989
2073,0x0053d0fe,5492990
2074,0x0053d100,5492992
2075,0x0053d101,5492993
2076,0x0053d102,5492994
2077,0x0053d103,5492995
2078,0x0053d104,5492996
2079,0x0053d108,5493000
2080,0x0053d10a,5493002
2081,0x0053d10b,5493003
2082,0x0053d10c,5493004
2083,0x0053d10d,5493005
2084,0x0053d111,5493009
2085,0x0053d112,5493010
2086,0x0053d113,5493011
2087,0x0053d115,5493013
2088,0x0053d117,5493015
2089,0x0053d118,5493016
2090,0x0053d11a,5493018
2091,0x0053d11b,5493019
2092,0x0053d11c,5493020
2093,0x0053d11d,5493021
2094,0x0053d11e,5493022
2095,0x0053d121,5493025
2096,0x0053d122,5493026
2097,0x0053d123,5493027
2098,0x0053d124,5493028
2099,0x0053d125,5493029
2100,0x0053d126,5493030
2101,0x0053d12a,5493034
2102,0x0053d12b,5493035
2103,0x0053d12e,5493038
2104,0x0053d12f,5493039
2105,0x0053d132,5493042
2106,0x0053d133,5493043
2107,0x0053d134,5493044
2108,0x0053d135,5493045
2109,0x0053d136,5493046
2110,0x0053d139,5493049
2111,0x0053d13a,5493050
2112,0x0053d13b,5493051
2113,0x0053d13c,5493052
2114,0x0053d13d,5493053
2115,0x0053d13e,5493054
2116,0x0053d140,5493056
2117,0x0053d142,5493058
2118,0x0053d143,5493059
2119,0x0053d147,5493063
2120,0x0053d148,5493064
2121,0x0053d14b,5493067
2122,0x0053d14c,5493068
2123,0x0053d14d,5493069
2124,0x0053d14e,5493070
2125,0x0053d14f,5493071
2126,0x0053d150,5493072
2127,0x0053d152,5493074
2128,0x0053d153,5493075
2129,0x0053d155,5493077
2130,0x0053d156,5493078
2131,0x0053d157,5493079
2132,0x0053d158,5493080
2133,0x0053d15c,5493084
2134,0x0053d160,5493088
2135,0x0053d161,5493089
2136,0x0053d163,5493091
2137,0x0053d164,5493092
2138,0x0053d165,5493093
2139,0x0053d166,5493094
2140,0x0053d167,5493095
2141,0x0053d16b,5493099
2142,0x0053d16d,5493101
2143,0x0053d16e,5493102
2144,0x0053d16f,5493103
2145,0x0053d170,5493104
2146,0x0053d173,5493107
2147,0x0053d174,5493108
2148,0x0053d178,5493112
2149,0x0053d179,5493113
2150,0x0053d17b,5493115
2151,0x0053d17c,5493116
2152,0x0053d17d,5493117
2153,0x0053d17e,5493118
2154,0x0053d17f,5493119
2155,0x0053d183,5493123
2156,0x0053d185,5493125
2157,0x0053d186,5493126
2158,0x0053d187,5493127
2159,0x0053d188,5493128
2160,0x0053d18d,5493133
2161,0x0053d18e,5493134
2162,0x0053d191,5493137
2163,0x0053d192,5493138
2164,0x0053d193,5493139
2165,0x0053d196,5493142
2166,0x0053d197,5493143
2167,0x0053d198,5493144
2168,0x0053d199,5493145
2169,0x0053d19d,5493149
2170,0x0053d19e,5493150
2171,0x0053d19f,5493151
2172,0x0053d1a0,5493152
2173,0x0053d1a1,5493153
2174,0x0053d1a2,5493154
2175,0x0053d1a6,5493158
2176,0x0053d1aa,5493162
2177,0x0053d1ab,5493163
2178,0x0053d1ae,5493166
2179,0x0053d1af,5493167
2180,0x0053d1b0,5493168
2181,0x0053d1b1,5493169
2182,0x0053d1b3,5493171
2183,0x0053d1b6,5493174
2184,0x0053d1b7,5493175
2185,0x0053d1b9,5493177
2186,0x0053d1ba,5493178
2187,0x0053d1bb,5493179
2188,0x0053d1bf,5493183
2189,0x0053d1c0,5493184
2190,0x0053d1c4,5493188
2191,0x0053d1c5,5493189
2192,0x0053d1c8,5493192
2193,0x0053d1c9,5493193
2194,0x0053d1ca,5493194
2195,0x0053d1cb,5493195
2196,0x0053d1ce,5493198
2197,0x0053d1cf,5493199
2198,0x0053d1d0,5493200
2199,0x0053d1d1,5493201
2200,0x0053d1d2,5493202
2201,0x0053d1d3,5493203
2202,0x0053d1d6,5493206
2203,0x0053d1d7,5493207
2204,0x0053d1d8,5493208
2205,0x0053d1dc,5493212
2206,0x0053d1df,5493215
2207,0x0053d1e0,5493216
2208,0x0053d1e1,5493217
2209,0x0053d1e2,5493218
2210,0x0053d1e6,5493222
2211,0x0053d1e8,5493224
2212,0x0053d1e9,5493225
2213,0x0053d1ea,5493226
2214,0x0053d1eb,5493227
2215,0x0053d1ef,5493231
2216,0x0053d1f3,5493235
2217,0x0053d1f4,5493236
2218,0x0053d1f6,5493238
2219,0x0053d1f7,5493239
2220,0x0053d1f8,5493240
2221,0x0053d1f9,5493241
2222,0x0053d1fa,5493242
2223,0x0053d1fe,5493246
2224,0x0053d200,5493248
2225,0x0053d201,5493249
2226,0x0053d202,5493250
2227,0x0053d203,5493251
2228,0x0053d207,5493255
2229,0x0053d208,5493256
2230,0x0053d209,5493257
2231,0x0053d20c,5493260
2232,0x0053d20d,5493261
2233,0x0053d20e,5493262
2234,0x0053d210,5493264
2235,0x0053d211,5493265
2236,0x0053d212,5493266
2237,0x0053d213,5493267
2238,0x0053d214,5493268
2239,0x0053d217,5493271
2240,0x0053d218,5493272
2241,0x0053d219,5493273
2242,0x0053d21a,5493274
2243,0x0053d21b,5493275
2244,0x0053d21c,5493276
2245,0x0053d220,5493280
2246,0x0053d221,5493281
2247,0x0053d224,5493284
2248,0x0053d225,5493285
2249,0x0053d228,5493288
2250,0x0053d229,5493289
2251,0x0053d22a,5493290
2252,0x0053d22b,5493291
2253,0x0053d22f,5493295
2254,0x0053d230,5493296
2255,0x0053d232,5493298
2256,0x0053d233,5493299
2257,0x0053d234,5493300
2258,0x0053d235,5493301
2259,0x0053d239,5493305
2260,0x0053d23a,5493306
2261,0x0053d23e,5493310
2262,0x0053d241,5493313
2263,0x0053d242,5493314
2264,0x0053d243,5493315
2265,0x0053d244,5493316
2266,0x0053d245,5493317
2267,0x0053d248,5493320
2268,0x0053d249,5493321
2269,0x0053d24b,5493323
2270,0x0053d24c,5493324
2271,0x0053d24d,5493325
2272,0x0053d251,5493329
2273,0x0053d252,5493330
2274,0x0053d256,5493334
2275,0x0053d257,5493335
2276,0x0053d259,5493337
2277,0x0053d25a,5493338
2278,0x0053d25b,5493339
2279,0x0053d25c,5493340
2280,0x0053d25d,5493341
2281,0x0053d261,5493345
2282,0x0053d262,5493346
2283,0x0053d264,5493348
2284,0x0053d265,5493349
2285,0x0053d266,5493350
2286,0x0053d267,5493351
2287,0x0053d26a,5493354
2288,0x0053d26b,5493355
2289,0x0053d26f,5493359
2290,0x0053d270,5493360
2291,0x0053d273,5493363
2292,0x0053d274,5493364
2293,0x0053d275,5493365
2294,0x0053d276,5493366
2295,0x0053d27a,5493370
2296,0x0053d27b,5493371
2297,0x0053d27c,5493372
2298,0x0053d27d,5493373
2299,0x0053d27e,5493374
2300,0x0053d27f,5493375
2301,0x0053d283,5493379
2302,0x0053d284,5493380
2303,0x0053d285,5493381
2304,0x0053d287,5493383
2305,0x0053d289,5493385
2306,0x0053d28c,5493388
2307,0x0053d28d,5493389
2308,0x0053d28e,5493390
2309,0x0053d28f,5493391
2310,0x0053d292,5493394
2311,0x0053d293,5493395
2312,0x0053d294,5493396
2313,0x0053d296,5493398
2314,0x0053d297,5493399
2315,0x0053d298,5493400
2316,0x0053d29d,5493405
2317,0x0053d29e,5493406
2318,0x0053d2a2,5493410
2319,0x0053d2a3,5493411
2320,0x0053d2a5,5493413
2321,0x0053d2a6,5493414
2322,0x0053d2a7,5493415
2323,0x0053d2a8,5493416
2324,0x0053d2a9,5493417
2325,0x0053d2aa,5493418
2326,0x0053d2ac,5493420
2327,0x0053d2ad,5493421
2328,0x0053d2ae,5493422
2329,0x0053d2af,5493423
2330,0x0053d2b0,5493424
2331,0x0053d2b1,5493425
2332,0x0053d2b2,5493426
2333,0x0053d2b6,5493430
2334,0x0053d2ba,5493434
2335,0x0053d2bb,5493435
2336,0x0053d2bd,5493437
2337,0x0053d2be,5493438
2338,0x0053d2bf,5493439
2339,0x0053d2c0,5493440
2340,0x0053d2c1,5493441
2341,0x0053d2c2,5493442
2342,0x0053d2c5,5493445
2343,0x0053d2c6,5493446
2344,0x0053d2c7,5493447
2345,0x0053d2c8,5493448
2346,0x0053d2c9,5493449
2347,0x0053d2ca,5493450
2348,0x0053d2ce,5493454
2349,0x0053d2d0,5493456
2350,0x0053d2d4,5493460
2351,0x0053d2d5,5493461
2352,0x0053d2d8,5493464
2353,0x0053d2d9,5493465
2354,0x0053d2da,5493466
2355,0x0053d2db,5493467
2356,0x0053d2de,5493470
2357,0x0053d2df,5493471
2358,0x0053d2e2,5493474
2359,0x0053d2e3,5493475
2360,0x0053d2e4,5493476
2361,0x0053d2e8,5493480
2362,0x0053d2e9,5493481
2363,0x0053d2ed,5493485
2364,0x0053d2ee,5493486
2365,0x0053d2f0,5493488
2366,0x0053d2f1,5493489
2367,0x0053d2f2,5493490
2368,0x0053d2f3,5493491
2369,0x0053d2f4,5493492
2370,0x0053d2f8,5493496
2371,0x0053d2fa,5493498
2372,0x0053d2fb,5493499
2373,0x0053d2fc,5493500
2374,0x0053d2fd,5493501
2375,0x0053d301,5493505
2376,0x0053d302,5493506
2377,0x0053d303,5493507
2378,0x0053d306,5493510
2379,0x0053d307,5493511
2380,0x0053d308,5493512
2381,0x0053d30a,5493514
2382,0x0053d30b,5493515
2383,0x0053d30c,5493516
2384,0x0053d30d,5493517
2385,0x0053d312,5493522
2386,0x0053d314,5493524
2387,0x0053d315,5493525
2388,0x0053d316,5493526
2389,0x0053d317,5493527
2390,0x0053d31c,5493532
2391,0x0053d320,5493536
2392,0x0053d321,5493537
2393,0x0053d323,5493539
2394,0x0053d324,5493540
2395,0x0053d325,5493541
2396,0x0053d326,5493542
2397,0x0053d327,5493543
2398,0x0053d32a,5493546
2399,0x0053d32b,5493547
2400,0x0053d32e,5493550
2401,0x0053d32f,5493551
2402,0x0053d330,5493552
2403,0x0053d334,5493556
2404,0x0053d335,5493557
2405,0x0053d339,5493561
2406,0x0053d33c,5493564
2407,0x0053d33d,5493565
2408,0x0053d33e,5493566
2409,0x0053d33f,5493567
2410,0x0053d340,5493568
2411,0x0053d343,5493571
2412,0x0053d344,5493572
2413,0x0053d346,5493574
2414,0x0053d347,5493575
2415,0x0053d348,5493576
2416,0x0053d34c,5493580
2417,0x0053d34d,5493581
2418,0x0053d351,5493585
2419,0x0053d352,5493586
2420,0x0053d355,5493589
2421,0x0053d356,5493590
2422,0x0053d357,5493591
2423,0x0053d358,5493592
2424,0x0053d359,5493593
2425,0x0053d35a,5493594
2426,0x0053d35d,5493597
2427,0x0053d35e,5493598
2428,0x0053d35f,5493599
2429,0x0053d360,5493600
2430,0x0053d361,5493601
2431,0x0053d362,5493602
2432,0x0053d366,5493606
2433,0x0053d367,5493607
2434,0x0053d36a,5493610
2435,0x0053d36b,5493611
2436,0x0053d36c,5493612
2437,0x0053d36e,5493614
2438,0x0053d36f,5493615
2439,0x0053d370,5493616
2440,0x0053d371,5493617
2441,0x0053d374,5493620
2442,0x0053d375,5493621
2443,0x0053d376,5493622
2444,0x0053d377,5493623
2445,0x0053d378,5493624
2446,0x0053d379,5493625
2447,0x0053d37e,5493630
2448,0x0053d37f,5493631
2449,0x0053d382,5493634
2450,0x0053d383,5493635
2451,0x0053d384,5493636
2452,0x0053d386,5493638
2453,0x0053d387,5493639
2454,0x0053d388,5493640
2455,0x0053d389,5493641
2456,0x0053d38c,5493644
2457,0x0053d38d,5493645
2458,0x0053d38e,5493646
2459,0x0053d38f,5493647
2460,0x0053d390,5493648
2461,0x0053d391,5493649
2462,0x0053d392,5493650
2463,0x0053d393,5493651
2464,0x0053d394,5493652
2465,0x0053d395,5493653
2466,0x0053d396,5493654
2467,0x0053d397,5493655
2468,0x0053d39b,5493659
2469,0x0053d39c,5493660
2470,0x0053d39e,5493662
2471,0x0053d39f,5493663
2472,0x0053d3a0,5493664
2473,0x0053d3a1,5493665
2474,0x0053d3a2,5493666
2475,0x0053d3a6,5493670
2476,0x0053d3a9,5493673
2477,0x0053d3aa,5493674
2478,0x0053d3ab,5493675
2479,0x0053d3b0,5493680
2480,0x0053d3b4,5493684
2481,0x0053d3b5,5493685
2482,0x0053d3b7,5493687
2483,0x0053d3b8,5493688
2484,0x0053d3b9,5493689
2485,0x0053d3ba,5493690
2486,0x0053d3bb,5493691
2487,0x0053d3be,5493694
2488,0x0053d3c0,5493696
2489,0x0053d3c1,5493697
2490,0x0053d3c2,5493698
2491,0x0053d3c3,5493699
2492,0x0053d3c6,5493702
2493,0x0053d3c7,5493703
2494,0x0053d3cb,5493707
2495,0x0053d3cc,5493708
2496,0x0053d3cf,5493711
2497,0x0053d3d0,5493712
2498,0x0053d3d1,5493713
2499,0x0053d3d2,5493714
2500,0x0053d3d6,5493718
2501,0x0053d3d9,5493721
2502,0x0053d3da,5493722
2503,0x0053d3db,5493723
2504,0x0053d3dc,5493724
2505,0x0053d3e0,5493728
2506,0x0053d3e4,5493732
2507,0x0053d3e5,5493733
2508,0x0053d3e7,5493735
2509,0x0053d3e8,5493736
2510,0x0053d3e9,5493737
2511,0x0053d3ea,5493738
2512,0x0053d3eb,5493739
2513,0x0053d3ee,5493742
2514,0x0053d3ef,5493743
2515,0x0053d3f0,5493744
2516,0x0053d3f1,5493745
2517,0x0053d3f2,5493746
2518,0x0053d3f3,5493747
2519,0x0053d3f4,5493748
2520,0x0053d3f8,5493752
2521,0x0053d3f9,5493753
2522,0x0053d3fc,5493756
2523,0x0053d3fd,5493757
2524,0x0053d3fe,5493758
2525,0x0053d400,5493760
2526,0x0053d401,5493761
2527,0x0053d402,5493762
2528,0x0053d403,5493763
2529,0x0053d404,5493764
2530,0x0053d407,5493767
2531,0x0053d408,5493768
2532,0x0053d40a,5493770
2533,0x0053d40b,5493771
2534,0x0053d40c,5493772
2535,0x0053d410,5493776
2536,0x0053d412,5493778
2537,0x0053d416,5493782
2538,0x0053d417,5493783
2539,0x0053d41a,5493786
2540,0x0053d41b,5493787
2541,0x0053d41c,5493788
2542,0x0053d41d,5493789
2543,0x0053d41e,5493790
2544,0x0053d421,5493793
2545,0x0053d422,5493794
2546,0x0053d423,5493795
2547,0x0053d424,5493796
2548,0x0053d425,5493797
2549,0x0053d426,5493798
2550,0x0053d429,5493801
2551,0x0053d42b,5493803
2552,0x0053d42e,5493806
2553,0x0053d42f,5493807
2554,0x0053d432,5493810
2555,0x0053d433,5493811
2556,0x0053d434,5493812
2557,0x0053d435,5493813
2558,0x0053d436,5493814
2559,0x0053d439,5493817
2560,0x0053d43b,5493819
2561,0x0053d43c,5493820
2562,0x0053d43d,5493821
2563,0x0053d440,5493824
2564,0x0053d441,5493825
2565,0x0053d442,5493826
2566,0x0053d443,5493827
2567,0x0053d444,5493828
2568,0x0053d445,5493829
2569,0x0053d446,5493830
2570,0x0053d447,5493831
2571,0x0053d448,5493832
2572,0x0053d449,5493833
2573,0x0053d44a,5493834
2574,0x0053d44b,5493835
2575,0x0053d44c,5493836
2576,0x0053d44d,5493837
2577,0x0053d44f,5493839
2578,0x0053d451,5493841
2579,0x0053d452,5493842
2580,0x0053d453,5493843
2581,0x0053d454,5493844
2582,0x0053d455,5493845
2583,0x0053d456,5493846
2584,0x0053d457,5493847
2585,0x0053d458,5493848
2586,0x0053d45a,5493850
2587,0x0053d45b,5493851
2588,0x0053d45e,5493854
2589,0x0053d45f,5493855
2590,0x0053d460,5493856
2591,0x0053d462,5493858
2592,0x0053d463,5493859
2593,0x0053d464,5493860
2594,0x0053d465,5493861
2595,0x0053d468,5493864
2596,0x0053d469,5493865
2597,0x0053d46b,5493867
2598,0x0053d46c,5493868
2599,0x0053d46d,5493869
2600,0x0053d46e,5493870
2601,0x0053d473,5493875
2602,0x0053d474,5493876
2603,0x0053d475,5493877
2604,0x0053d477,5493879
2605,0x0053d478,5493880
2606,0x0053d479,5493881
2607,0x0053d47a,5493882
2608,0x0053d47b,5493883
2609,0x0053d47c,5493884
2610,0x0053d47d,5493885
2611,0x0053d47e,5493886
2612,0x0053d47f,5493887
2613,0x0053d480,5493888
2614,0x0053d481,5493889
2615,0x0053d482,5493890
2616,0x0053d483,5493891
2617,0x0053d485,5493893
2618,0x0053d486,5493894
2619,0x0053d487,5493895
2620,0x0053d488,5493896
2621,0x0053d489,5493897
2622,0x0053d48b,5493899
2623,0x0053d48c,5493900
2624,0x0053d48d,5493901
2625,0x0053d48e,5493902
2626,0x0053d48f,5493903
2627,0x0053d490,5493904
2628,0x0053d491,5493905
2629,0x0053d492,5493906
2630,0x0053d493,5493907
2631,0x0053d494,5493908
2632,0x0053d495,5493909
2633,0x0053d496,5493910
2634,0x0053d497,5493911
2635,0x0053d498,5493912
2636,0x0053d499,5493913
2637,0x0053d49a,5493914
2638,0x0053d49b,5493915
2639,0x0053d49c,5493916
2640,0x0053d49d,5493917
2641,0x0053d49e,5493918
2642,0x0053d49f,5493919
2643,0x0053d4a0,5493920
2644,0x0053d4a3,5493923
2645,0x0053d4a4,5493924
2646,0x0053d4a6,5493926
2647,0x0053d4a7,5493927
2648,0x0053d4a8,5493928
2649,0x0053d4a9,5493929
2650,0x0053d4aa,5493930
2651,0x0053d4ab,5493931
2652,0x0053d4ac,5493932
2653,0x0053d4ad,5493933
2654,0x0053d4ae,5493934
2655,0x0053d4af,5493935
2656,0x0053d4b0,5493936
2657,0x0053d4b1,5493937
2658,0x0053d4b3,5493939
2659,0x0053d4b4,5493940
2660,0x0053d4b5,5493941
2661,0x0053d4b6,5493942
2662,0x0053d4b7,5493943
2663,0x0053d4b8,5493944
2664,0x0053d4b9,5493945
2665,0x0053d4bc,5493948
2666,0x0053d4bf,5493951
2667,0x0053d4c4,5493956
2668,0x0053d4c5,5493957
2669,0x0053d4c6,5493958
2670,0x0053d4c8,5493960
2671,0x0053d4c9,5493961
2672,0x0053d4ca,5493962
2673,0x0053d4cb,5493963
2674,0x0053d4cc,5493964
2675,0x0053d4cd,5493965
2676,0x0053d4ce,5493966
2677,0x0053d4cf,5493967
2678,0x0053d4d0,5493968
2679,0x0053d4d1,5493969
2680,0x0053d4d2,5493970
2681,0x0053d4d3,5493971
2682,0x0053d4d5,5493973
2683,0x0053d4d6,5493974
2684,0x0053d4d8,5493976
2685,0x0053d4d9,5493977
2686,0x0053d4da,5493978
2687,0x0053d4db,5493979
2688,0x0053d4dd,5493981
2689,0x0053d4df,5493983
2690,0x0053d4e0,5493984
2691,0x0053d4e1,5493985
2692,0x0053d4e2,5493986
2693,0x0053d4e3,5493987
2694,0x0053d4e6,5493990
2695,0x0053d4e7,5493991
2696,0x0053d4e9,5493993
2697,0x0053d4ea,5493994
2698,0x0053d4eb,5493995
2699,0x0053d4ec,5493996
2700,0x0053d4ed,5493997
2701,0x0053d4ee,5493998
2702,0x0053d4ef,5493999
2703,0x0053d4f0,5494000
2704,0x0053d4f1,5494001
2705,0x0053d4f2,5494002
2706,0x0053d4f3,5494003
2707,0x0053d4f4,5494004
2708,0x0053d4f5,5494005
2709,0x0053d4f6,5494006
2710,0x0053d4f8,5494008
2711,0x0053d4f9,5494009
2712,0x0053d4fa,5494010
2713,0x0053d4fb,5494011
2714,0x0053d4fd,5494013
2715,0x0053d4fe,5494014
2716,0x0053d4ff,5494015
2717,0x0053d500,5494016
2718,0x0053d501,5494017
2719,0x0053d502,5494018
2720,0x0053d503,5494019
2721,0x0053d504,5494020
2722,0x0053d505,5494021
2723,0x0053d506,5494022
2724,0x0053d50a,5494026
2725,0x0053d50b,5494027
2726,0x0053d50c,5494028
2727,0x0053d50d,5494029
2728,0x0053d50e,5494030
2729,0x0053d50f,5494031
2730,0x0053d514,5494036
2731,0x0053d515,5494037
2732,0x0053d518,5494040
2733,0x0053d519,5494041
2734,0x0053d51a,5494042
2735,0x0053d51c,5494044
2736,0x0053d51d,5494045
2737,0x0053d51e,5494046
2738,0x0053d51f,5494047
2739,0x0053d520,5494048
2740,0x0053d521,5494049
2741,0x0053d522,5494050
2742,0x0053d526,5494054
2743,0x0053d527,5494055
2744,0x0053d528,5494056
2745,0x0053d529,5494057
2746,0x0053d52a,5494058
2747,0x0053d52b,5494059
2748,0x0053d52c,5494060
2749,0x0053d52d,5494061
2750,0x0053d52e,5494062
2751,0x0053d52f,5494063
2752,0x0053d530,5494064
2753,0x0053d531,5494065
2754,0x0053d535,5494069
2755,0x0053d536,5494070
2756,0x0053d538,5494072
2757,0x0053d539,5494073
2758,0x0053d53a,5494074
2759,0x0053d53b,5494075
2760,0x0053d53c,5494076
2761,0x0053d53d,5494077
2762,0x0053d53e,5494078
2763,0x0053d53f,5494079
2764,0x0053d540,5494080
2765,0x0053d541,5494081
2766,0x0053d542,5494082
2767,0x0053d543,5494083
2768,0x0053d544,5494084
2769,0x0053d545,5494085
2770,0x0053d547,5494087
2771,0x0053d548,5494088
2772,0x0053d549,5494089
2773,0x0053d54a,5494090
2774,0x0053d54b,5494091
2775,0x0053d54c,5494092
2776,0x0053d54d,5494093
2777,0x0053d54e,5494094
2778,0x0053d550,5494096
2779,0x0053d551,5494097
2780,0x0053d552,5494098
2781,0x0053d553,5494099
2782,0x0053d554,5494100
2783,0x0053d558,5494104
2784,0x0053d559,5494105
2785,0x0053d55b,5494107
2786,0x0053d55c,5494108
2787,0x0053d55d,5494109
2788,0x0053d562,5494114
2789,0x0053d563,5494115
2790,0x0053d566,5494118
2791,0x0053d567,5494119
2792,0x0053d568,5494120
2793,0x0053d569,5494121
2794,0x0053d56a,5494122
2795,0x0053d56b,5494123
2796,0x0053d56c,5494124
2797,0x0053d56d,5494125
2798,0x0053d56e,5494126
2799,0x0053d56f,5494127
2800,0x0053d570,5494128
2801,0x0053d574,5494132
2802,0x0053d575,5494133
2803,0x0053d576,5494134
2804,0x0053d577,5494135
2805,0x0053d578,5494136
2806,0x0053d579,5494137
2807,0x0053d57a,5494138
2808,0x0053d57b,5494139
2809,0x0053d57c,5494140
2810,0x0053d57d,5494141
2811,0x0053d57e,5494142
2812,0x0053d581,5494145
2813,0x0053d582,5494146
2814,0x0053d583,5494147
2815,0x0053d585,5494149
2816,0x0053d586,5494150
2817,0x0053d587,5494151
2818,0x0053d588,5494152
2819,0x0053d589,5494153
2820,0x0053d58a,5494154
2821,0x0053d58b,5494155
2822,0x0053d58c,5494156
2823,0x0053d58d,5494157
2824,0x0053d58e,5494158
2825,0x0053d58f,5494159
2826,0x0053d590,5494160
2827,0x0053d591,5494161
2828,0x0053d592,5494162
2829,0x0053d593,5494163
2830,0x0053d594,5494164
2831,0x0053d596,5494166
2832,0x0053d597,5494167
2833,0x0053d598,5494168
2834,0x0053d59c,5494172
2835,0x0053d59f,5494175
2836,0x0053d5a0,5494176
2837,0x0053d5a1,5494177
2838,0x0053d5a2,5494178
2839,0x0053d5a6,5494182
2840,0x0053d5a7,5494183
2841,0x0053d5a9,5494185
2842,0x0053d5aa,5494186
2843,0x0053d5ab,5494187
2844,0x0053d5b0,5494192
2845,0x0053d5b1,5494193
2846,0x0053d5b4,5494196
2847,0x0053d5b5,5494197
2848,0x0053d5b6,5494198
2849,0x0053d5b8,5494200
2850,0x0053d5b9,5494201
2851,0x0053d5ba,5494202
2852,0x0053d5bb,5494203
2853,0x0053d5bc,5494204
2854,0x0053d5bd,5494205
2855,0x0053d5be,5494206
2856,0x0053d5c0,5494208
2857,0x0053d5c1,5494209
2858,0x0053d5c3,5494211
2859,0x0053d5c4,5494212
2860,0x0053d5c5,5494213
2861,0x0053d5c6,5494214
2862,0x0053d5c7,5494215
2863,0x0053d5c8,5494216
2864,0x0053d5cc,5494220
2865,0x0053d5cd,5494221
2866,0x0053d5d0,5494224
2867,0x0053d5d1,5494225
2868,0x0053d5d4,5494228
2869,0x0053d5d5,5494229
2870,0x0053d5d6,5494230
2871,0x0053d5d7,5494231
2872,0x0053d5d8,5494232
2873,0x0053d5d9,5494233
2874,0x0053d5da,5494234
2875,0x0053d5dc,5494236
2876,0x0053d5dd,5494237
2877,0x0053d5de,5494238
2878,0x0053d5df,5494239
2879,0x0053d5e0,5494240
2880,0x0053d5e1,5494241
2881,0x0053d5e2,5494242
2882,0x0053d5e3,5494243
2883,0x0053d5e4,5494244
2884,0x0053d5e7,5494247
2885,0x0053d5e8,5494248
2886,0x0053d5ec,5494252
2887,0x0053d5ed,5494253
2888,0x0053d5ef,5494255
2889,0x0053d5f0,5494256
2890,0x0053d5f1,5494257
2891,0x0053d5f2,5494258
2892,0x0053d5f3,5494259
2893,0x0053d5f8,5494264
2894,0x0053d5f9,5494265
2895,0x0053d5fa,5494266
2896,0x0053d5fb,5494267
2897,0x0053d5fc,5494268
2898,0x0053d5fd,5494269
2899,0x0053d5fe,5494270
2900,0x0053d603,5494275
2901,0x0053d604,5494276
2902,0x0053d607,5494279
2903,0x0053d608,5494280
2904,0x0053d609,5494281
2905,0x0053d60b,5494283
2906,0x0053d60c,5494284
2907,0x0053d60d,5494285
2908,0x0053d60e,5494286
2909,0x0053d60f,5494287
2910,0x0053d610,5494288
2911,0x0053d611,5494289
2912,0x0053d612,5494290
2913,0x0053d614,5494292
2914,0x0053d615,5494293
2915,0x0053d616,5494294
2916,0x0053d617,5494295
2917,0x0053d618,5494296
2918,0x0053d619,5494297
2919,0x0053d61a,5494298
2920,0x0053d61b,5494299
2921,0x0053d61c,5494300
2922,0x0053d61f,5494303
2923,0x0053d620,5494304
2924,0x0053d621,5494305
2925,0x0053d624,5494308
2926,0x0053d625,5494309
2927,0x0053d627,5494311
2928,0x0053d628,5494312
2929,0x0053d629,5494313
2930,0x0053d62a,5494314
2931,0x0053d62b,5494315
2932,0x0053d62c,5494316
2933,0x0053d62e,5494318
2934,0x0053d62f,5494319
2935,0x0053d630,5494320
2936,0x0053d631,5494321
2937,0x0053d632,5494322
2938,0x0053d633,5494323
2939,0x0053d634,5494324
2940,0x0053d635,5494325
2941,0x0053d636,5494326
2942,0x0053d639,5494329
2943,0x0053d63b,5494331
2944,0x0053d63f,5494335
2945,0x0053d640,5494336
2946,0x0053d642,5494338
2947,0x0053d643,5494339
2948,0x0053d644,5494340
2949,0x0053d645,5494341
2950,0x0053d646,5494342
2951,0x0053d648,5494344
2952,0x0053d64a,5494346
2953,0x0053d64d,5494349
2954,0x0053d64e,5494350
2955,0x0053d64f,5494351
2956,0x0053d650,5494352
2957,0x0053d652,5494354
2958,0x0053d655,5494357
2959,0x0053d656,5494358
2960,0x0053d658,5494360
2961,0x0053d65a,5494362
2962,0x0053d65d,5494365
2963,0x0053d65e,5494366
2964,0x0053d65f,5494367
2965,0x0053d660,5494368
2966,0x0053d661,5494369
2967,0x0053d662,5494370
2968,0x0053d663,5494371
2969,0x0053d667,5494375
2970,0x0053d668,5494376
2971,0x0053d669,5494377
2972,0x0053d66a,5494378
2973,0x0053d66b,5494379
2974,0x0053d66c,5494380
2975,0x0053d66d,5494381
2976,0x0053d66e,5494382
2977,0x0053d671,5494385
2978,0x0053d672,5494386
2979,0x0053d673,5494387
2980,0x0053d674,5494388
2981,0x0053d676,5494390
2982,0x0053d677,5494391
2983,0x0053d678,5494392
2984,0x0053d679,5494393
2985,0x0053d67a,5494394
2986,0x0053d67b,5494395
2987,0x0053d67c,5494396
2988,0x0053d67d,5494397
2989,0x0053d67e,5494398
2990,0x0053d67f,5494399
2991,0x0053d681,5494401
2992,0x0053d682,5494402
2993,0x0053d683,5494403
2994,0x0053d684,5494404
2995,0x0053d685,5494405
2996,0x0053d686,5494406
2997,0x0053d687,5494407
2998,0x0053d688,5494408
2999,0x0053d689,5494409
3000,0x0053d68c,5494412
3001,0x0053d68d,5494413
3002,0x0053d690,5494416
3003,0x0053d691,5494417
3004,0x0053d694,5494420
3005,0x0053d695,5494421
3006,0x0053d696,5494422
3007,0x0053d697,5494423
3008,0x0053d69b,5494427
3009,0x0053d69c,5494428
3010,0x0053d69d,5494429
3011,0x0053d69e,5494430
3012,0x0053d69f,5494431
3013,0x0053d6a0,5494432
3014,0x0053d6a1,5494433
3015,0x0053d6a5,5494437
3016,0x0053d6a6,5494438
3017,0x0053d6a8,5494440
3018,0x0053d6a9,5494441
3019,0x0053d6aa,5494442
3020,0x0053d6ab,5494443
3021,0x0053d6ac,5494444
3022,0x0053d6ad,5494445
3023,0x0053d6ae,5494446
3024,0x0053d6af,5494447
3025,0x0053d6b0,5494448
3026,0x0053d6b1,5494449
3027,0x0053d6b2,5494450
3028,0x0053d6b3,5494451
3029,0x0053d6b4,5494452
3030,0x0053d6b6,5494454
3031,0x0053d6b7,5494455
3032,0x0053d6b8,5494456
3033,0x0053d6b9,5494457
3034,0x0053d6ba,5494458
3035,0x0053d6bb,5494459
3036,0x0053d6bc,5494460
3037,0x0053d6bd,5494461
3038,0x0053d6be,5494462
3039,0x0053d6bf,5494463
3040,0x0053d6c0,5494464
3041,0x0053d6c2,5494466
3042,0x0053d6c4,5494468
3043,0x0053d6c5,5494469
3044,0x0053d6c6,5494470
3045,0x0053d6c7,5494471
3046,0x0053d6c8,5494472
3047,0x0053d6c9,5494473
3048,0x0053d6ca,5494474
3049,0x0053d6cb,5494475
3050,0x0053d6cc,5494476
3051,0x0053d6cd,5494477
3052,0x0053d6cf,5494479
3053,0x0053d6d0,5494480
3054,0x0053d6d1,5494481
3055,0x0053d6d2,5494482
3056,0x0053d6d3,5494483
3057,0x0053d6d4,5494484
3058,0x0053d6d5,5494485
3059,0x0053d6d6,5494486
3060,0x0053d6da,5494490
3061,0x0053d6dd,5494493
3062,0x0053d6de,5494494
3063,0x0053d6df,5494495
3064,0x0053d6e0,5494496
3065,0x0053d6e5,5494501
3066,0x0053d6e7,5494503
3067,0x0053d6e8,5494504
3068,0x0053d6e9,5494505
3069,0x0053d6ea,5494506
3070,0x0053d6ee,5494510
3071,0x0053d6ef,5494511
3072,0x0053d6f0,5494512
3073,0x0053d6f3,5494515
3074,0x0053d6f4,5494516
3075,0x0053d6f5,5494517
3076,0x0053d6f6,5494518
3077,0x0053d6f7,5494519
3078,0x0053d6f8,5494520
3079,0x0053d6f9,5494521
3080,0x0053d6fa,5494522
3081,0x0053d6fb,5494523
3082,0x0053d6fc,5494524
3083,0x0053d6fd,5494525
3084,0x0053d6fe,5494526
3085,0x0053d702,5494530
3086,0x0053d703,5494531
3087,0x0053d704,5494532
3088,0x0053d705,5494533
3089,0x0053d706,5494534
3090,0x0053d707,5494535
3091,0x0053d708,5494536
3092,0x0053d709,5494537
3093,0x0053d70c,5494540
3094,0x0053d70d,5494541
3095,0x0053d70e,5494542
3096,0x0053d711,5494545
3097,0x0053d712,5494546
3098,0x0053d714,5494548
3099,0x0053d715,5494549
3100,0x0053d716,5494550
3101,0x0053d717,5494551
3102,0x0053d718,5494552
3103,0x0053d719,5494553
3104,0x0053d71a,5494554
3105,0x0053d71b,5494555
3106,0x0053d71f,5494559
3107,0x0053d720,5494560
3108,0x0053d722,5494562
3109,0x0053d723,5494563
3110,0x0053d724,5494564
3111,0x0053d725,5494565
3112,0x0053d726,5494566
3113,0x0053d727,5494567
3114,0x0053d72a,5494570
3115,0x0053d72b,5494571
3116,0x0053d72f,5494575
3117,0x0053d730,5494576
3118,0x0053d732,5494578
3119,0x0053d733,5494579
3120,0x0053d734,5494580
3121,0x0053d735,5494581
3122,0x0053d736,5494582
3123,0x0053d73a,5494586
3124,0x0053d73c,5494588
3125,0x0053d73d,5494589
3126,0x0053d73e,5494590
3127,0x0053d73f,5494591
3128,0x0053d744,5494596
3129,0x0053d745,5494597
3130,0x0053d748,5494600
3131,0x0053d749,5494601
3132,0x0053d74a,5494602
3133,0x0053d74c,5494604
3134,0x0053d74d,5494605
3135,0x0053d74e,5494606
3136,0x0053d74f,5494607
3137,0x0053d750,5494608
3138,0x0053d751,5494609
3139,0x0053d752,5494610
3140,0x0053d753,5494611
3141,0x0053d754,5494612
3142,0x0053d755,5494613
3143,0x0053d756,5494614
3144,0x0053d757,5494615
3145,0x0053d758,5494616
3146,0x0053d759,5494617
3147,0x0053d75a,5494618
3148,0x0053d75b,5494619
3149,0x0053d75d,5494621
3150,0x0053d75e,5494622
3151,0x0053d75f,5494623
3152,0x0053d761,5494625
3153,0x0053d763,5494627
3154,0x0053d764,5494628
3155,0x0053d765,5494629
3156,0x0053d766,5494630
3157,0x0053d767,5494631
3158,0x0053d768,5494632
3159,0x0053d769,5494633
3160,0x0053d76a,5494634
3161,0x0053d76c,5494636
3162,0x0053d76d,5494637
3163,0x0053d76e,5494638
3164,0x0053d76f,5494639
3165,0x0053d770,5494640
3166,0x0053d771,5494641
3167,0x0053d772,5494642
3168,0x0053d773,5494643
3169,0x0053d774,5494644
3170,0x0053d775,5494645
3171,0x0053d776,5494646
3172,0x0053d77a,5494650
3173,0x0053d77d,5494653
3174,0x0053d77e,5494654
3175,0x0053d77f,5494655
3176,0x0053d780,5494656
3177,0x0053d784,5494660
3178,0x0053d785,5494661
3179,0x0053d786,5494662
3180,0x0053d787,5494663
3181,0x0053d788,5494664
3182,0x0053d789,5494665
3183,0x0053d78d,5494669
3184,0x0053d78e,5494670
3185,0x0053d78f,5494671
3186,0x0053d790,5494672
3187,0x0053d792,5494674
3188,0x0053d793,5494675
3189,0x0053d794,5494676
3190,0x0053d795,5494677
3191,0x0053d797,5494679
3192,0x0053d798,5494680
3193,0x0053d799,5494681
3194,0x0053d79a,5494682
3195,0x0053d79b,5494683
3196,0x0053d79c,5494684
3197,0x0053d79d,5494685
3198,0x0053d7a1,5494689
3199,0x0053d7a2,5494690
3200,0x0053d7a4,5494692
3201,0x0053d7a5,5494693
3202,0x0053d7a6,5494694
3203,0x0053d7a7,5494695
3204,0x0053d7a8,5494696
3205,0x0053d7a9,5494697
3206,0x0053d7aa,5494698
3207,0x0053d7ad,5494701
3208,0x0053d7ae,5494702
3209,0x0053d7af,5494703
3210,0x0053d7b2,5494706
3211,0x0053d7b4,5494708
3212,0x0053d7b5,5494709
3213,0x0053d7b6,5494710
3214,0x0053d7b7,5494711
3215,0x0053d7b8,5494712
3216,0x0053d7b9,5494713
3217,0x0053d7ba,5494714
3218,0x0053d7bb,5494715
3219,0x0053d7bd,5494717
3220,0x0053d7bf,5494719
3221,0x0053d7c0,5494720
3222,0x0053d7c1,5494721
3223,0x0053d7c2,5494722
3224,0x0053d7c3,5494723
3225,0x0053d7c4,5494724
3226,0x0053d7c5,5494725
3227,0x0053d7c6,5494726
3228,0x0053d7c7,5494727
3229,0x0053d7c8,5494728
3230,0x0053d7c9,5494729
3231,0x0053d7ca,5494730
3232,0x0053d7cb,5494731
3233,0x0053d7cc,5494732
3234,0x0053d7cd,5494733
3235,0x0053d7ce,5494734
3236,0x0053d7cf,5494735
3237,0x0053d7d0,5494736
3238,0x0053d7d1,5494737
3239,0x0053d7d2,5494738
3240,0x0053d7d6,5494742
3241,0x0053d7d7,5494743
3242,0x0053d7d9,5494745
3243,0x0053d7da,5494746
3244,0x0053d7db,5494747
3245,0x0053d7e0,5494752
3246,0x0053d7e1,5494753
3247,0x0053d7e2,5494754
3248,0x0053d7e5,5494757
3249,0x0053d7e6,5494758
3250,0x0053d7e7,5494759
3251,0x0053d7e9,5494761
3252,0x0053d7ea,5494762
3253,0x0053d7eb,5494763
3254,0x0053d7ec,5494764
3255,0x0053d7ed,5494765
3256,0x0053d7ee,5494766
3257,0x0053d7f0,5494768
3258,0x0053d7f1,5494769
3259,0x0053d7f2,5494770
3260,0x0053d7f3,5494771
3261,0x0053d7f4,5494772
3262,0x0053d7f5,5494773
3263,0x0053d7f6,5494774
3264,0x0053d7f7,5494775
3265,0x0053d7f8,5494776
3266,0x0053d7fa,5494778
3267,0x0053d7fb,5494779
3268,0x0053d7fc,5494780
3269,0x0053d7ff,5494783
3270,0x0053d800,5494784
3271,0x0053d801,5494785
3272,0x0053d802,5494786
3273,0x0053d803,5494787
3274,0x0053d804,5494788
3275,0x0053d805,5494789
3276,0x0053d806,5494790
3277,0x0053d807,5494791
3278,0x0053d808,5494792
3279,0x0053d80a,5494794
3280,0x0053d80b,5494795
3281,0x0053d80c,5494796
3282,0x0053d80d,5494797
3283,0x0053d80e,5494798
3284,0x0053d80f,5494799
3285,0x0053d810,5494800
3286,0x0053d811,5494801
3287,0x0053d812,5494802
3288,0x0053d814,5494804
3289,0x0053d815,5494805
3290,0x0053d81a,5494810
3291,0x0053d81d,5494813
3292,0x0053d81e,5494814
3293,0x0053d81f,5494815
3294,0x0053d820,5494816
3295,0x0053d824,5494820
3296,0x0053d826,5494822
3297,0x0053d827,5494823
3298,0x0053d828,5494824
3299,0x0053d829,5494825
3300,0x0053d82d,5494829
3301,0x0053d82f,5494831
3302,0x0053d830,5494832
3303,0x0053d832,5494834
3304,0x0053d833,5494835
3305,0x0053d834,5494836
3306,0x0053d835,5494837
3307,0x0053d836,5494838
3308,0x0053d837,5494839
3309,0x0053d838,5494840
3310,0x0053d839,5494841
3311,0x0053d83a,5494842
3312,0x0053d83b,5494843
3313,0x0053d83d,5494845
3314,0x0053d83e,5494846
3315,0x0053d83f,5494847
3316,0x0053d840,5494848
3317,0x0053d841,5494849
3318,0x0053d842,5494850
3319,0x0053d843,5494851
3320,0x0053d844,5494852
3321,0x0053d846,5494854
3322,0x0053d847,5494855
3323,0x0053d848,5494856
3324,0x0053d84b,5494859
3325,0x0053d84c,5494860
3326,0x0053d84d,5494861
3327,0x0053d84e,5494862
3328,0x0053d84f,5494863
3329,0x0053d850,5494864
3330,0x0053d851,5494865
3331,0x0053d852,5494866
3332,0x0053d853,5494867
3333,0x0053d856,5494870
3334,0x0053d857,5494871
3335,0x0053d858,5494872
3336,0x0053d859,5494873
3337,0x0053d85a,5494874
3338,0x0053d85b,5494875
3339,0x0053d85c,5494876
3340,0x0053d85d,5494877
3341,0x0053d85f,5494879
3342,0x0053d860,5494880
3343,0x0053d864,5494884
3344,0x0053d867,5494887
3345,0x0053d868,5494888
3346,0x0053d869,5494889
3347,0x0053d86a,5494890
3348,0x0053d86e,5494894
3349,0x0053d86f,5494895
3350,0x0053d870,5494896
3351,0x0053d871,5494897
3352,0x0053d872,5494898
3353,0x0053d873,5494899
3354,0x0053d878,5494904
3355,0x0053d879,5494905
3356,0x0053d87b,5494907
3357,0x0053d87c,5494908
3358,0x0053d87d,5494909
3359,0x0053d87e,5494910
3360,0x0053d87f,5494911
3361,0x0053d880,5494912
3362,0x0053d881,5494913
3363,0x0053d882,5494914
3364,0x0053d883,5494915
3365,0x0053d884,5494916
3366,0x0053d885,5494917
3367,0x0053d887,5494919
3368,0x0053d888,5494920
3369,0x0053d889,5494921
3370,0x0053d88a,5494922
3371,0x0053d88b,5494923
3372,0x0053d88c,5494924
3373,0x0053d88d,5494925
3374,0x0053d88e,5494926
3375,0x0053d88f,5494927
3376,0x0053d890,5494928
3377,0x0053d892,5494930
3378,0x0053d893,5494931
3379,0x0053d897,5494935
3380,0x0053d89a,5494938
3381,0x0053d89b,5494939
3382,0x0053d89c,5494940
3383,0x0053d89d,5494941
3384,0x0053d89e,5494942
3385,0x0053d89f,5494943
3386,0x0053d8a0,5494944
3387,0x0053d8a3,5494947
3388,0x0053d8a4,5494948
3389,0x0053d8a5,5494949
3390,0x0053d8a6,5494950
3391,0x0053d8a7,5494951
3392,0x0053d8a8,5494952
3393,0x0053d8a9,5494953
3394,0x0053d8aa,5494954
3395,0x0053d8ab,5494955
3396,0x0053d8ad,5494957
3397,0x0053d8ae,5494958
3398,0x0053d8b2,5494962
3399,0x0053d8b3,5494963
3400,0x0053d8b6,5494966
3401,0x0053d8b7,5494967
3402,0x0053d8b8,5494968
3403,0x0053d8b9,5494969
3404,0x0053d8bd,5494973
3405,0x0053d8be,5494974
3406,0x0053d8bf,5494975
3407,0x0053d8c0,5494976
3408,0x0053d8c1,5494977
3409,0x0053d8c2,5494978
3410,0x0053d8c7,5494983
3411,0x0053d8c8,5494984
3412,0x0053d8c9,5494985
3413,0x0053d8cc,5494988
3414,0x0053d8ce,5494990
3415,0x0053d8cf,5494991
3416,0x0053d8d0,5494992
3417,0x0053d8d1,5494993
3418,0x0053d8d2,5494994
3419,0x0053d8d3,5494995
3420,0x0053d8d4,5494996
3421,0x0053d8d6,5494998
3422,0x0053d8d8,5495000
3423,0x0053d8da,5495002
3424,0x0053d8db,5495003
3425,0x0053d8dc,5495004
3426,0x0053d8dd,5495005
3427,0x0053d8de,5495006
3428,0x0053d8df,5495007
3429,0x0053d8e0,5495008
3430,0x0053d8e2,5495010
3431,0x0053d8e3,5495011
3432,0x0053d8e4,5495012
3433,0x0053d8e6,5495014
3434,0x0053d8e7,5495015
3435,0x0053d8e8,5495016
3436,0x0053d8e9,5495017
3437,0x0053d8ea,5495018
3438,0x0053d8eb,5495019
3439,0x0053d8ec,5495020
3440,0x0053d8ed,5495021
3441,0x0053d8ee,5495022
3442,0x0053d8ef,5495023
3443,0x0053d8f0,5495024
3444,0x0053d8f1,5495025
3445,0x0053d8f2,5495026
3446,0x0053d8f3,5495027
3447,0x0053d8f4,5495028
3448,0x0053d8f5,5495029
3449,0x0053d8f6,5495030
3450,0x0053d8f7,5495031
3451,0x0053d8f8,5495032
3452,0x0053d8f9,5495033
3453,0x0053d8fb,5495035
3454,0x0053d8fc,5495036
3455,0x0053d900,5495040
3456,0x0053d903,5495043
3457,0x0053d904,5495044
3458,0x0053d905,5495045
3459,0x0053d906,5495046
3460,0x0053d90a,5495050
3461,0x0053d90b,5495051
3462,0x0053d90d,5495053
3463,0x0053d90e,5495054
3464,0x0053d90f,5495055
3465,0x0053d914,5495060
3466,0x0053d915,5495061
3467,0x0053d916,5495062
3468,0x0053d917,5495063
3469,0x0053d91a,5495066
3470,0x0053d91b,5495067
3471,0x0053d91c,5495068
3472,0x0053d91e,5495070
3473,0x0053d920,5495072
3474,0x0053d921,5495073
3475,0x0053d922,5495074
3476,0x0053d923,5495075
3477,0x0053d924,5495076
3478,0x0053d925,5495077
3479,0x0053d929,5495081
3480,0x0053d92a,5495082
3481,0x0053d92c,5495084
3482,0x0053d92d,5495085
3483,0x0053d92e,5495086
3484,0x0053d92f,5495087
3485,0x0053d930,5495088
3486,0x0053d931,5495089
3487,0x0053d935,5495093
3488,0x0053d936,5495094
3489,0x0053d93a,5495098
3490,0x0053d93d,5495101
3491,0x0053d93e,5495102
3492,0x0053d93f,5495103
3493,0x0053d940,5495104
3494,0x0053d941,5495105
3495,0x0053d942,5495106
3496,0x0053d943,5495107
3497,0x0053d944,5495108
3498,0x0053d946,5495110
3499,0x0053d947,5495111
3500,0x0053d948,5495112
3501,0x0053d949,5495113
3502,0x0053d94a,5495114
3503,0x0053d94b,5495115
3504,0x0053d94c,5495116
3505,0x0053d94d,5495117
3506,0x0053d94e,5495118
3507,0x0053d951,5495121
3508,0x0053d952,5495122
3509,0x0053d954,5495124
3510,0x0053d956,5495126
3511,0x0053d958,5495128
3512,0x0053d959,5495129
3513,0x0053d95a,5495130
3514,0x0053d95b,5495131
3515,0x0053d95c,5495132
3516,0x0053d95d,5495133
3517,0x0053d95e,5495134
3518,0x0053d95f,5495135
3519,0x0053d960,5495136
3520,0x0053d961,5495137
3521,0x0053d963,5495139
3522,0x0053d964,5495140
3523,0x0053d965,5495141
3524,0x0053d96a,5495146
3525,0x0053d96b,5495147
3526,0x0053d96d,5495149
3527,0x0053d96e,5495150
3528,0x0053d96f,5495151
3529,0x0053d970,5495152
3530,0x0053d972,5495154
3531,0x0053d973,5495155
3532,0x0053d974,5495156
3533,0x0053d975,5495157
3534,0x0053d976,5495158
3535,0x0053d977,5495159
3536,0x0053d978,5495160
3537,0x0053d979,5495161
3538,0x0053d97a,5495162
3539,0x0053d97b,5495163
3540,0x0053d97c,5495164
3541,0x0053d97d,5495165
3542,0x0053d97e,5495166
3543,0x0053d97f,5495167
3544,0x0053d980,5495168
3545,0x0053d981,5495169
3546,0x0053d982,5495170
3547,0x0053d983,5495171
3548,0x0053d984,5495172
3549,0x0053d985,5495173
3550,0x0053d986,5495174
3551,0x0053d987,5495175
3552,0x0053d988,5495176
3553,0x0053d989,5495177
3554,0x0053d98a,5495178
3555,0x0053d98b,5495179
3556,0x0053d98c,5495180
3557,0x0053d98d,5495181
3558,0x0053d98e,5495182
3559,0x0053d98f,5495183
3560,0x0053d990,5495184
3561,0x0053d991,5495185
3562,0x0053d992,5495186
3563,0x0053d993,5495187
3564,0x0053d995,5495189
3565,0x0053d996,5495190
3566,0x0053d997,5495191
3567,0x0053d99a,5495194
3568,0x0053d99b,5495195
3569,0x0053d99c,5495196
3570,0x0053d9a1,5495201
3571,0x0053d9a2,5495202
3572,0x0053d9a5,5495205
3573,0x0053d9a6,5495206
3574,0x0053d9a7,5495207
3575,0x0053d9a9,5495209
3576,0x0053d9aa,5495210
3577,0x0053d9ab,5495211
3578,0x0053d9ac,5495212
3579,0x0053d9ad,5495213
3580,0x0053d9ae,5495214
3581,0x0053d9af,5495215
3582,0x0053d9b0,5495216
3583,0x0053d9b1,5495217
3584,0x0053d9b2,5495218
3585,0x0053d9b3,5495219
3586,0x0053d9b4,5495220
3587,0x0053d9b5,5495221
3588,0x0053d9b6,5495222
3589,0x0053d9b7,5495223
3590,0x0053d9b8,5495224
3591,0x0053d9b9,5495225
3592,0x0053d9ba,5495226
3593,0x0053d9bb,5495227
3594,0x0053d9bc,5495228
3595,0x0053d9bd,5495229
3596,0x0053d9be,5495230
3597,0x0053d9bf,5495231
3598,0x0053d9c2,5495234
3599,0x0053d9c3,5495235
3600,0x0053d9c4,5495236
3601,0x0053d9c6,5495238
3602,0x0053d9c7,5495239
3603,0x0053d9c8,5495240
3604,0x0053d9c9,5495241
3605,0x0053d9ca,5495242
3606,0x0053d9cb,5495243
3607,0x0053d9cc,5495244
3608,0x0053d9cd,5495245
3609,0x0053d9ce,5495246
3610,0x0053d9cf,5495247
3611,0x0053d9d2,5495250
3612,0x0053d9d3,5495251
3613,0x0053d9d4,5495252
3614,0x0053d9d5,5495253
3615,0x0053d9d6,5495254
3616,0x0053d9d7,5495255
3617,0x0053d9d8,5495256
3618,0x0053d9d9,5495257
3619,0x0053d9de,5495262
3620,0x0053d9df,5495263
3621,0x0053d9e2,5495266
3622,0x0053d9e3,5495267
3623,0x0053d9e4,5495268
3624,0x0053d9e6,5495270
3625,0x0053d9e7,5495271
3626,0x0053d9e8,5495272
3627,0x0053d9e9,5495273
3628,0x0053d9ea,5495274
3629,0x0053d9eb,5495275
3630,0x0053d9ec,5495276
3631,0x0053d9ed,5495277
3632,0x0053d9ee,5495278
3633,0x0053d9ef,5495279
3634,0x0053d9f0,5495280
3635,0x0053d9f1,5495281
3636,0x0053d9f2,5495282
3637,0x0053d9f3,5495283
3638,0x0053d9f4,5495284
3639,0x0053d9f5,5495285
3640,0x0053d9f6,5495286
3641,0x0053d9f7,5495287
3642,0x0053d9f8,5495288
3643,0x0053d9f9,5495289
3644,0x0053d9fa,5495290
3645,0x0053d9fb,5495291
3646,0x0053d9fe,5495294
3647,0x0053d9ff,5495295
3648,0x0053da00,5495296
3649,0x0053da02,5495298
3650,0x0053da03,5495299
3651,0x0053da04,5495300
3652,0x0053da05,5495301
3653,0x0053da06,5495302
3654,0x0053da08,5495304
3655,0x0053da09,5495305
3656,0x0053da0a,5495306
3657,0x0053da0b,5495307
3658,0x0053da0c,5495308
3659,0x0053da0d,5495309
3660,0x0053da0e,5495310
3661,0x0053da0f,5495311
3662,0x0053da10,5495312
3663,0x0053da11,5495313
3664,0x0053da12,5495314
3665,0x0053da13,5495315
3666,0x0053da14,5495316
3667,0x0053da19,5495321
3668,0x0053da1a,5495322
3669,0x0053da1c,5495324
3670,0x0053da1d,5495325
3671,0x0053da1e,5495326
3672,0x0053da1f,5495327
3673,0x0053da21,5495329
3674,0x0053da22,5495330
3675,0x0053da23,5495331
3676,0x0053da24,5495332
3677,0x0053da25,5495333
3678,0x0053da26,5495334
3679,0x0053da27,5495335
3680,0x0053da28,5495336
3681,0x0053da29,5495337
3682,0x0053da2a,5495338
3683,0x0053da2b,5495339
3684,0x0053da2c,5495340
3685,0x0053da2d,5495341
3686,0x0053da2e,5495342
3687,0x0053da2f,5495343
3688,0x0053da30,5495344
3689,0x0053da31,5495345
3690,0x0053da32,5495346
3691,0x0053da33,5495347
3692,0x0053da34,5495348
3693,0x0053da35,5495349
3694,0x0053da36,5495350
3695,0x0053da37,5495351
3696,0x0053da38,5495352
3697,0x0053da3a,5495354
3698,0x0053da3b,5495355
3699,0x0053da3c,5495356
3700,0x0053da3d,5495357
3701,0x0053da3e,5495358
3702,0x0053da3f,5495359
3703,0x0053da40,5495360
3704,0x0053da41,5495361
3705,0x0053da42,5495362
3706,0x0053da43,5495363
3707,0x0053da44,5495364
3708,0x0053da45,5495365
3709,0x0053da46,5495366
3710,0x0053da47,5495367
3711,0x0053da48,5495368
3712,0x0053da49,5495369
3713,0x0053da4a,5495370
3714,0x0053da4c,5495372
3715,0x0053da4d,5495373
3716,0x0053da4e,5495374
3717,0x0053da4f,5495375
3718,0x0053da50,5495376
3719,0x0053da55,5495381
3720,0x0053da56,5495382
3721,0x0053da57,5495383
3722,0x0053da58,5495384
3723,0x0053da5a,5495386
3724,0x0053da5b,5495387
3725,0x0053da5c,5495388
3726,0x0053da5d,5495389
3727,0x0053da5e,5495390
3728,0x0053da5f,5495391
3729,0x0053da60,5495392
3730,0x0053da61,5495393
3731,0x0053da62,5495394
3732,0x0053da63,5495395
3733,0x0053da64,5495396
3734,0x0053da65,5495397
3735,0x0053da66,5495398
3736,0x0053da67,5495399
3737,0x0053da68,5495400
3738,0x0053da69,5495401
3739,0x0053da6a,5495402
3740,0x0053da6b,5495403
3741,0x0053da6c,5495404
3742,0x0053da6d,5495405
3743,0x0053da6e,5495406
3744,0x0053da6f,5495407
3745,0x0053da70,5495408
3746,0x0053da72,5495410
3747,0x0053da73,5495411
3748,0x0053da74,5495412
3749,0x0053da76,5495414
3750,0x0053da78,5495416
3751,0x0053da79,5495417
3752,0x0053da7a,5495418
3753,0x0053da7b,5495419
3754,0x0053da7c,5495420
3755,0x0053da7d,5495421
3756,0x0053da7e,5495422
3757,0x0053da7f,5495423
3758,0x0053da80,5495424
3759,0x0053da81,5495425
3760,0x0053da82,5495426
3761,0x0053da83,5495427
3762,0x0053da84,5495428
3763,0x0053da85,5495429
3764,0x0053da86,5495430
3765,0x0053da87,5495431
3766,0x0053da88,5495432
3767,0x0053da89,5495433
3768,0x0053da8a,5495434
3769,0x0053da8b,5495435
3770,0x0053da90,5495440
3771,0x0053da91,5495441
3772,0x0053da92,5495442
3773,0x0053da94,5495444
3774,0x0053da95,5495445
3775,0x0053da96,5495446
3776,0x0053da97,5495447
3777,0x0053da98,5495448
3778,0x0053da99,5495449
3779,0x0053da9a,5495450
3780,0x0053da9b,5495451
3781,0x0053da9c,5495452
3782,0x0053da9d,5495453
3783,0x0053da9e,5495454
3784,0x0053da9f,5495455
3785,0x0053daa0,5495456
3786,0x0053daa1,5495457
3787,0x0053daa2,5495458
3788,0x0053daa3,5495459
3789,0x0053daa4,5495460
3790,0x0053daa5,5495461
3791,0x0053daa6,5495462
3792,0x0053daa7,5495463
3793,0x0053daa8,5495464
3794,0x0053daa9,5495465
3795,0x0053daaa,5495466
3796,0x0053daab,5495467
3797,0x0053daac,5495468
3798,0x0053daae,5495470
3799,0x0053daaf,5495471
3800,0x0053dab2,5495474
3801,0x0053dab3,5495475
3802,0x0053dab5,5495477
3803,0x0053dab6,5495478
3804,0x0053dab7,5495479
3805,0x0053dab8,5495480
3806,0x0053dab9,5495481
3807,0x0053daba,5495482
3808,0x0053dabb,5495483
3809,0x0053dabe,5495486
3810,0x0053dabf,5495487
3811,0x0053dac1,5495489
3812,0x0053dac2,5495490
3813,0x0053dac3,5495491
3814,0x0053dac4,5495492
3815,0x0053dac5,5495493
3816,0x0053dac6,5495494
3817,0x0053dac7,5495495
3818,0x0053dacb,5495499
3819,0x0053dacc,5495500
3820,0x0053dacd,5495501
3821,0x0053dace,5495502
3822,0x0053dad0,5495504
3823,0x0053dad1,5495505
3824,0x0053dad2,5495506
3825,0x0053dad3,5495507
3826,0x0053dad4,5495508
3827,0x0053dad5,5495509
3828,0x0053dad6,5495510
3829,0x0053dad7,5495511
3830,0x0053dad8,5495512
3831,0x0053dad9,5495513
3832,0x0053dada,5495514
3833,0x0053dadb,5495515
3834,0x0053dadc,5495516
3835,0x0053dadd,5495517
3836,0x0053dade,5495518
3837,0x0053dae0,5495520
3838,0x0053dae1,5495521
3839,0x0053dae2,5495522
3840,0x0053dae3,5495523
3841,0x0053dae4,5495524
3842,0x0053dae5,5495525
3843,0x0053dae6,5495526
3844,0x0053dae7,5495527
3845,0x0053dae8,5495528
3846,0x0053dae9,5495529
3847,0x0053daeb,5495531
3848,0x0053daec,5495532
3849,0x0053daed,5495533
3850,0x0053daee,5495534
3851,0x0053daef,5495535
3852,0x0053daf0,5495536
3853,0x0053daf1,5495537
3854,0x0053daf2,5495538
3855,0x0053daf4,5495540
3856,0x0053daf5,5495541
3857,0x0053daf6,5495542
3858,0x0053daf7,5495543
3859,0x0053daf8,5495544
3860,0x0053daf9,5495545
3861,0x0053dafa,5495546
3862,0x0053dafb,5495547
3863,0x0053dafc,5495548
3864,0x0053dafd,5495549
3865,0x0053dafe,5495550
3866,0x0053daff,5495551
3867,0x0053db00,5495552
3868,0x0053db01,5495553
3869,0x0053db06,5495558
3870,0x0053db07,5495559
3871,0x0053db0a,5495562
3872,0x0053db0b,5495563
3873,0x0053db0c,5495564
3874,0x0053db0d,5495565
3875,0x0053db0e,5495566
3876,0x0053db0f,5495567
3877,0x0053db10,5495568
3878,0x0053db11,5495569
3879,0x0053db12,5495570
3880,0x0053db13,5495571
3881,0x0053db14,5495572
3882,0x0053db15,5495573
3883,0x0053db16,5495574
3884,0x0053db17,5495575
3885,0x0053db18,5495576
3886,0x0053db19,5495577
3887,0x0053db1a,5495578
3888,0x0053db1b,5495579
3889,0x0053db1c,5495580
3890,0x0053db1d,5495581
3891,0x0053db1e,5495582
3892,0x0053db1f,5495583
3893,0x0053db20,5495584
3894,0x0053db21,5495585
3895,0x0053db22,5495586
3896,0x0053db24,5495588
3897,0x0053db25,5495589
3898,0x0053db29,5495593
3899,0x0053db2a,5495594
3900,0x0053db2c,5495596
3901,0x0053db2d,5495597
3902,0x0053db2e,5495598
3903,0x0053db2f,5495599
3904,0x0053db30,5495600
3905,0x0053db31,5495601
3906,0x0053db32,5495602
3907,0x0053db35,5495605
3908,0x0053db36,5495606
3909,0x0053db38,5495608
3910,0x0053db39,5495609
3911,0x0053db3a,5495610
3912,0x0053db3b,5495611
3913,0x0053db3c,5495612
3914,0x0053db3d,5495613
3915,0x0053db41,5495617
3916,0x0053db42,5495618
3917,0x0053db43,5495619
3918,0x0053db46,5495622
3919,0x0053db47,5495623
3920,0x0053db48,5495624
3921,0x0053db49,5495625
3922,0x0053db4a,5495626
3923,0x0053db4b,5495627
3924,0x0053db4c,5495628
3925,0x0053db4d,5495629
3926,0x0053db4e,5495630
3927,0x0053db4f,5495631
3928,0x0053db50,5495632
3929,0x0053db51,5495633
3930,0x0053db52,5495634
3931,0x0053db53,5495635
3932,0x0053db54,5495636
3933,0x0053db55,5495637
3934,0x0053db56,5495638
3935,0x0053db57,5495639
3936,0x0053db58,5495640
3937,0x0053db59,5495641
3938,0x0053db5a,5495642
3939,0x0053db5b,5495643
3940,0x0053db5c,5495644
3941,0x0053db5d,5495645
3942,0x0053db5e,5495646
3943,0x0053db60,5495648
3944,0x0053db61,5495649
3945,0x0053db64,5495652
3946,0x0053db65,5495653
3947,0x0053db66,5495654
3948,0x0053db67,5495655
3949,0x0053db68,5495656
3950,0x0053db69,5495657
3951,0x0053db6a,5495658
3952,0x0053db6b,5495659
3953,0x0053db6c,5495660
3954,0x0053db6d,5495661
3955,0x0053db6e,5495662
3956,0x0053db71,5495665
3957,0x0053db72,5495666
3958,0x0053db74,5495668
3959,0x0053db75,5495669
3960,0x0053db76,5495670
3961,0x0053db77,5495671
3962,0x0053db78,5495672
3963,0x0053db79,5495673
3964,0x0053db7c,5495676
3965,0x0053db7d,5495677
3966,0x0053db7f,5495679
3967,0x0053db80,5495680
3968,0x0053db81,5495681
3969,0x0053db82,5495682
3970,0x0053db83,5495683
3971,0x0053db84,5495684
3972,0x0053db85,5495685
3973,0x0053db86,5495686
3974,0x0053db87,5495687
3975,0x0053db88,5495688
3976,0x0053db89,5495689
3977,0x0053db8a,5495690
3978,0x0053db8b,5495691
3979,0x0053db8c,5495692
3980,0x0053db8d,5495693
3981,0x0053db8e,5495694
3982,0x0053db8f,5495695
3983,0x0053db92,5495698
3984,0x0053db93,5495699
3985,0x0053db94,5495700
3986,0x0053db95,5495701
3987,0x0053db96,5495702
3988,0x0053db97,5495703
3989,0x0053db98,5495704
3990,0x0053db99,5495705
3991,0x0053db9a,5495706
3992,0x0053db9d,5495709
3993,0x0053db9e,5495710
3994,0x0053dba0,5495712
3995,0x0053dba1,5495713
3996,0x0053dba2,5495714
3997,0x0053dba3,5495715
3998,0x0053dba4,5495716
3999,0x0053dba5,5495717
4000,0x0053dba6,5495718
4001,0x0053dba7,5495719
4002,0x0053dba8,5495720
4003,0x0053dba9,5495721
4004,0x0053dbab,5495723
4005,0x0053dbac,5495724
4006,0x0053dbad,5495725
4007,0x0053dbae,5495726
4008,0x0053dbaf,5495727
4009,0x0053dbb0,5495728
4010,0x0053dbb1,5495729
4011,0x0053dbb2,5495730
4012,0x0053dbb7,5495735
4013,0x0053dbb8,5495736
4014,0x0053dbba,5495738
4015,0x0053dbbb,5495739
4016,0x0053dbbc,5495740
4017,0x0053dbbd,5495741
4018,0x0053dbbe,5495742
4019,0x0053dbbf,5495743
4020,0x0053dbc0,5495744
4021,0x0053dbc1,5495745
4022,0x0053dbc2,5495746
4023,0x0053dbc3,5495747
4024,0x0053dbc4,5495748
4025,0x0053dbc5,5495749
4026,0x0053dbc6,5495750
4027,0x0053dbc7,5495751
4028,0x0053dbc8,5495752
4029,0x0053dbc9,5495753
4030,0x0053dbca,5495754
4031,0x0053dbcb,5495755
4032,0x0053dbcd,5495757
4033,0x0053dbce,5495758
4034,0x0053dbcf,5495759
4035,0x0053dbd0,5495760
4036,0x0053dbd1,5495761
4037,0x0053dbd2,5495762
4038,0x0053dbd3,5495763
4039,0x0053dbd4,5495764
4040,0x0053dbd5,5495765
4041,0x0053dbd6,5495766
4042,0x0053dbd7,5495767
4043,0x0053dbd8,5495768
4044,0x0053dbd9,5495769
4045,0x0053dbda,5495770
4046,0x0053dbdd,5495773
4047,0x0053dbde,5495774
4048,0x0053dbdf,5495775
4049,0x0053dbe0,5495776
4050,0x0053dbe1,5495777
4051,0x0053dbe2,5495778
4052,0x0053dbe3,5495779
4053,0x0053dbe4,5495780
4054,0x0053dbe5,5495781
4055,0x0053dbe6,5495782
4056,0x0053dbe7,5495783
4057,0x0053dbe8,5495784
4058,0x0053dbe9,5495785
4059,0x0053dbee,5495790
4060,0x0053dbef,5495791
4061,0x0053dbf0,5495792
4062,0x0053dbf2,5495794
4063,0x0053dbf3,5495795
4064,0x0053dbf4,5495796
4065,0x0053dbf6,5495798
4066,0x0053dbf7,5495799
4067,0x0053dbf8,5495800
4068,0x0053dbf9,5495801
4069,0x0053dbfa,5495802
4070,0x0053dbfb,5495803
4071,0x0053dbfc,5495804
4072,0x0053dbfd,5495805
4073,0x0053dbfe,5495806
4074,0x0053dbff,5495807
4075,0x0053dc02,5495810
4076,0x0053dc03,5495811
4077,0x0053dc04,5495812
4078,0x0053dc05,5495813
4079,0x0053dc06,5495814
4080,0x0053dc07,5495815
4081,0x0053dc08,5495816
4082,0x0053dc09,5495817
4083,0x0053dc0a,5495818
4084,0x0053dc0b,5495819
4085,0x0053dc0c,5495820
4086,0x0053dc0d,5495821
4087,0x0053dc0e,5495822
4088,0x0053dc10,5495824
4089,0x0053dc11,5495825
4090,0x0053dc13,5495827
4091,0x0053dc14,5495828
4092,0x0053dc15,5495829
4093,0x0053dc17,5495831
4094,0x0053dc18,5495832
4095,0x0053dc19,5495833
