0,0x00000000,0
1,0x00000000,0
2,0x00000000,0
3,0x00000000,0
4,0x00000000,0
5,0x00000000,0
6,0x00000000,0
7,0x00000000,0
8,0x00000000,0
9,0x00000000,0
10,0x00000000,0
11,0x00000000,0
12,0x00000000,0
13,0x00000000,0
14,0x00000000,0
15,0x00000000,0
16,0x00000000,0
17,0x00000000,0
18,0x00000000,0
19,0x00000000,0
20,0x00000000,0
21,0x00000000,0
22,0x00000000,0
23,0x00000000,0
24,0x00000000,0
25,0x00000000,0
26,0x00000000,0
27,0x00000000,0
28,0x00000000,0
29,0x00000000,0
30,0x00000000,0
31,0x00000000,0
32,0x00000000,0
33,0x00000000,0
34,0x00000000,0
35,0x00000000,0
36,0x00000000,0
37,0x00000000,0
38,0x00000000,0
39,0x00000000,0
40,0x00000000,0
41,0x00000000,0
42,0x00000000,0
43,0x00000000,0
44,0x00000000,0
45,0x00000000,0
46,0x00000000,0
47,0x00000000,0
48,0x00000000,0
49,0x00000000,0
50,0x00000000,0
51,0x00000000,0
52,0x00000000,0
53,0x00000000,0
54,0x00000000,0
55,0x00000000,0
56,0x00000000,0
57,0x00000000,0
58,0x00000000,0
59,0x00000000,0
60,0x0000013c,316
61,0x00000000,0
62,0x00000000,0
63,0x00000000,0
64,0x00000000,0
65,0x00000000,0
66,0x012927e6,19474406
67,0x00000000,0
68,0x00000000,0
69,0x00000000,0
70,0x0000009a,154
71,0x00000000,0
72,0x00000000,0
73,0x00000000,0
74,0x0000217d,8573
75,0x0000007e,126
76,0x00000000,0
77,0x00000000,0
78,0x00029fd5,171989
79,0x00000000,0
80,0x00000000,0
81,0x00000000,0
82,0x00000000,0
83,0x000001d3,467
84,0x00000000,0
85,0x00000000,0
86,0x00000156,342
87,0x00000000,0
88,0x00000028,40
89,0x00000000,0
90,0x000000a2,162
91,0x00000000,0
92,0x00000039,57
93,0x00000000,0
94,0x00000001,1
95,0x00000000,0
96,0x0000110d,4365
97,0x00000000,0
98,0x00000000,0
99,0x00000000,0
100,0x00000000,0
101,0x00000001,1
102,0x00000000,0
103,0x00000000,0
104,0x00000000,0
105,0x0000002b,43
106,0x00000000,0
107,0x00000000,0
108,0x00000000,0
109,0x00000036,54
110,0x00000000,0
111,0x00000000,0
112,0x00000000,0
113,0x0000004d,77
114,0x00000004,4
115,0x00000004,4
116,0x00000001,1
117,0x00000000,0
118,0x00000000,0
119,0x00000001,1
120,0x00000000,0
121,0x00000000,0
122,0x00000ee7,3815
123,0x0000000a,10
124,0x00000008,8
125,0x00000007,7
126,0x00000002,2
127,0x00000002,2
128,0x00000000,0
129,0x00000035,53
130,0x00000004,4
131,0x00000044,68
132,0x00000008,8
133,0x0000000a,10
134,0x00000001,1
135,0x000f10e2,987362
136,0x00000000,0
137,0x00000000,0
138,0x00000000,0
139,0x00000000,0
140,0x00000000,0
141,0x00000000,0
142,0x00000000,0
143,0x00000000,0
144,0x0000007a,122
145,0x00000000,0
146,0x00000000,0
147,0x00000000,0
148,0x00000004,4
149,0x00000000,0
150,0x00000000,0
151,0x00000000,0
152,0x0000069c,1692
153,0x00000000,0
154,0x00000000,0
155,0x00000000,0
156,0x00000000,0
157,0x00000000,0
158,0x00000000,0
159,0x00000000,0
160,0x00000037,55
161,0x00000044,68
162,0x00000002,2
163,0x00000001,1
164,0x0009eddb,650715
165,0x00000010,16
166,0x00000000,0
167,0x00000000,0
168,0x00000000,0
169,0x00000000,0
170,0x00000001,1
171,0x00000026,38
172,0x000011b0,4528
173,0x000913ff,594943
174,0x000923dc,599004
175,0x00000000,0
176,0x00000000,0
177,0x00053675,341621
178,0x0000015d,349
179,0x00000000,0
180,0x00000000,0
181,0x00000134,308
182,0x00000000,0
183,0x00000001,1
184,0x00000000,0
185,0x00000000,0
186,0x00000000,0
187,0x00000000,0
188,0x00000001,1
189,0x00000340,832
190,0x0000039b,923
191,0x0000039c,924
192,0x00000000,0
193,0x00000000,0
194,0x000000e6,230
195,0x00000000,0
196,0x00000000,0
197,0x00000000,0
198,0x0000001a,26
199,0x00000014,20
200,0x00000000,0
201,0x00000000,0
202,0x00000000,0
203,0x00000000,0
204,0x00000000,0
205,0x00000000,0
206,0x00000000,0
207,0x00000000,0
208,0x0000000d,13
209,0x00000033,51
210,0x000008d3,2259
211,0x0004898b,297355
212,0x000492aa,299690
213,0x00000000,0
214,0x00000000,0
215,0x00000000,0
216,0x00000000,0
217,0x00000000,0
218,0x00000001,1
219,0x0000001c,28
220,0x00000bbb,3003
221,0x00024b9f,150431
222,0x00048c36,298038
223,0x00024939,149817
224,0x00000000,0
225,0x00000000,0
226,0x00000000,0
227,0x00000001,1
228,0x00000039,57
229,0x00000048,72
230,0x00000000,0
231,0x00000000,0
232,0x00000000,0
233,0x00000179,377
234,0x00000001,1
235,0x00000001,1
236,0x00000001,1
237,0x00000001,1
238,0x00000014,20
239,0x00000055,85
240,0x00000022,34
241,0x00000000,0
242,0x00000000,0
243,0x00000000,0
244,0x00000000,0
245,0x00000000,0
246,0x000028fa,10490
247,0x00000000,0
248,0x00000000,0
249,0x00000000,0
250,0x00000001,1
251,0x00000009,9
252,0x00000003,3
253,0x00000001,1
254,0x00000000,0
255,0x00000000,0
256,0x00000000,0
257,0x00000000,0
258,0x00000001,1
259,0x000000b6,182
260,0x00000001,1
261,0x00000000,0
262,0x00000002,2
263,0x00000000,0
264,0x00000001,1
265,0x00000000,0
266,0x00000000,0
267,0x00000005,5
268,0x00000004,4
269,0x00000003,3
270,0x00000000,0
271,0x00000000,0
272,0x00000000,0
273,0x00000000,0
274,0x00000000,0
275,0x00000000,0
276,0x00000000,0
277,0x00000000,0
278,0x00000000,0
279,0x00000000,0
280,0x00000000,0
281,0x00000003,3
282,0x00000000,0
283,0x00000000,0
284,0x00000001,1
285,0x00000000,0
286,0x00000000,0
287,0x00000000,0
288,0x00000012,18
289,0x00000022,34
290,0x00000019,25
291,0x00000009,9
292,0x0000000d,13
293,0x00000004,4
294,0x00000000,0
295,0x00000000,0
296,0x00000000,0
297,0x00000003,3
298,0x00000003,3
299,0x00000031,49
300,0x00000dec,3564
301,0x00038515,230677
302,0x0007685f,485471
303,0x00046c0b,289803
304,0x00017cd8,97496
305,0x00021265,135781
306,0x00010847,67655
307,0x0000000f,15
308,0x00000017,23
309,0x0000000c,12
310,0x00000001,1
311,0x00000002,2
312,0x0000000e,14
313,0x000002a1,673
314,0x0000a86d,43117
315,0x00014da4,85412
316,0x0000a8c6,43206
317,0x00000051,81
318,0x00000027,39
319,0x00000004,4
320,0x00000004,4
321,0x00000000,0
322,0x00000001,1
323,0x00000000,0
324,0x00000000,0
325,0x00000000,0
326,0x00000000,0
327,0x00000000,0
328,0x00000009,9
329,0x0000000b,11
330,0x00000009,9
331,0x00000004,4
332,0x00000002,2
333,0x00000000,0
334,0x00000000,0
335,0x00000000,0
336,0x00000000,0
337,0x00000000,0
338,0x00000000,0
339,0x00000000,0
340,0x00000000,0
341,0x00000000,0
342,0x00000001,1
343,0x00000000,0
344,0x0000014b,331
345,0x00000045,69
346,0x00000048,72
347,0x0000007b,123
348,0x00000097,151
349,0x0000003f,63
350,0x0000000e,14
351,0x00000013,19
352,0x00000002,2
353,0x00000000,0
354,0x00000000,0
355,0x00000000,0
356,0x00000000,0
357,0x000000b7,183
358,0x00000000,0
359,0x00000000,0
360,0x00000000,0
361,0x00000000,0
362,0x00000000,0
363,0x00000000,0
364,0x00000059,89
365,0x0000005a,90
366,0x00000000,0
367,0x00000000,0
368,0x00000000,0
369,0x0000003c,60
370,0x00000042,66
371,0x00000006,6
372,0x00000000,0
373,0x00000000,0
374,0x00000000,0
375,0x00000004,4
376,0x00000000,0
377,0x00000000,0
378,0x00000000,0
379,0x00000000,0
380,0x00000008,8
381,0x00000000,0
382,0x00000000,0
383,0x00000000,0
384,0x00000000,0
385,0x00000000,0
386,0x00000000,0
387,0x00000000,0
388,0x00000000,0
389,0x00000000,0
390,0x00000000,0
391,0x00000000,0
392,0x00000000,0
393,0x00000000,0
394,0x00000000,0
395,0x00000000,0
396,0x00000000,0
397,0x00000000,0
398,0x00000000,0
399,0x00000000,0
400,0x000000a2,162
401,0x00000002,2
402,0x00000000,0
403,0x00000000,0
404,0x00000000,0
405,0x00000000,0
406,0x00000000,0
407,0x00000000,0
408,0x00000000,0
409,0x00000001,1
410,0x00000002,2
411,0x00000001,1
412,0x00000001,1
413,0x00000186,390
414,0x00000000,0
415,0x00000000,0
416,0x00000000,0
417,0x00000000,0
418,0x00000000,0
419,0x00000000,0
420,0x00000000,0
421,0x00000000,0
422,0x00000000,0
423,0x00000000,0
424,0x00000000,0
425,0x00000000,0
426,0x00000000,0
427,0x00000000,0
428,0x00000000,0
429,0x00000000,0
430,0x00000002,2
431,0x00000002,2
432,0x00000000,0
433,0x00000007,7
434,0x0000000a,10
435,0x00000009,9
436,0x00000009,9
437,0x00000004,4
438,0x00000001,1
439,0x00000001,1
440,0x00000000,0
441,0x00000000,0
442,0x00000000,0
443,0x00000002,2
444,0x00000007,7
445,0x00000006,6
446,0x0000000b,11
447,0x00000006,6
448,0x00000001,1
449,0x00000001,1
450,0x00000001,1
451,0x00000000,0
452,0x00000000,0
453,0x00000000,0
454,0x00000017,23
455,0x00000000,0
456,0x00000002,2
457,0x00000013,19
458,0x00000004,4
459,0x00000001,1
460,0x00000002,2
461,0x00000001,1
462,0x00000000,0
463,0x00000000,0
464,0x00000000,0
465,0x00000000,0
466,0x0000000c,12
467,0x00000000,0
468,0x00000000,0
469,0x00000010,16
470,0x00000000,0
471,0x00000001,1
472,0x00000000,0
473,0x00000000,0
474,0x00000000,0
475,0x00000000,0
476,0x00000000,0
477,0x00000000,0
478,0x00000000,0
479,0x00000000,0
480,0x00000000,0
481,0x00000000,0
482,0x00000000,0
483,0x00000000,0
484,0x00000000,0
485,0x00000000,0
486,0x00000000,0
487,0x00000008,8
488,0x00000000,0
489,0x00000000,0
490,0x00000000,0
491,0x00000000,0
492,0x00000000,0
493,0x00000000,0
494,0x00000000,0
495,0x00000000,0
496,0x00000000,0
497,0x00000000,0
498,0x00000000,0
499,0x00000000,0
500,0x00000000,0
501,0x00000000,0
502,0x00000000,0
503,0x00000000,0
504,0x00000000,0
505,0x00000000,0
506,0x00000000,0
507,0x00000000,0
508,0x00000000,0
509,0x00000000,0
510,0x00000000,0
511,0x00000004,4
512,0x00000002,2
513,0x00000003,3
514,0x00000004,4
515,0x00000002,2
516,0x00000002,2
517,0x00000001,1
518,0x00000000,0
519,0x00000000,0
520,0x00000002,2
521,0x0000005e,94
522,0x000001b6,438
523,0x00003302,13058
524,0x000077a6,30630
525,0x000088b9,35001
526,0x000f5216,1004054
527,0x0000a100,41216
528,0x00006795,26517
529,0x0000550f,21775
530,0x0000351e,13598
531,0x00000ab9,2745
532,0x00000001,1
533,0x00000003,3
534,0x0000006a,106
535,0x0000018b,395
536,0x000034da,13530
537,0x000068c0,26816
538,0x00006b16,27414
539,0x0000997f,39295
540,0x000066fc,26364
541,0x00003244,12868
542,0x00002f2a,12074
543,0x000018e5,6373
544,0x00000020,32
545,0x00000001,1
546,0x00000003,3
547,0x0000000a,10
548,0x00000022,34
549,0x000003bd,957
550,0x00000742,1858
551,0x00000747,1863
552,0x00000c03,3075
553,0x00000d4c,3404
554,0x00000964,2404
555,0x00000971,2417
556,0x000004ad,1197
557,0x00000001,1
558,0x00000000,0
559,0x00000000,0
560,0x00000000,0
561,0x00000000,0
562,0x00000000,0
563,0x00000000,0
564,0x00000000,0
565,0x00000000,0
566,0x00000000,0
567,0x00000000,0
568,0x00000000,0
569,0x00000000,0
570,0x00000000,0
571,0x00000000,0
572,0x00000000,0
573,0x00000000,0
574,0x00000000,0
575,0x00000000,0
576,0x00000000,0
577,0x00000000,0
578,0x00000000,0
579,0x00000000,0
580,0x00000000,0
581,0x00000000,0
582,0x00000206,518
583,0x00000000,0
584,0x00000000,0
585,0x00000000,0
586,0x00000000,0
587,0x00000000,0
588,0x00000000,0
589,0x00000000,0
590,0x00000000,0
591,0x00000000,0
592,0x00000000,0
593,0x00000000,0
594,0x00000000,0
595,0x00000048,72
596,0x00000000,0
597,0x00000000,0
598,0x00000000,0
599,0x00000000,0
600,0x00000000,0
601,0x00000000,0
602,0x00000000,0
603,0x00000000,0
604,0x00000000,0
605,0x00000000,0
606,0x00000000,0
607,0x00000000,0
608,0x00000000,0
609,0x00000000,0
610,0x00000000,0
611,0x00000001,1
612,0x00000005,5
613,0x00000009,9
614,0x00000008,8
615,0x0000000d,13
616,0x00000011,17
617,0x0000000f,15
618,0x00000003,3
619,0x00000000,0
620,0x00000003,3
621,0x00000001,1
622,0x00000001,1
623,0x00000000,0
624,0x000001b3,435
625,0x00000000,0
626,0x00000000,0
627,0x00000000,0
628,0x00000001,1
629,0x00000000,0
630,0x00000000,0
631,0x00000000,0
632,0x00000000,0
633,0x00000000,0
634,0x00000000,0
635,0x00000000,0
636,0x00000000,0
637,0x00000036,54
638,0x00000000,0
639,0x00000000,0
640,0x00000000,0
641,0x00000000,0
642,0x00000000,0
643,0x00000002,2
644,0x00000000,0
645,0x00000000,0
646,0x00000000,0
647,0x00000000,0
648,0x00000000,0
649,0x00000000,0
650,0x00000000,0
651,0x00000000,0
652,0x00000000,0
653,0x00000000,0
654,0x00000000,0
655,0x00000001,1
656,0x00000003,3
657,0x00000004,4
658,0x00000007,7
659,0x00000007,7
660,0x00000006,6
661,0x00000002,2
662,0x00000004,4
663,0x00000001,1
664,0x00000000,0
665,0x00000001,1
666,0x00000001,1
667,0x00000003,3
668,0x00000006,6
669,0x00000004,4
670,0x00000003,3
671,0x00000000,0
672,0x00000002,2
673,0x00000000,0
674,0x00000001,1
675,0x00000000,0
676,0x00000000,0
677,0x00000000,0
678,0x00000000,0
679,0x00000003,3
680,0x00000180,384
681,0x00000001,1
682,0x00000001,1
683,0x00000002,2
684,0x00000001,1
685,0x000002e3,739
686,0x00000001,1
687,0x00000001,1
688,0x00000001,1
689,0x00000000,0
690,0x00000000,0
691,0x00000000,0
692,0x00000000,0
693,0x0000004e,78
694,0x00000000,0
695,0x00000000,0
696,0x00000000,0
697,0x00000001,1
698,0x00000066,102
699,0x00000001,1
700,0x00000001,1
701,0x00000000,0
702,0x00000000,0
703,0x00000000,0
704,0x00000000,0
705,0x00000001,1
706,0x00000000,0
707,0x00000000,0
708,0x00000000,0
709,0x00000000,0
710,0x00000000,0
711,0x00000000,0
712,0x00000001,1
713,0x00000000,0
714,0x00000000,0
715,0x00000000,0
716,0x00000000,0
717,0x00000001,1
718,0x00000000,0
719,0x00000000,0
720,0x00000000,0
721,0x00000000,0
722,0x00000000,0
723,0x00000000,0
724,0x00000000,0
725,0x00000000,0
726,0x00000000,0
727,0x00000000,0
728,0x00000000,0
729,0x00000000,0
730,0x00000000,0
731,0x00000000,0
732,0x00000000,0
733,0x00000001,1
734,0x00000002,2
735,0x00000001,1
736,0x00000003,3
737,0x00000002,2
738,0x00000001,1
739,0x00000001,1
740,0x00000002,2
741,0x0000005b,91
742,0x00000010,16
743,0x00000035,53
744,0x000000a1,161
745,0x00000910,2320
746,0x000023a2,9122
747,0x00003818,14360
748,0x00003bfb,15355
749,0x0000564a,22090
750,0x00007037,28727
751,0x000053f3,21491
752,0x00003a2a,14890
753,0x000036b2,14002
754,0x00002146,8518
755,0x00000776,1910
756,0x00000080,128
757,0x000000e9,233
758,0x0000139a,5018
759,0x00003baf,15279
760,0x000042c0,17088
761,0x00003e9b,16027
762,0x00006f36,28470
763,0x000073bf,29631
764,0x00003ebb,16059
765,0x000034ee,13550
766,0x00003340,13120
767,0x0000126d,4717
768,0x000000a3,163
769,0x0000000d,13
770,0x0000001e,30
771,0x000001b6,438
772,0x0000054f,1359
773,0x00000552,1362
774,0x000006ba,1722
775,0x00000e6a,3690
776,0x00000ead,3757
777,0x00000884,2180
778,0x00000942,2370
779,0x00000984,2436
780,0x000002f7,759
781,0x0000000c,12
782,0x00000005,5
783,0x000000c5,197
784,0x00000051,81
785,0x00000118,280
786,0x00000120,288
787,0x00000161,353
788,0x000002e6,742
789,0x000002df,735
790,0x000001dc,476
791,0x000001fa,506
792,0x00000211,529
793,0x000000c0,192
794,0x00000001,1
795,0x00000000,0
796,0x00000039,57
797,0x00000000,0
798,0x00000000,0
799,0x00000000,0
800,0x00000001,1
801,0x00000000,0
802,0x00000001,1
803,0x00000000,0
804,0x00000000,0
805,0x00000002,2
806,0x00000000,0
807,0x00000000,0
808,0x00000000,0
809,0x00000000,0
810,0x00000000,0
811,0x00000000,0
812,0x00000000,0
813,0x00000000,0
814,0x00000000,0
815,0x00000000,0
816,0x00000000,0
817,0x00000000,0
818,0x00000000,0
819,0x00000000,0
820,0x00000000,0
821,0x00000000,0
822,0x00000002,2
823,0x00000000,0
824,0x00000000,0
825,0x00000000,0
826,0x00000000,0
827,0x00000000,0
828,0x00000000,0
829,0x00000000,0
830,0x00000012,18
831,0x0000000c,12
832,0x00000000,0
833,0x00000000,0
834,0x00000000,0
835,0x00000000,0
836,0x00000000,0
837,0x00000000,0
838,0x00000000,0
839,0x00000075,117
840,0x00000000,0
841,0x00000000,0
842,0x00000000,0
843,0x00000000,0
844,0x00000000,0
845,0x00000000,0
846,0x00000000,0
847,0x00000000,0
848,0x00000000,0
849,0x00000000,0
850,0x00000000,0
851,0x00000000,0
852,0x000000af,175
853,0x00000000,0
854,0x00000000,0
855,0x00000000,0
856,0x00000000,0
857,0x00000000,0
858,0x00000000,0
859,0x00000000,0
860,0x00000000,0
861,0x00000000,0
862,0x00000000,0
863,0x00000000,0
864,0x00000000,0
865,0x00000000,0
866,0x00000001,1
867,0x00000001,1
868,0x00000001,1
869,0x00000000,0
870,0x00000000,0
871,0x00000000,0
872,0x00000000,0
873,0x00000000,0
874,0x00000000,0
875,0x00000000,0
876,0x00000000,0
877,0x00000000,0
878,0x00000000,0
879,0x00000002,2
880,0x00000006,6
881,0x0000000b,11
882,0x0000000d,13
883,0x00000015,21
884,0x0000000d,13
885,0x00000017,23
886,0x00000013,19
887,0x00000004,4
888,0x00000003,3
889,0x00000000,0
890,0x00000001,1
891,0x00000002,2
892,0x00000000,0
893,0x00000002,2
894,0x00000004,4
895,0x00000003,3
896,0x00000002,2
897,0x00000000,0
898,0x00000000,0
899,0x00000000,0
900,0x00000000,0
901,0x00000000,0
902,0x00000001,1
903,0x00000006,6
904,0x00000000,0
905,0x00000000,0
906,0x00000001,1
907,0x00000004,4
908,0x00000000,0
909,0x00000001,1
910,0x00000001,1
911,0x00000000,0
912,0x00000000,0
913,0x00000000,0
914,0x00000000,0
915,0x00000001,1
916,0x00000000,0
917,0x00000000,0
918,0x00000001,1
919,0x00000000,0
920,0x00000000,0
921,0x00000000,0
922,0x00000000,0
923,0x00000000,0
924,0x00000000,0
925,0x00000000,0
926,0x00000000,0
927,0x00000000,0
928,0x00000000,0
929,0x00000000,0
930,0x00000000,0
931,0x00000000,0
932,0x00000001,1
933,0x00000000,0
934,0x00000000,0
935,0x00000000,0
936,0x00000001,1
937,0x00000000,0
938,0x00000000,0
939,0x00000000,0
940,0x00000000,0
941,0x00000000,0
942,0x00000000,0
943,0x00000000,0
944,0x00000000,0
945,0x00000000,0
946,0x00000000,0
947,0x00000000,0
948,0x00000000,0
949,0x00000000,0
950,0x00000000,0
951,0x00000000,0
952,0x00000000,0
953,0x00000000,0
954,0x00000000,0
955,0x00000000,0
956,0x00000001,1
957,0x00000000,0
958,0x00000000,0
959,0x00000001,1
960,0x00000001,1
961,0x00000001,1
962,0x00000001,1
963,0x00000002,2
964,0x00000004,4
965,0x000ee3ae,975790
966,0x00000028,40
967,0x00000088,136
968,0x000003ba,954
969,0x00000aab,2731
970,0x00001114,4372
971,0x000016ac,5804
972,0x000022a7,8871
973,0x00002ae7,10983
974,0x000022d4,8916
975,0x00001a90,6800
976,0x00002052,8274
977,0x000020e5,8421
978,0x0000181f,6175
979,0x0000048f,1167
980,0x0000051b,1307
981,0x00001851,6225
982,0x0000354e,13646
983,0x000041ab,16811
984,0x000046fb,18171
985,0x00005632,22066
986,0x00005e4b,24139
987,0x00005139,20793
988,0x000044a6,17574
989,0x00003f1d,16157
990,0x00002ada,10970
991,0x00000f9d,3997
992,0x000001ac,428
993,0x0000006a,106
994,0x00000192,402
995,0x00000304,772
996,0x00000555,1365
997,0x00000ac4,2756
998,0x00000ef8,3832
999,0x00000c1f,3103
1000,0x0000071f,1823
1001,0x00000a4c,2636
1002,0x00000d94,3476
1003,0x0000096a,2410
1004,0x00000261,609
1005,0x0000000e,14
1006,0x00000015,21
1007,0x0000005e,94
1008,0x000000a6,166
1009,0x00000180,384
1010,0x0000038b,907
1011,0x00000562,1378
1012,0x0000041c,1052
1013,0x00000231,561
1014,0x0000038f,911
1015,0x00000511,1297
1016,0x0000036c,876
1017,0x000000e8,232
1018,0x00000006,6
1019,0x00000004,4
1020,0x00000010,16
1021,0x00000180,384
1022,0x00000038,56
1023,0x00000084,132
1024,0x000000b3,179
1025,0x00000090,144
1026,0x0000004d,77
1027,0x00000085,133
1028,0x000000b3,179
1029,0x00000077,119
1030,0x00000019,25
1031,0x00000000,0
1032,0x00000000,0
1033,0x00000000,0
1034,0x0000009a,154
1035,0x00000000,0
1036,0x00000000,0
1037,0x00000000,0
1038,0x00000000,0
1039,0x00000000,0
1040,0x00000000,0
1041,0x00000000,0
1042,0x00000000,0
1043,0x00000000,0
1044,0x00000000,0
1045,0x00000012,18
1046,0x00000000,0
1047,0x00000000,0
1048,0x00000000,0
1049,0x00000012,18
1050,0x00000000,0
1051,0x00000000,0
1052,0x00000000,0
1053,0x00000004,4
1054,0x00000000,0
1055,0x00000000,0
1056,0x00000000,0
1057,0x00000000,0
1058,0x00000000,0
1059,0x00000000,0
1060,0x00000000,0
1061,0x00000000,0
1062,0x00000000,0
1063,0x0000014a,330
1064,0x00000000,0
1065,0x00000000,0
1066,0x00000000,0
1067,0x00000003,3
1068,0x00000001,1
1069,0x00000000,0
1070,0x00000000,0
1071,0x00000000,0
1072,0x00000000,0
1073,0x00000000,0
1074,0x00000001,1
1075,0x00000001,1
1076,0x000000a0,160
1077,0x00000000,0
1078,0x00000000,0
1079,0x00000001,1
1080,0x00000000,0
1081,0x00000000,0
1082,0x00000000,0
1083,0x00000000,0
1084,0x00000000,0
1085,0x00000000,0
1086,0x00000000,0
1087,0x00000000,0
1088,0x00000000,0
1089,0x00000000,0
1090,0x00000000,0
1091,0x00000000,0
1092,0x00000000,0
1093,0x00000000,0
1094,0x00000000,0
1095,0x00000000,0
1096,0x0000000a,10
1097,0x00000000,0
1098,0x00000000,0
1099,0x00000000,0
1100,0x00000000,0
1101,0x00000000,0
1102,0x00000000,0
1103,0x00000001,1
1104,0x00000000,0
1105,0x00000000,0
1106,0x00000001,1
1107,0x00000001,1
1108,0x00000000,0
1109,0x00000001,1
1110,0x00000000,0
1111,0x00000001,1
1112,0x00000001,1
1113,0x00000000,0
1114,0x00000000,0
1115,0x00000000,0
1116,0x00000001,1
1117,0x0000000a,10
1118,0x00000000,0
1119,0x0000014d,333
1120,0x00000000,0
1121,0x00000000,0
1122,0x00000000,0
1123,0x00000000,0
1124,0x00000001,1
1125,0x00000000,0
1126,0x00000000,0
1127,0x00000000,0
1128,0x00000001,1
1129,0x00000000,0
1130,0x00000000,0
1131,0x00000000,0
1132,0x00000059,89
1133,0x00000001,1
1134,0x00000001,1
1135,0x00000000,0
1136,0x00000006,6
1137,0x00000000,0
1138,0x00000004,4
1139,0x00000000,0
1140,0x00000000,0
1141,0x00000000,0
1142,0x00000000,0
1143,0x00000000,0
1144,0x00000001,1
1145,0x000000ea,234
1146,0x00000003,3
1147,0x0000000c,12
1148,0x00000015,21
1149,0x0000001f,31
1150,0x0000001a,26
1151,0x00000017,23
1152,0x00000019,25
1153,0x0000001f,31
1154,0x00000019,25
1155,0x0000001a,26
1156,0x00000005,5
1157,0x00000006,6
1158,0x00000057,87
1159,0x00000000,0
1160,0x00000000,0
1161,0x00000000,0
1162,0x00000000,0
1163,0x00000000,0
1164,0x00000004,4
1165,0x00000000,0
1166,0x00000000,0
1167,0x00000000,0
1168,0x00000000,0
1169,0x00000000,0
1170,0x00000000,0
1171,0x00000002,2
1172,0x00000001,1
1173,0x00000000,0
1174,0x00000000,0
1175,0x00000000,0
1176,0x00000000,0
1177,0x00000000,0
1178,0x00000000,0
1179,0x00000000,0
1180,0x00000001,1
1181,0x00000000,0
1182,0x00000000,0
1183,0x00000000,0
1184,0x00000001,1
1185,0x00000001,1
1186,0x00000000,0
1187,0x00000043,67
1188,0x00000003,3
1189,0x00000008,8
1190,0x00000007,7
1191,0x00000006,6
1192,0x0000006a,106
1193,0x00000157,343
1194,0x0000034d,845
1195,0x00000522,1314
1196,0x0000045b,1115
1197,0x000001ef,495
1198,0x000001ba,442
1199,0x000003e5,997
1200,0x00000566,1382
1201,0x00000501,1281
1202,0x000002eb,747
1203,0x000005f5,1525
1204,0x000010d9,4313
1205,0x0000215c,8540
1206,0x000038af,14511
1207,0x00005ad8,23256
1208,0x00007249,29257
1209,0x000063f2,25586
1210,0x00004536,17718
1211,0x00003f90,16272
1212,0x00005b46,23366
1213,0x00006d9c,28060
1214,0x0000555b,21851
1215,0x00002336,9014
1216,0x00000664,1636
1217,0x0000009d,157
1218,0x000000fb,251
1219,0x0000021c,540
1220,0x00000459,1113
1221,0x000005c1,1473
1222,0x000004b5,1205
1223,0x0000028e,654
1224,0x0000023c,572
1225,0x0000044e,1102
1226,0x00000564,1380
1227,0x00000444,1092
1228,0x000001bd,445
1229,0x00000068,104
1230,0x00000045,69
1231,0x0000006e,110
1232,0x00000105,261
1233,0x0000022e,558
1234,0x000ee9c2,977346
1235,0x00000230,560
1236,0x0000015c,348
1237,0x00000147,327
1238,0x0000020e,526
1239,0x00000293,659
1240,0x0000021b,539
1241,0x000000ac,172
1242,0x00000026,38
1243,0x0000005f,95
1244,0x00000015,21
1245,0x00000045,69
1246,0x0000009f,159
1247,0x0000183c,6204
1248,0x0000008d,141
1249,0x00000050,80
1250,0x00000049,73
1251,0x000000a4,164
1252,0x000000b9,185
1253,0x0000007b,123
1254,0x00000025,37
1255,0x00000005,5
1256,0x00000093,147
1257,0x00000002,2
1258,0x0000000b,11
1259,0x00000013,19
1260,0x00000011,17
1261,0x0000000e,14
1262,0x00000009,9
1263,0x00000009,9
1264,0x00000023,35
1265,0x00000020,32
1266,0x00000011,17
1267,0x00000005,5
1268,0x00000000,0
1269,0x00000001,1
1270,0x00000001,1
1271,0x00000000,0
1272,0x00000000,0
1273,0x00000000,0
1274,0x00000000,0
1275,0x00000000,0
1276,0x00000000,0
1277,0x00000000,0
1278,0x00000000,0
1279,0x00000000,0
1280,0x00000000,0
1281,0x00000000,0
1282,0x00000000,0
1283,0x00000000,0
1284,0x00000000,0
1285,0x00000000,0
1286,0x00000000,0
1287,0x00000000,0
1288,0x00000000,0
1289,0x00000000,0
1290,0x0000034e,846
1291,0x00000000,0
1292,0x00000000,0
1293,0x00000000,0
1294,0x00000000,0
1295,0x00000000,0
1296,0x00000000,0
1297,0x00000000,0
1298,0x00000000,0
1299,0x00000000,0
1300,0x00000000,0
1301,0x00000000,0
1302,0x00000001,1
1303,0x00000067,103
1304,0x00000000,0
1305,0x00000000,0
1306,0x00000000,0
1307,0x00000000,0
1308,0x00000000,0
1309,0x00000000,0
1310,0x00000000,0
1311,0x00000000,0
1312,0x000000b7,183
1313,0x00000000,0
1314,0x00000000,0
1315,0x00000000,0
1316,0x00000000,0
1317,0x00000000,0
1318,0x00000000,0
1319,0x00000000,0
1320,0x00000000,0
1321,0x00000000,0
1322,0x00000000,0
1323,0x00000000,0
1324,0x00000000,0
1325,0x00000001,1
1326,0x00000000,0
1327,0x00000000,0
1328,0x00000000,0
1329,0x00000000,0
1330,0x00000000,0
1331,0x00000000,0
1332,0x0000032a,810
1333,0x00000000,0
1334,0x00000001,1
1335,0x00000000,0
1336,0x00000000,0
1337,0x00000000,0
1338,0x00000003,3
1339,0x00000000,0
1340,0x00000001,1
1341,0x00000002,2
1342,0x00000000,0
1343,0x00000001,1
1344,0x00000000,0
1345,0x00000103,259
1346,0x00000003,3
1347,0x00000000,0
1348,0x00000000,0
1349,0x00000000,0
1350,0x00000002,2
1351,0x00000001,1
1352,0x00000000,0
1353,0x00000000,0
1354,0x00000001,1
1355,0x00000000,0
1356,0x00000001,1
1357,0x00000000,0
1358,0x00000000,0
1359,0x00000000,0
1360,0x00000000,0
1361,0x00000000,0
1362,0x00000001,1
1363,0x00000000,0
1364,0x00000002,2
1365,0x00000000,0
1366,0x00000000,0
1367,0x00000000,0
1368,0x00000006,6
1369,0x00000000,0
1370,0x00000000,0
1371,0x00000000,0
1372,0x00000000,0
1373,0x00000000,0
1374,0x00000000,0
1375,0x00000000,0
1376,0x00000000,0
1377,0x00000000,0
1378,0x00000000,0
1379,0x00000000,0
1380,0x00000000,0
1381,0x00000000,0
1382,0x00000000,0
1383,0x00000004,4
1384,0x00000000,0
1385,0x00000000,0
1386,0x00000000,0
1387,0x00000000,0
1388,0x000001fd,509
1389,0x00000000,0
1390,0x00000000,0
1391,0x00000000,0
1392,0x00000000,0
1393,0x00000000,0
1394,0x00000000,0
1395,0x00000000,0
1396,0x00000000,0
1397,0x00000000,0
1398,0x00000000,0
1399,0x00000000,0
1400,0x00000002,2
1401,0x00000146,326
1402,0x00000000,0
1403,0x00000000,0
1404,0x00000000,0
1405,0x00000000,0
1406,0x00000000,0
1407,0x00000001,1
1408,0x00000000,0
1409,0x00000000,0
1410,0x00000000,0
1411,0x00000004,4
1412,0x00000000,0
1413,0x00000001,1
1414,0x00000000,0
1415,0x00000007,7
1416,0x00000005,5
1417,0x0000000e,14
1418,0x00000006,6
1419,0x00000000,0
1420,0x00000005,5
1421,0x0000000e,14
1422,0x00000008,8
1423,0x00000020,32
1424,0x0000002c,44
1425,0x000046ae,18094
1426,0x00000033,51
1427,0x0000003d,61
1428,0x00000257,599
1429,0x00000b11,2833
1430,0x0000191a,6426
1431,0x00002097,8343
1432,0x000017f4,6132
1433,0x000009d7,2519
1434,0x000003d8,984
1435,0x00000b01,2817
1436,0x000019ca,6602
1437,0x00002049,8265
1438,0x00001863,6243
1439,0x000009d4,2516
1440,0x00000183,387
1441,0x0000001c,28
1442,0x0000003e,62
1443,0x00000060,96
1444,0x00000032,50
1445,0x00000020,32
1446,0x00000006,6
1447,0x0000001a,26
1448,0x0000003c,60
1449,0x00000042,66
1450,0x0000003a,58
1451,0x00000016,22
1452,0x00000005,5
1453,0x00000001,1
1454,0x00000020,32
1455,0x0000005c,92
1456,0x00000080,128
1457,0x00000054,84
1458,0x00000028,40
1459,0x0000000e,14
1460,0x00000021,33
1461,0x00000062,98
1462,0x00000087,135
1463,0x00000052,82
1464,0x0000002e,46
1465,0x0000000b,11
1466,0x00000006,6
1467,0x00000016,22
1468,0x00000029,41
1469,0x0000004a,74
1470,0x0000003b,59
1471,0x00000012,18
1472,0x0000000f,15
1473,0x00000019,25
1474,0x00000035,53
1475,0x00000063,99
1476,0x00000040,64
1477,0x00000015,21
1478,0x00000003,3
1479,0x00000000,0
1480,0x0000000a,10
1481,0x000000fe,254
1482,0x0000001e,30
1483,0x00000008,8
1484,0x00000007,7
1485,0x00000003,3
1486,0x0000000b,11
1487,0x00000012,18
1488,0x0000000f,15
1489,0x00000011,17
1490,0x00000009,9
1491,0x00000002,2
1492,0x00000000,0
1493,0x00000000,0
1494,0x00000060,96
1495,0x00000003,3
1496,0x00000001,1
1497,0x00000000,0
1498,0x00000001,1
1499,0x00000002,2
1500,0x00000001,1
1501,0x00000003,3
1502,0x00000001,1
1503,0x00000000,0
1504,0x00000000,0
1505,0x00000000,0
1506,0x00000000,0
1507,0x00000000,0
1508,0x00000000,0
1509,0x00000000,0
1510,0x00000000,0
1511,0x00000001,1
1512,0x00000000,0
1513,0x00000000,0
1514,0x0cff0b6d,218041197
1515,0x00000000,0
1516,0x00000000,0
1517,0x00000000,0
1518,0x00000000,0
1519,0x00000000,0
1520,0x00000000,0
1521,0x00000000,0
1522,0x00000000,0
1523,0x00000000,0
1524,0x00000000,0
1525,0x00000000,0
1526,0x00000000,0
1527,0x00000000,0
1528,0x00000000,0
1529,0x00000000,0
1530,0x00000000,0
1531,0x00000000,0
1532,0x00000000,0
1533,0x00000000,0
1534,0x00000000,0
1535,0x00000000,0
1536,0x00000000,0
1537,0x00000000,0
1538,0x00000000,0
1539,0x00000000,0
1540,0x00000000,0
1541,0x00000000,0
1542,0x00000000,0
1543,0x00000000,0
1544,0x00000000,0
1545,0x00000000,0
1546,0x00000000,0
1547,0x00000000,0
1548,0x00000000,0
1549,0x00000000,0
1550,0x00000000,0
1551,0x00000000,0
1552,0x00000000,0
1553,0x00000000,0
1554,0x00000000,0
1555,0x00000000,0
1556,0x00000000,0
1557,0x00000000,0
1558,0x00000000,0
1559,0x00000000,0
1560,0x00000000,0
1561,0x00000000,0
1562,0x00000000,0
1563,0x00000000,0
1564,0x00000000,0
1565,0x00000000,0
1566,0x00000000,0
1567,0x00000000,0
1568,0x00000000,0
1569,0x00000000,0
1570,0x00000000,0
1571,0x00000000,0
1572,0x00000000,0
1573,0x00000000,0
1574,0x00000000,0
1575,0x00000000,0
1576,0x00000000,0
1577,0x00000000,0
1578,0x00000000,0
1579,0x00000000,0
1580,0x00000000,0
1581,0x00000000,0
1582,0x00000000,0
1583,0x00000000,0
1584,0x00000000,0
1585,0x00000000,0
1586,0x00000000,0
1587,0x00000000,0
1588,0x00000000,0
1589,0x00000000,0
1590,0x00000000,0
1591,0x00000000,0
1592,0x00000000,0
1593,0x00000000,0
1594,0x00000000,0
1595,0x00000000,0
1596,0x00000000,0
1597,0x00000000,0
1598,0x00000000,0
1599,0x00000000,0
1600,0x00000000,0
1601,0x00000000,0
1602,0x00000000,0
1603,0x00000000,0
1604,0x00000000,0
1605,0x00000000,0
1606,0x00000000,0
1607,0x00000000,0
1608,0x00000000,0
1609,0x00000000,0
1610,0x00000000,0
1611,0x00000000,0
1612,0x00000000,0
1613,0x00000000,0
1614,0x00000000,0
1615,0x00000000,0
1616,0x00000000,0
1617,0x00000000,0
1618,0x00000000,0
1619,0x00000000,0
1620,0x00000000,0
1621,0x00000000,0
1622,0x00000000,0
1623,0x00000000,0
1624,0x00000000,0
1625,0x00000000,0
1626,0x00000000,0
1627,0x00000000,0
1628,0x00000000,0
1629,0x00000000,0
1630,0x00000000,0
1631,0x00000000,0
1632,0x00000000,0
1633,0x00000000,0
1634,0x00000000,0
1635,0x00000000,0
1636,0x00000000,0
1637,0x00000000,0
1638,0x00000000,0
1639,0x00000000,0
1640,0x00000000,0
1641,0x00000000,0
1642,0x00000000,0
1643,0x00000000,0
1644,0x00000000,0
1645,0x00000000,0
1646,0x00000000,0
1647,0x00000000,0
1648,0x00000000,0
1649,0x00000000,0
1650,0x00000000,0
1651,0x00000000,0
1652,0x00000000,0
1653,0x00000000,0
1654,0x00000000,0
1655,0x00000000,0
1656,0x00000000,0
1657,0x00000000,0
1658,0x00000000,0
1659,0x00000000,0
1660,0x00000000,0
1661,0x00000000,0
1662,0x00000000,0
1663,0x00000000,0
1664,0x00000000,0
1665,0x00000000,0
1666,0x00000000,0
1667,0x00000000,0
1668,0x00000000,0
1669,0x00000000,0
1670,0x00000000,0
1671,0x00000000,0
1672,0x00000000,0
1673,0x00000000,0
1674,0x00000000,0
1675,0x00000000,0
1676,0x00000000,0
1677,0x00000000,0
1678,0x00000000,0
1679,0x00000000,0
1680,0x00000000,0
1681,0x00000000,0
1682,0x00000000,0
1683,0x00000000,0
1684,0x00000000,0
1685,0x00000000,0
1686,0x00000000,0
1687,0x00000000,0
1688,0x00000000,0
1689,0x00000000,0
1690,0x00000000,0
1691,0x00000000,0
1692,0x00000000,0
1693,0x00000000,0
1694,0x00000000,0
1695,0x00000000,0
1696,0x00000000,0
1697,0x00000000,0
1698,0x00000000,0
1699,0x00000000,0
1700,0x00000000,0
1701,0x00000000,0
1702,0x00000000,0
1703,0x00000000,0
1704,0x00000000,0
1705,0x00000000,0
1706,0x00000000,0
1707,0x00000000,0
1708,0x00000000,0
1709,0x00000000,0
1710,0x00000000,0
1711,0x00000000,0
1712,0x00000000,0
1713,0x00000000,0
1714,0x00000000,0
1715,0x00000000,0
1716,0x00000000,0
1717,0x00000000,0
1718,0x00000000,0
1719,0x00000000,0
1720,0x00000000,0
1721,0x00000000,0
1722,0x00000000,0
1723,0x00000000,0
1724,0x00000000,0
1725,0x00000000,0
1726,0x00000000,0
1727,0x00000000,0
1728,0x00000000,0
1729,0x00000000,0
1730,0x00000000,0
1731,0x00000000,0
1732,0x00000000,0
1733,0x00000000,0
1734,0x00000000,0
1735,0x00000000,0
1736,0x00000000,0
1737,0x00000000,0
1738,0x00000000,0
1739,0x00000000,0
1740,0x00000000,0
1741,0x00000000,0
1742,0x00000000,0
1743,0x00000000,0
1744,0x00000000,0
1745,0x00000000,0
1746,0x00000000,0
1747,0x00000000,0
1748,0x00000000,0
1749,0x00000000,0
1750,0x00000000,0
1751,0x00000000,0
1752,0x00000000,0
1753,0x00000000,0
1754,0x00000000,0
1755,0x00000000,0
1756,0x00000000,0
1757,0x00000000,0
1758,0x00000000,0
1759,0x00000000,0
1760,0x00000000,0
1761,0x00000000,0
1762,0x00000000,0
1763,0x00000000,0
1764,0x00000000,0
1765,0x00000000,0
1766,0x00000000,0
1767,0x00000000,0
1768,0x00000000,0
1769,0x00000000,0
1770,0x00000000,0
1771,0x00000000,0
1772,0x00000000,0
1773,0x00000000,0
1774,0x00000000,0
1775,0x00000000,0
1776,0x00000000,0
1777,0x00000000,0
1778,0x00000000,0
1779,0x00000000,0
1780,0x00000000,0
1781,0x00000000,0
1782,0x00000000,0
1783,0x00000000,0
1784,0x00000000,0
1785,0x00000000,0
1786,0x00000000,0
1787,0x00000000,0
1788,0x00000000,0
1789,0x00000000,0
1790,0x00000000,0
1791,0x00000000,0
1792,0x00000000,0
1793,0x00000000,0
1794,0x00000000,0
1795,0x00000000,0
1796,0x00000000,0
1797,0x00000000,0
1798,0x00000000,0
1799,0x00000000,0
1800,0x00000000,0
1801,0x00000000,0
1802,0x00000000,0
1803,0x00000000,0
1804,0x00000000,0
1805,0x00000000,0
1806,0x00000000,0
1807,0x00000000,0
1808,0x00000000,0
1809,0x00000000,0
1810,0x00000000,0
1811,0x00000000,0
1812,0x00000000,0
1813,0x00000000,0
1814,0x00000000,0
1815,0x00000000,0
1816,0x00000000,0
1817,0x00000000,0
1818,0x00000000,0
1819,0x00000000,0
1820,0x00000000,0
1821,0x00000000,0
1822,0x00000000,0
1823,0x00000000,0
1824,0x00000000,0
1825,0x00000000,0
1826,0x00000000,0
1827,0x00000000,0
1828,0x00000000,0
1829,0x00000000,0
1830,0x00000000,0
1831,0x00000000,0
1832,0x00000000,0
1833,0x00000000,0
1834,0x00000000,0
1835,0x00000000,0
1836,0x00000000,0
1837,0x00000000,0
1838,0x00000000,0
1839,0x00000000,0
1840,0x00000000,0
1841,0x00000000,0
1842,0x00000000,0
1843,0x00000000,0
1844,0x00000000,0
1845,0x00000000,0
1846,0x00000000,0
1847,0x00000000,0
1848,0x00000000,0
1849,0x00000000,0
1850,0x00000000,0
1851,0x00000000,0
1852,0x00000000,0
1853,0x00000000,0
1854,0x00000000,0
1855,0x00000000,0
1856,0x00000000,0
1857,0x00000000,0
1858,0x00000000,0
1859,0x00000000,0
1860,0x00000000,0
1861,0x00000000,0
1862,0x00000000,0
1863,0x00000000,0
1864,0x00000000,0
1865,0x00000000,0
1866,0x00000000,0
1867,0x00000000,0
1868,0x00000000,0
1869,0x00000000,0
1870,0x00000000,0
1871,0x00000000,0
1872,0x00000000,0
1873,0x00000000,0
1874,0x00000000,0
1875,0x00000000,0
1876,0x00000000,0
1877,0x00000000,0
1878,0x00000000,0
1879,0x00000000,0
1880,0x00000000,0
1881,0x00000000,0
1882,0x00000000,0
1883,0x00000000,0
1884,0x00000000,0
1885,0x00000000,0
1886,0x00000000,0
1887,0x00000000,0
1888,0x00000000,0
1889,0x00000000,0
1890,0x00000000,0
1891,0x00000000,0
1892,0x00000000,0
1893,0x00000000,0
1894,0x00000000,0
1895,0x00000000,0
1896,0x00000000,0
1897,0x00000000,0
1898,0x00000000,0
1899,0x00000000,0
1900,0x00000000,0
1901,0x00000000,0
1902,0x00000000,0
1903,0x00000000,0
1904,0x00000000,0
1905,0x00000000,0
1906,0x00000000,0
1907,0x00000000,0
1908,0x00000000,0
1909,0x00000000,0
1910,0x00000000,0
1911,0x00000000,0
1912,0x00000000,0
1913,0x00000000,0
1914,0x00000000,0
1915,0x00000000,0
1916,0x00000000,0
1917,0x00000000,0
1918,0x00000000,0
1919,0x00000000,0
1920,0x00000000,0
1921,0x00000000,0
1922,0x00000000,0
1923,0x00000000,0
1924,0x00000000,0
1925,0x00000000,0
1926,0x00000000,0
1927,0x00000000,0
1928,0x00000000,0
1929,0x00000000,0
1930,0x00000000,0
1931,0x00000000,0
1932,0x00000000,0
1933,0x00000000,0
1934,0x00000000,0
1935,0x00000000,0
1936,0x00000000,0
1937,0x00000000,0
1938,0x00000000,0
1939,0x00000000,0
1940,0x00000000,0
1941,0x00000000,0
1942,0x00000000,0
1943,0x00000000,0
1944,0x00000000,0
1945,0x00000000,0
1946,0x00000000,0
1947,0x00000000,0
1948,0x00000000,0
1949,0x00000000,0
1950,0x00000000,0
1951,0x00000000,0
1952,0x00000000,0
1953,0x00000000,0
1954,0x00000000,0
1955,0x00000000,0
1956,0x00000000,0
1957,0x00000000,0
1958,0x00000000,0
1959,0x00000000,0
1960,0x00000000,0
1961,0x00000000,0
1962,0x00000000,0
1963,0x00000000,0
1964,0x00000000,0
1965,0x00000000,0
1966,0x00000000,0
1967,0x00000000,0
1968,0x00000000,0
1969,0x00000000,0
1970,0x00000000,0
1971,0x00000000,0
1972,0x00000000,0
1973,0x00000000,0
1974,0x00000000,0
1975,0x00000000,0
1976,0x00000000,0
1977,0x00000000,0
1978,0x00000000,0
1979,0x00000000,0
1980,0x00000000,0
1981,0x00000000,0
1982,0x00000000,0
1983,0x00000000,0
1984,0x00000000,0
1985,0x00000000,0
1986,0x00000000,0
1987,0x00000000,0
1988,0x00000000,0
1989,0x00000000,0
1990,0x00000000,0
1991,0x00000000,0
1992,0x00000000,0
1993,0x00000000,0
1994,0x00000000,0
1995,0x00000000,0
1996,0x00000000,0
1997,0x00000000,0
1998,0x00000000,0
1999,0x00000000,0
2000,0x00000000,0
2001,0x00000000,0
2002,0x00000000,0
2003,0x00000000,0
2004,0x00000000,0
2005,0x00000000,0
2006,0x00000000,0
2007,0x00000000,0
2008,0x00000000,0
2009,0x00000000,0
2010,0x00000000,0
2011,0x00000000,0
2012,0x00000000,0
2013,0x00000000,0
2014,0x00000000,0
2015,0x00000000,0
2016,0x00000000,0
2017,0x00000000,0
2018,0x00000000,0
2019,0x00000000,0
2020,0x00000000,0
2021,0x00000000,0
2022,0x00000000,0
2023,0x00000000,0
2024,0x00000000,0
2025,0x00000000,0
2026,0x00000000,0
2027,0x00000000,0
2028,0x00000000,0
2029,0x00000000,0
2030,0x00000000,0
2031,0x00000000,0
2032,0x00000000,0
2033,0x00000000,0
2034,0x00000000,0
2035,0x00000000,0
2036,0x00000000,0
2037,0x00000000,0
2038,0x00000000,0
2039,0x00000000,0
2040,0x00000000,0
2041,0x00000000,0
2042,0x00000000,0
2043,0x00000000,0
2044,0x00000000,0
2045,0x00000000,0
2046,0x00000000,0
2047,0x00000000,0
