0,0x00000000,0
1,0x00000000,0
2,0x00000000,0
3,0x004a086f,4851823
4,0x00001161,4449
5,0x00000cf8,3320
6,0x00001391,5009
7,0x0000252d,9517
8,0x00009b4a,39754
9,0x000092b2,37554
10,0x00005075,20597
11,0x00002301,8961
12,0x00003339,13113
13,0x0000603b,24635
14,0x0002ddf4,187892
15,0x00019147,102727
16,0x0001765a,95834
17,0x000129da,76250
18,0x00006d82,28034
19,0x00001a7c,6780
20,0x00001259,4697
21,0x00001783,6019
22,0x0000152b,5419
23,0x0000420e,16910
24,0x00001a43,6723
25,0x0000174a,5962
26,0x00005f08,24328
27,0x000105a7,66983
28,0x00007199,29081
29,0x00002334,9012
30,0x00004ba6,19366
31,0x00006441,25665
32,0x00003a98,15000
33,0x00001d02,7426
34,0x00001563,5475
35,0x000013f7,5111
36,0x0000106e,4206
37,0x00001070,4208
38,0x00001230,4656
39,0x00001ef8,7928
40,0x00002452,9298
41,0x00001be5,7141
42,0x000012e3,4835
43,0x000012f6,4854
44,0x00004b95,19349
45,0x00008cc1,36033
46,0x000046e1,18145
47,0x00002070,8304
48,0x00001770,6000
49,0x000011d4,4564
50,0x00000cd6,3286
51,0x00000b61,2913
52,0x00000b37,2871
53,0x000025d2,9682
54,0x00003a5e,14942
55,0x00001f30,7984
56,0x00001447,5191
57,0x001cf8bf,1898687
58,0x024d37a9,38614953
59,0x0724d5dc,119854556
60,0x02e6f458,48690264
61,0x003cd9e7,3987943
62,0x000c5356,807766
63,0x000108ee,67822
64,0x00047a2a,293418
65,0x000486c2,296642
66,0x0002ce03,183811
67,0x00035252,217682
68,0x000292cc,168652
69,0x0001fe18,130584
70,0x0000d6ba,54970
71,0x00007fbc,32700
72,0x0000bed2,48850
73,0x00043d26,277798
74,0x0005ff97,393111
75,0x0003b6d5,243413
76,0x00018c64,101476
77,0x00005f36,24374
78,0x00002dac,11692
79,0x00003f19,16153
80,0x0001213e,74046
81,0x0002054b,132427
82,0x00017a68,96872
83,0x00015ee5,89829
84,0x000120d0,73936
85,0x00014a86,84614
86,0x000097b8,38840
87,0x00007579,30073
88,0x00006b43,27459
89,0x00006d75,28021
90,0x00008a18,35352
91,0x0000b953,47443
92,0x00019af6,105206
93,0x0002a952,174418
94,0x00028bc0,166848
95,0x00018f81,102273
96,0x00012dbe,77246
97,0x00014429,82985
98,0x0000c0d0,49360
99,0x00007f5d,32605
100,0x00009bfc,39932
101,0x00010a88,68232
102,0x00015609,87561
103,0x00010fac,69548
104,0x00007c7a,31866
105,0x00004756,18262
106,0x000050ca,20682
107,0x000047a7,18343
108,0x00003724,14116
109,0x00002e2c,11820
110,0x000020b9,8377
111,0x00001d1b,7451
112,0x00001aae,6830
113,0x00001703,5891
114,0x000014c8,5320
115,0x00001504,5380
116,0x0000153b,5435
117,0x0000167a,5754
118,0x000016d4,5844
119,0x0000133b,4923
120,0x000011e8,4584
121,0x0000106c,4204
122,0x000011ba,4538
123,0x00000eca,3786
124,0x00000f3b,3899
125,0x00000ec7,3783
126,0x000010ec,4332
127,0x00001116,4374
128,0x00000f5c,3932
129,0x00000ecb,3787
130,0x00000ed1,3793
131,0x00001064,4196
132,0x00000dec,3564
133,0x00000e93,3731
134,0x00000ddd,3549
135,0x00000e75,3701
136,0x00000f3f,3903
137,0x00000d49,3401
138,0x00000d6f,3439
139,0x00000dac,3500
140,0x00000f87,3975
141,0x00000dc7,3527
142,0x00000c95,3221
143,0x00000c2f,3119
144,0x00000ceb,3307
145,0x00000dd5,3541
146,0x00000b70,2928
147,0x00000b5e,2910
148,0x00000af6,2806
149,0x00000c4d,3149
150,0x00000c26,3110
151,0x00000af2,2802
152,0x00000ac3,2755
153,0x00000b20,2848
154,0x00000ceb,3307
155,0x00000b3c,2876
156,0x00000af1,2801
157,0x00000b78,2936
158,0x00000d1d,3357
159,0x00000cf0,3312
160,0x00000b38,2872
161,0x00000b4b,2891
162,0x00000afe,2814
163,0x00000ded,3565
164,0x00000b1c,2844
165,0x00000aff,2815
166,0x00000b47,2887
167,0x00000bad,2989
168,0x00000d8f,3471
169,0x00000b3f,2879
170,0x00000b6d,2925
171,0x00000b94,2964
172,0x00000d3b,3387
173,0x00000cd0,3280
174,0x00000b2d,2861
175,0x00000b82,2946
176,0x00000cc3,3267
177,0x00000d41,3393
178,0x00000b16,2838
179,0x00000b7d,2941
180,0x00000af6,2806
181,0x00000d34,3380
182,0x00000c5d,3165
183,0x00000b7c,2940
184,0x00000bbb,3003
185,0x00000b60,2912
186,0x00000ec4,3780
187,0x00000b3f,2879
188,0x00000b42,2882
189,0x00000af2,2802
190,0x00000bbf,3007
191,0x00000c8d,3213
192,0x00000b05,2821
193,0x00000b83,2947
194,0x00000b18,2840
195,0x00000dde,3550
196,0x00000bd1,3025
197,0x00000b95,2965
198,0x00000b75,2933
199,0x00000c99,3225
200,0x00000d36,3382
201,0x00000b36,2870
202,0x00000b38,2872
203,0x00000b72,2930
204,0x00000d9d,3485
205,0x00000c01,3073
206,0x00000ba6,2982
207,0x00000bac,2988
208,0x00000c1b,3099
209,0x00000e17,3607
210,0x00000b7e,2942
211,0x00000c2b,3115
212,0x00000c34,3124
213,0x00000db4,3508
214,0x00000c6e,3182
215,0x00000b0d,2829
216,0x00000af3,2803
217,0x00000b5b,2907
218,0x00000d16,3350
219,0x00000a65,2661
220,0x00000acf,2767
221,0x00000a44,2628
222,0x00000bd6,3030
223,0x00000c3b,3131
224,0x00000ab4,2740
225,0x00000b09,2825
226,0x00000bbe,3006
227,0x00000e78,3704
228,0x00000c46,3142
229,0x00000cea,3306
230,0x00000d48,3400
231,0x00000efc,3836
232,0x00001274,4724
233,0x00001024,4132
234,0x0000113b,4411
235,0x00001261,4705
236,0x00001708,5896
237,0x00001b6f,7023
238,0x000023b9,9145
239,0x000031a4,12708
240,0x00004a50,19024
241,0x00005ae2,23266
242,0x000034e1,13537
243,0x00002ba1,11169
244,0x000022b2,8882
245,0x00002657,9815
246,0x00002244,8772
247,0x00001f20,7968
248,0x00001eaa,7850
249,0x00001e33,7731
250,0x000024c4,9412
251,0x0000198a,6538
252,0x000018b8,6328
253,0x00001886,6278
254,0x00001b18,6936
255,0x00001aaa,6826
256,0x000015c8,5576
257,0x000014c1,5313
258,0x00001485,5253
259,0x0000187b,6267
260,0x00001368,4968
261,0x0000125c,4700
262,0x000011f7,4599
263,0x000013ba,5050
264,0x0000152e,5422
265,0x0000135e,4958
266,0x000012ea,4842
267,0x000013f9,5113
268,0x00001913,6419
269,0x0000162e,5678
270,0x000014cc,5324
271,0x000014ea,5354
272,0x0000154d,5453
273,0x000019a4,6564
274,0x00001367,4967
275,0x00001497,5271
276,0x00001510,5392
277,0x0000183d,6205
278,0x00001831,6193
279,0x00001541,5441
280,0x0000148f,5263
281,0x0000153f,5439
282,0x0000197c,6524
283,0x000014dc,5340
284,0x00001609,5641
285,0x00001662,5730
286,0x00001a8c,6796
287,0x0000182f,6191
288,0x00001441,5185
289,0x00001337,4919
290,0x0000123c,4668
291,0x00001780,6016
292,0x00001315,4885
293,0x000012b1,4785
294,0x000012a7,4775
295,0x00001425,5157
296,0x0000156f,5487
297,0x00001082,4226
298,0x0000111c,4380
299,0x000010f8,4344
300,0x000014ce,5326
301,0x00001359,4953
302,0x000011fa,4602
303,0x0000130a,4874
304,0x000014ca,5322
305,0x000018e1,6369
306,0x00001509,5385
307,0x000014fa,5370
308,0x000015d7,5591
309,0x00001ac5,6853
310,0x000018cf,6351
311,0x00001877,6263
312,0x00001940,6464
313,0x00001b10,6928
314,0x000025f0,9712
315,0x00001bfe,7166
316,0x00001c41,7233
317,0x00001c73,7283
318,0x00002072,8306
319,0x000020ed,8429
320,0x00001ab0,6832
321,0x00001b7b,7035
322,0x00001c5a,7258
323,0x000020ae,8366
324,0x0000199a,6554
325,0x00001828,6184
326,0x000016fa,5882
327,0x00001a73,6771
328,0x00001bed,7149
329,0x000017c0,6080
330,0x0000174f,5967
331,0x00001730,5936
332,0x00001e16,7702
333,0x000018e2,6370
334,0x000017ac,6060
335,0x000017ea,6122
336,0x000019f6,6646
337,0x00001fcf,8143
338,0x00001a91,6801
339,0x00001ac8,6856
340,0x00001af3,6899
341,0x00002038,8248
342,0x00001d39,7481
343,0x00001a53,6739
344,0x00001a08,6664
345,0x00001aa4,6820
346,0x0000217f,8575
347,0x000018ab,6315
348,0x000019b6,6582
349,0x000019fb,6651
350,0x00001f60,8032
351,0x00002196,8598
352,0x00001c59,7257
353,0x00001c83,7299
354,0x00001c21,7201
355,0x0000234b,9035
356,0x00001b73,7027
357,0x000019f5,6645
358,0x00001a9c,6812
359,0x00001c50,7248
360,0x000020e5,8421
361,0x00001aab,6827
362,0x00001b64,7012
363,0x00001b7f,7039
364,0x0000203e,8254
365,0x00001c81,7297
366,0x00001a24,6692
367,0x00001a01,6657
368,0x00001c69,7273
369,0x000021f1,8689
370,0x00001bf2,7154
371,0x00001c0c,7180
372,0x00001d3e,7486
373,0x0000269c,9884
374,0x00002661,9825
375,0x00002393,9107
376,0x000023b7,9143
377,0x000022ed,8941
378,0x00002e1c,11804
379,0x0000200d,8205
380,0x00002132,8498
381,0x000020b0,8368
382,0x00002566,9574
383,0x0000296e,10606
384,0x000023e6,9190
385,0x0000248c,9356
386,0x000026b6,9910
387,0x000033e7,13287
388,0x00002b0f,11023
389,0x00002748,10056
390,0x000026e3,9955
391,0x000029af,10671
392,0x00002c4c,11340
393,0x0000235f,9055
394,0x000022b6,8886
395,0x000022d8,8920
396,0x00002d44,11588
397,0x000024bd,9405
398,0x000021cb,8651
399,0x000021e2,8674
400,0x0000226e,8814
401,0x00002bf0,11248
402,0x0000226b,8811
403,0x0000251f,9503
404,0x000027e3,10211
405,0x00003084,12420
406,0x00002fc7,12231
407,0x0000254e,9550
408,0x00002350,9040
409,0x00002097,8343
410,0x00002749,10057
411,0x00001b71,7025
412,0x00001b29,6953
413,0x00001ac3,6851
414,0x00001f3c,7996
415,0x00001efe,7934
416,0x00001a78,6776
417,0x00001ade,6878
418,0x00001b3b,6971
419,0x00002486,9350
420,0x00001cac,7340
421,0x00001b71,7025
422,0x00001b9d,7069
423,0x00001d96,7574
424,0x00001ff9,8185
425,0x0000181a,6170
426,0x0000180e,6158
427,0x000017de,6110
428,0x00001d79,7545
429,0x00001c5b,7259
430,0x00001aca,6858
431,0x00001c9e,7326
432,0x00002045,8261
433,0x000027d3,10195
434,0x00001fe7,8167
435,0x00001edb,7899
436,0x00001d87,7559
437,0x000022d4,8916
438,0x0000202d,8237
439,0x00001e38,7736
440,0x00001fbe,8126
441,0x0000215d,8541
442,0x00002be5,11237
443,0x00001cac,7340
444,0x00001c2c,7212
445,0x00001b74,7028
446,0x00001e3f,7743
447,0x00001f7b,8059
448,0x00001a32,6706
449,0x00001a51,6737
450,0x00001ab7,6839
451,0x000021a6,8614
452,0x00001a7f,6783
453,0x0000198a,6538
454,0x000018f9,6393
455,0x00001ca6,7334
456,0x00001f3a,7994
457,0x00001aa8,6824
458,0x00001ab4,6836
459,0x00001a9a,6810
460,0x00002057,8279
461,0x00001c05,7173
462,0x00001975,6517
463,0x000019e2,6626
464,0x00001aa5,6821
465,0x000021b2,8626
466,0x000019f4,6644
467,0x00001ad6,6870
468,0x00001bc3,7107
469,0x00002108,8456
470,0x000020ec,8428
471,0x00001d36,7478
472,0x00001df8,7672
473,0x00001efe,7934
474,0x0000291a,10522
475,0x0000201d,8221
476,0x00002008,8200
477,0x00001fbf,8127
478,0x00002766,10086
479,0x000027b9,10169
480,0x000021f7,8695
481,0x000022a4,8868
482,0x000021f9,8697
483,0x00003112,12562
484,0x00002952,10578
485,0x00003109,12553
486,0x00003701,14081
487,0x00004270,17008
488,0x00004381,17281
489,0x00002bd3,11219
490,0x00002799,10137
491,0x00002690,9872
492,0x00002cce,11470
493,0x000027eb,10219
494,0x00002377,9079
495,0x0000231f,8991
496,0x00002640,9792
497,0x00002b25,11045
498,0x00002288,8840
499,0x000021fe,8702
500,0x000022ba,8890
501,0x00002a25,10789
502,0x0000264c,9804
503,0x000021f3,8691
504,0x00002222,8738
505,0x00002100,8448
506,0x00002b73,11123
507,0x00002008,8200
508,0x000020cb,8395
509,0x00002109,8457
510,0x0000265c,9820
511,0x0000274f,10063
512,0x0000212a,8490
513,0x00002156,8534
514,0x000022b8,8888
515,0x00002d5c,11612
516,0x000024d9,9433
517,0x000022a7,8871
518,0x000022cb,8907
519,0x00002963,10595
520,0x00002b16,11030
521,0x000023be,9150
522,0x000023bb,9147
523,0x000023d8,9176
524,0x00003088,12424
525,0x000027fe,10238
526,0x000026c5,9925
527,0x00002742,10050
528,0x00002750,10064
529,0x00003161,12641
530,0x000026e9,9961
531,0x000028c4,10436
532,0x00002a00,10752
533,0x0000344e,13390
534,0x000031ef,12783
535,0x000029f6,10742
536,0x0000293f,10559
537,0x00002a94,10900
538,0x0000395a,14682
539,0x00002c6b,11371
540,0x00002c8d,11405
541,0x00002b63,11107
542,0x000032c7,12999
543,0x000031bb,12731
544,0x000028f8,10488
545,0x000027d4,10196
546,0x00002700,9984
547,0x00003300,13056
548,0x0000287e,10366
549,0x00002789,10121
550,0x000029d2,10706
551,0x00002f79,12153
552,0x0000354c,13644
553,0x00002bda,11226
554,0x00002be8,11240
555,0x00002c4e,11342
556,0x00003597,13719
557,0x00002e06,11782
558,0x0000298f,10639
559,0x000029f4,10740
560,0x00002e50,11856
561,0x000036bf,14015
562,0x00002c35,11317
563,0x00002c65,11365
564,0x00002cd2,11474
565,0x00003ace,15054
566,0x00003913,14611
567,0x0000392e,14638
568,0x000039cc,14796
569,0x00003961,14689
570,0x00004b0c,19212
571,0x00003445,13381
572,0x00003483,13443
573,0x000033ca,13258
574,0x00003b5a,15194
575,0x00003ed2,16082
576,0x000033c0,13248
577,0x00003625,13861
578,0x000036cb,14027
579,0x000048a8,18600
580,0x00003b21,15137
581,0x000037f3,14323
582,0x000038c3,14531
583,0x0000420c,16908
584,0x00004c16,19478
585,0x00003f85,16261
586,0x0000405f,16479
587,0x00003ea5,16037
588,0x00005199,20889
589,0x0000425d,16989
590,0x00003d57,15703
591,0x00003d38,15672
592,0x00003fcf,16335
593,0x00004f46,20294
594,0x00003d28,15656
595,0x0000407c,16508
596,0x00004173,16755
597,0x00005269,21097
598,0x00005112,20754
599,0x000045ea,17898
600,0x00004592,17810
601,0x000046bb,18107
602,0x000058da,22746
603,0x0000425c,16988
604,0x0000416c,16748
605,0x00004023,16419
606,0x00004f4e,20302
607,0x00004df3,19955
608,0x0000455e,17758
609,0x0000438f,17295
610,0x00004068,16488
611,0x00005810,22544
612,0x00003f1c,16156
613,0x00004069,16489
614,0x00004133,16691
615,0x00004715,18197
616,0x00004ea9,20137
617,0x00003f72,16242
618,0x00004037,16439
619,0x0000427c,17020
620,0x00005483,21635
621,0x00004b40,19264
622,0x00004392,17298
623,0x000042cd,17101
624,0x00004703,18179
625,0x000053b2,21426
626,0x000041b2,16818
627,0x000042fa,17146
628,0x000042b7,17079
629,0x00005310,21264
630,0x00004e75,20085
631,0x00004706,18182
632,0x000047c4,18372
633,0x00004b2e,19246
634,0x00006771,26481
635,0x00004beb,19435
636,0x00004bde,19422
637,0x00004af3,19187
638,0x00005134,20788
639,0x000050c1,20673
640,0x000042ca,17098
641,0x000042b5,17077
642,0x000044ca,17610
643,0x00005855,22613
644,0x00004675,18037
645,0x000041d4,16852
646,0x00004066,16486
647,0x00004a75,19061
648,0x00005197,20887
649,0x0000486e,18542
650,0x00004923,18723
651,0x00004af8,19192
652,0x000063f3,25587
653,0x00004a18,18968
654,0x00004299,17049
655,0x00003e2c,15916
656,0x00004023,16419
657,0x00004d50,19792
658,0x0000376e,14190
659,0x000038ed,14573
660,0x000039c7,14791
661,0x000043fc,17404
662,0x000041df,16863
663,0x00003a5b,14939
664,0x00003ace,15054
665,0x00003b67,15207
666,0x00004de4,19940
667,0x00003ab1,15025
668,0x00003a8f,14991
669,0x00003acd,15053
670,0x000043ab,17323
671,0x0000451f,17695
672,0x00003967,14695
673,0x000038f8,14584
674,0x000037e5,14309
675,0x00004cd3,19667
676,0x00003d7d,15741
677,0x00003ed5,16085
678,0x000041aa,16810
679,0x00004ba0,19360
680,0x00005661,22113
681,0x00004254,16980
682,0x00004200,16896
683,0x00004105,16645
684,0x00004ec8,20168
685,0x00004427,17447
686,0x00003e95,16021
687,0x00003fe6,16358
688,0x00004692,18066
689,0x00004f24,20260
690,0x00003f12,16146
691,0x00003cca,15562
692,0x00003b43,15171
693,0x00004a39,19001
694,0x0000409b,16539
695,0x00003b50,15184
696,0x00003add,15069
697,0x00003919,14617
698,0x00004e68,20072
699,0x00003824,14372
700,0x00003979,14713
701,0x0000393e,14654
702,0x00004303,17155
703,0x000043a7,17319
704,0x000037ac,14252
705,0x000038ac,14508
706,0x000039b2,14770
707,0x00004958,18776
708,0x0000392c,14636
709,0x000036e9,14057
710,0x000035fe,13822
711,0x00003ed5,16085
712,0x000042c5,17093
713,0x000037d7,14295
714,0x0000380c,14348
715,0x0000385d,14429
716,0x00004880,18560
717,0x00003ce8,15592
718,0x00003a74,14964
719,0x00003ab6,15030
720,0x00003bfd,15357
721,0x00004b68,19304
722,0x0000384a,14410
723,0x00003915,14613
724,0x00003ab5,15029
725,0x0000456e,17774
726,0x00004342,17218
727,0x0000387b,14459
728,0x00003968,14696
729,0x00003d09,15625
730,0x00004f53,20307
731,0x00004581,17793
732,0x00004716,18198
733,0x000047b7,18359
734,0x00005554,21844
735,0x000048ac,18604
736,0x00003970,14704
737,0x000036dd,14045
738,0x00003612,13842
739,0x00004649,17993
740,0x0000344b,13387
741,0x000032c1,12993
742,0x000032e3,13027
743,0x0000383d,14397
744,0x00003d2f,15663
745,0x0000307b,12411
746,0x0000305d,12381
747,0x0000304b,12363
748,0x00003cee,15598
749,0x00003202,12802
750,0x00002dab,11691
751,0x00002d83,11651
752,0x00003027,12327
753,0x000038d9,14553
754,0x00002cae,11438
755,0x00002c6d,11373
756,0x00002c9e,11422
757,0x000035fd,13821
758,0x00003134,12596
759,0x00002c2a,11306
760,0x00002bc1,11201
761,0x00002d53,11603
762,0x00003a27,14887
763,0x00002a23,10787
764,0x00002abd,10941
765,0x00002b32,11058
766,0x0000314f,12623
767,0x00003248,12872
768,0x000028e7,10471
769,0x00002a3c,10812
770,0x00002bc6,11206
771,0x00003691,13969
772,0x00002caa,11434
773,0x00002984,10628
774,0x0000288e,10382
775,0x00002dd4,11732
776,0x00002fce,12238
777,0x000028ed,10477
778,0x000028e0,10464
779,0x0000281e,10270
780,0x00003316,13078
781,0x00002941,10561
782,0x00002721,10017
783,0x000026ca,9930
784,0x00002871,10353
785,0x000030de,12510
786,0x00002511,9489
787,0x000024ab,9387
788,0x00002478,9336
789,0x00002be1,11233
790,0x000028aa,10410
791,0x00002380,9088
792,0x000022c8,8904
793,0x0000237e,9086
794,0x00002d77,11639
795,0x00002293,8851
796,0x0000226e,8814
797,0x00002336,9014
798,0x00002a30,10800
799,0x0000284c,10316
800,0x000023a8,9128
801,0x0000229f,8863
802,0x000021c1,8641
803,0x00002d8d,11661
804,0x000021da,8666
805,0x000021a0,8608
806,0x00002193,8595
807,0x000024fb,9467
808,0x0000295c,10588
809,0x00002136,8502
810,0x00002187,8583
811,0x00002233,8755
812,0x00002ac7,10951
813,0x000027a8,10152
814,0x0000238b,9099
815,0x00002327,8999
816,0x000025aa,9642
817,0x000029da,10714
818,0x000021d4,8660
819,0x00002045,8261
820,0x00001fbe,8126
821,0x0000271f,10015
822,0x000022d0,8912
823,0x00001f54,8020
824,0x00001fbe,8126
825,0x00002063,8291
826,0x00002a62,10850
827,0x00001f22,7970
828,0x00001f43,8003
829,0x00001f0b,7947
830,0x00002358,9048
831,0x000023ef,9199
832,0x00001f6d,8045
833,0x00001f98,8088
834,0x00001f64,8036
835,0x00002745,10053
836,0x00001e19,7705
837,0x00001dce,7630
838,0x00001d27,7463
839,0x00002252,8786
840,0x000023de,9182
841,0x00001dd6,7638
842,0x00001d84,7556
843,0x00001d69,7529
844,0x00002691,9873
845,0x00002000,8192
846,0x00001e33,7731
847,0x00001dff,7679
848,0x00001fdd,8157
849,0x000025dd,9693
850,0x00001c41,7233
851,0x00001d3f,7487
852,0x00001daa,7594
853,0x00002386,9094
854,0x0000225b,8795
855,0x00001d2e,7470
856,0x00001c92,7314
857,0x00001ee8,7912
858,0x00002514,9492
859,0x00001c43,7235
860,0x00001c55,7253
861,0x00001b55,6997
862,0x0000212b,8491
863,0x00001fa5,8101
864,0x00001c1f,7199
865,0x00001c5d,7261
866,0x00001cf5,7413
867,0x0000250d,9485
868,0x00001d22,7458
869,0x00001c00,7168
870,0x00001c14,7188
871,0x00001e8e,7822
872,0x000020da,8410
873,0x00001b35,6965
874,0x00001b16,6934
875,0x00001b22,6946
876,0x00002215,8725
877,0x00001cbc,7356
878,0x00001ac7,6855
879,0x00001c2b,7211
880,0x00001d51,7505
881,0x000023a0,9120
882,0x00001c91,7313
883,0x00001c76,7286
884,0x00001b84,7044
885,0x00002252,8786
886,0x00001eaf,7855
887,0x00001afb,6907
888,0x00001be2,7138
889,0x00001bc0,7104
890,0x000024b2,9394
891,0x00001b78,7032
892,0x00001b51,6993
893,0x00001c3a,7226
894,0x000020f7,8439
895,0x000022d0,8912
896,0x00001c76,7286
897,0x00001c5c,7260
898,0x00001d58,7512
899,0x000024ba,9402
900,0x00001cb6,7350
901,0x00001bd2,7122
902,0x00001bb2,7090
903,0x00001f43,8003
904,0x00002132,8498
905,0x00001bb9,7097
906,0x00001b7f,7039
907,0x00001b05,6917
908,0x000023f0,9200
909,0x00001d1b,7451
910,0x00001bad,7085
911,0x00001bc5,7109
912,0x00001d60,7520
913,0x0000239c,9116
914,0x00001ae4,6884
915,0x00001b5e,7006
916,0x00001b7a,7034
917,0x000021d1,8657
918,0x00001f96,8086
919,0x00001b8d,7053
920,0x00001c10,7184
921,0x00001d26,7462
922,0x000024ee,9454
923,0x00001ccf,7375
924,0x00001d36,7478
925,0x00001d39,7481
926,0x0000231d,8989
927,0x00002120,8480
928,0x00001e02,7682
929,0x00001e46,7750
930,0x00001d4a,7498
931,0x00002717,10007
932,0x00001e1c,7708
933,0x00001f08,7944
934,0x00001ea9,7849
935,0x0000227a,8826
936,0x000026ba,9914
937,0x00001d69,7529
938,0x00001de7,7655
939,0x00001e49,7753
940,0x0000255d,9565
941,0x0000200e,8206
942,0x00001daf,7599
943,0x00001de1,7649
944,0x00001f91,8081
945,0x00002419,9241
946,0x00001ddf,7647
947,0x00001df4,7668
948,0x00001e05,7685
949,0x00002414,9236
950,0x000020e5,8421
951,0x00001c80,7296
952,0x00001d35,7477
953,0x00001eab,7851
954,0x00002625,9765
955,0x00001c9a,7322
956,0x00001c96,7318
957,0x00001c70,7280
958,0x000021f9,8697
959,0x000021fe,8702
960,0x00001d1f,7455
961,0x00001d24,7460
962,0x00001d63,7523
963,0x000026ce,9934
964,0x00001f33,7987
965,0x00001ccc,7372
966,0x00001ccd,7373
967,0x00002176,8566
968,0x000023d5,9173
969,0x00001da3,7587
970,0x00001e22,7714
971,0x00001dd9,7641
972,0x00002671,9841
973,0x00002033,8243
974,0x00001eab,7851
975,0x00001e8b,7819
976,0x000020c9,8393
977,0x0000298d,10637
978,0x00002128,8488
979,0x00002240,8768
980,0x0000225d,8797
981,0x000027bb,10171
982,0x0000239e,9118
983,0x00001e9e,7838
984,0x00001e65,7781
985,0x00001f53,8019
986,0x0000271f,10015
987,0x00001e40,7744
988,0x00001e98,7832
989,0x00001e8c,7820
990,0x00002474,9332
991,0x0000226c,8812
992,0x00001d20,7456
993,0x00001d09,7433
994,0x00001de2,7650
995,0x0000276f,10095
996,0x00001d25,7461
997,0x00001d34,7476
998,0x00001cda,7386
999,0x0000213a,8506
1000,0x000022d5,8917
1001,0x00001d1c,7452
1002,0x00001d4f,7503
1003,0x00001d36,7478
1004,0x000024f3,9459
1005,0x00001fe8,8168
1006,0x00001e26,7718
1007,0x00001db5,7605
1008,0x00002031,8241
1009,0x00002485,9349
1010,0x00001dd9,7641
1011,0x00001de1,7649
1012,0x00001df0,7664
1013,0x00002553,9555
1014,0x0000212f,8495
1015,0x00001e11,7697
1016,0x00001e5d,7773
1017,0x00001eed,7917
1018,0x000029ea,10730
1019,0x00001df9,7673
1020,0x00001e29,7721
1021,0x00001d52,7506
1022,0x00002258,8792
1023,0x0000236f,9071
0,0x00000000,0
1024,0x00312f77,3223415
2048,0x001e229d,1974941
3072,0x00155268,1397352
4096,0x001074b9,1078457
5120,0x000c8c41,822337
6144,0x000b4fd6,741334
7168,0x000ac80c,706572
8192,0x000c6dd5,814549
9216,0x000cda55,842325
10240,0x000feba0,1043360
11264,0x000732b3,471731
12288,0x0002ccaf,183471
13312,0x0000d330,54064
14336,0x00009b09,39689
15360,0x00008b39,35641
16384,0x00007b5d,31581
17408,0x00006ed6,28374
18432,0x0000635a,25434
19456,0x000056ba,22202
20480,0x00005175,20853
21504,0x00005190,20880
22528,0x0000574e,22350
23552,0x0000629f,25247
24576,0x00008528,34088
25600,0x00005e52,24146
26624,0x000053eb,21483
27648,0x00004dbc,19900
28672,0x000049cf,18895
29696,0x0000445c,17500
30720,0x0000425c,16988
31744,0x00003f23,16163
32768,0x00003ccc,15564
33792,0x000039e9,14825
34816,0x000038b6,14518
35840,0x0000356b,13675
36864,0x000033c4,13252
37888,0x00002e2a,11818
38912,0x00002bb9,11193
39936,0x00002bd0,11216
40960,0x00002c13,11283
41984,0x00002fb3,12211
43008,0x000041df,16863
44032,0x00007f7d,32637
45056,0x0000b0a9,45225
46080,0x0000ad0b,44299
47104,0x00008e0e,36366
48128,0x0000689b,26779
49152,0x00004f75,20341
50176,0x00004427,17447
51200,0x00004568,17768
52224,0x000045e0,17888
53248,0x000044f1,17649
54272,0x00003d27,15655
55296,0x00003195,12693
56320,0x00002731,10033
57344,0x00001f81,8065
58368,0x000019c0,6592
59392,0x000014af,5295
60416,0x000010e9,4329
61440,0x00000c7d,3197
62464,0x00000958,2392
63488,0x000006c9,1737
64512,0x000004bb,1211
65536,0x0000033f,831
66560,0x000002a6,678
67584,0x00000220,544
68608,0x000001cd,461
69632,0x0000016f,367
70656,0x00000172,370
71680,0x00000132,306
72704,0x00000126,294
73728,0x00000103,259
74752,0x00000102,258
75776,0x000000fc,252
76800,0x000000ee,238
77824,0x00000109,265
78848,0x0000010f,271
79872,0x000000f0,240
80896,0x000000d2,210
81920,0x000000d3,211
82944,0x000000c2,194
83968,0x000000b3,179
84992,0x00000092,146
86016,0x00000095,149
87040,0x00000072,114
88064,0x00000082,130
89088,0x00000066,102
90112,0x00000066,102
91136,0x0000006a,106
92160,0x00000056,86
93184,0x00000065,101
94208,0x00000067,103
95232,0x0000006a,106
96256,0x00000055,85
97280,0x00000058,88
98304,0x00000053,83
99328,0x00000050,80
100352,0x0000004c,76
101376,0x0000004c,76
102400,0x00000040,64
103424,0x00000044,68
104448,0x00000038,56
105472,0x0000004c,76
106496,0x0000004b,75
107520,0x00000052,82
108544,0x0000005e,94
109568,0x00000064,100
110592,0x00000063,99
111616,0x0000005c,92
112640,0x0000006e,110
113664,0x00000075,117
114688,0x0000005c,92
115712,0x00000055,85
116736,0x0000005d,93
117760,0x0000005b,91
118784,0x00000068,104
119808,0x00000067,103
120832,0x0000007b,123
121856,0x00000058,88
122880,0x0000006a,106
123904,0x00000072,114
124928,0x00000059,89
125952,0x00000069,105
126976,0x00000062,98
128000,0x00000054,84
129024,0x00000065,101
130048,0x00000043,67
131072,0x00000046,70
132096,0x00000039,57
133120,0x00000044,68
134144,0x0000003c,60
135168,0x00000030,48
136192,0x0000003c,60
137216,0x0000001a,26
138240,0x00000028,40
139264,0x00000024,36
140288,0x00000024,36
141312,0x00000017,23
142336,0x0000001b,27
143360,0x00000023,35
144384,0x0000001a,26
145408,0x00000016,22
146432,0x0000001b,27
147456,0x00000022,34
148480,0x0000001e,30
149504,0x00000015,21
150528,0x00000028,40
151552,0x00000018,24
152576,0x00000014,20
153600,0x0000001a,26
154624,0x00000013,19
155648,0x0000001b,27
156672,0x00000015,21
157696,0x0000000f,15
158720,0x0000000d,13
159744,0x00000016,22
160768,0x00000011,17
161792,0x00000011,17
162816,0x00000010,16
163840,0x00000011,17
164864,0x0000000b,11
165888,0x00000008,8
166912,0x0000000f,15
167936,0x0000000e,14
168960,0x00000008,8
169984,0x0000000c,12
171008,0x00000008,8
172032,0x0000000e,14
173056,0x00000008,8
174080,0x0000000a,10
175104,0x0000000c,12
176128,0x0000000a,10
177152,0x00000007,7
178176,0x00000007,7
179200,0x00000009,9
180224,0x00000007,7
181248,0x0000000f,15
182272,0x0000000a,10
183296,0x00000006,6
184320,0x0000000e,14
185344,0x00000010,16
186368,0x0000000a,10
187392,0x00000009,9
188416,0x0000000e,14
189440,0x00000009,9
190464,0x00000008,8
191488,0x0000000b,11
192512,0x00000009,9
193536,0x00000009,9
194560,0x00000006,6
195584,0x00000006,6
196608,0x00000009,9
197632,0x00000005,5
198656,0x00000001,1
199680,0x00000007,7
200704,0x00000004,4
201728,0x00000007,7
202752,0x00000002,2
203776,0x00000003,3
204800,0x00000003,3
205824,0x00000004,4
206848,0x00000002,2
207872,0x00000004,4
208896,0x00000004,4
209920,0x00000002,2
210944,0x00000001,1
211968,0x00000001,1
212992,0x00000000,0
214016,0x00000003,3
215040,0x00000001,1
216064,0x00000002,2
217088,0x00000004,4
218112,0x00000000,0
219136,0x00000001,1
220160,0x00000001,1
221184,0x00000002,2
222208,0x00000006,6
223232,0x00000002,2
224256,0x00000003,3
225280,0x00000001,1
226304,0x00000003,3
227328,0x00000003,3
228352,0x00000002,2
229376,0x00000002,2
230400,0x00000002,2
231424,0x00000003,3
232448,0x00000006,6
233472,0x00000003,3
234496,0x00000004,4
235520,0x00000004,4
236544,0x00000002,2
237568,0x00000004,4
238592,0x00000005,5
239616,0x00000002,2
240640,0x00000002,2
241664,0x00000002,2
242688,0x00000003,3
243712,0x00000004,4
244736,0x00000003,3
245760,0x00000004,4
246784,0x00000002,2
247808,0x00000002,2
248832,0x00000003,3
249856,0x00000002,2
250880,0x00000003,3
251904,0x00000001,1
252928,0x00000004,4
253952,0x00000001,1
254976,0x00000002,2
256000,0x00000001,1
257024,0x00000002,2
258048,0x00000001,1
259072,0x00000002,2
260096,0x00000001,1
261120,0x00000002,2
262144,0x00000001,1
263168,0x00000003,3
264192,0x00000001,1
265216,0x00000001,1
266240,0x00000002,2
267264,0x00000001,1
268288,0x00000001,1
269312,0x00000003,3
270336,0x00000001,1
271360,0x00000003,3
272384,0x00000001,1
273408,0x00000000,0
274432,0x00000002,2
275456,0x00000002,2
276480,0x00000001,1
277504,0x00000004,4
278528,0x00000003,3
279552,0x00000000,0
280576,0x00000002,2
281600,0x00000001,1
282624,0x00000001,1
283648,0x00000004,4
284672,0x00000000,0
285696,0x00000001,1
286720,0x00000002,2
287744,0x00000001,1
288768,0x00000001,1
289792,0x00000003,3
290816,0x00000001,1
291840,0x00000000,0
292864,0x00000001,1
293888,0x00000001,1
294912,0x00000001,1
295936,0x00000000,0
296960,0x00000004,4
297984,0x00000003,3
299008,0x00000003,3
300032,0x00000000,0
301056,0x00000002,2
302080,0x00000000,0
303104,0x00000003,3
304128,0x00000003,3
305152,0x00000002,2
306176,0x00000001,1
307200,0x00000002,2
308224,0x00000002,2
309248,0x00000004,4
310272,0x00000003,3
311296,0x00000002,2
312320,0x00000003,3
313344,0x00000001,1
314368,0x00000002,2
315392,0x00000002,2
316416,0x00000003,3
317440,0x00000001,1
318464,0x00000002,2
319488,0x00000002,2
320512,0x00000002,2
321536,0x00000004,4
322560,0x00000001,1
323584,0x00000002,2
324608,0x00000001,1
325632,0x00000001,1
326656,0x00000004,4
327680,0x00000003,3
328704,0x00000001,1
329728,0x00000002,2
330752,0x00000002,2
331776,0x00000002,2
332800,0x00000003,3
333824,0x00000002,2
334848,0x00000003,3
335872,0x00000001,1
336896,0x00000001,1
337920,0x00000004,4
338944,0x00000002,2
339968,0x00000002,2
340992,0x00000003,3
342016,0x00000003,3
343040,0x00000001,1
344064,0x00000000,0
345088,0x00000000,0
346112,0x00000002,2
347136,0x00000001,1
348160,0x00000000,0
349184,0x00000001,1
350208,0x00000000,0
351232,0x00000004,4
352256,0x00000001,1
353280,0x00000000,0
354304,0x00000000,0
355328,0x00000002,2
356352,0x00000001,1
357376,0x00000002,2
358400,0x00000002,2
359424,0x00000001,1
360448,0x00000001,1
361472,0x00000001,1
362496,0x00000002,2
363520,0x00000003,3
364544,0x00000002,2
365568,0x00000002,2
366592,0x00000002,2
367616,0x00000000,0
368640,0x00000002,2
369664,0x00000001,1
370688,0x00000002,2
371712,0x00000004,4
372736,0x00000000,0
373760,0x00000003,3
374784,0x00000002,2
375808,0x00000003,3
376832,0x00000001,1
377856,0x00000003,3
378880,0x00000002,2
379904,0x00000002,2
380928,0x00000000,0
381952,0x00000001,1
382976,0x00000000,0
384000,0x00000001,1
385024,0x00000002,2
386048,0x00000003,3
387072,0x00000002,2
388096,0x00000000,0
389120,0x00000000,0
390144,0x00000000,0
391168,0x00000000,0
392192,0x00000003,3
393216,0x00000002,2
394240,0x00000000,0
395264,0x00000002,2
396288,0x00000003,3
397312,0x00000001,1
398336,0x00000001,1
399360,0x00000004,4
400384,0x00000000,0
401408,0x00000001,1
402432,0x00000003,3
403456,0x00000001,1
404480,0x00000001,1
405504,0x00000002,2
406528,0x00000000,0
407552,0x00000002,2
408576,0x00000003,3
409600,0x00000001,1
410624,0x00000001,1
411648,0x00000001,1
412672,0x00000004,4
413696,0x00000001,1
414720,0x00000002,2
415744,0x00000001,1
416768,0x00000001,1
417792,0x00000000,0
418816,0x00000002,2
419840,0x00000002,2
420864,0x00000000,0
421888,0x00000001,1
422912,0x00000001,1
423936,0x00000002,2
424960,0x00000001,1
425984,0x00000003,3
427008,0x00000003,3
428032,0x00000002,2
429056,0x00000000,0
430080,0x00000001,1
431104,0x00000003,3
432128,0x00000002,2
433152,0x00000002,2
434176,0x00000003,3
435200,0x00000000,0
436224,0x00000001,1
437248,0x00000001,1
438272,0x00000002,2
439296,0x00000001,1
440320,0x00000001,1
441344,0x00000003,3
442368,0x00000001,1
443392,0x00000000,0
444416,0x00000002,2
445440,0x00000000,0
446464,0x00000002,2
447488,0x00000001,1
448512,0x00000002,2
449536,0x00000000,0
450560,0x00000003,3
451584,0x00000000,0
452608,0x00000002,2
453632,0x00000000,0
454656,0x00000001,1
455680,0x00000001,1
456704,0x00000002,2
457728,0x00000002,2
458752,0x00000000,0
459776,0x00000002,2
460800,0x00000001,1
461824,0x00000001,1
462848,0x00000006,6
463872,0x00000001,1
464896,0x00000000,0
465920,0x00000002,2
466944,0x00000004,4
467968,0x00000002,2
468992,0x00000001,1
470016,0x00000000,0
471040,0x00000003,3
472064,0x00000003,3
473088,0x00000000,0
474112,0x00000004,4
475136,0x00000001,1
476160,0x00000002,2
477184,0x00000003,3
478208,0x00000001,1
479232,0x00000000,0
480256,0x00000000,0
481280,0x00000000,0
482304,0x00000003,3
483328,0x00000001,1
484352,0x00000002,2
485376,0x00000000,0
486400,0x00000002,2
487424,0x00000005,5
488448,0x00000003,3
489472,0x00000000,0
490496,0x00000001,1
491520,0x00000000,0
492544,0x00000000,0
493568,0x00000004,4
494592,0x00000001,1
495616,0x00000002,2
496640,0x00000002,2
497664,0x00000003,3
498688,0x00000001,1
499712,0x00000001,1
500736,0x00000004,4
501760,0x00000004,4
502784,0x00000000,0
503808,0x00000001,1
504832,0x00000000,0
505856,0x00000001,1
506880,0x00000000,0
507904,0x00000003,3
508928,0x00000002,2
509952,0x00000001,1
510976,0x00000001,1
512000,0x00000001,1
513024,0x00000001,1
514048,0x00000001,1
515072,0x00000002,2
516096,0x00000002,2
517120,0x00000005,5
518144,0x00000002,2
519168,0x00000001,1
520192,0x00000001,1
521216,0x00000000,0
522240,0x00000002,2
523264,0x00000001,1
524288,0x00000002,2
525312,0x00000003,3
526336,0x00000003,3
527360,0x00000003,3
528384,0x00000001,1
529408,0x00000000,0
530432,0x00000000,0
531456,0x00000000,0
532480,0x00000001,1
533504,0x00000002,2
534528,0x00000004,4
535552,0x00000001,1
536576,0x00000001,1
537600,0x00000000,0
538624,0x00000000,0
539648,0x00000000,0
540672,0x00000001,1
541696,0x00000001,1
542720,0x00000002,2
543744,0x00000002,2
544768,0x00000002,2
545792,0x00000001,1
546816,0x00000001,1
547840,0x00000000,0
548864,0x00000001,1
549888,0x00000000,0
550912,0x00000002,2
551936,0x00000001,1
552960,0x00000002,2
553984,0x00000000,0
555008,0x00000003,3
556032,0x00000002,2
557056,0x00000001,1
558080,0x00000002,2
559104,0x00000001,1
560128,0x00000000,0
561152,0x00000002,2
562176,0x00000000,0
563200,0x00000002,2
564224,0x00000001,1
565248,0x00000003,3
566272,0x00000000,0
567296,0x00000000,0
568320,0x00000000,0
569344,0x00000003,3
570368,0x00000002,2
571392,0x00000002,2
572416,0x00000002,2
573440,0x00000000,0
574464,0x00000002,2
575488,0x00000002,2
576512,0x00000003,3
577536,0x00000000,0
578560,0x00000001,1
579584,0x00000000,0
580608,0x00000002,2
581632,0x00000001,1
582656,0x00000002,2
583680,0x00000000,0
584704,0x00000002,2
585728,0x00000002,2
586752,0x00000000,0
587776,0x00000000,0
588800,0x00000000,0
589824,0x00000002,2
590848,0x00000002,2
591872,0x00000000,0
592896,0x00000001,1
593920,0x00000000,0
594944,0x00000000,0
595968,0x00000002,2
596992,0x00000002,2
598016,0x00000000,0
599040,0x00000001,1
600064,0x00000000,0
601088,0x00000001,1
602112,0x00000000,0
603136,0x00000000,0
604160,0x00000000,0
605184,0x00000002,2
606208,0x00000002,2
607232,0x00000000,0
608256,0x00000001,1
609280,0x00000000,0
610304,0x00000001,1
611328,0x00000000,0
612352,0x00000000,0
613376,0x00000002,2
614400,0x00000002,2
615424,0x00000000,0
616448,0x00000002,2
617472,0x00000001,1
618496,0x00000002,2
619520,0x00000002,2
620544,0x00000000,0
621568,0x00000000,0
622592,0x00000001,1
623616,0x00000002,2
624640,0x00000001,1
625664,0x00000002,2
626688,0x00000000,0
627712,0x00000001,1
628736,0x00000001,1
629760,0x00000000,0
630784,0x00000000,0
631808,0x00000000,0
632832,0x00000002,2
633856,0x00000000,0
634880,0x00000002,2
635904,0x00000000,0
636928,0x00000000,0
637952,0x00000003,3
638976,0x00000001,1
640000,0x00000001,1
641024,0x00000001,1
642048,0x00000001,1
643072,0x00000000,0
644096,0x00000000,0
645120,0x00000000,0
646144,0x00000001,1
647168,0x00000001,1
648192,0x00000002,2
649216,0x00000000,0
650240,0x00000001,1
651264,0x00000001,1
652288,0x00000002,2
653312,0x00000000,0
654336,0x00000002,2
655360,0x00000000,0
656384,0x00000002,2
657408,0x00000002,2
658432,0x00000003,3
659456,0x00000003,3
660480,0x00000000,0
661504,0x00000000,0
662528,0x00000000,0
663552,0x00000000,0
664576,0x00000002,2
665600,0x00000000,0
666624,0x00000001,1
667648,0x00000000,0
668672,0x00000000,0
669696,0x00000000,0
670720,0x00000001,1
671744,0x00000001,1
672768,0x00000000,0
673792,0x00000000,0
674816,0x00000000,0
675840,0x00000001,1
676864,0x00000001,1
677888,0x00000002,2
678912,0x00000001,1
679936,0x00000001,1
680960,0x00000000,0
681984,0x00000000,0
683008,0x00000000,0
684032,0x00000000,0
685056,0x00000000,0
686080,0x00000000,0
687104,0x00000002,2
688128,0x00000002,2
689152,0x00000003,3
690176,0x00000000,0
691200,0x00000000,0
692224,0x00000000,0
693248,0x00000001,1
694272,0x00000001,1
695296,0x00000000,0
696320,0x00000001,1
697344,0x00000003,3
698368,0x00000001,1
699392,0x00000000,0
700416,0x00000001,1
701440,0x00000002,2
702464,0x00000000,0
703488,0x00000000,0
704512,0x00000001,1
705536,0x00000000,0
706560,0x00000000,0
707584,0x00000001,1
708608,0x00000002,2
709632,0x00000001,1
710656,0x00000001,1
711680,0x00000000,0
712704,0x00000002,2
713728,0x00000000,0
714752,0x00000002,2
715776,0x00000000,0
716800,0x00000000,0
717824,0x00000000,0
718848,0x00000000,0
719872,0x00000001,1
720896,0x00000003,3
721920,0x00000002,2
722944,0x00000000,0
723968,0x00000000,0
724992,0x00000001,1
726016,0x00000001,1
727040,0x00000000,0
728064,0x00000000,0
729088,0x00000001,1
730112,0x00000000,0
731136,0x00000000,0
732160,0x00000001,1
733184,0x00000000,0
734208,0x00000002,2
735232,0x00000002,2
736256,0x00000001,1
737280,0x00000000,0
738304,0x00000003,3
739328,0x00000000,0
740352,0x00000000,0
741376,0x00000003,3
742400,0x00000000,0
743424,0x00000000,0
744448,0x00000000,0
745472,0x00000000,0
746496,0x00000000,0
747520,0x00000001,1
748544,0x00000001,1
749568,0x00000003,3
750592,0x00000001,1
751616,0x00000001,1
752640,0x00000001,1
753664,0x00000001,1
754688,0x00000000,0
755712,0x00000000,0
756736,0x00000000,0
757760,0x00000005,5
758784,0x00000001,1
759808,0x00000001,1
760832,0x00000003,3
761856,0x00000000,0
762880,0x00000000,0
763904,0x00000000,0
764928,0x00000000,0
765952,0x00000002,2
766976,0x00000000,0
768000,0x00000002,2
769024,0x00000001,1
770048,0x00000000,0
771072,0x00000002,2
772096,0x00000001,1
773120,0x00000002,2
774144,0x00000002,2
775168,0x00000000,0
776192,0x00000000,0
777216,0x00000002,2
778240,0x00000001,1
779264,0x00000002,2
780288,0x00000000,0
781312,0x00000001,1
782336,0x00000003,3
783360,0x00000003,3
784384,0x00000002,2
785408,0x00000000,0
786432,0x00000003,3
787456,0x00000000,0
788480,0x00000004,4
789504,0x00000003,3
790528,0x00000004,4
791552,0x00000007,7
792576,0x00000007,7
793600,0x0000000c,12
794624,0x00000036,54
795648,0x00000019,25
796672,0x00000015,21
797696,0x00000029,41
798720,0x000001ef,495
799744,0x000000f7,247
800768,0x00000018,24
801792,0x0000001a,26
802816,0x0000003c,60
803840,0x00000059,89
804864,0x0000000d,13
805888,0x0000000d,13
806912,0x0000000d,13
807936,0x00000007,7
808960,0x00000003,3
809984,0x00000006,6
811008,0x00000001,1
812032,0x00000001,1
813056,0x00000002,2
814080,0x00000001,1
815104,0x00000000,0
816128,0x00000003,3
817152,0x00000003,3
818176,0x00000001,1
819200,0x00000003,3
820224,0x00000002,2
821248,0x00000001,1
822272,0x00000002,2
823296,0x00000002,2
824320,0x00000005,5
825344,0x00000005,5
826368,0x00000007,7
827392,0x00000001,1
828416,0x00000000,0
829440,0x00000003,3
830464,0x00000002,2
831488,0x00000001,1
832512,0x00000003,3
833536,0x00000004,4
834560,0x00000002,2
835584,0x00000002,2
836608,0x00000003,3
837632,0x00000007,7
838656,0x00000001,1
839680,0x00000004,4
840704,0x00000003,3
841728,0x00000002,2
842752,0x00000005,5
843776,0x00000001,1
844800,0x00000001,1
845824,0x00000001,1
846848,0x00000001,1
847872,0x00000002,2
848896,0x00000001,1
849920,0x00000002,2
850944,0x00000003,3
851968,0x00000003,3
852992,0x00000005,5
854016,0x00000000,0
855040,0x00000001,1
856064,0x00000001,1
857088,0x00000001,1
858112,0x00000002,2
859136,0x00000001,1
860160,0x00000001,1
861184,0x00000000,0
862208,0x00000001,1
863232,0x00000004,4
864256,0x00000000,0
865280,0x00000002,2
866304,0x00000002,2
867328,0x00000002,2
868352,0x00000002,2
869376,0x00000003,3
870400,0x00000003,3
871424,0x00000000,0
872448,0x00000003,3
873472,0x00000003,3
874496,0x00000002,2
875520,0x00000002,2
876544,0x00000000,0
877568,0x00000002,2
878592,0x00000001,1
879616,0x00000003,3
880640,0x00000007,7
881664,0x00000003,3
882688,0x00000001,1
883712,0x00000001,1
884736,0x00000003,3
885760,0x00000002,2
886784,0x00000000,0
887808,0x00000001,1
888832,0x00000006,6
889856,0x00000004,4
890880,0x00000002,2
891904,0x00000002,2
892928,0x00000004,4
893952,0x00000003,3
894976,0x00000001,1
896000,0x00000001,1
897024,0x00000003,3
898048,0x00000003,3
899072,0x00000004,4
900096,0x00000001,1
901120,0x00000000,0
902144,0x00000004,4
903168,0x00000001,1
904192,0x00000003,3
905216,0x00000002,2
906240,0x00000001,1
907264,0x00000007,7
908288,0x00000002,2
909312,0x00000001,1
910336,0x00000002,2
911360,0x00000002,2
912384,0x00000005,5
913408,0x00000002,2
914432,0x00000003,3
915456,0x00000003,3
916480,0x00000003,3
917504,0x00000004,4
918528,0x00000002,2
919552,0x00000002,2
920576,0x00000000,0
921600,0x00000001,1
922624,0x00000003,3
923648,0x00000001,1
924672,0x00000002,2
925696,0x00000001,1
926720,0x00000002,2
927744,0x00000001,1
928768,0x00000006,6
929792,0x00000002,2
930816,0x00000003,3
931840,0x00000004,4
932864,0x00000000,0
933888,0x00000003,3
934912,0x00000004,4
935936,0x00000000,0
936960,0x00000001,1
937984,0x00000005,5
939008,0x00000002,2
940032,0x00000003,3
941056,0x00000001,1
942080,0x00000002,2
943104,0x00000003,3
944128,0x00000002,2
945152,0x00000003,3
946176,0x00000001,1
947200,0x00000000,0
948224,0x00000002,2
949248,0x00000001,1
950272,0x00000002,2
951296,0x00000003,3
952320,0x00000001,1
953344,0x00000005,5
954368,0x00000003,3
955392,0x00000001,1
956416,0x00000004,4
957440,0x00000002,2
958464,0x00000001,1
959488,0x00000000,0
960512,0x00000002,2
961536,0x00000003,3
962560,0x00000001,1
963584,0x00000000,0
964608,0x00000001,1
965632,0x00000002,2
966656,0x00000003,3
967680,0x00000003,3
968704,0x00000001,1
969728,0x00000002,2
970752,0x00000001,1
971776,0x00000001,1
972800,0x00000001,1
973824,0x00000002,2
974848,0x00000003,3
975872,0x00000001,1
976896,0x00000003,3
977920,0x00000001,1
978944,0x00000001,1
979968,0x00000003,3
980992,0x00000003,3
982016,0x00000005,5
983040,0x00000004,4
984064,0x00000003,3
985088,0x00000000,0
986112,0x00000001,1
987136,0x00000002,2
988160,0x00000004,4
989184,0x00000005,5
990208,0x00000001,1
991232,0x00000002,2
992256,0x00000004,4
993280,0x00000005,5
994304,0x00000004,4
995328,0x00000005,5
996352,0x00000003,3
997376,0x00000003,3
998400,0x00000004,4
999424,0x00000003,3
1000448,0x00000005,5
1001472,0x00000003,3
1002496,0x00000002,2
1003520,0x00000004,4
1004544,0x00000000,0
1005568,0x00000002,2
1006592,0x00000002,2
1007616,0x00000003,3
1008640,0x00000002,2
1009664,0x00000005,5
1010688,0x00000002,2
1011712,0x00000003,3
1012736,0x00000002,2
1013760,0x00000001,1
1014784,0x00000002,2
1015808,0x00000005,5
1016832,0x00000002,2
1017856,0x00000004,4
1018880,0x00000001,1
1019904,0x00000000,0
1020928,0x00000005,5
1021952,0x00000000,0
1022976,0x00000002,2
1024000,0x00000001,1
1025024,0x00000000,0
1026048,0x00000003,3
1027072,0x00000006,6
1028096,0x00000000,0
1029120,0x00000001,1
1030144,0x00000001,1
1031168,0x00000002,2
1032192,0x00000002,2
1033216,0x00000002,2
1034240,0x00000001,1
1035264,0x00000000,0
1036288,0x00000002,2
1037312,0x00000000,0
1038336,0x00000000,0
1039360,0x00000001,1
1040384,0x00000001,1
1041408,0x00000000,0
1042432,0x00000001,1
1043456,0x00000001,1
1044480,0x00000000,0
1045504,0x00000002,2
1046528,0x00000001,1
1047552,0x00000000,0
0,0x00000000,0
1048576,0x000003d8,984
2097152,0x00000206,518
3145728,0x00000133,307
4194304,0x000000fc,252
5242880,0x00000138,312
6291456,0x00000522,1314
7340032,0x00000736,1846
8388608,0x000000a1,161
9437184,0x00000033,51
10485760,0x0000002c,44
11534336,0x0000003b,59
12582912,0x0000002b,43
13631488,0x00000023,35
14680064,0x00000024,36
15728640,0x0000000d,13
16777216,0x00000012,18
17825792,0x0000001b,27
18874368,0x00000023,35
19922944,0x00000034,52
20971520,0x0000004a,74
22020096,0x00000077,119
23068672,0x0000000a,10
24117248,0x00000008,8
25165824,0x00000006,6
26214400,0x0000000f,15
27262976,0x00000004,4
28311552,0x00000007,7
29360128,0x0000000e,14
30408704,0x00000009,9
31457280,0x0000000c,12
32505856,0x0000002a,42
33554432,0x00000028,40
34603008,0x0000000b,11
35651584,0x0000000b,11
36700160,0x00000005,5
37748736,0x00000011,17
38797312,0x00000015,21
39845888,0x0000002c,44
40894464,0x00000051,81
41943040,0x0000001d,29
42991616,0x00000023,35
44040192,0x0000000b,11
45088768,0x00000012,18
46137344,0x00000020,32
47185920,0x0000000d,13
48234496,0x0000003a,58
49283072,0x00000035,53
50331648,0x00000012,18
51380224,0x0000001a,26
52428800,0x00000021,33
53477376,0x0000003f,63
54525952,0x00000051,81
55574528,0x00000067,103
56623104,0x00000048,72
57671680,0x00000024,36
58720256,0x0000000f,15
59768832,0x00000012,18
60817408,0x00000006,6
61865984,0x00000003,3
62914560,0x0000001a,26
63963136,0x00000005,5
65011712,0x00000010,16
66060288,0x00000008,8
67108864,0x00000067,103
68157440,0x00000021,33
69206016,0x00000004,4
70254592,0x00000010,16
71303168,0x0000000c,12
72351744,0x0000000d,13
73400320,0x0000000a,10
74448896,0x00000000,0
75497472,0x00000002,2
76546048,0x00000001,1
77594624,0x00000014,20
78643200,0x0000000b,11
79691776,0x00000018,24
80740352,0x00000009,9
81788928,0x00000003,3
82837504,0x00000000,0
83886080,0x00000000,0
84934656,0x00000001,1
85983232,0x0000000d,13
87031808,0x0000000e,14
88080384,0x00000000,0
89128960,0x00000002,2
90177536,0x00000000,0
91226112,0x00000015,21
92274688,0x00000006,6
93323264,0x00000012,18
94371840,0x00000001,1
95420416,0x0000000a,10
96468992,0x0000001d,29
97517568,0x00000006,6
98566144,0x00000001,1
99614720,0x00000001,1
100663296,0x00000003,3
101711872,0x00000009,9
102760448,0x00000009,9
103809024,0x00000002,2
104857600,0x00000001,1
105906176,0x00000008,8
106954752,0x00000000,0
108003328,0x00000000,0
109051904,0x00000001,1
110100480,0x00000000,0
111149056,0x00000000,0
112197632,0x0000000f,15
113246208,0x0000000a,10
114294784,0x00000000,0
115343360,0x00000000,0
116391936,0x00000001,1
117440512,0x00000000,0
118489088,0x00000001,1
119537664,0x00000015,21
120586240,0x0000000e,14
121634816,0x00000021,33
122683392,0x00000000,0
123731968,0x00000000,0
124780544,0x00000002,2
125829120,0x00000000,0
126877696,0x00000000,0
127926272,0x00000000,0
128974848,0x00000000,0
130023424,0x00000002,2
131072000,0x00000000,0
132120576,0x00000012,18
133169152,0x00000000,0
134217728,0x0000000e,14
135266304,0x00000000,0
136314880,0x00000000,0
137363456,0x00000000,0
138412032,0x00000000,0
139460608,0x00000003,3
140509184,0x00000001,1
141557760,0x00000010,16
142606336,0x00000002,2
143654912,0x00000001,1
144703488,0x00000006,6
145752064,0x00000003,3
146800640,0x00000000,0
147849216,0x00000000,0
148897792,0x00000000,0
149946368,0x00000000,0
150994944,0x00000001,1
152043520,0x00000000,0
153092096,0x00000005,5
154140672,0x00000000,0
155189248,0x00000000,0
156237824,0x00000000,0
157286400,0x00000000,0
158334976,0x00000000,0
159383552,0x00000000,0
160432128,0x00000000,0
161480704,0x00000000,0
162529280,0x00000000,0
163577856,0x00000000,0
164626432,0x00000000,0
165675008,0x00000000,0
166723584,0x00000000,0
167772160,0x00000000,0
168820736,0x00000000,0
169869312,0x00000000,0
170917888,0x00000000,0
171966464,0x00000000,0
173015040,0x00000000,0
174063616,0x00000001,1
175112192,0x00000000,0
176160768,0x00000001,1
177209344,0x00000000,0
178257920,0x00000000,0
179306496,0x00000001,1
180355072,0x00000000,0
181403648,0x00000000,0
182452224,0x00000000,0
183500800,0x00000000,0
184549376,0x00000000,0
185597952,0x00000000,0
186646528,0x00000000,0
187695104,0x00000009,9
188743680,0x00000000,0
189792256,0x00000000,0
190840832,0x00000000,0
191889408,0x00000000,0
192937984,0x00000003,3
193986560,0x00000007,7
195035136,0x00000002,2
196083712,0x00000000,0
197132288,0x00000002,2
198180864,0x00000006,6
199229440,0x00000058,88
200278016,0x0000000a,10
201326592,0x00000000,0
202375168,0x00000000,0
203423744,0x00000000,0
204472320,0x00000000,0
205520896,0x00000000,0
206569472,0x00000000,0
207618048,0x00000000,0
208666624,0x00000000,0
209715200,0x00000000,0
210763776,0x00000000,0
211812352,0x00000000,0
212860928,0x00000000,0
213909504,0x00000000,0
214958080,0x00000000,0
216006656,0x00000000,0
217055232,0x00000000,0
218103808,0x00000000,0
219152384,0x00000000,0
220200960,0x00000000,0
221249536,0x00000000,0
222298112,0x00000000,0
223346688,0x00000000,0
224395264,0x00000000,0
225443840,0x00000000,0
226492416,0x00000000,0
227540992,0x00000000,0
228589568,0x00000000,0
229638144,0x00000000,0
230686720,0x00000000,0
231735296,0x00000000,0
232783872,0x00000000,0
233832448,0x00000000,0
234881024,0x00000000,0
235929600,0x00000000,0
236978176,0x00000000,0
238026752,0x00000000,0
239075328,0x00000000,0
240123904,0x00000000,0
241172480,0x00000000,0
242221056,0x00000000,0
243269632,0x00000000,0
244318208,0x00000000,0
245366784,0x00000000,0
246415360,0x00000000,0
247463936,0x00000000,0
248512512,0x00000000,0
249561088,0x00000000,0
250609664,0x00000000,0
251658240,0x00000000,0
252706816,0x00000000,0
253755392,0x00000000,0
254803968,0x00000000,0
255852544,0x00000000,0
256901120,0x00000000,0
257949696,0x00000000,0
258998272,0x00000000,0
260046848,0x00000000,0
261095424,0x00000000,0
262144000,0x00000000,0
263192576,0x00000000,0
264241152,0x00000000,0
265289728,0x00000000,0
266338304,0x00000000,0
267386880,0x00000000,0
268435456,0x00000000,0
269484032,0x00000000,0
270532608,0x00000000,0
271581184,0x00000000,0
272629760,0x00000000,0
273678336,0x00000000,0
274726912,0x00000000,0
275775488,0x00000000,0
276824064,0x00000000,0
277872640,0x00000000,0
278921216,0x00000000,0
279969792,0x00000000,0
281018368,0x00000000,0
282066944,0x00000000,0
283115520,0x00000000,0
284164096,0x00000000,0
285212672,0x00000000,0
286261248,0x00000000,0
287309824,0x00000000,0
288358400,0x00000000,0
289406976,0x00000000,0
290455552,0x00000000,0
291504128,0x00000000,0
292552704,0x00000000,0
293601280,0x00000000,0
294649856,0x00000000,0
295698432,0x00000000,0
296747008,0x00000000,0
297795584,0x00000000,0
298844160,0x00000000,0
299892736,0x00000000,0
300941312,0x00000000,0
301989888,0x00000000,0
303038464,0x00000000,0
304087040,0x00000000,0
305135616,0x00000000,0
306184192,0x00000000,0
307232768,0x00000000,0
308281344,0x00000000,0
309329920,0x00000000,0
310378496,0x00000000,0
311427072,0x00000000,0
312475648,0x00000000,0
313524224,0x00000000,0
314572800,0x00000000,0
315621376,0x00000000,0
316669952,0x00000000,0
317718528,0x00000000,0
318767104,0x00000000,0
319815680,0x00000000,0
320864256,0x00000000,0
321912832,0x00000000,0
322961408,0x00000000,0
324009984,0x00000000,0
325058560,0x00000000,0
326107136,0x00000000,0
327155712,0x00000000,0
328204288,0x00000000,0
329252864,0x00000000,0
330301440,0x00000000,0
331350016,0x00000000,0
332398592,0x00000000,0
333447168,0x00000000,0
334495744,0x00000000,0
335544320,0x00000000,0
336592896,0x00000000,0
337641472,0x00000000,0
338690048,0x00000000,0
339738624,0x00000000,0
340787200,0x00000000,0
341835776,0x00000000,0
342884352,0x00000000,0
343932928,0x00000000,0
344981504,0x00000000,0
346030080,0x00000000,0
347078656,0x00000000,0
348127232,0x00000000,0
349175808,0x00000000,0
350224384,0x00000000,0
351272960,0x00000000,0
352321536,0x00000000,0
353370112,0x00000000,0
354418688,0x00000000,0
355467264,0x00000000,0
356515840,0x00000000,0
357564416,0x00000000,0
358612992,0x00000000,0
359661568,0x00000000,0
360710144,0x00000000,0
361758720,0x00000000,0
362807296,0x00000000,0
363855872,0x00000000,0
364904448,0x00000000,0
365953024,0x00000000,0
367001600,0x00000000,0
368050176,0x00000000,0
369098752,0x00000000,0
370147328,0x00000000,0
371195904,0x00000000,0
372244480,0x00000000,0
373293056,0x00000000,0
374341632,0x00000000,0
375390208,0x00000000,0
376438784,0x00000000,0
377487360,0x00000000,0
378535936,0x00000000,0
379584512,0x00000000,0
380633088,0x00000000,0
381681664,0x00000000,0
382730240,0x00000000,0
383778816,0x00000000,0
384827392,0x00000000,0
385875968,0x00000000,0
386924544,0x00000000,0
387973120,0x00000000,0
389021696,0x00000000,0
390070272,0x00000000,0
391118848,0x00000000,0
392167424,0x00000000,0
393216000,0x00000000,0
394264576,0x00000000,0
395313152,0x00000000,0
396361728,0x00000000,0
397410304,0x00000000,0
398458880,0x00000000,0
399507456,0x00000000,0
400556032,0x00000000,0
401604608,0x00000000,0
402653184,0x00000000,0
403701760,0x00000000,0
404750336,0x00000000,0
405798912,0x00000000,0
406847488,0x00000000,0
407896064,0x00000000,0
408944640,0x00000000,0
409993216,0x00000000,0
411041792,0x00000000,0
412090368,0x00000000,0
413138944,0x00000000,0
414187520,0x00000000,0
415236096,0x00000000,0
416284672,0x00000000,0
417333248,0x00000000,0
418381824,0x00000000,0
419430400,0x00000000,0
420478976,0x00000000,0
421527552,0x00000000,0
422576128,0x00000000,0
423624704,0x00000000,0
424673280,0x00000000,0
425721856,0x00000000,0
426770432,0x00000000,0
427819008,0x00000000,0
428867584,0x00000000,0
429916160,0x00000000,0
430964736,0x00000000,0
432013312,0x00000000,0
433061888,0x00000000,0
434110464,0x00000000,0
435159040,0x00000000,0
436207616,0x00000000,0
437256192,0x00000000,0
438304768,0x00000000,0
439353344,0x00000000,0
440401920,0x00000000,0
441450496,0x00000000,0
442499072,0x00000000,0
443547648,0x00000000,0
444596224,0x00000000,0
445644800,0x00000000,0
446693376,0x00000000,0
447741952,0x00000000,0
448790528,0x00000000,0
449839104,0x00000000,0
450887680,0x00000000,0
451936256,0x00000000,0
452984832,0x00000000,0
454033408,0x00000000,0
455081984,0x00000000,0
456130560,0x00000000,0
457179136,0x00000000,0
458227712,0x00000000,0
459276288,0x00000000,0
460324864,0x00000000,0
461373440,0x00000000,0
462422016,0x00000000,0
463470592,0x00000000,0
464519168,0x00000000,0
465567744,0x00000000,0
466616320,0x00000000,0
467664896,0x00000000,0
468713472,0x00000000,0
469762048,0x00000000,0
470810624,0x00000000,0
471859200,0x00000000,0
472907776,0x00000000,0
473956352,0x00000000,0
475004928,0x00000000,0
476053504,0x00000000,0
477102080,0x00000000,0
478150656,0x00000000,0
479199232,0x00000000,0
480247808,0x00000000,0
481296384,0x00000000,0
482344960,0x00000000,0
483393536,0x00000000,0
484442112,0x00000000,0
485490688,0x00000000,0
486539264,0x00000000,0
487587840,0x00000000,0
488636416,0x00000000,0
489684992,0x00000000,0
490733568,0x00000000,0
491782144,0x00000000,0
492830720,0x00000000,0
493879296,0x00000000,0
494927872,0x00000000,0
495976448,0x00000000,0
497025024,0x00000000,0
498073600,0x00000000,0
499122176,0x00000000,0
500170752,0x00000000,0
501219328,0x00000000,0
502267904,0x00000000,0
503316480,0x00000000,0
504365056,0x00000000,0
505413632,0x00000000,0
506462208,0x00000000,0
507510784,0x00000000,0
508559360,0x00000000,0
509607936,0x00000000,0
510656512,0x00000000,0
511705088,0x00000000,0
512753664,0x00000000,0
513802240,0x00000000,0
514850816,0x00000000,0
515899392,0x00000000,0
516947968,0x00000000,0
517996544,0x00000000,0
519045120,0x00000000,0
520093696,0x00000000,0
521142272,0x00000000,0
522190848,0x00000000,0
523239424,0x00000000,0
524288000,0x00000000,0
525336576,0x00000000,0
526385152,0x00000000,0
527433728,0x00000000,0
528482304,0x00000000,0
529530880,0x00000000,0
530579456,0x00000000,0
531628032,0x00000000,0
532676608,0x00000000,0
533725184,0x00000000,0
534773760,0x00000000,0
535822336,0x00000000,0
536870912,0x00000000,0
537919488,0x00000000,0
538968064,0x00000000,0
540016640,0x00000000,0
541065216,0x00000000,0
542113792,0x00000000,0
543162368,0x00000000,0
544210944,0x00000000,0
545259520,0x00000000,0
546308096,0x00000000,0
547356672,0x00000000,0
548405248,0x00000000,0
549453824,0x00000000,0
550502400,0x00000000,0
551550976,0x00000000,0
552599552,0x00000000,0
553648128,0x00000000,0
554696704,0x00000000,0
555745280,0x00000000,0
556793856,0x00000000,0
557842432,0x00000000,0
558891008,0x00000000,0
559939584,0x00000000,0
560988160,0x00000000,0
562036736,0x00000000,0
563085312,0x00000000,0
564133888,0x00000000,0
565182464,0x00000000,0
566231040,0x00000000,0
567279616,0x00000000,0
568328192,0x00000000,0
569376768,0x00000000,0
570425344,0x00000000,0
571473920,0x00000000,0
572522496,0x00000000,0
573571072,0x00000000,0
574619648,0x00000000,0
575668224,0x00000000,0
576716800,0x00000000,0
577765376,0x00000000,0
578813952,0x00000000,0
579862528,0x00000000,0
580911104,0x00000000,0
581959680,0x00000000,0
583008256,0x00000000,0
584056832,0x00000000,0
585105408,0x00000000,0
586153984,0x00000000,0
587202560,0x00000000,0
588251136,0x00000000,0
589299712,0x00000000,0
590348288,0x00000000,0
591396864,0x00000000,0
592445440,0x00000000,0
593494016,0x00000000,0
594542592,0x00000000,0
595591168,0x00000000,0
596639744,0x00000000,0
597688320,0x00000000,0
598736896,0x00000000,0
599785472,0x00000000,0
600834048,0x00000000,0
601882624,0x00000000,0
602931200,0x00000000,0
603979776,0x00000000,0
605028352,0x00000000,0
606076928,0x00000000,0
607125504,0x00000000,0
608174080,0x00000000,0
609222656,0x00000000,0
610271232,0x00000000,0
611319808,0x00000000,0
612368384,0x00000000,0
613416960,0x00000000,0
614465536,0x00000000,0
615514112,0x00000000,0
616562688,0x00000000,0
617611264,0x00000000,0
618659840,0x00000000,0
619708416,0x00000000,0
620756992,0x00000001,1
621805568,0x00000000,0
622854144,0x00000000,0
623902720,0x00000000,0
624951296,0x00000001,1
625999872,0x00000000,0
627048448,0x00000001,1
628097024,0x00000000,0
629145600,0x00000000,0
630194176,0x00000000,0
631242752,0x00000000,0
632291328,0x00000000,0
633339904,0x00000000,0
634388480,0x00000000,0
635437056,0x00000000,0
636485632,0x00000000,0
637534208,0x00000000,0
638582784,0x00000000,0
639631360,0x00000000,0
640679936,0x00000000,0
641728512,0x00000000,0
642777088,0x00000000,0
643825664,0x00000000,0
644874240,0x00000000,0
645922816,0x00000000,0
646971392,0x00000000,0
648019968,0x00000000,0
649068544,0x00000000,0
650117120,0x00000000,0
651165696,0x00000000,0
652214272,0x00000000,0
653262848,0x00000000,0
654311424,0x00000000,0
655360000,0x00000000,0
656408576,0x00000000,0
657457152,0x00000000,0
658505728,0x00000000,0
659554304,0x00000000,0
660602880,0x00000000,0
661651456,0x00000000,0
662700032,0x00000000,0
663748608,0x00000000,0
664797184,0x00000000,0
665845760,0x00000000,0
666894336,0x00000000,0
667942912,0x00000000,0
668991488,0x00000000,0
670040064,0x00000000,0
671088640,0x00000000,0
672137216,0x00000000,0
673185792,0x00000000,0
674234368,0x00000000,0
675282944,0x00000000,0
676331520,0x00000000,0
677380096,0x00000000,0
678428672,0x00000000,0
679477248,0x00000000,0
680525824,0x00000000,0
681574400,0x00000000,0
682622976,0x00000001,1
683671552,0x00000000,0
684720128,0x00000000,0
685768704,0x00000000,0
686817280,0x00000000,0
687865856,0x00000000,0
688914432,0x00000000,0
689963008,0x00000000,0
691011584,0x00000000,0
692060160,0x00000000,0
693108736,0x00000000,0
694157312,0x00000000,0
695205888,0x00000000,0
696254464,0x00000000,0
697303040,0x00000000,0
698351616,0x00000000,0
699400192,0x00000001,1
700448768,0x00000000,0
701497344,0x00000000,0
702545920,0x00000000,0
703594496,0x00000000,0
704643072,0x00000001,1
705691648,0x00000000,0
706740224,0x00000000,0
707788800,0x00000000,0
708837376,0x00000000,0
709885952,0x00000000,0
710934528,0x00000000,0
711983104,0x00000000,0
713031680,0x00000000,0
714080256,0x00000001,1
715128832,0x00000000,0
716177408,0x00000000,0
717225984,0x00000000,0
718274560,0x00000000,0
719323136,0x00000000,0
720371712,0x00000000,0
721420288,0x00000000,0
722468864,0x00000000,0
723517440,0x00000001,1
724566016,0x00000000,0
725614592,0x00000000,0
726663168,0x00000000,0
727711744,0x00000000,0
728760320,0x00000000,0
729808896,0x00000000,0
730857472,0x00000000,0
731906048,0x00000000,0
732954624,0x00000000,0
734003200,0x00000000,0
735051776,0x00000000,0
736100352,0x00000000,0
737148928,0x00000000,0
738197504,0x00000000,0
739246080,0x00000000,0
740294656,0x00000001,1
741343232,0x00000000,0
742391808,0x00000000,0
743440384,0x00000000,0
744488960,0x00000000,0
745537536,0x00000000,0
746586112,0x00000000,0
747634688,0x00000000,0
748683264,0x00000001,1
749731840,0x00000000,0
750780416,0x00000000,0
751828992,0x00000000,0
752877568,0x00000000,0
753926144,0x00000000,0
754974720,0x00000000,0
756023296,0x00000000,0
757071872,0x00000000,0
758120448,0x00000000,0
759169024,0x00000000,0
760217600,0x00000000,0
761266176,0x00000000,0
762314752,0x00000000,0
763363328,0x00000000,0
764411904,0x00000000,0
765460480,0x00000000,0
766509056,0x00000000,0
767557632,0x00000001,1
768606208,0x00000000,0
769654784,0x00000000,0
770703360,0x00000000,0
771751936,0x00000000,0
772800512,0x00000000,0
773849088,0x00000000,0
774897664,0x00000001,1
775946240,0x00000000,0
776994816,0x00000000,0
778043392,0x00000000,0
779091968,0x00000001,1
780140544,0x00000000,0
781189120,0x00000000,0
782237696,0x00000001,1
783286272,0x00000000,0
784334848,0x00000000,0
785383424,0x00000001,1
786432000,0x00000000,0
787480576,0x00000000,0
788529152,0x00000000,0
789577728,0x00000000,0
790626304,0x00000000,0
791674880,0x00000000,0
792723456,0x00000001,1
793772032,0x00000000,0
794820608,0x00000000,0
795869184,0x00000000,0
796917760,0x00000000,0
797966336,0x00000000,0
799014912,0x00000000,0
800063488,0x00000001,1
801112064,0x0000000a,10
802160640,0x00000000,0
803209216,0x00000000,0
804257792,0x00000000,0
805306368,0x00000000,0
806354944,0x00000000,0
807403520,0x00000000,0
808452096,0x00000000,0
809500672,0x00000001,1
810549248,0x00000000,0
811597824,0x00000000,0
812646400,0x00000000,0
813694976,0x00000000,0
814743552,0x00000000,0
815792128,0x00000000,0
816840704,0x00000000,0
817889280,0x00000000,0
818937856,0x00000000,0
819986432,0x00000000,0
821035008,0x00000000,0
822083584,0x00000000,0
823132160,0x00000000,0
824180736,0x00000000,0
825229312,0x00000000,0
826277888,0x00000000,0
827326464,0x00000000,0
828375040,0x00000000,0
829423616,0x00000000,0
830472192,0x00000000,0
831520768,0x00000000,0
832569344,0x00000000,0
833617920,0x00000000,0
834666496,0x00000000,0
835715072,0x00000000,0
836763648,0x00000000,0
837812224,0x00000000,0
838860800,0x00000000,0
839909376,0x00000000,0
840957952,0x00000000,0
842006528,0x00000000,0
843055104,0x00000000,0
844103680,0x00000000,0
845152256,0x00000000,0
846200832,0x00000000,0
847249408,0x00000000,0
848297984,0x00000000,0
849346560,0x00000000,0
850395136,0x00000000,0
851443712,0x00000000,0
852492288,0x00000000,0
853540864,0x00000000,0
854589440,0x00000000,0
855638016,0x00000000,0
856686592,0x00000000,0
857735168,0x00000000,0
858783744,0x00000000,0
859832320,0x00000000,0
860880896,0x00000000,0
861929472,0x00000000,0
862978048,0x00000000,0
864026624,0x00000000,0
865075200,0x00000000,0
866123776,0x00000000,0
867172352,0x00000000,0
868220928,0x00000000,0
869269504,0x00000000,0
870318080,0x00000000,0
871366656,0x00000000,0
872415232,0x00000000,0
873463808,0x00000000,0
874512384,0x00000000,0
875560960,0x00000001,1
876609536,0x00000000,0
877658112,0x00000000,0
878706688,0x00000000,0
879755264,0x00000000,0
880803840,0x00000000,0
881852416,0x00000000,0
882900992,0x00000000,0
883949568,0x00000000,0
884998144,0x00000000,0
886046720,0x00000000,0
887095296,0x00000000,0
888143872,0x00000000,0
889192448,0x00000000,0
890241024,0x00000000,0
891289600,0x00000000,0
892338176,0x00000000,0
893386752,0x00000000,0
894435328,0x00000000,0
895483904,0x00000000,0
896532480,0x00000000,0
897581056,0x00000000,0
898629632,0x00000000,0
899678208,0x00000000,0
900726784,0x00000000,0
901775360,0x00000000,0
902823936,0x00000000,0
903872512,0x00000000,0
904921088,0x00000000,0
905969664,0x00000000,0
907018240,0x00000000,0
908066816,0x00000000,0
909115392,0x00000000,0
910163968,0x00000000,0
911212544,0x00000000,0
912261120,0x00000000,0
913309696,0x00000000,0
914358272,0x00000000,0
915406848,0x00000000,0
916455424,0x00000000,0
917504000,0x00000000,0
918552576,0x00000000,0
919601152,0x00000000,0
920649728,0x00000000,0
921698304,0x00000000,0
922746880,0x00000000,0
923795456,0x00000000,0
924844032,0x00000000,0
925892608,0x00000000,0
926941184,0x00000000,0
927989760,0x00000000,0
929038336,0x00000000,0
930086912,0x00000000,0
931135488,0x00000000,0
932184064,0x00000000,0
933232640,0x00000000,0
934281216,0x00000000,0
935329792,0x00000000,0
936378368,0x00000000,0
937426944,0x00000000,0
938475520,0x00000000,0
939524096,0x00000000,0
940572672,0x00000000,0
941621248,0x00000000,0
942669824,0x00000000,0
943718400,0x00000000,0
944766976,0x00000000,0
945815552,0x00000000,0
946864128,0x00000000,0
947912704,0x00000000,0
948961280,0x00000000,0
950009856,0x00000000,0
951058432,0x00000000,0
952107008,0x00000000,0
953155584,0x00000000,0
954204160,0x00000000,0
955252736,0x00000000,0
956301312,0x00000000,0
957349888,0x00000000,0
958398464,0x00000000,0
959447040,0x00000000,0
960495616,0x00000000,0
961544192,0x00000000,0
962592768,0x00000000,0
963641344,0x00000000,0
964689920,0x00000000,0
965738496,0x00000000,0
966787072,0x00000000,0
967835648,0x00000000,0
968884224,0x00000000,0
969932800,0x00000000,0
970981376,0x00000000,0
972029952,0x00000000,0
973078528,0x00000000,0
974127104,0x00000000,0
975175680,0x00000000,0
976224256,0x00000000,0
977272832,0x00000000,0
978321408,0x00000000,0
979369984,0x00000000,0
980418560,0x00000000,0
981467136,0x00000000,0
982515712,0x00000000,0
983564288,0x00000000,0
984612864,0x00000000,0
985661440,0x00000000,0
986710016,0x00000000,0
987758592,0x00000000,0
988807168,0x00000000,0
989855744,0x00000000,0
990904320,0x00000000,0
991952896,0x00000000,0
993001472,0x00000000,0
994050048,0x00000000,0
995098624,0x00000000,0
996147200,0x00000000,0
997195776,0x00000000,0
998244352,0x00000000,0
999292928,0x00000000,0
1000341504,0x00000000,0
1001390080,0x00000000,0
1002438656,0x00000000,0
1003487232,0x00000000,0
1004535808,0x00000000,0
1005584384,0x00000000,0
1006632960,0x00000000,0
1007681536,0x00000000,0
1008730112,0x00000000,0
1009778688,0x00000000,0
1010827264,0x00000000,0
1011875840,0x00000000,0
1012924416,0x00000000,0
1013972992,0x00000000,0
1015021568,0x00000000,0
1016070144,0x00000000,0
1017118720,0x00000000,0
1018167296,0x00000000,0
1019215872,0x00000000,0
1020264448,0x00000000,0
1021313024,0x00000000,0
1022361600,0x00000000,0
1023410176,0x00000000,0
1024458752,0x00000000,0
1025507328,0x00000000,0
1026555904,0x00000000,0
1027604480,0x00000000,0
1028653056,0x00000000,0
1029701632,0x00000000,0
1030750208,0x00000000,0
1031798784,0x00000000,0
1032847360,0x00000000,0
1033895936,0x00000000,0
1034944512,0x00000000,0
1035993088,0x00000000,0
1037041664,0x00000000,0
1038090240,0x00000000,0
1039138816,0x00000000,0
1040187392,0x00000000,0
1041235968,0x00000000,0
1042284544,0x00000000,0
1043333120,0x00000000,0
1044381696,0x00000000,0
1045430272,0x00000000,0
1046478848,0x00000000,0
1047527424,0x00000000,0
1048576000,0x00000000,0
1049624576,0x00000000,0
1050673152,0x00000000,0
1051721728,0x00000000,0
1052770304,0x00000000,0
1053818880,0x00000000,0
1054867456,0x00000000,0
1055916032,0x00000000,0
1056964608,0x00000000,0
1058013184,0x00000000,0
1059061760,0x00000000,0
1060110336,0x00000000,0
1061158912,0x00000000,0
1062207488,0x00000000,0
1063256064,0x00000000,0
1064304640,0x00000000,0
1065353216,0x00000000,0
1066401792,0x00000000,0
1067450368,0x00000000,0
1068498944,0x00000000,0
1069547520,0x00000000,0
1070596096,0x00000000,0
1071644672,0x00000000,0
1072693248,0x00000000,0
1073741824,0x00000000,0
1074790400,0x00000000,0
1075838976,0x00000000,0
1076887552,0x00000000,0
1077936128,0x00000000,0
1078984704,0x00000000,0
1080033280,0x00000000,0
1081081856,0x00000000,0
1082130432,0x00000000,0
1083179008,0x00000000,0
1084227584,0x00000000,0
1085276160,0x00000000,0
1086324736,0x00000000,0
1087373312,0x00000000,0
1088421888,0x00000000,0
1089470464,0x00000000,0
1090519040,0x00000000,0
1091567616,0x00000000,0
1092616192,0x00000000,0
1093664768,0x00000000,0
1094713344,0x00000000,0
1095761920,0x00000000,0
1096810496,0x00000000,0
1097859072,0x00000000,0
1098907648,0x00000000,0
1099956224,0x00000000,0
1101004800,0x00000000,0
1102053376,0x00000000,0
1103101952,0x00000000,0
1104150528,0x00000000,0
1105199104,0x00000000,0
1106247680,0x00000000,0
1107296256,0x00000000,0
1108344832,0x00000000,0
1109393408,0x00000000,0
1110441984,0x00000000,0
1111490560,0x00000000,0
1112539136,0x00000000,0
1113587712,0x00000000,0
1114636288,0x00000000,0
1115684864,0x00000000,0
1116733440,0x00000000,0
1117782016,0x00000000,0
1118830592,0x00000000,0
1119879168,0x00000000,0
1120927744,0x00000000,0
1121976320,0x00000000,0
1123024896,0x00000000,0
1124073472,0x00000000,0
1125122048,0x00000000,0
1126170624,0x00000000,0
1127219200,0x00000000,0
1128267776,0x00000000,0
1129316352,0x00000000,0
1130364928,0x00000000,0
1131413504,0x00000000,0
1132462080,0x00000000,0
1133510656,0x00000000,0
1134559232,0x00000000,0
1135607808,0x00000000,0
1136656384,0x00000000,0
1137704960,0x00000000,0
1138753536,0x00000000,0
1139802112,0x00000000,0
1140850688,0x00000000,0
1141899264,0x00000000,0
1142947840,0x00000000,0
1143996416,0x00000000,0
1145044992,0x00000000,0
1146093568,0x00000000,0
1147142144,0x00000000,0
1148190720,0x00000000,0
1149239296,0x00000000,0
1150287872,0x00000000,0
1151336448,0x00000000,0
1152385024,0x00000000,0
1153433600,0x00000000,0
1154482176,0x00000000,0
1155530752,0x00000000,0
1156579328,0x00000000,0
1157627904,0x00000000,0
1158676480,0x00000000,0
1159725056,0x00000000,0
1160773632,0x00000000,0
1161822208,0x00000000,0
1162870784,0x00000000,0
1163919360,0x00000000,0
1164967936,0x00000000,0
1166016512,0x00000000,0
1167065088,0x00000000,0
1168113664,0x00000000,0
1169162240,0x00000000,0
1170210816,0x00000000,0
1171259392,0x00000000,0
1172307968,0x00000000,0
1173356544,0x00000000,0
1174405120,0x00000000,0
1175453696,0x00000000,0
1176502272,0x00000000,0
1177550848,0x00000000,0
1178599424,0x00000000,0
1179648000,0x00000000,0
1180696576,0x00000000,0
1181745152,0x00000000,0
1182793728,0x00000000,0
1183842304,0x00000000,0
1184890880,0x00000000,0
1185939456,0x00000000,0
1186988032,0x00000000,0
1188036608,0x00000000,0
1189085184,0x00000000,0
1190133760,0x00000000,0
1191182336,0x00000000,0
1192230912,0x00000000,0
1193279488,0x00000000,0
1194328064,0x00000000,0
1195376640,0x00000000,0
1196425216,0x00000000,0
1197473792,0x00000000,0
1198522368,0x00000000,0
1199570944,0x00000000,0
1200619520,0x00000000,0
1201668096,0x00000000,0
1202716672,0x00000000,0
1203765248,0x00000000,0
1204813824,0x00000000,0
1205862400,0x00000000,0
1206910976,0x00000000,0
1207959552,0x00000000,0
1209008128,0x00000000,0
1210056704,0x00000000,0
1211105280,0x00000000,0
1212153856,0x00000000,0
1213202432,0x00000000,0
1214251008,0x00000000,0
1215299584,0x00000000,0
1216348160,0x00000000,0
1217396736,0x00000000,0
1218445312,0x00000000,0
1219493888,0x00000000,0
1220542464,0x00000000,0
1221591040,0x00000000,0
1222639616,0x00000000,0
1223688192,0x00000000,0
1224736768,0x00000000,0
1225785344,0x00000000,0
1226833920,0x00000000,0
1227882496,0x00000000,0
1228931072,0x00000000,0
1229979648,0x00000000,0
1231028224,0x00000000,0
1232076800,0x00000000,0
1233125376,0x00000000,0
1234173952,0x00000000,0
1235222528,0x00000000,0
1236271104,0x00000000,0
1237319680,0x00000000,0
1238368256,0x00000000,0
1239416832,0x00000000,0
1240465408,0x00000000,0
1241513984,0x00000000,0
1242562560,0x00000000,0
1243611136,0x00000000,0
1244659712,0x00000000,0
1245708288,0x00000000,0
1246756864,0x00000000,0
1247805440,0x00000000,0
1248854016,0x00000000,0
1249902592,0x00000000,0
1250951168,0x00000000,0
1251999744,0x00000000,0
1253048320,0x00000000,0
1254096896,0x00000000,0
1255145472,0x00000000,0
1256194048,0x00000000,0
1257242624,0x00000000,0
1258291200,0x00000000,0
1259339776,0x00000000,0
1260388352,0x00000000,0
1261436928,0x00000000,0
1262485504,0x00000000,0
1263534080,0x00000000,0
1264582656,0x00000000,0
1265631232,0x00000000,0
1266679808,0x00000000,0
1267728384,0x00000000,0
1268776960,0x00000000,0
1269825536,0x00000000,0
1270874112,0x00000000,0
1271922688,0x00000000,0
1272971264,0x00000000,0
1274019840,0x00000000,0
1275068416,0x00000000,0
1276116992,0x00000000,0
1277165568,0x00000000,0
1278214144,0x00000000,0
1279262720,0x00000000,0
1280311296,0x00000000,0
1281359872,0x00000000,0
1282408448,0x00000000,0
1283457024,0x00000000,0
1284505600,0x00000000,0
1285554176,0x00000000,0
1286602752,0x00000000,0
1287651328,0x00000000,0
1288699904,0x00000000,0
1289748480,0x00000000,0
1290797056,0x00000000,0
1291845632,0x00000000,0
1292894208,0x00000000,0
1293942784,0x00000000,0
1294991360,0x00000000,0
1296039936,0x00000000,0
1297088512,0x00000000,0
1298137088,0x00000000,0
1299185664,0x00000000,0
1300234240,0x00000000,0
1301282816,0x00000000,0
1302331392,0x00000000,0
1303379968,0x00000000,0
1304428544,0x00000000,0
1305477120,0x00000000,0
1306525696,0x00000000,0
1307574272,0x00000000,0
1308622848,0x00000000,0
1309671424,0x00000000,0
1310720000,0x00000000,0
1311768576,0x00000000,0
1312817152,0x00000000,0
1313865728,0x00000000,0
1314914304,0x00000000,0
1315962880,0x00000000,0
1317011456,0x00000000,0
1318060032,0x00000000,0
1319108608,0x00000000,0
1320157184,0x00000000,0
1321205760,0x00000000,0
1322254336,0x00000000,0
1323302912,0x00000000,0
1324351488,0x00000000,0
1325400064,0x00000000,0
1326448640,0x00000000,0
1327497216,0x00000000,0
1328545792,0x00000000,0
1329594368,0x00000000,0
1330642944,0x00000000,0
1331691520,0x00000000,0
1332740096,0x00000000,0
1333788672,0x00000000,0
1334837248,0x00000000,0
1335885824,0x00000000,0
1336934400,0x00000000,0
1337982976,0x00000000,0
1339031552,0x00000000,0
1340080128,0x00000000,0
1341128704,0x00000000,0
1342177280,0x00000000,0
1343225856,0x00000000,0
1344274432,0x00000000,0
1345323008,0x00000000,0
1346371584,0x00000000,0
1347420160,0x00000000,0
1348468736,0x00000000,0
1349517312,0x00000000,0
1350565888,0x00000000,0
1351614464,0x00000000,0
1352663040,0x00000000,0
1353711616,0x00000000,0
1354760192,0x00000000,0
1355808768,0x00000000,0
1356857344,0x00000000,0
1357905920,0x00000000,0
1358954496,0x00000000,0
1360003072,0x00000000,0
1361051648,0x00000000,0
1362100224,0x00000000,0
1363148800,0x00000000,0
1364197376,0x00000000,0
1365245952,0x00000000,0
1366294528,0x00000000,0
1367343104,0x00000000,0
1368391680,0x00000000,0
1369440256,0x00000000,0
1370488832,0x00000000,0
1371537408,0x00000000,0
1372585984,0x00000000,0
1373634560,0x00000000,0
1374683136,0x00000000,0
1375731712,0x00000000,0
1376780288,0x00000000,0
1377828864,0x00000000,0
1378877440,0x00000000,0
1379926016,0x00000000,0
1380974592,0x00000000,0
1382023168,0x00000000,0
1383071744,0x00000000,0
1384120320,0x00000000,0
1385168896,0x00000000,0
1386217472,0x00000000,0
1387266048,0x00000000,0
1388314624,0x00000000,0
1389363200,0x00000000,0
1390411776,0x00000000,0
1391460352,0x00000000,0
1392508928,0x00000000,0
1393557504,0x00000000,0
1394606080,0x00000000,0
1395654656,0x00000000,0
1396703232,0x00000000,0
1397751808,0x00000000,0
1398800384,0x00000000,0
1399848960,0x00000000,0
1400897536,0x00000000,0
1401946112,0x00000000,0
1402994688,0x00000000,0
1404043264,0x00000000,0
1405091840,0x00000000,0
1406140416,0x00000000,0
1407188992,0x00000000,0
1408237568,0x00000000,0
1409286144,0x00000000,0
1410334720,0x00000000,0
1411383296,0x00000000,0
1412431872,0x00000000,0
1413480448,0x00000000,0
1414529024,0x00000000,0
1415577600,0x00000000,0
1416626176,0x00000000,0
1417674752,0x00000000,0
1418723328,0x00000000,0
1419771904,0x00000000,0
1420820480,0x00000000,0
1421869056,0x00000000,0
1422917632,0x00000000,0
1423966208,0x00000000,0
1425014784,0x00000000,0
1426063360,0x00000000,0
1427111936,0x00000000,0
1428160512,0x00000000,0
1429209088,0x00000000,0
1430257664,0x00000000,0
1431306240,0x00000000,0
1432354816,0x00000000,0
1433403392,0x00000000,0
1434451968,0x00000000,0
1435500544,0x00000000,0
1436549120,0x00000000,0
1437597696,0x00000000,0
1438646272,0x00000000,0
1439694848,0x00000000,0
1440743424,0x00000000,0
1441792000,0x00000000,0
1442840576,0x00000000,0
1443889152,0x00000000,0
1444937728,0x00000000,0
1445986304,0x00000000,0
1447034880,0x00000000,0
1448083456,0x00000000,0
1449132032,0x00000000,0
1450180608,0x00000000,0
1451229184,0x00000000,0
1452277760,0x00000000,0
1453326336,0x00000000,0
1454374912,0x00000000,0
1455423488,0x00000000,0
1456472064,0x00000000,0
1457520640,0x00000000,0
1458569216,0x00000000,0
1459617792,0x00000000,0
1460666368,0x00000000,0
1461714944,0x00000000,0
1462763520,0x00000000,0
1463812096,0x00000000,0
1464860672,0x00000000,0
1465909248,0x00000000,0
1466957824,0x00000000,0
1468006400,0x00000000,0
1469054976,0x00000000,0
1470103552,0x00000000,0
1471152128,0x00000000,0
1472200704,0x00000000,0
1473249280,0x00000000,0
1474297856,0x00000000,0
1475346432,0x00000000,0
1476395008,0x00000000,0
1477443584,0x00000000,0
1478492160,0x00000000,0
1479540736,0x00000000,0
1480589312,0x00000000,0
1481637888,0x00000000,0
1482686464,0x00000000,0
1483735040,0x00000000,0
1484783616,0x00000000,0
1485832192,0x00000000,0
1486880768,0x00000000,0
1487929344,0x00000000,0
1488977920,0x00000000,0
1490026496,0x00000000,0
1491075072,0x00000000,0
1492123648,0x00000000,0
1493172224,0x00000000,0
1494220800,0x00000000,0
1495269376,0x00000000,0
1496317952,0x00000000,0
1497366528,0x00000000,0
1498415104,0x00000000,0
1499463680,0x00000000,0
1500512256,0x00000000,0
1501560832,0x00000000,0
1502609408,0x00000000,0
1503657984,0x00000000,0
1504706560,0x00000000,0
1505755136,0x00000000,0
1506803712,0x00000000,0
1507852288,0x00000000,0
1508900864,0x00000000,0
1509949440,0x00000000,0
1510998016,0x00000000,0
1512046592,0x00000000,0
1513095168,0x00000000,0
1514143744,0x00000000,0
1515192320,0x00000000,0
1516240896,0x00000000,0
1517289472,0x00000000,0
1518338048,0x00000000,0
1519386624,0x00000000,0
1520435200,0x00000000,0
1521483776,0x00000000,0
1522532352,0x00000000,0
1523580928,0x00000000,0
1524629504,0x00000000,0
1525678080,0x00000000,0
1526726656,0x00000000,0
1527775232,0x00000000,0
1528823808,0x00000000,0
1529872384,0x00000000,0
1530920960,0x00000000,0
1531969536,0x00000000,0
1533018112,0x00000000,0
1534066688,0x00000000,0
1535115264,0x00000000,0
1536163840,0x00000000,0
1537212416,0x00000000,0
1538260992,0x00000000,0
1539309568,0x00000000,0
1540358144,0x00000000,0
1541406720,0x00000000,0
1542455296,0x00000000,0
1543503872,0x00000000,0
1544552448,0x00000000,0
1545601024,0x00000000,0
1546649600,0x00000000,0
1547698176,0x00000000,0
1548746752,0x00000000,0
1549795328,0x00000000,0
1550843904,0x00000000,0
1551892480,0x00000000,0
1552941056,0x00000000,0
1553989632,0x00000000,0
1555038208,0x00000000,0
1556086784,0x00000000,0
1557135360,0x00000000,0
1558183936,0x00000000,0
1559232512,0x00000000,0
1560281088,0x00000000,0
1561329664,0x00000000,0
1562378240,0x00000000,0
1563426816,0x00000000,0
1564475392,0x00000000,0
1565523968,0x00000000,0
1566572544,0x00000000,0
1567621120,0x00000000,0
1568669696,0x00000000,0
1569718272,0x00000000,0
1570766848,0x00000000,0
1571815424,0x00000000,0
1572864000,0x00000000,0
1573912576,0x00000000,0
1574961152,0x00000000,0
1576009728,0x00000000,0
1577058304,0x00000000,0
1578106880,0x00000000,0
1579155456,0x00000000,0
1580204032,0x00000000,0
1581252608,0x00000000,0
1582301184,0x00000000,0
1583349760,0x00000000,0
1584398336,0x00000000,0
1585446912,0x00000000,0
1586495488,0x00000000,0
1587544064,0x00000000,0
1588592640,0x00000000,0
1589641216,0x00000000,0
1590689792,0x00000000,0
1591738368,0x00000000,0
1592786944,0x00000000,0
1593835520,0x00000000,0
1594884096,0x00000000,0
1595932672,0x00000000,0
1596981248,0x00000000,0
1598029824,0x00000000,0
1599078400,0x00000000,0
1600126976,0x00000000,0
1601175552,0x00000000,0
1602224128,0x00000000,0
1603272704,0x00000000,0
1604321280,0x00000000,0
1605369856,0x00000000,0
1606418432,0x00000000,0
1607467008,0x00000000,0
1608515584,0x00000000,0
1609564160,0x00000000,0
1610612736,0x00000000,0
1611661312,0x00000000,0
1612709888,0x00000000,0
1613758464,0x00000000,0
1614807040,0x00000000,0
1615855616,0x00000000,0
1616904192,0x00000000,0
1617952768,0x00000000,0
1619001344,0x00000000,0
1620049920,0x00000000,0
1621098496,0x00000000,0
1622147072,0x00000000,0
1623195648,0x00000000,0
1624244224,0x00000000,0
1625292800,0x00000000,0
1626341376,0x00000000,0
1627389952,0x00000000,0
1628438528,0x00000000,0
1629487104,0x00000000,0
1630535680,0x00000000,0
1631584256,0x00000000,0
1632632832,0x00000000,0
1633681408,0x00000000,0
1634729984,0x00000000,0
1635778560,0x00000000,0
1636827136,0x00000000,0
1637875712,0x00000000,0
1638924288,0x00000000,0
1639972864,0x00000000,0
1641021440,0x00000000,0
1642070016,0x00000000,0
1643118592,0x00000000,0
1644167168,0x00000000,0
1645215744,0x00000000,0
1646264320,0x00000000,0
1647312896,0x00000000,0
1648361472,0x00000000,0
1649410048,0x00000000,0
1650458624,0x00000000,0
1651507200,0x00000000,0
1652555776,0x00000000,0
1653604352,0x00000000,0
1654652928,0x00000000,0
1655701504,0x00000000,0
1656750080,0x00000000,0
1657798656,0x00000000,0
1658847232,0x00000000,0
1659895808,0x00000000,0
1660944384,0x00000000,0
1661992960,0x00000000,0
1663041536,0x00000000,0
1664090112,0x00000000,0
1665138688,0x00000000,0
1666187264,0x00000000,0
1667235840,0x00000000,0
1668284416,0x00000000,0
1669332992,0x00000000,0
1670381568,0x00000000,0
1671430144,0x00000000,0
1672478720,0x00000000,0
1673527296,0x00000000,0
1674575872,0x00000000,0
1675624448,0x00000000,0
1676673024,0x00000000,0
1677721600,0x00000000,0
1678770176,0x00000000,0
1679818752,0x00000000,0
1680867328,0x00000000,0
1681915904,0x00000000,0
1682964480,0x00000000,0
1684013056,0x00000000,0
1685061632,0x00000000,0
1686110208,0x00000000,0
1687158784,0x00000000,0
1688207360,0x00000000,0
1689255936,0x00000000,0
1690304512,0x00000000,0
1691353088,0x00000000,0
1692401664,0x00000000,0
1693450240,0x00000000,0
1694498816,0x00000000,0
1695547392,0x00000000,0
1696595968,0x00000000,0
1697644544,0x00000000,0
1698693120,0x00000000,0
1699741696,0x00000000,0
1700790272,0x00000000,0
1701838848,0x00000000,0
1702887424,0x00000000,0
1703936000,0x00000000,0
1704984576,0x00000000,0
1706033152,0x00000000,0
1707081728,0x00000000,0
1708130304,0x00000000,0
1709178880,0x00000000,0
1710227456,0x00000000,0
1711276032,0x00000000,0
1712324608,0x00000000,0
1713373184,0x00000000,0
1714421760,0x00000000,0
1715470336,0x00000000,0
1716518912,0x00000000,0
1717567488,0x00000000,0
1718616064,0x00000000,0
1719664640,0x00000000,0
1720713216,0x00000000,0
1721761792,0x00000000,0
1722810368,0x00000000,0
1723858944,0x00000000,0
1724907520,0x00000000,0
1725956096,0x00000000,0
1727004672,0x00000000,0
1728053248,0x00000000,0
1729101824,0x00000000,0
1730150400,0x00000000,0
1731198976,0x00000000,0
1732247552,0x00000000,0
1733296128,0x00000000,0
1734344704,0x00000000,0
1735393280,0x00000000,0
1736441856,0x00000000,0
1737490432,0x00000000,0
1738539008,0x00000000,0
1739587584,0x00000000,0
1740636160,0x00000000,0
1741684736,0x00000000,0
1742733312,0x00000000,0
1743781888,0x00000000,0
1744830464,0x00000000,0
1745879040,0x00000000,0
1746927616,0x00000000,0
1747976192,0x00000000,0
1749024768,0x00000000,0
1750073344,0x00000000,0
1751121920,0x00000000,0
1752170496,0x00000000,0
1753219072,0x00000000,0
1754267648,0x00000000,0
1755316224,0x00000000,0
1756364800,0x00000000,0
1757413376,0x00000000,0
1758461952,0x00000000,0
1759510528,0x00000000,0
1760559104,0x00000000,0
1761607680,0x00000000,0
1762656256,0x00000000,0
1763704832,0x00000000,0
1764753408,0x00000000,0
1765801984,0x00000000,0
1766850560,0x00000000,0
1767899136,0x00000000,0
1768947712,0x00000000,0
1769996288,0x00000000,0
1771044864,0x00000000,0
1772093440,0x00000000,0
1773142016,0x00000000,0
1774190592,0x00000000,0
1775239168,0x00000000,0
1776287744,0x00000000,0
1777336320,0x00000000,0
1778384896,0x00000000,0
1779433472,0x00000000,0
1780482048,0x00000000,0
1781530624,0x00000000,0
1782579200,0x00000000,0
1783627776,0x00000000,0
1784676352,0x00000000,0
1785724928,0x00000000,0
1786773504,0x00000000,0
1787822080,0x00000000,0
1788870656,0x00000000,0
1789919232,0x00000000,0
1790967808,0x00000000,0
1792016384,0x00000000,0
1793064960,0x00000000,0
1794113536,0x00000000,0
1795162112,0x00000000,0
1796210688,0x00000000,0
1797259264,0x00000000,0
1798307840,0x00000000,0
1799356416,0x00000000,0
1800404992,0x00000000,0
1801453568,0x00000000,0
1802502144,0x00000000,0
1803550720,0x00000000,0
1804599296,0x00000000,0
1805647872,0x00000000,0
1806696448,0x00000000,0
1807745024,0x00000000,0
1808793600,0x00000000,0
1809842176,0x00000000,0
1810890752,0x00000000,0
1811939328,0x00000000,0
1812987904,0x00000000,0
1814036480,0x00000000,0
1815085056,0x00000000,0
1816133632,0x00000000,0
1817182208,0x00000000,0
1818230784,0x00000000,0
1819279360,0x00000000,0
1820327936,0x00000000,0
1821376512,0x00000000,0
1822425088,0x00000000,0
1823473664,0x00000000,0
1824522240,0x00000000,0
1825570816,0x00000000,0
1826619392,0x00000000,0
1827667968,0x00000000,0
1828716544,0x00000000,0
1829765120,0x00000000,0
1830813696,0x00000000,0
1831862272,0x00000000,0
1832910848,0x00000000,0
1833959424,0x00000000,0
1835008000,0x00000000,0
1836056576,0x00000000,0
1837105152,0x00000000,0
1838153728,0x00000000,0
1839202304,0x00000000,0
1840250880,0x00000000,0
1841299456,0x00000000,0
1842348032,0x00000000,0
1843396608,0x00000000,0
1844445184,0x00000000,0
1845493760,0x00000000,0
1846542336,0x00000000,0
1847590912,0x00000000,0
1848639488,0x00000000,0
1849688064,0x00000000,0
1850736640,0x00000000,0
1851785216,0x00000000,0
1852833792,0x00000000,0
1853882368,0x00000000,0
1854930944,0x00000000,0
1855979520,0x00000000,0
1857028096,0x00000000,0
1858076672,0x00000000,0
1859125248,0x00000000,0
1860173824,0x00000000,0
1861222400,0x00000000,0
1862270976,0x00000000,0
1863319552,0x00000000,0
1864368128,0x00000000,0
1865416704,0x00000000,0
1866465280,0x00000000,0
1867513856,0x00000000,0
1868562432,0x00000000,0
1869611008,0x00000000,0
1870659584,0x00000000,0
1871708160,0x00000000,0
1872756736,0x00000000,0
1873805312,0x00000000,0
1874853888,0x00000000,0
1875902464,0x00000000,0
1876951040,0x00000000,0
1877999616,0x00000000,0
1879048192,0x00000000,0
1880096768,0x00000000,0
1881145344,0x00000000,0
1882193920,0x00000000,0
1883242496,0x00000000,0
1884291072,0x00000000,0
1885339648,0x00000000,0
1886388224,0x00000000,0
1887436800,0x00000000,0
1888485376,0x00000000,0
1889533952,0x00000000,0
1890582528,0x00000000,0
1891631104,0x00000000,0
1892679680,0x00000000,0
1893728256,0x00000000,0
1894776832,0x00000000,0
1895825408,0x00000000,0
1896873984,0x00000000,0
1897922560,0x00000000,0
1898971136,0x00000000,0
1900019712,0x00000000,0
1901068288,0x00000000,0
1902116864,0x00000000,0
1903165440,0x00000000,0
1904214016,0x00000000,0
1905262592,0x00000000,0
1906311168,0x00000000,0
1907359744,0x00000000,0
1908408320,0x00000000,0
1909456896,0x00000000,0
1910505472,0x00000000,0
1911554048,0x00000000,0
1912602624,0x00000000,0
1913651200,0x00000000,0
1914699776,0x00000000,0
1915748352,0x00000000,0
1916796928,0x00000000,0
1917845504,0x00000000,0
1918894080,0x00000000,0
1919942656,0x00000000,0
1920991232,0x00000000,0
1922039808,0x00000000,0
1923088384,0x00000000,0
1924136960,0x00000000,0
1925185536,0x00000000,0
1926234112,0x00000000,0
1927282688,0x00000000,0
1928331264,0x00000000,0
1929379840,0x00000000,0
1930428416,0x00000000,0
1931476992,0x00000000,0
1932525568,0x00000000,0
1933574144,0x00000000,0
1934622720,0x00000000,0
1935671296,0x00000000,0
1936719872,0x00000000,0
1937768448,0x00000000,0
1938817024,0x00000000,0
1939865600,0x00000000,0
1940914176,0x00000000,0
1941962752,0x00000000,0
1943011328,0x00000000,0
1944059904,0x00000000,0
1945108480,0x00000000,0
1946157056,0x00000000,0
1947205632,0x00000000,0
1948254208,0x00000000,0
1949302784,0x00000000,0
1950351360,0x00000000,0
1951399936,0x00000000,0
1952448512,0x00000000,0
1953497088,0x00000000,0
1954545664,0x00000000,0
1955594240,0x00000000,0
1956642816,0x00000000,0
1957691392,0x00000000,0
1958739968,0x00000000,0
1959788544,0x00000000,0
1960837120,0x00000000,0
1961885696,0x00000000,0
1962934272,0x00000000,0
1963982848,0x00000000,0
1965031424,0x00000000,0
1966080000,0x00000000,0
1967128576,0x00000000,0
1968177152,0x00000000,0
1969225728,0x00000000,0
1970274304,0x00000000,0
1971322880,0x00000000,0
1972371456,0x00000000,0
1973420032,0x00000000,0
1974468608,0x00000000,0
1975517184,0x00000000,0
1976565760,0x00000000,0
1977614336,0x00000000,0
1978662912,0x00000000,0
1979711488,0x00000000,0
1980760064,0x00000000,0
1981808640,0x00000000,0
1982857216,0x00000000,0
1983905792,0x00000000,0
1984954368,0x00000000,0
1986002944,0x00000000,0
1987051520,0x00000000,0
1988100096,0x00000000,0
1989148672,0x00000000,0
1990197248,0x00000000,0
1991245824,0x00000000,0
1992294400,0x00000000,0
1993342976,0x00000000,0
1994391552,0x00000000,0
1995440128,0x00000000,0
1996488704,0x00000000,0
1997537280,0x00000000,0
1998585856,0x00000000,0
1999634432,0x00000000,0
2000683008,0x00000000,0
2001731584,0x00000000,0
2002780160,0x00000000,0
2003828736,0x00000000,0
2004877312,0x00000000,0
2005925888,0x00000000,0
2006974464,0x00000000,0
2008023040,0x00000000,0
2009071616,0x00000000,0
2010120192,0x00000000,0
2011168768,0x00000000,0
2012217344,0x00000000,0
2013265920,0x00000000,0
2014314496,0x00000000,0
2015363072,0x00000000,0
2016411648,0x00000000,0
2017460224,0x00000000,0
2018508800,0x00000000,0
2019557376,0x00000000,0
2020605952,0x00000000,0
2021654528,0x00000000,0
2022703104,0x00000000,0
2023751680,0x00000000,0
2024800256,0x00000000,0
2025848832,0x00000000,0
2026897408,0x00000000,0
2027945984,0x00000000,0
2028994560,0x00000000,0
2030043136,0x00000000,0
2031091712,0x00000000,0
2032140288,0x00000000,0
2033188864,0x00000000,0
2034237440,0x00000000,0
2035286016,0x00000000,0
2036334592,0x00000000,0
2037383168,0x00000000,0
2038431744,0x00000000,0
2039480320,0x00000000,0
2040528896,0x00000000,0
2041577472,0x00000000,0
2042626048,0x00000000,0
2043674624,0x00000000,0
2044723200,0x00000000,0
2045771776,0x00000000,0
2046820352,0x00000000,0
2047868928,0x00000000,0
2048917504,0x00000000,0
2049966080,0x00000000,0
2051014656,0x00000000,0
2052063232,0x00000000,0
2053111808,0x00000000,0
2054160384,0x00000000,0
2055208960,0x00000000,0
2056257536,0x00000000,0
2057306112,0x00000000,0
2058354688,0x00000000,0
2059403264,0x00000000,0
2060451840,0x00000000,0
2061500416,0x00000000,0
2062548992,0x00000000,0
2063597568,0x00000000,0
2064646144,0x00000000,0
2065694720,0x00000000,0
2066743296,0x00000000,0
2067791872,0x00000000,0
2068840448,0x00000000,0
2069889024,0x00000000,0
2070937600,0x00000000,0
2071986176,0x00000000,0
2073034752,0x00000000,0
2074083328,0x00000000,0
2075131904,0x00000000,0
2076180480,0x00000000,0
2077229056,0x00000000,0
2078277632,0x00000000,0
2079326208,0x00000000,0
2080374784,0x00000000,0
2081423360,0x00000000,0
2082471936,0x00000000,0
2083520512,0x00000000,0
2084569088,0x00000000,0
2085617664,0x00000000,0
2086666240,0x00000000,0
2087714816,0x00000000,0
2088763392,0x00000000,0
2089811968,0x00000000,0
2090860544,0x00000000,0
2091909120,0x00000000,0
2092957696,0x00000000,0
2094006272,0x00000000,0
2095054848,0x00000000,0
2096103424,0x00000000,0
2097152000,0x00000000,0
2098200576,0x00000000,0
2099249152,0x00000000,0
2100297728,0x00000000,0
2101346304,0x00000000,0
2102394880,0x00000000,0
2103443456,0x00000000,0
2104492032,0x00000000,0
2105540608,0x00000000,0
2106589184,0x00000000,0
2107637760,0x00000000,0
2108686336,0x00000000,0
2109734912,0x00000000,0
2110783488,0x00000000,0
2111832064,0x00000000,0
2112880640,0x00000000,0
2113929216,0x00000000,0
2114977792,0x00000000,0
2116026368,0x00000000,0
2117074944,0x00000000,0
2118123520,0x00000000,0
2119172096,0x00000000,0
2120220672,0x00000000,0
2121269248,0x00000000,0
2122317824,0x00000000,0
2123366400,0x00000000,0
2124414976,0x00000000,0
2125463552,0x00000000,0
2126512128,0x00000000,0
2127560704,0x00000000,0
2128609280,0x00000000,0
2129657856,0x00000000,0
2130706432,0x00000000,0
2131755008,0x00000000,0
2132803584,0x00000000,0
2133852160,0x00000000,0
2134900736,0x00000000,0
2135949312,0x00000000,0
2136997888,0x00000000,0
2138046464,0x00000000,0
2139095040,0x00000000,0
2140143616,0x00000000,0
2141192192,0x00000000,0
2142240768,0x00000000,0
2143289344,0x00000000,0
2144337920,0x00000000,0
2145386496,0x00000000,0
2146435072,0x00000000,0
