0,0x0000004a,74
1,0x0000004a,74
2,0x0000004a,74
3,0x0000004a,74
4,0x0000003c,60
5,0x0000004a,74
6,0x0000003c,60
7,0x0000004a,74
8,0x0000004a,74
9,0x00000078,120
10,0x0000004a,74
11,0x0000003c,60
12,0x0000004a,74
13,0x0000004a,74
14,0x0000004a,74
15,0x0000004a,74
16,0x0000005a,90
17,0x0000005a,90
18,0x0000004e,78
19,0x0000003c,60
20,0x0000004a,74
21,0x000000a0,160
22,0x0000004a,74
23,0x0000005a,90
24,0x0000004a,74
25,0x0000004a,74
26,0x0000004a,74
27,0x00000046,70
28,0x0000004a,74
29,0x0000003c,60
30,0x0000004a,74
31,0x0000004a,74
32,0x0000004a,74
33,0x00000046,70
34,0x0000004a,74
35,0x0000004a,74
36,0x0000004a,74
37,0x0000004a,74
38,0x0000004a,74
39,0x0000004a,74
40,0x0000004a,74
41,0x0000004a,74
42,0x0000004a,74
43,0x0000004a,74
44,0x0000004a,74
45,0x0000004a,74
46,0x0000004a,74
47,0x0000004a,74
48,0x0000004a,74
49,0x0000004a,74
50,0x0000004a,74
51,0x0000004a,74
52,0x0000004a,74
53,0x0000004a,74
54,0x0000004a,74
55,0x0000004a,74
56,0x0000004a,74
57,0x0000004a,74
58,0x0000004a,74
59,0x0000004a,74
60,0x0000004a,74
61,0x0000004a,74
62,0x0000004a,74
63,0x0000004a,74
64,0x0000004a,74
65,0x0000004a,74
66,0x0000003c,60
67,0x0000004a,74
68,0x000000a0,160
69,0x0000005a,90
70,0x0000004a,74
71,0x0000004a,74
72,0x0000004a,74
73,0x0000004a,74
74,0x0000004a,74
75,0x0000004a,74
76,0x0000004a,74
77,0x0000004a,74
78,0x0000004a,74
79,0x00000046,70
80,0x0000004a,74
81,0x0000004a,74
82,0x0000003c,60
83,0x0000004a,74
84,0x0000004a,74
85,0x0000003c,60
86,0x0000004a,74
87,0x0000004a,74
88,0x0000004a,74
89,0x0000004a,74
90,0x00000046,70
91,0x0000004a,74
92,0x0000004a,74
93,0x0000004a,74
94,0x0000004a,74
95,0x0000004a,74
96,0x0000004a,74
97,0x0000004a,74
98,0x0000004a,74
99,0x0000004a,74
100,0x0000004a,74
101,0x0000004a,74
102,0x0000004a,74
103,0x0000004a,74
104,0x0000003c,60
105,0x0000004a,74
106,0x0000004a,74
107,0x0000004a,74
108,0x0000004a,74
109,0x0000004a,74
110,0x0000004a,74
111,0x0000004a,74
112,0x0000004a,74
113,0x0000004a,74
114,0x0000004a,74
115,0x0000004a,74
116,0x0000004a,74
117,0x0000004a,74
118,0x0000004a,74
119,0x0000004a,74
120,0x0000004a,74
121,0x0000003c,60
122,0x0000004a,74
123,0x0000004a,74
124,0x0000004a,74
125,0x0000004a,74
126,0x0000004a,74
127,0x0000004a,74
128,0x0000004a,74
129,0x0000004a,74
130,0x0000004a,74
131,0x0000004a,74
132,0x0000004a,74
133,0x0000004a,74
134,0x0000004a,74
135,0x0000004a,74
136,0x0000004a,74
137,0x0000004a,74
138,0x0000004a,74
139,0x0000004a,74
140,0x0000004a,74
141,0x0000004a,74
142,0x0000004a,74
143,0x0000004a,74
144,0x0000004a,74
145,0x0000004a,74
146,0x0000004a,74
147,0x0000004a,74
148,0x0000004a,74
149,0x000000a0,160
150,0x0000004a,74
151,0x0000004a,74
152,0x0000005a,90
153,0x0000004a,74
154,0x0000004a,74
155,0x0000003c,60
156,0x0000004a,74
157,0x0000004a,74
158,0x0000003c,60
159,0x0000004a,74
160,0x0000004a,74
161,0x00000046,70
162,0x0000003c,60
163,0x0000004a,74
164,0x0000004a,74
165,0x0000004a,74
166,0x0000004a,74
167,0x00000086,134
168,0x0000004a,74
169,0x0000004a,74
170,0x0000004a,74
171,0x0000004a,74
172,0x0000004a,74
173,0x0000004a,74
174,0x00000046,70
175,0x0000004a,74
176,0x0000004a,74
177,0x0000004a,74
178,0x0000003c,60
179,0x0000004a,74
180,0x0000004a,74
181,0x0000004a,74
182,0x0000004a,74
183,0x0000004a,74
184,0x0000004a,74
185,0x0000004a,74
186,0x0000003c,60
187,0x0000004a,74
188,0x0000004a,74
189,0x0000004a,74
190,0x0000004a,74
191,0x0000004a,74
192,0x0000004a,74
193,0x0000004a,74
194,0x0000004a,74
195,0x0000004a,74
196,0x0000004a,74
197,0x0000004a,74
198,0x0000004a,74
199,0x0000004a,74
200,0x0000004a,74
201,0x0000004a,74
202,0x0000004a,74
203,0x0000004a,74
204,0x0000004a,74
205,0x0000004a,74
206,0x0000004a,74
207,0x0000004a,74
208,0x0000004a,74
209,0x0000003c,60
210,0x0000004a,74
211,0x0000003c,60
212,0x0000004a,74
213,0x0000004a,74
214,0x0000004a,74
215,0x0000004a,74
216,0x0000004a,74
217,0x0000004a,74
218,0x0000004a,74
219,0x0000004a,74
220,0x0000004a,74
221,0x0000004a,74
222,0x0000004a,74
223,0x0000004a,74
224,0x0000004a,74
225,0x0000004a,74
226,0x0000004a,74
227,0x0000004a,74
228,0x0000004a,74
229,0x0000004a,74
230,0x0000004a,74
231,0x0000004a,74
232,0x0000004a,74
233,0x0000004a,74
234,0x0000004a,74
235,0x0000004a,74
236,0x0000004a,74
237,0x0000004a,74
238,0x0000004a,74
239,0x0000004a,74
240,0x0000003c,60
241,0x0000004a,74
242,0x0000004a,74
243,0x0000004a,74
244,0x0000004a,74
245,0x0000004a,74
246,0x0000004a,74
247,0x0000004a,74
248,0x0000004a,74
249,0x0000004a,74
250,0x0000004a,74
251,0x0000004a,74
252,0x0000003c,60
253,0x0000004a,74
254,0x0000004a,74
255,0x0000004a,74
256,0x0000004a,74
257,0x0000005a,90
258,0x0000004e,78
259,0x0000005a,90
260,0x0000004a,74
261,0x0000004a,74
262,0x0000004a,74
263,0x000000a0,160
264,0x0000004a,74
265,0x0000004a,74
266,0x0000004a,74
267,0x0000005a,90
268,0x0000003c,60
269,0x0000004a,74
270,0x0000004a,74
271,0x0000004a,74
272,0x0000004a,74
273,0x0000004a,74
274,0x0000004a,74
275,0x0000004a,74
276,0x0000004a,74
277,0x0000004a,74
278,0x0000004a,74
279,0x0000004a,74
280,0x0000004a,74
281,0x0000004a,74
282,0x0000004a,74
283,0x00000046,70
284,0x0000004a,74
285,0x0000004a,74
286,0x0000004a,74
287,0x0000004a,74
288,0x0000004a,74
289,0x0000004a,74
290,0x0000004a,74
291,0x0000004a,74
292,0x0000004a,74
293,0x0000003c,60
294,0x0000004a,74
295,0x0000004a,74
296,0x0000004a,74
297,0x0000004a,74
298,0x0000004a,74
299,0x0000004a,74
300,0x0000004a,74
301,0x0000004a,74
302,0x0000004a,74
303,0x00000046,70
304,0x0000004a,74
305,0x0000003c,60
306,0x0000004a,74
307,0x0000004a,74
308,0x0000004a,74
309,0x0000004a,74
310,0x0000004a,74
311,0x0000004a,74
312,0x0000004a,74
313,0x0000004a,74
314,0x0000004a,74
315,0x0000004a,74
316,0x0000004a,74
317,0x0000004a,74
318,0x0000004a,74
319,0x0000004a,74
320,0x0000004a,74
321,0x0000004a,74
322,0x0000004a,74
323,0x0000004a,74
324,0x0000004a,74
325,0x0000004a,74
326,0x0000004a,74
327,0x0000004a,74
328,0x0000004a,74
329,0x0000004a,74
330,0x0000004a,74
331,0x0000004a,74
332,0x0000004a,74
333,0x0000004a,74
334,0x0000004a,74
335,0x0000004a,74
336,0x0000004a,74
337,0x0000004a,74
338,0x0000004a,74
339,0x0000004a,74
340,0x0000004a,74
341,0x0000004a,74
342,0x0000004a,74
343,0x0000004a,74
344,0x0000004a,74
345,0x0000004a,74
346,0x0000004a,74
347,0x0000004a,74
348,0x0000004a,74
349,0x0000004a,74
350,0x0000004a,74
351,0x0000004a,74
352,0x0000003c,60
353,0x0000004a,74
354,0x0000004a,74
355,0x0000004a,74
356,0x0000004a,74
357,0x0000004a,74
358,0x0000004a,74
359,0x0000004a,74
360,0x0000004a,74
361,0x0000004a,74
362,0x0000004a,74
363,0x0000004a,74
364,0x0000004a,74
365,0x0000004a,74
366,0x0000004a,74
367,0x0000004a,74
368,0x0000004a,74
369,0x0000004a,74
370,0x0000004a,74
371,0x0000004a,74
372,0x0000004a,74
373,0x0000004a,74
374,0x0000004a,74
375,0x0000004a,74
376,0x0000004a,74
377,0x0000004a,74
378,0x0000004a,74
379,0x0000004a,74
380,0x0000004a,74
381,0x0000004a,74
382,0x0000003c,60
383,0x0000004a,74
384,0x0000004a,74
385,0x0000004a,74
386,0x0000004a,74
387,0x0000004a,74
388,0x0000004a,74
389,0x0000004a,74
390,0x0000004a,74
391,0x0000004a,74
392,0x0000004a,74
393,0x0000004a,74
394,0x0000004a,74
395,0x0000004a,74
396,0x0000004a,74
397,0x0000004a,74
398,0x0000004a,74
399,0x0000004a,74
400,0x0000004a,74
401,0x0000003c,60
402,0x0000004a,74
403,0x0000004a,74
404,0x0000004a,74
405,0x0000004a,74
406,0x0000004a,74
407,0x0000004a,74
408,0x0000004a,74
409,0x0000004a,74
410,0x0000004a,74
411,0x0000003c,60
412,0x0000004a,74
413,0x0000004a,74
414,0x0000004a,74
415,0x0000004a,74
416,0x0000004a,74
417,0x0000004a,74
418,0x0000004a,74
419,0x0000004a,74
420,0x0000004a,74
421,0x0000004a,74
422,0x0000004a,74
423,0x0000004a,74
424,0x0000004a,74
425,0x0000004a,74
426,0x0000004a,74
427,0x0000004a,74
428,0x0000004a,74
429,0x0000004a,74
430,0x0000004a,74
431,0x0000003c,60
432,0x0000004a,74
433,0x0000004a,74
434,0x0000004a,74
435,0x0000004a,74
436,0x0000004a,74
437,0x0000004a,74
438,0x0000004a,74
439,0x0000004a,74
440,0x0000004a,74
441,0x0000005a,90
442,0x0000004a,74
443,0x0000004e,78
444,0x0000005a,90
445,0x0000004a,74
446,0x0000004a,74
447,0x0000004a,74
448,0x0000004a,74
449,0x0000005a,90
450,0x00000046,70
451,0x0000005a,90
452,0x0000004a,74
453,0x0000004a,74
454,0x0000004a,74
455,0x0000003c,60
456,0x0000004a,74
457,0x0000004a,74
458,0x0000004a,74
459,0x0000003c,60
460,0x0000004a,74
461,0x0000004a,74
462,0x0000004a,74
463,0x0000003c,60
464,0x0000004a,74
465,0x0000004a,74
466,0x0000004a,74
467,0x0000004a,74
468,0x0000003c,60
469,0x0000004a,74
470,0x0000003c,60
471,0x0000004a,74
472,0x0000004a,74
473,0x0000004a,74
474,0x0000003c,60
475,0x00000046,70
476,0x0000004a,74
477,0x0000004a,74
478,0x0000004a,74
479,0x0000004a,74
480,0x0000004a,74
481,0x0000004a,74
482,0x0000004a,74
483,0x0000004a,74
484,0x0000004a,74
485,0x0000004a,74
486,0x00000086,134
487,0x0000004a,74
488,0x0000004a,74
489,0x0000004a,74
490,0x0000004a,74
491,0x0000004a,74
492,0x0000004a,74
493,0x0000004a,74
494,0x0000004a,74
495,0x0000004a,74
496,0x0000004a,74
497,0x00000046,70
498,0x0000004a,74
499,0x0000004a,74
500,0x0000004a,74
501,0x0000004a,74
502,0x0000004a,74
503,0x0000004a,74
504,0x0000004a,74
505,0x0000004a,74
506,0x0000004a,74
507,0x0000004a,74
508,0x0000004a,74
509,0x0000004a,74
510,0x0000004a,74
511,0x0000004a,74
512,0x0000004a,74
513,0x0000004a,74
514,0x0000003c,60
515,0x0000004a,74
516,0x0000004a,74
517,0x0000004a,74
518,0x0000004a,74
519,0x0000004a,74
520,0x0000004a,74
521,0x0000004a,74
522,0x0000004a,74
523,0x0000004a,74
524,0x0000004a,74
525,0x0000003c,60
526,0x0000004a,74
527,0x0000004a,74
528,0x0000004a,74
529,0x0000004a,74
530,0x0000004a,74
531,0x0000004a,74
532,0x0000004a,74
533,0x0000004a,74
534,0x0000004a,74
535,0x0000004a,74
536,0x0000004a,74
537,0x0000004a,74
538,0x0000004a,74
539,0x0000004a,74
540,0x0000004a,74
541,0x0000004a,74
542,0x0000004a,74
543,0x0000004a,74
544,0x0000004a,74
545,0x0000004a,74
546,0x0000004a,74
547,0x0000004a,74
548,0x0000004a,74
549,0x0000004a,74
550,0x0000004a,74
551,0x0000004a,74
552,0x0000004a,74
553,0x0000004a,74
554,0x0000004a,74
555,0x0000004a,74
556,0x0000004a,74
557,0x0000004a,74
558,0x0000004a,74
559,0x0000004a,74
560,0x0000004a,74
561,0x0000004a,74
562,0x0000004a,74
563,0x0000004a,74
564,0x0000004a,74
565,0x0000004a,74
566,0x0000004a,74
567,0x0000004a,74
568,0x0000004a,74
569,0x0000004a,74
570,0x0000004a,74
571,0x0000004a,74
572,0x0000004a,74
573,0x0000004a,74
574,0x0000003c,60
575,0x0000004a,74
576,0x0000004a,74
577,0x0000004a,74
578,0x0000004a,74
579,0x0000004a,74
580,0x0000004a,74
581,0x0000004a,74
582,0x0000004a,74
583,0x0000004a,74
584,0x0000004a,74
585,0x0000004a,74
586,0x0000004a,74
587,0x0000004a,74
588,0x0000004a,74
589,0x0000004a,74
590,0x0000004a,74
591,0x0000004a,74
592,0x0000004a,74
593,0x0000004a,74
594,0x0000004a,74
595,0x0000004a,74
596,0x0000004a,74
597,0x0000004a,74
598,0x0000004a,74
599,0x0000004a,74
600,0x0000004a,74
601,0x0000004a,74
602,0x0000004a,74
603,0x0000004a,74
604,0x0000004a,74
605,0x0000004a,74
606,0x0000004a,74
607,0x0000004a,74
608,0x0000004a,74
609,0x0000004a,74
610,0x0000004a,74
611,0x0000004a,74
612,0x0000004a,74
613,0x0000004a,74
614,0x0000004a,74
615,0x0000004a,74
616,0x0000004a,74
617,0x0000004a,74
618,0x0000004a,74
619,0x0000004a,74
620,0x0000004a,74
621,0x0000004a,74
622,0x0000004a,74
623,0x0000004a,74
624,0x0000004a,74
625,0x0000004a,74
626,0x0000004a,74
627,0x0000004a,74
628,0x0000004a,74
629,0x0000004a,74
630,0x0000004a,74
631,0x0000004a,74
632,0x0000003c,60
633,0x0000004a,74
634,0x0000004a,74
635,0x0000003c,60
636,0x0000004a,74
637,0x0000004a,74
638,0x0000004a,74
639,0x0000004a,74
640,0x0000004a,74
641,0x0000004a,74
642,0x0000004a,74
643,0x0000004a,74
644,0x0000004a,74
645,0x0000004a,74
646,0x0000004a,74
647,0x0000004a,74
648,0x0000003c,60
649,0x0000004a,74
650,0x0000004a,74
651,0x0000004a,74
652,0x0000004a,74
653,0x0000004a,74
654,0x0000004a,74
655,0x0000004a,74
656,0x0000004a,74
657,0x0000004a,74
658,0x0000004a,74
659,0x0000004a,74
660,0x0000004a,74
661,0x0000004a,74
662,0x0000004a,74
663,0x0000004a,74
664,0x0000004a,74
665,0x0000004a,74
666,0x0000004a,74
667,0x0000004a,74
668,0x0000004a,74
669,0x0000004a,74
670,0x0000003c,60
671,0x0000004a,74
672,0x0000004a,74
673,0x0000004a,74
674,0x0000003c,60
675,0x0000004a,74
676,0x0000004a,74
677,0x0000004a,74
678,0x0000004a,74
679,0x0000004a,74
680,0x0000004a,74
681,0x0000004a,74
682,0x0000004a,74
683,0x0000004a,74
684,0x0000004a,74
685,0x0000004a,74
686,0x0000004a,74
687,0x0000004a,74
688,0x0000004a,74
689,0x0000004a,74
690,0x0000004a,74
691,0x0000004a,74
692,0x0000004a,74
693,0x0000004a,74
694,0x0000004a,74
695,0x0000004a,74
696,0x0000004a,74
697,0x0000004a,74
698,0x0000004a,74
699,0x0000004a,74
700,0x0000004a,74
701,0x0000004a,74
702,0x0000004a,74
703,0x0000004a,74
704,0x0000004a,74
705,0x0000004a,74
706,0x0000004a,74
707,0x0000003c,60
708,0x0000004a,74
709,0x0000004a,74
710,0x0000004a,74
711,0x0000004a,74
712,0x0000004a,74
713,0x0000004a,74
714,0x0000004a,74
715,0x0000004a,74
716,0x0000004a,74
717,0x0000004a,74
718,0x0000004a,74
719,0x0000004a,74
720,0x0000004a,74
721,0x0000004a,74
722,0x0000003c,60
723,0x0000004a,74
724,0x0000004a,74
725,0x0000003c,60
726,0x0000004a,74
727,0x0000004a,74
728,0x0000004a,74
729,0x0000004a,74
730,0x0000004a,74
731,0x0000004a,74
732,0x0000004a,74
733,0x0000004a,74
734,0x0000004a,74
735,0x0000004a,74
736,0x0000004a,74
737,0x0000004a,74
738,0x0000004a,74
739,0x0000004a,74
740,0x0000004a,74
741,0x0000004a,74
742,0x0000004a,74
743,0x0000004a,74
744,0x0000004a,74
745,0x0000004a,74
746,0x0000004a,74
747,0x0000004a,74
748,0x0000004a,74
749,0x0000004a,74
750,0x0000004a,74
751,0x000000a0,160
752,0x0000004a,74
753,0x0000004a,74
754,0x0000005a,90
755,0x0000004a,74
756,0x0000004a,74
757,0x0000004a,74
758,0x0000004a,74
759,0x0000004a,74
760,0x0000004a,74
761,0x0000004a,74
762,0x0000003c,60
763,0x0000004a,74
764,0x0000004a,74
765,0x0000004a,74
766,0x0000003c,60
767,0x0000004a,74
768,0x0000004a,74
769,0x0000003c,60
770,0x00000046,70
771,0x0000004a,74
772,0x0000003c,60
773,0x0000004a,74
774,0x0000004a,74
775,0x0000004a,74
776,0x0000004a,74
777,0x0000004a,74
778,0x0000003c,60
779,0x0000004a,74
780,0x000000a0,160
781,0x0000005a,90
782,0x0000003c,60
783,0x0000004a,74
784,0x0000003c,60
785,0x0000004a,74
786,0x0000004a,74
787,0x0000004a,74
788,0x0000003c,60
789,0x0000004a,74
790,0x0000004a,74
791,0x0000004a,74
792,0x0000004a,74
793,0x00000046,70
794,0x0000003c,60
795,0x0000004a,74
796,0x0000004a,74
797,0x0000004a,74
798,0x0000004a,74
799,0x0000004a,74
800,0x0000004a,74
801,0x0000004a,74
802,0x0000004a,74
803,0x0000004a,74
804,0x0000004a,74
805,0x0000004a,74
806,0x0000004a,74
807,0x00000046,70
808,0x0000004a,74
809,0x0000004a,74
810,0x0000004a,74
811,0x0000004a,74
812,0x0000004a,74
813,0x0000004a,74
814,0x0000004a,74
815,0x0000004a,74
816,0x0000004a,74
817,0x0000004a,74
818,0x0000004a,74
819,0x0000004a,74
820,0x0000004a,74
821,0x0000004a,74
822,0x0000004a,74
823,0x0000004a,74
824,0x0000004a,74
825,0x0000004a,74
826,0x0000004a,74
827,0x0000004a,74
828,0x0000004a,74
829,0x0000003c,60
830,0x0000004a,74
831,0x00000046,70
832,0x0000004a,74
833,0x0000004a,74
834,0x0000004a,74
835,0x0000004a,74
836,0x0000004a,74
837,0x0000004a,74
838,0x0000004a,74
839,0x0000004a,74
840,0x0000004a,74
841,0x0000004a,74
842,0x0000004a,74
843,0x0000004a,74
844,0x0000004a,74
845,0x0000004a,74
846,0x0000004a,74
847,0x0000004a,74
848,0x0000004a,74
849,0x0000004a,74
850,0x0000004a,74
851,0x0000004a,74
852,0x0000004a,74
853,0x0000004a,74
854,0x0000004a,74
855,0x0000004a,74
856,0x0000004a,74
857,0x0000004a,74
858,0x0000004a,74
859,0x0000004a,74
860,0x0000004a,74
861,0x0000004a,74
862,0x0000004a,74
863,0x0000004a,74
864,0x0000004a,74
865,0x0000004a,74
866,0x0000004a,74
867,0x0000004a,74
868,0x0000004a,74
869,0x0000004a,74
870,0x0000004a,74
871,0x0000004a,74
872,0x0000004a,74
873,0x0000004a,74
874,0x0000004a,74
875,0x0000020b,523
876,0x0000009e,158
877,0x00000042,66
878,0x000000bd,189
879,0x00001330,4912
880,0x000000dd,221
881,0x000005d9,1497
882,0x00000042,66
883,0x0000004a,74
884,0x0000004a,74
885,0x000000ad,173
886,0x000000bd,189
887,0x00000042,66
888,0x0000004a,74
889,0x0000004a,74
890,0x0000004a,74
891,0x0000004a,74
892,0x0000004a,74
893,0x0000004a,74
894,0x000000b2,178
895,0x00000095,149
896,0x000000bd,189
897,0x00001330,4912
898,0x000000de,222
899,0x0000067c,1660
900,0x00000042,66
901,0x00000042,66
902,0x000000ae,174
903,0x000000bd,189
904,0x00000042,66
905,0x0000004a,74
906,0x0000004a,74
907,0x0000004a,74
908,0x0000004a,74
909,0x0000004a,74
910,0x000000b2,178
911,0x00000095,149
912,0x000000bd,189
913,0x00001330,4912
914,0x000000df,223
915,0x0000015c,348
916,0x00000482,1154
917,0x00000042,66
918,0x000000ae,174
919,0x000000bd,189
920,0x00000042,66
921,0x0000004a,74
922,0x0000004a,74
923,0x0000004a,74
924,0x0000004a,74
925,0x0000004a,74
926,0x000000b2,178
927,0x00000095,149
928,0x000000bd,189
929,0x00001330,4912
930,0x000000df,223
931,0x000005df,1503
932,0x00000084,132
933,0x00000042,66
934,0x000000ae,174
935,0x000000bd,189
936,0x00000042,66
937,0x0000004a,74
938,0x0000004a,74
939,0x0000003c,60
940,0x0000004a,74
941,0x0000003c,60
942,0x0000004a,74
943,0x0000004a,74
944,0x0000004a,74
945,0x000000b2,178
946,0x00000095,149
947,0x000000bd,189
948,0x00001330,4912
949,0x000000dd,221
950,0x0000015b,347
951,0x00000483,1155
952,0x00000042,66
953,0x00000042,66
954,0x000000ae,174
955,0x000000bd,189
956,0x00000042,66
957,0x0000004a,74
958,0x0000004a,74
959,0x0000004a,74
960,0x0000004a,74
961,0x00000042,66
962,0x00000236,566
963,0x00000042,66
964,0x0000005c,92
965,0x00000042,66
966,0x000000bd,189
967,0x0000107c,4220
968,0x000000d3,211
969,0x000005d7,1495
970,0x00000042,66
971,0x000000ad,173
972,0x000000bd,189
973,0x00000042,66
974,0x0000004a,74
975,0x0000004a,74
976,0x000000b2,178
977,0x00000042,66
978,0x00000053,83
979,0x000000bd,189
980,0x000005ea,1514
981,0x00000d46,3398
982,0x000000de,222
983,0x0000015b,347
984,0x0000047e,1150
985,0x00000042,66
986,0x00000042,66
987,0x000000ad,173
988,0x000000bd,189
989,0x00000042,66
990,0x0000004a,74
991,0x0000004a,74
992,0x0000004a,74
993,0x000000b2,178
994,0x00000042,66
995,0x00000053,83
996,0x000000bd,189
997,0x0000107c,4220
998,0x000000d3,211
999,0x000005d8,1496
1000,0x00000042,66
1001,0x000000ad,173
1002,0x000000bd,189
1003,0x00000042,66
1004,0x0000004a,74
1005,0x0000004a,74
1006,0x000000b2,178
1007,0x00000042,66
1008,0x00000053,83
1009,0x000000bd,189
1010,0x0000004a,74
1011,0x00000214,532
1012,0x0000009e,158
1013,0x00000042,66
1014,0x000000bd,189
1015,0x00001330,4912
1016,0x000000dd,221
1017,0x000005d7,1495
1018,0x00000042,66
1019,0x000000ad,173
1020,0x000000bd,189
1021,0x0000132f,4911
1022,0x000000d4,212
1023,0x0000051f,1311
1024,0x0000015c,348
1025,0x00000042,66
1026,0x00000042,66
1027,0x000000ae,174
1028,0x000000bd,189
1029,0x00000042,66
1030,0x00000042,66
1031,0x0000004a,74
1032,0x0000004a,74
1033,0x0000004a,74
1034,0x0000004a,74
1035,0x000000b2,178
1036,0x00000042,66
1037,0x00000053,83
1038,0x000000bd,189
1039,0x0000107c,4220
1040,0x000000d3,211
1041,0x000005d7,1495
1042,0x00000042,66
1043,0x000000ad,173
1044,0x000000bd,189
1045,0x00000042,66
1046,0x0000004a,74
1047,0x0000004a,74
1048,0x0000004a,74
1049,0x000000b2,178
1050,0x00000042,66
1051,0x00000053,83
1052,0x000000bd,189
1053,0x000000b2,178
1054,0x00000095,149
1055,0x00001330,4912
1056,0x000000de,222
1057,0x000002b5,693
1058,0x00000377,887
1059,0x00000042,66
1060,0x000000ae,174
1061,0x000000bd,189
1062,0x000000bd,189
1063,0x0000132f,4911
1064,0x000000d3,211
1065,0x00000588,1416
1066,0x00000084,132
1067,0x000000ad,173
1068,0x000000bd,189
1069,0x00000042,66
1070,0x00000042,66
1071,0x0000004a,74
1072,0x0000004a,74
1073,0x0000004a,74
1074,0x000000b2,178
1075,0x00000095,149
1076,0x000000bd,189
1077,0x0000107c,4220
1078,0x000000d4,212
1079,0x000005dc,1500
1080,0x00000084,132
1081,0x000000ae,174
1082,0x000000bd,189
1083,0x00000042,66
1084,0x0000004a,74
1085,0x0000004a,74
1086,0x000000b2,178
1087,0x00000042,66
1088,0x00000053,83
1089,0x000000bd,189
1090,0x000000b2,178
1091,0x00000095,149
1092,0x000000bd,189
1093,0x00001330,4912
1094,0x000000df,223
1095,0x000005dd,1501
1096,0x00000042,66
1097,0x000000ae,174
1098,0x000000bd,189
1099,0x0000132f,4911
1100,0x000000d4,212
1101,0x000005da,1498
1102,0x00000042,66
1103,0x00000042,66
1104,0x000000ae,174
1105,0x000000bd,189
1106,0x00000042,66
1107,0x00000042,66
1108,0x0000004a,74
1109,0x0000004a,74
1110,0x0000004a,74
1111,0x000000b2,178
1112,0x00000042,66
1113,0x00000042,66
1114,0x00000060,96
1115,0x000000bd,189
1116,0x0000107c,4220
1117,0x000000d4,212
1118,0x000002b4,692
1119,0x00000377,887
1120,0x00000084,132
1121,0x000000ae,174
1122,0x000000bd,189
1123,0x00000042,66
1124,0x0000004a,74
1125,0x0000004a,74
1126,0x000000b2,178
1127,0x00000042,66
1128,0x00000053,83
1129,0x000000bd,189
1130,0x000000b2,178
1131,0x00000095,149
1132,0x000000bd,189
1133,0x00001330,4912
1134,0x000000de,222
1135,0x000005d6,1494
1136,0x00000042,66
1137,0x000000ad,173
1138,0x0000132f,4911
1139,0x000000bd,189
1140,0x000000d4,212
1141,0x0000062b,1579
1142,0x00000042,66
1143,0x000000ae,174
1144,0x000000bd,189
1145,0x00000042,66
1146,0x00000042,66
1147,0x0000008c,140
1148,0x000000a5,165
1149,0x0000021a,538
1150,0x00000042,66
1151,0x000000bd,189
1152,0x0000004a,74
1153,0x0000132f,4911
1154,0x000000d4,212
1155,0x000005de,1502
1156,0x00000084,132
1157,0x0000004a,74
1158,0x000000ae,174
1159,0x000000bd,189
1160,0x00000042,66
1161,0x0000004a,74
1162,0x000000b2,178
1163,0x00000095,149
1164,0x000000bd,189
1165,0x0000107c,4220
1166,0x000000d3,211
1167,0x00000588,1416
1168,0x00000042,66
1169,0x000000ad,173
1170,0x000000bd,189
1171,0x00000042,66
1172,0x0000004a,74
1173,0x0000004a,74
1174,0x0000004a,74
1175,0x000000b2,178
1176,0x00000095,149
1177,0x000000b2,178
1178,0x00000095,149
1179,0x000000bd,189
1180,0x000000bd,189
1181,0x0000132f,4911
1182,0x000000d4,212
1183,0x000005de,1502
1184,0x00000042,66
1185,0x000000ae,174
1186,0x000000bd,189
1187,0x00001330,4912
1188,0x000000de,222
1189,0x0000015d,349
1190,0x00000483,1155
1191,0x00000042,66
1192,0x00000042,66
1193,0x000000ae,174
1194,0x000000bd,189
1195,0x00000042,66
1196,0x00000042,66
1197,0x0000004a,74
1198,0x0000004a,74
1199,0x000000b2,178
1200,0x00000095,149
1201,0x000000bd,189
1202,0x0000132f,4911
1203,0x000000d4,212
1204,0x0000062a,1578
1205,0x00000042,66
1206,0x00000042,66
1207,0x000000ae,174
1208,0x000000bd,189
1209,0x0000004a,74
1210,0x0000004a,74
1211,0x00000042,66
1212,0x000000b2,178
1213,0x00000042,66
1214,0x00000053,83
1215,0x000000bd,189
1216,0x0000107c,4220
1217,0x000000d3,211
1218,0x000005d5,1493
1219,0x00000042,66
1220,0x000000ad,173
1221,0x000000bd,189
1222,0x00000042,66
1223,0x0000004a,74
1224,0x0000004a,74
1225,0x000000b2,178
1226,0x00000042,66
1227,0x00000053,83
1228,0x000000b2,178
1229,0x00000042,66
1230,0x00000053,83
1231,0x000000bd,189
1232,0x000000bd,189
1233,0x0000132f,4911
1234,0x000000d4,212
1235,0x0000015a,346
1236,0x00000484,1156
1237,0x00000042,66
1238,0x000000ae,174
1239,0x000000bd,189
1240,0x00001330,4912
1241,0x000000df,223
1242,0x0000015a,346
1243,0x00000483,1155
1244,0x00000042,66
1245,0x00000042,66
1246,0x000000ae,174
1247,0x000000bd,189
1248,0x00000042,66
1249,0x00000042,66
1250,0x0000004a,74
1251,0x0000004a,74
1252,0x000000b2,178
1253,0x00000095,149
1254,0x000000bd,189
1255,0x0000132f,4911
1256,0x000000d4,212
1257,0x000005de,1502
1258,0x00000042,66
1259,0x00000042,66
1260,0x000000ae,174
1261,0x000000bd,189
1262,0x0000004a,74
1263,0x00000042,66
1264,0x000000b2,178
1265,0x00000095,149
1266,0x000000bd,189
1267,0x0000107c,4220
1268,0x000000d3,211
1269,0x00000589,1417
1270,0x00000042,66
1271,0x00000042,66
1272,0x000000ad,173
1273,0x000000bd,189
1274,0x00000042,66
1275,0x0000004a,74
1276,0x0000004a,74
1277,0x000000b2,178
1278,0x00000042,66
1279,0x00000053,83
1280,0x000000bd,189
1281,0x000000a1,161
1282,0x00000042,66
1283,0x000000bd,189
1284,0x0000132f,4911
1285,0x000000d3,211
1286,0x00000628,1576
1287,0x00000042,66
1288,0x000000ad,173
1289,0x000000bd,189
1290,0x00001330,4912
1291,0x000000de,222
1292,0x000004d1,1233
1293,0x0000015c,348
1294,0x00000042,66
1295,0x000000ae,174
1296,0x000000bd,189
1297,0x00000042,66
1298,0x00000042,66
1299,0x0000004a,74
1300,0x0000004a,74
1301,0x0000004a,74
1302,0x000000b2,178
1303,0x00000095,149
1304,0x000000bd,189
1305,0x0000132f,4911
1306,0x000000d3,211
1307,0x0000047e,1150
1308,0x00000158,344
1309,0x00000042,66
1310,0x00000042,66
1311,0x000000ad,173
1312,0x000000bd,189
1313,0x00000042,66
1314,0x000000b2,178
1315,0x00000095,149
1316,0x000000bd,189
1317,0x0000107c,4220
1318,0x000000d3,211
1319,0x00000158,344
1320,0x000004cf,1231
1321,0x00000084,132
1322,0x000000ad,173
1323,0x000000bd,189
1324,0x00000042,66
1325,0x0000004a,74
1326,0x0000004a,74
1327,0x000000b2,178
1328,0x00000095,149
1329,0x000000bd,189
1330,0x000000b2,178
1331,0x00000042,66
1332,0x00000053,83
1333,0x0000132f,4911
1334,0x000000d3,211
1335,0x00000371,881
1336,0x00000265,613
1337,0x00000042,66
1338,0x000000ff,255
1339,0x000000ad,173
1340,0x000000bd,189
1341,0x00001330,4912
1342,0x000000dd,221
1343,0x0000015b,347
1344,0x000004cd,1229
1345,0x00000084,132
1346,0x000000ad,173
1347,0x000000bd,189
1348,0x00000042,66
1349,0x00000042,66
1350,0x0000004a,74
1351,0x0000004a,74
1352,0x0000004a,74
1353,0x0000004a,74
1354,0x000000b2,178
1355,0x00000042,66
1356,0x00000053,83
1357,0x000000bd,189
1358,0x0000132f,4911
1359,0x000000d4,212
1360,0x000005de,1502
1361,0x00000042,66
1362,0x00000042,66
1363,0x000000ae,174
1364,0x000000bd,189
1365,0x00000042,66
1366,0x000000b2,178
1367,0x00000095,149
1368,0x000000bd,189
1369,0x0000107c,4220
1370,0x000000d3,211
1371,0x000005d7,1495
1372,0x00000084,132
1373,0x000000ad,173
1374,0x000000bd,189
1375,0x00000042,66
1376,0x0000004a,74
1377,0x0000004a,74
1378,0x00000042,66
1379,0x00000218,536
1380,0x00000042,66
1381,0x0000005c,92
1382,0x00000042,66
1383,0x000000bd,189
1384,0x0000004a,74
1385,0x0000276b,10091
1386,0x000000df,223
1387,0x0000004a,74
1388,0x0000011f,287
1389,0x00000042,66
1390,0x00000042,66
1391,0x00001412,5138
1392,0x000058b6,22710
1393,0x000052cc,21196
1394,0x0000b16c,45420
1395,0x000005ea,1514
1396,0x00008df0,36336
1397,0x00006a74,27252
1398,0x00007648,30280
1399,0x000099c4,39364
1400,0x00005ea0,24224
1401,0x0000a598,42392
1402,0x00007648,30280
1403,0x00001b6d,7021
1404,0x000000ae,174
1405,0x00001335,4917
1406,0x000000de,222
1407,0x000005dd,1501
1408,0x00000084,132
1409,0x000000ae,174
1410,0x00001046,4166
1411,0x000000dd,221
1412,0x0000027d,637
1413,0x00000042,66
1414,0x000000ad,173
1415,0x00003cf9,15609
1416,0x00000071,113
1417,0x000000de,222
1418,0x0000015f,351
1419,0x00000fb0,4016
1420,0x00000042,66
1421,0x00000042,66
1422,0x00000042,66
1423,0x000000ae,174
1424,0x00000042,66
1425,0x00000297,663
1426,0x00000042,66
1427,0x0000020c,524
1428,0x00000042,66
1429,0x000000ad,173
1430,0x000000df,223
1431,0x0000012f,303
1432,0x000000f0,240
1433,0x0000020c,524
1434,0x00000042,66
1435,0x000000ad,173
1436,0x0000045d,1117
1437,0x000000de,222
1438,0x000000ae,174
1439,0x0000020d,525
1440,0x00000042,66
1441,0x000000ae,174
1442,0x000027c4,10180
1443,0x00001e26,7718
1444,0x000000de,222
1445,0x0000020c,524
1446,0x00000d05,3333
1447,0x00000042,66
1448,0x00000108,264
1449,0x00000210,528
1450,0x000002d6,726
1451,0x0000018c,396
1452,0x00000084,132
1453,0x00000084,132
1454,0x00000042,66
1455,0x00000042,66
1456,0x00000042,66
1457,0x00000042,66
1458,0x00000084,132
1459,0x00000084,132
1460,0x00000108,264
1461,0x00000108,264
1462,0x000000ad,173
1463,0x0000020f,527
1464,0x00000042,66
1465,0x000000ae,174
1466,0x00000042,66
1467,0x000000b2,178
1468,0x00000042,66
1469,0x00000053,83
1470,0x000000bd,189
1471,0x0000132f,4911
1472,0x000000d4,212
1473,0x00000159,345
1474,0x000004d3,1235
1475,0x00000042,66
1476,0x00000042,66
1477,0x000000ae,174
1478,0x000000a1,161
1479,0x00000042,66
1480,0x000000bd,189
1481,0x0000033f,831
1482,0x00000208,520
1483,0x00000042,66
1484,0x000000ae,174
1485,0x00002320,8992
1486,0x00001330,4912
1487,0x000000de,222
1488,0x0000061b,1563
1489,0x00000084,132
1490,0x000000de,222
1491,0x0000043a,1082
1492,0x00000348,840
1493,0x000007a9,1961
1494,0x00000252,594
1495,0x00000fbd,4029
1496,0x00000318,792
1497,0x00000108,264
1498,0x00003cf9,15609
1499,0x000000d3,211
1500,0x000005ea,1514
1501,0x00000ac4,2756
1502,0x00000042,66
1503,0x00000042,66
1504,0x00000042,66
1505,0x000000ad,173
1506,0x0000033f,831
1507,0x00000214,532
1508,0x00000042,66
1509,0x000000ae,174
1510,0x00001d92,7570
1511,0x00001f67,8039
1512,0x000000df,223
1513,0x0000015e,350
1514,0x00000fac,4012
1515,0x00000084,132
1516,0x00000042,66
1517,0x00000042,66
1518,0x00000042,66
1519,0x000000ae,174
1520,0x000000a4,164
1521,0x000010a6,4262
1522,0x0000020e,526
1523,0x00004ce2,19682
1524,0x00006a74,27252
1525,0x000052cc,21196
1526,0x00007c32,31794
1527,0x00008806,34822
1528,0x000052cc,21196
1529,0x0000b16c,45420
1530,0x0000c914,51476
1531,0x0000dad2,56018
1532,0x00004abd,19133
1533,0x00000042,66
1534,0x00000042,66
1535,0x000000ae,174
1536,0x00000731,1841
1537,0x0000022e,558
1538,0x00000dad,3501
1539,0x000005ee,1518
1540,0x000007bc,1980
1541,0x000000a4,164
1542,0x000012b4,4788
1543,0x0000fe4e,65102
1544,0x0000e6a6,59046
1545,0x0000353a,13626
1546,0x0001100c,69644
1547,0x0000c914,51476
1548,0x0000b16c,45420
1549,0x00005c7b,23675
1550,0x00000042,66
1551,0x000000ae,174
1552,0x0000020e,526
1553,0x000004b6,1206
1554,0x000000c9,201
1555,0x00000906,2310
1556,0x0000098a,2442
1557,0x000009cc,2508
1558,0x00001365,4965
1559,0x0000a598,42392
1560,0x0000a598,42392
1561,0x00010a22,68130
1562,0x00011be0,72672
1563,0x00016eac,93868
1564,0x00002157,8535
1565,0x00000042,66
1566,0x000000ad,173
1567,0x000006c9,1737
1568,0x00000087,135
1569,0x00000042,66
1570,0x00000840,2112
1571,0x00000bdc,3036
1572,0x000005ee,1518
1573,0x00000252,594
1574,0x00001157,4439
1575,0x0000020e,526
1576,0x000005ea,1514
1577,0x0001806a,98410
1578,0x00008806,34822
1579,0x00017a80,96896
1580,0x000121ca,74186
1581,0x00005691,22161
1582,0x00000042,66
1583,0x000000ae,174
1584,0x000000df,223
1585,0x000005f8,1528
1586,0x00000087,135
1587,0x00000840,2112
1588,0x00000c1e,3102
1589,0x00000840,2112
1590,0x00001365,4965
1591,0x00005ea0,24224
1592,0x000162d8,90840
1593,0x00014546,83270
1594,0x0000f27a,62074
1595,0x000107fd,67581
1596,0x00000042,66
1597,0x000000ae,174
1598,0x0000033d,829
1599,0x000003d7,983
1600,0x0000010b,267
1601,0x00000a92,2706
1602,0x00000906,2310
1603,0x00000108,264
1604,0x000000b1,177
1605,0x000012b4,4788
1606,0x0000c32a,49962
1607,0x00013f5c,81756
1608,0x00019812,104466
1609,0x000162d8,90840
1610,0x000003c5,965
1611,0x00000042,66
1612,0x0000019c,412
1613,0x00000042,66
1614,0x000000ad,173
1615,0x0000020f,527
1616,0x000004bb,1211
1617,0x00000042,66
1618,0x0000018f,399
1619,0x0000014a,330
1620,0x0000018c,396
1621,0x000000a4,164
1622,0x000012b4,4788
1623,0x0000a598,42392
1624,0x0001a3e6,107494
1625,0x00017a80,96896
1626,0x00013d37,81207
1627,0x00000042,66
1628,0x000000ae,174
1629,0x000000de,222
1630,0x000005f9,1529
1631,0x00000042,66
1632,0x000001d1,465
1633,0x0000018c,396
1634,0x000000c6,198
1635,0x00000042,66
1636,0x000000a4,164
1637,0x000012b4,4788
1638,0x0001806a,98410
1639,0x0001df0a,122634
1640,0x0001a1c1,106945
1641,0x00000042,66
1642,0x000000ae,174
1643,0x0000020b,523
1644,0x00000555,1365
1645,0x000000c9,201
1646,0x00000084,132
1647,0x00000084,132
1648,0x000000c6,198
1649,0x00001358,4952
1650,0x00016eac,93868
1651,0x0001bb8e,113550
1652,0x0001d6fb,120571
1653,0x00000042,66
1654,0x000000ad,173
1655,0x0000020c,524
1656,0x000004c9,1225
1657,0x000000c9,201
1658,0x000000c6,198
1659,0x00000084,132
1660,0x00000084,132
1661,0x00001365,4965
1662,0x0000237c,9084
1663,0x0001df0a,122634
1664,0x0001df0a,122634
1665,0x00011fa5,73637
1666,0x00000042,66
1667,0x000000ae,174
1668,0x000000dd,221
1669,0x000005fe,1534
1670,0x00000042,66
1671,0x00000087,135
1672,0x00000084,132
1673,0x00000084,132
1674,0x00000042,66
1675,0x000000a4,164
1676,0x000012b4,4788
1677,0x000162d8,90840
1678,0x0001df0a,122634
1679,0x0001bf53,114515
1680,0x000000f0,240
1681,0x0000018b,395
1682,0x000000dd,221
1683,0x000005e6,1510
1684,0x00000087,135
1685,0x00000084,132
1686,0x00000084,132
1687,0x0000014a,330
1688,0x00000042,66
1689,0x00001365,4965
1690,0x00006a74,27252
1691,0x0001df0a,122634
1692,0x0001df0a,122634
1693,0x0000d8ad,55469
1694,0x00000042,66
1695,0x000000ad,173
1696,0x00000429,1065
1697,0x000002f8,760
1698,0x0000014d,333
1699,0x000000c6,198
1700,0x00000084,132
1701,0x000000a4,164
1702,0x000012b4,4788
1703,0x00016eac,93868
1704,0x0001df0a,122634
1705,0x0001b37f,111487
1706,0x000000ef,239
1707,0x00000210,528
1708,0x000004d4,1236
1709,0x0000010b,267
1710,0x00000042,66
1711,0x000000c6,198
1712,0x000000c6,198
1713,0x00001365,4965
1714,0x00006a74,27252
1715,0x0001e4f4,124148
1716,0x0001df0a,122634
1717,0x0000d2c3,53955
1718,0x00000042,66
1719,0x000000ae,174
1720,0x00000713,1811
1721,0x00000042,66
1722,0x00000087,135
1723,0x00000084,132
1724,0x000000c6,198
1725,0x00000042,66
1726,0x00001358,4952
1727,0x0000fe4e,65102
1728,0x0001e4f4,124148
1729,0x0001df0a,122634
1730,0x00003ee9,16105
1731,0x00000042,66
1732,0x000000ad,173
1733,0x000006e2,1762
1734,0x0000010b,267
1735,0x00000084,132
1736,0x00000084,132
1737,0x00000084,132
1738,0x00001157,4439
1739,0x0000020e,526
1740,0x0001a9d0,109008
1741,0x0001e4f4,124148
1742,0x00017271,94833
1743,0x000000ef,239
1744,0x0000018b,395
1745,0x00000042,66
1746,0x0000020f,527
1747,0x0000054a,1354
1748,0x00000087,135
1749,0x00000084,132
1750,0x00000042,66
1751,0x00000084,132
1752,0x00001358,4952
1753,0x00008806,34822
1754,0x0001df0a,122634
1755,0x0001e4f4,124148
1756,0x0000b531,46385
1757,0x00000042,66
1758,0x000000ae,174
1759,0x00000712,1810
1760,0x00000042,66
1761,0x0000010b,267
1762,0x00000084,132
1763,0x00000108,264
1764,0x00000042,66
1765,0x000000a4,164
1766,0x000012b4,4788
1767,0x0000237c,9084
1768,0x0001df0a,122634
1769,0x0001df0a,122634
1770,0x00011fa5,73637
1771,0x000000ef,239
1772,0x0000020d,525
1773,0x000004bc,1212
1774,0x0000010b,267
1775,0x00000084,132
1776,0x00000042,66
1777,0x000000c6,198
1778,0x0000114a,4426
1779,0x0000020e,526
1780,0x0000cefe,52990
1781,0x0001df0a,122634
1782,0x0001e4f4,124148
1783,0x00006e39,28217
1784,0x00000042,66
1785,0x000000ae,174
1786,0x00000718,1816
1787,0x00000042,66
1788,0x000000c9,201
1789,0x00000084,132
1790,0x00000084,132
1791,0x00000042,66
1792,0x0000114a,4426
1793,0x0000020e,526
1794,0x00013388,78728
1795,0x0001e4f4,124148
1796,0x0001df0a,122634
1797,0x000009af,2479
1798,0x00000042,66
1799,0x000000ae,174
1800,0x000000df,223
1801,0x00000689,1673
1802,0x00000084,132
1803,0x00000084,132
1804,0x0000018f,399
1805,0x00000084,132
1806,0x0000114a,4426
1807,0x0000020e,526
1808,0x0000c32a,49962
1809,0x0001df0a,122634
1810,0x0001df0a,122634
1811,0x00007ff7,32759
1812,0x000000ad,173
1813,0x000001ce,462
1814,0x0000041d,1053
1815,0x00000308,776
1816,0x00000042,66
1817,0x0000010b,267
1818,0x000000c6,198
1819,0x00000042,66
1820,0x0000114a,4426
1821,0x00000de2,3554
1822,0x0001df0a,122634
1823,0x0001e4f4,124148
1824,0x00013163,78179
1825,0x000000f0,240
1826,0x00000210,528
1827,0x000004d3,1235
1828,0x00000084,132
1829,0x000000c9,201
1830,0x00000042,66
1831,0x00000084,132
1832,0x00000042,66
1833,0x0000114a,4426
1834,0x0000020e,526
1835,0x000052cc,21196
1836,0x0001e4f4,124148
1837,0x0001df0a,122634
1838,0x0000ea6b,60011
1839,0x00000042,66
1840,0x000000ae,174
1841,0x000006c5,1733
1842,0x00000087,135
1843,0x00000042,66
1844,0x000000c6,198
1845,0x00000084,132
1846,0x00000042,66
1847,0x00001157,4439
1848,0x0000020e,526
1849,0x0001c178,115064
1850,0x0001df0a,122634
1851,0x000160b3,90291
1852,0x000000ef,239
1853,0x0000020f,527
1854,0x000004cf,1231
1855,0x00000087,135
1856,0x000000c6,198
1857,0x00000084,132
1858,0x00000042,66
1859,0x00000042,66
1860,0x00001157,4439
1861,0x0000020e,526
1862,0x0000b16c,45420
1863,0x0001e4f4,124148
1864,0x0001df0a,122634
1865,0x00008bcb,35787
1866,0x00000042,66
1867,0x000000ad,173
1868,0x000000dd,221
1869,0x0000063e,1598
1870,0x00000042,66
1871,0x000000c9,201
1872,0x00000084,132
1873,0x000000c6,198
1874,0x00000084,132
1875,0x0000114a,4426
1876,0x0000020e,526
1877,0x00019228,102952
1878,0x0001e4f4,124148
1879,0x00018a19,100889
1880,0x000000ae,174
1881,0x000000de,222
1882,0x000000ad,173
1883,0x000000de,222
1884,0x000005f7,1527
1885,0x00000042,66
1886,0x0000010b,267
1887,0x00000042,66
1888,0x000000c6,198
1889,0x00000042,66
1890,0x00001157,4439
1891,0x0000020e,526
1892,0x000058b6,22710
1893,0x0001e4f4,124148
1894,0x0001df0a,122634
1895,0x0000e481,58497
1896,0x00000042,66
1897,0x000000ae,174
1898,0x0000033e,830
1899,0x000003dc,988
1900,0x0000010b,267
1901,0x000000c6,198
1902,0x00000042,66
1903,0x000000c6,198
1904,0x00000042,66
1905,0x00001157,4439
1906,0x0000d6f6,55030
1907,0x0001df0a,122634
1908,0x0001df0a,122634
1909,0x00006e39,28217
1910,0x00000042,66
1911,0x000000ae,174
1912,0x000000df,223
1913,0x00000605,1541
1914,0x00000042,66
1915,0x0000010b,267
1916,0x00000042,66
1917,0x00000084,132
1918,0x00000084,132
1919,0x0000004a,74
1920,0x000000a4,164
1921,0x000012b4,4788
1922,0x00002966,10598
1923,0x0001df0a,122634
1924,0x0001df0a,122634
1925,0x000119bb,72123
1926,0x00000042,66
1927,0x000000ae,174
1928,0x000002ed,749
1929,0x00000426,1062
1930,0x000000c9,201
1931,0x00000042,66
1932,0x00000084,132
1933,0x00000042,66
1934,0x00000084,132
1935,0x00001157,4439
1936,0x0000020e,526
1937,0x0001b5a4,112036
1938,0x0001df0a,122634
1939,0x00016c87,93319
1940,0x000000ef,239
1941,0x00000211,529
1942,0x000004b9,1209
1943,0x00000084,132
1944,0x0000010b,267
1945,0x00000084,132
1946,0x00000084,132
1947,0x00001358,4952
1948,0x00009fae,40878
1949,0x0001df0a,122634
1950,0x0001df0a,122634
1951,0x0000a373,41843
1952,0x00000042,66
1953,0x0000018c,396
1954,0x000000ae,174
1955,0x00000211,529
1956,0x00000517,1303
1957,0x00000087,135
1958,0x00000084,132
1959,0x00000108,264
1960,0x00000084,132
1961,0x00000084,132
1962,0x00001157,4439
1963,0x0000020e,526
1964,0x0000e6a6,59046
1965,0x0001df0a,122634
1966,0x0001df0a,122634
1967,0x00005691,22161
1968,0x00000042,66
1969,0x000000ae,174
1970,0x00000719,1817
1971,0x000000c9,201
1972,0x00000042,66
1973,0x000000c6,198
1974,0x00000042,66
1975,0x00000042,66
1976,0x000000b1,177
1977,0x000012b4,4788
1978,0x000046f8,18168
1979,0x0001e4f4,124148
1980,0x0001df0a,122634
1981,0x0000f63f,63039
1982,0x000000f0,240
1983,0x0000020c,524
1984,0x000004cb,1227
1985,0x00000087,135
1986,0x0000008c,140
1987,0x00000084,132
1988,0x000000b1,177
1989,0x000012b4,4788
1990,0x0000ec90,60560
1991,0x0001df0a,122634
1992,0x0001df0a,122634
1993,0x00005691,22161
1994,0x00000042,66
1995,0x000000ac,172
1996,0x0000020f,527
1997,0x00000516,1302
1998,0x00000084,132
1999,0x000000c9,201
2000,0x00000084,132
2001,0x000000c6,198
2002,0x00001358,4952
2003,0x0000c914,51476
2004,0x0001df0a,122634
2005,0x0001e4f4,124148
2006,0x00007423,29731
2007,0x00000042,66
2008,0x000000ae,174
2009,0x000006e3,1763
2010,0x00000042,66
2011,0x000000c9,201
2012,0x000000c6,198
2013,0x00000084,132
2014,0x00000084,132
2015,0x00001157,4439
2016,0x0000020e,526
2017,0x0000c914,51476
2018,0x0001e4f4,124148
2019,0x0001df0a,122634
2020,0x00007423,29731
2021,0x000000f0,240
2022,0x000000de,222
2023,0x000000ae,174
2024,0x0000070f,1807
2025,0x00000087,135
2026,0x00000042,66
2027,0x000000c6,198
2028,0x00000084,132
2029,0x00000084,132
2030,0x00001365,4965
2031,0x0001a9d0,109008
2032,0x0001df0a,122634
2033,0x0001785b,96347
2034,0x000000ef,239
2035,0x000000dd,221
2036,0x000005f7,1527
2037,0x0000010b,267
2038,0x000000c6,198
2039,0x00000084,132
2040,0x00000042,66
2041,0x000000a4,164
2042,0x000012b4,4788
2043,0x0001a3e6,107494
2044,0x0001df0a,122634
2045,0x00017e45,97861
2046,0x000000ee,238
2047,0x0000020d,525
2048,0x000004dc,1244
2049,0x00000042,66
2050,0x000000c9,201
2051,0x00000108,264
2052,0x000000c6,198
2053,0x00000042,66
2054,0x0000114a,4426
2055,0x0000020e,526
2056,0x00002f50,12112
2057,0x0001df0a,122634
2058,0x0001df0a,122634
2059,0x000113d1,70609
2060,0x000000ef,239
2061,0x0000020e,526
2062,0x0000055e,1374
2063,0x00000042,66
2064,0x0000010b,267
2065,0x00000042,66
2066,0x000000c6,198
2067,0x00000042,66
2068,0x00001358,4952
2069,0x0000b756,46934
2070,0x0001e4f4,124148
2071,0x0001df0a,122634
2072,0x000085e1,34273
2073,0x000000ef,239
2074,0x0000020d,525
2075,0x00002800,10240
2076,0x0000010b,267
2077,0x00000042,66
2078,0x000000c6,198
2079,0x00000084,132
2080,0x00000042,66
2081,0x00001157,4439
2082,0x0000020e,526
2083,0x00014546,83270
2084,0x0001df0a,122634
2085,0x0001dce5,122085
2086,0x00000042,66
2087,0x00000042,66
2088,0x000000ad,173
2089,0x0000038e,910
2090,0x000004b4,1204
2091,0x0000014a,330
2092,0x00000152,338
2093,0x0000035a,858
2094,0x000008a3,2211
2095,0x00000171,369
2096,0x000001f7,503
2097,0x0000010b,267
2098,0x00000108,264
2099,0x00000084,132
2100,0x00000084,132
2101,0x00001157,4439
2102,0x0001005c,65628
2103,0x0001df0a,122634
2104,0x0001e4f4,124148
2105,0x00003ee9,16105
2106,0x00000042,66
2107,0x000000ae,174
2108,0x000000dd,221
2109,0x00000601,1537
2110,0x00000084,132
2111,0x0000010b,267
2112,0x00000084,132
2113,0x00000084,132
2114,0x00000042,66
2115,0x000000b1,177
2116,0x000012b4,4788
2117,0x00013972,80242
2118,0x0001df0a,122634
2119,0x0001df0a,122634
2120,0x000009af,2479
2121,0x000000ef,239
2122,0x0000020d,525
2123,0x00000504,1284
2124,0x00000084,132
2125,0x000000c9,201
2126,0x00000084,132
2127,0x00000084,132
2128,0x00000042,66
2129,0x000000a4,164
2130,0x000012b4,4788
2131,0x0000f27a,62074
2132,0x0001df0a,122634
2133,0x0001df0a,122634
2134,0x000050a7,20647
2135,0x00000042,66
2136,0x000000ad,173
2137,0x0000020d,525
2138,0x00000505,1285
2139,0x0000014d,333
2140,0x00000042,66
2141,0x00000084,132
2142,0x00000084,132
2143,0x00000042,66
2144,0x00001157,4439
2145,0x0000020e,526
2146,0x00007648,30280
2147,0x0001df0a,122634
2148,0x0001df0a,122634
2149,0x0000ccd9,52441
2150,0x00000042,66
2151,0x000000ad,173
2152,0x000000df,223
2153,0x00000606,1542
2154,0x00000042,66
2155,0x0000014d,333
2156,0x00000042,66
2157,0x000000c6,198
2158,0x00000042,66
2159,0x0000114a,4426
2160,0x0000b37a,45946
2161,0x0001e4f4,124148
2162,0x0001df0a,122634
2163,0x00008bcb,35787
2164,0x000000f0,240
2165,0x0000018b,395
2166,0x000000df,223
2167,0x00000639,1593
2168,0x00000087,135
2169,0x00000084,132
2170,0x00000042,66
2171,0x00000084,132
2172,0x00000042,66
2173,0x00001157,4439
2174,0x0000020e,526
2175,0x00007648,30280
2176,0x0001df0a,122634
2177,0x0001e4f4,124148
2178,0x0000c6ef,50927
2179,0x00000042,66
2180,0x000000ae,174
2181,0x000006e2,1762
2182,0x00000042,66
2183,0x000000c9,201
2184,0x00000084,132
2185,0x00000084,132
2186,0x00000084,132
2187,0x000000a4,164
2188,0x000012b4,4788
2189,0x00001d92,7570
2190,0x0001df0a,122634
2191,0x0001df0a,122634
2192,0x0001258f,75151
2193,0x000000f0,240
2194,0x00000211,529
2195,0x000004d3,1235
2196,0x00000084,132
2197,0x0000010b,267
2198,0x00000084,132
2199,0x0000141e,5150
2200,0x000000a4,164
2201,0x00013e44,81476
2202,0x0001df0a,122634
2203,0x0001df0a,122634
2204,0x0000174f,5967
2205,0x00004d24,19748
2206,0x00005f4e,24398
2207,0x0000a598,42392
2208,0x00016eac,93868
2209,0x0001dfe8,122856
2210,0x0000681d,26653
2211,0x00000170,368
2212,0x0000010b,267
2213,0x00000131,305
2214,0x00000084,132
2215,0x00000084,132
2216,0x000000a4,164
2217,0x0000197e,6526
2218,0x00000042,66
2219,0x000005ac,1452
2220,0x0001b7b8,112568
2221,0x0001dd01,122113
2222,0x000183f5,99317
2223,0x00001358,4952
2224,0x000052cc,21196
2225,0x0001df0a,122634
2226,0x0000a598,42392
2227,0x0001a9d0,109008
2228,0x00007ff7,32759
2229,0x000000ef,239
2230,0x0000023b,571
2231,0x0000040f,1039
2232,0x000009af,2479
2233,0x00000084,132
2234,0x000004e9,1257
2235,0x000005ee,1518
2236,0x00000630,1584
2237,0x00000672,1650
2238,0x00000423,1059
2239,0x00000042,66
2240,0x0000114a,4426
2241,0x0001c8fc,116988
2242,0x0001df0a,122634
2243,0x0001cd35,118069
2244,0x0001df0a,122634
2245,0x0001e4f4,124148
2246,0x0000de97,56983
2247,0x00000042,66
2248,0x0000019e,414
2249,0x00000203,515
2250,0x00000711,1809
2251,0x000007ea,2026
2252,0x00000087,135
2253,0x00000084,132
2254,0x0000010b,267
2255,0x00000108,264
2256,0x00000084,132
2257,0x000000a4,164
2258,0x000021fd,8701
2259,0x00005cd2,23762
2260,0x0001df0a,122634
2261,0x0001df0a,122634
2262,0x0001e4f4,124148
2263,0x0001dce5,122085
2264,0x0001e4f4,124148
2265,0x000044d3,17619
2266,0x00000042,66
2267,0x000000ae,174
2268,0x00002324,8996
2269,0x00000095,149
2270,0x000006eb,1771
2271,0x00000042,66
2272,0x000000c9,201
2273,0x00000084,132
2274,0x00000110,272
2275,0x000000c6,198
2276,0x000000a4,164
2277,0x000010a6,4262
2278,0x0000315e,12638
2279,0x0001df0a,122634
2280,0x0001df0a,122634
2281,0x000114b0,70832
2282,0x0000038b,907
2283,0x000002ff,767
2284,0x000000ce,206
2285,0x00000108,264
2286,0x00000234,564
2287,0x00000131,305
2288,0x000000c6,198
2289,0x000003f6,1014
2290,0x000001da,474
2291,0x000000ad,173
2292,0x000002e1,737
2293,0x00000ac6,2758
2294,0x00000084,132
2295,0x0000094e,2382
2296,0x000005ac,1452
2297,0x000006b4,1716
2298,0x000005ac,1452
2299,0x00000462,1122
2300,0x00000084,132
2301,0x000000b1,177
2302,0x0000240b,9227
2303,0x0000315e,12638
2304,0x0001df0a,122634
2305,0x0001e4f4,124148
2306,0x0001df0a,122634
2307,0x0001e2cf,123599
2308,0x0001df0a,122634
2309,0x00006e39,28217
2310,0x00000042,66
2311,0x000000ad,173
2312,0x000000f0,240
2313,0x000006da,1754
2314,0x00000245,581
2315,0x00000586,1414
2316,0x000000c6,198
2317,0x00000252,594
2318,0x0000077a,1914
2319,0x000004e9,1257
2320,0x00000ad4,2772
2321,0x000004a4,1188
2322,0x000000a4,164
2323,0x000012b4,4788
2324,0x0001b5a4,112036
2325,0x0001dfbb,122811
2326,0x00017f3b,98107
2327,0x00016eac,93868
2328,0x0001dff9,122873
2329,0x0001b37f,111487
2330,0x0000020b,523
2331,0x000004c4,1220
2332,0x00000084,132
2333,0x00000084,132
2334,0x0000010b,267
2335,0x000000a4,164
2336,0x000010a6,4262
2337,0x00014d3e,85310
2338,0x0001e4f4,124148
2339,0x0001d111,119057
2340,0x000000ef,239
2341,0x000001cd,461
2342,0x000000ad,173
2343,0x00000670,1648
2344,0x0000070e,1806
2345,0x00000042,66
2346,0x000006f9,1785
2347,0x000005af,1455
2348,0x00000528,1320
2349,0x00000528,1320
2350,0x00000738,1848
2351,0x000001ce,462
2352,0x00001409,5129
2353,0x000012b4,4788
2354,0x0001806a,98410
2355,0x0001df0a,122634
2356,0x0001df0a,122634
2357,0x0001df0a,122634
2358,0x0001e2cf,123599
2359,0x00010213,66067
2360,0x00000132,306
2361,0x000000ae,174
2362,0x00000713,1811
2363,0x00000762,1890
2364,0x000000c9,201
2365,0x00000c1e,3102
2366,0x0000056d,1389
2367,0x00000738,1848
2368,0x000004a4,1188
2369,0x0000018c,396
2370,0x00000084,132
2371,0x000022a1,8865
2372,0x0000041c,1052
2373,0x0000e0bc,57532
2374,0x0001df0a,122634
2375,0x0001df0a,122634
2376,0x0001e4f4,124148
2377,0x0001df0a,122634
2378,0x00019f9c,106396
2379,0x00000042,66
2380,0x000000ad,173
2381,0x00000468,1128
2382,0x000002f8,760
2383,0x0000010b,267
2384,0x00000042,66
2385,0x000000c6,198
2386,0x00000042,66
2387,0x000000b1,177
2388,0x000012b4,4788
2389,0x00013972,80242
2390,0x0001df0a,122634
2391,0x0001e4f4,124148
2392,0x000003c5,965
2393,0x00000131,305
2394,0x00000239,569
2395,0x00000042,66
2396,0x000000d4,212
2397,0x000007f8,2040
2398,0x00000552,1362
2399,0x00000318,792
2400,0x00000633,1587
2401,0x0000056a,1386
2402,0x000005ac,1452
2403,0x00000ad7,2775
2404,0x00000042,66
2405,0x00000042,66
2406,0x00001358,4952
2407,0x00001157,4439
2408,0x000164e6,91366
2409,0x0001df0a,122634
2410,0x0001df0a,122634
2411,0x0001e2cf,123599
2412,0x0001df0a,122634
2413,0x00011fa5,73637
2414,0x000000ef,239
2415,0x00000042,66
2416,0x000002bc,700
2417,0x000004bb,1211
2418,0x000000c9,201
2419,0x0000019a,410
2420,0x000005e0,1504
2421,0x000000c6,198
2422,0x00000210,528
2423,0x0000018f,399
2424,0x000000c6,198
2425,0x00001157,4439
2426,0x0000020e,526
2427,0x00010438,66616
2428,0x0001dfae,122798
2429,0x0001e000,122880
2430,0x0000a373,41843
2431,0x0001df0a,122634
2432,0x0001df4c,122700
2433,0x0000f103,61699
2434,0x00000340,832
2435,0x0000041d,1053
2436,0x000000c9,201
2437,0x00000084,132
2438,0x00000042,66
2439,0x00000084,132
2440,0x0000114a,4426
2441,0x0000020e,526
2442,0x0001bb8e,113550
2443,0x0001df0a,122634
2444,0x0001669d,91805
2445,0x00000042,66
2446,0x0000019e,414
2447,0x0000018c,396
2448,0x000000d3,211
2449,0x000007e7,2023
2450,0x0000052b,1323
2451,0x0000029a,666
2452,0x0000018c,396
2453,0x00000108,264
2454,0x0000014a,330
2455,0x00000108,264
2456,0x00000042,66
2457,0x0000114a,4426
2458,0x00001365,4965
2459,0x000095e8,38376
2460,0x0001e4f4,124148
2461,0x0001df0a,122634
2462,0x0001df0a,122634
2463,0x0001e2cf,123599
2464,0x0001df0a,122634
2465,0x000009af,2479
2466,0x00000042,66
2467,0x000000ef,239
2468,0x000000ad,173
2469,0x000006c1,1729
2470,0x00000718,1816
2471,0x00000255,597
2472,0x0000018c,396
2473,0x0000014d,333
2474,0x0000014a,330
2475,0x00000042,66
2476,0x000000c6,198
2477,0x000000a4,164
2478,0x000012b4,4788
2479,0x000000a4,164
2480,0x00013a68,80488
2481,0x0001e4f4,124148
2482,0x0001df0a,122634
2483,0x0000ccd9,52441
2484,0x0001df4c,122700
2485,0x0001df0a,122634
2486,0x00008c79,35961
2487,0x000000d4,212
2488,0x000005eb,1515
2489,0x00000042,66
2490,0x000001d1,465
2491,0x00000108,264
2492,0x0000014a,330
2493,0x000000a4,164
2494,0x000012b4,4788
2495,0x000121ca,74186
2496,0x0001df0a,122634
2497,0x0001df0a,122634
2498,0x00002157,8535
2499,0x000000ef,239
2500,0x0000027c,636
2501,0x000000d4,212
2502,0x000007aa,1962
2503,0x000004bc,1212
2504,0x000001ce,462
2505,0x0000029a,666
2506,0x00000108,264
2507,0x0000018c,396
2508,0x000000c6,198
2509,0x00000042,66
2510,0x0000114a,4426
2511,0x0000020e,526
2512,0x0000069b,1691
2513,0x00019ef2,106226
2514,0x0001df0a,122634
2515,0x0001e4f4,124148
2516,0x0001dce5,122085
2517,0x0001df0a,122634
2518,0x0000f097,61591
2519,0x000000ae,174
2520,0x00000042,66
2521,0x000000ae,174
2522,0x00000201,513
2523,0x000004b7,1207
2524,0x000007b0,1968
2525,0x0000018f,399
2526,0x0000018c,396
2527,0x0000018c,396
2528,0x0000010b,267
2529,0x00000084,132
2530,0x00000084,132
2531,0x0000114a,4426
2532,0x0000020e,526
2533,0x00000c85,3205
2534,0x0001e000,122880
2535,0x0001e4f4,124148
2536,0x0001669d,91805
2537,0x0001e4f4,124148
2538,0x0001df4c,122700
2539,0x00011a68,72296
2540,0x00000669,1641
2541,0x00000042,66
2542,0x0000014d,333
2543,0x000001ce,462
2544,0x0000014a,330
2545,0x00000084,132
2546,0x00001365,4965
2547,0x00007c32,31794
2548,0x0001df0a,122634
2549,0x0001e4f4,124148
2550,0x0000c105,49413
2551,0x00000132,306
2552,0x00000237,567
2553,0x00000042,66
2554,0x00000797,1943
2555,0x000005f9,1529
2556,0x000001ce,462
2557,0x00000255,597
2558,0x000000c6,198
2559,0x0000014d,333
2560,0x00000042,66
2561,0x00000084,132
2562,0x0000114a,4426
2563,0x0000020e,526
2564,0x0000e055,57429
2565,0x0001e118,123160
2566,0x0001df0a,122634
2567,0x0001e2cf,123599
2568,0x0001dfae,122798
2569,0x0001b37f,111487
2570,0x000000f4,244
2571,0x000011e8,4584
2572,0x000000f0,240
2573,0x000006b7,1719
2574,0x0000011f,287
2575,0x0000081f,2079
2576,0x0000018c,396
2577,0x000000c6,198
2578,0x0000035b,859
2579,0x000000c6,198
2580,0x00000042,66
2581,0x000000b1,177
2582,0x000012b4,4788
2583,0x000000a4,164
2584,0x0001b0b0,110768
2585,0x0001e4f4,124148
2586,0x0001df0a,122634
2587,0x0001dce5,122085
2588,0x0001e4f4,124148
2589,0x0001c53d,116029
2590,0x000157f3,88051
2591,0x0001df0a,122634
2592,0x0000e481,58497
2593,0x000006be,1726
2594,0x00000042,66
2595,0x000000c6,198
2596,0x00000255,597
2597,0x0000014a,330
2598,0x0000114a,4426
2599,0x0000020e,526
2600,0x000099c4,39364
2601,0x0001df0a,122634
2602,0x0001df0a,122634
2603,0x0000a95d,43357
2604,0x000001c5,453
2605,0x0000015b,347
2606,0x00000238,568
2607,0x000006b8,1720
2608,0x00000317,791
2609,0x000006e7,1767
2610,0x0000018c,396
2611,0x0000014d,333
2612,0x00000084,132
2613,0x00000042,66
2614,0x00000042,66
2615,0x000003dc,988
2616,0x0000170f,5903
2617,0x000014b2,5298
2618,0x00013afe,80638
2619,0x0001e012,122898
2620,0x0001df8e,122766
2621,0x0001e2cf,123599
2622,0x0001df0a,122634
2623,0x0001490b,84235
2624,0x000000e6,230
2625,0x00001361,4961
2626,0x00000c16,3094
2627,0x00016386,91014
2628,0x0001e326,123686
2629,0x0001b3aa,111530
2630,0x000002ff,767
2631,0x00000084,132
2632,0x00000358,856
2633,0x0000066b,1643
2634,0x00000297,663
2635,0x00000042,66
2636,0x00000084,132
2637,0x00000042,66
2638,0x000000a4,164
2639,0x000012b4,4788
2640,0x00003abd,15037
2641,0x0001e118,123160
2642,0x0001df0a,122634
2643,0x0001df0a,122634
2644,0x0001e2cf,123599
2645,0x0001df0a,122634
2646,0x00007a0d,31245
2647,0x00000131,305
2648,0x000002e6,742
2649,0x00000f4f,3919
2650,0x0000064b,1611
2651,0x000000c9,201
2652,0x00000213,531
2653,0x00000108,264
2654,0x0000018f,399
2655,0x000000c6,198
2656,0x0000018c,396
2657,0x0000018c,396
2658,0x00000108,264
2659,0x000001fb,507
2660,0x000012b4,4788
2661,0x000000a4,164
2662,0x00019ef2,106226
2663,0x0001dfae,122798
2664,0x0001e5ea,124394
2665,0x0001dce5,122085
2666,0x0001df0a,122634
2667,0x0001e4f4,124148
2668,0x0001dce5,122085
2669,0x0001e536,124214
2670,0x00006354,25428
2671,0x000000ad,173
2672,0x000000dd,221
2673,0x00000682,1666
2674,0x000000c6,198
2675,0x00000292,658
2676,0x000005cb,1483
2677,0x00000126,294
2678,0x0000018f,399
2679,0x000000c6,198
2680,0x00000042,66
2681,0x00001371,4977
2682,0x00001358,4952
2683,0x0000db76,56182
2684,0x0001e000,122880
2685,0x0001df0a,122634
2686,0x0001258f,75151
2687,0x0001df0a,122634
2688,0x0001df0a,122634
2689,0x000091b5,37301
2690,0x000000f0,240
2691,0x000000df,223
2692,0x0000024a,586
2693,0x000000d4,212
2694,0x00000159,345
2695,0x00000637,1591
2696,0x00000ff3,4083
2697,0x00000349,841
2698,0x00000213,531
2699,0x0000014a,330
2700,0x00000210,528
2701,0x000002c4,708
2702,0x0000014a,330
2703,0x000000c6,198
2704,0x000000c6,198
2705,0x00000108,264
2706,0x000013e9,5097
2707,0x00006a74,27252
2708,0x0001dfae,122798
2709,0x0001e583,124291
2710,0x0000f84d,63565
2711,0x0000e0bc,57532
2712,0x0001df0a,122634
2713,0x0001df0a,122634
2714,0x0001e4f4,124148
2715,0x0001df4c,122700
2716,0x0001a04a,106570
2717,0x000006b3,1715
2718,0x000000ef,239
2719,0x0000014d,333
2720,0x0000018c,396
2721,0x0000014a,330
2722,0x0000040f,1039
2723,0x000002fd,765
2724,0x000000c6,198
2725,0x0000010b,267
2726,0x00001252,4690
2727,0x00000250,592
2728,0x000058b6,22710
2729,0x0001df0a,122634
2730,0x0001e4f4,124148
2731,0x0000f7d9,63449
2732,0x0000a598,42392
2733,0x0001df0a,122634
2734,0x0001df0a,122634
2735,0x0000979f,38815
2736,0x00000301,769
2737,0x0000015b,347
2738,0x00000042,66
2739,0x00000291,657
2740,0x00000db0,3504
2741,0x000005c4,1476
2742,0x00000213,531
2743,0x000001ce,462
2744,0x0000018c,396
2745,0x000001ce,462
2746,0x0000014a,330
2747,0x0000018c,396
2748,0x0000014a,330
2749,0x0000018c,396
2750,0x00000084,132
2751,0x00000087,135
2752,0x000000a4,164
2753,0x0000240b,9227
2754,0x0000020e,526
2755,0x0000e0bc,57532
2756,0x0001dfae,122798
2757,0x0001e000,122880
2758,0x0001df0a,122634
2759,0x0001e4f4,124148
2760,0x0001e0aa,123050
2761,0x0001df0a,122634
2762,0x0001df0a,122634
2763,0x00011455,70741
2764,0x0000015c,348
2765,0x000007b6,1974
2766,0x00000720,1824
2767,0x000000c6,198
2768,0x00000213,531
2769,0x00000213,531
2770,0x000000c6,198
2771,0x0000014a,330
2772,0x000000c6,198
2773,0x00000084,132
2774,0x00001358,4952
2775,0x0000114a,4426
2776,0x0001c386,115590
2777,0x0001df0a,122634
2778,0x0001df0a,122634
2779,0x0001e4f4,124148
2780,0x0001dce5,122085
2781,0x0000c105,49413
2782,0x00000132,306
2783,0x0000027c,636
2784,0x000000ad,173
2785,0x0000099e,2462
2786,0x00000b5a,2906
2787,0x0000014d,333
2788,0x000001d1,465
2789,0x0000014a,330
2790,0x000001ce,462
2791,0x0000018c,396
2792,0x00000213,531
2793,0x0000014a,330
2794,0x000000c6,198
2795,0x000000c6,198
2796,0x0000118c,4492
2797,0x0000020e,526
2798,0x0000dad2,56018
2799,0x0001e155,123221
2800,0x0001ddf2,122354
2801,0x00012d87,77191
2802,0x0001dc5f,121951
2803,0x0001e4f4,124148
2804,0x0001df0a,122634
2805,0x0001df0a,122634
2806,0x0001e2cf,123599
2807,0x000004b5,1205
2808,0x000001c3,451
2809,0x00000335,821
2810,0x00000514,1300
2811,0x000001ce,462
2812,0x0000039d,925
2813,0x000005fe,1534
2814,0x00000087,135
2815,0x00000084,132
2816,0x00000174,372
2817,0x00000042,66
2818,0x00001157,4439
2819,0x0000020e,526
2820,0x00000bd4,3028
2821,0x0001dea3,122531
2822,0x0001e118,123160
2823,0x0001e2cf,123599
2824,0x0001df0a,122634
2825,0x0001df0a,122634
2826,0x0000a95d,43357
2827,0x00000132,306
2828,0x000002e7,743
2829,0x00000d36,3382
2830,0x0000080c,2060
2831,0x0000014d,333
2832,0x000000c6,198
2833,0x00000210,528
2834,0x00000255,597
2835,0x00000213,531
2836,0x00000108,264
2837,0x0000014a,330
2838,0x000000c6,198
2839,0x00001252,4690
2840,0x0000020e,526
2841,0x00019228,102952
2842,0x0001e627,124455
2843,0x0001afa3,110499
2844,0x00011be0,72672
2845,0x0001df0a,122634
2846,0x0001df0a,122634
2847,0x0001e536,124214
2848,0x0001df0a,122634
2849,0x00016525,91429
2850,0x000000d3,211
2851,0x00000677,1655
2852,0x000001b5,437
2853,0x00000108,264
2854,0x00000213,531
2855,0x00000084,132
2856,0x0000020e,526
2857,0x000004c3,1219
2858,0x0000010b,267
2859,0x00001210,4624
2860,0x000002d4,724
2861,0x0000477c,18300
2862,0x0001df0a,122634
2863,0x0001df0a,122634
2864,0x0000fccd,64717
2865,0x0001090a,67850
2866,0x0001df0a,122634
2867,0x0001df0a,122634
2868,0x00004c89,19593
2869,0x00000222,546
2870,0x00000238,568
2871,0x0000020d,525
2872,0x00000c1c,3100
2873,0x00000702,1794
2874,0x000002c7,711
2875,0x0000018c,396
2876,0x00000255,597
2877,0x000001bb,443
2878,0x0000018c,396
2879,0x0000018f,399
2880,0x000001da,474
2881,0x0000018c,396
2882,0x00000084,132
2883,0x00001219,4633
2884,0x00001566,5478
2885,0x00007154,29012
2886,0x0001df0a,122634
2887,0x0001df0a,122634
2888,0x0001e4f4,124148
2889,0x0001df0a,122634
2890,0x0001e2cf,123599
2891,0x0001df0a,122634
2892,0x0001df0a,122634
2893,0x0001828e,98958
2894,0x000000ae,174
2895,0x000000f0,240
2896,0x0000076a,1898
2897,0x00000042,66
2898,0x00000108,264
2899,0x0000010b,267
2900,0x00000786,1926
2901,0x00000042,66
2902,0x0000018f,399
2903,0x0000014a,330
2904,0x0000014a,330
2905,0x00001358,4952
2906,0x0000b756,46934
2907,0x0001dfbb,122811
2908,0x0001e5ea,124394
2909,0x0000979f,38815
2910,0x00013f5c,81756
2911,0x0001e4f4,124148
2912,0x0001dce5,122085
2913,0x00000084,132
2914,0x0000027c,636
2915,0x0000015c,348
2916,0x00000042,66
2917,0x00000559,1369
2918,0x0000097b,2427
2919,0x000001dc,476
2920,0x00002451,9297
2921,0x000020b4,8372
2922,0x00000084,132
2923,0x00000255,597
2924,0x0000014a,330
2925,0x000001b9,441
2926,0x000013fe,5118
2927,0x00000084,132
2928,0x0001104e,69710
2929,0x0001df0a,122634
2930,0x0001df0a,122634
2931,0x0000466d,18029
2932,0x00001365,4965
2933,0x0001515c,86364
2934,0x0001dfb8,122808
2935,0x0001e4f4,124148
2936,0x0001dce5,122085
2937,0x0001e4f4,124148
2938,0x00012c99,76953
2939,0x00000644,1604
2940,0x0000010b,267
2941,0x00000084,132
2942,0x00000084,132
2943,0x000003a9,937
2944,0x00000421,1057
2945,0x00000108,264
2946,0x0000025f,607
2947,0x000003dd,989
2948,0x000018e0,6368
2949,0x000009b9,2489
2950,0x0000f2bc,62140
2951,0x0001df8e,122766
2952,0x0001df0a,122634
2953,0x000064b9,25785
2954,0x0000cefe,52990
2955,0x0001df0a,122634
2956,0x0001e4f4,124148
2957,0x00006e39,28217
2958,0x00000173,371
2959,0x0000023a,570
2960,0x000000ae,174
2961,0x000000dd,221
2962,0x00000ada,2778
2963,0x00000984,2436
2964,0x00000087,135
2965,0x00000294,660
2966,0x00000360,864
2967,0x000000c6,198
2968,0x000001ce,462
2969,0x00000042,66
2970,0x00000042,66
2971,0x000000c6,198
2972,0x000001ee,494
2973,0x000012b4,4788
2974,0x00019dfc,105980
2975,0x0001de96,122518
2976,0x0001a737,108343
2977,0x0000bb72,47986
2978,0x0001df0a,122634
2979,0x0001df4c,122700
2980,0x0001e4f4,124148
2981,0x0001dfb8,122808
2982,0x0001c902,116994
2983,0x000000d4,212
2984,0x000005f7,1527
2985,0x00000173,371
2986,0x000001d1,465
2987,0x0000014a,330
2988,0x0000014a,330
2989,0x0000020b,523
2990,0x00000513,1299
2991,0x00000087,135
2992,0x000001ac,428
2993,0x00001338,4920
2994,0x00000162,354
2995,0x0001a9d0,109008
2996,0x0001e4f4,124148
2997,0x00017271,94833
2998,0x00001365,4965
2999,0x00005ea0,24224
3000,0x0001e4f4,124148
3001,0x0001df0a,122634
3002,0x0000de97,56983
3003,0x00000084,132
3004,0x0000028d,653
3005,0x0000018c,396
3006,0x0000065d,1629
3007,0x000007af,1967
3008,0x00000120,288
3009,0x000008de,2270
3010,0x0000014a,330
3011,0x00000255,597
3012,0x0000014a,330
3013,0x0000014a,330
3014,0x0000018f,399
3015,0x00000114,276
3016,0x000014a2,5282
3017,0x000168c2,92354
3018,0x0001df0a,122634
3019,0x0001d939,121145
3020,0x000006e0,1760
3021,0x00002f92,12178
3022,0x0001df0a,122634
3023,0x0001dfb7,122807
3024,0x0001df0a,122634
3025,0x0001e4f4,124148
3026,0x0001dce5,122085
3027,0x00007b4b,31563
3028,0x0000014a,330
3029,0x00000213,531
3030,0x0000023a,570
3031,0x00001568,5480
3032,0x000004c7,1223
3033,0x0001340f,78863
3034,0x0001df8e,122766
3035,0x0001df8e,122766
3036,0x0000101d,4125
3037,0x00000042,66
3038,0x00001157,4439
3039,0x0000020e,526
3040,0x00019228,102952
3041,0x0001e4f4,124148
3042,0x00018a19,100889
3043,0x00000042,66
3044,0x00000174,372
3045,0x000002e8,744
3046,0x000000d4,212
3047,0x00000cdd,3293
3048,0x00000121,289
3049,0x000007e4,2020
3050,0x00000297,663
3051,0x00000108,264
3052,0x00000210,528
3053,0x0000018c,396
3054,0x000001da,474
3055,0x0000014d,333
3056,0x00000084,132
3057,0x00000108,264
3058,0x00001358,4952
3059,0x000000a4,164
3060,0x000010a6,4262
3061,0x0001d101,119041
3062,0x0001df0a,122634
3063,0x0001e4f4,124148
3064,0x0001df0a,122634
3065,0x0001dce5,122085
3066,0x0001e4f4,124148
3067,0x0001dce5,122085
3068,0x0001e4f4,124148
3069,0x00002289,8841
3070,0x000000ae,174
3071,0x00000202,514
3072,0x000004be,1214
3073,0x000007e0,2016
3074,0x000001d1,465
3075,0x00000213,531
3076,0x0000014a,330
3077,0x00000042,66
3078,0x00000084,132
3079,0x000000b1,177
3080,0x00001365,4965
3081,0x000012b4,4788
3082,0x00016eac,93868
3083,0x0001df0a,122634
3084,0x0001e4f4,124148
3085,0x0001df0a,122634
3086,0x0001e2cf,123599
3087,0x00010de7,69095
3088,0x000000c6,198
3089,0x00000329,809
3090,0x000000ae,174
3091,0x000000d4,212
3092,0x000013e0,5088
3093,0x00000084,132
3094,0x00000150,336
3095,0x0000014a,330
3096,0x0000018f,399
3097,0x0000014a,330
3098,0x00000108,264
3099,0x00000252,594
3100,0x00000114,276
3101,0x00000108,264
3102,0x00000128,296
3103,0x000012b4,4788
3104,0x000058b6,22710
3105,0x0001e0b1,123057
3106,0x0001e0b5,123061
3107,0x0001dd38,122168
3108,0x0001e4f4,124148
3109,0x0001df0a,122634
3110,0x0001df0a,122634
3111,0x0001e3bf,123839
3112,0x0001ad95,109973
3113,0x00000250,592
3114,0x00000510,1296
3115,0x00000177,375
3116,0x00000084,132
3117,0x00000084,132
3118,0x00000084,132
3119,0x000006be,1726
3120,0x00000084,132
3121,0x00000177,375
3122,0x00001443,5187
3123,0x0000134a,4938
3124,0x0001df8e,122766
3125,0x0001df0a,122634
3126,0x00013163,78179
3127,0x0000114a,4426
3128,0x0000020e,526
3129,0x0000ec90,60560
3130,0x0001df0a,122634
3131,0x0001df0a,122634
3132,0x00005691,22161
3133,0x00000042,66
3134,0x00000084,132
3135,0x0000024a,586
3136,0x0000013c,316
3137,0x0000091a,2330
3138,0x00000c2d,3117
3139,0x000000c9,201
3140,0x00000108,264
3141,0x000002a3,675
3142,0x00000108,264
3143,0x0000018f,399
3144,0x0000018c,396
3145,0x00000108,264
3146,0x0000018c,396
3147,0x000000c6,198
3148,0x00000084,132
3149,0x000000a4,164
3150,0x00001358,4952
3151,0x000012b4,4788
3152,0x0000114a,4426
3153,0x000162d8,90840
3154,0x0001e118,123160
3155,0x0001df0a,122634
3156,0x0001df0a,122634
3157,0x0001e4f4,124148
3158,0x0001df0a,122634
3159,0x0001e0aa,123050
3160,0x0001df0a,122634
3161,0x00008039,32825
3162,0x0000019d,413
3163,0x000008cf,2255
3164,0x00000553,1363
3165,0x0000010b,267
3166,0x00000108,264
3167,0x000001d1,465
3168,0x00000108,264
3169,0x0000014a,330
3170,0x00000108,264
3171,0x00000084,132
3172,0x000024a2,9378
3173,0x0000020e,526
3174,0x00002966,10598
3175,0x0001df0a,122634
3176,0x0001e4f4,124148
3177,0x0001df0a,122634
3178,0x0001df0a,122634
3179,0x0001e2cf,123599
3180,0x00007423,29731
3181,0x00000108,264
3182,0x00000209,521
3183,0x0000013d,317
3184,0x00000c53,3155
3185,0x0000033e,830
3186,0x0000060d,1549
3187,0x00000108,264
3188,0x0000029a,666
3189,0x00000210,528
3190,0x000001ce,462
3191,0x000001ce,462
3192,0x0000018c,396
3193,0x0000014a,330
3194,0x0000014a,330
3195,0x000000c6,198
3196,0x000000b1,177
3197,0x00003964,14692
3198,0x00014b30,84784
3199,0x0001df0a,122634
3200,0x0001e4f4,124148
3201,0x0001df0a,122634
3202,0x0001df0a,122634
3203,0x0001e4f4,124148
3204,0x0001df0a,122634
3205,0x0001e0aa,123050
3206,0x000091b5,37301
3207,0x00000042,66
3208,0x0000019d,413
3209,0x000005c8,1480
3210,0x00000801,2049
3211,0x00000087,135
3212,0x000000c6,198
3213,0x0000018f,399
3214,0x0000018c,396
3215,0x0000018c,396
3216,0x000000c6,198
3217,0x000001ce,462
3218,0x00000084,132
3219,0x00001365,4965
3220,0x0000114a,4426
3221,0x0000842a,33834
3222,0x0001df0a,122634
3223,0x0001e4f4,124148
3224,0x0001df0a,122634
3225,0x0001e2cf,123599
3226,0x0001df0a,122634
3227,0x00001b6d,7021
3228,0x000000c6,198
3229,0x00000392,914
3230,0x00000042,66
3231,0x00000921,2337
3232,0x0000079a,1946
3233,0x00000559,1369
3234,0x0000018c,396
3235,0x000001ce,462
3236,0x00000213,531
3237,0x0000033c,828
3238,0x00000210,528
3239,0x000001ce,462
3240,0x0000014a,330
3241,0x0000014a,330
3242,0x000000c9,201
3243,0x00001365,4965
3244,0x0000114a,4426
3245,0x00001566,5478
3246,0x0000e0bc,57532
3247,0x0001df0a,122634
3248,0x0001e4f4,124148
3249,0x0001df0a,122634
3250,0x0001df0a,122634
3251,0x0001df0a,122634
3252,0x0001e2cf,123599
3253,0x0001e2cf,123599
3254,0x0000fc29,64553
3255,0x00000084,132
3256,0x000000ef,239
3257,0x000000ad,173
3258,0x0000071f,1823
3259,0x00000764,1892
3260,0x00000042,66
3261,0x00000108,264
3262,0x0000018f,399
3263,0x00000108,264
3264,0x000000c6,198
3265,0x00000108,264
3266,0x00000084,132
3267,0x00001157,4439
3268,0x00001358,4952
3269,0x0000020e,526
3270,0x000127b4,75700
3271,0x0001df0a,122634
3272,0x0001e4f4,124148
3273,0x0001df0a,122634
3274,0x0001df0a,122634
3275,0x000158a4,88228
3276,0x000000ef,239
3277,0x00000210,528
3278,0x0000015a,346
3279,0x000006c7,1735
3280,0x000009b3,2483
3281,0x0000065e,1630
3282,0x000001ce,462
3283,0x00000297,663
3284,0x00000213,531
3285,0x0000014a,330
3286,0x000000c6,198
3287,0x0000014a,330
3288,0x000013e9,5097
3289,0x00000042,66
3290,0x00006a74,27252
3291,0x0001df0a,122634
3292,0x0001e162,123234
3293,0x0000ea6b,60011
3294,0x000012b4,4788
3295,0x0001bbd0,113616
3296,0x0001dfb7,122807
3297,0x0001df0a,122634
3298,0x0001e4f4,124148
3299,0x0001dce5,122085
3300,0x0000cdc8,52680
3301,0x00000042,66
3302,0x000000ef,239
3303,0x000001ce,462
3304,0x0000018f,399
3305,0x000000c6,198
3306,0x0000020f,527
3307,0x00000510,1296
3308,0x000000c9,201
3309,0x00000042,66
3310,0x000011ce,4558
3311,0x00000292,658
3312,0x000121ca,74186
3313,0x0001df0a,122634
3314,0x0001dfae,122798
3315,0x000031fd,12797
3316,0x000005ea,1514
3317,0x0001df0a,122634
3318,0x0001df0a,122634
3319,0x00013f03,81667
3320,0x000002ff,767
3321,0x0000015b,347
3322,0x000002e1,737
3323,0x000011e7,4583
3324,0x00000087,135
3325,0x0000018f,399
3326,0x0000014a,330
3327,0x00000255,597
3328,0x0000014a,330
3329,0x0000014a,330
3330,0x0000014a,330
3331,0x00000108,264
3332,0x000001ce,462
3333,0x00000108,264
3334,0x00001157,4439
3335,0x00001573,5491
3336,0x00004d86,19846
3337,0x0001e5ea,124394
3338,0x0001df0a,122634
3339,0x0001df0a,122634
3340,0x0001df0a,122634
3341,0x0001e4f4,124148
3342,0x0001e0aa,123050
3343,0x0001df0a,122634
3344,0x0001a1c1,106945
3345,0x00000084,132
3346,0x0000015c,348
3347,0x00000760,1888
3348,0x00000087,135
3349,0x00000575,1397
3350,0x0000040e,1038
3351,0x00000108,264
3352,0x0000010b,267
3353,0x000000c6,198
3354,0x00000084,132
3355,0x00001365,4965
3356,0x00001358,4952
3357,0x00014546,83270
3358,0x0001df0a,122634
3359,0x0001df0a,122634
3360,0x0001e2cf,123599
3361,0x0001df0a,122634
3362,0x00013d37,81207
3363,0x00000252,594
3364,0x0000015c,348
3365,0x000000ef,239
3366,0x000000de,222
3367,0x00000632,1586
3368,0x0000087a,2170
3369,0x000006a2,1698
3370,0x0000018f,399
3371,0x000000c6,198
3372,0x00000210,528
3373,0x0000014a,330
3374,0x00000210,528
3375,0x00000255,597
3376,0x00000108,264
3377,0x000000c6,198
3378,0x0000139a,5018
3379,0x0001cd4c,118092
3380,0x0001df0a,122634
3381,0x00017b9c,97180
3382,0x0000e0bc,57532
3383,0x0001e536,124214
3384,0x0001dfb7,122807
3385,0x0001df0a,122634
3386,0x0001df0a,122634
3387,0x0001a1ab,106923
3388,0x00000572,1394
3389,0x000000c6,198
3390,0x0000023d,573
3391,0x00000042,66
3392,0x00000084,132
3393,0x000000df,223
3394,0x00000648,1608
3395,0x000000c9,201
3396,0x000013e9,5097
3397,0x00000084,132
3398,0x00000084,132
3399,0x00008e74,36468
3400,0x0001e4f4,124148
3401,0x0001df0a,122634
3402,0x0000af47,44871
3403,0x000000b1,177
3404,0x000012b4,4788
3405,0x00014546,83270
3406,0x0001df0a,122634
3407,0x0001d6fb,120571
3408,0x00000221,545
3409,0x0000018b,395
3410,0x000000ae,174
3411,0x00000200,512
3412,0x00000715,1813
3413,0x00000620,1568
3414,0x0000092e,2350
3415,0x0000014a,330
3416,0x000001ce,462
3417,0x000001ce,462
3418,0x0000018f,399
3419,0x0000014a,330
3420,0x000000c6,198
3421,0x000001ac,428
3422,0x000012b4,4788
3423,0x00018654,99924
3424,0x0001dea3,122531
3425,0x0001c2fb,115451
3426,0x0000bd40,48448
3427,0x0001df4c,122700
3428,0x0001df0a,122634
3429,0x0001e4f4,124148
3430,0x0001dd92,122258
3431,0x0001c53d,116029
3432,0x000000d4,212
3433,0x000005de,1502
3434,0x000000f0,240
3435,0x0000014a,330
3436,0x0000014d,333
3437,0x00000227,551
3438,0x0000060d,1549
3439,0x00000042,66
3440,0x0000014d,333
3441,0x00000042,66
3442,0x00000128,296
3443,0x000012f6,4854
3444,0x00010438,66616
3445,0x0001e4f4,124148
3446,0x0001e0a4,123044
3447,0x00004abd,19133
3448,0x000046f8,18168
3449,0x0001df0a,122634
3450,0x0001df0a,122634
3451,0x0000fc29,64553
3452,0x00000131,305
3453,0x000002e7,743
3454,0x00000914,2324
3455,0x00000cde,3294
3456,0x000001ce,462
3457,0x0000018f,399
3458,0x0000018c,396
3459,0x000001d1,465
3460,0x00000198,408
3461,0x000000c6,198
3462,0x00000108,264
3463,0x00000084,132
3464,0x00000128,296
3465,0x000012b4,4788
3466,0x00001157,4439
3467,0x00010646,67142
3468,0x0001dea3,122531
3469,0x0001e4f4,124148
3470,0x0001df0a,122634
3471,0x0001e2cf,123599
3472,0x0001db2e,121646
3473,0x0001e2cf,123599
3474,0x0001df0a,122634
3475,0x0000f186,61830
3476,0x000000ae,174
3477,0x00000671,1649
3478,0x00000667,1639
3479,0x000003f6,1014
3480,0x00000108,264
3481,0x000001d1,465
3482,0x00000084,132
3483,0x00000084,132
3484,0x00000042,66
3485,0x000000b1,177
3486,0x000012b4,4788
3487,0x000000a4,164
3488,0x00009aba,39610
3489,0x0001df0a,122634
3490,0x0001e4f4,124148
3491,0x0001df0a,122634
3492,0x0001e2cf,123599
3493,0x0001df0a,122634
3494,0x00001583,5507
3495,0x00000042,66
3496,0x0000036b,875
3497,0x000000ae,174
3498,0x00000617,1559
3499,0x00000c6a,3178
3500,0x00000410,1040
3501,0x0000010b,267
3502,0x000000c6,198
3503,0x000001ce,462
3504,0x000000c6,198
3505,0x00000213,531
3506,0x0000018c,396
3507,0x00000084,132
3508,0x00000198,408
3509,0x0000014a,330
3510,0x00000042,66
3511,0x000000b1,177
3512,0x00001365,4965
3513,0x000012b4,4788
3514,0x000127b4,75700
3515,0x0001df0a,122634
3516,0x0001e480,124032
3517,0x0001e118,123160
3518,0x0001dce5,122085
3519,0x0001e2cf,123599
3520,0x0001df0a,122634
3521,0x0001df0a,122634
3522,0x0000cef9,52985
3523,0x0000091c,2332
3524,0x000005ab,1451
3525,0x00000150,336
3526,0x00000084,132
3527,0x00000108,264
3528,0x000000c6,198
3529,0x000000c6,198
3530,0x0000014a,330
3531,0x00000084,132
3532,0x000000b1,177
3533,0x0000240b,9227
3534,0x00002966,10598
3535,0x0001e118,123160
3536,0x0001df0a,122634
3537,0x0001df0a,122634
3538,0x0001df0a,122634
3539,0x0001dce5,122085
3540,0x00007a0d,31245
3541,0x00000132,306
3542,0x00000328,808
3543,0x00000042,66
3544,0x00000ad6,2774
3545,0x00000a36,2614
3546,0x00000213,531
3547,0x0000018f,399
3548,0x00000294,660
3549,0x000001d1,465
3550,0x00000108,264
3551,0x00000108,264
3552,0x00000108,264
3553,0x000000c6,198
3554,0x0000139a,5018
3555,0x00003b24,15140
3556,0x0001df0a,122634
3557,0x0001e03d,122941
3558,0x00012d87,77191
3559,0x00012d9e,77214
3560,0x0001df4c,122700
3561,0x0001df0a,122634
3562,0x0001df0a,122634
3563,0x0001e37c,123772
3564,0x000154df,87263
3565,0x00000200,512
3566,0x000005ec,1516
3567,0x00000108,264
3568,0x00000213,531
3569,0x0000014a,330
3570,0x0000020c,524
3571,0x00000505,1285
3572,0x000000c9,201
3573,0x000000c6,198
3574,0x00000084,132
3575,0x0000141e,5150
3576,0x000168c2,92354
3577,0x0001e4f4,124148
3578,0x0001b430,111664
3579,0x000012b4,4788
3580,0x00019dfc,105980
3581,0x0001df0a,122634
3582,0x0001842f,99375
3583,0x00000060,96
3584,0x00000131,305
3585,0x000002e5,741
3586,0x00000042,66
3587,0x000000d3,211
3588,0x00001382,4994
3589,0x0000023b,571
3590,0x000000c9,201
3591,0x0000018c,396
3592,0x0000018c,396
3593,0x00000255,597
3594,0x00000108,264
3595,0x000001ce,462
3596,0x000000c6,198
3597,0x0000014a,330
3598,0x00000084,132
3599,0x000000f3,243
3600,0x000012b4,4788
3601,0x0000114a,4426
3602,0x0000431c,17180
3603,0x0001e0b1,123057
3604,0x0001df0a,122634
3605,0x0001df0a,122634
3606,0x0001e4f4,124148
3607,0x0001dce5,122085
3608,0x0001e4f4,124148
3609,0x0001dce5,122085
3610,0x0001b3c1,111553
3611,0x000000ef,239
3612,0x000000ad,173
3613,0x000000d4,212
3614,0x00000655,1621
3615,0x00000705,1797
3616,0x0000010b,267
3617,0x000000c9,201
3618,0x000000c6,198
3619,0x0000018c,396
3620,0x0000014a,330
3621,0x00000108,264
3622,0x000001ce,462
3623,0x0000114a,4426
3624,0x0000020e,526
3625,0x00001358,4952
3626,0x0001511a,86298
3627,0x0001df0a,122634
3628,0x0001df0a,122634
3629,0x0001e4f4,124148
3630,0x0001dce5,122085
3631,0x00013163,78179
3632,0x00000174,372
3633,0x000002e5,741
3634,0x000000dd,221
3635,0x00000efb,3835
3636,0x00000545,1349
3637,0x000000c6,198
3638,0x00000216,534
3639,0x0000014a,330
3640,0x0000018c,396
3641,0x00000108,264
3642,0x000000c6,198
3643,0x00000108,264
3644,0x00000255,597
3645,0x0000018c,396
3646,0x000000a4,164
3647,0x000010a6,4262
3648,0x00000148,328
3649,0x00013574,79220
3650,0x0001e118,123160
3651,0x0001df0a,122634
3652,0x0001df0a,122634
3653,0x0001e2cf,123599
3654,0x0001df0a,122634
3655,0x0001e4f4,124148
3656,0x0001dce5,122085
3657,0x0000d3b2,54194
3658,0x00000042,66
3659,0x000002bc,700
3660,0x000005a2,1442
3661,0x0000010b,267
3662,0x00000158,344
3663,0x0000066d,1645
3664,0x000000c6,198
3665,0x0000014a,330
3666,0x00000213,531
3667,0x0000014a,330
3668,0x00001365,4965
3669,0x0001511a,86298
3670,0x0001dfae,122798
3671,0x0001e3c5,123845
3672,0x00006a74,27252
3673,0x0001df0a,122634
3674,0x0001df0a,122634
3675,0x0000d8ad,55469
3676,0x00000042,66
3677,0x000002bb,699
3678,0x000000ad,173
3679,0x000000ae,174
3680,0x000003c9,969
3681,0x000009c5,2501
3682,0x0000030c,780
3683,0x00000652,1618
3684,0x000000c6,198
3685,0x0000018f,399
3686,0x0000018c,396
3687,0x00000108,264
3688,0x0000014a,330
3689,0x0000014a,330
3690,0x0000014a,330
3691,0x00000108,264
3692,0x000000b1,177
3693,0x00001157,4439
3694,0x000023fe,9214
3695,0x0000020e,526
3696,0x00019812,104466
3697,0x0001e4f4,124148
3698,0x0001df0a,122634
3699,0x0001df0a,122634
3700,0x0001e4f4,124148
3701,0x0001df0a,122634
3702,0x0001dce5,122085
3703,0x0001e49b,124059
3704,0x000044d3,17619
3705,0x00000042,66
3706,0x00000042,66
3707,0x0000015b,347
3708,0x000000df,223
3709,0x00000639,1593
3710,0x000007a0,1952
3711,0x00000108,264
3712,0x000000c6,198
3713,0x000001d1,465
3714,0x00000108,264
3715,0x0000014a,330
3716,0x00000084,132
3717,0x00001157,4439
3718,0x00001157,4439
3719,0x00005ac4,23236
3720,0x0001e4f4,124148
3721,0x0001df0a,122634
3722,0x0001df0a,122634
3723,0x0001e4f4,124148
3724,0x0001deb1,122545
3725,0x000044d3,17619
3726,0x000000ef,239
3727,0x0000036a,874
3728,0x00000ae5,2789
3729,0x00000a49,2633
3730,0x000000c9,201
3731,0x00000192,402
3732,0x00000108,264
3733,0x0000018c,396
3734,0x00000108,264
3735,0x0000018c,396
3736,0x0000014a,330
3737,0x00000108,264
3738,0x00000108,264
3739,0x00000108,264
3740,0x000011ee,4590
3741,0x000014c2,5314
3742,0x000088b7,34999
3743,0x0001e000,122880
3744,0x0001df0a,122634
3745,0x0001e4f4,124148
3746,0x0001df0a,122634
3747,0x0001e2cf,123599
3748,0x0001dce5,122085
3749,0x0001df0a,122634
3750,0x00016db8,93624
3751,0x000000ae,174
3752,0x0000020f,527
3753,0x00000aa3,2723
3754,0x000001b4,436
3755,0x000000c9,201
3756,0x00000255,597
3757,0x0000018c,396
3758,0x000000c6,198
3759,0x0000014a,330
3760,0x00000042,66
3761,0x00000042,66
3762,0x000024a2,9378
3763,0x0000020e,526
3764,0x000099c4,39364
3765,0x0001df0a,122634
3766,0x0001e4f4,124148
3767,0x0001df0a,122634
3768,0x0001df0a,122634
3769,0x0001e2cf,123599
3770,0x000003c5,965
3771,0x00000142,322
3772,0x000002e5,741
3773,0x00000042,66
3774,0x00000fe2,4066
3775,0x0000058e,1422
3776,0x000000c6,198
3777,0x000000d2,210
3778,0x0000031b,795
3779,0x00000255,597
3780,0x0000014a,330
3781,0x0000014a,330
3782,0x0000014a,330
3783,0x0000014a,330
3784,0x0000014a,330
3785,0x00001365,4965
3786,0x000121ca,74186
3787,0x0001e0a4,123044
3788,0x0001dfae,122798
3789,0x0001ae8b,110219
3790,0x0001df0a,122634
3791,0x0001df4c,122700
3792,0x0001e311,123665
3793,0x0001dfb7,122807
3794,0x000119fd,72189
3795,0x000000ae,174
3796,0x000002ec,748
3797,0x000003f5,1013
3798,0x000000c6,198
3799,0x000006de,1758
3800,0x000002c9,713
3801,0x00000084,132
3802,0x0000010b,267
3803,0x00000108,264
3804,0x00000128,296
3805,0x000012b4,4788
3806,0x000127b4,75700
3807,0x0001de96,122518
3808,0x0001e118,123160
3809,0x00013d37,81207
3810,0x0001df0a,122634
3811,0x0001df0a,122634
3812,0x00003315,13077
3813,0x00000084,132
3814,0x00000132,306
3815,0x00000239,569
3816,0x000000ae,174
3817,0x000000de,222
3818,0x00000c63,3171
3819,0x00000899,2201
3820,0x00000042,66
3821,0x0000014a,330
3822,0x0000018f,399
3823,0x00000213,531
3824,0x00000108,264
3825,0x0000014a,330
3826,0x0000018c,396
3827,0x000000c6,198
3828,0x0000018c,396
3829,0x00000084,132
3830,0x00000042,66
3831,0x0000114a,4426
3832,0x0000020e,526
3833,0x0000484d,18509
3834,0x0001e0f6,123126
3835,0x0001df0a,122634
3836,0x0001e4f4,124148
3837,0x0001dce5,122085
3838,0x0001df0a,122634
3839,0x0001e4f4,124148
3840,0x0001df0a,122634
3841,0x0001be1d,114205
3842,0x00000042,66
3843,0x000002bc,700
3844,0x0000055a,1370
3845,0x0000010b,267
3846,0x000000c6,198
3847,0x0000077e,1918
3848,0x00000042,66
3849,0x0000010b,267
3850,0x0000018c,396
3851,0x00000108,264
3852,0x0000142b,5163
3853,0x00006a74,27252
3854,0x0001e4f4,124148
3855,0x0001df0a,122634
3856,0x0000e628,58920
3857,0x0001d920,121120
3858,0x0001df0a,122634
3859,0x0001490b,84235
3860,0x000000c6,198
3861,0x00000209,521
3862,0x000000ae,174
3863,0x000000df,223
3864,0x0000020c,524
3865,0x00000c7a,3194
3866,0x000002d6,726
3867,0x0000063a,1594
3868,0x0000014a,330
3869,0x0000018c,396
3870,0x0000014a,330
3871,0x0000018c,396
3872,0x00000108,264
3873,0x0000018c,396
3874,0x00000216,534
3875,0x00000084,132
3876,0x0000114a,4426
3877,0x000024af,9391
3878,0x0000020e,526
3879,0x0001a00a,106506
3880,0x0001e4f4,124148
3881,0x0001df0a,122634
3882,0x0001df0a,122634
3883,0x0001df0a,122634
3884,0x0001e4f4,124148
3885,0x0001dce5,122085
3886,0x0001e4f4,124148
3887,0x00003cc4,15556
3888,0x00000042,66
3889,0x00000042,66
3890,0x0000015c,348
3891,0x000000dd,221
3892,0x0000068f,1679
3893,0x000001ea,490
3894,0x000006f0,1776
3895,0x000000c6,198
3896,0x000001d1,465
3897,0x000000c6,198
3898,0x000000c6,198
3899,0x000000c6,198
3900,0x00001157,4439
3901,0x0000020e,526
3902,0x00018dd8,101848
3903,0x0001df0a,122634
3904,0x0001df0a,122634
3905,0x0001e2cf,123599
3906,0x0001df0a,122634
3907,0x000107fd,67581
3908,0x00000084,132
3909,0x0000019d,413
3910,0x000000ad,173
3911,0x0000018c,396
3912,0x000000d4,212
3913,0x000005ec,1516
3914,0x000007ac,1964
3915,0x00000213,531
3916,0x000004a5,1189
3917,0x0000069e,1694
3918,0x0000018c,396
3919,0x000001d1,465
3920,0x00000108,264
3921,0x000000c6,198
3922,0x00000177,375
3923,0x000012f6,4854
3924,0x00006a74,27252
3925,0x0001e0b1,123057
3926,0x0001e480,124032
3927,0x0001def3,122611
3928,0x0001df0a,122634
3929,0x0001e4f4,124148
3930,0x0001df0a,122634
3931,0x0001dd27,122151
3932,0x00019c85,105605
3933,0x000002f1,753
3934,0x000004b9,1209
3935,0x00000084,132
3936,0x0000018f,399
3937,0x000005a4,1444
3938,0x000003c1,961
3939,0x00000108,264
3940,0x000000c6,198
3941,0x0000010b,267
3942,0x00000084,132
3943,0x00001358,4952
3944,0x0000353a,13626
3945,0x0001e48d,124045
3946,0x0001db2e,121646
3947,0x000154df,87263
3948,0x0001df0a,122634
3949,0x0001df0a,122634
3950,0x00010de7,69095
3951,0x00000084,132
3952,0x0000019d,413
3953,0x000000ad,173
3954,0x0000018b,395
3955,0x0000079e,1950
3956,0x0000067d,1661
3957,0x0000035a,858
3958,0x00000753,1875
3959,0x000001ce,462
3960,0x0000018c,396
3961,0x0000018f,399
3962,0x00000108,264
3963,0x0000014a,330
3964,0x000013e9,5097
3965,0x00000042,66
3966,0x000093da,37850
3967,0x0001df0a,122634
3968,0x0001e03d,122941
3969,0x0000d4d1,54481
3970,0x00008df0,36336
3971,0x0001e4f4,124148
3972,0x0001df4c,122700
3973,0x0001dfb8,122808
3974,0x0001df0a,122634
3975,0x0001e2cf,123599
3976,0x00001669,5737
3977,0x00000042,66
3978,0x000000f0,240
3979,0x00000297,663
3980,0x00000108,264
3981,0x000000c6,198
3982,0x0000020b,523
3983,0x00000554,1364
3984,0x0000014d,333
3985,0x00001252,4690
3986,0x00000316,790
3987,0x00000084,132
3988,0x0001c178,115064
3989,0x0001df0a,122634
3990,0x000160b3,90291
3991,0x000000b1,177
3992,0x000010a6,4262
3993,0x000095e8,38376
3994,0x0001e4f4,124148
3995,0x0001df0a,122634
3996,0x0000a95d,43357
3997,0x000000f0,240
3998,0x00000328,808
3999,0x00000042,66
4000,0x000000d3,211
4001,0x00000c1b,3099
4002,0x00000801,2049
4003,0x000000c9,201
4004,0x0000014d,333
4005,0x0000014a,330
4006,0x000001ce,462
4007,0x0000014d,333
4008,0x000001ce,462
4009,0x000001ce,462
4010,0x0000014a,330
4011,0x0000014a,330
4012,0x000011ce,4558
4013,0x0000020e,526
4014,0x0000e0bc,57532
4015,0x0001de96,122518
4016,0x0001e2b2,123570
4017,0x0000c6ef,50927
4018,0x0001e4f4,124148
4019,0x0001df0a,122634
4020,0x0001df0a,122634
4021,0x0001df4c,122700
4022,0x0001e37c,123772
4023,0x00005c7b,23675
4024,0x00000333,819
4025,0x00000405,1029
4026,0x000001b6,438
4027,0x000000c6,198
4028,0x00000042,66
4029,0x000006ad,1709
4030,0x00000108,264
4031,0x00000213,531
4032,0x0000142b,5163
4033,0x00000042,66
4034,0x0000b756,46934
4035,0x0001e4a2,124066
4036,0x0001df0a,122634
4037,0x0000aa01,43521
4038,0x000012b4,4788
4039,0x000005ea,1514
4040,0x0001e4f4,124148
4041,0x0001df0a,122634
4042,0x0001374d,79693
4043,0x00000174,372
4044,0x000002e6,742
4045,0x00000042,66
4046,0x00000116,278
4047,0x00000d4a,3402
4048,0x00000732,1842
4049,0x00000108,264
4050,0x00000216,534
4051,0x000002a2,674
4052,0x000006dd,1757
4053,0x000002bb,699
4054,0x0000018c,396
4055,0x0000035a,858
4056,0x00000213,531
4057,0x00000238,568
4058,0x00001650,5712
4059,0x00000108,264
4060,0x00012311,74513
4061,0x0001e081,123009
4062,0x0001e19a,123290
4063,0x0000466d,18029
4064,0x0001104e,69710
4065,0x0001e536,124214
4066,0x0001df0a,122634
4067,0x0001df0a,122634
4068,0x0001dfb8,122808
4069,0x0001704c,94284
4070,0x000005dd,1501
4071,0x00000174,372
4072,0x00000042,66
4073,0x00000345,837
4074,0x0000014a,330
4075,0x00000042,66
4076,0x0000020d,525
4077,0x000004be,1214
4078,0x00001421,5153
4079,0x00000042,66
4080,0x0000ac48,44104
4081,0x0001e4f4,124148
4082,0x0001df0a,122634
4083,0x000091b5,37301
4084,0x000000a4,164
4085,0x000012b4,4788
4086,0x000099c4,39364
4087,0x0001df0a,122634
4088,0x0001e4f4,124148
4089,0x0000a373,41843
4090,0x00000132,306
4091,0x0000032a,810
4092,0x00000b36,2870
4093,0x00000a92,2706
4094,0x000000c6,198
4095,0x000000c6,198
