0,0x000003d9,985
1,0x00000a28,2600
2,0x00000d7c,3452
3,0x0000124e,4686
4,0x00002af0,10992
5,0x00003492,13458
6,0x001a39e0,1718752
7,0x001a3d00,1719552
8,0x001a4250,1720912
9,0x001a6960,1730912
10,0x001a7c97,1735831
11,0x001b05ee,1770990
12,0x001ba2a4,1811108
13,0x002055f1,2119153
14,0x002055f3,2119155
15,0x00207d0b,2129163
16,0x0020a420,2139168
17,0x0020cb39,2149177
18,0x0020f24e,2159182
19,0x00211963,2169187
20,0x00211980,2169216
21,0x00214078,2179192
22,0x0021678c,2189196
23,0x00218ea1,2199201
24,0x0021b5b6,2209206
25,0x0021b5c5,2209221
26,0x0021dcdb,2219227
27,0x002203f0,2229232
28,0x00222b06,2239238
29,0x0022521d,2249245
30,0x00227934,2259252
31,0x0022a04c,2269260
32,0x0022c762,2279266
33,0x0022ee78,2289272
34,0x0023158f,2299279
35,0x00233ca4,2309284
36,0x00233caf,2309295
37,0x002363c6,2319302
38,0x00238add,2329309
39,0x0023b1f4,2339316
40,0x0023d90a,2349322
41,0x00240021,2359329
42,0x00242737,2369335
43,0x00244e4c,2379340
44,0x00247561,2389345
45,0x00249c76,2399350
46,0x0024c38c,2409356
47,0x0024c397,2409367
48,0x0024eaac,2419372
49,0x002511c2,2429378
50,0x002538d8,2439384
51,0x00255fee,2449390
52,0x00258704,2459396
53,0x0025ae1b,2469403
54,0x0025d530,2479408
55,0x0025fc49,2489417
56,0x0026235f,2499423
57,0x00264a76,2509430
58,0x00264a81,2509441
59,0x00267197,2519447
60,0x002698ac,2529452
61,0x0026bfc2,2539458
62,0x0026e6d8,2549464
63,0x00270ded,2559469
64,0x00273503,2569475
65,0x00275c18,2579480
66,0x0027832e,2589486
67,0x00278388,2589576
68,0x0027aa45,2599493
69,0x0027d15a,2609498
70,0x0027d164,2609508
71,0x0027f87b,2619515
72,0x00281f8f,2629519
73,0x002846a6,2639526
74,0x00286db0,2649520
75,0x00286dba,2649530
76,0x002894d1,2659537
77,0x0028bbe8,2669544
78,0x0028e2fe,2679550
79,0x00290a14,2689556
80,0x0029312a,2699562
81,0x0029583e,2709566
82,0x00295848,2709576
83,0x00297f5d,2719581
84,0x0029a673,2729587
85,0x0029cd89,2739593
86,0x0029f4a1,2749601
87,0x002a1bb7,2759607
88,0x002a42cd,2769613
89,0x002a69e2,2779618
90,0x002a90f7,2789623
91,0x002ab80c,2799628
92,0x002adf22,2809634
93,0x002adf2b,2809643
94,0x002b0641,2819649
95,0x002b2d57,2829655
96,0x002b546d,2839661
97,0x002b7b82,2849666
98,0x002ba298,2859672
99,0x002bc9ae,2869678
100,0x002bf0c4,2879684
101,0x002c17d9,2889689
102,0x002c3eee,2899694
103,0x002c6605,2909701
104,0x002c660e,2909710
105,0x002c8d23,2919715
106,0x002cb438,2929720
107,0x002cdb4e,2939726
108,0x002d0264,2949732
109,0x002d297b,2959739
110,0x002d5091,2969745
111,0x002d77a7,2979751
112,0x002d9ebc,2989756
113,0x002dc5d2,2999762
114,0x002dece8,3009768
115,0x002decf2,3009778
116,0x002e1408,3019784
117,0x002e3b1e,3029790
118,0x002e6235,3039797
119,0x002e894b,3049803
120,0x002eb058,3059800
121,0x002eb062,3059810
122,0x002ed777,3069815
123,0x002efe8e,3079822
124,0x002f25a4,3089828
125,0x002f4cba,3099834
126,0x002f73c0,3109824
127,0x002f73d0,3109840
128,0x002f73dd,3109853
129,0x002f9af3,3119859
130,0x002fc209,3129865
131,0x002fe91f,3139871
132,0x00301035,3149877
133,0x0030374b,3159883
134,0x00305e61,3169889
135,0x00308579,3179897
136,0x0030ac8e,3189902
137,0x0030d3a4,3199908
138,0x0030fabb,3209915
139,0x0030fac5,3209925
140,0x003121db,3219931
141,0x003148f1,3229937
142,0x00317007,3239943
143,0x0031971f,3249951
144,0x0031be36,3259958
145,0x0031e54d,3269965
146,0x00320c63,3279971
147,0x00323379,3289977
148,0x00325a90,3299984
149,0x003281a6,3309990
150,0x003281b0,3310000
151,0x0032a8c6,3320006
152,0x0032cfda,3330010
153,0x0032f6f0,3340016
154,0x00331e06,3350022
155,0x0033451e,3360030
156,0x00336c34,3370036
157,0x0033934b,3380043
158,0x0033ba60,3390048
159,0x0033e176,3400054
160,0x0034088c,3410060
161,0x00340894,3410068
162,0x00342fa9,3420073
163,0x003456e9,3430121
164,0x00347dff,3440127
165,0x0034a515,3450133
166,0x0034cc3a,3460154
167,0x0034f350,3470160
168,0x00351a66,3480166
169,0x0035417c,3490172
170,0x00356893,3500179
171,0x00358fa9,3510185
172,0x00358feb,3510251
173,0x0035b701,3520257
174,0x0035ddc6,3530182
175,0x0035de16,3530262
176,0x0036052b,3540267
177,0x00362c42,3550274
178,0x00365358,3560280
179,0x00367a6f,3570287
180,0x0036a185,3580293
181,0x0036a1d0,3580368
182,0x0036c89b,3590299
183,0x0036efb0,3600304
184,0x003716c6,3610310
185,0x003716ce,3610318
186,0x0037190b,3610891
187,0x0037190d,3610893
188,0x00373de4,3620324
189,0x00374023,3620899
190,0x003764f9,3630329
191,0x00376739,3630905
192,0x00378c0f,3640335
193,0x00378e4e,3640910
194,0x0037b325,3650341
195,0x0037b563,3650915
196,0x0037da3b,3660347
197,0x0037dc79,3660921
198,0x0037dcce,3661006
199,0x00380150,3670352
200,0x0038038f,3670927
201,0x00382866,3680358
202,0x00382aa4,3680932
203,0x00384f7b,3690363
204,0x003851bb,3690939
205,0x00387690,3700368
206,0x003878d1,3700945
207,0x003878e0,3700960
208,0x00389da6,3710374
209,0x00389db1,3710385
210,0x00389ff5,3710965
211,0x0038c4c8,3720392
212,0x0038c70b,3720971
213,0x0038ebdd,3730397
214,0x0038ee21,3730977
215,0x003912f2,3740402
216,0x00391537,3740983
217,0x00393a06,3750406
218,0x00393c7f,3751039
219,0x0039611c,3760412
220,0x00396396,3761046
221,0x00398831,3770417
222,0x00398aac,3771052
223,0x0039af47,3780423
224,0x0039b1c2,3781058
225,0x0039d65c,3790428
226,0x0039d8d9,3791065
227,0x0039fd72,3800434
228,0x0039ffef,3801071
229,0x0039fff8,3801080
230,0x003a2487,3810439
231,0x003a248f,3810447
232,0x003a270e,3811086
233,0x003a4ba4,3820452
234,0x003a4e24,3821092
235,0x003a72bb,3830459
236,0x003a753a,3831098
237,0x003a99d1,3840465
238,0x003a9c51,3841105
239,0x003ac0e6,3850470
240,0x003ac367,3851111
241,0x003ae7fc,3860476
242,0x003aea7c,3861116
243,0x003b0f11,3870481
244,0x003b1190,3871120
245,0x003b3627,3880487
246,0x003b38a6,3881126
247,0x003b5d3d,3890493
248,0x003b5fba,3891130
249,0x003b8452,3900498
250,0x003b86d0,3901136
251,0x003b86d9,3901145
252,0x003bab67,3910503
253,0x003bab71,3910513
254,0x003badef,3911151
255,0x003bb5d9,3913177
256,0x003bb5db,3913179
257,0x003bd288,3920520
258,0x003bd505,3921157
259,0x003bdcfc,3923196
260,0x003bf99d,3930525
261,0x003bfc1b,3931163
262,0x003c0412,3933202
263,0x003c20b2,3940530
264,0x003c2331,3941169
265,0x003c2b29,3943209
266,0x003c47c6,3950534
267,0x003c4a46,3951174
268,0x003c5240,3953216
269,0x003c6edc,3960540
270,0x003c715b,3961179
271,0x003c7955,3963221
272,0x003c7963,3963235
273,0x003c95f2,3970546
274,0x003c9871,3971185
275,0x003ca06b,3973227
276,0x003cbd08,3980552
277,0x003cbf86,3981190
278,0x003cc781,3983233
279,0x003ce41d,3990557
280,0x003ce69a,3991194
281,0x003cee96,3993238
282,0x003d0b32,4000562
283,0x003d0b35,4000565
284,0x003d0db0,4001200
285,0x003d0db8,4001208
286,0x003d15ad,4003245
287,0x003d3248,4010568
288,0x003d3252,4010578
289,0x003d34cd,4011213
290,0x003d3cc3,4013251
291,0x003d3cd4,4013268
292,0x003d5967,4020583
293,0x003d5be3,4021219
294,0x003d63e9,4023273
295,0x003d807c,4030588
296,0x003d82f9,4031225
297,0x003d8b00,4033280
298,0x003da792,4040594
299,0x003daa0f,4041231
300,0x003db215,4043285
301,0x003dcea7,4050599
302,0x003dd123,4051235
303,0x003dd92b,4053291
304,0x003df5bd,4060605
305,0x003df600,4060672
306,0x003df837,4061239
307,0x003e0041,4063297
308,0x003e1cd3,4070611
309,0x003e1f4c,4071244
310,0x003e2758,4073304
311,0x003e43e9,4080617
312,0x003e4663,4081251
313,0x003e4e6f,4083311
314,0x003e6aff,4090623
315,0x003e6d5f,4091231
316,0x003e6d77,4091255
317,0x003e7586,4093318
318,0x003e9215,4100629
319,0x003e948c,4101260
320,0x003e9494,4101268
321,0x003e9c9c,4103324
322,0x003eb929,4110633
323,0x003eb932,4110642
324,0x003ebbab,4111275
325,0x003ec3b2,4113330
326,0x003ec3bd,4113341
327,0x003ee047,4120647
328,0x003ee2c1,4121281
329,0x003eead3,4123347
330,0x003f075c,4130652
331,0x003f09d7,4131287
332,0x003f11e9,4133353
333,0x003f2e70,4140656
334,0x003f30ce,4141262
335,0x003f30ed,4141293
336,0x003f3900,4143360
337,0x003f5586,4150662
338,0x003f5802,4151298
339,0x003f6017,4153367
340,0x003f7c9a,4160666
341,0x003f7f16,4161302
342,0x003f872d,4163373
343,0x003fa3b0,4170672
344,0x003fa62d,4171309
345,0x003fae44,4173380
346,0x003fcac6,4180678
347,0x003fcd43,4181315
348,0x003fd55c,4183388
349,0x003ff1da,4190682
350,0x003ff458,4191320
351,0x003ffc71,4193393
352,0x004018ef,4200687
353,0x00401b6d,4201325
354,0x00401b77,4201335
355,0x00402387,4203399
356,0x00404005,4210693
357,0x00404031,4210737
358,0x0040428b,4211339
359,0x00404a9d,4213405
360,0x00404aa7,4213415
361,0x00406746,4220742
362,0x0040699f,4221343
363,0x004071bc,4223420
364,0x00408e5b,4230747
365,0x004090b5,4231349
366,0x004098d0,4233424
367,0x0040b570,4240752
368,0x0040b7cc,4241356
369,0x0040bfe7,4243431
370,0x0040dc85,4250757
371,0x0040dee1,4251361
372,0x0040e6fc,4253436
373,0x00410399,4260761
374,0x004105f6,4261366
375,0x00410e12,4263442
376,0x00412aae,4270766
377,0x00412d0b,4271371
378,0x00413527,4273447
379,0x0041500b,4280331
380,0x0041500d,4280333
381,0x004151c3,4280771
382,0x00415421,4281377
383,0x00415c3c,4283452
384,0x00417723,4290339
385,0x004178d8,4290776
386,0x00417b37,4291383
387,0x00418351,4293457
388,0x00419e39,4300345
389,0x00419fec,4300780
390,0x0041a24e,4301390
391,0x0041a256,4301398
392,0x0041aa67,4303463
393,0x0041c54f,4310351
394,0x0041c702,4310786
395,0x0041c70b,4310795
396,0x0041c96d,4311405
397,0x0041d17c,4313468
398,0x0041d1ac,4313516
399,0x0041ec65,4320357
400,0x0041ee21,4320801
401,0x0041f083,4321411
402,0x0041f8c3,4323523
403,0x0042137b,4330363
404,0x004213b7,4330423
405,0x00421536,4330806
406,0x00421799,4331417
407,0x00421fd8,4333528
408,0x00423a91,4340369
409,0x00423c4b,4340811
410,0x00423eae,4341422
411,0x004246ed,4343533
412,0x004261a9,4350377
413,0x00426361,4350817
414,0x004265c4,4351428
415,0x00426e03,4353539
416,0x004288c1,4360385
417,0x00428a76,4360822
418,0x00428cd9,4361433
419,0x0042951a,4363546
420,0x0042afd8,4370392
421,0x0042afe8,4370408
422,0x0042b18a,4370826
423,0x0042b3ee,4371438
424,0x0042bc2f,4373551
425,0x0042d6fe,4380414
426,0x0042d8a0,4380832
427,0x0042db04,4381444
428,0x0042e345,4383557
429,0x0042fe14,4390420
430,0x0042ffb5,4390837
431,0x0043021b,4391451
432,0x00430a5b,4393563
433,0x00430a95,4393621
434,0x0043252a,4400426
435,0x004326cb,4400843
436,0x00432932,4401458
437,0x00432939,4401465
438,0x00433171,4403569
439,0x00434c40,4410432
440,0x00434de0,4410848
441,0x00434de8,4410856
442,0x0043504e,4411470
443,0x00435887,4413575
444,0x0043588f,4413583
445,0x00437358,4420440
446,0x004374fd,4420861
447,0x00437764,4421476
448,0x00437fa4,4423588
449,0x00439a6e,4430446
450,0x00439c12,4430866
451,0x00439e7a,4431482
452,0x0043a6ba,4433594
453,0x0043c185,4440453
454,0x0043c328,4440872
455,0x0043c58f,4441487
456,0x0043cdd0,4443600
457,0x0043e89b,4450459
458,0x0043ea3e,4450878
459,0x0043eca4,4451492
460,0x0043f4e6,4453606
461,0x0043f501,4453633
462,0x00440fb2,4460466
463,0x00441153,4460883
464,0x004413ba,4461498
465,0x00441bfb,4463611
466,0x004436c9,4470473
467,0x004436d4,4470484
468,0x00443869,4470889
469,0x004438a5,4470949
470,0x00443acf,4471503
471,0x00444312,4473618
472,0x00445dea,4480490
473,0x00445f7e,4480894
474,0x004461e5,4481509
475,0x00446a28,4483624
476,0x00448502,4490498
477,0x00448693,4490899
478,0x004488fa,4491514
479,0x0044913e,4493630
480,0x0044ac18,4500504
481,0x0044ada8,4500904
482,0x0044b010,4501520
483,0x0044b01b,4501531
484,0x0044b854,4503636
485,0x0044d32f,4510511
486,0x0044d4bd,4510909
487,0x0044d4c4,4510916
488,0x0044d732,4511538
489,0x0044df6a,4513642
490,0x0044df73,4513651
491,0x0044fa45,4520517
492,0x0044fbd9,4520921
493,0x0044fe47,4521543
494,0x0044fe90,4521616
495,0x0045068a,4523658
496,0x0045215c,4530524
497,0x004522d0,4530896
498,0x004522ed,4530925
499,0x0045255c,4531548
500,0x00452da0,4533664
501,0x00454873,4540531
502,0x00454a02,4540930
503,0x00454c72,4541554
504,0x004554b6,4543670
505,0x00456f89,4550537
506,0x00457117,4550935
507,0x00457388,4551560
508,0x00457bcc,4553676
509,0x004596a0,4560544
510,0x0045982d,4560941
511,0x00459a9d,4561565
512,0x0045a2e1,4563681
513,0x0045bdb6,4570550
514,0x0045bdc1,4570561
515,0x0045bf43,4570947
516,0x0045c1b3,4571571
517,0x0045c9f7,4573687
518,0x0045e4d6,4580566
519,0x0045e657,4580951
520,0x0045e8c9,4581577
521,0x0045f10d,4583693
522,0x00460bed,4590573
523,0x00460d6c,4590956
524,0x00460fde,4591582
525,0x00461823,4593699
526,0x00463304,4600580
527,0x00463480,4600960
528,0x004636f3,4601587
529,0x004636fc,4601596
530,0x00463f39,4603705
531,0x00465a19,4610585
532,0x00465b95,4610965
533,0x00465b9c,4610972
534,0x00465e13,4611603
535,0x0046664e,4613710
536,0x00466655,4613717
537,0x0046809b,4620443
538,0x0046809d,4620445
539,0x00468131,4620593
540,0x004682b1,4620977
541,0x00468528,4621608
542,0x00468d6a,4623722
543,0x0046a7bb,4630459
544,0x0046a847,4630599
545,0x0046a9c6,4630982
546,0x0046ac3d,4631613
547,0x0046b480,4633728
548,0x0046ced1,4640465
549,0x0046cf5d,4640605
550,0x0046d0dc,4640988
551,0x0046d353,4641619
552,0x0046d3be,4641726
553,0x0046db96,4643734
554,0x0046f5e7,4650471
555,0x0046f673,4650611
556,0x0046f7f0,4650992
557,0x0046fa6a,4651626
558,0x004702ac,4653740
559,0x00471cfd,4660477
560,0x00471d89,4660617
561,0x00471f05,4660997
562,0x0047217f,4661631
563,0x004729c2,4663746
564,0x00474413,4670483
565,0x0047446b,4670571
566,0x004744a0,4670624
567,0x004744a8,4670632
568,0x0047461a,4671002
569,0x00474896,4671638
570,0x004750d8,4673752
571,0x00476b29,4680489
572,0x00476bbe,4680638
573,0x00476d30,4681008
574,0x00476fab,4681643
575,0x004777ee,4683758
576,0x0047923e,4690494
577,0x004792d5,4690645
578,0x00479445,4691013
579,0x004796c1,4691649
580,0x00479f03,4693763
581,0x0047b954,4700500
582,0x0047b9eb,4700651
583,0x0047bb5b,4701019
584,0x0047bdd6,4701654
585,0x0047bdde,4701662
586,0x0047c619,4703769
587,0x0047e06a,4710506
588,0x0047e102,4710658
589,0x0047e12f,4710703
590,0x0047e270,4711024
591,0x0047e278,4711032
592,0x0047e4f6,4711670
593,0x0047ed30,4713776
594,0x0047ed62,4713826
595,0x0048077f,4720511
596,0x0048078f,4720527
597,0x0048081a,4720666
598,0x0048098c,4721036
599,0x00480c0d,4721677
600,0x00481478,4723832
601,0x00482ea4,4730532
602,0x00482f30,4730672
603,0x004830a1,4731041
604,0x00483323,4731683
605,0x00483b8d,4733837
606,0x004855ba,4740538
607,0x00485646,4740678
608,0x004857b7,4741047
609,0x00485a38,4741688
610,0x004862a3,4743843
611,0x00487cd1,4750545
612,0x00487d5d,4750685
613,0x00487ecc,4751052
614,0x0048814e,4751694
615,0x004889b8,4753848
616,0x0048a3e7,4760551
617,0x0048a472,4760690
618,0x0048a5e3,4761059
619,0x0048a863,4761699
620,0x0048b0ce,4763854
621,0x0048cafe,4770558
622,0x0048cb88,4770696
623,0x0048cb91,4770705
624,0x0048cba8,4770728
625,0x0048ccf7,4771063
626,0x0048cf79,4771705
627,0x0048d7e3,4773859
628,0x0048f214,4780564
629,0x0048f2a8,4780712
630,0x0048f40d,4781069
631,0x0048f68f,4781711
632,0x0048fef9,4783865
633,0x0049192a,4790570
634,0x004919bc,4790716
635,0x00491b21,4791073
636,0x00491da5,4791717
637,0x00492610,4793872
638,0x00494040,4800576
639,0x004940d1,4800721
640,0x00494235,4801077
641,0x004944bb,4801723
642,0x004944ec,4801772
643,0x00494d25,4803877
644,0x00496756,4810582
645,0x004967e8,4810728
646,0x0049694b,4811083
647,0x00496953,4811091
648,0x00496c02,4811778
649,0x0049743b,4813883
650,0x00497444,4813892
651,0x00498e73,4820595
652,0x00498e7c,4820604
653,0x00498f00,4820736
654,0x00499069,4821097
655,0x00499316,4821782
656,0x00499b59,4823897
657,0x00499bc6,4824006
658,0x0049b593,4830611
659,0x0049b617,4830743
660,0x0049b77d,4831101
661,0x0049ba2c,4831788
662,0x0049c26f,4833903
663,0x0049dcaa,4840618
664,0x0049dd2c,4840748
665,0x0049de92,4841106
666,0x0049e142,4841794
667,0x0049e985,4843909
668,0x004a03c0,4850624
669,0x004a0443,4850755
670,0x004a05a8,4851112
671,0x004a0856,4851798
672,0x004a109c,4853916
673,0x004a2ad6,4860630
674,0x004a2b5b,4860763
675,0x004a2cbd,4861117
676,0x004a2f6c,4861804
677,0x004a37b3,4863923
678,0x004a51ed,4870637
679,0x004a5273,4870771
680,0x004a527d,4870781
681,0x004a53d3,4871123
682,0x004a5681,4871809
683,0x004a5ec9,4873929
684,0x004a7902,4880642
685,0x004a7994,4880788
686,0x004a7ae9,4881129
687,0x004a7d98,4881816
688,0x004a85e0,4883936
689,0x004aa017,4890647
690,0x004aa0aa,4890794
691,0x004aa1ff,4891135
692,0x004aa4ad,4891821
693,0x004aacf8,4893944
694,0x004ac72e,4900654
695,0x004ac7c1,4900801
696,0x004ac915,4901141
697,0x004acbc3,4901827
698,0x004acbcc,4901836
699,0x004ad40e,4903950
700,0x004aee44,4910660
701,0x004aeed7,4910807
702,0x004af02a,4911146
703,0x004af035,4911157
704,0x004af2ef,4911855
705,0x004afb24,4913956
706,0x004afb34,4913972
707,0x004b155b,4920667
708,0x004b1564,4920676
709,0x004b15ef,4920815
710,0x004b174a,4921162
711,0x004b1a04,4921860
712,0x004b224c,4923980
713,0x004b3c7a,4930682
714,0x004b3d05,4930821
715,0x004b3e60,4931168
716,0x004b411a,4931866
717,0x004b4962,4933986
718,0x004b6391,4940689
719,0x004b641b,4940827
720,0x004b6574,4941172
721,0x004b682e,4941870
722,0x004b7078,4943992
723,0x004b708e,4944014
724,0x004b8aa7,4950695
725,0x004b8b31,4950833
726,0x004b8c8a,4951178
727,0x004b8f22,4951842
728,0x004b8f44,4951876
729,0x004b978d,4953997
730,0x004bb1bd,4960701
731,0x004bb247,4960839
732,0x004bb39f,4961183
733,0x004bb65a,4961882
734,0x004bbea3,4964003
735,0x004bd8d2,4970706
736,0x004bd95e,4970846
737,0x004bd968,4970856
738,0x004bdab4,4971188
739,0x004bdd70,4971888
740,0x004be5b9,4974009
741,0x004bffe6,4980710
742,0x004c007e,4980862
743,0x004c01ca,4981194
744,0x004c0486,4981894
745,0x004c0cce,4984014
746,0x004c26fc,4990716
747,0x004c2794,4990868
748,0x004c28df,4991199
749,0x004c28e0,4991200
750,0x004c2b9c,4991900
751,0x004c33e4,4994020
752,0x004c4e11,5000721
753,0x004c4eaa,5000874
754,0x004c4ff5,5001205
755,0x004c52b2,5001906
756,0x004c52bb,5001915
757,0x004c5afa,5004026
758,0x004c7527,5010727
759,0x004c75c1,5010881
760,0x004c770b,5011211
761,0x004c7712,5011218
762,0x004c79d1,5011921
763,0x004c8211,5014033
764,0x004c821a,5014042
765,0x004c9c3d,5020733
766,0x004c9c47,5020743
767,0x004c9cd9,5020889
768,0x004c9e27,5021223
769,0x004ca0e6,5021926
770,0x004ca930,5024048
771,0x004cc35d,5030749
772,0x004cc3f0,5030896
773,0x004cc53d,5031229
774,0x004cc7fb,5031931
775,0x004cd047,5034055
776,0x004cea73,5040755
777,0x004ceb06,5040902
778,0x004cec52,5041234
779,0x004cef11,5041937
780,0x004cf75c,5044060
781,0x004d1188,5050760
782,0x004d121d,5050909
783,0x004d1366,5051238
784,0x004d1628,5051944
785,0x004d1e71,5054065
786,0x004d389d,5060765
787,0x004d3934,5060916
788,0x004d3a7c,5061244
789,0x004d3d3e,5061950
790,0x004d4587,5064071
791,0x004d5fb3,5070771
792,0x004d6049,5070921
793,0x004d6052,5070930
794,0x004d6191,5071249
795,0x004d6454,5071956
796,0x004d6c9d,5074077
797,0x004d86c8,5080776
798,0x004d8769,5080937
799,0x004d88a7,5081255
800,0x004d93b1,5084081
801,0x004dade0,5090784
802,0x004dae80,5090944
803,0x004dafbc,5091260
804,0x004dbac6,5094086
805,0x004dd4f6,5100790
806,0x004dd4fa,5100794
807,0x004dd597,5100951
808,0x004dd6d1,5101265
809,0x004de1dc,5104092
810,0x004dfc0c,5110796
811,0x004dfcac,5110956
812,0x004dfde7,5111271
813,0x004dfdf0,5111280
814,0x004e08f2,5114098
815,0x004e08fa,5114106
816,0x004e2321,5120801
817,0x004e2355,5120853
818,0x004e23c2,5120962
819,0x004e2506,5121286
820,0x004e300f,5124111
821,0x004e4a6b,5130859
822,0x004e4ad8,5130968
823,0x004e4c1d,5131293
824,0x004e7181,5140865
825,0x004e71ed,5140973
826,0x004e7260,5141088
827,0x004e7332,5141298
828,0x004e9898,5150872
829,0x004e9903,5150979
830,0x004e9a46,5151302
831,0x004ebfac,5160876
832,0x004ebffa,5160954
833,0x004ec018,5160984
834,0x004ec15a,5161306
835,0x004ec406,5161990
836,0x004ec409,5161993
837,0x004ee6c2,5170882
838,0x004ee72f,5170991
839,0x004ee737,5170999
840,0x004ee86f,5171311
841,0x004eeb20,5172000
842,0x004eeb29,5172009
843,0x004f0dd9,5180889
844,0x004f0e4e,5181006
845,0x004f0f83,5181315
846,0x004f123f,5182015
847,0x004f34ef,5190895
848,0x004f3564,5191012
849,0x004f3698,5191320
850,0x004f3955,5192021
851,0x004f5c04,5200900
852,0x004f5c7c,5201020
853,0x004f5cd9,5201113
854,0x004f5dad,5201325
855,0x004f606a,5202026
856,0x004f831a,5210906
857,0x004f8392,5211026
858,0x004f84c1,5211329
859,0x004f84f2,5211378
860,0x004f877e,5212030
861,0x004f8fab,5214123
862,0x004f8fae,5214126
863,0x004faa30,5220912
864,0x004faa3a,5220922
865,0x004faaa9,5221033
866,0x004fac08,5221384
867,0x004fae94,5222036
868,0x004fb6c5,5224133
869,0x004fd150,5230928
870,0x004fd1c0,5231040
871,0x004fd31d,5231389
872,0x004fd5a9,5232041
873,0x004fdddb,5234139
874,0x004ff865,5240933
875,0x004ff8d7,5241047
876,0x004ffa32,5241394
877,0x004ffcbe,5242046
878,0x005004f0,5244144
879,0x00501f7b,5250939
880,0x00501fed,5251053
881,0x00502147,5251399
882,0x005023d3,5252051
883,0x00502c06,5254150
884,0x00504692,5260946
885,0x00504704,5261060
886,0x0050485b,5261403
887,0x00504ae8,5262056
888,0x00505317,5264151
889,0x0050531a,5264154
890,0x00506da8,5270952
891,0x00506e1b,5271067
892,0x00506e4d,5271117
893,0x00506f70,5271408
894,0x005071ff,5272063
895,0x0050720b,5272075
896,0x00507a30,5274160
897,0x005094be,5280958
898,0x00509563,5281123
899,0x00509686,5281414
900,0x00509921,5282081
901,0x0050a145,5284165
902,0x0050a173,5284211
903,0x0050bbd4,5290964
904,0x0050bc7a,5291130
905,0x0050bd9b,5291419
906,0x0050c037,5292087
907,0x0050c888,5294216
908,0x0050e2ea,5300970
909,0x0050e390,5301136
910,0x0050e4b0,5301424
911,0x0050e74d,5302093
912,0x0050ef9d,5304221
913,0x00510a01,5310977
914,0x00510aa5,5311141
915,0x00510bc4,5311428
916,0x00510bcc,5311436
917,0x00510e63,5312099
918,0x005116b4,5314228
919,0x00513117,5320983
920,0x00513121,5320993
921,0x005131bc,5321148
922,0x005132e1,5321441
923,0x00513579,5322105
924,0x00513dc9,5324233
925,0x00515835,5330997
926,0x005158d2,5331154
927,0x005159f7,5331447
928,0x00515c8e,5332110
929,0x005164e0,5334240
930,0x0051784f,5339215
931,0x00517852,5339218
932,0x00517854,5339220
933,0x00517856,5339222
934,0x005178ad,5339309
935,0x005178ae,5339310
936,0x00517972,5339506
937,0x005179fb,5339643
938,0x00517a05,5339653
939,0x00517a10,5339664
940,0x00517a11,5339665
941,0x00517a12,5339666
942,0x00517a25,5339685
943,0x00517a2e,5339694
944,0x00517f4a,5341002
945,0x00517fe8,5341160
946,0x0051810b,5341451
947,0x005183a5,5342117
948,0x00518bf5,5344245
949,0x0051a167,5349735
950,0x0051a168,5349736
951,0x0051a19b,5349787
952,0x0051a19c,5349788
953,0x0051a214,5349908
954,0x0051a21d,5349917
955,0x0051a223,5349923
956,0x0051a224,5349924
957,0x0051a226,5349926
958,0x0051a22b,5349931
959,0x0051a230,5349936
960,0x0051a661,5351009
961,0x0051a6fe,5351166
962,0x0051a821,5351457
963,0x0051aabb,5352123
964,0x0051b30b,5354251
965,0x0051c969,5359977
966,0x0051c99b,5360027
967,0x0051c99c,5360028
968,0x0051ca13,5360147
969,0x0051ca1a,5360154
970,0x0051ca20,5360160
971,0x0051ca21,5360161
972,0x0051ca22,5360162
973,0x0051ca23,5360163
974,0x0051ca28,5360168
975,0x0051ca2e,5360174
976,0x0051cd77,5361015
977,0x0051ce15,5361173
978,0x0051cf35,5361461
979,0x0051d1d4,5362132
980,0x0051da1f,5364255
981,0x0051f169,5370217
982,0x0051f16a,5370218
983,0x0051f19d,5370269
984,0x0051f19f,5370271
985,0x0051f217,5370391
986,0x0051f21f,5370399
987,0x0051f226,5370406
988,0x0051f229,5370409
989,0x0051f22a,5370410
990,0x0051f230,5370416
991,0x0051f237,5370423
992,0x0051f48c,5371020
993,0x0051f52d,5371181
994,0x0051f537,5371191
995,0x0051f64a,5371466
996,0x0051f8ea,5372138
997,0x0051f8f4,5372148
998,0x00520136,5374262
999,0x00521972,5380466
1000,0x00521973,5380467
1001,0x005219a6,5380518
1002,0x005219a7,5380519
1003,0x00521a1d,5380637
1004,0x00521a1e,5380638
1005,0x00521a25,5380645
1006,0x00521a2c,5380652
1007,0x00521a2e,5380654
1008,0x00521a2f,5380655
1009,0x00521a34,5380660
1010,0x00521a39,5380665
1011,0x00521ba2,5381026
1012,0x00521c4c,5381196
1013,0x00521d5f,5381471
1014,0x0052200b,5382155
1015,0x0052284c,5384268
1016,0x00522854,5384276
1017,0x00522a5a,5384794
1018,0x00522a5d,5384797
1019,0x00522a5e,5384798
1020,0x00522a5f,5384799
1021,0x00522a60,5384800
1022,0x00522aa7,5384871
1023,0x00522aa9,5384873
1024,0x00522b4b,5385035
1025,0x00522b55,5385045
1026,0x00522b67,5385063
1027,0x00522b68,5385064
1028,0x00522b69,5385065
1029,0x00522b6a,5385066
1030,0x00522b7e,5385086
1031,0x00522b84,5385092
1032,0x00524172,5390706
1033,0x00524173,5390707
1034,0x005241a4,5390756
1035,0x005241a5,5390757
1036,0x0052421a,5390874
1037,0x00524222,5390882
1038,0x0052422a,5390890
1039,0x0052422b,5390891
1040,0x0052422c,5390892
1041,0x0052422d,5390893
1042,0x00524232,5390898
1043,0x00524236,5390902
1044,0x005242b9,5391033
1045,0x00524362,5391202
1046,0x00524474,5391476
1047,0x00524721,5392161
1048,0x00524f6a,5394282
1049,0x005252bb,5395131
1050,0x005252bc,5395132
1051,0x005252ea,5395178
1052,0x005252eb,5395179
1053,0x00525338,5395256
1054,0x00525340,5395264
1055,0x00525345,5395269
1056,0x00525346,5395270
1057,0x00525347,5395271
1058,0x0052534c,5395276
1059,0x00525351,5395281
1060,0x00526664,5400164
1061,0x00526668,5400168
1062,0x00526669,5400169
1063,0x0052666a,5400170
1064,0x005266a9,5400233
1065,0x005266ab,5400235
1066,0x00526740,5400384
1067,0x00526748,5400392
1068,0x0052675c,5400412
1069,0x0052675f,5400415
1070,0x00526760,5400416
1071,0x00526776,5400438
1072,0x0052677b,5400443
1073,0x00526971,5400945
1074,0x00526972,5400946
1075,0x005269a3,5400995
1076,0x005269a4,5400996
1077,0x005269ce,5401038
1078,0x00526a1b,5401115
1079,0x00526a24,5401124
1080,0x00526a2b,5401131
1081,0x00526a2c,5401132
1082,0x00526a2d,5401133
1083,0x00526a34,5401140
1084,0x00526a3c,5401148
1085,0x00526a78,5401208
1086,0x00526b89,5401481
1087,0x00526e38,5402168
1088,0x00527683,5404291
1089,0x00527a8a,5405322
1090,0x00527a8b,5405323
1091,0x00527ab5,5405365
1092,0x00527ab7,5405367
1093,0x00527b01,5405441
1094,0x00527b08,5405448
1095,0x00527b10,5405456
1096,0x00527b12,5405458
1097,0x00527b17,5405463
1098,0x00527b1c,5405468
1099,0x00528eb4,5410484
1100,0x00528eb5,5410485
1101,0x00528ee6,5410534
1102,0x00528ee7,5410535
1103,0x00528f3f,5410623
1104,0x00528f47,5410631
1105,0x00528f4f,5410639
1106,0x00528f51,5410641
1107,0x00528f52,5410642
1108,0x00528f58,5410648
1109,0x00528f5e,5410654
1110,0x005290e4,5411044
1111,0x00529177,5411191
1112,0x00529178,5411192
1113,0x0052918e,5411214
1114,0x005291ab,5411243
1115,0x005291ad,5411245
1116,0x00529223,5411363
1117,0x0052922b,5411371
1118,0x00529234,5411380
1119,0x00529235,5411381
1120,0x00529236,5411382
1121,0x0052923b,5411387
1122,0x00529243,5411395
1123,0x0052929e,5411486
1124,0x005292a4,5411492
1125,0x005292e3,5411555
1126,0x0052954e,5412174
1127,0x00529d99,5414297
1128,0x0052a253,5415507
1129,0x0052a254,5415508
1130,0x0052a27d,5415549
1131,0x0052a27f,5415551
1132,0x0052a2c9,5415625
1133,0x0052a2d3,5415635
1134,0x0052a2d8,5415640
1135,0x0052a2da,5415642
1136,0x0052a2df,5415647
1137,0x0052a2e6,5415654
1138,0x0052b699,5420697
1139,0x0052b69a,5420698
1140,0x0052b6c6,5420742
1141,0x0052b6c8,5420744
1142,0x0052b71a,5420826
1143,0x0052b724,5420836
1144,0x0052b72a,5420842
1145,0x0052b72b,5420843
1146,0x0052b72c,5420844
1147,0x0052b72d,5420845
1148,0x0052b733,5420851
1149,0x0052b73a,5420858
1150,0x0052b7fa,5421050
1151,0x0052b802,5421058
1152,0x0052b8a4,5421220
1153,0x0052b982,5421442
1154,0x0052b983,5421443
1155,0x0052b9b7,5421495
1156,0x0052b9b8,5421496
1157,0x0052b9ba,5421498
1158,0x0052ba33,5421619
1159,0x0052ba3b,5421627
1160,0x0052ba43,5421635
1161,0x0052ba44,5421636
1162,0x0052ba45,5421637
1163,0x0052ba4a,5421642
1164,0x0052ba4f,5421647
1165,0x0052bc64,5422180
1166,0x0052c4ae,5424302
1167,0x0052ca21,5425697
1168,0x0052ca22,5425698
1169,0x0052ca4b,5425739
1170,0x0052ca4e,5425742
1171,0x0052ca97,5425815
1172,0x0052ca9e,5425822
1173,0x0052caa4,5425828
1174,0x0052caa6,5425830
1175,0x0052caa7,5425831
1176,0x0052caad,5425837
1177,0x0052cab3,5425843
1178,0x0052de73,5430899
1179,0x0052de75,5430901
1180,0x0052de9f,5430943
1181,0x0052dea1,5430945
1182,0x0052def5,5431029
1183,0x0052defd,5431037
1184,0x0052df03,5431043
1185,0x0052df04,5431044
1186,0x0052df05,5431045
1187,0x0052df0a,5431050
1188,0x0052df0f,5431055
1189,0x0052df17,5431063
1190,0x0052dfba,5431226
1191,0x0052e0cc,5431500
1192,0x0052e185,5431685
1193,0x0052e187,5431687
1194,0x0052e1b2,5431730
1195,0x0052e1b4,5431732
1196,0x0052e214,5431828
1197,0x0052e21c,5431836
1198,0x0052e221,5431841
1199,0x0052e222,5431842
1200,0x0052e223,5431843
1201,0x0052e228,5431848
1202,0x0052e22d,5431853
1203,0x0052e379,5432185
1204,0x0052ebc3,5434307
1205,0x0052ebdb,5434331
1206,0x0052ebdd,5434333
1207,0x0052ebde,5434334
1208,0x0052ebdf,5434335
1209,0x0052ec25,5434405
1210,0x0052ec26,5434406
1211,0x0052eccc,5434572
1212,0x0052ecd3,5434579
1213,0x0052ecf1,5434609
1214,0x0052ecf2,5434610
1215,0x0052ecf3,5434611
1216,0x0052ecf4,5434612
1217,0x0052ed0d,5434637
1218,0x0052ed13,5434643
1219,0x0052f1ed,5435885
1220,0x0052f1ef,5435887
1221,0x0052f216,5435926
1222,0x0052f218,5435928
1223,0x0052f261,5436001
1224,0x0052f268,5436008
1225,0x0052f26d,5436013
1226,0x0052f26f,5436015
1227,0x0052f270,5436016
1228,0x0052f275,5436021
1229,0x0052f27c,5436028
1230,0x0053062f,5441071
1231,0x00530649,5441097
1232,0x0053064a,5441098
1233,0x00530675,5441141
1234,0x00530677,5441143
1235,0x005306c9,5441225
1236,0x005306ca,5441226
1237,0x005306cf,5441231
1238,0x005306d1,5441233
1239,0x005306d7,5441239
1240,0x005306d9,5441241
1241,0x005306da,5441242
1242,0x005306db,5441243
1243,0x005306e0,5441248
1244,0x005306e5,5441253
1245,0x005307e1,5441505
1246,0x00530967,5441895
1247,0x00530969,5441897
1248,0x0053099b,5441947
1249,0x0053099c,5441948
1250,0x00530a12,5442066
1251,0x00530a19,5442073
1252,0x00530a21,5442081
1253,0x00530a22,5442082
1254,0x00530a23,5442083
1255,0x00530a24,5442084
1256,0x00530a2b,5442091
1257,0x00530a31,5442097
1258,0x00530a90,5442192
1259,0x005312da,5444314
1260,0x0053144e,5444686
1261,0x0053144f,5444687
1262,0x0053147d,5444733
1263,0x0053147e,5444734
1264,0x005314d7,5444823
1265,0x005314df,5444831
1266,0x005314e5,5444837
1267,0x005314e6,5444838
1268,0x005314e7,5444839
1269,0x005314e8,5444840
1270,0x005314ed,5444845
1271,0x005314f1,5444849
1272,0x005319bd,5446077
1273,0x005319be,5446078
1274,0x005319e9,5446121
1275,0x005319ea,5446122
1276,0x00531a33,5446195
1277,0x00531a3d,5446205
1278,0x00531a45,5446213
1279,0x00531a47,5446215
1280,0x00531a48,5446216
1281,0x00531a49,5446217
1282,0x00531a50,5446224
1283,0x00531a55,5446229
1284,0x00532d46,5451078
1285,0x00532de6,5451238
1286,0x00532e29,5451305
1287,0x00532e57,5451351
1288,0x00532e58,5451352
1289,0x00532eae,5451438
1290,0x00532eb5,5451445
1291,0x00532ebd,5451453
1292,0x00532ebe,5451454
1293,0x00532ebf,5451455
1294,0x00532ec0,5451456
1295,0x00532ec4,5451460
1296,0x00532ecd,5451469
1297,0x00532ef7,5451511
1298,0x00533171,5452145
1299,0x00533172,5452146
1300,0x005331a6,5452198
1301,0x005331a7,5452199
1302,0x005331a9,5452201
1303,0x00533226,5452326
1304,0x0053322e,5452334
1305,0x00533236,5452342
1306,0x00533237,5452343
1307,0x00533238,5452344
1308,0x00533239,5452345
1309,0x0053323e,5452350
1310,0x00533243,5452355
1311,0x005339f1,5454321
1312,0x00533c32,5454898
1313,0x00533c33,5454899
1314,0x00533c63,5454947
1315,0x00533c64,5454948
1316,0x00533cbd,5455037
1317,0x00533cc5,5455045
1318,0x00533ccd,5455053
1319,0x00533cce,5455054
1320,0x00533ccf,5455055
1321,0x00533cd4,5455060
1322,0x00533cda,5455066
1323,0x00534192,5456274
1324,0x005341bb,5456315
1325,0x005341bd,5456317
1326,0x00534206,5456390
1327,0x0053420e,5456398
1328,0x00534213,5456403
1329,0x00534217,5456407
1330,0x0053421c,5456412
1331,0x00534223,5456419
1332,0x0053545d,5461085
1333,0x005354fd,5461245
1334,0x00535606,5461510
1335,0x00535607,5461511
1336,0x0053560b,5461515
1337,0x00535631,5461553
1338,0x00535633,5461555
1339,0x00535686,5461638
1340,0x00535690,5461648
1341,0x00535696,5461654
1342,0x00535697,5461655
1343,0x00535698,5461656
1344,0x00535699,5461657
1345,0x0053569e,5461662
1346,0x005356a3,5461667
1347,0x005358bd,5462205
1348,0x0053597f,5462399
1349,0x005359b1,5462449
1350,0x005359b2,5462450
1351,0x00535a29,5462569
1352,0x00535a33,5462579
1353,0x00535a38,5462584
1354,0x00535a3a,5462586
1355,0x00535a3f,5462591
1356,0x00535a45,5462597
1357,0x00536107,5464327
1358,0x00536411,5465105
1359,0x00536412,5465106
1360,0x0053643f,5465151
1361,0x00536440,5465152
1362,0x00536498,5465240
1363,0x005364a1,5465249
1364,0x005364a6,5465254
1365,0x005364a8,5465256
1366,0x005364a9,5465257
1367,0x005364ae,5465262
1368,0x005364b2,5465266
1369,0x00536954,5466452
1370,0x00536956,5466454
1371,0x0053697f,5466495
1372,0x00536980,5466496
1373,0x005369c9,5466569
1374,0x005369d0,5466576
1375,0x005369d5,5466581
1376,0x005369d6,5466582
1377,0x005369d8,5466584
1378,0x005369d9,5466585
1379,0x005369dd,5466589
1380,0x005369e2,5466594
1381,0x00537b72,5471090
1382,0x00537c14,5471252
1383,0x00537c1f,5471263
1384,0x00537d10,5471504
1385,0x00537d20,5471520
1386,0x00537dda,5471706
1387,0x00537ddc,5471708
1388,0x00537e09,5471753
1389,0x00537e0b,5471755
1390,0x00537e61,5471841
1391,0x00537e68,5471848
1392,0x00537e70,5471856
1393,0x00537e72,5471858
1394,0x00537e73,5471859
1395,0x00537e78,5471864
1396,0x00537e7f,5471871
1397,0x00537fd3,5472211
1398,0x00537fdd,5472221
1399,0x0053817f,5472639
1400,0x00538180,5472640
1401,0x005381b0,5472688
1402,0x005381b1,5472689
1403,0x0053822d,5472813
1404,0x00538235,5472821
1405,0x0053823b,5472827
1406,0x0053823c,5472828
1407,0x0053823d,5472829
1408,0x00538242,5472834
1409,0x00538248,5472840
1410,0x0053881c,5474332
1411,0x00538beb,5475307
1412,0x00538bec,5475308
1413,0x00538c1b,5475355
1414,0x00538c1d,5475357
1415,0x00538c76,5475446
1416,0x00538c80,5475456
1417,0x00538c88,5475464
1418,0x00538c89,5475465
1419,0x00538c8f,5475471
1420,0x00538c94,5475476
1421,0x0053911b,5476635
1422,0x0053911c,5476636
1423,0x00539145,5476677
1424,0x00539146,5476678
1425,0x00539190,5476752
1426,0x00539199,5476761
1427,0x005391a0,5476768
1428,0x005391a1,5476769
1429,0x005391a3,5476771
1430,0x005391a4,5476772
1431,0x005391aa,5476778
1432,0x005391af,5476783
1433,0x005398be,5478590
1434,0x005398c1,5478593
1435,0x005398c2,5478594
1436,0x0053991b,5478683
1437,0x0053991d,5478685
1438,0x00539a34,5478964
1439,0x00539a35,5478965
1440,0x00539ab2,5479090
1441,0x00539ac8,5479112
1442,0x00539aca,5479114
1443,0x00539acb,5479115
1444,0x00539acd,5479117
1445,0x00539acf,5479119
1446,0x00539ad0,5479120
1447,0x00539ad1,5479121
1448,0x00539ad2,5479122
1449,0x00539ad3,5479123
1450,0x00539ad4,5479124
1451,0x00539ad5,5479125
1452,0x00539ad6,5479126
1453,0x00539ad7,5479127
1454,0x00539ad8,5479128
1455,0x00539ad9,5479129
1456,0x00539adb,5479131
1457,0x00539adc,5479132
1458,0x00539add,5479133
1459,0x00539ade,5479134
1460,0x00539adf,5479135
1461,0x00539ae0,5479136
1462,0x00539ae2,5479138
1463,0x00539ae3,5479139
1464,0x00539ae5,5479141
1465,0x00539ae6,5479142
1466,0x00539ae8,5479144
1467,0x00539ae9,5479145
1468,0x00539aea,5479146
1469,0x00539aec,5479148
1470,0x00539aed,5479149
1471,0x00539af0,5479152
1472,0x00539af3,5479155
1473,0x00539b5b,5479259
1474,0x00539b64,5479268
1475,0x00539b72,5479282
1476,0x00539b74,5479284
1477,0x00539b75,5479285
1478,0x00539b81,5479297
1479,0x00539bd6,5479382
1480,0x00539bf0,5479408
1481,0x00539bf4,5479412
1482,0x00539bfc,5479420
1483,0x00539c00,5479424
1484,0x00539c06,5479430
1485,0x00539c77,5479543
1486,0x00539ca1,5479585
1487,0x00539cb1,5479601
1488,0x00539cb4,5479604
1489,0x00539cb7,5479607
1490,0x00539cb8,5479608
1491,0x00539cb9,5479609
1492,0x00539cba,5479610
1493,0x00539cbb,5479611
1494,0x00539cbf,5479615
1495,0x0053a04a,5480522
1496,0x0053a04e,5480526
1497,0x0053a04f,5480527
1498,0x0053a053,5480531
1499,0x0053a058,5480536
1500,0x0053a059,5480537
1501,0x0053a05c,5480540
1502,0x0053a05d,5480541
1503,0x0053a05e,5480542
1504,0x0053a05f,5480543
1505,0x0053a060,5480544
1506,0x0053a062,5480546
1507,0x0053a064,5480548
1508,0x0053a0ab,5480619
1509,0x0053a0c5,5480645
1510,0x0053a0c9,5480649
1511,0x0053a190,5480848
1512,0x0053a19d,5480861
1513,0x0053a1a8,5480872
1514,0x0053a1ad,5480877
1515,0x0053a1af,5480879
1516,0x0053a1b0,5480880
1517,0x0053a1b2,5480882
1518,0x0053a1b3,5480883
1519,0x0053a1b4,5480884
1520,0x0053a1b5,5480885
1521,0x0053a1b6,5480886
1522,0x0053a1b7,5480887
1523,0x0053a1b8,5480888
1524,0x0053a1b9,5480889
1525,0x0053a1ba,5480890
1526,0x0053a1bb,5480891
1527,0x0053a1bc,5480892
1528,0x0053a1be,5480894
1529,0x0053a1c1,5480897
1530,0x0053a1c4,5480900
1531,0x0053a1c7,5480903
1532,0x0053a1c8,5480904
1533,0x0053a1c9,5480905
1534,0x0053a1ca,5480906
1535,0x0053a1cc,5480908
1536,0x0053a1cd,5480909
1537,0x0053a1cf,5480911
1538,0x0053a1d0,5480912
1539,0x0053a1d2,5480914
1540,0x0053a1d3,5480915
1541,0x0053a1d5,5480917
1542,0x0053a1d6,5480918
1543,0x0053a1d8,5480920
1544,0x0053a1d9,5480921
1545,0x0053a1db,5480923
1546,0x0053a1dc,5480924
1547,0x0053a1de,5480926
1548,0x0053a1df,5480927
1549,0x0053a1e1,5480929
1550,0x0053a211,5480977
1551,0x0053a288,5481096
1552,0x0053a2d7,5481175
1553,0x0053a2db,5481179
1554,0x0053a335,5481269
1555,0x0053a435,5481525
1556,0x0053a571,5481841
1557,0x0053a57f,5481855
1558,0x0053a586,5481862
1559,0x0053a587,5481863
1560,0x0053a589,5481865
1561,0x0053a58a,5481866
1562,0x0053a58b,5481867
1563,0x0053a58c,5481868
1564,0x0053a58d,5481869
1565,0x0053a58f,5481871
1566,0x0053a590,5481872
1567,0x0053a591,5481873
1568,0x0053a592,5481874
1569,0x0053a593,5481875
1570,0x0053a5b8,5481912
1571,0x0053a5b9,5481913
1572,0x0053a5e3,5481955
1573,0x0053a636,5482038
1574,0x0053a637,5482039
1575,0x0053a63d,5482045
1576,0x0053a642,5482050
1577,0x0053a643,5482051
1578,0x0053a644,5482052
1579,0x0053a648,5482056
1580,0x0053a6c0,5482176
1581,0x0053a6c4,5482180
1582,0x0053a6c5,5482181
1583,0x0053a6cd,5482189
1584,0x0053a6f2,5482226
1585,0x0053a6f4,5482228
1586,0x0053a6f8,5482232
1587,0x0053a701,5482241
1588,0x0053a706,5482246
1589,0x0053a707,5482247
1590,0x0053a708,5482248
1591,0x0053a709,5482249
1592,0x0053a70b,5482251
1593,0x0053a70c,5482252
1594,0x0053a70d,5482253
1595,0x0053a70e,5482254
1596,0x0053a70f,5482255
1597,0x0053a710,5482256
1598,0x0053a711,5482257
1599,0x0053a712,5482258
1600,0x0053a713,5482259
1601,0x0053a715,5482261
1602,0x0053a716,5482262
1603,0x0053a718,5482264
1604,0x0053a719,5482265
1605,0x0053a71a,5482266
1606,0x0053a71b,5482267
1607,0x0053a71c,5482268
1608,0x0053a733,5482291
1609,0x0053a734,5482292
1610,0x0053a738,5482296
1611,0x0053a73e,5482302
1612,0x0053a73f,5482303
1613,0x0053a740,5482304
1614,0x0053a741,5482305
1615,0x0053a743,5482307
1616,0x0053a744,5482308
1617,0x0053a745,5482309
1618,0x0053a746,5482310
1619,0x0053a748,5482312
1620,0x0053a749,5482313
1621,0x0053a750,5482320
1622,0x0053a752,5482322
1623,0x0053a754,5482324
1624,0x0053a755,5482325
1625,0x0053a758,5482328
1626,0x0053a75a,5482330
1627,0x0053a75b,5482331
1628,0x0053a75d,5482333
1629,0x0053a75e,5482334
1630,0x0053a75f,5482335
1631,0x0053a760,5482336
1632,0x0053a761,5482337
1633,0x0053a765,5482341
1634,0x0053a767,5482343
1635,0x0053a76a,5482346
1636,0x0053a76b,5482347
1637,0x0053a76c,5482348
1638,0x0053a76d,5482349
1639,0x0053a76e,5482350
1640,0x0053a76f,5482351
1641,0x0053a770,5482352
1642,0x0053a771,5482353
1643,0x0053a772,5482354
1644,0x0053a773,5482355
1645,0x0053a779,5482361
1646,0x0053a77a,5482362
1647,0x0053a77c,5482364
1648,0x0053a77d,5482365
1649,0x0053a77f,5482367
1650,0x0053a780,5482368
1651,0x0053a782,5482370
1652,0x0053a784,5482372
1653,0x0053a785,5482373
1654,0x0053a786,5482374
1655,0x0053a787,5482375
1656,0x0053a78a,5482378
1657,0x0053a78e,5482382
1658,0x0053a78f,5482383
1659,0x0053a790,5482384
1660,0x0053a791,5482385
1661,0x0053a793,5482387
1662,0x0053a794,5482388
1663,0x0053a796,5482390
1664,0x0053a79c,5482396
1665,0x0053a79d,5482397
1666,0x0053a7a0,5482400
1667,0x0053a7a1,5482401
1668,0x0053a7a3,5482403
1669,0x0053a7a4,5482404
1670,0x0053a7a5,5482405
1671,0x0053a7a6,5482406
1672,0x0053a7a7,5482407
1673,0x0053a7a8,5482408
1674,0x0053a7a9,5482409
1675,0x0053a7aa,5482410
1676,0x0053a7ae,5482414
1677,0x0053a7b1,5482417
1678,0x0053a7b2,5482418
1679,0x0053a7b3,5482419
1680,0x0053a7b4,5482420
1681,0x0053a7b6,5482422
1682,0x0053a7b7,5482423
1683,0x0053a7b8,5482424
1684,0x0053a7b9,5482425
1685,0x0053a7bf,5482431
1686,0x0053a7c0,5482432
1687,0x0053a7c2,5482434
1688,0x0053a7c3,5482435
1689,0x0053a7c4,5482436
1690,0x0053a7c5,5482437
1691,0x0053a7c6,5482438
1692,0x0053a7c7,5482439
1693,0x0053a7c8,5482440
1694,0x0053a7c9,5482441
1695,0x0053a7cb,5482443
1696,0x0053a7ce,5482446
1697,0x0053a7d2,5482450
1698,0x0053a7d4,5482452
1699,0x0053a7d5,5482453
1700,0x0053a7d6,5482454
1701,0x0053a7d7,5482455
1702,0x0053a7d8,5482456
1703,0x0053a7d9,5482457
1704,0x0053a7da,5482458
1705,0x0053a7db,5482459
1706,0x0053a7e1,5482465
1707,0x0053a7e3,5482467
1708,0x0053a7e4,5482468
1709,0x0053a7e5,5482469
1710,0x0053a7e6,5482470
1711,0x0053a7e7,5482471
1712,0x0053a7e8,5482472
1713,0x0053a7e9,5482473
1714,0x0053a7ea,5482474
1715,0x0053a7ed,5482477
1716,0x0053a7f1,5482481
1717,0x0053a7f2,5482482
1718,0x0053a7f3,5482483
1719,0x0053a7f4,5482484
1720,0x0053a7f5,5482485
1721,0x0053a7f6,5482486
1722,0x0053a7fc,5482492
1723,0x0053a7fd,5482493
1724,0x0053a7fe,5482494
1725,0x0053a7ff,5482495
1726,0x0053a800,5482496
1727,0x0053a801,5482497
1728,0x0053a802,5482498
1729,0x0053a803,5482499
1730,0x0053a805,5482501
1731,0x0053a806,5482502
1732,0x0053a808,5482504
1733,0x0053a80c,5482508
1734,0x0053a810,5482512
1735,0x0053a811,5482513
1736,0x0053a812,5482514
1737,0x0053a813,5482515
1738,0x0053a814,5482516
1739,0x0053a815,5482517
1740,0x0053a81a,5482522
1741,0x0053a81b,5482523
1742,0x0053a81e,5482526
1743,0x0053a81f,5482527
1744,0x0053a821,5482529
1745,0x0053a822,5482530
1746,0x0053a823,5482531
1747,0x0053a825,5482533
1748,0x0053a828,5482536
1749,0x0053a82c,5482540
1750,0x0053a82d,5482541
1751,0x0053a82e,5482542
1752,0x0053a82f,5482543
1753,0x0053a830,5482544
1754,0x0053a831,5482545
1755,0x0053a832,5482546
1756,0x0053a838,5482552
1757,0x0053a839,5482553
1758,0x0053a83b,5482555
1759,0x0053a83c,5482556
1760,0x0053a83d,5482557
1761,0x0053a83e,5482558
1762,0x0053a83f,5482559
1763,0x0053a841,5482561
1764,0x0053a844,5482564
1765,0x0053a848,5482568
1766,0x0053a849,5482569
1767,0x0053a84a,5482570
1768,0x0053a84b,5482571
1769,0x0053a84c,5482572
1770,0x0053a84d,5482573
1771,0x0053a84e,5482574
1772,0x0053a853,5482579
1773,0x0053a854,5482580
1774,0x0053a856,5482582
1775,0x0053a857,5482583
1776,0x0053a858,5482584
1777,0x0053a859,5482585
1778,0x0053a85a,5482586
1779,0x0053a85b,5482587
1780,0x0053a85c,5482588
1781,0x0053a85f,5482591
1782,0x0053a863,5482595
1783,0x0053a864,5482596
1784,0x0053a865,5482597
1785,0x0053a866,5482598
1786,0x0053a867,5482599
1787,0x0053a868,5482600
1788,0x0053a869,5482601
1789,0x0053a86e,5482606
1790,0x0053a86f,5482607
1791,0x0053a871,5482609
1792,0x0053a872,5482610
1793,0x0053a873,5482611
1794,0x0053a874,5482612
1795,0x0053a875,5482613
1796,0x0053a877,5482615
1797,0x0053a878,5482616
1798,0x0053a87a,5482618
1799,0x0053a87b,5482619
1800,0x0053a87f,5482623
1801,0x0053a880,5482624
1802,0x0053a881,5482625
1803,0x0053a882,5482626
1804,0x0053a883,5482627
1805,0x0053a884,5482628
1806,0x0053a889,5482633
1807,0x0053a88a,5482634
1808,0x0053a88b,5482635
1809,0x0053a88d,5482637
1810,0x0053a88e,5482638
1811,0x0053a88f,5482639
1812,0x0053a890,5482640
1813,0x0053a892,5482642
1814,0x0053a898,5482648
1815,0x0053a89c,5482652
1816,0x0053a89d,5482653
1817,0x0053a89e,5482654
1818,0x0053a89f,5482655
1819,0x0053a8a0,5482656
1820,0x0053a8a1,5482657
1821,0x0053a8a7,5482663
1822,0x0053a8a8,5482664
1823,0x0053a8aa,5482666
1824,0x0053a8ab,5482667
1825,0x0053a8ac,5482668
1826,0x0053a8ad,5482669
1827,0x0053a8af,5482671
1828,0x0053a8b2,5482674
1829,0x0053a8b6,5482678
1830,0x0053a8b8,5482680
1831,0x0053a8b9,5482681
1832,0x0053a8ba,5482682
1833,0x0053a8bb,5482683
1834,0x0053a8bc,5482684
1835,0x0053a8bd,5482685
1836,0x0053a8c3,5482691
1837,0x0053a8c4,5482692
1838,0x0053a8c6,5482694
1839,0x0053a8c7,5482695
1840,0x0053a8c8,5482696
1841,0x0053a8c9,5482697
1842,0x0053a8cb,5482699
1843,0x0053a8ce,5482702
1844,0x0053a8d2,5482706
1845,0x0053a8d3,5482707
1846,0x0053a8d4,5482708
1847,0x0053a8d5,5482709
1848,0x0053a8d6,5482710
1849,0x0053a8dc,5482716
1850,0x0053a8dd,5482717
1851,0x0053a8de,5482718
1852,0x0053a8df,5482719
1853,0x0053a8e0,5482720
1854,0x0053a8e1,5482721
1855,0x0053a8e2,5482722
1856,0x0053a8e7,5482727
1857,0x0053a8ea,5482730
1858,0x0053a8ee,5482734
1859,0x0053a8ef,5482735
1860,0x0053a8f0,5482736
1861,0x0053a8f1,5482737
1862,0x0053a8f2,5482738
1863,0x0053a8f8,5482744
1864,0x0053a8f9,5482745
1865,0x0053a8fa,5482746
1866,0x0053a8fb,5482747
1867,0x0053a8fc,5482748
1868,0x0053a8fd,5482749
1869,0x0053a8fe,5482750
1870,0x0053a900,5482752
1871,0x0053a903,5482755
1872,0x0053a904,5482756
1873,0x0053a908,5482760
1874,0x0053a909,5482761
1875,0x0053a90a,5482762
1876,0x0053a90b,5482763
1877,0x0053a90c,5482764
1878,0x0053a911,5482769
1879,0x0053a912,5482770
1880,0x0053a913,5482771
1881,0x0053a914,5482772
1882,0x0053a915,5482773
1883,0x0053a916,5482774
1884,0x0053a917,5482775
1885,0x0053a918,5482776
1886,0x0053a91b,5482779
1887,0x0053a91f,5482783
1888,0x0053a920,5482784
1889,0x0053a921,5482785
1890,0x0053a922,5482786
1891,0x0053a923,5482787
1892,0x0053a929,5482793
1893,0x0053a92a,5482794
1894,0x0053a92b,5482795
1895,0x0053a92c,5482796
1896,0x0053a92d,5482797
1897,0x0053a92e,5482798
1898,0x0053a930,5482800
1899,0x0053a933,5482803
1900,0x0053a937,5482807
1901,0x0053a938,5482808
1902,0x0053a939,5482809
1903,0x0053a93a,5482810
1904,0x0053a93b,5482811
1905,0x0053a93c,5482812
1906,0x0053a941,5482817
1907,0x0053a942,5482818
1908,0x0053a944,5482820
1909,0x0053a945,5482821
1910,0x0053a946,5482822
1911,0x0053a947,5482823
1912,0x0053a948,5482824
1913,0x0053a94b,5482827
1914,0x0053a94f,5482831
1915,0x0053a950,5482832
1916,0x0053a951,5482833
1917,0x0053a952,5482834
1918,0x0053a953,5482835
1919,0x0053a954,5482836
1920,0x0053a959,5482841
1921,0x0053a95a,5482842
1922,0x0053a95c,5482844
1923,0x0053a95d,5482845
1924,0x0053a95e,5482846
1925,0x0053a95f,5482847
1926,0x0053a960,5482848
1927,0x0053a964,5482852
1928,0x0053a968,5482856
1929,0x0053a969,5482857
1930,0x0053a96a,5482858
1931,0x0053a96b,5482859
1932,0x0053a96c,5482860
1933,0x0053a972,5482866
1934,0x0053a973,5482867
1935,0x0053a974,5482868
1936,0x0053a975,5482869
1937,0x0053a976,5482870
1938,0x0053a979,5482873
1939,0x0053a97c,5482876
1940,0x0053a97d,5482877
1941,0x0053a981,5482881
1942,0x0053a982,5482882
1943,0x0053a983,5482883
1944,0x0053a984,5482884
1945,0x0053a985,5482885
1946,0x0053a986,5482886
1947,0x0053a98b,5482891
1948,0x0053a98c,5482892
1949,0x0053a98d,5482893
1950,0x0053a98f,5482895
1951,0x0053a990,5482896
1952,0x0053a991,5482897
1953,0x0053a993,5482899
1954,0x0053a996,5482902
1955,0x0053a99b,5482907
1956,0x0053a99c,5482908
1957,0x0053a99d,5482909
1958,0x0053a99e,5482910
1959,0x0053a99f,5482911
1960,0x0053a9a4,5482916
1961,0x0053a9a5,5482917
1962,0x0053a9a7,5482919
1963,0x0053a9a8,5482920
1964,0x0053a9a9,5482921
1965,0x0053a9aa,5482922
1966,0x0053a9ab,5482923
1967,0x0053a9b0,5482928
1968,0x0053a9b2,5482930
1969,0x0053a9b5,5482933
1970,0x0053a9b6,5482934
1971,0x0053a9b7,5482935
1972,0x0053a9b8,5482936
1973,0x0053a9b9,5482937
1974,0x0053a9c0,5482944
1975,0x0053a9c1,5482945
1976,0x0053a9c2,5482946
1977,0x0053a9c3,5482947
1978,0x0053a9c4,5482948
1979,0x0053a9c5,5482949
1980,0x0053a9c6,5482950
1981,0x0053a9c7,5482951
1982,0x0053a9ca,5482954
1983,0x0053a9ce,5482958
1984,0x0053a9cf,5482959
1985,0x0053a9d0,5482960
1986,0x0053a9d1,5482961
1987,0x0053a9d2,5482962
1988,0x0053a9d3,5482963
1989,0x0053a9d8,5482968
1990,0x0053a9d9,5482969
1991,0x0053a9db,5482971
1992,0x0053a9dc,5482972
1993,0x0053a9dd,5482973
1994,0x0053a9de,5482974
1995,0x0053a9df,5482975
1996,0x0053a9e2,5482978
1997,0x0053a9e6,5482982
1998,0x0053a9e7,5482983
1999,0x0053a9e8,5482984
2000,0x0053a9e9,5482985
2001,0x0053a9ea,5482986
2002,0x0053a9eb,5482987
2003,0x0053a9f0,5482992
2004,0x0053a9f1,5482993
2005,0x0053a9f3,5482995
2006,0x0053a9f4,5482996
2007,0x0053a9f5,5482997
2008,0x0053a9f6,5482998
2009,0x0053a9f8,5483000
2010,0x0053a9f9,5483001
2011,0x0053a9fb,5483003
2012,0x0053a9fc,5483004
2013,0x0053aa00,5483008
2014,0x0053aa01,5483009
2015,0x0053aa02,5483010
2016,0x0053aa03,5483011
2017,0x0053aa04,5483012
2018,0x0053aa0a,5483018
2019,0x0053aa0b,5483019
2020,0x0053aa0d,5483021
2021,0x0053aa0e,5483022
2022,0x0053aa0f,5483023
2023,0x0053aa10,5483024
2024,0x0053aa11,5483025
2025,0x0053aa14,5483028
2026,0x0053aa18,5483032
2027,0x0053aa19,5483033
2028,0x0053aa1a,5483034
2029,0x0053aa1b,5483035
2030,0x0053aa1c,5483036
2031,0x0053aa22,5483042
2032,0x0053aa23,5483043
2033,0x0053aa24,5483044
2034,0x0053aa25,5483045
2035,0x0053aa26,5483046
2036,0x0053aa27,5483047
2037,0x0053aa28,5483048
2038,0x0053aa29,5483049
2039,0x0053aa2c,5483052
2040,0x0053aa30,5483056
2041,0x0053aa31,5483057
2042,0x0053aa32,5483058
2043,0x0053aa33,5483059
2044,0x0053aa34,5483060
2045,0x0053aa37,5483063
2046,0x0053aa38,5483064
2047,0x0053aa39,5483065
2048,0x0053aa3a,5483066
2049,0x0053aa3b,5483067
2050,0x0053aa3e,5483070
2051,0x0053aa3f,5483071
2052,0x0053aa40,5483072
2053,0x0053aa42,5483074
2054,0x0053aa45,5483077
2055,0x0053aa49,5483081
2056,0x0053aa4a,5483082
2057,0x0053aa4b,5483083
2058,0x0053aa4c,5483084
2059,0x0053aa4d,5483085
2060,0x0053aa4e,5483086
2061,0x0053aa53,5483091
2062,0x0053aa54,5483092
2063,0x0053aa56,5483094
2064,0x0053aa57,5483095
2065,0x0053aa58,5483096
2066,0x0053aa59,5483097
2067,0x0053aa5a,5483098
2068,0x0053aa5d,5483101
2069,0x0053aa61,5483105
2070,0x0053aa62,5483106
2071,0x0053aa63,5483107
2072,0x0053aa64,5483108
2073,0x0053aa65,5483109
2074,0x0053aa66,5483110
2075,0x0053aa6c,5483116
2076,0x0053aa6e,5483118
2077,0x0053aa6f,5483119
2078,0x0053aa70,5483120
2079,0x0053aa71,5483121
2080,0x0053aa73,5483123
2081,0x0053aa74,5483124
2082,0x0053aa76,5483126
2083,0x0053aa77,5483127
2084,0x0053aa78,5483128
2085,0x0053aa7b,5483131
2086,0x0053aa7c,5483132
2087,0x0053aa7d,5483133
2088,0x0053aa7e,5483134
2089,0x0053aa7f,5483135
2090,0x0053aa80,5483136
2091,0x0053aa85,5483141
2092,0x0053aa86,5483142
2093,0x0053aa87,5483143
2094,0x0053aa88,5483144
2095,0x0053aa89,5483145
2096,0x0053aa8a,5483146
2097,0x0053aa8b,5483147
2098,0x0053aa8c,5483148
2099,0x0053aa8f,5483151
2100,0x0053aa94,5483156
2101,0x0053aa95,5483157
2102,0x0053aa96,5483158
2103,0x0053aa97,5483159
2104,0x0053aa98,5483160
2105,0x0053aa9e,5483166
2106,0x0053aa9f,5483167
2107,0x0053aaa0,5483168
2108,0x0053aaa1,5483169
2109,0x0053aaa2,5483170
2110,0x0053aaa3,5483171
2111,0x0053aaa4,5483172
2112,0x0053aaa6,5483174
2113,0x0053aaaa,5483178
2114,0x0053aaad,5483181
2115,0x0053aaae,5483182
2116,0x0053aaaf,5483183
2117,0x0053aab0,5483184
2118,0x0053aab1,5483185
2119,0x0053aab4,5483188
2120,0x0053aab6,5483190
2121,0x0053aab7,5483191
2122,0x0053aab8,5483192
2123,0x0053aab9,5483193
2124,0x0053aaba,5483194
2125,0x0053aabb,5483195
2126,0x0053aabc,5483196
2127,0x0053aabd,5483197
2128,0x0053aabf,5483199
2129,0x0053aac1,5483201
2130,0x0053aac5,5483205
2131,0x0053aac6,5483206
2132,0x0053aac7,5483207
2133,0x0053aac8,5483208
2134,0x0053aac9,5483209
2135,0x0053aace,5483214
2136,0x0053aacf,5483215
2137,0x0053aad1,5483217
2138,0x0053aad2,5483218
2139,0x0053aad3,5483219
2140,0x0053aad5,5483221
2141,0x0053aad8,5483224
2142,0x0053aadc,5483228
2143,0x0053aadd,5483229
2144,0x0053aade,5483230
2145,0x0053aadf,5483231
2146,0x0053aae0,5483232
2147,0x0053aae7,5483239
2148,0x0053aae8,5483240
2149,0x0053aaea,5483242
2150,0x0053aaeb,5483243
2151,0x0053aaec,5483244
2152,0x0053aaee,5483246
2153,0x0053aaf1,5483249
2154,0x0053aaf2,5483250
2155,0x0053aaf6,5483254
2156,0x0053aaf7,5483255
2157,0x0053aaf8,5483256
2158,0x0053aaf9,5483257
2159,0x0053aafa,5483258
2160,0x0053aaff,5483263
2161,0x0053ab00,5483264
2162,0x0053ab01,5483265
2163,0x0053ab02,5483266
2164,0x0053ab03,5483267
2165,0x0053ab04,5483268
2166,0x0053ab05,5483269
2167,0x0053ab06,5483270
2168,0x0053ab0a,5483274
2169,0x0053ab0e,5483278
2170,0x0053ab0f,5483279
2171,0x0053ab10,5483280
2172,0x0053ab11,5483281
2173,0x0053ab12,5483282
2174,0x0053ab18,5483288
2175,0x0053ab19,5483289
2176,0x0053ab1b,5483291
2177,0x0053ab1c,5483292
2178,0x0053ab1d,5483293
2179,0x0053ab1e,5483294
2180,0x0053ab1f,5483295
2181,0x0053ab20,5483296
2182,0x0053ab23,5483299
2183,0x0053ab27,5483303
2184,0x0053ab29,5483305
2185,0x0053ab2a,5483306
2186,0x0053ab2b,5483307
2187,0x0053ab31,5483313
2188,0x0053ab32,5483314
2189,0x0053ab33,5483315
2190,0x0053ab34,5483316
2191,0x0053ab35,5483317
2192,0x0053ab36,5483318
2193,0x0053ab38,5483320
2194,0x0053ab3b,5483323
2195,0x0053ab3f,5483327
2196,0x0053ab40,5483328
2197,0x0053ab41,5483329
2198,0x0053ab42,5483330
2199,0x0053ab43,5483331
2200,0x0053ab44,5483332
2201,0x0053ab4a,5483338
2202,0x0053ab4b,5483339
2203,0x0053ab4d,5483341
2204,0x0053ab4e,5483342
2205,0x0053ab4f,5483343
2206,0x0053ab50,5483344
2207,0x0053ab51,5483345
2208,0x0053ab54,5483348
2209,0x0053ab58,5483352
2210,0x0053ab59,5483353
2211,0x0053ab5a,5483354
2212,0x0053ab5b,5483355
2213,0x0053ab5c,5483356
2214,0x0053ab5d,5483357
2215,0x0053ab63,5483363
2216,0x0053ab64,5483364
2217,0x0053ab65,5483365
2218,0x0053ab66,5483366
2219,0x0053ab67,5483367
2220,0x0053ab68,5483368
2221,0x0053ab6a,5483370
2222,0x0053ab6c,5483372
2223,0x0053ab6d,5483373
2224,0x0053ab6e,5483374
2225,0x0053ab72,5483378
2226,0x0053ab73,5483379
2227,0x0053ab74,5483380
2228,0x0053ab75,5483381
2229,0x0053ab76,5483382
2230,0x0053ab7b,5483387
2231,0x0053ab7c,5483388
2232,0x0053ab7d,5483389
2233,0x0053ab7f,5483391
2234,0x0053ab80,5483392
2235,0x0053ab81,5483393
2236,0x0053ab83,5483395
2237,0x0053ab84,5483396
2238,0x0053ab87,5483399
2239,0x0053ab8a,5483402
2240,0x0053ab8b,5483403
2241,0x0053ab8c,5483404
2242,0x0053ab8d,5483405
2243,0x0053ab8e,5483406
2244,0x0053ab8f,5483407
2245,0x0053ab90,5483408
2246,0x0053ab91,5483409
2247,0x0053ab92,5483410
2248,0x0053ab93,5483411
2249,0x0053ab94,5483412
2250,0x0053ab96,5483414
2251,0x0053ab97,5483415
2252,0x0053ab98,5483416
2253,0x0053ab99,5483417
2254,0x0053ab9a,5483418
2255,0x0053ab9b,5483419
2256,0x0053ab9c,5483420
2257,0x0053ab9f,5483423
2258,0x0053aba3,5483427
2259,0x0053aba4,5483428
2260,0x0053aba5,5483429
2261,0x0053aba6,5483430
2262,0x0053aba7,5483431
2263,0x0053aba8,5483432
2264,0x0053abad,5483437
2265,0x0053abae,5483438
2266,0x0053abaf,5483439
2267,0x0053abb0,5483440
2268,0x0053abb1,5483441
2269,0x0053abb2,5483442
2270,0x0053abb4,5483444
2271,0x0053abb9,5483449
2272,0x0053abbd,5483453
2273,0x0053abbe,5483454
2274,0x0053abbf,5483455
2275,0x0053abc0,5483456
2276,0x0053abc1,5483457
2277,0x0053abc2,5483458
2278,0x0053abc7,5483463
2279,0x0053abc8,5483464
2280,0x0053abcb,5483467
2281,0x0053abcc,5483468
2282,0x0053abcd,5483469
2283,0x0053abce,5483470
2284,0x0053abcf,5483471
2285,0x0053abd2,5483474
2286,0x0053abd6,5483478
2287,0x0053abd7,5483479
2288,0x0053abd8,5483480
2289,0x0053abd9,5483481
2290,0x0053abda,5483482
2291,0x0053abe0,5483488
2292,0x0053abe1,5483489
2293,0x0053abe3,5483491
2294,0x0053abe4,5483492
2295,0x0053abe5,5483493
2296,0x0053abe6,5483494
2297,0x0053abe8,5483496
2298,0x0053abeb,5483499
2299,0x0053abec,5483500
2300,0x0053abed,5483501
2301,0x0053abf0,5483504
2302,0x0053abf1,5483505
2303,0x0053abf2,5483506
2304,0x0053abf3,5483507
2305,0x0053abf4,5483508
2306,0x0053abfa,5483514
2307,0x0053abfb,5483515
2308,0x0053abfd,5483517
2309,0x0053abfe,5483518
2310,0x0053abff,5483519
2311,0x0053ac00,5483520
2312,0x0053ac02,5483522
2313,0x0053ac05,5483525
2314,0x0053ac09,5483529
2315,0x0053ac0a,5483530
2316,0x0053ac0b,5483531
2317,0x0053ac0c,5483532
2318,0x0053ac0d,5483533
2319,0x0053ac0e,5483534
2320,0x0053ac13,5483539
2321,0x0053ac14,5483540
2322,0x0053ac17,5483543
2323,0x0053ac18,5483544
2324,0x0053ac19,5483545
2325,0x0053ac1a,5483546
2326,0x0053ac1b,5483547
2327,0x0053ac1f,5483551
2328,0x0053ac22,5483554
2329,0x0053ac23,5483555
2330,0x0053ac24,5483556
2331,0x0053ac25,5483557
2332,0x0053ac26,5483558
2333,0x0053ac2c,5483564
2334,0x0053ac2d,5483565
2335,0x0053ac2e,5483566
2336,0x0053ac2f,5483567
2337,0x0053ac30,5483568
2338,0x0053ac31,5483569
2339,0x0053ac33,5483571
2340,0x0053ac36,5483574
2341,0x0053ac3a,5483578
2342,0x0053ac3b,5483579
2343,0x0053ac3c,5483580
2344,0x0053ac3d,5483581
2345,0x0053ac3e,5483582
2346,0x0053ac3f,5483583
2347,0x0053ac40,5483584
2348,0x0053ac46,5483590
2349,0x0053ac47,5483591
2350,0x0053ac48,5483592
2351,0x0053ac49,5483593
2352,0x0053ac4a,5483594
2353,0x0053ac4b,5483595
2354,0x0053ac4c,5483596
2355,0x0053ac4d,5483597
2356,0x0053ac50,5483600
2357,0x0053ac54,5483604
2358,0x0053ac55,5483605
2359,0x0053ac56,5483606
2360,0x0053ac57,5483607
2361,0x0053ac58,5483608
2362,0x0053ac5d,5483613
2363,0x0053ac5e,5483614
2364,0x0053ac5f,5483615
2365,0x0053ac60,5483616
2366,0x0053ac61,5483617
2367,0x0053ac62,5483618
2368,0x0053ac64,5483620
2369,0x0053ac67,5483623
2370,0x0053ac68,5483624
2371,0x0053ac6b,5483627
2372,0x0053ac6c,5483628
2373,0x0053ac6d,5483629
2374,0x0053ac6e,5483630
2375,0x0053ac6f,5483631
2376,0x0053ac70,5483632
2377,0x0053ac71,5483633
2378,0x0053ac72,5483634
2379,0x0053ac73,5483635
2380,0x0053ac74,5483636
2381,0x0053ac75,5483637
2382,0x0053ac76,5483638
2383,0x0053ac77,5483639
2384,0x0053ac78,5483640
2385,0x0053ac79,5483641
2386,0x0053ac7a,5483642
2387,0x0053ac7b,5483643
2388,0x0053ac7c,5483644
2389,0x0053ac7d,5483645
2390,0x0053ac81,5483649
2391,0x0053ac84,5483652
2392,0x0053ac85,5483653
2393,0x0053ac86,5483654
2394,0x0053ac87,5483655
2395,0x0053ac88,5483656
2396,0x0053ac89,5483657
2397,0x0053ac8e,5483662
2398,0x0053ac8f,5483663
2399,0x0053ac92,5483666
2400,0x0053ac93,5483667
2401,0x0053ac94,5483668
2402,0x0053ac96,5483670
2403,0x0053ac99,5483673
2404,0x0053ac9d,5483677
2405,0x0053ac9e,5483678
2406,0x0053ac9f,5483679
2407,0x0053aca0,5483680
2408,0x0053aca1,5483681
2409,0x0053aca7,5483687
2410,0x0053aca8,5483688
2411,0x0053aca9,5483689
2412,0x0053acaa,5483690
2413,0x0053acab,5483691
2414,0x0053acac,5483692
2415,0x0053acad,5483693
2416,0x0053acb1,5483697
2417,0x0053acb4,5483700
2418,0x0053acb5,5483701
2419,0x0053acb6,5483702
2420,0x0053acb7,5483703
2421,0x0053acb8,5483704
2422,0x0053acbe,5483710
2423,0x0053acbf,5483711
2424,0x0053acc2,5483714
2425,0x0053acc3,5483715
2426,0x0053acc4,5483716
2427,0x0053acc5,5483717
2428,0x0053acc6,5483718
2429,0x0053acc9,5483721
2430,0x0053accd,5483725
2431,0x0053acce,5483726
2432,0x0053accf,5483727
2433,0x0053acd0,5483728
2434,0x0053acd1,5483729
2435,0x0053acd2,5483730
2436,0x0053acd7,5483735
2437,0x0053acd9,5483737
2438,0x0053acda,5483738
2439,0x0053acdb,5483739
2440,0x0053acdc,5483740
2441,0x0053acdf,5483743
2442,0x0053ace1,5483745
2443,0x0053ace2,5483746
2444,0x0053ace3,5483747
2445,0x0053ace6,5483750
2446,0x0053ace7,5483751
2447,0x0053ace8,5483752
2448,0x0053ace9,5483753
2449,0x0053acea,5483754
2450,0x0053aceb,5483755
2451,0x0053acf0,5483760
2452,0x0053acf1,5483761
2453,0x0053acf2,5483762
2454,0x0053acf3,5483763
2455,0x0053acf4,5483764
2456,0x0053acf5,5483765
2457,0x0053acf6,5483766
2458,0x0053acf7,5483767
2459,0x0053acfb,5483771
2460,0x0053acff,5483775
2461,0x0053ad00,5483776
2462,0x0053ad01,5483777
2463,0x0053ad02,5483778
2464,0x0053ad03,5483779
2465,0x0053ad04,5483780
2466,0x0053ad0a,5483786
2467,0x0053ad0b,5483787
2468,0x0053ad0c,5483788
2469,0x0053ad0d,5483789
2470,0x0053ad0e,5483790
2471,0x0053ad0f,5483791
2472,0x0053ad10,5483792
2473,0x0053ad14,5483796
2474,0x0053ad18,5483800
2475,0x0053ad19,5483801
2476,0x0053ad1a,5483802
2477,0x0053ad1b,5483803
2478,0x0053ad1c,5483804
2479,0x0053ad1e,5483806
2480,0x0053ad21,5483809
2481,0x0053ad22,5483810
2482,0x0053ad24,5483812
2483,0x0053ad25,5483813
2484,0x0053ad26,5483814
2485,0x0053ad27,5483815
2486,0x0053ad28,5483816
2487,0x0053ad29,5483817
2488,0x0053ad2b,5483819
2489,0x0053ad2c,5483820
2490,0x0053ad2d,5483821
2491,0x0053ad2e,5483822
2492,0x0053ad2f,5483823
2493,0x0053ad30,5483824
2494,0x0053ad31,5483825
2495,0x0053ad32,5483826
2496,0x0053ad33,5483827
2497,0x0053ad34,5483828
2498,0x0053ad35,5483829
2499,0x0053ad38,5483832
2500,0x0053ad39,5483833
2501,0x0053ad3a,5483834
2502,0x0053ad3b,5483835
2503,0x0053ad3c,5483836
2504,0x0053ad3d,5483837
2505,0x0053ad3e,5483838
2506,0x0053ad3f,5483839
2507,0x0053ad40,5483840
2508,0x0053ad41,5483841
2509,0x0053ad44,5483844
2510,0x0053ad48,5483848
2511,0x0053ad49,5483849
2512,0x0053ad4a,5483850
2513,0x0053ad4b,5483851
2514,0x0053ad4c,5483852
2515,0x0053ad51,5483857
2516,0x0053ad52,5483858
2517,0x0053ad54,5483860
2518,0x0053ad55,5483861
2519,0x0053ad56,5483862
2520,0x0053ad57,5483863
2521,0x0053ad59,5483865
2522,0x0053ad5a,5483866
2523,0x0053ad5c,5483868
2524,0x0053ad5d,5483869
2525,0x0053ad5e,5483870
2526,0x0053ad61,5483873
2527,0x0053ad62,5483874
2528,0x0053ad63,5483875
2529,0x0053ad64,5483876
2530,0x0053ad65,5483877
2531,0x0053ad66,5483878
2532,0x0053ad67,5483879
2533,0x0053ad68,5483880
2534,0x0053ad69,5483881
2535,0x0053ad6b,5483883
2536,0x0053ad6c,5483884
2537,0x0053ad6e,5483886
2538,0x0053ad6f,5483887
2539,0x0053ad70,5483888
2540,0x0053ad71,5483889
2541,0x0053ad72,5483890
2542,0x0053ad73,5483891
2543,0x0053ad74,5483892
2544,0x0053ad75,5483893
2545,0x0053ad76,5483894
2546,0x0053ad77,5483895
2547,0x0053ad78,5483896
2548,0x0053ad79,5483897
2549,0x0053ad7a,5483898
2550,0x0053ad7b,5483899
2551,0x0053ad7c,5483900
2552,0x0053ad7d,5483901
2553,0x0053ad7e,5483902
2554,0x0053ad7f,5483903
2555,0x0053ad80,5483904
2556,0x0053ad81,5483905
2557,0x0053ad82,5483906
2558,0x0053ad83,5483907
2559,0x0053ad84,5483908
2560,0x0053ad85,5483909
2561,0x0053ad86,5483910
2562,0x0053ad87,5483911
2563,0x0053ad88,5483912
2564,0x0053ad89,5483913
2565,0x0053ad8a,5483914
2566,0x0053ad8d,5483917
2567,0x0053ad8e,5483918
2568,0x0053ad8f,5483919
2569,0x0053ad90,5483920
2570,0x0053ad91,5483921
2571,0x0053ad92,5483922
2572,0x0053ad93,5483923
2573,0x0053ad94,5483924
2574,0x0053ad95,5483925
2575,0x0053ad96,5483926
2576,0x0053ad99,5483929
2577,0x0053ad9a,5483930
2578,0x0053ad9c,5483932
2579,0x0053ad9d,5483933
2580,0x0053ad9f,5483935
2581,0x0053ada0,5483936
2582,0x0053ada1,5483937
2583,0x0053ada2,5483938
2584,0x0053ada4,5483940
2585,0x0053ada5,5483941
2586,0x0053ada7,5483943
2587,0x0053ada8,5483944
2588,0x0053adab,5483947
2589,0x0053adad,5483949
2590,0x0053adae,5483950
2591,0x0053adaf,5483951
2592,0x0053adb2,5483954
2593,0x0053adb3,5483955
2594,0x0053adb4,5483956
2595,0x0053adb5,5483957
2596,0x0053adb6,5483958
2597,0x0053adb7,5483959
2598,0x0053adb8,5483960
2599,0x0053adb9,5483961
2600,0x0053adbd,5483965
2601,0x0053adbe,5483966
2602,0x0053adbf,5483967
2603,0x0053adc0,5483968
2604,0x0053adc1,5483969
2605,0x0053adc2,5483970
2606,0x0053adc3,5483971
2607,0x0053adc4,5483972
2608,0x0053adc5,5483973
2609,0x0053adc6,5483974
2610,0x0053adc8,5483976
2611,0x0053adc9,5483977
2612,0x0053adca,5483978
2613,0x0053adcb,5483979
2614,0x0053adcc,5483980
2615,0x0053adcd,5483981
2616,0x0053adcf,5483983
2617,0x0053add0,5483984
2618,0x0053add1,5483985
2619,0x0053add2,5483986
2620,0x0053add3,5483987
2621,0x0053add4,5483988
2622,0x0053add5,5483989
2623,0x0053add6,5483990
2624,0x0053add7,5483991
2625,0x0053add8,5483992
2626,0x0053add9,5483993
2627,0x0053adda,5483994
2628,0x0053addc,5483996
2629,0x0053addd,5483997
2630,0x0053adde,5483998
2631,0x0053addf,5483999
2632,0x0053ade0,5484000
2633,0x0053ade1,5484001
2634,0x0053ade3,5484003
2635,0x0053ade4,5484004
2636,0x0053ade6,5484006
2637,0x0053ade7,5484007
2638,0x0053ade8,5484008
2639,0x0053ade9,5484009
2640,0x0053adea,5484010
2641,0x0053adeb,5484011
2642,0x0053adec,5484012
2643,0x0053aded,5484013
2644,0x0053adf3,5484019
2645,0x0053adf4,5484020
2646,0x0053adf5,5484021
2647,0x0053adf6,5484022
2648,0x0053adf7,5484023
2649,0x0053adf8,5484024
2650,0x0053adfa,5484026
2651,0x0053adfb,5484027
2652,0x0053adfd,5484029
2653,0x0053adfe,5484030
2654,0x0053ae02,5484034
2655,0x0053ae03,5484035
2656,0x0053ae04,5484036
2657,0x0053ae05,5484037
2658,0x0053ae06,5484038
2659,0x0053ae07,5484039
2660,0x0053ae08,5484040
2661,0x0053ae09,5484041
2662,0x0053ae0f,5484047
2663,0x0053ae10,5484048
2664,0x0053ae11,5484049
2665,0x0053ae12,5484050
2666,0x0053ae13,5484051
2667,0x0053ae14,5484052
2668,0x0053ae15,5484053
2669,0x0053ae17,5484055
2670,0x0053ae18,5484056
2671,0x0053ae19,5484057
2672,0x0053ae1a,5484058
2673,0x0053ae1b,5484059
2674,0x0053ae1c,5484060
2675,0x0053ae1f,5484063
2676,0x0053ae20,5484064
2677,0x0053ae21,5484065
2678,0x0053ae22,5484066
2679,0x0053ae23,5484067
2680,0x0053ae24,5484068
2681,0x0053ae25,5484069
2682,0x0053ae26,5484070
2683,0x0053ae27,5484071
2684,0x0053ae29,5484073
2685,0x0053ae2a,5484074
2686,0x0053ae2b,5484075
2687,0x0053ae2c,5484076
2688,0x0053ae2d,5484077
2689,0x0053ae2e,5484078
2690,0x0053ae2f,5484079
2691,0x0053ae30,5484080
2692,0x0053ae33,5484083
2693,0x0053ae34,5484084
2694,0x0053ae35,5484085
2695,0x0053ae36,5484086
2696,0x0053ae37,5484087
2697,0x0053ae38,5484088
2698,0x0053ae39,5484089
2699,0x0053ae3a,5484090
2700,0x0053ae3b,5484091
2701,0x0053ae41,5484097
2702,0x0053ae42,5484098
2703,0x0053ae43,5484099
2704,0x0053ae44,5484100
2705,0x0053ae45,5484101
2706,0x0053ae46,5484102
2707,0x0053ae49,5484105
2708,0x0053ae4c,5484108
2709,0x0053ae4d,5484109
2710,0x0053ae50,5484112
2711,0x0053ae51,5484113
2712,0x0053ae52,5484114
2713,0x0053ae53,5484115
2714,0x0053ae54,5484116
2715,0x0053ae55,5484117
2716,0x0053ae56,5484118
2717,0x0053ae57,5484119
2718,0x0053ae5c,5484124
2719,0x0053ae5d,5484125
2720,0x0053ae5e,5484126
2721,0x0053ae5f,5484127
2722,0x0053ae60,5484128
2723,0x0053ae61,5484129
2724,0x0053ae62,5484130
2725,0x0053ae63,5484131
2726,0x0053ae64,5484132
2727,0x0053ae65,5484133
2728,0x0053ae66,5484134
2729,0x0053ae67,5484135
2730,0x0053ae68,5484136
2731,0x0053ae6b,5484139
2732,0x0053ae6c,5484140
2733,0x0053ae6d,5484141
2734,0x0053ae6e,5484142
2735,0x0053ae6f,5484143
2736,0x0053ae70,5484144
2737,0x0053ae71,5484145
2738,0x0053ae72,5484146
2739,0x0053ae73,5484147
2740,0x0053ae75,5484149
2741,0x0053ae76,5484150
2742,0x0053ae78,5484152
2743,0x0053ae79,5484153
2744,0x0053ae7a,5484154
2745,0x0053ae7b,5484155
2746,0x0053ae7c,5484156
2747,0x0053ae7d,5484157
2748,0x0053ae7e,5484158
2749,0x0053ae7f,5484159
2750,0x0053ae80,5484160
2751,0x0053ae81,5484161
2752,0x0053ae85,5484165
2753,0x0053ae86,5484166
2754,0x0053ae87,5484167
2755,0x0053ae88,5484168
2756,0x0053ae89,5484169
2757,0x0053ae8e,5484174
2758,0x0053ae8f,5484175
2759,0x0053ae90,5484176
2760,0x0053ae91,5484177
2761,0x0053ae92,5484178
2762,0x0053ae93,5484179
2763,0x0053ae94,5484180
2764,0x0053ae96,5484182
2765,0x0053ae97,5484183
2766,0x0053ae99,5484185
2767,0x0053ae9a,5484186
2768,0x0053ae9b,5484187
2769,0x0053ae9e,5484190
2770,0x0053ae9f,5484191
2771,0x0053aea0,5484192
2772,0x0053aea1,5484193
2773,0x0053aea2,5484194
2774,0x0053aea3,5484195
2775,0x0053aea4,5484196
2776,0x0053aea9,5484201
2777,0x0053aeaa,5484202
2778,0x0053aeab,5484203
2779,0x0053aeac,5484204
2780,0x0053aead,5484205
2781,0x0053aeae,5484206
2782,0x0053aeaf,5484207
2783,0x0053aeb0,5484208
2784,0x0053aeb1,5484209
2785,0x0053aeb2,5484210
2786,0x0053aeb3,5484211
2787,0x0053aeb5,5484213
2788,0x0053aeb6,5484214
2789,0x0053aeb9,5484217
2790,0x0053aeba,5484218
2791,0x0053aebb,5484219
2792,0x0053aebc,5484220
2793,0x0053aebd,5484221
2794,0x0053aebe,5484222
2795,0x0053aebf,5484223
2796,0x0053aec0,5484224
2797,0x0053aec4,5484228
2798,0x0053aec5,5484229
2799,0x0053aec6,5484230
2800,0x0053aec7,5484231
2801,0x0053aec8,5484232
2802,0x0053aec9,5484233
2803,0x0053aeca,5484234
2804,0x0053aecb,5484235
2805,0x0053aecc,5484236
2806,0x0053aecd,5484237
2807,0x0053aece,5484238
2808,0x0053aed1,5484241
2809,0x0053aed5,5484245
2810,0x0053aed6,5484246
2811,0x0053aed7,5484247
2812,0x0053aed8,5484248
2813,0x0053aed9,5484249
2814,0x0053aee0,5484256
2815,0x0053aee1,5484257
2816,0x0053aee2,5484258
2817,0x0053aee3,5484259
2818,0x0053aee4,5484260
2819,0x0053aee5,5484261
2820,0x0053aee6,5484262
2821,0x0053aee7,5484263
2822,0x0053aee9,5484265
2823,0x0053aeea,5484266
2824,0x0053aeec,5484268
2825,0x0053aeed,5484269
2826,0x0053aef1,5484273
2827,0x0053aef2,5484274
2828,0x0053aef3,5484275
2829,0x0053aef4,5484276
2830,0x0053aef5,5484277
2831,0x0053aef6,5484278
2832,0x0053aef7,5484279
2833,0x0053aef8,5484280
2834,0x0053aefb,5484283
2835,0x0053aefd,5484285
2836,0x0053aefe,5484286
2837,0x0053aeff,5484287
2838,0x0053af00,5484288
2839,0x0053af01,5484289
2840,0x0053af02,5484290
2841,0x0053af03,5484291
2842,0x0053af04,5484292
2843,0x0053af05,5484293
2844,0x0053af06,5484294
2845,0x0053af09,5484297
2846,0x0053af0a,5484298
2847,0x0053af0d,5484301
2848,0x0053af0e,5484302
2849,0x0053af0f,5484303
2850,0x0053af10,5484304
2851,0x0053af11,5484305
2852,0x0053af12,5484306
2853,0x0053af13,5484307
2854,0x0053af17,5484311
2855,0x0053af18,5484312
2856,0x0053af19,5484313
2857,0x0053af1a,5484314
2858,0x0053af1b,5484315
2859,0x0053af1c,5484316
2860,0x0053af1d,5484317
2861,0x0053af1e,5484318
2862,0x0053af1f,5484319
2863,0x0053af24,5484324
2864,0x0053af29,5484329
2865,0x0053af2a,5484330
2866,0x0053af2b,5484331
2867,0x0053af2c,5484332
2868,0x0053af30,5484336
2869,0x0053af33,5484339
2870,0x0053af34,5484340
2871,0x0053af35,5484341
2872,0x0053af36,5484342
2873,0x0053af37,5484343
2874,0x0053af38,5484344
2875,0x0053af39,5484345
2876,0x0053af3a,5484346
2877,0x0053af3b,5484347
2878,0x0053af3c,5484348
2879,0x0053af3e,5484350
2880,0x0053af3f,5484351
2881,0x0053af43,5484355
2882,0x0053af44,5484356
2883,0x0053af45,5484357
2884,0x0053af46,5484358
2885,0x0053af47,5484359
2886,0x0053af48,5484360
2887,0x0053af49,5484361
2888,0x0053af4a,5484362
2889,0x0053af4f,5484367
2890,0x0053af50,5484368
2891,0x0053af52,5484370
2892,0x0053af53,5484371
2893,0x0053af54,5484372
2894,0x0053af55,5484373
2895,0x0053af56,5484374
2896,0x0053af57,5484375
2897,0x0053af58,5484376
2898,0x0053af59,5484377
2899,0x0053af5a,5484378
2900,0x0053af5b,5484379
2901,0x0053af5d,5484381
2902,0x0053af5f,5484383
2903,0x0053af60,5484384
2904,0x0053af61,5484385
2905,0x0053af62,5484386
2906,0x0053af63,5484387
2907,0x0053af64,5484388
2908,0x0053af65,5484389
2909,0x0053af66,5484390
2910,0x0053af69,5484393
2911,0x0053af6a,5484394
2912,0x0053af6b,5484395
2913,0x0053af6c,5484396
2914,0x0053af6d,5484397
2915,0x0053af6e,5484398
2916,0x0053af6f,5484399
2917,0x0053af70,5484400
2918,0x0053af71,5484401
2919,0x0053af72,5484402
2920,0x0053af73,5484403
2921,0x0053af76,5484406
2922,0x0053af7a,5484410
2923,0x0053af7b,5484411
2924,0x0053af7c,5484412
2925,0x0053af7d,5484413
2926,0x0053af84,5484420
2927,0x0053af85,5484421
2928,0x0053af86,5484422
2929,0x0053af87,5484423
2930,0x0053af88,5484424
2931,0x0053af89,5484425
2932,0x0053af8b,5484427
2933,0x0053af8c,5484428
2934,0x0053af8f,5484431
2935,0x0053af91,5484433
2936,0x0053af93,5484435
2937,0x0053af94,5484436
2938,0x0053af95,5484437
2939,0x0053af96,5484438
2940,0x0053af97,5484439
2941,0x0053af98,5484440
2942,0x0053af99,5484441
2943,0x0053af9a,5484442
2944,0x0053af9c,5484444
2945,0x0053af9d,5484445
2946,0x0053af9f,5484447
2947,0x0053afa0,5484448
2948,0x0053afa1,5484449
2949,0x0053afa2,5484450
2950,0x0053afa3,5484451
2951,0x0053afa4,5484452
2952,0x0053afa5,5484453
2953,0x0053afa6,5484454
2954,0x0053afa7,5484455
2955,0x0053afa9,5484457
2956,0x0053afab,5484459
2957,0x0053afac,5484460
2958,0x0053afad,5484461
2959,0x0053afae,5484462
2960,0x0053afaf,5484463
2961,0x0053afb0,5484464
2962,0x0053afb1,5484465
2963,0x0053afb5,5484469
2964,0x0053afb7,5484471
2965,0x0053afb8,5484472
2966,0x0053afb9,5484473
2967,0x0053afba,5484474
2968,0x0053afbb,5484475
2969,0x0053afbc,5484476
2970,0x0053afbd,5484477
2971,0x0053afbe,5484478
2972,0x0053afbf,5484479
2973,0x0053afc3,5484483
2974,0x0053afc4,5484484
2975,0x0053afc5,5484485
2976,0x0053afc6,5484486
2977,0x0053afc7,5484487
2978,0x0053afcd,5484493
2979,0x0053afce,5484494
2980,0x0053afd0,5484496
2981,0x0053afd1,5484497
2982,0x0053afd2,5484498
2983,0x0053afd3,5484499
2984,0x0053afd5,5484501
2985,0x0053afd6,5484502
2986,0x0053afd9,5484505
2987,0x0053afdd,5484509
2988,0x0053afde,5484510
2989,0x0053afdf,5484511
2990,0x0053afe0,5484512
2991,0x0053afe1,5484513
2992,0x0053afe2,5484514
2993,0x0053afe3,5484515
2994,0x0053afe4,5484516
2995,0x0053afea,5484522
2996,0x0053afeb,5484523
2997,0x0053afec,5484524
2998,0x0053afed,5484525
2999,0x0053afee,5484526
3000,0x0053afef,5484527
3001,0x0053aff0,5484528
3002,0x0053aff1,5484529
3003,0x0053aff2,5484530
3004,0x0053aff3,5484531
3005,0x0053aff4,5484532
3006,0x0053aff6,5484534
3007,0x0053aff7,5484535
3008,0x0053affa,5484538
3009,0x0053affb,5484539
3010,0x0053affc,5484540
3011,0x0053affd,5484541
3012,0x0053affe,5484542
3013,0x0053afff,5484543
3014,0x0053b000,5484544
3015,0x0053b001,5484545
3016,0x0053b002,5484546
3017,0x0053b008,5484552
3018,0x0053b009,5484553
3019,0x0053b00a,5484554
3020,0x0053b00b,5484555
3021,0x0053b00c,5484556
3022,0x0053b00d,5484557
3023,0x0053b00e,5484558
3024,0x0053b00f,5484559
3025,0x0053b011,5484561
3026,0x0053b014,5484564
3027,0x0053b018,5484568
3028,0x0053b019,5484569
3029,0x0053b01a,5484570
3030,0x0053b01b,5484571
3031,0x0053b01c,5484572
3032,0x0053b022,5484578
3033,0x0053b023,5484579
3034,0x0053b024,5484580
3035,0x0053b025,5484581
3036,0x0053b026,5484582
3037,0x0053b027,5484583
3038,0x0053b028,5484584
3039,0x0053b02a,5484586
3040,0x0053b02b,5484587
3041,0x0053b02d,5484589
3042,0x0053b02e,5484590
3043,0x0053b032,5484594
3044,0x0053b033,5484595
3045,0x0053b034,5484596
3046,0x0053b035,5484597
3047,0x0053b036,5484598
3048,0x0053b037,5484599
3049,0x0053b038,5484600
3050,0x0053b03c,5484604
3051,0x0053b03d,5484605
3052,0x0053b03e,5484606
3053,0x0053b03f,5484607
3054,0x0053b040,5484608
3055,0x0053b041,5484609
3056,0x0053b042,5484610
3057,0x0053b043,5484611
3058,0x0053b044,5484612
3059,0x0053b045,5484613
3060,0x0053b046,5484614
3061,0x0053b048,5484616
3062,0x0053b04a,5484618
3063,0x0053b04b,5484619
3064,0x0053b04c,5484620
3065,0x0053b04d,5484621
3066,0x0053b04e,5484622
3067,0x0053b04f,5484623
3068,0x0053b050,5484624
3069,0x0053b051,5484625
3070,0x0053b055,5484629
3071,0x0053b056,5484630
3072,0x0053b057,5484631
3073,0x0053b058,5484632
3074,0x0053b059,5484633
3075,0x0053b05a,5484634
3076,0x0053b05b,5484635
3077,0x0053b05c,5484636
3078,0x0053b05d,5484637
3079,0x0053b05e,5484638
3080,0x0053b05f,5484639
3081,0x0053b063,5484643
3082,0x0053b064,5484644
3083,0x0053b065,5484645
3084,0x0053b066,5484646
3085,0x0053b06d,5484653
3086,0x0053b06f,5484655
3087,0x0053b070,5484656
3088,0x0053b071,5484657
3089,0x0053b072,5484658
3090,0x0053b074,5484660
3091,0x0053b075,5484661
3092,0x0053b077,5484663
3093,0x0053b078,5484664
3094,0x0053b079,5484665
3095,0x0053b07c,5484668
3096,0x0053b07d,5484669
3097,0x0053b07e,5484670
3098,0x0053b07f,5484671
3099,0x0053b080,5484672
3100,0x0053b081,5484673
3101,0x0053b082,5484674
3102,0x0053b083,5484675
3103,0x0053b084,5484676
3104,0x0053b08a,5484682
3105,0x0053b08b,5484683
3106,0x0053b08c,5484684
3107,0x0053b08d,5484685
3108,0x0053b08e,5484686
3109,0x0053b08f,5484687
3110,0x0053b090,5484688
3111,0x0053b091,5484689
3112,0x0053b092,5484690
3113,0x0053b093,5484691
3114,0x0053b094,5484692
3115,0x0053b097,5484695
3116,0x0053b098,5484696
3117,0x0053b09b,5484699
3118,0x0053b09c,5484700
3119,0x0053b09d,5484701
3120,0x0053b09e,5484702
3121,0x0053b09f,5484703
3122,0x0053b0a0,5484704
3123,0x0053b0a1,5484705
3124,0x0053b0a5,5484709
3125,0x0053b0a6,5484710
3126,0x0053b0a8,5484712
3127,0x0053b0a9,5484713
3128,0x0053b0aa,5484714
3129,0x0053b0ab,5484715
3130,0x0053b0ac,5484716
3131,0x0053b0ad,5484717
3132,0x0053b0ae,5484718
3133,0x0053b0af,5484719
3134,0x0053b0b0,5484720
3135,0x0053b0b1,5484721
3136,0x0053b0b2,5484722
3137,0x0053b0b3,5484723
3138,0x0053b0b4,5484724
3139,0x0053b0b5,5484725
3140,0x0053b0b6,5484726
3141,0x0053b0b7,5484727
3142,0x0053b0b8,5484728
3143,0x0053b0bf,5484735
3144,0x0053b0c0,5484736
3145,0x0053b0c1,5484737
3146,0x0053b0c2,5484738
3147,0x0053b0c3,5484739
3148,0x0053b0c4,5484740
3149,0x0053b0c7,5484743
3150,0x0053b0c9,5484745
3151,0x0053b0cb,5484747
3152,0x0053b0ce,5484750
3153,0x0053b0cf,5484751
3154,0x0053b0d0,5484752
3155,0x0053b0d1,5484753
3156,0x0053b0d2,5484754
3157,0x0053b0d3,5484755
3158,0x0053b0d4,5484756
3159,0x0053b0d5,5484757
3160,0x0053b0d8,5484760
3161,0x0053b0d9,5484761
3162,0x0053b0da,5484762
3163,0x0053b0db,5484763
3164,0x0053b0dc,5484764
3165,0x0053b0dd,5484765
3166,0x0053b0de,5484766
3167,0x0053b0df,5484767
3168,0x0053b0e0,5484768
3169,0x0053b0e1,5484769
3170,0x0053b0e2,5484770
3171,0x0053b0e4,5484772
3172,0x0053b0e5,5484773
3173,0x0053b0e8,5484776
3174,0x0053b0e9,5484777
3175,0x0053b0ea,5484778
3176,0x0053b0eb,5484779
3177,0x0053b0ec,5484780
3178,0x0053b0ed,5484781
3179,0x0053b0ee,5484782
3180,0x0053b0ef,5484783
3181,0x0053b0f3,5484787
3182,0x0053b0f4,5484788
3183,0x0053b0f5,5484789
3184,0x0053b0f6,5484790
3185,0x0053b0f7,5484791
3186,0x0053b0f8,5484792
3187,0x0053b0f9,5484793
3188,0x0053b0fa,5484794
3189,0x0053b0fb,5484795
3190,0x0053b0fe,5484798
3191,0x0053b103,5484803
3192,0x0053b104,5484804
3193,0x0053b105,5484805
3194,0x0053b106,5484806
3195,0x0053b10c,5484812
3196,0x0053b10d,5484813
3197,0x0053b10f,5484815
3198,0x0053b110,5484816
3199,0x0053b111,5484817
3200,0x0053b112,5484818
3201,0x0053b114,5484820
3202,0x0053b118,5484824
3203,0x0053b119,5484825
3204,0x0053b11b,5484827
3205,0x0053b11c,5484828
3206,0x0053b11d,5484829
3207,0x0053b11e,5484830
3208,0x0053b11f,5484831
3209,0x0053b120,5484832
3210,0x0053b121,5484833
3211,0x0053b122,5484834
3212,0x0053b125,5484837
3213,0x0053b126,5484838
3214,0x0053b127,5484839
3215,0x0053b128,5484840
3216,0x0053b129,5484841
3217,0x0053b12a,5484842
3218,0x0053b12b,5484843
3219,0x0053b12c,5484844
3220,0x0053b12d,5484845
3221,0x0053b12e,5484846
3222,0x0053b130,5484848
3223,0x0053b131,5484849
3224,0x0053b134,5484852
3225,0x0053b135,5484853
3226,0x0053b136,5484854
3227,0x0053b137,5484855
3228,0x0053b138,5484856
3229,0x0053b139,5484857
3230,0x0053b13a,5484858
3231,0x0053b13e,5484862
3232,0x0053b13f,5484863
3233,0x0053b140,5484864
3234,0x0053b141,5484865
3235,0x0053b142,5484866
3236,0x0053b143,5484867
3237,0x0053b144,5484868
3238,0x0053b145,5484869
3239,0x0053b146,5484870
3240,0x0053b149,5484873
3241,0x0053b14d,5484877
3242,0x0053b14e,5484878
3243,0x0053b14f,5484879
3244,0x0053b150,5484880
3245,0x0053b151,5484881
3246,0x0053b157,5484887
3247,0x0053b158,5484888
3248,0x0053b159,5484889
3249,0x0053b15b,5484891
3250,0x0053b15c,5484892
3251,0x0053b15e,5484894
3252,0x0053b15f,5484895
3253,0x0053b161,5484897
3254,0x0053b162,5484898
3255,0x0053b165,5484901
3256,0x0053b166,5484902
3257,0x0053b167,5484903
3258,0x0053b168,5484904
3259,0x0053b169,5484905
3260,0x0053b16a,5484906
3261,0x0053b16b,5484907
3262,0x0053b16c,5484908
3263,0x0053b170,5484912
3264,0x0053b172,5484914
3265,0x0053b173,5484915
3266,0x0053b174,5484916
3267,0x0053b175,5484917
3268,0x0053b176,5484918
3269,0x0053b177,5484919
3270,0x0053b178,5484920
3271,0x0053b179,5484921
3272,0x0053b17b,5484923
3273,0x0053b17c,5484924
3274,0x0053b180,5484928
3275,0x0053b181,5484929
3276,0x0053b182,5484930
3277,0x0053b183,5484931
3278,0x0053b184,5484932
3279,0x0053b185,5484933
3280,0x0053b186,5484934
3281,0x0053b187,5484935
3282,0x0053b18c,5484940
3283,0x0053b18d,5484941
3284,0x0053b18e,5484942
3285,0x0053b18f,5484943
3286,0x0053b190,5484944
3287,0x0053b191,5484945
3288,0x0053b192,5484946
3289,0x0053b193,5484947
3290,0x0053b194,5484948
3291,0x0053b197,5484951
3292,0x0053b19b,5484955
3293,0x0053b19c,5484956
3294,0x0053b19d,5484957
3295,0x0053b19e,5484958
3296,0x0053b19f,5484959
3297,0x0053b1a0,5484960
3298,0x0053b1a6,5484966
3299,0x0053b1a7,5484967
3300,0x0053b1a8,5484968
3301,0x0053b1a9,5484969
3302,0x0053b1aa,5484970
3303,0x0053b1ab,5484971
3304,0x0053b1ad,5484973
3305,0x0053b1b0,5484976
3306,0x0053b1b1,5484977
3307,0x0053b1b2,5484978
3308,0x0053b1b5,5484981
3309,0x0053b1b6,5484982
3310,0x0053b1b7,5484983
3311,0x0053b1b8,5484984
3312,0x0053b1b9,5484985
3313,0x0053b1ba,5484986
3314,0x0053b1bb,5484987
3315,0x0053b1c0,5484992
3316,0x0053b1c1,5484993
3317,0x0053b1c2,5484994
3318,0x0053b1c3,5484995
3319,0x0053b1c4,5484996
3320,0x0053b1c5,5484997
3321,0x0053b1c6,5484998
3322,0x0053b1c7,5484999
3323,0x0053b1c8,5485000
3324,0x0053b1c9,5485001
3325,0x0053b1ca,5485002
3326,0x0053b1cc,5485004
3327,0x0053b1cd,5485005
3328,0x0053b1cf,5485007
3329,0x0053b1d0,5485008
3330,0x0053b1d1,5485009
3331,0x0053b1d2,5485010
3332,0x0053b1d3,5485011
3333,0x0053b1d4,5485012
3334,0x0053b1d5,5485013
3335,0x0053b1d6,5485014
3336,0x0053b1da,5485018
3337,0x0053b1db,5485019
3338,0x0053b1dc,5485020
3339,0x0053b1dd,5485021
3340,0x0053b1de,5485022
3341,0x0053b1df,5485023
3342,0x0053b1e0,5485024
3343,0x0053b1e1,5485025
3344,0x0053b1e2,5485026
3345,0x0053b1e5,5485029
3346,0x0053b1e9,5485033
3347,0x0053b1ea,5485034
3348,0x0053b1eb,5485035
3349,0x0053b1ec,5485036
3350,0x0053b1f3,5485043
3351,0x0053b1f4,5485044
3352,0x0053b1f5,5485045
3353,0x0053b1f6,5485046
3354,0x0053b1f7,5485047
3355,0x0053b1f8,5485048
3356,0x0053b1fb,5485051
3357,0x0053b1ff,5485055
3358,0x0053b200,5485056
3359,0x0053b204,5485060
3360,0x0053b205,5485061
3361,0x0053b206,5485062
3362,0x0053b207,5485063
3363,0x0053b208,5485064
3364,0x0053b209,5485065
3365,0x0053b20a,5485066
3366,0x0053b20b,5485067
3367,0x0053b20c,5485068
3368,0x0053b212,5485074
3369,0x0053b213,5485075
3370,0x0053b215,5485077
3371,0x0053b216,5485078
3372,0x0053b217,5485079
3373,0x0053b218,5485080
3374,0x0053b219,5485081
3375,0x0053b21a,5485082
3376,0x0053b21b,5485083
3377,0x0053b21c,5485084
3378,0x0053b21f,5485087
3379,0x0053b223,5485091
3380,0x0053b224,5485092
3381,0x0053b225,5485093
3382,0x0053b226,5485094
3383,0x0053b227,5485095
3384,0x0053b228,5485096
3385,0x0053b229,5485097
3386,0x0053b22a,5485098
3387,0x0053b22f,5485103
3388,0x0053b230,5485104
3389,0x0053b231,5485105
3390,0x0053b232,5485106
3391,0x0053b233,5485107
3392,0x0053b234,5485108
3393,0x0053b235,5485109
3394,0x0053b236,5485110
3395,0x0053b237,5485111
3396,0x0053b238,5485112
3397,0x0053b23b,5485115
3398,0x0053b23c,5485116
3399,0x0053b23d,5485117
3400,0x0053b23e,5485118
3401,0x0053b23f,5485119
3402,0x0053b240,5485120
3403,0x0053b241,5485121
3404,0x0053b242,5485122
3405,0x0053b243,5485123
3406,0x0053b244,5485124
3407,0x0053b245,5485125
3408,0x0053b247,5485127
3409,0x0053b248,5485128
3410,0x0053b249,5485129
3411,0x0053b24a,5485130
3412,0x0053b24b,5485131
3413,0x0053b24c,5485132
3414,0x0053b24d,5485133
3415,0x0053b24e,5485134
3416,0x0053b250,5485136
3417,0x0053b251,5485137
3418,0x0053b253,5485139
3419,0x0053b254,5485140
3420,0x0053b255,5485141
3421,0x0053b257,5485143
3422,0x0053b258,5485144
3423,0x0053b259,5485145
3424,0x0053b25a,5485146
3425,0x0053b25b,5485147
3426,0x0053b25c,5485148
3427,0x0053b25d,5485149
3428,0x0053b25e,5485150
3429,0x0053b262,5485154
3430,0x0053b263,5485155
3431,0x0053b264,5485156
3432,0x0053b265,5485157
3433,0x0053b266,5485158
3434,0x0053b267,5485159
3435,0x0053b268,5485160
3436,0x0053b269,5485161
3437,0x0053b26a,5485162
3438,0x0053b26b,5485163
3439,0x0053b26c,5485164
3440,0x0053b26d,5485165
3441,0x0053b26f,5485167
3442,0x0053b270,5485168
3443,0x0053b271,5485169
3444,0x0053b272,5485170
3445,0x0053b273,5485171
3446,0x0053b274,5485172
3447,0x0053b275,5485173
3448,0x0053b276,5485174
3449,0x0053b277,5485175
3450,0x0053b278,5485176
3451,0x0053b279,5485177
3452,0x0053b27b,5485179
3453,0x0053b27c,5485180
3454,0x0053b27d,5485181
3455,0x0053b27e,5485182
3456,0x0053b27f,5485183
3457,0x0053b280,5485184
3458,0x0053b282,5485186
3459,0x0053b283,5485187
3460,0x0053b284,5485188
3461,0x0053b285,5485189
3462,0x0053b287,5485191
3463,0x0053b288,5485192
3464,0x0053b28a,5485194
3465,0x0053b28b,5485195
3466,0x0053b28c,5485196
3467,0x0053b28f,5485199
3468,0x0053b290,5485200
3469,0x0053b291,5485201
3470,0x0053b292,5485202
3471,0x0053b293,5485203
3472,0x0053b294,5485204
3473,0x0053b295,5485205
3474,0x0053b296,5485206
3475,0x0053b297,5485207
3476,0x0053b298,5485208
3477,0x0053b299,5485209
3478,0x0053b29c,5485212
3479,0x0053b29e,5485214
3480,0x0053b29f,5485215
3481,0x0053b2a0,5485216
3482,0x0053b2a1,5485217
3483,0x0053b2a2,5485218
3484,0x0053b2a3,5485219
3485,0x0053b2a4,5485220
3486,0x0053b2a5,5485221
3487,0x0053b2a6,5485222
3488,0x0053b2a7,5485223
3489,0x0053b2a8,5485224
3490,0x0053b2a9,5485225
3491,0x0053b2ac,5485228
3492,0x0053b2ad,5485229
3493,0x0053b2af,5485231
3494,0x0053b2b0,5485232
3495,0x0053b2b1,5485233
3496,0x0053b2b2,5485234
3497,0x0053b2b3,5485235
3498,0x0053b2b4,5485236
3499,0x0053b2b5,5485237
3500,0x0053b2b6,5485238
3501,0x0053b2ba,5485242
3502,0x0053b2bb,5485243
3503,0x0053b2bc,5485244
3504,0x0053b2bd,5485245
3505,0x0053b2be,5485246
3506,0x0053b2bf,5485247
3507,0x0053b2c0,5485248
3508,0x0053b2c1,5485249
3509,0x0053b2c2,5485250
3510,0x0053b2c4,5485252
3511,0x0053b2c5,5485253
3512,0x0053b2c7,5485255
3513,0x0053b2c8,5485256
3514,0x0053b2c9,5485257
3515,0x0053b2cc,5485260
3516,0x0053b2cd,5485261
3517,0x0053b2ce,5485262
3518,0x0053b2cf,5485263
3519,0x0053b2d0,5485264
3520,0x0053b2d1,5485265
3521,0x0053b2d2,5485266
3522,0x0053b2d3,5485267
3523,0x0053b2d4,5485268
3524,0x0053b2d5,5485269
3525,0x0053b2d6,5485270
3526,0x0053b2d8,5485272
3527,0x0053b2d9,5485273
3528,0x0053b2da,5485274
3529,0x0053b2db,5485275
3530,0x0053b2dc,5485276
3531,0x0053b2dd,5485277
3532,0x0053b2de,5485278
3533,0x0053b2df,5485279
3534,0x0053b2e0,5485280
3535,0x0053b2e1,5485281
3536,0x0053b2e2,5485282
3537,0x0053b2e3,5485283
3538,0x0053b2e4,5485284
3539,0x0053b2e5,5485285
3540,0x0053b2e8,5485288
3541,0x0053b2e9,5485289
3542,0x0053b2ea,5485290
3543,0x0053b2eb,5485291
3544,0x0053b2ec,5485292
3545,0x0053b2ee,5485294
3546,0x0053b2ef,5485295
3547,0x0053b2f0,5485296
3548,0x0053b2f1,5485297
3549,0x0053b2f2,5485298
3550,0x0053b2f4,5485300
3551,0x0053b2f5,5485301
3552,0x0053b2f6,5485302
3553,0x0053b2f7,5485303
3554,0x0053b2f8,5485304
3555,0x0053b2f9,5485305
3556,0x0053b2fa,5485306
3557,0x0053b2fb,5485307
3558,0x0053b2fc,5485308
3559,0x0053b2fd,5485309
3560,0x0053b2ff,5485311
3561,0x0053b300,5485312
3562,0x0053b302,5485314
3563,0x0053b303,5485315
3564,0x0053b306,5485318
3565,0x0053b307,5485319
3566,0x0053b308,5485320
3567,0x0053b309,5485321
3568,0x0053b30a,5485322
3569,0x0053b30b,5485323
3570,0x0053b30c,5485324
3571,0x0053b30d,5485325
3572,0x0053b30e,5485326
3573,0x0053b30f,5485327
3574,0x0053b310,5485328
3575,0x0053b313,5485331
3576,0x0053b314,5485332
3577,0x0053b315,5485333
3578,0x0053b316,5485334
3579,0x0053b317,5485335
3580,0x0053b318,5485336
3581,0x0053b319,5485337
3582,0x0053b31a,5485338
3583,0x0053b31b,5485339
3584,0x0053b31c,5485340
3585,0x0053b31d,5485341
3586,0x0053b31e,5485342
3587,0x0053b31f,5485343
3588,0x0053b321,5485345
3589,0x0053b323,5485347
3590,0x0053b324,5485348
3591,0x0053b325,5485349
3592,0x0053b326,5485350
3593,0x0053b327,5485351
3594,0x0053b328,5485352
3595,0x0053b329,5485353
3596,0x0053b32a,5485354
3597,0x0053b32b,5485355
3598,0x0053b32c,5485356
3599,0x0053b32e,5485358
3600,0x0053b32f,5485359
3601,0x0053b330,5485360
3602,0x0053b331,5485361
3603,0x0053b332,5485362
3604,0x0053b333,5485363
3605,0x0053b335,5485365
3606,0x0053b336,5485366
3607,0x0053b337,5485367
3608,0x0053b338,5485368
3609,0x0053b339,5485369
3610,0x0053b33b,5485371
3611,0x0053b33c,5485372
3612,0x0053b33f,5485375
3613,0x0053b340,5485376
3614,0x0053b341,5485377
3615,0x0053b343,5485379
3616,0x0053b344,5485380
3617,0x0053b345,5485381
3618,0x0053b346,5485382
3619,0x0053b347,5485383
3620,0x0053b348,5485384
3621,0x0053b349,5485385
3622,0x0053b34a,5485386
3623,0x0053b34b,5485387
3624,0x0053b34c,5485388
3625,0x0053b34d,5485389
3626,0x0053b34e,5485390
3627,0x0053b34f,5485391
3628,0x0053b350,5485392
3629,0x0053b351,5485393
3630,0x0053b352,5485394
3631,0x0053b353,5485395
3632,0x0053b354,5485396
3633,0x0053b355,5485397
3634,0x0053b356,5485398
3635,0x0053b357,5485399
3636,0x0053b358,5485400
3637,0x0053b359,5485401
3638,0x0053b35a,5485402
3639,0x0053b35b,5485403
3640,0x0053b35d,5485405
3641,0x0053b35f,5485407
3642,0x0053b360,5485408
3643,0x0053b361,5485409
3644,0x0053b362,5485410
3645,0x0053b363,5485411
3646,0x0053b364,5485412
3647,0x0053b365,5485413
3648,0x0053b366,5485414
3649,0x0053b36a,5485418
3650,0x0053b36b,5485419
3651,0x0053b36c,5485420
3652,0x0053b36d,5485421
3653,0x0053b36e,5485422
3654,0x0053b36f,5485423
3655,0x0053b370,5485424
3656,0x0053b371,5485425
3657,0x0053b372,5485426
3658,0x0053b373,5485427
3659,0x0053b374,5485428
3660,0x0053b376,5485430
3661,0x0053b377,5485431
3662,0x0053b379,5485433
3663,0x0053b37a,5485434
3664,0x0053b37b,5485435
3665,0x0053b37c,5485436
3666,0x0053b37e,5485438
3667,0x0053b37f,5485439
3668,0x0053b380,5485440
3669,0x0053b381,5485441
3670,0x0053b382,5485442
3671,0x0053b383,5485443
3672,0x0053b384,5485444
3673,0x0053b385,5485445
3674,0x0053b386,5485446
3675,0x0053b387,5485447
3676,0x0053b38a,5485450
3677,0x0053b38b,5485451
3678,0x0053b38d,5485453
3679,0x0053b38e,5485454
3680,0x0053b38f,5485455
3681,0x0053b390,5485456
3682,0x0053b391,5485457
3683,0x0053b392,5485458
3684,0x0053b393,5485459
3685,0x0053b394,5485460
3686,0x0053b395,5485461
3687,0x0053b397,5485463
3688,0x0053b398,5485464
3689,0x0053b39b,5485467
3690,0x0053b39c,5485468
3691,0x0053b39d,5485469
3692,0x0053b39e,5485470
3693,0x0053b39f,5485471
3694,0x0053b3a0,5485472
3695,0x0053b3a1,5485473
3696,0x0053b3a2,5485474
3697,0x0053b3a7,5485479
3698,0x0053b3a8,5485480
3699,0x0053b3aa,5485482
3700,0x0053b3ab,5485483
3701,0x0053b3ac,5485484
3702,0x0053b3ad,5485485
3703,0x0053b3ae,5485486
3704,0x0053b3af,5485487
3705,0x0053b3b0,5485488
3706,0x0053b3b2,5485490
3707,0x0053b3b3,5485491
3708,0x0053b3b5,5485493
3709,0x0053b3b6,5485494
3710,0x0053b3b7,5485495
3711,0x0053b3ba,5485498
3712,0x0053b3bb,5485499
3713,0x0053b3bc,5485500
3714,0x0053b3bd,5485501
3715,0x0053b3be,5485502
3716,0x0053b3bf,5485503
3717,0x0053b3c0,5485504
3718,0x0053b3c1,5485505
3719,0x0053b3c2,5485506
3720,0x0053b3c3,5485507
3721,0x0053b3c4,5485508
3722,0x0053b3c6,5485510
3723,0x0053b3c8,5485512
3724,0x0053b3c9,5485513
3725,0x0053b3ca,5485514
3726,0x0053b3cb,5485515
3727,0x0053b3cc,5485516
3728,0x0053b3cd,5485517
3729,0x0053b3ce,5485518
3730,0x0053b3cf,5485519
3731,0x0053b3d0,5485520
3732,0x0053b3d1,5485521
3733,0x0053b3d2,5485522
3734,0x0053b3d3,5485523
3735,0x0053b3d4,5485524
3736,0x0053b3d5,5485525
3737,0x0053b3d6,5485526
3738,0x0053b3d7,5485527
3739,0x0053b3d8,5485528
3740,0x0053b3db,5485531
3741,0x0053b3dc,5485532
3742,0x0053b3dd,5485533
3743,0x0053b3de,5485534
3744,0x0053b3df,5485535
3745,0x0053b3e0,5485536
3746,0x0053b3e1,5485537
3747,0x0053b3e2,5485538
3748,0x0053b3e3,5485539
3749,0x0053b3e5,5485541
3750,0x0053b3e6,5485542
3751,0x0053b3e7,5485543
3752,0x0053b3e8,5485544
3753,0x0053b3e9,5485545
3754,0x0053b3ea,5485546
3755,0x0053b3ec,5485548
3756,0x0053b3ed,5485549
3757,0x0053b3ef,5485551
3758,0x0053b3f0,5485552
3759,0x0053b3f1,5485553
3760,0x0053b3f4,5485556
3761,0x0053b3f5,5485557
3762,0x0053b3f6,5485558
3763,0x0053b3f7,5485559
3764,0x0053b3f8,5485560
3765,0x0053b3f9,5485561
3766,0x0053b3fa,5485562
3767,0x0053b3fb,5485563
3768,0x0053b3fc,5485564
3769,0x0053b3fd,5485565
3770,0x0053b3fe,5485566
3771,0x0053b400,5485568
3772,0x0053b401,5485569
3773,0x0053b402,5485570
3774,0x0053b403,5485571
3775,0x0053b404,5485572
3776,0x0053b405,5485573
3777,0x0053b406,5485574
3778,0x0053b407,5485575
3779,0x0053b408,5485576
3780,0x0053b409,5485577
3781,0x0053b40a,5485578
3782,0x0053b40b,5485579
3783,0x0053b40e,5485582
3784,0x0053b412,5485586
3785,0x0053b413,5485587
3786,0x0053b414,5485588
3787,0x0053b415,5485589
3788,0x0053b416,5485590
3789,0x0053b417,5485591
3790,0x0053b418,5485592
3791,0x0053b419,5485593
3792,0x0053b41e,5485598
3793,0x0053b41f,5485599
3794,0x0053b420,5485600
3795,0x0053b421,5485601
3796,0x0053b422,5485602
3797,0x0053b423,5485603
3798,0x0053b424,5485604
3799,0x0053b425,5485605
3800,0x0053b426,5485606
3801,0x0053b428,5485608
3802,0x0053b429,5485609
3803,0x0053b42c,5485612
3804,0x0053b430,5485616
3805,0x0053b431,5485617
3806,0x0053b432,5485618
3807,0x0053b433,5485619
3808,0x0053b434,5485620
3809,0x0053b435,5485621
3810,0x0053b436,5485622
3811,0x0053b437,5485623
3812,0x0053b438,5485624
3813,0x0053b439,5485625
3814,0x0053b43c,5485628
3815,0x0053b43d,5485629
3816,0x0053b43f,5485631
3817,0x0053b440,5485632
3818,0x0053b441,5485633
3819,0x0053b442,5485634
3820,0x0053b443,5485635
3821,0x0053b444,5485636
3822,0x0053b445,5485637
3823,0x0053b446,5485638
3824,0x0053b447,5485639
3825,0x0053b449,5485641
3826,0x0053b44a,5485642
3827,0x0053b44e,5485646
3828,0x0053b44f,5485647
3829,0x0053b450,5485648
3830,0x0053b451,5485649
3831,0x0053b452,5485650
3832,0x0053b453,5485651
3833,0x0053b454,5485652
3834,0x0053b45a,5485658
3835,0x0053b45b,5485659
3836,0x0053b45c,5485660
3837,0x0053b45d,5485661
3838,0x0053b45e,5485662
3839,0x0053b45f,5485663
3840,0x0053b460,5485664
3841,0x0053b461,5485665
3842,0x0053b462,5485666
3843,0x0053b463,5485667
3844,0x0053b465,5485669
3845,0x0053b466,5485670
3846,0x0053b468,5485672
3847,0x0053b469,5485673
3848,0x0053b46a,5485674
3849,0x0053b46d,5485677
3850,0x0053b46e,5485678
3851,0x0053b46f,5485679
3852,0x0053b470,5485680
3853,0x0053b471,5485681
3854,0x0053b472,5485682
3855,0x0053b473,5485683
3856,0x0053b474,5485684
3857,0x0053b475,5485685
3858,0x0053b477,5485687
3859,0x0053b478,5485688
3860,0x0053b47a,5485690
3861,0x0053b47b,5485691
3862,0x0053b47c,5485692
3863,0x0053b47d,5485693
3864,0x0053b47e,5485694
3865,0x0053b47f,5485695
3866,0x0053b480,5485696
3867,0x0053b481,5485697
3868,0x0053b482,5485698
3869,0x0053b483,5485699
3870,0x0053b484,5485700
3871,0x0053b486,5485702
3872,0x0053b487,5485703
3873,0x0053b488,5485704
3874,0x0053b489,5485705
3875,0x0053b48b,5485707
3876,0x0053b48c,5485708
3877,0x0053b48d,5485709
3878,0x0053b48e,5485710
3879,0x0053b48f,5485711
3880,0x0053b490,5485712
3881,0x0053b491,5485713
3882,0x0053b492,5485714
3883,0x0053b494,5485716
3884,0x0053b495,5485717
3885,0x0053b496,5485718
3886,0x0053b497,5485719
3887,0x0053b498,5485720
3888,0x0053b499,5485721
3889,0x0053b49a,5485722
3890,0x0053b49b,5485723
3891,0x0053b49d,5485725
3892,0x0053b49e,5485726
3893,0x0053b4a0,5485728
3894,0x0053b4a1,5485729
3895,0x0053b4a4,5485732
3896,0x0053b4a5,5485733
3897,0x0053b4a6,5485734
3898,0x0053b4a7,5485735
3899,0x0053b4a8,5485736
3900,0x0053b4a9,5485737
3901,0x0053b4aa,5485738
3902,0x0053b4ab,5485739
3903,0x0053b4ac,5485740
3904,0x0053b4ad,5485741
3905,0x0053b4ae,5485742
3906,0x0053b4af,5485743
3907,0x0053b4b1,5485745
3908,0x0053b4b2,5485746
3909,0x0053b4b3,5485747
3910,0x0053b4b4,5485748
3911,0x0053b4b5,5485749
3912,0x0053b4b6,5485750
3913,0x0053b4b7,5485751
3914,0x0053b4b8,5485752
3915,0x0053b4b9,5485753
3916,0x0053b4ba,5485754
3917,0x0053b4bb,5485755
3918,0x0053b4bc,5485756
3919,0x0053b4bd,5485757
3920,0x0053b4be,5485758
3921,0x0053b4bf,5485759
3922,0x0053b4c0,5485760
3923,0x0053b4c3,5485763
3924,0x0053b4c4,5485764
3925,0x0053b4c5,5485765
3926,0x0053b4c6,5485766
3927,0x0053b4c7,5485767
3928,0x0053b4c9,5485769
3929,0x0053b4ca,5485770
3930,0x0053b4cb,5485771
3931,0x0053b4cc,5485772
3932,0x0053b4cd,5485773
3933,0x0053b4ce,5485774
3934,0x0053b4cf,5485775
3935,0x0053b4d0,5485776
3936,0x0053b4d1,5485777
3937,0x0053b4d2,5485778
3938,0x0053b4d3,5485779
3939,0x0053b4d5,5485781
3940,0x0053b4d8,5485784
3941,0x0053b4d9,5485785
3942,0x0053b4dc,5485788
3943,0x0053b4dd,5485789
3944,0x0053b4de,5485790
3945,0x0053b4df,5485791
3946,0x0053b4e0,5485792
3947,0x0053b4e1,5485793
3948,0x0053b4e2,5485794
3949,0x0053b4e3,5485795
3950,0x0053b4e4,5485796
3951,0x0053b4e5,5485797
3952,0x0053b4e6,5485798
3953,0x0053b4eb,5485803
3954,0x0053b4ec,5485804
3955,0x0053b4ed,5485805
3956,0x0053b4ee,5485806
3957,0x0053b4ef,5485807
3958,0x0053b4f0,5485808
3959,0x0053b4f1,5485809
3960,0x0053b4f2,5485810
3961,0x0053b4f3,5485811
3962,0x0053b4f4,5485812
3963,0x0053b4f5,5485813
3964,0x0053b4f6,5485814
3965,0x0053b4f7,5485815
3966,0x0053b4f9,5485817
3967,0x0053b4fa,5485818
3968,0x0053b4fc,5485820
3969,0x0053b4fd,5485821
3970,0x0053b4fe,5485822
3971,0x0053b4ff,5485823
3972,0x0053b500,5485824
3973,0x0053b501,5485825
3974,0x0053b502,5485826
3975,0x0053b503,5485827
3976,0x0053b504,5485828
3977,0x0053b50a,5485834
3978,0x0053b50b,5485835
3979,0x0053b50c,5485836
3980,0x0053b50d,5485837
3981,0x0053b50e,5485838
3982,0x0053b50f,5485839
3983,0x0053b510,5485840
3984,0x0053b511,5485841
3985,0x0053b512,5485842
3986,0x0053b514,5485844
3987,0x0053b515,5485845
3988,0x0053b518,5485848
3989,0x0053b519,5485849
3990,0x0053b51b,5485851
3991,0x0053b51c,5485852
3992,0x0053b51d,5485853
3993,0x0053b51e,5485854
3994,0x0053b51f,5485855
3995,0x0053b520,5485856
3996,0x0053b521,5485857
3997,0x0053b522,5485858
3998,0x0053b523,5485859
3999,0x0053b524,5485860
4000,0x0053b525,5485861
4001,0x0053b527,5485863
4002,0x0053b528,5485864
4003,0x0053b52a,5485866
4004,0x0053b52b,5485867
4005,0x0053b52c,5485868
4006,0x0053b52d,5485869
4007,0x0053b52e,5485870
4008,0x0053b52f,5485871
4009,0x0053b530,5485872
4010,0x0053b531,5485873
4011,0x0053b532,5485874
4012,0x0053b533,5485875
4013,0x0053b535,5485877
4014,0x0053b536,5485878
4015,0x0053b537,5485879
4016,0x0053b538,5485880
4017,0x0053b539,5485881
4018,0x0053b53a,5485882
4019,0x0053b53b,5485883
4020,0x0053b53c,5485884
4021,0x0053b53d,5485885
4022,0x0053b53e,5485886
4023,0x0053b540,5485888
4024,0x0053b542,5485890
4025,0x0053b543,5485891
4026,0x0053b544,5485892
4027,0x0053b545,5485893
4028,0x0053b546,5485894
4029,0x0053b547,5485895
4030,0x0053b548,5485896
4031,0x0053b549,5485897
4032,0x0053b54c,5485900
4033,0x0053b54e,5485902
4034,0x0053b54f,5485903
4035,0x0053b550,5485904
4036,0x0053b553,5485907
4037,0x0053b554,5485908
4038,0x0053b555,5485909
4039,0x0053b556,5485910
4040,0x0053b557,5485911
4041,0x0053b558,5485912
4042,0x0053b559,5485913
4043,0x0053b55a,5485914
4044,0x0053b55b,5485915
4045,0x0053b55c,5485916
4046,0x0053b560,5485920
4047,0x0053b562,5485922
4048,0x0053b563,5485923
4049,0x0053b564,5485924
4050,0x0053b565,5485925
4051,0x0053b566,5485926
4052,0x0053b567,5485927
4053,0x0053b568,5485928
4054,0x0053b569,5485929
4055,0x0053b56a,5485930
4056,0x0053b56b,5485931
4057,0x0053b56c,5485932
4058,0x0053b56f,5485935
4059,0x0053b570,5485936
4060,0x0053b571,5485937
4061,0x0053b572,5485938
4062,0x0053b573,5485939
4063,0x0053b574,5485940
4064,0x0053b575,5485941
4065,0x0053b576,5485942
4066,0x0053b577,5485943
4067,0x0053b578,5485944
4068,0x0053b57b,5485947
4069,0x0053b57d,5485949
4070,0x0053b57e,5485950
4071,0x0053b57f,5485951
4072,0x0053b580,5485952
4073,0x0053b581,5485953
4074,0x0053b582,5485954
4075,0x0053b583,5485955
4076,0x0053b585,5485957
4077,0x0053b588,5485960
4078,0x0053b589,5485961
4079,0x0053b58c,5485964
4080,0x0053b58d,5485965
4081,0x0053b58e,5485966
4082,0x0053b58f,5485967
4083,0x0053b590,5485968
4084,0x0053b591,5485969
4085,0x0053b592,5485970
4086,0x0053b593,5485971
4087,0x0053b594,5485972
4088,0x0053b595,5485973
4089,0x0053b596,5485974
4090,0x0053b59a,5485978
4091,0x0053b59b,5485979
4092,0x0053b59c,5485980
4093,0x0053b59d,5485981
4094,0x0053b59e,5485982
4095,0x0053b59f,5485983
