0,0x0001df0a,122634
1,0x0001df0a,122634
2,0x0001df0a,122634
3,0x0001e4f4,124148
4,0x0001df0a,122634
5,0x0001df0a,122634
6,0x0001e4f4,124148
7,0x0001df0a,122634
8,0x0001df0a,122634
9,0x0001df0a,122634
10,0x0001e4f4,124148
11,0x00016eac,93868
12,0x0001a9d0,109008
13,0x00010a22,68130
14,0x0001df0a,122634
15,0x0001e4f4,124148
16,0x0000c914,51476
17,0x0001e4f4,124148
18,0x0001df0a,122634
19,0x0000cefe,52990
20,0x0001df0a,122634
21,0x0001df0a,122634
22,0x0001e4f4,124148
23,0x0001df0a,122634
24,0x0001df0a,122634
25,0x0001df0a,122634
26,0x0001e4f4,124148
27,0x0001df0a,122634
28,0x00016eac,93868
29,0x0001df0a,122634
30,0x0001e4f4,124148
31,0x0001d336,119606
32,0x0001df0a,122634
33,0x0001d920,121120
34,0x0001d336,119606
35,0x0001e4f4,124148
36,0x0001d920,121120
37,0x0001e4f4,124148
38,0x0001d920,121120
39,0x0001d920,121120
40,0x0001df0a,122634
41,0x0001df0a,122634
42,0x0001df0a,122634
43,0x0001df0a,122634
44,0x0001df0a,122634
45,0x0001e4f4,124148
46,0x0001df0a,122634
47,0x0001df0a,122634
48,0x0001e4f4,124148
49,0x0001df0a,122634
50,0x0001df0a,122634
51,0x0001df0a,122634
52,0x0001e4f4,124148
53,0x0001df0a,122634
54,0x0001df0a,122634
55,0x0001df0a,122634
56,0x0001e4f4,124148
57,0x0001df0a,122634
58,0x0001df0a,122634
59,0x0001e4f4,124148
60,0x0001df0a,122634
61,0x0001df0a,122634
62,0x0001df0a,122634
63,0x0001e4f4,124148
64,0x0001df0a,122634
65,0x0001df0a,122634
66,0x0001df0a,122634
67,0x0001e4f4,124148
68,0x0001df0a,122634
69,0x0001df0a,122634
70,0x0001e4f4,124148
71,0x0001df0a,122634
72,0x0001df0a,122634
73,0x0001df0a,122634
74,0x0001e4f4,124148
75,0x0001df0a,122634
76,0x0001df0a,122634
77,0x0001e4f4,124148
78,0x0001df0a,122634
79,0x0001df0a,122634
80,0x0001df0a,122634
81,0x0001e4f4,124148
82,0x0001df0a,122634
83,0x0001df0a,122634
84,0x0001df0a,122634
85,0x0001e4f4,124148
86,0x0001df0a,122634
87,0x0001df0a,122634
88,0x0001e4f4,124148
89,0x00013f5c,81756
90,0x0000ab82,43906
91,0x0001e4f4,124148
92,0x0001df0a,122634
93,0x0001df0a,122634
94,0x0001e4f4,124148
95,0x0001df0a,122634
96,0x0001df0a,122634
97,0x0001df0a,122634
98,0x0001e4f4,124148
99,0x0001df0a,122634
100,0x0001df0a,122634
101,0x0001df0a,122634
102,0x0001e4f4,124148
103,0x0001df0a,122634
104,0x0001df0a,122634
105,0x0001e4f4,124148
106,0x0001df0a,122634
107,0x0001df0a,122634
108,0x0001df0a,122634
109,0x0001e4f4,124148
110,0x0001df0a,122634
111,0x0001df0a,122634
112,0x0001e4f4,124148
113,0x0001df0a,122634
114,0x0001df0a,122634
115,0x0001df0a,122634
116,0x0001e4f4,124148
117,0x0001df0a,122634
118,0x0001df0a,122634
119,0x0001df0a,122634
120,0x0001e4f4,124148
121,0x0001df0a,122634
122,0x0001df0a,122634
123,0x0001e4f4,124148
124,0x0001df0a,122634
125,0x0001df0a,122634
126,0x0001df0a,122634
127,0x0001e4f4,124148
128,0x0001df0a,122634
129,0x0001df0a,122634
130,0x0001df0a,122634
131,0x0001e4f4,124148
132,0x0001df0a,122634
133,0x0001df0a,122634
134,0x0001e4f4,124148
135,0x0001df0a,122634
136,0x0001df0a,122634
137,0x0001df0a,122634
138,0x00019812,104466
139,0x00006a74,27252
140,0x0001df0a,122634
141,0x0001df0a,122634
142,0x0001df0a,122634
143,0x0001e4f4,124148
144,0x0001df0a,122634
145,0x0001df0a,122634
146,0x0001df0a,122634
147,0x0001e4f4,124148
148,0x0001df0a,122634
149,0x0001df0a,122634
150,0x0001e4f4,124148
151,0x0001df0a,122634
152,0x0001df0a,122634
153,0x0001df0a,122634
154,0x0001e4f4,124148
155,0x0001df0a,122634
156,0x0001df0a,122634
157,0x0001e4f4,124148
158,0x0001df0a,122634
159,0x0001df0a,122634
160,0x0001df0a,122634
161,0x0001e4f4,124148
162,0x0001df0a,122634
163,0x00016eac,93868
164,0x0001df0a,122634
165,0x0001df0a,122634
166,0x0001df0a,122634
167,0x0001e4f4,124148
168,0x00014b30,84784
169,0x0001d336,119606
170,0x0001e4f4,124148
171,0x0001df0a,122634
172,0x0001df0a,122634
173,0x0001e4f4,124148
174,0x00014b30,84784
175,0x0001df0a,122634
176,0x0001df0a,122634
177,0x0001e4f4,124148
178,0x0001df0a,122634
179,0x0001df0a,122634
180,0x0001e4f4,124148
181,0x0001df0a,122634
182,0x0001df0a,122634
183,0x0001df0a,122634
184,0x0001e4f4,124148
185,0x0001df0a,122634
186,0x0001df0a,122634
187,0x0001df0a,122634
188,0x0001e4f4,124148
189,0x0001df0a,122634
190,0x0001df0a,122634
191,0x0001e4f4,124148
192,0x0001df0a,122634
193,0x0001df0a,122634
194,0x0001df0a,122634
195,0x0001e4f4,124148
196,0x0001df0a,122634
197,0x0001df0a,122634
198,0x0001df0a,122634
199,0x0001e4f4,124148
200,0x0001df0a,122634
201,0x0001df0a,122634
202,0x0001e4f4,124148
203,0x0001df0a,122634
204,0x0001df0a,122634
205,0x0001df0a,122634
206,0x0001e4f4,124148
207,0x0001df0a,122634
208,0x0001df0a,122634
209,0x0001e4f4,124148
210,0x0001df0a,122634
211,0x0001df0a,122634
212,0x0001df0a,122634
213,0x0001e4f4,124148
214,0x0001df0a,122634
215,0x0001df0a,122634
216,0x0001df0a,122634
217,0x0001e4f4,124148
218,0x0001df0a,122634
219,0x0001a3e6,107494
220,0x0001e4f4,124148
221,0x0001df0a,122634
222,0x0001df0a,122634
223,0x0001d336,119606
224,0x0001d336,119606
225,0x0001e4f4,124148
226,0x0001df0a,122634
227,0x0001df0a,122634
228,0x0001df0a,122634
229,0x0001e4f4,124148
230,0x0001df0a,122634
231,0x0001df0a,122634
232,0x0001c762,116578
233,0x0001df0a,122634
234,0x0001df0a,122634
235,0x0001df0a,122634
236,0x0001df0a,122634
237,0x0001df0a,122634
238,0x0001e4f4,124148
239,0x0001df0a,122634
240,0x0001df0a,122634
241,0x0001df0a,122634
242,0x0001bb8e,113550
243,0x0001df0a,122634
244,0x0001df0a,122634
245,0x0001df0a,122634
246,0x0001e4f4,124148
247,0x0001df0a,122634
248,0x0001df0a,122634
249,0x0001df0a,122634
250,0x0001c178,115064
251,0x0001df0a,122634
252,0x0001e4f4,124148
253,0x0001df0a,122634
254,0x0001df0a,122634
255,0x0001df0a,122634
256,0x0001e4f4,124148
257,0x0001df0a,122634
258,0x0001df0a,122634
259,0x0001df0a,122634
260,0x0001e4f4,124148
261,0x0001df0a,122634
262,0x0001df0a,122634
263,0x0001e4f4,124148
264,0x0001df0a,122634
265,0x0001df0a,122634
266,0x0001df0a,122634
267,0x0001e4f4,124148
268,0x0001df0a,122634
269,0x0001df0a,122634
270,0x0001df0a,122634
271,0x0001e4f4,124148
272,0x0001df0a,122634
273,0x0001df0a,122634
274,0x0001e4f4,124148
275,0x0001df0a,122634
276,0x0001df0a,122634
277,0x0001df0a,122634
278,0x0001e4f4,124148
279,0x0001df0a,122634
280,0x0001df0a,122634
281,0x0001e4f4,124148
282,0x0001df0a,122634
283,0x0001df0a,122634
284,0x0001df0a,122634
285,0x0001e4f4,124148
286,0x0001df0a,122634
287,0x0001df0a,122634
288,0x0001df0a,122634
289,0x0001c762,116578
290,0x0001df0a,122634
291,0x0001df0a,122634
292,0x0001df0a,122634
293,0x0001e4f4,124148
294,0x0001df0a,122634
295,0x0001df0a,122634
296,0x0001df0a,122634
297,0x0001e4f4,124148
298,0x0001df0a,122634
299,0x0001df0a,122634
300,0x0001e4f4,124148
301,0x0001df0a,122634
302,0x0001df0a,122634
303,0x0001df0a,122634
304,0x0001e4f4,124148
305,0x0001df0a,122634
306,0x0001df0a,122634
307,0x0001df0a,122634
308,0x0001e4f4,124148
309,0x0001df0a,122634
310,0x0001df0a,122634
311,0x0001e4f4,124148
312,0x0001df0a,122634
313,0x0001df0a,122634
314,0x0001df0a,122634
315,0x0001e4f4,124148
316,0x0001df0a,122634
317,0x0001df0a,122634
318,0x0001e4f4,124148
319,0x0001df0a,122634
320,0x0001df0a,122634
321,0x0001df0a,122634
322,0x0001e4f4,124148
323,0x0001df0a,122634
324,0x0001df0a,122634
325,0x0001df0a,122634
326,0x0001e4f4,124148
327,0x0001df0a,122634
328,0x0001df0a,122634
329,0x0001e4f4,124148
330,0x0001df0a,122634
331,0x0001df0a,122634
332,0x0001df0a,122634
333,0x0001e4f4,124148
334,0x0001df0a,122634
335,0x0001df0a,122634
336,0x0001df0a,122634
337,0x00013972,80242
338,0x0000bd40,48448
339,0x0001e4f4,124148
340,0x0001df0a,122634
341,0x0001df0a,122634
342,0x0001df0a,122634
343,0x0001e4f4,124148
344,0x0001df0a,122634
345,0x0001df0a,122634
346,0x0001df0a,122634
347,0x0001e4f4,124148
348,0x0001df0a,122634
349,0x0001df0a,122634
350,0x0001e4f4,124148
351,0x0001df0a,122634
352,0x0001df0a,122634
353,0x0001df0a,122634
354,0x0001e4f4,124148
355,0x0001df0a,122634
356,0x0001df0a,122634
357,0x0001e4f4,124148
358,0x0001df0a,122634
359,0x0001df0a,122634
360,0x0001df0a,122634
361,0x0001e4f4,124148
362,0x0001df0a,122634
363,0x0001df0a,122634
364,0x0001df0a,122634
365,0x0001e4f4,124148
366,0x0001df0a,122634
367,0x0001df0a,122634
368,0x0001e4f4,124148
369,0x0001df0a,122634
370,0x0001df0a,122634
371,0x0001df0a,122634
372,0x0001e4f4,124148
373,0x0001df0a,122634
374,0x0001df0a,122634
375,0x0001df0a,122634
376,0x0001e4f4,124148
377,0x0001df0a,122634
378,0x0001df0a,122634
379,0x0001e4f4,124148
380,0x0001df0a,122634
381,0x0001df0a,122634
382,0x0001df0a,122634
383,0x0001e4f4,124148
384,0x0001df0a,122634
385,0x0001df0a,122634
386,0x00017496,95382
387,0x00001d92,7570
388,0x00014b30,84784
389,0x0001df0a,122634
390,0x0001e4f4,124148
391,0x0001df0a,122634
392,0x0001df0a,122634
393,0x0001df0a,122634
394,0x0001e4f4,124148
395,0x0001df0a,122634
396,0x0001df0a,122634
397,0x0001df0a,122634
398,0x0001df0a,122634
399,0x0001df0a,122634
400,0x0001df0a,122634
401,0x0001e4f4,124148
402,0x0001df0a,122634
403,0x0001df0a,122634
404,0x0001df0a,122634
405,0x0001e4f4,124148
406,0x0001df0a,122634
407,0x0001df0a,122634
408,0x0001e4f4,124148
409,0x0001df0a,122634
410,0x0001df0a,122634
411,0x0001df0a,122634
412,0x0001e4f4,124148
413,0x0001df0a,122634
414,0x0001df0a,122634
415,0x0001df0a,122634
416,0x0001e4f4,124148
417,0x0001df0a,122634
418,0x0001df0a,122634
419,0x0001e4f4,124148
420,0x0001df0a,122634
421,0x0001df0a,122634
422,0x0001df0a,122634
423,0x0001e4f4,124148
424,0x0001df0a,122634
425,0x0001df0a,122634
426,0x0001df0a,122634
427,0x0001e4f4,124148
428,0x00019dfc,105980
429,0x0001df0a,122634
430,0x0001d920,121120
431,0x0001e4f4,124148
432,0x0001511a,86298
433,0x0001e4f4,124148
434,0x0001df0a,122634
435,0x00017a80,96896
436,0x0001100c,69644
437,0x0001df0a,122634
438,0x0001df0a,122634
439,0x0001e4f4,124148
440,0x00016eac,93868
441,0x00013972,80242
442,0x0001df0a,122634
443,0x00015704,87812
444,0x0001df0a,122634
445,0x0001df0a,122634
446,0x00010a22,68130
447,0x0001b5a4,112036
448,0x0001df0a,122634
449,0x0001e4f4,124148
450,0x0001df0a,122634
451,0x0001df0a,122634
452,0x0001df0a,122634
453,0x0001e4f4,124148
454,0x0001df0a,122634
455,0x0001df0a,122634
456,0x0001df0a,122634
457,0x0001e4f4,124148
458,0x0001df0a,122634
459,0x0001df0a,122634
460,0x0001e4f4,124148
461,0x0001df0a,122634
462,0x0001df0a,122634
463,0x0001df0a,122634
464,0x0001e4f4,124148
465,0x0001df0a,122634
466,0x0001df0a,122634
467,0x0001df0a,122634
468,0x0001e4f4,124148
469,0x0001df0a,122634
470,0x0001df0a,122634
471,0x0001e4f4,124148
472,0x0001df0a,122634
473,0x0001df0a,122634
474,0x0001df0a,122634
475,0x0001e4f4,124148
476,0x0001df0a,122634
477,0x0001df0a,122634
478,0x0001e4f4,124148
479,0x0001df0a,122634
480,0x0001df0a,122634
481,0x0001df0a,122634
482,0x0001e4f4,124148
483,0x0001df0a,122634
484,0x0001df0a,122634
485,0x0001df0a,122634
486,0x0001e4f4,124148
487,0x0001df0a,122634
488,0x0001df0a,122634
489,0x0001e4f4,124148
490,0x0001df0a,122634
491,0x0001df0a,122634
492,0x0001df0a,122634
493,0x0001e4f4,124148
494,0x0001df0a,122634
495,0x000127b4,75700
496,0x000162d8,90840
497,0x0001df0a,122634
498,0x0001df0a,122634
499,0x0001e4f4,124148
500,0x00017496,95382
501,0x0001df0a,122634
502,0x0001e4f4,124148
503,0x0001df0a,122634
504,0x00017496,95382
505,0x0001df0a,122634
506,0x0001df0a,122634
507,0x0001df0a,122634
508,0x0001806a,98410
509,0x0001afba,110522
510,0x0001df0a,122634
511,0x0001e4f4,124148
512,0x0001df0a,122634
513,0x0000cefe,52990
514,0x0001d920,121120
515,0x0001df0a,122634
516,0x0001e4f4,124148
517,0x0001806a,98410
518,0x0001a9d0,109008
519,0x0001df0a,122634
520,0x0001e4f4,124148
521,0x0001df0a,122634
522,0x0001df0a,122634
523,0x0001df0a,122634
524,0x0001e4f4,124148
525,0x0001df0a,122634
526,0x0001df0a,122634
527,0x0001e4f4,124148
528,0x0001df0a,122634
529,0x0001df0a,122634
530,0x0001df0a,122634
531,0x0001e4f4,124148
532,0x0001df0a,122634
533,0x0001df0a,122634
534,0x0001df0a,122634
535,0x0001e4f4,124148
536,0x0001df0a,122634
537,0x0001df0a,122634
538,0x0001e4f4,124148
539,0x0001df0a,122634
540,0x0001df0a,122634
541,0x0001df0a,122634
542,0x0001e4f4,124148
543,0x0001df0a,122634
544,0x0001df0a,122634
545,0x0001df0a,122634
546,0x0001e4f4,124148
547,0x0001df0a,122634
548,0x0001df0a,122634
549,0x0001e4f4,124148
550,0x0001df0a,122634
551,0x0001df0a,122634
552,0x0001df0a,122634
553,0x0001e4f4,124148
554,0x0001df0a,122634
555,0x0001df0a,122634
556,0x0001e4f4,124148
557,0x0001df0a,122634
558,0x0001df0a,122634
559,0x0001df0a,122634
560,0x0001e4f4,124148
561,0x0001df0a,122634
562,0x0001df0a,122634
563,0x0001df0a,122634
564,0x0001e4f4,124148
565,0x0001df0a,122634
566,0x00009fae,40878
567,0x00015cee,89326
568,0x0001df0a,122634
569,0x0001e4f4,124148
570,0x0001df0a,122634
571,0x0001df0a,122634
572,0x0001df0a,122634
573,0x0001e4f4,124148
574,0x0001df0a,122634
575,0x0001df0a,122634
576,0x0001e4f4,124148
577,0x0001df0a,122634
578,0x0001df0a,122634
579,0x0001df0a,122634
580,0x0001e4f4,124148
581,0x0001df0a,122634
582,0x0001df0a,122634
583,0x0001e4f4,124148
584,0x0001df0a,122634
585,0x0001df0a,122634
586,0x0001df0a,122634
587,0x0001e4f4,124148
588,0x0001df0a,122634
589,0x0001df0a,122634
590,0x0001df0a,122634
591,0x0001e4f4,124148
592,0x0001df0a,122634
593,0x0001df0a,122634
594,0x0001e4f4,124148
595,0x0001df0a,122634
596,0x0001df0a,122634
597,0x0001df0a,122634
598,0x0001e4f4,124148
599,0x0001df0a,122634
600,0x0001df0a,122634
601,0x0001df0a,122634
602,0x0001e4f4,124148
603,0x0001df0a,122634
604,0x0001df0a,122634
605,0x0001e4f4,124148
606,0x0001df0a,122634
607,0x0001df0a,122634
608,0x0001df0a,122634
609,0x0001e4f4,124148
610,0x0001df0a,122634
611,0x0001df0a,122634
612,0x0001df0a,122634
613,0x0001df0a,122634
614,0x0001df0a,122634
615,0x0000dad2,56018
616,0x00018c3e,101438
617,0x0001df0a,122634
618,0x0001df0a,122634
619,0x0001df0a,122634
620,0x0001e4f4,124148
621,0x0001df0a,122634
622,0x0001df0a,122634
623,0x0001df0a,122634
624,0x0001e4f4,124148
625,0x0001df0a,122634
626,0x0001df0a,122634
627,0x0001e4f4,124148
628,0x0001df0a,122634
629,0x0001df0a,122634
630,0x0001df0a,122634
631,0x0001e4f4,124148
632,0x0001df0a,122634
633,0x0001df0a,122634
634,0x0001df0a,122634
635,0x0001e4f4,124148
636,0x0001df0a,122634
637,0x0001df0a,122634
638,0x0001e4f4,124148
639,0x0001df0a,122634
640,0x0001df0a,122634
641,0x0001df0a,122634
642,0x0001e4f4,124148
643,0x0001df0a,122634
644,0x0001df0a,122634
645,0x0001df0a,122634
646,0x0001df0a,122634
647,0x0001df0a,122634
648,0x0001df0a,122634
649,0x0001e4f4,124148
650,0x0001df0a,122634
651,0x0001df0a,122634
652,0x0001df0a,122634
653,0x0001e4f4,124148
654,0x0001df0a,122634
655,0x0001df0a,122634
656,0x0001e4f4,124148
657,0x0001df0a,122634
658,0x0001df0a,122634
659,0x0001df0a,122634
660,0x0001e4f4,124148
661,0x0001df0a,122634
662,0x0001df0a,122634
663,0x0001df0a,122634
664,0x0000c32a,49962
665,0x000017a8,6056
666,0x00017496,95382
667,0x0001df0a,122634
668,0x0001e4f4,124148
669,0x0001df0a,122634
670,0x0001df0a,122634
671,0x0001df0a,122634
672,0x0001e4f4,124148
673,0x0001df0a,122634
674,0x0001df0a,122634
675,0x0001e4f4,124148
676,0x0001df0a,122634
677,0x0001df0a,122634
678,0x0001df0a,122634
679,0x0001e4f4,124148
680,0x0001df0a,122634
681,0x0001df0a,122634
682,0x0001df0a,122634
683,0x0001e4f4,124148
684,0x0001df0a,122634
685,0x0001df0a,122634
686,0x0001e4f4,124148
687,0x0001df0a,122634
688,0x0001df0a,122634
689,0x0001df0a,122634
690,0x0001e4f4,124148
691,0x0001df0a,122634
692,0x0001df0a,122634
693,0x0001e4f4,124148
694,0x0001df0a,122634
695,0x0001df0a,122634
696,0x0001df0a,122634
697,0x0001e4f4,124148
698,0x0001df0a,122634
699,0x0001df0a,122634
700,0x0001df0a,122634
701,0x0001e4f4,124148
702,0x0001df0a,122634
703,0x0001df0a,122634
704,0x0001e4f4,124148
705,0x0001df0a,122634
706,0x0001df0a,122634
707,0x0001df0a,122634
708,0x0001e4f4,124148
709,0x0001df0a,122634
710,0x0001df0a,122634
711,0x0001df0a,122634
712,0x0001e4f4,124148
713,0x0001df0a,122634
714,0x0000ab82,43906
715,0x000052cc,21196
716,0x0001e4f4,124148
717,0x0001df0a,122634
718,0x0001df0a,122634
719,0x0001df0a,122634
720,0x0001df0a,122634
721,0x0001df0a,122634
722,0x0001df0a,122634
723,0x0001e4f4,124148
724,0x0001df0a,122634
725,0x0001df0a,122634
726,0x000115f6,71158
727,0x0001df0a,122634
728,0x0001df0a,122634
729,0x0001df0a,122634
730,0x0001e4f4,124148
731,0x0001df0a,122634
732,0x0001df0a,122634
733,0x0001df0a,122634
734,0x0001e4f4,124148
735,0x0001df0a,122634
736,0x0001df0a,122634
737,0x0001e4f4,124148
738,0x0001df0a,122634
739,0x0001a9d0,109008
740,0x0001df0a,122634
741,0x0001df0a,122634
742,0x0001d920,121120
743,0x0001df0a,122634
744,0x0001d920,121120
745,0x0001df0a,122634
746,0x0001d336,119606
747,0x0001e4f4,124148
748,0x0001df0a,122634
749,0x0001df0a,122634
750,0x0001e4f4,124148
751,0x0001df0a,122634
752,0x0001df0a,122634
753,0x0001df0a,122634
754,0x0001e4f4,124148
755,0x0001df0a,122634
756,0x0001df0a,122634
757,0x0001df0a,122634
758,0x0001e4f4,124148
759,0x0001df0a,122634
760,0x0001df0a,122634
761,0x0001e4f4,124148
762,0x0001df0a,122634
763,0x0001df0a,122634
764,0x00019dfc,105980
765,0x0001df0a,122634
766,0x0001df0a,122634
767,0x0001e4f4,124148
768,0x0001df0a,122634
769,0x0001df0a,122634
770,0x0001df0a,122634
771,0x0001e4f4,124148
772,0x0001df0a,122634
773,0x0001df0a,122634
774,0x0001e4f4,124148
775,0x0001df0a,122634
776,0x0001df0a,122634
777,0x0001df0a,122634
778,0x0001e4f4,124148
779,0x0001df0a,122634
780,0x0001df0a,122634
781,0x0001df0a,122634
782,0x0001df0a,122634
783,0x0001df0a,122634
784,0x0001df0a,122634
785,0x0001e4f4,124148
786,0x0001df0a,122634
787,0x0001df0a,122634
788,0x0001df0a,122634
789,0x0001e4f4,124148
790,0x0001df0a,122634
791,0x0001df0a,122634
792,0x0001e4f4,124148
793,0x0001df0a,122634
794,0x0001df0a,122634
795,0x0001df0a,122634
796,0x0001e4f4,124148
797,0x0001df0a,122634
798,0x0001df0a,122634
799,0x0001df0a,122634
800,0x0001e4f4,124148
801,0x0001df0a,122634
802,0x0001df0a,122634
803,0x0001e4f4,124148
804,0x0001df0a,122634
805,0x0001b5a4,112036
806,0x0001df0a,122634
807,0x0001df0a,122634
808,0x0001df0a,122634
809,0x0001e4f4,124148
810,0x0001df0a,122634
811,0x0001df0a,122634
812,0x0001e4f4,124148
813,0x0001df0a,122634
814,0x0001df0a,122634
815,0x0001bb8e,113550
816,0x0001df0a,122634
817,0x0001df0a,122634
818,0x0001df0a,122634
819,0x0001e4f4,124148
820,0x0001df0a,122634
821,0x0001df0a,122634
822,0x0001df0a,122634
823,0x0001df0a,122634
824,0x0001df0a,122634
825,0x0001df0a,122634
826,0x0001e4f4,124148
827,0x0001df0a,122634
828,0x0001df0a,122634
829,0x0001df0a,122634
830,0x0001e4f4,124148
831,0x0001df0a,122634
832,0x0001df0a,122634
833,0x0001e4f4,124148
834,0x0001df0a,122634
835,0x0001df0a,122634
836,0x0001df0a,122634
837,0x0001e4f4,124148
838,0x0001df0a,122634
839,0x0001df0a,122634
840,0x0001df0a,122634
841,0x0001e4f4,124148
842,0x0001df0a,122634
843,0x0001df0a,122634
844,0x0001e4f4,124148
845,0x0001df0a,122634
846,0x0001df0a,122634
847,0x0001df0a,122634
848,0x0001e4f4,124148
849,0x0001df0a,122634
850,0x0001df0a,122634
851,0x0001df0a,122634
852,0x0001e4f4,124148
853,0x0001df0a,122634
854,0x0001df0a,122634
855,0x0001e4f4,124148
856,0x0001df0a,122634
857,0x0001df0a,122634
858,0x0001df0a,122634
859,0x0001e4f4,124148
860,0x0001df0a,122634
861,0x0001df0a,122634
862,0x0001e4f4,124148
863,0x0001df0a,122634
864,0x000017a8,6056
865,0x00007648,30280
866,0x0001df0a,122634
867,0x0001e4f4,124148
868,0x0001df0a,122634
869,0x0001df0a,122634
870,0x0001e4f4,124148
871,0x0001df0a,122634
872,0x00019dfc,105980
873,0x0001d920,121120
874,0x0001df0a,122634
875,0x0001e4f4,124148
876,0x0001df0a,122634
877,0x0001df0a,122634
878,0x0001e4f4,124148
879,0x0001df0a,122634
880,0x0001df0a,122634
881,0x0001df0a,122634
882,0x0001e4f4,124148
883,0x0001df0a,122634
884,0x0001df0a,122634
885,0x0001df0a,122634
886,0x0001e4f4,124148
887,0x0001df0a,122634
888,0x0001df0a,122634
889,0x0001e4f4,124148
890,0x0001df0a,122634
891,0x0001df0a,122634
892,0x0001df0a,122634
893,0x0001e4f4,124148
894,0x0001df0a,122634
895,0x0001df0a,122634
896,0x0001e4f4,124148
897,0x0001df0a,122634
898,0x0001df0a,122634
899,0x0001df0a,122634
900,0x0001e4f4,124148
901,0x0001df0a,122634
902,0x0001df0a,122634
903,0x0001df0a,122634
904,0x0001e4f4,124148
905,0x0001df0a,122634
906,0x0001df0a,122634
907,0x0001e4f4,124148
908,0x0001df0a,122634
909,0x0001df0a,122634
910,0x0001df0a,122634
911,0x0001e4f4,124148
912,0x0001df0a,122634
913,0x0001df0a,122634
914,0x0001df0a,122634
915,0x0001e4f4,124148
916,0x0001df0a,122634
917,0x0001df0a,122634
918,0x0001e4f4,124148
919,0x0001df0a,122634
920,0x0001df0a,122634
921,0x0001df0a,122634
922,0x000058b6,22710
923,0x0001a3e6,107494
924,0x0001df0a,122634
925,0x0001df0a,122634
926,0x0001e4f4,124148
927,0x0001df0a,122634
928,0x0001df0a,122634
929,0x0001e4f4,124148
930,0x0001df0a,122634
931,0x0001df0a,122634
932,0x0001df0a,122634
933,0x0001e4f4,124148
934,0x0001df0a,122634
935,0x0001df0a,122634
936,0x0001e4f4,124148
937,0x0001df0a,122634
938,0x0001df0a,122634
939,0x0001df0a,122634
940,0x0001e4f4,124148
941,0x0001df0a,122634
942,0x0001df0a,122634
943,0x0001df0a,122634
944,0x0001e4f4,124148
945,0x0001df0a,122634
946,0x0001df0a,122634
947,0x0001e4f4,124148
948,0x0001df0a,122634
949,0x0001df0a,122634
950,0x0001df0a,122634
951,0x0001e4f4,124148
952,0x0001df0a,122634
953,0x0001df0a,122634
954,0x0001df0a,122634
955,0x0001e4f4,124148
956,0x0001df0a,122634
957,0x0001df0a,122634
958,0x0001e4f4,124148
959,0x0001df0a,122634
960,0x0001df0a,122634
961,0x0001df0a,122634
962,0x0001e4f4,124148
963,0x0001df0a,122634
964,0x0001df0a,122634
965,0x0001e4f4,124148
966,0x0001df0a,122634
967,0x0001df0a,122634
968,0x0001df0a,122634
969,0x0001e4f4,124148
970,0x0001df0a,122634
971,0x000099c4,39364
972,0x0001a9d0,109008
973,0x0001df0a,122634
974,0x0001df0a,122634
975,0x0001e4f4,124148
976,0x0001df0a,122634
977,0x0001df0a,122634
978,0x0001df0a,122634
979,0x0001e4f4,124148
980,0x0001df0a,122634
981,0x00012d9e,77214
982,0x0001df0a,122634
983,0x0001df0a,122634
984,0x0001df0a,122634
985,0x0001e4f4,124148
986,0x0001df0a,122634
987,0x0001df0a,122634
988,0x0001e4f4,124148
989,0x0001bb8e,113550
990,0x0001e4f4,124148
991,0x0001df0a,122634
992,0x0001df0a,122634
993,0x0001e4f4,124148
994,0x0001df0a,122634
995,0x0001df0a,122634
996,0x0001c178,115064
997,0x0001e4f4,124148
998,0x0001df0a,122634
999,0x0001df0a,122634
1000,0x0001e4f4,124148
1001,0x0001df0a,122634
1002,0x0001df0a,122634
1003,0x0001df0a,122634
1004,0x0001e4f4,124148
1005,0x0001df0a,122634
1006,0x0001df0a,122634
1007,0x0001df0a,122634
1008,0x0001df0a,122634
1009,0x0001df0a,122634
1010,0x0001df0a,122634
1011,0x0001e4f4,124148
1012,0x0001df0a,122634
1013,0x0001df0a,122634
1014,0x0001df0a,122634
1015,0x0001b5a4,112036
1016,0x0001bb8e,113550
1017,0x0001d920,121120
1018,0x0001df0a,122634
1019,0x0001e4f4,124148
1020,0x0001cd4c,118092
1021,0x0001df0a,122634
1022,0x0001d920,121120
1023,0x0001df0a,122634
1024,0x0001d920,121120
1025,0x0001df0a,122634
1026,0x00015704,87812
1027,0x0001e4f4,124148
1028,0x0001df0a,122634
1029,0x0001df0a,122634
1030,0x0001e4f4,124148
1031,0x0000c32a,49962
1032,0x0001df0a,122634
1033,0x0001e4f4,124148
1034,0x0001df0a,122634
1035,0x0001df0a,122634
1036,0x0001df0a,122634
1037,0x0001e4f4,124148
1038,0x0001df0a,122634
1039,0x0001df0a,122634
1040,0x0001e4f4,124148
1041,0x0001df0a,122634
1042,0x0001df0a,122634
1043,0x0001df0a,122634
1044,0x0001e4f4,124148
1045,0x0001df0a,122634
1046,0x0001df0a,122634
1047,0x0001e4f4,124148
1048,0x0001df0a,122634
1049,0x0001df0a,122634
1050,0x0001df0a,122634
1051,0x0001e4f4,124148
1052,0x0001df0a,122634
1053,0x0001df0a,122634
1054,0x0001df0a,122634
1055,0x0001e4f4,124148
1056,0x0001df0a,122634
1057,0x0001df0a,122634
1058,0x0001e4f4,124148
1059,0x0001df0a,122634
1060,0x0001df0a,122634
1061,0x0001df0a,122634
1062,0x0001e4f4,124148
1063,0x0001df0a,122634
1064,0x0001df0a,122634
1065,0x0001df0a,122634
1066,0x0001e4f4,124148
1067,0x0001df0a,122634
1068,0x0001df0a,122634
1069,0x0001e4f4,124148
1070,0x0001df0a,122634
1071,0x0001df0a,122634
1072,0x0001df0a,122634
1073,0x0001e4f4,124148
1074,0x0001df0a,122634
1075,0x0001df0a,122634
1076,0x0001e4f4,124148
1077,0x0001df0a,122634
1078,0x0001df0a,122634
1079,0x00019dfc,105980
1080,0x00005ea0,24224
1081,0x0001df0a,122634
1082,0x0001e4f4,124148
1083,0x0001df0a,122634
1084,0x0001df0a,122634
1085,0x0001df0a,122634
1086,0x0001e4f4,124148
1087,0x0001df0a,122634
1088,0x0001df0a,122634
1089,0x0001e4f4,124148
1090,0x0001df0a,122634
1091,0x0001df0a,122634
1092,0x0001df0a,122634
1093,0x0001e4f4,124148
1094,0x0001df0a,122634
1095,0x0001df0a,122634
1096,0x0001e4f4,124148
1097,0x0001df0a,122634
1098,0x0001df0a,122634
1099,0x0000fe4e,65102
1100,0x0001df0a,122634
1101,0x0001df0a,122634
1102,0x00012d9e,77214
1103,0x0001df0a,122634
1104,0x0001df0a,122634
1105,0x0001df0a,122634
1106,0x0001e4f4,124148
1107,0x0001df0a,122634
1108,0x0001df0a,122634
1109,0x0001e4f4,124148
1110,0x0001df0a,122634
1111,0x0001df0a,122634
1112,0x0001df0a,122634
1113,0x0001e4f4,124148
1114,0x0001df0a,122634
1115,0x0001df0a,122634
1116,0x0001df0a,122634
1117,0x0001e4f4,124148
1118,0x0001df0a,122634
1119,0x0001df0a,122634
1120,0x0001e4f4,124148
1121,0x0001df0a,122634
1122,0x0001df0a,122634
1123,0x0001df0a,122634
1124,0x0001e4f4,124148
1125,0x0001df0a,122634
1126,0x0001df0a,122634
1127,0x0001e4f4,124148
1128,0x0001df0a,122634
1129,0x0001df0a,122634
1130,0x0001df0a,122634
1131,0x0001e4f4,124148
1132,0x0001df0a,122634
1133,0x0001df0a,122634
1134,0x0001df0a,122634
1135,0x0001e4f4,124148
1136,0x0001df0a,122634
1137,0x0001df0a,122634
1138,0x0001e4f4,124148
1139,0x0001df0a,122634
1140,0x0001df0a,122634
1141,0x00015704,87812
1142,0x0001df0a,122634
1143,0x00013388,78728
1144,0x00007648,30280
1145,0x0001df0a,122634
1146,0x0001df0a,122634
1147,0x0001e4f4,124148
1148,0x0001df0a,122634
1149,0x0001df0a,122634
1150,0x0001df0a,122634
1151,0x0001e4f4,124148
1152,0x0001df0a,122634
1153,0x0001df0a,122634
1154,0x0001bb8e,113550
1155,0x0001df0a,122634
1156,0x0001d920,121120
1157,0x0001e4f4,124148
1158,0x0001df0a,122634
1159,0x0001df0a,122634
1160,0x0001e4f4,124148
1161,0x0001df0a,122634
1162,0x0001df0a,122634
1163,0x0001df0a,122634
1164,0x0001e4f4,124148
1165,0x0001df0a,122634
1166,0x0001df0a,122634
1167,0x0001e4f4,124148
1168,0x0001df0a,122634
1169,0x0001df0a,122634
1170,0x0001df0a,122634
1171,0x0001e4f4,124148
1172,0x0001df0a,122634
1173,0x0001df0a,122634
1174,0x0001df0a,122634
1175,0x0001e4f4,124148
1176,0x0001df0a,122634
1177,0x0001df0a,122634
1178,0x0001e4f4,124148
1179,0x0001df0a,122634
1180,0x0001df0a,122634
1181,0x0001df0a,122634
1182,0x0001e4f4,124148
1183,0x0001df0a,122634
1184,0x0001df0a,122634
1185,0x0001df0a,122634
1186,0x0001e4f4,124148
1187,0x0001df0a,122634
1188,0x0001df0a,122634
1189,0x0001e4f4,124148
1190,0x0001df0a,122634
1191,0x0001df0a,122634
1192,0x0001df0a,122634
1193,0x0001e4f4,124148
1194,0x0001df0a,122634
1195,0x0001df0a,122634
1196,0x0001e4f4,124148
1197,0x0001df0a,122634
1198,0x0001df0a,122634
1199,0x0001df0a,122634
1200,0x0001e4f4,124148
1201,0x0001df0a,122634
1202,0x0001df0a,122634
1203,0x0001df0a,122634
1204,0x0000d4e8,54504
1205,0x000121ca,74186
1206,0x0001e4f4,124148
1207,0x0001df0a,122634
1208,0x0001df0a,122634
1209,0x0001df0a,122634
1210,0x0001e4f4,124148
1211,0x0001df0a,122634
1212,0x0001df0a,122634
1213,0x0001e4f4,124148
1214,0x0001df0a,122634
1215,0x00009fae,40878
1216,0x0001df0a,122634
1217,0x0001df0a,122634
1218,0x0001e4f4,124148
1219,0x0001df0a,122634
1220,0x0001df0a,122634
1221,0x0001e4f4,124148
1222,0x0001df0a,122634
1223,0x0001df0a,122634
1224,0x0001df0a,122634
1225,0x0001e4f4,124148
1226,0x0001df0a,122634
1227,0x0001df0a,122634
1228,0x0001df0a,122634
1229,0x0001e4f4,124148
1230,0x0001df0a,122634
1231,0x0001df0a,122634
1232,0x0001e4f4,124148
1233,0x0001df0a,122634
1234,0x0001df0a,122634
1235,0x0001df0a,122634
1236,0x0001e4f4,124148
1237,0x0001df0a,122634
1238,0x0001df0a,122634
1239,0x0001df0a,122634
1240,0x0001806a,98410
1241,0x0001df0a,122634
1242,0x0001df0a,122634
1243,0x0001e4f4,124148
1244,0x0001df0a,122634
1245,0x0001df0a,122634
1246,0x0001e4f4,124148
1247,0x0001df0a,122634
1248,0x0001df0a,122634
1249,0x0001df0a,122634
1250,0x0001e4f4,124148
1251,0x0001df0a,122634
1252,0x0001df0a,122634
1253,0x0001df0a,122634
1254,0x0001e4f4,124148
1255,0x0001df0a,122634
1256,0x0001df0a,122634
1257,0x0001e4f4,124148
1258,0x0001df0a,122634
1259,0x0001df0a,122634
1260,0x00010a22,68130
1261,0x0001df0a,122634
1262,0x0001df0a,122634
1263,0x0001e4f4,124148
1264,0x0001c762,116578
1265,0x0001e4f4,124148
1266,0x0001df0a,122634
1267,0x0001d920,121120
1268,0x0001df0a,122634
1269,0x0001df0a,122634
1270,0x0001d336,119606
1271,0x0001e4f4,124148
1272,0x0001df0a,122634
1273,0x0001df0a,122634
1274,0x0001df0a,122634
1275,0x0001e4f4,124148
1276,0x0001d336,119606
1277,0x0001df0a,122634
1278,0x0001df0a,122634
1279,0x0001df0a,122634
1280,0x0001e4f4,124148
1281,0x0001df0a,122634
1282,0x0001df0a,122634
1283,0x0001df0a,122634
1284,0x0001e4f4,124148
1285,0x0001df0a,122634
1286,0x0001df0a,122634
1287,0x0001e4f4,124148
1288,0x0001df0a,122634
1289,0x0001df0a,122634
1290,0x0001df0a,122634
1291,0x0001e4f4,124148
1292,0x0001df0a,122634
1293,0x0001df0a,122634
1294,0x0001df0a,122634
1295,0x0001e4f4,124148
1296,0x0001df0a,122634
1297,0x0001df0a,122634
1298,0x0001e4f4,124148
1299,0x0001df0a,122634
1300,0x0001df0a,122634
1301,0x0001df0a,122634
1302,0x0001e4f4,124148
1303,0x0001df0a,122634
1304,0x0001df0a,122634
1305,0x0001e4f4,124148
1306,0x0001df0a,122634
1307,0x0001df0a,122634
1308,0x0001df0a,122634
1309,0x0001e4f4,124148
1310,0x0001df0a,122634
1311,0x0001df0a,122634
1312,0x0001df0a,122634
1313,0x0001e4f4,124148
1314,0x0001df0a,122634
1315,0x0001df0a,122634
1316,0x0001e4f4,124148
1317,0x0001df0a,122634
1318,0x0001df0a,122634
1319,0x0001df0a,122634
1320,0x0001e4f4,124148
1321,0x0001df0a,122634
1322,0x0001df0a,122634
1323,0x0001df0a,122634
1324,0x0001a3e6,107494
1325,0x0000d4e8,54504
1326,0x0001df0a,122634
1327,0x0001df0a,122634
1328,0x0001e4f4,124148
1329,0x0001df0a,122634
1330,0x0001df0a,122634
1331,0x0001e4f4,124148
1332,0x0001df0a,122634
1333,0x0001df0a,122634
1334,0x0001df0a,122634
1335,0x0001e4f4,124148
1336,0x0001df0a,122634
1337,0x0001df0a,122634
1338,0x0001e4f4,124148
1339,0x0001df0a,122634
1340,0x0001df0a,122634
1341,0x0001df0a,122634
1342,0x0001e4f4,124148
1343,0x0001df0a,122634
1344,0x0001df0a,122634
1345,0x0001df0a,122634
1346,0x0001e4f4,124148
1347,0x0001df0a,122634
1348,0x0001df0a,122634
1349,0x0001e4f4,124148
1350,0x0001df0a,122634
1351,0x0001df0a,122634
1352,0x0001df0a,122634
1353,0x0001e4f4,124148
1354,0x0001df0a,122634
1355,0x0001df0a,122634
1356,0x0001df0a,122634
1357,0x0001e4f4,124148
1358,0x0001df0a,122634
1359,0x0001df0a,122634
1360,0x0001e4f4,124148
1361,0x0001df0a,122634
1362,0x0001df0a,122634
1363,0x0001df0a,122634
1364,0x0001e4f4,124148
1365,0x0001df0a,122634
1366,0x0001df0a,122634
1367,0x0001e4f4,124148
1368,0x0001df0a,122634
1369,0x0001df0a,122634
1370,0x0001df0a,122634
1371,0x0001e4f4,124148
1372,0x0001df0a,122634
1373,0x000168c2,92354
1374,0x000017a8,6056
1375,0x00017496,95382
1376,0x0001df0a,122634
1377,0x0001df0a,122634
1378,0x0001df0a,122634
1379,0x0001df0a,122634
1380,0x0001df0a,122634
1381,0x0001df0a,122634
1382,0x0001e4f4,124148
1383,0x0001df0a,122634
1384,0x0001df0a,122634
1385,0x0001df0a,122634
1386,0x0001e4f4,124148
1387,0x0001df0a,122634
1388,0x0001df0a,122634
1389,0x0001e4f4,124148
1390,0x0001df0a,122634
1391,0x0001df0a,122634
1392,0x0001df0a,122634
1393,0x0001e4f4,124148
1394,0x0001df0a,122634
1395,0x0001df0a,122634
1396,0x0001df0a,122634
1397,0x0001e4f4,124148
1398,0x0001df0a,122634
1399,0x0001df0a,122634
1400,0x0001e4f4,124148
1401,0x0001df0a,122634
1402,0x0001df0a,122634
1403,0x0001df0a,122634
1404,0x0001e4f4,124148
1405,0x0001df0a,122634
1406,0x0001df0a,122634
1407,0x0001df0a,122634
1408,0x0001e4f4,124148
1409,0x0001df0a,122634
1410,0x0001df0a,122634
1411,0x0001e4f4,124148
1412,0x0001df0a,122634
1413,0x0001df0a,122634
1414,0x0001df0a,122634
1415,0x0001e4f4,124148
1416,0x0001df0a,122634
1417,0x0001df0a,122634
1418,0x0001e4f4,124148
1419,0x0001df0a,122634
1420,0x0001df0a,122634
1421,0x0001df0a,122634
1422,0x0001e4f4,124148
1423,0x0000b16c,45420
1424,0x000017a8,6056
1425,0x0001e4f4,124148
1426,0x0001df0a,122634
1427,0x0001df0a,122634
1428,0x0001e4f4,124148
1429,0x0001df0a,122634
1430,0x0001df0a,122634
1431,0x0001df0a,122634
1432,0x0001e4f4,124148
1433,0x0001df0a,122634
1434,0x0001df0a,122634
1435,0x0001bb8e,113550
1436,0x00016eac,93868
1437,0x0001df0a,122634
1438,0x0001e4f4,124148
1439,0x0001df0a,122634
1440,0x0001df0a,122634
1441,0x0001df0a,122634
1442,0x0001e4f4,124148
1443,0x0001df0a,122634
1444,0x0001df0a,122634
1445,0x0001df0a,122634
1446,0x0001e4f4,124148
1447,0x0001df0a,122634
1448,0x0001df0a,122634
1449,0x0001e4f4,124148
1450,0x0001df0a,122634
1451,0x0001df0a,122634
1452,0x0001df0a,122634
1453,0x0001e4f4,124148
1454,0x0001df0a,122634
1455,0x0001df0a,122634
1456,0x0001e4f4,124148
1457,0x0001df0a,122634
1458,0x0001df0a,122634
1459,0x0001df0a,122634
1460,0x0001e4f4,124148
1461,0x0001df0a,122634
1462,0x0001df0a,122634
1463,0x0001df0a,122634
1464,0x0001e4f4,124148
1465,0x0001df0a,122634
1466,0x0001df0a,122634
1467,0x0001e4f4,124148
1468,0x0001df0a,122634
1469,0x0001df0a,122634
1470,0x0001df0a,122634
1471,0x0001e4f4,124148
1472,0x0001df0a,122634
1473,0x0001df0a,122634
1474,0x0001df0a,122634
1475,0x0001e4f4,124148
1476,0x0001df0a,122634
1477,0x0001df0a,122634
1478,0x0001e4f4,124148
1479,0x0001df0a,122634
1480,0x0001df0a,122634
1481,0x0001df0a,122634
1482,0x00015704,87812
1483,0x0001df0a,122634
1484,0x00010a22,68130
1485,0x00001d92,7570
1486,0x000011be,4542
1487,0x0001df0a,122634
1488,0x0001e4f4,124148
1489,0x0001df0a,122634
1490,0x0001df0a,122634
1491,0x0001df0a,122634
1492,0x0001e4f4,124148
1493,0x0001df0a,122634
1494,0x0001df0a,122634
1495,0x0001df0a,122634
1496,0x0001e4f4,124148
1497,0x0001df0a,122634
1498,0x0001df0a,122634
1499,0x0001e4f4,124148
1500,0x0001df0a,122634
1501,0x0001df0a,122634
1502,0x0001df0a,122634
1503,0x0001e4f4,124148
1504,0x0001df0a,122634
1505,0x0001df0a,122634
1506,0x0001df0a,122634
1507,0x0001e4f4,124148
1508,0x0001df0a,122634
1509,0x0001df0a,122634
1510,0x0001e4f4,124148
1511,0x0001df0a,122634
1512,0x0001df0a,122634
1513,0x0001df0a,122634
1514,0x0001e4f4,124148
1515,0x0001df0a,122634
1516,0x0001df0a,122634
1517,0x0001e4f4,124148
1518,0x0001df0a,122634
1519,0x0001df0a,122634
1520,0x0001df0a,122634
1521,0x0001e4f4,124148
1522,0x0001df0a,122634
1523,0x0001df0a,122634
1524,0x0001df0a,122634
1525,0x0001e4f4,124148
1526,0x0001df0a,122634
1527,0x0001df0a,122634
1528,0x0001e4f4,124148
1529,0x0001df0a,122634
1530,0x0001df0a,122634
1531,0x0001df0a,122634
1532,0x0001e4f4,124148
1533,0x0001df0a,122634
1534,0x0001df0a,122634
1535,0x00005ea0,24224
1536,0x0001df0a,122634
1537,0x0001e4f4,124148
1538,0x0001df0a,122634
1539,0x0001df0a,122634
1540,0x0001df0a,122634
1541,0x0001e4f4,124148
1542,0x0001df0a,122634
1543,0x0001df0a,122634
1544,0x0001df0a,122634
1545,0x0001e4f4,124148
1546,0x0001df0a,122634
1547,0x0001df0a,122634
1548,0x0001e4f4,124148
1549,0x0001df0a,122634
1550,0x0001df0a,122634
1551,0x0001df0a,122634
1552,0x0001e4f4,124148
1553,0x0001df0a,122634
1554,0x0001df0a,122634
1555,0x0001df0a,122634
1556,0x0001e4f4,124148
1557,0x0001df0a,122634
1558,0x0001df0a,122634
1559,0x0001e4f4,124148
1560,0x0001df0a,122634
1561,0x0001df0a,122634
1562,0x0001df0a,122634
1563,0x0001e4f4,124148
1564,0x0001df0a,122634
1565,0x0001df0a,122634
1566,0x0001e4f4,124148
1567,0x0001df0a,122634
1568,0x0001df0a,122634
1569,0x0001df0a,122634
1570,0x0001e4f4,124148
1571,0x0001df0a,122634
1572,0x0001df0a,122634
1573,0x0001df0a,122634
1574,0x0001e4f4,124148
1575,0x0001df0a,122634
1576,0x0001df0a,122634
1577,0x0001e4f4,124148
1578,0x0001df0a,122634
1579,0x0001df0a,122634
1580,0x0001df0a,122634
1581,0x0001e4f4,124148
1582,0x0001df0a,122634
1583,0x0001df0a,122634
1584,0x0000dad2,56018
1585,0x0000a598,42392
1586,0x0001df0a,122634
1587,0x0001e4f4,124148
1588,0x0001df0a,122634
1589,0x0001df0a,122634
1590,0x0001e4f4,124148
1591,0x0001df0a,122634
1592,0x0001df0a,122634
1593,0x0001df0a,122634
1594,0x0001e4f4,124148
1595,0x0001df0a,122634
1596,0x0001df0a,122634
1597,0x0001df0a,122634
1598,0x0001e4f4,124148
1599,0x0001df0a,122634
1600,0x0001df0a,122634
1601,0x0001e4f4,124148
1602,0x0001df0a,122634
1603,0x0001df0a,122634
1604,0x0001df0a,122634
1605,0x0001e4f4,124148
1606,0x0001df0a,122634
1607,0x0001df0a,122634
1608,0x0001e4f4,124148
1609,0x0001df0a,122634
1610,0x0001df0a,122634
1611,0x0001df0a,122634
1612,0x0001e4f4,124148
1613,0x0001df0a,122634
1614,0x0001df0a,122634
1615,0x0001df0a,122634
1616,0x0001e4f4,124148
1617,0x0001df0a,122634
1618,0x0001df0a,122634
1619,0x0001e4f4,124148
1620,0x0001df0a,122634
1621,0x0001df0a,122634
1622,0x0001df0a,122634
1623,0x0001e4f4,124148
1624,0x0001df0a,122634
1625,0x0001df0a,122634
1626,0x0001df0a,122634
1627,0x0001e4f4,124148
1628,0x0001df0a,122634
1629,0x0001df0a,122634
1630,0x0001e4f4,124148
1631,0x0001df0a,122634
1632,0x0001df0a,122634
1633,0x0001df0a,122634
1634,0x00003b24,15140
1635,0x0000bd40,48448
1636,0x0001df0a,122634
1637,0x0001df0a,122634
1638,0x0001e4f4,124148
1639,0x0001df0a,122634
1640,0x0001df0a,122634
1641,0x0001e4f4,124148
1642,0x0001df0a,122634
1643,0x0001df0a,122634
1644,0x0001df0a,122634
1645,0x0001e4f4,124148
1646,0x0001df0a,122634
1647,0x0001df0a,122634
1648,0x0001df0a,122634
1649,0x0001e4f4,124148
1650,0x0001df0a,122634
1651,0x0001df0a,122634
1652,0x0001e4f4,124148
1653,0x0001df0a,122634
1654,0x0001df0a,122634
1655,0x0001df0a,122634
1656,0x0001e4f4,124148
1657,0x0001df0a,122634
1658,0x0001df0a,122634
1659,0x0001df0a,122634
1660,0x0001e4f4,124148
1661,0x0001df0a,122634
1662,0x0001df0a,122634
1663,0x0001e4f4,124148
1664,0x0001df0a,122634
1665,0x0001df0a,122634
1666,0x0001df0a,122634
1667,0x0001e4f4,124148
1668,0x0001df0a,122634
1669,0x0001df0a,122634
1670,0x0001df0a,122634
1671,0x0001df0a,122634
1672,0x0001df0a,122634
1673,0x0001df0a,122634
1674,0x0001e4f4,124148
1675,0x0001df0a,122634
1676,0x0001df0a,122634
1677,0x0001df0a,122634
1678,0x0001e4f4,124148
1679,0x0001df0a,122634
1680,0x0001df0a,122634
1681,0x0001e4f4,124148
1682,0x0001df0a,122634
1683,0x000162d8,90840
1684,0x0000705e,28766
1685,0x0001df0a,122634
1686,0x0001df0a,122634
1687,0x0001df0a,122634
1688,0x0001e4f4,124148
1689,0x0001df0a,122634
1690,0x0001df0a,122634
1691,0x0001df0a,122634
1692,0x0001e4f4,124148
1693,0x0001df0a,122634
1694,0x0001df0a,122634
1695,0x0001e4f4,124148
1696,0x0001df0a,122634
1697,0x0001df0a,122634
1698,0x0001df0a,122634
1699,0x0001e4f4,124148
1700,0x0001df0a,122634
1701,0x0001df0a,122634
1702,0x0001df0a,122634
1703,0x0001e4f4,124148
1704,0x0001df0a,122634
1705,0x0001df0a,122634
1706,0x0001e4f4,124148
1707,0x0001df0a,122634
1708,0x0001df0a,122634
1709,0x0001df0a,122634
1710,0x0001e4f4,124148
1711,0x0001df0a,122634
1712,0x0001df0a,122634
1713,0x0001e4f4,124148
1714,0x0001df0a,122634
1715,0x0001df0a,122634
1716,0x0001df0a,122634
1717,0x0001e4f4,124148
1718,0x0001df0a,122634
1719,0x0001df0a,122634
1720,0x0001df0a,122634
1721,0x0001e4f4,124148
1722,0x0001df0a,122634
1723,0x0001df0a,122634
1724,0x0001e4f4,124148
1725,0x0001df0a,122634
1726,0x0001df0a,122634
1727,0x0001df0a,122634
1728,0x0001e4f4,124148
1729,0x0001df0a,122634
1730,0x0001df0a,122634
1731,0x0001df0a,122634
1732,0x0001cd4c,118092
1733,0x00008df0,36336
1734,0x0001e4f4,124148
1735,0x0001df0a,122634
1736,0x0001df0a,122634
1737,0x0001df0a,122634
1738,0x0001e4f4,124148
1739,0x0001df0a,122634
1740,0x00015cee,89326
1741,0x0001cd4c,118092
1742,0x0001e4f4,124148
1743,0x000162d8,90840
1744,0x00013f5c,81756
1745,0x0001e4f4,124148
1746,0x0001df0a,122634
1747,0x0001df0a,122634
1748,0x0001e4f4,124148
1749,0x0001df0a,122634
1750,0x0001df0a,122634
1751,0x0001df0a,122634
1752,0x0001e4f4,124148
1753,0x0001df0a,122634
1754,0x0001df0a,122634
1755,0x0001df0a,122634
1756,0x0001df0a,122634
1757,0x0001df0a,122634
1758,0x0001df0a,122634
1759,0x0001e4f4,124148
1760,0x0001df0a,122634
1761,0x0001df0a,122634
1762,0x0001df0a,122634
1763,0x0001c762,116578
1764,0x0001df0a,122634
1765,0x0001511a,86298
1766,0x0001e4f4,124148
1767,0x0001df0a,122634
1768,0x0001df0a,122634
1769,0x0001df0a,122634
1770,0x0001e4f4,124148
1771,0x0001df0a,122634
1772,0x0001df0a,122634
1773,0x0001e4f4,124148
1774,0x0001df0a,122634
1775,0x0001df0a,122634
1776,0x0001df0a,122634
1777,0x0001e4f4,124148
1778,0x0001df0a,122634
1779,0x0001df0a,122634
1780,0x0001df0a,122634
1781,0x0001df0a,122634
1782,0x0001df0a,122634
1783,0x0001df0a,122634
1784,0x0001e4f4,124148
1785,0x0001df0a,122634
1786,0x0001df0a,122634
1787,0x0001df0a,122634
1788,0x0001e4f4,124148
1789,0x0001df0a,122634
1790,0x0001df0a,122634
1791,0x0001e4f4,124148
1792,0x0001df0a,122634
1793,0x0001df0a,122634
1794,0x0001df0a,122634
1795,0x0001e4f4,124148
1796,0x0001df0a,122634
1797,0x0001df0a,122634
1798,0x0001df0a,122634
1799,0x0001e4f4,124148
1800,0x0001df0a,122634
1801,0x0001df0a,122634
1802,0x0001e4f4,124148
1803,0x0001df0a,122634
1804,0x0001df0a,122634
1805,0x0001df0a,122634
1806,0x0001e4f4,124148
1807,0x0001df0a,122634
1808,0x0001df0a,122634
1809,0x0001df0a,122634
1810,0x0001e4f4,124148
1811,0x0001df0a,122634
1812,0x0001df0a,122634
1813,0x0001df0a,122634
1814,0x00001d92,7570
1815,0x0001e4f4,124148
1816,0x0001df0a,122634
1817,0x0001df0a,122634
1818,0x0001e4f4,124148
1819,0x0001df0a,122634
1820,0x0001df0a,122634
1821,0x0001df0a,122634
1822,0x0001e4f4,124148
1823,0x0001df0a,122634
1824,0x0001df0a,122634
1825,0x0001df0a,122634
1826,0x0001df0a,122634
1827,0x0001df0a,122634
1828,0x0001df0a,122634
1829,0x0001e4f4,124148
1830,0x0001df0a,122634
1831,0x0001df0a,122634
1832,0x0001df0a,122634
1833,0x0001e4f4,124148
1834,0x0001df0a,122634
1835,0x0001df0a,122634
1836,0x0001e4f4,124148
1837,0x0001df0a,122634
1838,0x0001df0a,122634
1839,0x0001df0a,122634
1840,0x0001e4f4,124148
1841,0x0001df0a,122634
1842,0x0001df0a,122634
1843,0x0001df0a,122634
1844,0x0001e4f4,124148
1845,0x0001df0a,122634
1846,0x0001df0a,122634
1847,0x0001e4f4,124148
1848,0x0001df0a,122634
1849,0x0001df0a,122634
1850,0x0001df0a,122634
1851,0x0001e4f4,124148
1852,0x0001df0a,122634
1853,0x0001df0a,122634
1854,0x0001df0a,122634
1855,0x0001e4f4,124148
1856,0x0001df0a,122634
1857,0x0001df0a,122634
1858,0x0001e4f4,124148
1859,0x0001df0a,122634
1860,0x0001df0a,122634
1861,0x0001df0a,122634
1862,0x0001e4f4,124148
1863,0x00004ce2,19682
1864,0x000099c4,39364
1865,0x0001df0a,122634
1866,0x0001df0a,122634
1867,0x0001df0a,122634
1868,0x0001e4f4,124148
1869,0x0001df0a,122634
1870,0x0001df0a,122634
1871,0x0001a3e6,107494
1872,0x0001e4f4,124148
1873,0x0001df0a,122634
1874,0x0000f864,63588
1875,0x0001bb8e,113550
1876,0x0001df0a,122634
1877,0x0001e4f4,124148
1878,0x0001cd4c,118092
1879,0x0000dad2,56018
1880,0x0001df0a,122634
1881,0x0001df0a,122634
1882,0x0001df0a,122634
1883,0x0001e4f4,124148
1884,0x0001c762,116578
1885,0x0001e4f4,124148
1886,0x0001d920,121120
1887,0x0001df0a,122634
1888,0x0001df0a,122634
1889,0x0001c762,116578
1890,0x0001df0a,122634
1891,0x0001df0a,122634
1892,0x0001e4f4,124148
1893,0x0001df0a,122634
1894,0x0001df0a,122634
1895,0x0001df0a,122634
1896,0x0001df0a,122634
1897,0x0001df0a,122634
1898,0x0001e4f4,124148
1899,0x0001df0a,122634
1900,0x0001df0a,122634
1901,0x0001e4f4,124148
1902,0x0001df0a,122634
1903,0x0001df0a,122634
1904,0x0001df0a,122634
1905,0x0001e4f4,124148
1906,0x0001df0a,122634
1907,0x0001a9d0,109008
1908,0x0001e4f4,124148
1909,0x0001df0a,122634
1910,0x0001df0a,122634
1911,0x0001d336,119606
1912,0x0001d336,119606
1913,0x0001df0a,122634
1914,0x0001e4f4,124148
1915,0x0001df0a,122634
1916,0x0001d336,119606
1917,0x0001df0a,122634
1918,0x0001df0a,122634
1919,0x0001e4f4,124148
1920,0x0001df0a,122634
1921,0x0001df0a,122634
1922,0x0001df0a,122634
1923,0x0001e4f4,124148
1924,0x0001df0a,122634
1925,0x0001df0a,122634
1926,0x0001e4f4,124148
1927,0x0001df0a,122634
1928,0x0001df0a,122634
1929,0x0001df0a,122634
1930,0x0001e4f4,124148
1931,0x0001df0a,122634
1932,0x0001df0a,122634
1933,0x0001df0a,122634
1934,0x0001e4f4,124148
1935,0x0001df0a,122634
1936,0x0001df0a,122634
1937,0x0001e4f4,124148
1938,0x0001df0a,122634
1939,0x0001df0a,122634
1940,0x0001df0a,122634
1941,0x0001e4f4,124148
1942,0x0001df0a,122634
1943,0x0001df0a,122634
1944,0x0001df0a,122634
1945,0x0001df0a,122634
1946,0x0001afba,110522
1947,0x00019812,104466
1948,0x0001df0a,122634
1949,0x0001df0a,122634
1950,0x0001e4f4,124148
1951,0x0001df0a,122634
1952,0x0001df0a,122634
1953,0x0001df0a,122634
1954,0x0001e4f4,124148
1955,0x0001df0a,122634
1956,0x0001df0a,122634
1957,0x0001e4f4,124148
1958,0x0001df0a,122634
1959,0x0001df0a,122634
1960,0x0001df0a,122634
1961,0x0001e4f4,124148
1962,0x0001df0a,122634
1963,0x0001df0a,122634
1964,0x0001e4f4,124148
1965,0x0001df0a,122634
1966,0x0001df0a,122634
1967,0x0001df0a,122634
1968,0x0001e4f4,124148
1969,0x0001df0a,122634
1970,0x0001df0a,122634
1971,0x0001df0a,122634
1972,0x0001e4f4,124148
1973,0x0001df0a,122634
1974,0x0001df0a,122634
1975,0x0001e4f4,124148
1976,0x0001df0a,122634
1977,0x0001df0a,122634
1978,0x0001df0a,122634
1979,0x0001e4f4,124148
1980,0x0001df0a,122634
1981,0x0001511a,86298
1982,0x0001df0a,122634
1983,0x0001df0a,122634
1984,0x0001e4f4,124148
1985,0x0001df0a,122634
1986,0x0001df0a,122634
1987,0x0001e4f4,124148
1988,0x0001df0a,122634
1989,0x0001df0a,122634
1990,0x0001df0a,122634
1991,0x0001e4f4,124148
1992,0x0001df0a,122634
1993,0x0001df0a,122634
1994,0x0001df0a,122634
1995,0x0001e4f4,124148
1996,0x0001df0a,122634
1997,0x0001df0a,122634
1998,0x0001e4f4,124148
1999,0x0001df0a,122634
2000,0x0001df0a,122634
2001,0x0001df0a,122634
2002,0x0001e4f4,124148
2003,0x0001df0a,122634
2004,0x0001df0a,122634
2005,0x0001e4f4,124148
2006,0x0001df0a,122634
2007,0x0001df0a,122634
2008,0x0001df0a,122634
2009,0x0001e4f4,124148
2010,0x0001df0a,122634
2011,0x0001df0a,122634
2012,0x0001df0a,122634
2013,0x0001e4f4,124148
2014,0x0001df0a,122634
2015,0x0001df0a,122634
2016,0x0001e4f4,124148
2017,0x0001df0a,122634
2018,0x0001df0a,122634
2019,0x0001df0a,122634
2020,0x0001e4f4,124148
2021,0x0001df0a,122634
2022,0x0001df0a,122634
2023,0x0001df0a,122634
2024,0x0001e4f4,124148
2025,0x0001df0a,122634
2026,0x0001df0a,122634
2027,0x0001e4f4,124148
2028,0x0001df0a,122634
2029,0x00017496,95382
2030,0x0000821c,33308
2031,0x0001df0a,122634
2032,0x0001e4f4,124148
2033,0x0001df0a,122634
2034,0x0001df0a,122634
2035,0x0001df0a,122634
2036,0x0001e4f4,124148
2037,0x0001df0a,122634
2038,0x0001df0a,122634
2039,0x0001df0a,122634
2040,0x0001e4f4,124148
2041,0x0001df0a,122634
2042,0x0001df0a,122634
2043,0x0001e4f4,124148
2044,0x0001df0a,122634
2045,0x0001df0a,122634
2046,0x0001df0a,122634
2047,0x0001e4f4,124148
2048,0x0001df0a,122634
2049,0x0001df0a,122634
2050,0x0001e4f4,124148
2051,0x0001df0a,122634
2052,0x0001df0a,122634
2053,0x0001df0a,122634
2054,0x0001e4f4,124148
2055,0x0001df0a,122634
2056,0x0001df0a,122634
2057,0x0001df0a,122634
2058,0x0001e4f4,124148
2059,0x0001df0a,122634
2060,0x0001df0a,122634
2061,0x0001e4f4,124148
2062,0x0001df0a,122634
2063,0x0001df0a,122634
2064,0x0001df0a,122634
2065,0x0001e4f4,124148
2066,0x0001df0a,122634
2067,0x0001df0a,122634
2068,0x0001df0a,122634
2069,0x0001e4f4,124148
2070,0x0001df0a,122634
2071,0x0001df0a,122634
2072,0x0001e4f4,124148
2073,0x0001df0a,122634
2074,0x0001df0a,122634
2075,0x0001df0a,122634
2076,0x0001e4f4,124148
2077,0x0001df0a,122634
2078,0x0001c178,115064
2079,0x00010a22,68130
2080,0x0001df0a,122634
2081,0x0001df0a,122634
2082,0x0001e4f4,124148
2083,0x0001df0a,122634
2084,0x00018c3e,101438
2085,0x00018c3e,101438
2086,0x0001e4f4,124148
2087,0x0001df0a,122634
2088,0x0001cd4c,118092
2089,0x0001e4f4,124148
2090,0x0001511a,86298
2091,0x0001e4f4,124148
2092,0x0001df0a,122634
2093,0x0001df0a,122634
2094,0x0001e4f4,124148
2095,0x0001df0a,122634
2096,0x0001df0a,122634
2097,0x0001c762,116578
2098,0x0001df0a,122634
2099,0x0001df0a,122634
2100,0x0001d336,119606
2101,0x0001e4f4,124148
2102,0x0001df0a,122634
2103,0x0001df0a,122634
2104,0x0001df0a,122634
2105,0x0001e4f4,124148
2106,0x0001df0a,122634
2107,0x0001df0a,122634
2108,0x0001e4f4,124148
2109,0x00013388,78728
2110,0x0001e4f4,124148
2111,0x0001df0a,122634
2112,0x0001df0a,122634
2113,0x0001e4f4,124148
2114,0x0001df0a,122634
2115,0x0001df0a,122634
2116,0x0001df0a,122634
2117,0x0001e4f4,124148
2118,0x0001df0a,122634
2119,0x0001df0a,122634
2120,0x0001df0a,122634
2121,0x0001e4f4,124148
2122,0x0001df0a,122634
2123,0x0001df0a,122634
2124,0x0001a3e6,107494
2125,0x0001df0a,122634
2126,0x0001e4f4,124148
2127,0x0001df0a,122634
2128,0x0001df0a,122634
2129,0x0001df0a,122634
2130,0x0001df0a,122634
2131,0x0001df0a,122634
2132,0x0001df0a,122634
2133,0x0001e4f4,124148
2134,0x0001df0a,122634
2135,0x0001df0a,122634
2136,0x0001df0a,122634
2137,0x0001e4f4,124148
2138,0x0001df0a,122634
2139,0x0001df0a,122634
2140,0x0001e4f4,124148
2141,0x0001df0a,122634
2142,0x0001df0a,122634
2143,0x0001df0a,122634
2144,0x0001e4f4,124148
2145,0x0001df0a,122634
2146,0x0001df0a,122634
2147,0x0001df0a,122634
2148,0x0001e4f4,124148
2149,0x0001df0a,122634
2150,0x0001df0a,122634
2151,0x0001e4f4,124148
2152,0x0001df0a,122634
2153,0x0001df0a,122634
2154,0x0001df0a,122634
2155,0x0001e4f4,124148
2156,0x0001df0a,122634
2157,0x0001df0a,122634
2158,0x0001df0a,122634
2159,0x0001e4f4,124148
2160,0x0001df0a,122634
2161,0x0001df0a,122634
2162,0x0001e4f4,124148
2163,0x0001df0a,122634
2164,0x0001df0a,122634
2165,0x0001df0a,122634
2166,0x0001e4f4,124148
2167,0x0001df0a,122634
2168,0x0001df0a,122634
2169,0x0001e4f4,124148
2170,0x0001df0a,122634
2171,0x0001df0a,122634
2172,0x00015704,87812
2173,0x00009fae,40878
2174,0x0001df0a,122634
2175,0x0001e4f4,124148
2176,0x0001df0a,122634
2177,0x0001df0a,122634
2178,0x0001df0a,122634
2179,0x0001e4f4,124148
2180,0x00019228,102952
2181,0x0001df0a,122634
2182,0x0000e0bc,57532
2183,0x00014b30,84784
2184,0x0001df0a,122634
2185,0x0001e4f4,124148
2186,0x00010a22,68130
2187,0x0001b5a4,112036
2188,0x0001df0a,122634
2189,0x0001bb8e,113550
2190,0x00012d9e,77214
2191,0x0001e4f4,124148
2192,0x0001df0a,122634
2193,0x00019812,104466
2194,0x0001df0a,122634
2195,0x0001d920,121120
2196,0x0000dad2,56018
2197,0x0001e4f4,124148
2198,0x0001df0a,122634
2199,0x0001df0a,122634
2200,0x0001df0a,122634
2201,0x0001cd4c,118092
2202,0x0001df0a,122634
2203,0x0001e4f4,124148
2204,0x0001df0a,122634
2205,0x0001df0a,122634
2206,0x0001e4f4,124148
2207,0x0001df0a,122634
2208,0x0001df0a,122634
2209,0x0001df0a,122634
2210,0x0001e4f4,124148
2211,0x0001df0a,122634
2212,0x0001df0a,122634
2213,0x0001df0a,122634
2214,0x0001e4f4,124148
2215,0x0001df0a,122634
2216,0x0001df0a,122634
2217,0x0001e4f4,124148
2218,0x00019228,102952
2219,0x0001df0a,122634
2220,0x0001e4f4,124148
2221,0x0001df0a,122634
2222,0x0001df0a,122634
2223,0x0001df0a,122634
2224,0x0001e4f4,124148
2225,0x0001df0a,122634
2226,0x0001df0a,122634
2227,0x0001df0a,122634
2228,0x0001e4f4,124148
2229,0x0001df0a,122634
2230,0x0001df0a,122634
2231,0x0001e4f4,124148
2232,0x0001df0a,122634
2233,0x0001df0a,122634
2234,0x0001df0a,122634
2235,0x0001e4f4,124148
2236,0x00012d9e,77214
2237,0x0001c762,116578
2238,0x0001df0a,122634
2239,0x0001e4f4,124148
2240,0x0001df0a,122634
2241,0x0001df0a,122634
2242,0x0001e4f4,124148
2243,0x0001df0a,122634
2244,0x0001df0a,122634
2245,0x0001df0a,122634
2246,0x0001e4f4,124148
2247,0x0001df0a,122634
2248,0x0001df0a,122634
2249,0x0001df0a,122634
2250,0x0001e4f4,124148
2251,0x0001df0a,122634
2252,0x0001df0a,122634
2253,0x0001e4f4,124148
2254,0x0001df0a,122634
2255,0x0001df0a,122634
2256,0x0001df0a,122634
2257,0x0001e4f4,124148
2258,0x0001df0a,122634
2259,0x0001df0a,122634
2260,0x0001e4f4,124148
2261,0x0001df0a,122634
2262,0x0001df0a,122634
2263,0x0001df0a,122634
2264,0x0001e4f4,124148
2265,0x0001df0a,122634
2266,0x0001df0a,122634
2267,0x0001df0a,122634
2268,0x0001e4f4,124148
2269,0x0001df0a,122634
2270,0x0001df0a,122634
2271,0x0001e4f4,124148
2272,0x0001df0a,122634
2273,0x0001df0a,122634
2274,0x0001df0a,122634
2275,0x0001e4f4,124148
2276,0x0001df0a,122634
2277,0x0001df0a,122634
2278,0x0001df0a,122634
2279,0x0001e4f4,124148
2280,0x0001df0a,122634
2281,0x0001df0a,122634
2282,0x0001e4f4,124148
2283,0x0001df0a,122634
2284,0x0001df0a,122634
2285,0x0000821c,33308
2286,0x00017496,95382
2287,0x0001df0a,122634
2288,0x0001df0a,122634
2289,0x0001df0a,122634
2290,0x0001e4f4,124148
2291,0x0001df0a,122634
2292,0x0001df0a,122634
2293,0x00017a80,96896
2294,0x00019812,104466
2295,0x0001df0a,122634
2296,0x0001df0a,122634
2297,0x0001c762,116578
2298,0x000162d8,90840
2299,0x0001e4f4,124148
2300,0x00015704,87812
2301,0x0001df0a,122634
2302,0x0001df0a,122634
2303,0x0001d336,119606
2304,0x0001e4f4,124148
2305,0x0001df0a,122634
2306,0x0001df0a,122634
2307,0x0001df0a,122634
2308,0x0001e4f4,124148
2309,0x0001df0a,122634
2310,0x0001df0a,122634
2311,0x0001e4f4,124148
2312,0x0001df0a,122634
2313,0x0001df0a,122634
2314,0x0001df0a,122634
2315,0x0001e4f4,124148
2316,0x0001df0a,122634
2317,0x0001df0a,122634
2318,0x0001df0a,122634
2319,0x0001e4f4,124148
2320,0x0001df0a,122634
2321,0x0001df0a,122634
2322,0x0001e4f4,124148
2323,0x0001df0a,122634
2324,0x0001df0a,122634
2325,0x0001df0a,122634
2326,0x0001e4f4,124148
2327,0x0001df0a,122634
2328,0x0001df0a,122634
2329,0x0001df0a,122634
2330,0x0001e4f4,124148
2331,0x0001df0a,122634
2332,0x0001df0a,122634
2333,0x0001e4f4,124148
2334,0x0001df0a,122634
2335,0x0001df0a,122634
2336,0x0000e0bc,57532
2337,0x0000f27a,62074
2338,0x0001df0a,122634
2339,0x0001df0a,122634
2340,0x0001e4f4,124148
2341,0x0001511a,86298
2342,0x0001df0a,122634
2343,0x0001d336,119606
2344,0x0001df0a,122634
2345,0x0001df0a,122634
2346,0x0001d920,121120
2347,0x0001e4f4,124148
2348,0x0001d920,121120
2349,0x0001e4f4,124148
2350,0x0001df0a,122634
2351,0x0001bb8e,113550
2352,0x00017496,95382
2353,0x0001df0a,122634
2354,0x0001c178,115064
2355,0x0000e6a6,59046
2356,0x0001df0a,122634
2357,0x0001e4f4,124148
2358,0x0001df0a,122634
2359,0x0001df0a,122634
2360,0x0001e4f4,124148
2361,0x0001df0a,122634
2362,0x0001df0a,122634
2363,0x0001df0a,122634
2364,0x0001e4f4,124148
2365,0x0001df0a,122634
2366,0x0001df0a,122634
2367,0x0001e4f4,124148
2368,0x0001df0a,122634
2369,0x0001df0a,122634
2370,0x0001df0a,122634
2371,0x0001e4f4,124148
2372,0x0001df0a,122634
2373,0x0001df0a,122634
2374,0x0001df0a,122634
2375,0x0001e4f4,124148
2376,0x0001df0a,122634
2377,0x0001df0a,122634
2378,0x0001e4f4,124148
2379,0x0001df0a,122634
2380,0x0001df0a,122634
2381,0x0001df0a,122634
2382,0x0001e4f4,124148
2383,0x0001df0a,122634
2384,0x0001df0a,122634
2385,0x0001df0a,122634
2386,0x0001e4f4,124148
2387,0x0001df0a,122634
2388,0x0001df0a,122634
2389,0x0001e4f4,124148
2390,0x0001df0a,122634
2391,0x0001df0a,122634
2392,0x0001df0a,122634
2393,0x0001e4f4,124148
2394,0x0001df0a,122634
2395,0x0001df0a,122634
2396,0x0001df0a,122634
2397,0x0001e4f4,124148
2398,0x0001df0a,122634
2399,0x0001df0a,122634
2400,0x0001e4f4,124148
2401,0x0001df0a,122634
2402,0x0001df0a,122634
2403,0x000162d8,90840
2404,0x00009fae,40878
2405,0x0001df0a,122634
2406,0x0001df0a,122634
2407,0x0001e4f4,124148
2408,0x0001df0a,122634
2409,0x0001df0a,122634
2410,0x0001e4f4,124148
2411,0x0001df0a,122634
2412,0x0001df0a,122634
2413,0x0001df0a,122634
2414,0x0001e4f4,124148
2415,0x0001df0a,122634
2416,0x0001df0a,122634
2417,0x0001df0a,122634
2418,0x0001e4f4,124148
2419,0x0001df0a,122634
2420,0x0001df0a,122634
2421,0x0001e4f4,124148
2422,0x0001df0a,122634
2423,0x0001df0a,122634
2424,0x0001df0a,122634
2425,0x0001e4f4,124148
2426,0x0001df0a,122634
2427,0x0001df0a,122634
2428,0x0001df0a,122634
2429,0x0001e4f4,124148
2430,0x0001df0a,122634
2431,0x0001df0a,122634
2432,0x0001e4f4,124148
2433,0x0001d336,119606
2434,0x0001df0a,122634
2435,0x0001df0a,122634
2436,0x0001df0a,122634
2437,0x0001df0a,122634
2438,0x0001df0a,122634
2439,0x0001e4f4,124148
2440,0x0001df0a,122634
2441,0x0001df0a,122634
2442,0x0001df0a,122634
2443,0x0001e4f4,124148
2444,0x0001df0a,122634
2445,0x0001df0a,122634
2446,0x0001e4f4,124148
2447,0x0001df0a,122634
2448,0x0001df0a,122634
2449,0x0001df0a,122634
2450,0x0001e4f4,124148
2451,0x0001df0a,122634
2452,0x0001df0a,122634
2453,0x0001df0a,122634
2454,0x0001df0a,122634
2455,0x0001df0a,122634
2456,0x0001df0a,122634
2457,0x0001df0a,122634
2458,0x0001df0a,122634
2459,0x0001df0a,122634
2460,0x0001df0a,122634
2461,0x0001df0a,122634
2462,0x0001e4f4,124148
2463,0x0001df0a,122634
2464,0x0001df0a,122634
2465,0x0001df0a,122634
2466,0x0001e4f4,124148
2467,0x0001df0a,122634
2468,0x0001df0a,122634
2469,0x0001df0a,122634
2470,0x0001e4f4,124148
2471,0x0001df0a,122634
2472,0x0001df0a,122634
2473,0x0001e4f4,124148
2474,0x0001df0a,122634
2475,0x0001df0a,122634
2476,0x0001df0a,122634
2477,0x0001e4f4,124148
2478,0x0001df0a,122634
2479,0x0001df0a,122634
2480,0x0001df0a,122634
2481,0x0001e4f4,124148
2482,0x0001df0a,122634
2483,0x0001df0a,122634
2484,0x0001e4f4,124148
2485,0x0001df0a,122634
2486,0x0001df0a,122634
2487,0x0001df0a,122634
2488,0x0001e4f4,124148
2489,0x0001df0a,122634
2490,0x0001df0a,122634
2491,0x0001e4f4,124148
2492,0x0001df0a,122634
2493,0x0001df0a,122634
2494,0x0000c914,51476
2495,0x0001e4f4,124148
2496,0x0001df0a,122634
2497,0x0001d336,119606
2498,0x0001e4f4,124148
2499,0x0001df0a,122634
2500,0x0001df0a,122634
2501,0x00014b30,84784
2502,0x0001e4f4,124148
2503,0x0001d336,119606
2504,0x0001df0a,122634
2505,0x0001e4f4,124148
2506,0x0001df0a,122634
2507,0x0001df0a,122634
2508,0x0001df0a,122634
2509,0x0001e4f4,124148
2510,0x0001df0a,122634
2511,0x0001df0a,122634
2512,0x000121ca,74186
2513,0x0001df0a,122634
2514,0x0001e4f4,124148
2515,0x0001df0a,122634
2516,0x0001df0a,122634
2517,0x0001df0a,122634
2518,0x0001e4f4,124148
2519,0x0001df0a,122634
2520,0x0001df0a,122634
2521,0x0001df0a,122634
2522,0x0001d920,121120
2523,0x00013f5c,81756
2524,0x0001df0a,122634
2525,0x0001df0a,122634
2526,0x00010a22,68130
2527,0x0001df0a,122634
2528,0x0001e4f4,124148
2529,0x00019812,104466
2530,0x00015cee,89326
2531,0x0001e4f4,124148
2532,0x0001df0a,122634
2533,0x0001df0a,122634
2534,0x0001511a,86298
2535,0x0001df0a,122634
2536,0x0001df0a,122634
2537,0x0001df0a,122634
2538,0x0001e4f4,124148
2539,0x0001c762,116578
2540,0x0001e4f4,124148
2541,0x0001df0a,122634
2542,0x0001cd4c,118092
2543,0x0001df0a,122634
2544,0x0001df0a,122634
2545,0x0001df0a,122634
2546,0x0001df0a,122634
2547,0x0001df0a,122634
2548,0x0001df0a,122634
2549,0x0001df0a,122634
2550,0x0001e4f4,124148
2551,0x0001df0a,122634
2552,0x0001df0a,122634
2553,0x0001e4f4,124148
2554,0x0001df0a,122634
2555,0x0001df0a,122634
2556,0x0001df0a,122634
2557,0x0001e4f4,124148
2558,0x0001df0a,122634
2559,0x0001df0a,122634
2560,0x0001df0a,122634
2561,0x0001e4f4,124148
2562,0x0001df0a,122634
2563,0x0001df0a,122634
2564,0x0001e4f4,124148
2565,0x0001df0a,122634
2566,0x0001df0a,122634
2567,0x0001df0a,122634
2568,0x0001e4f4,124148
2569,0x0001df0a,122634
2570,0x0001df0a,122634
2571,0x0001df0a,122634
2572,0x0001e4f4,124148
2573,0x0001df0a,122634
2574,0x0001df0a,122634
2575,0x0001e4f4,124148
2576,0x0001df0a,122634
2577,0x0001df0a,122634
2578,0x0001df0a,122634
2579,0x0001e4f4,124148
2580,0x0001df0a,122634
2581,0x0001df0a,122634
2582,0x0001e4f4,124148
2583,0x0001df0a,122634
2584,0x0001df0a,122634
2585,0x0001df0a,122634
2586,0x0001e4f4,124148
2587,0x0001df0a,122634
2588,0x0001df0a,122634
2589,0x0001df0a,122634
2590,0x0001e4f4,124148
2591,0x0001df0a,122634
2592,0x0001df0a,122634
2593,0x0001e4f4,124148
2594,0x0000ec90,60560
2595,0x000017a8,6056
2596,0x00016eac,93868
2597,0x0001df0a,122634
2598,0x0001e4f4,124148
2599,0x0001df0a,122634
2600,0x0001df0a,122634
2601,0x0001e4f4,124148
2602,0x0001df0a,122634
2603,0x0001df0a,122634
2604,0x0001df0a,122634
2605,0x0001e4f4,124148
2606,0x0001df0a,122634
2607,0x0001df0a,122634
2608,0x0001e4f4,124148
2609,0x0001df0a,122634
2610,0x0001df0a,122634
2611,0x0001df0a,122634
2612,0x0001e4f4,124148
2613,0x0001df0a,122634
2614,0x0001df0a,122634
2615,0x0001df0a,122634
2616,0x0001e4f4,124148
2617,0x0001df0a,122634
2618,0x0001df0a,122634
2619,0x0001e4f4,124148
2620,0x0001df0a,122634
2621,0x0001df0a,122634
2622,0x0001df0a,122634
2623,0x0001e4f4,124148
2624,0x0001df0a,122634
2625,0x0001df0a,122634
2626,0x0001df0a,122634
2627,0x0001e4f4,124148
2628,0x0001df0a,122634
2629,0x0001df0a,122634
2630,0x0001e4f4,124148
2631,0x0001df0a,122634
2632,0x0001df0a,122634
2633,0x0001df0a,122634
2634,0x0001e4f4,124148
2635,0x0001df0a,122634
2636,0x0001df0a,122634
2637,0x0001e4f4,124148
2638,0x0001df0a,122634
2639,0x0001df0a,122634
2640,0x0001df0a,122634
2641,0x0001e4f4,124148
2642,0x0001df0a,122634
2643,0x0001df0a,122634
2644,0x0000b16c,45420
2645,0x00018654,99924
2646,0x0001df0a,122634
2647,0x0001e4f4,124148
2648,0x0001df0a,122634
2649,0x0001df0a,122634
2650,0x0001df0a,122634
2651,0x0001e4f4,124148
2652,0x00019812,104466
2653,0x0001e4f4,124148
2654,0x0001df0a,122634
2655,0x0001df0a,122634
2656,0x0001df0a,122634
2657,0x0001e4f4,124148
2658,0x0001df0a,122634
2659,0x0001df0a,122634
2660,0x0001df0a,122634
2661,0x0001e4f4,124148
2662,0x0001df0a,122634
2663,0x0001df0a,122634
2664,0x0001e4f4,124148
2665,0x0001df0a,122634
2666,0x0001df0a,122634
2667,0x0001df0a,122634
2668,0x0001e4f4,124148
2669,0x00013f5c,81756
2670,0x00012d9e,77214
2671,0x0001df0a,122634
2672,0x0001e4f4,124148
2673,0x0001df0a,122634
2674,0x0001df0a,122634
2675,0x0001e4f4,124148
2676,0x0001df0a,122634
2677,0x0001df0a,122634
2678,0x0001df0a,122634
2679,0x0001e4f4,124148
2680,0x0001df0a,122634
2681,0x0001df0a,122634
2682,0x0001df0a,122634
2683,0x0001e4f4,124148
2684,0x0001df0a,122634
2685,0x0001df0a,122634
2686,0x0001e4f4,124148
2687,0x0001df0a,122634
2688,0x0001df0a,122634
2689,0x0001df0a,122634
2690,0x0001e4f4,124148
2691,0x0001df0a,122634
2692,0x0001df0a,122634
2693,0x00013972,80242
2694,0x0001a3e6,107494
2695,0x0001df0a,122634
2696,0x0001df0a,122634
2697,0x0001bb8e,113550
2698,0x00017496,95382
2699,0x0001df0a,122634
2700,0x0001e4f4,124148
2701,0x0001df0a,122634
2702,0x0001df0a,122634
2703,0x0001df0a,122634
2704,0x0001e4f4,124148
2705,0x0001df0a,122634
2706,0x0001df0a,122634
2707,0x0001e4f4,124148
2708,0x0001df0a,122634
2709,0x0001df0a,122634
2710,0x0001df0a,122634
2711,0x0001e4f4,124148
2712,0x0001df0a,122634
2713,0x0001df0a,122634
2714,0x0001df0a,122634
2715,0x0001e4f4,124148
2716,0x0001df0a,122634
2717,0x0001df0a,122634
2718,0x0001e4f4,124148
2719,0x0001df0a,122634
2720,0x0001df0a,122634
2721,0x0001df0a,122634
2722,0x0001e4f4,124148
2723,0x0001df0a,122634
2724,0x0001df0a,122634
2725,0x0001e4f4,124148
2726,0x0001df0a,122634
2727,0x0001df0a,122634
2728,0x0001df0a,122634
2729,0x0001e4f4,124148
2730,0x0001df0a,122634
2731,0x0001df0a,122634
2732,0x0001df0a,122634
2733,0x0001e4f4,124148
2734,0x0001df0a,122634
2735,0x0001df0a,122634
2736,0x0001e4f4,124148
2737,0x0001df0a,122634
2738,0x0001df0a,122634
2739,0x0001df0a,122634
2740,0x0001e4f4,124148
2741,0x0001df0a,122634
2742,0x0001df0a,122634
2743,0x0001df0a,122634
2744,0x0001e4f4,124148
2745,0x0001df0a,122634
2746,0x0000d4e8,54504
2747,0x000017a8,6056
2748,0x00018654,99924
2749,0x0001df0a,122634
2750,0x0001e4f4,124148
2751,0x0001df0a,122634
2752,0x0001df0a,122634
2753,0x0001e4f4,124148
2754,0x0001df0a,122634
2755,0x0001df0a,122634
2756,0x0001df0a,122634
2757,0x0001e4f4,124148
2758,0x0001df0a,122634
2759,0x0001df0a,122634
2760,0x0001df0a,122634
2761,0x0001e4f4,124148
2762,0x0001df0a,122634
2763,0x0001df0a,122634
2764,0x0001e4f4,124148
2765,0x0001df0a,122634
2766,0x0001df0a,122634
2767,0x0001df0a,122634
2768,0x0001e4f4,124148
2769,0x0001df0a,122634
2770,0x0001df0a,122634
2771,0x0001df0a,122634
2772,0x0001e4f4,124148
2773,0x0001df0a,122634
2774,0x0001df0a,122634
2775,0x0001e4f4,124148
2776,0x0001df0a,122634
2777,0x0001df0a,122634
2778,0x0001df0a,122634
2779,0x0001e4f4,124148
2780,0x0001df0a,122634
2781,0x0001df0a,122634
2782,0x0001e4f4,124148
2783,0x0001df0a,122634
2784,0x0001df0a,122634
2785,0x0001df0a,122634
2786,0x0001e4f4,124148
2787,0x0001df0a,122634
2788,0x0001df0a,122634
2789,0x0001df0a,122634
2790,0x0001e4f4,124148
2791,0x0001df0a,122634
2792,0x0001df0a,122634
2793,0x0001e4f4,124148
2794,0x0001df0a,122634
2795,0x0001df0a,122634
2796,0x000099c4,39364
2797,0x00013388,78728
2798,0x0001df0a,122634
2799,0x0001e4f4,124148
2800,0x0001df0a,122634
2801,0x0001df0a,122634
2802,0x0001e4f4,124148
2803,0x0001c762,116578
2804,0x0001df0a,122634
2805,0x0001df0a,122634
2806,0x0001511a,86298
2807,0x0001d920,121120
2808,0x0001df0a,122634
2809,0x0001d920,121120
2810,0x0001e4f4,124148
2811,0x00007c32,31794
2812,0x0001b5a4,112036
2813,0x0001df0a,122634
2814,0x0001806a,98410
2815,0x00013388,78728
2816,0x0001df0a,122634
2817,0x00015704,87812
2818,0x0001afba,110522
2819,0x00010438,66616
2820,0x0001df0a,122634
2821,0x0001d336,119606
2822,0x0000dad2,56018
2823,0x0001df0a,122634
2824,0x0001df0a,122634
2825,0x0001e4f4,124148
2826,0x0001511a,86298
2827,0x0001df0a,122634
2828,0x0001e4f4,124148
2829,0x0001df0a,122634
2830,0x0001df0a,122634
2831,0x0001df0a,122634
2832,0x0001e4f4,124148
2833,0x0001bb8e,113550
2834,0x0001df0a,122634
2835,0x0001df0a,122634
2836,0x0001df0a,122634
2837,0x0001e4f4,124148
2838,0x0001df0a,122634
2839,0x0001df0a,122634
2840,0x0001df0a,122634
2841,0x0001e4f4,124148
2842,0x0001df0a,122634
2843,0x0001df0a,122634
2844,0x0001e4f4,124148
2845,0x0001df0a,122634
2846,0x0001df0a,122634
2847,0x0001df0a,122634
2848,0x0001e4f4,124148
2849,0x0001df0a,122634
2850,0x0001df0a,122634
2851,0x0001df0a,122634
2852,0x0001e4f4,124148
2853,0x0001df0a,122634
2854,0x0001df0a,122634
2855,0x0001e4f4,124148
2856,0x0001df0a,122634
2857,0x0001df0a,122634
2858,0x0001df0a,122634
2859,0x0001e4f4,124148
2860,0x0001df0a,122634
2861,0x0001df0a,122634
2862,0x0001df0a,122634
2863,0x0001e4f4,124148
2864,0x0001df0a,122634
2865,0x0001df0a,122634
2866,0x0001e4f4,124148
2867,0x0001df0a,122634
2868,0x0001df0a,122634
2869,0x0001df0a,122634
2870,0x0001e4f4,124148
2871,0x0001df0a,122634
2872,0x0001df0a,122634
2873,0x0001e4f4,124148
2874,0x0001df0a,122634
2875,0x0001df0a,122634
2876,0x0001df0a,122634
2877,0x0001e4f4,124148
2878,0x0001df0a,122634
2879,0x0001df0a,122634
2880,0x0001df0a,122634
2881,0x000127b4,75700
2882,0x0000d4e8,54504
2883,0x0001e4f4,124148
2884,0x0001df0a,122634
2885,0x0001df0a,122634
2886,0x0001df0a,122634
2887,0x0001e4f4,124148
2888,0x0001df0a,122634
2889,0x00019dfc,105980
2890,0x0001df0a,122634
2891,0x0001df0a,122634
2892,0x0000e6a6,59046
2893,0x0001df0a,122634
2894,0x0001df0a,122634
2895,0x0001e4f4,124148
2896,0x0001df0a,122634
2897,0x0001df0a,122634
2898,0x0001afba,110522
2899,0x0000410e,16654
2900,0x0001df0a,122634
2901,0x0001df0a,122634
2902,0x0000f27a,62074
2903,0x0000dad2,56018
2904,0x0001df0a,122634
2905,0x0001df0a,122634
2906,0x00009fae,40878
2907,0x0001df0a,122634
2908,0x0001df0a,122634
2909,0x00015704,87812
2910,0x0001511a,86298
2911,0x0001df0a,122634
2912,0x000121ca,74186
2913,0x0000c32a,49962
2914,0x0000ec90,60560
2915,0x0001e4f4,124148
2916,0x0001df0a,122634
2917,0x0001df0a,122634
2918,0x0001df0a,122634
2919,0x0001e4f4,124148
2920,0x0000dad2,56018
2921,0x0001c178,115064
2922,0x0001df0a,122634
2923,0x0001df0a,122634
2924,0x0001df0a,122634
2925,0x0001df0a,122634
2926,0x0001e4f4,124148
2927,0x0001df0a,122634
2928,0x0001df0a,122634
2929,0x0001df0a,122634
2930,0x0001e4f4,124148
2931,0x0001df0a,122634
2932,0x0001afba,110522
2933,0x0001df0a,122634
2934,0x0001e4f4,124148
2935,0x0001df0a,122634
2936,0x0001df0a,122634
2937,0x0001e4f4,124148
2938,0x0001df0a,122634
2939,0x0001df0a,122634
2940,0x0001df0a,122634
2941,0x0001e4f4,124148
2942,0x0001df0a,122634
2943,0x0001df0a,122634
2944,0x0001e4f4,124148
2945,0x0001df0a,122634
2946,0x0001df0a,122634
2947,0x0001df0a,122634
2948,0x0001e4f4,124148
2949,0x0001df0a,122634
2950,0x0001df0a,122634
2951,0x0001df0a,122634
2952,0x0001e4f4,124148
2953,0x0001df0a,122634
2954,0x0001df0a,122634
2955,0x0001e4f4,124148
2956,0x0001df0a,122634
2957,0x0001df0a,122634
2958,0x0001df0a,122634
2959,0x0001e4f4,124148
2960,0x0001df0a,122634
2961,0x0001df0a,122634
2962,0x0001df0a,122634
2963,0x0001e4f4,124148
2964,0x0001df0a,122634
2965,0x0001df0a,122634
2966,0x0001e4f4,124148
2967,0x0001df0a,122634
2968,0x0001df0a,122634
2969,0x0001df0a,122634
2970,0x0001e4f4,124148
2971,0x0001df0a,122634
2972,0x0001df0a,122634
2973,0x0001e4f4,124148
2974,0x0001df0a,122634
2975,0x0001df0a,122634
2976,0x0001df0a,122634
2977,0x0001e4f4,124148
2978,0x0001df0a,122634
2979,0x0001df0a,122634
2980,0x000168c2,92354
2981,0x00008df0,36336
2982,0x0001df0a,122634
2983,0x0001e4f4,124148
2984,0x0001df0a,122634
2985,0x0001df0a,122634
2986,0x0001e4f4,124148
2987,0x0001df0a,122634
2988,0x0001df0a,122634
2989,0x0001df0a,122634
2990,0x0001e4f4,124148
2991,0x0001cd4c,118092
2992,0x0001bb8e,113550
2993,0x0001df0a,122634
2994,0x00013972,80242
2995,0x00013388,78728
2996,0x0001df0a,122634
2997,0x0001a3e6,107494
2998,0x0001df0a,122634
2999,0x0001df0a,122634
3000,0x0001df0a,122634
3001,0x0001e4f4,124148
3002,0x00014b30,84784
3003,0x0001e4f4,124148
3004,0x0001df0a,122634
3005,0x0001df0a,122634
3006,0x0001df0a,122634
3007,0x0001d336,119606
3008,0x0001df0a,122634
3009,0x0001d336,119606
3010,0x0001df0a,122634
3011,0x0001df0a,122634
3012,0x0001df0a,122634
3013,0x0001df0a,122634
3014,0x0001e4f4,124148
3015,0x0001df0a,122634
3016,0x0001df0a,122634
3017,0x0001df0a,122634
3018,0x00013f5c,81756
3019,0x0001df0a,122634
3020,0x0001e4f4,124148
3021,0x0001df0a,122634
3022,0x0001df0a,122634
3023,0x0001806a,98410
3024,0x0001e4f4,124148
3025,0x0001d920,121120
3026,0x0001d336,119606
3027,0x0001df0a,122634
3028,0x0001df0a,122634
3029,0x0001df0a,122634
3030,0x0001df0a,122634
3031,0x0001d336,119606
3032,0x0001df0a,122634
3033,0x0001df0a,122634
3034,0x0001e4f4,124148
3035,0x0001d336,119606
3036,0x0001df0a,122634
3037,0x0001df0a,122634
3038,0x0001df0a,122634
3039,0x0001df0a,122634
3040,0x0001e4f4,124148
3041,0x0001df0a,122634
3042,0x0001df0a,122634
3043,0x0001e4f4,124148
3044,0x0001df0a,122634
3045,0x0001df0a,122634
3046,0x0001df0a,122634
3047,0x0001e4f4,124148
3048,0x0001df0a,122634
3049,0x0001df0a,122634
3050,0x0001df0a,122634
3051,0x0001e4f4,124148
3052,0x0001df0a,122634
3053,0x0001df0a,122634
3054,0x0001e4f4,124148
3055,0x0001df0a,122634
3056,0x0001df0a,122634
3057,0x0001df0a,122634
3058,0x0001e4f4,124148
3059,0x0001df0a,122634
3060,0x0001df0a,122634
3061,0x0001df0a,122634
3062,0x0001e4f4,124148
3063,0x0001d336,119606
3064,0x0001df0a,122634
3065,0x0001df0a,122634
3066,0x0001e4f4,124148
3067,0x0001df0a,122634
3068,0x0001df0a,122634
3069,0x0001df0a,122634
3070,0x0001e4f4,124148
3071,0x0001df0a,122634
3072,0x0001df0a,122634
3073,0x0001e4f4,124148
3074,0x0001df0a,122634
3075,0x0001df0a,122634
3076,0x0001df0a,122634
3077,0x0001e4f4,124148
3078,0x0001df0a,122634
3079,0x0001df0a,122634
3080,0x0001df0a,122634
3081,0x0001e4f4,124148
3082,0x0001df0a,122634
3083,0x0001df0a,122634
3084,0x0001e4f4,124148
3085,0x0001df0a,122634
3086,0x0001df0a,122634
3087,0x0001df0a,122634
3088,0x0001e4f4,124148
3089,0x0001df0a,122634
3090,0x0001df0a,122634
3091,0x0001df0a,122634
3092,0x0001e4f4,124148
3093,0x0001df0a,122634
3094,0x0001df0a,122634
3095,0x0001e4f4,124148
3096,0x0001df0a,122634
3097,0x0001d920,121120
3098,0x0001df0a,122634
3099,0x0001df0a,122634
3100,0x0001df0a,122634
3101,0x0001e4f4,124148
3102,0x0001df0a,122634
3103,0x0001df0a,122634
3104,0x0001df0a,122634
3105,0x0001e4f4,124148
3106,0x0001df0a,122634
3107,0x0001df0a,122634
3108,0x0001e4f4,124148
3109,0x0001df0a,122634
3110,0x0001df0a,122634
3111,0x0001df0a,122634
3112,0x0001e4f4,124148
3113,0x0001df0a,122634
3114,0x0001df0a,122634
3115,0x0001e4f4,124148
3116,0x0001df0a,122634
3117,0x0001df0a,122634
3118,0x0001df0a,122634
3119,0x0001e4f4,124148
3120,0x0001df0a,122634
3121,0x00017a80,96896
3122,0x0000821c,33308
3123,0x0001df0a,122634
3124,0x0001df0a,122634
3125,0x0001df0a,122634
3126,0x0001e4f4,124148
3127,0x0001df0a,122634
3128,0x0001df0a,122634
3129,0x0001e4f4,124148
3130,0x0001df0a,122634
3131,0x0001df0a,122634
3132,0x0001df0a,122634
3133,0x0001e4f4,124148
3134,0x0001df0a,122634
3135,0x0001df0a,122634
3136,0x0001df0a,122634
3137,0x0001e4f4,124148
3138,0x0001df0a,122634
3139,0x0001df0a,122634
3140,0x0001e4f4,124148
3141,0x0001df0a,122634
3142,0x0001df0a,122634
3143,0x0001df0a,122634
3144,0x0001e4f4,124148
3145,0x0001df0a,122634
3146,0x0001df0a,122634
3147,0x0001e4f4,124148
3148,0x0001df0a,122634
3149,0x0001df0a,122634
3150,0x0001df0a,122634
3151,0x0001e4f4,124148
3152,0x0001df0a,122634
3153,0x0001df0a,122634
3154,0x0001df0a,122634
3155,0x0001e4f4,124148
3156,0x0001df0a,122634
3157,0x0001df0a,122634
3158,0x0001e4f4,124148
3159,0x0001df0a,122634
3160,0x0001df0a,122634
3161,0x0001df0a,122634
3162,0x0001e4f4,124148
3163,0x0001df0a,122634
3164,0x0001df0a,122634
3165,0x0001df0a,122634
3166,0x0001e4f4,124148
3167,0x0001df0a,122634
3168,0x0001df0a,122634
3169,0x0001e4f4,124148
3170,0x0001bb8e,113550
3171,0x00010438,66616
3172,0x0001e4f4,124148
3173,0x0001df0a,122634
3174,0x0001df0a,122634
3175,0x0001df0a,122634
3176,0x0001e4f4,124148
3177,0x0001df0a,122634
3178,0x0001df0a,122634
3179,0x0001df0a,122634
3180,0x0000d4e8,54504
3181,0x0001e4f4,124148
3182,0x0001df0a,122634
3183,0x0001df0a,122634
3184,0x00013972,80242
3185,0x0001df0a,122634
3186,0x0001e4f4,124148
3187,0x0001df0a,122634
3188,0x00014546,83270
3189,0x0001df0a,122634
3190,0x0001e4f4,124148
3191,0x00015704,87812
3192,0x0001df0a,122634
3193,0x0001df0a,122634
3194,0x000121ca,74186
3195,0x00010a22,68130
3196,0x0001e4f4,124148
3197,0x0001df0a,122634
3198,0x0000cefe,52990
3199,0x0001df0a,122634
3200,0x0001df0a,122634
3201,0x0001e4f4,124148
3202,0x0001df0a,122634
3203,0x0001df0a,122634
3204,0x0001df0a,122634
3205,0x0001e4f4,124148
3206,0x0001df0a,122634
3207,0x0001df0a,122634
3208,0x0001e4f4,124148
3209,0x0001b5a4,112036
3210,0x0001df0a,122634
3211,0x0001df0a,122634
3212,0x0001e4f4,124148
3213,0x0001df0a,122634
3214,0x0001df0a,122634
3215,0x0001e4f4,124148
3216,0x0001bb8e,113550
3217,0x0001e4f4,124148
3218,0x0001df0a,122634
3219,0x0001df0a,122634
3220,0x0001df0a,122634
3221,0x0001cd4c,118092
3222,0x0001df0a,122634
3223,0x0001df0a,122634
3224,0x0001d336,119606
3225,0x0001df0a,122634
3226,0x0001df0a,122634
3227,0x0001df0a,122634
3228,0x0001df0a,122634
3229,0x0001d336,119606
3230,0x0001df0a,122634
3231,0x0001df0a,122634
3232,0x0001df0a,122634
3233,0x0001d920,121120
3234,0x0001d920,121120
3235,0x0001df0a,122634
3236,0x0001df0a,122634
3237,0x0001df0a,122634
3238,0x0001df0a,122634
3239,0x0001df0a,122634
3240,0x0001df0a,122634
3241,0x0001e4f4,124148
3242,0x0001c762,116578
3243,0x0001df0a,122634
3244,0x0001df0a,122634
3245,0x0001e4f4,124148
3246,0x0001cd4c,118092
3247,0x0001df0a,122634
3248,0x0001df0a,122634
3249,0x0001df0a,122634
3250,0x0001e4f4,124148
3251,0x0001df0a,122634
3252,0x0001df0a,122634
3253,0x0001df0a,122634
3254,0x0001e4f4,124148
3255,0x0001df0a,122634
3256,0x0001df0a,122634
3257,0x0001df0a,122634
3258,0x0001e4f4,124148
3259,0x0001df0a,122634
3260,0x0001df0a,122634
3261,0x0001e4f4,124148
3262,0x0001df0a,122634
3263,0x0001df0a,122634
3264,0x0001df0a,122634
3265,0x0001e4f4,124148
3266,0x0001df0a,122634
3267,0x0001df0a,122634
3268,0x0001df0a,122634
3269,0x0001e4f4,124148
3270,0x0001df0a,122634
3271,0x0001df0a,122634
3272,0x0001e4f4,124148
3273,0x0001df0a,122634
3274,0x0001df0a,122634
3275,0x0001df0a,122634
3276,0x0001e4f4,124148
3277,0x0001df0a,122634
3278,0x0001df0a,122634
3279,0x0001e4f4,124148
3280,0x0001df0a,122634
3281,0x0001df0a,122634
3282,0x0001df0a,122634
3283,0x0001e4f4,124148
3284,0x0001df0a,122634
3285,0x0001df0a,122634
3286,0x0001df0a,122634
3287,0x0001e4f4,124148
3288,0x0001df0a,122634
3289,0x0001df0a,122634
3290,0x0001e4f4,124148
3291,0x0001df0a,122634
3292,0x0001df0a,122634
3293,0x0001df0a,122634
3294,0x0001e4f4,124148
3295,0x0001df0a,122634
3296,0x0000237c,9084
3297,0x0001cd4c,118092
3298,0x0001e4f4,124148
3299,0x0001df0a,122634
3300,0x0001df0a,122634
3301,0x0001df0a,122634
3302,0x0001e4f4,124148
3303,0x0001df0a,122634
3304,0x0001bb8e,113550
3305,0x0001df0a,122634
3306,0x0001e4f4,124148
3307,0x0001df0a,122634
3308,0x0001df0a,122634
3309,0x0001e4f4,124148
3310,0x0001df0a,122634
3311,0x0001df0a,122634
3312,0x0001df0a,122634
3313,0x0001e4f4,124148
3314,0x0001df0a,122634
3315,0x0001df0a,122634
3316,0x0001df0a,122634
3317,0x0001e4f4,124148
3318,0x0001df0a,122634
3319,0x0001df0a,122634
3320,0x0001e4f4,124148
3321,0x0001df0a,122634
3322,0x0001df0a,122634
3323,0x0001df0a,122634
3324,0x0001e4f4,124148
3325,0x0001df0a,122634
3326,0x0001df0a,122634
3327,0x0001df0a,122634
3328,0x0001e4f4,124148
3329,0x0001df0a,122634
3330,0x0001df0a,122634
3331,0x0001e4f4,124148
3332,0x0001df0a,122634
3333,0x0001df0a,122634
3334,0x0001df0a,122634
3335,0x0001e4f4,124148
3336,0x0001df0a,122634
3337,0x0001df0a,122634
3338,0x0001e4f4,124148
3339,0x0001df0a,122634
3340,0x0001df0a,122634
3341,0x0001df0a,122634
3342,0x0001e4f4,124148
3343,0x0001df0a,122634
3344,0x0001df0a,122634
3345,0x0001df0a,122634
3346,0x0001e4f4,124148
3347,0x0001df0a,122634
3348,0x0001df0a,122634
3349,0x0001e4f4,124148
3350,0x0001df0a,122634
3351,0x0001df0a,122634
3352,0x0001afba,110522
3353,0x00007c32,31794
3354,0x0001df0a,122634
3355,0x0001df0a,122634
3356,0x0001e4f4,124148
3357,0x0001df0a,122634
3358,0x0001df0a,122634
3359,0x0001df0a,122634
3360,0x0001b5a4,112036
3361,0x0001e4f4,124148
3362,0x0001d336,119606
3363,0x0001e4f4,124148
3364,0x0001d920,121120
3365,0x0001d920,121120
3366,0x0001df0a,122634
3367,0x0001d920,121120
3368,0x0001df0a,122634
3369,0x0001df0a,122634
3370,0x0001d336,119606
3371,0x0001df0a,122634
3372,0x0001df0a,122634
3373,0x0001df0a,122634
3374,0x0001e4f4,124148
3375,0x0001df0a,122634
3376,0x0001df0a,122634
3377,0x0001d336,119606
3378,0x0001d336,119606
3379,0x0001e4f4,124148
3380,0x0001df0a,122634
3381,0x0001df0a,122634
3382,0x0001cd4c,118092
3383,0x0001df0a,122634
3384,0x0001df0a,122634
3385,0x0001e4f4,124148
3386,0x0001df0a,122634
3387,0x0001d336,119606
3388,0x0001df0a,122634
3389,0x0001e4f4,124148
3390,0x0001df0a,122634
3391,0x0001c762,116578
3392,0x0001df0a,122634
3393,0x0001df0a,122634
3394,0x0001df0a,122634
3395,0x0001df0a,122634
3396,0x0001d920,121120
3397,0x0001df0a,122634
3398,0x0001d920,121120
3399,0x0001df0a,122634
3400,0x0001d920,121120
3401,0x0001d920,121120
3402,0x0001e4f4,124148
3403,0x0001d336,119606
3404,0x0001e4f4,124148
3405,0x0001df0a,122634
3406,0x0001df0a,122634
3407,0x0001df0a,122634
3408,0x0001e4f4,124148
3409,0x0001df0a,122634
3410,0x0001df0a,122634
3411,0x0001df0a,122634
3412,0x0001e4f4,124148
3413,0x0001df0a,122634
3414,0x0001df0a,122634
3415,0x0001e4f4,124148
3416,0x0001df0a,122634
3417,0x0001df0a,122634
3418,0x0001df0a,122634
3419,0x0001e4f4,124148
3420,0x0001df0a,122634
3421,0x0001df0a,122634
3422,0x0001df0a,122634
3423,0x0001e4f4,124148
3424,0x0001df0a,122634
3425,0x0001df0a,122634
3426,0x0001e4f4,124148
3427,0x0001df0a,122634
3428,0x0001df0a,122634
3429,0x0001df0a,122634
3430,0x0001e4f4,124148
3431,0x0001df0a,122634
3432,0x0001df0a,122634
3433,0x0001e4f4,124148
3434,0x0001df0a,122634
3435,0x0001df0a,122634
3436,0x0001df0a,122634
3437,0x0001e4f4,124148
3438,0x0001df0a,122634
3439,0x0001df0a,122634
3440,0x0001df0a,122634
3441,0x0001e4f4,124148
3442,0x0001df0a,122634
3443,0x0001df0a,122634
3444,0x0001e4f4,124148
3445,0x0001df0a,122634
3446,0x0001df0a,122634
3447,0x0001df0a,122634
3448,0x0001e4f4,124148
3449,0x0001df0a,122634
3450,0x0001df0a,122634
3451,0x00014546,83270
3452,0x00012d9e,77214
3453,0x0001df0a,122634
3454,0x0001df0a,122634
3455,0x0001e4f4,124148
3456,0x0001df0a,122634
3457,0x0001df0a,122634
3458,0x0001e4f4,124148
3459,0x0001bb8e,113550
3460,0x000046f8,18168
3461,0x0001df0a,122634
3462,0x0001e4f4,124148
3463,0x00016eac,93868
3464,0x0001df0a,122634
3465,0x0001e4f4,124148
3466,0x0001df0a,122634
3467,0x0001bb8e,113550
3468,0x0001e4f4,124148
3469,0x0001df0a,122634
3470,0x0001d336,119606
3471,0x0001df0a,122634
3472,0x0001d336,119606
3473,0x0001df0a,122634
3474,0x0001df0a,122634
3475,0x0001e4f4,124148
3476,0x0001df0a,122634
3477,0x0001df0a,122634
3478,0x0001df0a,122634
3479,0x0001e4f4,124148
3480,0x0001df0a,122634
3481,0x0001df0a,122634
3482,0x0001e4f4,124148
3483,0x0001df0a,122634
3484,0x0001df0a,122634
3485,0x0001df0a,122634
3486,0x0001e4f4,124148
3487,0x0001df0a,122634
3488,0x0001df0a,122634
3489,0x0001df0a,122634
3490,0x0001e4f4,124148
3491,0x0001df0a,122634
3492,0x0001df0a,122634
3493,0x0001e4f4,124148
3494,0x0001df0a,122634
3495,0x0001df0a,122634
3496,0x0001df0a,122634
3497,0x0001e4f4,124148
3498,0x0001df0a,122634
3499,0x0001df0a,122634
3500,0x0001df0a,122634
3501,0x0001e4f4,124148
3502,0x0001df0a,122634
3503,0x0001df0a,122634
3504,0x0001e4f4,124148
3505,0x0001df0a,122634
3506,0x0001df0a,122634
3507,0x0001df0a,122634
3508,0x0001e4f4,124148
3509,0x0001df0a,122634
3510,0x0001df0a,122634
3511,0x0001e4f4,124148
3512,0x0001df0a,122634
3513,0x0001df0a,122634
3514,0x0001df0a,122634
3515,0x0001e4f4,124148
3516,0x0001df0a,122634
3517,0x0001df0a,122634
3518,0x0001df0a,122634
3519,0x0001e4f4,124148
3520,0x0001df0a,122634
3521,0x0000a598,42392
3522,0x000058b6,22710
3523,0x0001df0a,122634
3524,0x0001df0a,122634
3525,0x0001e4f4,124148
3526,0x0001df0a,122634
3527,0x0001df0a,122634
3528,0x0001e4f4,124148
3529,0x0001df0a,122634
3530,0x0001df0a,122634
3531,0x0001df0a,122634
3532,0x0001e4f4,124148
3533,0x0001df0a,122634
3534,0x0001df0a,122634
3535,0x0001df0a,122634
3536,0x0001e4f4,124148
3537,0x0001df0a,122634
3538,0x0001df0a,122634
3539,0x0001e4f4,124148
3540,0x0001df0a,122634
3541,0x0001df0a,122634
3542,0x0001df0a,122634
3543,0x0001e4f4,124148
3544,0x0001df0a,122634
3545,0x0001df0a,122634
3546,0x0001e4f4,124148
3547,0x0001df0a,122634
3548,0x0001df0a,122634
3549,0x0001df0a,122634
3550,0x0001e4f4,124148
3551,0x0001df0a,122634
3552,0x0001df0a,122634
3553,0x0001df0a,122634
3554,0x0001e4f4,124148
3555,0x0001df0a,122634
3556,0x0001df0a,122634
3557,0x0001e4f4,124148
3558,0x0001df0a,122634
3559,0x0001df0a,122634
3560,0x0001df0a,122634
3561,0x0001e4f4,124148
3562,0x0001df0a,122634
3563,0x0001df0a,122634
3564,0x0001df0a,122634
3565,0x0001e4f4,124148
3566,0x0001df0a,122634
3567,0x0001df0a,122634
3568,0x0001e4f4,124148
3569,0x0001df0a,122634
3570,0x0001df0a,122634
3571,0x0000821c,33308
3572,0x0001df0a,122634
3573,0x0001df0a,122634
3574,0x0001e4f4,124148
3575,0x0001df0a,122634
3576,0x0001df0a,122634
3577,0x0001e4f4,124148
3578,0x0001df0a,122634
3579,0x0001df0a,122634
3580,0x0001df0a,122634
3581,0x0001e4f4,124148
3582,0x0001df0a,122634
3583,0x0001df0a,122634
3584,0x0001df0a,122634
3585,0x0001e4f4,124148
3586,0x0001df0a,122634
3587,0x0001df0a,122634
3588,0x0001e4f4,124148
3589,0x0001df0a,122634
3590,0x0001df0a,122634
3591,0x0001df0a,122634
3592,0x0001e4f4,124148
3593,0x0001df0a,122634
3594,0x0001df0a,122634
3595,0x0001df0a,122634
3596,0x0001e4f4,124148
3597,0x0001df0a,122634
3598,0x0001df0a,122634
3599,0x0001e4f4,124148
3600,0x0001df0a,122634
3601,0x0001df0a,122634
3602,0x0001df0a,122634
3603,0x0001e4f4,124148
3604,0x0001df0a,122634
3605,0x0001df0a,122634
3606,0x0001df0a,122634
3607,0x0001df0a,122634
3608,0x0001df0a,122634
3609,0x0001df0a,122634
3610,0x0001e4f4,124148
3611,0x0001df0a,122634
3612,0x0001df0a,122634
3613,0x0001df0a,122634
3614,0x0001e4f4,124148
3615,0x0001df0a,122634
3616,0x0001df0a,122634
3617,0x0001e4f4,124148
3618,0x0001df0a,122634
3619,0x0001df0a,122634
3620,0x0000b756,46934
3621,0x000093da,37850
3622,0x0001df0a,122634
3623,0x0001df0a,122634
3624,0x0001e4f4,124148
3625,0x0001df0a,122634
3626,0x0001df0a,122634
3627,0x0001df0a,122634
3628,0x0001e4f4,124148
3629,0x0001df0a,122634
3630,0x0001df0a,122634
3631,0x0001df0a,122634
3632,0x0001df0a,122634
3633,0x0001df0a,122634
3634,0x0001df0a,122634
3635,0x0001e4f4,124148
3636,0x0001df0a,122634
3637,0x0001df0a,122634
3638,0x0001df0a,122634
3639,0x0001e4f4,124148
3640,0x0001df0a,122634
3641,0x0001df0a,122634
3642,0x0001e4f4,124148
3643,0x0001df0a,122634
3644,0x0001df0a,122634
3645,0x0001df0a,122634
3646,0x0001e4f4,124148
3647,0x0001df0a,122634
3648,0x0001df0a,122634
3649,0x0001df0a,122634
3650,0x0001e4f4,124148
3651,0x0001df0a,122634
3652,0x0001df0a,122634
3653,0x0001e4f4,124148
3654,0x0001df0a,122634
3655,0x0001df0a,122634
3656,0x0001df0a,122634
3657,0x0001e4f4,124148
3658,0x0001df0a,122634
3659,0x0001df0a,122634
3660,0x0001df0a,122634
3661,0x0001e4f4,124148
3662,0x0001df0a,122634
3663,0x0001df0a,122634
3664,0x0001e4f4,124148
3665,0x0001df0a,122634
3666,0x0001df0a,122634
3667,0x0001df0a,122634
3668,0x0001e4f4,124148
3669,0x0001d920,121120
3670,0x00001d92,7570
3671,0x000115f6,71158
3672,0x0001e4f4,124148
3673,0x0001df0a,122634
3674,0x0001df0a,122634
3675,0x0001e4f4,124148
3676,0x0001df0a,122634
3677,0x0001df0a,122634
3678,0x0001df0a,122634
3679,0x0001e4f4,124148
3680,0x0001df0a,122634
3681,0x0001df0a,122634
3682,0x0001df0a,122634
3683,0x0001e4f4,124148
3684,0x0001df0a,122634
3685,0x0001df0a,122634
3686,0x0001e4f4,124148
3687,0x0001df0a,122634
3688,0x0001df0a,122634
3689,0x0001df0a,122634
3690,0x0001e4f4,124148
3691,0x0001df0a,122634
3692,0x0001df0a,122634
3693,0x0001e4f4,124148
3694,0x0001df0a,122634
3695,0x0001df0a,122634
3696,0x0001df0a,122634
3697,0x0001e4f4,124148
3698,0x0001df0a,122634
3699,0x0001df0a,122634
3700,0x0001df0a,122634
3701,0x0001e4f4,124148
3702,0x0001df0a,122634
3703,0x0001df0a,122634
3704,0x0001e4f4,124148
3705,0x0001df0a,122634
3706,0x0001df0a,122634
3707,0x0001df0a,122634
3708,0x0001e4f4,124148
3709,0x0001df0a,122634
3710,0x0001df0a,122634
3711,0x0001df0a,122634
3712,0x0001e4f4,124148
3713,0x0001df0a,122634
3714,0x0001df0a,122634
3715,0x0001e4f4,124148
3716,0x0001df0a,122634
3717,0x0001df0a,122634
3718,0x0001df0a,122634
3719,0x00010a22,68130
3720,0x0000c32a,49962
3721,0x0001df0a,122634
3722,0x0001df0a,122634
3723,0x0001e4f4,124148
3724,0x0001df0a,122634
3725,0x0001df0a,122634
3726,0x0001df0a,122634
3727,0x0001e4f4,124148
3728,0x0001df0a,122634
3729,0x0001df0a,122634
3730,0x0001df0a,122634
3731,0x0001e4f4,124148
3732,0x0001df0a,122634
3733,0x0001df0a,122634
3734,0x0001e4f4,124148
3735,0x0001df0a,122634
3736,0x0001df0a,122634
3737,0x0001df0a,122634
3738,0x0001e4f4,124148
3739,0x0001df0a,122634
3740,0x0001df0a,122634
3741,0x0001e4f4,124148
3742,0x0001df0a,122634
3743,0x0001df0a,122634
3744,0x0001df0a,122634
3745,0x0001e4f4,124148
3746,0x0001df0a,122634
3747,0x0001df0a,122634
3748,0x0001df0a,122634
3749,0x0001e4f4,124148
3750,0x0001df0a,122634
3751,0x0001df0a,122634
3752,0x0001e4f4,124148
3753,0x0001df0a,122634
3754,0x0001df0a,122634
3755,0x0001df0a,122634
3756,0x0001e4f4,124148
3757,0x0001df0a,122634
3758,0x0001df0a,122634
3759,0x0001df0a,122634
3760,0x0001e4f4,124148
3761,0x0001df0a,122634
3762,0x0001df0a,122634
3763,0x0001e4f4,124148
3764,0x0001df0a,122634
3765,0x0001df0a,122634
3766,0x0001df0a,122634
3767,0x0001e4f4,124148
3768,0x00017a80,96896
3769,0x000005ea,1514
3770,0x0001a3e6,107494
3771,0x0001df0a,122634
3772,0x0001e4f4,124148
3773,0x0001df0a,122634
3774,0x0001df0a,122634
3775,0x0001df0a,122634
3776,0x0001df0a,122634
3777,0x0001df0a,122634
3778,0x0001df0a,122634
3779,0x0001e4f4,124148
3780,0x0001df0a,122634
3781,0x0001df0a,122634
3782,0x0001df0a,122634
3783,0x0001e4f4,124148
3784,0x0001df0a,122634
3785,0x0001df0a,122634
3786,0x0001e4f4,124148
3787,0x0001df0a,122634
3788,0x0001df0a,122634
3789,0x0001df0a,122634
3790,0x0001e4f4,124148
3791,0x0001df0a,122634
3792,0x0001df0a,122634
3793,0x0001df0a,122634
3794,0x0001e4f4,124148
3795,0x0001df0a,122634
3796,0x0001df0a,122634
3797,0x0001e4f4,124148
3798,0x0001df0a,122634
3799,0x0001df0a,122634
3800,0x0001df0a,122634
3801,0x0001e4f4,124148
3802,0x0001df0a,122634
3803,0x0001df0a,122634
3804,0x0001df0a,122634
3805,0x0001e4f4,124148
3806,0x0001df0a,122634
3807,0x0001df0a,122634
3808,0x0001e4f4,124148
3809,0x0001df0a,122634
3810,0x0001df0a,122634
3811,0x0001df0a,122634
3812,0x0001e4f4,124148
3813,0x0001df0a,122634
3814,0x0001df0a,122634
3815,0x0001e4f4,124148
3816,0x0001df0a,122634
3817,0x0001df0a,122634
3818,0x000099c4,39364
3819,0x0000fe4e,65102
3820,0x0001e4f4,124148
3821,0x0001df0a,122634
3822,0x0001df0a,122634
3823,0x0001df0a,122634
3824,0x0001e4f4,124148
3825,0x0001df0a,122634
3826,0x0001df0a,122634
3827,0x0001df0a,122634
3828,0x0001e4f4,124148
3829,0x0001df0a,122634
3830,0x0001df0a,122634
3831,0x0001e4f4,124148
3832,0x0001df0a,122634
3833,0x0001df0a,122634
3834,0x0001df0a,122634
3835,0x0001e4f4,124148
3836,0x0001df0a,122634
3837,0x0001df0a,122634
3838,0x0001e4f4,124148
3839,0x0001df0a,122634
3840,0x0001df0a,122634
3841,0x0001df0a,122634
3842,0x0001e4f4,124148
3843,0x0001df0a,122634
3844,0x0001df0a,122634
3845,0x0001df0a,122634
3846,0x0001e4f4,124148
3847,0x0001df0a,122634
3848,0x0001df0a,122634
3849,0x0001e4f4,124148
3850,0x0001df0a,122634
3851,0x0001df0a,122634
3852,0x0001df0a,122634
3853,0x0001e4f4,124148
3854,0x0001df0a,122634
3855,0x0001df0a,122634
3856,0x0001df0a,122634
3857,0x0001e4f4,124148
3858,0x0001df0a,122634
3859,0x0001df0a,122634
3860,0x0001e4f4,124148
3861,0x0001df0a,122634
3862,0x0001df0a,122634
3863,0x0001df0a,122634
3864,0x0001e4f4,124148
3865,0x0001df0a,122634
3866,0x0001df0a,122634
3867,0x00013972,80242
3868,0x000127b4,75700
3869,0x0001df0a,122634
3870,0x0001e4f4,124148
3871,0x0001df0a,122634
3872,0x0001df0a,122634
3873,0x0001df0a,122634
3874,0x0001e4f4,124148
3875,0x0001df0a,122634
3876,0x0001df0a,122634
3877,0x0001e4f4,124148
3878,0x0001df0a,122634
3879,0x0001df0a,122634
3880,0x0001df0a,122634
3881,0x0001e4f4,124148
3882,0x0001df0a,122634
3883,0x0001df0a,122634
3884,0x0001df0a,122634
3885,0x0001e4f4,124148
3886,0x0001df0a,122634
3887,0x0001df0a,122634
3888,0x0001e4f4,124148
3889,0x0001df0a,122634
3890,0x0001df0a,122634
3891,0x0001df0a,122634
3892,0x0001e4f4,124148
3893,0x0001df0a,122634
3894,0x0001df0a,122634
3895,0x0001df0a,122634
3896,0x0001e4f4,124148
3897,0x0001df0a,122634
3898,0x0001df0a,122634
3899,0x0001e4f4,124148
3900,0x0001df0a,122634
3901,0x0001df0a,122634
3902,0x0001df0a,122634
3903,0x0001e4f4,124148
3904,0x0001df0a,122634
3905,0x0001df0a,122634
3906,0x0001e4f4,124148
3907,0x0001df0a,122634
3908,0x0001df0a,122634
3909,0x0001df0a,122634
3910,0x0001e4f4,124148
3911,0x0001df0a,122634
3912,0x0001df0a,122634
3913,0x0001df0a,122634
3914,0x0001e4f4,124148
3915,0x0001df0a,122634
3916,0x000115f6,71158
3917,0x0000e0bc,57532
3918,0x0001df0a,122634
3919,0x0001e4f4,124148
3920,0x0001df0a,122634
3921,0x0001df0a,122634
3922,0x0001e4f4,124148
3923,0x0001df0a,122634
3924,0x0001b5a4,112036
3925,0x0001df0a,122634
3926,0x0001df0a,122634
3927,0x0001df0a,122634
3928,0x0001e4f4,124148
3929,0x0001df0a,122634
3930,0x0001df0a,122634
3931,0x0001df0a,122634
3932,0x0001e4f4,124148
3933,0x0001df0a,122634
3934,0x0001df0a,122634
3935,0x0001e4f4,124148
3936,0x0001df0a,122634
3937,0x0001df0a,122634
3938,0x0001df0a,122634
3939,0x0001e4f4,124148
3940,0x0001df0a,122634
3941,0x0001df0a,122634
3942,0x0001e4f4,124148
3943,0x0001df0a,122634
3944,0x0001df0a,122634
3945,0x0001df0a,122634
3946,0x0001e4f4,124148
3947,0x0001df0a,122634
3948,0x0001df0a,122634
3949,0x0001df0a,122634
3950,0x0001e4f4,124148
3951,0x0001df0a,122634
3952,0x0001df0a,122634
3953,0x0001e4f4,124148
3954,0x0001df0a,122634
3955,0x0001df0a,122634
3956,0x0001df0a,122634
3957,0x0001e4f4,124148
3958,0x0001df0a,122634
3959,0x0001df0a,122634
3960,0x0001df0a,122634
3961,0x0001e4f4,124148
3962,0x0001df0a,122634
3963,0x0001df0a,122634
3964,0x0001e4f4,124148
3965,0x0001df0a,122634
3966,0x0001df0a,122634
3967,0x0001df0a,122634
3968,0x0001e4f4,124148
3969,0x0001df0a,122634
3970,0x0001df0a,122634
3971,0x0001e4f4,124148
3972,0x00019812,104466
3973,0x00005ea0,24224
3974,0x0001df0a,122634
3975,0x0001df0a,122634
3976,0x0001df0a,122634
3977,0x0001e4f4,124148
3978,0x0001df0a,122634
3979,0x0001df0a,122634
3980,0x0001e4f4,124148
3981,0x0001df0a,122634
3982,0x0001df0a,122634
3983,0x0001df0a,122634
3984,0x0001e4f4,124148
3985,0x0001df0a,122634
3986,0x0001df0a,122634
3987,0x0001df0a,122634
3988,0x0001e4f4,124148
3989,0x0001df0a,122634
3990,0x0001df0a,122634
3991,0x0001e4f4,124148
3992,0x0001df0a,122634
3993,0x0001df0a,122634
3994,0x0001df0a,122634
3995,0x0001e4f4,124148
3996,0x0001df0a,122634
3997,0x0001df0a,122634
3998,0x0001df0a,122634
3999,0x0001e4f4,124148
4000,0x0001df0a,122634
4001,0x0001df0a,122634
4002,0x0001e4f4,124148
4003,0x0001df0a,122634
4004,0x0001df0a,122634
4005,0x0001df0a,122634
4006,0x0001e4f4,124148
4007,0x0001df0a,122634
4008,0x0001df0a,122634
4009,0x0001df0a,122634
4010,0x0001df0a,122634
4011,0x0001df0a,122634
4012,0x0001df0a,122634
4013,0x0001e4f4,124148
4014,0x0001df0a,122634
4015,0x0001df0a,122634
4016,0x0001df0a,122634
4017,0x0001e4f4,124148
4018,0x0001df0a,122634
4019,0x0001df0a,122634
4020,0x0001e4f4,124148
4021,0x0001df0a,122634
4022,0x000005ea,1514
4023,0x0000e0bc,57532
4024,0x0001df0a,122634
4025,0x0001e4f4,124148
4026,0x0001df0a,122634
4027,0x0001df0a,122634
4028,0x0001e4f4,124148
4029,0x0001df0a,122634
4030,0x0001df0a,122634
4031,0x0001df0a,122634
4032,0x0001e4f4,124148
4033,0x0001df0a,122634
4034,0x0001df0a,122634
4035,0x0001e4f4,124148
4036,0x0001df0a,122634
4037,0x0001df0a,122634
4038,0x0001df0a,122634
4039,0x0001e4f4,124148
4040,0x0001df0a,122634
4041,0x0001df0a,122634
4042,0x0001df0a,122634
4043,0x0001e4f4,124148
4044,0x0001df0a,122634
4045,0x0001df0a,122634
4046,0x0001e4f4,124148
4047,0x0001df0a,122634
4048,0x0001df0a,122634
4049,0x0001df0a,122634
4050,0x0001e4f4,124148
4051,0x0001df0a,122634
4052,0x0001df0a,122634
4053,0x0001df0a,122634
4054,0x0001e4f4,124148
4055,0x0001df0a,122634
4056,0x0001df0a,122634
4057,0x0001e4f4,124148
4058,0x0001df0a,122634
4059,0x0001df0a,122634
4060,0x0001df0a,122634
4061,0x0001e4f4,124148
4062,0x0001df0a,122634
4063,0x0001df0a,122634
4064,0x0001df0a,122634
4065,0x0001df0a,122634
4066,0x0001df0a,122634
4067,0x0001df0a,122634
4068,0x0001e4f4,124148
4069,0x0001df0a,122634
4070,0x0001df0a,122634
4071,0x00015704,87812
4072,0x00010a22,68130
4073,0x0001e4f4,124148
4074,0x0001df0a,122634
4075,0x0001df0a,122634
4076,0x0001df0a,122634
4077,0x0001e4f4,124148
4078,0x0001df0a,122634
4079,0x0001df0a,122634
4080,0x0001e4f4,124148
4081,0x0001df0a,122634
4082,0x0001df0a,122634
4083,0x0001df0a,122634
4084,0x0001e4f4,124148
4085,0x0001df0a,122634
4086,0x0001df0a,122634
4087,0x0001df0a,122634
4088,0x0001e4f4,124148
4089,0x0001df0a,122634
4090,0x0001df0a,122634
4091,0x0001e4f4,124148
4092,0x0001df0a,122634
4093,0x0001df0a,122634
4094,0x0001df0a,122634
4095,0x0001e4f4,124148
