0,0x00000000,0
1,0x00000000,0
2,0x00000000,0
3,0x000035d7,13783
4,0x00000041,65
5,0x00000004,4
6,0x00000001,1
7,0x00000000,0
8,0x00000000,0
9,0x00000000,0
10,0x00000000,0
11,0x00000004,4
12,0x0000000f,15
13,0x00000028,40
14,0x00000005,5
15,0x00000000,0
16,0x00000000,0
17,0x00000000,0
18,0x00000000,0
19,0x00000000,0
20,0x00000009,9
21,0x00000027,39
22,0x0000003f,63
23,0x00000006,6
24,0x00000000,0
25,0x00000000,0
26,0x00000000,0
27,0x00000000,0
28,0x00000000,0
29,0x00000001,1
30,0x0000000e,14
31,0x0000000d,13
32,0x00000002,2
33,0x00000001,1
34,0x00000000,0
35,0x00000000,0
36,0x00000000,0
37,0x00000000,0
38,0x0000000e,14
39,0x000000bb,187
40,0x000000e3,227
41,0x00000011,17
42,0x00000003,3
43,0x00000000,0
44,0x00000000,0
45,0x00000000,0
46,0x00000000,0
47,0x00000007,7
48,0x00000023,35
49,0x00000029,41
50,0x00000004,4
51,0x00000001,1
52,0x00000000,0
53,0x00000000,0
54,0x00000000,0
55,0x00000000,0
56,0x00000004,4
57,0x0000001d,29
58,0x00000019,25
59,0x0000000a,10
60,0x0011a004,1155076
61,0x008f514e,9392462
62,0x0047a084,4694148
63,0x0008190e,530702
64,0x00027a45,162373
65,0x00000016,22
66,0x00000007,7
67,0x00000003,3
68,0x00000003,3
69,0x0000000c,12
70,0x0000005a,90
71,0x000000e0,224
72,0x0000007b,123
73,0x000000bc,188
74,0x00000031,49
75,0x00000053,83
76,0x00000025,37
77,0x00000059,89
78,0x000000fb,251
79,0x000000ac,172
80,0x00000032,50
81,0x00000037,55
82,0x00000030,48
83,0x00000045,69
84,0x00000018,24
85,0x00000024,36
86,0x00000028,40
87,0x00000018,24
88,0x00000011,17
89,0x0000001a,26
90,0x00000050,80
91,0x0000005a,90
92,0x0000006d,109
93,0x0000005f,95
94,0x00000062,98
95,0x000000b3,179
96,0x0000007d,125
97,0x000001b4,436
98,0x00000880,2176
99,0x000005b2,1458
100,0x000001ab,427
101,0x00000114,276
102,0x00000035,53
103,0x0000004d,77
104,0x00000010,16
105,0x00000041,65
106,0x0000003f,63
107,0x00000026,38
108,0x0000000b,11
109,0x00000003,3
110,0x00000002,2
111,0x00000001,1
112,0x00000002,2
113,0x00000003,3
114,0x00000002,2
115,0x00000003,3
116,0x00000001,1
117,0x00000000,0
118,0x00000001,1
119,0x00000002,2
120,0x00000001,1
121,0x00000001,1
122,0x00000001,1
123,0x00000000,0
124,0x00000002,2
125,0x00000001,1
126,0x00000000,0
127,0x00000004,4
128,0x00000002,2
129,0x00000001,1
130,0x00000000,0
131,0x00000002,2
132,0x00000004,4
133,0x00000000,0
134,0x00000000,0
135,0x00000002,2
136,0x00000002,2
137,0x00000002,2
138,0x00000000,0
139,0x00000001,1
140,0x00000000,0
141,0x00000002,2
142,0x00000000,0
143,0x00000000,0
144,0x00000001,1
145,0x00000001,1
146,0x00000001,1
147,0x00000000,0
148,0x00000002,2
149,0x00000002,2
150,0x00000000,0
151,0x00000000,0
152,0x00000000,0
153,0x00000002,2
154,0x00000000,0
155,0x00000001,1
156,0x00000001,1
157,0x00000000,0
158,0x00000001,1
159,0x00000001,1
160,0x00000001,1
161,0x00000000,0
162,0x00000000,0
163,0x00000001,1
164,0x00000000,0
165,0x00000001,1
166,0x00000001,1
167,0x00000000,0
168,0x00000000,0
169,0x00000000,0
170,0x00000000,0
171,0x00000001,1
172,0x00000001,1
173,0x00000001,1
174,0x00000002,2
175,0x00000000,0
176,0x00000000,0
177,0x00000000,0
178,0x00000000,0
179,0x00000000,0
180,0x00000000,0
181,0x00000000,0
182,0x00000000,0
183,0x00000000,0
184,0x00000000,0
185,0x00000000,0
186,0x00000000,0
187,0x00000000,0
188,0x00000000,0
189,0x00000000,0
190,0x00000000,0
191,0x00000000,0
192,0x00000001,1
193,0x00000001,1
194,0x00000000,0
195,0x00000001,1
196,0x00000000,0
197,0x00000001,1
198,0x00000001,1
199,0x00000000,0
200,0x00000001,1
201,0x00000000,0
202,0x00000001,1
203,0x00000000,0
204,0x00000000,0
205,0x00000000,0
206,0x00000000,0
207,0x00000000,0
208,0x00000000,0
209,0x00000000,0
210,0x00000000,0
211,0x00000000,0
212,0x00000000,0
213,0x00000000,0
214,0x00000001,1
215,0x00000000,0
216,0x00000000,0
217,0x00000000,0
218,0x00000000,0
219,0x00000000,0
220,0x00000000,0
221,0x00000000,0
222,0x00000000,0
223,0x00000000,0
224,0x00000000,0
225,0x00000000,0
226,0x00000000,0
227,0x00000000,0
228,0x00000000,0
229,0x00000000,0
230,0x00000001,1
231,0x00000000,0
232,0x00000000,0
233,0x00000000,0
234,0x00000000,0
235,0x00000000,0
236,0x00000000,0
237,0x00000000,0
238,0x00000000,0
239,0x00000000,0
240,0x00000000,0
241,0x00000000,0
242,0x00000000,0
243,0x00000000,0
244,0x00000000,0
245,0x00000000,0
246,0x00000000,0
247,0x00000000,0
248,0x00000000,0
249,0x00000000,0
250,0x00000000,0
251,0x00000000,0
252,0x00000000,0
253,0x00000001,1
254,0x00000000,0
255,0x00000001,1
256,0x00000000,0
257,0x00000000,0
258,0x00000000,0
259,0x00000000,0
260,0x00000000,0
261,0x00000001,1
262,0x00000000,0
263,0x00000000,0
264,0x00000000,0
265,0x00000000,0
266,0x00000000,0
267,0x00000000,0
268,0x00000000,0
269,0x00000000,0
270,0x00000001,1
271,0x00000000,0
272,0x00000000,0
273,0x00000000,0
274,0x00000000,0
275,0x00000000,0
276,0x00000000,0
277,0x00000000,0
278,0x00000000,0
279,0x00000001,1
280,0x00000000,0
281,0x00000000,0
282,0x00000000,0
283,0x00000000,0
284,0x00000000,0
285,0x00000000,0
286,0x00000000,0
287,0x00000000,0
288,0x00000000,0
289,0x00000001,1
290,0x00000000,0
291,0x00000000,0
292,0x00000000,0
293,0x00000000,0
294,0x00000000,0
295,0x00000000,0
296,0x00000000,0
297,0x00000000,0
298,0x00000000,0
299,0x00000000,0
300,0x00000000,0
301,0x00000000,0
302,0x00000000,0
303,0x00000002,2
304,0x00000000,0
305,0x00000000,0
306,0x00000000,0
307,0x00000000,0
308,0x00000000,0
309,0x00000000,0
310,0x00000000,0
311,0x00000000,0
312,0x00000000,0
313,0x00000000,0
314,0x00000000,0
315,0x00000000,0
316,0x00000000,0
317,0x00000000,0
318,0x00000000,0
319,0x00000000,0
320,0x00000000,0
321,0x00000001,1
322,0x00000000,0
323,0x00000000,0
324,0x00000000,0
325,0x00000000,0
326,0x00000000,0
327,0x00000001,1
328,0x00000000,0
329,0x00000000,0
330,0x00000001,1
331,0x00000000,0
332,0x00000000,0
333,0x00000000,0
334,0x00000001,1
335,0x00000000,0
336,0x00000000,0
337,0x00000000,0
338,0x00000000,0
339,0x00000000,0
340,0x00000000,0
341,0x00000000,0
342,0x00000000,0
343,0x00000000,0
344,0x00000000,0
345,0x00000001,1
346,0x00000000,0
347,0x00000000,0
348,0x00000000,0
349,0x00000000,0
350,0x00000000,0
351,0x00000000,0
352,0x00000000,0
353,0x00000000,0
354,0x00000000,0
355,0x00000000,0
356,0x00000000,0
357,0x00000001,1
358,0x00000000,0
359,0x00000000,0
360,0x00000000,0
361,0x00000000,0
362,0x00000000,0
363,0x00000000,0
364,0x00000000,0
365,0x00000001,1
366,0x00000000,0
367,0x00000000,0
368,0x00000000,0
369,0x00000000,0
370,0x00000001,1
371,0x00000001,1
372,0x00000000,0
373,0x00000002,2
374,0x00000000,0
375,0x00000001,1
376,0x00000000,0
377,0x00000000,0
378,0x00000000,0
379,0x00000000,0
380,0x00000000,0
381,0x00000000,0
382,0x00000000,0
383,0x00000000,0
384,0x00000001,1
385,0x00000000,0
386,0x00000000,0
387,0x00000000,0
388,0x00000000,0
389,0x00000000,0
390,0x00000000,0
391,0x00000000,0
392,0x00000000,0
393,0x00000000,0
394,0x00000000,0
395,0x00000000,0
396,0x00000000,0
397,0x00000000,0
398,0x00000000,0
399,0x00000000,0
400,0x00000001,1
401,0x00000000,0
402,0x00000000,0
403,0x00000000,0
404,0x00000001,1
405,0x00000001,1
406,0x00000000,0
407,0x00000001,1
408,0x00000000,0
409,0x00000000,0
410,0x00000001,1
411,0x00000000,0
412,0x00000000,0
413,0x00000000,0
414,0x00000000,0
415,0x00000001,1
416,0x00000000,0
417,0x00000000,0
418,0x00000000,0
419,0x00000000,0
420,0x00000000,0
421,0x00000000,0
422,0x00000001,1
423,0x00000000,0
424,0x00000000,0
425,0x00000000,0
426,0x00000000,0
427,0x00000000,0
428,0x00000000,0
429,0x00000000,0
430,0x00000000,0
431,0x00000000,0
432,0x00000000,0
433,0x00000000,0
434,0x00000000,0
435,0x00000000,0
436,0x00000000,0
437,0x00000000,0
438,0x00000000,0
439,0x00000000,0
440,0x00000000,0
441,0x00000000,0
442,0x00000000,0
443,0x00000000,0
444,0x00000000,0
445,0x00000000,0
446,0x00000000,0
447,0x00000001,1
448,0x00000000,0
449,0x00000000,0
450,0x00000000,0
451,0x00000000,0
452,0x00000000,0
453,0x00000000,0
454,0x00000000,0
455,0x00000000,0
456,0x00000000,0
457,0x00000000,0
458,0x00000000,0
459,0x00000000,0
460,0x00000000,0
461,0x00000000,0
462,0x00000000,0
463,0x00000000,0
464,0x00000000,0
465,0x00000000,0
466,0x00000000,0
467,0x00000000,0
468,0x00000000,0
469,0x00000000,0
470,0x00000000,0
471,0x00000000,0
472,0x00000000,0
473,0x00000001,1
474,0x00000000,0
475,0x00000000,0
476,0x00000000,0
477,0x00000000,0
478,0x00000000,0
479,0x00000000,0
480,0x00000000,0
481,0x00000000,0
482,0x00000000,0
483,0x00000000,0
484,0x00000000,0
485,0x00000000,0
486,0x00000000,0
487,0x00000000,0
488,0x00000000,0
489,0x00000000,0
490,0x00000000,0
491,0x00000001,1
492,0x00000000,0
493,0x00000000,0
494,0x00000000,0
495,0x00000000,0
496,0x00000000,0
497,0x00000000,0
498,0x00000000,0
499,0x00000000,0
500,0x00000000,0
501,0x00000000,0
502,0x00000001,1
503,0x00000000,0
504,0x00000000,0
505,0x00000000,0
506,0x00000000,0
507,0x00000000,0
508,0x00000000,0
509,0x00000000,0
510,0x00000000,0
511,0x00000000,0
512,0x00000001,1
513,0x00000000,0
514,0x00000000,0
515,0x00000001,1
516,0x00000000,0
517,0x00000000,0
518,0x00000000,0
519,0x00000001,1
520,0x00000000,0
521,0x00000000,0
522,0x00000000,0
523,0x00000000,0
524,0x00000000,0
525,0x00000000,0
526,0x00000000,0
527,0x00000000,0
528,0x00000000,0
529,0x00000000,0
530,0x00000000,0
531,0x00000000,0
532,0x00000000,0
533,0x00000000,0
534,0x00000000,0
535,0x00000000,0
536,0x00000000,0
537,0x00000002,2
538,0x00000000,0
539,0x00000001,1
540,0x00000000,0
541,0x00000000,0
542,0x00000000,0
543,0x00000000,0
544,0x00000000,0
545,0x00000000,0
546,0x00000000,0
547,0x00000000,0
548,0x00000000,0
549,0x00000000,0
550,0x00000000,0
551,0x00000000,0
552,0x00000000,0
553,0x00000000,0
554,0x00000000,0
555,0x00000001,1
556,0x00000000,0
557,0x00000000,0
558,0x00000000,0
559,0x00000000,0
560,0x00000000,0
561,0x00000000,0
562,0x00000000,0
563,0x00000000,0
564,0x00000000,0
565,0x00000001,1
566,0x00000000,0
567,0x00000000,0
568,0x00000000,0
569,0x00000000,0
570,0x00000000,0
571,0x00000000,0
572,0x00000000,0
573,0x00000000,0
574,0x00000000,0
575,0x00000000,0
576,0x00000000,0
577,0x00000000,0
578,0x00000000,0
579,0x00000000,0
580,0x00000000,0
581,0x00000000,0
582,0x00000000,0
583,0x00000000,0
584,0x00000000,0
585,0x00000000,0
586,0x00000000,0
587,0x00000000,0
588,0x00000002,2
589,0x00000000,0
590,0x00000000,0
591,0x00000000,0
592,0x00000002,2
593,0x00000001,1
594,0x00000000,0
595,0x00000000,0
596,0x00000000,0
597,0x00000000,0
598,0x00000000,0
599,0x00000000,0
600,0x00000001,1
601,0x00000000,0
602,0x00000000,0
603,0x00000000,0
604,0x00000000,0
605,0x00000000,0
606,0x00000000,0
607,0x00000000,0
608,0x00000001,1
609,0x00000000,0
610,0x00000000,0
611,0x00000000,0
612,0x00000000,0
613,0x00000000,0
614,0x00000000,0
615,0x00000000,0
616,0x00000000,0
617,0x00000000,0
618,0x00000000,0
619,0x00000000,0
620,0x00000000,0
621,0x00000000,0
622,0x00000000,0
623,0x00000000,0
624,0x00000000,0
625,0x00000000,0
626,0x00000000,0
627,0x00000000,0
628,0x00000000,0
629,0x00000000,0
630,0x00000000,0
631,0x00000000,0
632,0x00000000,0
633,0x00000000,0
634,0x00000001,1
635,0x00000001,1
636,0x00000000,0
637,0x00000000,0
638,0x00000000,0
639,0x00000000,0
640,0x00000000,0
641,0x00000001,1
642,0x00000000,0
643,0x00000000,0
644,0x00000000,0
645,0x00000001,1
646,0x00000000,0
647,0x00000000,0
648,0x00000000,0
649,0x00000000,0
650,0x00000000,0
651,0x00000000,0
652,0x00000000,0
653,0x00000001,1
654,0x00000000,0
655,0x00000000,0
656,0x00000000,0
657,0x00000000,0
658,0x00000000,0
659,0x00000000,0
660,0x00000000,0
661,0x00000000,0
662,0x00000000,0
663,0x00000000,0
664,0x00000000,0
665,0x00000001,1
666,0x00000000,0
667,0x00000000,0
668,0x00000001,1
669,0x00000000,0
670,0x00000000,0
671,0x00000000,0
672,0x00000000,0
673,0x00000000,0
674,0x00000001,1
675,0x00000000,0
676,0x00000001,1
677,0x00000000,0
678,0x00000000,0
679,0x00000001,1
680,0x00000001,1
681,0x00000000,0
682,0x00000000,0
683,0x00000000,0
684,0x00000000,0
685,0x00000000,0
686,0x00000000,0
687,0x00000000,0
688,0x00000001,1
689,0x00000000,0
690,0x00000000,0
691,0x00000000,0
692,0x00000000,0
693,0x00000001,1
694,0x00000000,0
695,0x00000000,0
696,0x00000001,1
697,0x00000000,0
698,0x00000000,0
699,0x00000000,0
700,0x00000000,0
701,0x00000000,0
702,0x00000000,0
703,0x00000000,0
704,0x00000000,0
705,0x00000000,0
706,0x00000000,0
707,0x00000001,1
708,0x00000000,0
709,0x00000000,0
710,0x00000000,0
711,0x00000000,0
712,0x00000000,0
713,0x00000000,0
714,0x00000000,0
715,0x00000000,0
716,0x00000001,1
717,0x00000000,0
718,0x00000000,0
719,0x00000000,0
720,0x00000000,0
721,0x00000001,1
722,0x00000000,0
723,0x00000001,1
724,0x00000000,0
725,0x00000000,0
726,0x00000000,0
727,0x00000000,0
728,0x00000000,0
729,0x00000000,0
730,0x00000001,1
731,0x00000000,0
732,0x00000000,0
733,0x00000000,0
734,0x00000000,0
735,0x00000000,0
736,0x00000000,0
737,0x00000000,0
738,0x00000000,0
739,0x00000000,0
740,0x00000000,0
741,0x00000000,0
742,0x00000000,0
743,0x00000000,0
744,0x00000000,0
745,0x00000000,0
746,0x00000000,0
747,0x00000000,0
748,0x00000000,0
749,0x00000000,0
750,0x00000001,1
751,0x00000000,0
752,0x00000000,0
753,0x00000001,1
754,0x00000000,0
755,0x00000000,0
756,0x00000000,0
757,0x00000001,1
758,0x00000000,0
759,0x00000000,0
760,0x00000001,1
761,0x00000001,1
762,0x00000000,0
763,0x00000000,0
764,0x00000000,0
765,0x00000000,0
766,0x00000000,0
767,0x00000000,0
768,0x00000000,0
769,0x00000000,0
770,0x00000000,0
771,0x00000000,0
772,0x00000000,0
773,0x00000000,0
774,0x00000000,0
775,0x00000001,1
776,0x00000001,1
777,0x00000000,0
778,0x00000000,0
779,0x00000001,1
780,0x00000000,0
781,0x00000000,0
782,0x00000000,0
783,0x00000000,0
784,0x00000000,0
785,0x00000000,0
786,0x00000000,0
787,0x00000000,0
788,0x00000000,0
789,0x00000000,0
790,0x00000000,0
791,0x00000000,0
792,0x00000000,0
793,0x00000000,0
794,0x00000001,1
795,0x00000000,0
796,0x00000000,0
797,0x00000000,0
798,0x00000000,0
799,0x00000001,1
800,0x00000000,0
801,0x00000000,0
802,0x00000001,1
803,0x00000000,0
804,0x00000000,0
805,0x00000000,0
806,0x00000001,1
807,0x00000000,0
808,0x00000001,1
809,0x00000001,1
810,0x00000000,0
811,0x00000000,0
812,0x00000000,0
813,0x00000000,0
814,0x00000000,0
815,0x00000000,0
816,0x00000000,0
817,0x00000000,0
818,0x00000000,0
819,0x00000000,0
820,0x00000001,1
821,0x00000000,0
822,0x00000000,0
823,0x00000000,0
824,0x00000000,0
825,0x00000000,0
826,0x00000000,0
827,0x00000000,0
828,0x00000000,0
829,0x00000000,0
830,0x00000000,0
831,0x00000000,0
832,0x00000000,0
833,0x00000001,1
834,0x00000000,0
835,0x00000000,0
836,0x00000000,0
837,0x00000000,0
838,0x00000000,0
839,0x00000000,0
840,0x00000000,0
841,0x00000000,0
842,0x00000000,0
843,0x00000000,0
844,0x00000000,0
845,0x00000000,0
846,0x00000000,0
847,0x00000000,0
848,0x00000001,1
849,0x00000001,1
850,0x00000000,0
851,0x00000000,0
852,0x00000000,0
853,0x00000000,0
854,0x00000000,0
855,0x00000001,1
856,0x00000000,0
857,0x00000000,0
858,0x00000000,0
859,0x00000000,0
860,0x00000000,0
861,0x00000000,0
862,0x00000000,0
863,0x00000000,0
864,0x00000000,0
865,0x00000000,0
866,0x00000000,0
867,0x00000000,0
868,0x00000000,0
869,0x00000001,1
870,0x00000000,0
871,0x00000001,1
872,0x00000001,1
873,0x00000000,0
874,0x00000000,0
875,0x00000001,1
876,0x00000000,0
877,0x00000000,0
878,0x00000000,0
879,0x00000000,0
880,0x00000000,0
881,0x00000000,0
882,0x00000000,0
883,0x00000000,0
884,0x00000000,0
885,0x00000000,0
886,0x00000000,0
887,0x00000000,0
888,0x00000000,0
889,0x00000001,1
890,0x00000001,1
891,0x00000000,0
892,0x00000000,0
893,0x00000000,0
894,0x00000000,0
895,0x00000000,0
896,0x00000000,0
897,0x00000000,0
898,0x00000000,0
899,0x00000000,0
900,0x00000000,0
901,0x00000000,0
902,0x00000000,0
903,0x00000000,0
904,0x00000000,0
905,0x00000000,0
906,0x00000001,1
907,0x00000000,0
908,0x00000000,0
909,0x00000001,1
910,0x00000000,0
911,0x00000000,0
912,0x00000000,0
913,0x00000000,0
914,0x00000001,1
915,0x00000000,0
916,0x00000000,0
917,0x00000000,0
918,0x00000000,0
919,0x00000000,0
920,0x00000000,0
921,0x00000000,0
922,0x00000000,0
923,0x00000001,1
924,0x00000001,1
925,0x00000000,0
926,0x00000000,0
927,0x00000000,0
928,0x00000000,0
929,0x00000000,0
930,0x00000000,0
931,0x00000000,0
932,0x00000000,0
933,0x00000000,0
934,0x00000000,0
935,0x00000000,0
936,0x00000000,0
937,0x00000000,0
938,0x00000000,0
939,0x00000001,1
940,0x00000001,1
941,0x00000000,0
942,0x00000000,0
943,0x00000000,0
944,0x00000000,0
945,0x00000000,0
946,0x00000000,0
947,0x00000000,0
948,0x00000000,0
949,0x00000000,0
950,0x00000001,1
951,0x00000000,0
952,0x00000000,0
953,0x00000000,0
954,0x00000000,0
955,0x00000001,1
956,0x00000000,0
957,0x00000000,0
958,0x00000000,0
959,0x00000000,0
960,0x00000000,0
961,0x00000000,0
962,0x00000000,0
963,0x00000000,0
964,0x00000000,0
965,0x00000001,1
966,0x00000000,0
967,0x00000000,0
968,0x00000000,0
969,0x00000000,0
970,0x00000000,0
971,0x00000001,1
972,0x00000000,0
973,0x00000000,0
974,0x00000000,0
975,0x00000000,0
976,0x00000000,0
977,0x00000000,0
978,0x00000000,0
979,0x00000000,0
980,0x00000000,0
981,0x00000000,0
982,0x00000000,0
983,0x00000000,0
984,0x00000000,0
985,0x00000000,0
986,0x00000000,0
987,0x00000000,0
988,0x00000000,0
989,0x00000000,0
990,0x00000000,0
991,0x00000000,0
992,0x00000000,0
993,0x00000000,0
994,0x00000000,0
995,0x00000000,0
996,0x00000000,0
997,0x00000000,0
998,0x00000000,0
999,0x00000000,0
1000,0x00000000,0
1001,0x00000000,0
1002,0x00000000,0
1003,0x00000001,1
1004,0x00000000,0
1005,0x00000000,0
1006,0x00000000,0
1007,0x00000000,0
1008,0x00000000,0
1009,0x00000000,0
1010,0x00000000,0
1011,0x00000000,0
1012,0x00000000,0
1013,0x00000000,0
1014,0x00000000,0
1015,0x00000000,0
1016,0x00000001,1
1017,0x00000000,0
1018,0x00000000,0
1019,0x00000000,0
1020,0x00000001,1
1021,0x00000001,1
1022,0x00000000,0
1023,0x00000000,0
0,0x00000000,0
1024,0x000000c5,197
2048,0x00000186,390
3072,0x0000018b,395
4096,0x000007cf,1999
5120,0x00000866,2150
6144,0x000004e1,1249
7168,0x0000021b,539
8192,0x0000006e,110
9216,0x0000002c,44
10240,0x0000000c,12
11264,0x00000005,5
12288,0x00000000,0
13312,0x00000000,0
14336,0x00000000,0
15360,0x00000000,0
16384,0x00000001,1
17408,0x00000000,0
18432,0x00000000,0
19456,0x00000000,0
20480,0x00000000,0
21504,0x00000000,0
22528,0x00000000,0
23552,0x00000000,0
24576,0x00000000,0
25600,0x00000000,0
26624,0x00000000,0
27648,0x00000000,0
28672,0x00000000,0
29696,0x00000000,0
30720,0x00000000,0
31744,0x00000000,0
32768,0x00000000,0
33792,0x00000000,0
34816,0x00000000,0
35840,0x00000000,0
36864,0x00000000,0
37888,0x00000000,0
38912,0x00000000,0
39936,0x00000000,0
40960,0x00000000,0
41984,0x00000000,0
43008,0x00000000,0
44032,0x00000000,0
45056,0x00000000,0
46080,0x00000000,0
47104,0x00000000,0
48128,0x00000000,0
49152,0x00000000,0
50176,0x00000000,0
51200,0x00000000,0
52224,0x00000000,0
53248,0x00000000,0
54272,0x00000000,0
55296,0x00000000,0
56320,0x00000000,0
57344,0x00000000,0
58368,0x00000000,0
59392,0x00000000,0
60416,0x00000000,0
61440,0x00000000,0
62464,0x00000000,0
63488,0x00000000,0
64512,0x00000000,0
65536,0x00000000,0
66560,0x00000000,0
67584,0x00000000,0
68608,0x00000000,0
69632,0x00000000,0
70656,0x00000000,0
71680,0x00000000,0
72704,0x00000000,0
73728,0x00000000,0
74752,0x00000000,0
75776,0x00000000,0
76800,0x00000000,0
77824,0x00000000,0
78848,0x00000000,0
79872,0x00000000,0
80896,0x00000000,0
81920,0x00000000,0
82944,0x00000000,0
83968,0x00000000,0
84992,0x00000000,0
86016,0x00000000,0
87040,0x00000000,0
88064,0x00000000,0
89088,0x00000000,0
90112,0x00000000,0
91136,0x00000000,0
92160,0x00000000,0
93184,0x00000000,0
94208,0x00000000,0
95232,0x00000000,0
96256,0x00000000,0
97280,0x00000000,0
98304,0x00000000,0
99328,0x00000000,0
100352,0x00000000,0
101376,0x00000000,0
102400,0x00000000,0
103424,0x00000000,0
104448,0x00000000,0
105472,0x00000000,0
106496,0x00000000,0
107520,0x00000000,0
108544,0x00000000,0
109568,0x00000000,0
110592,0x00000000,0
111616,0x00000000,0
112640,0x00000000,0
113664,0x00000000,0
114688,0x00000000,0
115712,0x00000000,0
116736,0x00000000,0
117760,0x00000000,0
118784,0x00000000,0
119808,0x00000000,0
120832,0x00000000,0
121856,0x00000000,0
122880,0x00000000,0
123904,0x00000000,0
124928,0x00000000,0
125952,0x00000000,0
126976,0x00000000,0
128000,0x00000000,0
129024,0x00000000,0
130048,0x00000000,0
131072,0x00000000,0
132096,0x00000000,0
133120,0x00000000,0
134144,0x00000000,0
135168,0x00000000,0
136192,0x00000000,0
137216,0x00000000,0
138240,0x00000000,0
139264,0x00000000,0
140288,0x00000000,0
141312,0x00000000,0
142336,0x00000000,0
143360,0x00000000,0
144384,0x00000000,0
145408,0x00000000,0
146432,0x00000000,0
147456,0x00000000,0
148480,0x00000000,0
149504,0x00000000,0
150528,0x00000000,0
151552,0x00000000,0
152576,0x00000000,0
153600,0x00000000,0
154624,0x00000000,0
155648,0x00000000,0
156672,0x00000000,0
157696,0x00000000,0
158720,0x00000000,0
159744,0x00000000,0
160768,0x00000000,0
161792,0x00000000,0
162816,0x00000000,0
163840,0x00000000,0
164864,0x00000000,0
165888,0x00000000,0
166912,0x00000000,0
167936,0x00000000,0
168960,0x00000000,0
169984,0x00000000,0
171008,0x00000000,0
172032,0x00000000,0
173056,0x00000000,0
174080,0x00000000,0
175104,0x00000000,0
176128,0x00000000,0
177152,0x00000000,0
178176,0x00000000,0
179200,0x00000000,0
180224,0x00000000,0
181248,0x00000000,0
182272,0x00000000,0
183296,0x00000000,0
184320,0x00000000,0
185344,0x00000000,0
186368,0x00000000,0
187392,0x00000000,0
188416,0x00000000,0
189440,0x00000000,0
190464,0x00000000,0
191488,0x00000000,0
192512,0x00000000,0
193536,0x00000000,0
194560,0x00000000,0
195584,0x00000000,0
196608,0x00000000,0
197632,0x00000000,0
198656,0x00000000,0
199680,0x00000000,0
200704,0x00000000,0
201728,0x00000000,0
202752,0x00000000,0
203776,0x00000000,0
204800,0x00000000,0
205824,0x00000000,0
206848,0x00000000,0
207872,0x00000000,0
208896,0x00000000,0
209920,0x00000000,0
210944,0x00000000,0
211968,0x00000000,0
212992,0x00000000,0
214016,0x00000000,0
215040,0x00000000,0
216064,0x00000000,0
217088,0x00000000,0
218112,0x00000000,0
219136,0x00000000,0
220160,0x00000000,0
221184,0x00000000,0
222208,0x00000000,0
223232,0x00000000,0
224256,0x00000000,0
225280,0x00000000,0
226304,0x00000000,0
227328,0x00000000,0
228352,0x00000000,0
229376,0x00000000,0
230400,0x00000000,0
231424,0x00000000,0
232448,0x00000000,0
233472,0x00000000,0
234496,0x00000000,0
235520,0x00000000,0
236544,0x00000000,0
237568,0x00000000,0
238592,0x00000000,0
239616,0x00000000,0
240640,0x00000000,0
241664,0x00000000,0
242688,0x00000000,0
243712,0x00000000,0
244736,0x00000000,0
245760,0x00000000,0
246784,0x00000000,0
247808,0x00000000,0
248832,0x00000000,0
249856,0x00000000,0
250880,0x00000000,0
251904,0x00000000,0
252928,0x00000000,0
253952,0x00000000,0
254976,0x00000000,0
256000,0x00000000,0
257024,0x00000000,0
258048,0x00000000,0
259072,0x00000000,0
260096,0x00000000,0
261120,0x00000000,0
262144,0x00000000,0
263168,0x00000000,0
264192,0x00000000,0
265216,0x00000000,0
266240,0x00000000,0
267264,0x00000000,0
268288,0x00000000,0
269312,0x00000000,0
270336,0x00000000,0
271360,0x00000000,0
272384,0x00000000,0
273408,0x00000000,0
274432,0x00000000,0
275456,0x00000000,0
276480,0x00000000,0
277504,0x00000000,0
278528,0x00000000,0
279552,0x00000000,0
280576,0x00000000,0
281600,0x00000000,0
282624,0x00000000,0
283648,0x00000000,0
284672,0x00000000,0
285696,0x00000000,0
286720,0x00000000,0
287744,0x00000000,0
288768,0x00000000,0
289792,0x00000000,0
290816,0x00000000,0
291840,0x00000000,0
292864,0x00000000,0
293888,0x00000000,0
294912,0x00000000,0
295936,0x00000000,0
296960,0x00000000,0
297984,0x00000000,0
299008,0x00000000,0
300032,0x00000000,0
301056,0x00000000,0
302080,0x00000000,0
303104,0x00000000,0
304128,0x00000000,0
305152,0x00000000,0
306176,0x00000000,0
307200,0x00000000,0
308224,0x00000000,0
309248,0x00000000,0
310272,0x00000000,0
311296,0x00000000,0
312320,0x00000000,0
313344,0x00000000,0
314368,0x00000000,0
315392,0x00000000,0
316416,0x00000000,0
317440,0x00000000,0
318464,0x00000000,0
319488,0x00000000,0
320512,0x00000000,0
321536,0x00000000,0
322560,0x00000000,0
323584,0x00000000,0
324608,0x00000000,0
325632,0x00000000,0
326656,0x00000000,0
327680,0x00000000,0
328704,0x00000000,0
329728,0x00000000,0
330752,0x00000000,0
331776,0x00000000,0
332800,0x00000000,0
333824,0x00000000,0
334848,0x00000000,0
335872,0x00000000,0
336896,0x00000000,0
337920,0x00000000,0
338944,0x00000000,0
339968,0x00000000,0
340992,0x00000000,0
342016,0x00000000,0
343040,0x00000000,0
344064,0x00000000,0
345088,0x00000000,0
346112,0x00000000,0
347136,0x00000000,0
348160,0x00000000,0
349184,0x00000000,0
350208,0x00000000,0
351232,0x00000000,0
352256,0x00000000,0
353280,0x00000000,0
354304,0x00000000,0
355328,0x00000000,0
356352,0x00000000,0
357376,0x00000000,0
358400,0x00000000,0
359424,0x00000000,0
360448,0x00000000,0
361472,0x00000000,0
362496,0x00000000,0
363520,0x00000000,0
364544,0x00000000,0
365568,0x00000000,0
366592,0x00000000,0
367616,0x00000000,0
368640,0x00000000,0
369664,0x00000000,0
370688,0x00000000,0
371712,0x00000000,0
372736,0x00000000,0
373760,0x00000000,0
374784,0x00000000,0
375808,0x00000000,0
376832,0x00000000,0
377856,0x00000000,0
378880,0x00000000,0
379904,0x00000000,0
380928,0x00000000,0
381952,0x00000000,0
382976,0x00000000,0
384000,0x00000000,0
385024,0x00000000,0
386048,0x00000000,0
387072,0x00000000,0
388096,0x00000000,0
389120,0x00000000,0
390144,0x00000000,0
391168,0x00000000,0
392192,0x00000000,0
393216,0x00000000,0
394240,0x00000000,0
395264,0x00000000,0
396288,0x00000000,0
397312,0x00000000,0
398336,0x00000000,0
399360,0x00000000,0
400384,0x00000000,0
401408,0x00000000,0
402432,0x00000000,0
403456,0x00000000,0
404480,0x00000000,0
405504,0x00000000,0
406528,0x00000000,0
407552,0x00000000,0
408576,0x00000000,0
409600,0x00000000,0
410624,0x00000000,0
411648,0x00000000,0
412672,0x00000000,0
413696,0x00000000,0
414720,0x00000000,0
415744,0x00000000,0
416768,0x00000000,0
417792,0x00000000,0
418816,0x00000000,0
419840,0x00000000,0
420864,0x00000000,0
421888,0x00000000,0
422912,0x00000000,0
423936,0x00000000,0
424960,0x00000000,0
425984,0x00000000,0
427008,0x00000000,0
428032,0x00000000,0
429056,0x00000000,0
430080,0x00000000,0
431104,0x00000000,0
432128,0x00000000,0
433152,0x00000000,0
434176,0x00000000,0
435200,0x00000000,0
436224,0x00000000,0
437248,0x00000000,0
438272,0x00000000,0
439296,0x00000000,0
440320,0x00000000,0
441344,0x00000000,0
442368,0x00000000,0
443392,0x00000000,0
444416,0x00000000,0
445440,0x00000000,0
446464,0x00000000,0
447488,0x00000000,0
448512,0x00000000,0
449536,0x00000000,0
450560,0x00000000,0
451584,0x00000000,0
452608,0x00000000,0
453632,0x00000000,0
454656,0x00000000,0
455680,0x00000000,0
456704,0x00000000,0
457728,0x00000000,0
458752,0x00000000,0
459776,0x00000000,0
460800,0x00000000,0
461824,0x00000000,0
462848,0x00000000,0
463872,0x00000000,0
464896,0x00000000,0
465920,0x00000000,0
466944,0x00000000,0
467968,0x00000000,0
468992,0x00000000,0
470016,0x00000000,0
471040,0x00000000,0
472064,0x00000000,0
473088,0x00000000,0
474112,0x00000000,0
475136,0x00000000,0
476160,0x00000000,0
477184,0x00000000,0
478208,0x00000000,0
479232,0x00000000,0
480256,0x00000000,0
481280,0x00000000,0
482304,0x00000000,0
483328,0x00000000,0
484352,0x00000000,0
485376,0x00000000,0
486400,0x00000000,0
487424,0x00000000,0
488448,0x00000000,0
489472,0x00000000,0
490496,0x00000000,0
491520,0x00000000,0
492544,0x00000000,0
493568,0x00000000,0
494592,0x00000000,0
495616,0x00000000,0
496640,0x00000000,0
497664,0x00000000,0
498688,0x00000000,0
499712,0x00000000,0
500736,0x00000000,0
501760,0x00000000,0
502784,0x00000000,0
503808,0x00000000,0
504832,0x00000000,0
505856,0x00000000,0
506880,0x00000000,0
507904,0x00000000,0
508928,0x00000000,0
509952,0x00000000,0
510976,0x00000000,0
512000,0x00000000,0
513024,0x00000000,0
514048,0x00000000,0
515072,0x00000000,0
516096,0x00000000,0
517120,0x00000000,0
518144,0x00000000,0
519168,0x00000000,0
520192,0x00000000,0
521216,0x00000000,0
522240,0x00000000,0
523264,0x00000000,0
524288,0x00000000,0
525312,0x00000000,0
526336,0x00000000,0
527360,0x00000000,0
528384,0x00000000,0
529408,0x00000000,0
530432,0x00000000,0
531456,0x00000000,0
532480,0x00000000,0
533504,0x00000000,0
534528,0x00000000,0
535552,0x00000000,0
536576,0x00000000,0
537600,0x00000000,0
538624,0x00000000,0
539648,0x00000000,0
540672,0x00000000,0
541696,0x00000000,0
542720,0x00000000,0
543744,0x00000000,0
544768,0x00000000,0
545792,0x00000000,0
546816,0x00000000,0
547840,0x00000000,0
548864,0x00000000,0
549888,0x00000000,0
550912,0x00000000,0
551936,0x00000000,0
552960,0x00000000,0
553984,0x00000000,0
555008,0x00000000,0
556032,0x00000000,0
557056,0x00000000,0
558080,0x00000000,0
559104,0x00000000,0
560128,0x00000000,0
561152,0x00000000,0
562176,0x00000000,0
563200,0x00000000,0
564224,0x00000000,0
565248,0x00000000,0
566272,0x00000000,0
567296,0x00000000,0
568320,0x00000000,0
569344,0x00000000,0
570368,0x00000000,0
571392,0x00000000,0
572416,0x00000000,0
573440,0x00000000,0
574464,0x00000000,0
575488,0x00000000,0
576512,0x00000000,0
577536,0x00000000,0
578560,0x00000000,0
579584,0x00000000,0
580608,0x00000000,0
581632,0x00000000,0
582656,0x00000000,0
583680,0x00000000,0
584704,0x00000000,0
585728,0x00000000,0
586752,0x00000000,0
587776,0x00000000,0
588800,0x00000000,0
589824,0x00000000,0
590848,0x00000000,0
591872,0x00000000,0
592896,0x00000000,0
593920,0x00000000,0
594944,0x00000000,0
595968,0x00000000,0
596992,0x00000000,0
598016,0x00000000,0
599040,0x00000000,0
600064,0x00000000,0
601088,0x00000000,0
602112,0x00000000,0
603136,0x00000000,0
604160,0x00000000,0
605184,0x00000000,0
606208,0x00000000,0
607232,0x00000000,0
608256,0x00000000,0
609280,0x00000000,0
610304,0x00000000,0
611328,0x00000000,0
612352,0x00000000,0
613376,0x00000000,0
614400,0x00000000,0
615424,0x00000000,0
616448,0x00000000,0
617472,0x00000000,0
618496,0x00000000,0
619520,0x00000000,0
620544,0x00000000,0
621568,0x00000000,0
622592,0x00000000,0
623616,0x00000000,0
624640,0x00000000,0
625664,0x00000000,0
626688,0x00000000,0
627712,0x00000000,0
628736,0x00000000,0
629760,0x00000000,0
630784,0x00000000,0
631808,0x00000000,0
632832,0x00000000,0
633856,0x00000000,0
634880,0x00000000,0
635904,0x00000000,0
636928,0x00000000,0
637952,0x00000000,0
638976,0x00000000,0
640000,0x00000000,0
641024,0x00000000,0
642048,0x00000000,0
643072,0x00000000,0
644096,0x00000000,0
645120,0x00000000,0
646144,0x00000000,0
647168,0x00000000,0
648192,0x00000000,0
649216,0x00000000,0
650240,0x00000000,0
651264,0x00000000,0
652288,0x00000000,0
653312,0x00000000,0
654336,0x00000000,0
655360,0x00000000,0
656384,0x00000000,0
657408,0x00000000,0
658432,0x00000000,0
659456,0x00000000,0
660480,0x00000000,0
661504,0x00000000,0
662528,0x00000000,0
663552,0x00000000,0
664576,0x00000000,0
665600,0x00000000,0
666624,0x00000000,0
667648,0x00000000,0
668672,0x00000000,0
669696,0x00000000,0
670720,0x00000000,0
671744,0x00000000,0
672768,0x00000000,0
673792,0x00000000,0
674816,0x00000000,0
675840,0x00000000,0
676864,0x00000000,0
677888,0x00000000,0
678912,0x00000000,0
679936,0x00000000,0
680960,0x00000000,0
681984,0x00000000,0
683008,0x00000000,0
684032,0x00000000,0
685056,0x00000000,0
686080,0x00000000,0
687104,0x00000000,0
688128,0x00000000,0
689152,0x00000000,0
690176,0x00000000,0
691200,0x00000000,0
692224,0x00000000,0
693248,0x00000000,0
694272,0x00000000,0
695296,0x00000000,0
696320,0x00000000,0
697344,0x00000000,0
698368,0x00000000,0
699392,0x00000000,0
700416,0x00000000,0
701440,0x00000000,0
702464,0x00000000,0
703488,0x00000000,0
704512,0x00000000,0
705536,0x00000000,0
706560,0x00000000,0
707584,0x00000000,0
708608,0x00000000,0
709632,0x00000000,0
710656,0x00000000,0
711680,0x00000000,0
712704,0x00000000,0
713728,0x00000000,0
714752,0x00000000,0
715776,0x00000000,0
716800,0x00000000,0
717824,0x00000000,0
718848,0x00000000,0
719872,0x00000000,0
720896,0x00000000,0
721920,0x00000000,0
722944,0x00000000,0
723968,0x00000000,0
724992,0x00000000,0
726016,0x00000000,0
727040,0x00000000,0
728064,0x00000000,0
729088,0x00000000,0
730112,0x00000000,0
731136,0x00000000,0
732160,0x00000000,0
733184,0x00000000,0
734208,0x00000000,0
735232,0x00000000,0
736256,0x00000000,0
737280,0x00000000,0
738304,0x00000000,0
739328,0x00000000,0
740352,0x00000000,0
741376,0x00000000,0
742400,0x00000000,0
743424,0x00000000,0
744448,0x00000000,0
745472,0x00000000,0
746496,0x00000000,0
747520,0x00000000,0
748544,0x00000000,0
749568,0x00000000,0
750592,0x00000000,0
751616,0x00000000,0
752640,0x00000000,0
753664,0x00000000,0
754688,0x00000000,0
755712,0x00000000,0
756736,0x00000000,0
757760,0x00000000,0
758784,0x00000000,0
759808,0x00000000,0
760832,0x00000000,0
761856,0x00000000,0
762880,0x00000000,0
763904,0x00000000,0
764928,0x00000000,0
765952,0x00000000,0
766976,0x00000000,0
768000,0x00000000,0
769024,0x00000000,0
770048,0x00000000,0
771072,0x00000000,0
772096,0x00000000,0
773120,0x00000000,0
774144,0x00000000,0
775168,0x00000000,0
776192,0x00000000,0
777216,0x00000000,0
778240,0x00000000,0
779264,0x00000000,0
780288,0x00000000,0
781312,0x00000000,0
782336,0x00000000,0
783360,0x00000000,0
784384,0x00000000,0
785408,0x00000000,0
786432,0x00000000,0
787456,0x00000000,0
788480,0x00000000,0
789504,0x00000000,0
790528,0x00000000,0
791552,0x00000000,0
792576,0x00000000,0
793600,0x00000000,0
794624,0x00000000,0
795648,0x00000000,0
796672,0x00000000,0
797696,0x00000000,0
798720,0x00000000,0
799744,0x00000000,0
800768,0x00000000,0
801792,0x00000000,0
802816,0x00000000,0
803840,0x00000000,0
804864,0x00000000,0
805888,0x00000000,0
806912,0x00000000,0
807936,0x00000000,0
808960,0x00000000,0
809984,0x00000000,0
811008,0x00000000,0
812032,0x00000000,0
813056,0x00000000,0
814080,0x00000000,0
815104,0x00000000,0
816128,0x00000000,0
817152,0x00000000,0
818176,0x00000000,0
819200,0x00000000,0
820224,0x00000000,0
821248,0x00000000,0
822272,0x00000000,0
823296,0x00000000,0
824320,0x00000000,0
825344,0x00000000,0
826368,0x00000000,0
827392,0x00000000,0
828416,0x00000000,0
829440,0x00000000,0
830464,0x00000000,0
831488,0x00000000,0
832512,0x00000000,0
833536,0x00000000,0
834560,0x00000000,0
835584,0x00000000,0
836608,0x00000000,0
837632,0x00000000,0
838656,0x00000000,0
839680,0x00000000,0
840704,0x00000000,0
841728,0x00000000,0
842752,0x00000000,0
843776,0x00000000,0
844800,0x00000000,0
845824,0x00000000,0
846848,0x00000000,0
847872,0x00000000,0
848896,0x00000000,0
849920,0x00000000,0
850944,0x00000000,0
851968,0x00000000,0
852992,0x00000000,0
854016,0x00000000,0
855040,0x00000000,0
856064,0x00000000,0
857088,0x00000000,0
858112,0x00000000,0
859136,0x00000000,0
860160,0x00000000,0
861184,0x00000000,0
862208,0x00000000,0
863232,0x00000000,0
864256,0x00000000,0
865280,0x00000000,0
866304,0x00000000,0
867328,0x00000000,0
868352,0x00000000,0
869376,0x00000000,0
870400,0x00000000,0
871424,0x00000000,0
872448,0x00000000,0
873472,0x00000000,0
874496,0x00000000,0
875520,0x00000000,0
876544,0x00000000,0
877568,0x00000000,0
878592,0x00000000,0
879616,0x00000000,0
880640,0x00000000,0
881664,0x00000000,0
882688,0x00000000,0
883712,0x00000000,0
884736,0x00000000,0
885760,0x00000000,0
886784,0x00000000,0
887808,0x00000000,0
888832,0x00000000,0
889856,0x00000000,0
890880,0x00000000,0
891904,0x00000000,0
892928,0x00000000,0
893952,0x00000000,0
894976,0x00000000,0
896000,0x00000000,0
897024,0x00000000,0
898048,0x00000000,0
899072,0x00000000,0
900096,0x00000000,0
901120,0x00000000,0
902144,0x00000000,0
903168,0x00000000,0
904192,0x00000000,0
905216,0x00000000,0
906240,0x00000000,0
907264,0x00000000,0
908288,0x00000000,0
909312,0x00000000,0
910336,0x00000000,0
911360,0x00000000,0
912384,0x00000000,0
913408,0x00000000,0
914432,0x00000000,0
915456,0x00000000,0
916480,0x00000000,0
917504,0x00000000,0
918528,0x00000000,0
919552,0x00000000,0
920576,0x00000000,0
921600,0x00000000,0
922624,0x00000000,0
923648,0x00000000,0
924672,0x00000000,0
925696,0x00000000,0
926720,0x00000000,0
927744,0x00000000,0
928768,0x00000000,0
929792,0x00000000,0
930816,0x00000000,0
931840,0x00000000,0
932864,0x00000000,0
933888,0x00000000,0
934912,0x00000000,0
935936,0x00000000,0
936960,0x00000000,0
937984,0x00000000,0
939008,0x00000000,0
940032,0x00000000,0
941056,0x00000000,0
942080,0x00000000,0
943104,0x00000000,0
944128,0x00000000,0
945152,0x00000000,0
946176,0x00000000,0
947200,0x00000000,0
948224,0x00000000,0
949248,0x00000000,0
950272,0x00000000,0
951296,0x00000000,0
952320,0x00000000,0
953344,0x00000000,0
954368,0x00000000,0
955392,0x00000000,0
956416,0x00000000,0
957440,0x00000000,0
958464,0x00000000,0
959488,0x00000000,0
960512,0x00000000,0
961536,0x00000000,0
962560,0x00000000,0
963584,0x00000000,0
964608,0x00000000,0
965632,0x00000000,0
966656,0x00000000,0
967680,0x00000000,0
968704,0x00000000,0
969728,0x00000000,0
970752,0x00000000,0
971776,0x00000000,0
972800,0x00000000,0
973824,0x00000000,0
974848,0x00000000,0
975872,0x00000000,0
976896,0x00000000,0
977920,0x00000000,0
978944,0x00000000,0
979968,0x00000000,0
980992,0x00000000,0
982016,0x00000000,0
983040,0x00000000,0
984064,0x00000000,0
985088,0x00000000,0
986112,0x00000000,0
987136,0x00000000,0
988160,0x00000000,0
989184,0x00000000,0
990208,0x00000000,0
991232,0x00000000,0
992256,0x00000000,0
993280,0x00000000,0
994304,0x00000000,0
995328,0x00000000,0
996352,0x00000000,0
997376,0x00000000,0
998400,0x00000000,0
999424,0x00000000,0
1000448,0x00000000,0
1001472,0x00000000,0
1002496,0x00000000,0
1003520,0x00000000,0
1004544,0x00000000,0
1005568,0x00000000,0
1006592,0x00000000,0
1007616,0x00000000,0
1008640,0x00000000,0
1009664,0x00000000,0
1010688,0x00000000,0
1011712,0x00000000,0
1012736,0x00000000,0
1013760,0x00000000,0
1014784,0x00000000,0
1015808,0x00000000,0
1016832,0x00000000,0
1017856,0x00000000,0
1018880,0x00000000,0
1019904,0x00000000,0
1020928,0x00000000,0
1021952,0x00000000,0
1022976,0x00000000,0
1024000,0x00000000,0
1025024,0x00000000,0
1026048,0x00000000,0
1027072,0x00000000,0
1028096,0x00000000,0
1029120,0x00000000,0
1030144,0x00000000,0
1031168,0x00000000,0
1032192,0x00000000,0
1033216,0x00000000,0
1034240,0x00000000,0
1035264,0x00000000,0
1036288,0x00000000,0
1037312,0x00000000,0
1038336,0x00000000,0
1039360,0x00000000,0
1040384,0x00000000,0
1041408,0x00000000,0
1042432,0x00000000,0
1043456,0x00000000,0
1044480,0x00000000,0
1045504,0x00000000,0
1046528,0x00000000,0
1047552,0x00000000,0
0,0x00000000,0
1048576,0x00000000,0
2097152,0x00000000,0
3145728,0x00000000,0
4194304,0x00000000,0
5242880,0x00000000,0
6291456,0x00000000,0
7340032,0x00000000,0
8388608,0x00000000,0
9437184,0x00000000,0
10485760,0x00000000,0
11534336,0x00000000,0
12582912,0x00000000,0
13631488,0x00000000,0
14680064,0x00000000,0
15728640,0x00000000,0
16777216,0x00000000,0
17825792,0x00000000,0
18874368,0x00000000,0
19922944,0x00000000,0
20971520,0x00000000,0
22020096,0x00000000,0
23068672,0x00000000,0
24117248,0x00000000,0
25165824,0x00000000,0
26214400,0x00000000,0
27262976,0x00000000,0
28311552,0x00000000,0
29360128,0x00000000,0
30408704,0x00000000,0
31457280,0x00000000,0
32505856,0x00000000,0
33554432,0x00000000,0
34603008,0x00000000,0
35651584,0x00000000,0
36700160,0x00000000,0
37748736,0x00000000,0
38797312,0x00000000,0
39845888,0x00000000,0
40894464,0x00000000,0
41943040,0x00000000,0
42991616,0x00000000,0
44040192,0x00000000,0
45088768,0x00000000,0
46137344,0x00000000,0
47185920,0x00000000,0
48234496,0x00000000,0
49283072,0x00000000,0
50331648,0x00000000,0
51380224,0x00000000,0
52428800,0x00000000,0
53477376,0x00000000,0
54525952,0x00000000,0
55574528,0x00000000,0
56623104,0x00000000,0
57671680,0x00000000,0
58720256,0x00000000,0
59768832,0x00000000,0
60817408,0x00000000,0
61865984,0x00000000,0
62914560,0x00000000,0
63963136,0x00000000,0
65011712,0x00000000,0
66060288,0x00000000,0
67108864,0x00000000,0
68157440,0x00000000,0
69206016,0x00000000,0
70254592,0x00000000,0
71303168,0x00000000,0
72351744,0x00000000,0
73400320,0x00000000,0
74448896,0x00000000,0
75497472,0x00000000,0
76546048,0x00000000,0
77594624,0x00000000,0
78643200,0x00000000,0
79691776,0x00000000,0
80740352,0x00000000,0
81788928,0x00000000,0
82837504,0x00000000,0
83886080,0x00000000,0
84934656,0x00000000,0
85983232,0x00000000,0
87031808,0x00000000,0
88080384,0x00000000,0
89128960,0x00000000,0
90177536,0x00000000,0
91226112,0x00000000,0
92274688,0x00000000,0
93323264,0x00000000,0
94371840,0x00000000,0
95420416,0x00000000,0
96468992,0x00000000,0
97517568,0x00000000,0
98566144,0x00000000,0
99614720,0x00000000,0
100663296,0x00000000,0
101711872,0x00000000,0
102760448,0x00000000,0
103809024,0x00000000,0
104857600,0x00000000,0
105906176,0x00000000,0
106954752,0x00000000,0
108003328,0x00000000,0
109051904,0x00000000,0
110100480,0x00000000,0
111149056,0x00000000,0
112197632,0x00000000,0
113246208,0x00000000,0
114294784,0x00000000,0
115343360,0x00000000,0
116391936,0x00000000,0
117440512,0x00000000,0
118489088,0x00000000,0
119537664,0x00000000,0
120586240,0x00000000,0
121634816,0x00000000,0
122683392,0x00000000,0
123731968,0x00000000,0
124780544,0x00000000,0
125829120,0x00000000,0
126877696,0x00000000,0
127926272,0x00000000,0
128974848,0x00000000,0
130023424,0x00000000,0
131072000,0x00000000,0
132120576,0x00000000,0
133169152,0x00000000,0
134217728,0x00000000,0
135266304,0x00000000,0
136314880,0x00000000,0
137363456,0x00000000,0
138412032,0x00000000,0
139460608,0x00000000,0
140509184,0x00000000,0
141557760,0x00000000,0
142606336,0x00000000,0
143654912,0x00000000,0
144703488,0x00000000,0
145752064,0x00000000,0
146800640,0x00000000,0
147849216,0x00000000,0
148897792,0x00000000,0
149946368,0x00000000,0
150994944,0x00000000,0
152043520,0x00000000,0
153092096,0x00000000,0
154140672,0x00000000,0
155189248,0x00000000,0
156237824,0x00000000,0
157286400,0x00000000,0
158334976,0x00000000,0
159383552,0x00000000,0
160432128,0x00000000,0
161480704,0x00000000,0
162529280,0x00000000,0
163577856,0x00000000,0
164626432,0x00000000,0
165675008,0x00000000,0
166723584,0x00000000,0
167772160,0x00000000,0
168820736,0x00000000,0
169869312,0x00000000,0
170917888,0x00000000,0
171966464,0x00000000,0
173015040,0x00000000,0
174063616,0x00000000,0
175112192,0x00000000,0
176160768,0x00000000,0
177209344,0x00000000,0
178257920,0x00000000,0
179306496,0x00000000,0
180355072,0x00000000,0
181403648,0x00000000,0
182452224,0x00000000,0
183500800,0x00000000,0
184549376,0x00000000,0
185597952,0x00000000,0
186646528,0x00000000,0
187695104,0x00000000,0
188743680,0x00000000,0
189792256,0x00000000,0
190840832,0x00000000,0
191889408,0x00000000,0
192937984,0x00000000,0
193986560,0x00000000,0
195035136,0x00000000,0
196083712,0x00000000,0
197132288,0x00000000,0
198180864,0x00000000,0
199229440,0x00000000,0
200278016,0x00000000,0
201326592,0x00000000,0
202375168,0x00000000,0
203423744,0x00000000,0
204472320,0x00000000,0
205520896,0x00000000,0
206569472,0x00000000,0
207618048,0x00000000,0
208666624,0x00000000,0
209715200,0x00000000,0
210763776,0x00000000,0
211812352,0x00000000,0
212860928,0x00000000,0
213909504,0x00000000,0
214958080,0x00000000,0
216006656,0x00000000,0
217055232,0x00000000,0
218103808,0x00000000,0
219152384,0x00000000,0
220200960,0x00000000,0
221249536,0x00000000,0
222298112,0x00000000,0
223346688,0x00000000,0
224395264,0x00000000,0
225443840,0x00000000,0
226492416,0x00000000,0
227540992,0x00000000,0
228589568,0x00000000,0
229638144,0x00000000,0
230686720,0x00000000,0
231735296,0x00000000,0
232783872,0x00000000,0
233832448,0x00000000,0
234881024,0x00000000,0
235929600,0x00000000,0
236978176,0x00000000,0
238026752,0x00000000,0
239075328,0x00000000,0
240123904,0x00000000,0
241172480,0x00000000,0
242221056,0x00000000,0
243269632,0x00000000,0
244318208,0x00000000,0
245366784,0x00000000,0
246415360,0x00000000,0
247463936,0x00000000,0
248512512,0x00000000,0
249561088,0x00000000,0
250609664,0x00000000,0
251658240,0x00000000,0
252706816,0x00000000,0
253755392,0x00000000,0
254803968,0x00000000,0
255852544,0x00000000,0
256901120,0x00000000,0
257949696,0x00000000,0
258998272,0x00000000,0
260046848,0x00000000,0
261095424,0x00000000,0
262144000,0x00000000,0
263192576,0x00000000,0
264241152,0x00000000,0
265289728,0x00000000,0
266338304,0x00000000,0
267386880,0x00000000,0
268435456,0x00000000,0
269484032,0x00000000,0
270532608,0x00000000,0
271581184,0x00000000,0
272629760,0x00000000,0
273678336,0x00000000,0
274726912,0x00000000,0
275775488,0x00000000,0
276824064,0x00000000,0
277872640,0x00000000,0
278921216,0x00000000,0
279969792,0x00000000,0
281018368,0x00000000,0
282066944,0x00000000,0
283115520,0x00000000,0
284164096,0x00000000,0
285212672,0x00000000,0
286261248,0x00000000,0
287309824,0x00000000,0
288358400,0x00000000,0
289406976,0x00000000,0
290455552,0x00000000,0
291504128,0x00000000,0
292552704,0x00000000,0
293601280,0x00000000,0
294649856,0x00000000,0
295698432,0x00000000,0
296747008,0x00000000,0
297795584,0x00000000,0
298844160,0x00000000,0
299892736,0x00000000,0
300941312,0x00000000,0
301989888,0x00000000,0
303038464,0x00000000,0
304087040,0x00000000,0
305135616,0x00000000,0
306184192,0x00000000,0
307232768,0x00000000,0
308281344,0x00000000,0
309329920,0x00000000,0
310378496,0x00000000,0
311427072,0x00000000,0
312475648,0x00000000,0
313524224,0x00000000,0
314572800,0x00000000,0
315621376,0x00000000,0
316669952,0x00000000,0
317718528,0x00000000,0
318767104,0x00000000,0
319815680,0x00000000,0
320864256,0x00000000,0
321912832,0x00000000,0
322961408,0x00000000,0
324009984,0x00000000,0
325058560,0x00000000,0
326107136,0x00000000,0
327155712,0x00000000,0
328204288,0x00000000,0
329252864,0x00000000,0
330301440,0x00000000,0
331350016,0x00000000,0
332398592,0x00000000,0
333447168,0x00000000,0
334495744,0x00000000,0
335544320,0x00000000,0
336592896,0x00000000,0
337641472,0x00000000,0
338690048,0x00000000,0
339738624,0x00000000,0
340787200,0x00000000,0
341835776,0x00000000,0
342884352,0x00000000,0
343932928,0x00000000,0
344981504,0x00000000,0
346030080,0x00000000,0
347078656,0x00000000,0
348127232,0x00000000,0
349175808,0x00000000,0
350224384,0x00000000,0
351272960,0x00000000,0
352321536,0x00000000,0
353370112,0x00000000,0
354418688,0x00000000,0
355467264,0x00000000,0
356515840,0x00000000,0
357564416,0x00000000,0
358612992,0x00000000,0
359661568,0x00000000,0
360710144,0x00000000,0
361758720,0x00000000,0
362807296,0x00000000,0
363855872,0x00000000,0
364904448,0x00000000,0
365953024,0x00000000,0
367001600,0x00000000,0
368050176,0x00000000,0
369098752,0x00000000,0
370147328,0x00000000,0
371195904,0x00000000,0
372244480,0x00000000,0
373293056,0x00000000,0
374341632,0x00000000,0
375390208,0x00000000,0
376438784,0x00000000,0
377487360,0x00000000,0
378535936,0x00000000,0
379584512,0x00000000,0
380633088,0x00000000,0
381681664,0x00000000,0
382730240,0x00000000,0
383778816,0x00000000,0
384827392,0x00000000,0
385875968,0x00000000,0
386924544,0x00000000,0
387973120,0x00000000,0
389021696,0x00000000,0
390070272,0x00000000,0
391118848,0x00000000,0
392167424,0x00000000,0
393216000,0x00000000,0
394264576,0x00000000,0
395313152,0x00000000,0
396361728,0x00000000,0
397410304,0x00000000,0
398458880,0x00000000,0
399507456,0x00000000,0
400556032,0x00000000,0
401604608,0x00000000,0
402653184,0x00000000,0
403701760,0x00000000,0
404750336,0x00000000,0
405798912,0x00000000,0
406847488,0x00000000,0
407896064,0x00000000,0
408944640,0x00000000,0
409993216,0x00000000,0
411041792,0x00000000,0
412090368,0x00000000,0
413138944,0x00000000,0
414187520,0x00000000,0
415236096,0x00000000,0
416284672,0x00000000,0
417333248,0x00000000,0
418381824,0x00000000,0
419430400,0x00000000,0
420478976,0x00000000,0
421527552,0x00000000,0
422576128,0x00000000,0
423624704,0x00000000,0
424673280,0x00000000,0
425721856,0x00000000,0
426770432,0x00000000,0
427819008,0x00000000,0
428867584,0x00000000,0
429916160,0x00000000,0
430964736,0x00000000,0
432013312,0x00000000,0
433061888,0x00000000,0
434110464,0x00000000,0
435159040,0x00000000,0
436207616,0x00000000,0
437256192,0x00000000,0
438304768,0x00000000,0
439353344,0x00000000,0
440401920,0x00000000,0
441450496,0x00000000,0
442499072,0x00000000,0
443547648,0x00000000,0
444596224,0x00000000,0
445644800,0x00000000,0
446693376,0x00000000,0
447741952,0x00000000,0
448790528,0x00000000,0
449839104,0x00000000,0
450887680,0x00000000,0
451936256,0x00000000,0
452984832,0x00000000,0
454033408,0x00000000,0
455081984,0x00000000,0
456130560,0x00000000,0
457179136,0x00000000,0
458227712,0x00000000,0
459276288,0x00000000,0
460324864,0x00000000,0
461373440,0x00000000,0
462422016,0x00000000,0
463470592,0x00000000,0
464519168,0x00000000,0
465567744,0x00000000,0
466616320,0x00000000,0
467664896,0x00000000,0
468713472,0x00000000,0
469762048,0x00000000,0
470810624,0x00000000,0
471859200,0x00000000,0
472907776,0x00000000,0
473956352,0x00000000,0
475004928,0x00000000,0
476053504,0x00000000,0
477102080,0x00000000,0
478150656,0x00000000,0
479199232,0x00000000,0
480247808,0x00000000,0
481296384,0x00000000,0
482344960,0x00000000,0
483393536,0x00000000,0
484442112,0x00000000,0
485490688,0x00000000,0
486539264,0x00000000,0
487587840,0x00000000,0
488636416,0x00000000,0
489684992,0x00000000,0
490733568,0x00000000,0
491782144,0x00000000,0
492830720,0x00000000,0
493879296,0x00000000,0
494927872,0x00000000,0
495976448,0x00000000,0
497025024,0x00000000,0
498073600,0x00000000,0
499122176,0x00000000,0
500170752,0x00000000,0
501219328,0x00000000,0
502267904,0x00000000,0
503316480,0x00000000,0
504365056,0x00000000,0
505413632,0x00000000,0
506462208,0x00000000,0
507510784,0x00000000,0
508559360,0x00000000,0
509607936,0x00000000,0
510656512,0x00000000,0
511705088,0x00000000,0
512753664,0x00000000,0
513802240,0x00000000,0
514850816,0x00000000,0
515899392,0x00000000,0
516947968,0x00000000,0
517996544,0x00000000,0
519045120,0x00000000,0
520093696,0x00000000,0
521142272,0x00000000,0
522190848,0x00000000,0
523239424,0x00000000,0
524288000,0x00000000,0
525336576,0x00000000,0
526385152,0x00000000,0
527433728,0x00000000,0
528482304,0x00000000,0
529530880,0x00000000,0
530579456,0x00000000,0
531628032,0x00000000,0
532676608,0x00000000,0
533725184,0x00000000,0
534773760,0x00000000,0
535822336,0x00000000,0
536870912,0x00000000,0
537919488,0x00000000,0
538968064,0x00000000,0
540016640,0x00000000,0
541065216,0x00000000,0
542113792,0x00000000,0
543162368,0x00000000,0
544210944,0x00000000,0
545259520,0x00000000,0
546308096,0x00000000,0
547356672,0x00000000,0
548405248,0x00000000,0
549453824,0x00000000,0
550502400,0x00000000,0
551550976,0x00000000,0
552599552,0x00000000,0
553648128,0x00000000,0
554696704,0x00000000,0
555745280,0x00000000,0
556793856,0x00000000,0
557842432,0x00000000,0
558891008,0x00000000,0
559939584,0x00000000,0
560988160,0x00000000,0
562036736,0x00000000,0
563085312,0x00000000,0
564133888,0x00000000,0
565182464,0x00000000,0
566231040,0x00000000,0
567279616,0x00000000,0
568328192,0x00000000,0
569376768,0x00000000,0
570425344,0x00000000,0
571473920,0x00000000,0
572522496,0x00000000,0
573571072,0x00000000,0
574619648,0x00000000,0
575668224,0x00000000,0
576716800,0x00000000,0
577765376,0x00000000,0
578813952,0x00000000,0
579862528,0x00000000,0
580911104,0x00000000,0
581959680,0x00000000,0
583008256,0x00000000,0
584056832,0x00000000,0
585105408,0x00000000,0
586153984,0x00000000,0
587202560,0x00000000,0
588251136,0x00000000,0
589299712,0x00000000,0
590348288,0x00000000,0
591396864,0x00000000,0
592445440,0x00000000,0
593494016,0x00000000,0
594542592,0x00000000,0
595591168,0x00000000,0
596639744,0x00000000,0
597688320,0x00000000,0
598736896,0x00000000,0
599785472,0x00000000,0
600834048,0x00000000,0
601882624,0x00000000,0
602931200,0x00000000,0
603979776,0x00000000,0
605028352,0x00000000,0
606076928,0x00000000,0
607125504,0x00000000,0
608174080,0x00000000,0
609222656,0x00000000,0
610271232,0x00000000,0
611319808,0x00000000,0
612368384,0x00000000,0
613416960,0x00000000,0
614465536,0x00000000,0
615514112,0x00000000,0
616562688,0x00000000,0
617611264,0x00000000,0
618659840,0x00000000,0
619708416,0x00000000,0
620756992,0x00000000,0
621805568,0x00000000,0
622854144,0x00000000,0
623902720,0x00000000,0
624951296,0x00000000,0
625999872,0x00000000,0
627048448,0x00000000,0
628097024,0x00000000,0
629145600,0x00000000,0
630194176,0x00000000,0
631242752,0x00000000,0
632291328,0x00000000,0
633339904,0x00000000,0
634388480,0x00000000,0
635437056,0x00000000,0
636485632,0x00000000,0
637534208,0x00000000,0
638582784,0x00000000,0
639631360,0x00000000,0
640679936,0x00000000,0
641728512,0x00000000,0
642777088,0x00000000,0
643825664,0x00000000,0
644874240,0x00000000,0
645922816,0x00000000,0
646971392,0x00000000,0
648019968,0x00000000,0
649068544,0x00000000,0
650117120,0x00000000,0
651165696,0x00000000,0
652214272,0x00000000,0
653262848,0x00000000,0
654311424,0x00000000,0
655360000,0x00000000,0
656408576,0x00000000,0
657457152,0x00000000,0
658505728,0x00000000,0
659554304,0x00000000,0
660602880,0x00000000,0
661651456,0x00000000,0
662700032,0x00000000,0
663748608,0x00000000,0
664797184,0x00000000,0
665845760,0x00000000,0
666894336,0x00000000,0
667942912,0x00000000,0
668991488,0x00000000,0
670040064,0x00000000,0
671088640,0x00000000,0
672137216,0x00000000,0
673185792,0x00000000,0
674234368,0x00000000,0
675282944,0x00000000,0
676331520,0x00000000,0
677380096,0x00000000,0
678428672,0x00000000,0
679477248,0x00000000,0
680525824,0x00000000,0
681574400,0x00000000,0
682622976,0x00000000,0
683671552,0x00000000,0
684720128,0x00000000,0
685768704,0x00000000,0
686817280,0x00000000,0
687865856,0x00000000,0
688914432,0x00000000,0
689963008,0x00000000,0
691011584,0x00000000,0
692060160,0x00000000,0
693108736,0x00000000,0
694157312,0x00000000,0
695205888,0x00000000,0
696254464,0x00000000,0
697303040,0x00000000,0
698351616,0x00000000,0
699400192,0x00000000,0
700448768,0x00000000,0
701497344,0x00000000,0
702545920,0x00000000,0
703594496,0x00000000,0
704643072,0x00000000,0
705691648,0x00000000,0
706740224,0x00000000,0
707788800,0x00000000,0
708837376,0x00000000,0
709885952,0x00000000,0
710934528,0x00000000,0
711983104,0x00000000,0
713031680,0x00000000,0
714080256,0x00000000,0
715128832,0x00000000,0
716177408,0x00000000,0
717225984,0x00000000,0
718274560,0x00000000,0
719323136,0x00000000,0
720371712,0x00000000,0
721420288,0x00000000,0
722468864,0x00000000,0
723517440,0x00000000,0
724566016,0x00000000,0
725614592,0x00000000,0
726663168,0x00000000,0
727711744,0x00000000,0
728760320,0x00000000,0
729808896,0x00000000,0
730857472,0x00000000,0
731906048,0x00000000,0
732954624,0x00000000,0
734003200,0x00000000,0
735051776,0x00000000,0
736100352,0x00000000,0
737148928,0x00000000,0
738197504,0x00000000,0
739246080,0x00000000,0
740294656,0x00000000,0
741343232,0x00000000,0
742391808,0x00000000,0
743440384,0x00000000,0
744488960,0x00000000,0
745537536,0x00000000,0
746586112,0x00000000,0
747634688,0x00000000,0
748683264,0x00000000,0
749731840,0x00000000,0
750780416,0x00000000,0
751828992,0x00000000,0
752877568,0x00000000,0
753926144,0x00000000,0
754974720,0x00000000,0
756023296,0x00000000,0
757071872,0x00000000,0
758120448,0x00000000,0
759169024,0x00000000,0
760217600,0x00000000,0
761266176,0x00000000,0
762314752,0x00000000,0
763363328,0x00000000,0
764411904,0x00000000,0
765460480,0x00000000,0
766509056,0x00000000,0
767557632,0x00000000,0
768606208,0x00000000,0
769654784,0x00000000,0
770703360,0x00000000,0
771751936,0x00000000,0
772800512,0x00000000,0
773849088,0x00000000,0
774897664,0x00000000,0
775946240,0x00000000,0
776994816,0x00000000,0
778043392,0x00000000,0
779091968,0x00000000,0
780140544,0x00000000,0
781189120,0x00000000,0
782237696,0x00000000,0
783286272,0x00000000,0
784334848,0x00000000,0
785383424,0x00000000,0
786432000,0x00000000,0
787480576,0x00000000,0
788529152,0x00000000,0
789577728,0x00000000,0
790626304,0x00000000,0
791674880,0x00000000,0
792723456,0x00000000,0
793772032,0x00000000,0
794820608,0x00000000,0
795869184,0x00000000,0
796917760,0x00000000,0
797966336,0x00000000,0
799014912,0x00000000,0
800063488,0x00000000,0
801112064,0x00000000,0
802160640,0x00000000,0
803209216,0x00000000,0
804257792,0x00000000,0
805306368,0x00000000,0
806354944,0x00000000,0
807403520,0x00000000,0
808452096,0x00000000,0
809500672,0x00000000,0
810549248,0x00000000,0
811597824,0x00000000,0
812646400,0x00000000,0
813694976,0x00000000,0
814743552,0x00000000,0
815792128,0x00000000,0
816840704,0x00000000,0
817889280,0x00000000,0
818937856,0x00000000,0
819986432,0x00000000,0
821035008,0x00000000,0
822083584,0x00000000,0
823132160,0x00000000,0
824180736,0x00000000,0
825229312,0x00000000,0
826277888,0x00000000,0
827326464,0x00000000,0
828375040,0x00000000,0
829423616,0x00000000,0
830472192,0x00000000,0
831520768,0x00000000,0
832569344,0x00000000,0
833617920,0x00000000,0
834666496,0x00000000,0
835715072,0x00000000,0
836763648,0x00000000,0
837812224,0x00000000,0
838860800,0x00000000,0
839909376,0x00000000,0
840957952,0x00000000,0
842006528,0x00000000,0
843055104,0x00000000,0
844103680,0x00000000,0
845152256,0x00000000,0
846200832,0x00000000,0
847249408,0x00000000,0
848297984,0x00000000,0
849346560,0x00000000,0
850395136,0x00000000,0
851443712,0x00000000,0
852492288,0x00000000,0
853540864,0x00000000,0
854589440,0x00000000,0
855638016,0x00000000,0
856686592,0x00000000,0
857735168,0x00000000,0
858783744,0x00000000,0
859832320,0x00000000,0
860880896,0x00000000,0
861929472,0x00000000,0
862978048,0x00000000,0
864026624,0x00000000,0
865075200,0x00000000,0
866123776,0x00000000,0
867172352,0x00000000,0
868220928,0x00000000,0
869269504,0x00000000,0
870318080,0x00000000,0
871366656,0x00000000,0
872415232,0x00000000,0
873463808,0x00000000,0
874512384,0x00000000,0
875560960,0x00000000,0
876609536,0x00000000,0
877658112,0x00000000,0
878706688,0x00000000,0
879755264,0x00000000,0
880803840,0x00000000,0
881852416,0x00000000,0
882900992,0x00000000,0
883949568,0x00000000,0
884998144,0x00000000,0
886046720,0x00000000,0
887095296,0x00000000,0
888143872,0x00000000,0
889192448,0x00000000,0
890241024,0x00000000,0
891289600,0x00000000,0
892338176,0x00000000,0
893386752,0x00000000,0
894435328,0x00000000,0
895483904,0x00000000,0
896532480,0x00000000,0
897581056,0x00000000,0
898629632,0x00000000,0
899678208,0x00000000,0
900726784,0x00000000,0
901775360,0x00000000,0
902823936,0x00000000,0
903872512,0x00000000,0
904921088,0x00000000,0
905969664,0x00000000,0
907018240,0x00000000,0
908066816,0x00000000,0
909115392,0x00000000,0
910163968,0x00000000,0
911212544,0x00000000,0
912261120,0x00000000,0
913309696,0x00000000,0
914358272,0x00000000,0
915406848,0x00000000,0
916455424,0x00000000,0
917504000,0x00000000,0
918552576,0x00000000,0
919601152,0x00000000,0
920649728,0x00000000,0
921698304,0x00000000,0
922746880,0x00000000,0
923795456,0x00000000,0
924844032,0x00000000,0
925892608,0x00000000,0
926941184,0x00000000,0
927989760,0x00000000,0
929038336,0x00000000,0
930086912,0x00000000,0
931135488,0x00000000,0
932184064,0x00000000,0
933232640,0x00000000,0
934281216,0x00000000,0
935329792,0x00000000,0
936378368,0x00000000,0
937426944,0x00000000,0
938475520,0x00000000,0
939524096,0x00000000,0
940572672,0x00000000,0
941621248,0x00000000,0
942669824,0x00000000,0
943718400,0x00000000,0
944766976,0x00000000,0
945815552,0x00000000,0
946864128,0x00000000,0
947912704,0x00000000,0
948961280,0x00000000,0
950009856,0x00000000,0
951058432,0x00000000,0
952107008,0x00000000,0
953155584,0x00000000,0
954204160,0x00000000,0
955252736,0x00000000,0
956301312,0x00000000,0
957349888,0x00000000,0
958398464,0x00000000,0
959447040,0x00000000,0
960495616,0x00000000,0
961544192,0x00000000,0
962592768,0x00000000,0
963641344,0x00000000,0
964689920,0x00000000,0
965738496,0x00000000,0
966787072,0x00000000,0
967835648,0x00000000,0
968884224,0x00000000,0
969932800,0x00000000,0
970981376,0x00000000,0
972029952,0x00000000,0
973078528,0x00000000,0
974127104,0x00000000,0
975175680,0x00000000,0
976224256,0x00000000,0
977272832,0x00000000,0
978321408,0x00000000,0
979369984,0x00000000,0
980418560,0x00000000,0
981467136,0x00000000,0
982515712,0x00000000,0
983564288,0x00000000,0
984612864,0x00000000,0
985661440,0x00000000,0
986710016,0x00000000,0
987758592,0x00000000,0
988807168,0x00000000,0
989855744,0x00000000,0
990904320,0x00000000,0
991952896,0x00000000,0
993001472,0x00000000,0
994050048,0x00000000,0
995098624,0x00000000,0
996147200,0x00000000,0
997195776,0x00000000,0
998244352,0x00000000,0
999292928,0x00000000,0
1000341504,0x00000000,0
1001390080,0x00000000,0
1002438656,0x00000000,0
1003487232,0x00000000,0
1004535808,0x00000000,0
1005584384,0x00000000,0
1006632960,0x00000000,0
1007681536,0x00000000,0
1008730112,0x00000000,0
1009778688,0x00000000,0
1010827264,0x00000000,0
1011875840,0x00000000,0
1012924416,0x00000000,0
1013972992,0x00000000,0
1015021568,0x00000000,0
1016070144,0x00000000,0
1017118720,0x00000000,0
1018167296,0x00000000,0
1019215872,0x00000000,0
1020264448,0x00000000,0
1021313024,0x00000000,0
1022361600,0x00000000,0
1023410176,0x00000000,0
1024458752,0x00000000,0
1025507328,0x00000000,0
1026555904,0x00000000,0
1027604480,0x00000000,0
1028653056,0x00000000,0
1029701632,0x00000000,0
1030750208,0x00000000,0
1031798784,0x00000000,0
1032847360,0x00000000,0
1033895936,0x00000000,0
1034944512,0x00000000,0
1035993088,0x00000000,0
1037041664,0x00000000,0
1038090240,0x00000000,0
1039138816,0x00000000,0
1040187392,0x00000000,0
1041235968,0x00000000,0
1042284544,0x00000000,0
1043333120,0x00000000,0
1044381696,0x00000000,0
1045430272,0x00000000,0
1046478848,0x00000000,0
1047527424,0x00000000,0
1048576000,0x00000000,0
1049624576,0x00000000,0
1050673152,0x00000000,0
1051721728,0x00000000,0
1052770304,0x00000000,0
1053818880,0x00000000,0
1054867456,0x00000000,0
1055916032,0x00000000,0
1056964608,0x00000000,0
1058013184,0x00000000,0
1059061760,0x00000000,0
1060110336,0x00000000,0
1061158912,0x00000000,0
1062207488,0x00000000,0
1063256064,0x00000000,0
1064304640,0x00000000,0
1065353216,0x00000000,0
1066401792,0x00000000,0
1067450368,0x00000000,0
1068498944,0x00000000,0
1069547520,0x00000000,0
1070596096,0x00000000,0
1071644672,0x00000000,0
1072693248,0x00000000,0
1073741824,0x00000000,0
1074790400,0x00000000,0
1075838976,0x00000000,0
1076887552,0x00000000,0
1077936128,0x00000000,0
1078984704,0x00000000,0
1080033280,0x00000000,0
1081081856,0x00000000,0
1082130432,0x00000000,0
1083179008,0x00000000,0
1084227584,0x00000000,0
1085276160,0x00000000,0
1086324736,0x00000000,0
1087373312,0x00000000,0
1088421888,0x00000000,0
1089470464,0x00000000,0
1090519040,0x00000000,0
1091567616,0x00000000,0
1092616192,0x00000000,0
1093664768,0x00000000,0
1094713344,0x00000000,0
1095761920,0x00000000,0
1096810496,0x00000000,0
1097859072,0x00000000,0
1098907648,0x00000000,0
1099956224,0x00000000,0
1101004800,0x00000000,0
1102053376,0x00000000,0
1103101952,0x00000000,0
1104150528,0x00000000,0
1105199104,0x00000000,0
1106247680,0x00000000,0
1107296256,0x00000000,0
1108344832,0x00000000,0
1109393408,0x00000000,0
1110441984,0x00000000,0
1111490560,0x00000000,0
1112539136,0x00000000,0
1113587712,0x00000000,0
1114636288,0x00000000,0
1115684864,0x00000000,0
1116733440,0x00000000,0
1117782016,0x00000000,0
1118830592,0x00000000,0
1119879168,0x00000000,0
1120927744,0x00000000,0
1121976320,0x00000000,0
1123024896,0x00000000,0
1124073472,0x00000000,0
1125122048,0x00000000,0
1126170624,0x00000000,0
1127219200,0x00000000,0
1128267776,0x00000000,0
1129316352,0x00000000,0
1130364928,0x00000000,0
1131413504,0x00000000,0
1132462080,0x00000000,0
1133510656,0x00000000,0
1134559232,0x00000000,0
1135607808,0x00000000,0
1136656384,0x00000000,0
1137704960,0x00000000,0
1138753536,0x00000000,0
1139802112,0x00000000,0
1140850688,0x00000000,0
1141899264,0x00000000,0
1142947840,0x00000000,0
1143996416,0x00000000,0
1145044992,0x00000000,0
1146093568,0x00000000,0
1147142144,0x00000000,0
1148190720,0x00000000,0
1149239296,0x00000000,0
1150287872,0x00000000,0
1151336448,0x00000000,0
1152385024,0x00000000,0
1153433600,0x00000000,0
1154482176,0x00000000,0
1155530752,0x00000000,0
1156579328,0x00000000,0
1157627904,0x00000000,0
1158676480,0x00000000,0
1159725056,0x00000000,0
1160773632,0x00000000,0
1161822208,0x00000000,0
1162870784,0x00000000,0
1163919360,0x00000000,0
1164967936,0x00000000,0
1166016512,0x00000000,0
1167065088,0x00000000,0
1168113664,0x00000000,0
1169162240,0x00000000,0
1170210816,0x00000000,0
1171259392,0x00000000,0
1172307968,0x00000000,0
1173356544,0x00000000,0
1174405120,0x00000000,0
1175453696,0x00000000,0
1176502272,0x00000000,0
1177550848,0x00000000,0
1178599424,0x00000000,0
1179648000,0x00000000,0
1180696576,0x00000000,0
1181745152,0x00000000,0
1182793728,0x00000000,0
1183842304,0x00000000,0
1184890880,0x00000000,0
1185939456,0x00000000,0
1186988032,0x00000000,0
1188036608,0x00000000,0
1189085184,0x00000000,0
1190133760,0x00000000,0
1191182336,0x00000000,0
1192230912,0x00000000,0
1193279488,0x00000000,0
1194328064,0x00000000,0
1195376640,0x00000000,0
1196425216,0x00000000,0
1197473792,0x00000000,0
1198522368,0x00000000,0
1199570944,0x00000000,0
1200619520,0x00000000,0
1201668096,0x00000000,0
1202716672,0x00000000,0
1203765248,0x00000000,0
1204813824,0x00000000,0
1205862400,0x00000000,0
1206910976,0x00000000,0
1207959552,0x00000000,0
1209008128,0x00000000,0
1210056704,0x00000000,0
1211105280,0x00000000,0
1212153856,0x00000000,0
1213202432,0x00000000,0
1214251008,0x00000000,0
1215299584,0x00000000,0
1216348160,0x00000000,0
1217396736,0x00000000,0
1218445312,0x00000000,0
1219493888,0x00000000,0
1220542464,0x00000000,0
1221591040,0x00000000,0
1222639616,0x00000000,0
1223688192,0x00000000,0
1224736768,0x00000000,0
1225785344,0x00000000,0
1226833920,0x00000000,0
1227882496,0x00000000,0
1228931072,0x00000000,0
1229979648,0x00000000,0
1231028224,0x00000000,0
1232076800,0x00000000,0
1233125376,0x00000000,0
1234173952,0x00000000,0
1235222528,0x00000000,0
1236271104,0x00000000,0
1237319680,0x00000000,0
1238368256,0x00000000,0
1239416832,0x00000000,0
1240465408,0x00000000,0
1241513984,0x00000000,0
1242562560,0x00000000,0
1243611136,0x00000000,0
1244659712,0x00000000,0
1245708288,0x00000000,0
1246756864,0x00000000,0
1247805440,0x00000000,0
1248854016,0x00000000,0
1249902592,0x00000000,0
1250951168,0x00000000,0
1251999744,0x00000000,0
1253048320,0x00000000,0
1254096896,0x00000000,0
1255145472,0x00000000,0
1256194048,0x00000000,0
1257242624,0x00000000,0
1258291200,0x00000000,0
1259339776,0x00000000,0
1260388352,0x00000000,0
1261436928,0x00000000,0
1262485504,0x00000000,0
1263534080,0x00000000,0
1264582656,0x00000000,0
1265631232,0x00000000,0
1266679808,0x00000000,0
1267728384,0x00000000,0
1268776960,0x00000000,0
1269825536,0x00000000,0
1270874112,0x00000000,0
1271922688,0x00000000,0
1272971264,0x00000000,0
1274019840,0x00000000,0
1275068416,0x00000000,0
1276116992,0x00000000,0
1277165568,0x00000000,0
1278214144,0x00000000,0
1279262720,0x00000000,0
1280311296,0x00000000,0
1281359872,0x00000000,0
1282408448,0x00000000,0
1283457024,0x00000000,0
1284505600,0x00000000,0
1285554176,0x00000000,0
1286602752,0x00000000,0
1287651328,0x00000000,0
1288699904,0x00000000,0
1289748480,0x00000000,0
1290797056,0x00000000,0
1291845632,0x00000000,0
1292894208,0x00000000,0
1293942784,0x00000000,0
1294991360,0x00000000,0
1296039936,0x00000000,0
1297088512,0x00000000,0
1298137088,0x00000000,0
1299185664,0x00000000,0
1300234240,0x00000000,0
1301282816,0x00000000,0
1302331392,0x00000000,0
1303379968,0x00000000,0
1304428544,0x00000000,0
1305477120,0x00000000,0
1306525696,0x00000000,0
1307574272,0x00000000,0
1308622848,0x00000000,0
1309671424,0x00000000,0
1310720000,0x00000000,0
1311768576,0x00000000,0
1312817152,0x00000000,0
1313865728,0x00000000,0
1314914304,0x00000000,0
1315962880,0x00000000,0
1317011456,0x00000000,0
1318060032,0x00000000,0
1319108608,0x00000000,0
1320157184,0x00000000,0
1321205760,0x00000000,0
1322254336,0x00000000,0
1323302912,0x00000000,0
1324351488,0x00000000,0
1325400064,0x00000000,0
1326448640,0x00000000,0
1327497216,0x00000000,0
1328545792,0x00000000,0
1329594368,0x00000000,0
1330642944,0x00000000,0
1331691520,0x00000000,0
1332740096,0x00000000,0
1333788672,0x00000000,0
1334837248,0x00000000,0
1335885824,0x00000000,0
1336934400,0x00000000,0
1337982976,0x00000000,0
1339031552,0x00000000,0
1340080128,0x00000000,0
1341128704,0x00000000,0
1342177280,0x00000000,0
1343225856,0x00000000,0
1344274432,0x00000000,0
1345323008,0x00000000,0
1346371584,0x00000000,0
1347420160,0x00000000,0
1348468736,0x00000000,0
1349517312,0x00000000,0
1350565888,0x00000000,0
1351614464,0x00000000,0
1352663040,0x00000000,0
1353711616,0x00000000,0
1354760192,0x00000000,0
1355808768,0x00000000,0
1356857344,0x00000000,0
1357905920,0x00000000,0
1358954496,0x00000000,0
1360003072,0x00000000,0
1361051648,0x00000000,0
1362100224,0x00000000,0
1363148800,0x00000000,0
1364197376,0x00000000,0
1365245952,0x00000000,0
1366294528,0x00000000,0
1367343104,0x00000000,0
1368391680,0x00000000,0
1369440256,0x00000000,0
1370488832,0x00000000,0
1371537408,0x00000000,0
1372585984,0x00000000,0
1373634560,0x00000000,0
1374683136,0x00000000,0
1375731712,0x00000000,0
1376780288,0x00000000,0
1377828864,0x00000000,0
1378877440,0x00000000,0
1379926016,0x00000000,0
1380974592,0x00000000,0
1382023168,0x00000000,0
1383071744,0x00000000,0
1384120320,0x00000000,0
1385168896,0x00000000,0
1386217472,0x00000000,0
1387266048,0x00000000,0
1388314624,0x00000000,0
1389363200,0x00000000,0
1390411776,0x00000000,0
1391460352,0x00000000,0
1392508928,0x00000000,0
1393557504,0x00000000,0
1394606080,0x00000000,0
1395654656,0x00000000,0
1396703232,0x00000000,0
1397751808,0x00000000,0
1398800384,0x00000000,0
1399848960,0x00000000,0
1400897536,0x00000000,0
1401946112,0x00000000,0
1402994688,0x00000000,0
1404043264,0x00000000,0
1405091840,0x00000000,0
1406140416,0x00000000,0
1407188992,0x00000000,0
1408237568,0x00000000,0
1409286144,0x00000000,0
1410334720,0x00000000,0
1411383296,0x00000000,0
1412431872,0x00000000,0
1413480448,0x00000000,0
1414529024,0x00000000,0
1415577600,0x00000000,0
1416626176,0x00000000,0
1417674752,0x00000000,0
1418723328,0x00000000,0
1419771904,0x00000000,0
1420820480,0x00000000,0
1421869056,0x00000000,0
1422917632,0x00000000,0
1423966208,0x00000000,0
1425014784,0x00000000,0
1426063360,0x00000000,0
1427111936,0x00000000,0
1428160512,0x00000000,0
1429209088,0x00000000,0
1430257664,0x00000000,0
1431306240,0x00000000,0
1432354816,0x00000000,0
1433403392,0x00000000,0
1434451968,0x00000000,0
1435500544,0x00000000,0
1436549120,0x00000000,0
1437597696,0x00000000,0
1438646272,0x00000000,0
1439694848,0x00000000,0
1440743424,0x00000000,0
1441792000,0x00000000,0
1442840576,0x00000000,0
1443889152,0x00000000,0
1444937728,0x00000000,0
1445986304,0x00000000,0
1447034880,0x00000000,0
1448083456,0x00000000,0
1449132032,0x00000000,0
1450180608,0x00000000,0
1451229184,0x00000000,0
1452277760,0x00000000,0
1453326336,0x00000000,0
1454374912,0x00000000,0
1455423488,0x00000000,0
1456472064,0x00000000,0
1457520640,0x00000000,0
1458569216,0x00000000,0
1459617792,0x00000000,0
1460666368,0x00000000,0
1461714944,0x00000000,0
1462763520,0x00000000,0
1463812096,0x00000000,0
1464860672,0x00000000,0
1465909248,0x00000000,0
1466957824,0x00000000,0
1468006400,0x00000000,0
1469054976,0x00000000,0
1470103552,0x00000000,0
1471152128,0x00000000,0
1472200704,0x00000000,0
1473249280,0x00000000,0
1474297856,0x00000000,0
1475346432,0x00000000,0
1476395008,0x00000000,0
1477443584,0x00000000,0
1478492160,0x00000000,0
1479540736,0x00000000,0
1480589312,0x00000000,0
1481637888,0x00000000,0
1482686464,0x00000000,0
1483735040,0x00000000,0
1484783616,0x00000000,0
1485832192,0x00000000,0
1486880768,0x00000000,0
1487929344,0x00000000,0
1488977920,0x00000000,0
1490026496,0x00000000,0
1491075072,0x00000000,0
1492123648,0x00000000,0
1493172224,0x00000000,0
1494220800,0x00000000,0
1495269376,0x00000000,0
1496317952,0x00000000,0
1497366528,0x00000000,0
1498415104,0x00000000,0
1499463680,0x00000000,0
1500512256,0x00000000,0
1501560832,0x00000000,0
1502609408,0x00000000,0
1503657984,0x00000000,0
1504706560,0x00000000,0
1505755136,0x00000000,0
1506803712,0x00000000,0
1507852288,0x00000000,0
1508900864,0x00000000,0
1509949440,0x00000000,0
1510998016,0x00000000,0
1512046592,0x00000000,0
1513095168,0x00000000,0
1514143744,0x00000000,0
1515192320,0x00000000,0
1516240896,0x00000000,0
1517289472,0x00000000,0
1518338048,0x00000000,0
1519386624,0x00000000,0
1520435200,0x00000000,0
1521483776,0x00000000,0
1522532352,0x00000000,0
1523580928,0x00000000,0
1524629504,0x00000000,0
1525678080,0x00000000,0
1526726656,0x00000000,0
1527775232,0x00000000,0
1528823808,0x00000000,0
1529872384,0x00000000,0
1530920960,0x00000000,0
1531969536,0x00000000,0
1533018112,0x00000000,0
1534066688,0x00000000,0
1535115264,0x00000000,0
1536163840,0x00000000,0
1537212416,0x00000000,0
1538260992,0x00000000,0
1539309568,0x00000000,0
1540358144,0x00000000,0
1541406720,0x00000000,0
1542455296,0x00000000,0
1543503872,0x00000000,0
1544552448,0x00000000,0
1545601024,0x00000000,0
1546649600,0x00000000,0
1547698176,0x00000000,0
1548746752,0x00000000,0
1549795328,0x00000000,0
1550843904,0x00000000,0
1551892480,0x00000000,0
1552941056,0x00000000,0
1553989632,0x00000000,0
1555038208,0x00000000,0
1556086784,0x00000000,0
1557135360,0x00000000,0
1558183936,0x00000000,0
1559232512,0x00000000,0
1560281088,0x00000000,0
1561329664,0x00000000,0
1562378240,0x00000000,0
1563426816,0x00000000,0
1564475392,0x00000000,0
1565523968,0x00000000,0
1566572544,0x00000000,0
1567621120,0x00000000,0
1568669696,0x00000000,0
1569718272,0x00000000,0
1570766848,0x00000000,0
1571815424,0x00000000,0
1572864000,0x00000000,0
1573912576,0x00000000,0
1574961152,0x00000000,0
1576009728,0x00000000,0
1577058304,0x00000000,0
1578106880,0x00000000,0
1579155456,0x00000000,0
1580204032,0x00000000,0
1581252608,0x00000000,0
1582301184,0x00000000,0
1583349760,0x00000000,0
1584398336,0x00000000,0
1585446912,0x00000000,0
1586495488,0x00000000,0
1587544064,0x00000000,0
1588592640,0x00000000,0
1589641216,0x00000000,0
1590689792,0x00000000,0
1591738368,0x00000000,0
1592786944,0x00000000,0
1593835520,0x00000000,0
1594884096,0x00000000,0
1595932672,0x00000000,0
1596981248,0x00000000,0
1598029824,0x00000000,0
1599078400,0x00000000,0
1600126976,0x00000000,0
1601175552,0x00000000,0
1602224128,0x00000000,0
1603272704,0x00000000,0
1604321280,0x00000000,0
1605369856,0x00000000,0
1606418432,0x00000000,0
1607467008,0x00000000,0
1608515584,0x00000000,0
1609564160,0x00000000,0
1610612736,0x00000000,0
1611661312,0x00000000,0
1612709888,0x00000000,0
1613758464,0x00000000,0
1614807040,0x00000000,0
1615855616,0x00000000,0
1616904192,0x00000000,0
1617952768,0x00000000,0
1619001344,0x00000000,0
1620049920,0x00000000,0
1621098496,0x00000000,0
1622147072,0x00000000,0
1623195648,0x00000000,0
1624244224,0x00000000,0
1625292800,0x00000000,0
1626341376,0x00000000,0
1627389952,0x00000000,0
1628438528,0x00000000,0
1629487104,0x00000000,0
1630535680,0x00000000,0
1631584256,0x00000000,0
1632632832,0x00000000,0
1633681408,0x00000000,0
1634729984,0x00000000,0
1635778560,0x00000000,0
1636827136,0x00000000,0
1637875712,0x00000000,0
1638924288,0x00000000,0
1639972864,0x00000000,0
1641021440,0x00000000,0
1642070016,0x00000000,0
1643118592,0x00000000,0
1644167168,0x00000000,0
1645215744,0x00000000,0
1646264320,0x00000000,0
1647312896,0x00000000,0
1648361472,0x00000000,0
1649410048,0x00000000,0
1650458624,0x00000000,0
1651507200,0x00000000,0
1652555776,0x00000000,0
1653604352,0x00000000,0
1654652928,0x00000000,0
1655701504,0x00000000,0
1656750080,0x00000000,0
1657798656,0x00000000,0
1658847232,0x00000000,0
1659895808,0x00000000,0
1660944384,0x00000000,0
1661992960,0x00000000,0
1663041536,0x00000000,0
1664090112,0x00000000,0
1665138688,0x00000000,0
1666187264,0x00000000,0
1667235840,0x00000000,0
1668284416,0x00000000,0
1669332992,0x00000000,0
1670381568,0x00000000,0
1671430144,0x00000000,0
1672478720,0x00000000,0
1673527296,0x00000000,0
1674575872,0x00000000,0
1675624448,0x00000000,0
1676673024,0x00000000,0
1677721600,0x00000000,0
1678770176,0x00000000,0
1679818752,0x00000000,0
1680867328,0x00000000,0
1681915904,0x00000000,0
1682964480,0x00000000,0
1684013056,0x00000000,0
1685061632,0x00000000,0
1686110208,0x00000000,0
1687158784,0x00000000,0
1688207360,0x00000000,0
1689255936,0x00000000,0
1690304512,0x00000000,0
1691353088,0x00000000,0
1692401664,0x00000000,0
1693450240,0x00000000,0
1694498816,0x00000000,0
1695547392,0x00000000,0
1696595968,0x00000000,0
1697644544,0x00000000,0
1698693120,0x00000000,0
1699741696,0x00000000,0
1700790272,0x00000000,0
1701838848,0x00000000,0
1702887424,0x00000000,0
1703936000,0x00000000,0
1704984576,0x00000000,0
1706033152,0x00000000,0
1707081728,0x00000000,0
1708130304,0x00000000,0
1709178880,0x00000000,0
1710227456,0x00000000,0
1711276032,0x00000000,0
1712324608,0x00000000,0
1713373184,0x00000000,0
1714421760,0x00000000,0
1715470336,0x00000000,0
1716518912,0x00000000,0
1717567488,0x00000000,0
1718616064,0x00000000,0
1719664640,0x00000000,0
1720713216,0x00000000,0
1721761792,0x00000000,0
1722810368,0x00000000,0
1723858944,0x00000000,0
1724907520,0x00000000,0
1725956096,0x00000000,0
1727004672,0x00000000,0
1728053248,0x00000000,0
1729101824,0x00000000,0
1730150400,0x00000000,0
1731198976,0x00000000,0
1732247552,0x00000000,0
1733296128,0x00000000,0
1734344704,0x00000000,0
1735393280,0x00000000,0
1736441856,0x00000000,0
1737490432,0x00000000,0
1738539008,0x00000000,0
1739587584,0x00000000,0
1740636160,0x00000000,0
1741684736,0x00000000,0
1742733312,0x00000000,0
1743781888,0x00000000,0
1744830464,0x00000000,0
1745879040,0x00000000,0
1746927616,0x00000000,0
1747976192,0x00000000,0
1749024768,0x00000000,0
1750073344,0x00000000,0
1751121920,0x00000000,0
1752170496,0x00000000,0
1753219072,0x00000000,0
1754267648,0x00000000,0
1755316224,0x00000000,0
1756364800,0x00000000,0
1757413376,0x00000000,0
1758461952,0x00000000,0
1759510528,0x00000000,0
1760559104,0x00000000,0
1761607680,0x00000000,0
1762656256,0x00000000,0
1763704832,0x00000000,0
1764753408,0x00000000,0
1765801984,0x00000000,0
1766850560,0x00000000,0
1767899136,0x00000000,0
1768947712,0x00000000,0
1769996288,0x00000000,0
1771044864,0x00000000,0
1772093440,0x00000000,0
1773142016,0x00000000,0
1774190592,0x00000000,0
1775239168,0x00000000,0
1776287744,0x00000000,0
1777336320,0x00000000,0
1778384896,0x00000000,0
1779433472,0x00000000,0
1780482048,0x00000000,0
1781530624,0x00000000,0
1782579200,0x00000000,0
1783627776,0x00000000,0
1784676352,0x00000000,0
1785724928,0x00000000,0
1786773504,0x00000000,0
1787822080,0x00000000,0
1788870656,0x00000000,0
1789919232,0x00000000,0
1790967808,0x00000000,0
1792016384,0x00000000,0
1793064960,0x00000000,0
1794113536,0x00000000,0
1795162112,0x00000000,0
1796210688,0x00000000,0
1797259264,0x00000000,0
1798307840,0x00000000,0
1799356416,0x00000000,0
1800404992,0x00000000,0
1801453568,0x00000000,0
1802502144,0x00000000,0
1803550720,0x00000000,0
1804599296,0x00000000,0
1805647872,0x00000000,0
1806696448,0x00000000,0
1807745024,0x00000000,0
1808793600,0x00000000,0
1809842176,0x00000000,0
1810890752,0x00000000,0
1811939328,0x00000000,0
1812987904,0x00000000,0
1814036480,0x00000000,0
1815085056,0x00000000,0
1816133632,0x00000000,0
1817182208,0x00000000,0
1818230784,0x00000000,0
1819279360,0x00000000,0
1820327936,0x00000000,0
1821376512,0x00000000,0
1822425088,0x00000000,0
1823473664,0x00000000,0
1824522240,0x00000000,0
1825570816,0x00000000,0
1826619392,0x00000000,0
1827667968,0x00000000,0
1828716544,0x00000000,0
1829765120,0x00000000,0
1830813696,0x00000000,0
1831862272,0x00000000,0
1832910848,0x00000000,0
1833959424,0x00000000,0
1835008000,0x00000000,0
1836056576,0x00000000,0
1837105152,0x00000000,0
1838153728,0x00000000,0
1839202304,0x00000000,0
1840250880,0x00000000,0
1841299456,0x00000000,0
1842348032,0x00000000,0
1843396608,0x00000000,0
1844445184,0x00000000,0
1845493760,0x00000000,0
1846542336,0x00000000,0
1847590912,0x00000000,0
1848639488,0x00000000,0
1849688064,0x00000000,0
1850736640,0x00000000,0
1851785216,0x00000000,0
1852833792,0x00000000,0
1853882368,0x00000000,0
1854930944,0x00000000,0
1855979520,0x00000000,0
1857028096,0x00000000,0
1858076672,0x00000000,0
1859125248,0x00000000,0
1860173824,0x00000000,0
1861222400,0x00000000,0
1862270976,0x00000000,0
1863319552,0x00000000,0
1864368128,0x00000000,0
1865416704,0x00000000,0
1866465280,0x00000000,0
1867513856,0x00000000,0
1868562432,0x00000000,0
1869611008,0x00000000,0
1870659584,0x00000000,0
1871708160,0x00000000,0
1872756736,0x00000000,0
1873805312,0x00000000,0
1874853888,0x00000000,0
1875902464,0x00000000,0
1876951040,0x00000000,0
1877999616,0x00000000,0
1879048192,0x00000000,0
1880096768,0x00000000,0
1881145344,0x00000000,0
1882193920,0x00000000,0
1883242496,0x00000000,0
1884291072,0x00000000,0
1885339648,0x00000000,0
1886388224,0x00000000,0
1887436800,0x00000000,0
1888485376,0x00000000,0
1889533952,0x00000000,0
1890582528,0x00000000,0
1891631104,0x00000000,0
1892679680,0x00000000,0
1893728256,0x00000000,0
1894776832,0x00000000,0
1895825408,0x00000000,0
1896873984,0x00000000,0
1897922560,0x00000000,0
1898971136,0x00000000,0
1900019712,0x00000000,0
1901068288,0x00000000,0
1902116864,0x00000000,0
1903165440,0x00000000,0
1904214016,0x00000000,0
1905262592,0x00000000,0
1906311168,0x00000000,0
1907359744,0x00000000,0
1908408320,0x00000000,0
1909456896,0x00000000,0
1910505472,0x00000000,0
1911554048,0x00000000,0
1912602624,0x00000000,0
1913651200,0x00000000,0
1914699776,0x00000000,0
1915748352,0x00000000,0
1916796928,0x00000000,0
1917845504,0x00000000,0
1918894080,0x00000000,0
1919942656,0x00000000,0
1920991232,0x00000000,0
1922039808,0x00000000,0
1923088384,0x00000000,0
1924136960,0x00000000,0
1925185536,0x00000000,0
1926234112,0x00000000,0
1927282688,0x00000000,0
1928331264,0x00000000,0
1929379840,0x00000000,0
1930428416,0x00000000,0
1931476992,0x00000000,0
1932525568,0x00000000,0
1933574144,0x00000000,0
1934622720,0x00000000,0
1935671296,0x00000000,0
1936719872,0x00000000,0
1937768448,0x00000000,0
1938817024,0x00000000,0
1939865600,0x00000000,0
1940914176,0x00000000,0
1941962752,0x00000000,0
1943011328,0x00000000,0
1944059904,0x00000000,0
1945108480,0x00000000,0
1946157056,0x00000000,0
1947205632,0x00000000,0
1948254208,0x00000000,0
1949302784,0x00000000,0
1950351360,0x00000000,0
1951399936,0x00000000,0
1952448512,0x00000000,0
1953497088,0x00000000,0
1954545664,0x00000000,0
1955594240,0x00000000,0
1956642816,0x00000000,0
1957691392,0x00000000,0
1958739968,0x00000000,0
1959788544,0x00000000,0
1960837120,0x00000000,0
1961885696,0x00000000,0
1962934272,0x00000000,0
1963982848,0x00000000,0
1965031424,0x00000000,0
1966080000,0x00000000,0
1967128576,0x00000000,0
1968177152,0x00000000,0
1969225728,0x00000000,0
1970274304,0x00000000,0
1971322880,0x00000000,0
1972371456,0x00000000,0
1973420032,0x00000000,0
1974468608,0x00000000,0
1975517184,0x00000000,0
1976565760,0x00000000,0
1977614336,0x00000000,0
1978662912,0x00000000,0
1979711488,0x00000000,0
1980760064,0x00000000,0
1981808640,0x00000000,0
1982857216,0x00000000,0
1983905792,0x00000000,0
1984954368,0x00000000,0
1986002944,0x00000000,0
1987051520,0x00000000,0
1988100096,0x00000000,0
1989148672,0x00000000,0
1990197248,0x00000000,0
1991245824,0x00000000,0
1992294400,0x00000000,0
1993342976,0x00000000,0
1994391552,0x00000000,0
1995440128,0x00000000,0
1996488704,0x00000000,0
1997537280,0x00000000,0
1998585856,0x00000000,0
1999634432,0x00000000,0
2000683008,0x00000000,0
2001731584,0x00000000,0
2002780160,0x00000000,0
2003828736,0x00000000,0
2004877312,0x00000000,0
2005925888,0x00000000,0
2006974464,0x00000000,0
2008023040,0x00000000,0
2009071616,0x00000000,0
2010120192,0x00000000,0
2011168768,0x00000000,0
2012217344,0x00000000,0
2013265920,0x00000000,0
2014314496,0x00000000,0
2015363072,0x00000000,0
2016411648,0x00000000,0
2017460224,0x00000000,0
2018508800,0x00000000,0
2019557376,0x00000000,0
2020605952,0x00000000,0
2021654528,0x00000000,0
2022703104,0x00000000,0
2023751680,0x00000000,0
2024800256,0x00000000,0
2025848832,0x00000000,0
2026897408,0x00000000,0
2027945984,0x00000000,0
2028994560,0x00000000,0
2030043136,0x00000000,0
2031091712,0x00000000,0
2032140288,0x00000000,0
2033188864,0x00000000,0
2034237440,0x00000000,0
2035286016,0x00000000,0
2036334592,0x00000000,0
2037383168,0x00000000,0
2038431744,0x00000000,0
2039480320,0x00000000,0
2040528896,0x00000000,0
2041577472,0x00000000,0
2042626048,0x00000000,0
2043674624,0x00000000,0
2044723200,0x00000000,0
2045771776,0x00000000,0
2046820352,0x00000000,0
2047868928,0x00000000,0
2048917504,0x00000000,0
2049966080,0x00000000,0
2051014656,0x00000000,0
2052063232,0x00000000,0
2053111808,0x00000000,0
2054160384,0x00000000,0
2055208960,0x00000000,0
2056257536,0x00000000,0
2057306112,0x00000000,0
2058354688,0x00000000,0
2059403264,0x00000000,0
2060451840,0x00000000,0
2061500416,0x00000000,0
2062548992,0x00000000,0
2063597568,0x00000000,0
2064646144,0x00000000,0
2065694720,0x00000000,0
2066743296,0x00000000,0
2067791872,0x00000000,0
2068840448,0x00000000,0
2069889024,0x00000000,0
2070937600,0x00000000,0
2071986176,0x00000000,0
2073034752,0x00000000,0
2074083328,0x00000000,0
2075131904,0x00000000,0
2076180480,0x00000000,0
2077229056,0x00000000,0
2078277632,0x00000000,0
2079326208,0x00000000,0
2080374784,0x00000000,0
2081423360,0x00000000,0
2082471936,0x00000000,0
2083520512,0x00000000,0
2084569088,0x00000000,0
2085617664,0x00000000,0
2086666240,0x00000000,0
2087714816,0x00000000,0
2088763392,0x00000000,0
2089811968,0x00000000,0
2090860544,0x00000000,0
2091909120,0x00000000,0
2092957696,0x00000000,0
2094006272,0x00000000,0
2095054848,0x00000000,0
2096103424,0x00000000,0
2097152000,0x00000000,0
2098200576,0x00000000,0
2099249152,0x00000000,0
2100297728,0x00000000,0
2101346304,0x00000000,0
2102394880,0x00000000,0
2103443456,0x00000000,0
2104492032,0x00000000,0
2105540608,0x00000000,0
2106589184,0x00000000,0
2107637760,0x00000000,0
2108686336,0x00000000,0
2109734912,0x00000000,0
2110783488,0x00000000,0
2111832064,0x00000000,0
2112880640,0x00000000,0
2113929216,0x00000000,0
2114977792,0x00000000,0
2116026368,0x00000000,0
2117074944,0x00000000,0
2118123520,0x00000000,0
2119172096,0x00000000,0
2120220672,0x00000000,0
2121269248,0x00000000,0
2122317824,0x00000000,0
2123366400,0x00000000,0
2124414976,0x00000000,0
2125463552,0x00000000,0
2126512128,0x00000000,0
2127560704,0x00000000,0
2128609280,0x00000000,0
2129657856,0x00000000,0
2130706432,0x00000000,0
2131755008,0x00000000,0
2132803584,0x00000000,0
2133852160,0x00000000,0
2134900736,0x00000000,0
2135949312,0x00000000,0
2136997888,0x00000000,0
2138046464,0x00000000,0
2139095040,0x00000000,0
2140143616,0x00000000,0
2141192192,0x00000000,0
2142240768,0x00000000,0
2143289344,0x00000000,0
2144337920,0x00000000,0
2145386496,0x00000000,0
2146435072,0x00000000,0
