0,0x00001000,4096
1,0x00001001,4097
2,0x00001002,4098
3,0x00001003,4099
4,0x00001004,4100
5,0x00001005,4101
6,0x00001006,4102
7,0x00001007,4103
8,0x00001008,4104
9,0x00001009,4105
10,0x0000100a,4106
11,0x0000100b,4107
12,0x0000100c,4108
13,0x0000100d,4109
14,0x0000100e,4110
15,0x0000100f,4111
16,0x00001010,4112
17,0x00001011,4113
18,0x00001012,4114
19,0x00001013,4115
20,0x00001014,4116
21,0x00001015,4117
22,0x00001016,4118
23,0x00001017,4119
24,0x00001018,4120
25,0x00001019,4121
26,0x0000101a,4122
27,0x0000101b,4123
28,0x0000101c,4124
29,0x0000101d,4125
30,0x0000101e,4126
31,0x0000101f,4127
32,0x00001020,4128
33,0x00001021,4129
34,0x00001022,4130
35,0x00001023,4131
36,0x00001024,4132
37,0x00001025,4133
38,0x00001026,4134
39,0x00001027,4135
40,0x00001028,4136
41,0x00001029,4137
42,0x0000102a,4138
43,0x0000102b,4139
44,0x0000102c,4140
45,0x0000102d,4141
46,0x0000102e,4142
47,0x0000102f,4143
48,0x00001030,4144
49,0x00001031,4145
50,0x00001032,4146
51,0x00001033,4147
52,0x00001034,4148
53,0x00001035,4149
54,0x00001036,4150
55,0x00001037,4151
56,0x00001038,4152
57,0x00001039,4153
58,0x0000103a,4154
59,0x0000103b,4155
60,0x0000103c,4156
61,0x0000103d,4157
62,0x0000103e,4158
63,0x0000103f,4159
64,0x00001040,4160
65,0x00001041,4161
66,0x00001042,4162
67,0x00001043,4163
68,0x00001044,4164
69,0x00001045,4165
70,0x00001046,4166
71,0x00001047,4167
72,0x00001048,4168
73,0x00001049,4169
74,0x0000104a,4170
75,0x0000104b,4171
76,0x0000104c,4172
77,0x0000104d,4173
78,0x0000104e,4174
79,0x0000104f,4175
80,0x00001050,4176
81,0x00001051,4177
82,0x00001052,4178
83,0x00001053,4179
84,0x00001054,4180
85,0x00001055,4181
86,0x00001056,4182
87,0x00001057,4183
88,0x00001058,4184
89,0x00001059,4185
90,0x0000105a,4186
91,0x0000105b,4187
92,0x0000105c,4188
93,0x0000105d,4189
94,0x0000105e,4190
95,0x0000105f,4191
96,0x00001060,4192
97,0x00001061,4193
98,0x00001062,4194
99,0x00001063,4195
100,0x00001064,4196
101,0x00001065,4197
102,0x00001066,4198
103,0x00001067,4199
104,0x00001068,4200
105,0x00001069,4201
106,0x0000106a,4202
107,0x0000106b,4203
108,0x0000106c,4204
109,0x0000106d,4205
110,0x0000106e,4206
111,0x0000106f,4207
112,0x00001070,4208
113,0x00001071,4209
114,0x00001072,4210
115,0x00001073,4211
116,0x00001074,4212
117,0x00001075,4213
118,0x00001076,4214
119,0x00001077,4215
120,0x00001078,4216
121,0x00001079,4217
122,0x0000107a,4218
123,0x0000107b,4219
124,0x0000107c,4220
125,0x0000107d,4221
126,0x0000107e,4222
127,0x0000107f,4223
128,0x00001080,4224
129,0x00001081,4225
130,0x00001082,4226
131,0x00001083,4227
132,0x00001084,4228
133,0x00001085,4229
134,0x00001086,4230
135,0x00001087,4231
136,0x00001088,4232
137,0x00001089,4233
138,0x0000108a,4234
139,0x0000108b,4235
140,0x0000108c,4236
141,0x0000108d,4237
142,0x0000108e,4238
143,0x0000108f,4239
144,0x00001090,4240
145,0x00001091,4241
146,0x00001092,4242
147,0x00001093,4243
148,0x00001094,4244
149,0x00001095,4245
150,0x00001096,4246
151,0x00001097,4247
152,0x00001098,4248
153,0x00001099,4249
154,0x0000109a,4250
155,0x0000109b,4251
156,0x0000109c,4252
157,0x0000109d,4253
158,0x0000109e,4254
159,0x0000109f,4255
160,0x000010a0,4256
161,0x000010a1,4257
162,0x000010a2,4258
163,0x000010a3,4259
164,0x000010a4,4260
165,0x000010a5,4261
166,0x000010a6,4262
167,0x000010a7,4263
168,0x000010a8,4264
169,0x000010a9,4265
170,0x000010aa,4266
171,0x000010ab,4267
172,0x000010ac,4268
173,0x000010ad,4269
174,0x000010ae,4270
175,0x000010af,4271
176,0x000010b0,4272
177,0x000010b1,4273
178,0x000010b2,4274
179,0x000010b3,4275
180,0x000010b4,4276
181,0x000010b5,4277
182,0x000010b6,4278
183,0x000010b7,4279
184,0x000010b8,4280
185,0x000010b9,4281
186,0x000010ba,4282
187,0x000010bb,4283
188,0x000010bc,4284
189,0x000010bd,4285
190,0x000010be,4286
191,0x000010bf,4287
192,0x000010c0,4288
193,0x000010c1,4289
194,0x000010c2,4290
195,0x000010c3,4291
196,0x000010c4,4292
197,0x000010c5,4293
198,0x000010c6,4294
199,0x000010c7,4295
200,0x000010c8,4296
201,0x000010c9,4297
202,0x000010ca,4298
203,0x000010cb,4299
204,0x000010cc,4300
205,0x000010cd,4301
206,0x000010ce,4302
207,0x000010cf,4303
208,0x000010d0,4304
209,0x000010d1,4305
210,0x000010d2,4306
211,0x000010d3,4307
212,0x000010d4,4308
213,0x000010d5,4309
214,0x000010d6,4310
215,0x000010d7,4311
216,0x000010d8,4312
217,0x000010d9,4313
218,0x000010da,4314
219,0x000010db,4315
220,0x000010dc,4316
221,0x000010dd,4317
222,0x000010de,4318
223,0x000010df,4319
224,0x000010e0,4320
225,0x000010e1,4321
226,0x000010e2,4322
227,0x000010e3,4323
228,0x000010e4,4324
229,0x000010e5,4325
230,0x000010e6,4326
231,0x000010e7,4327
232,0x000010e8,4328
233,0x000010e9,4329
234,0x000010ea,4330
235,0x000010eb,4331
236,0x000010ec,4332
237,0x000010ed,4333
238,0x000010ee,4334
239,0x000010ef,4335
240,0x000010f0,4336
241,0x000010f1,4337
242,0x000010f2,4338
243,0x000010f3,4339
244,0x000010f4,4340
245,0x000010f5,4341
246,0x000010f6,4342
247,0x000010f7,4343
248,0x000010f8,4344
249,0x000010f9,4345
250,0x000010fa,4346
251,0x000010fb,4347
252,0x000010fc,4348
253,0x000010fd,4349
254,0x000010fe,4350
255,0x000010ff,4351
256,0x00001100,4352
257,0x00001101,4353
258,0x00001102,4354
259,0x00001103,4355
260,0x00001104,4356
261,0x00001105,4357
262,0x00001106,4358
263,0x00001107,4359
264,0x00001108,4360
265,0x00001109,4361
266,0x0000110a,4362
267,0x0000110b,4363
268,0x0000110c,4364
269,0x0000110d,4365
270,0x0000110e,4366
271,0x0000110f,4367
272,0x00001110,4368
273,0x00001111,4369
274,0x00001112,4370
275,0x00001113,4371
276,0x00001114,4372
277,0x00001115,4373
278,0x00001116,4374
279,0x00001117,4375
280,0x00001118,4376
281,0x00001119,4377
282,0x0000111a,4378
283,0x0000111b,4379
284,0x0000111c,4380
285,0x0000111d,4381
286,0x0000111e,4382
287,0x0000111f,4383
288,0x00001120,4384
289,0x00001121,4385
290,0x00001122,4386
291,0x00001123,4387
292,0x00001124,4388
293,0x00001125,4389
294,0x00001126,4390
295,0x00001127,4391
296,0x00001128,4392
297,0x00001129,4393
298,0x0000112a,4394
299,0x0000112b,4395
300,0x0000112c,4396
301,0x0000112d,4397
302,0x0000112e,4398
303,0x0000112f,4399
304,0x00001130,4400
305,0x00001131,4401
306,0x00001132,4402
307,0x00001133,4403
308,0x00001134,4404
309,0x00001135,4405
310,0x00001136,4406
311,0x00001137,4407
312,0x00001138,4408
313,0x00001139,4409
314,0x0000113a,4410
315,0x0000113b,4411
316,0x0000113c,4412
317,0x0000113d,4413
318,0x0000113e,4414
319,0x0000113f,4415
320,0x00001140,4416
321,0x00001141,4417
322,0x00001142,4418
323,0x00001143,4419
324,0x00001144,4420
325,0x00001145,4421
326,0x00001146,4422
327,0x00001147,4423
328,0x00001148,4424
329,0x00001149,4425
330,0x0000114a,4426
331,0x0000114b,4427
332,0x0000114c,4428
333,0x0000114d,4429
334,0x0000114e,4430
335,0x0000114f,4431
336,0x00001150,4432
337,0x00001151,4433
338,0x00001152,4434
339,0x00001153,4435
340,0x00001154,4436
341,0x00001155,4437
342,0x00001156,4438
343,0x00001157,4439
344,0x00001158,4440
345,0x00001159,4441
346,0x0000115a,4442
347,0x0000115b,4443
348,0x0000115c,4444
349,0x0000115d,4445
350,0x0000115e,4446
351,0x0000115f,4447
352,0x00001160,4448
353,0x00001161,4449
354,0x00001162,4450
355,0x00001163,4451
356,0x00001164,4452
357,0x00001165,4453
358,0x00001166,4454
359,0x00001167,4455
360,0x00001168,4456
361,0x00001169,4457
362,0x0000116a,4458
363,0x0000116b,4459
364,0x0000116c,4460
365,0x0000116d,4461
366,0x0000116e,4462
367,0x0000116f,4463
368,0x00001170,4464
369,0x00001171,4465
370,0x00001172,4466
371,0x00001173,4467
372,0x00001174,4468
373,0x00001175,4469
374,0x00001176,4470
375,0x00001177,4471
376,0x00001178,4472
377,0x00001179,4473
378,0x0000117a,4474
379,0x0000117b,4475
380,0x0000117c,4476
381,0x0000117d,4477
382,0x0000117e,4478
383,0x0000117f,4479
384,0x00001180,4480
385,0x00001181,4481
386,0x00001182,4482
387,0x00001183,4483
388,0x00001184,4484
389,0x00001185,4485
390,0x00001186,4486
391,0x00001187,4487
392,0x00001188,4488
393,0x00001189,4489
394,0x0000118a,4490
395,0x0000118b,4491
396,0x0000118c,4492
397,0x0000118d,4493
398,0x0000118e,4494
399,0x0000118f,4495
400,0x00001190,4496
401,0x00001191,4497
402,0x00001192,4498
403,0x00001193,4499
404,0x00001194,4500
405,0x00001195,4501
406,0x00001196,4502
407,0x00001197,4503
408,0x00001198,4504
409,0x00001199,4505
410,0x0000119a,4506
411,0x0000119b,4507
412,0x0000119c,4508
413,0x0000119d,4509
414,0x0000119e,4510
415,0x0000119f,4511
416,0x000011a0,4512
417,0x000011a1,4513
418,0x000011a2,4514
419,0x000011a3,4515
420,0x000011a4,4516
421,0x000011a5,4517
422,0x000011a6,4518
423,0x000011a7,4519
424,0x000011a8,4520
425,0x000011a9,4521
426,0x000011aa,4522
427,0x000011ab,4523
428,0x000011ac,4524
429,0x000011ad,4525
430,0x000011ae,4526
431,0x000011af,4527
432,0x000011b0,4528
433,0x000011b1,4529
434,0x000011b2,4530
435,0x000011b3,4531
436,0x000011b4,4532
437,0x000011b5,4533
438,0x000011b6,4534
439,0x000011b7,4535
440,0x000011b8,4536
441,0x000011b9,4537
442,0x000011ba,4538
443,0x000011bb,4539
444,0x000011bc,4540
445,0x000011bd,4541
446,0x000011be,4542
447,0x000011bf,4543
448,0x000011c0,4544
449,0x000011c1,4545
450,0x000011c2,4546
451,0x000011c3,4547
452,0x000011c4,4548
453,0x000011c5,4549
454,0x000011c6,4550
455,0x000011c7,4551
456,0x000011c8,4552
457,0x000011c9,4553
458,0x000011ca,4554
459,0x000011cb,4555
460,0x000011cc,4556
461,0x000011cd,4557
462,0x000011ce,4558
463,0x000011cf,4559
464,0x000011d0,4560
465,0x000011d1,4561
466,0x000011d2,4562
467,0x000011d3,4563
468,0x000011d4,4564
469,0x000011d5,4565
470,0x000011d6,4566
471,0x000011d7,4567
472,0x000011d8,4568
473,0x000011d9,4569
474,0x000011da,4570
475,0x000011db,4571
476,0x000011dc,4572
477,0x000011dd,4573
478,0x000011de,4574
479,0x000011df,4575
480,0x000011e0,4576
481,0x000011e1,4577
482,0x000011e2,4578
483,0x000011e3,4579
484,0x000011e4,4580
485,0x000011e5,4581
486,0x000011e6,4582
487,0x000011e7,4583
488,0x000011e8,4584
489,0x000011e9,4585
490,0x000011ea,4586
491,0x000011eb,4587
492,0x000011ec,4588
493,0x000011ed,4589
494,0x000011ee,4590
495,0x000011ef,4591
496,0x000011f0,4592
497,0x000011f1,4593
498,0x000011f2,4594
499,0x000011f3,4595
500,0x000011f4,4596
501,0x000011f5,4597
502,0x000011f6,4598
503,0x000011f7,4599
504,0x000011f8,4600
505,0x000011f9,4601
506,0x000011fa,4602
507,0x000011fb,4603
508,0x000011fc,4604
509,0x000011fd,4605
510,0x000011fe,4606
511,0x000011ff,4607
512,0x00001200,4608
513,0x00001201,4609
514,0x00001202,4610
515,0x00001203,4611
516,0x00001204,4612
517,0x00001205,4613
518,0x00001206,4614
519,0x00001207,4615
520,0x00001208,4616
521,0x00001209,4617
522,0x0000120a,4618
523,0x0000120b,4619
524,0x0000120c,4620
525,0x0000120d,4621
526,0x0000120e,4622
527,0x0000120f,4623
528,0x00001210,4624
529,0x00001211,4625
530,0x00001212,4626
531,0x00001213,4627
532,0x00001214,4628
533,0x00001215,4629
534,0x00001216,4630
535,0x00001217,4631
536,0x00001218,4632
537,0x00001219,4633
538,0x0000121a,4634
539,0x0000121b,4635
540,0x0000121c,4636
541,0x0000121d,4637
542,0x0000121e,4638
543,0x0000121f,4639
544,0x00001220,4640
545,0x00001221,4641
546,0x00001222,4642
547,0x00001223,4643
548,0x00001224,4644
549,0x00001225,4645
550,0x00001226,4646
551,0x00001227,4647
552,0x00001228,4648
553,0x00001229,4649
554,0x0000122a,4650
555,0x0000122b,4651
556,0x0000122c,4652
557,0x0000122d,4653
558,0x0000122e,4654
559,0x0000122f,4655
560,0x00001230,4656
561,0x00001231,4657
562,0x00001232,4658
563,0x00001233,4659
564,0x00001234,4660
565,0x00001235,4661
566,0x00001236,4662
567,0x00001237,4663
568,0x00001238,4664
569,0x00001239,4665
570,0x0000123a,4666
571,0x0000123b,4667
572,0x0000123c,4668
573,0x0000123d,4669
574,0x0000123e,4670
575,0x0000123f,4671
576,0x00001240,4672
577,0x00001241,4673
578,0x00001242,4674
579,0x00001243,4675
580,0x00001244,4676
581,0x00001245,4677
582,0x00001246,4678
583,0x00001247,4679
584,0x00001248,4680
585,0x00001249,4681
586,0x0000124a,4682
587,0x0000124b,4683
588,0x0000124c,4684
589,0x0000124d,4685
590,0x0000124e,4686
591,0x0000124f,4687
592,0x00001250,4688
593,0x00001251,4689
594,0x00001252,4690
595,0x00001253,4691
596,0x00001254,4692
597,0x00001255,4693
598,0x00001256,4694
599,0x00001257,4695
600,0x00001258,4696
601,0x00001259,4697
602,0x0000125a,4698
603,0x0000125b,4699
604,0x0000125c,4700
605,0x0000125d,4701
606,0x0000125e,4702
607,0x0000125f,4703
608,0x00001260,4704
609,0x00001261,4705
610,0x00001262,4706
611,0x00001263,4707
612,0x00001264,4708
613,0x00001265,4709
614,0x00001266,4710
615,0x00001267,4711
616,0x00001268,4712
617,0x00001269,4713
618,0x0000126a,4714
619,0x0000126b,4715
620,0x0000126c,4716
621,0x0000126d,4717
622,0x0000126e,4718
623,0x0000126f,4719
624,0x00001270,4720
625,0x00001271,4721
626,0x00001272,4722
627,0x00001273,4723
628,0x00001274,4724
629,0x00001275,4725
630,0x00001276,4726
631,0x00001277,4727
632,0x00001278,4728
633,0x00001279,4729
634,0x0000127a,4730
635,0x0000127b,4731
636,0x0000127c,4732
637,0x0000127d,4733
638,0x0000127e,4734
639,0x0000127f,4735
640,0x00001280,4736
641,0x00001281,4737
642,0x00001282,4738
643,0x00001283,4739
644,0x00001284,4740
645,0x00001285,4741
646,0x00001286,4742
647,0x00001287,4743
648,0x00001288,4744
649,0x00001289,4745
650,0x0000128a,4746
651,0x0000128b,4747
652,0x0000128c,4748
653,0x0000128d,4749
654,0x0000128e,4750
655,0x0000128f,4751
656,0x00001290,4752
657,0x00001291,4753
658,0x00001292,4754
659,0x00001293,4755
660,0x00001294,4756
661,0x00001295,4757
662,0x00001296,4758
663,0x00001297,4759
664,0x00001298,4760
665,0x00001299,4761
666,0x0000129a,4762
667,0x0000129b,4763
668,0x0000129c,4764
669,0x0000129d,4765
670,0x0000129e,4766
671,0x0000129f,4767
672,0x000012a0,4768
673,0x000012a1,4769
674,0x000012a2,4770
675,0x000012a3,4771
676,0x000012a4,4772
677,0x000012a5,4773
678,0x000012a6,4774
679,0x000012a7,4775
680,0x000012a8,4776
681,0x000012a9,4777
682,0x000012aa,4778
683,0x000012ab,4779
684,0x000012ac,4780
685,0x000012ad,4781
686,0x000012ae,4782
687,0x000012af,4783
688,0x000012b0,4784
689,0x000012b1,4785
690,0x000012b2,4786
691,0x000012b3,4787
692,0x000012b4,4788
693,0x000012b5,4789
694,0x000012b6,4790
695,0x000012b7,4791
696,0x000012b8,4792
697,0x000012b9,4793
698,0x000012ba,4794
699,0x000012bb,4795
700,0x000012bc,4796
701,0x000012bd,4797
702,0x000012be,4798
703,0x000012bf,4799
704,0x000012c0,4800
705,0x000012c1,4801
706,0x000012c2,4802
707,0x000012c3,4803
708,0x000012c4,4804
709,0x000012c5,4805
710,0x000012c6,4806
711,0x000012c7,4807
712,0x000012c8,4808
713,0x000012c9,4809
714,0x000012ca,4810
715,0x000012cb,4811
716,0x000012cc,4812
717,0x000012cd,4813
718,0x000012ce,4814
719,0x000012cf,4815
720,0x000012d0,4816
721,0x000012d1,4817
722,0x000012d2,4818
723,0x000012d3,4819
724,0x000012d4,4820
725,0x000012d5,4821
726,0x000012d6,4822
727,0x000012d7,4823
728,0x000012d8,4824
729,0x000012d9,4825
730,0x000012da,4826
731,0x000012db,4827
732,0x000012dc,4828
733,0x000012dd,4829
734,0x000012de,4830
735,0x000012df,4831
736,0x000012e0,4832
737,0x000012e1,4833
738,0x000012e2,4834
739,0x000012e3,4835
740,0x000012e4,4836
741,0x000012e5,4837
742,0x000012e6,4838
743,0x000012e7,4839
744,0x000012e8,4840
745,0x000012e9,4841
746,0x000012ea,4842
747,0x000012eb,4843
748,0x000012ec,4844
749,0x000012ed,4845
750,0x000012ee,4846
751,0x000012ef,4847
752,0x000012f0,4848
753,0x000012f1,4849
754,0x000012f2,4850
755,0x000012f3,4851
756,0x000012f4,4852
757,0x000012f5,4853
758,0x000012f6,4854
759,0x000012f7,4855
760,0x000012f8,4856
761,0x000012f9,4857
762,0x000012fa,4858
763,0x000012fb,4859
764,0x000012fc,4860
765,0x000012fd,4861
766,0x000012fe,4862
767,0x000012ff,4863
768,0x00001300,4864
769,0x00001301,4865
770,0x00001302,4866
771,0x00001303,4867
772,0x00001304,4868
773,0x00001305,4869
774,0x00001306,4870
775,0x00001307,4871
776,0x00001308,4872
777,0x00001309,4873
778,0x0000130a,4874
779,0x0000130b,4875
780,0x0000130c,4876
781,0x0000130d,4877
782,0x0000130e,4878
783,0x0000130f,4879
784,0x00001310,4880
785,0x00001311,4881
786,0x00001312,4882
787,0x00001313,4883
788,0x00001314,4884
789,0x00001315,4885
790,0x00001316,4886
791,0x00001317,4887
792,0x00001318,4888
793,0x00001319,4889
794,0x0000131a,4890
795,0x0000131b,4891
796,0x0000131c,4892
797,0x0000131d,4893
798,0x0000131e,4894
799,0x0000131f,4895
800,0x00001320,4896
801,0x00001321,4897
802,0x00001322,4898
803,0x00001323,4899
804,0x00001324,4900
805,0x00001325,4901
806,0x00001326,4902
807,0x00001327,4903
808,0x00001328,4904
809,0x00001329,4905
810,0x0000132a,4906
811,0x0000132b,4907
812,0x0000132c,4908
813,0x0000132d,4909
814,0x0000132e,4910
815,0x0000132f,4911
816,0x00001330,4912
817,0x00001331,4913
818,0x00001332,4914
819,0x00001333,4915
820,0x00001334,4916
821,0x00001335,4917
822,0x00001336,4918
823,0x00001337,4919
824,0x00001338,4920
825,0x00001339,4921
826,0x0000133a,4922
827,0x0000133b,4923
828,0x0000133c,4924
829,0x0000133d,4925
830,0x0000133e,4926
831,0x0000133f,4927
832,0x00001340,4928
833,0x00001341,4929
834,0x00001342,4930
835,0x00001343,4931
836,0x00001344,4932
837,0x00001345,4933
838,0x00001346,4934
839,0x00001347,4935
840,0x00001348,4936
841,0x00001349,4937
842,0x0000134a,4938
843,0x0000134b,4939
844,0x0000134c,4940
845,0x0000134d,4941
846,0x0000134e,4942
847,0x0000134f,4943
848,0x00001350,4944
849,0x00001351,4945
850,0x00001352,4946
851,0x00001353,4947
852,0x00001354,4948
853,0x00001355,4949
854,0x00001356,4950
855,0x00001357,4951
856,0x00001358,4952
857,0x00001359,4953
858,0x0000135a,4954
859,0x0000135b,4955
860,0x0000135c,4956
861,0x0000135d,4957
862,0x0000135e,4958
863,0x0000135f,4959
864,0x00001360,4960
865,0x00001361,4961
866,0x00001362,4962
867,0x00001363,4963
868,0x00001364,4964
869,0x00001365,4965
870,0x00001366,4966
871,0x00001367,4967
872,0x00001368,4968
873,0x00001369,4969
874,0x0000136a,4970
875,0x0000136b,4971
876,0x0000136c,4972
877,0x0000136d,4973
878,0x0000136e,4974
879,0x0000136f,4975
880,0x00001370,4976
881,0x00001371,4977
882,0x00001372,4978
883,0x00001373,4979
884,0x00001374,4980
885,0x00001375,4981
886,0x00001376,4982
887,0x00001377,4983
888,0x00001378,4984
889,0x00001379,4985
890,0x0000137a,4986
891,0x0000137b,4987
892,0x0000137c,4988
893,0x0000137d,4989
894,0x0000137e,4990
895,0x0000137f,4991
896,0x00001380,4992
897,0x00001381,4993
898,0x00001382,4994
899,0x00001383,4995
900,0x00001384,4996
901,0x00001385,4997
902,0x00001386,4998
903,0x00001387,4999
904,0x00001388,5000
905,0x00001389,5001
906,0x0000138a,5002
907,0x0000138b,5003
908,0x0000138c,5004
909,0x0000138d,5005
910,0x0000138e,5006
911,0x0000138f,5007
912,0x00001390,5008
913,0x00001391,5009
914,0x00001392,5010
915,0x00001393,5011
916,0x00001394,5012
917,0x00001395,5013
918,0x00001396,5014
919,0x00001397,5015
920,0x00001398,5016
921,0x00001399,5017
922,0x0000139a,5018
923,0x0000139b,5019
924,0x0000139c,5020
925,0x0000139d,5021
926,0x0000139e,5022
927,0x0000139f,5023
928,0x000013a0,5024
929,0x000013a1,5025
930,0x000013a2,5026
931,0x000013a3,5027
932,0x000013a4,5028
933,0x000013a5,5029
934,0x000013a6,5030
935,0x000013a7,5031
936,0x000013a8,5032
937,0x000013a9,5033
938,0x000013aa,5034
939,0x000013ab,5035
940,0x000013ac,5036
941,0x000013ad,5037
942,0x000013ae,5038
943,0x000013af,5039
944,0x000013b0,5040
945,0x000013b1,5041
946,0x000013b2,5042
947,0x000013b3,5043
948,0x000013b4,5044
949,0x000013b5,5045
950,0x000013b6,5046
951,0x000013b7,5047
952,0x000013b8,5048
953,0x000013b9,5049
954,0x000013ba,5050
955,0x000013bb,5051
956,0x000013bc,5052
957,0x000013bd,5053
958,0x000013be,5054
959,0x000013bf,5055
960,0x000013c0,5056
961,0x000013c1,5057
962,0x000013c2,5058
963,0x000013c3,5059
964,0x000013c4,5060
965,0x000013c5,5061
966,0x000013c6,5062
967,0x000013c7,5063
968,0x000013c8,5064
969,0x000013c9,5065
970,0x000013ca,5066
971,0x000013cb,5067
972,0x000013cc,5068
973,0x000013cd,5069
974,0x000013ce,5070
975,0x000013cf,5071
976,0x000013d0,5072
977,0x000013d1,5073
978,0x000013d2,5074
979,0x000013d3,5075
980,0x000013d4,5076
981,0x000013d5,5077
982,0x000013d6,5078
983,0x000013d7,5079
984,0x000013d8,5080
985,0x000013d9,5081
986,0x000013da,5082
987,0x000013db,5083
988,0x000013dc,5084
989,0x000013dd,5085
990,0x000013de,5086
991,0x000013df,5087
992,0x000013e0,5088
993,0x000013e1,5089
994,0x000013e2,5090
995,0x000013e3,5091
996,0x000013e4,5092
997,0x000013e5,5093
998,0x000013e6,5094
999,0x000013e7,5095
1000,0x000013e8,5096
1001,0x000013e9,5097
1002,0x000013ea,5098
1003,0x000013eb,5099
1004,0x000013ec,5100
1005,0x000013ed,5101
1006,0x000013ee,5102
1007,0x000013ef,5103
1008,0x000013f0,5104
1009,0x000013f1,5105
1010,0x000013f2,5106
1011,0x000013f3,5107
1012,0x000013f4,5108
1013,0x000013f5,5109
1014,0x000013f6,5110
1015,0x000013f7,5111
1016,0x000013f8,5112
1017,0x000013f9,5113
1018,0x000013fa,5114
1019,0x000013fb,5115
1020,0x000013fc,5116
1021,0x000013fd,5117
1022,0x000013fe,5118
1023,0x000013ff,5119
1024,0x00001400,5120
1025,0x00001401,5121
1026,0x00001402,5122
1027,0x00001403,5123
1028,0x00001404,5124
1029,0x00001405,5125
1030,0x00001406,5126
1031,0x00001407,5127
1032,0x00001408,5128
1033,0x00001409,5129
1034,0x0000140a,5130
1035,0x0000140b,5131
1036,0x0000140c,5132
1037,0x0000140d,5133
1038,0x0000140e,5134
1039,0x0000140f,5135
1040,0x00001410,5136
1041,0x00001411,5137
1042,0x00001412,5138
1043,0x00001413,5139
1044,0x00001414,5140
1045,0x00001415,5141
1046,0x00001416,5142
1047,0x00001417,5143
1048,0x00001418,5144
1049,0x00001419,5145
1050,0x0000141a,5146
1051,0x0000141b,5147
1052,0x0000141c,5148
1053,0x0000141d,5149
1054,0x0000141e,5150
1055,0x0000141f,5151
1056,0x00001420,5152
1057,0x00001421,5153
1058,0x00001422,5154
1059,0x00001423,5155
1060,0x00001424,5156
1061,0x00001425,5157
1062,0x00001426,5158
1063,0x00001427,5159
1064,0x00001428,5160
1065,0x00001429,5161
1066,0x0000142a,5162
1067,0x0000142b,5163
1068,0x0000142c,5164
1069,0x0000142d,5165
1070,0x0000142e,5166
1071,0x0000142f,5167
1072,0x00001430,5168
1073,0x00001431,5169
1074,0x00001432,5170
1075,0x00001433,5171
1076,0x00001434,5172
1077,0x00001435,5173
1078,0x00001436,5174
1079,0x00001437,5175
1080,0x00001438,5176
1081,0x00001439,5177
1082,0x0000143a,5178
1083,0x0000143b,5179
1084,0x0000143c,5180
1085,0x0000143d,5181
1086,0x0000143e,5182
1087,0x0000143f,5183
1088,0x00001440,5184
1089,0x00001441,5185
1090,0x00001442,5186
1091,0x00001443,5187
1092,0x00001444,5188
1093,0x00001445,5189
1094,0x00001446,5190
1095,0x00001447,5191
1096,0x00001448,5192
1097,0x00001449,5193
1098,0x0000144a,5194
1099,0x0000144b,5195
1100,0x0000144c,5196
1101,0x0000144d,5197
1102,0x0000144e,5198
1103,0x0000144f,5199
1104,0x00001450,5200
1105,0x00001451,5201
1106,0x00001452,5202
1107,0x00001453,5203
1108,0x00001454,5204
1109,0x00001455,5205
1110,0x00001456,5206
1111,0x00001457,5207
1112,0x00001458,5208
1113,0x00001459,5209
1114,0x0000145a,5210
1115,0x0000145b,5211
1116,0x0000145c,5212
1117,0x0000145d,5213
1118,0x0000145e,5214
1119,0x0000145f,5215
1120,0x00001460,5216
1121,0x00001461,5217
1122,0x00001462,5218
1123,0x00001463,5219
1124,0x00001464,5220
1125,0x00001465,5221
1126,0x00001466,5222
1127,0x00001467,5223
1128,0x00001468,5224
1129,0x00001469,5225
1130,0x0000146a,5226
1131,0x0000146b,5227
1132,0x0000146c,5228
1133,0x0000146d,5229
1134,0x0000146e,5230
1135,0x0000146f,5231
1136,0x00001470,5232
1137,0x00001471,5233
1138,0x00001472,5234
1139,0x00001473,5235
1140,0x00001474,5236
1141,0x00001475,5237
1142,0x00001476,5238
1143,0x00001477,5239
1144,0x00001478,5240
1145,0x00001479,5241
1146,0x0000147a,5242
1147,0x0000147b,5243
1148,0x0000147c,5244
1149,0x0000147d,5245
1150,0x0000147e,5246
1151,0x0000147f,5247
1152,0x00001480,5248
1153,0x00001481,5249
1154,0x00001482,5250
1155,0x00001483,5251
1156,0x00001484,5252
1157,0x00001485,5253
1158,0x00001486,5254
1159,0x00001487,5255
1160,0x00001488,5256
1161,0x00001489,5257
1162,0x0000148a,5258
1163,0x0000148b,5259
1164,0x0000148c,5260
1165,0x0000148d,5261
1166,0x0000148e,5262
1167,0x0000148f,5263
1168,0x00001490,5264
1169,0x00001491,5265
1170,0x00001492,5266
1171,0x00001493,5267
1172,0x00001494,5268
1173,0x00001495,5269
1174,0x00001496,5270
1175,0x00001497,5271
1176,0x00001498,5272
1177,0x00001499,5273
1178,0x0000149a,5274
1179,0x0000149b,5275
1180,0x0000149c,5276
1181,0x0000149d,5277
1182,0x0000149e,5278
1183,0x0000149f,5279
1184,0x000014a0,5280
1185,0x000014a1,5281
1186,0x000014a2,5282
1187,0x000014a3,5283
1188,0x000014a4,5284
1189,0x000014a5,5285
1190,0x000014a6,5286
1191,0x000014a7,5287
1192,0x000014a8,5288
1193,0x000014a9,5289
1194,0x000014aa,5290
1195,0x000014ab,5291
1196,0x000014ac,5292
1197,0x000014ad,5293
1198,0x000014ae,5294
1199,0x000014af,5295
1200,0x000014b0,5296
1201,0x000014b1,5297
1202,0x000014b2,5298
1203,0x000014b3,5299
1204,0x000014b4,5300
1205,0x000014b5,5301
1206,0x000014b6,5302
1207,0x000014b7,5303
1208,0x000014b8,5304
1209,0x000014b9,5305
1210,0x000014ba,5306
1211,0x000014bb,5307
1212,0x000014bc,5308
1213,0x000014bd,5309
1214,0x000014be,5310
1215,0x000014bf,5311
1216,0x000014c0,5312
1217,0x000014c1,5313
1218,0x000014c2,5314
1219,0x000014c3,5315
1220,0x000014c4,5316
1221,0x000014c5,5317
1222,0x000014c6,5318
1223,0x000014c7,5319
1224,0x000014c8,5320
1225,0x000014c9,5321
1226,0x000014ca,5322
1227,0x000014cb,5323
1228,0x000014cc,5324
1229,0x000014cd,5325
1230,0x000014ce,5326
1231,0x000014cf,5327
1232,0x000014d0,5328
1233,0x000014d1,5329
1234,0x000014d2,5330
1235,0x000014d3,5331
1236,0x000014d4,5332
1237,0x000014d5,5333
1238,0x000014d6,5334
1239,0x000014d7,5335
1240,0x000014d8,5336
1241,0x000014d9,5337
1242,0x000014da,5338
1243,0x000014db,5339
1244,0x000014dc,5340
1245,0x000014dd,5341
1246,0x000014de,5342
1247,0x000014df,5343
1248,0x000014e0,5344
1249,0x000014e1,5345
1250,0x000014e2,5346
1251,0x000014e3,5347
1252,0x000014e4,5348
1253,0x000014e5,5349
1254,0x000014e6,5350
1255,0x000014e7,5351
1256,0x000014e8,5352
1257,0x000014e9,5353
1258,0x000014ea,5354
1259,0x000014eb,5355
1260,0x000014ec,5356
1261,0x000014ed,5357
1262,0x000014ee,5358
1263,0x000014ef,5359
1264,0x000014f0,5360
1265,0x000014f1,5361
1266,0x000014f2,5362
1267,0x000014f3,5363
1268,0x000014f4,5364
1269,0x000014f5,5365
1270,0x000014f6,5366
1271,0x000014f7,5367
1272,0x000014f8,5368
1273,0x000014f9,5369
1274,0x000014fa,5370
1275,0x000014fb,5371
1276,0x000014fc,5372
1277,0x000014fd,5373
1278,0x000014fe,5374
1279,0x000014ff,5375
1280,0x00001500,5376
1281,0x00001501,5377
1282,0x00001502,5378
1283,0x00001503,5379
1284,0x00001504,5380
1285,0x00001505,5381
1286,0x00001506,5382
1287,0x00001507,5383
1288,0x00001508,5384
1289,0x00001509,5385
1290,0x0000150a,5386
1291,0x0000150b,5387
1292,0x0000150c,5388
1293,0x0000150d,5389
1294,0x0000150e,5390
1295,0x0000150f,5391
1296,0x00001510,5392
1297,0x00001511,5393
1298,0x00001512,5394
1299,0x00001513,5395
1300,0x00001514,5396
1301,0x00001515,5397
1302,0x00001516,5398
1303,0x00001517,5399
1304,0x00001518,5400
1305,0x00001519,5401
1306,0x0000151a,5402
1307,0x0000151b,5403
1308,0x0000151c,5404
1309,0x0000151d,5405
1310,0x0000151e,5406
1311,0x0000151f,5407
1312,0x00001520,5408
1313,0x00001521,5409
1314,0x00001522,5410
1315,0x00001523,5411
1316,0x00001524,5412
1317,0x00001525,5413
1318,0x00001526,5414
1319,0x00001527,5415
1320,0x00001528,5416
1321,0x00001529,5417
1322,0x0000152a,5418
1323,0x0000152b,5419
1324,0x0000152c,5420
1325,0x0000152d,5421
1326,0x0000152e,5422
1327,0x0000152f,5423
1328,0x00001530,5424
1329,0x00001531,5425
1330,0x00001532,5426
1331,0x00001533,5427
1332,0x00001534,5428
1333,0x00001535,5429
1334,0x00001536,5430
1335,0x00001537,5431
1336,0x00001538,5432
1337,0x00001539,5433
1338,0x0000153a,5434
1339,0x0000153b,5435
1340,0x0000153c,5436
1341,0x0000153d,5437
1342,0x0000153e,5438
1343,0x0000153f,5439
1344,0x00001540,5440
1345,0x00001541,5441
1346,0x00001542,5442
1347,0x00001543,5443
1348,0x00001544,5444
1349,0x00001545,5445
1350,0x00001546,5446
1351,0x00001547,5447
1352,0x00001548,5448
1353,0x00001549,5449
1354,0x0000154a,5450
1355,0x0000154b,5451
1356,0x0000154c,5452
1357,0x0000154d,5453
1358,0x0000154e,5454
1359,0x0000154f,5455
1360,0x00001550,5456
1361,0x00001551,5457
1362,0x00001552,5458
1363,0x00001553,5459
1364,0x00001554,5460
1365,0x00001555,5461
1366,0x00001556,5462
1367,0x00001557,5463
1368,0x00001558,5464
1369,0x00001559,5465
1370,0x0000155a,5466
1371,0x0000155b,5467
1372,0x0000155c,5468
1373,0x0000155d,5469
1374,0x0000155e,5470
1375,0x0000155f,5471
1376,0x00001560,5472
1377,0x00001561,5473
1378,0x00001562,5474
1379,0x00001563,5475
1380,0x00001564,5476
1381,0x00001565,5477
1382,0x00001566,5478
1383,0x00001567,5479
1384,0x00001568,5480
1385,0x00001569,5481
1386,0x0000156a,5482
1387,0x0000156b,5483
1388,0x0000156c,5484
1389,0x0000156d,5485
1390,0x0000156e,5486
1391,0x0000156f,5487
1392,0x00001570,5488
1393,0x00001571,5489
1394,0x00001572,5490
1395,0x00001573,5491
1396,0x00001574,5492
1397,0x00001575,5493
1398,0x00001576,5494
1399,0x00001577,5495
1400,0x00001578,5496
1401,0x00001579,5497
1402,0x0000157a,5498
1403,0x0000157b,5499
1404,0x0000157c,5500
1405,0x0000157d,5501
1406,0x0000157e,5502
1407,0x0000157f,5503
1408,0x00001580,5504
1409,0x00001581,5505
1410,0x00001582,5506
1411,0x00001583,5507
1412,0x00001584,5508
1413,0x00001585,5509
1414,0x00001586,5510
1415,0x00001587,5511
1416,0x00001588,5512
1417,0x00001589,5513
1418,0x0000158a,5514
1419,0x0000158b,5515
1420,0x0000158c,5516
1421,0x0000158d,5517
1422,0x0000158e,5518
1423,0x0000158f,5519
1424,0x00001590,5520
1425,0x00001591,5521
1426,0x00001592,5522
1427,0x00001593,5523
1428,0x00001594,5524
1429,0x00001595,5525
1430,0x00001596,5526
1431,0x00001597,5527
1432,0x00001598,5528
1433,0x00001599,5529
1434,0x0000159a,5530
1435,0x0000159b,5531
1436,0x0000159c,5532
1437,0x0000159d,5533
1438,0x0000159e,5534
1439,0x0000159f,5535
1440,0x000015a0,5536
1441,0x000015a1,5537
1442,0x000015a2,5538
1443,0x000015a3,5539
1444,0x000015a4,5540
1445,0x000015a5,5541
1446,0x000015a6,5542
1447,0x000015a7,5543
1448,0x000015a8,5544
1449,0x000015a9,5545
1450,0x000015aa,5546
1451,0x000015ab,5547
1452,0x000015ac,5548
1453,0x000015ad,5549
1454,0x000015ae,5550
1455,0x000015af,5551
1456,0x000015b0,5552
1457,0x000015b1,5553
1458,0x000015b2,5554
1459,0x000015b3,5555
1460,0x000015b4,5556
1461,0x000015b5,5557
1462,0x000015b6,5558
1463,0x000015b7,5559
1464,0x000015b8,5560
1465,0x000015b9,5561
1466,0x000015ba,5562
1467,0x000015bb,5563
1468,0x000015bc,5564
1469,0x000015bd,5565
1470,0x000015be,5566
1471,0x000015bf,5567
1472,0x000015c0,5568
1473,0x000015c1,5569
1474,0x000015c2,5570
1475,0x000015c3,5571
1476,0x000015c4,5572
1477,0x000015c5,5573
1478,0x000015c6,5574
1479,0x000015c7,5575
1480,0x000015c8,5576
1481,0x000015c9,5577
1482,0x000015ca,5578
1483,0x000015cb,5579
1484,0x000015cc,5580
1485,0x000015cd,5581
1486,0x000015ce,5582
1487,0x000015cf,5583
1488,0x000015d0,5584
1489,0x000015d1,5585
1490,0x000015d2,5586
1491,0x000015d3,5587
1492,0x000015d4,5588
1493,0x000015d5,5589
1494,0x000015d6,5590
1495,0x000015d7,5591
1496,0x000015d8,5592
1497,0x000015d9,5593
1498,0x000015da,5594
1499,0x000015db,5595
1500,0x000015dc,5596
1501,0x000015dd,5597
1502,0x000015de,5598
1503,0x000015df,5599
1504,0x000015e0,5600
1505,0x000015e1,5601
1506,0x000015e2,5602
1507,0x000015e3,5603
1508,0x000015e4,5604
1509,0x000015e5,5605
1510,0x000015e6,5606
1511,0x000015e7,5607
1512,0x000015e8,5608
1513,0x000015e9,5609
1514,0x000015ea,5610
1515,0x000015eb,5611
1516,0x000015ec,5612
1517,0x000015ed,5613
1518,0x000015ee,5614
1519,0x000015ef,5615
1520,0x000015f0,5616
1521,0x000015f1,5617
1522,0x000015f2,5618
1523,0x000015f3,5619
1524,0x000015f4,5620
1525,0x000015f5,5621
1526,0x000015f6,5622
1527,0x000015f7,5623
1528,0x000015f8,5624
1529,0x000015f9,5625
1530,0x000015fa,5626
1531,0x000015fb,5627
1532,0x000015fc,5628
1533,0x000015fd,5629
1534,0x000015fe,5630
1535,0x000015ff,5631
1536,0x00001600,5632
1537,0x00001601,5633
1538,0x00001602,5634
1539,0x00001603,5635
1540,0x00001604,5636
1541,0x00001605,5637
1542,0x00001606,5638
1543,0x00001607,5639
1544,0x00001608,5640
1545,0x00001609,5641
1546,0x0000160a,5642
1547,0x0000160b,5643
1548,0x0000160c,5644
1549,0x0000160d,5645
1550,0x0000160e,5646
1551,0x0000160f,5647
1552,0x00001610,5648
1553,0x00001611,5649
1554,0x00001612,5650
1555,0x00001613,5651
1556,0x00001614,5652
1557,0x00001615,5653
1558,0x00001616,5654
1559,0x00001617,5655
1560,0x00001618,5656
1561,0x00001619,5657
1562,0x0000161a,5658
1563,0x0000161b,5659
1564,0x0000161c,5660
1565,0x0000161d,5661
1566,0x0000161e,5662
1567,0x0000161f,5663
1568,0x00001620,5664
1569,0x00001621,5665
1570,0x00001622,5666
1571,0x00001623,5667
1572,0x00001624,5668
1573,0x00001625,5669
1574,0x00001626,5670
1575,0x00001627,5671
1576,0x00001628,5672
1577,0x00001629,5673
1578,0x0000162a,5674
1579,0x0000162b,5675
1580,0x0000162c,5676
1581,0x0000162d,5677
1582,0x0000162e,5678
1583,0x0000162f,5679
1584,0x00001630,5680
1585,0x00001631,5681
1586,0x00001632,5682
1587,0x00001633,5683
1588,0x00001634,5684
1589,0x00001635,5685
1590,0x00001636,5686
1591,0x00001637,5687
1592,0x00001638,5688
1593,0x00001639,5689
1594,0x0000163a,5690
1595,0x0000163b,5691
1596,0x0000163c,5692
1597,0x0000163d,5693
1598,0x0000163e,5694
1599,0x0000163f,5695
1600,0x00001640,5696
1601,0x00001641,5697
1602,0x00001642,5698
1603,0x00001643,5699
1604,0x00001644,5700
1605,0x00001645,5701
1606,0x00001646,5702
1607,0x00001647,5703
1608,0x00001648,5704
1609,0x00001649,5705
1610,0x0000164a,5706
1611,0x0000164b,5707
1612,0x0000164c,5708
1613,0x0000164d,5709
1614,0x0000164e,5710
1615,0x0000164f,5711
1616,0x00001650,5712
1617,0x00001651,5713
1618,0x00001652,5714
1619,0x00001653,5715
1620,0x00001654,5716
1621,0x00001655,5717
1622,0x00001656,5718
1623,0x00001657,5719
1624,0x00001658,5720
1625,0x00001659,5721
1626,0x0000165a,5722
1627,0x0000165b,5723
1628,0x0000165c,5724
1629,0x0000165d,5725
1630,0x0000165e,5726
1631,0x0000165f,5727
1632,0x00001660,5728
1633,0x00001661,5729
1634,0x00001662,5730
1635,0x00001663,5731
1636,0x00001664,5732
1637,0x00001665,5733
1638,0x00001666,5734
1639,0x00001667,5735
1640,0x00001668,5736
1641,0x00001669,5737
1642,0x0000166a,5738
1643,0x0000166b,5739
1644,0x0000166c,5740
1645,0x0000166d,5741
1646,0x0000166e,5742
1647,0x0000166f,5743
1648,0x00001670,5744
1649,0x00001671,5745
1650,0x00001672,5746
1651,0x00001673,5747
1652,0x00001674,5748
1653,0x00001675,5749
1654,0x00001676,5750
1655,0x00001677,5751
1656,0x00001678,5752
1657,0x00001679,5753
1658,0x0000167a,5754
1659,0x0000167b,5755
1660,0x0000167c,5756
1661,0x0000167d,5757
1662,0x0000167e,5758
1663,0x0000167f,5759
1664,0x00001680,5760
1665,0x00001681,5761
1666,0x00001682,5762
1667,0x00001683,5763
1668,0x00001684,5764
1669,0x00001685,5765
1670,0x00001686,5766
1671,0x00001687,5767
1672,0x00001688,5768
1673,0x00001689,5769
1674,0x0000168a,5770
1675,0x0000168b,5771
1676,0x0000168c,5772
1677,0x0000168d,5773
1678,0x0000168e,5774
1679,0x0000168f,5775
1680,0x00001690,5776
1681,0x00001691,5777
1682,0x00001692,5778
1683,0x00001693,5779
1684,0x00001694,5780
1685,0x00001695,5781
1686,0x00001696,5782
1687,0x00001697,5783
1688,0x00001698,5784
1689,0x00001699,5785
1690,0x0000169a,5786
1691,0x0000169b,5787
1692,0x0000169c,5788
1693,0x0000169d,5789
1694,0x0000169e,5790
1695,0x0000169f,5791
1696,0x000016a0,5792
1697,0x000016a1,5793
1698,0x000016a2,5794
1699,0x000016a3,5795
1700,0x000016a4,5796
1701,0x000016a5,5797
1702,0x000016a6,5798
1703,0x000016a7,5799
1704,0x000016a8,5800
1705,0x000016a9,5801
1706,0x000016aa,5802
1707,0x000016ab,5803
1708,0x000016ac,5804
1709,0x000016ad,5805
1710,0x000016ae,5806
1711,0x000016af,5807
1712,0x000016b0,5808
1713,0x000016b1,5809
1714,0x000016b2,5810
1715,0x000016b3,5811
1716,0x000016b4,5812
1717,0x000016b5,5813
1718,0x000016b6,5814
1719,0x000016b7,5815
1720,0x000016b8,5816
1721,0x000016b9,5817
1722,0x000016ba,5818
1723,0x000016bb,5819
1724,0x000016bc,5820
1725,0x000016bd,5821
1726,0x000016be,5822
1727,0x000016bf,5823
1728,0x000016c0,5824
1729,0x000016c1,5825
1730,0x000016c2,5826
1731,0x000016c3,5827
1732,0x000016c4,5828
1733,0x000016c5,5829
1734,0x000016c6,5830
1735,0x000016c7,5831
1736,0x000016c8,5832
1737,0x000016c9,5833
1738,0x000016ca,5834
1739,0x000016cb,5835
1740,0x000016cc,5836
1741,0x000016cd,5837
1742,0x000016ce,5838
1743,0x000016cf,5839
1744,0x000016d0,5840
1745,0x000016d1,5841
1746,0x000016d2,5842
1747,0x000016d3,5843
1748,0x000016d4,5844
1749,0x000016d5,5845
1750,0x000016d6,5846
1751,0x000016d7,5847
1752,0x000016d8,5848
1753,0x000016d9,5849
1754,0x000016da,5850
1755,0x000016db,5851
1756,0x000016dc,5852
1757,0x000016dd,5853
1758,0x000016de,5854
1759,0x000016df,5855
1760,0x000016e0,5856
1761,0x000016e1,5857
1762,0x000016e2,5858
1763,0x000016e3,5859
1764,0x000016e4,5860
1765,0x000016e5,5861
1766,0x000016e6,5862
1767,0x000016e7,5863
1768,0x000016e8,5864
1769,0x000016e9,5865
1770,0x000016ea,5866
1771,0x000016eb,5867
1772,0x000016ec,5868
1773,0x000016ed,5869
1774,0x000016ee,5870
1775,0x000016ef,5871
1776,0x000016f0,5872
1777,0x000016f1,5873
1778,0x000016f2,5874
1779,0x000016f3,5875
1780,0x000016f4,5876
1781,0x000016f5,5877
1782,0x000016f6,5878
1783,0x000016f7,5879
1784,0x000016f8,5880
1785,0x000016f9,5881
1786,0x000016fa,5882
1787,0x000016fb,5883
1788,0x000016fc,5884
1789,0x000016fd,5885
1790,0x000016fe,5886
1791,0x000016ff,5887
1792,0x00001700,5888
1793,0x00001701,5889
1794,0x00001702,5890
1795,0x00001703,5891
1796,0x00001704,5892
1797,0x00001705,5893
1798,0x00001706,5894
1799,0x00001707,5895
1800,0x00001708,5896
1801,0x00001709,5897
1802,0x0000170a,5898
1803,0x0000170b,5899
1804,0x0000170c,5900
1805,0x0000170d,5901
1806,0x0000170e,5902
1807,0x0000170f,5903
1808,0x00001710,5904
1809,0x00001711,5905
1810,0x00001712,5906
1811,0x00001713,5907
1812,0x00001714,5908
1813,0x00001715,5909
1814,0x00001716,5910
1815,0x00001717,5911
1816,0x00001718,5912
1817,0x00001719,5913
1818,0x0000171a,5914
1819,0x0000171b,5915
1820,0x0000171c,5916
1821,0x0000171d,5917
1822,0x0000171e,5918
1823,0x0000171f,5919
1824,0x00001720,5920
1825,0x00001721,5921
1826,0x00001722,5922
1827,0x00001723,5923
1828,0x00001724,5924
1829,0x00001725,5925
1830,0x00001726,5926
1831,0x00001727,5927
1832,0x00001728,5928
1833,0x00001729,5929
1834,0x0000172a,5930
1835,0x0000172b,5931
1836,0x0000172c,5932
1837,0x0000172d,5933
1838,0x0000172e,5934
1839,0x0000172f,5935
1840,0x00001730,5936
1841,0x00001731,5937
1842,0x00001732,5938
1843,0x00001733,5939
1844,0x00001734,5940
1845,0x00001735,5941
1846,0x00001736,5942
1847,0x00001737,5943
1848,0x00001738,5944
1849,0x00001739,5945
1850,0x0000173a,5946
1851,0x0000173b,5947
1852,0x0000173c,5948
1853,0x0000173d,5949
1854,0x0000173e,5950
1855,0x0000173f,5951
1856,0x00001740,5952
1857,0x00001741,5953
1858,0x00001742,5954
1859,0x00001743,5955
1860,0x00001744,5956
1861,0x00001745,5957
1862,0x00001746,5958
1863,0x00001747,5959
1864,0x00001748,5960
1865,0x00001749,5961
1866,0x0000174a,5962
1867,0x0000174b,5963
1868,0x0000174c,5964
1869,0x0000174d,5965
1870,0x0000174e,5966
1871,0x0000174f,5967
1872,0x00001750,5968
1873,0x00001751,5969
1874,0x00001752,5970
1875,0x00001753,5971
1876,0x00001754,5972
1877,0x00001755,5973
1878,0x00001756,5974
1879,0x00001757,5975
1880,0x00001758,5976
1881,0x00001759,5977
1882,0x0000175a,5978
1883,0x0000175b,5979
1884,0x0000175c,5980
1885,0x0000175d,5981
1886,0x0000175e,5982
1887,0x0000175f,5983
1888,0x00001760,5984
1889,0x00001761,5985
1890,0x00001762,5986
1891,0x00001763,5987
1892,0x00001764,5988
1893,0x00001765,5989
1894,0x00001766,5990
1895,0x00001767,5991
1896,0x00001768,5992
1897,0x00001769,5993
1898,0x0000176a,5994
1899,0x0000176b,5995
1900,0x0000176c,5996
1901,0x0000176d,5997
1902,0x0000176e,5998
1903,0x0000176f,5999
1904,0x00001770,6000
1905,0x00001771,6001
1906,0x00001772,6002
1907,0x00001773,6003
1908,0x00001774,6004
1909,0x00001775,6005
1910,0x00001776,6006
1911,0x00001777,6007
1912,0x00001778,6008
1913,0x00001779,6009
1914,0x0000177a,6010
1915,0x0000177b,6011
1916,0x0000177c,6012
1917,0x0000177d,6013
1918,0x0000177e,6014
1919,0x0000177f,6015
1920,0x00001780,6016
1921,0x00001781,6017
1922,0x00001782,6018
1923,0x00001783,6019
1924,0x00001784,6020
1925,0x00001785,6021
1926,0x00001786,6022
1927,0x00001787,6023
1928,0x00001788,6024
1929,0x00001789,6025
1930,0x0000178a,6026
1931,0x0000178b,6027
1932,0x0000178c,6028
1933,0x0000178d,6029
1934,0x0000178e,6030
1935,0x0000178f,6031
1936,0x00001790,6032
1937,0x00001791,6033
1938,0x00001792,6034
1939,0x00001793,6035
1940,0x00001794,6036
1941,0x00001795,6037
1942,0x00001796,6038
1943,0x00001797,6039
1944,0x00001798,6040
1945,0x00001799,6041
1946,0x0000179a,6042
1947,0x0000179b,6043
1948,0x0000179c,6044
1949,0x0000179d,6045
1950,0x0000179e,6046
1951,0x0000179f,6047
1952,0x000017a0,6048
1953,0x000017a1,6049
1954,0x000017a2,6050
1955,0x000017a3,6051
1956,0x000017a4,6052
1957,0x000017a5,6053
1958,0x000017a6,6054
1959,0x000017a7,6055
1960,0x000017a8,6056
1961,0x000017a9,6057
1962,0x000017aa,6058
1963,0x000017ab,6059
1964,0x000017ac,6060
1965,0x000017ad,6061
1966,0x000017ae,6062
1967,0x000017af,6063
1968,0x000017b0,6064
1969,0x000017b1,6065
1970,0x000017b2,6066
1971,0x000017b3,6067
1972,0x000017b4,6068
1973,0x000017b5,6069
1974,0x000017b6,6070
1975,0x000017b7,6071
1976,0x000017b8,6072
1977,0x000017b9,6073
1978,0x000017ba,6074
1979,0x000017bb,6075
1980,0x000017bc,6076
1981,0x000017bd,6077
1982,0x000017be,6078
1983,0x000017bf,6079
1984,0x000017c0,6080
1985,0x000017c1,6081
1986,0x000017c2,6082
1987,0x000017c3,6083
1988,0x000017c4,6084
1989,0x000017c5,6085
1990,0x000017c6,6086
1991,0x000017c7,6087
1992,0x000017c8,6088
1993,0x000017c9,6089
1994,0x000017ca,6090
1995,0x000017cb,6091
1996,0x000017cc,6092
1997,0x000017cd,6093
1998,0x000017ce,6094
1999,0x000017cf,6095
2000,0x000017d0,6096
2001,0x000017d1,6097
2002,0x000017d2,6098
2003,0x000017d3,6099
2004,0x000017d4,6100
2005,0x000017d5,6101
2006,0x000017d6,6102
2007,0x000017d7,6103
2008,0x000017d8,6104
2009,0x000017d9,6105
2010,0x000017da,6106
2011,0x000017db,6107
2012,0x000017dc,6108
2013,0x000017dd,6109
2014,0x000017de,6110
2015,0x000017df,6111
2016,0x000017e0,6112
2017,0x000017e1,6113
2018,0x000017e2,6114
2019,0x000017e3,6115
2020,0x000017e4,6116
2021,0x000017e5,6117
2022,0x000017e6,6118
2023,0x000017e7,6119
2024,0x000017e8,6120
2025,0x000017e9,6121
2026,0x000017ea,6122
2027,0x000017eb,6123
2028,0x000017ec,6124
2029,0x000017ed,6125
2030,0x000017ee,6126
2031,0x000017ef,6127
2032,0x000017f0,6128
2033,0x000017f1,6129
2034,0x000017f2,6130
2035,0x000017f3,6131
2036,0x000017f4,6132
2037,0x000017f5,6133
2038,0x000017f6,6134
2039,0x000017f7,6135
2040,0x000017f8,6136
2041,0x000017f9,6137
2042,0x000017fa,6138
2043,0x000017fb,6139
2044,0x000017fc,6140
2045,0x000017fd,6141
2046,0x000017fe,6142
2047,0x000017ff,6143
2048,0x00001800,6144
2049,0x00001801,6145
2050,0x00001802,6146
2051,0x00001803,6147
2052,0x00001804,6148
2053,0x00001805,6149
2054,0x00001806,6150
2055,0x00001807,6151
2056,0x00001808,6152
2057,0x00001809,6153
2058,0x0000180a,6154
2059,0x0000180b,6155
2060,0x0000180c,6156
2061,0x0000180d,6157
2062,0x0000180e,6158
2063,0x0000180f,6159
2064,0x00001810,6160
2065,0x00001811,6161
2066,0x00001812,6162
2067,0x00001813,6163
2068,0x00001814,6164
2069,0x00001815,6165
2070,0x00001816,6166
2071,0x00001817,6167
2072,0x00001818,6168
2073,0x00001819,6169
2074,0x0000181a,6170
2075,0x0000181b,6171
2076,0x0000181c,6172
2077,0x0000181d,6173
2078,0x0000181e,6174
2079,0x0000181f,6175
2080,0x00001820,6176
2081,0x00001821,6177
2082,0x00001822,6178
2083,0x00001823,6179
2084,0x00001824,6180
2085,0x00001825,6181
2086,0x00001826,6182
2087,0x00001827,6183
2088,0x00001828,6184
2089,0x00001829,6185
2090,0x0000182a,6186
2091,0x0000182b,6187
2092,0x0000182c,6188
2093,0x0000182d,6189
2094,0x0000182e,6190
2095,0x0000182f,6191
2096,0x00001830,6192
2097,0x00001831,6193
2098,0x00001832,6194
2099,0x00001833,6195
2100,0x00001834,6196
2101,0x00001835,6197
2102,0x00001836,6198
2103,0x00001837,6199
2104,0x00001838,6200
2105,0x00001839,6201
2106,0x0000183a,6202
2107,0x0000183b,6203
2108,0x0000183c,6204
2109,0x0000183d,6205
2110,0x0000183e,6206
2111,0x0000183f,6207
2112,0x00001840,6208
2113,0x00001841,6209
2114,0x00001842,6210
2115,0x00001843,6211
2116,0x00001844,6212
2117,0x00001845,6213
2118,0x00001846,6214
2119,0x00001847,6215
2120,0x00001848,6216
2121,0x00001849,6217
2122,0x0000184a,6218
2123,0x0000184b,6219
2124,0x0000184c,6220
2125,0x0000184d,6221
2126,0x0000184e,6222
2127,0x0000184f,6223
2128,0x00001850,6224
2129,0x00001851,6225
2130,0x00001852,6226
2131,0x00001853,6227
2132,0x00001854,6228
2133,0x00001855,6229
2134,0x00001856,6230
2135,0x00001857,6231
2136,0x00001858,6232
2137,0x00001859,6233
2138,0x0000185a,6234
2139,0x0000185b,6235
2140,0x0000185c,6236
2141,0x0000185d,6237
2142,0x0000185e,6238
2143,0x0000185f,6239
2144,0x00001860,6240
2145,0x00001861,6241
2146,0x00001862,6242
2147,0x00001863,6243
2148,0x00001864,6244
2149,0x00001865,6245
2150,0x00001866,6246
2151,0x00001867,6247
2152,0x00001868,6248
2153,0x00001869,6249
2154,0x0000186a,6250
2155,0x0000186b,6251
2156,0x0000186c,6252
2157,0x0000186d,6253
2158,0x0000186e,6254
2159,0x0000186f,6255
2160,0x00001870,6256
2161,0x00001871,6257
2162,0x00001872,6258
2163,0x00001873,6259
2164,0x00001874,6260
2165,0x00001875,6261
2166,0x00001876,6262
2167,0x00001877,6263
2168,0x00001878,6264
2169,0x00001879,6265
2170,0x0000187a,6266
2171,0x0000187b,6267
2172,0x0000187c,6268
2173,0x0000187d,6269
2174,0x0000187e,6270
2175,0x0000187f,6271
2176,0x00001880,6272
2177,0x00001881,6273
2178,0x00001882,6274
2179,0x00001883,6275
2180,0x00001884,6276
2181,0x00001885,6277
2182,0x00001886,6278
2183,0x00001887,6279
2184,0x00001888,6280
2185,0x00001889,6281
2186,0x0000188a,6282
2187,0x0000188b,6283
2188,0x0000188c,6284
2189,0x0000188d,6285
2190,0x0000188e,6286
2191,0x0000188f,6287
2192,0x00001890,6288
2193,0x00001891,6289
2194,0x00001892,6290
2195,0x00001893,6291
2196,0x00001894,6292
2197,0x00001895,6293
2198,0x00001896,6294
2199,0x00001897,6295
2200,0x00001898,6296
2201,0x00001899,6297
2202,0x0000189a,6298
2203,0x0000189b,6299
2204,0x0000189c,6300
2205,0x0000189d,6301
2206,0x0000189e,6302
2207,0x0000189f,6303
2208,0x000018a0,6304
2209,0x000018a1,6305
2210,0x000018a2,6306
2211,0x000018a3,6307
2212,0x000018a4,6308
2213,0x000018a5,6309
2214,0x000018a6,6310
2215,0x000018a7,6311
2216,0x000018a8,6312
2217,0x000018a9,6313
2218,0x000018aa,6314
2219,0x000018ab,6315
2220,0x000018ac,6316
2221,0x000018ad,6317
2222,0x000018ae,6318
2223,0x000018af,6319
2224,0x000018b0,6320
2225,0x000018b1,6321
2226,0x000018b2,6322
2227,0x000018b3,6323
2228,0x000018b4,6324
2229,0x000018b5,6325
2230,0x000018b6,6326
2231,0x000018b7,6327
2232,0x000018b8,6328
2233,0x000018b9,6329
2234,0x000018ba,6330
2235,0x000018bb,6331
2236,0x000018bc,6332
2237,0x000018bd,6333
2238,0x000018be,6334
2239,0x000018bf,6335
2240,0x000018c0,6336
2241,0x000018c1,6337
2242,0x000018c2,6338
2243,0x000018c3,6339
2244,0x000018c4,6340
2245,0x000018c5,6341
2246,0x000018c6,6342
2247,0x000018c7,6343
2248,0x000018c8,6344
2249,0x000018c9,6345
2250,0x000018ca,6346
2251,0x000018cb,6347
2252,0x000018cc,6348
2253,0x000018cd,6349
2254,0x000018ce,6350
2255,0x000018cf,6351
2256,0x000018d0,6352
2257,0x000018d1,6353
2258,0x000018d2,6354
2259,0x000018d3,6355
2260,0x000018d4,6356
2261,0x000018d5,6357
2262,0x000018d6,6358
2263,0x000018d7,6359
2264,0x000018d8,6360
2265,0x000018d9,6361
2266,0x000018da,6362
2267,0x000018db,6363
2268,0x000018dc,6364
2269,0x000018dd,6365
2270,0x000018de,6366
2271,0x000018df,6367
2272,0x000018e0,6368
2273,0x000018e1,6369
2274,0x000018e2,6370
2275,0x000018e3,6371
2276,0x000018e4,6372
2277,0x000018e5,6373
2278,0x000018e6,6374
2279,0x000018e7,6375
2280,0x000018e8,6376
2281,0x000018e9,6377
2282,0x000018ea,6378
2283,0x000018eb,6379
2284,0x000018ec,6380
2285,0x000018ed,6381
2286,0x000018ee,6382
2287,0x000018ef,6383
2288,0x000018f0,6384
2289,0x000018f1,6385
2290,0x000018f2,6386
2291,0x000018f3,6387
2292,0x000018f4,6388
2293,0x000018f5,6389
2294,0x000018f6,6390
2295,0x000018f7,6391
2296,0x000018f8,6392
2297,0x000018f9,6393
2298,0x000018fa,6394
2299,0x000018fb,6395
2300,0x000018fc,6396
2301,0x000018fd,6397
2302,0x000018fe,6398
2303,0x000018ff,6399
2304,0x00001900,6400
2305,0x00001901,6401
2306,0x00001902,6402
2307,0x00001903,6403
2308,0x00001904,6404
2309,0x00001905,6405
2310,0x00001906,6406
2311,0x00001907,6407
2312,0x00001908,6408
2313,0x00001909,6409
2314,0x0000190a,6410
2315,0x0000190b,6411
2316,0x0000190c,6412
2317,0x0000190d,6413
2318,0x0000190e,6414
2319,0x0000190f,6415
2320,0x00001910,6416
2321,0x00001911,6417
2322,0x00001912,6418
2323,0x00001913,6419
2324,0x00001914,6420
2325,0x00001915,6421
2326,0x00001916,6422
2327,0x00001917,6423
2328,0x00001918,6424
2329,0x00001919,6425
2330,0x0000191a,6426
2331,0x0000191b,6427
2332,0x0000191c,6428
2333,0x0000191d,6429
2334,0x0000191e,6430
2335,0x0000191f,6431
2336,0x00001920,6432
2337,0x00001921,6433
2338,0x00001922,6434
2339,0x00001923,6435
2340,0x00001924,6436
2341,0x00001925,6437
2342,0x00001926,6438
2343,0x00001927,6439
2344,0x00001928,6440
2345,0x00001929,6441
2346,0x0000192a,6442
2347,0x0000192b,6443
2348,0x0000192c,6444
2349,0x0000192d,6445
2350,0x0000192e,6446
2351,0x0000192f,6447
2352,0x00001930,6448
2353,0x00001931,6449
2354,0x00001932,6450
2355,0x00001933,6451
2356,0x00001934,6452
2357,0x00001935,6453
2358,0x00001936,6454
2359,0x00001937,6455
2360,0x00001938,6456
2361,0x00001939,6457
2362,0x0000193a,6458
2363,0x0000193b,6459
2364,0x0000193c,6460
2365,0x0000193d,6461
2366,0x0000193e,6462
2367,0x0000193f,6463
2368,0x00001940,6464
2369,0x00001941,6465
2370,0x00001942,6466
2371,0x00001943,6467
2372,0x00001944,6468
2373,0x00001945,6469
2374,0x00001946,6470
2375,0x00001947,6471
2376,0x00001948,6472
2377,0x00001949,6473
2378,0x0000194a,6474
2379,0x0000194b,6475
2380,0x0000194c,6476
2381,0x0000194d,6477
2382,0x0000194e,6478
2383,0x0000194f,6479
2384,0x00001950,6480
2385,0x00001951,6481
2386,0x00001952,6482
2387,0x00001953,6483
2388,0x00001954,6484
2389,0x00001955,6485
2390,0x00001956,6486
2391,0x00001957,6487
2392,0x00001958,6488
2393,0x00001959,6489
2394,0x0000195a,6490
2395,0x0000195b,6491
2396,0x0000195c,6492
2397,0x0000195d,6493
2398,0x0000195e,6494
2399,0x0000195f,6495
2400,0x00001960,6496
2401,0x00001961,6497
2402,0x00001962,6498
2403,0x00001963,6499
2404,0x00001964,6500
2405,0x00001965,6501
2406,0x00001966,6502
2407,0x00001967,6503
2408,0x00001968,6504
2409,0x00001969,6505
2410,0x0000196a,6506
2411,0x0000196b,6507
2412,0x0000196c,6508
2413,0x0000196d,6509
2414,0x0000196e,6510
2415,0x0000196f,6511
2416,0x00001970,6512
2417,0x00001971,6513
2418,0x00001972,6514
2419,0x00001973,6515
2420,0x00001974,6516
2421,0x00001975,6517
2422,0x00001976,6518
2423,0x00001977,6519
2424,0x00001978,6520
2425,0x00001979,6521
2426,0x0000197a,6522
2427,0x0000197b,6523
2428,0x0000197c,6524
2429,0x0000197d,6525
2430,0x0000197e,6526
2431,0x0000197f,6527
2432,0x00001980,6528
2433,0x00001981,6529
2434,0x00001982,6530
2435,0x00001983,6531
2436,0x00001984,6532
2437,0x00001985,6533
2438,0x00001986,6534
2439,0x00001987,6535
2440,0x00001988,6536
2441,0x00001989,6537
2442,0x0000198a,6538
2443,0x0000198b,6539
2444,0x0000198c,6540
2445,0x0000198d,6541
2446,0x0000198e,6542
2447,0x0000198f,6543
2448,0x00001990,6544
2449,0x00001991,6545
2450,0x00001992,6546
2451,0x00001993,6547
2452,0x00001994,6548
2453,0x00001995,6549
2454,0x00001996,6550
2455,0x00001997,6551
2456,0x00001998,6552
2457,0x00001999,6553
2458,0x0000199a,6554
2459,0x0000199b,6555
2460,0x0000199c,6556
2461,0x0000199d,6557
2462,0x0000199e,6558
2463,0x0000199f,6559
2464,0x000019a0,6560
2465,0x000019a1,6561
2466,0x000019a2,6562
2467,0x000019a3,6563
2468,0x000019a4,6564
2469,0x000019a5,6565
2470,0x000019a6,6566
2471,0x000019a7,6567
2472,0x000019a8,6568
2473,0x000019a9,6569
2474,0x000019aa,6570
2475,0x000019ab,6571
2476,0x000019ac,6572
2477,0x000019ad,6573
2478,0x000019ae,6574
2479,0x000019af,6575
2480,0x000019b0,6576
2481,0x000019b1,6577
2482,0x000019b2,6578
2483,0x000019b3,6579
2484,0x000019b4,6580
2485,0x000019b5,6581
2486,0x000019b6,6582
2487,0x000019b7,6583
2488,0x000019b8,6584
2489,0x000019b9,6585
2490,0x000019ba,6586
2491,0x000019bb,6587
2492,0x000019bc,6588
2493,0x000019bd,6589
2494,0x000019be,6590
2495,0x000019bf,6591
2496,0x000019c0,6592
2497,0x000019c1,6593
2498,0x000019c2,6594
2499,0x000019c3,6595
2500,0x000019c4,6596
2501,0x000019c5,6597
2502,0x000019c6,6598
2503,0x000019c7,6599
2504,0x000019c8,6600
2505,0x000019c9,6601
2506,0x000019ca,6602
2507,0x000019cb,6603
2508,0x000019cc,6604
2509,0x000019cd,6605
2510,0x000019ce,6606
2511,0x000019cf,6607
2512,0x000019d0,6608
2513,0x000019d1,6609
2514,0x000019d2,6610
2515,0x000019d3,6611
2516,0x000019d4,6612
2517,0x000019d5,6613
2518,0x000019d6,6614
2519,0x000019d7,6615
2520,0x000019d8,6616
2521,0x000019d9,6617
2522,0x000019da,6618
2523,0x000019db,6619
2524,0x000019dc,6620
2525,0x000019dd,6621
2526,0x000019de,6622
2527,0x000019df,6623
2528,0x000019e0,6624
2529,0x000019e1,6625
2530,0x000019e2,6626
2531,0x000019e3,6627
2532,0x000019e4,6628
2533,0x000019e5,6629
2534,0x000019e6,6630
2535,0x000019e7,6631
2536,0x000019e8,6632
2537,0x000019e9,6633
2538,0x000019ea,6634
2539,0x000019eb,6635
2540,0x000019ec,6636
2541,0x000019ed,6637
2542,0x000019ee,6638
2543,0x000019ef,6639
2544,0x000019f0,6640
2545,0x000019f1,6641
2546,0x000019f2,6642
2547,0x000019f3,6643
2548,0x000019f4,6644
2549,0x000019f5,6645
2550,0x000019f6,6646
2551,0x000019f7,6647
2552,0x000019f8,6648
2553,0x000019f9,6649
2554,0x000019fa,6650
2555,0x000019fb,6651
2556,0x000019fc,6652
2557,0x000019fd,6653
2558,0x000019fe,6654
2559,0x000019ff,6655
2560,0x00001a00,6656
2561,0x00001a01,6657
2562,0x00001a02,6658
2563,0x00001a03,6659
2564,0x00001a04,6660
2565,0x00001a05,6661
2566,0x00001a06,6662
2567,0x00001a07,6663
2568,0x00001a08,6664
2569,0x00001a09,6665
2570,0x00001a0a,6666
2571,0x00001a0b,6667
2572,0x00001a0c,6668
2573,0x00001a0d,6669
2574,0x00001a0e,6670
2575,0x00001a0f,6671
2576,0x00001a10,6672
2577,0x00001a11,6673
2578,0x00001a12,6674
2579,0x00001a13,6675
2580,0x00001a14,6676
2581,0x00001a15,6677
2582,0x00001a16,6678
2583,0x00001a17,6679
2584,0x00001a18,6680
2585,0x00001a19,6681
2586,0x00001a1a,6682
2587,0x00001a1b,6683
2588,0x00001a1c,6684
2589,0x00001a1d,6685
2590,0x00001a1e,6686
2591,0x00001a1f,6687
2592,0x00001a20,6688
2593,0x00001a21,6689
2594,0x00001a22,6690
2595,0x00001a23,6691
2596,0x00001a24,6692
2597,0x00001a25,6693
2598,0x00001a26,6694
2599,0x00001a27,6695
2600,0x00001a28,6696
2601,0x00001a29,6697
2602,0x00001a2a,6698
2603,0x00001a2b,6699
2604,0x00001a2c,6700
2605,0x00001a2d,6701
2606,0x00001a2e,6702
2607,0x00001a2f,6703
2608,0x00001a30,6704
2609,0x00001a31,6705
2610,0x00001a32,6706
2611,0x00001a33,6707
2612,0x00001a34,6708
2613,0x00001a35,6709
2614,0x00001a36,6710
2615,0x00001a37,6711
2616,0x00001a38,6712
2617,0x00001a39,6713
2618,0x00001a3a,6714
2619,0x00001a3b,6715
2620,0x00001a3c,6716
2621,0x00001a3d,6717
2622,0x00001a3e,6718
2623,0x00001a3f,6719
2624,0x00001a40,6720
2625,0x00001a41,6721
2626,0x00001a42,6722
2627,0x00001a43,6723
2628,0x00001a44,6724
2629,0x00001a45,6725
2630,0x00001a46,6726
2631,0x00001a47,6727
2632,0x00001a48,6728
2633,0x00001a49,6729
2634,0x00001a4a,6730
2635,0x00001a4b,6731
2636,0x00001a4c,6732
2637,0x00001a4d,6733
2638,0x00001a4e,6734
2639,0x00001a4f,6735
2640,0x00001a50,6736
2641,0x00001a51,6737
2642,0x00001a52,6738
2643,0x00001a53,6739
2644,0x00001a54,6740
2645,0x00001a55,6741
2646,0x00001a56,6742
2647,0x00001a57,6743
2648,0x00001a58,6744
2649,0x00001a59,6745
2650,0x00001a5a,6746
2651,0x00001a5b,6747
2652,0x00001a5c,6748
2653,0x00001a5d,6749
2654,0x00001a5e,6750
2655,0x00001a5f,6751
2656,0x00001a60,6752
2657,0x00001a61,6753
2658,0x00001a62,6754
2659,0x00001a63,6755
2660,0x00001a64,6756
2661,0x00001a65,6757
2662,0x00001a66,6758
2663,0x00001a67,6759
2664,0x00001a68,6760
2665,0x00001a69,6761
2666,0x00001a6a,6762
2667,0x00001a6b,6763
2668,0x00001a6c,6764
2669,0x00001a6d,6765
2670,0x00001a6e,6766
2671,0x00001a6f,6767
2672,0x00001a70,6768
2673,0x00001a71,6769
2674,0x00001a72,6770
2675,0x00001a73,6771
2676,0x00001a74,6772
2677,0x00001a75,6773
2678,0x00001a76,6774
2679,0x00001a77,6775
2680,0x00001a78,6776
2681,0x00001a79,6777
2682,0x00001a7a,6778
2683,0x00001a7b,6779
2684,0x00001a7c,6780
2685,0x00001a7d,6781
2686,0x00001a7e,6782
2687,0x00001a7f,6783
2688,0x00001a80,6784
2689,0x00001a81,6785
2690,0x00001a82,6786
2691,0x00001a83,6787
2692,0x00001a84,6788
2693,0x00001a85,6789
2694,0x00001a86,6790
2695,0x00001a87,6791
2696,0x00001a88,6792
2697,0x00001a89,6793
2698,0x00001a8a,6794
2699,0x00001a8b,6795
2700,0x00001a8c,6796
2701,0x00001a8d,6797
2702,0x00001a8e,6798
2703,0x00001a8f,6799
2704,0x00001a90,6800
2705,0x00001a91,6801
2706,0x00001a92,6802
2707,0x00001a93,6803
2708,0x00001a94,6804
2709,0x00001a95,6805
2710,0x00001a96,6806
2711,0x00001a97,6807
2712,0x00001a98,6808
2713,0x00001a99,6809
2714,0x00001a9a,6810
2715,0x00001a9b,6811
2716,0x00001a9c,6812
2717,0x00001a9d,6813
2718,0x00001a9e,6814
2719,0x00001a9f,6815
2720,0x00001aa0,6816
2721,0x00001aa1,6817
2722,0x00001aa2,6818
2723,0x00001aa3,6819
2724,0x00001aa4,6820
2725,0x00001aa5,6821
2726,0x00001aa6,6822
2727,0x00001aa7,6823
2728,0x00001aa8,6824
2729,0x00001aa9,6825
2730,0x00001aaa,6826
2731,0x00001aab,6827
2732,0x00001aac,6828
2733,0x00001aad,6829
2734,0x00001aae,6830
2735,0x00001aaf,6831
2736,0x00001ab0,6832
2737,0x00001ab1,6833
2738,0x00001ab2,6834
2739,0x00001ab3,6835
2740,0x00001ab4,6836
2741,0x00001ab5,6837
2742,0x00001ab6,6838
2743,0x00001ab7,6839
2744,0x00001ab8,6840
2745,0x00001ab9,6841
2746,0x00001aba,6842
2747,0x00001abb,6843
2748,0x00001abc,6844
2749,0x00001abd,6845
2750,0x00001abe,6846
2751,0x00001abf,6847
2752,0x00001ac0,6848
2753,0x00001ac1,6849
2754,0x00001ac2,6850
2755,0x00001ac3,6851
2756,0x00001ac4,6852
2757,0x00001ac5,6853
2758,0x00001ac6,6854
2759,0x00001ac7,6855
2760,0x00001ac8,6856
2761,0x00001ac9,6857
2762,0x00001aca,6858
2763,0x00001acb,6859
2764,0x00001acc,6860
2765,0x00001acd,6861
2766,0x00001ace,6862
2767,0x00001acf,6863
2768,0x00001ad0,6864
2769,0x00001ad1,6865
2770,0x00001ad2,6866
2771,0x00001ad3,6867
2772,0x00001ad4,6868
2773,0x00001ad5,6869
2774,0x00001ad6,6870
2775,0x00001ad7,6871
2776,0x00001ad8,6872
2777,0x00001ad9,6873
2778,0x00001ada,6874
2779,0x00001adb,6875
2780,0x00001adc,6876
2781,0x00001add,6877
2782,0x00001ade,6878
2783,0x00001adf,6879
2784,0x00001ae0,6880
2785,0x00001ae1,6881
2786,0x00001ae2,6882
2787,0x00001ae3,6883
2788,0x00001ae4,6884
2789,0x00001ae5,6885
2790,0x00001ae6,6886
2791,0x00001ae7,6887
2792,0x00001ae8,6888
2793,0x00001ae9,6889
2794,0x00001aea,6890
2795,0x00001aeb,6891
2796,0x00001aec,6892
2797,0x00001aed,6893
2798,0x00001aee,6894
2799,0x00001aef,6895
2800,0x00001af0,6896
2801,0x00001af1,6897
2802,0x00001af2,6898
2803,0x00001af3,6899
2804,0x00001af4,6900
2805,0x00001af5,6901
2806,0x00001af6,6902
2807,0x00001af7,6903
2808,0x00001af8,6904
2809,0x00001af9,6905
2810,0x00001afa,6906
2811,0x00001afb,6907
2812,0x00001afc,6908
2813,0x00001afd,6909
2814,0x00001afe,6910
2815,0x00001aff,6911
2816,0x00001b00,6912
2817,0x00001b01,6913
2818,0x00001b02,6914
2819,0x00001b03,6915
2820,0x00001b04,6916
2821,0x00001b05,6917
2822,0x00001b06,6918
2823,0x00001b07,6919
2824,0x00001b08,6920
2825,0x00001b09,6921
2826,0x00001b0a,6922
2827,0x00001b0b,6923
2828,0x00001b0c,6924
2829,0x00001b0d,6925
2830,0x00001b0e,6926
2831,0x00001b0f,6927
2832,0x00001b10,6928
2833,0x00001b11,6929
2834,0x00001b12,6930
2835,0x00001b13,6931
2836,0x00001b14,6932
2837,0x00001b15,6933
2838,0x00001b16,6934
2839,0x00001b17,6935
2840,0x00001b18,6936
2841,0x00001b19,6937
2842,0x00001b1a,6938
2843,0x00001b1b,6939
2844,0x00001b1c,6940
2845,0x00001b1d,6941
2846,0x00001b1e,6942
2847,0x00001b1f,6943
2848,0x00001b20,6944
2849,0x00001b21,6945
2850,0x00001b22,6946
2851,0x00001b23,6947
2852,0x00001b24,6948
2853,0x00001b25,6949
2854,0x00001b26,6950
2855,0x00001b27,6951
2856,0x00001b28,6952
2857,0x00001b29,6953
2858,0x00001b2a,6954
2859,0x00001b2b,6955
2860,0x00001b2c,6956
2861,0x00001b2d,6957
2862,0x00001b2e,6958
2863,0x00001b2f,6959
2864,0x00001b30,6960
2865,0x00001b31,6961
2866,0x00001b32,6962
2867,0x00001b33,6963
2868,0x00001b34,6964
2869,0x00001b35,6965
2870,0x00001b36,6966
2871,0x00001b37,6967
2872,0x00001b38,6968
2873,0x00001b39,6969
2874,0x00001b3a,6970
2875,0x00001b3b,6971
2876,0x00001b3c,6972
2877,0x00001b3d,6973
2878,0x00001b3e,6974
2879,0x00001b3f,6975
2880,0x00001b40,6976
2881,0x00001b41,6977
2882,0x00001b42,6978
2883,0x00001b43,6979
2884,0x00001b44,6980
2885,0x00001b45,6981
2886,0x00001b46,6982
2887,0x00001b47,6983
2888,0x00001b48,6984
2889,0x00001b49,6985
2890,0x00001b4a,6986
2891,0x00001b4b,6987
2892,0x00001b4c,6988
2893,0x00001b4d,6989
2894,0x00001b4e,6990
2895,0x00001b4f,6991
2896,0x00001b50,6992
2897,0x00001b51,6993
2898,0x00001b52,6994
2899,0x00001b53,6995
2900,0x00001b54,6996
2901,0x00001b55,6997
2902,0x00001b56,6998
2903,0x00001b57,6999
2904,0x00001b58,7000
2905,0x00001b59,7001
2906,0x00001b5a,7002
2907,0x00001b5b,7003
2908,0x00001b5c,7004
2909,0x00001b5d,7005
2910,0x00001b5e,7006
2911,0x00001b5f,7007
2912,0x00001b60,7008
2913,0x00001b61,7009
2914,0x00001b62,7010
2915,0x00001b63,7011
2916,0x00001b64,7012
2917,0x00001b65,7013
2918,0x00001b66,7014
2919,0x00001b67,7015
2920,0x00001b68,7016
2921,0x00001b69,7017
2922,0x00001b6a,7018
2923,0x00001b6b,7019
2924,0x00001b6c,7020
2925,0x00001b6d,7021
2926,0x00001b6e,7022
2927,0x00001b6f,7023
2928,0x00001b70,7024
2929,0x00001b71,7025
2930,0x00001b72,7026
2931,0x00001b73,7027
2932,0x00001b74,7028
2933,0x00001b75,7029
2934,0x00001b76,7030
2935,0x00001b77,7031
2936,0x00001b78,7032
2937,0x00001b79,7033
2938,0x00001b7a,7034
2939,0x00001b7b,7035
2940,0x00001b7c,7036
2941,0x00001b7d,7037
2942,0x00001b7e,7038
2943,0x00001b7f,7039
2944,0x00001b80,7040
2945,0x00001b81,7041
2946,0x00001b82,7042
2947,0x00001b83,7043
2948,0x00001b84,7044
2949,0x00001b85,7045
2950,0x00001b86,7046
2951,0x00001b87,7047
2952,0x00001b88,7048
2953,0x00001b89,7049
2954,0x00001b8a,7050
2955,0x00001b8b,7051
2956,0x00001b8c,7052
2957,0x00001b8d,7053
2958,0x00001b8e,7054
2959,0x00001b8f,7055
2960,0x00001b90,7056
2961,0x00001b91,7057
2962,0x00001b92,7058
2963,0x00001b93,7059
2964,0x00001b94,7060
2965,0x00001b95,7061
2966,0x00001b96,7062
2967,0x00001b97,7063
2968,0x00001b98,7064
2969,0x00001b99,7065
2970,0x00001b9a,7066
2971,0x00001b9b,7067
2972,0x00001b9c,7068
2973,0x00001b9d,7069
2974,0x00001b9e,7070
2975,0x00001b9f,7071
2976,0x00001ba0,7072
2977,0x00001ba1,7073
2978,0x00001ba2,7074
2979,0x00001ba3,7075
2980,0x00001ba4,7076
2981,0x00001ba5,7077
2982,0x00001ba6,7078
2983,0x00001ba7,7079
2984,0x00001ba8,7080
2985,0x00001ba9,7081
2986,0x00001baa,7082
2987,0x00001bab,7083
2988,0x00001bac,7084
2989,0x00001bad,7085
2990,0x00001bae,7086
2991,0x00001baf,7087
2992,0x00001bb0,7088
2993,0x00001bb1,7089
2994,0x00001bb2,7090
2995,0x00001bb3,7091
2996,0x00001bb4,7092
2997,0x00001bb5,7093
2998,0x00001bb6,7094
2999,0x00001bb7,7095
3000,0x00001bb8,7096
3001,0x00001bb9,7097
3002,0x00001bba,7098
3003,0x00001bbb,7099
3004,0x00001bbc,7100
3005,0x00001bbd,7101
3006,0x00001bbe,7102
3007,0x00001bbf,7103
3008,0x00001bc0,7104
3009,0x00001bc1,7105
3010,0x00001bc2,7106
3011,0x00001bc3,7107
3012,0x00001bc4,7108
3013,0x00001bc5,7109
3014,0x00001bc6,7110
3015,0x00001bc7,7111
3016,0x00001bc8,7112
3017,0x00001bc9,7113
3018,0x00001bca,7114
3019,0x00001bcb,7115
3020,0x00001bcc,7116
3021,0x00001bcd,7117
3022,0x00001bce,7118
3023,0x00001bcf,7119
3024,0x00001bd0,7120
3025,0x00001bd1,7121
3026,0x00001bd2,7122
3027,0x00001bd3,7123
3028,0x00001bd4,7124
3029,0x00001bd5,7125
3030,0x00001bd6,7126
3031,0x00001bd7,7127
3032,0x00001bd8,7128
3033,0x00001bd9,7129
3034,0x00001bda,7130
3035,0x00001bdb,7131
3036,0x00001bdc,7132
3037,0x00001bdd,7133
3038,0x00001bde,7134
3039,0x00001bdf,7135
3040,0x00001be0,7136
3041,0x00001be1,7137
3042,0x00001be2,7138
3043,0x00001be3,7139
3044,0x00001be4,7140
3045,0x00001be5,7141
3046,0x00001be6,7142
3047,0x00001be7,7143
3048,0x00001be8,7144
3049,0x00001be9,7145
3050,0x00001bea,7146
3051,0x00001beb,7147
3052,0x00001bec,7148
3053,0x00001bed,7149
3054,0x00001bee,7150
3055,0x00001bef,7151
3056,0x00001bf0,7152
3057,0x00001bf1,7153
3058,0x00001bf2,7154
3059,0x00001bf3,7155
3060,0x00001bf4,7156
3061,0x00001bf5,7157
3062,0x00001bf6,7158
3063,0x00001bf7,7159
3064,0x00001bf8,7160
3065,0x00001bf9,7161
3066,0x00001bfa,7162
3067,0x00001bfb,7163
3068,0x00001bfc,7164
3069,0x00001bfd,7165
3070,0x00001bfe,7166
3071,0x00001bff,7167
3072,0x00001c00,7168
3073,0x00001c01,7169
3074,0x00001c02,7170
3075,0x00001c03,7171
3076,0x00001c04,7172
3077,0x00001c05,7173
3078,0x00001c06,7174
3079,0x00001c07,7175
3080,0x00001c08,7176
3081,0x00001c09,7177
3082,0x00001c0a,7178
3083,0x00001c0b,7179
3084,0x00001c0c,7180
3085,0x00001c0d,7181
3086,0x00001c0e,7182
3087,0x00001c0f,7183
3088,0x00001c10,7184
3089,0x00001c11,7185
3090,0x00001c12,7186
3091,0x00001c13,7187
3092,0x00001c14,7188
3093,0x00001c15,7189
3094,0x00001c16,7190
3095,0x00001c17,7191
3096,0x00001c18,7192
3097,0x00001c19,7193
3098,0x00001c1a,7194
3099,0x00001c1b,7195
3100,0x00001c1c,7196
3101,0x00001c1d,7197
3102,0x00001c1e,7198
3103,0x00001c1f,7199
3104,0x00001c20,7200
3105,0x00001c21,7201
3106,0x00001c22,7202
3107,0x00001c23,7203
3108,0x00001c24,7204
3109,0x00001c25,7205
3110,0x00001c26,7206
3111,0x00001c27,7207
3112,0x00001c28,7208
3113,0x00001c29,7209
3114,0x00001c2a,7210
3115,0x00001c2b,7211
3116,0x00001c2c,7212
3117,0x00001c2d,7213
3118,0x00001c2e,7214
3119,0x00001c2f,7215
3120,0x00001c30,7216
3121,0x00001c31,7217
3122,0x00001c32,7218
3123,0x00001c33,7219
3124,0x00001c34,7220
3125,0x00001c35,7221
3126,0x00001c36,7222
3127,0x00001c37,7223
3128,0x00001c38,7224
3129,0x00001c39,7225
3130,0x00001c3a,7226
3131,0x00001c3b,7227
3132,0x00001c3c,7228
3133,0x00001c3d,7229
3134,0x00001c3e,7230
3135,0x00001c3f,7231
3136,0x00001c40,7232
3137,0x00001c41,7233
3138,0x00001c42,7234
3139,0x00001c43,7235
3140,0x00001c44,7236
3141,0x00001c45,7237
3142,0x00001c46,7238
3143,0x00001c47,7239
3144,0x00001c48,7240
3145,0x00001c49,7241
3146,0x00001c4a,7242
3147,0x00001c4b,7243
3148,0x00001c4c,7244
3149,0x00001c4d,7245
3150,0x00001c4e,7246
3151,0x00001c4f,7247
3152,0x00001c50,7248
3153,0x00001c51,7249
3154,0x00001c52,7250
3155,0x00001c53,7251
3156,0x00001c54,7252
3157,0x00001c55,7253
3158,0x00001c56,7254
3159,0x00001c57,7255
3160,0x00001c58,7256
3161,0x00001c59,7257
3162,0x00001c5a,7258
3163,0x00001c5b,7259
3164,0x00001c5c,7260
3165,0x00001c5d,7261
3166,0x00001c5e,7262
3167,0x00001c5f,7263
3168,0x00001c60,7264
3169,0x00001c61,7265
3170,0x00001c62,7266
3171,0x00001c63,7267
3172,0x00001c64,7268
3173,0x00001c65,7269
3174,0x00001c66,7270
3175,0x00001c67,7271
3176,0x00001c68,7272
3177,0x00001c69,7273
3178,0x00001c6a,7274
3179,0x00001c6b,7275
3180,0x00001c6c,7276
3181,0x00001c6d,7277
3182,0x00001c6e,7278
3183,0x00001c6f,7279
3184,0x00001c70,7280
3185,0x00001c71,7281
3186,0x00001c72,7282
3187,0x00001c73,7283
3188,0x00001c74,7284
3189,0x00001c75,7285
3190,0x00001c76,7286
3191,0x00001c77,7287
3192,0x00001c78,7288
3193,0x00001c79,7289
3194,0x00001c7a,7290
3195,0x00001c7b,7291
3196,0x00001c7c,7292
3197,0x00001c7d,7293
3198,0x00001c7e,7294
3199,0x00001c7f,7295
3200,0x00001c80,7296
3201,0x00001c81,7297
3202,0x00001c82,7298
3203,0x00001c83,7299
3204,0x00001c84,7300
3205,0x00001c85,7301
3206,0x00001c86,7302
3207,0x00001c87,7303
3208,0x00001c88,7304
3209,0x00001c89,7305
3210,0x00001c8a,7306
3211,0x00001c8b,7307
3212,0x00001c8c,7308
3213,0x00001c8d,7309
3214,0x00001c8e,7310
3215,0x00001c8f,7311
3216,0x00001c90,7312
3217,0x00001c91,7313
3218,0x00001c92,7314
3219,0x00001c93,7315
3220,0x00001c94,7316
3221,0x00001c95,7317
3222,0x00001c96,7318
3223,0x00001c97,7319
3224,0x00001c98,7320
3225,0x00001c99,7321
3226,0x00001c9a,7322
3227,0x00001c9b,7323
3228,0x00001c9c,7324
3229,0x00001c9d,7325
3230,0x00001c9e,7326
3231,0x00001c9f,7327
3232,0x00001ca0,7328
3233,0x00001ca1,7329
3234,0x00001ca2,7330
3235,0x00001ca3,7331
3236,0x00001ca4,7332
3237,0x00001ca5,7333
3238,0x00001ca6,7334
3239,0x00001ca7,7335
3240,0x00001ca8,7336
3241,0x00001ca9,7337
3242,0x00001caa,7338
3243,0x00001cab,7339
3244,0x00001cac,7340
3245,0x00001cad,7341
3246,0x00001cae,7342
3247,0x00001caf,7343
3248,0x00001cb0,7344
3249,0x00001cb1,7345
3250,0x00001cb2,7346
3251,0x00001cb3,7347
3252,0x00001cb4,7348
3253,0x00001cb5,7349
3254,0x00001cb6,7350
3255,0x00001cb7,7351
3256,0x00001cb8,7352
3257,0x00001cb9,7353
3258,0x00001cba,7354
3259,0x00001cbb,7355
3260,0x00001cbc,7356
3261,0x00001cbd,7357
3262,0x00001cbe,7358
3263,0x00001cbf,7359
3264,0x00001cc0,7360
3265,0x00001cc1,7361
3266,0x00001cc2,7362
3267,0x00001cc3,7363
3268,0x00001cc4,7364
3269,0x00001cc5,7365
3270,0x00001cc6,7366
3271,0x00001cc7,7367
3272,0x00001cc8,7368
3273,0x00001cc9,7369
3274,0x00001cca,7370
3275,0x00001ccb,7371
3276,0x00001ccc,7372
3277,0x00001ccd,7373
3278,0x00001cce,7374
3279,0x00001ccf,7375
3280,0x00001cd0,7376
3281,0x00001cd1,7377
3282,0x00001cd2,7378
3283,0x00001cd3,7379
3284,0x00001cd4,7380
3285,0x00001cd5,7381
3286,0x00001cd6,7382
3287,0x00001cd7,7383
3288,0x00001cd8,7384
3289,0x00001cd9,7385
3290,0x00001cda,7386
3291,0x00001cdb,7387
3292,0x00001cdc,7388
3293,0x00001cdd,7389
3294,0x00001cde,7390
3295,0x00001cdf,7391
3296,0x00001ce0,7392
3297,0x00001ce1,7393
3298,0x00001ce2,7394
3299,0x00001ce3,7395
3300,0x00001ce4,7396
3301,0x00001ce5,7397
3302,0x00001ce6,7398
3303,0x00001ce7,7399
3304,0x00001ce8,7400
3305,0x00001ce9,7401
3306,0x00001cea,7402
3307,0x00001ceb,7403
3308,0x00001cec,7404
3309,0x00001ced,7405
3310,0x00001cee,7406
3311,0x00001cef,7407
3312,0x00001cf0,7408
3313,0x00001cf1,7409
3314,0x00001cf2,7410
3315,0x00001cf3,7411
3316,0x00001cf4,7412
3317,0x00001cf5,7413
3318,0x00001cf6,7414
3319,0x00001cf7,7415
3320,0x00001cf8,7416
3321,0x00001cf9,7417
3322,0x00001cfa,7418
3323,0x00001cfb,7419
3324,0x00001cfc,7420
3325,0x00001cfd,7421
3326,0x00001cfe,7422
3327,0x00001cff,7423
3328,0x00001d00,7424
3329,0x00001d01,7425
3330,0x00001d02,7426
3331,0x00001d03,7427
3332,0x00001d04,7428
3333,0x00001d05,7429
3334,0x00001d06,7430
3335,0x00001d07,7431
3336,0x00001d08,7432
3337,0x00001d09,7433
3338,0x00001d0a,7434
3339,0x00001d0b,7435
3340,0x00001d0c,7436
3341,0x00001d0d,7437
3342,0x00001d0e,7438
3343,0x00001d0f,7439
3344,0x00001d10,7440
3345,0x00001d11,7441
3346,0x00001d12,7442
3347,0x00001d13,7443
3348,0x00001d14,7444
3349,0x00001d15,7445
3350,0x00001d16,7446
3351,0x00001d17,7447
3352,0x00001d18,7448
3353,0x00001d19,7449
3354,0x00001d1a,7450
3355,0x00001d1b,7451
3356,0x00001d1c,7452
3357,0x00001d1d,7453
3358,0x00001d1e,7454
3359,0x00001d1f,7455
3360,0x00001d20,7456
3361,0x00001d21,7457
3362,0x00001d22,7458
3363,0x00001d23,7459
3364,0x00001d24,7460
3365,0x00001d25,7461
3366,0x00001d26,7462
3367,0x00001d27,7463
3368,0x00001d28,7464
3369,0x00001d29,7465
3370,0x00001d2a,7466
3371,0x00001d2b,7467
3372,0x00001d2c,7468
3373,0x00001d2d,7469
3374,0x00001d2e,7470
3375,0x00001d2f,7471
3376,0x00001d30,7472
3377,0x00001d31,7473
3378,0x00001d32,7474
3379,0x00001d33,7475
3380,0x00001d34,7476
3381,0x00001d35,7477
3382,0x00001d36,7478
3383,0x00001d37,7479
3384,0x00001d38,7480
3385,0x00001d39,7481
3386,0x00001d3a,7482
3387,0x00001d3b,7483
3388,0x00001d3c,7484
3389,0x00001d3d,7485
3390,0x00001d3e,7486
3391,0x00001d3f,7487
3392,0x00001d40,7488
3393,0x00001d41,7489
3394,0x00001d42,7490
3395,0x00001d43,7491
3396,0x00001d44,7492
3397,0x00001d45,7493
3398,0x00001d46,7494
3399,0x00001d47,7495
3400,0x00001d48,7496
3401,0x00001d49,7497
3402,0x00001d4a,7498
3403,0x00001d4b,7499
3404,0x00001d4c,7500
3405,0x00001d4d,7501
3406,0x00001d4e,7502
3407,0x00001d4f,7503
3408,0x00001d50,7504
3409,0x00001d51,7505
3410,0x00001d52,7506
3411,0x00001d53,7507
3412,0x00001d54,7508
3413,0x00001d55,7509
3414,0x00001d56,7510
3415,0x00001d57,7511
3416,0x00001d58,7512
3417,0x00001d59,7513
3418,0x00001d5a,7514
3419,0x00001d5b,7515
3420,0x00001d5c,7516
3421,0x00001d5d,7517
3422,0x00001d5e,7518
3423,0x00001d5f,7519
3424,0x00001d60,7520
3425,0x00001d61,7521
3426,0x00001d62,7522
3427,0x00001d63,7523
3428,0x00001d64,7524
3429,0x00001d65,7525
3430,0x00001d66,7526
3431,0x00001d67,7527
3432,0x00001d68,7528
3433,0x00001d69,7529
3434,0x00001d6a,7530
3435,0x00001d6b,7531
3436,0x00001d6c,7532
3437,0x00001d6d,7533
3438,0x00001d6e,7534
3439,0x00001d6f,7535
3440,0x00001d70,7536
3441,0x00001d71,7537
3442,0x00001d72,7538
3443,0x00001d73,7539
3444,0x00001d74,7540
3445,0x00001d75,7541
3446,0x00001d76,7542
3447,0x00001d77,7543
3448,0x00001d78,7544
3449,0x00001d79,7545
3450,0x00001d7a,7546
3451,0x00001d7b,7547
3452,0x00001d7c,7548
3453,0x00001d7d,7549
3454,0x00001d7e,7550
3455,0x00001d7f,7551
3456,0x00001d80,7552
3457,0x00001d81,7553
3458,0x00001d82,7554
3459,0x00001d83,7555
3460,0x00001d84,7556
3461,0x00001d85,7557
3462,0x00001d86,7558
3463,0x00001d87,7559
3464,0x00001d88,7560
3465,0x00001d89,7561
3466,0x00001d8a,7562
3467,0x00001d8b,7563
3468,0x00001d8c,7564
3469,0x00001d8d,7565
3470,0x00001d8e,7566
3471,0x00001d8f,7567
3472,0x00001d90,7568
3473,0x00001d91,7569
3474,0x00001d92,7570
3475,0x00001d93,7571
3476,0x00001d94,7572
3477,0x00001d95,7573
3478,0x00001d96,7574
3479,0x00001d97,7575
3480,0x00001d98,7576
3481,0x00001d99,7577
3482,0x00001d9a,7578
3483,0x00001d9b,7579
3484,0x00001d9c,7580
3485,0x00001d9d,7581
3486,0x00001d9e,7582
3487,0x00001d9f,7583
3488,0x00001da0,7584
3489,0x00001da1,7585
3490,0x00001da2,7586
3491,0x00001da3,7587
3492,0x00001da4,7588
3493,0x00001da5,7589
3494,0x00001da6,7590
3495,0x00001da7,7591
3496,0x00001da8,7592
3497,0x00001da9,7593
3498,0x00001daa,7594
3499,0x00001dab,7595
3500,0x00001dac,7596
3501,0x00001dad,7597
3502,0x00001dae,7598
3503,0x00001daf,7599
3504,0x00001db0,7600
3505,0x00001db1,7601
3506,0x00001db2,7602
3507,0x00001db3,7603
3508,0x00001db4,7604
3509,0x00001db5,7605
3510,0x00001db6,7606
3511,0x00001db7,7607
3512,0x00001db8,7608
3513,0x00001db9,7609
3514,0x00001dba,7610
3515,0x00001dbb,7611
3516,0x00001dbc,7612
3517,0x00001dbd,7613
3518,0x00001dbe,7614
3519,0x00001dbf,7615
3520,0x00001dc0,7616
3521,0x00001dc1,7617
3522,0x00001dc2,7618
3523,0x00001dc3,7619
3524,0x00001dc4,7620
3525,0x00001dc5,7621
3526,0x00001dc6,7622
3527,0x00001dc7,7623
3528,0x00001dc8,7624
3529,0x00001dc9,7625
3530,0x00001dca,7626
3531,0x00001dcb,7627
3532,0x00001dcc,7628
3533,0x00001dcd,7629
3534,0x00001dce,7630
3535,0x00001dcf,7631
3536,0x00001dd0,7632
3537,0x00001dd1,7633
3538,0x00001dd2,7634
3539,0x00001dd3,7635
3540,0x00001dd4,7636
3541,0x00001dd5,7637
3542,0x00001dd6,7638
3543,0x00001dd7,7639
3544,0x00001dd8,7640
3545,0x00001dd9,7641
3546,0x00001dda,7642
3547,0x00001ddb,7643
3548,0x00001ddc,7644
3549,0x00001ddd,7645
3550,0x00001dde,7646
3551,0x00001ddf,7647
3552,0x00001de0,7648
3553,0x00001de1,7649
3554,0x00001de2,7650
3555,0x00001de3,7651
3556,0x00001de4,7652
3557,0x00001de5,7653
3558,0x00001de6,7654
3559,0x00001de7,7655
3560,0x00001de8,7656
3561,0x00001de9,7657
3562,0x00001dea,7658
3563,0x00001deb,7659
3564,0x00001dec,7660
3565,0x00001ded,7661
3566,0x00001dee,7662
3567,0x00001def,7663
3568,0x00001df0,7664
3569,0x00001df1,7665
3570,0x00001df2,7666
3571,0x00001df3,7667
3572,0x00001df4,7668
3573,0x00001df5,7669
3574,0x00001df6,7670
3575,0x00001df7,7671
3576,0x00001df8,7672
3577,0x00001df9,7673
3578,0x00001dfa,7674
3579,0x00001dfb,7675
3580,0x00001dfc,7676
3581,0x00001dfd,7677
3582,0x00001dfe,7678
3583,0x00001dff,7679
3584,0x00001e00,7680
3585,0x00001e01,7681
3586,0x00001e02,7682
3587,0x00001e03,7683
3588,0x00001e04,7684
3589,0x00001e05,7685
3590,0x00001e06,7686
3591,0x00001e07,7687
3592,0x00001e08,7688
3593,0x00001e09,7689
3594,0x00001e0a,7690
3595,0x00001e0b,7691
3596,0x00001e0c,7692
3597,0x00001e0d,7693
3598,0x00001e0e,7694
3599,0x00001e0f,7695
3600,0x00001e10,7696
3601,0x00001e11,7697
3602,0x00001e12,7698
3603,0x00001e13,7699
3604,0x00001e14,7700
3605,0x00001e15,7701
3606,0x00001e16,7702
3607,0x00001e17,7703
3608,0x00001e18,7704
3609,0x00001e19,7705
3610,0x00001e1a,7706
3611,0x00001e1b,7707
3612,0x00001e1c,7708
3613,0x00001e1d,7709
3614,0x00001e1e,7710
3615,0x00001e1f,7711
3616,0x00001e20,7712
3617,0x00001e21,7713
3618,0x00001e22,7714
3619,0x00001e23,7715
3620,0x00001e24,7716
3621,0x00001e25,7717
3622,0x00001e26,7718
3623,0x00001e27,7719
3624,0x00001e28,7720
3625,0x00001e29,7721
3626,0x00001e2a,7722
3627,0x00001e2b,7723
3628,0x00001e2c,7724
3629,0x00001e2d,7725
3630,0x00001e2e,7726
3631,0x00001e2f,7727
3632,0x00001e30,7728
3633,0x00001e31,7729
3634,0x00001e32,7730
3635,0x00001e33,7731
3636,0x00001e34,7732
3637,0x00001e35,7733
3638,0x00001e36,7734
3639,0x00001e37,7735
3640,0x00001e38,7736
3641,0x00001e39,7737
3642,0x00001e3a,7738
3643,0x00001e3b,7739
3644,0x00001e3c,7740
3645,0x00001e3d,7741
3646,0x00001e3e,7742
3647,0x00001e3f,7743
3648,0x00001e40,7744
3649,0x00001e41,7745
3650,0x00001e42,7746
3651,0x00001e43,7747
3652,0x00001e44,7748
3653,0x00001e45,7749
3654,0x00001e46,7750
3655,0x00001e47,7751
3656,0x00001e48,7752
3657,0x00001e49,7753
3658,0x00001e4a,7754
3659,0x00001e4b,7755
3660,0x00001e4c,7756
3661,0x00001e4d,7757
3662,0x00001e4e,7758
3663,0x00001e4f,7759
3664,0x00001e50,7760
3665,0x00001e51,7761
3666,0x00001e52,7762
3667,0x00001e53,7763
3668,0x00001e54,7764
3669,0x00001e55,7765
3670,0x00001e56,7766
3671,0x00001e57,7767
3672,0x00001e58,7768
3673,0x00001e59,7769
3674,0x00001e5a,7770
3675,0x00001e5b,7771
3676,0x00001e5c,7772
3677,0x00001e5d,7773
3678,0x00001e5e,7774
3679,0x00001e5f,7775
3680,0x00001e60,7776
3681,0x00001e61,7777
3682,0x00001e62,7778
3683,0x00001e63,7779
3684,0x00001e64,7780
3685,0x00001e65,7781
3686,0x00001e66,7782
3687,0x00001e67,7783
3688,0x00001e68,7784
3689,0x00001e69,7785
3690,0x00001e6a,7786
3691,0x00001e6b,7787
3692,0x00001e6c,7788
3693,0x00001e6d,7789
3694,0x00001e6e,7790
3695,0x00001e6f,7791
3696,0x00001e70,7792
3697,0x00001e71,7793
3698,0x00001e72,7794
3699,0x00001e73,7795
3700,0x00001e74,7796
3701,0x00001e75,7797
3702,0x00001e76,7798
3703,0x00001e77,7799
3704,0x00001e78,7800
3705,0x00001e79,7801
3706,0x00001e7a,7802
3707,0x00001e7b,7803
3708,0x00001e7c,7804
3709,0x00001e7d,7805
3710,0x00001e7e,7806
3711,0x00001e7f,7807
3712,0x00001e80,7808
3713,0x00001e81,7809
3714,0x00001e82,7810
3715,0x00001e83,7811
3716,0x00001e84,7812
3717,0x00001e85,7813
3718,0x00001e86,7814
3719,0x00001e87,7815
3720,0x00001e88,7816
3721,0x00001e89,7817
3722,0x00001e8a,7818
3723,0x00001e8b,7819
3724,0x00001e8c,7820
3725,0x00001e8d,7821
3726,0x00001e8e,7822
3727,0x00001e8f,7823
3728,0x00001e90,7824
3729,0x00001e91,7825
3730,0x00001e92,7826
3731,0x00001e93,7827
3732,0x00001e94,7828
3733,0x00001e95,7829
3734,0x00001e96,7830
3735,0x00001e97,7831
3736,0x00001e98,7832
3737,0x00001e99,7833
3738,0x00001e9a,7834
3739,0x00001e9b,7835
3740,0x00001e9c,7836
3741,0x00001e9d,7837
3742,0x00001e9e,7838
3743,0x00001e9f,7839
3744,0x00001ea0,7840
3745,0x00001ea1,7841
3746,0x00001ea2,7842
3747,0x00001ea3,7843
3748,0x00001ea4,7844
3749,0x00001ea5,7845
3750,0x00001ea6,7846
3751,0x00001ea7,7847
3752,0x00001ea8,7848
3753,0x00001ea9,7849
3754,0x00001eaa,7850
3755,0x00001eab,7851
3756,0x00001eac,7852
3757,0x00001ead,7853
3758,0x00001eae,7854
3759,0x00001eaf,7855
3760,0x00001eb0,7856
3761,0x00001eb1,7857
3762,0x00001eb2,7858
3763,0x00001eb3,7859
3764,0x00001eb4,7860
3765,0x00001eb5,7861
3766,0x00001eb6,7862
3767,0x00001eb7,7863
3768,0x00001eb8,7864
3769,0x00001eb9,7865
3770,0x00001eba,7866
3771,0x00001ebb,7867
3772,0x00001ebc,7868
3773,0x00001ebd,7869
3774,0x00001ebe,7870
3775,0x00001ebf,7871
3776,0x00001ec0,7872
3777,0x00001ec1,7873
3778,0x00001ec2,7874
3779,0x00001ec3,7875
3780,0x00001ec4,7876
3781,0x00001ec5,7877
3782,0x00001ec6,7878
3783,0x00001ec7,7879
3784,0x00001ec8,7880
3785,0x00001ec9,7881
3786,0x00001eca,7882
3787,0x00001ecb,7883
3788,0x00001ecc,7884
3789,0x00001ecd,7885
3790,0x00001ece,7886
3791,0x00001ecf,7887
3792,0x00001ed0,7888
3793,0x00001ed1,7889
3794,0x00001ed2,7890
3795,0x00001ed3,7891
3796,0x00001ed4,7892
3797,0x00001ed5,7893
3798,0x00001ed6,7894
3799,0x00001ed7,7895
3800,0x00001ed8,7896
3801,0x00001ed9,7897
3802,0x00001eda,7898
3803,0x00001edb,7899
3804,0x00001edc,7900
3805,0x00001edd,7901
3806,0x00001ede,7902
3807,0x00001edf,7903
3808,0x00001ee0,7904
3809,0x00001ee1,7905
3810,0x00001ee2,7906
3811,0x00001ee3,7907
3812,0x00001ee4,7908
3813,0x00001ee5,7909
3814,0x00001ee6,7910
3815,0x00001ee7,7911
3816,0x00001ee8,7912
3817,0x00001ee9,7913
3818,0x00001eea,7914
3819,0x00001eeb,7915
3820,0x00001eec,7916
3821,0x00001eed,7917
3822,0x00001eee,7918
3823,0x00001eef,7919
3824,0x00001ef0,7920
3825,0x00001ef1,7921
3826,0x00001ef2,7922
3827,0x00001ef3,7923
3828,0x00001ef4,7924
3829,0x00001ef5,7925
3830,0x00001ef6,7926
3831,0x00001ef7,7927
3832,0x00001ef8,7928
3833,0x00001ef9,7929
3834,0x00001efa,7930
3835,0x00001efb,7931
3836,0x00001efc,7932
3837,0x00001efd,7933
3838,0x00001efe,7934
3839,0x00001eff,7935
3840,0x00001f00,7936
3841,0x00001f01,7937
3842,0x00001f02,7938
3843,0x00001f03,7939
3844,0x00001f04,7940
3845,0x00001f05,7941
3846,0x00001f06,7942
3847,0x00001f07,7943
3848,0x00001f08,7944
3849,0x00001f09,7945
3850,0x00001f0a,7946
3851,0x00001f0b,7947
3852,0x00001f0c,7948
3853,0x00001f0d,7949
3854,0x00001f0e,7950
3855,0x00001f0f,7951
3856,0x00001f10,7952
3857,0x00001f11,7953
3858,0x00001f12,7954
3859,0x00001f13,7955
3860,0x00001f14,7956
3861,0x00001f15,7957
3862,0x00001f16,7958
3863,0x00001f17,7959
3864,0x00001f18,7960
3865,0x00001f19,7961
3866,0x00001f1a,7962
3867,0x00001f1b,7963
3868,0x00001f1c,7964
3869,0x00001f1d,7965
3870,0x00001f1e,7966
3871,0x00001f1f,7967
3872,0x00001f20,7968
3873,0x00001f21,7969
3874,0x00001f22,7970
3875,0x00001f23,7971
3876,0x00001f24,7972
3877,0x00001f25,7973
3878,0x00001f26,7974
3879,0x00001f27,7975
3880,0x00001f28,7976
3881,0x00001f29,7977
3882,0x00001f2a,7978
3883,0x00001f2b,7979
3884,0x00001f2c,7980
3885,0x00001f2d,7981
3886,0x00001f2e,7982
3887,0x00001f2f,7983
3888,0x00001f30,7984
3889,0x00001f31,7985
3890,0x00001f32,7986
3891,0x00001f33,7987
3892,0x00001f34,7988
3893,0x00001f35,7989
3894,0x00001f36,7990
3895,0x00001f37,7991
3896,0x00001f38,7992
3897,0x00001f39,7993
3898,0x00001f3a,7994
3899,0x00001f3b,7995
3900,0x00001f3c,7996
3901,0x00001f3d,7997
3902,0x00001f3e,7998
3903,0x00001f3f,7999
3904,0x00001f40,8000
3905,0x00001f41,8001
3906,0x00001f42,8002
3907,0x00001f43,8003
3908,0x00001f44,8004
3909,0x00001f45,8005
3910,0x00001f46,8006
3911,0x00001f47,8007
3912,0x00001f48,8008
3913,0x00001f49,8009
3914,0x00001f4a,8010
3915,0x00001f4b,8011
3916,0x00001f4c,8012
3917,0x00001f4d,8013
3918,0x00001f4e,8014
3919,0x00001f4f,8015
3920,0x00001f50,8016
3921,0x00001f51,8017
3922,0x00001f52,8018
3923,0x00001f53,8019
3924,0x00001f54,8020
3925,0x00001f55,8021
3926,0x00001f56,8022
3927,0x00001f57,8023
3928,0x00001f58,8024
3929,0x00001f59,8025
3930,0x00001f5a,8026
3931,0x00001f5b,8027
3932,0x00001f5c,8028
3933,0x00001f5d,8029
3934,0x00001f5e,8030
3935,0x00001f5f,8031
3936,0x00001f60,8032
3937,0x00001f61,8033
3938,0x00001f62,8034
3939,0x00001f63,8035
3940,0x00001f64,8036
3941,0x00001f65,8037
3942,0x00001f66,8038
3943,0x00001f67,8039
3944,0x00001f68,8040
3945,0x00001f69,8041
3946,0x00001f6a,8042
3947,0x00001f6b,8043
3948,0x00001f6c,8044
3949,0x00001f6d,8045
3950,0x00001f6e,8046
3951,0x00001f6f,8047
3952,0x00001f70,8048
3953,0x00001f71,8049
3954,0x00001f72,8050
3955,0x00001f73,8051
3956,0x00001f74,8052
3957,0x00001f75,8053
3958,0x00001f76,8054
3959,0x00001f77,8055
3960,0x00001f78,8056
3961,0x00001f79,8057
3962,0x00001f7a,8058
3963,0x00001f7b,8059
3964,0x00001f7c,8060
3965,0x00001f7d,8061
3966,0x00001f7e,8062
3967,0x00001f7f,8063
3968,0x00001f80,8064
3969,0x00001f81,8065
3970,0x00001f82,8066
3971,0x00001f83,8067
3972,0x00001f84,8068
3973,0x00001f85,8069
3974,0x00001f86,8070
3975,0x00001f87,8071
3976,0x00001f88,8072
3977,0x00001f89,8073
3978,0x00001f8a,8074
3979,0x00001f8b,8075
3980,0x00001f8c,8076
3981,0x00001f8d,8077
3982,0x00001f8e,8078
3983,0x00001f8f,8079
3984,0x00001f90,8080
3985,0x00001f91,8081
3986,0x00001f92,8082
3987,0x00001f93,8083
3988,0x00001f94,8084
3989,0x00001f95,8085
3990,0x00001f96,8086
3991,0x00001f97,8087
3992,0x00001f98,8088
3993,0x00001f99,8089
3994,0x00001f9a,8090
3995,0x00001f9b,8091
3996,0x00001f9c,8092
3997,0x00001f9d,8093
3998,0x00001f9e,8094
3999,0x00001f9f,8095
4000,0x00001fa0,8096
4001,0x00001fa1,8097
4002,0x00001fa2,8098
4003,0x00001fa3,8099
4004,0x00001fa4,8100
4005,0x00001fa5,8101
4006,0x00001fa6,8102
4007,0x00001fa7,8103
4008,0x00001fa8,8104
4009,0x00001fa9,8105
4010,0x00001faa,8106
4011,0x00001fab,8107
4012,0x00001fac,8108
4013,0x00001fad,8109
4014,0x00001fae,8110
4015,0x00001faf,8111
4016,0x00001fb0,8112
4017,0x00001fb1,8113
4018,0x00001fb2,8114
4019,0x00001fb3,8115
4020,0x00001fb4,8116
4021,0x00001fb5,8117
4022,0x00001fb6,8118
4023,0x00001fb7,8119
4024,0x00001fb8,8120
4025,0x00001fb9,8121
4026,0x00001fba,8122
4027,0x00001fbb,8123
4028,0x00001fbc,8124
4029,0x00001fbd,8125
4030,0x00001fbe,8126
4031,0x00001fbf,8127
4032,0x00001fc0,8128
4033,0x00001fc1,8129
4034,0x00001fc2,8130
4035,0x00001fc3,8131
4036,0x00001fc4,8132
4037,0x00001fc5,8133
4038,0x00001fc6,8134
4039,0x00001fc7,8135
4040,0x00001fc8,8136
4041,0x00001fc9,8137
4042,0x00001fca,8138
4043,0x00001fcb,8139
4044,0x00001fcc,8140
4045,0x00001fcd,8141
4046,0x00001fce,8142
4047,0x00001fcf,8143
4048,0x00001fd0,8144
4049,0x00001fd1,8145
4050,0x00001fd2,8146
4051,0x00001fd3,8147
4052,0x00001fd4,8148
4053,0x00001fd5,8149
4054,0x00001fd6,8150
4055,0x00001fd7,8151
4056,0x00001fd8,8152
4057,0x00001fd9,8153
4058,0x00001fda,8154
4059,0x00001fdb,8155
4060,0x00001fdc,8156
4061,0x00001fdd,8157
4062,0x00001fde,8158
4063,0x00001fdf,8159
4064,0x00001fe0,8160
4065,0x00001fe1,8161
4066,0x00001fe2,8162
4067,0x00001fe3,8163
4068,0x00001fe4,8164
4069,0x00001fe5,8165
4070,0x00001fe6,8166
4071,0x00001fe7,8167
4072,0x00001fe8,8168
4073,0x00001fe9,8169
4074,0x00001fea,8170
4075,0x00001feb,8171
4076,0x00001fec,8172
4077,0x00001fed,8173
4078,0x00001fee,8174
4079,0x00001fef,8175
4080,0x00001ff0,8176
4081,0x00001ff1,8177
4082,0x00001ff2,8178
4083,0x00001ff3,8179
4084,0x00001ff4,8180
4085,0x00001ff5,8181
4086,0x00001ff6,8182
4087,0x00001ff7,8183
4088,0x00001ff8,8184
4089,0x00001ff9,8185
4090,0x00001ffa,8186
4091,0x00001ffb,8187
4092,0x00001ffc,8188
4093,0x00001ffd,8189
4094,0x00001ffe,8190
4095,0x00030d37,199991
