0,0x0000004a,74
1,0x0000004a,74
2,0x0000004a,74
3,0x0000004a,74
4,0x0000004a,74
5,0x0000004a,74
6,0x0000004a,74
7,0x0000004a,74
8,0x0000004a,74
9,0x0000004a,74
10,0x0000004a,74
11,0x0000004a,74
12,0x0000004a,74
13,0x0000004a,74
14,0x0000005a,90
15,0x0000004e,78
16,0x0000003c,60
17,0x0000004a,74
18,0x0000005a,90
19,0x000000a0,160
20,0x0000004a,74
21,0x0000005a,90
22,0x0000004a,74
23,0x0000004a,74
24,0x0000004a,74
25,0x00000046,70
26,0x0000004a,74
27,0x0000003c,60
28,0x0000004a,74
29,0x0000004a,74
30,0x0000004a,74
31,0x00000046,70
32,0x0000004a,74
33,0x0000004a,74
34,0x0000004a,74
35,0x0000004a,74
36,0x0000004a,74
37,0x0000004a,74
38,0x0000004a,74
39,0x0000004a,74
40,0x0000004a,74
41,0x0000004a,74
42,0x0000004a,74
43,0x0000004a,74
44,0x0000004a,74
45,0x0000004a,74
46,0x0000004a,74
47,0x0000004a,74
48,0x0000004a,74
49,0x0000004a,74
50,0x0000004a,74
51,0x0000004a,74
52,0x0000004a,74
53,0x0000004a,74
54,0x0000004a,74
55,0x0000004a,74
56,0x0000004a,74
57,0x0000004a,74
58,0x0000004a,74
59,0x0000004a,74
60,0x0000004a,74
61,0x0000004a,74
62,0x000000a0,160
63,0x0000003c,60
64,0x0000004a,74
65,0x0000004a,74
66,0x0000005a,90
67,0x0000004a,74
68,0x0000004a,74
69,0x0000003c,60
70,0x0000004a,74
71,0x0000004a,74
72,0x0000004a,74
73,0x0000004a,74
74,0x00000046,70
75,0x0000004a,74
76,0x0000004a,74
77,0x0000004a,74
78,0x0000004a,74
79,0x0000003c,60
80,0x0000004a,74
81,0x0000004a,74
82,0x0000004a,74
83,0x0000004a,74
84,0x0000004a,74
85,0x0000003c,60
86,0x00000046,70
87,0x0000004a,74
88,0x0000004a,74
89,0x0000004a,74
90,0x0000004a,74
91,0x0000004a,74
92,0x0000004a,74
93,0x0000004a,74
94,0x0000004a,74
95,0x0000004a,74
96,0x0000004a,74
97,0x0000004a,74
98,0x0000004a,74
99,0x0000004a,74
100,0x0000004a,74
101,0x0000004a,74
102,0x0000004a,74
103,0x0000004a,74
104,0x0000004a,74
105,0x0000004a,74
106,0x0000004a,74
107,0x0000004a,74
108,0x0000004a,74
109,0x0000004a,74
110,0x0000004a,74
111,0x0000004a,74
112,0x0000004a,74
113,0x0000004a,74
114,0x0000004a,74
115,0x0000004a,74
116,0x0000004a,74
117,0x0000004a,74
118,0x0000004a,74
119,0x0000004a,74
120,0x0000004a,74
121,0x0000004a,74
122,0x0000004a,74
123,0x0000004a,74
124,0x0000004a,74
125,0x0000004a,74
126,0x0000004a,74
127,0x0000004a,74
128,0x0000004a,74
129,0x0000004a,74
130,0x0000004a,74
131,0x0000004a,74
132,0x0000004a,74
133,0x0000004a,74
134,0x0000004a,74
135,0x0000004a,74
136,0x0000004a,74
137,0x0000004a,74
138,0x0000004a,74
139,0x0000004a,74
140,0x0000004a,74
141,0x0000004a,74
142,0x0000004a,74
143,0x0000004a,74
144,0x000000a0,160
145,0x0000003c,60
146,0x0000005a,90
147,0x0000004a,74
148,0x0000004a,74
149,0x0000004a,74
150,0x0000003c,60
151,0x0000004a,74
152,0x0000004a,74
153,0x0000003c,60
154,0x0000004a,74
155,0x0000004a,74
156,0x0000003c,60
157,0x00000094,148
158,0x0000004a,74
159,0x0000004a,74
160,0x00000046,70
161,0x0000004a,74
162,0x0000004a,74
163,0x0000003c,60
164,0x0000004a,74
165,0x0000003c,60
166,0x0000004a,74
167,0x0000004a,74
168,0x0000004a,74
169,0x0000004a,74
170,0x0000004a,74
171,0x0000004a,74
172,0x0000004a,74
173,0x0000004a,74
174,0x0000004a,74
175,0x0000004a,74
176,0x00000046,70
177,0x0000004a,74
178,0x0000003c,60
179,0x0000004a,74
180,0x0000004a,74
181,0x0000004a,74
182,0x0000004a,74
183,0x0000004a,74
184,0x0000004a,74
185,0x0000003c,60
186,0x0000004a,74
187,0x0000004a,74
188,0x0000003c,60
189,0x0000004a,74
190,0x0000004a,74
191,0x0000004a,74
192,0x0000004a,74
193,0x0000004a,74
194,0x0000004a,74
195,0x0000004a,74
196,0x0000004a,74
197,0x0000004a,74
198,0x0000004a,74
199,0x0000004a,74
200,0x0000004a,74
201,0x0000004a,74
202,0x0000004a,74
203,0x0000004a,74
204,0x0000004a,74
205,0x0000004a,74
206,0x0000004a,74
207,0x0000004a,74
208,0x0000004a,74
209,0x0000004a,74
210,0x0000004a,74
211,0x0000004a,74
212,0x0000004a,74
213,0x0000004a,74
214,0x0000004a,74
215,0x0000004a,74
216,0x0000004a,74
217,0x0000004a,74
218,0x0000004a,74
219,0x0000004a,74
220,0x0000004a,74
221,0x0000004a,74
222,0x0000004a,74
223,0x0000004a,74
224,0x0000004a,74
225,0x0000004a,74
226,0x0000004a,74
227,0x0000004a,74
228,0x0000004a,74
229,0x0000004a,74
230,0x0000004a,74
231,0x0000004a,74
232,0x0000004a,74
233,0x0000004a,74
234,0x0000004a,74
235,0x0000004a,74
236,0x0000004a,74
237,0x0000003c,60
238,0x0000004a,74
239,0x0000004a,74
240,0x0000004a,74
241,0x0000004a,74
242,0x0000004a,74
243,0x0000004a,74
244,0x0000004a,74
245,0x0000004a,74
246,0x0000004a,74
247,0x0000004a,74
248,0x0000004a,74
249,0x0000004a,74
250,0x0000004a,74
251,0x0000004a,74
252,0x0000004a,74
253,0x0000004a,74
254,0x0000004a,74
255,0x0000004a,74
256,0x0000004a,74
257,0x0000004a,74
258,0x0000004a,74
259,0x0000004a,74
260,0x0000004a,74
261,0x0000004a,74
262,0x0000004a,74
263,0x0000005a,90
264,0x0000004a,74
265,0x0000005a,90
266,0x0000004e,78
267,0x0000004a,74
268,0x0000004a,74
269,0x0000004a,74
270,0x000000a0,160
271,0x0000004a,74
272,0x0000003c,60
273,0x0000004a,74
274,0x0000004a,74
275,0x0000004a,74
276,0x0000005a,90
277,0x0000004a,74
278,0x0000004a,74
279,0x0000004a,74
280,0x0000004a,74
281,0x0000004a,74
282,0x0000004a,74
283,0x0000004a,74
284,0x0000004a,74
285,0x0000004a,74
286,0x0000004a,74
287,0x0000004a,74
288,0x0000004a,74
289,0x0000003c,60
290,0x0000004a,74
291,0x00000046,70
292,0x0000004a,74
293,0x0000004a,74
294,0x0000004a,74
295,0x0000004a,74
296,0x0000004a,74
297,0x0000003c,60
298,0x0000004a,74
299,0x0000004a,74
300,0x0000004a,74
301,0x0000004a,74
302,0x0000004a,74
303,0x0000004a,74
304,0x0000004a,74
305,0x0000004a,74
306,0x0000004a,74
307,0x0000003c,60
308,0x0000004a,74
309,0x0000004a,74
310,0x0000004a,74
311,0x0000003c,60
312,0x00000046,70
313,0x0000004a,74
314,0x0000004a,74
315,0x0000004a,74
316,0x0000004a,74
317,0x0000004a,74
318,0x0000004a,74
319,0x0000004a,74
320,0x0000004a,74
321,0x0000004a,74
322,0x0000004a,74
323,0x0000004a,74
324,0x0000004a,74
325,0x0000004a,74
326,0x0000004a,74
327,0x0000004a,74
328,0x0000004a,74
329,0x0000004a,74
330,0x0000004a,74
331,0x0000004a,74
332,0x0000004a,74
333,0x0000004a,74
334,0x0000004a,74
335,0x0000004a,74
336,0x0000004a,74
337,0x0000003c,60
338,0x0000004a,74
339,0x0000004a,74
340,0x0000004a,74
341,0x0000003c,60
342,0x0000004a,74
343,0x0000004a,74
344,0x0000004a,74
345,0x0000004a,74
346,0x0000004a,74
347,0x0000004a,74
348,0x0000004a,74
349,0x0000004a,74
350,0x0000004a,74
351,0x0000004a,74
352,0x0000003c,60
353,0x0000004a,74
354,0x0000004a,74
355,0x0000004a,74
356,0x0000004a,74
357,0x0000004a,74
358,0x0000004a,74
359,0x0000004a,74
360,0x0000004a,74
361,0x0000004a,74
362,0x0000004a,74
363,0x0000004a,74
364,0x0000004a,74
365,0x0000004a,74
366,0x0000004a,74
367,0x0000004a,74
368,0x0000004a,74
369,0x0000004a,74
370,0x0000004a,74
371,0x0000004a,74
372,0x0000004a,74
373,0x0000004a,74
374,0x0000004a,74
375,0x0000004a,74
376,0x0000004a,74
377,0x0000004a,74
378,0x0000004a,74
379,0x0000004a,74
380,0x0000004a,74
381,0x0000004a,74
382,0x0000004a,74
383,0x0000004a,74
384,0x0000004a,74
385,0x0000004a,74
386,0x0000004a,74
387,0x0000004a,74
388,0x0000003c,60
389,0x0000004a,74
390,0x0000004a,74
391,0x0000004a,74
392,0x0000004a,74
393,0x0000004a,74
394,0x0000004a,74
395,0x0000004a,74
396,0x0000004a,74
397,0x0000004a,74
398,0x0000004a,74
399,0x0000004a,74
400,0x0000004a,74
401,0x0000004a,74
402,0x0000004a,74
403,0x0000004a,74
404,0x0000004a,74
405,0x0000004a,74
406,0x0000004a,74
407,0x0000004a,74
408,0x0000004a,74
409,0x0000004a,74
410,0x0000004a,74
411,0x0000004a,74
412,0x0000004a,74
413,0x0000004a,74
414,0x0000004a,74
415,0x0000004a,74
416,0x0000004a,74
417,0x0000004a,74
418,0x0000004a,74
419,0x0000004a,74
420,0x0000004a,74
421,0x0000004a,74
422,0x0000004a,74
423,0x0000004a,74
424,0x0000004a,74
425,0x0000004a,74
426,0x0000004a,74
427,0x0000004a,74
428,0x0000004a,74
429,0x0000004a,74
430,0x0000004a,74
431,0x0000004a,74
432,0x0000004a,74
433,0x0000004a,74
434,0x0000004a,74
435,0x0000004a,74
436,0x0000004a,74
437,0x0000003c,60
438,0x0000005a,90
439,0x0000004a,74
440,0x0000003c,60
441,0x0000004e,78
442,0x0000004a,74
443,0x0000004a,74
444,0x0000005a,90
445,0x0000004a,74
446,0x0000004a,74
447,0x0000003c,60
448,0x000000a0,160
449,0x0000005a,90
450,0x0000004a,74
451,0x0000003c,60
452,0x0000004a,74
453,0x0000004a,74
454,0x0000004a,74
455,0x0000004a,74
456,0x0000003c,60
457,0x0000004a,74
458,0x0000004a,74
459,0x0000004a,74
460,0x0000004a,74
461,0x0000004a,74
462,0x0000003c,60
463,0x0000003c,60
464,0x0000004a,74
465,0x0000004a,74
466,0x0000004a,74
467,0x0000004a,74
468,0x0000003c,60
469,0x0000004a,74
470,0x0000004a,74
471,0x0000004a,74
472,0x0000004a,74
473,0x0000004a,74
474,0x0000003c,60
475,0x00000094,148
476,0x00000046,70
477,0x0000004a,74
478,0x0000004a,74
479,0x0000004a,74
480,0x0000003c,60
481,0x0000004a,74
482,0x0000004a,74
483,0x0000004a,74
484,0x0000004a,74
485,0x0000004a,74
486,0x0000004a,74
487,0x0000004a,74
488,0x0000004a,74
489,0x0000004a,74
490,0x0000004a,74
491,0x0000004a,74
492,0x0000004a,74
493,0x0000004a,74
494,0x0000004a,74
495,0x0000004a,74
496,0x0000004a,74
497,0x0000004a,74
498,0x0000004a,74
499,0x00000046,70
500,0x0000004a,74
501,0x0000004a,74
502,0x0000003c,60
503,0x0000004a,74
504,0x0000004a,74
505,0x0000003c,60
506,0x0000004a,74
507,0x0000004a,74
508,0x0000004a,74
509,0x0000004a,74
510,0x0000004a,74
511,0x0000004a,74
512,0x0000004a,74
513,0x0000004a,74
514,0x0000004a,74
515,0x0000004a,74
516,0x0000004a,74
517,0x0000004a,74
518,0x0000004a,74
519,0x0000004a,74
520,0x0000004a,74
521,0x0000004a,74
522,0x0000004a,74
523,0x0000003c,60
524,0x0000004a,74
525,0x0000004a,74
526,0x0000004a,74
527,0x0000004a,74
528,0x0000004a,74
529,0x0000004a,74
530,0x0000004a,74
531,0x0000004a,74
532,0x0000004a,74
533,0x0000004a,74
534,0x0000004a,74
535,0x0000004a,74
536,0x0000004a,74
537,0x0000004a,74
538,0x0000003c,60
539,0x0000004a,74
540,0x0000004a,74
541,0x0000004a,74
542,0x0000004a,74
543,0x0000004a,74
544,0x0000004a,74
545,0x0000004a,74
546,0x0000004a,74
547,0x0000004a,74
548,0x0000004a,74
549,0x0000004a,74
550,0x0000004a,74
551,0x0000004a,74
552,0x0000004a,74
553,0x0000004a,74
554,0x0000004a,74
555,0x0000004a,74
556,0x0000004a,74
557,0x0000004a,74
558,0x0000004a,74
559,0x0000004a,74
560,0x0000004a,74
561,0x0000004a,74
562,0x0000004a,74
563,0x0000004a,74
564,0x0000004a,74
565,0x0000004a,74
566,0x0000004a,74
567,0x0000004a,74
568,0x0000004a,74
569,0x0000004a,74
570,0x0000003c,60
571,0x0000004a,74
572,0x0000004a,74
573,0x0000003c,60
574,0x0000004a,74
575,0x0000004a,74
576,0x0000004a,74
577,0x0000004a,74
578,0x0000004a,74
579,0x0000004a,74
580,0x0000004a,74
581,0x0000004a,74
582,0x0000004a,74
583,0x0000004a,74
584,0x0000004a,74
585,0x0000004a,74
586,0x0000004a,74
587,0x0000004a,74
588,0x0000004a,74
589,0x0000004a,74
590,0x0000004a,74
591,0x0000004a,74
592,0x0000004a,74
593,0x0000004a,74
594,0x0000004a,74
595,0x0000004a,74
596,0x0000004a,74
597,0x0000004a,74
598,0x0000004a,74
599,0x0000004a,74
600,0x0000004a,74
601,0x0000004a,74
602,0x0000004a,74
603,0x0000004a,74
604,0x0000004a,74
605,0x0000004a,74
606,0x0000004a,74
607,0x0000004a,74
608,0x0000004a,74
609,0x0000004a,74
610,0x0000004a,74
611,0x0000004a,74
612,0x0000004a,74
613,0x0000004a,74
614,0x0000004a,74
615,0x0000004a,74
616,0x0000004a,74
617,0x0000004a,74
618,0x0000004a,74
619,0x0000004a,74
620,0x0000004a,74
621,0x0000004a,74
622,0x0000004a,74
623,0x0000004a,74
624,0x0000004a,74
625,0x0000004a,74
626,0x0000004a,74
627,0x0000004a,74
628,0x0000004a,74
629,0x0000004a,74
630,0x0000004a,74
631,0x0000004a,74
632,0x0000004a,74
633,0x0000004a,74
634,0x0000004a,74
635,0x0000004a,74
636,0x0000004a,74
637,0x0000004a,74
638,0x0000004a,74
639,0x0000004a,74
640,0x0000004a,74
641,0x0000004a,74
642,0x0000004a,74
643,0x0000004a,74
644,0x0000003c,60
645,0x0000004a,74
646,0x0000004a,74
647,0x0000004a,74
648,0x0000004a,74
649,0x0000004a,74
650,0x0000004a,74
651,0x0000004a,74
652,0x0000004a,74
653,0x0000004a,74
654,0x0000004a,74
655,0x0000003c,60
656,0x0000004a,74
657,0x0000004a,74
658,0x0000004a,74
659,0x0000004a,74
660,0x0000004a,74
661,0x0000004a,74
662,0x0000004a,74
663,0x0000004a,74
664,0x0000004a,74
665,0x0000004a,74
666,0x0000004a,74
667,0x0000004a,74
668,0x0000004a,74
669,0x0000004a,74
670,0x0000004a,74
671,0x0000003c,60
672,0x0000004a,74
673,0x0000004a,74
674,0x0000004a,74
675,0x0000004a,74
676,0x0000004a,74
677,0x0000004a,74
678,0x0000004a,74
679,0x0000003c,60
680,0x0000004a,74
681,0x0000004a,74
682,0x0000004a,74
683,0x0000004a,74
684,0x0000004a,74
685,0x0000004a,74
686,0x0000004a,74
687,0x0000004a,74
688,0x0000004a,74
689,0x0000004a,74
690,0x0000003c,60
691,0x0000004a,74
692,0x0000004a,74
693,0x0000004a,74
694,0x0000004a,74
695,0x0000004a,74
696,0x0000004a,74
697,0x0000004a,74
698,0x0000004a,74
699,0x0000004a,74
700,0x0000004a,74
701,0x0000004a,74
702,0x0000004a,74
703,0x0000004a,74
704,0x0000004a,74
705,0x0000004a,74
706,0x0000003c,60
707,0x0000004a,74
708,0x0000004a,74
709,0x0000004a,74
710,0x0000004a,74
711,0x0000004a,74
712,0x0000004a,74
713,0x0000004a,74
714,0x0000004a,74
715,0x0000004a,74
716,0x0000003c,60
717,0x0000004a,74
718,0x0000003c,60
719,0x0000004a,74
720,0x0000004a,74
721,0x0000004a,74
722,0x0000004a,74
723,0x0000004a,74
724,0x0000004a,74
725,0x0000004a,74
726,0x0000004a,74
727,0x0000004a,74
728,0x0000004a,74
729,0x0000004a,74
730,0x0000004a,74
731,0x0000004a,74
732,0x0000004a,74
733,0x0000004a,74
734,0x0000004a,74
735,0x0000004a,74
736,0x0000004a,74
737,0x0000004a,74
738,0x0000004a,74
739,0x0000004a,74
740,0x0000004a,74
741,0x0000004a,74
742,0x0000004a,74
743,0x0000004a,74
744,0x0000004a,74
745,0x0000003c,60
746,0x0000004a,74
747,0x0000004a,74
748,0x0000004a,74
749,0x0000004a,74
750,0x0000004a,74
751,0x0000004a,74
752,0x0000004a,74
753,0x0000004a,74
754,0x0000004a,74
755,0x0000004a,74
756,0x0000004a,74
757,0x0000004a,74
758,0x0000004a,74
759,0x0000004a,74
760,0x0000004a,74
761,0x0000004a,74
762,0x0000004a,74
763,0x0000004a,74
764,0x0000004a,74
765,0x000000a0,160
766,0x0000004a,74
767,0x0000004a,74
768,0x0000005a,90
769,0x0000004a,74
770,0x0000004a,74
771,0x0000004a,74
772,0x0000003c,60
773,0x0000004a,74
774,0x0000004a,74
775,0x0000004a,74
776,0x0000003c,60
777,0x0000004a,74
778,0x0000004a,74
779,0x0000004a,74
780,0x0000003c,60
781,0x0000004a,74
782,0x00000046,70
783,0x0000004a,74
784,0x0000004a,74
785,0x0000004a,74
786,0x000000a0,160
787,0x0000004a,74
788,0x0000004a,74
789,0x0000003c,60
790,0x0000004a,74
791,0x0000004a,74
792,0x0000004a,74
793,0x0000005a,90
794,0x0000004a,74
795,0x0000004a,74
796,0x0000004a,74
797,0x0000004a,74
798,0x0000003c,60
799,0x0000004a,74
800,0x0000004a,74
801,0x0000004a,74
802,0x0000004a,74
803,0x00000046,70
804,0x0000003c,60
805,0x0000004a,74
806,0x0000004a,74
807,0x0000004a,74
808,0x0000004a,74
809,0x0000004a,74
810,0x00000046,70
811,0x0000003c,60
812,0x0000004a,74
813,0x0000004a,74
814,0x0000004a,74
815,0x0000004a,74
816,0x0000004a,74
817,0x0000004a,74
818,0x0000003c,60
819,0x0000004a,74
820,0x0000004a,74
821,0x0000004a,74
822,0x0000003c,60
823,0x0000004a,74
824,0x0000004a,74
825,0x0000004a,74
826,0x0000004a,74
827,0x0000003c,60
828,0x0000004a,74
829,0x0000004a,74
830,0x0000004a,74
831,0x0000004a,74
832,0x0000004a,74
833,0x0000004a,74
834,0x0000004a,74
835,0x00000046,70
836,0x0000004a,74
837,0x0000004a,74
838,0x0000004a,74
839,0x0000004a,74
840,0x0000004a,74
841,0x0000004a,74
842,0x0000004a,74
843,0x0000004a,74
844,0x0000004a,74
845,0x0000004a,74
846,0x0000004a,74
847,0x0000004a,74
848,0x0000004a,74
849,0x0000004a,74
850,0x0000004a,74
851,0x0000004a,74
852,0x0000004a,74
853,0x0000003c,60
854,0x0000004a,74
855,0x0000003c,60
856,0x0000004a,74
857,0x0000004a,74
858,0x0000004a,74
859,0x0000004a,74
860,0x0000004a,74
861,0x0000004a,74
862,0x0000004a,74
863,0x0000004a,74
864,0x0000004a,74
865,0x0000004a,74
866,0x0000004a,74
867,0x0000004a,74
868,0x0000004a,74
869,0x0000004a,74
870,0x0000004a,74
871,0x0000004a,74
872,0x0000004a,74
873,0x0000004a,74
874,0x0000004a,74
875,0x0000003c,60
876,0x0000004a,74
877,0x0000004a,74
878,0x0000004a,74
879,0x0000004a,74
880,0x0000004a,74
881,0x0000004a,74
882,0x0000004a,74
883,0x0000004a,74
884,0x0000004a,74
885,0x00000042,66
886,0x00000218,536
887,0x0000009e,158
888,0x00000042,66
889,0x000000bd,189
890,0x00001330,4912
891,0x0000004a,74
892,0x000000df,223
893,0x000005dd,1501
894,0x00000042,66
895,0x000000ae,174
896,0x000000bd,189
897,0x00000042,66
898,0x0000004a,74
899,0x0000004a,74
900,0x0000004a,74
901,0x0000004a,74
902,0x0000004a,74
903,0x0000004a,74
904,0x000000b2,178
905,0x00000095,149
906,0x000000bd,189
907,0x00001330,4912
908,0x000000dd,221
909,0x0000015c,348
910,0x000004ca,1226
911,0x00000042,66
912,0x000000ad,173
913,0x000000bd,189
914,0x0000004a,74
915,0x00000042,66
916,0x0000004a,74
917,0x0000004a,74
918,0x0000004a,74
919,0x0000004a,74
920,0x000000b2,178
921,0x00000084,132
922,0x00000060,96
923,0x000000bd,189
924,0x00001330,4912
925,0x000000de,222
926,0x000005d9,1497
927,0x00000042,66
928,0x00000042,66
929,0x000000ad,173
930,0x000000bd,189
931,0x0000004a,74
932,0x00000042,66
933,0x0000004a,74
934,0x0000004a,74
935,0x0000004a,74
936,0x0000004a,74
937,0x000000b2,178
938,0x00000042,66
939,0x00000095,149
940,0x0000004a,74
941,0x000000bd,189
942,0x00001330,4912
943,0x000000de,222
944,0x0000015c,348
945,0x00000483,1155
946,0x00000084,132
947,0x000000ae,174
948,0x000000bd,189
949,0x00000042,66
950,0x0000004a,74
951,0x0000004a,74
952,0x0000004a,74
953,0x0000004a,74
954,0x0000004a,74
955,0x0000003c,60
956,0x000000b2,178
957,0x00000042,66
958,0x00000095,149
959,0x000000bd,189
960,0x00001330,4912
961,0x000000de,222
962,0x0000015b,347
963,0x000004cc,1228
964,0x00000042,66
965,0x000000ad,173
966,0x000000bd,189
967,0x00000042,66
968,0x0000004a,74
969,0x00000229,553
970,0x0000009e,158
971,0x00000042,66
972,0x000000bd,189
973,0x0000107c,4220
974,0x000000d4,212
975,0x0000062c,1580
976,0x00000042,66
977,0x00000042,66
978,0x000000ae,174
979,0x000000bd,189
980,0x00000042,66
981,0x0000004a,74
982,0x0000004a,74
983,0x0000004a,74
984,0x0000004a,74
985,0x0000004a,74
986,0x0000004a,74
987,0x000000b2,178
988,0x00000095,149
989,0x000000bd,189
990,0x00001330,4912
991,0x000000df,223
992,0x0000015d,349
993,0x00000480,1152
994,0x00000042,66
995,0x00000042,66
996,0x000000ae,174
997,0x000000bd,189
998,0x00000042,66
999,0x000000b2,178
1000,0x00000042,66
1001,0x00000053,83
1002,0x000000bd,189
1003,0x0000107c,4220
1004,0x000000d4,212
1005,0x0000062c,1580
1006,0x00000042,66
1007,0x000000ae,174
1008,0x000000bd,189
1009,0x00000042,66
1010,0x0000004a,74
1011,0x0000004a,74
1012,0x0000004a,74
1013,0x0000004a,74
1014,0x0000004a,74
1015,0x0000004a,74
1016,0x00000042,66
1017,0x000000a5,165
1018,0x0000017c,380
1019,0x00000042,66
1020,0x0000009e,158
1021,0x000000bd,189
1022,0x0000132f,4911
1023,0x000000d4,212
1024,0x00000159,345
1025,0x00000482,1154
1026,0x00000042,66
1027,0x00000042,66
1028,0x000000ae,174
1029,0x000000bd,189
1030,0x0000004a,74
1031,0x00000042,66
1032,0x000000b2,178
1033,0x00000084,132
1034,0x00000060,96
1035,0x000000bd,189
1036,0x00001330,4912
1037,0x000000dd,221
1038,0x000005d9,1497
1039,0x00000042,66
1040,0x00000042,66
1041,0x000000ad,173
1042,0x000000bd,189
1043,0x00000042,66
1044,0x000000b2,178
1045,0x00000095,149
1046,0x000000bd,189
1047,0x0000107c,4220
1048,0x000000d4,212
1049,0x000005dd,1501
1050,0x00000042,66
1051,0x000000ae,174
1052,0x000000bd,189
1053,0x00000042,66
1054,0x0000004a,74
1055,0x0000004a,74
1056,0x0000003c,60
1057,0x0000004a,74
1058,0x0000004a,74
1059,0x000000b2,178
1060,0x00000042,66
1061,0x00000053,83
1062,0x000000bd,189
1063,0x0000132f,4911
1064,0x000000d3,211
1065,0x000005d8,1496
1066,0x00000042,66
1067,0x000000ad,173
1068,0x000000bd,189
1069,0x0000004a,74
1070,0x0000004a,74
1071,0x00000042,66
1072,0x000000b2,178
1073,0x00000042,66
1074,0x000000a2,162
1075,0x000000bd,189
1076,0x00001330,4912
1077,0x0000023a,570
1078,0x0000047d,1149
1079,0x00000042,66
1080,0x00000042,66
1081,0x000000ad,173
1082,0x000000bd,189
1083,0x00000042,66
1084,0x000000b2,178
1085,0x00000042,66
1086,0x00000095,149
1087,0x000000bd,189
1088,0x0000107c,4220
1089,0x000000d4,212
1090,0x000005da,1498
1091,0x00000042,66
1092,0x000000ae,174
1093,0x000000bd,189
1094,0x00000042,66
1095,0x0000004a,74
1096,0x0000004a,74
1097,0x0000004a,74
1098,0x0000004a,74
1099,0x0000004a,74
1100,0x000000b2,178
1101,0x00000042,66
1102,0x00000053,83
1103,0x000000bd,189
1104,0x0000004a,74
1105,0x0000132f,4911
1106,0x000000d4,212
1107,0x000005dc,1500
1108,0x00000042,66
1109,0x000000ae,174
1110,0x000000bd,189
1111,0x00000042,66
1112,0x000000b2,178
1113,0x00000042,66
1114,0x00000053,83
1115,0x000000bd,189
1116,0x00001330,4912
1117,0x000000dd,221
1118,0x0000015c,348
1119,0x000004cd,1229
1120,0x00000042,66
1121,0x000000ad,173
1122,0x000000bd,189
1123,0x00000042,66
1124,0x000000b2,178
1125,0x00000042,66
1126,0x00000095,149
1127,0x000000bd,189
1128,0x0000107c,4220
1129,0x000000d4,212
1130,0x000005dc,1500
1131,0x00000042,66
1132,0x000000ae,174
1133,0x000000bd,189
1134,0x00000042,66
1135,0x0000004a,74
1136,0x0000004a,74
1137,0x0000004a,74
1138,0x0000004a,74
1139,0x0000004a,74
1140,0x000000b2,178
1141,0x00000042,66
1142,0x00000053,83
1143,0x000000bd,189
1144,0x0000132f,4911
1145,0x000000d4,212
1146,0x0000062b,1579
1147,0x00000042,66
1148,0x000000ae,174
1149,0x000000bd,189
1150,0x00000042,66
1151,0x000000b2,178
1152,0x000000e4,228
1153,0x000000bd,189
1154,0x00001330,4912
1155,0x000000de,222
1156,0x000005dd,1501
1157,0x00000042,66
1158,0x000000ae,174
1159,0x000000bd,189
1160,0x00000042,66
1161,0x000000b2,178
1162,0x00000042,66
1163,0x000000a2,162
1164,0x000000bd,189
1165,0x0000107c,4220
1166,0x000000d3,211
1167,0x00000159,345
1168,0x0000047f,1151
1169,0x00000042,66
1170,0x000000ad,173
1171,0x000000bd,189
1172,0x0000004a,74
1173,0x00000214,532
1174,0x0000009e,158
1175,0x00000042,66
1176,0x000000bd,189
1177,0x00000042,66
1178,0x0000132f,4911
1179,0x000000d4,212
1180,0x0000015c,348
1181,0x00000481,1153
1182,0x00000042,66
1183,0x000000ae,174
1184,0x000000bd,189
1185,0x0000004a,74
1186,0x00000042,66
1187,0x0000004a,74
1188,0x0000004a,74
1189,0x0000004a,74
1190,0x0000004a,74
1191,0x000000b2,178
1192,0x00000042,66
1193,0x00000053,83
1194,0x000000bd,189
1195,0x0000132f,4911
1196,0x000000d4,212
1197,0x000005db,1499
1198,0x00000042,66
1199,0x000000ae,174
1200,0x000000bd,189
1201,0x00000042,66
1202,0x000000b2,178
1203,0x00000084,132
1204,0x00000060,96
1205,0x000000bd,189
1206,0x00001330,4912
1207,0x000000dd,221
1208,0x00000158,344
1209,0x0000047f,1151
1210,0x00000084,132
1211,0x000000ad,173
1212,0x000000bd,189
1213,0x00000042,66
1214,0x000000b2,178
1215,0x00000084,132
1216,0x00000060,96
1217,0x000000bd,189
1218,0x0000107c,4220
1219,0x000000d4,212
1220,0x0000058e,1422
1221,0x00000042,66
1222,0x000000ae,174
1223,0x000000bd,189
1224,0x00000042,66
1225,0x000000b2,178
1226,0x00000084,132
1227,0x00000060,96
1228,0x000000bd,189
1229,0x0000132f,4911
1230,0x000000d4,212
1231,0x000005dc,1500
1232,0x00000042,66
1233,0x000000ae,174
1234,0x000000bd,189
1235,0x0000004a,74
1236,0x0000004a,74
1237,0x00000042,66
1238,0x0000004a,74
1239,0x0000004a,74
1240,0x0000004a,74
1241,0x0000004a,74
1242,0x000000b2,178
1243,0x00000042,66
1244,0x00000053,83
1245,0x000000bd,189
1246,0x0000132f,4911
1247,0x000000d2,210
1248,0x0000036e,878
1249,0x00000265,613
1250,0x00000042,66
1251,0x00000042,66
1252,0x000000ac,172
1253,0x000000bd,189
1254,0x00000042,66
1255,0x000000b2,178
1256,0x00000095,149
1257,0x000000bd,189
1258,0x00001330,4912
1259,0x000000de,222
1260,0x0000015d,349
1261,0x00000482,1154
1262,0x00000042,66
1263,0x000000ae,174
1264,0x000000bd,189
1265,0x00000042,66
1266,0x000000b2,178
1267,0x00000084,132
1268,0x00000060,96
1269,0x000000bd,189
1270,0x0000107c,4220
1271,0x000000d3,211
1272,0x0000015a,346
1273,0x0000047c,1148
1274,0x00000042,66
1275,0x000000ad,173
1276,0x000000bd,189
1277,0x00000042,66
1278,0x000000b2,178
1279,0x00000042,66
1280,0x00000053,83
1281,0x0000004a,74
1282,0x000000bd,189
1283,0x0000132f,4911
1284,0x000000d3,211
1285,0x00000158,344
1286,0x0000047f,1151
1287,0x00000042,66
1288,0x000000ad,173
1289,0x000000bd,189
1290,0x00000042,66
1291,0x0000004a,74
1292,0x0000004a,74
1293,0x0000004a,74
1294,0x0000004a,74
1295,0x000000b2,178
1296,0x00000042,66
1297,0x00000053,83
1298,0x000000bd,189
1299,0x0000132f,4911
1300,0x000000d3,211
1301,0x00000158,344
1302,0x00000481,1153
1303,0x00000042,66
1304,0x000000ad,173
1305,0x000000bd,189
1306,0x00000042,66
1307,0x000000a1,161
1308,0x00000042,66
1309,0x00000060,96
1310,0x000000bd,189
1311,0x00001330,4912
1312,0x000000de,222
1313,0x0000015b,347
1314,0x00000482,1154
1315,0x00000042,66
1316,0x000000ae,174
1317,0x000000bd,189
1318,0x00000042,66
1319,0x000000b2,178
1320,0x000000d7,215
1321,0x000000bd,189
1322,0x0000107c,4220
1323,0x000000d4,212
1324,0x000005dc,1500
1325,0x00000042,66
1326,0x000000ae,174
1327,0x000000bd,189
1328,0x0000004a,74
1329,0x00000042,66
1330,0x000000b2,178
1331,0x00000095,149
1332,0x000000bd,189
1333,0x0000132f,4911
1334,0x000000d3,211
1335,0x000002b7,695
1336,0x000003be,958
1337,0x00000042,66
1338,0x00000042,66
1339,0x000000ad,173
1340,0x000000bd,189
1341,0x00000042,66
1342,0x0000004a,74
1343,0x0000003c,60
1344,0x0000004a,74
1345,0x0000004a,74
1346,0x0000004a,74
1347,0x000000b2,178
1348,0x00000042,66
1349,0x00000095,149
1350,0x000000bd,189
1351,0x0000132f,4911
1352,0x000000d3,211
1353,0x000005d8,1496
1354,0x00000042,66
1355,0x000000ad,173
1356,0x000000bd,189
1357,0x00000042,66
1358,0x000000b2,178
1359,0x00000042,66
1360,0x00000053,83
1361,0x000000bd,189
1362,0x00001330,4912
1363,0x000000df,223
1364,0x000004d2,1234
1365,0x00000159,345
1366,0x00000042,66
1367,0x000000ae,174
1368,0x000000bd,189
1369,0x00000042,66
1370,0x000000b2,178
1371,0x00000042,66
1372,0x00000053,83
1373,0x000000bd,189
1374,0x0000107c,4220
1375,0x000000d4,212
1376,0x0000058d,1421
1377,0x00000042,66
1378,0x000000ae,174
1379,0x000000bd,189
1380,0x0000004a,74
1381,0x00000042,66
1382,0x000000b2,178
1383,0x00000042,66
1384,0x00000095,149
1385,0x000000bd,189
1386,0x0000132f,4911
1387,0x000000d4,212
1388,0x000005db,1499
1389,0x000000ae,174
1390,0x000000bd,189
1391,0x00000042,66
1392,0x0000004a,74
1393,0x0000004a,74
1394,0x0000020b,523
1395,0x0000009e,158
1396,0x00000042,66
1397,0x000000bd,189
1398,0x0000276b,10091
1399,0x000000df,223
1400,0x0000004a,74
1401,0x00000042,66
1402,0x000000c3,195
1403,0x00000069,105
1404,0x00002ead,11949
1405,0x0000353a,13626
1406,0x0000353a,13626
1407,0x00000bd4,3028
1408,0x00003b24,15140
1409,0x0000353a,13626
1410,0x000005ea,1514
1411,0x00002966,10598
1412,0x000011be,4542
1413,0x00002966,10598
1414,0x00002966,10598
1415,0x00002f50,12112
1416,0x000005ea,1514
1417,0x00002f50,12112
1418,0x00002966,10598
1419,0x00000bd4,3028
1420,0x0000237c,9084
1421,0x0000353a,13626
1422,0x00002f50,12112
1423,0x00002f50,12112
1424,0x0000353a,13626
1425,0x00002f50,12112
1426,0x000011be,4542
1427,0x000052cc,21196
1428,0x0000410e,16654
1429,0x00003b24,15140
1430,0x00003b24,15140
1431,0x0000353a,13626
1432,0x00003b24,15140
1433,0x000029e9,10729
1434,0x000000ae,174
1435,0x00001335,4917
1436,0x000000dd,221
1437,0x000005d8,1496
1438,0x00000042,66
1439,0x000000ad,173
1440,0x00001046,4166
1441,0x000000dd,221
1442,0x0000027c,636
1443,0x00000042,66
1444,0x000000ad,173
1445,0x00003d0a,15626
1446,0x00000053,83
1447,0x0000023d,573
1448,0x00000faf,4015
1449,0x00000042,66
1450,0x00000042,66
1451,0x000000ae,174
1452,0x0000004a,74
1453,0x00000042,66
1454,0x00000297,663
1455,0x00000042,66
1456,0x000000dd,221
1457,0x0000012f,303
1458,0x00000042,66
1459,0x000000ad,173
1460,0x0000020e,526
1461,0x0000020d,525
1462,0x000000f0,240
1463,0x00000042,66
1464,0x000000ae,174
1465,0x00000042,66
1466,0x000000de,222
1467,0x0000053c,1340
1468,0x00000042,66
1469,0x000000ad,173
1470,0x00000042,66
1471,0x000000df,223
1472,0x000000ae,174
1473,0x000027c4,10180
1474,0x00001e26,7718
1475,0x00000042,66
1476,0x000000de,222
1477,0x00000c49,3145
1478,0x000002fb,763
1479,0x00000042,66
1480,0x00000108,264
1481,0x0000014a,330
1482,0x0000014a,330
1483,0x00000252,594
1484,0x000000c6,198
1485,0x00000042,66
1486,0x0000035a,858
1487,0x000001ce,462
1488,0x000004e6,1254
1489,0x00000042,66
1490,0x00000042,66
1491,0x0000014a,330
1492,0x00000042,66
1493,0x0000014a,330
1494,0x00000042,66
1495,0x0000014a,330
1496,0x00000042,66
1497,0x00000108,264
1498,0x00000042,66
1499,0x00000108,264
1500,0x0000018c,396
1501,0x00000042,66
1502,0x000006b4,1716
1503,0x00000084,132
1504,0x00000252,594
1505,0x00000462,1122
1506,0x00000042,66
1507,0x000005ac,1452
1508,0x00000420,1056
1509,0x000001ce,462
1510,0x00000042,66
1511,0x00000294,660
1512,0x0000035a,858
1513,0x000000ad,173
1514,0x000001bd,445
1515,0x00000042,66
1516,0x000000ad,173
1517,0x0000004a,74
1518,0x00000042,66
1519,0x00002320,8992
1520,0x000000a2,162
1521,0x000000df,223
1522,0x0000063a,1594
1523,0x00000042,66
1524,0x000000b3,179
1525,0x00000462,1122
1526,0x000004a7,1191
1527,0x00000042,66
1528,0x00000042,66
1529,0x0000014a,330
1530,0x000005ac,1452
1531,0x000001ce,462
1532,0x00000042,66
1533,0x000004e6,1254
1534,0x00000420,1056
1535,0x00000042,66
1536,0x000000c6,198
1537,0x0000004a,74
1538,0x000000a4,164
1539,0x000010a6,4262
1540,0x0000020e,526
1541,0x0000410e,16654
1542,0x000011be,4542
1543,0x000017a8,6056
1544,0x00006a74,27252
1545,0x0000353a,13626
1546,0x000058b6,22710
1547,0x0000353a,13626
1548,0x00006a74,27252
1549,0x0000a598,42392
1550,0x0000821c,33308
1551,0x000011be,4542
1552,0x0000821c,33308
1553,0x00004ce2,19682
1554,0x00008df0,36336
1555,0x0000684f,26703
1556,0x00000042,66
1557,0x000000ae,174
1558,0x0000033b,827
1559,0x00000432,1074
1560,0x00000042,66
1561,0x0000014d,333
1562,0x000008c4,2244
1563,0x00000108,264
1564,0x000002d6,726
1565,0x00000840,2112
1566,0x00000084,132
1567,0x00000672,1650
1568,0x000000b1,177
1569,0x000012b4,4788
1570,0x0000d4e8,54504
1571,0x0000237c,9084
1572,0x000005ea,1514
1573,0x0000d4e8,54504
1574,0x00000bd4,3028
1575,0x00003b24,15140
1576,0x00001d92,7570
1577,0x0000b756,46934
1578,0x00007c32,31794
1579,0x00009fae,40878
1580,0x0000648a,25738
1581,0x000091b5,37301
1582,0x00000042,66
1583,0x000000be,190
1584,0x0000071b,1819
1585,0x00000084,132
1586,0x00000087,135
1587,0x00000084,132
1588,0x000006b4,1716
1589,0x00000462,1122
1590,0x00000042,66
1591,0x0000018c,396
1592,0x0000098a,2442
1593,0x00000042,66
1594,0x00000042,66
1595,0x00000528,1320
1596,0x00001157,4439
1597,0x0000020e,526
1598,0x000115f6,71158
1599,0x00006a74,27252
1600,0x0000dad2,56018
1601,0x00005ea0,24224
1602,0x0000f864,63588
1603,0x0000cefe,52990
1604,0x00007ff7,32759
1605,0x00000042,66
1606,0x000000ae,174
1607,0x000000dd,221
1608,0x0000025e,606
1609,0x00000424,1060
1610,0x000008c4,2244
1611,0x000004e6,1254
1612,0x00000087,135
1613,0x00000042,66
1614,0x00000dec,3564
1615,0x000000c6,198
1616,0x000000a4,164
1617,0x000012b4,4788
1618,0x0000410e,16654
1619,0x000115f6,71158
1620,0x0000821c,33308
1621,0x00010a22,68130
1622,0x00000bd4,3028
1623,0x00007c32,31794
1624,0x00010a22,68130
1625,0x000017a8,6056
1626,0x00007423,29731
1627,0x00000042,66
1628,0x000000ad,173
1629,0x0000020d,525
1630,0x0000055a,1370
1631,0x00000318,792
1632,0x00000672,1650
1633,0x0000056a,1386
1634,0x00000087,135
1635,0x00000042,66
1636,0x000005ac,1452
1637,0x000005ac,1452
1638,0x00000210,528
1639,0x000000a4,164
1640,0x000012b4,4788
1641,0x0000b756,46934
1642,0x0000e0bc,57532
1643,0x000115f6,71158
1644,0x0000bd40,48448
1645,0x0000410e,16654
1646,0x00010a22,68130
1647,0x00000bd4,3028
1648,0x00003ee9,16105
1649,0x00000042,66
1650,0x000000ae,174
1651,0x000000df,223
1652,0x00000688,1672
1653,0x0000039c,924
1654,0x00000a95,2709
1655,0x000002d6,726
1656,0x00000042,66
1657,0x00000462,1122
1658,0x00000042,66
1659,0x000000ae,174
1660,0x000000de,222
1661,0x00001358,4952
1662,0x00018c3e,101438
1663,0x000046f8,18168
1664,0x000017a8,6056
1665,0x0000bd40,48448
1666,0x00014546,83270
1667,0x0000c914,51476
1668,0x00004abd,19133
1669,0x00000042,66
1670,0x000000ae,174
1671,0x000000de,222
1672,0x000005eb,1515
1673,0x00000042,66
1674,0x0000014d,333
1675,0x0000018c,396
1676,0x00000042,66
1677,0x00000042,66
1678,0x00000042,66
1679,0x0000014a,330
1680,0x000000a4,164
1681,0x000012b4,4788
1682,0x0000cefe,52990
1683,0x00013972,80242
1684,0x0000237c,9084
1685,0x0001df0a,122634
1686,0x00006a74,27252
1687,0x000011be,4542
1688,0x00007a0d,31245
1689,0x00000042,66
1690,0x000000ae,174
1691,0x000000dd,221
1692,0x00000634,1588
1693,0x00000084,132
1694,0x0000018f,399
1695,0x0000018c,396
1696,0x00000042,66
1697,0x000000c6,198
1698,0x00000084,132
1699,0x000000a4,164
1700,0x000012b4,4788
1701,0x000052cc,21196
1702,0x0001e4f4,124148
1703,0x000011be,4542
1704,0x00016eac,93868
1705,0x00011be0,72672
1706,0x00000bd4,3028
1707,0x00002157,8535
1708,0x00000042,66
1709,0x000000ad,173
1710,0x000005e9,1513
1711,0x0000013c,316
1712,0x00000042,66
1713,0x0000018f,399
1714,0x0000018c,396
1715,0x00000042,66
1716,0x00000108,264
1717,0x00001157,4439
1718,0x0000020e,526
1719,0x00017496,95382
1720,0x000115f6,71158
1721,0x0000237c,9084
1722,0x00002f50,12112
1723,0x0001c178,115064
1724,0x00006265,25189
1725,0x00000042,66
1726,0x000000ae,174
1727,0x0000020c,524
1728,0x000004be,1214
1729,0x00000042,66
1730,0x0000018f,399
1731,0x000001ce,462
1732,0x00000042,66
1733,0x00000042,66
1734,0x000000c6,198
1735,0x0000114a,4426
1736,0x0000020e,526
1737,0x00017496,95382
1738,0x00015704,87812
1739,0x00002966,10598
1740,0x00008df0,36336
1741,0x00017e45,97861
1742,0x00000042,66
1743,0x000000ae,174
1744,0x0000020d,525
1745,0x0000050c,1292
1746,0x00000042,66
1747,0x00000108,264
1748,0x0000018c,396
1749,0x0000010b,267
1750,0x00000084,132
1751,0x00000084,132
1752,0x0000114a,4426
1753,0x0000020e,526
1754,0x00014546,83270
1755,0x0001c762,116578
1756,0x00010a22,68130
1757,0x0000ea6b,60011
1758,0x000001ce,462
1759,0x000000ae,174
1760,0x0000020d,525
1761,0x000004c8,1224
1762,0x000000c9,201
1763,0x000001ce,462
1764,0x00000108,264
1765,0x00000042,66
1766,0x000000c6,198
1767,0x000000b1,177
1768,0x000012b4,4788
1769,0x0000cefe,52990
1770,0x0001df0a,122634
1771,0x0000a598,42392
1772,0x0001ad95,109973
1773,0x00000042,66
1774,0x000000ae,174
1775,0x000006c3,1731
1776,0x00000084,132
1777,0x0000018f,399
1778,0x0000018c,396
1779,0x00000084,132
1780,0x00000042,66
1781,0x000000c6,198
1782,0x00001157,4439
1783,0x0000020e,526
1784,0x0000648a,25738
1785,0x0001df0a,122634
1786,0x00015cee,89326
1787,0x000160b3,90291
1788,0x000000ef,239
1789,0x000005ea,1514
1790,0x0000012f,303
1791,0x00000042,66
1792,0x000001ce,462
1793,0x0000018f,399
1794,0x00000042,66
1795,0x00000108,264
1796,0x000000a4,164
1797,0x000012b4,4788
1798,0x00016eac,93868
1799,0x0001df0a,122634
1800,0x000093da,37850
1801,0x000017a8,6056
1802,0x0000b16c,45420
1803,0x00005691,22161
1804,0x00000042,66
1805,0x000000ae,174
1806,0x0000020b,523
1807,0x000004ea,1258
1808,0x00000042,66
1809,0x000001ce,462
1810,0x0000018c,396
1811,0x00000042,66
1812,0x00000087,135
1813,0x00000042,66
1814,0x00000084,132
1815,0x00001358,4952
1816,0x00012d9e,77214
1817,0x0001e4f4,124148
1818,0x00010438,66616
1819,0x0000705e,28766
1820,0x00007a0d,31245
1821,0x00000042,66
1822,0x000000ad,173
1823,0x000000de,222
1824,0x00000594,1428
1825,0x00000084,132
1826,0x00000255,597
1827,0x00000108,264
1828,0x00000084,132
1829,0x00000042,66
1830,0x00000042,66
1831,0x0000114a,4426
1832,0x0000020e,526
1833,0x000017a8,6056
1834,0x0001df0a,122634
1835,0x0001e4f4,124148
1836,0x00004ce2,19682
1837,0x0000d8ad,55469
1838,0x00000084,132
1839,0x000000ae,174
1840,0x0000018b,395
1841,0x0000020d,525
1842,0x000004be,1214
1843,0x0000018f,399
1844,0x00000108,264
1845,0x0000014a,330
1846,0x00000084,132
1847,0x00000042,66
1848,0x00000042,66
1849,0x000000a4,164
1850,0x000012b4,4788
1851,0x0000dad2,56018
1852,0x0001df0a,122634
1853,0x00016eac,93868
1854,0x00002f50,12112
1855,0x0000a95d,43357
1856,0x00000042,66
1857,0x000000ae,174
1858,0x000000df,223
1859,0x00000639,1593
1860,0x00000042,66
1861,0x000000c9,201
1862,0x000001ce,462
1863,0x00000108,264
1864,0x00000042,66
1865,0x00000084,132
1866,0x00001157,4439
1867,0x0000020e,526
1868,0x00019228,102952
1869,0x0001df0a,122634
1870,0x0000b756,46934
1871,0x000000b2,178
1872,0x0000ab82,43906
1873,0x00002d2b,11563
1874,0x000000d7,215
1875,0x000000f0,240
1876,0x000000de,222
1877,0x0000038c,908
1878,0x000002f8,760
1879,0x00000042,66
1880,0x00000084,132
1881,0x0000014d,333
1882,0x000001ce,462
1883,0x00000084,132
1884,0x00001365,4965
1885,0x00012d9e,77214
1886,0x0001e4f4,124148
1887,0x000115f6,71158
1888,0x00006a74,27252
1889,0x00006e39,28217
1890,0x00000042,66
1891,0x000000ad,173
1892,0x000000bd,189
1893,0x000004f8,1272
1894,0x00000219,537
1895,0x00000042,66
1896,0x000001ce,462
1897,0x0000018f,399
1898,0x0000014a,330
1899,0x00000042,66
1900,0x00000042,66
1901,0x000000a4,164
1902,0x000012b4,4788
1903,0x0001100c,69644
1904,0x0001df0a,122634
1905,0x00013972,80242
1906,0x000052cc,21196
1907,0x000085e1,34273
1908,0x00000042,66
1909,0x000000ad,173
1910,0x000006c9,1737
1911,0x00000042,66
1912,0x000000c6,198
1913,0x00000255,597
1914,0x000000c6,198
1915,0x00000084,132
1916,0x00000084,132
1917,0x000000a4,164
1918,0x000012b4,4788
1919,0x00005ea0,24224
1920,0x0001df0a,122634
1921,0x0001df0a,122634
1922,0x00000bd4,3028
1923,0x0000d8ad,55469
1924,0x000000ef,239
1925,0x0000018d,397
1926,0x000003cc,972
1927,0x0000034c,844
1928,0x00000084,132
1929,0x0000018f,399
1930,0x0000018c,396
1931,0x000000c6,198
1932,0x00000042,66
1933,0x00002479,9337
1934,0x0000020e,526
1935,0x000017a8,6056
1936,0x0001e4f4,124148
1937,0x0001df0a,122634
1938,0x00004ce2,19682
1939,0x000052cc,21196
1940,0x000085e1,34273
1941,0x00000042,66
1942,0x000000ae,174
1943,0x000000d4,212
1944,0x0000058c,1420
1945,0x000005d6,1494
1946,0x0000013a,314
1947,0x00000042,66
1948,0x000001b6,438
1949,0x0000014a,330
1950,0x00000108,264
1951,0x000000c9,201
1952,0x00001358,4952
1953,0x000099c4,39364
1954,0x0001df0a,122634
1955,0x0001a9d0,109008
1956,0x0000d8ad,55469
1957,0x00000042,66
1958,0x000000ad,173
1959,0x000000de,222
1960,0x00000641,1601
1961,0x000000c9,201
1962,0x00000084,132
1963,0x0000014a,330
1964,0x00000108,264
1965,0x00000084,132
1966,0x000000b1,177
1967,0x000012b4,4788
1968,0x00013972,80242
1969,0x0001e4f4,124148
1970,0x00010a22,68130
1971,0x0000d8ad,55469
1972,0x00000042,66
1973,0x000000ad,173
1974,0x0000054c,1356
1975,0x0000021a,538
1976,0x00000042,66
1977,0x00000084,132
1978,0x000001ce,462
1979,0x00000108,264
1980,0x00000087,135
1981,0x00000108,264
1982,0x0000114a,4426
1983,0x0000020e,526
1984,0x00013388,78728
1985,0x0001df0a,122634
1986,0x000115f6,71158
1987,0x0000c32a,49962
1988,0x00001583,5507
1989,0x00000042,66
1990,0x000000ae,174
1991,0x00000718,1816
1992,0x00000042,66
1993,0x0000018f,399
1994,0x0000014a,330
1995,0x000000c6,198
1996,0x000000c6,198
1997,0x00001358,4952
1998,0x0000033f,831
1999,0x000005ea,1514
2000,0x0001e4f4,124148
2001,0x0001df0a,122634
2002,0x00005ea0,24224
2003,0x0000d8ad,55469
2004,0x00000207,519
2005,0x00000132,306
2006,0x0000018d,397
2007,0x000000ad,173
2008,0x0000020b,523
2009,0x000004f9,1273
2010,0x000001d1,465
2011,0x00000108,264
2012,0x0000018c,396
2013,0x00001365,4965
2014,0x0001b5a4,112036
2015,0x0001df0a,122634
2016,0x0001100c,69644
2017,0x00005c7b,23675
2018,0x00000042,66
2019,0x000000ad,173
2020,0x00000723,1827
2021,0x00000108,264
2022,0x00000213,531
2023,0x0000018c,396
2024,0x00000042,66
2025,0x000000b1,177
2026,0x000012b4,4788
2027,0x0000e6a6,59046
2028,0x0001e4f4,124148
2029,0x00015cee,89326
2030,0x0000d4e8,54504
2031,0x000003c5,965
2032,0x00000042,66
2033,0x000000ae,174
2034,0x000000de,222
2035,0x00000601,1537
2036,0x000000c9,201
2037,0x00000042,66
2038,0x0000018c,396
2039,0x0000014a,330
2040,0x000000c6,198
2041,0x00001157,4439
2042,0x0000020e,526
2043,0x0001afba,110522
2044,0x0001df0a,122634
2045,0x00017271,94833
2046,0x00000042,66
2047,0x000000ad,173
2048,0x000006de,1758
2049,0x0000018f,399
2050,0x00000108,264
2051,0x0000014a,330
2052,0x000000c6,198
2053,0x00001157,4439
2054,0x0000020e,526
2055,0x00008806,34822
2056,0x0001df0a,122634
2057,0x0001c178,115064
2058,0x0000d8ad,55469
2059,0x00003b24,15140
2060,0x000000ef,239
2061,0x000001d5,469
2062,0x0000020e,526
2063,0x00000503,1283
2064,0x00000084,132
2065,0x000001d1,465
2066,0x000000c6,198
2067,0x0000018c,396
2068,0x00001365,4965
2069,0x0001d336,119606
2070,0x0001df0a,122634
2071,0x00014ef5,85749
2072,0x00000231,561
2073,0x00000fa1,4001
2074,0x000000ae,174
2075,0x0000018b,395
2076,0x00000042,66
2077,0x00000042,66
2078,0x00000556,1366
2079,0x00000219,537
2080,0x000000c9,201
2081,0x00000042,66
2082,0x00000210,528
2083,0x0000018c,396
2084,0x000000c6,198
2085,0x000000b1,177
2086,0x000012b4,4788
2087,0x0000c32a,49962
2088,0x0001e4f4,124148
2089,0x0001df0a,122634
2090,0x00007a0d,31245
2091,0x00000042,66
2092,0x000000ad,173
2093,0x0000062a,1578
2094,0x0000013b,315
2095,0x00000042,66
2096,0x0000010b,267
2097,0x0000014a,330
2098,0x0000018c,396
2099,0x00000108,264
2100,0x00000042,66
2101,0x00001365,4965
2102,0x0001d920,121120
2103,0x0001e4f4,124148
2104,0x00014321,82721
2105,0x00000042,66
2106,0x000000ae,174
2107,0x0000020c,524
2108,0x000004b2,1202
2109,0x00000084,132
2110,0x000001d1,465
2111,0x00000108,264
2112,0x000000c6,198
2113,0x00000108,264
2114,0x00001358,4952
2115,0x00005ea0,24224
2116,0x0001e4f4,124148
2117,0x0001df0a,122634
2118,0x0000de97,56983
2119,0x00000042,66
2120,0x000000ad,173
2121,0x00000710,1808
2122,0x000000c9,201
2123,0x00000108,264
2124,0x0000018c,396
2125,0x000000c6,198
2126,0x000000c6,198
2127,0x000000b1,177
2128,0x000012b4,4788
2129,0x000093da,37850
2130,0x0001df0a,122634
2131,0x0001afba,110522
2132,0x0000d4e8,54504
2133,0x000003c5,965
2134,0x00000042,66
2135,0x000000ad,173
2136,0x0000071d,1821
2137,0x0000014a,330
2138,0x00000108,264
2139,0x000001ce,462
2140,0x000000c9,201
2141,0x00000042,66
2142,0x00000042,66
2143,0x000000a4,164
2144,0x000012b4,4788
2145,0x0000237c,9084
2146,0x0001df0a,122634
2147,0x0001df0a,122634
2148,0x000046f8,18168
2149,0x0000d8ad,55469
2150,0x0000018b,395
2151,0x000000ad,173
2152,0x0000033e,830
2153,0x000003e5,997
2154,0x0000014d,333
2155,0x0000014a,330
2156,0x0000018c,396
2157,0x00000042,66
2158,0x00000042,66
2159,0x00000042,66
2160,0x00001157,4439
2161,0x00007e40,32320
2162,0x0001df0a,122634
2163,0x0001df0a,122634
2164,0x0000c6ef,50927
2165,0x00000042,66
2166,0x000000ae,174
2167,0x0000033d,829
2168,0x000003e6,998
2169,0x000000c9,201
2170,0x00000108,264
2171,0x0000014a,330
2172,0x0000018c,396
2173,0x000000b1,177
2174,0x000012b4,4788
2175,0x000168c2,92354
2176,0x0001e4f4,124148
2177,0x0001b37f,111487
2178,0x00000042,66
2179,0x000000ae,174
2180,0x000005dc,1500
2181,0x0000013b,315
2182,0x0000010b,267
2183,0x0000014a,330
2184,0x000001ce,462
2185,0x000000c6,198
2186,0x00001365,4965
2187,0x0000821c,33308
2188,0x0001df0a,122634
2189,0x0001c762,116578
2190,0x0000d8ad,55469
2191,0x000000f0,240
2192,0x0000020e,526
2193,0x000004b5,1205
2194,0x000000c9,201
2195,0x000001ce,462
2196,0x0000018c,396
2197,0x00000042,66
2198,0x00000042,66
2199,0x00000042,66
2200,0x00001157,4439
2201,0x0000020e,526
2202,0x0000dad2,56018
2203,0x0001df0a,122634
2204,0x00016eac,93868
2205,0x0000d8ad,55469
2206,0x00000042,66
2207,0x000000ad,173
2208,0x00000711,1809
2209,0x0000010b,267
2210,0x00000084,132
2211,0x000001ce,462
2212,0x000000c6,198
2213,0x00000108,264
2214,0x000000b1,177
2215,0x000012b4,4788
2216,0x000011be,4542
2217,0x0001e4f4,124148
2218,0x0001df0a,122634
2219,0x0000d4e8,54504
2220,0x00005691,22161
2221,0x000000ef,239
2222,0x0000018b,395
2223,0x00000727,1831
2224,0x00000042,66
2225,0x0000010b,267
2226,0x000001ce,462
2227,0x0000014a,330
2228,0x00000084,132
2229,0x00001358,4952
2230,0x00013388,78728
2231,0x0001e4f4,124148
2232,0x0001df0a,122634
2233,0x000009af,2479
2234,0x00000042,66
2235,0x000000ae,174
2236,0x000000de,222
2237,0x00000642,1602
2238,0x0000010b,267
2239,0x00000084,132
2240,0x000001ce,462
2241,0x000000c6,198
2242,0x000000c6,198
2243,0x00001157,4439
2244,0x000099c4,39364
2245,0x0001df0a,122634
2246,0x0001df0a,122634
2247,0x0000ab29,43817
2248,0x000000ef,239
2249,0x0000020b,523
2250,0x000004b8,1208
2251,0x00000042,66
2252,0x00000084,132
2253,0x00000213,531
2254,0x0000014a,330
2255,0x0000014a,330
2256,0x00000084,132
2257,0x000000b1,177
2258,0x000012b4,4788
2259,0x00005ea0,24224
2260,0x0001df0a,122634
2261,0x0001df0a,122634
2262,0x0000e481,58497
2263,0x000000ef,239
2264,0x0000046a,1130
2265,0x000002f8,760
2266,0x000000c6,198
2267,0x000000c9,201
2268,0x0000014a,330
2269,0x00000108,264
2270,0x0000114a,4426
2271,0x0000020e,526
2272,0x00000bd4,3028
2273,0x0001df0a,122634
2274,0x0001df0a,122634
2275,0x0001374d,79693
2276,0x000000ef,239
2277,0x000000df,223
2278,0x0000063b,1595
2279,0x0000010b,267
2280,0x00000108,264
2281,0x0000014a,330
2282,0x00000084,132
2283,0x00000042,66
2284,0x000000c6,198
2285,0x00001157,4439
2286,0x0000020e,526
2287,0x00019228,102952
2288,0x0001df0a,122634
2289,0x00019003,102403
2290,0x00000060,96
2291,0x000000ae,174
2292,0x000000de,222
2293,0x000000ae,174
2294,0x0000046a,1130
2295,0x000002f7,759
2296,0x00000042,66
2297,0x0000010b,267
2298,0x000001ce,462
2299,0x000000c6,198
2300,0x00000084,132
2301,0x000000c6,198
2302,0x00001358,4952
2303,0x00008df0,36336
2304,0x0001e4f4,124148
2305,0x0001df0a,122634
2306,0x0000af47,44871
2307,0x00000042,66
2308,0x000000ad,173
2309,0x000000df,223
2310,0x00000696,1686
2311,0x0000014a,330
2312,0x0000014d,333
2313,0x0000014a,330
2314,0x00000084,132
2315,0x00001358,4952
2316,0x00013f5c,81756
2317,0x0001df0a,122634
2318,0x00010a22,68130
2319,0x0000d8ad,55469
2320,0x000000f0,240
2321,0x0000020e,526
2322,0x00000554,1364
2323,0x000000c9,201
2324,0x00000084,132
2325,0x000001ce,462
2326,0x000000c6,198
2327,0x000000c6,198
2328,0x00001157,4439
2329,0x0000020e,526
2330,0x00008806,34822
2331,0x0001df0a,122634
2332,0x0001c178,115064
2333,0x0000d8ad,55469
2334,0x000000ef,239
2335,0x0000033f,831
2336,0x0000042a,1066
2337,0x00000042,66
2338,0x00000042,66
2339,0x00000084,132
2340,0x0000018f,399
2341,0x0000014a,330
2342,0x00000084,132
2343,0x00000042,66
2344,0x0000114a,4426
2345,0x0000020e,526
2346,0x0000410e,16654
2347,0x0001df0a,122634
2348,0x0001df0a,122634
2349,0x00010213,66067
2350,0x00000042,66
2351,0x000000ae,174
2352,0x0000020a,522
2353,0x00000514,1300
2354,0x0000014d,333
2355,0x0000018c,396
2356,0x0000014a,330
2357,0x00000084,132
2358,0x00001157,4439
2359,0x0000020e,526
2360,0x0000c32a,49962
2361,0x0001df0a,122634
2362,0x00018654,99924
2363,0x0000d8ad,55469
2364,0x00000042,66
2365,0x000000f0,240
2366,0x0000018b,395
2367,0x0000046e,1134
2368,0x000002f9,761
2369,0x0000014d,333
2370,0x00000108,264
2371,0x000001ce,462
2372,0x00000084,132
2373,0x000000c6,198
2374,0x000000b1,177
2375,0x000010a6,4262
2376,0x0000020e,526
2377,0x0000cefe,52990
2378,0x0001df0a,122634
2379,0x0001df0a,122634
2380,0x00007423,29731
2381,0x00000042,66
2382,0x000000ae,174
2383,0x000004ff,1279
2384,0x0000021c,540
2385,0x0000014d,333
2386,0x0000014a,330
2387,0x000001ce,462
2388,0x00000042,66
2389,0x00001365,4965
2390,0x0000f27a,62074
2391,0x0001df0a,122634
2392,0x0001e4f4,124148
2393,0x00004abd,19133
2394,0x00000042,66
2395,0x000000ae,174
2396,0x0000033b,827
2397,0x000003ef,1007
2398,0x000001d1,465
2399,0x0000018c,396
2400,0x00000108,264
2401,0x00000042,66
2402,0x00001358,4952
2403,0x000093da,37850
2404,0x0001df0a,122634
2405,0x0001b5a4,112036
2406,0x0000d8ad,55469
2407,0x00000042,66
2408,0x000000ad,173
2409,0x0000020e,526
2410,0x00000503,1283
2411,0x0000015e,350
2412,0x0000014a,330
2413,0x0000018c,396
2414,0x00000084,132
2415,0x000000c6,198
2416,0x000000b1,177
2417,0x000012b4,4788
2418,0x00019812,104466
2419,0x0001df0a,122634
2420,0x00018a19,100889
2421,0x00000042,66
2422,0x000000ad,173
2423,0x0000046a,1130
2424,0x00000395,917
2425,0x000001d1,465
2426,0x00000108,264
2427,0x0000018c,396
2428,0x00000042,66
2429,0x00001365,4965
2430,0x00007c32,31794
2431,0x0001df0a,122634
2432,0x0001cd4c,118092
2433,0x0000d8ad,55469
2434,0x00000132,306
2435,0x000000dd,221
2436,0x000000ad,173
2437,0x0000020e,526
2438,0x00000388,904
2439,0x00000227,551
2440,0x000000c9,201
2441,0x00000084,132
2442,0x0000018c,396
2443,0x00000108,264
2444,0x0000014a,330
2445,0x000000b1,177
2446,0x000012b4,4788
2447,0x00010a22,68130
2448,0x0001e4f4,124148
2449,0x0001df0a,122634
2450,0x00003315,13077
2451,0x00000042,66
2452,0x000000ad,173
2453,0x000000dd,221
2454,0x00000641,1601
2455,0x00000084,132
2456,0x00000297,663
2457,0x0000018c,396
2458,0x00000042,66
2459,0x00000042,66
2460,0x00000042,66
2461,0x0000114a,4426
2462,0x0000ad90,44432
2463,0x0001df0a,122634
2464,0x00019dfc,105980
2465,0x0000d8ad,55469
2466,0x00000042,66
2467,0x000000ad,173
2468,0x0000020e,526
2469,0x000004bc,1212
2470,0x00000108,264
2471,0x00000108,264
2472,0x0000014d,333
2473,0x00000042,66
2474,0x00000042,66
2475,0x00000042,66
2476,0x00001358,4952
2477,0x00019228,102952
2478,0x0001df0a,122634
2479,0x0000b756,46934
2480,0x0000d8ad,55469
2481,0x00000042,66
2482,0x000000ae,174
2483,0x000000de,222
2484,0x00000634,1588
2485,0x00000042,66
2486,0x000000c6,198
2487,0x00000213,531
2488,0x000000c6,198
2489,0x00000042,66
2490,0x000000a4,164
2491,0x000012b4,4788
2492,0x00007648,30280
2493,0x0001df0a,122634
2494,0x0001d336,119606
2495,0x00002966,10598
2496,0x0000af47,44871
2497,0x00000042,66
2498,0x000000ad,173
2499,0x000004f7,1271
2500,0x00000225,549
2501,0x00000042,66
2502,0x00000108,264
2503,0x00000213,531
2504,0x00000108,264
2505,0x0000114a,4426
2506,0x0000020e,526
2507,0x0000fe4e,65102
2508,0x0001df0a,122634
2509,0x00014b30,84784
2510,0x0000d8ad,55469
2511,0x00000131,305
2512,0x0000018a,394
2513,0x000000df,223
2514,0x000004bf,1215
2515,0x00000228,552
2516,0x00000060,96
2517,0x000000fe,254
2518,0x00000042,66
2519,0x000001ce,462
2520,0x0000014a,330
2521,0x00000042,66
2522,0x00000084,132
2523,0x00001157,4439
2524,0x000164e6,91366
2525,0x0001df0a,122634
2526,0x0001bf53,114515
2527,0x00000042,66
2528,0x000000ae,174
2529,0x00000718,1816
2530,0x00000042,66
2531,0x0000018f,399
2532,0x0000014a,330
2533,0x00000108,264
2534,0x00000042,66
2535,0x000000c6,198
2536,0x00001365,4965
2537,0x000162d8,90840
2538,0x0001df0a,122634
2539,0x0000e6a6,59046
2540,0x0000d8ad,55469
2541,0x000000f0,240
2542,0x0000020d,525
2543,0x00000553,1363
2544,0x000000c9,201
2545,0x0000018c,396
2546,0x00000108,264
2547,0x00000108,264
2548,0x00001365,4965
2549,0x000121ca,74186
2550,0x0001e4f4,124148
2551,0x000121ca,74186
2552,0x0000d8ad,55469
2553,0x00000042,66
2554,0x0000014e,334
2555,0x00000548,1352
2556,0x00000269,617
2557,0x00000042,66
2558,0x0000010b,267
2559,0x00000108,264
2560,0x0000014a,330
2561,0x00000108,264
2562,0x00000042,66
2563,0x00001365,4965
2564,0x0000fe4e,65102
2565,0x0001df0a,122634
2566,0x00014b30,84784
2567,0x0000d8ad,55469
2568,0x00000042,66
2569,0x000000ad,173
2570,0x00000557,1367
2571,0x00000228,552
2572,0x000000c9,201
2573,0x00000042,66
2574,0x0000014a,330
2575,0x0000018c,396
2576,0x00000183,387
2577,0x00001365,4965
2578,0x0001cd4c,118092
2579,0x0001df0a,122634
2580,0x000154df,87263
2581,0x000000ad,173
2582,0x0000018d,397
2583,0x0000062e,1582
2584,0x0000013c,316
2585,0x00000087,135
2586,0x00000108,264
2587,0x0000018c,396
2588,0x000000c6,198
2589,0x00000042,66
2590,0x000000b1,177
2591,0x000012b4,4788
2592,0x0000f864,63588
2593,0x0001df0a,122634
2594,0x0001df0a,122634
2595,0x00004abd,19133
2596,0x00000042,66
2597,0x000000ae,174
2598,0x000006c7,1735
2599,0x00000084,132
2600,0x0000018f,399
2601,0x0000018c,396
2602,0x0000014a,330
2603,0x000000a4,164
2604,0x000012b4,4788
2605,0x00005ea0,24224
2606,0x0001df0a,122634
2607,0x0001e4f4,124148
2608,0x0000de97,56983
2609,0x00000042,66
2610,0x000000ae,174
2611,0x0000020c,524
2612,0x0000050b,1291
2613,0x000000c9,201
2614,0x0000014a,330
2615,0x0000014a,330
2616,0x0000014a,330
2617,0x00000042,66
2618,0x00001330,4912
2619,0x00001358,4952
2620,0x0000b756,46934
2621,0x0001df0a,122634
2622,0x00019228,102952
2623,0x0000d8ad,55469
2624,0x00000042,66
2625,0x000000ae,174
2626,0x000000de,222
2627,0x0000062b,1579
2628,0x000004fe,1278
2629,0x0000021c,540
2630,0x00000042,66
2631,0x00000042,66
2632,0x00000084,132
2633,0x00000213,531
2634,0x000001f8,504
2635,0x000000c6,198
2636,0x00001358,4952
2637,0x0001806a,98410
2638,0x0001e4f4,124148
2639,0x0000c32a,49962
2640,0x0000d8ad,55469
2641,0x000000f0,240
2642,0x0000020d,525
2643,0x000005a1,1441
2644,0x0000010b,267
2645,0x00000108,264
2646,0x0000014a,330
2647,0x0000018c,396
2648,0x00001365,4965
2649,0x000162d8,90840
2650,0x0001df0a,122634
2651,0x0001bf53,114515
2652,0x000000f0,240
2653,0x0000018b,395
2654,0x0000033f,831
2655,0x0000021a,538
2656,0x00000227,551
2657,0x0000014d,333
2658,0x000000c6,198
2659,0x0000018c,396
2660,0x0000014a,330
2661,0x000000b1,177
2662,0x000012b4,4788
2663,0x000017a8,6056
2664,0x0001df0a,122634
2665,0x0001e4f4,124148
2666,0x0001258f,75151
2667,0x000000f0,240
2668,0x00000210,528
2669,0x00000508,1288
2670,0x000000c6,198
2671,0x000001ce,462
2672,0x0000018f,399
2673,0x000000c6,198
2674,0x0000232a,9002
2675,0x0000114a,4426
2676,0x0000dce0,56544
2677,0x0001df0a,122634
2678,0x00016eac,93868
2679,0x0000d8ad,55469
2680,0x000000f0,240
2681,0x0000033f,831
2682,0x00000042,66
2683,0x000000de,222
2684,0x00000687,1671
2685,0x000000d4,212
2686,0x0000063d,1597
2687,0x0000010b,267
2688,0x000000c6,198
2689,0x000003a0,928
2690,0x00000108,264
2691,0x00000194,404
2692,0x00000042,66
2693,0x0000139a,5018
2694,0x00000132,306
2695,0x00008a16,35350
2696,0x0001df8e,122766
2697,0x0001c1f9,115193
2698,0x0000d931,55601
2699,0x000001f5,501
2700,0x00000131,305
2701,0x00000084,132
2702,0x00000084,132
2703,0x00000042,66
2704,0x00000132,306
2705,0x00000042,66
2706,0x00000381,897
2707,0x00000460,1120
2708,0x00000042,66
2709,0x00000294,660
2710,0x0000031b,795
2711,0x00000108,264
2712,0x00000108,264
2713,0x0000035a,858
2714,0x000000a4,164
2715,0x000012b4,4788
2716,0x0000d4e8,54504
2717,0x0001df0a,122634
2718,0x0001c762,116578
2719,0x000085e1,34273
2720,0x00000042,66
2721,0x000000ae,174
2722,0x0000046a,1130
2723,0x00000304,772
2724,0x00000042,66
2725,0x0000010b,267
2726,0x0000018c,396
2727,0x0000018c,396
2728,0x00000042,66
2729,0x0000114a,4426
2730,0x0000020e,526
2731,0x00001d92,7570
2732,0x0001df0a,122634
2733,0x0001df0a,122634
2734,0x0001258f,75151
2735,0x00000042,66
2736,0x0000018b,395
2737,0x000000ad,173
2738,0x000000de,222
2739,0x00000574,1396
2740,0x0000012e,302
2741,0x000000c9,201
2742,0x0000018c,396
2743,0x0000014a,330
2744,0x00000108,264
2745,0x000000b1,177
2746,0x000012b4,4788
2747,0x00006a74,27252
2748,0x0001df0a,122634
2749,0x0001df0a,122634
2750,0x0000d8ad,55469
2751,0x00000042,66
2752,0x000000ae,174
2753,0x0000020f,527
2754,0x000004cf,1231
2755,0x00000084,132
2756,0x0000014a,330
2757,0x0000018c,396
2758,0x000000c9,201
2759,0x00000108,264
2760,0x00001358,4952
2761,0x0000e0bc,57532
2762,0x0001df0a,122634
2763,0x000168c2,92354
2764,0x0000d8ad,55469
2765,0x00000042,66
2766,0x000000ad,173
2767,0x000000de,222
2768,0x000005f1,1521
2769,0x0000012d,301
2770,0x0000018f,399
2771,0x0000014a,330
2772,0x00000108,264
2773,0x000000c6,198
2774,0x0000114a,4426
2775,0x0000fa72,64114
2776,0x0001e4f4,124148
2777,0x00019dfc,105980
2778,0x0000c105,49413
2779,0x000001d5,469
2780,0x00000042,66
2781,0x000000ad,173
2782,0x0000046c,1132
2783,0x000002f9,761
2784,0x000000c6,198
2785,0x0000018f,399
2786,0x0000014a,330
2787,0x00000084,132
2788,0x00000108,264
2789,0x000000de,222
2790,0x000014b6,5302
2791,0x00000fa0,4000
2792,0x0000a598,42392
2793,0x0001e598,124312
2794,0x0001e000,122880
2795,0x0000a95d,43357
2796,0x00000042,66
2797,0x00000042,66
2798,0x000000ad,173
2799,0x00000042,66
2800,0x000000ae,174
2801,0x00003c04,15364
2802,0x0000768a,30346
2803,0x0000014a,330
2804,0x00000213,531
2805,0x00000108,264
2806,0x00000042,66
2807,0x00007c32,31794
2808,0x00000084,132
2809,0x000000b1,177
2810,0x000012b4,4788
2811,0x0000821c,33308
2812,0x0001bb8e,113550
2813,0x0001df0a,122634
2814,0x0001669d,91805
2815,0x00000bd4,3028
2816,0x00007c32,31794
2817,0x00008e9d,36509
2818,0x0000018c,396
2819,0x000094b8,38072
2820,0x00000596,1430
2821,0x000099c4,39364
2822,0x00000042,66
2823,0x00000213,531
2824,0x000000c6,198
2825,0x0000014a,330
2826,0x00007c32,31794
2827,0x00002966,10598
2828,0x000000b1,177
2829,0x000012b4,4788
2830,0x000046f8,18168
2831,0x000195ed,103917
2832,0x0001e4f4,124148
2833,0x0001ad95,109973
2834,0x00000042,66
2835,0x0000019d,413
2836,0x000004fa,1274
2837,0x000002ec,748
2838,0x00000635,1589
2839,0x0000014d,333
2840,0x0000014a,330
2841,0x000006b4,1716
2842,0x000001ce,462
2843,0x00000087,135
2844,0x00000084,132
2845,0x00000042,66
2846,0x0000039c,924
2847,0x00000210,528
2848,0x00001365,4965
2849,0x0000e07e,57470
2850,0x0001e054,122964
2851,0x0001c178,115064
2852,0x000085e1,34273
2853,0x000004a4,1188
2854,0x00000294,660
2855,0x00000042,66
2856,0x000002bd,701
2857,0x000004f9,1273
2858,0x00000218,536
2859,0x000000a4,164
2860,0x000012b4,4788
2861,0x00008e32,36402
2862,0x000000c9,201
2863,0x00001976,6518
2864,0x00000cdc,3292
2865,0x0000773c,30524
2866,0x00001e58,7768
2867,0x00002966,10598
2868,0x00000042,66
2869,0x00007100,28928
2870,0x000000a4,164
2871,0x00006372,25458
2872,0x0000726c,29292
2873,0x0001e4f4,124148
2874,0x0001df0a,122634
2875,0x00013d37,81207
2876,0x00004ce2,19682
2877,0x000011be,4542
2878,0x0000353a,13626
2879,0x0000768a,30346
2880,0x000000ad,173
2881,0x000052cc,21196
2882,0x000050fa,20730
2883,0x000002f8,760
2884,0x00006a74,27252
2885,0x00004abd,19133
2886,0x0000010b,267
2887,0x000001ce,462
2888,0x00000108,264
2889,0x000000c6,198
2890,0x00001157,4439
2891,0x0000020e,526
2892,0x00000bd4,3028
2893,0x0001df0a,122634
2894,0x0001df0a,122634
2895,0x0001374d,79693
2896,0x000000bd,189
2897,0x00000042,66
2898,0x000001cc,460
2899,0x0000015a,346
2900,0x000000de,222
2901,0x00000463,1123
2902,0x000008df,2271
2903,0x00000087,135
2904,0x00000108,264
2905,0x0000014a,330
2906,0x00000255,597
2907,0x00000108,264
2908,0x00000252,594
2909,0x00000042,66
2910,0x000000b1,177
2911,0x000012b4,4788
2912,0x00000042,66
2913,0x00000252,594
2914,0x0001bbd0,113616
2915,0x0001df0a,122634
2916,0x0001669d,91805
2917,0x00000042,66
2918,0x00000252,594
2919,0x00000042,66
2920,0x00000042,66
2921,0x00000143,323
2922,0x00000252,594
2923,0x00000129,297
2924,0x0000063a,1594
2925,0x00000042,66
2926,0x0000114a,4426
2927,0x0000020e,526
2928,0x000000c9,201
2929,0x0000d048,53320
2930,0x0000018c,396
2931,0x00001e58,7768
2932,0x00000bd4,3028
2933,0x0000d4e8,54504
2934,0x000000b1,177
2935,0x00001c7a,7290
2936,0x0000020e,526
2937,0x0001a9d0,109008
2938,0x0001df0a,122634
2939,0x0001df0a,122634
2940,0x0000a373,41843
2941,0x00011be0,72672
2942,0x000000f0,240
2943,0x0000dad2,56018
2944,0x00001d92,7570
2945,0x0000033c,828
2946,0x000003e2,994
2947,0x000009af,2479
2948,0x00000255,597
2949,0x0000014a,330
2950,0x00001184,4484
2951,0x00000084,132
2952,0x000000ad,173
2953,0x00000042,66
2954,0x00000042,66
2955,0x000006ba,1722
2956,0x000000b1,177
2957,0x000012b4,4788
2958,0x00008df0,36336
2959,0x0001df8e,122766
2960,0x0001be67,114279
2961,0x0000d8ef,55535
2962,0x000000d3,211
2963,0x0000066a,1642
2964,0x00000042,66
2965,0x00000252,594
2966,0x00000042,66
2967,0x00000084,132
2968,0x000000ef,239
2969,0x00000252,594
2970,0x00000042,66
2971,0x00000042,66
2972,0x000000b1,177
2973,0x000012b4,4788
2974,0x0000bd40,48448
2975,0x000046f8,18168
2976,0x00000bd4,3028
2977,0x000017a8,6056
2978,0x0000e6a6,59046
2979,0x000052cc,21196
2980,0x0000b756,46934
2981,0x0000705e,28766
2982,0x00001d92,7570
2983,0x00007c32,31794
2984,0x0000237c,9084
2985,0x000058b6,22710
2986,0x00006265,25189
2987,0x00000084,132
2988,0x000000ef,239
2989,0x00000239,569
2990,0x000000d3,211
2991,0x00000a9f,2719
2992,0x0000033b,827
2993,0x000001ce,462
2994,0x000001ce,462
2995,0x000004e6,1254
2996,0x00000255,597
2997,0x0000010b,267
2998,0x0000018c,396
2999,0x0000039c,924
3000,0x00000338,824
3001,0x000012b4,4788
3002,0x00000252,594
3003,0x00017206,94726
3004,0x0001df4c,122700
3005,0x0001b37f,111487
3006,0x00001358,4952
3007,0x0000e0bc,57532
3008,0x0000648a,25738
3009,0x00000c16,3094
3010,0x00001e3f,7743
3011,0x000011be,4542
3012,0x0000cefe,52990
3013,0x00000211,529
3014,0x00009347,37703
3015,0x00004ce2,19682
3016,0x00002f50,12112
3017,0x00004ce2,19682
3018,0x0000bd40,48448
3019,0x000000c9,201
3020,0x00000108,264
3021,0x00008992,35218
3022,0x00000108,264
3023,0x00001607,5639
3024,0x00001157,4439
3025,0x00000308,776
3026,0x00001fa0,8096
3027,0x0001df0a,122634
3028,0x0001e536,124214
3029,0x00012052,73810
3030,0x00000410,1040
3031,0x00000354,852
3032,0x000001c3,451
3033,0x00000134,308
3034,0x00000084,132
3035,0x000004e6,1254
3036,0x00000547,1351
3037,0x00000042,66
3038,0x00000297,663
3039,0x0000018c,396
3040,0x0000027b,635
3041,0x0000014a,330
3042,0x00000108,264
3043,0x0000039c,924
3044,0x00001365,4965
3045,0x000000b1,177
3046,0x000012b4,4788
3047,0x0000bd40,48448
3048,0x0001e4f4,124148
3049,0x0001df0a,122634
3050,0x0001df0a,122634
3051,0x000050a7,20647
3052,0x0000705e,28766
3053,0x0000821c,33308
3054,0x00008df0,36336
3055,0x00006a74,27252
3056,0x00010438,66616
3057,0x000005ea,1514
3058,0x000005ea,1514
3059,0x00005691,22161
3060,0x00000042,66
3061,0x00000042,66
3062,0x0000024a,586
3063,0x000000dd,221
3064,0x000002e0,736
3065,0x00000af2,2802
3066,0x00000042,66
3067,0x0000010b,267
3068,0x000002d9,729
3069,0x0000014a,330
3070,0x0000018c,396
3071,0x00000108,264
3072,0x00000042,66
3073,0x000001ce,462
3074,0x000000c6,198
3075,0x000013a7,5031
3076,0x0000821c,33308
3077,0x0001e4f4,124148
3078,0x0001c1ba,115130
3079,0x0000da39,55865
3080,0x000000b1,177
3081,0x000012b4,4788
3082,0x00000042,66
3083,0x00018702,100098
3084,0x000046f8,18168
3085,0x0000237c,9084
3086,0x0000033b,827
3087,0x00012609,75273
3088,0x0000c32a,49962
3089,0x00000bd4,3028
3090,0x0000010b,267
3091,0x00012029,73769
3092,0x00000108,264
3093,0x0000018c,396
3094,0x000000c6,198
3095,0x00000042,66
3096,0x000000ad,173
3097,0x000000b1,177
3098,0x000010a6,4262
3099,0x000006b8,1720
3100,0x00015912,88338
3101,0x0001e4f4,124148
3102,0x0001a9d0,109008
3103,0x00001b6d,7021
3104,0x000000c6,198
3105,0x000001ce,462
3106,0x00000087,135
3107,0x00000042,66
3108,0x00000042,66
3109,0x000000ad,173
3110,0x00000372,882
3111,0x00000883,2179
3112,0x0000014d,333
3113,0x0000146d,5229
3114,0x0000134a,4938
3115,0x0001affd,110589
3116,0x0000705e,28766
3117,0x00001365,4965
3118,0x00018c3e,101438
3119,0x0001df0a,122634
3120,0x0001df0a,122634
3121,0x00013388,78728
3122,0x0000c105,49413
3123,0x00008806,34822
3124,0x00003ee9,16105
3125,0x000000ef,239
3126,0x000001cc,460
3127,0x000000ad,173
3128,0x00000745,1861
3129,0x000008a5,2213
3130,0x0000115b,4443
3131,0x00000108,264
3132,0x0000031b,795
3133,0x00000210,528
3134,0x0000039f,927
3135,0x0000018c,396
3136,0x000000c6,198
3137,0x00000042,66
3138,0x00000252,594
3139,0x00000042,66
3140,0x000008c8,2248
3141,0x00000cca,3274
3142,0x00008806,34822
3143,0x0001df0a,122634
3144,0x0001c178,115064
3145,0x00009fae,40878
3146,0x00004a49,19017
3147,0x0000020e,526
3148,0x00007648,30280
3149,0x0001c762,116578
3150,0x00002966,10598
3151,0x00000042,66
3152,0x000192d6,103126
3153,0x000058b6,22710
3154,0x0000020f,527
3155,0x0000038c,908
3156,0x0000b16f,45423
3157,0x0000010b,267
3158,0x00000042,66
3159,0x000001ce,462
3160,0x0000014a,330
3161,0x00000132,306
3162,0x000000b1,177
3163,0x00001388,5000
3164,0x0000063c,1596
3165,0x0000821c,33308
3166,0x0001e4f4,124148
3167,0x0001df0a,122634
3168,0x0000bb1b,47899
3169,0x00000084,132
3170,0x0000014d,333
3171,0x000000c6,198
3172,0x00000042,66
3173,0x000000c6,198
3174,0x00000174,372
3175,0x00000042,66
3176,0x00001358,4952
3177,0x0000020f,527
3178,0x00006f43,28483
3179,0x0001df0a,122634
3180,0x00003b24,15140
3181,0x0000237c,9084
3182,0x00001871,6257
3183,0x00019330,103216
3184,0x00004842,18498
3185,0x0000014a,330
3186,0x0000684f,26703
3187,0x000000b1,177
3188,0x000012b4,4788
3189,0x000017a8,6056
3190,0x0001df0a,122634
3191,0x0001e4f4,124148
3192,0x0001258f,75151
3193,0x0000027c,636
3194,0x000000ad,173
3195,0x000001b1,433
3196,0x00000be5,3045
3197,0x00000084,132
3198,0x0000018f,399
3199,0x000001d1,465
3200,0x0000018c,396
3201,0x0000018c,396
3202,0x00000108,264
3203,0x00000042,66
3204,0x00000084,132
3205,0x00000084,132
3206,0x00001365,4965
3207,0x00011b6c,72556
3208,0x0001db2e,121646
3209,0x0001e4f4,124148
3210,0x0001dce5,122085
3211,0x00012d9e,77214
3212,0x000017a8,6056
3213,0x0000cefe,52990
3214,0x0001220c,74252
3215,0x000027ee,10222
3216,0x000004f9,1273
3217,0x0000021a,538
3218,0x00000042,66
3219,0x000000ad,173
3220,0x00000042,66
3221,0x00000213,531
3222,0x000008cf,2255
3223,0x000000c6,198
3224,0x00000042,66
3225,0x00000042,66
3226,0x00000108,264
3227,0x000012a4,4772
3228,0x00000292,658
3229,0x00019812,104466
3230,0x0001df0a,122634
3231,0x0000b1ae,45486
3232,0x0000d9b5,55733
3233,0x000000b1,177
3234,0x000012b4,4788
3235,0x00000042,66
3236,0x00017b2d,97069
3237,0x00016eac,93868
3238,0x00003596,13718
3239,0x0000b29a,45722
3240,0x0001374d,79693
3241,0x00000084,132
3242,0x0000014d,333
3243,0x0000014a,330
3244,0x00000108,264
3245,0x00000042,66
3246,0x000000c6,198
3247,0x00001358,4952
3248,0x00014b30,84784
3249,0x0001df0a,122634
3250,0x0001d6fb,120571
3251,0x00000132,306
3252,0x0000023a,570
3253,0x000000d4,212
3254,0x00000846,2118
3255,0x00000470,1136
3256,0x0000012d,301
3257,0x00000084,132
3258,0x00000042,66
3259,0x00000150,336
3260,0x0000018c,396
3261,0x000001ce,462
3262,0x00000108,264
3263,0x00000084,132
3264,0x000000f3,243
3265,0x000012b4,4788
3266,0x00007c32,31794
3267,0x0001df0a,122634
3268,0x0001df0a,122634
3269,0x0000d839,55353
3270,0x0000020e,526
3271,0x00019812,104466
3272,0x00019dfc,105980
3273,0x000011be,4542
3274,0x00000c16,3094
3275,0x00000c80,3200
3276,0x0000c32a,49962
3277,0x0000de97,56983
3278,0x000006c1,1729
3279,0x00000042,66
3280,0x000000f0,240
3281,0x0000018f,399
3282,0x000001ce,462
3283,0x000000c6,198
3284,0x000006ab,1707
3285,0x000000b1,177
3286,0x00001338,4920
3287,0x0000138f,5007
3288,0x0001e5ba,124346
3289,0x0001df8e,122766
3290,0x0000b16c,45420
3291,0x00007a0d,31245
3292,0x00000108,264
3293,0x0000139a,5018
3294,0x000000ad,173
3295,0x00012d9e,77214
3296,0x0001df0a,122634
3297,0x0000648a,25738
3298,0x0000020a,522
3299,0x000004d0,1232
3300,0x000005ea,1514
3301,0x00018a19,100889
3302,0x00000042,66
3303,0x0000014a,330
3304,0x000001d1,465
3305,0x00000108,264
3306,0x00000042,66
3307,0x000000a4,164
3308,0x000012b4,4788
3309,0x00007c32,31794
3310,0x0001df0a,122634
3311,0x0001e4f4,124148
3312,0x0000c105,49413
3313,0x000000c6,198
3314,0x0000015b,347
3315,0x0000018b,395
3316,0x000004eb,1259
3317,0x000008f2,2290
3318,0x000000f4,244
3319,0x00000255,597
3320,0x000001d1,465
3321,0x00000210,528
3322,0x0000014a,330
3323,0x0000014a,330
3324,0x00000119,281
3325,0x00000042,66
3326,0x00001365,4965
3327,0x0000115b,4443
3328,0x0001121a,70170
3329,0x0001df0a,122634
3330,0x0001e4f4,124148
3331,0x0001df0a,122634
3332,0x0001e2cf,123599
3333,0x0000410e,16654
3334,0x0000e6a6,59046
3335,0x000044e4,17636
3336,0x000000f0,240
3337,0x00000042,66
3338,0x000002b7,695
3339,0x000004b8,1208
3340,0x000000d4,212
3341,0x0000059c,1436
3342,0x000000c6,198
3343,0x0000018f,399
3344,0x0000014a,330
3345,0x0000018c,396
3346,0x0000014a,330
3347,0x00000108,264
3348,0x000000c9,201
3349,0x000000a4,164
3350,0x00001163,4451
3351,0x0000020e,526
3352,0x000000c6,198
3353,0x0001c178,115064
3354,0x0001e4f4,124148
3355,0x00015ac9,88777
3356,0x00001358,4952
3357,0x0000ec90,60560
3358,0x0001e4f4,124148
3359,0x000121ca,74186
3360,0x00000042,66
3361,0x00002429,9257
3362,0x00002966,10598
3363,0x0000c105,49413
3364,0x0000046d,1133
3365,0x00000357,855
3366,0x000000c9,201
3367,0x00000084,132
3368,0x00000108,264
3369,0x000001ce,462
3370,0x00000108,264
3371,0x00001365,4965
3372,0x00001d92,7570
3373,0x0001df0a,122634
3374,0x0001df0a,122634
3375,0x0001258f,75151
3376,0x000000f0,240
3377,0x000001cd,461
3378,0x000000ae,174
3379,0x000001b3,435
3380,0x00000a66,2662
3381,0x0000021c,540
3382,0x0000018f,399
3383,0x00000108,264
3384,0x00000213,531
3385,0x0000014a,330
3386,0x00000210,528
3387,0x0000018c,396
3388,0x00000084,132
3389,0x000000c6,198
3390,0x00001358,4952
3391,0x00005ea0,24224
3392,0x0001df0a,122634
3393,0x0001e0a4,123044
3394,0x0000f63f,63039
3395,0x0000c36c,50028
3396,0x0001df0a,122634
3397,0x00018654,99924
3398,0x00002f50,12112
3399,0x0000aa4d,43597
3400,0x0000153f,5439
3401,0x00000565,1381
3402,0x00000042,66
3403,0x000000ae,174
3404,0x000000c9,201
3405,0x000007c1,1985
3406,0x00000042,66
3407,0x0000014a,330
3408,0x00000255,597
3409,0x00000108,264
3410,0x0000014a,330
3411,0x00000084,132
3412,0x000000d3,211
3413,0x0000172d,5933
3414,0x000002d4,724
3415,0x00000042,66
3416,0x0001afba,110522
3417,0x0001e4f4,124148
3418,0x00016c87,93319
3419,0x000013e9,5097
3420,0x0000f327,62247
3421,0x0001df0a,122634
3422,0x00015704,87812
3423,0x00000042,66
3424,0x000076f6,30454
3425,0x00002966,10598
3426,0x000038ff,14591
3427,0x000000dd,221
3428,0x0000038c,908
3429,0x00000347,839
3430,0x00000042,66
3431,0x00000084,132
3432,0x000000c6,198
3433,0x00000213,531
3434,0x0000114a,4426
3435,0x0000020e,526
3436,0x0000821c,33308
3437,0x0001df0a,122634
3438,0x0001c762,116578
3439,0x0000d8ad,55469
3440,0x00000042,66
3441,0x0000019c,412
3442,0x0000018a,394
3443,0x000002de,734
3444,0x00000638,1592
3445,0x000004b4,1204
3446,0x0000018f,399
3447,0x0000018f,399
3448,0x0000018c,396
3449,0x0000018c,396
3450,0x000001ce,462
3451,0x0000014a,330
3452,0x00000042,66
3453,0x000000c6,198
3454,0x00001365,4965
3455,0x0001c111,114961
3456,0x0001e118,123160
3457,0x0001100c,69644
3458,0x0001e2cf,123599
3459,0x0001df0a,122634
3460,0x000162d8,90840
3461,0x000017a8,6056
3462,0x00002741,10049
3463,0x00000042,66
3464,0x000000ad,173
3465,0x00000121,289
3466,0x000006b3,1715
3467,0x00000672,1650
3468,0x000000c9,201
3469,0x00000108,264
3470,0x0000018c,396
3471,0x00000108,264
3472,0x00000108,264
3473,0x000000c6,198
3474,0x0000018c,396
3475,0x0000010b,267
3476,0x000000b1,177
3477,0x0000137a,4986
3478,0x000046f8,18168
3479,0x0001df0a,122634
3480,0x0001df0a,122634
3481,0x00004d86,19846
3482,0x0000c1fb,49659
3483,0x00019dfc,105980
3484,0x0001df0a,122634
3485,0x0000ab82,43906
3486,0x00009fae,40878
3487,0x00003941,14657
3488,0x000000ae,174
3489,0x000000de,222
3490,0x000005f5,1525
3491,0x0000012d,301
3492,0x0000033f,831
3493,0x000000c9,201
3494,0x00000042,66
3495,0x000001ce,462
3496,0x000000c6,198
3497,0x00000108,264
3498,0x000000a4,164
3499,0x00001387,4999
3500,0x0000777c,30588
3501,0x0001df0a,122634
3502,0x0001d336,119606
3503,0x0000cefe,52990
3504,0x000009af,2479
3505,0x00000042,66
3506,0x000000ad,173
3507,0x000000ef,239
3508,0x00000239,569
3509,0x000000d3,211
3510,0x00000802,2050
3511,0x000004b9,1209
3512,0x00000042,66
3513,0x00000192,402
3514,0x000001ce,462
3515,0x00000108,264
3516,0x00000210,528
3517,0x00000108,264
3518,0x000000c6,198
3519,0x000000c6,198
3520,0x00000108,264
3521,0x000000a4,164
3522,0x000012b4,4788
3523,0x00004ce2,19682
3524,0x0001e0a4,123044
3525,0x0001e4f4,124148
3526,0x0000f864,63588
3527,0x0001e2cf,123599
3528,0x0001df0a,122634
3529,0x0001490b,84235
3530,0x000000f0,240
3531,0x000000ef,239
3532,0x000006c3,1731
3533,0x000000d3,211
3534,0x00000635,1589
3535,0x000000c9,201
3536,0x000000c6,198
3537,0x0000018c,396
3538,0x0000014a,330
3539,0x00000108,264
3540,0x0000018c,396
3541,0x000001d1,465
3542,0x00000042,66
3543,0x00000084,132
3544,0x000000b1,177
3545,0x000012b4,4788
3546,0x00006a74,27252
3547,0x0001dfae,122798
3548,0x0001e000,122880
3549,0x0000ea6b,60011
3550,0x000121ca,74186
3551,0x0001df0a,122634
3552,0x0001e4f4,124148
3553,0x00001b6d,7021
3554,0x00000042,66
3555,0x000000ad,173
3556,0x000000dd,221
3557,0x000004b9,1209
3558,0x00000227,551
3559,0x00000084,132
3560,0x000000c9,201
3561,0x000001ce,462
3562,0x000000c6,198
3563,0x00000108,264
3564,0x000000a4,164
3565,0x000012b4,4788
3566,0x0000f27a,62074
3567,0x0001df0a,122634
3568,0x0001cd4c,118092
3569,0x00006265,25189
3570,0x00000174,372
3571,0x00000239,569
3572,0x00000799,1945
3573,0x0000033d,829
3574,0x000002f8,760
3575,0x0000018f,399
3576,0x00003ba8,15272
3577,0x0000010b,267
3578,0x000001ce,462
3579,0x00000210,528
3580,0x00000217,535
3581,0x00000084,132
3582,0x00000108,264
3583,0x00000042,66
3584,0x000026bd,9917
3585,0x0001c762,116578
3586,0x0001df0a,122634
3587,0x0001df0a,122634
3588,0x0001e4f4,124148
3589,0x0001df0a,122634
3590,0x0000b8f6,47350
3591,0x000000d3,211
3592,0x000001df,479
3593,0x0000015a,346
3594,0x00000ff0,4080
3595,0x00002324,8996
3596,0x000000de,222
3597,0x00000d3d,3389
3598,0x00000084,132
3599,0x00000053,83
3600,0x00000173,371
3601,0x0000018f,399
3602,0x00000252,594
3603,0x00000108,264
3604,0x00000210,528
3605,0x000000c6,198
3606,0x0000014d,333
3607,0x00000108,264
3608,0x000000a4,164
3609,0x000012b4,4788
3610,0x00019812,104466
3611,0x0001e0b1,123057
3612,0x00019bd7,105431
3613,0x00015324,86820
3614,0x0001e3c1,123841
3615,0x0001d111,119057
3616,0x00000042,66
3617,0x0000008c,140
3618,0x00000173,371
3619,0x00000358,856
3620,0x0000069a,1690
3621,0x00000069,105
3622,0x000000ef,239
3623,0x00000042,66
3624,0x00000306,774
3625,0x0000014a,330
3626,0x0000018c,396
3627,0x000000c6,198
3628,0x00000297,663
3629,0x00000324,804
3630,0x00000108,264
3631,0x0000014a,330
3632,0x000000c6,198
3633,0x000011db,4571
3634,0x00000de2,3554
3635,0x0001df8e,122766
3636,0x0001df4c,122700
3637,0x000137d1,79825
3638,0x00000042,66
3639,0x00000042,66
3640,0x00000042,66
3641,0x00000132,306
3642,0x000000ad,173
3643,0x0000018b,395
3644,0x000000d4,212
3645,0x000005eb,1515
3646,0x000006ca,1738
3647,0x00000042,66
3648,0x000000c6,198
3649,0x000000c6,198
3650,0x0000018c,396
3651,0x000001d1,465
3652,0x00000213,531
3653,0x000000c6,198
3654,0x00000084,132
3655,0x000000b1,177
3656,0x000010a6,4262
3657,0x000000a4,164
3658,0x0000d7ec,55276
3659,0x0001df0a,122634
3660,0x0001e4f4,124148
3661,0x0001df0a,122634
3662,0x0001e2cf,123599
3663,0x0001b969,113001
3664,0x00000042,66
3665,0x000000f0,240
3666,0x000000ae,174
3667,0x0000059b,1435
3668,0x00000429,1065
3669,0x00000512,1298
3670,0x00000042,66
3671,0x000000c9,201
3672,0x00000108,264
3673,0x000000a2,162
3674,0x0000014a,330
3675,0x0000028a,650
3676,0x000001ce,462
3677,0x00000084,132
3678,0x00000042,66
3679,0x00000042,66
3680,0x000000b1,177
3681,0x000012b4,4788
3682,0x0001637c,91004
3683,0x0001e5ea,124394
3684,0x0001cb27,117543
3685,0x00014b30,84784
3686,0x0001df0a,122634
3687,0x0001d6fb,120571
3688,0x00000042,66
3689,0x000000ae,174
3690,0x000006e5,1765
3691,0x000000c9,201
3692,0x0000008c,140
3693,0x00000210,528
3694,0x0000018c,396
3695,0x00000042,66
3696,0x0000004a,74
3697,0x00001157,4439
3698,0x00013596,79254
3699,0x0001df0a,122634
3700,0x00018c3e,101438
3701,0x00006265,25189
3702,0x00000084,132
3703,0x0000015b,347
3704,0x0000018c,396
3705,0x000000d3,211
3706,0x000008d3,2259
3707,0x00000401,1025
3708,0x00000042,66
3709,0x0000014d,333
3710,0x000001ce,462
3711,0x00000297,663
3712,0x00000108,264
3713,0x000001ce,462
3714,0x000000c6,198
3715,0x00000084,132
3716,0x00000042,66
3717,0x00001157,4439
3718,0x00011dee,73198
3719,0x0001de96,122518
3720,0x0001e4f4,124148
3721,0x0001452f,83247
3722,0x0001df0a,122634
3723,0x00013972,80242
3724,0x0000d8ad,55469
3725,0x00000042,66
3726,0x000000ad,173
3727,0x00000042,66
3728,0x00000202,514
3729,0x000005bc,1468
3730,0x00000042,66
3731,0x00000530,1328
3732,0x000003d7,983
3733,0x0000018f,399
3734,0x00000084,132
3735,0x00000042,66
3736,0x0000010b,267
3737,0x00001210,4624
3738,0x00000358,856
3739,0x0000ca1c,51740
3740,0x0001df0a,122634
3741,0x0001df4c,122700
3742,0x00007ad3,31443
3743,0x00001365,4965
3744,0x0000ecd2,60626
3745,0x0001dfb8,122808
3746,0x00016eac,93868
3747,0x0000c6ef,50927
3748,0x00000202,514
3749,0x00000526,1318
3750,0x00000042,66
3751,0x000000c6,198
3752,0x000000c6,198
3753,0x0000014d,333
3754,0x00000042,66
3755,0x0000114a,4426
3756,0x0000020e,526
3757,0x0000cefe,52990
3758,0x0001df0a,122634
3759,0x0001df0a,122634
3760,0x00007423,29731
3761,0x00000042,66
3762,0x000000f0,240
3763,0x0000018c,396
3764,0x000000ad,173
3765,0x000006c0,1728
3766,0x000000dd,221
3767,0x000005e6,1510
3768,0x00000108,264
3769,0x00000192,402
3770,0x000000c6,198
3771,0x0000018c,396
3772,0x00000210,528
3773,0x00000084,132
3774,0x00000042,66
3775,0x00000084,132
3776,0x000000a4,164
3777,0x000012b4,4788
3778,0x0001a497,107671
3779,0x0001e000,122880
3780,0x00019003,102403
3781,0x000168c2,92354
3782,0x0001df0a,122634
3783,0x0001b969,113001
3784,0x00000042,66
3785,0x000000ae,174
3786,0x00000042,66
3787,0x000000ad,173
3788,0x000006c2,1730
3789,0x0000020c,524
3790,0x0000050a,1290
3791,0x00000084,132
3792,0x000001d1,465
3793,0x00000108,264
3794,0x000000c6,198
3795,0x0000014d,333
3796,0x000001ce,462
3797,0x00000108,264
3798,0x000000c6,198
3799,0x0000114a,4426
3800,0x0000020e,526
3801,0x0000237c,9084
3802,0x0001e0b1,123057
3803,0x0001df0a,122634
3804,0x0001842f,99375
3805,0x0001df0a,122634
3806,0x0001e4f4,124148
3807,0x0000ea6b,60011
3808,0x00000042,66
3809,0x000000ae,174
3810,0x00000202,514
3811,0x000004bc,1212
3812,0x00000042,66
3813,0x000001d1,465
3814,0x0000014a,330
3815,0x00000108,264
3816,0x00000042,66
3817,0x00000042,66
3818,0x00001358,4952
3819,0x00004ce2,19682
3820,0x0001e4f4,124148
3821,0x0001df0a,122634
3822,0x0000f055,61525
3823,0x000001e0,480
3824,0x0000018d,397
3825,0x00000713,1811
3826,0x000000d4,212
3827,0x000005ec,1516
3828,0x00000084,132
3829,0x000000c9,201
3830,0x000001ce,462
3831,0x0000014a,330
3832,0x00000738,1848
3833,0x0000014a,330
3834,0x00000213,531
3835,0x00000084,132
3836,0x000000a4,164
3837,0x000012b4,4788
3838,0x00001358,4952
3839,0x000005ea,1514
3840,0x0001e4f4,124148
3841,0x0001df0a,122634
3842,0x0001df0a,122634
3843,0x0001df0a,122634
3844,0x0001e2cf,123599
3845,0x0000979f,38815
3846,0x00000042,66
3847,0x00000042,66
3848,0x000000ef,239
3849,0x000000ae,174
3850,0x0000020a,522
3851,0x000005e7,1511
3852,0x00000596,1430
3853,0x0000010b,267
3854,0x00000210,528
3855,0x00000108,264
3856,0x00000252,594
3857,0x0000018f,399
3858,0x00000210,528
3859,0x00000084,132
3860,0x00001409,5129
3861,0x000012b4,4788
3862,0x0001afba,110522
3863,0x0001e4f4,124148
3864,0x0001df0a,122634
3865,0x0001df0a,122634
3866,0x0001e4f4,124148
3867,0x0000cac5,51909
3868,0x00000042,66
3869,0x000000ad,173
3870,0x000000d4,212
3871,0x0000041f,1055
3872,0x0000021a,538
3873,0x00000084,132
3874,0x00000108,264
3875,0x00000087,135
3876,0x000001ce,462
3877,0x000000a4,164
3878,0x000012b4,4788
3879,0x00013f5c,81756
3880,0x0001dfae,122798
3881,0x0001df0a,122634
3882,0x000003c5,965
3883,0x000010a6,4262
3884,0x00000084,132
3885,0x000000ae,174
3886,0x00000239,569
3887,0x000000d3,211
3888,0x00000f06,3846
3889,0x000000c6,198
3890,0x00000210,528
3891,0x0000370b,14091
3892,0x0000018c,396
3893,0x000001ce,462
3894,0x00000213,531
3895,0x000000c6,198
3896,0x000046f8,18168
3897,0x00003bc8,15304
3898,0x000006e0,1760
3899,0x00009574,38260
3900,0x0001e4f4,124148
3901,0x0001df0a,122634
3902,0x0001df0a,122634
3903,0x0001e2cf,123599
3904,0x0001df0a,122634
3905,0x000107fd,67581
3906,0x000093da,37850
3907,0x0000c914,51476
3908,0x00000042,66
3909,0x00000697,1687
3910,0x00008806,34822
3911,0x0000e1ab,57771
3912,0x00000671,1649
3913,0x0000648a,25738
3914,0x0000020f,527
3915,0x00003db9,15801
3916,0x00000042,66
3917,0x00000108,264
3918,0x00000042,66
3919,0x0000010e,270
3920,0x00000294,660
3921,0x000001ce,462
3922,0x00000084,132
3923,0x000000ad,173
3924,0x00000042,66
3925,0x00001210,4624
3926,0x0000020e,526
3927,0x0000237c,9084
3928,0x0001df0a,122634
3929,0x0001dea3,122531
3930,0x00012d87,77191
3931,0x000099c4,39364
3932,0x0001df0a,122634
3933,0x0001afba,110522
3934,0x0000d8ad,55469
3935,0x0000020c,524
3936,0x000004b7,1207
3937,0x000000c6,198
3938,0x0000014d,333
3939,0x00000108,264
3940,0x00000084,132
3941,0x00000084,132
3942,0x00000042,66
3943,0x00000042,66
3944,0x00000084,132
3945,0x00000084,132
3946,0x00000084,132
3947,0x00000084,132
3948,0x00001358,4952
3949,0x000162d8,90840
3950,0x0000237c,9084
3951,0x00000bd4,3028
3952,0x000058b6,22710
3953,0x00012d9e,77214
3954,0x00000bd4,3028
3955,0x0001806a,98410
3956,0x00002f50,12112
3957,0x00002d2b,11563
3958,0x00000173,371
3959,0x0000023b,571
3960,0x000000ad,173
3961,0x00000620,1568
3962,0x00000f3f,3903
3963,0x00000042,66
3964,0x00000084,132
3965,0x0000018f,399
3966,0x000002d6,726
3967,0x00000414,1044
3968,0x00002179,8569
3969,0x00000210,528
3970,0x00000108,264
3971,0x000001ce,462
3972,0x0000026a,618
3973,0x00000084,132
3974,0x00001157,4439
3975,0x000015a8,5544
3976,0x0000018c,396
3977,0x0001c178,115064
3978,0x0001df8e,122766
3979,0x0001e4f4,124148
3980,0x0001df0a,122634
3981,0x0001dce5,122085
3982,0x0000bc23,48163
3983,0x00000042,66
3984,0x00000042,66
3985,0x000000c6,198
3986,0x00000084,132
3987,0x0000019d,413
3988,0x00000116,278
3989,0x000006b5,1717
3990,0x00000917,2327
3991,0x00000507,1287
3992,0x00000042,66
3993,0x000000c6,198
3994,0x00000113,275
3995,0x00000084,132
3996,0x000001ce,462
3997,0x000014e4,5348
3998,0x00000297,663
3999,0x00001e9a,7834
4000,0x0001892a,100650
4001,0x00000d60,3424
4002,0x00001892,6290
4003,0x000000fb,251
4004,0x00000042,66
4005,0x00019dca,105930
4006,0x0000016a,362
4007,0x000014c2,5314
4008,0x00019854,104532
4009,0x0001df0a,122634
4010,0x0001df4c,122700
4011,0x0001e4f4,124148
4012,0x0001dce5,122085
4013,0x0001e311,123665
4014,0x0000b573,46451
4015,0x00000042,66
4016,0x00000042,66
4017,0x00000042,66
4018,0x00000042,66
4019,0x000000c6,198
4020,0x0000027b,635
4021,0x00000132,306
4022,0x000000ae,174
4023,0x00000042,66
4024,0x0000074b,1867
4025,0x000002a1,673
4026,0x00000b3a,2874
4027,0x00000042,66
4028,0x00000042,66
4029,0x00000084,132
4030,0x000001a0,416
4031,0x000001ce,462
4032,0x000001ce,462
4033,0x0000035d,861
4034,0x000001d1,465
4035,0x000001ce,462
4036,0x00000084,132
4037,0x000000f3,243
4038,0x000013bc,5052
4039,0x0000014a,330
4040,0x0000b1ae,45486
4041,0x0001df0a,122634
4042,0x0001df4c,122700
4043,0x0000a5d3,42451
4044,0x0001806a,98410
4045,0x0001df0a,122634
4046,0x00017b04,97028
4047,0x00002783,10115
4048,0x00000042,66
4049,0x000000ad,173
4050,0x00000042,66
4051,0x000000c6,198
4052,0x00000701,1793
4053,0x000000ae,174
4054,0x00000042,66
4055,0x00000084,132
4056,0x000004ed,1261
4057,0x0000066f,1647
4058,0x0000014a,330
4059,0x000001ce,462
4060,0x00000084,132
4061,0x0000010b,267
4062,0x000001ac,428
4063,0x00002555,9557
4064,0x00000316,790
4065,0x00014546,83270
4066,0x0001df0a,122634
4067,0x0001e4f4,124148
4068,0x0001df0a,122634
4069,0x00004c57,19543
4070,0x0000cefe,52990
4071,0x00019dfc,105980
4072,0x0001df0a,122634
4073,0x0001b5a4,112036
4074,0x0000d8ad,55469
4075,0x0000e0bc,57532
4076,0x00002741,10049
4077,0x00000173,371
4078,0x000002e6,742
4079,0x000000d3,211
4080,0x00000f60,3936
4081,0x00000509,1289
4082,0x00000042,66
4083,0x0000014d,333
4084,0x00000210,528
4085,0x000001d1,465
4086,0x00000255,597
4087,0x0000018c,396
4088,0x000001ce,462
4089,0x00000294,660
4090,0x0000014a,330
4091,0x00001358,4952
4092,0x000011ce,4558
4093,0x0001be20,114208
4094,0x0001e4f4,124148
4095,0x0001df0a,122634
