0,0x0000000d,13
1,0x0000037b,891
2,0x00000e97,3735
3,0x00001184,4484
4,0x00001691,5777
5,0x00002725,10021
6,0x00002a93,10899
7,0x000035af,13743
8,0x0000389c,14492
9,0x000038a5,14501
10,0x00003da8,15784
11,0x00003db4,15796
12,0x000051ac,20908
13,0x00005fbc,24508
14,0x001fa19e,2072990
15,0x001fa82e,2074670
16,0x001fab52,2075474
17,0x001fab57,2075479
18,0x001fc3d6,2081750
19,0x001fcf3e,2084670
20,0x001fd27a,2085498
21,0x001fe1fd,2089469
22,0x001ff994,2095508
23,0x002020ac,2105516
24,0x002047c6,2115526
25,0x00206bcc,2124748
26,0x00206ee2,2125538
27,0x00206ee7,2125543
28,0x002095fc,2135548
29,0x0020bd15,2145557
30,0x0020e42d,2155565
31,0x0021085b,2164827
32,0x00210b45,2165573
33,0x0021325d,2175581
34,0x00213270,2175600
35,0x00215988,2185608
36,0x002180a0,2195616
37,0x0021a7b9,2205625
38,0x0021ced1,2215633
39,0x0021f5e9,2225641
40,0x00221d02,2235650
41,0x0022441a,2245658
42,0x00226b33,2255667
43,0x0022924b,2265675
44,0x0022b964,2275684
45,0x0022b96f,2275695
46,0x0022e0b8,2285752
47,0x002307d1,2295761
48,0x00232ee9,2305769
49,0x00235601,2315777
50,0x00237d1a,2325786
51,0x0023a432,2335794
52,0x0023cb4c,2345804
53,0x0023f267,2355815
54,0x00241980,2365824
55,0x00244098,2375832
56,0x002440a4,2375844
57,0x002467bf,2385855
58,0x00248ed7,2395863
59,0x0024b5f0,2405872
60,0x0024dd09,2415881
61,0x00250421,2425889
62,0x002522c3,2433731
63,0x00252633,2434611
64,0x00252638,2434616
65,0x00252b39,2435897
66,0x00254663,2442851
67,0x00254d59,2444633
68,0x00255253,2445907
69,0x00255271,2445937
70,0x00257471,2454641
71,0x0025796d,2455917
72,0x00259b8a,2464650
73,0x0025a087,2465927
74,0x0025bf7a,2473850
75,0x0025c2a7,2474663
76,0x0025c7a1,2475937
77,0x0025c7af,2475951
78,0x0025e9c1,2484673
79,0x0025e9fb,2484731
80,0x0025eec8,2485960
81,0x002610da,2494682
82,0x002615e1,2495969
83,0x002637f2,2504690
84,0x00263cfa,2505978
85,0x00263d1a,2506010
86,0x00265c30,2513968
87,0x00265f0a,2514698
88,0x00266415,2515989
89,0x00268622,2524706
90,0x00268b2e,2525998
91,0x0026ad3a,2534714
92,0x0026ad4c,2534732
93,0x0026b247,2536007
94,0x0026d463,2544739
95,0x0026d962,2546018
96,0x0026fb7c,2554748
97,0x0027007c,2556028
98,0x00272295,2564757
99,0x00272794,2566036
100,0x002749ad,2574765
101,0x00274ead,2576045
102,0x00274eb8,2576056
103,0x002770c7,2584775
104,0x002775d0,2586064
105,0x002797e0,2594784
106,0x00279ce9,2596073
107,0x0027bef8,2604792
108,0x0027c402,2606082
109,0x0027e610,2614800
110,0x0027eb1c,2616092
111,0x00280d28,2624808
112,0x00281237,2626103
113,0x00283441,2634817
114,0x0028344c,2634828
115,0x0028394e,2636110
116,0x00285b64,2644836
117,0x00286068,2646120
118,0x0028827d,2654845
119,0x00288781,2656129
120,0x0028a995,2664853
121,0x0028ae9a,2666138
122,0x0028d0ae,2674862
123,0x0028d5b4,2676148
124,0x0028d5c2,2676162
125,0x0028f7c6,2684870
126,0x0028fcda,2686170
127,0x00291edf,2694879
128,0x002923f4,2696180
129,0x002945f8,2704888
130,0x00294b0c,2706188
131,0x00296d12,2714898
132,0x00297224,2716196
133,0x0029942a,2724906
134,0x0029993d,2726205
135,0x0029bb44,2734916
136,0x0029bba7,2735015
137,0x0029c055,2736213
138,0x0029e2c0,2745024
139,0x0029e770,2746224
140,0x002a09d9,2755033
141,0x002a0e88,2756232
142,0x002a30f2,2765042
143,0x002a35a2,2766242
144,0x002a3958,2767192
145,0x002a4380,2769792
146,0x002a4b4f,2771791
147,0x002a580c,2775052
148,0x002a5cbc,2776252
149,0x002a5cc8,2776264
150,0x002a6a90,2779792
151,0x002a7f24,2785060
152,0x002a83e2,2786274
153,0x002a919e,2789790
154,0x002aa63b,2795067
155,0x002aaafb,2796283
156,0x002ab8ae,2799790
157,0x002ab8b3,2799795
158,0x002acd53,2805075
159,0x002ad215,2806293
160,0x002ad5e6,2807270
161,0x002adfcc,2809804
162,0x002af46c,2815084
163,0x002af490,2815120
164,0x002af92d,2816301
165,0x002af944,2816324
166,0x002b06e4,2819812
167,0x002b1b85,2825093
168,0x002b2046,2826310
169,0x002b2dfc,2829820
170,0x002b429f,2835103
171,0x002b42aa,2835114
172,0x002b4760,2836320
173,0x002b5515,2839829
174,0x002b69c3,2845123
175,0x002b6e79,2846329
176,0x002b72c4,2847428
177,0x002b7c2e,2849838
178,0x002b7c2f,2849839
179,0x002b90dd,2855133
180,0x002b9591,2856337
181,0x002ba347,2859847
182,0x002bb7f6,2865142
183,0x002bbcaa,2866346
184,0x002bca5e,2869854
185,0x002bdeed,2875117
186,0x002bdf0f,2875151
187,0x002be3c4,2876356
188,0x002be3ee,2876398
189,0x002be3f1,2876401
190,0x002bf176,2879862
191,0x002c0627,2885159
192,0x002c0b0a,2886410
193,0x002c188e,2889870
194,0x002c18a0,2889888
195,0x002c2d40,2895168
196,0x002c3224,2896420
197,0x002c3fb7,2899895
198,0x002c545a,2905178
199,0x002c593b,2906427
200,0x002c66cf,2909903
201,0x002c7b73,2915187
202,0x002c8054,2916436
203,0x002c8de8,2919912
204,0x002ca28d,2925197
205,0x002ca76c,2926444
206,0x002cb500,2929920
207,0x002cc9a5,2935205
208,0x002cc9af,2935215
209,0x002cce85,2936453
210,0x002cdc19,2939929
211,0x002cf0c7,2945223
212,0x002cf59e,2946462
213,0x002d0332,2949938
214,0x002d17e0,2955232
215,0x002d1cb8,2956472
216,0x002d2a4b,2959947
217,0x002d3ef8,2965240
218,0x002d43d1,2966481
219,0x002d5163,2969955
220,0x002d6611,2975249
221,0x002d6aec,2976492
222,0x002d6af8,2976504
223,0x002d787d,2979965
224,0x002d8d2a,2985258
225,0x002d9211,2986513
226,0x002d9f96,2989974
227,0x002d9fa4,2989988
228,0x002db443,2995267
229,0x002db92a,2996522
230,0x002dc6bc,2999996
231,0x002ddb5d,3005277
232,0x002de042,3006530
233,0x002dedd5,3010005
234,0x002e0276,3015286
235,0x002e075b,3016539
236,0x002e14ef,3020015
237,0x002e14f6,3020022
238,0x002e298f,3025295
239,0x002e2e73,3026547
240,0x002e3c0b,3030027
241,0x002e50a9,3035305
242,0x002e50b5,3035317
243,0x002e558b,3036555
244,0x002e6325,3040037
245,0x002e77cd,3045325
246,0x002e7ca4,3046564
247,0x002e8a3e,3050046
248,0x002e9ee6,3055334
249,0x002ea3bd,3056573
250,0x002eb157,3060055
251,0x002ec600,3065344
252,0x002ecad5,3066581
253,0x002ed871,3070065
254,0x002eed19,3075353
255,0x002ef1ee,3076590
256,0x002ef1f9,3076601
257,0x002eff88,3080072
258,0x002f1432,3085362
259,0x002f1910,3086608
260,0x002f26a2,3090082
261,0x002f26af,3090095
262,0x002f3b4b,3095371
263,0x002f3ffe,3096574
264,0x002f4029,3096617
265,0x002f4486,3097734
266,0x002f4a9e,3099294
267,0x002f4dc7,3100103
268,0x002f6265,3105381
269,0x002f6741,3106625
270,0x002f71ae,3109294
271,0x002f74df,3110111
272,0x002f7a27,3111463
273,0x002f7a2c,3111468
274,0x002f897e,3115390
275,0x002f8e59,3116633
276,0x002f94fd,3118333
277,0x002f9bf7,3120119
278,0x002fa14e,3121486
279,0x002fb096,3125398
280,0x002fb573,3126643
281,0x002fc310,3130128
282,0x002fc868,3131496
283,0x002fd7ae,3135406
284,0x002fd7e2,3135458
285,0x002fdc8b,3136651
286,0x002fea28,3140136
287,0x002fef82,3141506
288,0x002ffefb,3145467
289,0x002fff25,3145509
290,0x003003a5,3146661
291,0x00300e3c,3149372
292,0x0030113f,3150143
293,0x0030169b,3151515
294,0x00302615,3155477
295,0x00302abe,3156670
296,0x00303857,3160151
297,0x00303da4,3161508
298,0x00303db5,3161525
299,0x00304d2c,3165484
300,0x003051d7,3166679
301,0x00305f6f,3170159
302,0x003064cd,3171533
303,0x00307445,3175493
304,0x003078f0,3176688
305,0x003078fb,3176699
306,0x00308687,3180167
307,0x003086c4,3180228
308,0x00308be5,3181541
309,0x00309b60,3185504
310,0x0030a015,3186709
311,0x0030a016,3186710
312,0x0030aaca,3189450
313,0x0030ad9f,3190175
314,0x0030adab,3190187
315,0x0030b2fd,3191549
316,0x0030c279,3195513
317,0x0030c72f,3196719
318,0x0030d4c4,3200196
319,0x0030da16,3201558
320,0x0030e991,3205521
321,0x0030ee48,3206728
322,0x0030fbdc,3210204
323,0x0031012e,3211566
324,0x00310140,3211584
325,0x003110aa,3215530
326,0x00311563,3216739
327,0x003122f6,3220214
328,0x00312859,3221593
329,0x003137c3,3225539
330,0x00313c7c,3226748
331,0x00314a10,3230224
332,0x00314f71,3231601
333,0x00315edd,3235549
334,0x00315ee8,3235560
335,0x00316394,3236756
336,0x0031712a,3240234
337,0x0031718d,3240333
338,0x00317689,3241609
339,0x00318600,3245568
340,0x00318aad,3246765
341,0x00318ac1,3246785
342,0x00319842,3250242
343,0x00319da1,3251617
344,0x0031ad1a,3255578
345,0x0031b1c5,3256773
346,0x0031bf5a,3260250
347,0x0031c4ba,3261626
348,0x0031d432,3265586
349,0x0031d8df,3266783
350,0x0031e672,3270258
351,0x0031ebd5,3271637
352,0x0031fb41,3275585
353,0x0031fb4b,3275595
354,0x0031fff8,3276792
355,0x00320004,3276804
356,0x00320d8a,3280266
357,0x003212ee,3281646
358,0x00322262,3285602
359,0x0032271d,3286813
360,0x003234a3,3290275
361,0x003234ae,3290286
362,0x00323a07,3291655
363,0x0032497a,3295610
364,0x00324e37,3296823
365,0x00325bc8,3300296
366,0x00326120,3301664
367,0x00327094,3305620
368,0x0032754f,3306831
369,0x003282e0,3310304
370,0x00328839,3311673
371,0x00328847,3311687
372,0x003297ae,3315630
373,0x00329c67,3316839
374,0x0032a9f8,3320312
375,0x0032af60,3321696
376,0x0032bec6,3325638
377,0x0032c381,3326849
378,0x0032d10f,3330319
379,0x0032d679,3331705
380,0x0032e5df,3335647
381,0x0032e5ea,3335658
382,0x0032ea9a,3336858
383,0x0032f828,3340328
384,0x0032fd92,3341714
385,0x00330d03,3345667
386,0x003311b3,3346867
387,0x00331f41,3350337
388,0x00332484,3351684
389,0x003324ab,3351723
390,0x0033341d,3355677
391,0x003338cb,3356875
392,0x0033465a,3360346
393,0x00334bc4,3361732
394,0x00335b35,3365685
395,0x00335fe3,3366883
396,0x00336d73,3370355
397,0x003372de,3371742
398,0x0033824e,3375694
399,0x003386fb,3376891
400,0x00338706,3376902
401,0x0033948e,3380366
402,0x003399f7,3381751
403,0x0033a968,3385704
404,0x0033ae1f,3386911
405,0x0033bba7,3390375
406,0x0033bbb4,3390388
407,0x0033c112,3391762
408,0x0033d081,3395713
409,0x0033d538,3396920
410,0x0033e2cd,3400397
411,0x0033e82c,3401772
412,0x0033f799,3405721
413,0x0033fc50,3406928
414,0x003409e7,3410407
415,0x00340f46,3411782
416,0x00340f52,3411794
417,0x00341eb0,3415728
418,0x0034236a,3416938
419,0x003430fe,3420414
420,0x0034366c,3421804
421,0x003445c9,3425737
422,0x00344a81,3426945
423,0x00345818,3430424
424,0x00345d87,3431815
425,0x00346ce4,3435748
426,0x00346cf2,3435762
427,0x0034719a,3436954
428,0x00347f31,3440433
429,0x003484a1,3441825
430,0x0034940a,3445770
431,0x003498b3,3446963
432,0x0034a64b,3450443
433,0x0034abb8,3451832
434,0x0034bb25,3455781
435,0x0034bfcc,3456972
436,0x0034cd65,3460453
437,0x0034cd85,3460485
438,0x0034cee7,3460839
439,0x0034d2d1,3461841
440,0x0034d5c7,3462599
441,0x0034db17,3463959
442,0x0034e23d,3465789
443,0x0034e6e6,3466982
444,0x0034e85f,3467359
445,0x0034f47e,3470462
446,0x0034f9eb,3471851
447,0x0034fcd6,3472598
448,0x00350227,3473959
449,0x003506ae,3475118
450,0x00350956,3475798
451,0x003509ba,3475898
452,0x00350dfe,3476990
453,0x00350e09,3477001
454,0x00351b95,3480469
455,0x00352105,3481861
456,0x003523e6,3482598
457,0x00353070,3485808
458,0x00353521,3487009
459,0x003542ad,3490477
460,0x003542b8,3490488
461,0x00354820,3491872
462,0x00354839,3491897
463,0x00354af6,3492598
464,0x0035578a,3495818
465,0x00355c3b,3497019
466,0x003569d1,3500497
467,0x00356f38,3501880
468,0x00357205,3502597
469,0x00357ea2,3505826
470,0x00358353,3507027
471,0x003590e9,3510505
472,0x00359652,3511890
473,0x0035965e,3511902
474,0x00359915,3512597
475,0x0035991a,3512602
476,0x00359eb5,3514037
477,0x0035a5b9,3515833
478,0x0035aa6b,3517035
479,0x0035b802,3520514
480,0x0035b818,3520536
481,0x0035bd77,3521911
482,0x0035c035,3522613
483,0x0035ccd1,3525841
484,0x0035d185,3527045
485,0x0035df1a,3530522
486,0x0035e490,3531920
487,0x0035e74c,3532620
488,0x0035f3ec,3535852
489,0x0035f3fc,3535868
490,0x0035f89e,3537054
491,0x00360633,3540531
492,0x00360baa,3541930
493,0x00360e64,3542628
494,0x00361b14,3545876
495,0x00361fb7,3547063
496,0x00362d4b,3550539
497,0x003632c3,3551939
498,0x0036357c,3552636
499,0x00363b43,3554115
500,0x0036422d,3555885
501,0x003646d0,3557072
502,0x003646e9,3557097
503,0x00365462,3560546
504,0x003659dc,3561948
505,0x00365c77,3562615
506,0x00365c94,3562644
507,0x0036694a,3565898
508,0x00366de8,3567080
509,0x00367b7b,3570555
510,0x003680f6,3571958
511,0x003683ac,3572652
512,0x00369062,3575906
513,0x00369501,3577089
514,0x00369534,3577140
515,0x0036a294,3580564
516,0x0036a810,3581968
517,0x0036aac4,3582660
518,0x0036b77a,3585914
519,0x0036bc4e,3587150
520,0x0036c9ab,3590571
521,0x0036c9b5,3590581
522,0x0036cf2a,3591978
523,0x0036cf3c,3591996
524,0x0036d1dc,3592668
525,0x0036de93,3595923
526,0x0036e367,3597159
527,0x0036f0cd,3600589
528,0x0036f645,3601989
529,0x0036f8f5,3602677
530,0x0036f906,3602694
531,0x003705ab,3605931
532,0x00370a80,3607168
533,0x003717e7,3610599
534,0x00371d5d,3611997
535,0x00371d69,3612009
536,0x00372020,3612704
537,0x00372cc3,3615939
538,0x00373195,3617173
539,0x00373198,3617176
540,0x00373eff,3620607
541,0x00374482,3622018
542,0x00374738,3622712
543,0x003753dd,3625949
544,0x003758b1,3627185
545,0x00376618,3630616
546,0x00376b9c,3632028
547,0x00376e50,3632720
548,0x00377af7,3635959
549,0x00377b03,3635971
550,0x00377fc9,3637193
551,0x00378d32,3640626
552,0x003792b5,3642037
553,0x00379568,3642728
554,0x0037a21a,3645978
555,0x0037a6e2,3647202
556,0x0037b44b,3650635
557,0x0037b9ce,3652046
558,0x0037bc81,3652737
559,0x0037c933,3655987
560,0x0037cdfa,3657210
561,0x0037db61,3660641
562,0x0037e0e7,3662055
563,0x0037e399,3662745
564,0x0037f04c,3665996
565,0x0037f512,3667218
566,0x0038027b,3670651
567,0x00380800,3672064
568,0x00380ab1,3672753
569,0x00381765,3676005
570,0x00381794,3676052
571,0x00381c2b,3677227
572,0x00381c39,3677241
573,0x0038297c,3680636
574,0x00382994,3680660
575,0x00382f18,3682072
576,0x003831ca,3682762
577,0x00383e7d,3686013
578,0x00384351,3687249
579,0x003850ab,3690667
580,0x003850b5,3690677
581,0x00385633,3692083
582,0x003858e2,3692770
583,0x00386596,3696022
584,0x00386a6a,3697258
585,0x003877cd,3700685
586,0x00387d4b,3702091
587,0x00387ffb,3702779
588,0x00388007,3702791
589,0x00388cb0,3706032
590,0x00389182,3707266
591,0x00389ee7,3710695
592,0x0038a464,3712100
593,0x0038a46e,3712110
594,0x0038a721,3712801
595,0x0038b3c8,3716040
596,0x0038b89b,3717275
597,0x0038c601,3720705
598,0x0038cb89,3722121
599,0x0038ce3c,3722812
600,0x0038dae1,3726049
601,0x0038dfb5,3727285
602,0x0038ed19,3730713
603,0x0038f2a0,3732128
604,0x0038f556,3732822
605,0x003901fa,3736058
606,0x00390205,3736069
607,0x003906ce,3737294
608,0x00391433,3740723
609,0x003919b9,3742137
610,0x00391c6f,3742831
611,0x0039291e,3746078
612,0x00392de7,3747303
613,0x00393b4a,3750730
614,0x003940d1,3752145
615,0x00394389,3752841
616,0x00395038,3756088
617,0x00395501,3757313
618,0x00396263,3760739
619,0x003967eb,3762155
620,0x00396aa2,3762850
621,0x00397750,3766096
622,0x00397c1a,3767322
623,0x0039897f,3770751
624,0x00398f05,3772165
625,0x003991bb,3772859
626,0x00399e69,3776105
627,0x0039a336,3777334
628,0x0039a343,3777347
629,0x0039b098,3780760
630,0x0039b61e,3782174
631,0x0039b8d6,3782870
632,0x0039c582,3786114
633,0x0039ca5b,3787355
634,0x0039d7b2,3790770
635,0x0039d7c1,3790785
636,0x0039dd37,3792183
637,0x0039dfee,3792878
638,0x0039ec99,3796121
639,0x0039f174,3797364
640,0x0039fed9,3800793
641,0x003a0450,3802192
642,0x003a0708,3802888
643,0x003a0715,3802901
644,0x003a13af,3806127
645,0x003a13b2,3806130
646,0x003a188d,3807373
647,0x003a25f3,3810803
648,0x003a2b69,3812201
649,0x003a2b78,3812216
650,0x003a2e2f,3812911
651,0x003a3acc,3816140
652,0x003a3fa7,3817383
653,0x003a4d0d,3820813
654,0x003a5291,3822225
655,0x003a52ce,3822286
656,0x003a554a,3822922
657,0x003a61e6,3826150
658,0x003a66c0,3827392
659,0x003a7425,3830821
660,0x003a79aa,3832234
661,0x003a7c62,3832930
662,0x003a88ff,3836159
663,0x003a890b,3836171
664,0x003a8dd9,3837401
665,0x003a9b3e,3840830
666,0x003aa0c2,3842242
667,0x003aa37c,3842940
668,0x003ab025,3846181
669,0x003ab4f1,3847409
670,0x003ac255,3850837
671,0x003ac2ad,3850925
672,0x003ac7da,3852250
673,0x003aca95,3852949
674,0x003ad73e,3856190
675,0x003adc09,3857417
676,0x003ae96d,3860845
677,0x003aeef3,3862259
678,0x003af1b0,3862960
679,0x003af1c9,3862985
680,0x003afe58,3866200
681,0x003b0322,3867426
682,0x003b1088,3870856
683,0x003b160e,3872270
684,0x003b18c9,3872969
685,0x003b2570,3876208
686,0x003b2a3b,3877435
687,0x003b2a47,3877447
688,0x003b37a0,3880864
689,0x003b3d27,3882279
690,0x003b3d92,3882386
691,0x003b3fe3,3882979
692,0x003b4c89,3886217
693,0x003b5160,3887456
694,0x003b5eb9,3890873
695,0x003b5ec6,3890886
696,0x003b643f,3892287
697,0x003b66fc,3892988
698,0x003b73a1,3896225
699,0x003b7878,3897464
700,0x003b85dd,3900893
701,0x003b8b58,3902296
702,0x003b8e14,3902996
703,0x003b8e20,3903008
704,0x003b9ab9,3906233
705,0x003b9f92,3907474
706,0x003bacd3,3910867
707,0x003bacf6,3910902
708,0x003bb26f,3912303
709,0x003bb278,3912312
710,0x003bb537,3913015
711,0x003bc1d3,3916243
712,0x003bc6ab,3917483
713,0x003bd40d,3920909
714,0x003bd991,3922321
715,0x003bdc50,3923024
716,0x003bdc8b,3923083
717,0x003be8ec,3926252
718,0x003bedbc,3927484
719,0x003bedc5,3927493
720,0x003bfb25,3930917
721,0x003c00aa,3932330
722,0x003c0368,3933032
723,0x003c1004,3936260
724,0x003c1035,3936309
725,0x003c14dd,3937501
726,0x003c223d,3940925
727,0x003c27c3,3942339
728,0x003c2a80,3943040
729,0x003c374d,3946317
730,0x003c3bf7,3947511
731,0x003c4955,3950933
732,0x003c4edc,3952348
733,0x003c5199,3953049
734,0x003c5e66,3956326
735,0x003c630f,3957519
736,0x003c706e,3960942
737,0x003c75f6,3962358
738,0x003c78b0,3963056
739,0x003c8a29,3967529
740,0x003c9786,3970950
741,0x003c9d0f,3972367
742,0x003c9fcb,3973067
743,0x003cb141,3977537
744,0x003cb14f,3977551
745,0x003cb1a9,3977641
746,0x003cbe9f,3980959
747,0x003cc429,3982377
748,0x003cc6e5,3983077
749,0x003cd869,3987561
750,0x003ce5b8,3990968
751,0x003ce5c3,3990979
752,0x003ceb43,3992387
753,0x003cedfe,3993086
754,0x003cff81,3997569
755,0x003d0cdb,4000987
756,0x003d125d,4002397
757,0x003d1518,4003096
758,0x003d1523,4003107
759,0x003d2698,4007576
760,0x003d33f3,4010995
761,0x003d3975,4012405
762,0x003d3983,4012419
763,0x003d3c3c,4013116
764,0x003d4db0,4017584
765,0x003d54f2,4019442
766,0x003d609a,4022426
767,0x003d6355,4023125
768,0x003d66c2,4024002
769,0x003d74ca,4027594
770,0x003d87b5,4032437
771,0x003d8a6f,4033135
772,0x003d975a,4036442
773,0x003d9be3,4037603
774,0x003daecd,4042445
775,0x003db189,4043145
776,0x003dbe69,4046441
777,0x003dc2fb,4047611
778,0x003dd5e6,4052454
779,0x003dd8a3,4053155
780,0x003de579,4056441
781,0x003dea14,4057620
782,0x003df1a8,4059560
783,0x003dfcff,4062463
784,0x003dffbc,4063164
785,0x003e112c,4067628
786,0x003e1715,4069141
787,0x003e2419,4072473
788,0x003e26d6,4073174
789,0x003e339d,4076445
790,0x003e33a1,4076449
791,0x003e3844,4077636
792,0x003e3851,4077649
793,0x003e3bcd,4078541
794,0x003e4b34,4082484
795,0x003e4dee,4083182
796,0x003e5aba,4086458
797,0x003e5f69,4087657
798,0x003e6cdc,4091100
799,0x003e724e,4092494
800,0x003e7507,4093191
801,0x003e81d3,4096467
802,0x003e8681,4097665
803,0x003e8e37,4099639
804,0x003e93ec,4101100
805,0x003e9966,4102502
806,0x003e9c21,4103201
807,0x003e9c2e,4103214
808,0x003ea8ea,4106474
809,0x003ead9a,4107674
810,0x003eb3cb,4109259
811,0x003ebafb,4111099
812,0x003ec07e,4112510
813,0x003ec08d,4112525
814,0x003ec347,4113223
815,0x003ed004,4116484
816,0x003ed4b3,4117683
817,0x003ee7a4,4122532
818,0x003ee7a9,4122537
819,0x003eea60,4123232
820,0x003ef71d,4126493
821,0x003efbca,4127690
822,0x003f0921,4131105
823,0x003f0925,4131109
824,0x003f0ebe,4132542
825,0x003f1178,4133240
826,0x003f1e36,4136502
827,0x003f1e43,4136515
828,0x003f1e46,4136518
829,0x003f22e2,4137698
830,0x003f303e,4141118
831,0x003f35d8,4142552
832,0x003f3892,4143250
833,0x003f455d,4146525
834,0x003f49fc,4147708
835,0x003f505a,4149338
836,0x003f5757,4151127
837,0x003f5cf0,4152560
838,0x003f5faa,4153258
839,0x003f6c76,4156534
840,0x003f7115,4157717
841,0x003f7e70,4161136
842,0x003f8409,4162569
843,0x003f86c3,4163267
844,0x003f938f,4166543
845,0x003f982d,4167725
846,0x003fa589,4171145
847,0x003fab22,4172578
848,0x003faddd,4173277
849,0x003fbaa8,4176552
850,0x003fbf46,4177734
851,0x003fbf51,4177745
852,0x003fcca1,4181153
853,0x003fcca2,4181154
854,0x003fd23a,4182586
855,0x003fd241,4182593
856,0x003fd4f5,4183285
857,0x003fe1c0,4186560
858,0x003fe669,4187753
859,0x003ff3ba,4191162
860,0x003ff3c8,4191176
861,0x003ff954,4192596
862,0x003ffc0f,4193295
863,0x004008d8,4196568
864,0x00400d83,4197763
865,0x00401ae1,4201185
866,0x0040206e,4202606
867,0x00402329,4203305
868,0x00402335,4203317
869,0x00402ff0,4206576
870,0x0040349b,4207771
871,0x004041fa,4211194
872,0x00404787,4212615
873,0x00404791,4212625
874,0x00404a4d,4213325
875,0x00404a7d,4213373
876,0x00405709,4216585
877,0x00405bb3,4217779
878,0x00406914,4221204
879,0x00406eaa,4222634
880,0x00407167,4223335
881,0x00407e22,4226594
882,0x004082cc,4227788
883,0x0040902c,4231212
884,0x0040942e,4232238
885,0x00409433,4232243
886,0x00409434,4232244
887,0x0040943a,4232250
888,0x0040943c,4232252
889,0x00409491,4232337
890,0x0040956c,4232556
891,0x004095c5,4232645
892,0x00409600,4232704
893,0x00409603,4232707
894,0x00409616,4232726
895,0x00409629,4232745
896,0x00409630,4232752
897,0x004097c3,4233155
898,0x00409880,4233344
899,0x0040a53c,4236604
900,0x0040a552,4236626
901,0x0040a9e5,4237797
902,0x0040b745,4241221
903,0x0040bcdd,4242653
904,0x0040bd77,4242807
905,0x0040bd7c,4242812
906,0x0040bdad,4242861
907,0x0040be29,4242985
908,0x0040be38,4243000
909,0x0040be39,4243001
910,0x0040be3a,4243002
911,0x0040be41,4243009
912,0x0040be45,4243013
913,0x0040be4f,4243023
914,0x0040bf99,4243353
915,0x0040bfc3,4243395
916,0x0040cc6a,4246634
917,0x0040d0fd,4247805
918,0x0040de5d,4251229
919,0x0040e3f8,4252664
920,0x0040e592,4253074
921,0x0040e597,4253079
922,0x0040e598,4253080
923,0x0040e5c7,4253127
924,0x0040e641,4253249
925,0x0040e650,4253264
926,0x0040e651,4253265
927,0x0040e656,4253270
928,0x0040e657,4253271
929,0x0040e65a,4253274
930,0x0040e661,4253281
931,0x0040e6b0,4253360
932,0x0040e7eb,4253675
933,0x0040f385,4256645
934,0x0040f815,4257813
935,0x00410575,4261237
936,0x00410b10,4262672
937,0x00410d9e,4263326
938,0x00410da4,4263332
939,0x00410da5,4263333
940,0x00410dc7,4263367
941,0x00410dd6,4263382
942,0x00410e4f,4263503
943,0x00410e60,4263520
944,0x00410e61,4263521
945,0x00410e62,4263522
946,0x00410e69,4263529
947,0x00410e6b,4263531
948,0x00410e73,4263539
949,0x00410fea,4263914
950,0x00411a9e,4266654
951,0x00411f2e,4267822
952,0x00412c8d,4271245
953,0x00413228,4272680
954,0x004134df,4273375
955,0x0041353f,4273471
956,0x004135af,4273583
957,0x004135b6,4273590
958,0x004135b7,4273591
959,0x004135e7,4273639
960,0x00413662,4273762
961,0x00413674,4273780
962,0x00413675,4273781
963,0x00413676,4273782
964,0x0041367c,4273788
965,0x0041367e,4273790
966,0x00413687,4273799
967,0x00413812,4274194
968,0x00413918,4274456
969,0x0041391d,4274461
970,0x00413924,4274468
971,0x00413926,4274470
972,0x0041396b,4274539
973,0x00413a1a,4274714
974,0x00413a38,4274744
975,0x00413a39,4274745
976,0x00413a3f,4274751
977,0x00413a40,4274752
978,0x00413a52,4274770
979,0x00413a5b,4274779
980,0x00413be5,4275173
981,0x004141b7,4276663
982,0x00414647,4277831
983,0x00414656,4277846
984,0x004153a7,4281255
985,0x00415941,4282689
986,0x00415bf6,4283382
987,0x00415dc5,4283845
988,0x00415dcb,4283851
989,0x00415dfb,4283899
990,0x00415e77,4284023
991,0x00415e87,4284039
992,0x00415e88,4284040
993,0x00415e89,4284041
994,0x00415e8f,4284047
995,0x00415e91,4284049
996,0x00415e92,4284050
997,0x00415e9a,4284058
998,0x00416012,4284434
999,0x00416196,4284822
1000,0x0041619d,4284829
1001,0x0041619e,4284830
1002,0x004161c9,4284873
1003,0x00416219,4284953
1004,0x0041622b,4284971
1005,0x0041622c,4284972
1006,0x00416232,4284978
1007,0x00416234,4284980
1008,0x0041623d,4284989
1009,0x004163bc,4285372
1010,0x004168d2,4286674
1011,0x00416d6e,4287854
1012,0x00417ac1,4291265
1013,0x00417acd,4291277
1014,0x00418059,4292697
1015,0x00418081,4292737
1016,0x00418086,4292742
1017,0x00418087,4292743
1018,0x00418088,4292744
1019,0x0041808d,4292749
1020,0x0041808e,4292750
1021,0x004180cf,4292815
1022,0x00418175,4292981
1023,0x00418193,4293011
1024,0x00418194,4293012
1025,0x00418195,4293013
1026,0x0041819b,4293019
1027,0x0041819c,4293020
1028,0x004181af,4293039
1029,0x004181b6,4293046
1030,0x0041830e,4293390
1031,0x0041834c,4293452
1032,0x004185d9,4294105
1033,0x004185df,4294111
1034,0x004185e0,4294112
1035,0x0041860f,4294159
1036,0x00418689,4294281
1037,0x00418698,4294296
1038,0x00418699,4294297
1039,0x0041869f,4294303
1040,0x004186a0,4294304
1041,0x004186a2,4294306
1042,0x004186a8,4294312
1043,0x00418839,4294713
1044,0x00418979,4295033
1045,0x00418980,4295040
1046,0x004189aa,4295082
1047,0x004189f6,4295158
1048,0x00418a06,4295174
1049,0x00418a07,4295175
1050,0x00418a0f,4295183
1051,0x00418a11,4295185
1052,0x00418a1b,4295195
1053,0x00418b94,4295572
1054,0x00418feb,4296683
1055,0x00419486,4297862
1056,0x0041948e,4297870
1057,0x0041a1e6,4301286
1058,0x0041a773,4302707
1059,0x0041a8f1,4303089
1060,0x0041a8f7,4303095
1061,0x0041a8f8,4303096
1062,0x0041a925,4303141
1063,0x0041a982,4303234
1064,0x0041a990,4303248
1065,0x0041a991,4303249
1066,0x0041a999,4303257
1067,0x0041a99b,4303259
1068,0x0041a9a4,4303268
1069,0x0041aa26,4303398
1070,0x0041aa31,4303409
1071,0x0041ab23,4303651
1072,0x0041ade5,4304357
1073,0x0041adea,4304362
1074,0x0041adeb,4304363
1075,0x0041ae14,4304404
1076,0x0041ae75,4304501
1077,0x0041ae85,4304517
1078,0x0041ae86,4304518
1079,0x0041ae8e,4304526
1080,0x0041ae8f,4304527
1081,0x0041ae90,4304528
1082,0x0041ae97,4304535
1083,0x0041b011,4304913
1084,0x0041b15a,4305242
1085,0x0041b160,4305248
1086,0x0041b161,4305249
1087,0x0041b188,4305288
1088,0x0041b1d6,4305366
1089,0x0041b1e7,4305383
1090,0x0041b1e8,4305384
1091,0x0041b1ef,4305391
1092,0x0041b1f2,4305394
1093,0x0041b1fc,4305404
1094,0x0041b394,4305812
1095,0x0041b706,4306694
1096,0x0041bb9f,4307871
1097,0x0041c8ff,4311295
1098,0x0041ce8d,4312717
1099,0x0041ce9a,4312730
1100,0x0041d0e7,4313319
1101,0x0041d0ec,4313324
1102,0x0041d0ed,4313325
1103,0x0041d119,4313369
1104,0x0041d149,4313417
1105,0x0041d173,4313459
1106,0x0041d184,4313476
1107,0x0041d185,4313477
1108,0x0041d18c,4313484
1109,0x0041d18e,4313486
1110,0x0041d196,4313494
1111,0x0041d323,4313891
1112,0x0041d5d3,4314579
1113,0x0041d5da,4314586
1114,0x0041d5db,4314587
1115,0x0041d60b,4314635
1116,0x0041d686,4314758
1117,0x0041d696,4314774
1118,0x0041d697,4314775
1119,0x0041d698,4314776
1120,0x0041d69e,4314782
1121,0x0041d6a0,4314784
1122,0x0041d6a8,4314792
1123,0x0041d839,4315193
1124,0x0041d932,4315442
1125,0x0041d938,4315448
1126,0x0041d939,4315449
1127,0x0041d95f,4315487
1128,0x0041d9ac,4315564
1129,0x0041d9bf,4315583
1130,0x0041d9c0,4315584
1131,0x0041d9c7,4315591
1132,0x0041d9ca,4315594
1133,0x0041d9d3,4315603
1134,0x0041db6b,4316011
1135,0x0041de1f,4316703
1136,0x0041e2b7,4317879
1137,0x0041f017,4321303
1138,0x0041f5b3,4322739
1139,0x0041f862,4323426
1140,0x0041f8d6,4323542
1141,0x0041f8db,4323547
1142,0x0041f8dc,4323548
1143,0x0041f906,4323590
1144,0x0041f95e,4323678
1145,0x0041f96e,4323694
1146,0x0041f96f,4323695
1147,0x0041f975,4323701
1148,0x0041f978,4323704
1149,0x0041f981,4323713
1150,0x0041fafb,4324091
1151,0x0041fde6,4324838
1152,0x0041fdeb,4324843
1153,0x0041fe13,4324883
1154,0x0041fe75,4324981
1155,0x0041fe84,4324996
1156,0x0041fe85,4324997
1157,0x0041fe8b,4325003
1158,0x0041fe8e,4325006
1159,0x0041fe96,4325014
1160,0x00420010,4325392
1161,0x00420113,4325651
1162,0x00420119,4325657
1163,0x0042011a,4325658
1164,0x00420141,4325697
1165,0x0042018f,4325775
1166,0x004201a0,4325792
1167,0x004201a1,4325793
1168,0x004201a2,4325794
1169,0x004201a9,4325801
1170,0x004201ab,4325803
1171,0x004201b4,4325812
1172,0x004202e0,4326112
1173,0x004202e5,4326117
1174,0x004202ec,4326124
1175,0x004202ee,4326126
1176,0x00420334,4326196
1177,0x00420343,4326211
1178,0x004203e4,4326372
1179,0x0042040a,4326410
1180,0x0042040b,4326411
1181,0x0042040c,4326412
1182,0x00420413,4326419
1183,0x0042042a,4326442
1184,0x00420433,4326451
1185,0x00420539,4326713
1186,0x004205c1,4326849
1187,0x004209cf,4327887
1188,0x00421730,4331312
1189,0x00421ccc,4332748
1190,0x00421f7a,4333434
1191,0x004220ba,4333754
1192,0x004220c0,4333760
1193,0x004220c1,4333761
1194,0x004220e9,4333801
1195,0x00422141,4333889
1196,0x00422152,4333906
1197,0x00422153,4333907
1198,0x00422159,4333913
1199,0x0042215b,4333915
1200,0x00422163,4333923
1201,0x004222d2,4334290
1202,0x004225d6,4335062
1203,0x004225dc,4335068
1204,0x004225dd,4335069
1205,0x0042260d,4335117
1206,0x00422688,4335240
1207,0x00422697,4335255
1208,0x00422698,4335256
1209,0x00422699,4335257
1210,0x004226a0,4335264
1211,0x004226a2,4335266
1212,0x004226a9,4335273
1213,0x00422838,4335672
1214,0x004228fc,4335868
1215,0x00422901,4335873
1216,0x00422902,4335874
1217,0x00422928,4335912
1218,0x00422972,4335986
1219,0x00422981,4336001
1220,0x00422982,4336002
1221,0x00422988,4336008
1222,0x0042298a,4336010
1223,0x00422991,4336017
1224,0x00422b1a,4336410
1225,0x00422b75,4336501
1226,0x00422b7a,4336506
1227,0x00422b7b,4336507
1228,0x00422ba4,4336548
1229,0x00422c00,4336640
1230,0x00422c0f,4336655
1231,0x00422c10,4336656
1232,0x00422c18,4336664
1233,0x00422c1a,4336666
1234,0x00422c20,4336672
1235,0x00422c52,4336722
1236,0x00422c5f,4336735
1237,0x00422d99,4337049
1238,0x004230e9,4337897
1239,0x00423e4b,4341323
1240,0x004243e6,4342758
1241,0x00424694,4343444
1242,0x004248ab,4343979
1243,0x004248b1,4343985
1244,0x004248b2,4343986
1245,0x004248e0,4344032
1246,0x0042493b,4344123
1247,0x0042494e,4344142
1248,0x0042494f,4344143
1249,0x00424950,4344144
1250,0x00424958,4344152
1251,0x00424959,4344153
1252,0x0042495b,4344155
1253,0x00424962,4344162
1254,0x00424ad2,4344530
1255,0x00424ded,4345325
1256,0x00424df4,4345332
1257,0x00424e26,4345382
1258,0x00424ea4,4345508
1259,0x00424eb6,4345526
1260,0x00424eb7,4345527
1261,0x00424eb8,4345528
1262,0x00424ebd,4345533
1263,0x00424ec0,4345536
1264,0x00424ec8,4345544
1265,0x00425038,4345912
1266,0x004250d7,4346071
1267,0x004250dd,4346077
1268,0x004250de,4346078
1269,0x00425109,4346121
1270,0x0042515a,4346202
1271,0x00425169,4346217
1272,0x0042516a,4346218
1273,0x0042516b,4346219
1274,0x00425172,4346226
1275,0x00425175,4346229
1276,0x0042517f,4346239
1277,0x004252f2,4346610
1278,0x00425360,4346720
1279,0x00425366,4346726
1280,0x00425367,4346727
1281,0x0042537a,4346746
1282,0x00425394,4346772
1283,0x004253f3,4346867
1284,0x00425404,4346884
1285,0x00425405,4346885
1286,0x00425406,4346886
1287,0x0042540d,4346893
1288,0x00425410,4346896
1289,0x00425417,4346903
1290,0x00425598,4347288
1291,0x00425801,4347905
1292,0x00426564,4351332
1293,0x00426b01,4352769
1294,0x00426dae,4353454
1295,0x0042709f,4354207
1296,0x004270a5,4354213
1297,0x004270a6,4354214
1298,0x004270cf,4354255
1299,0x00427126,4354342
1300,0x00427137,4354359
1301,0x00427138,4354360
1302,0x00427139,4354361
1303,0x00427140,4354368
1304,0x00427142,4354370
1305,0x0042714c,4354380
1306,0x004272d2,4354770
1307,0x0042760a,4355594
1308,0x00427611,4355601
1309,0x00427612,4355602
1310,0x00427642,4355650
1311,0x004276bb,4355771
1312,0x004276ca,4355786
1313,0x004276cb,4355787
1314,0x004276cc,4355788
1315,0x004276d3,4355795
1316,0x004276d6,4355798
1317,0x004276dd,4355805
1318,0x00427860,4356192
1319,0x004278bf,4356287
1320,0x004278c6,4356294
1321,0x004278ef,4356335
1322,0x0042793e,4356414
1323,0x0042794e,4356430
1324,0x0042794f,4356431
1325,0x00427956,4356438
1326,0x00427958,4356440
1327,0x00427960,4356448
1328,0x00427a95,4356757
1329,0x00427af2,4356850
1330,0x00427b52,4356946
1331,0x00427b58,4356952
1332,0x00427b84,4356996
1333,0x00427be1,4357089
1334,0x00427bf1,4357105
1335,0x00427bf2,4357106
1336,0x00427bf3,4357107
1337,0x00427bf8,4357112
1338,0x00427bfa,4357114
1339,0x00427bfb,4357115
1340,0x00427c02,4357122
1341,0x00427d98,4357528
1342,0x00427f1a,4357914
1343,0x00427f3c,4357948
1344,0x00428c7d,4361341
1345,0x00429218,4362776
1346,0x004294c8,4363464
1347,0x00429884,4364420
1348,0x00429889,4364425
1349,0x0042988a,4364426
1350,0x004298af,4364463
1351,0x004298ff,4364543
1352,0x00429910,4364560
1353,0x00429911,4364561
1354,0x00429918,4364568
1355,0x00429919,4364569
1356,0x00429920,4364576
1357,0x00429aa9,4364969
1358,0x00429e1a,4365850
1359,0x00429e20,4365856
1360,0x00429e21,4365857
1361,0x00429e4f,4365903
1362,0x00429ec5,4366021
1363,0x00429ed5,4366037
1364,0x00429ed6,4366038
1365,0x00429ed7,4366039
1366,0x00429edd,4366045
1367,0x00429ee0,4366048
1368,0x00429eea,4366058
1369,0x0042a05f,4366431
1370,0x0042a09d,4366493
1371,0x0042a0a3,4366499
1372,0x0042a0a4,4366500
1373,0x0042a0ca,4366538
1374,0x0042a118,4366616
1375,0x0042a127,4366631
1376,0x0042a129,4366633
1377,0x0042a12f,4366639
1378,0x0042a131,4366641
1379,0x0042a13a,4366650
1380,0x0042a1ae,4366766
1381,0x0042a2c9,4367049
1382,0x0042a33e,4367166
1383,0x0042a344,4367172
1384,0x0042a345,4367173
1385,0x0042a370,4367216
1386,0x0042a3cc,4367308
1387,0x0042a3de,4367326
1388,0x0042a3df,4367327
1389,0x0042a3e8,4367336
1390,0x0042a3ef,4367343
1391,0x0042a570,4367728
1392,0x0042a632,4367922
1393,0x0042ae33,4369971
1394,0x0042ae38,4369976
1395,0x0042ae3d,4369981
1396,0x0042ae3e,4369982
1397,0x0042ae93,4370067
1398,0x0042afa3,4370339
1399,0x0042b06a,4370538
1400,0x0042b077,4370551
1401,0x0042b07d,4370557
1402,0x0042b07e,4370558
1403,0x0042b07f,4370559
1404,0x0042b082,4370562
1405,0x0042b086,4370566
1406,0x0042b087,4370567
1407,0x0042b08b,4370571
1408,0x0042b08c,4370572
1409,0x0042b08f,4370575
1410,0x0042b090,4370576
1411,0x0042b091,4370577
1412,0x0042b093,4370579
1413,0x0042b094,4370580
1414,0x0042b096,4370582
1415,0x0042b098,4370584
1416,0x0042b099,4370585
1417,0x0042b09a,4370586
1418,0x0042b09d,4370589
1419,0x0042b09e,4370590
1420,0x0042b09f,4370591
1421,0x0042b0a1,4370593
1422,0x0042b0a3,4370595
1423,0x0042b0a5,4370597
1424,0x0042b0a7,4370599
1425,0x0042b0a9,4370601
1426,0x0042b0aa,4370602
1427,0x0042b0ac,4370604
1428,0x0042b0ae,4370606
1429,0x0042b0b1,4370609
1430,0x0042b0b3,4370611
1431,0x0042b0b5,4370613
1432,0x0042b0b8,4370616
1433,0x0042b0b9,4370617
1434,0x0042b0c3,4370627
1435,0x0042b12e,4370734
1436,0x0042b145,4370757
1437,0x0042b146,4370758
1438,0x0042b14e,4370766
1439,0x0042b158,4370776
1440,0x0042b1b0,4370864
1441,0x0042b1ce,4370894
1442,0x0042b1cf,4370895
1443,0x0042b1dc,4370908
1444,0x0042b1de,4370910
1445,0x0042b279,4371065
1446,0x0042b27f,4371071
1447,0x0042b293,4371091
1448,0x0042b294,4371092
1449,0x0042b29d,4371101
1450,0x0042b29e,4371102
1451,0x0042b2a1,4371105
1452,0x0042b395,4371349
1453,0x0042b434,4371508
1454,0x0042b637,4372023
1455,0x0042b641,4372033
1456,0x0042b642,4372034
1457,0x0042b643,4372035
1458,0x0042b64a,4372042
1459,0x0042b64c,4372044
1460,0x0042b651,4372049
1461,0x0042b656,4372054
1462,0x0042b65a,4372058
1463,0x0042b65c,4372060
1464,0x0042b65d,4372061
1465,0x0042b661,4372065
1466,0x0042b683,4372099
1467,0x0042b684,4372100
1468,0x0042b68a,4372106
1469,0x0042b68b,4372107
1470,0x0042b6a7,4372135
1471,0x0042b6a8,4372136
1472,0x0042b6c7,4372167
1473,0x0042b78e,4372366
1474,0x0042b79e,4372382
1475,0x0042b7af,4372399
1476,0x0042b7b2,4372402
1477,0x0042b7b5,4372405
1478,0x0042b7b6,4372406
1479,0x0042b7bf,4372415
1480,0x0042b7c0,4372416
1481,0x0042b7c4,4372420
1482,0x0042b7c5,4372421
1483,0x0042b7c9,4372425
1484,0x0042b7ca,4372426
1485,0x0042b7cd,4372429
1486,0x0042b7ce,4372430
1487,0x0042b7cf,4372431
1488,0x0042b7d4,4372436
1489,0x0042b7d5,4372437
1490,0x0042b7d8,4372440
1491,0x0042b7d9,4372441
1492,0x0042b7da,4372442
1493,0x0042b7df,4372447
1494,0x0042b7e0,4372448
1495,0x0042b7e5,4372453
1496,0x0042b7e6,4372454
1497,0x0042b7eb,4372459
1498,0x0042b7ec,4372460
1499,0x0042b7f0,4372464
1500,0x0042b7f1,4372465
1501,0x0042b7f5,4372469
1502,0x0042b7f6,4372470
1503,0x0042b7f7,4372471
1504,0x0042b7fb,4372475
1505,0x0042b7fc,4372476
1506,0x0042b800,4372480
1507,0x0042b801,4372481
1508,0x0042b806,4372486
1509,0x0042b807,4372487
1510,0x0042b80a,4372490
1511,0x0042b80b,4372491
1512,0x0042b80c,4372492
1513,0x0042b839,4372537
1514,0x0042b900,4372736
1515,0x0042b907,4372743
1516,0x0042b908,4372744
1517,0x0042b930,4372784
1518,0x0042ba9c,4373148
1519,0x0042bb78,4373368
1520,0x0042bb8c,4373388
1521,0x0042bb8f,4373391
1522,0x0042bb90,4373392
1523,0x0042bb96,4373398
1524,0x0042bb97,4373399
1525,0x0042bb98,4373400
1526,0x0042bb99,4373401
1527,0x0042bb9a,4373402
1528,0x0042bb9c,4373404
1529,0x0042bb9d,4373405
1530,0x0042bb9e,4373406
1531,0x0042bb9f,4373407
1532,0x0042bba2,4373410
1533,0x0042bba3,4373411
1534,0x0042bba4,4373412
1535,0x0042bba8,4373416
1536,0x0042bba9,4373417
1537,0x0042bbdf,4373471
1538,0x0042bd04,4373764
1539,0x0042bd08,4373768
1540,0x0042bd10,4373776
1541,0x0042bd18,4373784
1542,0x0042bd19,4373785
1543,0x0042bd1d,4373789
1544,0x0042bd1e,4373790
1545,0x0042bd22,4373794
1546,0x0042bd23,4373795
1547,0x0042bd27,4373799
1548,0x0042bd28,4373800
1549,0x0042bd2d,4373805
1550,0x0042bd32,4373810
1551,0x0042bd36,4373814
1552,0x0042bd37,4373815
1553,0x0042bd3c,4373820
1554,0x0042bd3d,4373821
1555,0x0042bd41,4373825
1556,0x0042bd62,4373858
1557,0x0042bd66,4373862
1558,0x0042bd6c,4373868
1559,0x0042bd6d,4373869
1560,0x0042bd73,4373875
1561,0x0042bd74,4373876
1562,0x0042bd75,4373877
1563,0x0042bd76,4373878
1564,0x0042bd7a,4373882
1565,0x0042bd7b,4373883
1566,0x0042bd7f,4373887
1567,0x0042bd80,4373888
1568,0x0042bd85,4373893
1569,0x0042bd86,4373894
1570,0x0042bd89,4373897
1571,0x0042bd8b,4373899
1572,0x0042bd8d,4373901
1573,0x0042bd8e,4373902
1574,0x0042bd90,4373904
1575,0x0042bd92,4373906
1576,0x0042bd93,4373907
1577,0x0042bd94,4373908
1578,0x0042bd98,4373912
1579,0x0042bd99,4373913
1580,0x0042bd9d,4373917
1581,0x0042bd9e,4373918
1582,0x0042bda7,4373927
1583,0x0042bda8,4373928
1584,0x0042bdad,4373933
1585,0x0042bdb3,4373939
1586,0x0042bdb4,4373940
1587,0x0042bdb5,4373941
1588,0x0042bdb6,4373942
1589,0x0042bdb7,4373943
1590,0x0042bdb8,4373944
1591,0x0042bdbb,4373947
1592,0x0042bdbc,4373948
1593,0x0042bdbd,4373949
1594,0x0042bdc0,4373952
1595,0x0042bdc1,4373953
1596,0x0042bdc5,4373957
1597,0x0042bdc6,4373958
1598,0x0042bdc8,4373960
1599,0x0042bdcd,4373965
1600,0x0042bdce,4373966
1601,0x0042bdd2,4373970
1602,0x0042bdd3,4373971
1603,0x0042bdd8,4373976
1604,0x0042bdd9,4373977
1605,0x0042bde1,4373985
1606,0x0042bde4,4373988
1607,0x0042bde8,4373992
1608,0x0042bde9,4373993
1609,0x0042bdea,4373994
1610,0x0042bdf2,4374002
1611,0x0042bdf3,4374003
1612,0x0042bdf4,4374004
1613,0x0042bdf7,4374007
1614,0x0042bdf8,4374008
1615,0x0042bdfd,4374013
1616,0x0042be01,4374017
1617,0x0042be02,4374018
1618,0x0042be04,4374020
1619,0x0042be05,4374021
1620,0x0042be09,4374025
1621,0x0042be0a,4374026
1622,0x0042be0d,4374029
1623,0x0042be0e,4374030
1624,0x0042be0f,4374031
1625,0x0042be13,4374035
1626,0x0042be14,4374036
1627,0x0042be1c,4374044
1628,0x0042be1d,4374045
1629,0x0042be21,4374049
1630,0x0042be22,4374050
1631,0x0042be28,4374056
1632,0x0042be29,4374057
1633,0x0042be2a,4374058
1634,0x0042be2b,4374059
1635,0x0042be2d,4374061
1636,0x0042be2e,4374062
1637,0x0042be2f,4374063
1638,0x0042be33,4374067
1639,0x0042be37,4374071
1640,0x0042be38,4374072
1641,0x0042be3a,4374074
1642,0x0042be3b,4374075
1643,0x0042be40,4374080
1644,0x0042be41,4374081
1645,0x0042be45,4374085
1646,0x0042be46,4374086
1647,0x0042be49,4374089
1648,0x0042be4a,4374090
1649,0x0042be56,4374102
1650,0x0042be58,4374104
1651,0x0042be5b,4374107
1652,0x0042be5c,4374108
1653,0x0042be62,4374114
1654,0x0042be63,4374115
1655,0x0042be64,4374116
1656,0x0042be67,4374119
1657,0x0042be68,4374120
1658,0x0042be69,4374121
1659,0x0042be6a,4374122
1660,0x0042be6b,4374123
1661,0x0042be6d,4374125
1662,0x0042be70,4374128
1663,0x0042be71,4374129
1664,0x0042be72,4374130
1665,0x0042be75,4374133
1666,0x0042be76,4374134
1667,0x0042be7b,4374139
1668,0x0042be7c,4374140
1669,0x0042be83,4374147
1670,0x0042be85,4374149
1671,0x0042be88,4374152
1672,0x0042be89,4374153
1673,0x0042be8f,4374159
1674,0x0042be90,4374160
1675,0x0042be91,4374161
1676,0x0042be92,4374162
1677,0x0042be94,4374164
1678,0x0042be95,4374165
1679,0x0042be96,4374166
1680,0x0042be9b,4374171
1681,0x0042be9c,4374172
1682,0x0042be9e,4374174
1683,0x0042be9f,4374175
1684,0x0042bea0,4374176
1685,0x0042bea4,4374180
1686,0x0042bea5,4374181
1687,0x0042bea9,4374185
1688,0x0042beaa,4374186
1689,0x0042beb1,4374193
1690,0x0042beb2,4374194
1691,0x0042beb6,4374198
1692,0x0042beb7,4374199
1693,0x0042bebd,4374205
1694,0x0042bebe,4374206
1695,0x0042bebf,4374207
1696,0x0042bec2,4374210
1697,0x0042bec3,4374211
1698,0x0042bec4,4374212
1699,0x0042bec7,4374215
1700,0x0042bec8,4374216
1701,0x0042beca,4374218
1702,0x0042becb,4374219
1703,0x0042becc,4374220
1704,0x0042bed1,4374225
1705,0x0042bed2,4374226
1706,0x0042bed5,4374229
1707,0x0042bed6,4374230
1708,0x0042bede,4374238
1709,0x0042bedf,4374239
1710,0x0042bee3,4374243
1711,0x0042bee4,4374244
1712,0x0042bee9,4374249
1713,0x0042beea,4374250
1714,0x0042beeb,4374251
1715,0x0042beec,4374252
1716,0x0042bef0,4374256
1717,0x0042bef4,4374260
1718,0x0042bef5,4374261
1719,0x0042bef7,4374263
1720,0x0042bef8,4374264
1721,0x0042befa,4374266
1722,0x0042befc,4374268
1723,0x0042befd,4374269
1724,0x0042bf01,4374273
1725,0x0042bf09,4374281
1726,0x0042bf0a,4374282
1727,0x0042bf0e,4374286
1728,0x0042bf0f,4374287
1729,0x0042bf14,4374292
1730,0x0042bf15,4374293
1731,0x0042bf16,4374294
1732,0x0042bf17,4374295
1733,0x0042bf1a,4374298
1734,0x0042bf1b,4374299
1735,0x0042bf1f,4374303
1736,0x0042bf20,4374304
1737,0x0042bf22,4374306
1738,0x0042bf23,4374307
1739,0x0042bf24,4374308
1740,0x0042bf27,4374311
1741,0x0042bf28,4374312
1742,0x0042bf2f,4374319
1743,0x0042bf30,4374320
1744,0x0042bf34,4374324
1745,0x0042bf35,4374325
1746,0x0042bf3a,4374330
1747,0x0042bf3b,4374331
1748,0x0042bf3c,4374332
1749,0x0042bf3d,4374333
1750,0x0042bf40,4374336
1751,0x0042bf41,4374337
1752,0x0042bf44,4374340
1753,0x0042bf45,4374341
1754,0x0042bf47,4374343
1755,0x0042bf48,4374344
1756,0x0042bf4c,4374348
1757,0x0042bf4d,4374349
1758,0x0042bf56,4374358
1759,0x0042bf57,4374359
1760,0x0042bf5b,4374363
1761,0x0042bf5c,4374364
1762,0x0042bf61,4374369
1763,0x0042bf62,4374370
1764,0x0042bf63,4374371
1765,0x0042bf66,4374374
1766,0x0042bf67,4374375
1767,0x0042bf6b,4374379
1768,0x0042bf6c,4374380
1769,0x0042bf6e,4374382
1770,0x0042bf6f,4374383
1771,0x0042bf70,4374384
1772,0x0042bf74,4374388
1773,0x0042bf7c,4374396
1774,0x0042bf7d,4374397
1775,0x0042bf81,4374401
1776,0x0042bf87,4374407
1777,0x0042bf88,4374408
1778,0x0042bf89,4374409
1779,0x0042bf8a,4374410
1780,0x0042bf8d,4374413
1781,0x0042bf8e,4374414
1782,0x0042bf91,4374417
1783,0x0042bf92,4374418
1784,0x0042bf94,4374420
1785,0x0042bf95,4374421
1786,0x0042bf96,4374422
1787,0x0042bf9a,4374426
1788,0x0042bfa2,4374434
1789,0x0042bfa6,4374438
1790,0x0042bfa7,4374439
1791,0x0042bfac,4374444
1792,0x0042bfad,4374445
1793,0x0042bfae,4374446
1794,0x0042bfaf,4374447
1795,0x0042bfb2,4374450
1796,0x0042bfb6,4374454
1797,0x0042bfb7,4374455
1798,0x0042bfb9,4374457
1799,0x0042bfba,4374458
1800,0x0042bfbb,4374459
1801,0x0042bfbc,4374460
1802,0x0042bfbe,4374462
1803,0x0042bfbf,4374463
1804,0x0042bfc6,4374470
1805,0x0042bfc7,4374471
1806,0x0042bfcd,4374477
1807,0x0042bfce,4374478
1808,0x0042bfd3,4374483
1809,0x0042bfd4,4374484
1810,0x0042bfd5,4374485
1811,0x0042bfd6,4374486
1812,0x0042bfd7,4374487
1813,0x0042bfd8,4374488
1814,0x0042bfd9,4374489
1815,0x0042bfde,4374494
1816,0x0042bfe1,4374497
1817,0x0042bfe2,4374498
1818,0x0042bfe3,4374499
1819,0x0042bfe6,4374502
1820,0x0042bfe7,4374503
1821,0x0042bff1,4374513
1822,0x0042bff3,4374515
1823,0x0042bff8,4374520
1824,0x0042bff9,4374521
1825,0x0042bfff,4374527
1826,0x0042c000,4374528
1827,0x0042c001,4374529
1828,0x0042c002,4374530
1829,0x0042c004,4374532
1830,0x0042c005,4374533
1831,0x0042c009,4374537
1832,0x0042c00a,4374538
1833,0x0042c00b,4374539
1834,0x0042c00c,4374540
1835,0x0042c00d,4374541
1836,0x0042c00e,4374542
1837,0x0042c011,4374545
1838,0x0042c01b,4374555
1839,0x0042c01c,4374556
1840,0x0042c01d,4374557
1841,0x0042c021,4374561
1842,0x0042c022,4374562
1843,0x0042c027,4374567
1844,0x0042c028,4374568
1845,0x0042c029,4374569
1846,0x0042c02a,4374570
1847,0x0042c02c,4374572
1848,0x0042c02d,4374573
1849,0x0042c030,4374576
1850,0x0042c031,4374577
1851,0x0042c033,4374579
1852,0x0042c034,4374580
1853,0x0042c035,4374581
1854,0x0042c038,4374584
1855,0x0042c039,4374585
1856,0x0042c03f,4374591
1857,0x0042c041,4374593
1858,0x0042c044,4374596
1859,0x0042c045,4374597
1860,0x0042c04a,4374602
1861,0x0042c04b,4374603
1862,0x0042c04c,4374604
1863,0x0042c04d,4374605
1864,0x0042c04f,4374607
1865,0x0042c050,4374608
1866,0x0042c053,4374611
1867,0x0042c054,4374612
1868,0x0042c056,4374614
1869,0x0042c057,4374615
1870,0x0042c058,4374616
1871,0x0042c059,4374617
1872,0x0042c05b,4374619
1873,0x0042c05c,4374620
1874,0x0042c05f,4374623
1875,0x0042c063,4374627
1876,0x0042c067,4374631
1877,0x0042c068,4374632
1878,0x0042c069,4374633
1879,0x0042c06e,4374638
1880,0x0042c06f,4374639
1881,0x0042c070,4374640
1882,0x0042c071,4374641
1883,0x0042c072,4374642
1884,0x0042c076,4374646
1885,0x0042c079,4374649
1886,0x0042c07a,4374650
1887,0x0042c07b,4374651
1888,0x0042c07e,4374654
1889,0x0042c07f,4374655
1890,0x0042c085,4374661
1891,0x0042c086,4374662
1892,0x0042c088,4374664
1893,0x0042c08a,4374666
1894,0x0042c08b,4374667
1895,0x0042c090,4374672
1896,0x0042c091,4374673
1897,0x0042c092,4374674
1898,0x0042c093,4374675
1899,0x0042c095,4374677
1900,0x0042c096,4374678
1901,0x0042c099,4374681
1902,0x0042c09a,4374682
1903,0x0042c09c,4374684
1904,0x0042c09d,4374685
1905,0x0042c09e,4374686
1906,0x0042c0a1,4374689
1907,0x0042c0a2,4374690
1908,0x0042c0a8,4374696
1909,0x0042c0a9,4374697
1910,0x0042c0ae,4374702
1911,0x0042c0b4,4374708
1912,0x0042c0b5,4374709
1913,0x0042c0b6,4374710
1914,0x0042c0b7,4374711
1915,0x0042c0b8,4374712
1916,0x0042c0b9,4374713
1917,0x0042c0bc,4374716
1918,0x0042c0bd,4374717
1919,0x0042c0be,4374718
1920,0x0042c0bf,4374719
1921,0x0042c0c0,4374720
1922,0x0042c0c1,4374721
1923,0x0042c0c4,4374724
1924,0x0042c0cc,4374732
1925,0x0042c0cd,4374733
1926,0x0042c0d1,4374737
1927,0x0042c0d2,4374738
1928,0x0042c0d7,4374743
1929,0x0042c0d8,4374744
1930,0x0042c0d9,4374745
1931,0x0042c0da,4374746
1932,0x0042c0db,4374747
1933,0x0042c0df,4374751
1934,0x0042c0e0,4374752
1935,0x0042c0e1,4374753
1936,0x0042c0e2,4374754
1937,0x0042c0e3,4374755
1938,0x0042c0e4,4374756
1939,0x0042c0e5,4374757
1940,0x0042c0e7,4374759
1941,0x0042c0ee,4374766
1942,0x0042c0ef,4374767
1943,0x0042c0f1,4374769
1944,0x0042c0f3,4374771
1945,0x0042c0f4,4374772
1946,0x0042c0f5,4374773
1947,0x0042c0f8,4374776
1948,0x0042c0fb,4374779
1949,0x0042c0fc,4374780
1950,0x0042c0fd,4374781
1951,0x0042c0fe,4374782
1952,0x0042c102,4374786
1953,0x0042c105,4374789
1954,0x0042c106,4374790
1955,0x0042c107,4374791
1956,0x0042c10b,4374795
1957,0x0042c111,4374801
1958,0x0042c113,4374803
1959,0x0042c116,4374806
1960,0x0042c117,4374807
1961,0x0042c11c,4374812
1962,0x0042c11d,4374813
1963,0x0042c11e,4374814
1964,0x0042c11f,4374815
1965,0x0042c121,4374817
1966,0x0042c124,4374820
1967,0x0042c125,4374821
1968,0x0042c127,4374823
1969,0x0042c128,4374824
1970,0x0042c129,4374825
1971,0x0042c12c,4374828
1972,0x0042c133,4374835
1973,0x0042c134,4374836
1974,0x0042c138,4374840
1975,0x0042c139,4374841
1976,0x0042c13d,4374845
1977,0x0042c13e,4374846
1978,0x0042c13f,4374847
1979,0x0042c140,4374848
1980,0x0042c141,4374849
1981,0x0042c142,4374850
1982,0x0042c146,4374854
1983,0x0042c147,4374855
1984,0x0042c148,4374856
1985,0x0042c149,4374857
1986,0x0042c14a,4374858
1987,0x0042c14d,4374861
1988,0x0042c14e,4374862
1989,0x0042c154,4374868
1990,0x0042c155,4374869
1991,0x0042c159,4374873
1992,0x0042c15e,4374878
1993,0x0042c15f,4374879
1994,0x0042c160,4374880
1995,0x0042c161,4374881
1996,0x0042c164,4374884
1997,0x0042c168,4374888
1998,0x0042c169,4374889
1999,0x0042c16a,4374890
2000,0x0042c16b,4374891
2001,0x0042c16c,4374892
2002,0x0042c16d,4374893
2003,0x0042c170,4374896
2004,0x0042c174,4374900
2005,0x0042c179,4374905
2006,0x0042c17a,4374906
2007,0x0042c17b,4374907
2008,0x0042c17e,4374910
2009,0x0042c17f,4374911
2010,0x0042c184,4374916
2011,0x0042c185,4374917
2012,0x0042c186,4374918
2013,0x0042c18a,4374922
2014,0x0042c18d,4374925
2015,0x0042c18e,4374926
2016,0x0042c18f,4374927
2017,0x0042c192,4374930
2018,0x0042c199,4374937
2019,0x0042c19a,4374938
2020,0x0042c19e,4374942
2021,0x0042c1a4,4374948
2022,0x0042c1a5,4374949
2023,0x0042c1a6,4374950
2024,0x0042c1a7,4374951
2025,0x0042c1aa,4374954
2026,0x0042c1ab,4374955
2027,0x0042c1ad,4374957
2028,0x0042c1ae,4374958
2029,0x0042c1af,4374959
2030,0x0042c1b0,4374960
2031,0x0042c1b1,4374961
2032,0x0042c1b7,4374967
2033,0x0042c1b8,4374968
2034,0x0042c1bc,4374972
2035,0x0042c1bd,4374973
2036,0x0042c1c2,4374978
2037,0x0042c1c3,4374979
2038,0x0042c1c4,4374980
2039,0x0042c1c5,4374981
2040,0x0042c1c8,4374984
2041,0x0042c1cc,4374988
2042,0x0042c1cd,4374989
2043,0x0042c1cf,4374991
2044,0x0042c1d0,4374992
2045,0x0042c1d1,4374993
2046,0x0042c1d8,4375000
2047,0x0042c1d9,4375001
2048,0x0042c1dd,4375005
2049,0x0042c1e3,4375011
2050,0x0042c1e4,4375012
2051,0x0042c1e5,4375013
2052,0x0042c1e8,4375016
2053,0x0042c1ec,4375020
2054,0x0042c1ed,4375021
2055,0x0042c1ee,4375022
2056,0x0042c1ef,4375023
2057,0x0042c1f0,4375024
2058,0x0042c1f1,4375025
2059,0x0042c1f6,4375030
2060,0x0042c1f8,4375032
2061,0x0042c1fb,4375035
2062,0x0042c1fd,4375037
2063,0x0042c1fe,4375038
2064,0x0042c203,4375043
2065,0x0042c204,4375044
2066,0x0042c205,4375045
2067,0x0042c206,4375046
2068,0x0042c20a,4375050
2069,0x0042c20d,4375053
2070,0x0042c20e,4375054
2071,0x0042c20f,4375055
2072,0x0042c212,4375058
2073,0x0042c214,4375060
2074,0x0042c217,4375063
2075,0x0042c218,4375064
2076,0x0042c219,4375065
2077,0x0042c21a,4375066
2078,0x0042c21c,4375068
2079,0x0042c21d,4375069
2080,0x0042c222,4375074
2081,0x0042c223,4375075
2082,0x0042c224,4375076
2083,0x0042c225,4375077
2084,0x0042c228,4375080
2085,0x0042c22b,4375083
2086,0x0042c22c,4375084
2087,0x0042c22e,4375086
2088,0x0042c22f,4375087
2089,0x0042c230,4375088
2090,0x0042c231,4375089
2091,0x0042c238,4375096
2092,0x0042c239,4375097
2093,0x0042c23d,4375101
2094,0x0042c23e,4375102
2095,0x0042c242,4375106
2096,0x0042c243,4375107
2097,0x0042c244,4375108
2098,0x0042c245,4375109
2099,0x0042c246,4375110
2100,0x0042c247,4375111
2101,0x0042c24b,4375115
2102,0x0042c24e,4375118
2103,0x0042c24f,4375119
2104,0x0042c250,4375120
2105,0x0042c256,4375126
2106,0x0042c257,4375127
2107,0x0042c25b,4375131
2108,0x0042c25c,4375132
2109,0x0042c261,4375137
2110,0x0042c262,4375138
2111,0x0042c263,4375139
2112,0x0042c264,4375140
2113,0x0042c266,4375142
2114,0x0042c26a,4375146
2115,0x0042c26c,4375148
2116,0x0042c26d,4375149
2117,0x0042c26e,4375150
2118,0x0042c26f,4375151
2119,0x0042c276,4375158
2120,0x0042c277,4375159
2121,0x0042c27b,4375163
2122,0x0042c280,4375168
2123,0x0042c281,4375169
2124,0x0042c282,4375170
2125,0x0042c283,4375171
2126,0x0042c286,4375174
2127,0x0042c289,4375177
2128,0x0042c28a,4375178
2129,0x0042c28b,4375179
2130,0x0042c28c,4375180
2131,0x0042c28d,4375181
2132,0x0042c28e,4375182
2133,0x0042c28f,4375183
2134,0x0042c295,4375189
2135,0x0042c296,4375190
2136,0x0042c29a,4375194
2137,0x0042c2a0,4375200
2138,0x0042c2a1,4375201
2139,0x0042c2a2,4375202
2140,0x0042c2a3,4375203
2141,0x0042c2a5,4375205
2142,0x0042c2a6,4375206
2143,0x0042c2a9,4375209
2144,0x0042c2aa,4375210
2145,0x0042c2ab,4375211
2146,0x0042c2ac,4375212
2147,0x0042c2ad,4375213
2148,0x0042c2ae,4375214
2149,0x0042c2af,4375215
2150,0x0042c2b7,4375223
2151,0x0042c2b8,4375224
2152,0x0042c2bc,4375228
2153,0x0042c2bd,4375229
2154,0x0042c2c2,4375234
2155,0x0042c2c3,4375235
2156,0x0042c2c4,4375236
2157,0x0042c2c5,4375237
2158,0x0042c2c7,4375239
2159,0x0042c2c8,4375240
2160,0x0042c2cb,4375243
2161,0x0042c2cd,4375245
2162,0x0042c2ce,4375246
2163,0x0042c2cf,4375247
2164,0x0042c2d0,4375248
2165,0x0042c2d6,4375254
2166,0x0042c2d7,4375255
2167,0x0042c2db,4375259
2168,0x0042c2dc,4375260
2169,0x0042c2e1,4375265
2170,0x0042c2e2,4375266
2171,0x0042c2e3,4375267
2172,0x0042c2e4,4375268
2173,0x0042c2e8,4375272
2174,0x0042c2e9,4375273
2175,0x0042c2eb,4375275
2176,0x0042c2ec,4375276
2177,0x0042c2ed,4375277
2178,0x0042c2f4,4375284
2179,0x0042c2f5,4375285
2180,0x0042c2f9,4375289
2181,0x0042c2fa,4375290
2182,0x0042c2ff,4375295
2183,0x0042c300,4375296
2184,0x0042c301,4375297
2185,0x0042c305,4375301
2186,0x0042c309,4375305
2187,0x0042c30b,4375307
2188,0x0042c30c,4375308
2189,0x0042c30d,4375309
2190,0x0042c30e,4375310
2191,0x0042c315,4375317
2192,0x0042c319,4375321
2193,0x0042c31a,4375322
2194,0x0042c31f,4375327
2195,0x0042c320,4375328
2196,0x0042c321,4375329
2197,0x0042c322,4375330
2198,0x0042c324,4375332
2199,0x0042c325,4375333
2200,0x0042c328,4375336
2201,0x0042c329,4375337
2202,0x0042c32a,4375338
2203,0x0042c32b,4375339
2204,0x0042c32c,4375340
2205,0x0042c32d,4375341
2206,0x0042c334,4375348
2207,0x0042c335,4375349
2208,0x0042c339,4375353
2209,0x0042c33e,4375358
2210,0x0042c33f,4375359
2211,0x0042c340,4375360
2212,0x0042c341,4375361
2213,0x0042c343,4375363
2214,0x0042c347,4375367
2215,0x0042c348,4375368
2216,0x0042c349,4375369
2217,0x0042c34a,4375370
2218,0x0042c34b,4375371
2219,0x0042c34c,4375372
2220,0x0042c34d,4375373
2221,0x0042c354,4375380
2222,0x0042c355,4375381
2223,0x0042c359,4375385
2224,0x0042c35a,4375386
2225,0x0042c35f,4375391
2226,0x0042c360,4375392
2227,0x0042c361,4375393
2228,0x0042c362,4375394
2229,0x0042c366,4375398
2230,0x0042c369,4375401
2231,0x0042c36a,4375402
2232,0x0042c36b,4375403
2233,0x0042c36c,4375404
2234,0x0042c371,4375409
2235,0x0042c372,4375410
2236,0x0042c376,4375414
2237,0x0042c377,4375415
2238,0x0042c37c,4375420
2239,0x0042c37d,4375421
2240,0x0042c37e,4375422
2241,0x0042c37f,4375423
2242,0x0042c381,4375425
2243,0x0042c386,4375430
2244,0x0042c388,4375432
2245,0x0042c389,4375433
2246,0x0042c38a,4375434
2247,0x0042c38b,4375435
2248,0x0042c392,4375442
2249,0x0042c396,4375446
2250,0x0042c397,4375447
2251,0x0042c399,4375449
2252,0x0042c39c,4375452
2253,0x0042c39d,4375453
2254,0x0042c39e,4375454
2255,0x0042c39f,4375455
2256,0x0042c3a2,4375458
2257,0x0042c3a6,4375462
2258,0x0042c3a7,4375463
2259,0x0042c3a9,4375465
2260,0x0042c3aa,4375466
2261,0x0042c3ab,4375467
2262,0x0042c3ac,4375468
2263,0x0042c3b3,4375475
2264,0x0042c3b8,4375480
2265,0x0042c3b9,4375481
2266,0x0042c3be,4375486
2267,0x0042c3bf,4375487
2268,0x0042c3c0,4375488
2269,0x0042c3c1,4375489
2270,0x0042c3c5,4375493
2271,0x0042c3c6,4375494
2272,0x0042c3c7,4375495
2273,0x0042c3c8,4375496
2274,0x0042c3c9,4375497
2275,0x0042c3ca,4375498
2276,0x0042c3d1,4375505
2277,0x0042c3d5,4375509
2278,0x0042c3d6,4375510
2279,0x0042c3db,4375515
2280,0x0042c3dc,4375516
2281,0x0042c3dd,4375517
2282,0x0042c3de,4375518
2283,0x0042c3df,4375519
2284,0x0042c3e0,4375520
2285,0x0042c3e4,4375524
2286,0x0042c3e5,4375525
2287,0x0042c3e7,4375527
2288,0x0042c3e8,4375528
2289,0x0042c3e9,4375529
2290,0x0042c3f1,4375537
2291,0x0042c3f2,4375538
2292,0x0042c3f3,4375539
2293,0x0042c3f4,4375540
2294,0x0042c3f8,4375544
2295,0x0042c3f9,4375545
2296,0x0042c3fd,4375549
2297,0x0042c3fe,4375550
2298,0x0042c400,4375552
2299,0x0042c401,4375553
2300,0x0042c402,4375554
2301,0x0042c403,4375555
2302,0x0042c407,4375559
2303,0x0042c409,4375561
2304,0x0042c40a,4375562
2305,0x0042c40b,4375563
2306,0x0042c40c,4375564
2307,0x0042c414,4375572
2308,0x0042c415,4375573
2309,0x0042c41a,4375578
2310,0x0042c41b,4375579
2311,0x0042c421,4375585
2312,0x0042c422,4375586
2313,0x0042c423,4375587
2314,0x0042c424,4375588
2315,0x0042c428,4375592
2316,0x0042c42a,4375594
2317,0x0042c42b,4375595
2318,0x0042c42c,4375596
2319,0x0042c42d,4375597
2320,0x0042c434,4375604
2321,0x0042c438,4375608
2322,0x0042c439,4375609
2323,0x0042c43e,4375614
2324,0x0042c43f,4375615
2325,0x0042c440,4375616
2326,0x0042c441,4375617
2327,0x0042c443,4375619
2328,0x0042c447,4375623
2329,0x0042c448,4375624
2330,0x0042c449,4375625
2331,0x0042c44a,4375626
2332,0x0042c44b,4375627
2333,0x0042c44c,4375628
2334,0x0042c453,4375635
2335,0x0042c457,4375639
2336,0x0042c458,4375640
2337,0x0042c45c,4375644
2338,0x0042c45d,4375645
2339,0x0042c45e,4375646
2340,0x0042c45f,4375647
2341,0x0042c460,4375648
2342,0x0042c461,4375649
2343,0x0042c462,4375650
2344,0x0042c466,4375654
2345,0x0042c467,4375655
2346,0x0042c468,4375656
2347,0x0042c469,4375657
2348,0x0042c46a,4375658
2349,0x0042c46b,4375659
2350,0x0042c471,4375665
2351,0x0042c472,4375666
2352,0x0042c476,4375670
2353,0x0042c477,4375671
2354,0x0042c47d,4375677
2355,0x0042c47e,4375678
2356,0x0042c47f,4375679
2357,0x0042c480,4375680
2358,0x0042c484,4375684
2359,0x0042c485,4375685
2360,0x0042c486,4375686
2361,0x0042c487,4375687
2362,0x0042c488,4375688
2363,0x0042c489,4375689
2364,0x0042c490,4375696
2365,0x0042c491,4375697
2366,0x0042c492,4375698
2367,0x0042c496,4375702
2368,0x0042c497,4375703
2369,0x0042c49c,4375708
2370,0x0042c49d,4375709
2371,0x0042c49e,4375710
2372,0x0042c49f,4375711
2373,0x0042c4a1,4375713
2374,0x0042c4a5,4375717
2375,0x0042c4a6,4375718
2376,0x0042c4a7,4375719
2377,0x0042c4a8,4375720
2378,0x0042c4a9,4375721
2379,0x0042c4aa,4375722
2380,0x0042c4ab,4375723
2381,0x0042c4b1,4375729
2382,0x0042c4b2,4375730
2383,0x0042c4b6,4375734
2384,0x0042c4b7,4375735
2385,0x0042c4bc,4375740
2386,0x0042c4bd,4375741
2387,0x0042c4be,4375742
2388,0x0042c4bf,4375743
2389,0x0042c4c3,4375747
2390,0x0042c4c5,4375749
2391,0x0042c4c6,4375750
2392,0x0042c4c7,4375751
2393,0x0042c4c8,4375752
2394,0x0042c4ce,4375758
2395,0x0042c4cf,4375759
2396,0x0042c4d3,4375763
2397,0x0042c4d4,4375764
2398,0x0042c4d9,4375769
2399,0x0042c4da,4375770
2400,0x0042c4db,4375771
2401,0x0042c4dc,4375772
2402,0x0042c4e0,4375776
2403,0x0042c4e2,4375778
2404,0x0042c4e3,4375779
2405,0x0042c4e4,4375780
2406,0x0042c4e5,4375781
2407,0x0042c4eb,4375787
2408,0x0042c4ec,4375788
2409,0x0042c4f0,4375792
2410,0x0042c4f1,4375793
2411,0x0042c4f6,4375798
2412,0x0042c4f7,4375799
2413,0x0042c4f8,4375800
2414,0x0042c4f9,4375801
2415,0x0042c4fb,4375803
2416,0x0042c4ff,4375807
2417,0x0042c500,4375808
2418,0x0042c503,4375811
2419,0x0042c504,4375812
2420,0x0042c505,4375813
2421,0x0042c50c,4375820
2422,0x0042c50d,4375821
2423,0x0042c512,4375826
2424,0x0042c513,4375827
2425,0x0042c518,4375832
2426,0x0042c519,4375833
2427,0x0042c51a,4375834
2428,0x0042c51b,4375835
2429,0x0042c51f,4375839
2430,0x0042c521,4375841
2431,0x0042c522,4375842
2432,0x0042c523,4375843
2433,0x0042c524,4375844
2434,0x0042c52b,4375851
2435,0x0042c52c,4375852
2436,0x0042c52d,4375853
2437,0x0042c530,4375856
2438,0x0042c531,4375857
2439,0x0042c532,4375858
2440,0x0042c536,4375862
2441,0x0042c537,4375863
2442,0x0042c538,4375864
2443,0x0042c539,4375865
2444,0x0042c53a,4375866
2445,0x0042c53e,4375870
2446,0x0042c53f,4375871
2447,0x0042c541,4375873
2448,0x0042c542,4375874
2449,0x0042c543,4375875
2450,0x0042c544,4375876
2451,0x0042c54b,4375883
2452,0x0042c54c,4375884
2453,0x0042c54f,4375887
2454,0x0042c550,4375888
2455,0x0042c555,4375893
2456,0x0042c556,4375894
2457,0x0042c557,4375895
2458,0x0042c558,4375896
2459,0x0042c55a,4375898
2460,0x0042c55b,4375899
2461,0x0042c55f,4375903
2462,0x0042c561,4375905
2463,0x0042c562,4375906
2464,0x0042c563,4375907
2465,0x0042c564,4375908
2466,0x0042c56a,4375914
2467,0x0042c56b,4375915
2468,0x0042c56f,4375919
2469,0x0042c570,4375920
2470,0x0042c575,4375925
2471,0x0042c576,4375926
2472,0x0042c577,4375927
2473,0x0042c578,4375928
2474,0x0042c57a,4375930
2475,0x0042c57b,4375931
2476,0x0042c57e,4375934
2477,0x0042c580,4375936
2478,0x0042c581,4375937
2479,0x0042c582,4375938
2480,0x0042c583,4375939
2481,0x0042c58a,4375946
2482,0x0042c58b,4375947
2483,0x0042c58e,4375950
2484,0x0042c58f,4375951
2485,0x0042c594,4375956
2486,0x0042c595,4375957
2487,0x0042c596,4375958
2488,0x0042c597,4375959
2489,0x0042c598,4375960
2490,0x0042c59b,4375963
2491,0x0042c59c,4375964
2492,0x0042c59d,4375965
2493,0x0042c59e,4375966
2494,0x0042c59f,4375967
2495,0x0042c5a0,4375968
2496,0x0042c5a1,4375969
2497,0x0042c5a7,4375975
2498,0x0042c5a8,4375976
2499,0x0042c5ac,4375980
2500,0x0042c5ad,4375981
2501,0x0042c5b1,4375985
2502,0x0042c5b2,4375986
2503,0x0042c5b3,4375987
2504,0x0042c5b4,4375988
2505,0x0042c5b9,4375993
2506,0x0042c5ba,4375994
2507,0x0042c5bb,4375995
2508,0x0042c5bc,4375996
2509,0x0042c5bd,4375997
2510,0x0042c5be,4375998
2511,0x0042c5c5,4376005
2512,0x0042c5c6,4376006
2513,0x0042c5ca,4376010
2514,0x0042c5cb,4376011
2515,0x0042c5cc,4376012
2516,0x0042c5cf,4376015
2517,0x0042c5d0,4376016
2518,0x0042c5d1,4376017
2519,0x0042c5d2,4376018
2520,0x0042c5d3,4376019
2521,0x0042c5d4,4376020
2522,0x0042c5d5,4376021
2523,0x0042c5d8,4376024
2524,0x0042c5db,4376027
2525,0x0042c5dc,4376028
2526,0x0042c5dd,4376029
2527,0x0042c5e4,4376036
2528,0x0042c5e6,4376038
2529,0x0042c5ea,4376042
2530,0x0042c5ef,4376047
2531,0x0042c5f0,4376048
2532,0x0042c5f1,4376049
2533,0x0042c5f2,4376050
2534,0x0042c5f4,4376052
2535,0x0042c5f5,4376053
2536,0x0042c5f9,4376057
2537,0x0042c5fb,4376059
2538,0x0042c5fc,4376060
2539,0x0042c5fd,4376061
2540,0x0042c5fe,4376062
2541,0x0042c605,4376069
2542,0x0042c609,4376073
2543,0x0042c60a,4376074
2544,0x0042c60f,4376079
2545,0x0042c610,4376080
2546,0x0042c611,4376081
2547,0x0042c612,4376082
2548,0x0042c617,4376087
2549,0x0042c619,4376089
2550,0x0042c61a,4376090
2551,0x0042c61b,4376091
2552,0x0042c61c,4376092
2553,0x0042c622,4376098
2554,0x0042c623,4376099
2555,0x0042c627,4376103
2556,0x0042c628,4376104
2557,0x0042c62c,4376108
2558,0x0042c62d,4376109
2559,0x0042c62e,4376110
2560,0x0042c62f,4376111
2561,0x0042c630,4376112
2562,0x0042c631,4376113
2563,0x0042c634,4376116
2564,0x0042c636,4376118
2565,0x0042c637,4376119
2566,0x0042c638,4376120
2567,0x0042c639,4376121
2568,0x0042c63f,4376127
2569,0x0042c640,4376128
2570,0x0042c644,4376132
2571,0x0042c645,4376133
2572,0x0042c649,4376137
2573,0x0042c64a,4376138
2574,0x0042c64b,4376139
2575,0x0042c64c,4376140
2576,0x0042c64d,4376141
2577,0x0042c651,4376145
2578,0x0042c654,4376148
2579,0x0042c655,4376149
2580,0x0042c656,4376150
2581,0x0042c65e,4376158
2582,0x0042c65f,4376159
2583,0x0042c663,4376163
2584,0x0042c664,4376164
2585,0x0042c668,4376168
2586,0x0042c669,4376169
2587,0x0042c66a,4376170
2588,0x0042c66b,4376171
2589,0x0042c66c,4376172
2590,0x0042c670,4376176
2591,0x0042c671,4376177
2592,0x0042c673,4376179
2593,0x0042c674,4376180
2594,0x0042c675,4376181
2595,0x0042c676,4376182
2596,0x0042c67c,4376188
2597,0x0042c67d,4376189
2598,0x0042c681,4376193
2599,0x0042c686,4376198
2600,0x0042c687,4376199
2601,0x0042c688,4376200
2602,0x0042c689,4376201
2603,0x0042c68d,4376205
2604,0x0042c68e,4376206
2605,0x0042c68f,4376207
2606,0x0042c690,4376208
2607,0x0042c691,4376209
2608,0x0042c692,4376210
2609,0x0042c698,4376216
2610,0x0042c699,4376217
2611,0x0042c69d,4376221
2612,0x0042c69e,4376222
2613,0x0042c6a3,4376227
2614,0x0042c6a4,4376228
2615,0x0042c6a5,4376229
2616,0x0042c6a6,4376230
2617,0x0042c6a7,4376231
2618,0x0042c6a9,4376233
2619,0x0042c6ab,4376235
2620,0x0042c6ad,4376237
2621,0x0042c6ae,4376238
2622,0x0042c6af,4376239
2623,0x0042c6b0,4376240
2624,0x0042c6b6,4376246
2625,0x0042c6b7,4376247
2626,0x0042c6b9,4376249
2627,0x0042c6ba,4376250
2628,0x0042c6bb,4376251
2629,0x0042c6bc,4376252
2630,0x0042c6bf,4376255
2631,0x0042c6c0,4376256
2632,0x0042c6c1,4376257
2633,0x0042c6c2,4376258
2634,0x0042c6c3,4376259
2635,0x0042c6c6,4376262
2636,0x0042c6ca,4376266
2637,0x0042c6cc,4376268
2638,0x0042c6cd,4376269
2639,0x0042c6ce,4376270
2640,0x0042c6cf,4376271
2641,0x0042c6d6,4376278
2642,0x0042c6da,4376282
2643,0x0042c6db,4376283
2644,0x0042c6e0,4376288
2645,0x0042c6e1,4376289
2646,0x0042c6e2,4376290
2647,0x0042c6e3,4376291
2648,0x0042c6e8,4376296
2649,0x0042c6eb,4376299
2650,0x0042c6ec,4376300
2651,0x0042c6ed,4376301
2652,0x0042c6f5,4376309
2653,0x0042c6f6,4376310
2654,0x0042c6fa,4376314
2655,0x0042c6fb,4376315
2656,0x0042c6fc,4376316
2657,0x0042c700,4376320
2658,0x0042c701,4376321
2659,0x0042c702,4376322
2660,0x0042c703,4376323
2661,0x0042c707,4376327
2662,0x0042c708,4376328
2663,0x0042c709,4376329
2664,0x0042c70a,4376330
2665,0x0042c70b,4376331
2666,0x0042c70c,4376332
2667,0x0042c713,4376339
2668,0x0042c717,4376343
2669,0x0042c718,4376344
2670,0x0042c71d,4376349
2671,0x0042c71e,4376350
2672,0x0042c71f,4376351
2673,0x0042c722,4376354
2674,0x0042c723,4376355
2675,0x0042c726,4376358
2676,0x0042c728,4376360
2677,0x0042c729,4376361
2678,0x0042c72a,4376362
2679,0x0042c72b,4376363
2680,0x0042c732,4376370
2681,0x0042c733,4376371
2682,0x0042c735,4376373
2683,0x0042c736,4376374
2684,0x0042c737,4376375
2685,0x0042c739,4376377
2686,0x0042c73a,4376378
2687,0x0042c73c,4376380
2688,0x0042c73d,4376381
2689,0x0042c73e,4376382
2690,0x0042c73f,4376383
2691,0x0042c740,4376384
2692,0x0042c741,4376385
2693,0x0042c743,4376387
2694,0x0042c744,4376388
2695,0x0042c745,4376389
2696,0x0042c746,4376390
2697,0x0042c747,4376391
2698,0x0042c748,4376392
2699,0x0042c749,4376393
2700,0x0042c74a,4376394
2701,0x0042c74b,4376395
2702,0x0042c74d,4376397
2703,0x0042c74e,4376398
2704,0x0042c74f,4376399
2705,0x0042c750,4376400
2706,0x0042c753,4376403
2707,0x0042c754,4376404
2708,0x0042c755,4376405
2709,0x0042c759,4376409
2710,0x0042c75a,4376410
2711,0x0042c75b,4376411
2712,0x0042c75c,4376412
2713,0x0042c75e,4376414
2714,0x0042c762,4376418
2715,0x0042c763,4376419
2716,0x0042c765,4376421
2717,0x0042c766,4376422
2718,0x0042c767,4376423
2719,0x0042c768,4376424
2720,0x0042c76e,4376430
2721,0x0042c76f,4376431
2722,0x0042c773,4376435
2723,0x0042c774,4376436
2724,0x0042c778,4376440
2725,0x0042c779,4376441
2726,0x0042c77a,4376442
2727,0x0042c77b,4376443
2728,0x0042c77c,4376444
2729,0x0042c780,4376448
2730,0x0042c781,4376449
2731,0x0042c782,4376450
2732,0x0042c783,4376451
2733,0x0042c784,4376452
2734,0x0042c785,4376453
2735,0x0042c78c,4376460
2736,0x0042c78d,4376461
2737,0x0042c78e,4376462
2738,0x0042c791,4376465
2739,0x0042c792,4376466
2740,0x0042c793,4376467
2741,0x0042c797,4376471
2742,0x0042c798,4376472
2743,0x0042c799,4376473
2744,0x0042c79a,4376474
2745,0x0042c79e,4376478
2746,0x0042c79f,4376479
2747,0x0042c7a1,4376481
2748,0x0042c7a2,4376482
2749,0x0042c7a3,4376483
2750,0x0042c7a4,4376484
2751,0x0042c7aa,4376490
2752,0x0042c7ab,4376491
2753,0x0042c7af,4376495
2754,0x0042c7b0,4376496
2755,0x0042c7b5,4376501
2756,0x0042c7b6,4376502
2757,0x0042c7b7,4376503
2758,0x0042c7b8,4376504
2759,0x0042c7ba,4376506
2760,0x0042c7be,4376510
2761,0x0042c7c0,4376512
2762,0x0042c7c1,4376513
2763,0x0042c7c2,4376514
2764,0x0042c7c3,4376515
2765,0x0042c7ca,4376522
2766,0x0042c7cb,4376523
2767,0x0042c7ce,4376526
2768,0x0042c7cf,4376527
2769,0x0042c7d0,4376528
2770,0x0042c7d5,4376533
2771,0x0042c7d6,4376534
2772,0x0042c7d7,4376535
2773,0x0042c7da,4376538
2774,0x0042c7de,4376542
2775,0x0042c7e0,4376544
2776,0x0042c7e1,4376545
2777,0x0042c7e2,4376546
2778,0x0042c7e3,4376547
2779,0x0042c7e6,4376550
2780,0x0042c7e9,4376553
2781,0x0042c7ea,4376554
2782,0x0042c7ee,4376558
2783,0x0042c7ef,4376559
2784,0x0042c7f4,4376564
2785,0x0042c7f5,4376565
2786,0x0042c7f6,4376566
2787,0x0042c7f7,4376567
2788,0x0042c7f9,4376569
2789,0x0042c7fc,4376572
2790,0x0042c7fd,4376573
2791,0x0042c7fe,4376574
2792,0x0042c7ff,4376575
2793,0x0042c800,4376576
2794,0x0042c801,4376577
2795,0x0042c802,4376578
2796,0x0042c803,4376579
2797,0x0042c804,4376580
2798,0x0042c807,4376583
2799,0x0042c808,4376584
2800,0x0042c809,4376585
2801,0x0042c80d,4376589
2802,0x0042c812,4376594
2803,0x0042c813,4376595
2804,0x0042c814,4376596
2805,0x0042c815,4376597
2806,0x0042c816,4376598
2807,0x0042c817,4376599
2808,0x0042c818,4376600
2809,0x0042c81a,4376602
2810,0x0042c81b,4376603
2811,0x0042c81c,4376604
2812,0x0042c81d,4376605
2813,0x0042c81e,4376606
2814,0x0042c81f,4376607
2815,0x0042c821,4376609
2816,0x0042c822,4376610
2817,0x0042c827,4376615
2818,0x0042c828,4376616
2819,0x0042c82c,4376620
2820,0x0042c82d,4376621
2821,0x0042c831,4376625
2822,0x0042c832,4376626
2823,0x0042c833,4376627
2824,0x0042c834,4376628
2825,0x0042c835,4376629
2826,0x0042c836,4376630
2827,0x0042c837,4376631
2828,0x0042c839,4376633
2829,0x0042c83a,4376634
2830,0x0042c83b,4376635
2831,0x0042c83c,4376636
2832,0x0042c83d,4376637
2833,0x0042c83e,4376638
2834,0x0042c843,4376643
2835,0x0042c846,4376646
2836,0x0042c84a,4376650
2837,0x0042c84b,4376651
2838,0x0042c84c,4376652
2839,0x0042c850,4376656
2840,0x0042c851,4376657
2841,0x0042c852,4376658
2842,0x0042c853,4376659
2843,0x0042c854,4376660
2844,0x0042c855,4376661
2845,0x0042c856,4376662
2846,0x0042c857,4376663
2847,0x0042c858,4376664
2848,0x0042c85a,4376666
2849,0x0042c85c,4376668
2850,0x0042c85d,4376669
2851,0x0042c85e,4376670
2852,0x0042c85f,4376671
2853,0x0042c861,4376673
2854,0x0042c862,4376674
2855,0x0042c865,4376677
2856,0x0042c866,4376678
2857,0x0042c86a,4376682
2858,0x0042c86b,4376683
2859,0x0042c86c,4376684
2860,0x0042c86d,4376685
2861,0x0042c86f,4376687
2862,0x0042c870,4376688
2863,0x0042c871,4376689
2864,0x0042c872,4376690
2865,0x0042c874,4376692
2866,0x0042c875,4376693
2867,0x0042c877,4376695
2868,0x0042c879,4376697
2869,0x0042c87a,4376698
2870,0x0042c87b,4376699
2871,0x0042c87c,4376700
2872,0x0042c87d,4376701
2873,0x0042c87e,4376702
2874,0x0042c87f,4376703
2875,0x0042c880,4376704
2876,0x0042c881,4376705
2877,0x0042c884,4376708
2878,0x0042c885,4376709
2879,0x0042c886,4376710
2880,0x0042c887,4376711
2881,0x0042c88a,4376714
2882,0x0042c88b,4376715
2883,0x0042c88c,4376716
2884,0x0042c88f,4376719
2885,0x0042c890,4376720
2886,0x0042c891,4376721
2887,0x0042c892,4376722
2888,0x0042c893,4376723
2889,0x0042c894,4376724
2890,0x0042c898,4376728
2891,0x0042c899,4376729
2892,0x0042c89b,4376731
2893,0x0042c89c,4376732
2894,0x0042c89d,4376733
2895,0x0042c89e,4376734
2896,0x0042c8a1,4376737
2897,0x0042c8a5,4376741
2898,0x0042c8a6,4376742
2899,0x0042c8a7,4376743
2900,0x0042c8aa,4376746
2901,0x0042c8ab,4376747
2902,0x0042c8ac,4376748
2903,0x0042c8b0,4376752
2904,0x0042c8b1,4376753
2905,0x0042c8b2,4376754
2906,0x0042c8b3,4376755
2907,0x0042c8b4,4376756
2908,0x0042c8b5,4376757
2909,0x0042c8b6,4376758
2910,0x0042c8b7,4376759
2911,0x0042c8b8,4376760
2912,0x0042c8b9,4376761
2913,0x0042c8ba,4376762
2914,0x0042c8bb,4376763
2915,0x0042c8bc,4376764
2916,0x0042c8bd,4376765
2917,0x0042c8bf,4376767
2918,0x0042c8c0,4376768
2919,0x0042c8c1,4376769
2920,0x0042c8c4,4376772
2921,0x0042c8c5,4376773
2922,0x0042c8c6,4376774
2923,0x0042c8c8,4376776
2924,0x0042c8c9,4376777
2925,0x0042c8ca,4376778
2926,0x0042c8cc,4376780
2927,0x0042c8cd,4376781
2928,0x0042c8ce,4376782
2929,0x0042c8cf,4376783
2930,0x0042c8d0,4376784
2931,0x0042c8d1,4376785
2932,0x0042c8d3,4376787
2933,0x0042c8d4,4376788
2934,0x0042c8d5,4376789
2935,0x0042c8d6,4376790
2936,0x0042c8d7,4376791
2937,0x0042c8d8,4376792
2938,0x0042c8d9,4376793
2939,0x0042c8da,4376794
2940,0x0042c8db,4376795
2941,0x0042c8df,4376799
2942,0x0042c8e2,4376802
2943,0x0042c8e4,4376804
2944,0x0042c8e5,4376805
2945,0x0042c8e6,4376806
2946,0x0042c8e7,4376807
2947,0x0042c8e9,4376809
2948,0x0042c8ec,4376812
2949,0x0042c8ed,4376813
2950,0x0042c8ee,4376814
2951,0x0042c8ef,4376815
2952,0x0042c8f0,4376816
2953,0x0042c8f1,4376817
2954,0x0042c8f2,4376818
2955,0x0042c8f4,4376820
2956,0x0042c8f5,4376821
2957,0x0042c8f6,4376822
2958,0x0042c8f8,4376824
2959,0x0042c8f9,4376825
2960,0x0042c8fa,4376826
2961,0x0042c8fb,4376827
2962,0x0042c8fc,4376828
2963,0x0042c8fe,4376830
2964,0x0042c8ff,4376831
2965,0x0042c900,4376832
2966,0x0042c901,4376833
2967,0x0042c903,4376835
2968,0x0042c905,4376837
2969,0x0042c906,4376838
2970,0x0042c907,4376839
2971,0x0042c90c,4376844
2972,0x0042c911,4376849
2973,0x0042c912,4376850
2974,0x0042c914,4376852
2975,0x0042c915,4376853
2976,0x0042c916,4376854
2977,0x0042c917,4376855
2978,0x0042c91a,4376858
2979,0x0042c91c,4376860
2980,0x0042c91f,4376863
2981,0x0042c922,4376866
2982,0x0042c924,4376868
2983,0x0042c925,4376869
2984,0x0042c926,4376870
2985,0x0042c927,4376871
2986,0x0042c92a,4376874
2987,0x0042c931,4376881
2988,0x0042c932,4376882
2989,0x0042c933,4376883
2990,0x0042c936,4376886
2991,0x0042c937,4376887
2992,0x0042c938,4376888
2993,0x0042c93c,4376892
2994,0x0042c93d,4376893
2995,0x0042c93e,4376894
2996,0x0042c93f,4376895
2997,0x0042c940,4376896
2998,0x0042c942,4376898
2999,0x0042c943,4376899
3000,0x0042c944,4376900
3001,0x0042c945,4376901
3002,0x0042c947,4376903
3003,0x0042c948,4376904
3004,0x0042c949,4376905
3005,0x0042c94a,4376906
3006,0x0042c94d,4376909
3007,0x0042c94f,4376911
3008,0x0042c950,4376912
3009,0x0042c951,4376913
3010,0x0042c952,4376914
3011,0x0042c954,4376916
3012,0x0042c955,4376917
3013,0x0042c956,4376918
3014,0x0042c957,4376919
3015,0x0042c959,4376921
3016,0x0042c95a,4376922
3017,0x0042c95b,4376923
3018,0x0042c95c,4376924
3019,0x0042c95d,4376925
3020,0x0042c95e,4376926
3021,0x0042c95f,4376927
3022,0x0042c960,4376928
3023,0x0042c961,4376929
3024,0x0042c964,4376932
3025,0x0042c965,4376933
3026,0x0042c966,4376934
3027,0x0042c967,4376935
3028,0x0042c968,4376936
3029,0x0042c969,4376937
3030,0x0042c96d,4376941
3031,0x0042c96e,4376942
3032,0x0042c970,4376944
3033,0x0042c972,4376946
3034,0x0042c973,4376947
3035,0x0042c974,4376948
3036,0x0042c975,4376949
3037,0x0042c977,4376951
3038,0x0042c97a,4376954
3039,0x0042c97b,4376955
3040,0x0042c97c,4376956
3041,0x0042c97d,4376957
3042,0x0042c980,4376960
3043,0x0042c981,4376961
3044,0x0042c984,4376964
3045,0x0042c985,4376965
3046,0x0042c986,4376966
3047,0x0042c987,4376967
3048,0x0042c988,4376968
3049,0x0042c989,4376969
3050,0x0042c98a,4376970
3051,0x0042c98b,4376971
3052,0x0042c98d,4376973
3053,0x0042c98e,4376974
3054,0x0042c98f,4376975
3055,0x0042c992,4376978
3056,0x0042c993,4376979
3057,0x0042c994,4376980
3058,0x0042c997,4376983
3059,0x0042c998,4376984
3060,0x0042c99f,4376991
3061,0x0042c9a0,4376992
3062,0x0042c9a1,4376993
3063,0x0042c9a2,4376994
3064,0x0042c9a5,4376997
3065,0x0042c9a6,4376998
3066,0x0042c9a7,4376999
3067,0x0042c9ab,4377003
3068,0x0042c9ac,4377004
3069,0x0042c9ad,4377005
3070,0x0042c9ae,4377006
3071,0x0042c9af,4377007
3072,0x0042c9b0,4377008
3073,0x0042c9b2,4377010
3074,0x0042c9b3,4377011
3075,0x0042c9b4,4377012
3076,0x0042c9b6,4377014
3077,0x0042c9b7,4377015
3078,0x0042c9b8,4377016
3079,0x0042c9b9,4377017
3080,0x0042c9bd,4377021
3081,0x0042c9be,4377022
3082,0x0042c9bf,4377023
3083,0x0042c9c0,4377024
3084,0x0042c9c1,4377025
3085,0x0042c9c3,4377027
3086,0x0042c9c4,4377028
3087,0x0042c9c5,4377029
3088,0x0042c9c6,4377030
3089,0x0042c9c7,4377031
3090,0x0042c9ca,4377034
3091,0x0042c9cb,4377035
3092,0x0042c9cc,4377036
3093,0x0042c9cd,4377037
3094,0x0042c9d0,4377040
3095,0x0042c9d1,4377041
3096,0x0042c9d2,4377042
3097,0x0042c9d4,4377044
3098,0x0042c9d5,4377045
3099,0x0042c9d6,4377046
3100,0x0042c9d7,4377047
3101,0x0042c9d8,4377048
3102,0x0042c9d9,4377049
3103,0x0042c9da,4377050
3104,0x0042c9dc,4377052
3105,0x0042c9dd,4377053
3106,0x0042c9de,4377054
3107,0x0042c9df,4377055
3108,0x0042c9e0,4377056
3109,0x0042c9e1,4377057
3110,0x0042c9e4,4377060
3111,0x0042c9e5,4377061
3112,0x0042c9ea,4377066
3113,0x0042c9eb,4377067
3114,0x0042c9ec,4377068
3115,0x0042c9ed,4377069
3116,0x0042c9ee,4377070
3117,0x0042c9f1,4377073
3118,0x0042c9f2,4377074
3119,0x0042c9f3,4377075
3120,0x0042c9f4,4377076
3121,0x0042c9f5,4377077
3122,0x0042c9f6,4377078
3123,0x0042c9f7,4377079
3124,0x0042c9f8,4377080
3125,0x0042c9ff,4377087
3126,0x0042ca00,4377088
3127,0x0042ca01,4377089
3128,0x0042ca04,4377092
3129,0x0042ca05,4377093
3130,0x0042ca06,4377094
3131,0x0042ca0a,4377098
3132,0x0042ca0b,4377099
3133,0x0042ca0c,4377100
3134,0x0042ca0d,4377101
3135,0x0042ca0e,4377102
3136,0x0042ca0f,4377103
3137,0x0042ca10,4377104
3138,0x0042ca11,4377105
3139,0x0042ca12,4377106
3140,0x0042ca13,4377107
3141,0x0042ca14,4377108
3142,0x0042ca15,4377109
3143,0x0042ca16,4377110
3144,0x0042ca17,4377111
3145,0x0042ca18,4377112
3146,0x0042ca19,4377113
3147,0x0042ca1a,4377114
3148,0x0042ca1b,4377115
3149,0x0042ca1c,4377116
3150,0x0042ca1e,4377118
3151,0x0042ca20,4377120
3152,0x0042ca21,4377121
3153,0x0042ca22,4377122
3154,0x0042ca24,4377124
3155,0x0042ca25,4377125
3156,0x0042ca26,4377126
3157,0x0042ca2a,4377130
3158,0x0042ca2b,4377131
3159,0x0042ca2c,4377132
3160,0x0042ca2d,4377133
3161,0x0042ca2e,4377134
3162,0x0042ca31,4377137
3163,0x0042ca32,4377138
3164,0x0042ca33,4377139
3165,0x0042ca34,4377140
3166,0x0042ca35,4377141
3167,0x0042ca36,4377142
3168,0x0042ca37,4377143
3169,0x0042ca38,4377144
3170,0x0042ca39,4377145
3171,0x0042ca3a,4377146
3172,0x0042ca3c,4377148
3173,0x0042ca3e,4377150
3174,0x0042ca3f,4377151
3175,0x0042ca41,4377153
3176,0x0042ca44,4377156
3177,0x0042ca45,4377157
3178,0x0042ca46,4377158
3179,0x0042ca47,4377159
3180,0x0042ca48,4377160
3181,0x0042ca49,4377161
3182,0x0042ca4b,4377163
3183,0x0042ca4c,4377164
3184,0x0042ca4d,4377165
3185,0x0042ca4e,4377166
3186,0x0042ca50,4377168
3187,0x0042ca52,4377170
3188,0x0042ca53,4377171
3189,0x0042ca54,4377172
3190,0x0042ca55,4377173
3191,0x0042ca56,4377174
3192,0x0042ca57,4377175
3193,0x0042ca5f,4377183
3194,0x0042ca60,4377184
3195,0x0042ca63,4377187
3196,0x0042ca64,4377188
3197,0x0042ca69,4377193
3198,0x0042ca6a,4377194
3199,0x0042ca6b,4377195
3200,0x0042ca6c,4377196
3201,0x0042ca6d,4377197
3202,0x0042ca6e,4377198
3203,0x0042ca6f,4377199
3204,0x0042ca70,4377200
3205,0x0042ca71,4377201
3206,0x0042ca73,4377203
3207,0x0042ca75,4377205
3208,0x0042ca76,4377206
3209,0x0042ca77,4377207
3210,0x0042ca78,4377208
3211,0x0042ca79,4377209
3212,0x0042ca7b,4377211
3213,0x0042ca7d,4377213
3214,0x0042ca7e,4377214
3215,0x0042ca7f,4377215
3216,0x0042ca83,4377219
3217,0x0042ca84,4377220
3218,0x0042ca85,4377221
3219,0x0042ca86,4377222
3220,0x0042ca88,4377224
3221,0x0042ca89,4377225
3222,0x0042ca8a,4377226
3223,0x0042ca8b,4377227
3224,0x0042ca8c,4377228
3225,0x0042ca8d,4377229
3226,0x0042ca90,4377232
3227,0x0042ca91,4377233
3228,0x0042ca92,4377234
3229,0x0042ca93,4377235
3230,0x0042ca94,4377236
3231,0x0042ca95,4377237
3232,0x0042ca96,4377238
3233,0x0042ca9a,4377242
3234,0x0042ca9b,4377243
3235,0x0042ca9c,4377244
3236,0x0042ca9d,4377245
3237,0x0042ca9e,4377246
3238,0x0042caa1,4377249
3239,0x0042caa2,4377250
3240,0x0042caa3,4377251
3241,0x0042caa6,4377254
3242,0x0042caa7,4377255
3243,0x0042caa8,4377256
3244,0x0042caa9,4377257
3245,0x0042caab,4377259
3246,0x0042caac,4377260
3247,0x0042cab0,4377264
3248,0x0042cab2,4377266
3249,0x0042cab3,4377267
3250,0x0042cab4,4377268
3251,0x0042cabc,4377276
3252,0x0042cabd,4377277
3253,0x0042cac0,4377280
3254,0x0042cac1,4377281
3255,0x0042cac2,4377282
3256,0x0042cac3,4377283
3257,0x0042cac6,4377286
3258,0x0042cac7,4377287
3259,0x0042cac8,4377288
3260,0x0042cac9,4377289
3261,0x0042caca,4377290
3262,0x0042cacb,4377291
3263,0x0042cacd,4377293
3264,0x0042cacf,4377295
3265,0x0042cad0,4377296
3266,0x0042cad2,4377298
3267,0x0042cad3,4377299
3268,0x0042cad4,4377300
3269,0x0042cad5,4377301
3270,0x0042cad6,4377302
3271,0x0042cad8,4377304
3272,0x0042cad9,4377305
3273,0x0042cada,4377306
3274,0x0042cadb,4377307
3275,0x0042cadc,4377308
3276,0x0042cadd,4377309
3277,0x0042cade,4377310
3278,0x0042cae0,4377312
3279,0x0042cae4,4377316
3280,0x0042cae5,4377317
3281,0x0042cae6,4377318
3282,0x0042cae7,4377319
3283,0x0042cae8,4377320
3284,0x0042cae9,4377321
3285,0x0042caed,4377325
3286,0x0042caee,4377326
3287,0x0042caef,4377327
3288,0x0042caf0,4377328
3289,0x0042caf1,4377329
3290,0x0042caf2,4377330
3291,0x0042caf3,4377331
3292,0x0042caf4,4377332
3293,0x0042caf9,4377337
3294,0x0042cafa,4377338
3295,0x0042cafb,4377339
3296,0x0042cafc,4377340
3297,0x0042cafd,4377341
3298,0x0042cafe,4377342
3299,0x0042caff,4377343
3300,0x0042cb00,4377344
3301,0x0042cb01,4377345
3302,0x0042cb03,4377347
3303,0x0042cb04,4377348
3304,0x0042cb05,4377349
3305,0x0042cb06,4377350
3306,0x0042cb09,4377353
3307,0x0042cb0d,4377357
3308,0x0042cb0e,4377358
3309,0x0042cb10,4377360
3310,0x0042cb11,4377361
3311,0x0042cb12,4377362
3312,0x0042cb13,4377363
3313,0x0042cb1a,4377370
3314,0x0042cb1b,4377371
3315,0x0042cb1c,4377372
3316,0x0042cb1f,4377375
3317,0x0042cb20,4377376
3318,0x0042cb24,4377380
3319,0x0042cb25,4377381
3320,0x0042cb26,4377382
3321,0x0042cb27,4377383
3322,0x0042cb28,4377384
3323,0x0042cb29,4377385
3324,0x0042cb2a,4377386
3325,0x0042cb2b,4377387
3326,0x0042cb2e,4377390
3327,0x0042cb2f,4377391
3328,0x0042cb30,4377392
3329,0x0042cb31,4377393
3330,0x0042cb32,4377394
3331,0x0042cb33,4377395
3332,0x0042cb34,4377396
3333,0x0042cb35,4377397
3334,0x0042cb37,4377399
3335,0x0042cb38,4377400
3336,0x0042cb3b,4377403
3337,0x0042cb3e,4377406
3338,0x0042cb3f,4377407
3339,0x0042cb40,4377408
3340,0x0042cb42,4377410
3341,0x0042cb43,4377411
3342,0x0042cb45,4377413
3343,0x0042cb46,4377414
3344,0x0042cb47,4377415
3345,0x0042cb48,4377416
3346,0x0042cb49,4377417
3347,0x0042cb4a,4377418
3348,0x0042cb4b,4377419
3349,0x0042cb4c,4377420
3350,0x0042cb4d,4377421
3351,0x0042cb4e,4377422
3352,0x0042cb4f,4377423
3353,0x0042cb50,4377424
3354,0x0042cb51,4377425
3355,0x0042cb52,4377426
3356,0x0042cb54,4377428
3357,0x0042cb56,4377430
3358,0x0042cb57,4377431
3359,0x0042cb58,4377432
3360,0x0042cb59,4377433
3361,0x0042cb5a,4377434
3362,0x0042cb5b,4377435
3363,0x0042cb5c,4377436
3364,0x0042cb5e,4377438
3365,0x0042cb5f,4377439
3366,0x0042cb63,4377443
3367,0x0042cb64,4377444
3368,0x0042cb65,4377445
3369,0x0042cb66,4377446
3370,0x0042cb67,4377447
3371,0x0042cb6b,4377451
3372,0x0042cb6d,4377453
3373,0x0042cb6e,4377454
3374,0x0042cb6f,4377455
3375,0x0042cb70,4377456
3376,0x0042cb77,4377463
3377,0x0042cb78,4377464
3378,0x0042cb79,4377465
3379,0x0042cb7c,4377468
3380,0x0042cb7d,4377469
3381,0x0042cb7e,4377470
3382,0x0042cb82,4377474
3383,0x0042cb83,4377475
3384,0x0042cb84,4377476
3385,0x0042cb85,4377477
3386,0x0042cb86,4377478
3387,0x0042cb87,4377479
3388,0x0042cb88,4377480
3389,0x0042cb8a,4377482
3390,0x0042cb8b,4377483
3391,0x0042cb8d,4377485
3392,0x0042cb8e,4377486
3393,0x0042cb8f,4377487
3394,0x0042cb90,4377488
3395,0x0042cb91,4377489
3396,0x0042cb92,4377490
3397,0x0042cb93,4377491
3398,0x0042cb94,4377492
3399,0x0042cb97,4377495
3400,0x0042cb9b,4377499
3401,0x0042cb9c,4377500
3402,0x0042cb9d,4377501
3403,0x0042cb9e,4377502
3404,0x0042cba1,4377505
3405,0x0042cba2,4377506
3406,0x0042cba6,4377510
3407,0x0042cba7,4377511
3408,0x0042cba8,4377512
3409,0x0042cba9,4377513
3410,0x0042cbaa,4377514
3411,0x0042cbab,4377515
3412,0x0042cbac,4377516
3413,0x0042cbad,4377517
3414,0x0042cbae,4377518
3415,0x0042cbaf,4377519
3416,0x0042cbb0,4377520
3417,0x0042cbb1,4377521
3418,0x0042cbb2,4377522
3419,0x0042cbb3,4377523
3420,0x0042cbb5,4377525
3421,0x0042cbb6,4377526
3422,0x0042cbb7,4377527
3423,0x0042cbb8,4377528
3424,0x0042cbb9,4377529
3425,0x0042cbba,4377530
3426,0x0042cbbb,4377531
3427,0x0042cbbd,4377533
3428,0x0042cbbe,4377534
3429,0x0042cbbf,4377535
3430,0x0042cbc3,4377539
3431,0x0042cbc4,4377540
3432,0x0042cbc5,4377541
3433,0x0042cbc7,4377543
3434,0x0042cbcb,4377547
3435,0x0042cbcc,4377548
3436,0x0042cbcd,4377549
3437,0x0042cbce,4377550
3438,0x0042cbcf,4377551
3439,0x0042cbd0,4377552
3440,0x0042cbd7,4377559
3441,0x0042cbd8,4377560
3442,0x0042cbd9,4377561
3443,0x0042cbdc,4377564
3444,0x0042cbdd,4377565
3445,0x0042cbde,4377566
3446,0x0042cbe2,4377570
3447,0x0042cbe3,4377571
3448,0x0042cbe4,4377572
3449,0x0042cbe5,4377573
3450,0x0042cbe6,4377574
3451,0x0042cbe7,4377575
3452,0x0042cbe8,4377576
3453,0x0042cbe9,4377577
3454,0x0042cbec,4377580
3455,0x0042cbee,4377582
3456,0x0042cbef,4377583
3457,0x0042cbf0,4377584
3458,0x0042cbf1,4377585
3459,0x0042cbf2,4377586
3460,0x0042cbf3,4377587
3461,0x0042cbf4,4377588
3462,0x0042cbf6,4377590
3463,0x0042cbf8,4377592
3464,0x0042cbf9,4377593
3465,0x0042cbfc,4377596
3466,0x0042cbfd,4377597
3467,0x0042cc01,4377601
3468,0x0042cc02,4377602
3469,0x0042cc03,4377603
3470,0x0042cc04,4377604
3471,0x0042cc05,4377605
3472,0x0042cc07,4377607
3473,0x0042cc08,4377608
3474,0x0042cc09,4377609
3475,0x0042cc0a,4377610
3476,0x0042cc0c,4377612
3477,0x0042cc0d,4377613
3478,0x0042cc0e,4377614
3479,0x0042cc0f,4377615
3480,0x0042cc10,4377616
3481,0x0042cc11,4377617
3482,0x0042cc12,4377618
3483,0x0042cc14,4377620
3484,0x0042cc15,4377621
3485,0x0042cc16,4377622
3486,0x0042cc17,4377623
3487,0x0042cc18,4377624
3488,0x0042cc19,4377625
3489,0x0042cc1d,4377629
3490,0x0042cc1e,4377630
3491,0x0042cc1f,4377631
3492,0x0042cc22,4377634
3493,0x0042cc23,4377635
3494,0x0042cc24,4377636
3495,0x0042cc25,4377637
3496,0x0042cc26,4377638
3497,0x0042cc27,4377639
3498,0x0042cc2b,4377643
3499,0x0042cc2c,4377644
3500,0x0042cc2d,4377645
3501,0x0042cc2e,4377646
3502,0x0042cc2f,4377647
3503,0x0042cc30,4377648
3504,0x0042cc31,4377649
3505,0x0042cc32,4377650
3506,0x0042cc33,4377651
3507,0x0042cc38,4377656
3508,0x0042cc39,4377657
3509,0x0042cc3c,4377660
3510,0x0042cc3d,4377661
3511,0x0042cc3e,4377662
3512,0x0042cc42,4377666
3513,0x0042cc43,4377667
3514,0x0042cc44,4377668
3515,0x0042cc45,4377669
3516,0x0042cc46,4377670
3517,0x0042cc47,4377671
3518,0x0042cc48,4377672
3519,0x0042cc49,4377673
3520,0x0042cc4a,4377674
3521,0x0042cc4d,4377677
3522,0x0042cc4e,4377678
3523,0x0042cc4f,4377679
3524,0x0042cc50,4377680
3525,0x0042cc51,4377681
3526,0x0042cc52,4377682
3527,0x0042cc53,4377683
3528,0x0042cc54,4377684
3529,0x0042cc55,4377685
3530,0x0042cc5a,4377690
3531,0x0042cc5c,4377692
3532,0x0042cc5e,4377694
3533,0x0042cc60,4377696
3534,0x0042cc61,4377697
3535,0x0042cc63,4377699
3536,0x0042cc64,4377700
3537,0x0042cc65,4377701
3538,0x0042cc66,4377702
3539,0x0042cc67,4377703
3540,0x0042cc68,4377704
3541,0x0042cc69,4377705
3542,0x0042cc6b,4377707
3543,0x0042cc6c,4377708
3544,0x0042cc6d,4377709
3545,0x0042cc6e,4377710
3546,0x0042cc6f,4377711
3547,0x0042cc70,4377712
3548,0x0042cc71,4377713
3549,0x0042cc72,4377714
3550,0x0042cc73,4377715
3551,0x0042cc74,4377716
3552,0x0042cc75,4377717
3553,0x0042cc76,4377718
3554,0x0042cc78,4377720
3555,0x0042cc79,4377721
3556,0x0042cc7d,4377725
3557,0x0042cc7e,4377726
3558,0x0042cc7f,4377727
3559,0x0042cc83,4377731
3560,0x0042cc84,4377732
3561,0x0042cc85,4377733
3562,0x0042cc86,4377734
3563,0x0042cc87,4377735
3564,0x0042cc8a,4377738
3565,0x0042cc8b,4377739
3566,0x0042cc8d,4377741
3567,0x0042cc8e,4377742
3568,0x0042cc8f,4377743
3569,0x0042cc90,4377744
3570,0x0042cc97,4377751
3571,0x0042cc98,4377752
3572,0x0042cc9c,4377756
3573,0x0042cc9d,4377757
3574,0x0042cc9e,4377758
3575,0x0042cca2,4377762
3576,0x0042cca3,4377763
3577,0x0042cca4,4377764
3578,0x0042cca5,4377765
3579,0x0042cca6,4377766
3580,0x0042cca7,4377767
3581,0x0042cca8,4377768
3582,0x0042cca9,4377769
3583,0x0042ccaa,4377770
3584,0x0042ccae,4377774
3585,0x0042ccb0,4377776
3586,0x0042ccb1,4377777
3587,0x0042ccb2,4377778
3588,0x0042ccb3,4377779
3589,0x0042ccb4,4377780
3590,0x0042ccb5,4377781
3591,0x0042ccbb,4377787
3592,0x0042ccbc,4377788
3593,0x0042ccbd,4377789
3594,0x0042ccbe,4377790
3595,0x0042ccbf,4377791
3596,0x0042ccc0,4377792
3597,0x0042ccc1,4377793
3598,0x0042ccc4,4377796
3599,0x0042ccc5,4377797
3600,0x0042ccc6,4377798
3601,0x0042ccc7,4377799
3602,0x0042ccc8,4377800
3603,0x0042ccc9,4377801
3604,0x0042ccca,4377802
3605,0x0042cccb,4377803
3606,0x0042cccc,4377804
3607,0x0042cccd,4377805
3608,0x0042ccd0,4377808
3609,0x0042ccd1,4377809
3610,0x0042ccd3,4377811
3611,0x0042ccd4,4377812
3612,0x0042ccd5,4377813
3613,0x0042ccd6,4377814
3614,0x0042ccd7,4377815
3615,0x0042ccd8,4377816
3616,0x0042ccdc,4377820
3617,0x0042ccdd,4377821
3618,0x0042ccde,4377822
3619,0x0042cce2,4377826
3620,0x0042cce3,4377827
3621,0x0042cce4,4377828
3622,0x0042cce5,4377829
3623,0x0042cce6,4377830
3624,0x0042cce7,4377831
3625,0x0042cce8,4377832
3626,0x0042cce9,4377833
3627,0x0042ccea,4377834
3628,0x0042cceb,4377835
3629,0x0042ccec,4377836
3630,0x0042cced,4377837
3631,0x0042ccef,4377839
3632,0x0042ccf0,4377840
3633,0x0042ccf1,4377841
3634,0x0042ccf3,4377843
3635,0x0042ccf4,4377844
3636,0x0042ccf5,4377845
3637,0x0042ccf6,4377846
3638,0x0042ccf8,4377848
3639,0x0042ccf9,4377849
3640,0x0042ccfa,4377850
3641,0x0042ccfe,4377854
3642,0x0042ccff,4377855
3643,0x0042cd00,4377856
3644,0x0042cd02,4377858
3645,0x0042cd03,4377859
3646,0x0042cd04,4377860
3647,0x0042cd08,4377864
3648,0x0042cd09,4377865
3649,0x0042cd0a,4377866
3650,0x0042cd0b,4377867
3651,0x0042cd0c,4377868
3652,0x0042cd0d,4377869
3653,0x0042cd0e,4377870
3654,0x0042cd0f,4377871
3655,0x0042cd11,4377873
3656,0x0042cd12,4377874
3657,0x0042cd13,4377875
3658,0x0042cd14,4377876
3659,0x0042cd15,4377877
3660,0x0042cd16,4377878
3661,0x0042cd17,4377879
3662,0x0042cd18,4377880
3663,0x0042cd19,4377881
3664,0x0042cd1f,4377887
3665,0x0042cd20,4377888
3666,0x0042cd21,4377889
3667,0x0042cd24,4377892
3668,0x0042cd25,4377893
3669,0x0042cd26,4377894
3670,0x0042cd29,4377897
3671,0x0042cd2a,4377898
3672,0x0042cd2b,4377899
3673,0x0042cd2c,4377900
3674,0x0042cd2d,4377901
3675,0x0042cd2e,4377902
3676,0x0042cd2f,4377903
3677,0x0042cd30,4377904
3678,0x0042cd31,4377905
3679,0x0042cd32,4377906
3680,0x0042cd33,4377907
3681,0x0042cd34,4377908
3682,0x0042cd36,4377910
3683,0x0042cd37,4377911
3684,0x0042cd38,4377912
3685,0x0042cd39,4377913
3686,0x0042cd3a,4377914
3687,0x0042cd3b,4377915
3688,0x0042cd3f,4377919
3689,0x0042cd40,4377920
3690,0x0042cd44,4377924
3691,0x0042cd49,4377929
3692,0x0042cd4a,4377930
3693,0x0042cd4b,4377931
3694,0x0042cd4c,4377932
3695,0x0042cd4d,4377933
3696,0x0042cd54,4377940
3697,0x0042cd57,4377943
3698,0x0042cd59,4377945
3699,0x0042cd5a,4377946
3700,0x0042cd5b,4377947
3701,0x0042cd5c,4377948
3702,0x0042cd62,4377954
3703,0x0042cd63,4377955
3704,0x0042cd64,4377956
3705,0x0042cd67,4377959
3706,0x0042cd68,4377960
3707,0x0042cd69,4377961
3708,0x0042cd6c,4377964
3709,0x0042cd6d,4377965
3710,0x0042cd6e,4377966
3711,0x0042cd6f,4377967
3712,0x0042cd70,4377968
3713,0x0042cd71,4377969
3714,0x0042cd72,4377970
3715,0x0042cd73,4377971
3716,0x0042cd74,4377972
3717,0x0042cd75,4377973
3718,0x0042cd77,4377975
3719,0x0042cd78,4377976
3720,0x0042cd79,4377977
3721,0x0042cd7a,4377978
3722,0x0042cd7b,4377979
3723,0x0042cd7c,4377980
3724,0x0042cd7d,4377981
3725,0x0042cd80,4377984
3726,0x0042cd81,4377985
3727,0x0042cd83,4377987
3728,0x0042cd85,4377989
3729,0x0042cd86,4377990
3730,0x0042cd8a,4377994
3731,0x0042cd8b,4377995
3732,0x0042cd8c,4377996
3733,0x0042cd8d,4377997
3734,0x0042cd8f,4377999
3735,0x0042cd90,4378000
3736,0x0042cd91,4378001
3737,0x0042cd92,4378002
3738,0x0042cd93,4378003
3739,0x0042cd94,4378004
3740,0x0042cd95,4378005
3741,0x0042cd96,4378006
3742,0x0042cd97,4378007
3743,0x0042cd9b,4378011
3744,0x0042cd9d,4378013
3745,0x0042cd9e,4378014
3746,0x0042cd9f,4378015
3747,0x0042cda0,4378016
3748,0x0042cda2,4378018
3749,0x0042cda3,4378019
3750,0x0042cda7,4378023
3751,0x0042cda8,4378024
3752,0x0042cda9,4378025
3753,0x0042cdaa,4378026
3754,0x0042cdab,4378027
3755,0x0042cdb0,4378032
3756,0x0042cdb1,4378033
3757,0x0042cdb2,4378034
3758,0x0042cdb3,4378035
3759,0x0042cdb4,4378036
3760,0x0042cdb5,4378037
3761,0x0042cdbc,4378044
3762,0x0042cdbd,4378045
3763,0x0042cdbe,4378046
3764,0x0042cdbf,4378047
3765,0x0042cdc1,4378049
3766,0x0042cdc2,4378050
3767,0x0042cdc3,4378051
3768,0x0042cdc7,4378055
3769,0x0042cdc8,4378056
3770,0x0042cdc9,4378057
3771,0x0042cdca,4378058
3772,0x0042cdcb,4378059
3773,0x0042cdcc,4378060
3774,0x0042cdcd,4378061
3775,0x0042cdce,4378062
3776,0x0042cdcf,4378063
3777,0x0042cdd0,4378064
3778,0x0042cdd2,4378066
3779,0x0042cdd3,4378067
3780,0x0042cdd4,4378068
3781,0x0042cdd5,4378069
3782,0x0042cdd6,4378070
3783,0x0042cdd7,4378071
3784,0x0042cddb,4378075
3785,0x0042cddc,4378076
3786,0x0042cdde,4378078
3787,0x0042cddf,4378079
3788,0x0042cde0,4378080
3789,0x0042cde3,4378083
3790,0x0042cde4,4378084
3791,0x0042cde5,4378085
3792,0x0042cde6,4378086
3793,0x0042cde7,4378087
3794,0x0042cde8,4378088
3795,0x0042cde9,4378089
3796,0x0042cdea,4378090
3797,0x0042cdeb,4378091
3798,0x0042cdec,4378092
3799,0x0042cded,4378093
3800,0x0042cdee,4378094
3801,0x0042cdef,4378095
3802,0x0042cdf0,4378096
3803,0x0042cdf1,4378097
3804,0x0042cdf2,4378098
3805,0x0042cdf3,4378099
3806,0x0042cdf4,4378100
3807,0x0042cdf5,4378101
3808,0x0042cdf8,4378104
3809,0x0042cdf9,4378105
3810,0x0042cdfd,4378109
3811,0x0042cdfe,4378110
3812,0x0042ce02,4378114
3813,0x0042ce03,4378115
3814,0x0042ce04,4378116
3815,0x0042ce05,4378117
3816,0x0042ce08,4378120
3817,0x0042ce09,4378121
3818,0x0042ce0b,4378123
3819,0x0042ce0d,4378125
3820,0x0042ce0e,4378126
3821,0x0042ce0f,4378127
3822,0x0042ce10,4378128
3823,0x0042ce18,4378136
3824,0x0042ce19,4378137
3825,0x0042ce1d,4378141
3826,0x0042ce1e,4378142
3827,0x0042ce1f,4378143
3828,0x0042ce22,4378146
3829,0x0042ce23,4378147
3830,0x0042ce24,4378148
3831,0x0042ce25,4378149
3832,0x0042ce26,4378150
3833,0x0042ce27,4378151
3834,0x0042ce28,4378152
3835,0x0042ce29,4378153
3836,0x0042ce2b,4378155
3837,0x0042ce2c,4378156
3838,0x0042ce2d,4378157
3839,0x0042ce2e,4378158
3840,0x0042ce2f,4378159
3841,0x0042ce30,4378160
3842,0x0042ce31,4378161
3843,0x0042ce32,4378162
3844,0x0042ce33,4378163
3845,0x0042ce34,4378164
3846,0x0042ce37,4378167
3847,0x0042ce39,4378169
3848,0x0042ce3b,4378171
3849,0x0042ce3c,4378172
3850,0x0042ce3e,4378174
3851,0x0042ce3f,4378175
3852,0x0042ce40,4378176
3853,0x0042ce44,4378180
3854,0x0042ce45,4378181
3855,0x0042ce46,4378182
3856,0x0042ce47,4378183
3857,0x0042ce48,4378184
3858,0x0042ce49,4378185
3859,0x0042ce4a,4378186
3860,0x0042ce4e,4378190
3861,0x0042ce4f,4378191
3862,0x0042ce51,4378193
3863,0x0042ce52,4378194
3864,0x0042ce53,4378195
3865,0x0042ce54,4378196
3866,0x0042ce55,4378197
3867,0x0042ce56,4378198
3868,0x0042ce5c,4378204
3869,0x0042ce5d,4378205
3870,0x0042ce60,4378208
3871,0x0042ce61,4378209
3872,0x0042ce62,4378210
3873,0x0042ce66,4378214
3874,0x0042ce67,4378215
3875,0x0042ce68,4378216
3876,0x0042ce69,4378217
3877,0x0042ce6e,4378222
3878,0x0042ce6f,4378223
3879,0x0042ce71,4378225
3880,0x0042ce72,4378226
3881,0x0042ce73,4378227
3882,0x0042ce74,4378228
3883,0x0042ce77,4378231
3884,0x0042ce7a,4378234
3885,0x0042ce7b,4378235
3886,0x0042ce7c,4378236
3887,0x0042ce7f,4378239
3888,0x0042ce80,4378240
3889,0x0042ce85,4378245
3890,0x0042ce86,4378246
3891,0x0042ce87,4378247
3892,0x0042ce88,4378248
3893,0x0042ce89,4378249
3894,0x0042ce8a,4378250
3895,0x0042ce8b,4378251
3896,0x0042ce8c,4378252
3897,0x0042ce8d,4378253
3898,0x0042ce8e,4378254
3899,0x0042ce8f,4378255
3900,0x0042ce90,4378256
3901,0x0042ce91,4378257
3902,0x0042ce92,4378258
3903,0x0042ce93,4378259
3904,0x0042ce94,4378260
3905,0x0042ce95,4378261
3906,0x0042ce96,4378262
3907,0x0042ce97,4378263
3908,0x0042ce99,4378265
3909,0x0042ce9a,4378266
3910,0x0042ce9b,4378267
3911,0x0042ce9c,4378268
3912,0x0042ce9e,4378270
3913,0x0042ce9f,4378271
3914,0x0042cea0,4378272
3915,0x0042cea1,4378273
3916,0x0042cea3,4378275
3917,0x0042cea4,4378276
3918,0x0042cea5,4378277
3919,0x0042cea6,4378278
3920,0x0042cea7,4378279
3921,0x0042cea8,4378280
3922,0x0042cea9,4378281
3923,0x0042ceaa,4378282
3924,0x0042ceab,4378283
3925,0x0042ceac,4378284
3926,0x0042cead,4378285
3927,0x0042ceae,4378286
3928,0x0042ceaf,4378287
3929,0x0042ceb0,4378288
3930,0x0042ceb1,4378289
3931,0x0042ceb2,4378290
3932,0x0042ceb3,4378291
3933,0x0042ceb4,4378292
3934,0x0042ceb5,4378293
3935,0x0042ceb6,4378294
3936,0x0042ceb7,4378295
3937,0x0042cebc,4378300
3938,0x0042cebd,4378301
3939,0x0042cec2,4378306
3940,0x0042cec6,4378310
3941,0x0042cec7,4378311
3942,0x0042ceca,4378314
3943,0x0042cecb,4378315
3944,0x0042cecc,4378316
3945,0x0042cecf,4378319
3946,0x0042ced0,4378320
3947,0x0042ced1,4378321
3948,0x0042ced6,4378326
3949,0x0042ced9,4378329
3950,0x0042ceda,4378330
3951,0x0042cedd,4378333
3952,0x0042cede,4378334
3953,0x0042cedf,4378335
3954,0x0042cee0,4378336
3955,0x0042cee4,4378340
3956,0x0042cee5,4378341
3957,0x0042cee9,4378345
3958,0x0042cef1,4378353
3959,0x0042cef2,4378354
3960,0x0042cef3,4378355
3961,0x0042cef6,4378358
3962,0x0042cef7,4378359
3963,0x0042cef8,4378360
3964,0x0042cefc,4378364
3965,0x0042cefd,4378365
3966,0x0042cefe,4378366
3967,0x0042ceff,4378367
3968,0x0042cf00,4378368
3969,0x0042cf01,4378369
3970,0x0042cf02,4378370
3971,0x0042cf03,4378371
3972,0x0042cf04,4378372
3973,0x0042cf05,4378373
3974,0x0042cf06,4378374
3975,0x0042cf07,4378375
3976,0x0042cf08,4378376
3977,0x0042cf09,4378377
3978,0x0042cf0a,4378378
3979,0x0042cf0b,4378379
3980,0x0042cf0c,4378380
3981,0x0042cf0d,4378381
3982,0x0042cf0e,4378382
3983,0x0042cf0f,4378383
3984,0x0042cf12,4378386
3985,0x0042cf13,4378387
3986,0x0042cf14,4378388
3987,0x0042cf15,4378389
3988,0x0042cf17,4378391
3989,0x0042cf18,4378392
3990,0x0042cf19,4378393
3991,0x0042cf1a,4378394
3992,0x0042cf1d,4378397
3993,0x0042cf1e,4378398
3994,0x0042cf1f,4378399
3995,0x0042cf20,4378400
3996,0x0042cf21,4378401
3997,0x0042cf22,4378402
3998,0x0042cf23,4378403
3999,0x0042cf24,4378404
4000,0x0042cf25,4378405
4001,0x0042cf26,4378406
4002,0x0042cf27,4378407
4003,0x0042cf28,4378408
4004,0x0042cf29,4378409
4005,0x0042cf2a,4378410
4006,0x0042cf2b,4378411
4007,0x0042cf2c,4378412
4008,0x0042cf2d,4378413
4009,0x0042cf2e,4378414
4010,0x0042cf2f,4378415
4011,0x0042cf30,4378416
4012,0x0042cf31,4378417
4013,0x0042cf32,4378418
4014,0x0042cf33,4378419
4015,0x0042cf34,4378420
4016,0x0042cf37,4378423
4017,0x0042cf38,4378424
4018,0x0042cf39,4378425
4019,0x0042cf3a,4378426
4020,0x0042cf3b,4378427
4021,0x0042cf3c,4378428
4022,0x0042cf3d,4378429
4023,0x0042cf3e,4378430
4024,0x0042cf3f,4378431
4025,0x0042cf40,4378432
4026,0x0042cf41,4378433
4027,0x0042cf42,4378434
4028,0x0042cf43,4378435
4029,0x0042cf44,4378436
4030,0x0042cf45,4378437
4031,0x0042cf46,4378438
4032,0x0042cf47,4378439
4033,0x0042cf48,4378440
4034,0x0042cf49,4378441
4035,0x0042cf4a,4378442
4036,0x0042cf4b,4378443
4037,0x0042cf4c,4378444
4038,0x0042cf4d,4378445
4039,0x0042cf4e,4378446
4040,0x0042cf4f,4378447
4041,0x0042cf50,4378448
4042,0x0042cf51,4378449
4043,0x0042cf52,4378450
4044,0x0042cf54,4378452
4045,0x0042cf55,4378453
4046,0x0042cf56,4378454
4047,0x0042cf57,4378455
4048,0x0042cf58,4378456
4049,0x0042cf59,4378457
4050,0x0042cf5a,4378458
4051,0x0042cf5b,4378459
4052,0x0042cf5d,4378461
4053,0x0042cf5e,4378462
4054,0x0042cf5f,4378463
4055,0x0042cf60,4378464
4056,0x0042cf62,4378466
4057,0x0042cf63,4378467
4058,0x0042cf64,4378468
4059,0x0042cf65,4378469
4060,0x0042cf67,4378471
4061,0x0042cf68,4378472
4062,0x0042cf69,4378473
4063,0x0042cf6a,4378474
4064,0x0042cf6b,4378475
4065,0x0042cf6c,4378476
4066,0x0042cf6d,4378477
4067,0x0042cf6e,4378478
4068,0x0042cf6f,4378479
4069,0x0042cf70,4378480
4070,0x0042cf71,4378481
4071,0x0042cf72,4378482
4072,0x0042cf73,4378483
4073,0x0042cf74,4378484
4074,0x0042cf75,4378485
4075,0x0042cf76,4378486
4076,0x0042cf77,4378487
4077,0x0042cf7e,4378494
4078,0x0042cf7f,4378495
4079,0x0042cf82,4378498
4080,0x0042cf83,4378499
4081,0x0042cf84,4378500
4082,0x0042cf88,4378504
4083,0x0042cf89,4378505
4084,0x0042cf8a,4378506
4085,0x0042cf8b,4378507
4086,0x0042cf8c,4378508
4087,0x0042cf8d,4378509
4088,0x0042cf8e,4378510
4089,0x0042cf8f,4378511
4090,0x0042cf90,4378512
4091,0x0042cf93,4378515
4092,0x0042cf94,4378516
4093,0x0042cf95,4378517
4094,0x0042cf96,4378518
4095,0x0042cf97,4378519
