0,0x00000000,0
1,0x00000000,0
2,0x00000000,0
3,0x00338a1f,3377695
4,0x00000955,2389
5,0x000006de,1758
6,0x000016a7,5799
7,0x000038a3,14499
8,0x00009de5,40421
9,0x00002991,10641
10,0x000018eb,6379
11,0x000016ef,5871
12,0x0000b47f,46207
13,0x00019bd4,105428
14,0x0009162b,595499
15,0x00026432,156722
16,0x00011bb3,72627
17,0x00005c98,23704
18,0x00003402,13314
19,0x00003700,14080
20,0x00001a6e,6766
21,0x00001984,6532
22,0x000019d3,6611
23,0x00001b6b,7019
24,0x00001b23,6947
25,0x0000176c,5996
26,0x0000222a,8746
27,0x00001796,6038
28,0x0000158d,5517
29,0x0000173f,5951
30,0x00001cd1,7377
31,0x00001b11,6929
32,0x0000129a,4762
33,0x000010f3,4339
34,0x0000114d,4429
35,0x000026a7,9895
36,0x00001c0b,7179
37,0x0000158c,5516
38,0x00001326,4902
39,0x00001483,5251
40,0x00001f4d,8013
41,0x00001a7f,6783
42,0x00001739,5945
43,0x00001577,5495
44,0x00002db7,11703
45,0x00004593,17811
46,0x000028e4,10468
47,0x00001842,6210
48,0x00001c95,7317
49,0x000020d6,8406
50,0x000018a1,6305
51,0x00001865,6245
52,0x00001b7f,7039
53,0x00001dc3,7619
54,0x000019ba,6586
55,0x00001658,5720
56,0x000015cc,5580
57,0x002c9d5a,2923866
58,0x025415a6,39064998
59,0x070d351e,118306078
60,0x02db4a7c,47925884
61,0x0045a714,4564756
62,0x0011425a,1131098
63,0x0001bf6a,114538
64,0x0006986a,432234
65,0x0005cb85,379781
66,0x000296b1,169649
67,0x00034ce9,216297
68,0x0002e739,190265
69,0x0002362a,144938
70,0x00009b37,39735
71,0x0000446a,17514
72,0x00003401,13313
73,0x00001e59,7769
74,0x000017fc,6140
75,0x000014d4,5332
76,0x00002062,8290
77,0x000020b7,8375
78,0x000017ab,6059
79,0x000064d4,25812
80,0x00016431,91185
81,0x0003d566,251238
82,0x000141bb,82363
83,0x00008c90,35984
84,0x00001508,5384
85,0x00001884,6276
86,0x00001e70,7792
87,0x00001c18,7192
88,0x00001b63,7011
89,0x000018c3,6339
90,0x00001ede,7902
91,0x00001859,6233
92,0x00002c51,11345
93,0x000159c8,88520
94,0x0003e6d9,255705
95,0x00040807,264199
96,0x00038fe4,233444
97,0x0002fbcb,195531
98,0x0000f0cd,61645
99,0x000020b0,8368
100,0x00001a56,6742
101,0x000017f9,6137
102,0x00001ac8,6856
103,0x00001f03,7939
104,0x000024b6,9398
105,0x00003176,12662
106,0x000028fd,10493
107,0x00001f0e,7950
108,0x00001d97,7575
109,0x000016ba,5818
110,0x00001480,5248
111,0x000015b2,5554
112,0x000018ef,6383
113,0x000021d8,8664
114,0x00001a51,6737
115,0x00001cb9,7353
116,0x00002e6c,11884
117,0x00002b10,11024
118,0x00002d6d,11629
119,0x00002464,9316
120,0x000014c4,5316
121,0x000012a9,4777
122,0x00001be8,7144
123,0x00001ae5,6885
124,0x00001bb8,7096
125,0x00001e31,7729
126,0x00001f72,8050
127,0x00001dfd,7677
128,0x00001c31,7217
129,0x0000196b,6507
130,0x00001828,6184
131,0x00001d79,7545
132,0x000016b8,5816
133,0x0000164d,5709
134,0x00001765,5989
135,0x00001a80,6784
136,0x00001e1d,7709
137,0x000017c4,6084
138,0x00001672,5746
139,0x00001683,5763
140,0x00001bd7,7127
141,0x00001a8b,6795
142,0x0000170b,5899
143,0x000016df,5855
144,0x00001723,5923
145,0x00001adf,6879
146,0x00001538,5432
147,0x00001644,5700
148,0x000017b1,6065
149,0x00001d97,7575
150,0x00001916,6422
151,0x00001319,4889
152,0x00001372,4978
153,0x00001541,5441
154,0x0000218f,8591
155,0x00001bec,7148
156,0x000014f5,5365
157,0x000011d6,4566
158,0x000014a8,5288
159,0x00001fdc,8156
160,0x00001c17,7191
161,0x000019ae,6574
162,0x000014bc,5308
163,0x00001848,6216
164,0x000018e9,6377
165,0x00001937,6455
166,0x000018fb,6395
167,0x000017b5,6069
168,0x000019c2,6594
169,0x000015dc,5596
170,0x00001754,5972
171,0x0000190c,6412
172,0x00001c39,7225
173,0x000019f6,6646
174,0x0000158b,5515
175,0x0000145c,5212
176,0x0000169c,5788
177,0x00001cb9,7353
178,0x00001865,6245
179,0x00001720,5920
180,0x0000159f,5535
181,0x00001b48,6984
182,0x00001b1a,6938
183,0x000017b9,6073
184,0x000017dd,6109
185,0x00001838,6200
186,0x00001cf6,7414
187,0x0000143e,5182
188,0x00001527,5415
189,0x00001672,5746
190,0x00001c31,7217
191,0x00001e1f,7711
192,0x000014bb,5307
193,0x0000138e,5006
194,0x00001218,4632
195,0x00001da2,7586
196,0x00001f65,8037
197,0x000018e5,6373
198,0x00001505,5381
199,0x00001170,4464
200,0x00001d06,7430
201,0x00001dc4,7620
202,0x000019fc,6652
203,0x000015b1,5553
204,0x0000162a,5674
205,0x0000182e,6190
206,0x00001a53,6739
207,0x00001a3a,6714
208,0x0000195c,6492
209,0x00001ab0,6832
210,0x000015d2,5586
211,0x000016c6,5830
212,0x00001808,6152
213,0x00001ac7,6855
214,0x00001b44,6980
215,0x00001663,5731
216,0x00001580,5504
217,0x00001607,5639
218,0x00001cf2,7410
219,0x0000197e,6526
220,0x0000168b,5771
221,0x000015e4,5604
222,0x0000179a,6042
223,0x000019b8,6584
224,0x000017dc,6108
225,0x00001759,5977
226,0x0000185c,6236
227,0x00001fcc,8140
228,0x000016ad,5805
229,0x000015d1,5585
230,0x000015c8,5576
231,0x00001a7f,6783
232,0x00002170,8560
233,0x00001769,5993
234,0x000014d8,5336
235,0x00001420,5152
236,0x00001a9c,6812
237,0x000028b9,10425
238,0x00001df7,7671
239,0x00001933,6451
240,0x00001588,5512
241,0x00001d25,7461
242,0x00002341,9025
243,0x00001f8b,8075
244,0x00001ba4,7076
245,0x00001860,6240
246,0x00001852,6226
247,0x00001c59,7257
248,0x00001db9,7609
249,0x00001c66,7270
250,0x00001e9d,7837
251,0x00001715,5909
252,0x00001897,6295
253,0x00001968,6504
254,0x00001d13,7443
255,0x00001e08,7688
256,0x00001847,6215
257,0x000017a6,6054
258,0x00001775,6005
259,0x00001dc4,7620
260,0x00001dbe,7614
261,0x000019fe,6654
262,0x00001932,6450
263,0x000018bd,6333
264,0x00001cc7,7367
265,0x00001aeb,6891
266,0x00001a24,6692
267,0x000019ae,6574
268,0x00002032,8242
269,0x00001b73,7027
270,0x00001851,6225
271,0x0000186c,6252
272,0x00001a96,6806
273,0x0000254c,9548
274,0x00001b30,6960
275,0x0000171d,5917
276,0x000015ad,5549
277,0x00001859,6233
278,0x0000258a,9610
279,0x00001fc2,8130
280,0x00001ada,6874
281,0x00001382,4994
282,0x000018f7,6391
283,0x00001fe5,8165
284,0x00001ed0,7888
285,0x00001c78,7288
286,0x0000194e,6478
287,0x000017bf,6079
288,0x000019ee,6638
289,0x00001c45,7237
290,0x00001d9d,7581
291,0x0000202c,8236
292,0x000018f9,6393
293,0x00001791,6033
294,0x000018c6,6342
295,0x00001ca1,7329
296,0x0000213c,8508
297,0x000019cf,6607
298,0x000017c3,6083
299,0x0000166d,5741
300,0x00001c31,7217
301,0x00001be6,7142
302,0x000019e6,6630
303,0x000018d2,6354
304,0x000017b8,6072
305,0x00001ae4,6884
306,0x000017b5,6069
307,0x0000197f,6527
308,0x000019a8,6568
309,0x00001e15,7701
310,0x00001c00,7168
311,0x0000170f,5903
312,0x000017d9,6105
313,0x00001960,6496
314,0x0000294c,10572
315,0x00002063,8291
316,0x00001beb,7147
317,0x000018a2,6306
318,0x0000180d,6157
319,0x000024f7,9463
320,0x00002628,9768
321,0x000022b2,8882
322,0x00001b2f,6959
323,0x000017ad,6061
324,0x00001dab,7595
325,0x0000201e,8222
326,0x0000209d,8349
327,0x00001e26,7718
328,0x00001b72,7026
329,0x000018d0,6352
330,0x00001ac9,6857
331,0x00001e6e,7790
332,0x00002444,9284
333,0x00001bbd,7101
334,0x0000194a,6474
335,0x0000195d,6493
336,0x00001ae9,6889
337,0x000021e1,8673
338,0x00001d48,7496
339,0x00001ba8,7080
340,0x000019fa,6650
341,0x00001d10,7440
342,0x00001d61,7521
343,0x00001bf9,7161
344,0x00001c74,7284
345,0x00001c18,7192
346,0x000021d8,8664
347,0x000019d0,6608
348,0x00001ae2,6882
349,0x00001b61,7009
350,0x00001f96,8086
351,0x00002139,8505
352,0x00001aef,6895
353,0x000019d1,6609
354,0x000017bb,6075
355,0x000021b4,8628
356,0x000020aa,8362
357,0x00001cd0,7376
358,0x00001aeb,6891
359,0x000017a8,6056
360,0x00001c96,7318
361,0x00001fe1,8161
362,0x00002084,8324
363,0x00001f05,7941
364,0x0000199a,6554
365,0x00001980,6528
366,0x00001c0f,7183
367,0x00001e32,7730
368,0x0000200b,8203
369,0x00001ea9,7849
370,0x00001953,6483
371,0x00001b9c,7068
372,0x00001dbe,7614
373,0x000023d0,9168
374,0x00001f86,8070
375,0x00001b87,7047
376,0x00001bc3,7107
377,0x00001d05,7429
378,0x00002545,9541
379,0x00001ed1,7889
380,0x00001d83,7555
381,0x00001d26,7462
382,0x00001ddc,7644
383,0x0000207a,8314
384,0x00001d37,7479
385,0x00001dea,7658
386,0x00001e97,7831
387,0x00002330,9008
388,0x00001d49,7497
389,0x00001c2f,7215
390,0x00001d27,7463
391,0x00002077,8311
392,0x000023ee,9198
393,0x00001d88,7560
394,0x00001b50,6992
395,0x00001a17,6679
396,0x00002087,8327
397,0x00002264,8804
398,0x0000201a,8218
399,0x00001e5c,7772
400,0x00001a7a,6778
401,0x00001c83,7299
402,0x000020db,8411
403,0x0000242a,9258
404,0x000024fa,9466
405,0x00001d15,7445
406,0x000019a1,6561
407,0x00001ce7,7399
408,0x00002029,8233
409,0x000023a7,9127
410,0x000023b4,9140
411,0x0000185c,6236
412,0x00001af1,6897
413,0x00001ce8,7400
414,0x00002395,9109
415,0x000022d5,8917
416,0x00001c0c,7180
417,0x00001aac,6828
418,0x00001a32,6706
419,0x0000223a,8762
420,0x00001dcf,7631
421,0x00001d7c,7548
422,0x00001c3f,7231
423,0x00001cd4,7380
424,0x00001ea4,7844
425,0x00001b81,7041
426,0x00001d82,7554
427,0x00001de6,7654
428,0x000021e7,8679
429,0x00001d4e,7502
430,0x00001b6a,7018
431,0x00001bb4,7092
432,0x00001eeb,7915
433,0x00002673,9843
434,0x00001f99,8089
435,0x00001c9b,7323
436,0x00001a35,6709
437,0x00001de5,7653
438,0x00002235,8757
439,0x000022ed,8941
440,0x000021f4,8692
441,0x00001ccc,7372
442,0x00001987,6535
443,0x00001c35,7221
444,0x0000245e,9310
445,0x00002739,10041
446,0x000020db,8411
447,0x000016fe,5886
448,0x00001952,6482
449,0x00001eeb,7915
450,0x000022d2,8914
451,0x000027cf,10191
452,0x000018cd,6349
453,0x0000181c,6172
454,0x00001a62,6754
455,0x00002169,8553
456,0x0000241d,9245
457,0x00001d61,7521
458,0x00001c03,7171
459,0x00001974,6516
460,0x00002071,8305
461,0x00001ebc,7868
462,0x00001de1,7649
463,0x00001d25,7461
464,0x00001ca7,7335
465,0x00001ed9,7897
466,0x00001982,6530
467,0x00001c62,7266
468,0x00001e26,7718
469,0x0000213b,8507
470,0x00001da8,7592
471,0x00001a38,6712
472,0x00001a44,6724
473,0x00001ad4,6868
474,0x000025bd,9661
475,0x00001fc9,8137
476,0x00001cc4,7364
477,0x00001a1b,6683
478,0x00001935,6453
479,0x00001e47,7751
480,0x00002243,8771
481,0x00002380,9088
482,0x00002133,8499
483,0x000019f4,6644
484,0x00001851,6225
485,0x000023e0,9184
486,0x00002a31,10801
487,0x00002da8,11688
488,0x00001adc,6876
489,0x000016dd,5853
490,0x00001bb9,7097
491,0x00002122,8482
492,0x00002c6f,11375
493,0x00001d05,7429
494,0x000017c2,6082
495,0x0000188c,6284
496,0x00001d53,7507
497,0x00002562,9570
498,0x00001c8f,7311
499,0x00001b5f,7007
500,0x00001ace,6862
501,0x00001ceb,7403
502,0x00001d8a,7562
503,0x00001c79,7289
504,0x00001cb7,7351
505,0x00001c86,7302
506,0x00001f0a,7946
507,0x00001936,6454
508,0x00001a4b,6731
509,0x00001beb,7147
510,0x000020d4,8404
511,0x00001fdd,8157
512,0x00001ade,6878
513,0x000019f8,6648
514,0x00001933,6451
515,0x000020f6,8438
516,0x0000210f,8463
517,0x00001e29,7721
518,0x00001c54,7252
519,0x00001aed,6893
520,0x00001c20,7200
521,0x00001e03,7683
522,0x000020b4,8372
523,0x000022d6,8918
524,0x00001e9d,7837
525,0x000015a3,5539
526,0x00001c60,7264
527,0x00002259,8793
528,0x00002917,10519
529,0x00002075,8309
530,0x0000170d,5901
531,0x00001af4,6900
532,0x0000202e,8238
533,0x00002f0c,12044
534,0x0000260d,9741
535,0x00001e0d,7693
536,0x00001da8,7592
537,0x00001ff4,8180
538,0x000031eb,12779
539,0x000024cc,9420
540,0x0000234a,9034
541,0x000023c1,9153
542,0x00002646,9798
543,0x0000279a,10138
544,0x000024b8,9400
545,0x0000254f,9551
546,0x000025cc,9676
547,0x00002be0,11232
548,0x00002252,8786
549,0x00002199,8601
550,0x000023f7,9207
551,0x00002ad1,10961
552,0x00002cd0,11472
553,0x000024a5,9381
554,0x0000243c,9276
555,0x0000222a,8746
556,0x00002a67,10855
557,0x00002883,10371
558,0x0000276c,10092
559,0x0000274b,10059
560,0x00002462,9314
561,0x0000262f,9775
562,0x00002431,9265
563,0x000029ff,10751
564,0x00002e86,11910
565,0x00003070,12400
566,0x00001d73,7539
567,0x00002190,8592
568,0x00002a70,10864
569,0x00003643,13891
570,0x00003753,14163
571,0x00002031,8241
572,0x0000206e,8302
573,0x00002429,9257
574,0x000033de,13278
575,0x00003237,12855
576,0x0000258c,9612
577,0x000022ed,8941
578,0x00002331,9009
579,0x000032ea,13034
580,0x000029f7,10743
581,0x00002834,10292
582,0x000027ca,10186
583,0x00002b0a,11018
584,0x00002c22,11298
585,0x000025c7,9671
586,0x000028ff,10495
587,0x00002a33,10803
588,0x000031f5,12789
589,0x00002630,9776
590,0x00002408,9224
591,0x00002582,9602
592,0x00002ab7,10935
593,0x000034bb,13499
594,0x000028c2,10434
595,0x000026d3,9939
596,0x00002713,10003
597,0x00002b69,11113
598,0x00002cb9,11449
599,0x00002c89,11401
600,0x00002d8e,11662
601,0x00002ba9,11177
602,0x00002c8a,11402
603,0x00002217,8727
604,0x00002a38,10808
605,0x00002ff2,12274
606,0x00003928,14632
607,0x0000268b,9867
608,0x00001e41,7745
609,0x000025e0,9696
610,0x00003047,12359
611,0x00003f86,16262
612,0x00002614,9748
613,0x000021d7,8663
614,0x00002317,8983
615,0x00002f33,12083
616,0x000038bc,14524
617,0x000029ab,10667
618,0x00002770,10096
619,0x00002609,9737
620,0x0000335e,13150
621,0x00002f56,12118
622,0x00002d2c,11564
623,0x00002c61,11361
624,0x00002e67,11879
625,0x00003406,13318
626,0x000027e8,10216
627,0x000029bc,10684
628,0x00002e33,11827
629,0x00003935,14645
630,0x000031a5,12709
631,0x000028ec,10476
632,0x00002995,10645
633,0x00002c95,11413
634,0x00003c6f,15471
635,0x000030aa,12458
636,0x00002f8f,12175
637,0x00002ee1,12001
638,0x000031a0,12704
639,0x0000303d,12349
640,0x00003081,12417
641,0x000033ae,13230
642,0x000035f9,13817
643,0x000037c0,14272
644,0x000025be,9662
645,0x00002bdb,11227
646,0x00003411,13329
647,0x00004803,18435
648,0x00003b55,15189
649,0x00002242,8770
650,0x00002833,10291
651,0x00003121,12577
652,0x00004ebb,20155
653,0x00003870,14448
654,0x00002aa5,10917
655,0x000028b2,10418
656,0x00002cb3,11443
657,0x000045d1,17873
658,0x000033fb,13307
659,0x00002f5d,12125
660,0x00002c43,11331
661,0x00003612,13842
662,0x000033ef,13295
663,0x0000311e,12574
664,0x0000310a,12554
665,0x000032a0,12960
666,0x00003c18,15384
667,0x00002c8b,11403
668,0x00002c38,11320
669,0x00002de8,11752
670,0x00003b44,15172
671,0x00003ac7,15047
672,0x00002dd0,11728
673,0x00002ca2,11426
674,0x00002dcd,11725
675,0x00003ff4,16372
676,0x000034ad,13485
677,0x0000333e,13118
678,0x00003215,12821
679,0x00003582,13698
680,0x0000332e,13102
681,0x000030c3,12483
682,0x00003565,13669
683,0x00003a1a,14874
684,0x00004337,17207
685,0x000029a6,10662
686,0x00002803,10243
687,0x000031ca,12746
688,0x00004603,17923
689,0x00004ebb,20155
690,0x000023a7,9127
691,0x000024fd,9469
692,0x00002b50,11088
693,0x000049b9,18873
694,0x0000440e,17422
695,0x00002d84,11652
696,0x000027a8,10152
697,0x00002817,10263
698,0x000043a6,17318
699,0x000039c6,14790
700,0x0000336c,13164
701,0x00002e6e,11886
702,0x00003379,13177
703,0x00003673,13939
704,0x000030c2,12482
705,0x000032bc,12988
706,0x0000345d,13405
707,0x00003dd9,15833
708,0x00002b93,11155
709,0x00002b7d,11133
710,0x00002d19,11545
711,0x00003571,13681
712,0x00003dee,15854
713,0x00002d33,11571
714,0x00002a57,10839
715,0x000029fb,10747
716,0x0000387b,14459
717,0x0000346b,13419
718,0x00002f37,12087
719,0x00002ec8,11976
720,0x00003198,12696
721,0x00003032,12338
722,0x0000290b,10507
723,0x00002f05,12037
724,0x000033de,13278
725,0x00003e91,16017
726,0x0000291b,10523
727,0x00001fa0,8096
728,0x000025f0,9712
729,0x000034ee,13550
730,0x000059b8,22968
731,0x000021bb,8635
732,0x00001ea5,7845
733,0x00002171,8561
734,0x0000384c,14412
735,0x0000467f,18047
736,0x00002d3f,11583
737,0x000024a5,9381
738,0x000020db,8411
739,0x00003207,12807
740,0x000032c3,12995
741,0x00002d92,11666
742,0x00002a1a,10778
743,0x00002929,10537
744,0x00002cc5,11461
745,0x0000258c,9612
746,0x0000272e,10030
747,0x000029a7,10663
748,0x00003443,13379
749,0x000024db,9435
750,0x0000216f,8559
751,0x00002351,9041
752,0x0000279a,10138
753,0x00003544,13636
754,0x00002609,9737
755,0x000023e2,9186
756,0x000022e1,8929
757,0x000029b2,10674
758,0x00002b58,11096
759,0x000026b5,9909
760,0x000026a1,9889
761,0x00002950,10576
762,0x00002a21,10785
763,0x00001f97,8087
764,0x00002329,9001
765,0x00002860,10336
766,0x00003568,13672
767,0x00002890,10384
768,0x00001b61,7009
769,0x00001c73,7283
770,0x000021a2,8610
771,0x00004882,18562
772,0x000023b4,9140
773,0x00001b88,7048
774,0x00001a45,6725
775,0x00002386,9094
776,0x000035eb,13803
777,0x000024a1,9377
778,0x000020e0,8416
779,0x00001d0d,7437
780,0x00002498,9368
781,0x00002761,10081
782,0x000023de,9182
783,0x0000234c,9036
784,0x0000231e,8990
785,0x000026f1,9969
786,0x00002017,8215
787,0x00001fd9,8153
788,0x0000214f,8527
789,0x00002b4d,11085
790,0x000024a4,9380
791,0x00001e5b,7771
792,0x00001d6a,7530
793,0x00001ee3,7907
794,0x00002cab,11435
795,0x00002164,8548
796,0x0000203a,8250
797,0x00001ebe,7870
798,0x0000226a,8810
799,0x0000247a,9338
800,0x0000200e,8206
801,0x00002178,8568
802,0x00002253,8787
803,0x00002769,10089
804,0x00001c9f,7327
805,0x00001cb2,7346
806,0x00001f42,8002
807,0x0000296f,10607
808,0x000029a5,10661
809,0x00001b42,6978
810,0x0000191b,6427
811,0x00001986,6534
812,0x000034f4,13556
813,0x00002867,10343
814,0x00001cf7,7415
815,0x00001a67,6759
816,0x00001b8c,7052
817,0x00002d7c,11644
818,0x00002433,9267
819,0x0000209e,8350
820,0x00001cbe,7358
821,0x00001ef0,7920
822,0x000024e9,9449
823,0x00002081,8321
824,0x00001fc2,8130
825,0x00002031,8241
826,0x00002548,9544
827,0x00001ca8,7336
828,0x00001d7b,7547
829,0x00001def,7663
830,0x000022cb,8907
831,0x00002405,9221
832,0x00001cd3,7379
833,0x00001c59,7257
834,0x00001b53,6995
835,0x00002779,10105
836,0x00001fc9,8137
837,0x00001d3e,7486
838,0x00001d93,7571
839,0x00001ffd,8189
840,0x00002339,9017
841,0x00001d76,7542
842,0x00001e5e,7774
843,0x00001ffd,8189
844,0x00002634,9780
845,0x00001dea,7658
846,0x00001ae0,6880
847,0x00001c0c,7180
848,0x0000229e,8862
849,0x000029ce,10702
850,0x00001d9a,7578
851,0x000018e1,6369
852,0x0000176f,5999
853,0x000025ca,9674
854,0x0000282a,10282
855,0x00001d9a,7578
856,0x000019c3,6595
857,0x000016f5,5877
858,0x00002505,9477
859,0x00002198,8600
860,0x00001e7b,7803
861,0x00001c51,7249
862,0x00001b78,7032
863,0x00001fbc,8124
864,0x00001e02,7682
865,0x00001dee,7662
866,0x00001df8,7672
867,0x00002437,9271
868,0x00001bb6,7094
869,0x00001b15,6933
870,0x00001c34,7220
871,0x0000202d,8237
872,0x00002385,9093
873,0x00001b73,7027
874,0x00001b52,6994
875,0x00001a70,6768
876,0x00002299,8857
877,0x00001fa1,8097
878,0x00001c69,7273
879,0x00001bcc,7116
880,0x00001bf0,7152
881,0x000021f4,8692
882,0x00001b6b,7019
883,0x00001bb6,7094
884,0x00001d37,7479
885,0x0000235d,9053
886,0x00001e12,7698
887,0x0000190a,6410
888,0x000019bd,6589
889,0x00001cc5,7365
890,0x00002a0b,10763
891,0x00001f43,8003
892,0x00001975,6517
893,0x000015f2,5618
894,0x00001d90,7568
895,0x00002b60,11104
896,0x0000210f,8463
897,0x00001c6a,7274
898,0x00001635,5685
899,0x000020a9,8361
900,0x00002149,8521
901,0x000020c0,8384
902,0x00002019,8217
903,0x00001d29,7465
904,0x00001eec,7916
905,0x00001d53,7507
906,0x00001d9f,7583
907,0x00001e5e,7774
908,0x000024a6,9382
909,0x00001ea1,7841
910,0x00001b0a,6922
911,0x00001b0f,6927
912,0x00001e60,7776
913,0x000025f4,9716
914,0x00001f0b,7947
915,0x00001c40,7232
916,0x00001b68,7016
917,0x0000206e,8302
918,0x000021c1,8641
919,0x00001ed1,7889
920,0x00001e4a,7754
921,0x00001d8b,7563
922,0x00002438,9272
923,0x00001bff,7167
924,0x00001d5c,7516
925,0x00001ef2,7922
926,0x0000271c,10012
927,0x0000255f,9567
928,0x00001a6c,6764
929,0x00001a93,6803
930,0x00001b53,6995
931,0x00002bbc,11196
932,0x00002852,10322
933,0x00001de9,7657
934,0x000018e3,6371
935,0x000018f6,6390
936,0x00002af5,10997
937,0x000026c1,9921
938,0x0000204f,8271
939,0x00001a5d,6749
940,0x00001de9,7657
941,0x00002103,8451
942,0x0000222f,8751
943,0x00002243,8771
944,0x00002027,8231
945,0x000020fe,8446
946,0x00001cfd,7421
947,0x00001e96,7830
948,0x00002039,8249
949,0x0000245a,9306
950,0x00002335,9013
951,0x00001ccc,7372
952,0x00001bdb,7131
953,0x00001cfa,7418
954,0x0000283f,10303
955,0x00002123,8483
956,0x00001e52,7762
957,0x00001d50,7504
958,0x00001fda,8154
959,0x00002142,8514
960,0x00001fd6,8150
961,0x00002017,8215
962,0x00001e21,7713
963,0x00002608,9736
964,0x00001c27,7207
965,0x00001c24,7204
966,0x00001d3b,7483
967,0x0000239e,9118
968,0x00002a4a,10826
969,0x00001b80,7040
970,0x00001a45,6725
971,0x00001887,6279
972,0x000025b5,9653
973,0x00002ba9,11177
974,0x000021e2,8674
975,0x00001bdc,7132
976,0x0000165d,5725
977,0x00002517,9495
978,0x00002a81,10881
979,0x00002552,9554
980,0x00001e18,7704
981,0x00001d0b,7435
982,0x00001e5b,7771
983,0x000021e3,8675
984,0x000022fb,8955
985,0x00002188,8584
986,0x000022ed,8941
987,0x00001adb,6875
988,0x00001cae,7342
989,0x00001f54,8020
990,0x00002317,8983
991,0x00002290,8848
992,0x00001c4d,7245
993,0x00001b67,7015
994,0x00001b5f,7007
995,0x000023a3,9123
996,0x00001ff0,8176
997,0x00001c8e,7310
998,0x00001bb8,7096
999,0x00001d18,7448
1000,0x00001fee,8174
1001,0x00001d7b,7547
1002,0x00001d51,7505
1003,0x00001dc6,7622
1004,0x000023f8,9208
1005,0x00001d03,7427
1006,0x00001abe,6846
1007,0x00001b3b,6971
1008,0x00001e83,7811
1009,0x00002864,10340
1010,0x00001d0e,7438
1011,0x000019cd,6605
1012,0x000018b0,6320
1013,0x00001e2d,7725
1014,0x0000278c,10124
1015,0x000020ae,8366
1016,0x00001c3d,7229
1017,0x000015d4,5588
1018,0x00001da5,7589
1019,0x0000235c,9052
1020,0x00001f88,8072
1021,0x00001dd5,7637
1022,0x00001b71,7025
1023,0x0000197f,6527
0,0x00000000,0
1024,0x0044e733,4515635
2048,0x0034a85c,3450972
3072,0x002667b6,2516918
4096,0x001db413,1946643
5120,0x0016cf5a,1494874
6144,0x001125c3,1123779
7168,0x000c1cfd,793853
8192,0x0008c4b4,574644
9216,0x00059178,364920
10240,0x00046258,287320
11264,0x00030ec9,200393
12288,0x0001bd5e,114014
13312,0x000102d7,66263
14336,0x0000c463,50275
15360,0x00009cb4,40116
16384,0x00008393,33683
17408,0x000072db,29403
18432,0x00006675,26229
19456,0x00005cd4,23764
20480,0x0000558d,21901
21504,0x00004e1a,19994
22528,0x00004814,18452
23552,0x00004269,17001
24576,0x00003e8e,16014
25600,0x00003ac0,15040
26624,0x000036af,13999
27648,0x00003418,13336
28672,0x00003290,12944
29696,0x000031a7,12711
30720,0x000030b6,12470
31744,0x00002e4e,11854
32768,0x00002b1d,11037
33792,0x000028f9,10489
34816,0x00002747,10055
35840,0x000024e8,9448
36864,0x000023d4,9172
37888,0x00002288,8840
38912,0x00002298,8856
39936,0x000023ca,9162
40960,0x00002192,8594
41984,0x00001fb4,8116
43008,0x00001f8f,8079
44032,0x00002011,8209
45056,0x00001f35,7989
46080,0x000020be,8382
47104,0x000020c1,8385
48128,0x00002278,8824
49152,0x000023e6,9190
50176,0x00002518,9496
51200,0x0000267b,9851
52224,0x00002915,10517
53248,0x00002aad,10925
54272,0x00002c44,11332
55296,0x00002d71,11633
56320,0x00002e1d,11805
57344,0x00002ef2,12018
58368,0x00002e1f,11807
59392,0x00002b2d,11053
60416,0x000027c3,10179
61440,0x00002599,9625
62464,0x00002163,8547
63488,0x00001ee5,7909
64512,0x00001c23,7203
65536,0x00001904,6404
66560,0x0000174a,5962
67584,0x00001642,5698
68608,0x000014d5,5333
69632,0x00001439,5177
70656,0x000013d2,5074
71680,0x0000136c,4972
72704,0x00001409,5129
73728,0x000013da,5082
74752,0x00001434,5172
75776,0x000013c9,5065
76800,0x0000130f,4879
77824,0x0000136b,4971
78848,0x00001219,4633
79872,0x0000121a,4634
80896,0x0000107f,4223
81920,0x00000f7c,3964
82944,0x00000e7b,3707
83968,0x00000dd8,3544
84992,0x00000c0c,3084
86016,0x00000b1a,2842
87040,0x000009bf,2495
88064,0x00000873,2163
89088,0x000007a2,1954
90112,0x0000064d,1613
91136,0x000005e1,1505
92160,0x00000511,1297
93184,0x00000488,1160
94208,0x000003b2,946
95232,0x00000352,850
96256,0x000002b9,697
97280,0x0000021d,541
98304,0x000001d1,465
99328,0x00000176,374
100352,0x0000014c,332
101376,0x00000113,275
102400,0x000000f4,244
103424,0x000000f8,248
104448,0x000000de,222
105472,0x000000cf,207
106496,0x000000b2,178
107520,0x000000bf,191
108544,0x000000aa,170
109568,0x000000c5,197
110592,0x0000009c,156
111616,0x00000088,136
112640,0x0000007b,123
113664,0x0000008b,139
114688,0x00000092,146
115712,0x00000089,137
116736,0x00000087,135
117760,0x00000074,116
118784,0x00000065,101
119808,0x00000081,129
120832,0x00000081,129
121856,0x0000006e,110
122880,0x0000005d,93
123904,0x00000054,84
124928,0x00000053,83
125952,0x00000050,80
126976,0x00000057,87
128000,0x00000062,98
129024,0x00000099,153
130048,0x000001ec,492
131072,0x000005ba,1466
132096,0x00000d37,3383
133120,0x0000179f,6047
134144,0x00002297,8855
135168,0x00002d78,11640
136192,0x000036ce,14030
137216,0x00003e06,15878
138240,0x00004192,16786
139264,0x000041fd,16893
140288,0x00003dd5,15829
141312,0x000035c7,13767
142336,0x00003033,12339
143360,0x0000293d,10557
144384,0x000022ee,8942
145408,0x00001dfb,7675
146432,0x00001a83,6787
147456,0x000016b6,5814
148480,0x00001307,4871
149504,0x00000f42,3906
150528,0x00000c7d,3197
151552,0x00000a7a,2682
152576,0x0000080e,2062
153600,0x0000062e,1582
154624,0x0000043f,1087
155648,0x00000367,871
156672,0x000002c1,705
157696,0x00000217,535
158720,0x00000193,403
159744,0x00000101,257
160768,0x000000f3,243
161792,0x000000b6,182
162816,0x00000082,130
163840,0x0000006f,111
164864,0x00000059,89
165888,0x0000004b,75
166912,0x00000049,73
167936,0x00000036,54
168960,0x0000002f,47
169984,0x00000026,38
171008,0x00000020,32
172032,0x0000001f,31
173056,0x00000015,21
174080,0x00000017,23
175104,0x00000013,19
176128,0x00000024,36
177152,0x0000001c,28
178176,0x00000013,19
179200,0x00000014,20
180224,0x0000000e,14
181248,0x00000013,19
182272,0x0000000c,12
183296,0x0000000d,13
184320,0x0000000b,11
185344,0x0000000e,14
186368,0x00000008,8
187392,0x0000000e,14
188416,0x0000000a,10
189440,0x0000000b,11
190464,0x0000000e,14
191488,0x0000000c,12
192512,0x0000000b,11
193536,0x00000002,2
194560,0x0000000e,14
195584,0x0000000d,13
196608,0x0000000e,14
197632,0x0000000c,12
198656,0x00000007,7
199680,0x0000000b,11
200704,0x00000007,7
201728,0x00000007,7
202752,0x0000000a,10
203776,0x00000006,6
204800,0x00000008,8
205824,0x00000006,6
206848,0x0000000d,13
207872,0x00000005,5
208896,0x00000003,3
209920,0x00000008,8
210944,0x00000007,7
211968,0x00000009,9
212992,0x0000000a,10
214016,0x00000009,9
215040,0x00000005,5
216064,0x00000005,5
217088,0x0000000d,13
218112,0x0000000a,10
219136,0x0000000c,12
220160,0x00000005,5
221184,0x0000000b,11
222208,0x0000000d,13
223232,0x00000009,9
224256,0x0000000a,10
225280,0x00000009,9
226304,0x0000000b,11
227328,0x0000000d,13
228352,0x00000007,7
229376,0x0000000c,12
230400,0x0000000d,13
231424,0x00000005,5
232448,0x00000004,4
233472,0x00000009,9
234496,0x00000008,8
235520,0x0000000d,13
236544,0x00000009,9
237568,0x00000007,7
238592,0x00000009,9
239616,0x00000008,8
240640,0x00000004,4
241664,0x00000008,8
242688,0x0000000f,15
243712,0x00000009,9
244736,0x00000006,6
245760,0x00000008,8
246784,0x00000007,7
247808,0x00000009,9
248832,0x0000000b,11
249856,0x00000005,5
250880,0x00000008,8
251904,0x00000006,6
252928,0x00000009,9
253952,0x00000007,7
254976,0x00000008,8
256000,0x00000002,2
257024,0x00000002,2
258048,0x00000008,8
259072,0x00000007,7
260096,0x00000009,9
261120,0x00000005,5
262144,0x00000006,6
263168,0x00000006,6
264192,0x0000000b,11
265216,0x00000007,7
266240,0x00000005,5
267264,0x00000005,5
268288,0x00000004,4
269312,0x00000008,8
270336,0x00000002,2
271360,0x00000005,5
272384,0x00000009,9
273408,0x00000009,9
274432,0x0000000a,10
275456,0x00000007,7
276480,0x00000009,9
277504,0x00000007,7
278528,0x00000007,7
279552,0x00000008,8
280576,0x0000000b,11
281600,0x0000000c,12
282624,0x00000009,9
283648,0x00000006,6
284672,0x0000000c,12
285696,0x0000000b,11
286720,0x0000000e,14
287744,0x0000000a,10
288768,0x00000005,5
289792,0x00000016,22
290816,0x0000000f,15
291840,0x0000000c,12
292864,0x00000014,20
293888,0x00000011,17
294912,0x00000016,22
295936,0x00000017,23
296960,0x00000012,18
297984,0x00000011,17
299008,0x00000012,18
300032,0x00000011,17
301056,0x00000011,17
302080,0x00000016,22
303104,0x00000015,21
304128,0x0000000d,13
305152,0x0000000c,12
306176,0x0000000c,12
307200,0x00000007,7
308224,0x0000000b,11
309248,0x00000010,16
310272,0x0000000d,13
311296,0x0000000d,13
312320,0x00000006,6
313344,0x0000000d,13
314368,0x00000007,7
315392,0x00000007,7
316416,0x0000000b,11
317440,0x0000000a,10
318464,0x0000000b,11
319488,0x00000009,9
320512,0x00000006,6
321536,0x00000008,8
322560,0x00000010,16
323584,0x00000006,6
324608,0x00000007,7
325632,0x0000000d,13
326656,0x00000004,4
327680,0x00000004,4
328704,0x0000000c,12
329728,0x0000000f,15
330752,0x00000009,9
331776,0x0000000b,11
332800,0x0000000d,13
333824,0x00000012,18
334848,0x0000000e,14
335872,0x00000010,16
336896,0x00000002,2
337920,0x0000000a,10
338944,0x00000007,7
339968,0x00000008,8
340992,0x0000000e,14
342016,0x0000000d,13
343040,0x0000000e,14
344064,0x00000008,8
345088,0x0000000c,12
346112,0x00000006,6
347136,0x0000000a,10
348160,0x00000008,8
349184,0x0000000c,12
350208,0x0000000a,10
351232,0x00000009,9
352256,0x0000000a,10
353280,0x0000000c,12
354304,0x0000000d,13
355328,0x0000000b,11
356352,0x00000008,8
357376,0x00000006,6
358400,0x00000008,8
359424,0x00000009,9
360448,0x00000006,6
361472,0x00000008,8
362496,0x00000007,7
363520,0x0000000a,10
364544,0x00000008,8
365568,0x00000008,8
366592,0x00000004,4
367616,0x00000006,6
368640,0x00000007,7
369664,0x00000006,6
370688,0x00000004,4
371712,0x0000000a,10
372736,0x00000008,8
373760,0x00000008,8
374784,0x00000006,6
375808,0x00000006,6
376832,0x00000007,7
377856,0x00000007,7
378880,0x00000008,8
379904,0x00000007,7
380928,0x00000008,8
381952,0x00000005,5
382976,0x00000002,2
384000,0x00000004,4
385024,0x00000005,5
386048,0x00000007,7
387072,0x00000008,8
388096,0x00000005,5
389120,0x00000003,3
390144,0x00000006,6
391168,0x00000006,6
392192,0x0000000a,10
393216,0x00000004,4
394240,0x00000006,6
395264,0x00000007,7
396288,0x00000007,7
397312,0x00000008,8
398336,0x00000005,5
399360,0x00000006,6
400384,0x00000008,8
401408,0x00000007,7
402432,0x00000008,8
403456,0x00000004,4
404480,0x00000003,3
405504,0x00000004,4
406528,0x00000002,2
407552,0x00000004,4
408576,0x00000006,6
409600,0x00000005,5
410624,0x00000003,3
411648,0x00000005,5
412672,0x00000005,5
413696,0x00000004,4
414720,0x00000001,1
415744,0x00000002,2
416768,0x00000003,3
417792,0x00000007,7
418816,0x00000002,2
419840,0x00000003,3
420864,0x00000006,6
421888,0x00000001,1
422912,0x00000002,2
423936,0x00000002,2
424960,0x00000006,6
425984,0x00000006,6
427008,0x00000003,3
428032,0x00000004,4
429056,0x00000001,1
430080,0x00000002,2
431104,0x00000002,2
432128,0x00000001,1
433152,0x00000004,4
434176,0x00000002,2
435200,0x00000004,4
436224,0x00000005,5
437248,0x00000003,3
438272,0x00000009,9
439296,0x00000007,7
440320,0x00000007,7
441344,0x00000003,3
442368,0x00000007,7
443392,0x00000009,9
444416,0x00000003,3
445440,0x0000000b,11
446464,0x00000007,7
447488,0x00000006,6
448512,0x00000005,5
449536,0x00000006,6
450560,0x00000009,9
451584,0x00000005,5
452608,0x00000005,5
453632,0x00000007,7
454656,0x00000006,6
455680,0x00000005,5
456704,0x00000006,6
457728,0x00000005,5
458752,0x00000006,6
459776,0x00000005,5
460800,0x00000007,7
461824,0x00000008,8
462848,0x00000008,8
463872,0x00000008,8
464896,0x00000005,5
465920,0x00000003,3
466944,0x00000006,6
467968,0x00000004,4
468992,0x00000001,1
470016,0x00000003,3
471040,0x00000003,3
472064,0x00000002,2
473088,0x00000001,1
474112,0x00000002,2
475136,0x00000005,5
476160,0x00000001,1
477184,0x00000001,1
478208,0x00000000,0
479232,0x00000002,2
480256,0x00000001,1
481280,0x00000003,3
482304,0x00000003,3
483328,0x00000001,1
484352,0x00000002,2
485376,0x00000005,5
486400,0x00000001,1
487424,0x00000003,3
488448,0x00000003,3
489472,0x00000003,3
490496,0x00000001,1
491520,0x00000000,0
492544,0x00000002,2
493568,0x00000001,1
494592,0x00000005,5
495616,0x00000002,2
496640,0x00000004,4
497664,0x00000003,3
498688,0x00000009,9
499712,0x00000005,5
500736,0x00000002,2
501760,0x00000008,8
502784,0x00000006,6
503808,0x00000004,4
504832,0x00000006,6
505856,0x00000006,6
506880,0x00000003,3
507904,0x00000005,5
508928,0x00000003,3
509952,0x00000002,2
510976,0x00000002,2
512000,0x00000002,2
513024,0x00000000,0
514048,0x00000004,4
515072,0x00000000,0
516096,0x00000000,0
517120,0x00000002,2
518144,0x00000004,4
519168,0x00000003,3
520192,0x00000002,2
521216,0x00000001,1
522240,0x00000002,2
523264,0x00000001,1
524288,0x00000000,0
525312,0x00000001,1
526336,0x00000002,2
527360,0x00000000,0
528384,0x00000000,0
529408,0x00000005,5
530432,0x00000002,2
531456,0x00000001,1
532480,0x00000002,2
533504,0x00000001,1
534528,0x00000002,2
535552,0x00000002,2
536576,0x00000000,0
537600,0x00000001,1
538624,0x00000004,4
539648,0x00000002,2
540672,0x00000000,0
541696,0x00000008,8
542720,0x00000002,2
543744,0x00000004,4
544768,0x00000003,3
545792,0x00000002,2
546816,0x00000004,4
547840,0x00000000,0
548864,0x00000004,4
549888,0x00000000,0
550912,0x00000000,0
551936,0x00000002,2
552960,0x00000001,1
553984,0x00000003,3
555008,0x00000003,3
556032,0x00000003,3
557056,0x00000004,4
558080,0x00000001,1
559104,0x00000005,5
560128,0x00000004,4
561152,0x00000003,3
562176,0x00000003,3
563200,0x00000003,3
564224,0x00000003,3
565248,0x00000000,0
566272,0x00000004,4
567296,0x00000001,1
568320,0x00000001,1
569344,0x00000000,0
570368,0x00000002,2
571392,0x00000004,4
572416,0x00000000,0
573440,0x00000003,3
574464,0x00000003,3
575488,0x00000001,1
576512,0x00000003,3
577536,0x00000002,2
578560,0x00000001,1
579584,0x00000001,1
580608,0x00000004,4
581632,0x00000001,1
582656,0x00000000,0
583680,0x00000003,3
584704,0x00000001,1
585728,0x00000003,3
586752,0x00000004,4
587776,0x00000002,2
588800,0x00000002,2
589824,0x00000001,1
590848,0x00000003,3
591872,0x00000000,0
592896,0x00000003,3
593920,0x00000004,4
594944,0x00000002,2
595968,0x00000003,3
596992,0x00000000,0
598016,0x00000001,1
599040,0x00000000,0
600064,0x00000006,6
601088,0x00000002,2
602112,0x00000003,3
603136,0x00000003,3
604160,0x00000002,2
605184,0x00000001,1
606208,0x00000003,3
607232,0x00000001,1
608256,0x00000001,1
609280,0x00000001,1
610304,0x00000002,2
611328,0x00000002,2
612352,0x00000002,2
613376,0x00000003,3
614400,0x00000001,1
615424,0x00000001,1
616448,0x00000000,0
617472,0x00000001,1
618496,0x00000004,4
619520,0x00000002,2
620544,0x00000002,2
621568,0x00000002,2
622592,0x00000003,3
623616,0x00000001,1
624640,0x00000005,5
625664,0x00000002,2
626688,0x00000001,1
627712,0x00000001,1
628736,0x00000002,2
629760,0x00000002,2
630784,0x00000001,1
631808,0x00000000,0
632832,0x00000000,0
633856,0x00000002,2
634880,0x00000003,3
635904,0x00000004,4
636928,0x00000002,2
637952,0x00000002,2
638976,0x00000000,0
640000,0x00000000,0
641024,0x00000001,1
642048,0x00000003,3
643072,0x00000002,2
644096,0x00000006,6
645120,0x00000002,2
646144,0x00000002,2
647168,0x00000002,2
648192,0x00000002,2
649216,0x00000003,3
650240,0x00000003,3
651264,0x00000003,3
652288,0x00000002,2
653312,0x00000004,4
654336,0x00000001,1
655360,0x00000001,1
656384,0x00000002,2
657408,0x00000004,4
658432,0x00000000,0
659456,0x00000001,1
660480,0x00000001,1
661504,0x00000000,0
662528,0x00000002,2
663552,0x00000003,3
664576,0x00000002,2
665600,0x00000001,1
666624,0x00000001,1
667648,0x00000001,1
668672,0x00000001,1
669696,0x00000000,0
670720,0x00000002,2
671744,0x00000001,1
672768,0x00000001,1
673792,0x00000002,2
674816,0x00000002,2
675840,0x00000000,0
676864,0x00000004,4
677888,0x00000000,0
678912,0x00000001,1
679936,0x00000004,4
680960,0x00000003,3
681984,0x00000002,2
683008,0x00000001,1
684032,0x00000002,2
685056,0x00000001,1
686080,0x00000001,1
687104,0x00000003,3
688128,0x00000001,1
689152,0x00000002,2
690176,0x00000000,0
691200,0x00000001,1
692224,0x00000002,2
693248,0x00000001,1
694272,0x00000001,1
695296,0x00000001,1
696320,0x00000000,0
697344,0x00000003,3
698368,0x00000000,0
699392,0x00000000,0
700416,0x00000001,1
701440,0x00000000,0
702464,0x00000000,0
703488,0x00000001,1
704512,0x00000002,2
705536,0x00000001,1
706560,0x00000002,2
707584,0x00000001,1
708608,0x00000001,1
709632,0x00000001,1
710656,0x00000001,1
711680,0x00000000,0
712704,0x00000003,3
713728,0x00000001,1
714752,0x00000002,2
715776,0x00000001,1
716800,0x00000001,1
717824,0x00000002,2
718848,0x00000002,2
719872,0x00000002,2
720896,0x00000001,1
721920,0x00000002,2
722944,0x00000002,2
723968,0x00000000,0
724992,0x00000002,2
726016,0x00000001,1
727040,0x00000003,3
728064,0x00000001,1
729088,0x00000000,0
730112,0x00000002,2
731136,0x00000001,1
732160,0x00000000,0
733184,0x00000000,0
734208,0x00000000,0
735232,0x00000001,1
736256,0x00000000,0
737280,0x00000001,1
738304,0x00000001,1
739328,0x00000002,2
740352,0x00000003,3
741376,0x00000003,3
742400,0x00000000,0
743424,0x00000003,3
744448,0x00000001,1
745472,0x00000001,1
746496,0x00000001,1
747520,0x00000003,3
748544,0x00000001,1
749568,0x00000005,5
750592,0x00000001,1
751616,0x00000001,1
752640,0x00000001,1
753664,0x00000001,1
754688,0x00000002,2
755712,0x00000007,7
756736,0x00000003,3
757760,0x00000006,6
758784,0x00000003,3
759808,0x00000004,4
760832,0x00000005,5
761856,0x00000002,2
762880,0x00000002,2
763904,0x00000002,2
764928,0x00000002,2
765952,0x00000003,3
766976,0x00000004,4
768000,0x00000001,1
769024,0x00000002,2
770048,0x00000001,1
771072,0x00000001,1
772096,0x00000004,4
773120,0x00000002,2
774144,0x00000003,3
775168,0x00000006,6
776192,0x00000002,2
777216,0x00000005,5
778240,0x00000004,4
779264,0x00000003,3
780288,0x00000002,2
781312,0x00000000,0
782336,0x00000004,4
783360,0x00000002,2
784384,0x00000001,1
785408,0x00000003,3
786432,0x00000004,4
787456,0x00000006,6
788480,0x00000001,1
789504,0x00000001,1
790528,0x00000002,2
791552,0x00000003,3
792576,0x00000003,3
793600,0x00000005,5
794624,0x00000002,2
795648,0x00000004,4
796672,0x00000002,2
797696,0x00000004,4
798720,0x00000002,2
799744,0x00000002,2
800768,0x00000003,3
801792,0x00000003,3
802816,0x00000004,4
803840,0x00000002,2
804864,0x00000002,2
805888,0x00000004,4
806912,0x00000000,0
807936,0x00000004,4
808960,0x00000006,6
809984,0x00000005,5
811008,0x00000003,3
812032,0x00000001,1
813056,0x00000005,5
814080,0x00000001,1
815104,0x00000001,1
816128,0x00000003,3
817152,0x00000000,0
818176,0x00000003,3
819200,0x00000003,3
820224,0x00000001,1
821248,0x00000001,1
822272,0x00000002,2
823296,0x00000005,5
824320,0x00000004,4
825344,0x00000001,1
826368,0x00000002,2
827392,0x00000003,3
828416,0x00000002,2
829440,0x00000000,0
830464,0x00000001,1
831488,0x00000001,1
832512,0x00000002,2
833536,0x00000003,3
834560,0x00000002,2
835584,0x00000001,1
836608,0x00000003,3
837632,0x00000001,1
838656,0x00000003,3
839680,0x00000002,2
840704,0x00000004,4
841728,0x00000004,4
842752,0x00000002,2
843776,0x00000005,5
844800,0x00000002,2
845824,0x00000001,1
846848,0x00000004,4
847872,0x00000004,4
848896,0x00000004,4
849920,0x00000001,1
850944,0x00000003,3
851968,0x00000003,3
852992,0x00000001,1
854016,0x00000000,0
855040,0x00000003,3
856064,0x00000004,4
857088,0x00000003,3
858112,0x00000003,3
859136,0x00000001,1
860160,0x00000003,3
861184,0x00000001,1
862208,0x00000001,1
863232,0x00000002,2
864256,0x00000001,1
865280,0x00000006,6
866304,0x00000003,3
867328,0x00000001,1
868352,0x00000000,0
869376,0x00000003,3
870400,0x00000002,2
871424,0x00000004,4
872448,0x00000002,2
873472,0x00000000,0
874496,0x00000002,2
875520,0x00000003,3
876544,0x00000003,3
877568,0x00000001,1
878592,0x00000003,3
879616,0x00000003,3
880640,0x00000003,3
881664,0x00000001,1
882688,0x00000003,3
883712,0x00000004,4
884736,0x00000002,2
885760,0x00000003,3
886784,0x00000003,3
887808,0x00000003,3
888832,0x00000001,1
889856,0x00000003,3
890880,0x00000001,1
891904,0x00000001,1
892928,0x00000006,6
893952,0x00000001,1
894976,0x00000002,2
896000,0x00000002,2
897024,0x00000004,4
898048,0x00000001,1
899072,0x00000004,4
900096,0x00000003,3
901120,0x00000002,2
902144,0x00000002,2
903168,0x00000005,5
904192,0x00000001,1
905216,0x00000001,1
906240,0x00000001,1
907264,0x00000000,0
908288,0x00000001,1
909312,0x00000002,2
910336,0x00000002,2
911360,0x00000002,2
912384,0x00000002,2
913408,0x00000001,1
914432,0x00000002,2
915456,0x00000001,1
916480,0x00000001,1
917504,0x00000000,0
918528,0x00000003,3
919552,0x00000002,2
920576,0x00000003,3
921600,0x00000001,1
922624,0x00000001,1
923648,0x00000003,3
924672,0x00000001,1
925696,0x00000001,1
926720,0x00000001,1
927744,0x00000001,1
928768,0x00000002,2
929792,0x00000003,3
930816,0x00000003,3
931840,0x00000001,1
932864,0x00000001,1
933888,0x00000004,4
934912,0x00000003,3
935936,0x00000001,1
936960,0x00000001,1
937984,0x00000005,5
939008,0x00000002,2
940032,0x00000002,2
941056,0x00000003,3
942080,0x00000004,4
943104,0x00000004,4
944128,0x00000002,2
945152,0x00000005,5
946176,0x00000001,1
947200,0x00000003,3
948224,0x00000001,1
949248,0x00000005,5
950272,0x00000002,2
951296,0x00000005,5
952320,0x00000005,5
953344,0x00000004,4
954368,0x00000003,3
955392,0x00000002,2
956416,0x00000004,4
957440,0x00000002,2
958464,0x00000006,6
959488,0x00000002,2
960512,0x00000003,3
961536,0x00000002,2
962560,0x00000006,6
963584,0x00000001,1
964608,0x00000004,4
965632,0x00000006,6
966656,0x00000001,1
967680,0x00000003,3
968704,0x00000003,3
969728,0x00000003,3
970752,0x00000003,3
971776,0x00000004,4
972800,0x00000001,1
973824,0x00000001,1
974848,0x00000003,3
975872,0x00000000,0
976896,0x00000002,2
977920,0x00000004,4
978944,0x00000003,3
979968,0x00000001,1
980992,0x00000002,2
982016,0x00000003,3
983040,0x00000003,3
984064,0x00000002,2
985088,0x00000003,3
986112,0x00000004,4
987136,0x00000001,1
988160,0x00000001,1
989184,0x00000006,6
990208,0x00000001,1
991232,0x00000000,0
992256,0x00000002,2
993280,0x00000003,3
994304,0x00000002,2
995328,0x00000001,1
996352,0x00000002,2
997376,0x00000002,2
998400,0x00000001,1
999424,0x00000001,1
1000448,0x00000002,2
1001472,0x00000003,3
1002496,0x00000001,1
1003520,0x00000001,1
1004544,0x00000002,2
1005568,0x00000000,0
1006592,0x00000002,2
1007616,0x00000002,2
1008640,0x00000001,1
1009664,0x00000001,1
1010688,0x00000002,2
1011712,0x00000002,2
1012736,0x00000001,1
1013760,0x00000000,0
1014784,0x00000001,1
1015808,0x00000001,1
1016832,0x00000000,0
1017856,0x00000003,3
1018880,0x00000001,1
1019904,0x00000000,0
1020928,0x00000002,2
1021952,0x00000001,1
1022976,0x00000000,0
1024000,0x00000002,2
1025024,0x00000002,2
1026048,0x00000000,0
1027072,0x00000001,1
1028096,0x00000002,2
1029120,0x00000001,1
1030144,0x00000000,0
1031168,0x00000001,1
1032192,0x00000001,1
1033216,0x00000003,3
1034240,0x00000002,2
1035264,0x00000001,1
1036288,0x00000000,0
1037312,0x00000001,1
1038336,0x00000003,3
1039360,0x00000001,1
1040384,0x00000000,0
1041408,0x00000001,1
1042432,0x00000000,0
1043456,0x00000000,0
1044480,0x00000000,0
1045504,0x00000001,1
1046528,0x00000001,1
1047552,0x00000000,0
0,0x00000000,0
1048576,0x000003f9,1017
2097152,0x00000274,628
3145728,0x000001a3,419
4194304,0x00000139,313
5242880,0x0000010b,267
6291456,0x00000604,1540
7340032,0x00000623,1571
8388608,0x00000165,357
9437184,0x0000006b,107
10485760,0x0000005f,95
11534336,0x00000025,37
12582912,0x00000030,48
13631488,0x000000a4,164
14680064,0x0000006f,111
15728640,0x00000028,40
16777216,0x00000032,50
17825792,0x00000038,56
18874368,0x00000029,41
19922944,0x00000022,34
20971520,0x00000037,55
22020096,0x00000015,21
23068672,0x00000055,85
24117248,0x0000007d,125
25165824,0x00000039,57
26214400,0x00000025,37
27262976,0x00000078,120
28311552,0x0000002f,47
29360128,0x0000001f,31
30408704,0x00000024,36
31457280,0x00000024,36
32505856,0x0000000b,11
33554432,0x00000022,34
34603008,0x0000000e,14
35651584,0x00000033,51
36700160,0x0000001e,30
37748736,0x0000002e,46
38797312,0x0000000b,11
39845888,0x00000012,18
40894464,0x00000015,21
41943040,0x0000000c,12
42991616,0x00000023,35
44040192,0x0000000d,13
45088768,0x00000011,17
46137344,0x0000000b,11
47185920,0x0000000a,10
48234496,0x00000005,5
49283072,0x00000007,7
50331648,0x00000008,8
51380224,0x00000005,5
52428800,0x00000007,7
53477376,0x00000008,8
54525952,0x00000009,9
55574528,0x00000009,9
56623104,0x00000014,20
57671680,0x00000008,8
58720256,0x00000007,7
59768832,0x00000003,3
60817408,0x0000000a,10
61865984,0x00000011,17
62914560,0x00000005,5
63963136,0x0000003d,61
65011712,0x00000021,33
66060288,0x00000006,6
67108864,0x0000000b,11
68157440,0x00000051,81
69206016,0x00000049,73
70254592,0x00000008,8
71303168,0x00000007,7
72351744,0x0000000f,15
73400320,0x00000007,7
74448896,0x00000016,22
75497472,0x00000014,20
76546048,0x00000028,40
77594624,0x0000000a,10
78643200,0x00000030,48
79691776,0x00000005,5
80740352,0x00000001,1
81788928,0x00000005,5
82837504,0x00000003,3
83886080,0x00000002,2
84934656,0x00000002,2
85983232,0x00000002,2
87031808,0x00000005,5
88080384,0x00000003,3
89128960,0x00000009,9
90177536,0x00000006,6
91226112,0x00000000,0
92274688,0x00000004,4
93323264,0x0000000b,11
94371840,0x0000000c,12
95420416,0x00000006,6
96468992,0x00000008,8
97517568,0x00000001,1
98566144,0x00000002,2
99614720,0x00000000,0
100663296,0x00000002,2
101711872,0x00000003,3
102760448,0x00000001,1
103809024,0x00000002,2
104857600,0x00000021,33
105906176,0x00000003,3
106954752,0x00000003,3
108003328,0x00000002,2
109051904,0x00000011,17
110100480,0x00000011,17
111149056,0x00000002,2
112197632,0x00000003,3
113246208,0x00000001,1
114294784,0x00000001,1
115343360,0x00000003,3
116391936,0x00000003,3
117440512,0x00000002,2
118489088,0x00000009,9
119537664,0x0000000c,12
120586240,0x00000004,4
121634816,0x00000006,6
122683392,0x00000002,2
123731968,0x00000001,1
124780544,0x00000008,8
125829120,0x00000006,6
126877696,0x00000005,5
127926272,0x00000002,2
128974848,0x00000001,1
130023424,0x00000011,17
131072000,0x0000000d,13
132120576,0x0000000b,11
133169152,0x00000005,5
134217728,0x00000013,19
135266304,0x00000002,2
136314880,0x00000002,2
137363456,0x00000001,1
138412032,0x00000001,1
139460608,0x00000001,1
140509184,0x00000003,3
141557760,0x00000000,0
142606336,0x00000001,1
143654912,0x00000001,1
144703488,0x00000000,0
145752064,0x00000000,0
146800640,0x00000000,0
147849216,0x00000001,1
148897792,0x00000000,0
149946368,0x00000001,1
150994944,0x00000000,0
152043520,0x00000001,1
153092096,0x00000000,0
154140672,0x00000006,6
155189248,0x00000004,4
156237824,0x00000003,3
157286400,0x00000002,2
158334976,0x00000004,4
159383552,0x00000000,0
160432128,0x00000001,1
161480704,0x00000002,2
162529280,0x00000001,1
163577856,0x00000002,2
164626432,0x00000001,1
165675008,0x00000001,1
166723584,0x00000000,0
167772160,0x00000000,0
168820736,0x00000001,1
169869312,0x00000002,2
170917888,0x00000007,7
171966464,0x00000000,0
173015040,0x00000002,2
174063616,0x0000001e,30
175112192,0x00000004,4
176160768,0x00000005,5
177209344,0x00000002,2
178257920,0x00000002,2
179306496,0x00000003,3
180355072,0x00000001,1
181403648,0x00000003,3
182452224,0x00000000,0
183500800,0x00000001,1
184549376,0x00000001,1
185597952,0x00000001,1
186646528,0x00000000,0
187695104,0x00000001,1
188743680,0x00000001,1
189792256,0x00000003,3
190840832,0x00000000,0
191889408,0x00000000,0
192937984,0x00000000,0
193986560,0x00000001,1
195035136,0x00000002,2
196083712,0x00000003,3
197132288,0x00000000,0
198180864,0x00000001,1
199229440,0x00000029,41
200278016,0x00000009,9
201326592,0x00000000,0
202375168,0x00000000,0
203423744,0x00000000,0
204472320,0x00000000,0
205520896,0x00000000,0
206569472,0x00000000,0
207618048,0x00000000,0
208666624,0x00000000,0
209715200,0x00000000,0
210763776,0x00000000,0
211812352,0x00000000,0
212860928,0x00000000,0
213909504,0x00000000,0
214958080,0x00000000,0
216006656,0x00000000,0
217055232,0x00000000,0
218103808,0x00000000,0
219152384,0x00000000,0
220200960,0x00000000,0
221249536,0x00000000,0
222298112,0x00000000,0
223346688,0x00000000,0
224395264,0x00000000,0
225443840,0x00000000,0
226492416,0x00000000,0
227540992,0x00000000,0
228589568,0x00000000,0
229638144,0x00000000,0
230686720,0x00000000,0
231735296,0x00000000,0
232783872,0x00000000,0
233832448,0x00000000,0
234881024,0x00000000,0
235929600,0x00000000,0
236978176,0x00000000,0
238026752,0x00000000,0
239075328,0x00000000,0
240123904,0x00000000,0
241172480,0x00000000,0
242221056,0x00000000,0
243269632,0x00000000,0
244318208,0x00000000,0
245366784,0x00000000,0
246415360,0x00000000,0
247463936,0x00000000,0
248512512,0x00000000,0
249561088,0x00000000,0
250609664,0x00000000,0
251658240,0x00000000,0
252706816,0x00000000,0
253755392,0x00000000,0
254803968,0x00000000,0
255852544,0x00000000,0
256901120,0x00000000,0
257949696,0x00000000,0
258998272,0x00000000,0
260046848,0x00000000,0
261095424,0x00000000,0
262144000,0x00000000,0
263192576,0x00000000,0
264241152,0x00000000,0
265289728,0x00000000,0
266338304,0x00000000,0
267386880,0x00000001,1
268435456,0x00000000,0
269484032,0x00000000,0
270532608,0x00000000,0
271581184,0x00000000,0
272629760,0x00000000,0
273678336,0x00000000,0
274726912,0x00000000,0
275775488,0x00000000,0
276824064,0x00000000,0
277872640,0x00000000,0
278921216,0x00000000,0
279969792,0x00000000,0
281018368,0x00000000,0
282066944,0x00000000,0
283115520,0x00000000,0
284164096,0x00000000,0
285212672,0x00000000,0
286261248,0x00000000,0
287309824,0x00000000,0
288358400,0x00000000,0
289406976,0x00000000,0
290455552,0x00000000,0
291504128,0x00000000,0
292552704,0x00000000,0
293601280,0x00000000,0
294649856,0x00000000,0
295698432,0x00000000,0
296747008,0x00000000,0
297795584,0x00000000,0
298844160,0x00000000,0
299892736,0x00000000,0
300941312,0x00000000,0
301989888,0x00000000,0
303038464,0x00000000,0
304087040,0x00000000,0
305135616,0x00000000,0
306184192,0x00000000,0
307232768,0x00000000,0
308281344,0x00000000,0
309329920,0x00000000,0
310378496,0x00000000,0
311427072,0x00000000,0
312475648,0x00000000,0
313524224,0x00000000,0
314572800,0x00000000,0
315621376,0x00000000,0
316669952,0x00000000,0
317718528,0x00000000,0
318767104,0x00000000,0
319815680,0x00000000,0
320864256,0x00000000,0
321912832,0x00000000,0
322961408,0x00000000,0
324009984,0x00000000,0
325058560,0x00000000,0
326107136,0x00000000,0
327155712,0x00000000,0
328204288,0x00000000,0
329252864,0x00000000,0
330301440,0x00000000,0
331350016,0x00000000,0
332398592,0x00000000,0
333447168,0x00000000,0
334495744,0x00000000,0
335544320,0x00000000,0
336592896,0x00000000,0
337641472,0x00000000,0
338690048,0x00000000,0
339738624,0x00000000,0
340787200,0x00000000,0
341835776,0x00000000,0
342884352,0x00000000,0
343932928,0x00000000,0
344981504,0x00000000,0
346030080,0x00000000,0
347078656,0x00000000,0
348127232,0x00000000,0
349175808,0x00000000,0
350224384,0x00000000,0
351272960,0x00000000,0
352321536,0x00000000,0
353370112,0x00000000,0
354418688,0x00000000,0
355467264,0x00000000,0
356515840,0x00000000,0
357564416,0x00000000,0
358612992,0x00000000,0
359661568,0x00000000,0
360710144,0x00000000,0
361758720,0x00000000,0
362807296,0x00000000,0
363855872,0x00000000,0
364904448,0x00000000,0
365953024,0x00000000,0
367001600,0x00000000,0
368050176,0x00000000,0
369098752,0x00000000,0
370147328,0x00000000,0
371195904,0x00000000,0
372244480,0x00000000,0
373293056,0x00000000,0
374341632,0x00000000,0
375390208,0x00000000,0
376438784,0x00000000,0
377487360,0x00000000,0
378535936,0x00000001,1
379584512,0x00000000,0
380633088,0x00000000,0
381681664,0x00000000,0
382730240,0x00000000,0
383778816,0x00000000,0
384827392,0x00000000,0
385875968,0x00000000,0
386924544,0x00000000,0
387973120,0x00000000,0
389021696,0x00000000,0
390070272,0x00000000,0
391118848,0x00000000,0
392167424,0x00000000,0
393216000,0x00000000,0
394264576,0x00000000,0
395313152,0x00000000,0
396361728,0x00000000,0
397410304,0x00000000,0
398458880,0x00000000,0
399507456,0x00000000,0
400556032,0x00000000,0
401604608,0x00000000,0
402653184,0x00000000,0
403701760,0x00000001,1
404750336,0x00000000,0
405798912,0x00000000,0
406847488,0x00000000,0
407896064,0x00000000,0
408944640,0x00000000,0
409993216,0x00000000,0
411041792,0x00000001,1
412090368,0x00000000,0
413138944,0x00000000,0
414187520,0x00000000,0
415236096,0x00000000,0
416284672,0x00000000,0
417333248,0x00000000,0
418381824,0x00000000,0
419430400,0x00000000,0
420478976,0x00000000,0
421527552,0x00000001,1
422576128,0x00000000,0
423624704,0x00000000,0
424673280,0x00000000,0
425721856,0x00000000,0
426770432,0x00000000,0
427819008,0x00000000,0
428867584,0x00000000,0
429916160,0x00000000,0
430964736,0x00000000,0
432013312,0x00000000,0
433061888,0x00000000,0
434110464,0x00000000,0
435159040,0x00000000,0
436207616,0x00000000,0
437256192,0x00000000,0
438304768,0x00000000,0
439353344,0x00000000,0
440401920,0x00000000,0
441450496,0x00000000,0
442499072,0x00000000,0
443547648,0x00000000,0
444596224,0x00000000,0
445644800,0x00000000,0
446693376,0x00000000,0
447741952,0x00000000,0
448790528,0x00000000,0
449839104,0x00000001,1
450887680,0x00000000,0
451936256,0x00000000,0
452984832,0x00000000,0
454033408,0x00000000,0
455081984,0x00000000,0
456130560,0x00000000,0
457179136,0x00000000,0
458227712,0x00000000,0
459276288,0x00000000,0
460324864,0x00000000,0
461373440,0x00000000,0
462422016,0x00000000,0
463470592,0x00000000,0
464519168,0x00000000,0
465567744,0x00000000,0
466616320,0x00000000,0
467664896,0x00000000,0
468713472,0x00000000,0
469762048,0x00000000,0
470810624,0x00000000,0
471859200,0x00000000,0
472907776,0x00000000,0
473956352,0x00000000,0
475004928,0x00000000,0
476053504,0x00000000,0
477102080,0x00000000,0
478150656,0x00000000,0
479199232,0x00000000,0
480247808,0x00000000,0
481296384,0x00000000,0
482344960,0x00000000,0
483393536,0x00000000,0
484442112,0x00000000,0
485490688,0x00000000,0
486539264,0x00000000,0
487587840,0x00000000,0
488636416,0x00000001,1
489684992,0x00000000,0
490733568,0x00000000,0
491782144,0x00000000,0
492830720,0x00000000,0
493879296,0x00000000,0
494927872,0x00000000,0
495976448,0x00000000,0
497025024,0x00000000,0
498073600,0x00000000,0
499122176,0x00000000,0
500170752,0x00000000,0
501219328,0x00000000,0
502267904,0x00000000,0
503316480,0x00000000,0
504365056,0x00000000,0
505413632,0x00000000,0
506462208,0x00000001,1
507510784,0x00000000,0
508559360,0x00000000,0
509607936,0x00000000,0
510656512,0x00000000,0
511705088,0x00000000,0
512753664,0x00000000,0
513802240,0x00000000,0
514850816,0x00000000,0
515899392,0x00000000,0
516947968,0x00000000,0
517996544,0x00000000,0
519045120,0x00000000,0
520093696,0x00000000,0
521142272,0x00000000,0
522190848,0x00000000,0
523239424,0x00000000,0
524288000,0x00000000,0
525336576,0x00000000,0
526385152,0x00000000,0
527433728,0x00000000,0
528482304,0x00000000,0
529530880,0x00000000,0
530579456,0x00000000,0
531628032,0x00000000,0
532676608,0x00000000,0
533725184,0x00000000,0
534773760,0x00000000,0
535822336,0x00000000,0
536870912,0x00000000,0
537919488,0x00000000,0
538968064,0x00000000,0
540016640,0x00000000,0
541065216,0x00000000,0
542113792,0x00000000,0
543162368,0x00000000,0
544210944,0x00000000,0
545259520,0x00000000,0
546308096,0x00000000,0
547356672,0x00000000,0
548405248,0x00000000,0
549453824,0x00000000,0
550502400,0x00000000,0
551550976,0x00000000,0
552599552,0x00000000,0
553648128,0x00000000,0
554696704,0x00000000,0
555745280,0x00000000,0
556793856,0x00000000,0
557842432,0x00000000,0
558891008,0x00000000,0
559939584,0x00000000,0
560988160,0x00000000,0
562036736,0x00000000,0
563085312,0x00000000,0
564133888,0x00000000,0
565182464,0x00000000,0
566231040,0x00000000,0
567279616,0x00000000,0
568328192,0x00000000,0
569376768,0x00000000,0
570425344,0x00000000,0
571473920,0x00000000,0
572522496,0x00000000,0
573571072,0x00000000,0
574619648,0x00000000,0
575668224,0x00000000,0
576716800,0x00000000,0
577765376,0x00000001,1
578813952,0x00000000,0
579862528,0x00000000,0
580911104,0x00000000,0
581959680,0x00000000,0
583008256,0x00000000,0
584056832,0x00000000,0
585105408,0x00000000,0
586153984,0x00000000,0
587202560,0x00000000,0
588251136,0x00000000,0
589299712,0x00000000,0
590348288,0x00000000,0
591396864,0x00000000,0
592445440,0x00000000,0
593494016,0x00000000,0
594542592,0x00000000,0
595591168,0x00000000,0
596639744,0x00000000,0
597688320,0x00000000,0
598736896,0x00000000,0
599785472,0x00000000,0
600834048,0x00000000,0
601882624,0x00000000,0
602931200,0x00000000,0
603979776,0x00000000,0
605028352,0x00000000,0
606076928,0x00000000,0
607125504,0x00000000,0
608174080,0x00000000,0
609222656,0x00000000,0
610271232,0x00000000,0
611319808,0x00000000,0
612368384,0x00000000,0
613416960,0x00000000,0
614465536,0x00000000,0
615514112,0x00000000,0
616562688,0x00000000,0
617611264,0x00000000,0
618659840,0x00000000,0
619708416,0x00000000,0
620756992,0x00000000,0
621805568,0x00000000,0
622854144,0x00000000,0
623902720,0x00000000,0
624951296,0x00000000,0
625999872,0x00000000,0
627048448,0x00000000,0
628097024,0x00000000,0
629145600,0x00000000,0
630194176,0x00000000,0
631242752,0x00000000,0
632291328,0x00000000,0
633339904,0x00000000,0
634388480,0x00000000,0
635437056,0x00000000,0
636485632,0x00000000,0
637534208,0x00000000,0
638582784,0x00000000,0
639631360,0x00000000,0
640679936,0x00000000,0
641728512,0x00000000,0
642777088,0x00000000,0
643825664,0x00000000,0
644874240,0x00000000,0
645922816,0x00000000,0
646971392,0x00000000,0
648019968,0x00000000,0
649068544,0x00000000,0
650117120,0x00000000,0
651165696,0x00000000,0
652214272,0x00000000,0
653262848,0x00000000,0
654311424,0x00000000,0
655360000,0x00000000,0
656408576,0x00000000,0
657457152,0x00000000,0
658505728,0x00000000,0
659554304,0x00000000,0
660602880,0x00000000,0
661651456,0x00000000,0
662700032,0x00000000,0
663748608,0x00000000,0
664797184,0x00000000,0
665845760,0x00000000,0
666894336,0x00000000,0
667942912,0x00000000,0
668991488,0x00000000,0
670040064,0x00000000,0
671088640,0x00000000,0
672137216,0x00000000,0
673185792,0x00000000,0
674234368,0x00000000,0
675282944,0x00000000,0
676331520,0x00000000,0
677380096,0x00000000,0
678428672,0x00000000,0
679477248,0x00000000,0
680525824,0x00000000,0
681574400,0x00000000,0
682622976,0x00000000,0
683671552,0x00000000,0
684720128,0x00000000,0
685768704,0x00000000,0
686817280,0x00000000,0
687865856,0x00000000,0
688914432,0x00000000,0
689963008,0x00000000,0
691011584,0x00000000,0
692060160,0x00000000,0
693108736,0x00000000,0
694157312,0x00000000,0
695205888,0x00000000,0
696254464,0x00000000,0
697303040,0x00000000,0
698351616,0x00000000,0
699400192,0x00000000,0
700448768,0x00000000,0
701497344,0x00000000,0
702545920,0x00000000,0
703594496,0x00000000,0
704643072,0x00000000,0
705691648,0x00000000,0
706740224,0x00000000,0
707788800,0x00000000,0
708837376,0x00000000,0
709885952,0x00000000,0
710934528,0x00000000,0
711983104,0x00000000,0
713031680,0x00000000,0
714080256,0x00000000,0
715128832,0x00000000,0
716177408,0x00000000,0
717225984,0x00000000,0
718274560,0x00000000,0
719323136,0x00000000,0
720371712,0x00000000,0
721420288,0x00000000,0
722468864,0x00000000,0
723517440,0x00000000,0
724566016,0x00000000,0
725614592,0x00000000,0
726663168,0x00000000,0
727711744,0x00000000,0
728760320,0x00000000,0
729808896,0x00000000,0
730857472,0x00000000,0
731906048,0x00000000,0
732954624,0x00000000,0
734003200,0x00000000,0
735051776,0x00000000,0
736100352,0x00000000,0
737148928,0x00000000,0
738197504,0x00000000,0
739246080,0x00000000,0
740294656,0x00000000,0
741343232,0x00000000,0
742391808,0x00000000,0
743440384,0x00000000,0
744488960,0x00000000,0
745537536,0x00000000,0
746586112,0x00000000,0
747634688,0x00000000,0
748683264,0x00000000,0
749731840,0x00000000,0
750780416,0x00000000,0
751828992,0x00000000,0
752877568,0x00000000,0
753926144,0x00000000,0
754974720,0x00000000,0
756023296,0x00000000,0
757071872,0x00000000,0
758120448,0x00000000,0
759169024,0x00000000,0
760217600,0x00000000,0
761266176,0x00000000,0
762314752,0x00000000,0
763363328,0x00000000,0
764411904,0x00000000,0
765460480,0x00000000,0
766509056,0x00000000,0
767557632,0x00000000,0
768606208,0x00000000,0
769654784,0x00000000,0
770703360,0x00000000,0
771751936,0x00000000,0
772800512,0x00000000,0
773849088,0x00000000,0
774897664,0x00000000,0
775946240,0x00000000,0
776994816,0x00000000,0
778043392,0x00000000,0
779091968,0x00000000,0
780140544,0x00000000,0
781189120,0x00000000,0
782237696,0x00000000,0
783286272,0x00000000,0
784334848,0x00000000,0
785383424,0x00000000,0
786432000,0x00000000,0
787480576,0x00000000,0
788529152,0x00000000,0
789577728,0x00000000,0
790626304,0x00000000,0
791674880,0x00000000,0
792723456,0x00000000,0
793772032,0x00000000,0
794820608,0x00000000,0
795869184,0x00000000,0
796917760,0x00000000,0
797966336,0x00000000,0
799014912,0x00000000,0
800063488,0x00000000,0
801112064,0x00000000,0
802160640,0x00000000,0
803209216,0x00000000,0
804257792,0x00000000,0
805306368,0x00000000,0
806354944,0x00000000,0
807403520,0x00000000,0
808452096,0x00000000,0
809500672,0x00000000,0
810549248,0x00000000,0
811597824,0x00000000,0
812646400,0x00000000,0
813694976,0x00000000,0
814743552,0x00000000,0
815792128,0x00000000,0
816840704,0x00000000,0
817889280,0x00000000,0
818937856,0x00000000,0
819986432,0x00000000,0
821035008,0x00000000,0
822083584,0x00000000,0
823132160,0x00000000,0
824180736,0x00000000,0
825229312,0x00000000,0
826277888,0x00000000,0
827326464,0x00000000,0
828375040,0x00000000,0
829423616,0x00000000,0
830472192,0x00000000,0
831520768,0x00000000,0
832569344,0x00000000,0
833617920,0x00000000,0
834666496,0x00000000,0
835715072,0x00000000,0
836763648,0x00000000,0
837812224,0x00000000,0
838860800,0x00000000,0
839909376,0x00000000,0
840957952,0x00000000,0
842006528,0x00000000,0
843055104,0x00000000,0
844103680,0x00000000,0
845152256,0x00000000,0
846200832,0x00000000,0
847249408,0x00000000,0
848297984,0x00000000,0
849346560,0x00000000,0
850395136,0x00000000,0
851443712,0x00000000,0
852492288,0x00000000,0
853540864,0x00000000,0
854589440,0x00000000,0
855638016,0x00000000,0
856686592,0x00000000,0
857735168,0x00000000,0
858783744,0x00000000,0
859832320,0x00000000,0
860880896,0x00000000,0
861929472,0x00000000,0
862978048,0x00000000,0
864026624,0x00000000,0
865075200,0x00000000,0
866123776,0x00000000,0
867172352,0x00000000,0
868220928,0x00000000,0
869269504,0x00000000,0
870318080,0x00000000,0
871366656,0x00000000,0
872415232,0x00000000,0
873463808,0x00000000,0
874512384,0x00000000,0
875560960,0x00000000,0
876609536,0x00000000,0
877658112,0x00000000,0
878706688,0x00000000,0
879755264,0x00000000,0
880803840,0x00000000,0
881852416,0x00000000,0
882900992,0x00000000,0
883949568,0x00000000,0
884998144,0x00000000,0
886046720,0x00000000,0
887095296,0x00000000,0
888143872,0x00000000,0
889192448,0x00000000,0
890241024,0x00000000,0
891289600,0x00000000,0
892338176,0x00000000,0
893386752,0x00000000,0
894435328,0x00000000,0
895483904,0x00000000,0
896532480,0x00000000,0
897581056,0x00000000,0
898629632,0x00000000,0
899678208,0x00000000,0
900726784,0x00000000,0
901775360,0x00000000,0
902823936,0x00000000,0
903872512,0x00000000,0
904921088,0x00000000,0
905969664,0x00000000,0
907018240,0x00000000,0
908066816,0x00000000,0
909115392,0x00000000,0
910163968,0x00000000,0
911212544,0x00000000,0
912261120,0x00000000,0
913309696,0x00000000,0
914358272,0x00000000,0
915406848,0x00000000,0
916455424,0x00000000,0
917504000,0x00000000,0
918552576,0x00000000,0
919601152,0x00000000,0
920649728,0x00000000,0
921698304,0x00000000,0
922746880,0x00000000,0
923795456,0x00000000,0
924844032,0x00000000,0
925892608,0x00000000,0
926941184,0x00000000,0
927989760,0x00000000,0
929038336,0x00000000,0
930086912,0x00000000,0
931135488,0x00000000,0
932184064,0x00000000,0
933232640,0x00000000,0
934281216,0x00000000,0
935329792,0x00000000,0
936378368,0x00000000,0
937426944,0x00000000,0
938475520,0x00000000,0
939524096,0x00000000,0
940572672,0x00000000,0
941621248,0x00000000,0
942669824,0x00000000,0
943718400,0x00000000,0
944766976,0x00000000,0
945815552,0x00000000,0
946864128,0x00000000,0
947912704,0x00000000,0
948961280,0x00000000,0
950009856,0x00000000,0
951058432,0x00000000,0
952107008,0x00000000,0
953155584,0x00000000,0
954204160,0x00000000,0
955252736,0x00000000,0
956301312,0x00000000,0
957349888,0x00000000,0
958398464,0x00000000,0
959447040,0x00000000,0
960495616,0x00000000,0
961544192,0x00000000,0
962592768,0x00000000,0
963641344,0x00000000,0
964689920,0x00000000,0
965738496,0x00000000,0
966787072,0x00000000,0
967835648,0x00000000,0
968884224,0x00000000,0
969932800,0x00000000,0
970981376,0x00000000,0
972029952,0x00000000,0
973078528,0x00000000,0
974127104,0x00000000,0
975175680,0x00000000,0
976224256,0x00000000,0
977272832,0x00000000,0
978321408,0x00000000,0
979369984,0x00000000,0
980418560,0x00000000,0
981467136,0x00000000,0
982515712,0x00000000,0
983564288,0x00000000,0
984612864,0x00000000,0
985661440,0x00000000,0
986710016,0x00000000,0
987758592,0x00000000,0
988807168,0x00000000,0
989855744,0x00000000,0
990904320,0x00000000,0
991952896,0x00000000,0
993001472,0x00000000,0
994050048,0x00000000,0
995098624,0x00000000,0
996147200,0x00000000,0
997195776,0x00000000,0
998244352,0x00000000,0
999292928,0x00000000,0
1000341504,0x00000000,0
1001390080,0x00000000,0
1002438656,0x00000000,0
1003487232,0x00000000,0
1004535808,0x00000000,0
1005584384,0x00000000,0
1006632960,0x00000000,0
1007681536,0x00000000,0
1008730112,0x00000000,0
1009778688,0x00000000,0
1010827264,0x00000000,0
1011875840,0x00000000,0
1012924416,0x00000000,0
1013972992,0x00000000,0
1015021568,0x00000000,0
1016070144,0x00000000,0
1017118720,0x00000000,0
1018167296,0x00000000,0
1019215872,0x00000000,0
1020264448,0x00000000,0
1021313024,0x00000000,0
1022361600,0x00000000,0
1023410176,0x00000000,0
1024458752,0x00000000,0
1025507328,0x00000000,0
1026555904,0x00000000,0
1027604480,0x00000000,0
1028653056,0x00000000,0
1029701632,0x00000000,0
1030750208,0x00000000,0
1031798784,0x00000000,0
1032847360,0x00000000,0
1033895936,0x00000000,0
1034944512,0x00000000,0
1035993088,0x00000000,0
1037041664,0x00000000,0
1038090240,0x00000000,0
1039138816,0x00000000,0
1040187392,0x00000000,0
1041235968,0x00000000,0
1042284544,0x00000000,0
1043333120,0x00000000,0
1044381696,0x00000000,0
1045430272,0x00000000,0
1046478848,0x00000000,0
1047527424,0x00000000,0
1048576000,0x00000000,0
1049624576,0x00000000,0
1050673152,0x00000000,0
1051721728,0x00000000,0
1052770304,0x00000000,0
1053818880,0x00000000,0
1054867456,0x00000000,0
1055916032,0x00000000,0
1056964608,0x00000000,0
1058013184,0x00000000,0
1059061760,0x00000000,0
1060110336,0x00000000,0
1061158912,0x00000000,0
1062207488,0x00000000,0
1063256064,0x00000000,0
1064304640,0x00000000,0
1065353216,0x00000000,0
1066401792,0x00000000,0
1067450368,0x00000000,0
1068498944,0x00000000,0
1069547520,0x00000000,0
1070596096,0x00000000,0
1071644672,0x00000000,0
1072693248,0x00000000,0
1073741824,0x00000000,0
1074790400,0x00000000,0
1075838976,0x00000000,0
1076887552,0x00000000,0
1077936128,0x00000000,0
1078984704,0x00000000,0
1080033280,0x00000000,0
1081081856,0x00000000,0
1082130432,0x00000000,0
1083179008,0x00000000,0
1084227584,0x00000000,0
1085276160,0x00000000,0
1086324736,0x00000000,0
1087373312,0x00000000,0
1088421888,0x00000000,0
1089470464,0x00000000,0
1090519040,0x00000000,0
1091567616,0x00000000,0
1092616192,0x00000000,0
1093664768,0x00000000,0
1094713344,0x00000000,0
1095761920,0x00000000,0
1096810496,0x00000000,0
1097859072,0x00000000,0
1098907648,0x00000000,0
1099956224,0x00000000,0
1101004800,0x00000000,0
1102053376,0x00000000,0
1103101952,0x00000000,0
1104150528,0x00000000,0
1105199104,0x00000000,0
1106247680,0x00000000,0
1107296256,0x00000000,0
1108344832,0x00000000,0
1109393408,0x00000000,0
1110441984,0x00000000,0
1111490560,0x00000000,0
1112539136,0x00000000,0
1113587712,0x00000000,0
1114636288,0x00000000,0
1115684864,0x00000000,0
1116733440,0x00000000,0
1117782016,0x00000000,0
1118830592,0x00000000,0
1119879168,0x00000000,0
1120927744,0x00000000,0
1121976320,0x00000000,0
1123024896,0x00000000,0
1124073472,0x00000000,0
1125122048,0x00000000,0
1126170624,0x00000000,0
1127219200,0x00000000,0
1128267776,0x00000000,0
1129316352,0x00000000,0
1130364928,0x00000000,0
1131413504,0x00000000,0
1132462080,0x00000000,0
1133510656,0x00000000,0
1134559232,0x00000000,0
1135607808,0x00000000,0
1136656384,0x00000000,0
1137704960,0x00000000,0
1138753536,0x00000000,0
1139802112,0x00000000,0
1140850688,0x00000000,0
1141899264,0x00000000,0
1142947840,0x00000000,0
1143996416,0x00000000,0
1145044992,0x00000000,0
1146093568,0x00000000,0
1147142144,0x00000000,0
1148190720,0x00000000,0
1149239296,0x00000000,0
1150287872,0x00000000,0
1151336448,0x00000000,0
1152385024,0x00000000,0
1153433600,0x00000000,0
1154482176,0x00000000,0
1155530752,0x00000000,0
1156579328,0x00000000,0
1157627904,0x00000000,0
1158676480,0x00000000,0
1159725056,0x00000000,0
1160773632,0x00000000,0
1161822208,0x00000000,0
1162870784,0x00000000,0
1163919360,0x00000000,0
1164967936,0x00000000,0
1166016512,0x00000000,0
1167065088,0x00000000,0
1168113664,0x00000000,0
1169162240,0x00000000,0
1170210816,0x00000000,0
1171259392,0x00000000,0
1172307968,0x00000000,0
1173356544,0x00000000,0
1174405120,0x00000000,0
1175453696,0x00000000,0
1176502272,0x00000000,0
1177550848,0x00000000,0
1178599424,0x00000000,0
1179648000,0x00000000,0
1180696576,0x00000000,0
1181745152,0x00000000,0
1182793728,0x00000000,0
1183842304,0x00000000,0
1184890880,0x00000000,0
1185939456,0x00000000,0
1186988032,0x00000000,0
1188036608,0x00000000,0
1189085184,0x00000000,0
1190133760,0x00000000,0
1191182336,0x00000000,0
1192230912,0x00000000,0
1193279488,0x00000000,0
1194328064,0x00000000,0
1195376640,0x00000000,0
1196425216,0x00000000,0
1197473792,0x00000000,0
1198522368,0x00000000,0
1199570944,0x00000000,0
1200619520,0x00000000,0
1201668096,0x00000000,0
1202716672,0x00000000,0
1203765248,0x00000000,0
1204813824,0x00000000,0
1205862400,0x00000000,0
1206910976,0x00000000,0
1207959552,0x00000000,0
1209008128,0x00000000,0
1210056704,0x00000000,0
1211105280,0x00000000,0
1212153856,0x00000000,0
1213202432,0x00000000,0
1214251008,0x00000000,0
1215299584,0x00000000,0
1216348160,0x00000000,0
1217396736,0x00000000,0
1218445312,0x00000000,0
1219493888,0x00000000,0
1220542464,0x00000000,0
1221591040,0x00000000,0
1222639616,0x00000000,0
1223688192,0x00000000,0
1224736768,0x00000000,0
1225785344,0x00000000,0
1226833920,0x00000000,0
1227882496,0x00000000,0
1228931072,0x00000000,0
1229979648,0x00000000,0
1231028224,0x00000000,0
1232076800,0x00000000,0
1233125376,0x00000000,0
1234173952,0x00000000,0
1235222528,0x00000000,0
1236271104,0x00000000,0
1237319680,0x00000000,0
1238368256,0x00000000,0
1239416832,0x00000000,0
1240465408,0x00000000,0
1241513984,0x00000000,0
1242562560,0x00000000,0
1243611136,0x00000000,0
1244659712,0x00000000,0
1245708288,0x00000000,0
1246756864,0x00000000,0
1247805440,0x00000000,0
1248854016,0x00000000,0
1249902592,0x00000000,0
1250951168,0x00000000,0
1251999744,0x00000000,0
1253048320,0x00000000,0
1254096896,0x00000000,0
1255145472,0x00000000,0
1256194048,0x00000000,0
1257242624,0x00000000,0
1258291200,0x00000000,0
1259339776,0x00000000,0
1260388352,0x00000000,0
1261436928,0x00000000,0
1262485504,0x00000000,0
1263534080,0x00000000,0
1264582656,0x00000000,0
1265631232,0x00000000,0
1266679808,0x00000000,0
1267728384,0x00000000,0
1268776960,0x00000000,0
1269825536,0x00000000,0
1270874112,0x00000000,0
1271922688,0x00000000,0
1272971264,0x00000000,0
1274019840,0x00000000,0
1275068416,0x00000000,0
1276116992,0x00000000,0
1277165568,0x00000000,0
1278214144,0x00000000,0
1279262720,0x00000000,0
1280311296,0x00000000,0
1281359872,0x00000000,0
1282408448,0x00000000,0
1283457024,0x00000000,0
1284505600,0x00000000,0
1285554176,0x00000000,0
1286602752,0x00000000,0
1287651328,0x00000000,0
1288699904,0x00000000,0
1289748480,0x00000000,0
1290797056,0x00000000,0
1291845632,0x00000000,0
1292894208,0x00000000,0
1293942784,0x00000000,0
1294991360,0x00000000,0
1296039936,0x00000000,0
1297088512,0x00000000,0
1298137088,0x00000000,0
1299185664,0x00000000,0
1300234240,0x00000000,0
1301282816,0x00000000,0
1302331392,0x00000000,0
1303379968,0x00000000,0
1304428544,0x00000000,0
1305477120,0x00000000,0
1306525696,0x00000000,0
1307574272,0x00000000,0
1308622848,0x00000000,0
1309671424,0x00000000,0
1310720000,0x00000000,0
1311768576,0x00000000,0
1312817152,0x00000000,0
1313865728,0x00000000,0
1314914304,0x00000000,0
1315962880,0x00000000,0
1317011456,0x00000000,0
1318060032,0x00000000,0
1319108608,0x00000000,0
1320157184,0x00000000,0
1321205760,0x00000000,0
1322254336,0x00000000,0
1323302912,0x00000000,0
1324351488,0x00000000,0
1325400064,0x00000000,0
1326448640,0x00000000,0
1327497216,0x00000000,0
1328545792,0x00000000,0
1329594368,0x00000000,0
1330642944,0x00000000,0
1331691520,0x00000000,0
1332740096,0x00000000,0
1333788672,0x00000000,0
1334837248,0x00000000,0
1335885824,0x00000000,0
1336934400,0x00000000,0
1337982976,0x00000000,0
1339031552,0x00000000,0
1340080128,0x00000000,0
1341128704,0x00000000,0
1342177280,0x00000000,0
1343225856,0x00000000,0
1344274432,0x00000000,0
1345323008,0x00000000,0
1346371584,0x00000000,0
1347420160,0x00000000,0
1348468736,0x00000000,0
1349517312,0x00000000,0
1350565888,0x00000000,0
1351614464,0x00000000,0
1352663040,0x00000000,0
1353711616,0x00000000,0
1354760192,0x00000000,0
1355808768,0x00000000,0
1356857344,0x00000000,0
1357905920,0x00000000,0
1358954496,0x00000000,0
1360003072,0x00000000,0
1361051648,0x00000000,0
1362100224,0x00000000,0
1363148800,0x00000000,0
1364197376,0x00000000,0
1365245952,0x00000000,0
1366294528,0x00000000,0
1367343104,0x00000000,0
1368391680,0x00000000,0
1369440256,0x00000000,0
1370488832,0x00000000,0
1371537408,0x00000000,0
1372585984,0x00000000,0
1373634560,0x00000000,0
1374683136,0x00000000,0
1375731712,0x00000000,0
1376780288,0x00000000,0
1377828864,0x00000000,0
1378877440,0x00000000,0
1379926016,0x00000000,0
1380974592,0x00000000,0
1382023168,0x00000000,0
1383071744,0x00000000,0
1384120320,0x00000000,0
1385168896,0x00000000,0
1386217472,0x00000000,0
1387266048,0x00000000,0
1388314624,0x00000000,0
1389363200,0x00000000,0
1390411776,0x00000000,0
1391460352,0x00000000,0
1392508928,0x00000000,0
1393557504,0x00000000,0
1394606080,0x00000000,0
1395654656,0x00000000,0
1396703232,0x00000000,0
1397751808,0x00000000,0
1398800384,0x00000000,0
1399848960,0x00000000,0
1400897536,0x00000000,0
1401946112,0x00000000,0
1402994688,0x00000000,0
1404043264,0x00000000,0
1405091840,0x00000000,0
1406140416,0x00000000,0
1407188992,0x00000000,0
1408237568,0x00000000,0
1409286144,0x00000000,0
1410334720,0x00000000,0
1411383296,0x00000000,0
1412431872,0x00000000,0
1413480448,0x00000000,0
1414529024,0x00000000,0
1415577600,0x00000000,0
1416626176,0x00000000,0
1417674752,0x00000000,0
1418723328,0x00000000,0
1419771904,0x00000000,0
1420820480,0x00000000,0
1421869056,0x00000000,0
1422917632,0x00000000,0
1423966208,0x00000000,0
1425014784,0x00000000,0
1426063360,0x00000000,0
1427111936,0x00000000,0
1428160512,0x00000000,0
1429209088,0x00000000,0
1430257664,0x00000000,0
1431306240,0x00000000,0
1432354816,0x00000000,0
1433403392,0x00000000,0
1434451968,0x00000000,0
1435500544,0x00000000,0
1436549120,0x00000000,0
1437597696,0x00000000,0
1438646272,0x00000000,0
1439694848,0x00000000,0
1440743424,0x00000000,0
1441792000,0x00000000,0
1442840576,0x00000000,0
1443889152,0x00000000,0
1444937728,0x00000000,0
1445986304,0x00000000,0
1447034880,0x00000000,0
1448083456,0x00000000,0
1449132032,0x00000000,0
1450180608,0x00000000,0
1451229184,0x00000000,0
1452277760,0x00000000,0
1453326336,0x00000000,0
1454374912,0x00000000,0
1455423488,0x00000000,0
1456472064,0x00000000,0
1457520640,0x00000000,0
1458569216,0x00000000,0
1459617792,0x00000000,0
1460666368,0x00000000,0
1461714944,0x00000000,0
1462763520,0x00000000,0
1463812096,0x00000000,0
1464860672,0x00000000,0
1465909248,0x00000000,0
1466957824,0x00000000,0
1468006400,0x00000000,0
1469054976,0x00000000,0
1470103552,0x00000000,0
1471152128,0x00000000,0
1472200704,0x00000000,0
1473249280,0x00000000,0
1474297856,0x00000000,0
1475346432,0x00000000,0
1476395008,0x00000000,0
1477443584,0x00000000,0
1478492160,0x00000000,0
1479540736,0x00000000,0
1480589312,0x00000000,0
1481637888,0x00000000,0
1482686464,0x00000000,0
1483735040,0x00000000,0
1484783616,0x00000000,0
1485832192,0x00000000,0
1486880768,0x00000000,0
1487929344,0x00000000,0
1488977920,0x00000000,0
1490026496,0x00000000,0
1491075072,0x00000000,0
1492123648,0x00000000,0
1493172224,0x00000000,0
1494220800,0x00000000,0
1495269376,0x00000000,0
1496317952,0x00000000,0
1497366528,0x00000000,0
1498415104,0x00000000,0
1499463680,0x00000000,0
1500512256,0x00000000,0
1501560832,0x00000000,0
1502609408,0x00000000,0
1503657984,0x00000000,0
1504706560,0x00000000,0
1505755136,0x00000000,0
1506803712,0x00000000,0
1507852288,0x00000000,0
1508900864,0x00000000,0
1509949440,0x00000000,0
1510998016,0x00000000,0
1512046592,0x00000000,0
1513095168,0x00000000,0
1514143744,0x00000000,0
1515192320,0x00000000,0
1516240896,0x00000000,0
1517289472,0x00000000,0
1518338048,0x00000000,0
1519386624,0x00000000,0
1520435200,0x00000000,0
1521483776,0x00000000,0
1522532352,0x00000000,0
1523580928,0x00000000,0
1524629504,0x00000000,0
1525678080,0x00000000,0
1526726656,0x00000000,0
1527775232,0x00000000,0
1528823808,0x00000000,0
1529872384,0x00000000,0
1530920960,0x00000000,0
1531969536,0x00000000,0
1533018112,0x00000000,0
1534066688,0x00000000,0
1535115264,0x00000000,0
1536163840,0x00000000,0
1537212416,0x00000000,0
1538260992,0x00000000,0
1539309568,0x00000000,0
1540358144,0x00000000,0
1541406720,0x00000000,0
1542455296,0x00000000,0
1543503872,0x00000000,0
1544552448,0x00000000,0
1545601024,0x00000000,0
1546649600,0x00000000,0
1547698176,0x00000000,0
1548746752,0x00000000,0
1549795328,0x00000000,0
1550843904,0x00000000,0
1551892480,0x00000000,0
1552941056,0x00000000,0
1553989632,0x00000000,0
1555038208,0x00000000,0
1556086784,0x00000000,0
1557135360,0x00000000,0
1558183936,0x00000000,0
1559232512,0x00000000,0
1560281088,0x00000000,0
1561329664,0x00000000,0
1562378240,0x00000000,0
1563426816,0x00000000,0
1564475392,0x00000000,0
1565523968,0x00000000,0
1566572544,0x00000000,0
1567621120,0x00000000,0
1568669696,0x00000000,0
1569718272,0x00000000,0
1570766848,0x00000000,0
1571815424,0x00000000,0
1572864000,0x00000000,0
1573912576,0x00000000,0
1574961152,0x00000000,0
1576009728,0x00000000,0
1577058304,0x00000000,0
1578106880,0x00000000,0
1579155456,0x00000000,0
1580204032,0x00000000,0
1581252608,0x00000000,0
1582301184,0x00000000,0
1583349760,0x00000000,0
1584398336,0x00000000,0
1585446912,0x00000000,0
1586495488,0x00000000,0
1587544064,0x00000000,0
1588592640,0x00000000,0
1589641216,0x00000000,0
1590689792,0x00000000,0
1591738368,0x00000000,0
1592786944,0x00000000,0
1593835520,0x00000000,0
1594884096,0x00000000,0
1595932672,0x00000000,0
1596981248,0x00000000,0
1598029824,0x00000000,0
1599078400,0x00000000,0
1600126976,0x00000000,0
1601175552,0x00000000,0
1602224128,0x00000000,0
1603272704,0x00000000,0
1604321280,0x00000000,0
1605369856,0x00000000,0
1606418432,0x00000000,0
1607467008,0x00000000,0
1608515584,0x00000000,0
1609564160,0x00000000,0
1610612736,0x00000000,0
1611661312,0x00000000,0
1612709888,0x00000000,0
1613758464,0x00000000,0
1614807040,0x00000000,0
1615855616,0x00000000,0
1616904192,0x00000000,0
1617952768,0x00000000,0
1619001344,0x00000000,0
1620049920,0x00000000,0
1621098496,0x00000000,0
1622147072,0x00000000,0
1623195648,0x00000000,0
1624244224,0x00000000,0
1625292800,0x00000000,0
1626341376,0x00000000,0
1627389952,0x00000000,0
1628438528,0x00000000,0
1629487104,0x00000000,0
1630535680,0x00000000,0
1631584256,0x00000000,0
1632632832,0x00000000,0
1633681408,0x00000000,0
1634729984,0x00000000,0
1635778560,0x00000000,0
1636827136,0x00000000,0
1637875712,0x00000000,0
1638924288,0x00000000,0
1639972864,0x00000000,0
1641021440,0x00000000,0
1642070016,0x00000000,0
1643118592,0x00000000,0
1644167168,0x00000000,0
1645215744,0x00000000,0
1646264320,0x00000000,0
1647312896,0x00000000,0
1648361472,0x00000000,0
1649410048,0x00000000,0
1650458624,0x00000000,0
1651507200,0x00000000,0
1652555776,0x00000000,0
1653604352,0x00000000,0
1654652928,0x00000000,0
1655701504,0x00000000,0
1656750080,0x00000000,0
1657798656,0x00000000,0
1658847232,0x00000000,0
1659895808,0x00000000,0
1660944384,0x00000000,0
1661992960,0x00000000,0
1663041536,0x00000000,0
1664090112,0x00000000,0
1665138688,0x00000000,0
1666187264,0x00000000,0
1667235840,0x00000000,0
1668284416,0x00000000,0
1669332992,0x00000000,0
1670381568,0x00000000,0
1671430144,0x00000000,0
1672478720,0x00000000,0
1673527296,0x00000000,0
1674575872,0x00000000,0
1675624448,0x00000000,0
1676673024,0x00000000,0
1677721600,0x00000000,0
1678770176,0x00000000,0
1679818752,0x00000000,0
1680867328,0x00000000,0
1681915904,0x00000000,0
1682964480,0x00000000,0
1684013056,0x00000000,0
1685061632,0x00000000,0
1686110208,0x00000000,0
1687158784,0x00000000,0
1688207360,0x00000000,0
1689255936,0x00000000,0
1690304512,0x00000000,0
1691353088,0x00000000,0
1692401664,0x00000000,0
1693450240,0x00000000,0
1694498816,0x00000000,0
1695547392,0x00000000,0
1696595968,0x00000000,0
1697644544,0x00000000,0
1698693120,0x00000000,0
1699741696,0x00000000,0
1700790272,0x00000000,0
1701838848,0x00000000,0
1702887424,0x00000000,0
1703936000,0x00000000,0
1704984576,0x00000000,0
1706033152,0x00000000,0
1707081728,0x00000000,0
1708130304,0x00000000,0
1709178880,0x00000000,0
1710227456,0x00000000,0
1711276032,0x00000000,0
1712324608,0x00000000,0
1713373184,0x00000000,0
1714421760,0x00000000,0
1715470336,0x00000000,0
1716518912,0x00000000,0
1717567488,0x00000000,0
1718616064,0x00000000,0
1719664640,0x00000000,0
1720713216,0x00000000,0
1721761792,0x00000000,0
1722810368,0x00000000,0
1723858944,0x00000000,0
1724907520,0x00000000,0
1725956096,0x00000000,0
1727004672,0x00000000,0
1728053248,0x00000000,0
1729101824,0x00000000,0
1730150400,0x00000000,0
1731198976,0x00000000,0
1732247552,0x00000000,0
1733296128,0x00000000,0
1734344704,0x00000000,0
1735393280,0x00000000,0
1736441856,0x00000000,0
1737490432,0x00000000,0
1738539008,0x00000000,0
1739587584,0x00000000,0
1740636160,0x00000000,0
1741684736,0x00000000,0
1742733312,0x00000000,0
1743781888,0x00000000,0
1744830464,0x00000000,0
1745879040,0x00000000,0
1746927616,0x00000000,0
1747976192,0x00000000,0
1749024768,0x00000000,0
1750073344,0x00000000,0
1751121920,0x00000000,0
1752170496,0x00000000,0
1753219072,0x00000000,0
1754267648,0x00000000,0
1755316224,0x00000000,0
1756364800,0x00000000,0
1757413376,0x00000000,0
1758461952,0x00000000,0
1759510528,0x00000000,0
1760559104,0x00000000,0
1761607680,0x00000000,0
1762656256,0x00000000,0
1763704832,0x00000000,0
1764753408,0x00000000,0
1765801984,0x00000000,0
1766850560,0x00000000,0
1767899136,0x00000000,0
1768947712,0x00000000,0
1769996288,0x00000000,0
1771044864,0x00000000,0
1772093440,0x00000000,0
1773142016,0x00000000,0
1774190592,0x00000000,0
1775239168,0x00000000,0
1776287744,0x00000000,0
1777336320,0x00000000,0
1778384896,0x00000000,0
1779433472,0x00000000,0
1780482048,0x00000000,0
1781530624,0x00000000,0
1782579200,0x00000000,0
1783627776,0x00000000,0
1784676352,0x00000000,0
1785724928,0x00000000,0
1786773504,0x00000000,0
1787822080,0x00000000,0
1788870656,0x00000000,0
1789919232,0x00000000,0
1790967808,0x00000000,0
1792016384,0x00000000,0
1793064960,0x00000000,0
1794113536,0x00000000,0
1795162112,0x00000000,0
1796210688,0x00000000,0
1797259264,0x00000000,0
1798307840,0x00000000,0
1799356416,0x00000000,0
1800404992,0x00000000,0
1801453568,0x00000000,0
1802502144,0x00000000,0
1803550720,0x00000000,0
1804599296,0x00000000,0
1805647872,0x00000000,0
1806696448,0x00000000,0
1807745024,0x00000000,0
1808793600,0x00000000,0
1809842176,0x00000000,0
1810890752,0x00000000,0
1811939328,0x00000000,0
1812987904,0x00000000,0
1814036480,0x00000000,0
1815085056,0x00000000,0
1816133632,0x00000000,0
1817182208,0x00000000,0
1818230784,0x00000000,0
1819279360,0x00000000,0
1820327936,0x00000000,0
1821376512,0x00000000,0
1822425088,0x00000000,0
1823473664,0x00000000,0
1824522240,0x00000000,0
1825570816,0x00000000,0
1826619392,0x00000000,0
1827667968,0x00000000,0
1828716544,0x00000000,0
1829765120,0x00000000,0
1830813696,0x00000000,0
1831862272,0x00000000,0
1832910848,0x00000000,0
1833959424,0x00000000,0
1835008000,0x00000000,0
1836056576,0x00000000,0
1837105152,0x00000000,0
1838153728,0x00000000,0
1839202304,0x00000000,0
1840250880,0x00000000,0
1841299456,0x00000000,0
1842348032,0x00000000,0
1843396608,0x00000000,0
1844445184,0x00000000,0
1845493760,0x00000000,0
1846542336,0x00000000,0
1847590912,0x00000000,0
1848639488,0x00000000,0
1849688064,0x00000000,0
1850736640,0x00000000,0
1851785216,0x00000000,0
1852833792,0x00000000,0
1853882368,0x00000000,0
1854930944,0x00000000,0
1855979520,0x00000000,0
1857028096,0x00000000,0
1858076672,0x00000000,0
1859125248,0x00000000,0
1860173824,0x00000000,0
1861222400,0x00000000,0
1862270976,0x00000000,0
1863319552,0x00000000,0
1864368128,0x00000000,0
1865416704,0x00000000,0
1866465280,0x00000000,0
1867513856,0x00000000,0
1868562432,0x00000000,0
1869611008,0x00000000,0
1870659584,0x00000000,0
1871708160,0x00000000,0
1872756736,0x00000000,0
1873805312,0x00000000,0
1874853888,0x00000000,0
1875902464,0x00000000,0
1876951040,0x00000000,0
1877999616,0x00000000,0
1879048192,0x00000000,0
1880096768,0x00000000,0
1881145344,0x00000000,0
1882193920,0x00000000,0
1883242496,0x00000000,0
1884291072,0x00000000,0
1885339648,0x00000000,0
1886388224,0x00000000,0
1887436800,0x00000000,0
1888485376,0x00000000,0
1889533952,0x00000000,0
1890582528,0x00000000,0
1891631104,0x00000000,0
1892679680,0x00000000,0
1893728256,0x00000000,0
1894776832,0x00000000,0
1895825408,0x00000000,0
1896873984,0x00000000,0
1897922560,0x00000000,0
1898971136,0x00000000,0
1900019712,0x00000000,0
1901068288,0x00000000,0
1902116864,0x00000000,0
1903165440,0x00000000,0
1904214016,0x00000000,0
1905262592,0x00000000,0
1906311168,0x00000000,0
1907359744,0x00000000,0
1908408320,0x00000000,0
1909456896,0x00000000,0
1910505472,0x00000000,0
1911554048,0x00000000,0
1912602624,0x00000000,0
1913651200,0x00000000,0
1914699776,0x00000000,0
1915748352,0x00000000,0
1916796928,0x00000000,0
1917845504,0x00000000,0
1918894080,0x00000000,0
1919942656,0x00000000,0
1920991232,0x00000000,0
1922039808,0x00000000,0
1923088384,0x00000000,0
1924136960,0x00000000,0
1925185536,0x00000000,0
1926234112,0x00000000,0
1927282688,0x00000000,0
1928331264,0x00000000,0
1929379840,0x00000000,0
1930428416,0x00000000,0
1931476992,0x00000000,0
1932525568,0x00000000,0
1933574144,0x00000000,0
1934622720,0x00000000,0
1935671296,0x00000000,0
1936719872,0x00000000,0
1937768448,0x00000000,0
1938817024,0x00000000,0
1939865600,0x00000000,0
1940914176,0x00000000,0
1941962752,0x00000000,0
1943011328,0x00000000,0
1944059904,0x00000000,0
1945108480,0x00000000,0
1946157056,0x00000000,0
1947205632,0x00000000,0
1948254208,0x00000000,0
1949302784,0x00000000,0
1950351360,0x00000000,0
1951399936,0x00000000,0
1952448512,0x00000000,0
1953497088,0x00000000,0
1954545664,0x00000000,0
1955594240,0x00000000,0
1956642816,0x00000000,0
1957691392,0x00000000,0
1958739968,0x00000000,0
1959788544,0x00000000,0
1960837120,0x00000000,0
1961885696,0x00000000,0
1962934272,0x00000000,0
1963982848,0x00000000,0
1965031424,0x00000000,0
1966080000,0x00000000,0
1967128576,0x00000000,0
1968177152,0x00000000,0
1969225728,0x00000000,0
1970274304,0x00000000,0
1971322880,0x00000000,0
1972371456,0x00000000,0
1973420032,0x00000000,0
1974468608,0x00000000,0
1975517184,0x00000000,0
1976565760,0x00000000,0
1977614336,0x00000000,0
1978662912,0x00000000,0
1979711488,0x00000000,0
1980760064,0x00000000,0
1981808640,0x00000000,0
1982857216,0x00000000,0
1983905792,0x00000000,0
1984954368,0x00000000,0
1986002944,0x00000000,0
1987051520,0x00000000,0
1988100096,0x00000000,0
1989148672,0x00000000,0
1990197248,0x00000000,0
1991245824,0x00000000,0
1992294400,0x00000000,0
1993342976,0x00000000,0
1994391552,0x00000000,0
1995440128,0x00000000,0
1996488704,0x00000000,0
1997537280,0x00000000,0
1998585856,0x00000000,0
1999634432,0x00000000,0
2000683008,0x00000000,0
2001731584,0x00000000,0
2002780160,0x00000000,0
2003828736,0x00000000,0
2004877312,0x00000000,0
2005925888,0x00000000,0
2006974464,0x00000000,0
2008023040,0x00000000,0
2009071616,0x00000000,0
2010120192,0x00000000,0
2011168768,0x00000000,0
2012217344,0x00000000,0
2013265920,0x00000000,0
2014314496,0x00000000,0
2015363072,0x00000000,0
2016411648,0x00000000,0
2017460224,0x00000000,0
2018508800,0x00000000,0
2019557376,0x00000000,0
2020605952,0x00000000,0
2021654528,0x00000000,0
2022703104,0x00000000,0
2023751680,0x00000000,0
2024800256,0x00000000,0
2025848832,0x00000000,0
2026897408,0x00000000,0
2027945984,0x00000000,0
2028994560,0x00000000,0
2030043136,0x00000000,0
2031091712,0x00000000,0
2032140288,0x00000000,0
2033188864,0x00000000,0
2034237440,0x00000000,0
2035286016,0x00000000,0
2036334592,0x00000000,0
2037383168,0x00000000,0
2038431744,0x00000000,0
2039480320,0x00000000,0
2040528896,0x00000000,0
2041577472,0x00000000,0
2042626048,0x00000000,0
2043674624,0x00000000,0
2044723200,0x00000000,0
2045771776,0x00000000,0
2046820352,0x00000000,0
2047868928,0x00000000,0
2048917504,0x00000000,0
2049966080,0x00000000,0
2051014656,0x00000000,0
2052063232,0x00000000,0
2053111808,0x00000000,0
2054160384,0x00000000,0
2055208960,0x00000000,0
2056257536,0x00000000,0
2057306112,0x00000000,0
2058354688,0x00000000,0
2059403264,0x00000000,0
2060451840,0x00000000,0
2061500416,0x00000000,0
2062548992,0x00000000,0
2063597568,0x00000000,0
2064646144,0x00000000,0
2065694720,0x00000000,0
2066743296,0x00000000,0
2067791872,0x00000000,0
2068840448,0x00000000,0
2069889024,0x00000000,0
2070937600,0x00000000,0
2071986176,0x00000000,0
2073034752,0x00000000,0
2074083328,0x00000000,0
2075131904,0x00000000,0
2076180480,0x00000000,0
2077229056,0x00000000,0
2078277632,0x00000000,0
2079326208,0x00000000,0
2080374784,0x00000000,0
2081423360,0x00000000,0
2082471936,0x00000000,0
2083520512,0x00000000,0
2084569088,0x00000000,0
2085617664,0x00000000,0
2086666240,0x00000000,0
2087714816,0x00000000,0
2088763392,0x00000000,0
2089811968,0x00000000,0
2090860544,0x00000000,0
2091909120,0x00000000,0
2092957696,0x00000000,0
2094006272,0x00000000,0
2095054848,0x00000000,0
2096103424,0x00000000,0
2097152000,0x00000000,0
2098200576,0x00000000,0
2099249152,0x00000000,0
2100297728,0x00000000,0
2101346304,0x00000000,0
2102394880,0x00000000,0
2103443456,0x00000000,0
2104492032,0x00000000,0
2105540608,0x00000000,0
2106589184,0x00000000,0
2107637760,0x00000000,0
2108686336,0x00000000,0
2109734912,0x00000000,0
2110783488,0x00000000,0
2111832064,0x00000000,0
2112880640,0x00000000,0
2113929216,0x00000000,0
2114977792,0x00000000,0
2116026368,0x00000000,0
2117074944,0x00000000,0
2118123520,0x00000000,0
2119172096,0x00000000,0
2120220672,0x00000000,0
2121269248,0x00000000,0
2122317824,0x00000000,0
2123366400,0x00000000,0
2124414976,0x00000000,0
2125463552,0x00000000,0
2126512128,0x00000000,0
2127560704,0x00000000,0
2128609280,0x00000000,0
2129657856,0x00000000,0
2130706432,0x00000000,0
2131755008,0x00000000,0
2132803584,0x00000000,0
2133852160,0x00000000,0
2134900736,0x00000000,0
2135949312,0x00000000,0
2136997888,0x00000000,0
2138046464,0x00000000,0
2139095040,0x00000000,0
2140143616,0x00000000,0
2141192192,0x00000000,0
2142240768,0x00000000,0
2143289344,0x00000000,0
2144337920,0x00000000,0
2145386496,0x00000000,0
2146435072,0x00000000,0
