0,0x00000000,0
1,0x00000000,0
2,0x00000000,0
3,0x00000000,0
4,0x00000000,0
5,0x00000000,0
6,0x00000000,0
7,0x00000000,0
8,0x00000000,0
9,0x00000000,0
10,0x00000000,0
11,0x00000000,0
12,0x00000000,0
13,0x00000000,0
14,0x00000000,0
15,0x00000000,0
16,0x00000000,0
17,0x00000000,0
18,0x00000000,0
19,0x00000000,0
20,0x00000000,0
21,0x00000000,0
22,0x00000000,0
23,0x00000000,0
24,0x00000000,0
25,0x00000000,0
26,0x00000000,0
27,0x00000000,0
28,0x00000000,0
29,0x00000000,0
30,0x00000000,0
31,0x00000000,0
32,0x00000000,0
33,0x00000000,0
34,0x00000000,0
35,0x00000000,0
36,0x00000000,0
37,0x00000000,0
38,0x00000000,0
39,0x00000000,0
40,0x00000000,0
41,0x00000000,0
42,0x00000000,0
43,0x00000000,0
44,0x00000000,0
45,0x00000000,0
46,0x00000000,0
47,0x00000000,0
48,0x00000000,0
49,0x00000000,0
50,0x00000000,0
51,0x00000000,0
52,0x00000000,0
53,0x00000000,0
54,0x00000000,0
55,0x00000000,0
56,0x00000000,0
57,0x00000000,0
58,0x00000000,0
59,0x00000000,0
60,0x00000131,305
61,0x00000000,0
62,0x00000000,0
63,0x00000000,0
64,0x00000000,0
65,0x00000000,0
66,0x01335a40,20142656
67,0x00000000,0
68,0x00000000,0
69,0x00000000,0
70,0x00000099,153
71,0x00000000,0
72,0x00000000,0
73,0x00000000,0
74,0x000023d1,9169
75,0x00000073,115
76,0x00000000,0
77,0x00000000,0
78,0x00024022,147490
79,0x00000001,1
80,0x00000000,0
81,0x00000000,0
82,0x00000000,0
83,0x000001de,478
84,0x00000000,0
85,0x00000000,0
86,0x00000150,336
87,0x00000000,0
88,0x00000049,73
89,0x00000000,0
90,0x000000a3,163
91,0x00000000,0
92,0x00000036,54
93,0x00000000,0
94,0x00000000,0
95,0x00000000,0
96,0x00001206,4614
97,0x00000000,0
98,0x00000000,0
99,0x00000000,0
100,0x00000000,0
101,0x00000002,2
102,0x00000000,0
103,0x00000000,0
104,0x00000000,0
105,0x0000002e,46
106,0x00000000,0
107,0x00000000,0
108,0x00000000,0
109,0x00000043,67
110,0x00000000,0
111,0x00000000,0
112,0x00000000,0
113,0x00000040,64
114,0x00000003,3
115,0x00000004,4
116,0x00000003,3
117,0x00000003,3
118,0x00000002,2
119,0x00000000,0
120,0x00000003,3
121,0x00000008,8
122,0x00000b8e,2958
123,0x00000030,48
124,0x0000004a,74
125,0x0000003c,60
126,0x00000025,37
127,0x0000000d,13
128,0x00000005,5
129,0x00000042,66
130,0x0000002a,42
131,0x0000006a,106
132,0x00000049,73
133,0x00000020,32
134,0x0000000c,12
135,0x000f1e67,990823
136,0x00000000,0
137,0x00000000,0
138,0x00000000,0
139,0x00000000,0
140,0x00000000,0
141,0x00000000,0
142,0x00000001,1
143,0x00000000,0
144,0x00000029,41
145,0x00000000,0
146,0x00000000,0
147,0x00000001,1
148,0x00000006,6
149,0x00000000,0
150,0x00000000,0
151,0x00000000,0
152,0x00000752,1874
153,0x00000000,0
154,0x00000000,0
155,0x00000000,0
156,0x00000000,0
157,0x00000001,1
158,0x00000000,0
159,0x00000001,1
160,0x00000030,48
161,0x0000004d,77
162,0x00000000,0
163,0x00000001,1
164,0x000a050a,656650
165,0x0000000f,15
166,0x00000000,0
167,0x00000000,0
168,0x00000000,0
169,0x00000001,1
170,0x00000000,0
171,0x00000028,40
172,0x0000125a,4698
173,0x0009130e,594702
174,0x00092341,598849
175,0x00000000,0
176,0x00000000,0
177,0x000529c0,338368
178,0x0000015e,350
179,0x00000000,0
180,0x00000000,0
181,0x00000158,344
182,0x00000000,0
183,0x00000000,0
184,0x00000000,0
185,0x00000000,0
186,0x00000000,0
187,0x00000000,0
188,0x00000000,0
189,0x00000342,834
190,0x000003e3,995
191,0x000003e8,1000
192,0x00000000,0
193,0x00000000,0
194,0x000000d8,216
195,0x00000001,1
196,0x00000000,0
197,0x00000000,0
198,0x0000001e,30
199,0x00000016,22
200,0x00000000,0
201,0x00000000,0
202,0x00000000,0
203,0x00000000,0
204,0x00000000,0
205,0x00000000,0
206,0x00000001,1
207,0x00000001,1
208,0x0000000e,14
209,0x00000026,38
210,0x00000937,2359
211,0x00048a9f,297631
212,0x00049169,299369
213,0x00000000,0
214,0x00000000,0
215,0x00000000,0
216,0x00000000,0
217,0x00000000,0
218,0x00000000,0
219,0x00000023,35
220,0x00000a41,2625
221,0x00024612,149010
222,0x00048590,296336
223,0x00024708,149256
224,0x00000000,0
225,0x00000000,0
226,0x00000000,0
227,0x00000001,1
228,0x0000003b,59
229,0x00000045,69
230,0x00000000,0
231,0x00000000,0
232,0x00000000,0
233,0x000000e5,229
234,0x00000000,0
235,0x00000000,0
236,0x00000001,1
237,0x00000000,0
238,0x0000001b,27
239,0x00000049,73
240,0x00000020,32
241,0x00000000,0
242,0x00000000,0
243,0x00000000,0
244,0x00000000,0
245,0x00000000,0
246,0x00003255,12885
247,0x00000000,0
248,0x00000000,0
249,0x00000000,0
250,0x00000002,2
251,0x0000000a,10
252,0x00000001,1
253,0x00000000,0
254,0x00000000,0
255,0x00000000,0
256,0x00000000,0
257,0x00000000,0
258,0x00000000,0
259,0x0000007a,122
260,0x00000000,0
261,0x00000000,0
262,0x00000000,0
263,0x00000000,0
264,0x00000000,0
265,0x00000000,0
266,0x00000000,0
267,0x0000000b,11
268,0x0000000a,10
269,0x00000006,6
270,0x00000000,0
271,0x00000000,0
272,0x00000002,2
273,0x00000000,0
274,0x00000000,0
275,0x00000000,0
276,0x00000000,0
277,0x00000000,0
278,0x00000000,0
279,0x00000000,0
280,0x00000000,0
281,0x00000000,0
282,0x00000000,0
283,0x00000001,1
284,0x00000000,0
285,0x00000000,0
286,0x00000000,0
287,0x00000000,0
288,0x0000001c,28
289,0x00000030,48
290,0x00000014,20
291,0x0000000e,14
292,0x00000005,5
293,0x00000002,2
294,0x00000001,1
295,0x00000001,1
296,0x00000001,1
297,0x00000001,1
298,0x00000001,1
299,0x00000032,50
300,0x00000e42,3650
301,0x000390b2,233650
302,0x00078517,492823
303,0x0004831d,295709
304,0x00018979,100729
305,0x00021e1b,138779
306,0x0001110b,69899
307,0x00000006,6
308,0x0000001d,29
309,0x00000009,9
310,0x00000000,0
311,0x00000000,0
312,0x00000009,9
313,0x000002be,702
314,0x0000b391,45969
315,0x0001659e,91550
316,0x0000b458,46168
317,0x0000005c,92
318,0x00000031,49
319,0x00000005,5
320,0x00000002,2
321,0x00000002,2
322,0x00000004,4
323,0x00000001,1
324,0x00000000,0
325,0x00000000,0
326,0x00000000,0
327,0x00000001,1
328,0x00000007,7
329,0x0000000b,11
330,0x00000008,8
331,0x00000004,4
332,0x00000001,1
333,0x00000000,0
334,0x00000000,0
335,0x00000001,1
336,0x00000000,0
337,0x00000000,0
338,0x00000000,0
339,0x00000000,0
340,0x00000000,0
341,0x00000000,0
342,0x00000000,0
343,0x00000003,3
344,0x0000010a,266
345,0x00000049,73
346,0x00000050,80
347,0x0000006c,108
348,0x000000a0,160
349,0x0000003d,61
350,0x00000016,22
351,0x00000010,16
352,0x00000007,7
353,0x00000000,0
354,0x00000000,0
355,0x00000000,0
356,0x00000000,0
357,0x0000009e,158
358,0x00000000,0
359,0x00000000,0
360,0x00000000,0
361,0x00000000,0
362,0x00000000,0
363,0x00000000,0
364,0x0000003c,60
365,0x0000003f,63
366,0x00000002,2
367,0x00000000,0
368,0x00000000,0
369,0x0000005a,90
370,0x0000005e,94
371,0x00000005,5
372,0x00000000,0
373,0x00000000,0
374,0x00000000,0
375,0x00000006,6
376,0x00000000,0
377,0x00000000,0
378,0x00000000,0
379,0x00000000,0
380,0x00000005,5
381,0x00000000,0
382,0x00000000,0
383,0x00000000,0
384,0x00000000,0
385,0x00000000,0
386,0x00000000,0
387,0x00000000,0
388,0x00000000,0
389,0x00000000,0
390,0x00000000,0
391,0x00000000,0
392,0x00000000,0
393,0x00000000,0
394,0x00000000,0
395,0x00000000,0
396,0x00000000,0
397,0x00000000,0
398,0x00000000,0
399,0x00000000,0
400,0x00000067,103
401,0x00000005,5
402,0x00000000,0
403,0x00000000,0
404,0x00000000,0
405,0x00000000,0
406,0x00000000,0
407,0x00000000,0
408,0x00000000,0
409,0x00000000,0
410,0x00000001,1
411,0x00000002,2
412,0x00000002,2
413,0x000000f9,249
414,0x00000000,0
415,0x00000000,0
416,0x00000000,0
417,0x00000000,0
418,0x00000000,0
419,0x00000000,0
420,0x00000000,0
421,0x00000000,0
422,0x00000000,0
423,0x00000000,0
424,0x00000000,0
425,0x00000000,0
426,0x00000002,2
427,0x00000001,1
428,0x00000000,0
429,0x00000000,0
430,0x00000000,0
431,0x00000001,1
432,0x00000000,0
433,0x0000000f,15
434,0x00000014,20
435,0x00000017,23
436,0x00000018,24
437,0x00000009,9
438,0x00000003,3
439,0x00000006,6
440,0x00000000,0
441,0x00000000,0
442,0x00000007,7
443,0x000000bd,189
444,0x00000155,341
445,0x0000016d,365
446,0x0000014d,333
447,0x000000c5,197
448,0x00000015,21
449,0x00000015,21
450,0x00000008,8
451,0x00000000,0
452,0x00000000,0
453,0x00000000,0
454,0x0000000d,13
455,0x00000000,0
456,0x00000012,18
457,0x00000036,54
458,0x00000025,37
459,0x00000030,48
460,0x00000016,22
461,0x00000001,1
462,0x00000002,2
463,0x00000001,1
464,0x00000000,0
465,0x00000000,0
466,0x0000000f,15
467,0x00000000,0
468,0x00000000,0
469,0x00000013,19
470,0x00000001,1
471,0x00000005,5
472,0x00000000,0
473,0x00000001,1
474,0x00000000,0
475,0x00000000,0
476,0x00000000,0
477,0x00000000,0
478,0x00000000,0
479,0x00000000,0
480,0x00000000,0
481,0x00000000,0
482,0x00000000,0
483,0x00000000,0
484,0x00000000,0
485,0x00000000,0
486,0x00000005,5
487,0x00000005,5
488,0x00000000,0
489,0x00000000,0
490,0x00000000,0
491,0x00000000,0
492,0x00000000,0
493,0x00000000,0
494,0x00000000,0
495,0x00000000,0
496,0x00000000,0
497,0x00000000,0
498,0x00000000,0
499,0x00000000,0
500,0x00000000,0
501,0x00000000,0
502,0x00000000,0
503,0x00000000,0
504,0x00000000,0
505,0x00000000,0
506,0x00000000,0
507,0x00000000,0
508,0x00000000,0
509,0x00000000,0
510,0x00000000,0
511,0x00000003,3
512,0x00000002,2
513,0x00000001,1
514,0x00000004,4
515,0x00000003,3
516,0x00000002,2
517,0x00000000,0
518,0x00000000,0
519,0x00000003,3
520,0x00000002,2
521,0x00000056,86
522,0x000001ac,428
523,0x00002e66,11878
524,0x0000704f,28751
525,0x00008794,34708
526,0x000f49a2,1001890
527,0x0000a479,42105
528,0x000066ac,26284
529,0x00005274,21108
530,0x00003135,12597
531,0x00000750,1872
532,0x00000000,0
533,0x00000004,4
534,0x00000074,116
535,0x000001df,479
536,0x0000360d,13837
537,0x00006f6d,28525
538,0x00007192,29074
539,0x00009407,37895
540,0x0000666b,26219
541,0x00002ec0,11968
542,0x00002c58,11352
543,0x000015e7,5607
544,0x00000023,35
545,0x00000000,0
546,0x00000001,1
547,0x00000010,16
548,0x0000002c,44
549,0x000005be,1470
550,0x00000b0b,2827
551,0x00000b2b,2859
552,0x000012d9,4825
553,0x000014ff,5375
554,0x00000f86,3974
555,0x00000f46,3910
556,0x00000761,1889
557,0x00000003,3
558,0x00000002,2
559,0x00000001,1
560,0x00000001,1
561,0x00000000,0
562,0x00000000,0
563,0x00000000,0
564,0x00000000,0
565,0x00000000,0
566,0x00000000,0
567,0x00000001,1
568,0x00000000,0
569,0x00000000,0
570,0x00000000,0
571,0x00000000,0
572,0x00000000,0
573,0x00000000,0
574,0x00000000,0
575,0x00000000,0
576,0x00000000,0
577,0x00000000,0
578,0x00000000,0
579,0x00000000,0
580,0x00000000,0
581,0x00000000,0
582,0x0000015e,350
583,0x00000000,0
584,0x00000000,0
585,0x00000000,0
586,0x00000000,0
587,0x00000000,0
588,0x00000000,0
589,0x00000000,0
590,0x00000000,0
591,0x00000000,0
592,0x00000000,0
593,0x00000000,0
594,0x00000000,0
595,0x0000002f,47
596,0x00000000,0
597,0x00000000,0
598,0x00000000,0
599,0x00000000,0
600,0x00000000,0
601,0x00000000,0
602,0x00000000,0
603,0x00000000,0
604,0x00000000,0
605,0x00000000,0
606,0x00000000,0
607,0x00000000,0
608,0x00000000,0
609,0x00000000,0
610,0x00000000,0
611,0x00000000,0
612,0x00000005,5
613,0x00000007,7
614,0x00000006,6
615,0x0000000b,11
616,0x0000000f,15
617,0x00000008,8
618,0x0000000b,11
619,0x00000001,1
620,0x00000002,2
621,0x00000004,4
622,0x00000003,3
623,0x00000000,0
624,0x0000015e,350
625,0x00000001,1
626,0x00000000,0
627,0x00000000,0
628,0x00000000,0
629,0x00000000,0
630,0x00000001,1
631,0x00000000,0
632,0x00000000,0
633,0x00000000,0
634,0x00000000,0
635,0x00000000,0
636,0x00000001,1
637,0x0000003f,63
638,0x00000000,0
639,0x00000000,0
640,0x00000000,0
641,0x00000000,0
642,0x00000000,0
643,0x00000001,1
644,0x00000000,0
645,0x00000000,0
646,0x00000000,0
647,0x00000000,0
648,0x00000000,0
649,0x00000000,0
650,0x00000000,0
651,0x00000000,0
652,0x00000000,0
653,0x00000000,0
654,0x00000000,0
655,0x00000000,0
656,0x00000005,5
657,0x00000007,7
658,0x00000008,8
659,0x00000009,9
660,0x00000012,18
661,0x0000000a,10
662,0x00000007,7
663,0x0000000e,14
664,0x00000000,0
665,0x00000017,23
666,0x00000045,69
667,0x00000051,81
668,0x00000042,66
669,0x00000065,101
670,0x00000069,105
671,0x0000001d,29
672,0x0000001b,27
673,0x00000015,21
674,0x0000000c,12
675,0x00000001,1
676,0x00000000,0
677,0x00000001,1
678,0x0000000d,13
679,0x00000012,18
680,0x000000b7,183
681,0x00000010,16
682,0x00000025,37
683,0x00000020,32
684,0x0000000e,14
685,0x0000066b,1643
686,0x0000000b,11
687,0x00000003,3
688,0x00000000,0
689,0x00000000,0
690,0x00000000,0
691,0x00000000,0
692,0x00000002,2
693,0x00000020,32
694,0x00000003,3
695,0x00000003,3
696,0x00000002,2
697,0x00000000,0
698,0x00000072,114
699,0x00000000,0
700,0x00000002,2
701,0x00000000,0
702,0x00000000,0
703,0x00000001,1
704,0x00000000,0
705,0x00000000,0
706,0x00000001,1
707,0x00000000,0
708,0x00000000,0
709,0x00000000,0
710,0x00000001,1
711,0x00000000,0
712,0x00000000,0
713,0x00000001,1
714,0x00000002,2
715,0x00000002,2
716,0x00000001,1
717,0x00000000,0
718,0x00000002,2
719,0x00000000,0
720,0x00000000,0
721,0x00000000,0
722,0x00000000,0
723,0x00000000,0
724,0x00000000,0
725,0x00000000,0
726,0x00000000,0
727,0x00000000,0
728,0x00000000,0
729,0x00000000,0
730,0x00000000,0
731,0x00000000,0
732,0x00000000,0
733,0x00000000,0
734,0x00000001,1
735,0x00000002,2
736,0x00000001,1
737,0x00000004,4
738,0x00000003,3
739,0x00000000,0
740,0x00000001,1
741,0x00000053,83
742,0x0000000e,14
743,0x0000003b,59
744,0x0000009b,155
745,0x000007cb,1995
746,0x00001f53,8019
747,0x000031e0,12768
748,0x000036b2,14002
749,0x00004efc,20220
750,0x00006377,25463
751,0x00004c7b,19579
752,0x00003613,13843
753,0x00003182,12674
754,0x00001c4d,7245
755,0x000005da,1498
756,0x00000059,89
757,0x000000c8,200
758,0x0000106f,4207
759,0x00003150,12624
760,0x000037bf,14271
761,0x0000375d,14173
762,0x000061d3,25043
763,0x000065a8,26024
764,0x0000388b,14475
765,0x00003170,12656
766,0x0000302e,12334
767,0x00001179,4473
768,0x000000c7,199
769,0x0000000a,10
770,0x00000024,36
771,0x000002a6,678
772,0x000007d9,2009
773,0x0000084f,2127
774,0x000008bc,2236
775,0x00001103,4355
776,0x0000115f,4447
777,0x00000965,2405
778,0x00000926,2342
779,0x00000950,2384
780,0x00000304,772
781,0x0000000c,12
782,0x00000008,8
783,0x00000081,129
784,0x000000c1,193
785,0x0000025f,607
786,0x0000028d,653
787,0x000002c7,711
788,0x000005e1,1505
789,0x000005fe,1534
790,0x00000339,825
791,0x00000360,864
792,0x00000346,838
793,0x00000127,295
794,0x00000003,3
795,0x00000000,0
796,0x0000002d,45
797,0x00000000,0
798,0x00000000,0
799,0x00000000,0
800,0x00000000,0
801,0x00000000,0
802,0x00000000,0
803,0x00000001,1
804,0x00000000,0
805,0x00000000,0
806,0x00000000,0
807,0x00000000,0
808,0x00000000,0
809,0x00000000,0
810,0x00000000,0
811,0x00000000,0
812,0x00000000,0
813,0x00000000,0
814,0x00000000,0
815,0x00000000,0
816,0x00000000,0
817,0x00000000,0
818,0x00000000,0
819,0x00000000,0
820,0x00000000,0
821,0x00000000,0
822,0x00000000,0
823,0x00000000,0
824,0x00000000,0
825,0x00000000,0
826,0x00000000,0
827,0x00000000,0
828,0x00000000,0
829,0x00000000,0
830,0x0000000b,11
831,0x00000012,18
832,0x00000000,0
833,0x00000000,0
834,0x00000000,0
835,0x00000000,0
836,0x00000000,0
837,0x00000000,0
838,0x00000000,0
839,0x0000004f,79
840,0x00000000,0
841,0x00000000,0
842,0x00000000,0
843,0x00000000,0
844,0x00000000,0
845,0x00000000,0
846,0x00000000,0
847,0x00000001,1
848,0x00000000,0
849,0x00000000,0
850,0x00000000,0
851,0x00000000,0
852,0x0000004c,76
853,0x00000000,0
854,0x00000000,0
855,0x00000000,0
856,0x00000000,0
857,0x00000000,0
858,0x00000000,0
859,0x00000000,0
860,0x00000000,0
861,0x00000000,0
862,0x00000000,0
863,0x00000000,0
864,0x00000001,1
865,0x00000001,1
866,0x00000000,0
867,0x00000000,0
868,0x00000000,0
869,0x00000000,0
870,0x00000000,0
871,0x00000000,0
872,0x00000000,0
873,0x00000000,0
874,0x00000000,0
875,0x00000000,0
876,0x00000000,0
877,0x00000000,0
878,0x00000001,1
879,0x00000004,4
880,0x0000000d,13
881,0x00000006,6
882,0x00000010,16
883,0x00000017,23
884,0x00000018,24
885,0x00000013,19
886,0x0000000d,13
887,0x0000000d,13
888,0x00000018,24
889,0x00000014,20
890,0x00000015,21
891,0x00000011,17
892,0x00000021,33
893,0x00000020,32
894,0x00000014,20
895,0x00000013,19
896,0x0000000f,15
897,0x00000012,18
898,0x00000005,5
899,0x00000003,3
900,0x00000004,4
901,0x00000002,2
902,0x00000008,8
903,0x0000000d,13
904,0x00000009,9
905,0x00000010,16
906,0x0000000c,12
907,0x0000000b,11
908,0x00000006,6
909,0x00000009,9
910,0x00000008,8
911,0x00000004,4
912,0x00000000,0
913,0x00000000,0
914,0x00000000,0
915,0x00000000,0
916,0x00000001,1
917,0x00000000,0
918,0x00000002,2
919,0x00000000,0
920,0x00000000,0
921,0x00000000,0
922,0x00000001,1
923,0x00000000,0
924,0x00000000,0
925,0x00000000,0
926,0x00000000,0
927,0x00000000,0
928,0x00000000,0
929,0x00000000,0
930,0x00000000,0
931,0x00000001,1
932,0x00000000,0
933,0x00000000,0
934,0x00000001,1
935,0x00000000,0
936,0x00000001,1
937,0x00000000,0
938,0x00000000,0
939,0x00000000,0
940,0x00000000,0
941,0x00000000,0
942,0x00000000,0
943,0x00000000,0
944,0x00000000,0
945,0x00000001,1
946,0x00000000,0
947,0x00000000,0
948,0x00000000,0
949,0x00000000,0
950,0x00000000,0
951,0x00000000,0
952,0x00000000,0
953,0x00000000,0
954,0x00000000,0
955,0x00000000,0
956,0x00000001,1
957,0x00000001,1
958,0x00000001,1
959,0x00000002,2
960,0x00000000,0
961,0x00000001,1
962,0x00000002,2
963,0x00000002,2
964,0x0000000e,14
965,0x000edb1e,973598
966,0x00000023,35
967,0x000000ae,174
968,0x00000443,1091
969,0x00000c63,3171
970,0x00001381,4993
971,0x00001a27,6695
972,0x0000244e,9294
973,0x00002b29,11049
974,0x0000233b,9019
975,0x00001c1d,7197
976,0x00002071,8305
977,0x00001dd8,7640
978,0x00001324,4900
979,0x000003c2,962
980,0x0000042e,1070
981,0x00001569,5481
982,0x00002e4c,11852
983,0x000039bb,14779
984,0x000040bb,16571
985,0x00004d80,19840
986,0x00005561,21857
987,0x000049c0,18880
988,0x00003db7,15799
989,0x000039b3,14771
990,0x00002899,10393
991,0x00000f4f,3919
992,0x000001b3,435
993,0x0000008b,139
994,0x00000221,545
995,0x00000461,1121
996,0x000006e5,1765
997,0x00000c35,3125
998,0x000010da,4314
999,0x00000e19,3609
1000,0x00000a08,2568
1001,0x00000c38,3128
1002,0x00000ea3,3747
1003,0x00000a0f,2575
1004,0x0000029c,668
1005,0x0000001e,30
1006,0x0000002d,45
1007,0x000000cc,204
1008,0x00000179,377
1009,0x00000291,657
1010,0x000004ff,1279
1011,0x000006af,1711
1012,0x000005aa,1450
1013,0x00000399,921
1014,0x0000048d,1165
1015,0x0000060a,1546
1016,0x00000410,1040
1017,0x00000120,288
1018,0x0000000d,13
1019,0x0000000d,13
1020,0x00000038,56
1021,0x00000128,296
1022,0x000000a1,161
1023,0x00000118,280
1024,0x000001d1,465
1025,0x00000169,361
1026,0x00000107,263
1027,0x0000013b,315
1028,0x0000019d,413
1029,0x000000fe,254
1030,0x0000004c,76
1031,0x00000001,1
1032,0x00000000,0
1033,0x00000000,0
1034,0x0000006a,106
1035,0x00000000,0
1036,0x00000000,0
1037,0x00000000,0
1038,0x00000000,0
1039,0x00000000,0
1040,0x00000000,0
1041,0x00000000,0
1042,0x00000000,0
1043,0x00000000,0
1044,0x00000000,0
1045,0x0000000c,12
1046,0x00000000,0
1047,0x00000000,0
1048,0x00000000,0
1049,0x00000016,22
1050,0x00000000,0
1051,0x00000000,0
1052,0x00000000,0
1053,0x00000006,6
1054,0x00000000,0
1055,0x00000000,0
1056,0x00000000,0
1057,0x00000000,0
1058,0x00000000,0
1059,0x00000000,0
1060,0x00000000,0
1061,0x00000000,0
1062,0x00000000,0
1063,0x000000d0,208
1064,0x00000000,0
1065,0x00000001,1
1066,0x00000000,0
1067,0x00000000,0
1068,0x00000000,0
1069,0x00000000,0
1070,0x00000001,1
1071,0x00000000,0
1072,0x00000000,0
1073,0x00000000,0
1074,0x00000000,0
1075,0x00000000,0
1076,0x00000091,145
1077,0x00000000,0
1078,0x00000000,0
1079,0x00000000,0
1080,0x00000000,0
1081,0x00000000,0
1082,0x00000000,0
1083,0x00000000,0
1084,0x00000000,0
1085,0x00000000,0
1086,0x00000000,0
1087,0x00000000,0
1088,0x00000000,0
1089,0x00000004,4
1090,0x00000000,0
1091,0x00000000,0
1092,0x00000000,0
1093,0x00000000,0
1094,0x00000000,0
1095,0x00000000,0
1096,0x0000000a,10
1097,0x00000000,0
1098,0x00000000,0
1099,0x00000000,0
1100,0x00000001,1
1101,0x00000001,1
1102,0x00000000,0
1103,0x00000001,1
1104,0x00000002,2
1105,0x00000002,2
1106,0x00000005,5
1107,0x00000002,2
1108,0x00000002,2
1109,0x00000000,0
1110,0x00000000,0
1111,0x00000004,4
1112,0x00000004,4
1113,0x00000004,4
1114,0x00000009,9
1115,0x00000009,9
1116,0x00000009,9
1117,0x0000000c,12
1118,0x00000006,6
1119,0x00000069,105
1120,0x00000003,3
1121,0x00000005,5
1122,0x00000001,1
1123,0x00000003,3
1124,0x00000001,1
1125,0x00000006,6
1126,0x00000008,8
1127,0x0000000b,11
1128,0x0000000e,14
1129,0x00000011,17
1130,0x00000004,4
1131,0x00000006,6
1132,0x0000002b,43
1133,0x00000009,9
1134,0x00000004,4
1135,0x00000000,0
1136,0x00000004,4
1137,0x00000000,0
1138,0x00000006,6
1139,0x00000000,0
1140,0x00000000,0
1141,0x00000001,1
1142,0x00000000,0
1143,0x00000000,0
1144,0x00000001,1
1145,0x000000ff,255
1146,0x00000000,0
1147,0x00000007,7
1148,0x00000012,18
1149,0x00000020,32
1150,0x00000016,22
1151,0x00000019,25
1152,0x0000001f,31
1153,0x0000001e,30
1154,0x0000001a,26
1155,0x0000000f,15
1156,0x00000003,3
1157,0x00000005,5
1158,0x00000079,121
1159,0x00000000,0
1160,0x00000000,0
1161,0x00000000,0
1162,0x00000000,0
1163,0x00000001,1
1164,0x00000000,0
1165,0x00000004,4
1166,0x00000000,0
1167,0x00000000,0
1168,0x00000000,0
1169,0x00000000,0
1170,0x00000000,0
1171,0x00000002,2
1172,0x00000000,0
1173,0x00000000,0
1174,0x00000000,0
1175,0x00000001,1
1176,0x00000000,0
1177,0x00000000,0
1178,0x00000000,0
1179,0x00000000,0
1180,0x00000000,0
1181,0x00000000,0
1182,0x00000001,1
1183,0x00000000,0
1184,0x00000001,1
1185,0x00000000,0
1186,0x00000000,0
1187,0x0000002c,44
1188,0x00000002,2
1189,0x00000009,9
1190,0x00000010,16
1191,0x0000000b,11
1192,0x0000007d,125
1193,0x00000171,369
1194,0x000003fa,1018
1195,0x000005f7,1527
1196,0x0000053d,1341
1197,0x000002c6,710
1198,0x000001b7,439
1199,0x0000042e,1070
1200,0x00000689,1673
1201,0x000005d6,1494
1202,0x0000036c,876
1203,0x0000055a,1370
1204,0x0000103d,4157
1205,0x00002031,8241
1206,0x000035b2,13746
1207,0x00005155,20821
1208,0x00006584,25988
1209,0x00005ab2,23218
1210,0x00003f91,16273
1211,0x00003bb9,15289
1212,0x00005163,20835
1213,0x0000615d,24925
1214,0x00004b55,19285
1215,0x00001f8d,8077
1216,0x000005da,1498
1217,0x00000082,130
1218,0x0000013d,317
1219,0x0000033b,827
1220,0x00000644,1604
1221,0x00000905,2309
1222,0x0000076a,1898
1223,0x000003dd,989
1224,0x000003e6,998
1225,0x0000067c,1660
1226,0x0000084f,2127
1227,0x000006de,1758
1228,0x000002a8,680
1229,0x00000093,147
1230,0x0000004c,76
1231,0x000000aa,170
1232,0x000001d5,469
1233,0x0000035f,863
1234,0x000eedbb,978363
1235,0x00000356,854
1236,0x000001e0,480
1237,0x000001f9,505
1238,0x0000035d,861
1239,0x00000459,1113
1240,0x00000304,772
1241,0x00000150,336
1242,0x0000003b,59
1243,0x0000004d,77
1244,0x0000004d,77
1245,0x000000b2,178
1246,0x0000013d,317
1247,0x00000f9f,3999
1248,0x00000120,288
1249,0x0000008f,143
1250,0x000000c0,192
1251,0x00000158,344
1252,0x00000180,384
1253,0x00000102,258
1254,0x00000051,81
1255,0x00000014,20
1256,0x00000094,148
1257,0x00000029,41
1258,0x00000055,85
1259,0x0000009c,156
1260,0x00000098,152
1261,0x00000061,97
1262,0x0000002e,46
1263,0x0000006d,109
1264,0x000000a0,160
1265,0x00000097,151
1266,0x0000005f,95
1267,0x00000010,16
1268,0x00000001,1
1269,0x00000001,1
1270,0x00000000,0
1271,0x00000000,0
1272,0x00000000,0
1273,0x00000000,0
1274,0x00000000,0
1275,0x00000000,0
1276,0x00000000,0
1277,0x00000000,0
1278,0x00000000,0
1279,0x00000000,0
1280,0x00000000,0
1281,0x00000000,0
1282,0x00000000,0
1283,0x00000000,0
1284,0x00000000,0
1285,0x00000000,0
1286,0x00000000,0
1287,0x00000000,0
1288,0x00000000,0
1289,0x00000000,0
1290,0x000002ac,684
1291,0x00000000,0
1292,0x00000000,0
1293,0x00000000,0
1294,0x00000000,0
1295,0x00000000,0
1296,0x00000000,0
1297,0x00000000,0
1298,0x00000000,0
1299,0x00000000,0
1300,0x00000000,0
1301,0x00000000,0
1302,0x00000000,0
1303,0x0000006e,110
1304,0x00000000,0
1305,0x00000000,0
1306,0x00000000,0
1307,0x00000001,1
1308,0x00000000,0
1309,0x00000000,0
1310,0x00000000,0
1311,0x00000000,0
1312,0x00000072,114
1313,0x00000000,0
1314,0x00000000,0
1315,0x00000000,0
1316,0x00000002,2
1317,0x00000000,0
1318,0x00000000,0
1319,0x00000000,0
1320,0x00000000,0
1321,0x00000000,0
1322,0x00000000,0
1323,0x00000000,0
1324,0x00000000,0
1325,0x00000000,0
1326,0x00000001,1
1327,0x00000001,1
1328,0x00000000,0
1329,0x00000000,0
1330,0x00000000,0
1331,0x00000000,0
1332,0x0000026c,620
1333,0x00000000,0
1334,0x00000002,2
1335,0x00000000,0
1336,0x00000006,6
1337,0x00000007,7
1338,0x00000006,6
1339,0x00000006,6
1340,0x00000004,4
1341,0x00000004,4
1342,0x00000001,1
1343,0x00000005,5
1344,0x00000006,6
1345,0x00000094,148
1346,0x00000008,8
1347,0x00000006,6
1348,0x0000000a,10
1349,0x0000000f,15
1350,0x0000001a,26
1351,0x0000000d,13
1352,0x0000000a,10
1353,0x00000004,4
1354,0x00000007,7
1355,0x0000000e,14
1356,0x0000000e,14
1357,0x0000000e,14
1358,0x00000008,8
1359,0x00000000,0
1360,0x00000000,0
1361,0x00000001,1
1362,0x00000002,2
1363,0x00000000,0
1364,0x00000000,0
1365,0x00000000,0
1366,0x00000000,0
1367,0x00000001,1
1368,0x00000004,4
1369,0x00000002,2
1370,0x00000001,1
1371,0x00000000,0
1372,0x00000000,0
1373,0x00000000,0
1374,0x00000000,0
1375,0x00000000,0
1376,0x00000000,0
1377,0x00000000,0
1378,0x00000000,0
1379,0x00000000,0
1380,0x00000000,0
1381,0x00000000,0
1382,0x00000001,1
1383,0x00000006,6
1384,0x00000001,1
1385,0x00000000,0
1386,0x00000000,0
1387,0x00000000,0
1388,0x00000152,338
1389,0x00000000,0
1390,0x00000000,0
1391,0x00000001,1
1392,0x00000000,0
1393,0x00000000,0
1394,0x00000000,0
1395,0x00000000,0
1396,0x00000000,0
1397,0x00000000,0
1398,0x00000000,0
1399,0x00000000,0
1400,0x00000000,0
1401,0x000000c6,198
1402,0x00000000,0
1403,0x00000001,1
1404,0x00000000,0
1405,0x00000000,0
1406,0x00000000,0
1407,0x00000000,0
1408,0x00000000,0
1409,0x00000000,0
1410,0x00000000,0
1411,0x00000002,2
1412,0x00000000,0
1413,0x00000000,0
1414,0x00000000,0
1415,0x00000001,1
1416,0x00000010,16
1417,0x00000010,16
1418,0x00000004,4
1419,0x00000001,1
1420,0x0000000b,11
1421,0x0000000c,12
1422,0x0000000e,14
1423,0x00000019,25
1424,0x00000041,65
1425,0x00005242,21058
1426,0x0000003f,63
1427,0x00000086,134
1428,0x000003c2,962
1429,0x00000eef,3823
1430,0x00001feb,8171
1431,0x00002724,10020
1432,0x00001c9c,7324
1433,0x00000b83,2947
1434,0x00000590,1424
1435,0x00000eb1,3761
1436,0x00002023,8227
1437,0x00002880,10368
1438,0x00001d5e,7518
1439,0x00000b50,2896
1440,0x000001fd,509
1441,0x0000004b,75
1442,0x000000cc,204
1443,0x00000106,262
1444,0x000000bd,189
1445,0x0000005c,92
1446,0x00000018,24
1447,0x00000049,73
1448,0x000000c2,194
1449,0x00000109,265
1450,0x000000da,218
1451,0x0000006c,108
1452,0x0000000f,15
1453,0x00000017,23
1454,0x00000038,56
1455,0x00000093,147
1456,0x000000c2,194
1457,0x000000a0,160
1458,0x00000048,72
1459,0x0000001b,27
1460,0x00000036,54
1461,0x0000008f,143
1462,0x000000c5,197
1463,0x000000a6,166
1464,0x00000033,51
1465,0x00000011,17
1466,0x0000000a,10
1467,0x0000001d,29
1468,0x00000055,85
1469,0x0000006e,110
1470,0x00000067,103
1471,0x0000001e,30
1472,0x0000000d,13
1473,0x00000023,35
1474,0x0000005c,92
1475,0x0000008e,142
1476,0x00000065,101
1477,0x00000030,48
1478,0x00000008,8
1479,0x00000003,3
1480,0x00000012,18
1481,0x00000092,146
1482,0x00000033,51
1483,0x0000001f,31
1484,0x0000000f,15
1485,0x00000006,6
1486,0x0000000a,10
1487,0x0000002e,46
1488,0x00000031,49
1489,0x0000002b,43
1490,0x0000000d,13
1491,0x00000001,1
1492,0x00000002,2
1493,0x00000001,1
1494,0x0000003b,59
1495,0x0000000c,12
1496,0x0000000e,14
1497,0x00000004,4
1498,0x00000001,1
1499,0x00000005,5
1500,0x00000001,1
1501,0x0000000e,14
1502,0x00000004,4
1503,0x00000002,2
1504,0x00000000,0
1505,0x00000000,0
1506,0x00000000,0
1507,0x00000001,1
1508,0x00000000,0
1509,0x00000000,0
1510,0x00000000,0
1511,0x00000000,0
1512,0x00000000,0
1513,0x00000000,0
1514,0x0cff1748,218044232
1515,0x00000000,0
1516,0x00000000,0
1517,0x00000000,0
1518,0x00000000,0
1519,0x00000000,0
1520,0x00000000,0
1521,0x00000000,0
1522,0x00000000,0
1523,0x00000000,0
1524,0x00000000,0
1525,0x00000000,0
1526,0x00000000,0
1527,0x00000000,0
1528,0x00000000,0
1529,0x00000000,0
1530,0x00000000,0
1531,0x00000000,0
1532,0x00000000,0
1533,0x00000000,0
1534,0x00000000,0
1535,0x00000000,0
1536,0x00000000,0
1537,0x00000000,0
1538,0x00000000,0
1539,0x00000000,0
1540,0x00000000,0
1541,0x00000000,0
1542,0x00000000,0
1543,0x00000000,0
1544,0x00000000,0
1545,0x00000000,0
1546,0x00000000,0
1547,0x00000000,0
1548,0x00000000,0
1549,0x00000000,0
1550,0x00000000,0
1551,0x00000000,0
1552,0x00000000,0
1553,0x00000000,0
1554,0x00000000,0
1555,0x00000000,0
1556,0x00000000,0
1557,0x00000000,0
1558,0x00000000,0
1559,0x00000000,0
1560,0x00000000,0
1561,0x00000000,0
1562,0x00000000,0
1563,0x00000000,0
1564,0x00000000,0
1565,0x00000000,0
1566,0x00000000,0
1567,0x00000000,0
1568,0x00000000,0
1569,0x00000000,0
1570,0x00000000,0
1571,0x00000000,0
1572,0x00000000,0
1573,0x00000000,0
1574,0x00000000,0
1575,0x00000000,0
1576,0x00000000,0
1577,0x00000000,0
1578,0x00000000,0
1579,0x00000000,0
1580,0x00000000,0
1581,0x00000000,0
1582,0x00000000,0
1583,0x00000000,0
1584,0x00000000,0
1585,0x00000000,0
1586,0x00000000,0
1587,0x00000000,0
1588,0x00000000,0
1589,0x00000000,0
1590,0x00000000,0
1591,0x00000000,0
1592,0x00000000,0
1593,0x00000000,0
1594,0x00000000,0
1595,0x00000000,0
1596,0x00000000,0
1597,0x00000000,0
1598,0x00000000,0
1599,0x00000000,0
1600,0x00000000,0
1601,0x00000000,0
1602,0x00000000,0
1603,0x00000000,0
1604,0x00000000,0
1605,0x00000000,0
1606,0x00000000,0
1607,0x00000000,0
1608,0x00000000,0
1609,0x00000000,0
1610,0x00000000,0
1611,0x00000000,0
1612,0x00000000,0
1613,0x00000000,0
1614,0x00000000,0
1615,0x00000000,0
1616,0x00000000,0
1617,0x00000000,0
1618,0x00000000,0
1619,0x00000000,0
1620,0x00000000,0
1621,0x00000000,0
1622,0x00000000,0
1623,0x00000000,0
1624,0x00000000,0
1625,0x00000000,0
1626,0x00000000,0
1627,0x00000000,0
1628,0x00000000,0
1629,0x00000000,0
1630,0x00000000,0
1631,0x00000000,0
1632,0x00000000,0
1633,0x00000000,0
1634,0x00000000,0
1635,0x00000000,0
1636,0x00000000,0
1637,0x00000000,0
1638,0x00000000,0
1639,0x00000000,0
1640,0x00000000,0
1641,0x00000000,0
1642,0x00000000,0
1643,0x00000000,0
1644,0x00000000,0
1645,0x00000000,0
1646,0x00000000,0
1647,0x00000000,0
1648,0x00000000,0
1649,0x00000000,0
1650,0x00000000,0
1651,0x00000000,0
1652,0x00000000,0
1653,0x00000000,0
1654,0x00000000,0
1655,0x00000000,0
1656,0x00000000,0
1657,0x00000000,0
1658,0x00000000,0
1659,0x00000000,0
1660,0x00000000,0
1661,0x00000000,0
1662,0x00000000,0
1663,0x00000000,0
1664,0x00000000,0
1665,0x00000000,0
1666,0x00000000,0
1667,0x00000000,0
1668,0x00000000,0
1669,0x00000000,0
1670,0x00000000,0
1671,0x00000000,0
1672,0x00000000,0
1673,0x00000000,0
1674,0x00000000,0
1675,0x00000000,0
1676,0x00000000,0
1677,0x00000000,0
1678,0x00000000,0
1679,0x00000000,0
1680,0x00000000,0
1681,0x00000000,0
1682,0x00000000,0
1683,0x00000000,0
1684,0x00000000,0
1685,0x00000000,0
1686,0x00000000,0
1687,0x00000000,0
1688,0x00000000,0
1689,0x00000000,0
1690,0x00000000,0
1691,0x00000000,0
1692,0x00000000,0
1693,0x00000000,0
1694,0x00000000,0
1695,0x00000000,0
1696,0x00000000,0
1697,0x00000000,0
1698,0x00000000,0
1699,0x00000000,0
1700,0x00000000,0
1701,0x00000000,0
1702,0x00000000,0
1703,0x00000000,0
1704,0x00000000,0
1705,0x00000000,0
1706,0x00000000,0
1707,0x00000000,0
1708,0x00000000,0
1709,0x00000000,0
1710,0x00000000,0
1711,0x00000000,0
1712,0x00000000,0
1713,0x00000000,0
1714,0x00000000,0
1715,0x00000000,0
1716,0x00000000,0
1717,0x00000000,0
1718,0x00000000,0
1719,0x00000000,0
1720,0x00000000,0
1721,0x00000000,0
1722,0x00000000,0
1723,0x00000000,0
1724,0x00000000,0
1725,0x00000000,0
1726,0x00000000,0
1727,0x00000000,0
1728,0x00000000,0
1729,0x00000000,0
1730,0x00000000,0
1731,0x00000000,0
1732,0x00000000,0
1733,0x00000000,0
1734,0x00000000,0
1735,0x00000000,0
1736,0x00000000,0
1737,0x00000000,0
1738,0x00000000,0
1739,0x00000000,0
1740,0x00000000,0
1741,0x00000000,0
1742,0x00000000,0
1743,0x00000000,0
1744,0x00000000,0
1745,0x00000000,0
1746,0x00000000,0
1747,0x00000000,0
1748,0x00000000,0
1749,0x00000000,0
1750,0x00000000,0
1751,0x00000000,0
1752,0x00000000,0
1753,0x00000000,0
1754,0x00000000,0
1755,0x00000000,0
1756,0x00000000,0
1757,0x00000000,0
1758,0x00000000,0
1759,0x00000000,0
1760,0x00000000,0
1761,0x00000000,0
1762,0x00000000,0
1763,0x00000000,0
1764,0x00000000,0
1765,0x00000000,0
1766,0x00000000,0
1767,0x00000000,0
1768,0x00000000,0
1769,0x00000000,0
1770,0x00000000,0
1771,0x00000000,0
1772,0x00000000,0
1773,0x00000000,0
1774,0x00000000,0
1775,0x00000000,0
1776,0x00000000,0
1777,0x00000000,0
1778,0x00000000,0
1779,0x00000000,0
1780,0x00000000,0
1781,0x00000000,0
1782,0x00000000,0
1783,0x00000000,0
1784,0x00000000,0
1785,0x00000000,0
1786,0x00000000,0
1787,0x00000000,0
1788,0x00000000,0
1789,0x00000000,0
1790,0x00000000,0
1791,0x00000000,0
1792,0x00000000,0
1793,0x00000000,0
1794,0x00000000,0
1795,0x00000000,0
1796,0x00000000,0
1797,0x00000000,0
1798,0x00000000,0
1799,0x00000000,0
1800,0x00000000,0
1801,0x00000000,0
1802,0x00000000,0
1803,0x00000000,0
1804,0x00000000,0
1805,0x00000000,0
1806,0x00000000,0
1807,0x00000000,0
1808,0x00000000,0
1809,0x00000000,0
1810,0x00000000,0
1811,0x00000000,0
1812,0x00000000,0
1813,0x00000000,0
1814,0x00000000,0
1815,0x00000000,0
1816,0x00000000,0
1817,0x00000000,0
1818,0x00000000,0
1819,0x00000000,0
1820,0x00000000,0
1821,0x00000000,0
1822,0x00000000,0
1823,0x00000000,0
1824,0x00000000,0
1825,0x00000000,0
1826,0x00000000,0
1827,0x00000000,0
1828,0x00000000,0
1829,0x00000000,0
1830,0x00000000,0
1831,0x00000000,0
1832,0x00000000,0
1833,0x00000000,0
1834,0x00000000,0
1835,0x00000000,0
1836,0x00000000,0
1837,0x00000000,0
1838,0x00000000,0
1839,0x00000000,0
1840,0x00000000,0
1841,0x00000000,0
1842,0x00000000,0
1843,0x00000000,0
1844,0x00000000,0
1845,0x00000000,0
1846,0x00000000,0
1847,0x00000000,0
1848,0x00000000,0
1849,0x00000000,0
1850,0x00000000,0
1851,0x00000000,0
1852,0x00000000,0
1853,0x00000000,0
1854,0x00000000,0
1855,0x00000000,0
1856,0x00000000,0
1857,0x00000000,0
1858,0x00000000,0
1859,0x00000000,0
1860,0x00000000,0
1861,0x00000000,0
1862,0x00000000,0
1863,0x00000000,0
1864,0x00000000,0
1865,0x00000000,0
1866,0x00000000,0
1867,0x00000000,0
1868,0x00000000,0
1869,0x00000000,0
1870,0x00000000,0
1871,0x00000000,0
1872,0x00000000,0
1873,0x00000000,0
1874,0x00000000,0
1875,0x00000000,0
1876,0x00000000,0
1877,0x00000000,0
1878,0x00000000,0
1879,0x00000000,0
1880,0x00000000,0
1881,0x00000000,0
1882,0x00000000,0
1883,0x00000000,0
1884,0x00000000,0
1885,0x00000000,0
1886,0x00000000,0
1887,0x00000000,0
1888,0x00000000,0
1889,0x00000000,0
1890,0x00000000,0
1891,0x00000000,0
1892,0x00000000,0
1893,0x00000000,0
1894,0x00000000,0
1895,0x00000000,0
1896,0x00000000,0
1897,0x00000000,0
1898,0x00000000,0
1899,0x00000000,0
1900,0x00000000,0
1901,0x00000000,0
1902,0x00000000,0
1903,0x00000000,0
1904,0x00000000,0
1905,0x00000000,0
1906,0x00000000,0
1907,0x00000000,0
1908,0x00000000,0
1909,0x00000000,0
1910,0x00000000,0
1911,0x00000000,0
1912,0x00000000,0
1913,0x00000000,0
1914,0x00000000,0
1915,0x00000000,0
1916,0x00000000,0
1917,0x00000000,0
1918,0x00000000,0
1919,0x00000000,0
1920,0x00000000,0
1921,0x00000000,0
1922,0x00000000,0
1923,0x00000000,0
1924,0x00000000,0
1925,0x00000000,0
1926,0x00000000,0
1927,0x00000000,0
1928,0x00000000,0
1929,0x00000000,0
1930,0x00000000,0
1931,0x00000000,0
1932,0x00000000,0
1933,0x00000000,0
1934,0x00000000,0
1935,0x00000000,0
1936,0x00000000,0
1937,0x00000000,0
1938,0x00000000,0
1939,0x00000000,0
1940,0x00000000,0
1941,0x00000000,0
1942,0x00000000,0
1943,0x00000000,0
1944,0x00000000,0
1945,0x00000000,0
1946,0x00000000,0
1947,0x00000000,0
1948,0x00000000,0
1949,0x00000000,0
1950,0x00000000,0
1951,0x00000000,0
1952,0x00000000,0
1953,0x00000000,0
1954,0x00000000,0
1955,0x00000000,0
1956,0x00000000,0
1957,0x00000000,0
1958,0x00000000,0
1959,0x00000000,0
1960,0x00000000,0
1961,0x00000000,0
1962,0x00000000,0
1963,0x00000000,0
1964,0x00000000,0
1965,0x00000000,0
1966,0x00000000,0
1967,0x00000000,0
1968,0x00000000,0
1969,0x00000000,0
1970,0x00000000,0
1971,0x00000000,0
1972,0x00000000,0
1973,0x00000000,0
1974,0x00000000,0
1975,0x00000000,0
1976,0x00000000,0
1977,0x00000000,0
1978,0x00000000,0
1979,0x00000000,0
1980,0x00000000,0
1981,0x00000000,0
1982,0x00000000,0
1983,0x00000000,0
1984,0x00000000,0
1985,0x00000000,0
1986,0x00000000,0
1987,0x00000000,0
1988,0x00000000,0
1989,0x00000000,0
1990,0x00000000,0
1991,0x00000000,0
1992,0x00000000,0
1993,0x00000000,0
1994,0x00000000,0
1995,0x00000000,0
1996,0x00000000,0
1997,0x00000000,0
1998,0x00000000,0
1999,0x00000000,0
2000,0x00000000,0
2001,0x00000000,0
2002,0x00000000,0
2003,0x00000000,0
2004,0x00000000,0
2005,0x00000000,0
2006,0x00000000,0
2007,0x00000000,0
2008,0x00000000,0
2009,0x00000000,0
2010,0x00000000,0
2011,0x00000000,0
2012,0x00000000,0
2013,0x00000000,0
2014,0x00000000,0
2015,0x00000000,0
2016,0x00000000,0
2017,0x00000000,0
2018,0x00000000,0
2019,0x00000000,0
2020,0x00000000,0
2021,0x00000000,0
2022,0x00000000,0
2023,0x00000000,0
2024,0x00000000,0
2025,0x00000000,0
2026,0x00000000,0
2027,0x00000000,0
2028,0x00000000,0
2029,0x00000000,0
2030,0x00000000,0
2031,0x00000000,0
2032,0x00000000,0
2033,0x00000000,0
2034,0x00000000,0
2035,0x00000000,0
2036,0x00000000,0
2037,0x00000000,0
2038,0x00000000,0
2039,0x00000000,0
2040,0x00000000,0
2041,0x00000000,0
2042,0x00000000,0
2043,0x00000000,0
2044,0x00000000,0
2045,0x00000000,0
2046,0x00000000,0
2047,0x00000000,0
