0,0x00ba0ea6,12193446
1,0x00ba0f20,12193568
2,0x00ba0e6e,12193390
3,0x00ba1490,12194960
4,0x00b5fa94,11926164
5,0x00aa8340,11174720
6,0x00ba1490,12194960
7,0x00ba0ea6,12193446
8,0x00aa5018,11161624
9,0x00b92864,12134500
10,0x00ba0ea6,12193446
11,0x00ba0ea6,12193446
12,0x00ba10e0,12194016
13,0x00a575e6,10843622
14,0x00ba11a0,12194208
15,0x00ba0ea6,12193446
16,0x00b7dde2,12049890
17,0x00aa4dce,11161038
18,0x00ba0ea6,12193446
19,0x00ba11ce,12194254
20,0x00ba1168,12194152
21,0x00ba0ea6,12193446
22,0x00ba1000,12193792
23,0x00ba0ea6,12193446
24,0x00ba0ea6,12193446
25,0x00ba0e78,12193400
26,0x00ba0dfe,12193278
27,0x00ba0ea6,12193446
28,0x00ba1490,12194960
29,0x00ba0ee8,12193512
30,0x00ba0ea6,12193446
31,0x00ba0ea6,12193446
32,0x00ba1490,12194960
33,0x00ba0c76,12192886
34,0x00ba0ea6,12193446
35,0x00ba10a8,12193960
36,0x00a73988,10959240
37,0x00ba0ea6,12193446
38,0x00ba0c6c,12192876
39,0x00ba1340,12194624
40,0x00ba0ea6,12193446
41,0x00ba0ea6,12193446
42,0x00b660a6,11952294
43,0x00ba0ea6,12193446
44,0x00ba0ea6,12193446
45,0x00ba1490,12194960
46,0x00b6e8ba,11987130
47,0x00aa7a66,11172454
48,0x00ba0ea6,12193446
49,0x00ba0f16,12193558
50,0x00ba1420,12194848
51,0x00ba0ea6,12193446
52,0x00ba0ea6,12193446
53,0x00b60424,11928612
54,0x00ba1490,12194960
55,0x00ba0ea6,12193446
56,0x00ba0ea6,12193446
57,0x00ba1304,12194564
58,0x00ba0c68,12192872
59,0x00ba1490,12194960
60,0x00ba10ee,12194030
61,0x00a7599a,10967450
62,0x00ba0dfe,12193278
63,0x00ba107e,12193918
64,0x00ba12b8,12194488
65,0x00ba0ea6,12193446
66,0x00ba1490,12194960
67,0x00b518f8,11868408
68,0x00ba13b0,12194736
69,0x00ba0ea6,12193446
70,0x00ba0ea6,12193446
71,0x00ba1042,12193858
72,0x00a48dea,10784234
73,0x00ba0e6e,12193390
74,0x00ba1490,12194960
75,0x00ba0bd6,12192726
76,0x00ba12d0,12194512
77,0x00ba0ea6,12193446
78,0x00ba1490,12194960
79,0x00a8ab5c,11053916
80,0x00ba10b6,12193974
81,0x00ba0ff6,12193782
82,0x00ba1340,12194624
83,0x00ba0ea6,12193446
84,0x00b54880,11880576
85,0x00ba1490,12194960
86,0x00ba10ee,12194030
87,0x00ba0fd6,12193750
88,0x00ba0ea6,12193446
89,0x00ba0e60,12193376
90,0x00a8576e,11032430
91,0x00ba1490,12194960
92,0x00ba0c6c,12192876
93,0x00ba1340,12194624
94,0x00ba0ea6,12193446
95,0x00ba0ea6,12193446
96,0x00ba1490,12194960
97,0x00ba0ea6,12193446
98,0x00ba0e1e,12193310
99,0x00ba1046,12193862
100,0x00ba1490,12194960
101,0x00ba107e,12193918
102,0x00ba0de6,12193254
103,0x00ba1106,12194054
104,0x00ba0ea6,12193446
105,0x00b05a96,11557526
106,0x00b2585c,11688028
107,0x00ba0ea6,12193446
108,0x00ba1490,12194960
109,0x00ba0ea6,12193446
110,0x00ba0dc6,12193222
111,0x00ba1340,12194624
112,0x00ba0ea6,12193446
113,0x00ba0ea6,12193446
114,0x00ba1248,12194376
115,0x00ba10ee,12194030
116,0x00ba0ea6,12193446
117,0x00ba0ea6,12193446
118,0x00ba15ea,12195306
119,0x00ba0ea6,12193446
120,0x00ba0ea6,12193446
121,0x00ba11a0,12194208
122,0x00ba107e,12193918
123,0x00ba0ea6,12193446
124,0x00b3b158,11776344
125,0x00aac44e,11191374
126,0x00ba0ea6,12193446
127,0x00ba1490,12194960
128,0x00a5c97e,10865022
129,0x00b970ac,12153004
130,0x00ba0ea6,12193446
131,0x00ba107e,12193918
132,0x00ba0de6,12193254
133,0x00ba1106,12194054
134,0x00ba0ea6,12193446
135,0x00b01f72,11542386
136,0x00b1775e,11630430
137,0x00ba0ea6,12193446
138,0x00ba1490,12194960
139,0x00ba0ea6,12193446
140,0x00ba0dc6,12193222
141,0x00ba1382,12194690
142,0x00ba0ea6,12193446
143,0x00ba0ea6,12193446
144,0x00ba1210,12194320
145,0x00ba1168,12194152
146,0x00ba0ea6,12193446
147,0x00ba0ea6,12193446
148,0x00ba1000,12193792
149,0x00ba1490,12194960
150,0x00ba0ea6,12193446
151,0x00ba0bee,12192750
152,0x00ba11a0,12194208
153,0x00ba0ea6,12193446
154,0x00b553e4,11883492
155,0x00ab291a,11217178
156,0x00ba1490,12194960
157,0x00ba0ce2,12192994
158,0x00ba0b04,12192516
159,0x00ba1490,12194960
160,0x00ba0ea6,12193446
161,0x00b4c54c,11846988
162,0x00ba1490,12194960
163,0x00ba0be4,12192740
164,0x00ba1168,12194152
165,0x00ba0ea6,12193446
166,0x00ba0fbe,12193726
167,0x00ba0ea6,12193446
168,0x00ba0ea6,12193446
169,0x00ba100e,12193806
170,0x00ba1328,12194600
171,0x00ba1106,12194054
172,0x00ba0ea6,12193446
173,0x00ba1000,12193792
174,0x00ba0ea6,12193446
175,0x00ba0ea6,12193446
176,0x00a5b7c0,10860480
177,0x00b96968,12151144
178,0x00ba0ea6,12193446
179,0x00ba0d76,12193142
180,0x00ba10ee,12194030
181,0x00ba1490,12194960
182,0x00ba0ea6,12193446
183,0x00b15920,11622688
184,0x00b1f648,11662920
185,0x00ba0ea6,12193446
186,0x00ba1490,12194960
187,0x00ba0ea6,12193446
188,0x00ba0ea6,12193446
189,0x00ba1260,12194400
190,0x00ba0ea6,12193446
191,0x00ba0ea6,12193446
192,0x00ba1118,12194072
193,0x00ba1106,12194054
194,0x00ba0ea6,12193446
195,0x00ba1538,12195128
196,0x00ba1070,12193904
197,0x00ba0ea6,12193446
198,0x00ba10ee,12194030
199,0x00aa7de0,11173344
200,0x00ba0dc6,12193222
201,0x00ba0ea6,12193446
202,0x00ba1490,12194960
203,0x00ba0d48,12193096
204,0x00aac468,11191400
205,0x00ba0ea6,12193446
206,0x00ba1490,12194960
207,0x00ba0ea6,12193446
208,0x00ba1106,12194054
209,0x00ba1000,12193792
210,0x00ba0ea6,12193446
211,0x00ba0ea6,12193446
212,0x00ab780e,11237390
213,0x00b9107a,12128378
214,0x00ba1490,12194960
215,0x00ba0ea6,12193446
216,0x00ba0ea6,12193446
217,0x00ba1070,12193904
218,0x00ba0e36,12193334
219,0x00ba1490,12194960
220,0x00b83208,12071432
221,0x00ab5dda,11230682
222,0x00ba0ea6,12193446
223,0x00ba0ea6,12193446
224,0x00ba1490,12194960
225,0x00ba0ea6,12193446
226,0x00ba1000,12193792
227,0x00ba0ea6,12193446
228,0x00ba0ea6,12193446
229,0x00ba0d56,12193110
230,0x00ba1038,12193848
231,0x00ba0ea6,12193446
232,0x00b7475a,12011354
233,0x00ab78b4,11237556
234,0x00ba0ea6,12193446
235,0x00ba11ce,12194254
236,0x00ba0b7e,12192638
237,0x00ba1490,12194960
238,0x00ba0ea6,12193446
239,0x00b70230,11993648
240,0x00ba1490,12194960
241,0x00ba0ea6,12193446
242,0x00ba0ea6,12193446
243,0x00b2092e,11667758
244,0x00b263b6,11690934
245,0x00ba0ea6,12193446
246,0x00ba1490,12194960
247,0x00ba0ea6,12193446
248,0x00ab61ba,11231674
249,0x00b8b4d4,12104916
250,0x00ba0ea6,12193446
251,0x00ba1490,12194960
252,0x00ba0dae,12193198
253,0x00a5b310,10859280
254,0x00ba10ee,12194030
255,0x00ba0ea6,12193446
256,0x00b8aafe,12102398
257,0x00ab9024,11243556
258,0x00ba1490,12194960
259,0x00ba0ea6,12193446
260,0x00ba0ea6,12193446
261,0x00b1a1f6,11641334
262,0x00b2900c,11702284
263,0x00ba0ea6,12193446
264,0x00ba0ea6,12193446
265,0x00ba1490,12194960
266,0x00ba0e36,12193334
267,0x00ba12d0,12194512
268,0x00ba0ea6,12193446
269,0x00ba0ea6,12193446
270,0x00ba1000,12193792
271,0x00ba0ea6,12193446
272,0x00ba1490,12194960
273,0x00aef2e0,11465440
274,0x00b1f6c2,11663042
275,0x00ba1490,12194960
276,0x00b409a8,11798952
277,0x00ba0ea6,12193446
278,0x00ba1256,12194390
279,0x00ba1340,12194624
280,0x00ba0ea6,12193446
281,0x00ba0ea6,12193446
282,0x00b83f2c,12074796
283,0x00ba0ea6,12193446
284,0x00ba1490,12194960
285,0x00ba0bee,12192750
286,0x00b80ec8,12062408
287,0x00ba0ea6,12193446
288,0x00ba0ea6,12193446
289,0x00ba1490,12194960
290,0x00abba2e,11254318
291,0x00b907a0,12126112
292,0x00ba0ea6,12193446
293,0x00ba0ea6,12193446
294,0x00ba1408,12194824
295,0x00aa5fa6,11165606
296,0x00ba13b0,12194736
297,0x00ba0ea6,12193446
298,0x00ba0ea6,12193446
299,0x00ba12fa,12194554
300,0x00a7ed74,11005300
301,0x00ba0ea6,12193446
302,0x00b90e70,12127856
303,0x00b97c10,12155920
304,0x00ba0ea6,12193446
305,0x00ba0ea6,12193446
306,0x00b3d586,11785606
307,0x00ba1490,12194960
308,0x00ba0c6c,12192876
309,0x00ba1340,12194624
310,0x00ba0ea6,12193446
311,0x00ba0ea6,12193446
312,0x00b76a44,12020292
313,0x00ba0ea6,12193446
314,0x00ba0ea6,12193446
315,0x00ba1130,12194096
316,0x00b59d52,11902290
317,0x00ba0ea6,12193446
318,0x00ba0ea6,12193446
319,0x00ba1490,12194960
320,0x00ba10ee,12194030
321,0x00ba0fd6,12193750
322,0x00ba0ea6,12193446
323,0x00ba0ea6,12193446
324,0x00ba11d8,12194264
325,0x00ba11a0,12194208
326,0x00ba0ea6,12193446
327,0x00ad26ee,11347694
328,0x00b2083e,11667518
329,0x00ba0ea6,12193446
330,0x00ba10b6,12193974
331,0x00ab3948,11221320
332,0x00ba10ee,12194030
333,0x00ba1490,12194960
334,0x00ba0ea6,12193446
335,0x00ba0e78,12193400
336,0x00a91690,11081360
337,0x00ba0e36,12193334
338,0x00ba0ff6,12193782
339,0x00ba1340,12194624
340,0x00ba0ea6,12193446
341,0x00ba0fbe,12193726
342,0x00ba0ea6,12193446
343,0x00ba1490,12194960
344,0x00ba0e6e,12193390
345,0x00ba0cae,12192942
346,0x00ba1490,12194960
347,0x00ba0ea6,12193446
348,0x00ba1210,12194320
349,0x00ba1168,12194152
350,0x00ba0ea6,12193446
351,0x00b07cfa,11566330
352,0x00b2e020,11722784
353,0x00ba0ea6,12193446
354,0x00ba0ea6,12193446
355,0x00ba1490,12194960
356,0x00ba10b6,12193974
357,0x00ba0c96,12192918
358,0x00ba1490,12194960
359,0x00ba0ea6,12193446
360,0x00ba0ea6,12193446
361,0x00ba1106,12194054
362,0x00ba0ea6,12193446
363,0x00ba1490,12194960
364,0x00ba0ee8,12193512
365,0x00ba0ea6,12193446
366,0x00ba13d0,12194768
367,0x00a98be0,11111392
368,0x00ba1420,12194848
369,0x00ba107e,12193918
370,0x00ba0cce,12192974
371,0x00ba1490,12194960
372,0x00ba0c6c,12192876
373,0x00ba1458,12194904
374,0x00ba0ea6,12193446
375,0x00ba0ea6,12193446
376,0x00ba1000,12193792
377,0x00ba1490,12194960
378,0x00ba0ea6,12193446
379,0x00ba1168,12194152
380,0x00ba10b6,12193974
381,0x00ba0ea6,12193446
382,0x00b39384,11768708
383,0x00ab523e,11227710
384,0x00ba1490,12194960
385,0x00ba0ea6,12193446
386,0x00ba1126,12194086
387,0x00ba0d3e,12193086
388,0x00ba0ea6,12193446
389,0x00ba1168,12194152
390,0x00a62c76,10890358
391,0x00ba1490,12194960
392,0x00ba0c6c,12192876
393,0x00ba1340,12194624
394,0x00ba0ea6,12193446
395,0x00ba0ea6,12193446
396,0x00b47020,11825184
397,0x00ba0ea6,12193446
398,0x00ba1256,12194390
399,0x00ba0f86,12193670
400,0x00ba0ea6,12193446
401,0x00ba1378,12194680
402,0x00ba0ea6,12193446
403,0x00ba0ea6,12193446
404,0x00ba1490,12194960
405,0x00ba0ee8,12193512
406,0x00ba0ea6,12193446
407,0x00ba1490,12194960
408,0x00ba1000,12193792
409,0x00ba0b1c,12192540
410,0x00ba1490,12194960
411,0x00ade546,11396422
412,0x00b21412,11670546
413,0x00ba0ea6,12193446
414,0x00ba0ea6,12193446
415,0x00ba13a6,12194726
416,0x00ba0e36,12193334
417,0x00ba1374,12194676
418,0x00b3479a,11749274
419,0x00ba1490,12194960
420,0x00ba0ea6,12193446
421,0x00ba0ea6,12193446
422,0x00ba0ea6,12193446
423,0x00ba0b7e,12192638
424,0x00b6198e,11934094
425,0x00ba0ea6,12193446
426,0x00ba1490,12194960
427,0x00ba0ea6,12193446
428,0x00a86d48,11038024
429,0x00b96c62,12151906
430,0x00ba0e1e,12193310
431,0x00ba0f2e,12193582
432,0x00ba1490,12194960
433,0x00ba0ea6,12193446
434,0x00b60d60,11930976
435,0x00b996a8,12162728
436,0x00ba0ea6,12193446
437,0x00ba1490,12194960
438,0x00ba0ea6,12193446
439,0x00a5c866,10864742
440,0x00ba10ee,12194030
441,0x00ba1490,12194960
442,0x00ba107e,12193918
443,0x00ba0b74,12192628
444,0x00ba1490,12194960
445,0x00b59d16,11902230
446,0x00ba1420,12194848
447,0x00ba0ea6,12193446
448,0x00ba0ea6,12193446
449,0x00ba0ea6,12193446
450,0x00ba1490,12194960
451,0x00ba1106,12194054
452,0x00ba0ea6,12193446
453,0x00ba0ea6,12193446
454,0x00ba115a,12194138
455,0x00ba0ea6,12193446
456,0x00ba107e,12193918
457,0x00abedd6,11267542
458,0x00ba0e36,12193334
459,0x00ba1490,12194960
460,0x00ba0ea6,12193446
461,0x00ba0d10,12193040
462,0x00a68a9c,10914460
463,0x00ba0ea6,12193446
464,0x00ba1256,12194390
465,0x00ba1340,12194624
466,0x00ba0ea6,12193446
467,0x00ba0ea6,12193446
468,0x00b389bc,11766204
469,0x00ba0ea6,12193446
470,0x00ba1256,12194390
471,0x00ba0d56,12193110
472,0x00ba1490,12194960
473,0x00ba0ea6,12193446
474,0x00b405ac,11797932
475,0x00ba0ea6,12193446
476,0x00ba1490,12194960
477,0x00ba0ea6,12193446
478,0x00ba1106,12194054
479,0x00ba1000,12193792
480,0x00ba0ea6,12193446
481,0x00ba1490,12194960
482,0x00ba0ea6,12193446
483,0x00ba0d8e,12193166
484,0x00ba0ea6,12193446
485,0x00ba0dae,12193198
486,0x00a655dc,10900956
487,0x00ba0ea6,12193446
488,0x00ba1106,12194054
489,0x00ba0ff6,12193782
490,0x00ba0f86,12193670
491,0x00ba1490,12194960
492,0x00b4de4e,11853390
493,0x00ba1490,12194960
494,0x00ba0c6c,12192876
495,0x00ba1570,12195184
496,0x00ba0ea6,12193446
497,0x00ba0d8e,12193166
498,0x00ba1490,12194960
499,0x00ba0ea6,12193446
500,0x00ba0ea6,12193446
501,0x00ba13ba,12194746
502,0x00ba0ea6,12193446
503,0x00ba0ea6,12193446
504,0x00ba0b70,12192624
505,0x00ba1106,12194054
506,0x00ba1490,12194960
507,0x00accf50,11325264
508,0x00b26a98,11692696
509,0x00ba0ea6,12193446
510,0x00ba0e1e,12193310
511,0x00ba0e36,12193334
512,0x00ba10b6,12193974
513,0x00ba0ea6,12193446
514,0x00b58442,11895874
515,0x00ab3474,11220084
516,0x00ba0ea6,12193446
517,0x00ba11ce,12194254
518,0x00ba0b7e,12192638
519,0x00ba1490,12194960
520,0x00ba0ea6,12193446
521,0x00b5c358,11912024
522,0x00ba0ea6,12193446
523,0x00ba1490,12194960
524,0x00ba0ea6,12193446
525,0x00ae0a58,11405912
526,0x00b2cc32,11717682
527,0x00ba0ea6,12193446
528,0x00ba11ce,12194254
529,0x00ba1168,12194152
530,0x00ba0ea6,12193446
531,0x00ba0b70,12192624
532,0x00b64b5e,11946846
533,0x00ba1490,12194960
534,0x00ba0ea6,12193446
535,0x00ba0ea6,12193446
536,0x00a67cc2,10910914
537,0x00b9720a,12153354
538,0x00ba0ea6,12193446
539,0x00ba0e1e,12193310
540,0x00ba11a0,12194208
541,0x00ba1490,12194960
542,0x00b26552,11691346
543,0x00b9beec,12173036
544,0x00ba0ea6,12193446
545,0x00ba0e1e,12193310
546,0x00ba115e,12194142
547,0x00ba0ea6,12193446
548,0x00b4b726,11843366
549,0x00b980d8,12157144
550,0x00ba0e1e,12193310
551,0x00ba1518,12195096
552,0x00ba0ea6,12193446
553,0x00ba0ea6,12193446
554,0x00b5c0c0,11911360
555,0x00b97a70,12155504
556,0x00ba0ea6,12193446
557,0x00ba0ea6,12193446
558,0x00ba13b0,12194736
559,0x00a403c6,10748870
560,0x00ba1420,12194848
561,0x00ba0ea6,12193446
562,0x00ba0ea6,12193446
563,0x00ba0d8e,12193166
564,0x00ba1490,12194960
565,0x00ba0ea6,12193446
566,0x00a4d704,10802948
567,0x00b9169c,12129948
568,0x00ba1490,12194960
569,0x00ba0ea6,12193446
570,0x00ba11d8,12194264
571,0x00ba0bb6,12192694
572,0x00ba1490,12194960
573,0x00af49b4,11487668
574,0x00b23a88,11680392
575,0x00ba1490,12194960
576,0x00ba0ea6,12193446
577,0x00ba0ea6,12193446
578,0x00ba1490,12194960
579,0x00ba0bb6,12192694
580,0x00b68388,11961224
581,0x00ba0ea6,12193446
582,0x00ba1490,12194960
583,0x00ba0ea6,12193446
584,0x00a7722c,10973740
585,0x00b904a6,12125350
586,0x00ba0e1e,12193310
587,0x00ba0f2e,12193582
588,0x00ba0ea6,12193446
589,0x00ba1490,12194960
590,0x00b8a084,12099716
591,0x00b98c74,12160116
592,0x00ba1490,12194960
593,0x00ba0ea6,12193446
594,0x00ba0e1e,12193310
595,0x00a9473a,11093818
596,0x00ba107e,12193918
597,0x00ba1490,12194960
598,0x00ba0ea6,12193446
599,0x00ba100a,12193802
600,0x00a929d6,11086294
601,0x00ba1490,12194960
602,0x00ba0c6c,12192876
603,0x00ba1340,12194624
604,0x00ba0ea6,12193446
605,0x00ba1000,12193792
606,0x00ba0ea6,12193446
607,0x00ba1490,12194960
608,0x00ba0ea6,12193446
609,0x00ba1000,12193792
610,0x00ba0ea6,12193446
611,0x00ba1490,12194960
612,0x00ba0ea6,12193446
613,0x00ba1106,12194054
614,0x00ba0ea6,12193446
615,0x00aec34a,11453258
616,0x00b2933e,11703102
617,0x00ba0ea6,12193446
618,0x00ba0ea6,12193446
619,0x00ba1490,12194960
620,0x00ba0ea6,12193446
621,0x00ba11a0,12194208
622,0x00b95488,12145800
623,0x00ba0ea6,12193446
624,0x00ba0ea6,12193446
625,0x00b8eb78,12118904
626,0x00ba107e,12193918
627,0x00ba0ea6,12193446
628,0x00ba0ea6,12193446
629,0x00b5febe,11927230
630,0x00ba0ea6,12193446
631,0x00ba0ea6,12193446
632,0x00ba1490,12194960
633,0x00ba0ea6,12193446
634,0x00ba1000,12193792
635,0x00ba0ea6,12193446
636,0x00ba1490,12194960
637,0x00ba0d56,12193110
638,0x00ba1038,12193848
639,0x00ba0ea6,12193446
640,0x00ba1256,12194390
641,0x00ba0e6e,12193390
642,0x00ba1490,12194960
643,0x00ba0ea6,12193446
644,0x00aad524,11195684
645,0x00b96056,12148822
646,0x00ba1490,12194960
647,0x00ba0ea6,12193446
648,0x00ba10e0,12194016
649,0x00a62c10,10890256
650,0x00ba10ee,12194030
651,0x00ba0ea6,12193446
652,0x00b947f4,12142580
653,0x00acda94,11328148
654,0x00ba1490,12194960
655,0x00ba0ea6,12193446
656,0x00b6f7c0,11990976
657,0x00b96014,12148756
658,0x00ba0ea6,12193446
659,0x00ba0ea6,12193446
660,0x00ba1490,12194960
661,0x00ba0d3e,12193086
662,0x00ba1168,12194152
663,0x00ba0ea6,12193446
664,0x00b5757e,11892094
665,0x00abf4e6,11269350
666,0x00ba0ea6,12193446
667,0x00ba11ce,12194254
668,0x00ba1168,12194152
669,0x00ba0ea6,12193446
670,0x00ba0ea6,12193446
671,0x00b82fce,12070862
672,0x00ba0ea6,12193446
673,0x00ba0ea6,12193446
674,0x00ba1490,12194960
675,0x00b082da,11567834
676,0x00b21c7c,11672700
677,0x00ba0ea6,12193446
678,0x00ba0ea6,12193446
679,0x00ba1490,12194960
680,0x00ba0ea6,12193446
681,0x00ba1260,12194400
682,0x00ba0ea6,12193446
683,0x00ba0df0,12193264
684,0x00aa0756,11142998
685,0x00ba0ea6,12193446
686,0x00ba1256,12194390
687,0x00ba10e0,12194016
688,0x00ba1106,12194054
689,0x00ba0fbe,12193726
690,0x00ba0ea6,12193446
691,0x00ba0ea6,12193446
692,0x00ba1490,12194960
693,0x00ba0ea6,12193446
694,0x00ba0ea6,12193446
695,0x00ba107a,12193914
696,0x00a6e614,10937876
697,0x00ba0ea6,12193446
698,0x00ba1256,12194390
699,0x00ba1340,12194624
700,0x00ba0ea6,12193446
701,0x00ba0ea6,12193446
702,0x00b60832,11929650
703,0x00ba0ea6,12193446
704,0x00ba0ea6,12193446
705,0x00ba0ea6,12193446
706,0x00ba1106,12194054
707,0x00ba1000,12193792
708,0x00ba0ea6,12193446
709,0x00ba0ea6,12193446
710,0x00a75e54,10968660
711,0x00b9313e,12136766
712,0x00ba0dae,12193198
713,0x00b66b42,11955010
714,0x00ba0ea6,12193446
715,0x00ba1490,12194960
716,0x00ba0ea6,12193446
717,0x00ba0ea6,12193446
718,0x00ba1000,12193792
719,0x00ba1490,12194960
720,0x00ba107e,12193918
721,0x00a85e84,11034244
722,0x00ba13e8,12194792
723,0x00ba0a0c,12192268
724,0x00ba1340,12194624
725,0x00ba0ea6,12193446
726,0x00ba0ea6,12193446
727,0x00b8691a,12085530
728,0x00ba107e,12193918
729,0x00ba0ea6,12193446
730,0x00ba0ea6,12193446
731,0x00b71fc2,12001218
732,0x00ba0ea6,12193446
733,0x00ba0ea6,12193446
734,0x00ba0ea6,12193446
735,0x00b2e3be,11723710
736,0x00b326e0,11740896
737,0x00ba0ea6,12193446
738,0x00ba1490,12194960
739,0x00ba0ea6,12193446
740,0x00aa490c,11159820
741,0x00b94b66,12143462
742,0x00ba0ea6,12193446
743,0x00ba1490,12194960
744,0x00ba10e0,12194016
745,0x00aa8f2e,11177774
746,0x00ba10b6,12193974
747,0x00ba1490,12194960
748,0x00ba0ea6,12193446
749,0x00ba0ea6,12193446
750,0x00ba0fbe,12193726
751,0x00ba1106,12194054
752,0x00ba0ea6,12193446
753,0x00adbed0,11386576
754,0x00b344aa,11748522
755,0x00ba0ea6,12193446
756,0x00ba0ea6,12193446
757,0x00b5adb6,11906486
758,0x00ba1458,12194904
759,0x00ba0ea6,12193446
760,0x00ba0ea6,12193446
761,0x00ba1260,12194400
762,0x00ba0ea6,12193446
763,0x00ba1490,12194960
764,0x00ba0e1e,12193310
765,0x00ba0f2e,12193582
766,0x00ba0ea6,12193446
767,0x00ba1490,12194960
768,0x00ba0f58,12193624
769,0x00ba0e36,12193334
770,0x00ba0ea6,12193446
771,0x00b03934,11548980
772,0x00b2b3ca,11711434
773,0x00ba0ea6,12193446
774,0x00ba0ea6,12193446
775,0x00ba0ea6,12193446
776,0x00ba10b6,12193974
777,0x00ba1168,12194152
778,0x00ba1490,12194960
779,0x00ba0ea6,12193446
780,0x00ba1000,12193792
781,0x00ba1106,12194054
782,0x00ba0ea6,12193446
783,0x00ba0ea6,12193446
784,0x00ba0ee8,12193512
785,0x00ba0ea6,12193446
786,0x00ba1490,12194960
787,0x00ba0a86,12192390
788,0x00ba1420,12194848
789,0x00ba0ea6,12193446
790,0x00b6eff4,11988980
791,0x00ac1f2c,11280172
792,0x00ba0ea6,12193446
793,0x00ba1500,12195072
794,0x00ba0e36,12193334
795,0x00ba0ea6,12193446
796,0x00ba121e,12194334
797,0x00ba0ea6,12193446
798,0x00ba0ea6,12193446
799,0x00ba1038,12193848
800,0x00ba0e6e,12193390
801,0x00ba1490,12194960
802,0x00ba0ea6,12193446
803,0x00ba0ee8,12193512
804,0x00ba0ea6,12193446
805,0x00ba1490,12194960
806,0x00a76658,10970712
807,0x00b9e6bc,12183228
808,0x00ba0ea6,12193446
809,0x00ba1490,12194960
810,0x00ba0ea6,12193446
811,0x00ba0ea6,12193446
812,0x00b73d18,12008728
813,0x00b93f92,12140434
814,0x00ba0ea6,12193446
815,0x00ba0ea6,12193446
816,0x00ba13d0,12194768
817,0x00a8fa16,11074070
818,0x00ba10b6,12193974
819,0x00ba0ff6,12193782
820,0x00ba0d56,12193110
821,0x00ba1490,12194960
822,0x00ba0fbe,12193726
823,0x00ba1106,12194054
824,0x00ba0ea6,12193446
825,0x00ba0ea6,12193446
826,0x00ba0ee8,12193512
827,0x00ba1490,12194960
828,0x00ba0ea6,12193446
829,0x00ba1070,12193904
830,0x00ba0e36,12193334
831,0x00ba1490,12194960
832,0x00b7372e,12007214
833,0x00abd132,11260210
834,0x00ba0ea6,12193446
835,0x00ba0f16,12193558
836,0x00ba1420,12194848
837,0x00ba0ea6,12193446
838,0x00ba1000,12193792
839,0x00ba0ea6,12193446
840,0x00ba0ea6,12193446
841,0x00ba15f8,12195320
842,0x00ba0d3e,12193086
843,0x00ba0ea6,12193446
844,0x00ba1106,12194054
845,0x00ba1000,12193792
846,0x00ba1490,12194960
847,0x00ba0ea6,12193446
848,0x00ba0ea6,12193446
849,0x00ba0ee8,12193512
850,0x00ba1490,12194960
851,0x00ba1000,12193792
852,0x00a993d0,11113424
853,0x00ba0ea6,12193446
854,0x00ba0c6c,12192876
855,0x00ba10e0,12194016
856,0x00ba1106,12194054
857,0x00ba1000,12193792
858,0x00ba0ea6,12193446
859,0x00ba1490,12194960
860,0x00ba0ea6,12193446
861,0x00ba0ea6,12193446
862,0x00ba1490,12194960
863,0x00ba100a,12193802
864,0x00a73f3a,10960698
865,0x00ba0ea6,12193446
866,0x00ba1256,12194390
867,0x00ba0d56,12193110
868,0x00ba0ea6,12193446
869,0x00ba1490,12194960
870,0x00b57458,11891800
871,0x00ba0ea6,12193446
872,0x00ba1490,12194960
873,0x00ba0ea6,12193446
874,0x00ba0ea6,12193446
875,0x00ba1260,12194400
876,0x00ba0ea6,12193446
877,0x00ba1490,12194960
878,0x00a5c684,10864260
879,0x00ba0ce6,12192998
880,0x00ba1490,12194960
881,0x00ba0ff6,12193782
882,0x00ba0e6e,12193390
883,0x00ba0ea6,12193446
884,0x00a64c88,10898568
885,0x00b92bfc,12135420
886,0x00ba0ea6,12193446
887,0x00ba1490,12194960
888,0x00ba10ee,12194030
889,0x00ba0b04,12192516
890,0x00ba1490,12194960
891,0x00ba0ea2,12193442
892,0x00b32ff2,11743218
893,0x00ba1490,12194960
894,0x00ba0ea6,12193446
895,0x00ba0ea6,12193446
896,0x00ba1490,12194960
897,0x00ba0e6e,12193390
898,0x00b4fabe,11860670
899,0x00ba0ea6,12193446
900,0x00ba1490,12194960
901,0x00ba0ea6,12193446
902,0x00a33874,10696820
903,0x00ba0916,12192022
904,0x00ba0ea6,12193446
905,0x00ba0ea6,12193446
906,0x00ba1210,12194320
907,0x00ba1168,12194152
908,0x00ba0ea6,12193446
909,0x00ba0ea6,12193446
910,0x00ba1000,12193792
911,0x00ba1490,12194960
912,0x00ba0ea6,12193446
913,0x00ba0d56,12193110
914,0x00ba13b0,12194736
915,0x00ba0ea6,12193446
916,0x00b49f38,11837240
917,0x00abdff6,11263990
918,0x00ba0ea6,12193446
919,0x00ba11ce,12194254
920,0x00ba1168,12194152
921,0x00ba0ea6,12193446
922,0x00ba0ea6,12193446
923,0x00b37a5e,11762270
924,0x00ba0ea6,12193446
925,0x00ba11ce,12194254
926,0x00ba1168,12194152
927,0x00ba0ea6,12193446
928,0x00b3a042,11771970
929,0x00aaad16,11185430
930,0x00ba0ea6,12193446
931,0x00ba1490,12194960
932,0x00ba107e,12193918
933,0x00ba0cce,12192974
934,0x00ba1490,12194960
935,0x00ba0dd0,12193232
936,0x00ba0ea6,12193446
937,0x00ba1490,12194960
938,0x00ba0d76,12193142
939,0x00ba0ebe,12193470
940,0x00ba1490,12194960
941,0x00ba0ea6,12193446
942,0x00ba0ea6,12193446
943,0x00ba0ea6,12193446
944,0x00ba0ea6,12193446
945,0x00ba1490,12194960
946,0x00ba1000,12193792
947,0x00ba0ea6,12193446
948,0x00ba0dc6,12193222
949,0x00a20a24,10619428
950,0x00ba1168,12194152
951,0x00ba0ea6,12193446
952,0x00ba0ea6,12193446
953,0x00ba1378,12194680
954,0x00ba0ea6,12193446
955,0x00ba1490,12194960
956,0x00ba0d76,12193142
957,0x00ba0ebe,12193470
958,0x00ba1490,12194960
959,0x00ba0ea6,12193446
960,0x00ba1000,12193792
961,0x00ba0ea6,12193446
962,0x00ba0e36,12193334
963,0x00ba1542,12195138
964,0x00ba0ea6,12193446
965,0x00ba0ea6,12193446
966,0x00ba1248,12194376
967,0x00a639f4,10893812
968,0x00ba10ee,12194030
969,0x00ba0ea6,12193446
970,0x00ba107e,12193918
971,0x00ba115e,12194142
972,0x00ba0ea6,12193446
973,0x00b2342a,11678762
974,0x00ba0b04,12192516
975,0x00ba1490,12194960
976,0x00ba107e,12193918
977,0x00ba115e,12194142
978,0x00ba0ea6,12193446
979,0x00b2c50a,11715850
980,0x00ba0dfe,12193278
981,0x00ba15e0,12195296
982,0x00ba0d56,12193110
983,0x00ba0ea6,12193446
984,0x00ba1490,12194960
985,0x00b62e7e,11939454
986,0x00ba0e36,12193334
987,0x00ba1490,12194960
988,0x00ba0ea6,12193446
989,0x00ba0ff6,12193782
990,0x00ba0e6e,12193390
991,0x00ba1490,12194960
992,0x00ba1106,12194054
993,0x00afb830,11515952
994,0x00b3006a,11731050
995,0x00ba0ea6,12193446
996,0x00ba0ea6,12193446
997,0x00ba1490,12194960
998,0x00ba0acc,12192460
999,0x00ba1168,12194152
1000,0x00ba1490,12194960
1001,0x00ba0ea6,12193446
1002,0x00ba0ea6,12193446
1003,0x00ba0ea6,12193446
1004,0x00ba1490,12194960
1005,0x00ba0ea6,12193446
1006,0x00ba0ea6,12193446
1007,0x00ba1490,12194960
1008,0x00ba0f16,12193558
1009,0x00a50f18,10817304
1010,0x00ba11a0,12194208
1011,0x00ba0ea6,12193446
1012,0x00ba0f4e,12193614
1013,0x00ba1176,12194166
1014,0x00ba0ea6,12193446
1015,0x00ba0ea6,12193446
1016,0x00a9a2f6,11117302
1017,0x00b94282,12141186
1018,0x00ba0e1e,12193310
1019,0x00ba0f2e,12193582
1020,0x00ba0ea6,12193446
1021,0x00ba15b2,12195250
1022,0x00ba0dc6,12193222
1023,0x00ba0ea6,12193446
1024,0x00ba0ea6,12193446
1025,0x00ba1490,12194960
1026,0x00ba0ea6,12193446
1027,0x00ba0ea6,12193446
1028,0x00a48a22,10783266
1029,0x00b94002,12140546
1030,0x00ba1490,12194960
1031,0x00ba0ea6,12193446
1032,0x00ba1118,12194072
1033,0x00ba0ea6,12193446
1034,0x00ba1106,12194054
1035,0x00ba0ea6,12193446
1036,0x00ba1118,12194072
1037,0x00ba1490,12194960
1038,0x00ba0acc,12192460
1039,0x00a8e32a,11068202
1040,0x00ba1168,12194152
1041,0x00ba0ff6,12193782
1042,0x00ba0d56,12193110
1043,0x00ba1490,12194960
1044,0x00ba1000,12193792
1045,0x00ba1106,12194054
1046,0x00ba0ea6,12193446
1047,0x00ba0ea6,12193446
1048,0x00ba0ee8,12193512
1049,0x00ba1490,12194960
1050,0x00ba0ea6,12193446
1051,0x00ba0d3e,12193086
1052,0x00ba1168,12194152
1053,0x00ba1490,12194960
1054,0x00b45d12,11820306
1055,0x00ab6382,11232130
1056,0x00ba0ea6,12193446
1057,0x00ba0ea6,12193446
1058,0x00ae1968,11409768
1059,0x00ba11a0,12194208
1060,0x00ba1106,12194054
1061,0x00ba0ea6,12193446
1062,0x00b80b9c,12061596
1063,0x00ba10b6,12193974
1064,0x00ba0ea6,12193446
1065,0x00ba115a,12194138
1066,0x00b57c60,11893856
1067,0x00ba0ea6,12193446
1068,0x00ba0ea6,12193446
1069,0x00ba0ea6,12193446
1070,0x00ba10b6,12193974
1071,0x00ba100e,12193806
1072,0x00ba1490,12194960
1073,0x00ba0ea6,12193446
1074,0x00ba0fc8,12193736
1075,0x00ba0dc6,12193222
1076,0x00ba0ea6,12193446
1077,0x00ae282c,11413548
1078,0x00b332ec,11743980
1079,0x00ba0ea6,12193446
1080,0x00ba0ea6,12193446
1081,0x00ba1490,12194960
1082,0x00ba0ea6,12193446
1083,0x00ba0eb0,12193456
1084,0x00b76108,12017928
1085,0x00ba0ea6,12193446
1086,0x00ba0ea6,12193446
1087,0x00ba0ea6,12193446
1088,0x00a96ebe,11103934
1089,0x00b962cc,12149452
1090,0x00ba1490,12194960
1091,0x00ba0ea6,12193446
1092,0x00ba0ea6,12193446
1093,0x00ba12f0,12194544
1094,0x00ba11a0,12194208
1095,0x00ba0ea6,12193446
1096,0x00ba0ea6,12193446
1097,0x00ba0ee8,12193512
1098,0x00ba1490,12194960
1099,0x00ba0ea6,12193446
1100,0x00ba0ea6,12193446
1101,0x00ba1260,12194400
1102,0x00ba0ea6,12193446
1103,0x00ba1192,12194194
1104,0x00a70990,10946960
1105,0x00ba0ea6,12193446
1106,0x00ba0c6c,12192876
1107,0x00ba10e0,12194016
1108,0x00ba1106,12194054
1109,0x00ba0ea6,12193446
1110,0x00b66d68,11955560
1111,0x00ba10ee,12194030
1112,0x00ba0ea6,12193446
1113,0x00ba0ea6,12193446
1114,0x00b56220,11887136
1115,0x00ab9314,11244308
1116,0x00ba1490,12194960
1117,0x00ba0f16,12193558
1118,0x00ba0e36,12193334
1119,0x00ba1490,12194960
1120,0x00ba0ea6,12193446
1121,0x00b5f8d4,11925716
1122,0x00ba0ea6,12193446
1123,0x00ba0ea6,12193446
1124,0x00ba1490,12194960
1125,0x00ad29de,11348446
1126,0x00b3035a,11731802
1127,0x00ba0ea6,12193446
1128,0x00ba0ea6,12193446
1129,0x00ba10ee,12194030
1130,0x00ba10ee,12194030
1131,0x00b92a58,12135000
1132,0x00b28d12,11701522
1133,0x00ba0ea6,12193446
1134,0x00ba0ea6,12193446
1135,0x00ba10ee,12194030
1136,0x00ba10ee,12194030
1137,0x00ba0ea6,12193446
1138,0x00b623e6,11936742
1139,0x00ab9884,11245700
1140,0x00ba0ea6,12193446
1141,0x00ba11ce,12194254
1142,0x00ba1168,12194152
1143,0x00ba0ea6,12193446
1144,0x00ba0fbe,12193726
1145,0x00ba0ea6,12193446
1146,0x00ba0ea6,12193446
1147,0x00ba1340,12194624
1148,0x00ba0dc6,12193222
1149,0x00ba1490,12194960
1150,0x00ba0ea6,12193446
1151,0x00ba0ee8,12193512
1152,0x00ba0ea6,12193446
1153,0x00ba0ea6,12193446
1154,0x00a66964,10905956
1155,0x00ba0ec8,12193480
1156,0x00ba1490,12194960
1157,0x00ba0e1e,12193310
1158,0x00b96726,12150566
1159,0x00ba1490,12194960
1160,0x00ba0ea6,12193446
1161,0x00ba1256,12194390
1162,0x00ba0f86,12193670
1163,0x00ba0ea6,12193446
1164,0x00b27196,11694486
1165,0x00ba0ea6,12193446
1166,0x00ba1256,12194390
1167,0x00ba0d56,12193110
1168,0x00ba1490,12194960
1169,0x00ba0ea6,12193446
1170,0x00b4a3dc,11838428
1171,0x00ba1420,12194848
1172,0x00ba0ff6,12193782
1173,0x00ba0d56,12193110
1174,0x00ba0ea6,12193446
1175,0x00ba0ee8,12193512
1176,0x00ba1490,12194960
1177,0x00ba0ea6,12193446
1178,0x00ba10a8,12193960
1179,0x00ba11b8,12194232
1180,0x00ba0ea6,12193446
1181,0x00ba0ea6,12193446
1182,0x00ba115a,12194138
1183,0x00ba0ea6,12193446
1184,0x00ba1106,12194054
1185,0x00af18c4,11475140
1186,0x00b2d704,11720452
1187,0x00ba0ea6,12193446
1188,0x00ba1490,12194960
1189,0x00ba0ea6,12193446
1190,0x00ba0ea6,12193446
1191,0x00ba0f58,12193624
1192,0x00b64a6a,11946602
1193,0x00ba0ea6,12193446
1194,0x00ba0ea6,12193446
1195,0x00ba0ea6,12193446
1196,0x00a90408,11076616
1197,0x00b9921c,12161564
1198,0x00ba0e1e,12193310
1199,0x00ba0f2e,12193582
1200,0x00ba1490,12194960
1201,0x00ba0fc8,12193736
1202,0x00ba0dc6,12193222
1203,0x00ba1490,12194960
1204,0x00ba0ea6,12193446
1205,0x00ba0ee8,12193512
1206,0x00ba0ea6,12193446
1207,0x00ba0ea6,12193446
1208,0x00ba1490,12194960
1209,0x00ba0ee8,12193512
1210,0x00ba0ea6,12193446
1211,0x00b9f65c,12187228
1212,0x00a3f3cc,10744780
1213,0x00ba0ea6,12193446
1214,0x00ba1106,12194054
1215,0x00ba0ea6,12193446
1216,0x00ba1118,12194072
1217,0x00ba0ea6,12193446
1218,0x00ba107e,12193918
1219,0x00ba1420,12194848
1220,0x00ba0d3e,12193086
1221,0x00ba0ea6,12193446
1222,0x00b3aa4c,11774540
1223,0x00abc222,11256354
1224,0x00ba0ea6,12193446
1225,0x00ba0ea6,12193446
1226,0x00ba11ce,12194254
1227,0x00ba100e,12193806
1228,0x00ba0dae,12193198
1229,0x00b4aff6,11841526
1230,0x00ba0ea6,12193446
1231,0x00ba0be4,12192740
1232,0x00ba1168,12194152
1233,0x00ba0ea6,12193446
1234,0x00ba1000,12193792
1235,0x00ba0ea6,12193446
1236,0x00ba1490,12194960
1237,0x00ba0b46,12192582
1238,0x00ba10ee,12194030
1239,0x00ba1490,12194960
1240,0x00ba0ea6,12193446
1241,0x00ba0ea6,12193446
1242,0x00ba0ea6,12193446
1243,0x00ba1490,12194960
1244,0x00ba0ea6,12193446
1245,0x00ba0c76,12192886
1246,0x00ba1490,12194960
1247,0x00ba0f1c,12193564
1248,0x00a55a96,10836630
1249,0x00ba0e6e,12193390
1250,0x00ba0ea6,12193446
1251,0x00aedfba,11460538
1252,0x00b3385c,11745372
1253,0x00ba0ea6,12193446
1254,0x00ba0ea6,12193446
1255,0x00ba1490,12194960
1256,0x00ba0dc6,12193222
1257,0x00ba1340,12194624
1258,0x00ba0ea6,12193446
1259,0x00ba0ea6,12193446
1260,0x00ba1118,12194072
1261,0x00ba0ea6,12193446
1262,0x00ba1106,12194054
1263,0x00ba1490,12194960
1264,0x00ba0ea6,12193446
1265,0x00ba0ea6,12193446
1266,0x00ba1490,12194960
1267,0x00ba0d3e,12193086
1268,0x00ba1168,12194152
1269,0x00ba0ea6,12193446
1270,0x00b2fd34,11730228
1271,0x00ab0dfe,11210238
1272,0x00ba0ea6,12193446
1273,0x00ba0ea6,12193446
1274,0x00ba1490,12194960
1275,0x00ba0ea6,12193446
1276,0x00ba0ea6,12193446
1277,0x00ba1374,12194676
1278,0x00a60e32,10882610
1279,0x00ba0ea6,12193446
1280,0x00ba1490,12194960
1281,0x00ba0c6c,12192876
1282,0x00ba1570,12195184
1283,0x00ba08bc,12191932
1284,0x00b271d8,11694552
1285,0x00ba0ea6,12193446
1286,0x00ba0ea6,12193446
1287,0x00ba0f9e,12193694
1288,0x00ba1280,12194432
1289,0x00ba0ea6,12193446
1290,0x00b43ee2,11812578
1291,0x00ba0ea6,12193446
1292,0x00ba1256,12194390
1293,0x00ba10e0,12194016
1294,0x00ba0ea6,12193446
1295,0x00ba1260,12194400
1296,0x00ba0ea6,12193446
1297,0x00ba0ea6,12193446
1298,0x00ba1360,12194656
1299,0x00ba0ebe,12193470
1300,0x00ba0ea6,12193446
1301,0x00ba1490,12194960
1302,0x00ba0c26,12192806
1303,0x00ba1168,12194152
1304,0x00ba0ea6,12193446
1305,0x00ba0ea6,12193446
1306,0x00ba1000,12193792
1307,0x00ba1490,12194960
1308,0x00ba0c5e,12192862
1309,0x00a7f5ba,11007418
1310,0x00ba10b6,12193974
1311,0x00ba0ff6,12193782
1312,0x00ba0d56,12193110
1313,0x00ba0ea6,12193446
1314,0x00ba1490,12194960
1315,0x00b827ca,12068810
1316,0x00ba107e,12193918
1317,0x00ba1490,12194960
1318,0x00ba0ea6,12193446
1319,0x00b6be2e,11976238
1320,0x00ba0ea6,12193446
1321,0x00ba1490,12194960
1322,0x00ba0ea6,12193446
1323,0x00ae994a,11442506
1324,0x00b29be0,11705312
1325,0x00ba1490,12194960
1326,0x00ba0ea6,12193446
1327,0x00ba0ea6,12193446
1328,0x00ba0ea6,12193446
1329,0x00ba1458,12194904
1330,0x00b889d4,12093908
1331,0x00ba0ea6,12193446
1332,0x00ba0ea6,12193446
1333,0x00b51822,11868194
1334,0x00ba0dc6,12193222
1335,0x00ba0ff6,12193782
1336,0x00ba1340,12194624
1337,0x00ba0ea6,12193446
1338,0x00ba0fbe,12193726
1339,0x00ba0ea6,12193446
1340,0x00ba1106,12194054
1341,0x00ba1490,12194960
1342,0x00ba0ee8,12193512
1343,0x00ba0ea6,12193446
1344,0x00ba0ea6,12193446
1345,0x00ba1070,12193904
1346,0x00ba0e36,12193334
1347,0x00ba1490,12194960
1348,0x00b43996,11811222
1349,0x00ab0acc,11209420
1350,0x00ba0ea6,12193446
1351,0x00ba0ea6,12193446
1352,0x00aac39e,11191198
1353,0x00b9e1f8,12182008
1354,0x00ba0ea6,12193446
1355,0x00ba1490,12194960
1356,0x00ba10e0,12194016
1357,0x00b1479e,11618206
1358,0x00ba107e,12193918
1359,0x00ba0ea6,12193446
1360,0x00ba0fbe,12193726
1361,0x00ba0ea6,12193446
1362,0x00ba1490,12194960
1363,0x00ba0f16,12193558
1364,0x00ba0e36,12193334
1365,0x00ba1490,12194960
1366,0x00b3a4a4,11773092
1367,0x00ac738e,11301774
1368,0x00ba0ea6,12193446
1369,0x00ba0ea6,12193446
1370,0x00a4f44a,10810442
1371,0x00ba0e86,12193414
1372,0x00ba0ea6,12193446
1373,0x00ba1408,12194824
1374,0x00ba0b74,12192628
1375,0x00ba1490,12194960
1376,0x00b1353e,11613502
1377,0x00ba0e86,12193414
1378,0x00ba0ea6,12193446
1379,0x00ba11ca,12194250
1380,0x00a6eb84,10939268
1381,0x00ba0ea6,12193446
1382,0x00ba0c6c,12192876
1383,0x00ba10e0,12194016
1384,0x00ba1106,12194054
1385,0x00ba0ea6,12193446
1386,0x00b5fc1c,11926556
1387,0x00ba0ea6,12193446
1388,0x00ba0ea6,12193446
1389,0x00ba1490,12194960
1390,0x00b464d4,11822292
1391,0x00ac062a,11273770
1392,0x00ba0ea6,12193446
1393,0x00ba11ce,12194254
1394,0x00ba1168,12194152
1395,0x00ba0ea6,12193446
1396,0x00ba0d76,12193142
1397,0x00b4cca8,11848872
1398,0x00ba1490,12194960
1399,0x00ba0be4,12192740
1400,0x00ba1168,12194152
1401,0x00ba1490,12194960
1402,0x00ba0dd0,12193232
1403,0x00ba0ea6,12193446
1404,0x00ba1490,12194960
1405,0x00ba0d3e,12193086
1406,0x00ba1168,12194152
1407,0x00ba0ea6,12193446
1408,0x00b10cf0,11603184
1409,0x00ac35b2,11285938
1410,0x00ba0ea6,12193446
1411,0x00ba0ea6,12193446
1412,0x00ba0ea6,12193446
1413,0x00ba14d2,12195026
1414,0x00ba0ea6,12193446
1415,0x00ba0ea6,12193446
1416,0x00ba1000,12193792
1417,0x00ba0ea6,12193446
1418,0x00ba1490,12194960
1419,0x00ba0b1c,12192540
1420,0x00ba14d2,12195026
1421,0x00ba0ea6,12193446
1422,0x00ba10e0,12194016
1423,0x00a40908,10750216
1424,0x00ba0e36,12193334
1425,0x00ba1490,12194960
1426,0x00ba0ea6,12193446
1427,0x00ba1378,12194680
1428,0x00ba0ea6,12193446
1429,0x00ba0ea6,12193446
1430,0x00a4d152,10801490
1431,0x00ba1470,12194928
1432,0x00ba0ea6,12193446
1433,0x00ba102e,12193838
1434,0x00ba0f90,12193680
1435,0x00ba0ea6,12193446
1436,0x00ba1490,12194960
1437,0x00b01968,11540840
1438,0x00b3236c,11740012
1439,0x00ba1490,12194960
1440,0x00ba0ea6,12193446
1441,0x00ba0ea6,12193446
1442,0x00ba11a0,12194208
1443,0x00ba0fa8,12193704
1444,0x00ba0ea6,12193446
1445,0x00ba115a,12194138
1446,0x00a75cd6,10968278
1447,0x00ba1490,12194960
1448,0x00ba0c6c,12192876
1449,0x00ba10e0,12194016
1450,0x00ba1106,12194054
1451,0x00ba0ea6,12193446
1452,0x00b5509a,11882650
1453,0x00ba0ea6,12193446
1454,0x00ba1490,12194960
1455,0x00ba0ea6,12193446
1456,0x00ba0ea6,12193446
1457,0x00ba1260,12194400
1458,0x00ba0ea6,12193446
1459,0x00ba0ea6,12193446
1460,0x00a91472,11080818
1461,0x00ba11c2,12194242
1462,0x00ba0e1e,12193310
1463,0x00ba0f2e,12193582
1464,0x00ba1490,12194960
1465,0x00ba1070,12193904
1466,0x00ba0e36,12193334
1467,0x00ba0ea6,12193446
1468,0x00ba1490,12194960
1469,0x00ba0ea6,12193446
1470,0x00ba0ea6,12193446
1471,0x00ba0ea6,12193446
1472,0x00ba0e6e,12193390
1473,0x00ba1298,12194456
1474,0x00ba0ea6,12193446
1475,0x00ba1490,12194960
1476,0x00ba0f16,12193558
1477,0x00ba0e36,12193334
1478,0x00ba1490,12194960
1479,0x00b0a9ca,11577802
1480,0x00b2cab6,11717302
1481,0x00ba0ea6,12193446
1482,0x00ba1490,12194960
1483,0x00ba0ea6,12193446
1484,0x00ba0acc,12192460
1485,0x00ba15f8,12195320
1486,0x00ba0ea6,12193446
1487,0x00ba0ea6,12193446
1488,0x00ba1118,12194072
1489,0x00ba0ea6,12193446
1490,0x00ba1490,12194960
1491,0x00ba0b1c,12192540
1492,0x00ba1490,12194960
1493,0x00ba0ea6,12193446
1494,0x00ba10e0,12194016
1495,0x00a6b3de,10925022
1496,0x00ba1168,12194152
1497,0x00ba0ff6,12193782
1498,0x00ba0d56,12193110
1499,0x00ba1490,12194960
1500,0x00ba0ea6,12193446
1501,0x00b42066,11804774
1502,0x00ba1420,12194848
1503,0x00ba0ff6,12193782
1504,0x00ba0d56,12193110
1505,0x00ba1490,12194960
1506,0x00ba1042,12193858
1507,0x00ba0ea6,12193446
1508,0x00ba1106,12194054
1509,0x00ba0ea6,12193446
1510,0x00ba1118,12194072
1511,0x00ba0ea6,12193446
1512,0x00ba0ea6,12193446
1513,0x00ba1340,12194624
1514,0x00ba0dc6,12193222
1515,0x00ba1490,12194960
1516,0x00ba0ea6,12193446
1517,0x00ba0ea6,12193446
1518,0x00ba1490,12194960
1519,0x00ba0ea6,12193446
1520,0x00a729d6,10955222
1521,0x00ba12da,12194522
1522,0x00ba0ea6,12193446
1523,0x00ba1490,12194960
1524,0x00ba0ea6,12193446
1525,0x00ba0ea6,12193446
1526,0x00b5d19e,11915678
1527,0x00ba1148,12194120
1528,0x00ba0ea6,12193446
1529,0x00ba0ea6,12193446
1530,0x00ba10e0,12194016
1531,0x00a72f96,10956694
1532,0x00ba1088,12193928
1533,0x00ba1328,12194600
1534,0x00ba0c96,12192918
1535,0x00ba1490,12194960
1536,0x00ba0ea6,12193446
1537,0x00b35672,11753074
1538,0x00ba0dfe,12193278
1539,0x00ba0ff6,12193782
1540,0x00ba1340,12194624
1541,0x00ba0ea6,12193446
1542,0x00ba0ea6,12193446
1543,0x00b5f9b4,11925940
1544,0x00ba0dc6,12193222
1545,0x00ba0ea6,12193446
1546,0x00ba1490,12194960
1547,0x00ba0ff6,12193782
1548,0x00ba0e6e,12193390
1549,0x00ba0ea6,12193446
1550,0x00ba1490,12194960
1551,0x00aee038,11460664
1552,0x00b32f40,11743040
1553,0x00ba0ea6,12193446
1554,0x00ba0ea6,12193446
1555,0x00ba0ea6,12193446
1556,0x00ba13e8,12194792
1557,0x00ba0d1e,12193054
1558,0x00ba1490,12194960
1559,0x00ba0ea6,12193446
1560,0x00ba0ede,12193502
1561,0x00ba1458,12194904
1562,0x00ba0ea6,12193446
1563,0x00ba0ea6,12193446
1564,0x00ba1000,12193792
1565,0x00ba0ea6,12193446
1566,0x00ba0f90,12193680
1567,0x00a73bda,10959834
1568,0x00ba0b7e,12192638
1569,0x00ba107e,12193918
1570,0x00ba12b8,12194488
1571,0x00ba0ea6,12193446
1572,0x00ba0ea6,12193446
1573,0x00b46f58,11824984
1574,0x00ba10b6,12193974
1575,0x00ba0ff6,12193782
1576,0x00ba11e6,12194278
1577,0x00ba0ea6,12193446
1578,0x00ba1118,12194072
1579,0x00ba1490,12194960
1580,0x00ba0ea6,12193446
1581,0x00ba1106,12194054
1582,0x00ba0ee8,12193512
1583,0x00ba0ea6,12193446
1584,0x00ba0dae,12193198
1585,0x00a37860,10713184
1586,0x00ba1420,12194848
1587,0x00ba0ea6,12193446
1588,0x00ba0ea6,12193446
1589,0x00ba0ee8,12193512
1590,0x00ba1490,12194960
1591,0x00ba0ea6,12193446
1592,0x00ba0ea6,12193446
1593,0x00ba1260,12194400
1594,0x00ba0ea6,12193446
1595,0x00ba120c,12194316
1596,0x00a4f4d2,10810578
1597,0x00ba0ea6,12193446
1598,0x00ba0ea6,12193446
1599,0x00abb060,11251808
1600,0x00b34720,11749152
1601,0x00ba1490,12194960
1602,0x00ba0ea6,12193446
1603,0x00ba10ee,12194030
1604,0x00ba10ee,12194030
1605,0x00ba0ea6,12193446
1606,0x00b5b3ca,11908042
1607,0x00acba4e,11319886
1608,0x00ba0ea6,12193446
1609,0x00ba0ea6,12193446
1610,0x00ba0ea6,12193446
1611,0x00ba1490,12194960
1612,0x00ba0a16,12192278
1613,0x00ba1490,12194960
1614,0x00ba0ea6,12193446
1615,0x00ba11d8,12194264
1616,0x00ba0bb6,12192694
1617,0x00ba1490,12194960
1618,0x00ba0ea6,12193446
1619,0x00ba1260,12194400
1620,0x00ba0ea6,12193446
1621,0x00ba0ea6,12193446
1622,0x00a7ceea,10997482
1623,0x00ba1180,12194176
1624,0x00ba0e1e,12193310
1625,0x00ba0f2e,12193582
1626,0x00ba0ea6,12193446
1627,0x00ba1490,12194960
1628,0x00b784dc,12027100
1629,0x00ba0bb6,12192694
1630,0x00ba1106,12194054
1631,0x00ba0ea6,12193446
1632,0x00ba11ce,12194254
1633,0x00ba1168,12194152
1634,0x00ba0ea6,12193446
1635,0x00ba120c,12194316
1636,0x00b36d96,11758998
1637,0x00ba1490,12194960
1638,0x00ba0ea6,12193446
1639,0x00ba0ea6,12193446
1640,0x00ba1490,12194960
1641,0x00ba096e,12192110
1642,0x00b5a514,11904276
1643,0x00ba0ea6,12193446
1644,0x00ba1490,12194960
1645,0x00ba0ea6,12193446
1646,0x00a84cf4,11029748
1647,0x00ba0e4e,12193358
1648,0x00ba0e1e,12193310
1649,0x00ba1518,12195096
1650,0x00ba0ea6,12193446
1651,0x00ba1150,12194128
1652,0x00ba0e6e,12193390
1653,0x00ba0ea6,12193446
1654,0x00ba0ea6,12193446
1655,0x00ba1490,12194960
1656,0x00ba0b1c,12192540
1657,0x00ba1490,12194960
1658,0x00ba0e1e,12193310
1659,0x00ba0f2e,12193582
1660,0x00ba1490,12194960
1661,0x00ba0ea6,12193446
1662,0x00ba1210,12194320
1663,0x00ba0b7e,12192638
1664,0x00ba1490,12194960
1665,0x00acebc0,11332544
1666,0x00b2b930,11712816
1667,0x00ba1490,12194960
1668,0x00ba0ea6,12193446
1669,0x00ba0dbc,12193212
1670,0x00ba1420,12194848
1671,0x00ba0ea6,12193446
1672,0x00b5fac2,11926210
1673,0x00ac96d2,11310802
1674,0x00ba0ea6,12193446
1675,0x00ba1490,12194960
1676,0x00ba0ea6,12193446
1677,0x00ba0ea6,12193446
1678,0x00ba1042,12193858
1679,0x00ba0ea6,12193446
1680,0x00ba1248,12194376
1681,0x00a4d9de,10803678
1682,0x00ba1458,12194904
1683,0x00ba0ea6,12193446
1684,0x00ba10ee,12194030
1685,0x00ba10ee,12194030
1686,0x00ba0ea6,12193446
1687,0x00ba0ea6,12193446
1688,0x00a8b296,11055766
1689,0x00ba0fa8,12193704
1690,0x00ba0ea6,12193446
1691,0x00ba0ea6,12193446
1692,0x00ba1490,12194960
1693,0x00ba0bee,12192750
1694,0x00ba11a0,12194208
1695,0x00ba1490,12194960
1696,0x00ba0ea6,12193446
1697,0x00ba0dd0,12193232
1698,0x00ba1490,12194960
1699,0x00ba0ea6,12193446
1700,0x00ba0dae,12193198
1701,0x00ba0fe0,12193760
1702,0x00ba1490,12194960
1703,0x00b97146,12153158
1704,0x00a5d58e,10868110
1705,0x00ba1490,12194960
1706,0x00ba0ea6,12193446
1707,0x00ba1126,12194086
1708,0x00ba0f9e,12193694
1709,0x00ba0ea6,12193446
1710,0x00ba1398,12194712
1711,0x00a8c9a4,11061668
1712,0x00ba10b6,12193974
1713,0x00ba1490,12194960
1714,0x00ba0ea6,12193446
1715,0x00ba0ea6,12193446
1716,0x00ba1042,12193858
1717,0x00ba1490,12194960
1718,0x00ba0ea6,12193446
1719,0x00ba1106,12194054
1720,0x00ba0ea6,12193446
1721,0x00ba0ea6,12193446
1722,0x00ba10e0,12194016
1723,0x00a79dac,10984876
1724,0x00ba0dfe,12193278
1725,0x00ba0ff6,12193782
1726,0x00ba0d56,12193110
1727,0x00ba1490,12194960
1728,0x00ba0ea6,12193446
1729,0x00b76acc,12020428
1730,0x00ba107e,12193918
1731,0x00ba0ea6,12193446
1732,0x00ba0ea6,12193446
1733,0x00ba1332,12194610
1734,0x00a84b9a,11029402
1735,0x00ba1490,12194960
1736,0x00ba0ea6,12193446
1737,0x00ba0ea6,12193446
1738,0x00ba0ea6,12193446
1739,0x00ba0c76,12192886
1740,0x00ba0ea6,12193446
1741,0x00ba1490,12194960
1742,0x00ba0ea6,12193446
1743,0x00ba0ee8,12193512
1744,0x00ba1490,12194960
1745,0x00ba0a90,12192400
1746,0x00a6bcae,10927278
1747,0x00ba0ea6,12193446
1748,0x00ba1256,12194390
1749,0x00ba10e0,12194016
1750,0x00ba0ea6,12193446
1751,0x00ba1106,12194054
1752,0x00b556c6,11884230
1753,0x00ba1490,12194960
1754,0x00ba0ea6,12193446
1755,0x00ba0ea6,12193446
1756,0x00ba1490,12194960
1757,0x00ba0c76,12192886
1758,0x00ba0ea6,12193446
1759,0x00ba1490,12194960
1760,0x00ba0dae,12193198
1761,0x00ba0e86,12193414
1762,0x00ba0ea6,12193446
1763,0x00ba124e,12194382
1764,0x00a50c7a,10816634
1765,0x00ba0ea6,12193446
1766,0x00ba1490,12194960
1767,0x00ae5542,11425090
1768,0x00b3269e,11740830
1769,0x00ba0ea6,12193446
1770,0x00ba1490,12194960
1771,0x00ba0ea6,12193446
1772,0x00ba0ea6,12193446
1773,0x00ba0f58,12193624
1774,0x00b5701c,11890716
1775,0x00ba0ea6,12193446
1776,0x00ba1490,12194960
1777,0x00ba0ea6,12193446
1778,0x00a3de02,10739202
1779,0x00ba0e86,12193414
1780,0x00ba0ea6,12193446
1781,0x00ba0ea6,12193446
1782,0x00ba1118,12194072
1783,0x00ba1490,12194960
1784,0x00ba0ea6,12193446
1785,0x00acaeae,11316910
1786,0x00b35ec8,11755208
1787,0x00ba1490,12194960
1788,0x00ba0ea6,12193446
1789,0x00ba0e36,12193334
1790,0x00ba13e8,12194792
1791,0x00ba0d10,12193040
1792,0x00b6e812,11986962
1793,0x00ba1490,12194960
1794,0x00ba0ea6,12193446
1795,0x00ba0ea6,12193446
1796,0x00ba1490,12194960
1797,0x00ba0c76,12192886
1798,0x00ba0ea6,12193446
1799,0x00ba10e0,12194016
1800,0x00a9e692,11134610
1801,0x00ba1490,12194960
1802,0x00ba0ea6,12193446
1803,0x00ba0ea6,12193446
1804,0x00ba0ea6,12193446
1805,0x00ba1260,12194400
1806,0x00ba0ea6,12193446
1807,0x00ba1490,12194960
1808,0x00ba0ea6,12193446
1809,0x00ba0ee8,12193512
1810,0x00ba0ea6,12193446
1811,0x00ba1000,12193792
1812,0x00a93f86,11091846
1813,0x00ba1420,12194848
1814,0x00ba0ff6,12193782
1815,0x00ba0d56,12193110
1816,0x00ba1490,12194960
1817,0x00ba0fbe,12193726
1818,0x00ba0ea6,12193446
1819,0x00ba0ea6,12193446
1820,0x00ba1168,12194152
1821,0x00ba0fe0,12193760
1822,0x00ba1490,12194960
1823,0x00ba0ea6,12193446
1824,0x00ba0ede,12193502
1825,0x00ba0e6e,12193390
1826,0x00ba0ea6,12193446
1827,0x00af14f4,11474164
1828,0x00b4321a,11809306
1829,0x00ba0ea6,12193446
1830,0x00ba142e,12194862
1831,0x00ba1168,12194152
1832,0x00ba0e1e,12193310
1833,0x00ba1046,12193862
1834,0x00ba0ea6,12193446
1835,0x00ba1490,12194960
1836,0x00ba0a16,12192278
1837,0x00ba1490,12194960
1838,0x00ba0ea6,12193446
1839,0x00ba1106,12194054
1840,0x00ba0ea6,12193446
1841,0x00ba0ea6,12193446
1842,0x00ba13d0,12194768
1843,0x00ab73c4,11236292
1844,0x00ba10ee,12194030
1845,0x00ba0ea6,12193446
1846,0x00ba0ea6,12193446
1847,0x00ba121a,12194330
1848,0x00a71e3e,10952254
1849,0x00ba1490,12194960
1850,0x00ba0c6c,12192876
1851,0x00ba10e0,12194016
1852,0x00ba1490,12194960
1853,0x00ba0b1c,12192540
1854,0x00b93560,12137824
1855,0x00ba1490,12194960
1856,0x00ba0ea6,12193446
1857,0x00ba10a8,12193960
1858,0x00ba0f16,12193558
1859,0x00ba0ea6,12193446
1860,0x00ba1490,12194960
1861,0x00ba109c,12193948
1862,0x00ba0fd6,12193750
1863,0x00ba0ea6,12193446
1864,0x00ba0e1e,12193310
1865,0x00b838b2,12073138
1866,0x00ba0ea6,12193446
1867,0x00ba1490,12194960
1868,0x00b95442,12145730
1869,0x00ba0e6e,12193390
1870,0x00ba1490,12194960
1871,0x00ba0b1c,12192540
1872,0x00ba0c78,12192888
1873,0x00ba1490,12194960
1874,0x00ba0ea6,12193446
1875,0x00ba1248,12194376
1876,0x00b8c5ae,12109230
1877,0x00ba0ea6,12193446
1878,0x00ba0ea6,12193446
1879,0x00b74ff2,12013554
1880,0x00ba13b0,12194736
1881,0x00ba0ea6,12193446
1882,0x00ba0ea6,12193446
1883,0x00ba1070,12193904
1884,0x00aa38f8,11155704
1885,0x00ba0ea6,12193446
1886,0x00ba1490,12194960
1887,0x00ba0ea6,12193446
1888,0x00b307e6,11732966
1889,0x00ac5e9e,11296414
1890,0x00ba0ea6,12193446
1891,0x00ba1490,12194960
1892,0x00a8600c,11034636
1893,0x00ba1438,12194872
1894,0x00ba0e1e,12193310
1895,0x00ba0f2e,12193582
1896,0x00ba1490,12194960
1897,0x00ba0ac8,12192456
1898,0x00ba1420,12194848
1899,0x00ba0ea6,12193446
1900,0x00ba0ea6,12193446
1901,0x00ba14d2,12195026
1902,0x00ba0ea6,12193446
1903,0x00ba0ea6,12193446
1904,0x00ba0ea6,12193446
1905,0x00ba1260,12194400
1906,0x00ba0ea6,12193446
1907,0x00b9c1f8,12173816
1908,0x00a69016,10915862
1909,0x00ba0ea6,12193446
1910,0x00ba0ea6,12193446
1911,0x00ba1256,12194390
1912,0x00ba0f86,12193670
1913,0x00ba1490,12194960
1914,0x00b1a31c,11641628
1915,0x00ba0ea6,12193446
1916,0x00ba0ea6,12193446
1917,0x00ba1256,12194390
1918,0x00ba0f86,12193670
1919,0x00ba0ea6,12193446
1920,0x00ba1490,12194960
1921,0x00a7c988,10996104
1922,0x00ba10b6,12193974
1923,0x00ba0ff6,12193782
1924,0x00ba0d56,12193110
1925,0x00ba1490,12194960
1926,0x00ba09d4,12192212
1927,0x00ba1490,12194960
1928,0x00b4e3be,11854782
1929,0x00ba113e,12194110
1930,0x00ba0ea6,12193446
1931,0x00ba0e1e,12193310
1932,0x00ba115e,12194142
1933,0x00ba0ea6,12193446
1934,0x00ba1490,12194960
1935,0x00aece7a,11456122
1936,0x00b387f6,11765750
1937,0x00ba0ea6,12193446
1938,0x00ba0ea6,12193446
1939,0x00ba1490,12194960
1940,0x00ba10ee,12194030
1941,0x00ba0fd6,12193750
1942,0x00ba0ea6,12193446
1943,0x00ba0ea6,12193446
1944,0x00ba0ede,12193502
1945,0x00ba1458,12194904
1946,0x00ba0ea6,12193446
1947,0x00ade1ae,11395502
1948,0x00b3a8ba,11774138
1949,0x00ba1490,12194960
1950,0x00ba0ea6,12193446
1951,0x00ba0ea6,12193446
1952,0x00ba0ea6,12193446
1953,0x00ba1542,12195138
1954,0x00b65680,11949696
1955,0x00ba0ea6,12193446
1956,0x00ba0ea6,12193446
1957,0x00ba1490,12194960
1958,0x00adc28a,11387530
1959,0x00ba0e6e,12193390
1960,0x00ba0ea6,12193446
1961,0x00ba1106,12194054
1962,0x00b3f430,11793456
1963,0x00ba0ea6,12193446
1964,0x00ba11ce,12194254
1965,0x00ba0b7e,12192638
1966,0x00ba1490,12194960
1967,0x00ba0c76,12192886
1968,0x00ba1490,12194960
1969,0x00ba0ea6,12193446
1970,0x00ba0d76,12193142
1971,0x00ba14a8,12194984
1972,0x00ba0ea6,12193446
1973,0x00ba0ea6,12193446
1974,0x00ba1500,12195072
1975,0x00ba0e36,12193334
1976,0x00ba0ea6,12193446
1977,0x00ba0ea6,12193446
1978,0x00ba1000,12193792
1979,0x00ba1490,12194960
1980,0x00ba0c26,12192806
1981,0x00a2e3de,10675166
1982,0x00ba0e36,12193334
1983,0x00ba0ea6,12193446
1984,0x00ba1490,12194960
1985,0x00ba0ee8,12193512
1986,0x00ba0ea6,12193446
1987,0x00ba1490,12194960
1988,0x00ba0ea6,12193446
1989,0x00ba1260,12194400
1990,0x00ba0ea6,12193446
1991,0x00ba0ea6,12193446
1992,0x00ba1118,12194072
1993,0x00ba0ea6,12193446
1994,0x00ba0ea6,12193446
1995,0x00ae8dae,11439534
1996,0x00b352bc,11752124
1997,0x00ba0ea6,12193446
1998,0x00ba1490,12194960
1999,0x00ba0ea6,12193446
2000,0x00000000,0
2001,0x00000000,0
2002,0x00000000,0
2003,0x00000000,0
2004,0x00000000,0
2005,0x00000000,0
2006,0x00000000,0
2007,0x00000000,0
2008,0x00000000,0
2009,0x00000000,0
2010,0x00000000,0
2011,0x00000000,0
2012,0x00000000,0
2013,0x00000000,0
2014,0x00000000,0
2015,0x00000000,0
2016,0x00000000,0
2017,0x00000000,0
2018,0x00000000,0
2019,0x00000000,0
2020,0x00000000,0
2021,0x00000000,0
2022,0x00000000,0
2023,0x00000000,0
2024,0x00000000,0
2025,0x00000000,0
2026,0x00000000,0
2027,0x00000000,0
2028,0x00000000,0
2029,0x00000000,0
2030,0x00000000,0
2031,0x00000000,0
2032,0x00000000,0
2033,0x00000000,0
2034,0x00000000,0
2035,0x00000000,0
2036,0x00000000,0
2037,0x00000000,0
2038,0x00000000,0
2039,0x00000000,0
2040,0x00000000,0
2041,0x00000000,0
2042,0x00000000,0
2043,0x00000000,0
2044,0x00000000,0
2045,0x00000000,0
2046,0x00000000,0
2047,0x00000000,0
2048,0x00000000,0
2049,0x00000000,0
2050,0x00000000,0
2051,0x00000000,0
2052,0x00000000,0
2053,0x00000000,0
2054,0x00000000,0
2055,0x00000000,0
2056,0x00000000,0
2057,0x00000000,0
2058,0x00000000,0
2059,0x00000000,0
2060,0x00000000,0
2061,0x00000000,0
2062,0x00000000,0
2063,0x00000000,0
2064,0x00000000,0
2065,0x00000000,0
2066,0x00000000,0
2067,0x00000000,0
2068,0x00000000,0
2069,0x00000000,0
2070,0x00000000,0
2071,0x00000000,0
2072,0x00000000,0
2073,0x00000000,0
2074,0x00000000,0
2075,0x00000000,0
2076,0x00000000,0
2077,0x00000000,0
2078,0x00000000,0
2079,0x00000000,0
2080,0x00000000,0
2081,0x00000000,0
2082,0x00000000,0
2083,0x00000000,0
2084,0x00000000,0
2085,0x00000000,0
2086,0x00000000,0
2087,0x00000000,0
2088,0x00000000,0
2089,0x00000000,0
2090,0x00000000,0
2091,0x00000000,0
2092,0x00000000,0
2093,0x00000000,0
2094,0x00000000,0
2095,0x00000000,0
2096,0x00000000,0
2097,0x00000000,0
2098,0x00000000,0
2099,0x00000000,0
2100,0x00000000,0
2101,0x00000000,0
2102,0x00000000,0
2103,0x00000000,0
2104,0x00000000,0
2105,0x00000000,0
2106,0x00000000,0
2107,0x00000000,0
2108,0x00000000,0
2109,0x00000000,0
2110,0x00000000,0
2111,0x00000000,0
2112,0x00000000,0
2113,0x00000000,0
2114,0x00000000,0
2115,0x00000000,0
2116,0x00000000,0
2117,0x00000000,0
2118,0x00000000,0
2119,0x00000000,0
2120,0x00000000,0
2121,0x00000000,0
2122,0x00000000,0
2123,0x00000000,0
2124,0x00000000,0
2125,0x00000000,0
2126,0x00000000,0
2127,0x00000000,0
2128,0x00000000,0
2129,0x00000000,0
2130,0x00000000,0
2131,0x00000000,0
2132,0x00000000,0
2133,0x00000000,0
2134,0x00000000,0
2135,0x00000000,0
2136,0x00000000,0
2137,0x00000000,0
2138,0x00000000,0
2139,0x00000000,0
2140,0x00000000,0
2141,0x00000000,0
2142,0x00000000,0
2143,0x00000000,0
2144,0x00000000,0
2145,0x00000000,0
2146,0x00000000,0
2147,0x00000000,0
2148,0x00000000,0
2149,0x00000000,0
2150,0x00000000,0
2151,0x00000000,0
2152,0x00000000,0
2153,0x00000000,0
2154,0x00000000,0
2155,0x00000000,0
2156,0x00000000,0
2157,0x00000000,0
2158,0x00000000,0
2159,0x00000000,0
2160,0x00000000,0
2161,0x00000000,0
2162,0x00000000,0
2163,0x00000000,0
2164,0x00000000,0
2165,0x00000000,0
2166,0x00000000,0
2167,0x00000000,0
2168,0x00000000,0
2169,0x00000000,0
2170,0x00000000,0
2171,0x00000000,0
2172,0x00000000,0
2173,0x00000000,0
2174,0x00000000,0
2175,0x00000000,0
2176,0x00000000,0
2177,0x00000000,0
2178,0x00000000,0
2179,0x00000000,0
2180,0x00000000,0
2181,0x00000000,0
2182,0x00000000,0
2183,0x00000000,0
2184,0x00000000,0
2185,0x00000000,0
2186,0x00000000,0
2187,0x00000000,0
2188,0x00000000,0
2189,0x00000000,0
2190,0x00000000,0
2191,0x00000000,0
2192,0x00000000,0
2193,0x00000000,0
2194,0x00000000,0
2195,0x00000000,0
2196,0x00000000,0
2197,0x00000000,0
2198,0x00000000,0
2199,0x00000000,0
2200,0x00000000,0
2201,0x00000000,0
2202,0x00000000,0
2203,0x00000000,0
2204,0x00000000,0
2205,0x00000000,0
2206,0x00000000,0
2207,0x00000000,0
2208,0x00000000,0
2209,0x00000000,0
2210,0x00000000,0
2211,0x00000000,0
2212,0x00000000,0
2213,0x00000000,0
2214,0x00000000,0
2215,0x00000000,0
2216,0x00000000,0
2217,0x00000000,0
2218,0x00000000,0
2219,0x00000000,0
2220,0x00000000,0
2221,0x00000000,0
2222,0x00000000,0
2223,0x00000000,0
2224,0x00000000,0
2225,0x00000000,0
2226,0x00000000,0
2227,0x00000000,0
2228,0x00000000,0
2229,0x00000000,0
2230,0x00000000,0
2231,0x00000000,0
2232,0x00000000,0
2233,0x00000000,0
2234,0x00000000,0
2235,0x00000000,0
2236,0x00000000,0
2237,0x00000000,0
2238,0x00000000,0
2239,0x00000000,0
2240,0x00000000,0
2241,0x00000000,0
2242,0x00000000,0
2243,0x00000000,0
2244,0x00000000,0
2245,0x00000000,0
2246,0x00000000,0
2247,0x00000000,0
2248,0x00000000,0
2249,0x00000000,0
2250,0x00000000,0
2251,0x00000000,0
2252,0x00000000,0
2253,0x00000000,0
2254,0x00000000,0
2255,0x00000000,0
2256,0x00000000,0
2257,0x00000000,0
2258,0x00000000,0
2259,0x00000000,0
2260,0x00000000,0
2261,0x00000000,0
2262,0x00000000,0
2263,0x00000000,0
2264,0x00000000,0
2265,0x00000000,0
2266,0x00000000,0
2267,0x00000000,0
2268,0x00000000,0
2269,0x00000000,0
2270,0x00000000,0
2271,0x00000000,0
2272,0x00000000,0
2273,0x00000000,0
2274,0x00000000,0
2275,0x00000000,0
2276,0x00000000,0
2277,0x00000000,0
2278,0x00000000,0
2279,0x00000000,0
2280,0x00000000,0
2281,0x00000000,0
2282,0x00000000,0
2283,0x00000000,0
2284,0x00000000,0
2285,0x00000000,0
2286,0x00000000,0
2287,0x00000000,0
2288,0x00000000,0
2289,0x00000000,0
2290,0x00000000,0
2291,0x00000000,0
2292,0x00000000,0
2293,0x00000000,0
2294,0x00000000,0
2295,0x00000000,0
2296,0x00000000,0
2297,0x00000000,0
2298,0x00000000,0
2299,0x00000000,0
2300,0x00000000,0
2301,0x00000000,0
2302,0x00000000,0
2303,0x00000000,0
2304,0x00000000,0
2305,0x00000000,0
2306,0x00000000,0
2307,0x00000000,0
2308,0x00000000,0
2309,0x00000000,0
2310,0x00000000,0
2311,0x00000000,0
2312,0x00000000,0
2313,0x00000000,0
2314,0x00000000,0
2315,0x00000000,0
2316,0x00000000,0
2317,0x00000000,0
2318,0x00000000,0
2319,0x00000000,0
2320,0x00000000,0
2321,0x00000000,0
2322,0x00000000,0
2323,0x00000000,0
2324,0x00000000,0
2325,0x00000000,0
2326,0x00000000,0
2327,0x00000000,0
2328,0x00000000,0
2329,0x00000000,0
2330,0x00000000,0
2331,0x00000000,0
2332,0x00000000,0
2333,0x00000000,0
2334,0x00000000,0
2335,0x00000000,0
2336,0x00000000,0
2337,0x00000000,0
2338,0x00000000,0
2339,0x00000000,0
2340,0x00000000,0
2341,0x00000000,0
2342,0x00000000,0
2343,0x00000000,0
2344,0x00000000,0
2345,0x00000000,0
2346,0x00000000,0
2347,0x00000000,0
2348,0x00000000,0
2349,0x00000000,0
2350,0x00000000,0
2351,0x00000000,0
2352,0x00000000,0
2353,0x00000000,0
2354,0x00000000,0
2355,0x00000000,0
2356,0x00000000,0
2357,0x00000000,0
2358,0x00000000,0
2359,0x00000000,0
2360,0x00000000,0
2361,0x00000000,0
2362,0x00000000,0
2363,0x00000000,0
2364,0x00000000,0
2365,0x00000000,0
2366,0x00000000,0
2367,0x00000000,0
2368,0x00000000,0
2369,0x00000000,0
2370,0x00000000,0
2371,0x00000000,0
2372,0x00000000,0
2373,0x00000000,0
2374,0x00000000,0
2375,0x00000000,0
2376,0x00000000,0
2377,0x00000000,0
2378,0x00000000,0
2379,0x00000000,0
2380,0x00000000,0
2381,0x00000000,0
2382,0x00000000,0
2383,0x00000000,0
2384,0x00000000,0
2385,0x00000000,0
2386,0x00000000,0
2387,0x00000000,0
2388,0x00000000,0
2389,0x00000000,0
2390,0x00000000,0
2391,0x00000000,0
2392,0x00000000,0
2393,0x00000000,0
2394,0x00000000,0
2395,0x00000000,0
2396,0x00000000,0
2397,0x00000000,0
2398,0x00000000,0
2399,0x00000000,0
2400,0x00000000,0
2401,0x00000000,0
2402,0x00000000,0
2403,0x00000000,0
2404,0x00000000,0
2405,0x00000000,0
2406,0x00000000,0
2407,0x00000000,0
2408,0x00000000,0
2409,0x00000000,0
2410,0x00000000,0
2411,0x00000000,0
2412,0x00000000,0
2413,0x00000000,0
2414,0x00000000,0
2415,0x00000000,0
2416,0x00000000,0
2417,0x00000000,0
2418,0x00000000,0
2419,0x00000000,0
2420,0x00000000,0
2421,0x00000000,0
2422,0x00000000,0
2423,0x00000000,0
2424,0x00000000,0
2425,0x00000000,0
2426,0x00000000,0
2427,0x00000000,0
2428,0x00000000,0
2429,0x00000000,0
2430,0x00000000,0
2431,0x00000000,0
2432,0x00000000,0
2433,0x00000000,0
2434,0x00000000,0
2435,0x00000000,0
2436,0x00000000,0
2437,0x00000000,0
2438,0x00000000,0
2439,0x00000000,0
2440,0x00000000,0
2441,0x00000000,0
2442,0x00000000,0
2443,0x00000000,0
2444,0x00000000,0
2445,0x00000000,0
2446,0x00000000,0
2447,0x00000000,0
2448,0x00000000,0
2449,0x00000000,0
2450,0x00000000,0
2451,0x00000000,0
2452,0x00000000,0
2453,0x00000000,0
2454,0x00000000,0
2455,0x00000000,0
2456,0x00000000,0
2457,0x00000000,0
2458,0x00000000,0
2459,0x00000000,0
2460,0x00000000,0
2461,0x00000000,0
2462,0x00000000,0
2463,0x00000000,0
2464,0x00000000,0
2465,0x00000000,0
2466,0x00000000,0
2467,0x00000000,0
2468,0x00000000,0
2469,0x00000000,0
2470,0x00000000,0
2471,0x00000000,0
2472,0x00000000,0
2473,0x00000000,0
2474,0x00000000,0
2475,0x00000000,0
2476,0x00000000,0
2477,0x00000000,0
2478,0x00000000,0
2479,0x00000000,0
2480,0x00000000,0
2481,0x00000000,0
2482,0x00000000,0
2483,0x00000000,0
2484,0x00000000,0
2485,0x00000000,0
2486,0x00000000,0
2487,0x00000000,0
2488,0x00000000,0
2489,0x00000000,0
2490,0x00000000,0
2491,0x00000000,0
2492,0x00000000,0
2493,0x00000000,0
2494,0x00000000,0
2495,0x00000000,0
2496,0x00000000,0
2497,0x00000000,0
2498,0x00000000,0
2499,0x00000000,0
2500,0x00000000,0
2501,0x00000000,0
2502,0x00000000,0
2503,0x00000000,0
2504,0x00000000,0
2505,0x00000000,0
2506,0x00000000,0
2507,0x00000000,0
2508,0x00000000,0
2509,0x00000000,0
2510,0x00000000,0
2511,0x00000000,0
2512,0x00000000,0
2513,0x00000000,0
2514,0x00000000,0
2515,0x00000000,0
2516,0x00000000,0
2517,0x00000000,0
2518,0x00000000,0
2519,0x00000000,0
2520,0x00000000,0
2521,0x00000000,0
2522,0x00000000,0
2523,0x00000000,0
2524,0x00000000,0
2525,0x00000000,0
2526,0x00000000,0
2527,0x00000000,0
2528,0x00000000,0
2529,0x00000000,0
2530,0x00000000,0
2531,0x00000000,0
2532,0x00000000,0
2533,0x00000000,0
2534,0x00000000,0
2535,0x00000000,0
2536,0x00000000,0
2537,0x00000000,0
2538,0x00000000,0
2539,0x00000000,0
2540,0x00000000,0
2541,0x00000000,0
2542,0x00000000,0
2543,0x00000000,0
2544,0x00000000,0
2545,0x00000000,0
2546,0x00000000,0
2547,0x00000000,0
2548,0x00000000,0
2549,0x00000000,0
2550,0x00000000,0
2551,0x00000000,0
2552,0x00000000,0
2553,0x00000000,0
2554,0x00000000,0
2555,0x00000000,0
2556,0x00000000,0
2557,0x00000000,0
2558,0x00000000,0
2559,0x00000000,0
2560,0x00000000,0
2561,0x00000000,0
2562,0x00000000,0
2563,0x00000000,0
2564,0x00000000,0
2565,0x00000000,0
2566,0x00000000,0
2567,0x00000000,0
2568,0x00000000,0
2569,0x00000000,0
2570,0x00000000,0
2571,0x00000000,0
2572,0x00000000,0
2573,0x00000000,0
2574,0x00000000,0
2575,0x00000000,0
2576,0x00000000,0
2577,0x00000000,0
2578,0x00000000,0
2579,0x00000000,0
2580,0x00000000,0
2581,0x00000000,0
2582,0x00000000,0
2583,0x00000000,0
2584,0x00000000,0
2585,0x00000000,0
2586,0x00000000,0
2587,0x00000000,0
2588,0x00000000,0
2589,0x00000000,0
2590,0x00000000,0
2591,0x00000000,0
2592,0x00000000,0
2593,0x00000000,0
2594,0x00000000,0
2595,0x00000000,0
2596,0x00000000,0
2597,0x00000000,0
2598,0x00000000,0
2599,0x00000000,0
2600,0x00000000,0
2601,0x00000000,0
2602,0x00000000,0
2603,0x00000000,0
2604,0x00000000,0
2605,0x00000000,0
2606,0x00000000,0
2607,0x00000000,0
2608,0x00000000,0
2609,0x00000000,0
2610,0x00000000,0
2611,0x00000000,0
2612,0x00000000,0
2613,0x00000000,0
2614,0x00000000,0
2615,0x00000000,0
2616,0x00000000,0
2617,0x00000000,0
2618,0x00000000,0
2619,0x00000000,0
2620,0x00000000,0
2621,0x00000000,0
2622,0x00000000,0
2623,0x00000000,0
2624,0x00000000,0
2625,0x00000000,0
2626,0x00000000,0
2627,0x00000000,0
2628,0x00000000,0
2629,0x00000000,0
2630,0x00000000,0
2631,0x00000000,0
2632,0x00000000,0
2633,0x00000000,0
2634,0x00000000,0
2635,0x00000000,0
2636,0x00000000,0
2637,0x00000000,0
2638,0x00000000,0
2639,0x00000000,0
2640,0x00000000,0
2641,0x00000000,0
2642,0x00000000,0
2643,0x00000000,0
2644,0x00000000,0
2645,0x00000000,0
2646,0x00000000,0
2647,0x00000000,0
2648,0x00000000,0
2649,0x00000000,0
2650,0x00000000,0
2651,0x00000000,0
2652,0x00000000,0
2653,0x00000000,0
2654,0x00000000,0
2655,0x00000000,0
2656,0x00000000,0
2657,0x00000000,0
2658,0x00000000,0
2659,0x00000000,0
2660,0x00000000,0
2661,0x00000000,0
2662,0x00000000,0
2663,0x00000000,0
2664,0x00000000,0
2665,0x00000000,0
2666,0x00000000,0
2667,0x00000000,0
2668,0x00000000,0
2669,0x00000000,0
2670,0x00000000,0
2671,0x00000000,0
2672,0x00000000,0
2673,0x00000000,0
2674,0x00000000,0
2675,0x00000000,0
2676,0x00000000,0
2677,0x00000000,0
2678,0x00000000,0
2679,0x00000000,0
2680,0x00000000,0
2681,0x00000000,0
2682,0x00000000,0
2683,0x00000000,0
2684,0x00000000,0
2685,0x00000000,0
2686,0x00000000,0
2687,0x00000000,0
2688,0x00000000,0
2689,0x00000000,0
2690,0x00000000,0
2691,0x00000000,0
2692,0x00000000,0
2693,0x00000000,0
2694,0x00000000,0
2695,0x00000000,0
2696,0x00000000,0
2697,0x00000000,0
2698,0x00000000,0
2699,0x00000000,0
2700,0x00000000,0
2701,0x00000000,0
2702,0x00000000,0
2703,0x00000000,0
2704,0x00000000,0
2705,0x00000000,0
2706,0x00000000,0
2707,0x00000000,0
2708,0x00000000,0
2709,0x00000000,0
2710,0x00000000,0
2711,0x00000000,0
2712,0x00000000,0
2713,0x00000000,0
2714,0x00000000,0
2715,0x00000000,0
2716,0x00000000,0
2717,0x00000000,0
2718,0x00000000,0
2719,0x00000000,0
2720,0x00000000,0
2721,0x00000000,0
2722,0x00000000,0
2723,0x00000000,0
2724,0x00000000,0
2725,0x00000000,0
2726,0x00000000,0
2727,0x00000000,0
2728,0x00000000,0
2729,0x00000000,0
2730,0x00000000,0
2731,0x00000000,0
2732,0x00000000,0
2733,0x00000000,0
2734,0x00000000,0
2735,0x00000000,0
2736,0x00000000,0
2737,0x00000000,0
2738,0x00000000,0
2739,0x00000000,0
2740,0x00000000,0
2741,0x00000000,0
2742,0x00000000,0
2743,0x00000000,0
2744,0x00000000,0
2745,0x00000000,0
2746,0x00000000,0
2747,0x00000000,0
2748,0x00000000,0
2749,0x00000000,0
2750,0x00000000,0
2751,0x00000000,0
2752,0x00000000,0
2753,0x00000000,0
2754,0x00000000,0
2755,0x00000000,0
2756,0x00000000,0
2757,0x00000000,0
2758,0x00000000,0
2759,0x00000000,0
2760,0x00000000,0
2761,0x00000000,0
2762,0x00000000,0
2763,0x00000000,0
2764,0x00000000,0
2765,0x00000000,0
2766,0x00000000,0
2767,0x00000000,0
2768,0x00000000,0
2769,0x00000000,0
2770,0x00000000,0
2771,0x00000000,0
2772,0x00000000,0
2773,0x00000000,0
2774,0x00000000,0
2775,0x00000000,0
2776,0x00000000,0
2777,0x00000000,0
2778,0x00000000,0
2779,0x00000000,0
2780,0x00000000,0
2781,0x00000000,0
2782,0x00000000,0
2783,0x00000000,0
2784,0x00000000,0
2785,0x00000000,0
2786,0x00000000,0
2787,0x00000000,0
2788,0x00000000,0
2789,0x00000000,0
2790,0x00000000,0
2791,0x00000000,0
2792,0x00000000,0
2793,0x00000000,0
2794,0x00000000,0
2795,0x00000000,0
2796,0x00000000,0
2797,0x00000000,0
2798,0x00000000,0
2799,0x00000000,0
2800,0x00000000,0
2801,0x00000000,0
2802,0x00000000,0
2803,0x00000000,0
2804,0x00000000,0
2805,0x00000000,0
2806,0x00000000,0
2807,0x00000000,0
2808,0x00000000,0
2809,0x00000000,0
2810,0x00000000,0
2811,0x00000000,0
2812,0x00000000,0
2813,0x00000000,0
2814,0x00000000,0
2815,0x00000000,0
2816,0x00000000,0
2817,0x00000000,0
2818,0x00000000,0
2819,0x00000000,0
2820,0x00000000,0
2821,0x00000000,0
2822,0x00000000,0
2823,0x00000000,0
2824,0x00000000,0
2825,0x00000000,0
2826,0x00000000,0
2827,0x00000000,0
2828,0x00000000,0
2829,0x00000000,0
2830,0x00000000,0
2831,0x00000000,0
2832,0x00000000,0
2833,0x00000000,0
2834,0x00000000,0
2835,0x00000000,0
2836,0x00000000,0
2837,0x00000000,0
2838,0x00000000,0
2839,0x00000000,0
2840,0x00000000,0
2841,0x00000000,0
2842,0x00000000,0
2843,0x00000000,0
2844,0x00000000,0
2845,0x00000000,0
2846,0x00000000,0
2847,0x00000000,0
2848,0x00000000,0
2849,0x00000000,0
2850,0x00000000,0
2851,0x00000000,0
2852,0x00000000,0
2853,0x00000000,0
2854,0x00000000,0
2855,0x00000000,0
2856,0x00000000,0
2857,0x00000000,0
2858,0x00000000,0
2859,0x00000000,0
2860,0x00000000,0
2861,0x00000000,0
2862,0x00000000,0
2863,0x00000000,0
2864,0x00000000,0
2865,0x00000000,0
2866,0x00000000,0
2867,0x00000000,0
2868,0x00000000,0
2869,0x00000000,0
2870,0x00000000,0
2871,0x00000000,0
2872,0x00000000,0
2873,0x00000000,0
2874,0x00000000,0
2875,0x00000000,0
2876,0x00000000,0
2877,0x00000000,0
2878,0x00000000,0
2879,0x00000000,0
2880,0x00000000,0
2881,0x00000000,0
2882,0x00000000,0
2883,0x00000000,0
2884,0x00000000,0
2885,0x00000000,0
2886,0x00000000,0
2887,0x00000000,0
2888,0x00000000,0
2889,0x00000000,0
2890,0x00000000,0
2891,0x00000000,0
2892,0x00000000,0
2893,0x00000000,0
2894,0x00000000,0
2895,0x00000000,0
2896,0x00000000,0
2897,0x00000000,0
2898,0x00000000,0
2899,0x00000000,0
2900,0x00000000,0
2901,0x00000000,0
2902,0x00000000,0
2903,0x00000000,0
2904,0x00000000,0
2905,0x00000000,0
2906,0x00000000,0
2907,0x00000000,0
2908,0x00000000,0
2909,0x00000000,0
2910,0x00000000,0
2911,0x00000000,0
2912,0x00000000,0
2913,0x00000000,0
2914,0x00000000,0
2915,0x00000000,0
2916,0x00000000,0
2917,0x00000000,0
2918,0x00000000,0
2919,0x00000000,0
2920,0x00000000,0
2921,0x00000000,0
2922,0x00000000,0
2923,0x00000000,0
2924,0x00000000,0
2925,0x00000000,0
2926,0x00000000,0
2927,0x00000000,0
2928,0x00000000,0
2929,0x00000000,0
2930,0x00000000,0
2931,0x00000000,0
2932,0x00000000,0
2933,0x00000000,0
2934,0x00000000,0
2935,0x00000000,0
2936,0x00000000,0
2937,0x00000000,0
2938,0x00000000,0
2939,0x00000000,0
2940,0x00000000,0
2941,0x00000000,0
2942,0x00000000,0
2943,0x00000000,0
2944,0x00000000,0
2945,0x00000000,0
2946,0x00000000,0
2947,0x00000000,0
2948,0x00000000,0
2949,0x00000000,0
2950,0x00000000,0
2951,0x00000000,0
2952,0x00000000,0
2953,0x00000000,0
2954,0x00000000,0
2955,0x00000000,0
2956,0x00000000,0
2957,0x00000000,0
2958,0x00000000,0
2959,0x00000000,0
2960,0x00000000,0
2961,0x00000000,0
2962,0x00000000,0
2963,0x00000000,0
2964,0x00000000,0
2965,0x00000000,0
2966,0x00000000,0
2967,0x00000000,0
2968,0x00000000,0
2969,0x00000000,0
2970,0x00000000,0
2971,0x00000000,0
2972,0x00000000,0
2973,0x00000000,0
2974,0x00000000,0
2975,0x00000000,0
2976,0x00000000,0
2977,0x00000000,0
2978,0x00000000,0
2979,0x00000000,0
2980,0x00000000,0
2981,0x00000000,0
2982,0x00000000,0
2983,0x00000000,0
2984,0x00000000,0
2985,0x00000000,0
2986,0x00000000,0
2987,0x00000000,0
2988,0x00000000,0
2989,0x00000000,0
2990,0x00000000,0
2991,0x00000000,0
2992,0x00000000,0
2993,0x00000000,0
2994,0x00000000,0
2995,0x00000000,0
2996,0x00000000,0
2997,0x00000000,0
2998,0x00000000,0
2999,0x00000000,0
3000,0x00000000,0
3001,0x00000000,0
3002,0x00000000,0
3003,0x00000000,0
3004,0x00000000,0
3005,0x00000000,0
3006,0x00000000,0
3007,0x00000000,0
3008,0x00000000,0
3009,0x00000000,0
3010,0x00000000,0
3011,0x00000000,0
3012,0x00000000,0
3013,0x00000000,0
3014,0x00000000,0
3015,0x00000000,0
3016,0x00000000,0
3017,0x00000000,0
3018,0x00000000,0
3019,0x00000000,0
3020,0x00000000,0
3021,0x00000000,0
3022,0x00000000,0
3023,0x00000000,0
3024,0x00000000,0
3025,0x00000000,0
3026,0x00000000,0
3027,0x00000000,0
3028,0x00000000,0
3029,0x00000000,0
3030,0x00000000,0
3031,0x00000000,0
3032,0x00000000,0
3033,0x00000000,0
3034,0x00000000,0
3035,0x00000000,0
3036,0x00000000,0
3037,0x00000000,0
3038,0x00000000,0
3039,0x00000000,0
3040,0x00000000,0
3041,0x00000000,0
3042,0x00000000,0
3043,0x00000000,0
3044,0x00000000,0
3045,0x00000000,0
3046,0x00000000,0
3047,0x00000000,0
3048,0x00000000,0
3049,0x00000000,0
3050,0x00000000,0
3051,0x00000000,0
3052,0x00000000,0
3053,0x00000000,0
3054,0x00000000,0
3055,0x00000000,0
3056,0x00000000,0
3057,0x00000000,0
3058,0x00000000,0
3059,0x00000000,0
3060,0x00000000,0
3061,0x00000000,0
3062,0x00000000,0
3063,0x00000000,0
3064,0x00000000,0
3065,0x00000000,0
3066,0x00000000,0
3067,0x00000000,0
3068,0x00000000,0
3069,0x00000000,0
3070,0x00000000,0
3071,0x00000000,0
3072,0x00000000,0
3073,0x00000000,0
3074,0x00000000,0
3075,0x00000000,0
3076,0x00000000,0
3077,0x00000000,0
3078,0x00000000,0
3079,0x00000000,0
3080,0x00000000,0
3081,0x00000000,0
3082,0x00000000,0
3083,0x00000000,0
3084,0x00000000,0
3085,0x00000000,0
3086,0x00000000,0
3087,0x00000000,0
3088,0x00000000,0
3089,0x00000000,0
3090,0x00000000,0
3091,0x00000000,0
3092,0x00000000,0
3093,0x00000000,0
3094,0x00000000,0
3095,0x00000000,0
3096,0x00000000,0
3097,0x00000000,0
3098,0x00000000,0
3099,0x00000000,0
3100,0x00000000,0
3101,0x00000000,0
3102,0x00000000,0
3103,0x00000000,0
3104,0x00000000,0
3105,0x00000000,0
3106,0x00000000,0
3107,0x00000000,0
3108,0x00000000,0
3109,0x00000000,0
3110,0x00000000,0
3111,0x00000000,0
3112,0x00000000,0
3113,0x00000000,0
3114,0x00000000,0
3115,0x00000000,0
3116,0x00000000,0
3117,0x00000000,0
3118,0x00000000,0
3119,0x00000000,0
3120,0x00000000,0
3121,0x00000000,0
3122,0x00000000,0
3123,0x00000000,0
3124,0x00000000,0
3125,0x00000000,0
3126,0x00000000,0
3127,0x00000000,0
3128,0x00000000,0
3129,0x00000000,0
3130,0x00000000,0
3131,0x00000000,0
3132,0x00000000,0
3133,0x00000000,0
3134,0x00000000,0
3135,0x00000000,0
3136,0x00000000,0
3137,0x00000000,0
3138,0x00000000,0
3139,0x00000000,0
3140,0x00000000,0
3141,0x00000000,0
3142,0x00000000,0
3143,0x00000000,0
3144,0x00000000,0
3145,0x00000000,0
3146,0x00000000,0
3147,0x00000000,0
3148,0x00000000,0
3149,0x00000000,0
3150,0x00000000,0
3151,0x00000000,0
3152,0x00000000,0
3153,0x00000000,0
3154,0x00000000,0
3155,0x00000000,0
3156,0x00000000,0
3157,0x00000000,0
3158,0x00000000,0
3159,0x00000000,0
3160,0x00000000,0
3161,0x00000000,0
3162,0x00000000,0
3163,0x00000000,0
3164,0x00000000,0
3165,0x00000000,0
3166,0x00000000,0
3167,0x00000000,0
3168,0x00000000,0
3169,0x00000000,0
3170,0x00000000,0
3171,0x00000000,0
3172,0x00000000,0
3173,0x00000000,0
3174,0x00000000,0
3175,0x00000000,0
3176,0x00000000,0
3177,0x00000000,0
3178,0x00000000,0
3179,0x00000000,0
3180,0x00000000,0
3181,0x00000000,0
3182,0x00000000,0
3183,0x00000000,0
3184,0x00000000,0
3185,0x00000000,0
3186,0x00000000,0
3187,0x00000000,0
3188,0x00000000,0
3189,0x00000000,0
3190,0x00000000,0
3191,0x00000000,0
3192,0x00000000,0
3193,0x00000000,0
3194,0x00000000,0
3195,0x00000000,0
3196,0x00000000,0
3197,0x00000000,0
3198,0x00000000,0
3199,0x00000000,0
3200,0x00000000,0
3201,0x00000000,0
3202,0x00000000,0
3203,0x00000000,0
3204,0x00000000,0
3205,0x00000000,0
3206,0x00000000,0
3207,0x00000000,0
3208,0x00000000,0
3209,0x00000000,0
3210,0x00000000,0
3211,0x00000000,0
3212,0x00000000,0
3213,0x00000000,0
3214,0x00000000,0
3215,0x00000000,0
3216,0x00000000,0
3217,0x00000000,0
3218,0x00000000,0
3219,0x00000000,0
3220,0x00000000,0
3221,0x00000000,0
3222,0x00000000,0
3223,0x00000000,0
3224,0x00000000,0
3225,0x00000000,0
3226,0x00000000,0
3227,0x00000000,0
3228,0x00000000,0
3229,0x00000000,0
3230,0x00000000,0
3231,0x00000000,0
3232,0x00000000,0
3233,0x00000000,0
3234,0x00000000,0
3235,0x00000000,0
3236,0x00000000,0
3237,0x00000000,0
3238,0x00000000,0
3239,0x00000000,0
3240,0x00000000,0
3241,0x00000000,0
3242,0x00000000,0
3243,0x00000000,0
3244,0x00000000,0
3245,0x00000000,0
3246,0x00000000,0
3247,0x00000000,0
3248,0x00000000,0
3249,0x00000000,0
3250,0x00000000,0
3251,0x00000000,0
3252,0x00000000,0
3253,0x00000000,0
3254,0x00000000,0
3255,0x00000000,0
3256,0x00000000,0
3257,0x00000000,0
3258,0x00000000,0
3259,0x00000000,0
3260,0x00000000,0
3261,0x00000000,0
3262,0x00000000,0
3263,0x00000000,0
3264,0x00000000,0
3265,0x00000000,0
3266,0x00000000,0
3267,0x00000000,0
3268,0x00000000,0
3269,0x00000000,0
3270,0x00000000,0
3271,0x00000000,0
3272,0x00000000,0
3273,0x00000000,0
3274,0x00000000,0
3275,0x00000000,0
3276,0x00000000,0
3277,0x00000000,0
3278,0x00000000,0
3279,0x00000000,0
3280,0x00000000,0
3281,0x00000000,0
3282,0x00000000,0
3283,0x00000000,0
3284,0x00000000,0
3285,0x00000000,0
3286,0x00000000,0
3287,0x00000000,0
3288,0x00000000,0
3289,0x00000000,0
3290,0x00000000,0
3291,0x00000000,0
3292,0x00000000,0
3293,0x00000000,0
3294,0x00000000,0
3295,0x00000000,0
3296,0x00000000,0
3297,0x00000000,0
3298,0x00000000,0
3299,0x00000000,0
3300,0x00000000,0
3301,0x00000000,0
3302,0x00000000,0
3303,0x00000000,0
3304,0x00000000,0
3305,0x00000000,0
3306,0x00000000,0
3307,0x00000000,0
3308,0x00000000,0
3309,0x00000000,0
3310,0x00000000,0
3311,0x00000000,0
3312,0x00000000,0
3313,0x00000000,0
3314,0x00000000,0
3315,0x00000000,0
3316,0x00000000,0
3317,0x00000000,0
3318,0x00000000,0
3319,0x00000000,0
3320,0x00000000,0
3321,0x00000000,0
3322,0x00000000,0
3323,0x00000000,0
3324,0x00000000,0
3325,0x00000000,0
3326,0x00000000,0
3327,0x00000000,0
3328,0x00000000,0
3329,0x00000000,0
3330,0x00000000,0
3331,0x00000000,0
3332,0x00000000,0
3333,0x00000000,0
3334,0x00000000,0
3335,0x00000000,0
3336,0x00000000,0
3337,0x00000000,0
3338,0x00000000,0
3339,0x00000000,0
3340,0x00000000,0
3341,0x00000000,0
3342,0x00000000,0
3343,0x00000000,0
3344,0x00000000,0
3345,0x00000000,0
3346,0x00000000,0
3347,0x00000000,0
3348,0x00000000,0
3349,0x00000000,0
3350,0x00000000,0
3351,0x00000000,0
3352,0x00000000,0
3353,0x00000000,0
3354,0x00000000,0
3355,0x00000000,0
3356,0x00000000,0
3357,0x00000000,0
3358,0x00000000,0
3359,0x00000000,0
3360,0x00000000,0
3361,0x00000000,0
3362,0x00000000,0
3363,0x00000000,0
3364,0x00000000,0
3365,0x00000000,0
3366,0x00000000,0
3367,0x00000000,0
3368,0x00000000,0
3369,0x00000000,0
3370,0x00000000,0
3371,0x00000000,0
3372,0x00000000,0
3373,0x00000000,0
3374,0x00000000,0
3375,0x00000000,0
3376,0x00000000,0
3377,0x00000000,0
3378,0x00000000,0
3379,0x00000000,0
3380,0x00000000,0
3381,0x00000000,0
3382,0x00000000,0
3383,0x00000000,0
3384,0x00000000,0
3385,0x00000000,0
3386,0x00000000,0
3387,0x00000000,0
3388,0x00000000,0
3389,0x00000000,0
3390,0x00000000,0
3391,0x00000000,0
3392,0x00000000,0
3393,0x00000000,0
3394,0x00000000,0
3395,0x00000000,0
3396,0x00000000,0
3397,0x00000000,0
3398,0x00000000,0
3399,0x00000000,0
3400,0x00000000,0
3401,0x00000000,0
3402,0x00000000,0
3403,0x00000000,0
3404,0x00000000,0
3405,0x00000000,0
3406,0x00000000,0
3407,0x00000000,0
3408,0x00000000,0
3409,0x00000000,0
3410,0x00000000,0
3411,0x00000000,0
3412,0x00000000,0
3413,0x00000000,0
3414,0x00000000,0
3415,0x00000000,0
3416,0x00000000,0
3417,0x00000000,0
3418,0x00000000,0
3419,0x00000000,0
3420,0x00000000,0
3421,0x00000000,0
3422,0x00000000,0
3423,0x00000000,0
3424,0x00000000,0
3425,0x00000000,0
3426,0x00000000,0
3427,0x00000000,0
3428,0x00000000,0
3429,0x00000000,0
3430,0x00000000,0
3431,0x00000000,0
3432,0x00000000,0
3433,0x00000000,0
3434,0x00000000,0
3435,0x00000000,0
3436,0x00000000,0
3437,0x00000000,0
3438,0x00000000,0
3439,0x00000000,0
3440,0x00000000,0
3441,0x00000000,0
3442,0x00000000,0
3443,0x00000000,0
3444,0x00000000,0
3445,0x00000000,0
3446,0x00000000,0
3447,0x00000000,0
3448,0x00000000,0
3449,0x00000000,0
3450,0x00000000,0
3451,0x00000000,0
3452,0x00000000,0
3453,0x00000000,0
3454,0x00000000,0
3455,0x00000000,0
3456,0x00000000,0
3457,0x00000000,0
3458,0x00000000,0
3459,0x00000000,0
3460,0x00000000,0
3461,0x00000000,0
3462,0x00000000,0
3463,0x00000000,0
3464,0x00000000,0
3465,0x00000000,0
3466,0x00000000,0
3467,0x00000000,0
3468,0x00000000,0
3469,0x00000000,0
3470,0x00000000,0
3471,0x00000000,0
3472,0x00000000,0
3473,0x00000000,0
3474,0x00000000,0
3475,0x00000000,0
3476,0x00000000,0
3477,0x00000000,0
3478,0x00000000,0
3479,0x00000000,0
3480,0x00000000,0
3481,0x00000000,0
3482,0x00000000,0
3483,0x00000000,0
3484,0x00000000,0
3485,0x00000000,0
3486,0x00000000,0
3487,0x00000000,0
3488,0x00000000,0
3489,0x00000000,0
3490,0x00000000,0
3491,0x00000000,0
3492,0x00000000,0
3493,0x00000000,0
3494,0x00000000,0
3495,0x00000000,0
3496,0x00000000,0
3497,0x00000000,0
3498,0x00000000,0
3499,0x00000000,0
3500,0x00000000,0
3501,0x00000000,0
3502,0x00000000,0
3503,0x00000000,0
3504,0x00000000,0
3505,0x00000000,0
3506,0x00000000,0
3507,0x00000000,0
3508,0x00000000,0
3509,0x00000000,0
3510,0x00000000,0
3511,0x00000000,0
3512,0x00000000,0
3513,0x00000000,0
3514,0x00000000,0
3515,0x00000000,0
3516,0x00000000,0
3517,0x00000000,0
3518,0x00000000,0
3519,0x00000000,0
3520,0x00000000,0
3521,0x00000000,0
3522,0x00000000,0
3523,0x00000000,0
3524,0x00000000,0
3525,0x00000000,0
3526,0x00000000,0
3527,0x00000000,0
3528,0x00000000,0
3529,0x00000000,0
3530,0x00000000,0
3531,0x00000000,0
3532,0x00000000,0
3533,0x00000000,0
3534,0x00000000,0
3535,0x00000000,0
3536,0x00000000,0
3537,0x00000000,0
3538,0x00000000,0
3539,0x00000000,0
3540,0x00000000,0
3541,0x00000000,0
3542,0x00000000,0
3543,0x00000000,0
3544,0x00000000,0
3545,0x00000000,0
3546,0x00000000,0
3547,0x00000000,0
3548,0x00000000,0
3549,0x00000000,0
3550,0x00000000,0
3551,0x00000000,0
3552,0x00000000,0
3553,0x00000000,0
3554,0x00000000,0
3555,0x00000000,0
3556,0x00000000,0
3557,0x00000000,0
3558,0x00000000,0
3559,0x00000000,0
3560,0x00000000,0
3561,0x00000000,0
3562,0x00000000,0
3563,0x00000000,0
3564,0x00000000,0
3565,0x00000000,0
3566,0x00000000,0
3567,0x00000000,0
3568,0x00000000,0
3569,0x00000000,0
3570,0x00000000,0
3571,0x00000000,0
3572,0x00000000,0
3573,0x00000000,0
3574,0x00000000,0
3575,0x00000000,0
3576,0x00000000,0
3577,0x00000000,0
3578,0x00000000,0
3579,0x00000000,0
3580,0x00000000,0
3581,0x00000000,0
3582,0x00000000,0
3583,0x00000000,0
3584,0x00000000,0
3585,0x00000000,0
3586,0x00000000,0
3587,0x00000000,0
3588,0x00000000,0
3589,0x00000000,0
3590,0x00000000,0
3591,0x00000000,0
3592,0x00000000,0
3593,0x00000000,0
3594,0x00000000,0
3595,0x00000000,0
3596,0x00000000,0
3597,0x00000000,0
3598,0x00000000,0
3599,0x00000000,0
3600,0x00000000,0
3601,0x00000000,0
3602,0x00000000,0
3603,0x00000000,0
3604,0x00000000,0
3605,0x00000000,0
3606,0x00000000,0
3607,0x00000000,0
3608,0x00000000,0
3609,0x00000000,0
3610,0x00000000,0
3611,0x00000000,0
3612,0x00000000,0
3613,0x00000000,0
3614,0x00000000,0
3615,0x00000000,0
3616,0x00000000,0
3617,0x00000000,0
3618,0x00000000,0
3619,0x00000000,0
3620,0x00000000,0
3621,0x00000000,0
3622,0x00000000,0
3623,0x00000000,0
3624,0x00000000,0
3625,0x00000000,0
3626,0x00000000,0
3627,0x00000000,0
3628,0x00000000,0
3629,0x00000000,0
3630,0x00000000,0
3631,0x00000000,0
3632,0x00000000,0
3633,0x00000000,0
3634,0x00000000,0
3635,0x00000000,0
3636,0x00000000,0
3637,0x00000000,0
3638,0x00000000,0
3639,0x00000000,0
3640,0x00000000,0
3641,0x00000000,0
3642,0x00000000,0
3643,0x00000000,0
3644,0x00000000,0
3645,0x00000000,0
3646,0x00000000,0
3647,0x00000000,0
3648,0x00000000,0
3649,0x00000000,0
3650,0x00000000,0
3651,0x00000000,0
3652,0x00000000,0
3653,0x00000000,0
3654,0x00000000,0
3655,0x00000000,0
3656,0x00000000,0
3657,0x00000000,0
3658,0x00000000,0
3659,0x00000000,0
3660,0x00000000,0
3661,0x00000000,0
3662,0x00000000,0
3663,0x00000000,0
3664,0x00000000,0
3665,0x00000000,0
3666,0x00000000,0
3667,0x00000000,0
3668,0x00000000,0
3669,0x00000000,0
3670,0x00000000,0
3671,0x00000000,0
3672,0x00000000,0
3673,0x00000000,0
3674,0x00000000,0
3675,0x00000000,0
3676,0x00000000,0
3677,0x00000000,0
3678,0x00000000,0
3679,0x00000000,0
3680,0x00000000,0
3681,0x00000000,0
3682,0x00000000,0
3683,0x00000000,0
3684,0x00000000,0
3685,0x00000000,0
3686,0x00000000,0
3687,0x00000000,0
3688,0x00000000,0
3689,0x00000000,0
3690,0x00000000,0
3691,0x00000000,0
3692,0x00000000,0
3693,0x00000000,0
3694,0x00000000,0
3695,0x00000000,0
3696,0x00000000,0
3697,0x00000000,0
3698,0x00000000,0
3699,0x00000000,0
3700,0x00000000,0
3701,0x00000000,0
3702,0x00000000,0
3703,0x00000000,0
3704,0x00000000,0
3705,0x00000000,0
3706,0x00000000,0
3707,0x00000000,0
3708,0x00000000,0
3709,0x00000000,0
3710,0x00000000,0
3711,0x00000000,0
3712,0x00000000,0
3713,0x00000000,0
3714,0x00000000,0
3715,0x00000000,0
3716,0x00000000,0
3717,0x00000000,0
3718,0x00000000,0
3719,0x00000000,0
3720,0x00000000,0
3721,0x00000000,0
3722,0x00000000,0
3723,0x00000000,0
3724,0x00000000,0
3725,0x00000000,0
3726,0x00000000,0
3727,0x00000000,0
3728,0x00000000,0
3729,0x00000000,0
3730,0x00000000,0
3731,0x00000000,0
3732,0x00000000,0
3733,0x00000000,0
3734,0x00000000,0
3735,0x00000000,0
3736,0x00000000,0
3737,0x00000000,0
3738,0x00000000,0
3739,0x00000000,0
3740,0x00000000,0
3741,0x00000000,0
3742,0x00000000,0
3743,0x00000000,0
3744,0x00000000,0
3745,0x00000000,0
3746,0x00000000,0
3747,0x00000000,0
3748,0x00000000,0
3749,0x00000000,0
3750,0x00000000,0
3751,0x00000000,0
3752,0x00000000,0
3753,0x00000000,0
3754,0x00000000,0
3755,0x00000000,0
3756,0x00000000,0
3757,0x00000000,0
3758,0x00000000,0
3759,0x00000000,0
3760,0x00000000,0
3761,0x00000000,0
3762,0x00000000,0
3763,0x00000000,0
3764,0x00000000,0
3765,0x00000000,0
3766,0x00000000,0
3767,0x00000000,0
3768,0x00000000,0
3769,0x00000000,0
3770,0x00000000,0
3771,0x00000000,0
3772,0x00000000,0
3773,0x00000000,0
3774,0x00000000,0
3775,0x00000000,0
3776,0x00000000,0
3777,0x00000000,0
3778,0x00000000,0
3779,0x00000000,0
3780,0x00000000,0
3781,0x00000000,0
3782,0x00000000,0
3783,0x00000000,0
3784,0x00000000,0
3785,0x00000000,0
3786,0x00000000,0
3787,0x00000000,0
3788,0x00000000,0
3789,0x00000000,0
3790,0x00000000,0
3791,0x00000000,0
3792,0x00000000,0
3793,0x00000000,0
3794,0x00000000,0
3795,0x00000000,0
3796,0x00000000,0
3797,0x00000000,0
3798,0x00000000,0
3799,0x00000000,0
3800,0x00000000,0
3801,0x00000000,0
3802,0x00000000,0
3803,0x00000000,0
3804,0x00000000,0
3805,0x00000000,0
3806,0x00000000,0
3807,0x00000000,0
3808,0x00000000,0
3809,0x00000000,0
3810,0x00000000,0
3811,0x00000000,0
3812,0x00000000,0
3813,0x00000000,0
3814,0x00000000,0
3815,0x00000000,0
3816,0x00000000,0
3817,0x00000000,0
3818,0x00000000,0
3819,0x00000000,0
3820,0x00000000,0
3821,0x00000000,0
3822,0x00000000,0
3823,0x00000000,0
3824,0x00000000,0
3825,0x00000000,0
3826,0x00000000,0
3827,0x00000000,0
3828,0x00000000,0
3829,0x00000000,0
3830,0x00000000,0
3831,0x00000000,0
3832,0x00000000,0
3833,0x00000000,0
3834,0x00000000,0
3835,0x00000000,0
3836,0x00000000,0
3837,0x00000000,0
3838,0x00000000,0
3839,0x00000000,0
3840,0x00000000,0
3841,0x00000000,0
3842,0x00000000,0
3843,0x00000000,0
3844,0x00000000,0
3845,0x00000000,0
3846,0x00000000,0
3847,0x00000000,0
3848,0x00000000,0
3849,0x00000000,0
3850,0x00000000,0
3851,0x00000000,0
3852,0x00000000,0
3853,0x00000000,0
3854,0x00000000,0
3855,0x00000000,0
3856,0x00000000,0
3857,0x00000000,0
3858,0x00000000,0
3859,0x00000000,0
3860,0x00000000,0
3861,0x00000000,0
3862,0x00000000,0
3863,0x00000000,0
3864,0x00000000,0
3865,0x00000000,0
3866,0x00000000,0
3867,0x00000000,0
3868,0x00000000,0
3869,0x00000000,0
3870,0x00000000,0
3871,0x00000000,0
3872,0x00000000,0
3873,0x00000000,0
3874,0x00000000,0
3875,0x00000000,0
3876,0x00000000,0
3877,0x00000000,0
3878,0x00000000,0
3879,0x00000000,0
3880,0x00000000,0
3881,0x00000000,0
3882,0x00000000,0
3883,0x00000000,0
3884,0x00000000,0
3885,0x00000000,0
3886,0x00000000,0
3887,0x00000000,0
3888,0x00000000,0
3889,0x00000000,0
3890,0x00000000,0
3891,0x00000000,0
3892,0x00000000,0
3893,0x00000000,0
3894,0x00000000,0
3895,0x00000000,0
3896,0x00000000,0
3897,0x00000000,0
3898,0x00000000,0
3899,0x00000000,0
3900,0x00000000,0
3901,0x00000000,0
3902,0x00000000,0
3903,0x00000000,0
3904,0x00000000,0
3905,0x00000000,0
3906,0x00000000,0
3907,0x00000000,0
3908,0x00000000,0
3909,0x00000000,0
3910,0x00000000,0
3911,0x00000000,0
3912,0x00000000,0
3913,0x00000000,0
3914,0x00000000,0
3915,0x00000000,0
3916,0x00000000,0
3917,0x00000000,0
3918,0x00000000,0
3919,0x00000000,0
3920,0x00000000,0
3921,0x00000000,0
3922,0x00000000,0
3923,0x00000000,0
3924,0x00000000,0
3925,0x00000000,0
3926,0x00000000,0
3927,0x00000000,0
3928,0x00000000,0
3929,0x00000000,0
3930,0x00000000,0
3931,0x00000000,0
3932,0x00000000,0
3933,0x00000000,0
3934,0x00000000,0
3935,0x00000000,0
3936,0x00000000,0
3937,0x00000000,0
3938,0x00000000,0
3939,0x00000000,0
3940,0x00000000,0
3941,0x00000000,0
3942,0x00000000,0
3943,0x00000000,0
3944,0x00000000,0
3945,0x00000000,0
3946,0x00000000,0
3947,0x00000000,0
3948,0x00000000,0
3949,0x00000000,0
3950,0x00000000,0
3951,0x00000000,0
3952,0x00000000,0
3953,0x00000000,0
3954,0x00000000,0
3955,0x00000000,0
3956,0x00000000,0
3957,0x00000000,0
3958,0x00000000,0
3959,0x00000000,0
3960,0x00000000,0
3961,0x00000000,0
3962,0x00000000,0
3963,0x00000000,0
3964,0x00000000,0
3965,0x00000000,0
3966,0x00000000,0
3967,0x00000000,0
3968,0x00000000,0
3969,0x00000000,0
3970,0x00000000,0
3971,0x00000000,0
3972,0x00000000,0
3973,0x00000000,0
3974,0x00000000,0
3975,0x00000000,0
3976,0x00000000,0
3977,0x00000000,0
3978,0x00000000,0
3979,0x00000000,0
3980,0x00000000,0
3981,0x00000000,0
3982,0x00000000,0
3983,0x00000000,0
3984,0x00000000,0
3985,0x00000000,0
3986,0x00000000,0
3987,0x00000000,0
3988,0x00000000,0
3989,0x00000000,0
3990,0x00000000,0
3991,0x00000000,0
3992,0x00000000,0
3993,0x00000000,0
3994,0x00000000,0
3995,0x00000000,0
3996,0x00000000,0
3997,0x00000000,0
3998,0x00000000,0
3999,0x00000000,0
4000,0x00000000,0
4001,0x00000000,0
4002,0x00000000,0
4003,0x00000000,0
4004,0x00000000,0
4005,0x00000000,0
4006,0x00000000,0
4007,0x00000000,0
4008,0x00000000,0
4009,0x00000000,0
4010,0x00000000,0
4011,0x00000000,0
4012,0x00000000,0
4013,0x00000000,0
4014,0x00000000,0
4015,0x00000000,0
4016,0x00000000,0
4017,0x00000000,0
4018,0x00000000,0
4019,0x00000000,0
4020,0x00000000,0
4021,0x00000000,0
4022,0x00000000,0
4023,0x00000000,0
4024,0x00000000,0
4025,0x00000000,0
4026,0x00000000,0
4027,0x00000000,0
4028,0x00000000,0
4029,0x00000000,0
4030,0x00000000,0
4031,0x00000000,0
4032,0x00000000,0
4033,0x00000000,0
4034,0x00000000,0
4035,0x00000000,0
4036,0x00000000,0
4037,0x00000000,0
4038,0x00000000,0
4039,0x00000000,0
4040,0x00000000,0
4041,0x00000000,0
4042,0x00000000,0
4043,0x00000000,0
4044,0x00000000,0
4045,0x00000000,0
4046,0x00000000,0
4047,0x00000000,0
4048,0x00000000,0
4049,0x00000000,0
4050,0x00000000,0
4051,0x00000000,0
4052,0x00000000,0
4053,0x00000000,0
4054,0x00000000,0
4055,0x00000000,0
4056,0x00000000,0
4057,0x00000000,0
4058,0x00000000,0
4059,0x00000000,0
4060,0x00000000,0
4061,0x00000000,0
4062,0x00000000,0
4063,0x00000000,0
4064,0x00000000,0
4065,0x00000000,0
4066,0x00000000,0
4067,0x00000000,0
4068,0x00000000,0
4069,0x00000000,0
4070,0x00000000,0
4071,0x00000000,0
4072,0x00000000,0
4073,0x00000000,0
4074,0x00000000,0
4075,0x00000000,0
4076,0x00000000,0
4077,0x00000000,0
4078,0x00000000,0
4079,0x00000000,0
4080,0x00000000,0
4081,0x00000000,0
4082,0x00000000,0
4083,0x00000000,0
4084,0x00000000,0
4085,0x00000000,0
4086,0x00000000,0
4087,0x00000000,0
4088,0x00000000,0
4089,0x00000000,0
4090,0x00000000,0
4091,0x00000000,0
4092,0x00000000,0
4093,0x00000000,0
4094,0x00000000,0
4095,0x00000000,0
