0,0x0000020d,525
1,0x0000025b,603
2,0x000004bd,1213
3,0x00000b0b,2827
4,0x000015ab,5547
5,0x00002729,10025
6,0x00002982,10626
7,0x00002be7,11239
8,0x00003234,12852
9,0x00003cd3,15571
10,0x00005310,21264
11,0x0000532b,21291
12,0x001fbf72,2080626
13,0x001fcc19,2083865
14,0x001fd2fa,2085626
15,0x001fe429,2090025
16,0x001ff329,2093865
17,0x001ffa09,2095625
18,0x00200ae9,2099945
19,0x00201a39,2103865
20,0x00204148,2113864
21,0x00206858,2123864
22,0x00208f68,2133864
23,0x00208f7d,2133885
24,0x00209698,2135704
25,0x0020b6a6,2143910
26,0x0020ddce,2153934
27,0x002104f7,2163959
28,0x00212c20,2173984
29,0x00213326,2175782
30,0x0021532b,2183979
31,0x0021534a,2184010
32,0x00217a74,2194036
33,0x0021a19c,2204060
34,0x0021c8c5,2214085
35,0x0021efee,2224110
36,0x0021f010,2224144
37,0x00221737,2234167
38,0x00223e5f,2244191
39,0x0022658a,2254218
40,0x00228cb3,2264243
41,0x0022b3dd,2274269
42,0x0022db06,2284294
43,0x0023022f,2294319
44,0x00232958,2304344
45,0x00235081,2314369
46,0x002377a9,2324393
47,0x002377c9,2324425
48,0x00239ef1,2334449
49,0x0023c61a,2344474
50,0x0023ed43,2354499
51,0x0024146c,2364524
52,0x00243b94,2374548
53,0x002462bd,2384573
54,0x002489e6,2394598
55,0x0024b10d,2404621
56,0x0024d834,2414644
57,0x0024ff5b,2424667
58,0x0024ff79,2424697
59,0x00250fe6,2428902
60,0x002525ed,2434541
61,0x00252602,2434562
62,0x002526a4,2434724
63,0x002536a5,2438821
64,0x00254d33,2444595
65,0x00254dcc,2444748
66,0x0025745d,2454621
67,0x002574f3,2454771
68,0x00259b86,2464646
69,0x00259c1a,2464794
70,0x0025ac74,2468980
71,0x0025c2b0,2474672
72,0x0025c341,2474817
73,0x0025e981,2484609
74,0x0025e9d9,2484697
75,0x0025ea68,2484840
76,0x00261103,2494723
77,0x00261190,2494864
78,0x0026382d,2504749
79,0x002638b9,2504889
80,0x00264903,2509059
81,0x00265f56,2514774
82,0x00265fe1,2514913
83,0x0026867f,2524799
84,0x00268708,2524936
85,0x00268722,2524962
86,0x0026ada8,2534824
87,0x0026adcb,2534859
88,0x0026ae49,2534985
89,0x0026d4f4,2544884
90,0x0026d572,2545010
91,0x0026fc1c,2554908
92,0x0026fc9b,2555035
93,0x00272344,2564932
94,0x002723c2,2565058
95,0x00274a6d,2574957
96,0x00274ae9,2575081
97,0x00277196,2584982
98,0x00277212,2585106
99,0x002798be,2595006
100,0x0027993b,2595131
101,0x0027bfe7,2605031
102,0x0027c065,2605157
103,0x0027e70f,2615055
104,0x0027e77d,2615165
105,0x0027e78d,2615181
106,0x00280e38,2625080
107,0x00280eb5,2625205
108,0x00280ece,2625230
109,0x00283561,2635105
110,0x0028357c,2635132
111,0x002835f7,2635255
112,0x00285ca5,2645157
113,0x00285d20,2645280
114,0x002883cd,2655181
115,0x0028844a,2655306
116,0x0028aaf6,2665206
117,0x0028ab45,2665285
118,0x0028ab72,2665330
119,0x0028d250,2675280
120,0x0028d29b,2675355
121,0x0028f979,2685305
122,0x0028f9c2,2685378
123,0x002920a3,2695331
124,0x002920ea,2695402
125,0x002947cd,2705357
126,0x00294812,2705426
127,0x00296ef6,2715382
128,0x00296f3a,2715450
129,0x0029961f,2725407
130,0x00299661,2725473
131,0x0029967e,2725502
132,0x0029bd4a,2735434
133,0x0029bd68,2735464
134,0x0029bda6,2735526
135,0x0029e493,2745491
136,0x0029e4cf,2745551
137,0x002a0bbd,2755517
138,0x002a0bf8,2755576
139,0x002a32e5,2765541
140,0x002a3321,2765601
141,0x002a5a0e,2775566
142,0x002a5a4a,2775626
143,0x002a6e54,2780756
144,0x002a8139,2785593
145,0x002a813c,2785596
146,0x002a8174,2785652
147,0x002a8ccc,2788556
148,0x002aa85f,2795615
149,0x002aa89f,2795679
150,0x002ab3dc,2798556
151,0x002acf88,2805640
152,0x002acfc8,2805704
153,0x002adaeb,2808555
154,0x002af6b1,2815665
155,0x002af6f1,2815729
156,0x002b0aba,2820794
157,0x002b1dd9,2825689
158,0x002b1e1a,2825754
159,0x002b1e36,2825782
160,0x002b2918,2828568
161,0x002b292d,2828589
162,0x002b4500,2835712
163,0x002b4519,2835737
164,0x002b4560,2835808
165,0x002b5055,2838613
166,0x002b6c40,2845760
167,0x002b6c88,2845832
168,0x002b777e,2848638
169,0x002b9358,2855768
170,0x002b9367,2855783
171,0x002b93b1,2855857
172,0x002b9ea6,2858662
173,0x002ba749,2860873
174,0x002bba8f,2865807
175,0x002bbada,2865882
176,0x002bc5cf,2868687
177,0x002be1b8,2875832
178,0x002be204,2875908
179,0x002becd4,2878676
180,0x002becf7,2878711
181,0x002c08df,2885855
182,0x002c092e,2885934
183,0x002c1421,2888737
184,0x002c3008,2895880
185,0x002c3058,2895960
186,0x002c3b48,2898760
187,0x002c5732,2905906
188,0x002c5783,2905987
189,0x002c6270,2908784
190,0x002c7e5a,2915930
191,0x002c7e73,2915955
192,0x002c7eac,2916012
193,0x002c8999,2918809
194,0x002c89bc,2918844
195,0x002ca583,2925955
196,0x002ca5d5,2926037
197,0x002ca606,2926086
198,0x002cb0e4,2928868
199,0x002cccad,2935981
200,0x002cccca,2936010
201,0x002ccd30,2936112
202,0x002cd80e,2938894
203,0x002cf3f4,2946036
204,0x002cf459,2946137
205,0x002cff37,2948919
206,0x002d1b1c,2956060
207,0x002d1b84,2956164
208,0x002d2660,2958944
209,0x002d4246,2966086
210,0x002d42ae,2966190
211,0x002d4d89,2968969
212,0x002d696d,2976109
213,0x002d69d6,2976214
214,0x002d74b2,2978994
215,0x002d9095,2986133
216,0x002d90fe,2986238
217,0x002d9bdb,2989019
218,0x002db7be,2996158
219,0x002db827,2996263
220,0x002dc304,2999044
221,0x002ddee8,3006184
222,0x002ddf50,3006288
223,0x002dea2d,3009069
224,0x002e0611,3016209
225,0x002e067b,3016315
226,0x002e1156,3019094
227,0x002e1173,3019123
228,0x002e2d3a,3026234
229,0x002e2da4,3026340
230,0x002e2dc1,3026369
231,0x002e389d,3029149
232,0x002e5464,3036260
233,0x002e547f,3036287
234,0x002e54eb,3036395
235,0x002e5fc7,3039175
236,0x002e7ba8,3046312
237,0x002e7bcf,3046351
238,0x002e7c15,3046421
239,0x002e86f0,3049200
240,0x002ea2d2,3056338
241,0x002ea33d,3056445
242,0x002eae19,3059225
243,0x002ec9fd,3066365
244,0x002eca66,3066470
245,0x002ed543,3069251
246,0x002ef127,3076391
247,0x002ef18f,3076495
248,0x002efc6e,3079278
249,0x002f184f,3086415
250,0x002f18b9,3086521
251,0x002f2396,3089302
252,0x002f3f79,3096441
253,0x002f3fe3,3096547
254,0x002f476b,3098475
255,0x002f4ac0,3099328
256,0x002f64fe,3106046
257,0x002f6512,3106066
258,0x002f66a2,3106466
259,0x002f66d2,3106514
260,0x002f670c,3106572
261,0x002f679a,3106714
262,0x002f71e9,3109353
263,0x002f8c45,3116101
264,0x002f8dcc,3116492
265,0x002f8de2,3116514
266,0x002f8de3,3116515
267,0x002f8e34,3116596
268,0x002f9913,3119379
269,0x002f9932,3119410
270,0x002fa462,3122274
271,0x002fb36d,3126125
272,0x002fb4f4,3126516
273,0x002fb55d,3126621
274,0x002fb57c,3126652
275,0x002fc05c,3129436
276,0x002fda96,3136150
277,0x002fdc1e,3136542
278,0x002fdc3c,3136572
279,0x002fdca6,3136678
280,0x002fe786,3139462
281,0x003001be,3146174
282,0x00300333,3146547
283,0x00300364,3146596
284,0x003003d1,3146705
285,0x00300eaf,3149487
286,0x0030288b,3156107
287,0x003028e8,3156200
288,0x00302a8c,3156620
289,0x00302a98,3156632
290,0x00302af9,3156729
291,0x003035d8,3159512
292,0x00305012,3166226
293,0x003051b5,3166645
294,0x00305222,3166754
295,0x00305d03,3169539
296,0x0030773b,3176251
297,0x003078de,3176670
298,0x0030794a,3176778
299,0x0030842b,3179563
300,0x00309e64,3186276
301,0x0030a007,3186695
302,0x0030a073,3186803
303,0x0030ab55,3189589
304,0x0030c58c,3196300
305,0x0030c727,3196711
306,0x0030c72f,3196719
307,0x0030c79d,3196829
308,0x0030d20c,3199500
309,0x0030d27e,3199614
310,0x0030ecb5,3206325
311,0x0030ecd9,3206361
312,0x0030ee57,3206743
313,0x0030eec6,3206854
314,0x0030f9a8,3209640
315,0x00311403,3216387
316,0x0031157f,3216767
317,0x003115ef,3216879
318,0x003120d1,3219665
319,0x003120ed,3219693
320,0x00313b2b,3226411
321,0x00313ca8,3226792
322,0x00313d19,3226905
323,0x00313d36,3226934
324,0x00314817,3229719
325,0x00316255,3236437
326,0x003163d0,3236816
327,0x003163eb,3236843
328,0x0031645f,3236959
329,0x00316f40,3239744
330,0x0031897e,3246462
331,0x00318b13,3246867
332,0x00318b89,3246985
333,0x0031966a,3249770
334,0x0031b0a8,3256488
335,0x0031b23b,3256891
336,0x0031b2b3,3257011
337,0x0031bd92,3259794
338,0x0031d7d2,3266514
339,0x0031d963,3266915
340,0x0031d9dd,3267037
341,0x0031e4bc,3269820
342,0x0031fefc,3276540
343,0x0032004b,3276875
344,0x0032008c,3276940
345,0x00320107,3277063
346,0x00320be6,3279846
347,0x00322625,3286565
348,0x003227b5,3286965
349,0x0032282f,3287087
350,0x0032330f,3289871
351,0x00324d4d,3296589
352,0x00324edd,3296989
353,0x00324f58,3297112
354,0x00325a39,3299897
355,0x00327477,3306615
356,0x00327493,3306643
357,0x00327605,3307013
358,0x00327681,3307137
359,0x00328126,3309862
360,0x00328162,3309922
361,0x00329bbc,3316668
362,0x00329d2d,3317037
363,0x00329dab,3317163
364,0x0032a88d,3319949
365,0x0032a8a9,3319977
366,0x0032c2e4,3326692
367,0x0032c455,3327061
368,0x0032c4d4,3327188
369,0x0032c4f0,3327216
370,0x0032cfd3,3330003
371,0x0032ea0e,3336718
372,0x0032eb7d,3337085
373,0x0032ebae,3337134
374,0x0032ec18,3337240
375,0x0032f6fc,3340028
376,0x00331137,3346743
377,0x003312c5,3347141
378,0x003312d7,3347159
379,0x00331342,3347266
380,0x00331e26,3350054
381,0x00333860,3356768
382,0x00333a00,3357184
383,0x00333a6a,3357290
384,0x00334550,3360080
385,0x00335f8a,3366794
386,0x00336127,3367207
387,0x00336193,3367315
388,0x00336c7c,3370108
389,0x003386b3,3376819
390,0x00338851,3377233
391,0x003388bc,3377340
392,0x003393a6,3380134
393,0x0033addc,3386844
394,0x0033af7a,3387258
395,0x0033afe4,3387364
396,0x0033bad0,3390160
397,0x0033d506,3396870
398,0x0033d6a3,3397283
399,0x0033d70c,3397388
400,0x0033e1f9,3400185
401,0x0033fc30,3406896
402,0x0033fc4d,3406925
403,0x0033fdcb,3407307
404,0x0033fe36,3407414
405,0x00340922,3410210
406,0x00342375,3416949
407,0x003424f2,3417330
408,0x0034255f,3417439
409,0x0034304b,3420235
410,0x00343067,3420263
411,0x00344a9f,3426975
412,0x00344c1b,3427355
413,0x00344c89,3427465
414,0x00344ca5,3427493
415,0x00345791,3430289
416,0x003471c8,3437000
417,0x00347344,3437380
418,0x00347362,3437410
419,0x003473cd,3437517
420,0x00347ebb,3440315
421,0x003498f2,3447026
422,0x00349a8a,3447434
423,0x00349af6,3447542
424,0x0034a5e5,3450341
425,0x0034c01c,3457052
426,0x0034c1b2,3457458
427,0x0034c21e,3457566
428,0x0034cd0e,3460366
429,0x0034dc71,3464305
430,0x0034e747,3467079
431,0x0034e8da,3467482
432,0x0034e949,3467593
433,0x0034f437,3470391
434,0x00350038,3473464
435,0x00350291,3474065
436,0x00350e70,3477104
437,0x00351004,3477508
438,0x00351020,3477536
439,0x00351072,3477618
440,0x00351b60,3480416
441,0x00352749,3483465
442,0x00353599,3487129
443,0x0035372e,3487534
444,0x0035379c,3487644
445,0x00353e90,3489424
446,0x00354289,3490441
447,0x00354d40,3493184
448,0x00355cc2,3497154
449,0x00355e57,3497559
450,0x00355ec5,3497669
451,0x003569b3,3500467
452,0x0035744f,3503183
453,0x003583ea,3507178
454,0x00358419,3507225
455,0x00358580,3507584
456,0x003585ed,3507693
457,0x003590db,3510491
458,0x00359b87,3513223
459,0x0035ab43,3517251
460,0x0035aca8,3517608
461,0x0035ad14,3517716
462,0x0035b804,3520516
463,0x0035b821,3520545
464,0x0035c3ff,3523583
465,0x0035d26c,3527276
466,0x0035d3d2,3527634
467,0x0035d43e,3527742
468,0x0035d45a,3527770
469,0x0035df4c,3530572
470,0x0035e9b5,3533237
471,0x0035e9ca,3533258
472,0x0035f994,3537300
473,0x0035fafc,3537660
474,0x0035fb18,3537688
475,0x0035fb82,3537794
476,0x00360674,3540596
477,0x003610f3,3543283
478,0x003620bd,3547325
479,0x00362240,3547712
480,0x003622aa,3547818
481,0x00362d9f,3550623
482,0x0036381b,3553307
483,0x003647e8,3557352
484,0x0036496a,3557738
485,0x003649d2,3557842
486,0x003654c9,3560649
487,0x00365f44,3563332
488,0x0036608d,3563661
489,0x00366f12,3567378
490,0x00367094,3567764
491,0x003670fa,3567866
492,0x00367b5d,3570525
493,0x00367bf3,3570675
494,0x0036866c,3573356
495,0x0036963a,3577402
496,0x003697bd,3577789
497,0x00369823,3577891
498,0x0036a31d,3580701
499,0x0036ad3c,3583292
500,0x0036ad95,3583381
501,0x0036bd64,3587428
502,0x0036bd7c,3587452
503,0x0036bee5,3587813
504,0x0036bf4c,3587916
505,0x0036ca48,3590728
506,0x0036d4bd,3593405
507,0x0036e48d,3597453
508,0x0036e60e,3597838
509,0x0036e675,3597941
510,0x0036f172,3600754
511,0x0036fbe6,3603430
512,0x00370bb8,3607480
513,0x00370bd4,3607508
514,0x00370d37,3607863
515,0x00370d9c,3607964
516,0x0037189b,3610779
517,0x0037230d,3613453
518,0x003732fe,3617534
519,0x0037345f,3617887
520,0x003734c6,3617990
521,0x00373fc5,3620805
522,0x00373ff7,3620855
523,0x00374a36,3623478
524,0x00374a5a,3623514
525,0x00375a27,3627559
526,0x00375b87,3627911
527,0x00375bc2,3627970
528,0x00375bef,3628015
529,0x00375c1f,3628063
530,0x0037671f,3630879
531,0x00377182,3633538
532,0x00378151,3637585
533,0x003782af,3637935
534,0x003782cc,3637964
535,0x00378348,3638088
536,0x00378e48,3640904
537,0x003798aa,3643562
538,0x0037a807,3647495
539,0x0037a87a,3647610
540,0x0037a9f5,3647989
541,0x0037aa70,3648112
542,0x0037b571,3650929
543,0x0037bfd3,3653587
544,0x0037cfa5,3657637
545,0x0037d11e,3658014
546,0x0037d198,3658136
547,0x0037dc99,3660953
548,0x0037e6fc,3663612
549,0x0037f6cf,3667663
550,0x0037f847,3668039
551,0x0037f8c2,3668162
552,0x003803c2,3670978
553,0x00380e25,3673637
554,0x00381df9,3677689
555,0x00381f70,3678064
556,0x00381fea,3678186
557,0x00382aec,3681004
558,0x0038354f,3683663
559,0x00384522,3687714
560,0x0038469b,3688091
561,0x00384713,3688211
562,0x00385214,3691028
563,0x00385c77,3693687
564,0x00386c4b,3697739
565,0x00386dc3,3698115
566,0x00386dde,3698142
567,0x00386e3c,3698236
568,0x0038793e,3701054
569,0x003883a0,3703712
570,0x00389375,3707765
571,0x00389390,3707792
572,0x003894ed,3708141
573,0x00389565,3708261
574,0x0038a066,3711078
575,0x0038aac8,3713736
576,0x0038babb,3717819
577,0x0038bc17,3718167
578,0x0038bc8f,3718287
579,0x0038c78f,3721103
580,0x0038c7ac,3721132
581,0x0038d1f1,3723761
582,0x0038d20c,3723788
583,0x0038e1e4,3727844
584,0x0038e340,3728192
585,0x0038e3b8,3728312
586,0x0038e3d6,3728342
587,0x0038eed6,3731158
588,0x0038f934,3733812
589,0x0039090e,3737870
590,0x00390a69,3738217
591,0x00390a87,3738247
592,0x00390aff,3738367
593,0x003915fe,3741182
594,0x00391617,3741207
595,0x0039205d,3743837
596,0x00393038,3747896
597,0x003931ae,3748270
598,0x00393227,3748391
599,0x00393d27,3751207
600,0x00394788,3753864
601,0x00395762,3757922
602,0x003958d7,3758295
603,0x0039594f,3758415
604,0x00396451,3761233
605,0x00396eb2,3763890
606,0x00397e8c,3767948
607,0x00398000,3768320
608,0x00398078,3768440
609,0x00398b7a,3771258
610,0x003995dc,3773916
611,0x0039a5b7,3777975
612,0x0039a716,3778326
613,0x0039a729,3778345
614,0x0039a7a0,3778464
615,0x0039b2a3,3781283
616,0x0039bd05,3783941
617,0x0039cce0,3788000
618,0x0039ce52,3788370
619,0x0039ceca,3788490
620,0x0039d9cc,3791308
621,0x0039e42e,3793966
622,0x0039f40a,3798026
623,0x0039f57b,3798395
624,0x0039f5f5,3798517
625,0x003a00f5,3801333
626,0x003a0b58,3803992
627,0x003a1b34,3808052
628,0x003a1b51,3808081
629,0x003a1ca4,3808420
630,0x003a1d20,3808544
631,0x003a2820,3811360
632,0x003a3280,3814016
633,0x003a427c,3818108
634,0x003a43cd,3818445
635,0x003a444a,3818570
636,0x003a4f4b,3821387
637,0x003a4f6d,3821421
638,0x003a59a9,3824041
639,0x003a59c7,3824071
640,0x003a69a8,3828136
641,0x003a6af5,3828469
642,0x003a6b75,3828597
643,0x003a6b93,3828627
644,0x003a7695,3831445
645,0x003a80f0,3834096
646,0x003a90d2,3838162
647,0x003a921e,3838494
648,0x003a923a,3838522
649,0x003a92bc,3838652
650,0x003a9dbf,3841471
651,0x003aa81a,3844122
652,0x003ab7fb,3848187
653,0x003ab964,3848548
654,0x003ab9e6,3848678
655,0x003ac4ea,3851498
656,0x003acf44,3854148
657,0x003adf25,3858213
658,0x003ae08e,3858574
659,0x003ae10f,3858703
660,0x003aec13,3861523
661,0x003af670,3864176
662,0x003b064f,3868239
663,0x003b07b8,3868600
664,0x003b0838,3868728
665,0x003b133c,3871548
666,0x003b1d98,3874200
667,0x003b2d78,3878264
668,0x003b2ee1,3878625
669,0x003b2f61,3878753
670,0x003b3a64,3881572
671,0x003b44c2,3884226
672,0x003b54a0,3888288
673,0x003b560a,3888650
674,0x003b568a,3888778
675,0x003b618e,3891598
676,0x003b6beb,3894251
677,0x003b7bcb,3898315
678,0x003b7d33,3898675
679,0x003b7db2,3898802
680,0x003b88b7,3901623
681,0x003b9315,3904277
682,0x003ba2f6,3908342
683,0x003ba315,3908373
684,0x003ba45d,3908701
685,0x003ba4dc,3908828
686,0x003ba511,3908881
687,0x003bafe1,3911649
688,0x003bba3f,3914303
689,0x003bca3e,3918398
690,0x003bcb86,3918726
691,0x003bcc05,3918853
692,0x003bd70a,3921674
693,0x003bd728,3921704
694,0x003be168,3924328
695,0x003be185,3924357
696,0x003bf168,3928424
697,0x003bf2b0,3928752
698,0x003bf32e,3928878
699,0x003bf349,3928905
700,0x003bfe51,3931729
701,0x003c08ae,3934382
702,0x003c1890,3938448
703,0x003c19da,3938778
704,0x003c19f7,3938807
705,0x003c1a71,3938929
706,0x003c254e,3941710
707,0x003c257c,3941756
708,0x003c2fd7,3944407
709,0x003c3fba,3948474
710,0x003c4120,3948832
711,0x003c419c,3948956
712,0x003c4ca5,3951781
713,0x003c5702,3954434
714,0x003c66e4,3958500
715,0x003c684a,3958858
716,0x003c68c6,3958982
717,0x003c73ce,3961806
718,0x003c7e2c,3964460
719,0x003c8e0d,3968525
720,0x003c8f72,3968882
721,0x003c8fef,3969007
722,0x003c9af8,3971832
723,0x003ca555,3974485
724,0x003cb535,3978549
725,0x003cb69b,3978907
726,0x003cb717,3979031
727,0x003cc220,3981856
728,0x003ccc7d,3984509
729,0x003cdc5d,3988573
730,0x003cddc3,3988931
731,0x003cde40,3989056
732,0x003ce949,3991881
733,0x003cf3a7,3994535
734,0x003d0387,3998599
735,0x003d04ea,3998954
736,0x003d0568,3999080
737,0x003d1072,4001906
738,0x003d1ad1,4004561
739,0x003d2aaf,4008623
740,0x003d2acd,4008653
741,0x003d2c92,4009106
742,0x003d379c,4011932
743,0x003d41fb,4014587
744,0x003d422e,4014638
745,0x003d51ce,4018638
746,0x003d51f7,4018679
747,0x003d53bc,4019132
748,0x003d5ec3,4021955
749,0x003d5ee0,4021984
750,0x003d6923,4024611
751,0x003d6940,4024640
752,0x003d7920,4028704
753,0x003d7ae5,4029157
754,0x003d7b18,4029208
755,0x003d8608,4032008
756,0x003d9069,4034665
757,0x003da048,4038728
758,0x003da241,4039233
759,0x003dad32,4042034
760,0x003db792,4044690
761,0x003dc772,4048754
762,0x003dc96b,4049259
763,0x003dd45c,4052060
764,0x003ddebb,4054715
765,0x003dec63,4058211
766,0x003dee9b,4058779
767,0x003df094,4059284
768,0x003e05e4,4064740
769,0x003e15c5,4068805
770,0x003e17bd,4069309
771,0x003e2d0c,4074764
772,0x003e2d0d,4074765
773,0x003e3cef,4078831
774,0x003e3df2,4079090
775,0x003e3ee7,4079335
776,0x003e5436,4084790
777,0x003e6418,4088856
778,0x003e6502,4089090
779,0x003e6612,4089362
780,0x003e76d2,4093650
781,0x003e7b60,4094816
782,0x003e8b42,4098882
783,0x003e8c12,4099090
784,0x003e8d3a,4099386
785,0x003ea098,4104344
786,0x003ea288,4104840
787,0x003eb26b,4108907
788,0x003eb289,4108937
789,0x003eb451,4109393
790,0x003eb464,4109412
791,0x003ec7a8,4114344
792,0x003ec90f,4114703
793,0x003ec9b0,4114864
794,0x003ed9b3,4118963
795,0x003eda36,4119094
796,0x003eda4b,4119115
797,0x003edb8d,4119437
798,0x003ef0d9,4124889
799,0x003ef0f6,4124918
800,0x003f00de,4128990
801,0x003f0174,4129140
802,0x003f02b8,4129464
803,0x003f02d4,4129492
804,0x003f0d57,4132183
805,0x003f1361,4133729
806,0x003f181f,4134943
807,0x003f27f6,4138998
808,0x003f2809,4139017
809,0x003f289c,4139164
810,0x003f28bc,4139196
811,0x003f29fd,4139517
812,0x003f3466,4142182
813,0x003f3f48,4144968
814,0x003f4f32,4149042
815,0x003f4fe5,4149221
816,0x003f5126,4149542
817,0x003f5b76,4152182
818,0x003f6436,4154422
819,0x003f6671,4154993
820,0x003f765b,4159067
821,0x003f770d,4159245
822,0x003f784e,4159566
823,0x003f8d9a,4165018
824,0x003f9d85,4169093
825,0x003f9e36,4169270
826,0x003f9f77,4169591
827,0x003fa99b,4172187
828,0x003fa9b0,4172208
829,0x003fb4c4,4175044
830,0x003fc4af,4179119
831,0x003fc55f,4179295
832,0x003fc69f,4179615
833,0x003fd0d8,4182232
834,0x003fdbee,4185070
835,0x003febd9,4189145
836,0x003fec87,4189319
837,0x003fedc9,4189641
838,0x003ff802,4192258
839,0x004000c4,4194500
840,0x00400317,4195095
841,0x00401303,4199171
842,0x004013b0,4199344
843,0x004014f1,4199665
844,0x00401f2c,4202284
845,0x00402a40,4205120
846,0x00403a2d,4209197
847,0x00403a4a,4209226
848,0x00403ac8,4209352
849,0x00403ad9,4209369
850,0x00403c1b,4209691
851,0x00404656,4212310
852,0x00405168,4215144
853,0x00406173,4219251
854,0x00406204,4219396
855,0x00406344,4219716
856,0x00406d67,4222311
857,0x00406d7e,4222334
858,0x00406d9b,4222363
859,0x00407891,4225169
860,0x004078ad,4225197
861,0x004088a0,4229280
862,0x0040892d,4229421
863,0x00408a6e,4229742
864,0x00408a8a,4229770
865,0x004094c3,4232387
866,0x00409fd7,4235223
867,0x0040afca,4239306
868,0x0040b057,4239447
869,0x0040b074,4239476
870,0x0040b1b3,4239795
871,0x0040bbed,4242413
872,0x0040c700,4245248
873,0x0040d6f3,4249331
874,0x0040d79c,4249500
875,0x0040d8dc,4249820
876,0x0040e316,4252438
877,0x0040ee2a,4255274
878,0x0040fe1d,4259357
879,0x0040fec5,4259525
880,0x00410004,4259844
881,0x00410a3e,4262462
882,0x00411552,4265298
883,0x00412546,4269382
884,0x004125ee,4269550
885,0x0041272d,4269869
886,0x00412e54,4271700
887,0x00412e69,4271721
888,0x00412e6b,4271723
889,0x00412e81,4271745
890,0x00412e82,4271746
891,0x00412e84,4271748
892,0x00412ed5,4271829
893,0x00412fb5,4272053
894,0x00413030,4272176
895,0x00413033,4272179
896,0x00413054,4272212
897,0x00413066,4272230
898,0x0041307f,4272255
899,0x00413169,4272489
900,0x00413204,4272644
901,0x00413c7b,4275323
902,0x00414c70,4279408
903,0x00414d17,4279575
904,0x00414e57,4279895
905,0x004157d2,4282322
906,0x004157e8,4282344
907,0x004157e9,4282345
908,0x00415818,4282392
909,0x00415892,4282514
910,0x004158a3,4282531
911,0x004158c3,4282563
912,0x004158c5,4282565
913,0x004158da,4282586
914,0x004158dc,4282588
915,0x004158de,4282590
916,0x004158f7,4282615
917,0x00415a7c,4283004
918,0x004163a5,4285349
919,0x0041739a,4289434
920,0x00417441,4289601
921,0x00417581,4289921
922,0x00417fba,4292538
923,0x00418047,4292679
924,0x0041805d,4292701
925,0x0041805e,4292702
926,0x0041808d,4292749
927,0x00418118,4292888
928,0x00418138,4292920
929,0x00418139,4292921
930,0x00418150,4292944
931,0x00418153,4292947
932,0x0041816d,4292973
933,0x004182f4,4293364
934,0x00418ace,4295374
935,0x00419ac4,4299460
936,0x00419b6b,4299627
937,0x00419ca9,4299945
938,0x0041a6e2,4302562
939,0x0041a8be,4303038
940,0x0041a8d4,4303060
941,0x0041a8d5,4303061
942,0x0041a906,4303110
943,0x0041a98f,4303247
944,0x0041a9af,4303279
945,0x0041a9b0,4303280
946,0x0041a9c7,4303303
947,0x0041a9ca,4303306
948,0x0041a9e3,4303331
949,0x0041ab6b,4303723
950,0x0041b1f8,4305400
951,0x0041c1ee,4309486
952,0x0041c20a,4309514
953,0x0041c294,4309652
954,0x0041c3d2,4309970
955,0x0041ce0b,4312587
956,0x0041d12a,4313386
957,0x0041d140,4313408
958,0x0041d141,4313409
959,0x0041d16a,4313450
960,0x0041d1dc,4313564
961,0x0041d1fd,4313597
962,0x0041d1fe,4313598
963,0x0041d217,4313623
964,0x0041d219,4313625
965,0x0041d231,4313649
966,0x0041d3bb,4314043
967,0x0041d922,4315426
968,0x0041da3b,4315707
969,0x0041da50,4315728
970,0x0041da51,4315729
971,0x0041da67,4315751
972,0x0041da68,4315752
973,0x0041da69,4315753
974,0x0041daad,4315821
975,0x0041db66,4316006
976,0x0041db86,4316038
977,0x0041db87,4316039
978,0x0041db9d,4316061
979,0x0041dbb2,4316082
980,0x0041dbca,4316106
981,0x0041dd4f,4316495
982,0x0041e933,4319539
983,0x0041e9bf,4319679
984,0x0041eafa,4319994
985,0x0041f535,4322613
986,0x0041f553,4322643
987,0x0041f97f,4323711
988,0x0041f995,4323733
989,0x0041f996,4323734
990,0x0041f997,4323735
991,0x0041f9c7,4323783
992,0x0041fa51,4323921
993,0x0041fa72,4323954
994,0x0041fa73,4323955
995,0x0041fa74,4323956
996,0x0041fa8a,4323978
997,0x0041fa8b,4323979
998,0x0041fa8d,4323981
999,0x0041faa4,4324004
1000,0x0041fc33,4324403
1001,0x0042004a,4325450
1002,0x00420067,4325479
1003,0x0042031a,4326170
1004,0x00420330,4326192
1005,0x00420331,4326193
1006,0x0042035c,4326236
1007,0x004203be,4326334
1008,0x004203df,4326367
1009,0x004203e0,4326368
1010,0x004203e1,4326369
1011,0x004203f8,4326392
1012,0x004203fb,4326395
1013,0x00420412,4326418
1014,0x0042059f,4326815
1015,0x0042105d,4329565
1016,0x004210e7,4329703
1017,0x00421224,4330020
1018,0x00421242,4330050
1019,0x00421c7c,4332668
1020,0x00421cc7,4332743
1021,0x00421cdc,4332764
1022,0x00421cf3,4332787
1023,0x00421cf4,4332788
1024,0x00421cf5,4332789
1025,0x00421d37,4332855
1026,0x00421df2,4333042
1027,0x00421e10,4333072
1028,0x00421e11,4333073
1029,0x00421e29,4333097
1030,0x00421e3d,4333117
1031,0x00421e56,4333142
1032,0x00421fef,4333551
1033,0x004221f3,4334067
1034,0x00422209,4334089
1035,0x00422239,4334137
1036,0x004222c4,4334276
1037,0x004222e4,4334308
1038,0x004222e6,4334310
1039,0x004222fc,4334332
1040,0x004222fe,4334334
1041,0x00422316,4334358
1042,0x004224aa,4334762
1043,0x0042278f,4335503
1044,0x00422b5f,4336479
1045,0x00422b75,4336501
1046,0x00422b76,4336502
1047,0x00422b9f,4336543
1048,0x00422bfc,4336636
1049,0x00422c1d,4336669
1050,0x00422c1e,4336670
1051,0x00422c34,4336692
1052,0x00422c39,4336697
1053,0x00422c51,4336721
1054,0x00422def,4337135
1055,0x00423788,4339592
1056,0x00423810,4339728
1057,0x00423844,4339780
1058,0x00423963,4340067
1059,0x0042396b,4340075
1060,0x004243a6,4342694
1061,0x004245a2,4343202
1062,0x004245b7,4343223
1063,0x004245b8,4343224
1064,0x004245e5,4343269
1065,0x00424650,4343376
1066,0x00424651,4343377
1067,0x00424670,4343408
1068,0x00424671,4343409
1069,0x00424687,4343431
1070,0x00424689,4343433
1071,0x0042468a,4343434
1072,0x004246a0,4343456
1073,0x0042483f,4343871
1074,0x00424a67,4344423
1075,0x00424a7d,4344445
1076,0x00424aae,4344494
1077,0x00424b3a,4344634
1078,0x00424b59,4344665
1079,0x00424b5b,4344667
1080,0x00424b71,4344689
1081,0x00424b75,4344693
1082,0x00424b8d,4344717
1083,0x00424d22,4345122
1084,0x00424eb8,4345528
1085,0x004253a4,4346788
1086,0x004253b9,4346809
1087,0x004253ba,4346810
1088,0x004253e3,4346851
1089,0x00425441,4346945
1090,0x00425462,4346978
1091,0x00425463,4346979
1092,0x00425464,4346980
1093,0x0042547b,4347003
1094,0x0042547c,4347004
1095,0x0042547f,4347007
1096,0x00425498,4347032
1097,0x0042563e,4347454
1098,0x00425eb3,4349619
1099,0x00425f6f,4349807
1100,0x00426095,4350101
1101,0x00426ad0,4352720
1102,0x00426deb,4353515
1103,0x00426e00,4353536
1104,0x00426e28,4353576
1105,0x00426e92,4353682
1106,0x00426eb2,4353714
1107,0x00426eb3,4353715
1108,0x00426eb4,4353716
1109,0x00426eca,4353738
1110,0x00426ecb,4353739
1111,0x00426ecc,4353740
1112,0x00426ee3,4353763
1113,0x00427066,4354150
1114,0x004272dd,4354781
1115,0x004272f3,4354803
1116,0x004272f4,4354804
1117,0x00427326,4354854
1118,0x004273b4,4354996
1119,0x004273d4,4355028
1120,0x004273d5,4355029
1121,0x004273d6,4355030
1122,0x004273ee,4355054
1123,0x004273f0,4355056
1124,0x0042740b,4355083
1125,0x0042759a,4355482
1126,0x004275e0,4355552
1127,0x00427be7,4357095
1128,0x00427bfd,4357117
1129,0x00427bfe,4357118
1130,0x00427c26,4357158
1131,0x00427c84,4357252
1132,0x00427ca5,4357285
1133,0x00427ca6,4357286
1134,0x00427ca7,4357287
1135,0x00427cbc,4357308
1136,0x00427cbd,4357309
1137,0x00427cbf,4357311
1138,0x00427cd7,4357335
1139,0x00427e66,4357734
1140,0x004285dd,4359645
1141,0x00428699,4359833
1142,0x004287bd,4360125
1143,0x004291f9,4362745
1144,0x00429634,4363828
1145,0x0042964a,4363850
1146,0x0042964b,4363851
1147,0x00429673,4363891
1148,0x004296db,4363995
1149,0x004296fe,4364030
1150,0x004296ff,4364031
1151,0x00429715,4364053
1152,0x00429718,4364056
1153,0x00429731,4364081
1154,0x004298b6,4364470
1155,0x00429b5b,4365147
1156,0x00429b70,4365168
1157,0x00429b71,4365169
1158,0x00429ba0,4365216
1159,0x00429c2e,4365358
1160,0x00429c50,4365392
1161,0x00429c51,4365393
1162,0x00429c68,4365416
1163,0x00429c6b,4365419
1164,0x00429c85,4365445
1165,0x00429d0a,4365578
1166,0x00429e11,4365841
1167,0x00429fad,4366253
1168,0x00429fc2,4366274
1169,0x00429fc3,4366275
1170,0x00429fd8,4366296
1171,0x00429fd9,4366297
1172,0x0042a01b,4366363
1173,0x0042a0dd,4366557
1174,0x0042a0de,4366558
1175,0x0042a0fd,4366589
1176,0x0042a0fe,4366590
1177,0x0042a117,4366615
1178,0x0042a12a,4366634
1179,0x0042a142,4366658
1180,0x0042a2e1,4367073
1181,0x0042a427,4367399
1182,0x0042a43d,4367421
1183,0x0042a43e,4367422
1184,0x0042a465,4367461
1185,0x0042a4c2,4367554
1186,0x0042a4e2,4367586
1187,0x0042a4e3,4367587
1188,0x0042a4e4,4367588
1189,0x0042a4fe,4367614
1190,0x0042a515,4367637
1191,0x0042a6b5,4368053
1192,0x0042ad07,4369671
1193,0x0042adc4,4369860
1194,0x0042aee7,4370151
1195,0x0042b922,4372770
1196,0x0042be7f,4374143
1197,0x0042be95,4374165
1198,0x0042be96,4374166
1199,0x0042bec0,4374208
1200,0x0042bf29,4374313
1201,0x0042bf48,4374344
1202,0x0042bf49,4374345
1203,0x0042bf4a,4374346
1204,0x0042bf61,4374369
1205,0x0042bf63,4374371
1206,0x0042bf7a,4374394
1207,0x0042c105,4374789
1208,0x0042c3cf,4375503
1209,0x0042c3e5,4375525
1210,0x0042c3e6,4375526
1211,0x0042c414,4375572
1212,0x0042c432,4375602
1213,0x0042c49d,4375709
1214,0x0042c4bd,4375741
1215,0x0042c4be,4375742
1216,0x0042c4d5,4375765
1217,0x0042c4d8,4375768
1218,0x0042c4f1,4375793
1219,0x0042c689,4376201
1220,0x0042c892,4376722
1221,0x0042c8a8,4376744
1222,0x0042c8a9,4376745
1223,0x0042c8d4,4376788
1224,0x0042c93f,4376895
1225,0x0042c95f,4376927
1226,0x0042c960,4376928
1227,0x0042c976,4376950
1228,0x0042c979,4376953
1229,0x0042c98f,4376975
1230,0x0042cb31,4377393
1231,0x0042cc6f,4377711
1232,0x0042cc85,4377733
1233,0x0042cc86,4377734
1234,0x0042ccae,4377774
1235,0x0042cd0e,4377870
1236,0x0042cd2f,4377903
1237,0x0042cd30,4377904
1238,0x0042cd31,4377905
1239,0x0042cd47,4377927
1240,0x0042cd49,4377929
1241,0x0042cd62,4377954
1242,0x0042cf05,4378373
1243,0x0042d430,4379696
1244,0x0042d4ee,4379886
1245,0x0042d610,4380176
1246,0x0042e04b,4382795
1247,0x0042e6d2,4384466
1248,0x0042e6e8,4384488
1249,0x0042e6e9,4384489
1250,0x0042e715,4384533
1251,0x0042e780,4384640
1252,0x0042e7a0,4384672
1253,0x0042e7a1,4384673
1254,0x0042e7a2,4384674
1255,0x0042e7b9,4384697
1256,0x0042e7bc,4384700
1257,0x0042e7d6,4384726
1258,0x0042e97d,4385149
1259,0x0042eb5d,4385629
1260,0x0042ec47,4385863
1261,0x0042ec5d,4385885
1262,0x0042ec5e,4385886
1263,0x0042ec91,4385937
1264,0x0042ed1e,4386078
1265,0x0042ed3e,4386110
1266,0x0042ed3f,4386111
1267,0x0042ed40,4386112
1268,0x0042ed56,4386134
1269,0x0042ed59,4386137
1270,0x0042ed71,4386161
1271,0x0042ef01,4386561
1272,0x0042f0e2,4387042
1273,0x0042f0f8,4387064
1274,0x0042f0f9,4387065
1275,0x0042f126,4387110
1276,0x0042f195,4387221
1277,0x0042f1b6,4387254
1278,0x0042f1b7,4387255
1279,0x0042f1b8,4387256
1280,0x0042f1cf,4387279
1281,0x0042f1d1,4387281
1282,0x0042f1ea,4387306
1283,0x0042f381,4387713
1284,0x0042f4b4,4388020
1285,0x0042f4ca,4388042
1286,0x0042f4cb,4388043
1287,0x0042f4f2,4388082
1288,0x0042f54f,4388175
1289,0x0042f550,4388176
1290,0x0042f56f,4388207
1291,0x0042f571,4388209
1292,0x0042f587,4388231
1293,0x0042f589,4388233
1294,0x0042f5a0,4388256
1295,0x0042f72d,4388653
1296,0x0042fb5b,4389723
1297,0x0042fc19,4389913
1298,0x0042fd3a,4390202
1299,0x00430775,4392821
1300,0x00430f24,4394788
1301,0x00430f3a,4394810
1302,0x00430f62,4394850
1303,0x00430fcc,4394956
1304,0x00430fec,4394988
1305,0x00430fed,4394989
1306,0x00430fee,4394990
1307,0x00431004,4395012
1308,0x00431007,4395015
1309,0x00431020,4395040
1310,0x004311a5,4395429
1311,0x00431287,4395655
1312,0x004314c2,4396226
1313,0x004314d9,4396249
1314,0x00431508,4396296
1315,0x00431591,4396433
1316,0x004315b2,4396466
1317,0x004315b3,4396467
1318,0x004315cb,4396491
1319,0x004315cd,4396493
1320,0x004315e5,4396517
1321,0x00431778,4396920
1322,0x00431935,4397365
1323,0x0043194b,4397387
1324,0x0043194c,4397388
1325,0x00431977,4397431
1326,0x004319e3,4397539
1327,0x00431a05,4397573
1328,0x00431a06,4397574
1329,0x00431a07,4397575
1330,0x00431a08,4397576
1331,0x00431a1e,4397598
1332,0x00431a20,4397600
1333,0x00431a39,4397625
1334,0x00431bd0,4398032
1335,0x00431cee,4398318
1336,0x00431d04,4398340
1337,0x00431d05,4398341
1338,0x00431d2c,4398380
1339,0x00431d89,4398473
1340,0x00431dab,4398507
1341,0x00431dac,4398508
1342,0x00431dc4,4398532
1343,0x00431dc5,4398533
1344,0x00431dc6,4398534
1345,0x00431ddd,4398557
1346,0x00431f7c,4398972
1347,0x00432284,4399748
1348,0x00432342,4399938
1349,0x00432463,4400227
1350,0x00432e9d,4402845
1351,0x0043376f,4405103
1352,0x00433785,4405125
1353,0x00433786,4405126
1354,0x004337b0,4405168
1355,0x0043381a,4405274
1356,0x0043383b,4405307
1357,0x0043383c,4405308
1358,0x00433852,4405330
1359,0x00433853,4405331
1360,0x00433855,4405333
1361,0x0043386e,4405358
1362,0x004339b0,4405680
1363,0x004339f4,4405748
1364,0x00433d35,4406581
1365,0x00433d4b,4406603
1366,0x00433d4c,4406604
1367,0x00433d7b,4406651
1368,0x00433e01,4406785
1369,0x00433e21,4406817
1370,0x00433e22,4406818
1371,0x00433e23,4406819
1372,0x00433e38,4406840
1373,0x00433e3b,4406843
1374,0x00433e52,4406866
1375,0x00433ff0,4407280
1376,0x00434184,4407684
1377,0x0043419a,4407706
1378,0x0043419b,4407707
1379,0x004341c6,4407750
1380,0x00434232,4407858
1381,0x00434251,4407889
1382,0x00434252,4407890
1383,0x00434253,4407891
1384,0x0043426b,4407915
1385,0x0043426e,4407918
1386,0x00434286,4407942
1387,0x00434420,4408352
1388,0x0043452a,4408618
1389,0x00434541,4408641
1390,0x00434569,4408681
1391,0x004345c5,4408773
1392,0x004345e5,4408805
1393,0x004345e6,4408806
1394,0x004345e7,4408807
1395,0x004345ff,4408831
1396,0x00434603,4408835
1397,0x0043461b,4408859
1398,0x004347a4,4409252
1399,0x004349ad,4409773
1400,0x004349cc,4409804
1401,0x00434a6b,4409963
1402,0x00434b8b,4410251
1403,0x00434c38,4410424
1404,0x00434c4d,4410445
1405,0x00434c4f,4410447
1406,0x00434c50,4410448
1407,0x00434c63,4410467
1408,0x00434c64,4410468
1409,0x00434cb5,4410549
1410,0x00434de0,4410848
1411,0x00434de1,4410849
1412,0x00434e47,4410951
1413,0x00434e63,4410979
1414,0x00434e79,4411001
1415,0x00434e7a,4411002
1416,0x00434e7d,4411005
1417,0x00434e8e,4411022
1418,0x00434e91,4411025
1419,0x00434e92,4411026
1420,0x00434ea6,4411046
1421,0x00434ebb,4411067
1422,0x00434ecf,4411087
1423,0x00434ed0,4411088
1424,0x00434ee3,4411107
1425,0x00434ee4,4411108
1426,0x00434ee5,4411109
1427,0x00434efa,4411130
1428,0x00434efb,4411131
1429,0x00434f0e,4411150
1430,0x00434f0f,4411151
1431,0x00434f23,4411171
1432,0x00434f25,4411173
1433,0x00434f38,4411192
1434,0x00434f3a,4411194
1435,0x00434f3b,4411195
1436,0x00434f4c,4411212
1437,0x00434f64,4411236
1438,0x00434fd0,4411344
1439,0x00434fed,4411373
1440,0x00434fee,4411374
1441,0x00434fef,4411375
1442,0x00435005,4411397
1443,0x00435011,4411409
1444,0x00435068,4411496
1445,0x0043507e,4411518
1446,0x004350a6,4411558
1447,0x004350a7,4411559
1448,0x004350c8,4411592
1449,0x004350c9,4411593
1450,0x00435164,4411748
1451,0x00435165,4411749
1452,0x0043518f,4411791
1453,0x00435190,4411792
1454,0x004351a8,4411816
1455,0x004351a9,4411817
1456,0x004351aa,4411818
1457,0x0043533e,4412222
1458,0x00435528,4412712
1459,0x00435541,4412737
1460,0x00435542,4412738
1461,0x00435543,4412739
1462,0x00435559,4412761
1463,0x0043555c,4412764
1464,0x00435561,4412769
1465,0x00435566,4412774
1466,0x00435578,4412792
1467,0x0043557a,4412794
1468,0x0043557c,4412796
1469,0x0043557d,4412797
1470,0x00435592,4412818
1471,0x00435593,4412819
1472,0x00435594,4412820
1473,0x004355aa,4412842
1474,0x004355ab,4412843
1475,0x004355c6,4412870
1476,0x004355c8,4412872
1477,0x004355f6,4412918
1478,0x00435603,4412931
1479,0x00435623,4412963
1480,0x00435626,4412966
1481,0x00435627,4412967
1482,0x00435629,4412969
1483,0x0043563f,4412991
1484,0x00435640,4412992
1485,0x00435654,4413012
1486,0x00435655,4413013
1487,0x00435656,4413014
1488,0x00435668,4413032
1489,0x0043566a,4413034
1490,0x0043566b,4413035
1491,0x0043567f,4413055
1492,0x00435680,4413056
1493,0x00435693,4413075
1494,0x00435694,4413076
1495,0x00435695,4413077
1496,0x0043569e,4413086
1497,0x004356aa,4413098
1498,0x004356ab,4413099
1499,0x004356be,4413118
1500,0x004356bf,4413119
1501,0x004356c0,4413120
1502,0x004356d4,4413140
1503,0x004356d5,4413141
1504,0x004356e9,4413161
1505,0x004356ea,4413162
1506,0x004356eb,4413163
1507,0x00435700,4413184
1508,0x00435701,4413185
1509,0x00435714,4413204
1510,0x00435715,4413205
1511,0x00435716,4413206
1512,0x00435729,4413225
1513,0x0043572b,4413227
1514,0x0043572c,4413228
1515,0x00435740,4413248
1516,0x00435741,4413249
1517,0x00435754,4413268
1518,0x00435756,4413270
1519,0x00435757,4413271
1520,0x0043576a,4413290
1521,0x0043576b,4413291
1522,0x0043576c,4413292
1523,0x0043577f,4413311
1524,0x00435780,4413312
1525,0x00435781,4413313
1526,0x00435795,4413333
1527,0x00435796,4413334
1528,0x00435797,4413335
1529,0x004357aa,4413354
1530,0x004357ab,4413355
1531,0x004357ac,4413356
1532,0x004357c0,4413376
1533,0x004357c1,4413377
1534,0x004357d5,4413397
1535,0x004357d6,4413398
1536,0x004357d7,4413399
1537,0x004357eb,4413419
1538,0x004357ec,4413420
1539,0x004357ed,4413421
1540,0x00435800,4413440
1541,0x00435801,4413441
1542,0x00435804,4413444
1543,0x0043582b,4413483
1544,0x004358ee,4413678
1545,0x00435906,4413702
1546,0x00435922,4413730
1547,0x00435aa6,4414118
1548,0x00435acb,4414155
1549,0x00435acc,4414156
1550,0x00435ae5,4414181
1551,0x00435ae6,4414182
1552,0x00435ae7,4414183
1553,0x00435ae8,4414184
1554,0x00435afa,4414202
1555,0x00435afb,4414203
1556,0x00435afd,4414205
1557,0x00435b0f,4414223
1558,0x00435b11,4414225
1559,0x00435b12,4414226
1560,0x00435b26,4414246
1561,0x00435b27,4414247
1562,0x00435b28,4414248
1563,0x00435c76,4414582
1564,0x00435c80,4414592
1565,0x00435c85,4414597
1566,0x00435c8d,4414605
1567,0x00435c95,4414613
1568,0x00435c96,4414614
1569,0x00435c99,4414617
1570,0x00435c9a,4414618
1571,0x00435ca1,4414625
1572,0x00435ca2,4414626
1573,0x00435caa,4414634
1574,0x00435cab,4414635
1575,0x00435caf,4414639
1576,0x00435cb6,4414646
1577,0x00435cc0,4414656
1578,0x00435cc4,4414660
1579,0x00435ccb,4414667
1580,0x00435cd5,4414677
1581,0x00435cd9,4414681
1582,0x00435ce0,4414688
1583,0x00435cea,4414698
1584,0x00435ced,4414701
1585,0x00435cee,4414702
1586,0x00435cf5,4414709
1587,0x00435d02,4414722
1588,0x00435d0a,4414730
1589,0x00435d17,4414743
1590,0x00435d1f,4414751
1591,0x00435d20,4414752
1592,0x00435d34,4414772
1593,0x00435d35,4414773
1594,0x00435d48,4414792
1595,0x00435d76,4414838
1596,0x00435d79,4414841
1597,0x00435d80,4414848
1598,0x00435d90,4414864
1599,0x00435d97,4414871
1600,0x00435d98,4414872
1601,0x00435d99,4414873
1602,0x00435d9a,4414874
1603,0x00435dad,4414893
1604,0x00435dae,4414894
1605,0x00435daf,4414895
1606,0x00435dc2,4414914
1607,0x00435dc3,4414915
1608,0x00435dc4,4414916
1609,0x00435dd8,4414936
1610,0x00435dd9,4414937
1611,0x00435ddf,4414943
1612,0x00435de1,4414945
1613,0x00435de2,4414946
1614,0x00435df7,4414967
1615,0x00435e0b,4414987
1616,0x00435e0c,4414988
1617,0x00435e0d,4414989
1618,0x00435e21,4415009
1619,0x00435e22,4415010
1620,0x00435e35,4415029
1621,0x00435e36,4415030
1622,0x00435e37,4415031
1623,0x00435e4c,4415052
1624,0x00435e67,4415079
1625,0x00435e69,4415081
1626,0x00435e6d,4415085
1627,0x00435e6e,4415086
1628,0x00435e6f,4415087
1629,0x00435e86,4415110
1630,0x00435e87,4415111
1631,0x00435e88,4415112
1632,0x00435e89,4415113
1633,0x00435e8a,4415114
1634,0x00435e9d,4415133
1635,0x00435e9e,4415134
1636,0x00435e9f,4415135
1637,0x00435eb2,4415154
1638,0x00435eb3,4415155
1639,0x00435eb5,4415157
1640,0x00435eba,4415162
1641,0x00435ebd,4415165
1642,0x00435ebe,4415166
1643,0x00435ecf,4415183
1644,0x00435ed2,4415186
1645,0x00435ed3,4415187
1646,0x00435ee8,4415208
1647,0x00435ee9,4415209
1648,0x00435efc,4415228
1649,0x00435efe,4415230
1650,0x00435f13,4415251
1651,0x00435f14,4415252
1652,0x00435f2c,4415276
1653,0x00435f2d,4415277
1654,0x00435f31,4415281
1655,0x00435f32,4415282
1656,0x00435f48,4415304
1657,0x00435f49,4415305
1658,0x00435f4a,4415306
1659,0x00435f5f,4415327
1660,0x00435f60,4415328
1661,0x00435f73,4415347
1662,0x00435f74,4415348
1663,0x00435f75,4415349
1664,0x00435f79,4415353
1665,0x00435f7b,4415355
1666,0x00435f7c,4415356
1667,0x00435f90,4415376
1668,0x00435f91,4415377
1669,0x00435fa5,4415397
1670,0x00435fa7,4415399
1671,0x00435fbc,4415420
1672,0x00435fbd,4415421
1673,0x00435fd2,4415442
1674,0x00435fd5,4415445
1675,0x00435fd6,4415446
1676,0x00435fdb,4415451
1677,0x00435ff1,4415473
1678,0x00435ff2,4415474
1679,0x00435ff3,4415475
1680,0x00435ff4,4415476
1681,0x00435ff5,4415477
1682,0x00435ffc,4415484
1683,0x00436007,4415495
1684,0x00436008,4415496
1685,0x00436009,4415497
1686,0x0043601c,4415516
1687,0x0043601d,4415517
1688,0x0043601e,4415518
1689,0x00436022,4415522
1690,0x00436024,4415524
1691,0x00436025,4415525
1692,0x00436036,4415542
1693,0x00436039,4415545
1694,0x0043603a,4415546
1695,0x0043603b,4415547
1696,0x0043604e,4415566
1697,0x0043604f,4415567
1698,0x00436050,4415568
1699,0x00436063,4415587
1700,0x00436064,4415588
1701,0x00436065,4415589
1702,0x00436066,4415590
1703,0x0043607e,4415614
1704,0x0043607f,4415615
1705,0x00436083,4415619
1706,0x00436084,4415620
1707,0x00436085,4415621
1708,0x00436087,4415623
1709,0x00436091,4415633
1710,0x00436092,4415634
1711,0x0043609a,4415642
1712,0x0043609b,4415643
1713,0x0043609c,4415644
1714,0x0043609d,4415645
1715,0x0043609e,4415646
1716,0x0043609f,4415647
1717,0x004360b1,4415665
1718,0x004360b2,4415666
1719,0x004360b3,4415667
1720,0x004360c7,4415687
1721,0x004360cb,4415691
1722,0x004360ce,4415694
1723,0x004360cf,4415695
1724,0x004360d9,4415705
1725,0x004360e0,4415712
1726,0x004360e4,4415716
1727,0x004360e5,4415717
1728,0x004360f9,4415737
1729,0x004360fa,4415738
1730,0x00436111,4415761
1731,0x00436112,4415762
1732,0x00436113,4415763
1733,0x00436116,4415766
1734,0x00436117,4415767
1735,0x0043612c,4415788
1736,0x0043612d,4415789
1737,0x0043612e,4415790
1738,0x0043612f,4415791
1739,0x00436143,4415811
1740,0x00436144,4415812
1741,0x00436145,4415813
1742,0x00436146,4415814
1743,0x00436148,4415816
1744,0x00436149,4415817
1745,0x0043614b,4415819
1746,0x0043614c,4415820
1747,0x0043615c,4415836
1748,0x00436161,4415841
1749,0x00436162,4415842
1750,0x00436176,4415862
1751,0x00436177,4415863
1752,0x00436191,4415889
1753,0x00436192,4415890
1754,0x00436196,4415894
1755,0x00436197,4415895
1756,0x004361ae,4415918
1757,0x004361af,4415919
1758,0x004361b0,4415920
1759,0x004361b1,4415921
1760,0x004361c1,4415937
1761,0x004361c5,4415941
1762,0x004361c6,4415942
1763,0x004361ca,4415946
1764,0x004361cc,4415948
1765,0x004361cd,4415949
1766,0x004361ce,4415950
1767,0x004361d6,4415958
1768,0x004361e3,4415971
1769,0x004361e4,4415972
1770,0x004361f7,4415991
1771,0x004361f8,4415992
1772,0x004361ff,4415999
1773,0x00436200,4416000
1774,0x00436201,4416001
1775,0x00436211,4416017
1776,0x00436212,4416018
1777,0x00436216,4416022
1778,0x00436217,4416023
1779,0x00436218,4416024
1780,0x0043621c,4416028
1781,0x0043622d,4416045
1782,0x0043622e,4416046
1783,0x0043622f,4416047
1784,0x00436241,4416065
1785,0x00436243,4416067
1786,0x00436244,4416068
1787,0x00436248,4416072
1788,0x0043624a,4416074
1789,0x0043624b,4416075
1790,0x0043624c,4416076
1791,0x00436260,4416096
1792,0x00436261,4416097
1793,0x00436262,4416098
1794,0x0043627b,4416123
1795,0x0043627c,4416124
1796,0x00436281,4416129
1797,0x00436282,4416130
1798,0x00436297,4416151
1799,0x00436298,4416152
1800,0x00436299,4416153
1801,0x0043629a,4416154
1802,0x004362ad,4416173
1803,0x004362ae,4416174
1804,0x004362af,4416175
1805,0x004362b3,4416179
1806,0x004362b5,4416181
1807,0x004362b6,4416182
1808,0x004362b7,4416183
1809,0x004362cb,4416203
1810,0x004362cc,4416204
1811,0x004362df,4416223
1812,0x004362f6,4416246
1813,0x004362f8,4416248
1814,0x004362fc,4416252
1815,0x004362fd,4416253
1816,0x00436312,4416274
1817,0x00436313,4416275
1818,0x00436314,4416276
1819,0x00436315,4416277
1820,0x00436327,4416295
1821,0x00436328,4416296
1822,0x00436329,4416297
1823,0x0043632d,4416301
1824,0x0043632e,4416302
1825,0x00436330,4416304
1826,0x00436331,4416305
1827,0x00436345,4416325
1828,0x00436346,4416326
1829,0x00436359,4416345
1830,0x00436372,4416370
1831,0x00436373,4416371
1832,0x00436377,4416375
1833,0x00436378,4416376
1834,0x00436389,4416393
1835,0x0043638d,4416397
1836,0x0043638e,4416398
1837,0x0043638f,4416399
1838,0x00436390,4416400
1839,0x004363a3,4416419
1840,0x004363a4,4416420
1841,0x004363a5,4416421
1842,0x004363a9,4416425
1843,0x004363aa,4416426
1844,0x004363ac,4416428
1845,0x004363ad,4416429
1846,0x004363c1,4416449
1847,0x004363c2,4416450
1848,0x004363da,4416474
1849,0x004363db,4416475
1850,0x004363df,4416479
1851,0x004363e0,4416480
1852,0x004363f6,4416502
1853,0x004363f7,4416503
1854,0x004363f8,4416504
1855,0x004363f9,4416505
1856,0x0043640b,4416523
1857,0x0043640c,4416524
1858,0x0043640d,4416525
1859,0x00436412,4416530
1860,0x00436414,4416532
1861,0x00436415,4416533
1862,0x00436416,4416534
1863,0x00436426,4416550
1864,0x00436429,4416553
1865,0x0043642a,4416554
1866,0x00436441,4416577
1867,0x00436443,4416579
1868,0x00436447,4416583
1869,0x00436448,4416584
1870,0x0043645d,4416605
1871,0x0043645e,4416606
1872,0x0043645f,4416607
1873,0x00436460,4416608
1874,0x00436471,4416625
1875,0x00436472,4416626
1876,0x00436473,4416627
1877,0x00436477,4416631
1878,0x00436478,4416632
1879,0x00436479,4416633
1880,0x0043647a,4416634
1881,0x0043647b,4416635
1882,0x0043648f,4416655
1883,0x00436490,4416656
1884,0x004364a7,4416679
1885,0x004364a8,4416680
1886,0x004364ab,4416683
1887,0x004364ac,4416684
1888,0x004364c1,4416705
1889,0x004364c2,4416706
1890,0x004364c3,4416707
1891,0x004364c4,4416708
1892,0x004364c5,4416709
1893,0x004364d8,4416728
1894,0x004364dc,4416732
1895,0x004364dd,4416733
1896,0x004364de,4416734
1897,0x004364df,4416735
1898,0x004364e0,4416736
1899,0x004364f1,4416753
1900,0x004364f3,4416755
1901,0x004364f4,4416756
1902,0x0043651d,4416797
1903,0x0043651e,4416798
1904,0x00436522,4416802
1905,0x00436523,4416803
1906,0x0043653a,4416826
1907,0x0043653b,4416827
1908,0x0043653c,4416828
1909,0x0043653d,4416829
1910,0x0043654f,4416847
1911,0x00436550,4416848
1912,0x00436555,4416853
1913,0x00436557,4416855
1914,0x00436558,4416856
1915,0x00436559,4416857
1916,0x0043656a,4416874
1917,0x0043656d,4416877
1918,0x0043656e,4416878
1919,0x00436585,4416901
1920,0x00436587,4416903
1921,0x00436589,4416905
1922,0x0043658d,4416909
1923,0x0043658e,4416910
1924,0x0043659d,4416925
1925,0x004365a0,4416928
1926,0x004365a3,4416931
1927,0x004365a4,4416932
1928,0x004365a5,4416933
1929,0x004365a6,4416934
1930,0x004365a7,4416935
1931,0x004365b2,4416946
1932,0x004365b5,4416949
1933,0x004365b8,4416952
1934,0x004365bd,4416957
1935,0x004365bf,4416959
1936,0x004365c0,4416960
1937,0x004365c1,4416961
1938,0x004365d5,4416981
1939,0x004365e4,4416996
1940,0x004365ec,4417004
1941,0x004365f0,4417008
1942,0x004365f1,4417009
1943,0x00436606,4417030
1944,0x00436607,4417031
1945,0x00436608,4417032
1946,0x00436609,4417033
1947,0x0043660a,4417034
1948,0x0043660e,4417038
1949,0x00436611,4417041
1950,0x00436612,4417042
1951,0x00436613,4417043
1952,0x00436626,4417062
1953,0x0043663d,4417085
1954,0x0043663e,4417086
1955,0x00436642,4417090
1956,0x00436643,4417091
1957,0x00436658,4417112
1958,0x00436659,4417113
1959,0x0043665a,4417114
1960,0x0043665b,4417115
1961,0x00436660,4417120
1962,0x00436662,4417122
1963,0x00436663,4417123
1964,0x00436664,4417124
1965,0x00436665,4417125
1966,0x00436670,4417136
1967,0x00436676,4417142
1968,0x00436678,4417144
1969,0x0043668f,4417167
1970,0x00436690,4417168
1971,0x00436691,4417169
1972,0x00436693,4417171
1973,0x00436694,4417172
1974,0x00436695,4417173
1975,0x004366a6,4417190
1976,0x004366a7,4417191
1977,0x004366a9,4417193
1978,0x004366aa,4417194
1979,0x004366ab,4417195
1980,0x004366ac,4417196
1981,0x004366ad,4417197
1982,0x004366b1,4417201
1983,0x004366b2,4417202
1984,0x004366b3,4417203
1985,0x004366b4,4417204
1986,0x004366b5,4417205
1987,0x004366b6,4417206
1988,0x004366c5,4417221
1989,0x004366db,4417243
1990,0x004366dc,4417244
1991,0x004366e0,4417248
1992,0x004366e1,4417249
1993,0x004366e2,4417250
1994,0x004366f6,4417270
1995,0x004366f7,4417271
1996,0x004366f8,4417272
1997,0x004366f9,4417273
1998,0x004366fd,4417277
1999,0x004366fe,4417278
2000,0x00436700,4417280
2001,0x00436701,4417281
2002,0x00436702,4417282
2003,0x00436703,4417283
2004,0x0043671a,4417306
2005,0x0043671b,4417307
2006,0x0043671f,4417311
2007,0x00436720,4417312
2008,0x00436724,4417316
2009,0x0043672d,4417325
2010,0x00436730,4417328
2011,0x00436735,4417333
2012,0x00436736,4417334
2013,0x00436737,4417335
2014,0x00436738,4417336
2015,0x00436739,4417337
2016,0x0043673a,4417338
2017,0x0043673d,4417341
2018,0x0043673f,4417343
2019,0x00436740,4417344
2020,0x00436741,4417345
2021,0x00436742,4417346
2022,0x0043674e,4417358
2023,0x00436753,4417363
2024,0x00436754,4417364
2025,0x00436755,4417365
2026,0x00436756,4417366
2027,0x00436758,4417368
2028,0x00436759,4417369
2029,0x0043675d,4417373
2030,0x0043675e,4417374
2031,0x0043676a,4417386
2032,0x0043676b,4417387
2033,0x0043676c,4417388
2034,0x00436773,4417395
2035,0x00436774,4417396
2036,0x00436775,4417397
2037,0x00436776,4417398
2038,0x00436777,4417399
2039,0x0043677b,4417403
2040,0x0043677d,4417405
2041,0x0043677e,4417406
2042,0x0043677f,4417407
2043,0x00436780,4417408
2044,0x00436781,4417409
2045,0x00436782,4417410
2046,0x00436783,4417411
2047,0x00436784,4417412
2048,0x00436794,4417428
2049,0x00436795,4417429
2050,0x00436796,4417430
2051,0x00436797,4417431
2052,0x0043679b,4417435
2053,0x0043679c,4417436
2054,0x004367aa,4417450
2055,0x004367ab,4417451
2056,0x004367ac,4417452
2057,0x004367b2,4417458
2058,0x004367b3,4417459
2059,0x004367b4,4417460
2060,0x004367b5,4417461
2061,0x004367b6,4417462
2062,0x004367bb,4417467
2063,0x004367be,4417470
2064,0x004367bf,4417471
2065,0x004367c0,4417472
2066,0x004367c1,4417473
2067,0x004367d5,4417493
2068,0x004367d7,4417495
2069,0x004367da,4417498
2070,0x004367de,4417502
2071,0x004367df,4417503
2072,0x004367ea,4417514
2073,0x004367eb,4417515
2074,0x004367f4,4417524
2075,0x004367f5,4417525
2076,0x004367f6,4417526
2077,0x004367f7,4417527
2078,0x004367f8,4417528
2079,0x004367f9,4417529
2080,0x004367fc,4417532
2081,0x004367fd,4417533
2082,0x004367ff,4417535
2083,0x00436800,4417536
2084,0x00436801,4417537
2085,0x00436815,4417557
2086,0x00436816,4417558
2087,0x00436817,4417559
2088,0x00436818,4417560
2089,0x0043681a,4417562
2090,0x0043681c,4417564
2091,0x0043681d,4417565
2092,0x0043682c,4417580
2093,0x0043682d,4417581
2094,0x0043682e,4417582
2095,0x00436832,4417586
2096,0x00436833,4417587
2097,0x00436834,4417588
2098,0x00436835,4417589
2099,0x00436836,4417590
2100,0x0043683a,4417594
2101,0x0043683c,4417596
2102,0x0043683d,4417597
2103,0x0043683e,4417598
2104,0x0043683f,4417599
2105,0x00436840,4417600
2106,0x00436851,4417617
2107,0x00436854,4417620
2108,0x00436855,4417621
2109,0x00436856,4417622
2110,0x00436857,4417623
2111,0x0043685b,4417627
2112,0x0043685c,4417628
2113,0x0043686a,4417642
2114,0x0043686c,4417644
2115,0x0043686d,4417645
2116,0x0043686e,4417646
2117,0x00436871,4417649
2118,0x00436872,4417650
2119,0x00436873,4417651
2120,0x00436874,4417652
2121,0x00436878,4417656
2122,0x00436879,4417657
2123,0x0043687c,4417660
2124,0x0043687d,4417661
2125,0x0043687e,4417662
2126,0x00436880,4417664
2127,0x00436895,4417685
2128,0x00436896,4417686
2129,0x0043689a,4417690
2130,0x0043689b,4417691
2131,0x004368b0,4417712
2132,0x004368b1,4417713
2133,0x004368b2,4417714
2134,0x004368b3,4417715
2135,0x004368b4,4417716
2136,0x004368b8,4417720
2137,0x004368b9,4417721
2138,0x004368ba,4417722
2139,0x004368bb,4417723
2140,0x004368bc,4417724
2141,0x004368bd,4417725
2142,0x004368d1,4417745
2143,0x004368d2,4417746
2144,0x004368d4,4417748
2145,0x004368d9,4417753
2146,0x004368da,4417754
2147,0x004368df,4417759
2148,0x004368e7,4417767
2149,0x004368ea,4417770
2150,0x004368ee,4417774
2151,0x004368ef,4417775
2152,0x004368f0,4417776
2153,0x004368f1,4417777
2154,0x004368f2,4417778
2155,0x004368f3,4417779
2156,0x004368f4,4417780
2157,0x004368f6,4417782
2158,0x004368f7,4417783
2159,0x004368f8,4417784
2160,0x004368f9,4417785
2161,0x004368fa,4417786
2162,0x004368fb,4417787
2163,0x00436908,4417800
2164,0x00436909,4417801
2165,0x00436910,4417808
2166,0x00436911,4417809
2167,0x00436912,4417810
2168,0x00436916,4417814
2169,0x00436917,4417815
2170,0x0043691e,4417822
2171,0x00436924,4417828
2172,0x0043692c,4417836
2173,0x0043692d,4417837
2174,0x0043692e,4417838
2175,0x0043692f,4417839
2176,0x00436933,4417843
2177,0x00436935,4417845
2178,0x00436936,4417846
2179,0x00436937,4417847
2180,0x00436938,4417848
2181,0x0043693a,4417850
2182,0x00436948,4417864
2183,0x0043694e,4417870
2184,0x0043694f,4417871
2185,0x00436952,4417874
2186,0x00436953,4417875
2187,0x0043695d,4417885
2188,0x00436964,4417892
2189,0x00436968,4417896
2190,0x00436969,4417897
2191,0x0043696a,4417898
2192,0x0043696b,4417899
2193,0x0043696c,4417900
2194,0x00436970,4417904
2195,0x00436971,4417905
2196,0x00436973,4417907
2197,0x00436974,4417908
2198,0x00436975,4417909
2199,0x00436978,4417912
2200,0x00436979,4417913
2201,0x0043698c,4417932
2202,0x0043698d,4417933
2203,0x0043698e,4417934
2204,0x00436992,4417938
2205,0x00436993,4417939
2206,0x004369a3,4417955
2207,0x004369a8,4417960
2208,0x004369a9,4417961
2209,0x004369aa,4417962
2210,0x004369ab,4417963
2211,0x004369af,4417967
2212,0x004369b0,4417968
2213,0x004369b2,4417970
2214,0x004369b3,4417971
2215,0x004369b4,4417972
2216,0x004369ba,4417978
2217,0x004369bd,4417981
2218,0x004369c2,4417986
2219,0x004369c3,4417987
2220,0x004369cb,4417995
2221,0x004369cc,4417996
2222,0x004369cf,4417999
2223,0x004369d0,4418000
2224,0x004369d1,4418001
2225,0x004369d3,4418003
2226,0x004369da,4418010
2227,0x004369db,4418011
2228,0x004369dc,4418012
2229,0x004369e5,4418021
2230,0x004369e6,4418022
2231,0x004369e7,4418023
2232,0x004369e8,4418024
2233,0x004369e9,4418025
2234,0x004369ea,4418026
2235,0x004369ed,4418029
2236,0x004369ee,4418030
2237,0x004369ef,4418031
2238,0x004369f0,4418032
2239,0x004369f1,4418033
2240,0x004369f2,4418034
2241,0x004369f3,4418035
2242,0x00436a05,4418053
2243,0x00436a06,4418054
2244,0x00436a08,4418056
2245,0x00436a09,4418057
2246,0x00436a0d,4418061
2247,0x00436a0e,4418062
2248,0x00436a14,4418068
2249,0x00436a1a,4418074
2250,0x00436a1b,4418075
2251,0x00436a1c,4418076
2252,0x00436a1f,4418079
2253,0x00436a23,4418083
2254,0x00436a24,4418084
2255,0x00436a25,4418085
2256,0x00436a26,4418086
2257,0x00436a2a,4418090
2258,0x00436a2b,4418091
2259,0x00436a2d,4418093
2260,0x00436a2e,4418094
2261,0x00436a2f,4418095
2262,0x00436a31,4418097
2263,0x00436a32,4418098
2264,0x00436a46,4418118
2265,0x00436a47,4418119
2266,0x00436a48,4418120
2267,0x00436a4a,4418122
2268,0x00436a4b,4418123
2269,0x00436a4c,4418124
2270,0x00436a5b,4418139
2271,0x00436a5c,4418140
2272,0x00436a5d,4418141
2273,0x00436a60,4418144
2274,0x00436a61,4418145
2275,0x00436a62,4418146
2276,0x00436a63,4418147
2277,0x00436a64,4418148
2278,0x00436a66,4418150
2279,0x00436a67,4418151
2280,0x00436a68,4418152
2281,0x00436a6a,4418154
2282,0x00436a6b,4418155
2283,0x00436a6c,4418156
2284,0x00436a6d,4418157
2285,0x00436a7c,4418172
2286,0x00436a7d,4418173
2287,0x00436a81,4418177
2288,0x00436a90,4418192
2289,0x00436a91,4418193
2290,0x00436aa0,4418208
2291,0x00436aa1,4418209
2292,0x00436aa2,4418210
2293,0x00436aa6,4418214
2294,0x00436aa7,4418215
2295,0x00436ab7,4418231
2296,0x00436ab8,4418232
2297,0x00436aba,4418234
2298,0x00436abc,4418236
2299,0x00436ad0,4418256
2300,0x00436ad1,4418257
2301,0x00436ad2,4418258
2302,0x00436ae4,4418276
2303,0x00436ae6,4418278
2304,0x00436afe,4418302
2305,0x00436aff,4418303
2306,0x00436b00,4418304
2307,0x00436b04,4418308
2308,0x00436b05,4418309
2309,0x00436b14,4418324
2310,0x00436b19,4418329
2311,0x00436b1a,4418330
2312,0x00436b1b,4418331
2313,0x00436b1c,4418332
2314,0x00436b1d,4418333
2315,0x00436b21,4418337
2316,0x00436b22,4418338
2317,0x00436b24,4418340
2318,0x00436b25,4418341
2319,0x00436b26,4418342
2320,0x00436b2e,4418350
2321,0x00436b30,4418352
2322,0x00436b31,4418353
2323,0x00436b32,4418354
2324,0x00436b3e,4418366
2325,0x00436b42,4418370
2326,0x00436b43,4418371
2327,0x00436b46,4418374
2328,0x00436b47,4418375
2329,0x00436b4c,4418380
2330,0x00436b58,4418392
2331,0x00436b59,4418393
2332,0x00436b5a,4418394
2333,0x00436b5b,4418395
2334,0x00436b5c,4418396
2335,0x00436b5d,4418397
2336,0x00436b60,4418400
2337,0x00436b62,4418402
2338,0x00436b63,4418403
2339,0x00436b64,4418404
2340,0x00436b72,4418418
2341,0x00436b74,4418420
2342,0x00436b7a,4418426
2343,0x00436b7b,4418427
2344,0x00436b7d,4418429
2345,0x00436b7e,4418430
2346,0x00436b83,4418435
2347,0x00436b84,4418436
2348,0x00436b92,4418450
2349,0x00436b93,4418451
2350,0x00436b99,4418457
2351,0x00436b9a,4418458
2352,0x00436b9b,4418459
2353,0x00436b9c,4418460
2354,0x00436b9d,4418461
2355,0x00436ba0,4418464
2356,0x00436ba1,4418465
2357,0x00436ba3,4418467
2358,0x00436ba4,4418468
2359,0x00436ba5,4418469
2360,0x00436ba6,4418470
2361,0x00436ba7,4418471
2362,0x00436ba8,4418472
2363,0x00436bbb,4418491
2364,0x00436bbc,4418492
2365,0x00436bbd,4418493
2366,0x00436bbe,4418494
2367,0x00436bc0,4418496
2368,0x00436bc1,4418497
2369,0x00436bd2,4418514
2370,0x00436bd3,4418515
2371,0x00436bd6,4418518
2372,0x00436bd7,4418519
2373,0x00436bd8,4418520
2374,0x00436bd9,4418521
2375,0x00436bda,4418522
2376,0x00436bdd,4418525
2377,0x00436bde,4418526
2378,0x00436be0,4418528
2379,0x00436be1,4418529
2380,0x00436be2,4418530
2381,0x00436be7,4418535
2382,0x00436be8,4418536
2383,0x00436bf5,4418549
2384,0x00436bff,4418559
2385,0x00436c00,4418560
2386,0x00436c04,4418564
2387,0x00436c05,4418565
2388,0x00436c16,4418582
2389,0x00436c1a,4418586
2390,0x00436c1b,4418587
2391,0x00436c1c,4418588
2392,0x00436c1d,4418589
2393,0x00436c1e,4418590
2394,0x00436c1f,4418591
2395,0x00436c23,4418595
2396,0x00436c24,4418596
2397,0x00436c25,4418597
2398,0x00436c26,4418598
2399,0x00436c27,4418599
2400,0x00436c28,4418600
2401,0x00436c30,4418608
2402,0x00436c32,4418610
2403,0x00436c33,4418611
2404,0x00436c34,4418612
2405,0x00436c38,4418616
2406,0x00436c3f,4418623
2407,0x00436c43,4418627
2408,0x00436c44,4418628
2409,0x00436c47,4418631
2410,0x00436c48,4418632
2411,0x00436c4a,4418634
2412,0x00436c59,4418649
2413,0x00436c5a,4418650
2414,0x00436c5b,4418651
2415,0x00436c5c,4418652
2416,0x00436c5f,4418655
2417,0x00436c60,4418656
2418,0x00436c61,4418657
2419,0x00436c63,4418659
2420,0x00436c64,4418660
2421,0x00436c65,4418661
2422,0x00436c74,4418676
2423,0x00436c76,4418678
2424,0x00436c7b,4418683
2425,0x00436c7c,4418684
2426,0x00436c7e,4418686
2427,0x00436c7f,4418687
2428,0x00436c80,4418688
2429,0x00436c81,4418689
2430,0x00436c93,4418707
2431,0x00436c96,4418710
2432,0x00436c97,4418711
2433,0x00436c98,4418712
2434,0x00436c99,4418713
2435,0x00436c9a,4418714
2436,0x00436c9d,4418717
2437,0x00436c9e,4418718
2438,0x00436c9f,4418719
2439,0x00436ca0,4418720
2440,0x00436ca1,4418721
2441,0x00436ca2,4418722
2442,0x00436cac,4418732
2443,0x00436cad,4418733
2444,0x00436cb8,4418744
2445,0x00436cb9,4418745
2446,0x00436cbd,4418749
2447,0x00436cbe,4418750
2448,0x00436cc0,4418752
2449,0x00436cc1,4418753
2450,0x00436cc2,4418754
2451,0x00436cd3,4418771
2452,0x00436cd4,4418772
2453,0x00436cd6,4418774
2454,0x00436cda,4418778
2455,0x00436cdb,4418779
2456,0x00436cdd,4418781
2457,0x00436cde,4418782
2458,0x00436cdf,4418783
2459,0x00436ce0,4418784
2460,0x00436cf6,4418806
2461,0x00436cf7,4418807
2462,0x00436cf8,4418808
2463,0x00436cfc,4418812
2464,0x00436cfd,4418813
2465,0x00436d0e,4418830
2466,0x00436d12,4418834
2467,0x00436d13,4418835
2468,0x00436d14,4418836
2469,0x00436d15,4418837
2470,0x00436d16,4418838
2471,0x00436d1b,4418843
2472,0x00436d1d,4418845
2473,0x00436d1e,4418846
2474,0x00436d1f,4418847
2475,0x00436d28,4418856
2476,0x00436d29,4418857
2477,0x00436d2a,4418858
2478,0x00436d35,4418869
2479,0x00436d37,4418871
2480,0x00436d3a,4418874
2481,0x00436d3b,4418875
2482,0x00436d3d,4418877
2483,0x00436d3e,4418878
2484,0x00436d3f,4418879
2485,0x00436d51,4418897
2486,0x00436d52,4418898
2487,0x00436d53,4418899
2488,0x00436d54,4418900
2489,0x00436d58,4418904
2490,0x00436d59,4418905
2491,0x00436d5a,4418906
2492,0x00436d5b,4418907
2493,0x00436d5c,4418908
2494,0x00436d5d,4418909
2495,0x00436d6a,4418922
2496,0x00436d6d,4418925
2497,0x00436d71,4418929
2498,0x00436d74,4418932
2499,0x00436d75,4418933
2500,0x00436d79,4418937
2501,0x00436d7a,4418938
2502,0x00436d7f,4418943
2503,0x00436d86,4418950
2504,0x00436d87,4418951
2505,0x00436d8f,4418959
2506,0x00436d90,4418960
2507,0x00436d91,4418961
2508,0x00436d92,4418962
2509,0x00436d96,4418966
2510,0x00436d97,4418967
2511,0x00436d98,4418968
2512,0x00436d99,4418969
2513,0x00436d9a,4418970
2514,0x00436d9b,4418971
2515,0x00436d9c,4418972
2516,0x00436da1,4418977
2517,0x00436da6,4418982
2518,0x00436db2,4418994
2519,0x00436db6,4418998
2520,0x00436db7,4418999
2521,0x00436db8,4419000
2522,0x00436dc2,4419010
2523,0x00436dc3,4419011
2524,0x00436dc7,4419015
2525,0x00436dc8,4419016
2526,0x00436dcc,4419020
2527,0x00436dcd,4419021
2528,0x00436dce,4419022
2529,0x00436dcf,4419023
2530,0x00436dd3,4419027
2531,0x00436dd4,4419028
2532,0x00436dd6,4419030
2533,0x00436dd7,4419031
2534,0x00436dd8,4419032
2535,0x00436dde,4419038
2536,0x00436ddf,4419039
2537,0x00436de0,4419040
2538,0x00436df0,4419056
2539,0x00436df1,4419057
2540,0x00436df2,4419058
2541,0x00436df3,4419059
2542,0x00436df4,4419060
2543,0x00436df5,4419061
2544,0x00436df6,4419062
2545,0x00436df7,4419063
2546,0x00436e02,4419074
2547,0x00436e05,4419077
2548,0x00436e06,4419078
2549,0x00436e08,4419080
2550,0x00436e09,4419081
2551,0x00436e0b,4419083
2552,0x00436e0c,4419084
2553,0x00436e0d,4419085
2554,0x00436e0e,4419086
2555,0x00436e0f,4419087
2556,0x00436e10,4419088
2557,0x00436e14,4419092
2558,0x00436e16,4419094
2559,0x00436e17,4419095
2560,0x00436e18,4419096
2561,0x00436e1c,4419100
2562,0x00436e1d,4419101
2563,0x00436e1e,4419102
2564,0x00436e1f,4419103
2565,0x00436e21,4419105
2566,0x00436e22,4419106
2567,0x00436e23,4419107
2568,0x00436e24,4419108
2569,0x00436e30,4419120
2570,0x00436e31,4419121
2571,0x00436e32,4419122
2572,0x00436e33,4419123
2573,0x00436e35,4419125
2574,0x00436e36,4419126
2575,0x00436e37,4419127
2576,0x00436e38,4419128
2577,0x00436e39,4419129
2578,0x00436e3e,4419134
2579,0x00436e3f,4419135
2580,0x00436e41,4419137
2581,0x00436e46,4419142
2582,0x00436e47,4419143
2583,0x00436e49,4419145
2584,0x00436e4b,4419147
2585,0x00436e4c,4419148
2586,0x00436e4d,4419149
2587,0x00436e4e,4419150
2588,0x00436e52,4419154
2589,0x00436e53,4419155
2590,0x00436e55,4419157
2591,0x00436e56,4419158
2592,0x00436e57,4419159
2593,0x00436e58,4419160
2594,0x00436e5b,4419163
2595,0x00436e5c,4419164
2596,0x00436e5d,4419165
2597,0x00436e6c,4419180
2598,0x00436e6d,4419181
2599,0x00436e6f,4419183
2600,0x00436e71,4419185
2601,0x00436e72,4419186
2602,0x00436e73,4419187
2603,0x00436e74,4419188
2604,0x00436e84,4419204
2605,0x00436e86,4419206
2606,0x00436e87,4419207
2607,0x00436e89,4419209
2608,0x00436e8a,4419210
2609,0x00436e8b,4419211
2610,0x00436e8c,4419212
2611,0x00436e8d,4419213
2612,0x00436e91,4419217
2613,0x00436e93,4419219
2614,0x00436e94,4419220
2615,0x00436e95,4419221
2616,0x00436e96,4419222
2617,0x00436e99,4419225
2618,0x00436ea0,4419232
2619,0x00436ea1,4419233
2620,0x00436eaf,4419247
2621,0x00436eb0,4419248
2622,0x00436eb6,4419254
2623,0x00436eb7,4419255
2624,0x00436ec6,4419270
2625,0x00436ec8,4419272
2626,0x00436eca,4419274
2627,0x00436ecc,4419276
2628,0x00436ecd,4419277
2629,0x00436ed2,4419282
2630,0x00436ed4,4419284
2631,0x00436ed5,4419285
2632,0x00436ee9,4419305
2633,0x00436eea,4419306
2634,0x00436efe,4419326
2635,0x00436eff,4419327
2636,0x00436f17,4419351
2637,0x00436f18,4419352
2638,0x00436f19,4419353
2639,0x00436f1c,4419356
2640,0x00436f1d,4419357
2641,0x00436f1e,4419358
2642,0x00436f2e,4419374
2643,0x00436f32,4419378
2644,0x00436f33,4419379
2645,0x00436f34,4419380
2646,0x00436f35,4419381
2647,0x00436f36,4419382
2648,0x00436f37,4419383
2649,0x00436f38,4419384
2650,0x00436f3a,4419386
2651,0x00436f3b,4419387
2652,0x00436f3c,4419388
2653,0x00436f3d,4419389
2654,0x00436f3e,4419390
2655,0x00436f3f,4419391
2656,0x00436f46,4419398
2657,0x00436f48,4419400
2658,0x00436f4a,4419402
2659,0x00436f4b,4419403
2660,0x00436f56,4419414
2661,0x00436f59,4419417
2662,0x00436f5d,4419421
2663,0x00436f5e,4419422
2664,0x00436f5f,4419423
2665,0x00436f60,4419424
2666,0x00436f66,4419430
2667,0x00436f68,4419432
2668,0x00436f69,4419433
2669,0x00436f73,4419443
2670,0x00436f74,4419444
2671,0x00436f75,4419445
2672,0x00436f76,4419446
2673,0x00436f77,4419447
2674,0x00436f78,4419448
2675,0x00436f7c,4419452
2676,0x00436f7e,4419454
2677,0x00436f7f,4419455
2678,0x00436f80,4419456
2679,0x00436f81,4419457
2680,0x00436f82,4419458
2681,0x00436f93,4419475
2682,0x00436f94,4419476
2683,0x00436f97,4419479
2684,0x00436f98,4419480
2685,0x00436f99,4419481
2686,0x00436f9d,4419485
2687,0x00436faa,4419498
2688,0x00436fac,4419500
2689,0x00436fb0,4419504
2690,0x00436fb1,4419505
2691,0x00436fb2,4419506
2692,0x00436fb3,4419507
2693,0x00436fb4,4419508
2694,0x00436fb5,4419509
2695,0x00436fb6,4419510
2696,0x00436fba,4419514
2697,0x00436fbc,4419516
2698,0x00436fbd,4419517
2699,0x00436fbe,4419518
2700,0x00436fbf,4419519
2701,0x00436fc6,4419526
2702,0x00436fc8,4419528
2703,0x00436fda,4419546
2704,0x00436fdc,4419548
2705,0x00436fdd,4419549
2706,0x00436fde,4419550
2707,0x00436ff1,4419569
2708,0x00436ff2,4419570
2709,0x00436ff9,4419577
2710,0x00436ffb,4419579
2711,0x00436ffc,4419580
2712,0x0043700d,4419597
2713,0x00437010,4419600
2714,0x00437011,4419601
2715,0x00437012,4419602
2716,0x00437015,4419605
2717,0x0043701e,4419614
2718,0x00437025,4419621
2719,0x00437026,4419622
2720,0x0043702a,4419626
2721,0x00437039,4419641
2722,0x0043703a,4419642
2723,0x0043703e,4419646
2724,0x0043703f,4419647
2725,0x00437043,4419651
2726,0x00437044,4419652
2727,0x00437045,4419653
2728,0x0043704e,4419662
2729,0x0043704f,4419663
2730,0x00437054,4419668
2731,0x00437055,4419669
2732,0x00437059,4419673
2733,0x0043705a,4419674
2734,0x0043705b,4419675
2735,0x0043705c,4419676
2736,0x0043705d,4419677
2737,0x00437061,4419681
2738,0x00437062,4419682
2739,0x00437064,4419684
2740,0x00437065,4419685
2741,0x00437066,4419686
2742,0x00437069,4419689
2743,0x0043706e,4419694
2744,0x0043706f,4419695
2745,0x00437071,4419697
2746,0x00437072,4419698
2747,0x00437078,4419704
2748,0x00437079,4419705
2749,0x0043707e,4419710
2750,0x0043707f,4419711
2751,0x00437083,4419715
2752,0x00437088,4419720
2753,0x00437089,4419721
2754,0x0043708a,4419722
2755,0x0043708b,4419723
2756,0x0043708c,4419724
2757,0x0043708d,4419725
2758,0x00437092,4419730
2759,0x00437093,4419731
2760,0x00437094,4419732
2761,0x00437098,4419736
2762,0x00437099,4419737
2763,0x0043709a,4419738
2764,0x0043709b,4419739
2765,0x0043709c,4419740
2766,0x004370a0,4419744
2767,0x004370a1,4419745
2768,0x004370a3,4419747
2769,0x004370a4,4419748
2770,0x004370a5,4419749
2771,0x004370a7,4419751
2772,0x004370a8,4419752
2773,0x004370a9,4419753
2774,0x004370b4,4419764
2775,0x004370bb,4419771
2776,0x004370bc,4419772
2777,0x004370bd,4419773
2778,0x004370be,4419774
2779,0x004370c2,4419778
2780,0x004370c3,4419779
2781,0x004370c4,4419780
2782,0x004370cc,4419788
2783,0x004370cf,4419791
2784,0x004370d2,4419794
2785,0x004370d3,4419795
2786,0x004370d4,4419796
2787,0x004370d8,4419800
2788,0x004370d9,4419801
2789,0x004370da,4419802
2790,0x004370db,4419803
2791,0x004370df,4419807
2792,0x004370e0,4419808
2793,0x004370e2,4419810
2794,0x004370e3,4419811
2795,0x004370e4,4419812
2796,0x004370e7,4419815
2797,0x004370e8,4419816
2798,0x004370e9,4419817
2799,0x004370ea,4419818
2800,0x004370eb,4419819
2801,0x004370ec,4419820
2802,0x004370f5,4419829
2803,0x004370fc,4419836
2804,0x004370fd,4419837
2805,0x004370fe,4419838
2806,0x004370ff,4419839
2807,0x00437100,4419840
2808,0x00437101,4419841
2809,0x00437106,4419846
2810,0x00437107,4419847
2811,0x00437109,4419849
2812,0x0043710a,4419850
2813,0x0043710b,4419851
2814,0x00437111,4419857
2815,0x00437112,4419858
2816,0x0043711c,4419868
2817,0x0043711f,4419871
2818,0x00437120,4419872
2819,0x0043712c,4419884
2820,0x00437131,4419889
2821,0x00437148,4419912
2822,0x00437149,4419913
2823,0x0043714a,4419914
2824,0x0043714b,4419915
2825,0x0043714e,4419918
2826,0x00437152,4419922
2827,0x00437153,4419923
2828,0x00437156,4419926
2829,0x00437157,4419927
2830,0x00437158,4419928
2831,0x0043715f,4419935
2832,0x00437163,4419939
2833,0x00437164,4419940
2834,0x00437165,4419941
2835,0x00437166,4419942
2836,0x00437167,4419943
2837,0x00437168,4419944
2838,0x00437169,4419945
2839,0x0043716b,4419947
2840,0x0043716c,4419948
2841,0x0043716d,4419949
2842,0x0043716e,4419950
2843,0x0043716f,4419951
2844,0x00437170,4419952
2845,0x00437171,4419953
2846,0x0043717d,4419965
2847,0x0043717e,4419966
2848,0x0043717f,4419967
2849,0x00437180,4419968
2850,0x00437181,4419969
2851,0x00437182,4419970
2852,0x00437183,4419971
2853,0x00437184,4419972
2854,0x00437188,4419976
2855,0x0043718a,4419978
2856,0x0043718b,4419979
2857,0x0043718c,4419980
2858,0x0043718f,4419983
2859,0x00437190,4419984
2860,0x00437192,4419986
2861,0x00437193,4419987
2862,0x00437195,4419989
2863,0x00437199,4419993
2864,0x0043719c,4419996
2865,0x0043719f,4419999
2866,0x004371a0,4420000
2867,0x004371a1,4420001
2868,0x004371a5,4420005
2869,0x004371a6,4420006
2870,0x004371a7,4420007
2871,0x004371a8,4420008
2872,0x004371a9,4420009
2873,0x004371aa,4420010
2874,0x004371ad,4420013
2875,0x004371ae,4420014
2876,0x004371af,4420015
2877,0x004371b0,4420016
2878,0x004371b1,4420017
2879,0x004371b2,4420018
2880,0x004371b8,4420024
2881,0x004371ba,4420026
2882,0x004371bd,4420029
2883,0x004371be,4420030
2884,0x004371bf,4420031
2885,0x004371c0,4420032
2886,0x004371c3,4420035
2887,0x004371c4,4420036
2888,0x004371d3,4420051
2889,0x004371d4,4420052
2890,0x004371d5,4420053
2891,0x004371d6,4420054
2892,0x004371d8,4420056
2893,0x004371d9,4420057
2894,0x004371e7,4420071
2895,0x004371e8,4420072
2896,0x004371e9,4420073
2897,0x004371ea,4420074
2898,0x004371ed,4420077
2899,0x004371ee,4420078
2900,0x004371ef,4420079
2901,0x004371f3,4420083
2902,0x004371f5,4420085
2903,0x004371f6,4420086
2904,0x004371f8,4420088
2905,0x004371f9,4420089
2906,0x004371fa,4420090
2907,0x004371fd,4420093
2908,0x004371fe,4420094
2909,0x00437208,4420104
2910,0x0043720a,4420106
2911,0x0043720b,4420107
2912,0x0043720c,4420108
2913,0x0043720d,4420109
2914,0x0043720e,4420110
2915,0x00437211,4420113
2916,0x00437212,4420114
2917,0x00437213,4420115
2918,0x0043721d,4420125
2919,0x00437220,4420128
2920,0x00437221,4420129
2921,0x00437235,4420149
2922,0x00437236,4420150
2923,0x00437249,4420169
2924,0x0043724a,4420170
2925,0x0043724b,4420171
2926,0x0043725f,4420191
2927,0x00437273,4420211
2928,0x00437274,4420212
2929,0x00437275,4420213
2930,0x00437289,4420233
2931,0x004372a1,4420257
2932,0x004372a2,4420258
2933,0x004372a3,4420259
2934,0x004372a5,4420261
2935,0x004372a6,4420262
2936,0x004372a7,4420263
2937,0x004372aa,4420266
2938,0x004372ab,4420267
2939,0x004372b4,4420276
2940,0x004372b7,4420279
2941,0x004372bd,4420285
2942,0x004372be,4420286
2943,0x004372bf,4420287
2944,0x004372c0,4420288
2945,0x004372c1,4420289
2946,0x004372c2,4420290
2947,0x004372c3,4420291
2948,0x004372c4,4420292
2949,0x004372c7,4420295
2950,0x004372c9,4420297
2951,0x004372ca,4420298
2952,0x004372cb,4420299
2953,0x004372cc,4420300
2954,0x004372d2,4420306
2955,0x004372d4,4420308
2956,0x004372d5,4420309
2957,0x004372d6,4420310
2958,0x004372d7,4420311
2959,0x004372d8,4420312
2960,0x004372db,4420315
2961,0x004372dc,4420316
2962,0x004372dd,4420317
2963,0x004372de,4420318
2964,0x004372df,4420319
2965,0x004372e4,4420324
2966,0x004372e6,4420326
2967,0x004372e9,4420329
2968,0x004372ea,4420330
2969,0x004372eb,4420331
2970,0x004372ec,4420332
2971,0x004372ed,4420333
2972,0x004372ef,4420335
2973,0x004372f2,4420338
2974,0x004372f3,4420339
2975,0x004372fe,4420350
2976,0x004372ff,4420351
2977,0x00437300,4420352
2978,0x00437301,4420353
2979,0x00437302,4420354
2980,0x00437303,4420355
2981,0x00437308,4420360
2982,0x0043730a,4420362
2983,0x0043730b,4420363
2984,0x0043730c,4420364
2985,0x0043730d,4420365
2986,0x0043730e,4420366
2987,0x0043730f,4420367
2988,0x00437315,4420373
2989,0x00437316,4420374
2990,0x00437317,4420375
2991,0x00437324,4420388
2992,0x00437325,4420389
2993,0x00437326,4420390
2994,0x00437327,4420391
2995,0x0043732a,4420394
2996,0x0043732b,4420395
2997,0x0043732d,4420397
2998,0x0043732e,4420398
2999,0x00437331,4420401
3000,0x00437339,4420409
3001,0x0043733b,4420411
3002,0x00437340,4420416
3003,0x00437341,4420417
3004,0x00437342,4420418
3005,0x00437343,4420419
3006,0x00437344,4420420
3007,0x00437346,4420422
3008,0x00437355,4420437
3009,0x00437357,4420439
3010,0x00437358,4420440
3011,0x00437359,4420441
3012,0x0043735b,4420443
3013,0x0043736a,4420458
3014,0x0043736c,4420460
3015,0x00437370,4420464
3016,0x0043737f,4420479
3017,0x00437381,4420481
3018,0x00437382,4420482
3019,0x00437385,4420485
3020,0x00437386,4420486
3021,0x00437397,4420503
3022,0x0043739b,4420507
3023,0x004373ac,4420524
3024,0x004373b3,4420531
3025,0x004373b4,4420532
3026,0x004373b8,4420536
3027,0x004373b9,4420537
3028,0x004373c3,4420547
3029,0x004373c4,4420548
3030,0x004373ca,4420554
3031,0x004373ce,4420558
3032,0x004373cf,4420559
3033,0x004373d0,4420560
3034,0x004373d1,4420561
3035,0x004373d2,4420562
3036,0x004373d3,4420563
3037,0x004373d4,4420564
3038,0x004373d5,4420565
3039,0x004373d9,4420569
3040,0x004373db,4420571
3041,0x004373dc,4420572
3042,0x004373dd,4420573
3043,0x004373de,4420574
3044,0x004373e0,4420576
3045,0x004373e1,4420577
3046,0x004373e5,4420581
3047,0x004373e6,4420582
3048,0x004373e7,4420583
3049,0x004373ec,4420588
3050,0x004373ee,4420590
3051,0x004373ef,4420591
3052,0x004373f0,4420592
3053,0x004373f4,4420596
3054,0x004373f5,4420597
3055,0x004373f6,4420598
3056,0x004373f7,4420599
3057,0x004373f9,4420601
3058,0x004373fa,4420602
3059,0x004373fb,4420603
3060,0x00437403,4420611
3061,0x00437404,4420612
3062,0x0043740b,4420619
3063,0x0043740c,4420620
3064,0x0043740e,4420622
3065,0x0043740f,4420623
3066,0x00437410,4420624
3067,0x00437411,4420625
3068,0x00437412,4420626
3069,0x00437413,4420627
3070,0x00437414,4420628
3071,0x00437418,4420632
3072,0x0043741b,4420635
3073,0x0043741c,4420636
3074,0x0043741d,4420637
3075,0x0043741f,4420639
3076,0x00437421,4420641
3077,0x00437422,4420642
3078,0x00437423,4420643
3079,0x00437425,4420645
3080,0x00437426,4420646
3081,0x00437437,4420663
3082,0x00437439,4420665
3083,0x0043743e,4420670
3084,0x00437440,4420672
3085,0x00437441,4420673
3086,0x0043744c,4420684
3087,0x0043744d,4420685
3088,0x0043744e,4420686
3089,0x00437452,4420690
3090,0x00437454,4420692
3091,0x00437455,4420693
3092,0x00437456,4420694
3093,0x00437458,4420696
3094,0x00437468,4420712
3095,0x00437469,4420713
3096,0x0043746b,4420715
3097,0x0043746c,4420716
3098,0x0043746d,4420717
3099,0x0043747a,4420730
3100,0x0043747f,4420735
3101,0x00437481,4420737
3102,0x00437482,4420738
3103,0x00437496,4420758
3104,0x00437497,4420759
3105,0x00437498,4420760
3106,0x0043749d,4420765
3107,0x004374a0,4420768
3108,0x004374a1,4420769
3109,0x004374ad,4420781
3110,0x004374b6,4420790
3111,0x004374b7,4420791
3112,0x004374c2,4420802
3113,0x004374cb,4420811
3114,0x004374cc,4420812
3115,0x004374cd,4420813
3116,0x004374ce,4420814
3117,0x004374d7,4420823
3118,0x004374d8,4420824
3119,0x004374df,4420831
3120,0x004374e0,4420832
3121,0x004374e1,4420833
3122,0x004374f1,4420849
3123,0x004374f2,4420850
3124,0x004374f3,4420851
3125,0x004374f4,4420852
3126,0x004374f5,4420853
3127,0x004374f6,4420854
3128,0x004374f7,4420855
3129,0x004374f8,4420856
3130,0x00437507,4420871
3131,0x00437508,4420872
3132,0x00437509,4420873
3133,0x0043750a,4420874
3134,0x0043750c,4420876
3135,0x0043750d,4420877
3136,0x0043750e,4420878
3137,0x0043750f,4420879
3138,0x00437510,4420880
3139,0x00437511,4420881
3140,0x00437512,4420882
3141,0x00437513,4420883
3142,0x00437516,4420886
3143,0x00437517,4420887
3144,0x00437518,4420888
3145,0x00437519,4420889
3146,0x0043751a,4420890
3147,0x0043751b,4420891
3148,0x0043751e,4420894
3149,0x0043751f,4420895
3150,0x00437521,4420897
3151,0x00437522,4420898
3152,0x00437523,4420899
3153,0x00437525,4420901
3154,0x00437526,4420902
3155,0x00437527,4420903
3156,0x00437528,4420904
3157,0x00437529,4420905
3158,0x0043752a,4420906
3159,0x0043752b,4420907
3160,0x0043752c,4420908
3161,0x00437531,4420913
3162,0x00437532,4420914
3163,0x00437533,4420915
3164,0x00437534,4420916
3165,0x00437536,4420918
3166,0x00437537,4420919
3167,0x00437539,4420921
3168,0x0043753a,4420922
3169,0x0043753b,4420923
3170,0x0043753c,4420924
3171,0x0043753d,4420925
3172,0x0043753f,4420927
3173,0x00437548,4420936
3174,0x00437549,4420937
3175,0x0043754c,4420940
3176,0x0043754d,4420941
3177,0x0043754e,4420942
3178,0x0043754f,4420943
3179,0x00437550,4420944
3180,0x00437551,4420945
3181,0x00437552,4420946
3182,0x00437553,4420947
3183,0x00437554,4420948
3184,0x00437557,4420951
3185,0x00437558,4420952
3186,0x00437559,4420953
3187,0x0043755d,4420957
3188,0x0043755e,4420958
3189,0x00437563,4420963
3190,0x00437565,4420965
3191,0x00437567,4420967
3192,0x00437568,4420968
3193,0x0043756b,4420971
3194,0x0043756c,4420972
3195,0x0043756d,4420973
3196,0x0043756e,4420974
3197,0x0043756f,4420975
3198,0x00437570,4420976
3199,0x00437573,4420979
3200,0x00437581,4420993
3201,0x00437582,4420994
3202,0x00437583,4420995
3203,0x00437585,4420997
3204,0x00437586,4420998
3205,0x00437595,4421013
3206,0x00437597,4421015
3207,0x0043759a,4421018
3208,0x0043759b,4421019
3209,0x004375a9,4421033
3210,0x004375ab,4421035
3211,0x004375ac,4421036
3212,0x004375af,4421039
3213,0x004375b0,4421040
3214,0x004375c5,4421061
3215,0x004375dd,4421085
3216,0x004375de,4421086
3217,0x004375df,4421087
3218,0x004375e2,4421090
3219,0x004375e3,4421091
3220,0x004375e4,4421092
3221,0x004375f4,4421108
3222,0x004375f8,4421112
3223,0x004375f9,4421113
3224,0x004375fa,4421114
3225,0x004375fb,4421115
3226,0x004375fc,4421116
3227,0x004375fd,4421117
3228,0x004375fe,4421118
3229,0x004375ff,4421119
3230,0x00437603,4421123
3231,0x00437604,4421124
3232,0x00437606,4421126
3233,0x00437607,4421127
3234,0x00437608,4421128
3235,0x0043760a,4421130
3236,0x0043760b,4421131
3237,0x0043760d,4421133
3238,0x0043760e,4421134
3239,0x0043760f,4421135
3240,0x00437611,4421137
3241,0x00437612,4421138
3242,0x00437613,4421139
3243,0x00437614,4421140
3244,0x00437615,4421141
3245,0x00437617,4421143
3246,0x00437618,4421144
3247,0x00437619,4421145
3248,0x0043761f,4421151
3249,0x00437620,4421152
3250,0x00437622,4421154
3251,0x00437623,4421155
3252,0x00437624,4421156
3253,0x00437625,4421157
3254,0x00437626,4421158
3255,0x00437627,4421159
3256,0x00437628,4421160
3257,0x00437629,4421161
3258,0x0043762c,4421164
3259,0x00437634,4421172
3260,0x00437637,4421175
3261,0x00437639,4421177
3262,0x0043763a,4421178
3263,0x0043763b,4421179
3264,0x0043763c,4421180
3265,0x0043763d,4421181
3266,0x0043763e,4421182
3267,0x00437641,4421185
3268,0x00437642,4421186
3269,0x00437643,4421187
3270,0x00437644,4421188
3271,0x00437645,4421189
3272,0x00437646,4421190
3273,0x00437647,4421191
3274,0x0043764c,4421196
3275,0x00437651,4421201
3276,0x00437652,4421202
3277,0x00437653,4421203
3278,0x00437657,4421207
3279,0x00437658,4421208
3280,0x00437659,4421209
3281,0x0043765a,4421210
3282,0x0043765b,4421211
3283,0x0043765c,4421212
3284,0x00437660,4421216
3285,0x00437661,4421217
3286,0x0043766f,4421231
3287,0x00437670,4421232
3288,0x00437671,4421233
3289,0x00437675,4421237
3290,0x00437676,4421238
3291,0x00437684,4421252
3292,0x00437685,4421253
3293,0x00437686,4421254
3294,0x00437687,4421255
3295,0x0043768a,4421258
3296,0x0043768b,4421259
3297,0x0043769a,4421274
3298,0x0043769b,4421275
3299,0x0043769c,4421276
3300,0x0043769f,4421279
3301,0x004376a0,4421280
3302,0x004376b4,4421300
3303,0x004376b5,4421301
3304,0x004376b6,4421302
3305,0x004376b7,4421303
3306,0x004376ba,4421306
3307,0x004376bb,4421307
3308,0x004376bc,4421308
3309,0x004376c9,4421321
3310,0x004376ca,4421322
3311,0x004376cc,4421324
3312,0x004376cf,4421327
3313,0x004376d0,4421328
3314,0x004376d1,4421329
3315,0x004376d2,4421330
3316,0x004376d3,4421331
3317,0x004376d4,4421332
3318,0x004376d5,4421333
3319,0x004376d6,4421334
3320,0x004376da,4421338
3321,0x004376db,4421339
3322,0x004376dd,4421341
3323,0x004376de,4421342
3324,0x004376df,4421343
3325,0x004376e0,4421344
3326,0x004376e4,4421348
3327,0x004376e5,4421349
3328,0x004376e6,4421350
3329,0x004376e8,4421352
3330,0x004376e9,4421353
3331,0x004376ea,4421354
3332,0x004376eb,4421355
3333,0x004376ec,4421356
3334,0x004376ed,4421357
3335,0x004376ee,4421358
3336,0x004376f5,4421365
3337,0x004376f6,4421366
3338,0x004376fc,4421372
3339,0x004376fd,4421373
3340,0x004376fe,4421374
3341,0x004376ff,4421375
3342,0x00437702,4421378
3343,0x00437711,4421393
3344,0x00437712,4421394
3345,0x00437713,4421395
3346,0x00437714,4421396
3347,0x00437715,4421397
3348,0x00437716,4421398
3349,0x00437719,4421401
3350,0x0043771a,4421402
3351,0x0043771c,4421404
3352,0x0043771d,4421405
3353,0x00437727,4421415
3354,0x00437728,4421416
3355,0x0043772b,4421419
3356,0x0043772c,4421420
3357,0x0043772e,4421422
3358,0x0043772f,4421423
3359,0x00437732,4421426
3360,0x00437740,4421440
3361,0x00437741,4421441
3362,0x00437744,4421444
3363,0x00437745,4421445
3364,0x00437746,4421446
3365,0x00437747,4421447
3366,0x00437748,4421448
3367,0x00437756,4421462
3368,0x00437759,4421465
3369,0x0043775a,4421466
3370,0x0043775c,4421468
3371,0x0043775d,4421469
3372,0x0043776c,4421484
3373,0x00437781,4421505
3374,0x00437782,4421506
3375,0x00437798,4421528
3376,0x0043779d,4421533
3377,0x0043779e,4421534
3378,0x004377a0,4421536
3379,0x004377b5,4421557
3380,0x004377ca,4421578
3381,0x004377cb,4421579
3382,0x004377df,4421599
3383,0x004377e0,4421600
3384,0x004377f3,4421619
3385,0x004377f4,4421620
3386,0x004377f5,4421621
3387,0x00437809,4421641
3388,0x0043780a,4421642
3389,0x0043781e,4421662
3390,0x0043781f,4421663
3391,0x00437836,4421686
3392,0x00437837,4421687
3393,0x00437838,4421688
3394,0x00437839,4421689
3395,0x0043783a,4421690
3396,0x0043783c,4421692
3397,0x0043783d,4421693
3398,0x0043783e,4421694
3399,0x0043783f,4421695
3400,0x0043784e,4421710
3401,0x00437851,4421713
3402,0x00437852,4421714
3403,0x00437853,4421715
3404,0x00437854,4421716
3405,0x00437855,4421717
3406,0x00437856,4421718
3407,0x00437857,4421719
3408,0x00437858,4421720
3409,0x00437859,4421721
3410,0x0043785a,4421722
3411,0x0043785b,4421723
3412,0x0043785f,4421727
3413,0x00437860,4421728
3414,0x00437863,4421731
3415,0x00437864,4421732
3416,0x00437865,4421733
3417,0x00437866,4421734
3418,0x00437867,4421735
3419,0x00437868,4421736
3420,0x00437869,4421737
3421,0x0043786a,4421738
3422,0x0043786c,4421740
3423,0x0043786d,4421741
3424,0x00437871,4421745
3425,0x00437872,4421746
3426,0x00437874,4421748
3427,0x00437875,4421749
3428,0x00437876,4421750
3429,0x0043787a,4421754
3430,0x0043787d,4421757
3431,0x0043787e,4421758
3432,0x0043787f,4421759
3433,0x00437880,4421760
3434,0x00437881,4421761
3435,0x00437882,4421762
3436,0x00437883,4421763
3437,0x00437884,4421764
3438,0x00437887,4421767
3439,0x00437888,4421768
3440,0x00437893,4421779
3441,0x00437894,4421780
3442,0x00437896,4421782
3443,0x00437897,4421783
3444,0x00437898,4421784
3445,0x0043789c,4421788
3446,0x0043789d,4421789
3447,0x004378a7,4421799
3448,0x004378a9,4421801
3449,0x004378aa,4421802
3450,0x004378ac,4421804
3451,0x004378b0,4421808
3452,0x004378b1,4421809
3453,0x004378b2,4421810
3454,0x004378b3,4421811
3455,0x004378b4,4421812
3456,0x004378bc,4421820
3457,0x004378be,4421822
3458,0x004378c3,4421827
3459,0x004378c4,4421828
3460,0x004378c7,4421831
3461,0x004378c8,4421832
3462,0x004378c9,4421833
3463,0x004378ca,4421834
3464,0x004378db,4421851
3465,0x004378dc,4421852
3466,0x004378dd,4421853
3467,0x004378de,4421854
3468,0x004378ef,4421871
3469,0x004378f2,4421874
3470,0x004378f3,4421875
3471,0x00437904,4421892
3472,0x00437907,4421895
3473,0x00437908,4421896
3474,0x0043791c,4421916
3475,0x0043791d,4421917
3476,0x00437934,4421940
3477,0x00437935,4421941
3478,0x00437936,4421942
3479,0x00437937,4421943
3480,0x00437938,4421944
3481,0x00437939,4421945
3482,0x0043793a,4421946
3483,0x0043793b,4421947
3484,0x0043793c,4421948
3485,0x0043793d,4421949
3486,0x0043794c,4421964
3487,0x0043794f,4421967
3488,0x00437950,4421968
3489,0x00437951,4421969
3490,0x00437952,4421970
3491,0x00437953,4421971
3492,0x00437954,4421972
3493,0x00437955,4421973
3494,0x00437956,4421974
3495,0x00437957,4421975
3496,0x00437958,4421976
3497,0x00437959,4421977
3498,0x0043795c,4421980
3499,0x0043795d,4421981
3500,0x0043795e,4421982
3501,0x0043795f,4421983
3502,0x00437960,4421984
3503,0x00437961,4421985
3504,0x00437962,4421986
3505,0x00437963,4421987
3506,0x00437964,4421988
3507,0x00437965,4421989
3508,0x00437966,4421990
3509,0x00437967,4421991
3510,0x00437968,4421992
3511,0x00437969,4421993
3512,0x0043796a,4421994
3513,0x0043796b,4421995
3514,0x0043796c,4421996
3515,0x0043796d,4421997
3516,0x0043797b,4422011
3517,0x0043797c,4422012
3518,0x0043797e,4422014
3519,0x0043797f,4422015
3520,0x00437980,4422016
3521,0x00437981,4422017
3522,0x00437985,4422021
3523,0x00437988,4422024
3524,0x00437989,4422025
3525,0x00437991,4422033
3526,0x00437992,4422034
3527,0x00437993,4422035
3528,0x00437994,4422036
3529,0x00437995,4422037
3530,0x00437996,4422038
3531,0x00437999,4422041
3532,0x0043799a,4422042
3533,0x0043799d,4422045
3534,0x0043799e,4422046
3535,0x004379a8,4422056
3536,0x004379a9,4422057
3537,0x004379ad,4422061
3538,0x004379ae,4422062
3539,0x004379af,4422063
3540,0x004379b0,4422064
3541,0x004379b3,4422067
3542,0x004379c2,4422082
3543,0x004379c4,4422084
3544,0x004379c5,4422085
3545,0x004379c6,4422086
3546,0x004379d9,4422105
3547,0x004379da,4422106
3548,0x004379db,4422107
3549,0x004379f0,4422128
3550,0x00437a09,4422153
3551,0x00437a0a,4422154
3552,0x00437a0b,4422155
3553,0x00437a0e,4422158
3554,0x00437a0f,4422159
3555,0x00437a20,4422176
3556,0x00437a24,4422180
3557,0x00437a25,4422181
3558,0x00437a26,4422182
3559,0x00437a27,4422183
3560,0x00437a28,4422184
3561,0x00437a29,4422185
3562,0x00437a2a,4422186
3563,0x00437a2b,4422187
3564,0x00437a2c,4422188
3565,0x00437a2d,4422189
3566,0x00437a2f,4422191
3567,0x00437a31,4422193
3568,0x00437a32,4422194
3569,0x00437a33,4422195
3570,0x00437a34,4422196
3571,0x00437a35,4422197
3572,0x00437a36,4422198
3573,0x00437a37,4422199
3574,0x00437a39,4422201
3575,0x00437a3a,4422202
3576,0x00437a3b,4422203
3577,0x00437a3c,4422204
3578,0x00437a3d,4422205
3579,0x00437a3e,4422206
3580,0x00437a3f,4422207
3581,0x00437a40,4422208
3582,0x00437a50,4422224
3583,0x00437a51,4422225
3584,0x00437a52,4422226
3585,0x00437a53,4422227
3586,0x00437a54,4422228
3587,0x00437a55,4422229
3588,0x00437a56,4422230
3589,0x00437a59,4422233
3590,0x00437a5a,4422234
3591,0x00437a66,4422246
3592,0x00437a67,4422247
3593,0x00437a68,4422248
3594,0x00437a69,4422249
3595,0x00437a6a,4422250
3596,0x00437a6d,4422253
3597,0x00437a6e,4422254
3598,0x00437a6f,4422255
3599,0x00437a70,4422256
3600,0x00437a71,4422257
3601,0x00437a72,4422258
3602,0x00437a73,4422259
3603,0x00437a83,4422275
3604,0x00437a84,4422276
3605,0x00437a85,4422277
3606,0x00437a86,4422278
3607,0x00437a87,4422279
3608,0x00437a88,4422280
3609,0x00437a99,4422297
3610,0x00437a9a,4422298
3611,0x00437a9b,4422299
3612,0x00437a9c,4422300
3613,0x00437aaf,4422319
3614,0x00437ac6,4422342
3615,0x00437ac7,4422343
3616,0x00437ac8,4422344
3617,0x00437ac9,4422345
3618,0x00437aca,4422346
3619,0x00437acb,4422347
3620,0x00437acc,4422348
3621,0x00437acd,4422349
3622,0x00437ace,4422350
3623,0x00437acf,4422351
3624,0x00437adf,4422367
3625,0x00437ae1,4422369
3626,0x00437ae2,4422370
3627,0x00437ae3,4422371
3628,0x00437ae4,4422372
3629,0x00437ae5,4422373
3630,0x00437ae6,4422374
3631,0x00437ae7,4422375
3632,0x00437ae8,4422376
3633,0x00437ae9,4422377
3634,0x00437aea,4422378
3635,0x00437aeb,4422379
3636,0x00437aed,4422381
3637,0x00437aee,4422382
3638,0x00437aef,4422383
3639,0x00437af0,4422384
3640,0x00437af1,4422385
3641,0x00437af2,4422386
3642,0x00437af3,4422387
3643,0x00437af8,4422392
3644,0x00437af9,4422393
3645,0x00437afa,4422394
3646,0x00437afb,4422395
3647,0x00437afc,4422396
3648,0x00437afd,4422397
3649,0x00437afe,4422398
3650,0x00437b0d,4422413
3651,0x00437b0e,4422414
3652,0x00437b0f,4422415
3653,0x00437b10,4422416
3654,0x00437b12,4422418
3655,0x00437b13,4422419
3656,0x00437b14,4422420
3657,0x00437b15,4422421
3658,0x00437b16,4422422
3659,0x00437b18,4422424
3660,0x00437b19,4422425
3661,0x00437b22,4422434
3662,0x00437b24,4422436
3663,0x00437b26,4422438
3664,0x00437b28,4422440
3665,0x00437b29,4422441
3666,0x00437b2b,4422443
3667,0x00437b2c,4422444
3668,0x00437b2d,4422445
3669,0x00437b2e,4422446
3670,0x00437b2f,4422447
3671,0x00437b3c,4422460
3672,0x00437b3e,4422462
3673,0x00437b40,4422464
3674,0x00437b41,4422465
3675,0x00437b42,4422466
3676,0x00437b43,4422467
3677,0x00437b44,4422468
3678,0x00437b45,4422469
3679,0x00437b46,4422470
3680,0x00437b47,4422471
3681,0x00437b55,4422485
3682,0x00437b5b,4422491
3683,0x00437b5c,4422492
3684,0x00437b70,4422512
3685,0x00437b71,4422513
3686,0x00437b88,4422536
3687,0x00437b89,4422537
3688,0x00437b8a,4422538
3689,0x00437b8d,4422541
3690,0x00437b8e,4422542
3691,0x00437b8f,4422543
3692,0x00437b90,4422544
3693,0x00437b91,4422545
3694,0x00437b9e,4422558
3695,0x00437ba3,4422563
3696,0x00437ba4,4422564
3697,0x00437ba5,4422565
3698,0x00437ba6,4422566
3699,0x00437ba7,4422567
3700,0x00437ba8,4422568
3701,0x00437ba9,4422569
3702,0x00437baa,4422570
3703,0x00437bab,4422571
3704,0x00437bad,4422573
3705,0x00437bae,4422574
3706,0x00437baf,4422575
3707,0x00437bb0,4422576
3708,0x00437bb1,4422577
3709,0x00437bb2,4422578
3710,0x00437bb3,4422579
3711,0x00437bb4,4422580
3712,0x00437bb5,4422581
3713,0x00437bb8,4422584
3714,0x00437bb9,4422585
3715,0x00437bba,4422586
3716,0x00437bbb,4422587
3717,0x00437bbc,4422588
3718,0x00437bbd,4422589
3719,0x00437bbe,4422590
3720,0x00437bbf,4422591
3721,0x00437bce,4422606
3722,0x00437bcf,4422607
3723,0x00437bd2,4422610
3724,0x00437bd3,4422611
3725,0x00437bd4,4422612
3726,0x00437bd5,4422613
3727,0x00437bd6,4422614
3728,0x00437bd7,4422615
3729,0x00437be7,4422631
3730,0x00437be8,4422632
3731,0x00437be9,4422633
3732,0x00437bec,4422636
3733,0x00437bed,4422637
3734,0x00437bee,4422638
3735,0x00437bef,4422639
3736,0x00437bf0,4422640
3737,0x00437bf1,4422641
3738,0x00437bfd,4422653
3739,0x00437c03,4422659
3740,0x00437c04,4422660
3741,0x00437c05,4422661
3742,0x00437c06,4422662
3743,0x00437c07,4422663
3744,0x00437c1b,4422683
3745,0x00437c1c,4422684
3746,0x00437c2f,4422703
3747,0x00437c31,4422705
3748,0x00437c49,4422729
3749,0x00437c4a,4422730
3750,0x00437c4b,4422731
3751,0x00437c4d,4422733
3752,0x00437c4f,4422735
3753,0x00437c50,4422736
3754,0x00437c51,4422737
3755,0x00437c52,4422738
3756,0x00437c60,4422752
3757,0x00437c65,4422757
3758,0x00437c66,4422758
3759,0x00437c67,4422759
3760,0x00437c68,4422760
3761,0x00437c69,4422761
3762,0x00437c6a,4422762
3763,0x00437c6b,4422763
3764,0x00437c6c,4422764
3765,0x00437c6d,4422765
3766,0x00437c6e,4422766
3767,0x00437c6f,4422767
3768,0x00437c70,4422768
3769,0x00437c71,4422769
3770,0x00437c75,4422773
3771,0x00437c76,4422774
3772,0x00437c77,4422775
3773,0x00437c78,4422776
3774,0x00437c79,4422777
3775,0x00437c7a,4422778
3776,0x00437c7b,4422779
3777,0x00437c7c,4422780
3778,0x00437c7e,4422782
3779,0x00437c7f,4422783
3780,0x00437c80,4422784
3781,0x00437c81,4422785
3782,0x00437c82,4422786
3783,0x00437c83,4422787
3784,0x00437c85,4422789
3785,0x00437c8a,4422794
3786,0x00437c8d,4422797
3787,0x00437c8e,4422798
3788,0x00437c93,4422803
3789,0x00437c94,4422804
3790,0x00437c95,4422805
3791,0x00437c97,4422807
3792,0x00437c98,4422808
3793,0x00437ca2,4422818
3794,0x00437ca3,4422819
3795,0x00437ca7,4422823
3796,0x00437ca8,4422824
3797,0x00437caa,4422826
3798,0x00437cac,4422828
3799,0x00437cb1,4422833
3800,0x00437cb3,4422835
3801,0x00437cb4,4422836
3802,0x00437cb5,4422837
3803,0x00437cb6,4422838
3804,0x00437cb7,4422839
3805,0x00437cbd,4422845
3806,0x00437cbe,4422846
3807,0x00437cbf,4422847
3808,0x00437cc5,4422853
3809,0x00437cc8,4422856
3810,0x00437cc9,4422857
3811,0x00437cd1,4422865
3812,0x00437cd3,4422867
3813,0x00437cd4,4422868
3814,0x00437ce9,4422889
3815,0x00437cef,4422895
3816,0x00437cf0,4422896
3817,0x00437cf2,4422898
3818,0x00437cf3,4422899
3819,0x00437d04,4422916
3820,0x00437d07,4422919
3821,0x00437d08,4422920
3822,0x00437d0a,4422922
3823,0x00437d19,4422937
3824,0x00437d1d,4422941
3825,0x00437d34,4422964
3826,0x00437d35,4422965
3827,0x00437d36,4422966
3828,0x00437d37,4422967
3829,0x00437d38,4422968
3830,0x00437d39,4422969
3831,0x00437d3a,4422970
3832,0x00437d3b,4422971
3833,0x00437d3c,4422972
3834,0x00437d3d,4422973
3835,0x00437d4c,4422988
3836,0x00437d4f,4422991
3837,0x00437d50,4422992
3838,0x00437d51,4422993
3839,0x00437d52,4422994
3840,0x00437d53,4422995
3841,0x00437d54,4422996
3842,0x00437d55,4422997
3843,0x00437d56,4422998
3844,0x00437d57,4422999
3845,0x00437d58,4423000
3846,0x00437d59,4423001
3847,0x00437d5a,4423002
3848,0x00437d5b,4423003
3849,0x00437d5c,4423004
3850,0x00437d5d,4423005
3851,0x00437d5e,4423006
3852,0x00437d5f,4423007
3853,0x00437d60,4423008
3854,0x00437d67,4423015
3855,0x00437d68,4423016
3856,0x00437d6a,4423018
3857,0x00437d6d,4423021
3858,0x00437d6e,4423022
3859,0x00437d70,4423024
3860,0x00437d71,4423025
3861,0x00437d7c,4423036
3862,0x00437d7e,4423038
3863,0x00437d7f,4423039
3864,0x00437d81,4423041
3865,0x00437d85,4423045
3866,0x00437d86,4423046
3867,0x00437d92,4423058
3868,0x00437d94,4423060
3869,0x00437d99,4423065
3870,0x00437d9c,4423068
3871,0x00437d9d,4423069
3872,0x00437d9e,4423070
3873,0x00437da7,4423079
3874,0x00437dae,4423086
3875,0x00437db1,4423089
3876,0x00437db2,4423090
3877,0x00437dbc,4423100
3878,0x00437dd1,4423121
3879,0x00437dd2,4423122
3880,0x00437dd8,4423128
3881,0x00437dd9,4423129
3882,0x00437ddb,4423131
3883,0x00437ddc,4423132
3884,0x00437df0,4423152
3885,0x00437df1,4423153
3886,0x00437df2,4423154
3887,0x00437e05,4423173
3888,0x00437e06,4423174
3889,0x00437e1e,4423198
3890,0x00437e1f,4423199
3891,0x00437e20,4423200
3892,0x00437e21,4423201
3893,0x00437e24,4423204
3894,0x00437e25,4423205
3895,0x00437e26,4423206
3896,0x00437e27,4423207
3897,0x00437e35,4423221
3898,0x00437e39,4423225
3899,0x00437e3a,4423226
3900,0x00437e3b,4423227
3901,0x00437e3c,4423228
3902,0x00437e3d,4423229
3903,0x00437e3e,4423230
3904,0x00437e3f,4423231
3905,0x00437e40,4423232
3906,0x00437e41,4423233
3907,0x00437e42,4423234
3908,0x00437e43,4423235
3909,0x00437e44,4423236
3910,0x00437e47,4423239
3911,0x00437e48,4423240
3912,0x00437e4a,4423242
3913,0x00437e4b,4423243
3914,0x00437e4c,4423244
3915,0x00437e4d,4423245
3916,0x00437e4f,4423247
3917,0x00437e50,4423248
3918,0x00437e51,4423249
3919,0x00437e53,4423251
3920,0x00437e54,4423252
3921,0x00437e55,4423253
3922,0x00437e58,4423256
3923,0x00437e59,4423257
3924,0x00437e5a,4423258
3925,0x00437e64,4423268
3926,0x00437e65,4423269
3927,0x00437e66,4423270
3928,0x00437e67,4423271
3929,0x00437e68,4423272
3930,0x00437e69,4423273
3931,0x00437e6a,4423274
3932,0x00437e6d,4423277
3933,0x00437e6e,4423278
3934,0x00437e79,4423289
3935,0x00437e7a,4423290
3936,0x00437e7b,4423291
3937,0x00437e7c,4423292
3938,0x00437e7e,4423294
3939,0x00437e83,4423299
3940,0x00437e84,4423300
3941,0x00437e85,4423301
3942,0x00437e86,4423302
3943,0x00437e87,4423303
3944,0x00437e8e,4423310
3945,0x00437e8f,4423311
3946,0x00437e90,4423312
3947,0x00437e98,4423320
3948,0x00437e9b,4423323
3949,0x00437e9c,4423324
3950,0x00437ea3,4423331
3951,0x00437ea4,4423332
3952,0x00437ea5,4423333
3953,0x00437ea9,4423337
3954,0x00437eab,4423339
3955,0x00437eac,4423340
3956,0x00437ead,4423341
3957,0x00437eb0,4423344
3958,0x00437eb9,4423353
3959,0x00437ec1,4423361
3960,0x00437ec2,4423362
3961,0x00437ec5,4423365
3962,0x00437ed9,4423385
3963,0x00437eee,4423406
3964,0x00437f02,4423426
3965,0x00437f03,4423427
3966,0x00437f07,4423431
3967,0x00437f09,4423433
3968,0x00437f0a,4423434
3969,0x00437f0b,4423435
3970,0x00437f22,4423458
3971,0x00437f23,4423459
3972,0x00437f24,4423460
3973,0x00437f25,4423461
3974,0x00437f26,4423462
3975,0x00437f27,4423463
3976,0x00437f28,4423464
3977,0x00437f29,4423465
3978,0x00437f2a,4423466
3979,0x00437f2b,4423467
3980,0x00437f2c,4423468
3981,0x00437f39,4423481
3982,0x00437f3c,4423484
3983,0x00437f3d,4423485
3984,0x00437f3e,4423486
3985,0x00437f3f,4423487
3986,0x00437f40,4423488
3987,0x00437f41,4423489
3988,0x00437f42,4423490
3989,0x00437f43,4423491
3990,0x00437f44,4423492
3991,0x00437f45,4423493
3992,0x00437f46,4423494
3993,0x00437f4b,4423499
3994,0x00437f4c,4423500
3995,0x00437f4d,4423501
3996,0x00437f4e,4423502
3997,0x00437f4f,4423503
3998,0x00437f50,4423504
3999,0x00437f51,4423505
4000,0x00437f53,4423507
4001,0x00437f54,4423508
4002,0x00437f55,4423509
4003,0x00437f56,4423510
4004,0x00437f58,4423512
4005,0x00437f59,4423513
4006,0x00437f5a,4423514
4007,0x00437f5b,4423515
4008,0x00437f5e,4423518
4009,0x00437f5f,4423519
4010,0x00437f60,4423520
4011,0x00437f61,4423521
4012,0x00437f62,4423522
4013,0x00437f63,4423523
4014,0x00437f64,4423524
4015,0x00437f6a,4423530
4016,0x00437f6b,4423531
4017,0x00437f6e,4423534
4018,0x00437f6f,4423535
4019,0x00437f74,4423540
4020,0x00437f75,4423541
4021,0x00437f7e,4423550
4022,0x00437f7f,4423551
4023,0x00437f80,4423552
4024,0x00437f81,4423553
4025,0x00437f83,4423555
4026,0x00437f84,4423556
4027,0x00437f88,4423560
4028,0x00437f8a,4423562
4029,0x00437f8b,4423563
4030,0x00437f8c,4423564
4031,0x00437f95,4423573
4032,0x00437f96,4423574
4033,0x00437f9f,4423583
4034,0x00437fa0,4423584
4035,0x00437fa9,4423593
4036,0x00437faa,4423594
4037,0x00437fab,4423595
4038,0x00437fae,4423598
4039,0x00437faf,4423599
4040,0x00437fb1,4423601
4041,0x00437fb2,4423602
4042,0x00437fc3,4423619
4043,0x00437fc6,4423622
4044,0x00437fc7,4423623
4045,0x00437fd7,4423639
4046,0x00437fef,4423663
4047,0x00437ff0,4423664
4048,0x00437ff1,4423665
4049,0x00437ff2,4423666
4050,0x00437ff4,4423668
4051,0x00437ff5,4423669
4052,0x00437ff6,4423670
4053,0x00437ff7,4423671
4054,0x00438007,4423687
4055,0x00438009,4423689
4056,0x0043800a,4423690
4057,0x0043800b,4423691
4058,0x0043800c,4423692
4059,0x0043800d,4423693
4060,0x0043800e,4423694
4061,0x0043800f,4423695
4062,0x00438010,4423696
4063,0x00438011,4423697
4064,0x00438012,4423698
4065,0x00438013,4423699
4066,0x00438015,4423701
4067,0x00438016,4423702
4068,0x00438017,4423703
4069,0x0043801b,4423707
4070,0x00438021,4423713
4071,0x00438022,4423714
4072,0x00438023,4423715
4073,0x00438024,4423716
4074,0x00438025,4423717
4075,0x00438026,4423718
4076,0x00438027,4423719
4077,0x00438028,4423720
4078,0x00438029,4423721
4079,0x0043802a,4423722
4080,0x0043802b,4423723
4081,0x0043802c,4423724
4082,0x0043802d,4423725
4083,0x0043802e,4423726
4084,0x0043802f,4423727
4085,0x00438037,4423735
4086,0x00438038,4423736
4087,0x00438039,4423737
4088,0x0043803b,4423739
4089,0x0043803c,4423740
4090,0x00438040,4423744
4091,0x00438041,4423745
4092,0x0043804b,4423755
4093,0x0043804d,4423757
4094,0x0043804e,4423758
4095,0x0043804f,4423759
