0,0x0000d5af,54703
1,0x00000000,0
2,0x00000000,0
3,0x0022d1ff,2281983
4,0x00000836,2102
5,0x000005f4,1524
6,0x00001596,5526
7,0x00003c80,15488
8,0x0000ab84,43908
9,0x00002bc6,11206
10,0x0000196b,6507
11,0x00001629,5673
12,0x0000e8cb,59595
13,0x00020a28,133672
14,0x00091346,594758
15,0x0001f504,128260
16,0x0000f39a,62362
17,0x00005876,22646
18,0x000031f6,12790
19,0x000030cc,12492
20,0x00001aba,6842
21,0x000017c3,6083
22,0x00001655,5717
23,0x00001812,6162
24,0x00001919,6425
25,0x00001740,5952
26,0x00002203,8707
27,0x000016c1,5825
28,0x0000152d,5421
29,0x00001674,5748
30,0x00001c4d,7245
31,0x00001b58,7000
32,0x00001238,4664
33,0x00001126,4390
34,0x0000112f,4399
35,0x000022d3,8915
36,0x00001b0f,6927
37,0x00001693,5779
38,0x00001373,4979
39,0x00001476,5238
40,0x00001f44,8004
41,0x00001a30,6704
42,0x00001795,6037
43,0x0000185a,6234
44,0x000039a9,14761
45,0x00005d81,23937
46,0x00003567,13671
47,0x000019f6,6646
48,0x00001cc0,7360
49,0x00001caf,7343
50,0x000017f9,6137
51,0x000016fd,5885
52,0x00001a11,6673
53,0x00001ed2,7890
54,0x0000191f,6431
55,0x000016cb,5835
56,0x0000167c,5756
57,0x003b82c2,3900098
58,0x0256c81d,39241757
59,0x06e665ea,115762666
60,0x02d7fccb,47709387
61,0x0051248e,5317774
62,0x001718bd,1513661
63,0x00015afa,88826
64,0x00029206,168454
65,0x00023579,144761
66,0x000123c5,74693
67,0x0001ddb2,122290
68,0x0001b0ee,110830
69,0x00014a79,84601
70,0x00005ffc,24572
71,0x00002e9f,11935
72,0x000029a7,10663
73,0x000018bd,6333
74,0x00001566,5478
75,0x00001559,5465
76,0x00002065,8293
77,0x00002030,8240
78,0x0000183c,6204
79,0x00004905,18693
80,0x0000eb39,60217
81,0x00025b2e,154414
82,0x0000c7ce,51150
83,0x00005d77,23927
84,0x00001681,5761
85,0x00001a90,6800
86,0x00001e57,7767
87,0x00001c27,7207
88,0x00001b4e,6990
89,0x000018be,6334
90,0x00001f04,7940
91,0x00001726,5926
92,0x00002554,9556
93,0x0000dec1,57025
94,0x0002721e,160286
95,0x0002012f,131375
96,0x00013d48,81224
97,0x0000f715,63253
98,0x000042f0,17136
99,0x00002014,8212
100,0x000019d1,6609
101,0x00001753,5971
102,0x00001796,6038
103,0x00001af0,6896
104,0x00001e12,7698
105,0x0000197a,6522
106,0x0000195b,6491
107,0x0000184a,6218
108,0x00001c9f,7327
109,0x000017b2,6066
110,0x000014c5,5317
111,0x00001629,5673
112,0x00001a35,6709
113,0x00002294,8852
114,0x000017b7,6071
115,0x000015ac,5548
116,0x000017d7,6103
117,0x00001f7b,8059
118,0x00002158,8536
119,0x000018b7,6327
120,0x00001561,5473
121,0x0000148a,5258
122,0x00001f1c,7964
123,0x00001b5c,7004
124,0x00001aed,6893
125,0x00001b32,6962
126,0x00001af0,6896
127,0x00001c10,7184
128,0x00001b65,7013
129,0x00001b3e,6974
130,0x00001ae5,6885
131,0x000020c4,8388
132,0x00001967,6503
133,0x0000187a,6266
134,0x0000194b,6475
135,0x00001d7b,7547
136,0x00002232,8754
137,0x00001ac5,6853
138,0x000017f7,6135
139,0x0000170d,5901
140,0x00001e63,7779
141,0x00001dfb,7675
142,0x00001c9e,7326
143,0x000019fa,6650
144,0x000019c4,6596
145,0x00001d60,7520
146,0x000018c8,6344
147,0x0000199e,6558
148,0x00001b3c,6972
149,0x00002115,8469
150,0x00001b84,7044
151,0x000015d3,5587
152,0x00001648,5704
153,0x000017db,6107
154,0x0000279c,10140
155,0x00001e97,7831
156,0x000018b7,6327
157,0x00001452,5202
158,0x0000181e,6174
159,0x00002551,9553
160,0x00001ffb,8187
161,0x00001e1c,7708
162,0x00001774,6004
163,0x00001bb1,7089
164,0x00001bf2,7154
165,0x00001d92,7570
166,0x00001d78,7544
167,0x00001bdb,7131
168,0x00001d8c,7564
169,0x00001ad0,6864
170,0x00001b9f,7071
171,0x00001cb6,7350
172,0x00002004,8196
173,0x00001d85,7557
174,0x00001b81,7041
175,0x000018a4,6308
176,0x00001aaa,6826
177,0x000020d5,8405
178,0x00001ba3,7075
179,0x00001c30,7216
180,0x00001af8,6904
181,0x00001f45,8005
182,0x00001ebd,7869
183,0x00001c0c,7180
184,0x00001cb7,7351
185,0x00001d8c,7564
186,0x000022b2,8882
187,0x00001921,6433
188,0x0000198e,6542
189,0x00001a11,6673
190,0x0000214e,8526
191,0x000023f9,9209
192,0x00001b2a,6954
193,0x00001877,6263
194,0x00001745,5957
195,0x0000241c,9244
196,0x000024da,9434
197,0x00001fe1,8161
198,0x00001ad9,6873
199,0x000016b1,5809
200,0x0000234e,9038
201,0x000022d4,8916
202,0x00001f48,8008
203,0x00001b6c,7020
204,0x00001c79,7289
205,0x00001edd,7901
206,0x00002213,8723
207,0x000020ff,8447
208,0x00001f7a,8058
209,0x000021fc,8700
210,0x00001d48,7496
211,0x000020c1,8385
212,0x00002029,8233
213,0x00002368,9064
214,0x000022ae,8878
215,0x00001d97,7575
216,0x00001e44,7748
217,0x00001eb1,7857
218,0x000027ef,10223
219,0x000021c7,8647
220,0x00001d00,7424
221,0x00001dbd,7613
222,0x0000238c,9100
223,0x0000266a,9834
224,0x000022d8,8920
225,0x00002085,8325
226,0x000020b0,8368
227,0x00002cc9,11465
228,0x000023ec,9196
229,0x0000219f,8607
230,0x00002176,8566
231,0x00002633,9779
232,0x00002f76,12150
233,0x000022a7,8871
234,0x0000219e,8606
235,0x00002139,8505
236,0x00002c70,11376
237,0x00003c23,15395
238,0x00002c5b,11355
239,0x00002609,9737
240,0x000023d7,9175
241,0x00003519,13593
242,0x0000396b,14699
243,0x00003227,12839
244,0x00002a31,10801
245,0x00002a59,10841
246,0x00002a54,10836
247,0x00002e33,11827
248,0x00002db2,11698
249,0x00002aad,10925
250,0x000032ef,13039
251,0x000026e1,9953
252,0x000028a0,10400
253,0x00002be0,11232
254,0x00003107,12551
255,0x000033ed,13293
256,0x0000298f,10639
257,0x000027ba,10170
258,0x00002849,10313
259,0x000035d9,13785
260,0x00003417,13335
261,0x000031f7,12791
262,0x000029e0,10720
263,0x00002c05,11269
264,0x000033e9,13289
265,0x000032bc,12988
266,0x000031de,12766
267,0x00002ee0,12000
268,0x00003a00,14848
269,0x00003052,12370
270,0x00002e32,11826
271,0x00002f94,12180
272,0x00003669,13929
273,0x0000470e,18190
274,0x00002f79,12153
275,0x00002be0,11232
276,0x00002a7a,10874
277,0x000038a7,14503
278,0x00004c35,19509
279,0x00003c63,15459
280,0x00003147,12615
281,0x0000270c,9996
282,0x00003d03,15619
283,0x000047a3,18339
284,0x000040b5,16565
285,0x00003b8d,15245
286,0x00003698,13976
287,0x000036de,14046
288,0x00003ba6,15270
289,0x00003e54,15956
290,0x00004186,16774
291,0x000044a6,17574
292,0x000036e7,14055
293,0x000037cc,14284
294,0x0000386b,14443
295,0x000040b2,16562
296,0x000047e7,18407
297,0x0000364f,13903
298,0x0000321a,12826
299,0x00002fec,12268
300,0x000038a1,14497
301,0x0000370b,14091
302,0x00003128,12584
303,0x00002e6d,11885
304,0x00002bcc,11212
305,0x00002fce,12238
306,0x000029a0,10656
307,0x00002b18,11032
308,0x00002b56,11094
309,0x000032a9,12969
310,0x00002e30,11824
311,0x000028d5,10453
312,0x00002bee,11246
313,0x00003821,14369
314,0x000061d0,25040
315,0x000048aa,18602
316,0x00003d1e,15646
317,0x00003698,13976
318,0x00003ce7,15591
319,0x00006269,25193
320,0x000060d3,24787
321,0x0000546b,21611
322,0x00004072,16498
323,0x00003a59,14937
324,0x000047c3,18371
325,0x00004df4,19956
326,0x00004eac,20140
327,0x00004762,18274
328,0x00003d29,15657
329,0x0000370b,14091
330,0x00003c4a,15434
331,0x000042ad,17069
332,0x00004d4f,19791
333,0x00003b34,15156
334,0x000036c3,14019
335,0x000037e8,14312
336,0x00003d41,15681
337,0x00004ad0,19152
338,0x00003eb1,16049
339,0x00003d00,15616
340,0x00003951,14673
341,0x0000409f,16543
342,0x000041f4,16884
343,0x00003cc0,15552
344,0x00003c65,15461
345,0x00003c04,15364
346,0x000047b1,18353
347,0x00003493,13459
348,0x00003668,13928
349,0x00003844,14404
350,0x00004072,16498
351,0x0000440b,17419
352,0x0000360d,13837
353,0x0000327b,12923
354,0x00002fa9,12201
355,0x000041b0,16816
356,0x00003c05,15365
357,0x0000365e,13918
358,0x00003326,13094
359,0x00002da4,11684
360,0x00003676,13942
361,0x00003876,14454
362,0x00003940,14656
363,0x00003794,14228
364,0x000032a6,12966
365,0x00002df9,11769
366,0x00003311,13073
367,0x00003670,13936
368,0x000038e5,14565
369,0x00003a5e,14942
370,0x00002eb2,11954
371,0x00003224,12836
372,0x0000374b,14155
373,0x0000435d,17245
374,0x00003b41,15169
375,0x00003468,13416
376,0x0000341c,13340
377,0x0000368d,13965
378,0x0000460c,17932
379,0x000036f3,14067
380,0x00003625,13861
381,0x000035bc,13756
382,0x00003857,14423
383,0x00003cdc,15580
384,0x0000355a,13658
385,0x000034e1,13537
386,0x00003507,13575
387,0x00003ff8,16376
388,0x000033c9,13257
389,0x000032d2,13010
390,0x000032f2,13042
391,0x000039d1,14801
392,0x00003e33,15923
393,0x00003264,12900
394,0x00002f29,12073
395,0x00002e72,11890
396,0x00003b71,15217
397,0x000039b5,14773
398,0x000034eb,13547
399,0x0000311b,12571
400,0x00002c80,11392
401,0x0000388c,14476
402,0x00003abb,15035
403,0x00003d5d,15709
404,0x00003a44,14916
405,0x0000315d,12637
406,0x00003197,12695
407,0x0000339f,13215
408,0x000037a3,14243
409,0x00003a9a,15002
410,0x00003ca6,15526
411,0x00002b47,11079
412,0x00002d89,11657
413,0x00003126,12582
414,0x00003b00,15104
415,0x000039ca,14794
416,0x00002f25,12069
417,0x00002e34,11828
418,0x00002f1d,12061
419,0x00003d9c,15772
420,0x00003516,13590
421,0x000032ff,13055
422,0x000030e3,12515
423,0x00003391,13201
424,0x00003844,14404
425,0x000031d9,12761
426,0x0000348d,13453
427,0x000033fd,13309
428,0x00003c80,15488
429,0x000033b1,13233
430,0x00003137,12599
431,0x0000331d,13085
432,0x00003923,14627
433,0x00004ab5,19125
434,0x000039d3,14803
435,0x000035a9,13737
436,0x00003214,12820
437,0x00003cec,15596
438,0x0000494f,18767
439,0x00004440,17472
440,0x00003e17,15895
441,0x000031a0,12704
442,0x000034f3,13555
443,0x00003d92,15762
444,0x00004808,18440
445,0x00004818,18456
446,0x00003732,14130
447,0x00002c3e,11326
448,0x000032fd,13053
449,0x00003b58,15192
450,0x00004073,16499
451,0x000044a2,17570
452,0x00002b0d,11021
453,0x00002d5c,11612
454,0x000030eb,12523
455,0x00003bed,15341
456,0x00003f04,16132
457,0x00003119,12569
458,0x00002f47,12103
459,0x00002cd0,11472
460,0x000038de,14558
461,0x00003450,13392
462,0x00003363,13155
463,0x0000318b,12683
464,0x0000304b,12363
465,0x00003666,13926
466,0x00002c8e,11406
467,0x0000306a,12394
468,0x0000332e,13102
469,0x00003a46,14918
470,0x000033ce,13262
471,0x00002ce5,11493
472,0x00002d5b,11611
473,0x00002ec4,11972
474,0x000044bc,17596
475,0x000038a9,14505
476,0x000031e4,12772
477,0x00002d28,11560
478,0x00002dbd,11709
479,0x000039e0,14816
480,0x00004054,16468
481,0x00003f34,16180
482,0x000039bb,14779
483,0x00002ee0,12000
484,0x000033ec,13292
485,0x00004dbc,19900
486,0x00005b04,23300
487,0x0000594f,22863
488,0x00003346,13126
489,0x00002a05,10757
490,0x00003281,12929
491,0x00003e12,15890
492,0x00004ead,20141
493,0x000031d9,12761
494,0x00002821,10273
495,0x00002932,10546
496,0x0000305d,12381
497,0x00003cdc,15580
498,0x00002cd4,11476
499,0x00002ae8,10984
500,0x00002850,10320
501,0x00002d42,11586
502,0x00002d0a,11530
503,0x00002adb,10971
504,0x00002982,10626
505,0x0000286a,10346
506,0x00002e60,11872
507,0x0000235c,9052
508,0x00002522,9506
509,0x00002714,10004
510,0x00002e17,11799
511,0x00002cd5,11477
512,0x0000251d,9501
513,0x00002395,9109
514,0x0000235c,9052
515,0x00002f4f,12111
516,0x00002b2e,11054
517,0x00002843,10307
518,0x00002660,9824
519,0x0000258c,9612
520,0x000027dc,10204
521,0x000028a8,10408
522,0x00002b9b,11163
523,0x00002d03,11523
524,0x00002b71,11121
525,0x00001f2f,7983
526,0x0000275a,10074
527,0x00002c65,11365
528,0x0000326f,12911
529,0x00002ce0,11488
530,0x00002013,8211
531,0x00002433,9267
532,0x000028bc,10428
533,0x00003774,14196
534,0x00002e47,11847
535,0x000025a0,9632
536,0x00002420,9248
537,0x000026bd,9917
538,0x0000363a,13882
539,0x00002831,10289
540,0x00002640,9792
541,0x0000257f,9599
542,0x000027f9,10233
543,0x00002a06,10758
544,0x000025c5,9669
545,0x000025e9,9705
546,0x000025af,9647
547,0x00002b5a,11098
548,0x00002232,8754
549,0x00002385,9093
550,0x00002393,9107
551,0x00002974,10612
552,0x00002c30,11312
553,0x000022b9,8889
554,0x0000231f,8991
555,0x00002301,8961
556,0x00002b1e,11038
557,0x000027da,10202
558,0x000023d5,9173
559,0x0000229b,8859
560,0x0000210a,8458
561,0x000026f4,9972
562,0x00002418,9240
563,0x00002682,9858
564,0x000026a7,9895
565,0x00002644,9796
566,0x00001f75,8053
567,0x000023a4,9124
568,0x00002895,10389
569,0x00002cca,11466
570,0x00002c6a,11370
571,0x00001d8e,7566
572,0x0000204e,8270
573,0x00002311,8977
574,0x00002d43,11587
575,0x00002926,10534
576,0x00001ff1,8177
577,0x00001f9e,8094
578,0x00002073,8307
579,0x00002df9,11769
580,0x000023cd,9165
581,0x0000233e,9022
582,0x0000219c,8604
583,0x0000247c,9340
584,0x00002648,9800
585,0x0000228d,8845
586,0x00002340,9024
587,0x0000234a,9034
588,0x00002923,10531
589,0x000020e2,8418
590,0x00001f98,8088
591,0x0000213a,8506
592,0x00002558,9560
593,0x00002bcc,11212
594,0x0000216e,8558
595,0x00002064,8292
596,0x00001f9d,8093
597,0x00002545,9541
598,0x000026ba,9914
599,0x00002462,9314
600,0x00002322,8994
601,0x0000219e,8606
602,0x000023f7,9207
603,0x00001f7c,8060
604,0x000023e1,9185
605,0x00002744,10052
606,0x00002887,10375
607,0x00001c13,7187
608,0x00001b9a,7066
609,0x000020b1,8369
610,0x000028b2,10418
611,0x00002d9b,11675
612,0x00001bcf,7119
613,0x00001ae8,6888
614,0x00001d08,7432
615,0x0000265a,9818
616,0x00002ba4,11172
617,0x00001f76,8054
618,0x00001e83,7811
619,0x00001dbc,7612
620,0x0000278f,10127
621,0x00002483,9347
622,0x000021f5,8693
623,0x0000218b,8587
624,0x00002268,8808
625,0x000025e1,9697
626,0x00001dd6,7638
627,0x000020de,8414
628,0x0000228e,8846
629,0x000028cf,10447
630,0x000022e6,8934
631,0x00001e1d,7709
632,0x00001f1c,7964
633,0x00002140,8512
634,0x00002bef,11247
635,0x0000234c,9036
636,0x0000210b,8459
637,0x00002094,8340
638,0x000022da,8922
639,0x00002358,9048
640,0x000022b7,8887
641,0x000023a6,9126
642,0x000023b1,9137
643,0x0000257f,9599
644,0x00001b6b,7019
645,0x00001f4b,8011
646,0x00002498,9368
647,0x00002eaa,11946
648,0x00002584,9604
649,0x0000197f,6527
650,0x00001cab,7339
651,0x000022c7,8903
652,0x000032f8,13048
653,0x0000248e,9358
654,0x00001cf0,7408
655,0x00001c32,7218
656,0x0000206c,8300
657,0x00002dc3,11715
658,0x000021bb,8635
659,0x00001fd3,8147
660,0x00001dc3,7619
661,0x000024d1,9425
662,0x000023c7,9159
663,0x00002132,8498
664,0x0000204d,8269
665,0x0000205b,8283
666,0x00002770,10096
667,0x00001e82,7810
668,0x00001e4b,7755
669,0x00001f7a,8058
670,0x00002695,9877
671,0x000024ed,9453
672,0x00001ec2,7874
673,0x00001dc2,7618
674,0x00001efb,7931
675,0x00002914,10516
676,0x0000216e,8558
677,0x0000211f,8479
678,0x00001fe5,8165
679,0x0000225a,8794
680,0x00002357,9047
681,0x0000200d,8205
682,0x000021e5,8677
683,0x00002356,9046
684,0x00002899,10393
685,0x00001d37,7479
686,0x00001dca,7626
687,0x0000215a,8538
688,0x00002b18,11032
689,0x00002bf5,11253
690,0x00001970,6512
691,0x00001bbc,7100
692,0x00001f4f,8015
693,0x00002d21,11553
694,0x00002610,9744
695,0x00001cda,7386
696,0x00001b12,6930
697,0x00001c4a,7242
698,0x00002bde,11230
699,0x00002324,8996
700,0x00001fb2,8114
701,0x00001d2f,7471
702,0x000021ba,8634
703,0x000022df,8927
704,0x00001edd,7901
705,0x00002084,8324
706,0x00001fd1,8145
707,0x000025d5,9685
708,0x00001cbc,7356
709,0x00001c9e,7326
710,0x00001f1d,7965
711,0x0000236b,9067
712,0x00002612,9746
713,0x00001d47,7495
714,0x00001ca1,7329
715,0x00001d3d,7485
716,0x00002688,9864
717,0x000021d3,8659
718,0x00001f66,8038
719,0x00001eb9,7865
720,0x00001fd5,8149
721,0x0000221e,8734
722,0x00001ec4,7876
723,0x000021af,8623
724,0x000022f1,8945
725,0x000025aa,9642
726,0x00001d5d,7517
727,0x00001ab4,6836
728,0x00001ffb,8187
729,0x0000299c,10652
730,0x00003386,13190
731,0x00001874,6260
732,0x00001a76,6774
733,0x00001e33,7731
734,0x00002de5,11749
735,0x00002d3b,11579
736,0x00001e71,7793
737,0x00001bee,7150
738,0x00001bb2,7090
739,0x0000293b,10555
740,0x000024b6,9398
741,0x00002142,8514
742,0x00001ef5,7925
743,0x00001f42,8002
744,0x000022c5,8901
745,0x00001e9b,7835
746,0x00001f6f,8047
747,0x00002022,8226
748,0x0000259c,9628
749,0x00001d39,7481
750,0x00001c1f,7199
751,0x00001d45,7493
752,0x00002099,8345
753,0x000026ed,9965
754,0x00001d67,7527
755,0x00001b69,7017
756,0x00001c4e,7246
757,0x000021c4,8644
758,0x00002353,9043
759,0x00001e78,7800
760,0x00001e86,7814
761,0x00001ffc,8188
762,0x0000210b,8459
763,0x00001c55,7253
764,0x00001f28,7976
765,0x000021ac,8620
766,0x0000277d,10109
767,0x00001e7e,7806
768,0x000017a0,6048
769,0x00001a4d,6733
770,0x00002166,8550
771,0x000034df,13535
772,0x00001ab7,6839
773,0x000017c8,6088
774,0x000018c2,6338
775,0x000021e8,8680
776,0x00002bcc,11212
777,0x00001de6,7654
778,0x00001bbd,7101
779,0x00001944,6468
780,0x0000211a,8474
781,0x00002279,8825
782,0x00001f05,7941
783,0x00001dfd,7677
784,0x00001e42,7746
785,0x00002271,8817
786,0x00001c3b,7227
787,0x00001bc5,7109
788,0x00001d4d,7501
789,0x00002300,8960
790,0x00001e84,7812
791,0x00001a46,6726
792,0x00001a54,6740
793,0x00001bf8,7160
794,0x000024e9,9449
795,0x00001c9d,7325
796,0x00001b90,7056
797,0x00001a9c,6812
798,0x00001e3f,7743
799,0x00001f7c,8060
800,0x00001c4e,7246
801,0x00001be9,7145
802,0x00001d66,7526
803,0x000020f9,8441
804,0x000018f9,6393
805,0x00001a23,6691
806,0x00001c44,7236
807,0x0000232e,9006
808,0x0000218e,8590
809,0x000017c4,6084
810,0x00001750,5968
811,0x00001902,6402
812,0x00002b5f,11103
813,0x00002006,8198
814,0x0000188c,6284
815,0x00001704,5892
816,0x000019c0,6592
817,0x000025a8,9640
818,0x00001e24,7716
819,0x00001ae4,6884
820,0x000018de,6366
821,0x00001c3e,7230
822,0x00001f07,7943
823,0x00001ba6,7078
824,0x00001b2f,6959
825,0x00001bbd,7101
826,0x00001fa1,8097
827,0x00001a87,6791
828,0x00001a3f,6719
829,0x000019eb,6635
830,0x00001e62,7778
831,0x00001df8,7672
832,0x0000193b,6459
833,0x000019a1,6561
834,0x00001976,6518
835,0x00002116,8470
836,0x00001a71,6769
837,0x0000191c,6428
838,0x0000199b,6555
839,0x00001b60,7008
840,0x00001efc,7932
841,0x0000192e,6446
842,0x000019e1,6625
843,0x00001b5b,7003
844,0x00001fda,8154
845,0x00001976,6518
846,0x0000185c,6236
847,0x000018b6,6326
848,0x00001cc7,7367
849,0x00002156,8534
850,0x000018a5,6309
851,0x00001638,5688
852,0x000016b6,5814
853,0x000021e2,8674
854,0x00001f78,8056
855,0x00001832,6194
856,0x00001681,5761
857,0x000016a1,5793
858,0x00002094,8340
859,0x00001b47,6983
860,0x000019b1,6577
861,0x00001727,5927
862,0x0000186d,6253
863,0x00001bdc,7132
864,0x0000198f,6543
865,0x00001a38,6712
866,0x000018c2,6338
867,0x00001e36,7734
868,0x00001804,6148
869,0x00001847,6215
870,0x0000191b,6427
871,0x00001b8c,7052
872,0x00001d78,7544
873,0x00001717,5911
874,0x000016a0,5792
875,0x000017bb,6075
876,0x00001eba,7866
877,0x00001ae4,6884
878,0x0000176a,5994
879,0x000016a9,5801
880,0x00001881,6273
881,0x00001d7a,7546
882,0x00001826,6182
883,0x00001839,6201
884,0x000018bd,6333
885,0x00001c4b,7243
886,0x0000189d,6301
887,0x000015e7,5607
888,0x000016a4,5796
889,0x00001953,6483
890,0x0000217d,8573
891,0x0000169b,5787
892,0x00001460,5216
893,0x000013f5,5109
894,0x00001c97,7319
895,0x00002178,8568
896,0x00001898,6296
897,0x000014f9,5369
898,0x0000131a,4890
899,0x00001c88,7304
900,0x00001a81,6785
901,0x00001977,6519
902,0x000017fa,6138
903,0x00001695,5781
904,0x00001917,6423
905,0x0000177b,6011
906,0x000017bf,6079
907,0x000017f7,6135
908,0x00001c09,7177
909,0x00001707,5895
910,0x00001563,5475
911,0x00001584,5508
912,0x000018ee,6382
913,0x00001d1a,7450
914,0x000016f0,5872
915,0x000014b5,5301
916,0x000014ef,5359
917,0x00001950,6480
918,0x00001ab4,6836
919,0x00001744,5956
920,0x000016bf,5823
921,0x00001673,5747
922,0x00001aba,6842
923,0x000015b9,5561
924,0x000016ee,5870
925,0x000017ef,6127
926,0x00001c1e,7198
927,0x0000195e,6494
928,0x000013d3,5075
929,0x00001491,5265
930,0x000016a0,5792
931,0x0000211f,8479
932,0x00001a77,6775
933,0x000014ed,5357
934,0x0000127c,4732
935,0x000015af,5551
936,0x0000215a,8538
937,0x000019f8,6648
938,0x000015f6,5622
939,0x0000128f,4751
940,0x0000179d,6045
941,0x000019bf,6591
942,0x000018a4,6308
943,0x000017dd,6109
944,0x0000158d,5517
945,0x000017dd,6109
946,0x00001653,5715
947,0x000015e5,5605
948,0x00001709,5897
949,0x000019d8,6616
950,0x000017fa,6138
951,0x0000148a,5258
952,0x00001488,5256
953,0x00001574,5492
954,0x00001d31,7473
955,0x00001685,5765
956,0x0000155d,5469
957,0x000013bc,5052
958,0x000016a6,5798
959,0x00001876,6262
960,0x00001615,5653
961,0x0000166a,5738
962,0x00001588,5512
963,0x00001a9a,6810
964,0x0000141b,5147
965,0x000014a1,5281
966,0x000015b0,5552
967,0x0000192e,6446
968,0x00001bde,7134
969,0x00001365,4965
970,0x000012a4,4772
971,0x00001308,4872
972,0x00001c7f,7295
973,0x00001bb7,7095
974,0x00001550,5456
975,0x000012c3,4803
976,0x000011e1,4577
977,0x00001d77,7543
978,0x00001bb8,7096
979,0x000016e8,5864
980,0x00001320,4896
981,0x0000156a,5482
982,0x000017a1,6049
983,0x0000182b,6187
984,0x000017d9,6105
985,0x000015e9,5609
986,0x00001709,5897
987,0x00001390,5008
988,0x000015c4,5572
989,0x00001620,5664
990,0x000017a3,6051
991,0x0000175e,5982
992,0x00001381,4993
993,0x000013f1,5105
994,0x00001487,5255
995,0x00001a6a,6762
996,0x00001609,5641
997,0x000013c7,5063
998,0x000013ae,5038
999,0x00001544,5444
1000,0x0000182d,6189
1001,0x000014ef,5359
1002,0x00001473,5235
1003,0x00001476,5238
1004,0x00001896,6294
1005,0x0000155a,5466
1006,0x000013c8,5064
1007,0x000013a7,5031
1008,0x00001555,5461
1009,0x00001aec,6892
1010,0x00001342,4930
1011,0x000012c5,4805
1012,0x00001252,4690
1013,0x000017a9,6057
1014,0x00001a66,6758
1015,0x000014cb,5323
1016,0x000012a2,4770
1017,0x00001110,4368
1018,0x00001937,6455
1019,0x000018ed,6381
1020,0x00001616,5654
1021,0x0000130b,4875
1022,0x000013ca,5066
1023,0x00001565,5477
0,0x00000000,0
1024,0x00421286,4330118
2048,0x00341d23,3415331
3072,0x002d91f9,2986489
4096,0x00214411,2180113
5120,0x0019132d,1643309
6144,0x00140cdc,1314012
7168,0x000f1651,988753
8192,0x000ba7b4,763828
9216,0x0007fc70,523376
10240,0x0006092a,395562
11264,0x0006558e,415118
12288,0x00081a80,531072
13312,0x00035d14,220436
14336,0x00027529,161065
15360,0x00021512,136466
16384,0x0001c347,115527
17408,0x00018cf3,101619
18432,0x00016989,92553
19456,0x000150b6,86198
20480,0x00013b25,80677
21504,0x000125c3,75203
22528,0x000107cb,67531
23552,0x00010d4b,68939
24576,0x00013023,77859
25600,0x0000df17,57111
26624,0x0000c714,50964
27648,0x0000bfd1,49105
28672,0x0000ba6f,47727
29696,0x0000ba8f,47759
30720,0x0000b9e3,47587
31744,0x0000b616,46614
32768,0x0000adc6,44486
33792,0x0000a34b,41803
34816,0x00009720,38688
35840,0x000090a2,37026
36864,0x00009005,36869
37888,0x0000869d,34461
38912,0x00007d1d,32029
39936,0x000076d4,30420
40960,0x00006e1a,28186
41984,0x00006727,26407
43008,0x00006019,24601
44032,0x00005a7a,23162
45056,0x000057b9,22457
46080,0x0000565c,22108
47104,0x00005383,21379
48128,0x0000529b,21147
49152,0x000050df,20703
50176,0x0000501a,20506
51200,0x00004d9c,19868
52224,0x00004e1d,19997
53248,0x00004e81,20097
54272,0x00004e50,20048
55296,0x00004d30,19760
56320,0x00004d35,19765
57344,0x00004b86,19334
58368,0x00004adf,19167
59392,0x00004b3c,19260
60416,0x00004a12,18962
61440,0x000047c7,18375
62464,0x00004756,18262
63488,0x000044a9,17577
64512,0x0000438e,17294
65536,0x000040e9,16617
66560,0x00003f91,16273
67584,0x00003d93,15763
68608,0x00003bce,15310
69632,0x00003b88,15240
70656,0x0000391b,14619
71680,0x000038e4,14564
72704,0x000037bd,14269
73728,0x000035d2,13778
74752,0x00003516,13590
75776,0x000034e1,13537
76800,0x00003279,12921
77824,0x00003185,12677
78848,0x00003265,12901
79872,0x000031ea,12778
80896,0x000031a1,12705
81920,0x00003166,12646
82944,0x00002f3f,12095
83968,0x00002c20,11296
84992,0x00002986,10630
86016,0x000026a6,9894
87040,0x0000244f,9295
88064,0x00002295,8853
89088,0x00002063,8291
90112,0x00001e6e,7790
91136,0x00001cd9,7385
92160,0x00001b95,7061
93184,0x00001a7d,6781
94208,0x0000195e,6494
95232,0x0000179d,6045
96256,0x0000170d,5901
97280,0x0000163f,5695
98304,0x0000151f,5407
99328,0x0000148e,5262
100352,0x000013d5,5077
101376,0x0000134a,4938
102400,0x0000130d,4877
103424,0x000012b9,4793
104448,0x0000123a,4666
105472,0x000011a8,4520
106496,0x000011e4,4580
107520,0x00001176,4470
108544,0x00001118,4376
109568,0x00001134,4404
110592,0x00001138,4408
111616,0x00001091,4241
112640,0x00001061,4193
113664,0x000010b5,4277
114688,0x00001075,4213
115712,0x00001073,4211
116736,0x00001064,4196
117760,0x00001053,4179
118784,0x00000ffd,4093
119808,0x0000100b,4107
120832,0x00001007,4103
121856,0x00000fe4,4068
122880,0x00000f9d,3997
123904,0x00000f8e,3982
124928,0x00000f3f,3903
125952,0x00000f68,3944
126976,0x00000fc5,4037
128000,0x00000fa2,4002
129024,0x00000fbd,4029
130048,0x00000f88,3976
131072,0x00000f10,3856
132096,0x00000f32,3890
133120,0x00000f5a,3930
134144,0x00000eb9,3769
135168,0x00000f02,3842
136192,0x00000e70,3696
137216,0x00000f0f,3855
138240,0x00000e69,3689
139264,0x00000e46,3654
140288,0x00000e60,3680
141312,0x00000e35,3637
142336,0x00000e1a,3610
143360,0x00000df7,3575
144384,0x00000dd3,3539
145408,0x00000db0,3504
146432,0x00000d34,3380
147456,0x00000d0b,3339
148480,0x00000cd7,3287
149504,0x00000c93,3219
150528,0x00000cdc,3292
151552,0x00000c69,3177
152576,0x00000c51,3153
153600,0x00000c3b,3131
154624,0x00000c70,3184
155648,0x00000bc7,3015
156672,0x00000bd8,3032
157696,0x00000bae,2990
158720,0x00000b02,2818
159744,0x00000b23,2851
160768,0x00000b55,2901
161792,0x00000acd,2765
162816,0x00000a65,2661
163840,0x00000a6e,2670
164864,0x00000aef,2799
165888,0x00000a4e,2638
166912,0x000009f4,2548
167936,0x00000a0b,2571
168960,0x00000955,2389
169984,0x00000936,2358
171008,0x00000985,2437
172032,0x00000926,2342
173056,0x000008d1,2257
174080,0x000008f2,2290
175104,0x000008d5,2261
176128,0x000008f1,2289
177152,0x000008a0,2208
178176,0x0000087a,2170
179200,0x00000832,2098
180224,0x0000081e,2078
181248,0x00000859,2137
182272,0x0000083f,2111
183296,0x00000820,2080
184320,0x00000809,2057
185344,0x000007bb,1979
186368,0x000007dd,2013
187392,0x00000808,2056
188416,0x000007dd,2013
189440,0x000007e3,2019
190464,0x000007bd,1981
191488,0x0000079e,1950
192512,0x000007cd,1997
193536,0x00000834,2100
194560,0x000007f9,2041
195584,0x000007f3,2035
196608,0x000007de,2014
197632,0x000007b5,1973
198656,0x00000821,2081
199680,0x0000082d,2093
200704,0x0000085d,2141
201728,0x0000086c,2156
202752,0x000008e0,2272
203776,0x000008c7,2247
204800,0x0000085c,2140
205824,0x000008c3,2243
206848,0x000008d9,2265
207872,0x000008e3,2275
208896,0x00000888,2184
209920,0x00000896,2198
210944,0x00000949,2377
211968,0x00000926,2342
212992,0x00000975,2421
214016,0x0000097d,2429
215040,0x000009bb,2491
216064,0x000009b5,2485
217088,0x00000a25,2597
218112,0x00000a40,2624
219136,0x00000a7b,2683
220160,0x00000a92,2706
221184,0x00000ab0,2736
222208,0x00000a83,2691
223232,0x00000af2,2802
224256,0x00000b27,2855
225280,0x00000afb,2811
226304,0x00000b3f,2879
227328,0x00000b6e,2926
228352,0x00000bd7,3031
229376,0x00000b79,2937
230400,0x00000c04,3076
231424,0x00000c59,3161
232448,0x00000c59,3161
233472,0x00000bf3,3059
234496,0x00000c6f,3183
235520,0x00000c7d,3197
236544,0x00000c94,3220
237568,0x00000cea,3306
238592,0x00000ce5,3301
239616,0x00000d1f,3359
240640,0x00000dbf,3519
241664,0x00000d8d,3469
242688,0x00000d67,3431
243712,0x00000db8,3512
244736,0x00000df2,3570
245760,0x00000e45,3653
246784,0x00000eec,3820
247808,0x00000ee8,3816
248832,0x00000f38,3896
249856,0x00000f61,3937
250880,0x00000f24,3876
251904,0x00000f68,3944
252928,0x00000f4d,3917
253952,0x00000fab,4011
254976,0x00000f38,3896
256000,0x00000f7b,3963
257024,0x00000f8b,3979
258048,0x00000f16,3862
259072,0x00000ec8,3784
260096,0x00000eec,3820
261120,0x00000e92,3730
262144,0x00000ed1,3793
263168,0x00000dea,3562
264192,0x00000e40,3648
265216,0x00000df0,3568
266240,0x00000da3,3491
267264,0x00000da0,3488
268288,0x00000d57,3415
269312,0x00000d62,3426
270336,0x00000d52,3410
271360,0x00000da3,3491
272384,0x00000d6f,3439
273408,0x00000d6b,3435
274432,0x00000d9a,3482
275456,0x00000dd5,3541
276480,0x00000de9,3561
277504,0x00000db3,3507
278528,0x00000ddd,3549
279552,0x00000d68,3432
280576,0x00000da6,3494
281600,0x00000e47,3655
282624,0x00000dfc,3580
283648,0x00000e09,3593
284672,0x00000e34,3636
285696,0x00000e8e,3726
286720,0x00000e7e,3710
287744,0x00000e90,3728
288768,0x00000eaa,3754
289792,0x00000ee7,3815
290816,0x00000e59,3673
291840,0x00000f16,3862
292864,0x00000e82,3714
293888,0x00000ee5,3813
294912,0x00000ed8,3800
295936,0x00000eb2,3762
296960,0x00000fac,4012
297984,0x00000fc9,4041
299008,0x00000f5d,3933
300032,0x00000f9c,3996
301056,0x00000fff,4095
302080,0x00000fc3,4035
303104,0x00000ffc,4092
304128,0x0000107a,4218
305152,0x000010d3,4307
306176,0x00001106,4358
307200,0x000010cd,4301
308224,0x000010b6,4278
309248,0x00001122,4386
310272,0x000011db,4571
311296,0x00001191,4497
312320,0x00001179,4473
313344,0x0000124d,4685
314368,0x000012a4,4772
315392,0x00001292,4754
316416,0x00001342,4930
317440,0x000013a6,5030
318464,0x0000138b,5003
319488,0x00001343,4931
320512,0x000013b6,5046
321536,0x000013f8,5112
322560,0x0000135c,4956
323584,0x00001337,4919
324608,0x00001303,4867
325632,0x00001281,4737
326656,0x0000122e,4654
327680,0x0000112b,4395
328704,0x00001076,4214
329728,0x00000fb4,4020
330752,0x00000ef4,3828
331776,0x00000e3f,3647
332800,0x00000c7e,3198
333824,0x00000b16,2838
334848,0x00000a7f,2687
335872,0x00000966,2406
336896,0x00000878,2168
337920,0x0000078f,1935
338944,0x00000698,1688
339968,0x000005b0,1456
340992,0x00000514,1300
342016,0x000004ca,1226
343040,0x000003ff,1023
344064,0x000003b7,951
345088,0x0000036b,875
346112,0x0000036f,879
347136,0x000002cf,719
348160,0x000002c8,712
349184,0x00000286,646
350208,0x000002b1,689
351232,0x000002b8,696
352256,0x0000028f,655
353280,0x0000028d,653
354304,0x00000280,640
355328,0x00000279,633
356352,0x00000289,649
357376,0x0000026e,622
358400,0x00000290,656
359424,0x00000317,791
360448,0x0000037a,890
361472,0x00000312,786
362496,0x000002d5,725
363520,0x00000308,776
364544,0x000002d3,723
365568,0x000002fd,765
366592,0x0000031d,797
367616,0x00000342,834
368640,0x00000332,818
369664,0x000002ef,751
370688,0x000003b9,953
371712,0x000004e7,1255
372736,0x000004c1,1217
373760,0x0000038b,907
374784,0x000003f5,1013
375808,0x00000413,1043
376832,0x00000411,1041
377856,0x0000046b,1131
378880,0x000004c4,1220
379904,0x000004e8,1256
380928,0x00000563,1379
381952,0x0000058b,1419
382976,0x0000047e,1150
384000,0x00000457,1111
385024,0x0000038d,909
386048,0x00000348,840
387072,0x0000030b,779
388096,0x000002fc,764
389120,0x00000318,792
390144,0x000002de,734
391168,0x00000313,787
392192,0x00000363,867
393216,0x0000031b,795
394240,0x00000390,912
395264,0x0000034f,847
396288,0x00000284,644
397312,0x00000218,536
398336,0x000001d8,472
399360,0x000001a1,417
400384,0x0000017f,383
401408,0x00000141,321
402432,0x00000140,320
403456,0x00000152,338
404480,0x0000014a,330
405504,0x00000115,277
406528,0x00000116,278
407552,0x00000115,277
408576,0x00000143,323
409600,0x000000d6,214
410624,0x000000e0,224
411648,0x000000ec,236
412672,0x00000101,257
413696,0x000000e7,231
414720,0x000000f0,240
415744,0x000000f0,240
416768,0x0000011e,286
417792,0x000000e8,232
418816,0x000000e3,227
419840,0x000000f7,247
420864,0x00000121,289
421888,0x000000c1,193
422912,0x0000008e,142
423936,0x000000b8,184
424960,0x000000d1,209
425984,0x0000008a,138
427008,0x0000005c,92
428032,0x0000005b,91
429056,0x00000063,99
430080,0x00000064,100
431104,0x0000005c,92
432128,0x0000004d,77
433152,0x0000005e,94
434176,0x0000007b,123
435200,0x00000057,87
436224,0x00000065,101
437248,0x0000005e,94
438272,0x0000004f,79
439296,0x0000005f,95
440320,0x00000073,115
441344,0x0000005a,90
442368,0x00000062,98
443392,0x00000058,88
444416,0x0000004e,78
445440,0x00000056,86
446464,0x0000005e,94
447488,0x0000004d,77
448512,0x00000059,89
449536,0x00000065,101
450560,0x000000cf,207
451584,0x0000015d,349
452608,0x0000029f,671
453632,0x0000043b,1083
454656,0x000007b1,1969
455680,0x00000c89,3209
456704,0x000013e9,5097
457728,0x00001a5f,6751
458752,0x00001e53,7763
459776,0x000021f6,8694
460800,0x00002463,9315
461824,0x00002605,9733
462848,0x0000268f,9871
463872,0x00002560,9568
464896,0x0000240d,9229
465920,0x000022b5,8885
466944,0x000021e4,8676
467968,0x000021cf,8655
468992,0x000020ce,8398
470016,0x00001e84,7812
471040,0x00001bb4,7092
472064,0x000018d3,6355
473088,0x00001597,5527
474112,0x000012e6,4838
475136,0x00000fc3,4035
476160,0x00000d45,3397
477184,0x00000b78,2936
478208,0x000009d6,2518
479232,0x00000869,2153
480256,0x000007d2,2002
481280,0x0000072f,1839
482304,0x00000678,1656
483328,0x000005fe,1534
484352,0x00000583,1411
485376,0x00000518,1304
486400,0x000004c2,1218
487424,0x00000441,1089
488448,0x0000041d,1053
489472,0x000003ee,1006
490496,0x000003e0,992
491520,0x0000039f,927
492544,0x0000037e,894
493568,0x0000034f,847
494592,0x0000031a,794
495616,0x00000310,784
496640,0x000002fe,766
497664,0x000002bd,701
498688,0x000002d8,728
499712,0x000002a2,674
500736,0x000002b8,696
501760,0x0000027e,638
502784,0x0000023e,574
503808,0x00000253,595
504832,0x0000022b,555
505856,0x0000021a,538
506880,0x0000025a,602
507904,0x00000228,552
508928,0x0000021c,540
509952,0x000001fd,509
510976,0x000001d0,464
512000,0x000001c8,456
513024,0x000001a8,424
514048,0x000001c1,449
515072,0x00000187,391
516096,0x0000016c,364
517120,0x0000014e,334
518144,0x00000148,328
519168,0x00000109,265
520192,0x000000f2,242
521216,0x000000f3,243
522240,0x000000ee,238
523264,0x000000ce,206
524288,0x000000b2,178
525312,0x00000094,148
526336,0x00000084,132
527360,0x0000007c,124
528384,0x0000007b,123
529408,0x0000006d,109
530432,0x00000057,87
531456,0x0000005c,92
532480,0x0000004f,79
533504,0x00000059,89
534528,0x00000042,66
535552,0x00000043,67
536576,0x00000037,55
537600,0x0000002e,46
538624,0x0000003d,61
539648,0x0000002e,46
540672,0x0000002a,42
541696,0x00000025,37
542720,0x00000029,41
543744,0x0000002b,43
544768,0x0000002b,43
545792,0x00000024,36
546816,0x00000028,40
547840,0x0000002b,43
548864,0x0000001a,26
549888,0x0000001e,30
550912,0x0000001f,31
551936,0x0000001a,26
552960,0x0000001d,29
553984,0x00000011,17
555008,0x00000016,22
556032,0x00000011,17
557056,0x00000011,17
558080,0x00000011,17
559104,0x0000000c,12
560128,0x00000017,23
561152,0x0000001c,28
562176,0x00000018,24
563200,0x0000000e,14
564224,0x00000013,19
565248,0x00000012,18
566272,0x0000000f,15
567296,0x00000011,17
568320,0x00000014,20
569344,0x00000010,16
570368,0x0000000e,14
571392,0x00000015,21
572416,0x00000011,17
573440,0x00000010,16
574464,0x00000015,21
575488,0x0000000b,11
576512,0x00000012,18
577536,0x00000012,18
578560,0x00000009,9
579584,0x0000000b,11
580608,0x0000000f,15
581632,0x00000010,16
582656,0x0000000d,13
583680,0x0000000d,13
584704,0x00000011,17
585728,0x00000010,16
586752,0x0000000e,14
587776,0x00000014,20
588800,0x00000008,8
589824,0x00000010,16
590848,0x0000000a,10
591872,0x0000000c,12
592896,0x0000000d,13
593920,0x0000000a,10
594944,0x00000009,9
595968,0x0000000a,10
596992,0x0000000b,11
598016,0x0000000a,10
599040,0x00000008,8
600064,0x0000000d,13
601088,0x0000000c,12
602112,0x0000000d,13
603136,0x00000010,16
604160,0x0000000b,11
605184,0x0000000a,10
606208,0x00000008,8
607232,0x00000008,8
608256,0x00000008,8
609280,0x0000000b,11
610304,0x0000000e,14
611328,0x00000004,4
612352,0x0000000a,10
613376,0x00000008,8
614400,0x00000008,8
615424,0x0000000f,15
616448,0x00000008,8
617472,0x00000007,7
618496,0x0000000c,12
619520,0x00000006,6
620544,0x0000000a,10
621568,0x00000009,9
622592,0x00000007,7
623616,0x0000000b,11
624640,0x0000000a,10
625664,0x00000007,7
626688,0x00000009,9
627712,0x00000008,8
628736,0x0000000a,10
629760,0x0000000a,10
630784,0x0000000b,11
631808,0x0000000f,15
632832,0x0000000a,10
633856,0x0000000c,12
634880,0x00000009,9
635904,0x00000008,8
636928,0x0000000f,15
637952,0x00000008,8
638976,0x00000008,8
640000,0x00000008,8
641024,0x00000007,7
642048,0x0000000d,13
643072,0x00000009,9
644096,0x0000000a,10
645120,0x00000004,4
646144,0x0000000a,10
647168,0x0000000a,10
648192,0x00000009,9
649216,0x00000009,9
650240,0x00000008,8
651264,0x00000008,8
652288,0x0000000c,12
653312,0x0000000e,14
654336,0x00000008,8
655360,0x00000006,6
656384,0x00000008,8
657408,0x00000007,7
658432,0x0000000a,10
659456,0x00000006,6
660480,0x00000007,7
661504,0x00000006,6
662528,0x0000000a,10
663552,0x0000000a,10
664576,0x0000000b,11
665600,0x00000005,5
666624,0x00000007,7
667648,0x00000003,3
668672,0x0000000b,11
669696,0x0000000d,13
670720,0x00000006,6
671744,0x0000000a,10
672768,0x00000008,8
673792,0x00000006,6
674816,0x00000008,8
675840,0x0000000a,10
676864,0x00000007,7
677888,0x00000006,6
678912,0x0000000a,10
679936,0x0000000a,10
680960,0x0000000c,12
681984,0x0000000d,13
683008,0x00000008,8
684032,0x00000008,8
685056,0x0000000a,10
686080,0x00000004,4
687104,0x0000000b,11
688128,0x00000003,3
689152,0x00000007,7
690176,0x00000001,1
691200,0x00000005,5
692224,0x00000006,6
693248,0x00000004,4
694272,0x00000006,6
695296,0x00000004,4
696320,0x00000005,5
697344,0x00000005,5
698368,0x00000003,3
699392,0x00000005,5
700416,0x00000007,7
701440,0x00000006,6
702464,0x00000005,5
703488,0x00000008,8
704512,0x00000004,4
705536,0x00000006,6
706560,0x00000002,2
707584,0x00000006,6
708608,0x00000008,8
709632,0x00000002,2
710656,0x00000008,8
711680,0x00000003,3
712704,0x00000001,1
713728,0x00000007,7
714752,0x00000001,1
715776,0x00000003,3
716800,0x00000007,7
717824,0x00000005,5
718848,0x00000000,0
719872,0x00000002,2
720896,0x00000004,4
721920,0x00000004,4
722944,0x00000005,5
723968,0x00000004,4
724992,0x00000005,5
726016,0x00000002,2
727040,0x00000001,1
728064,0x00000001,1
729088,0x00000003,3
730112,0x00000004,4
731136,0x00000005,5
732160,0x00000002,2
733184,0x00000003,3
734208,0x00000005,5
735232,0x00000004,4
736256,0x00000005,5
737280,0x00000004,4
738304,0x00000001,1
739328,0x00000003,3
740352,0x00000004,4
741376,0x00000002,2
742400,0x00000005,5
743424,0x00000004,4
744448,0x00000004,4
745472,0x00000001,1
746496,0x00000004,4
747520,0x00000005,5
748544,0x00000006,6
749568,0x00000007,7
750592,0x00000004,4
751616,0x00000003,3
752640,0x00000003,3
753664,0x00000009,9
754688,0x00000009,9
755712,0x0000000a,10
756736,0x00000004,4
757760,0x00000004,4
758784,0x00000008,8
759808,0x00000007,7
760832,0x00000008,8
761856,0x00000006,6
762880,0x00000005,5
763904,0x00000003,3
764928,0x0000000a,10
765952,0x00000005,5
766976,0x00000005,5
768000,0x00000003,3
769024,0x00000003,3
770048,0x00000004,4
771072,0x00000005,5
772096,0x00000005,5
773120,0x00000004,4
774144,0x00000005,5
775168,0x00000003,3
776192,0x00000006,6
777216,0x00000004,4
778240,0x00000005,5
779264,0x00000008,8
780288,0x00000000,0
781312,0x00000004,4
782336,0x00000002,2
783360,0x00000006,6
784384,0x00000007,7
785408,0x00000001,1
786432,0x00000005,5
787456,0x00000007,7
788480,0x00000009,9
789504,0x00000008,8
790528,0x00000009,9
791552,0x00000008,8
792576,0x00000004,4
793600,0x0000000b,11
794624,0x0000000c,12
795648,0x00000009,9
796672,0x0000000e,14
797696,0x0000000a,10
798720,0x00000019,25
799744,0x00000019,25
800768,0x00000010,16
801792,0x00000022,34
802816,0x00000023,35
803840,0x0000001c,28
804864,0x00000017,23
805888,0x0000000b,11
806912,0x0000000f,15
807936,0x00000009,9
808960,0x0000000e,14
809984,0x00000011,17
811008,0x00000005,5
812032,0x00000006,6
813056,0x00000004,4
814080,0x00000003,3
815104,0x00000007,7
816128,0x00000004,4
817152,0x00000001,1
818176,0x00000005,5
819200,0x00000003,3
820224,0x00000004,4
821248,0x00000006,6
822272,0x00000006,6
823296,0x00000008,8
824320,0x00000006,6
825344,0x00000002,2
826368,0x00000006,6
827392,0x00000001,1
828416,0x00000000,0
829440,0x00000005,5
830464,0x00000007,7
831488,0x00000006,6
832512,0x00000001,1
833536,0x00000002,2
834560,0x00000006,6
835584,0x00000002,2
836608,0x00000003,3
837632,0x00000004,4
838656,0x00000005,5
839680,0x00000001,1
840704,0x00000004,4
841728,0x00000006,6
842752,0x00000003,3
843776,0x00000004,4
844800,0x00000003,3
845824,0x00000003,3
846848,0x00000003,3
847872,0x00000004,4
848896,0x00000003,3
849920,0x00000006,6
850944,0x00000004,4
851968,0x00000005,5
852992,0x00000003,3
854016,0x00000004,4
855040,0x00000002,2
856064,0x00000002,2
857088,0x00000001,1
858112,0x00000004,4
859136,0x00000002,2
860160,0x00000007,7
861184,0x00000004,4
862208,0x00000005,5
863232,0x00000003,3
864256,0x00000004,4
865280,0x00000003,3
866304,0x00000005,5
867328,0x00000004,4
868352,0x00000004,4
869376,0x00000001,1
870400,0x00000002,2
871424,0x00000004,4
872448,0x00000002,2
873472,0x00000003,3
874496,0x00000003,3
875520,0x00000004,4
876544,0x00000000,0
877568,0x00000005,5
878592,0x00000002,2
879616,0x00000002,2
880640,0x00000007,7
881664,0x00000006,6
882688,0x00000006,6
883712,0x00000001,1
884736,0x00000005,5
885760,0x00000002,2
886784,0x00000007,7
887808,0x00000004,4
888832,0x00000007,7
889856,0x00000003,3
890880,0x00000002,2
891904,0x00000004,4
892928,0x00000004,4
893952,0x00000004,4
894976,0x00000003,3
896000,0x00000006,6
897024,0x00000003,3
898048,0x00000004,4
899072,0x00000008,8
900096,0x00000005,5
901120,0x0000000b,11
902144,0x00000005,5
903168,0x00000008,8
904192,0x00000004,4
905216,0x00000002,2
906240,0x00000001,1
907264,0x00000001,1
908288,0x00000007,7
909312,0x00000003,3
910336,0x00000002,2
911360,0x00000009,9
912384,0x00000006,6
913408,0x00000004,4
914432,0x00000004,4
915456,0x00000007,7
916480,0x00000006,6
917504,0x00000007,7
918528,0x00000006,6
919552,0x00000003,3
920576,0x00000001,1
921600,0x00000008,8
922624,0x00000004,4
923648,0x00000005,5
924672,0x00000007,7
925696,0x00000003,3
926720,0x00000002,2
927744,0x00000002,2
928768,0x00000005,5
929792,0x00000000,0
930816,0x00000009,9
931840,0x00000006,6
932864,0x00000002,2
933888,0x00000004,4
934912,0x00000003,3
935936,0x00000006,6
936960,0x00000005,5
937984,0x00000003,3
939008,0x00000004,4
940032,0x00000003,3
941056,0x00000002,2
942080,0x00000002,2
943104,0x00000005,5
944128,0x00000008,8
945152,0x00000007,7
946176,0x00000003,3
947200,0x00000008,8
948224,0x00000005,5
949248,0x00000008,8
950272,0x00000004,4
951296,0x0000000a,10
952320,0x00000009,9
953344,0x00000002,2
954368,0x00000006,6
955392,0x00000009,9
956416,0x0000000a,10
957440,0x00000005,5
958464,0x00000002,2
959488,0x00000003,3
960512,0x00000002,2
961536,0x00000003,3
962560,0x00000009,9
963584,0x00000006,6
964608,0x00000002,2
965632,0x00000007,7
966656,0x00000004,4
967680,0x00000005,5
968704,0x00000004,4
969728,0x00000006,6
970752,0x00000003,3
971776,0x00000004,4
972800,0x00000003,3
973824,0x00000005,5
974848,0x00000003,3
975872,0x00000006,6
976896,0x00000004,4
977920,0x00000001,1
978944,0x00000002,2
979968,0x00000005,5
980992,0x00000005,5
982016,0x00000002,2
983040,0x00000004,4
984064,0x00000005,5
985088,0x00000002,2
986112,0x00000003,3
987136,0x00000005,5
988160,0x00000000,0
989184,0x00000002,2
990208,0x00000005,5
991232,0x00000005,5
992256,0x00000006,6
993280,0x00000009,9
994304,0x00000006,6
995328,0x00000006,6
996352,0x00000004,4
997376,0x00000008,8
998400,0x00000007,7
999424,0x00000004,4
1000448,0x00000006,6
1001472,0x00000005,5
1002496,0x00000003,3
1003520,0x00000005,5
1004544,0x00000007,7
1005568,0x00000004,4
1006592,0x00000002,2
1007616,0x00000004,4
1008640,0x00000005,5
1009664,0x00000005,5
1010688,0x00000003,3
1011712,0x00000004,4
1012736,0x00000003,3
1013760,0x00000004,4
1014784,0x00000004,4
1015808,0x00000004,4
1016832,0x00000002,2
1017856,0x00000001,1
1018880,0x00000004,4
1019904,0x00000001,1
1020928,0x00000003,3
1021952,0x00000003,3
1022976,0x00000004,4
1024000,0x00000005,5
1025024,0x00000002,2
1026048,0x00000001,1
1027072,0x00000001,1
1028096,0x00000004,4
1029120,0x00000004,4
1030144,0x00000001,1
1031168,0x00000004,4
1032192,0x00000003,3
1033216,0x00000001,1
1034240,0x00000004,4
1035264,0x00000005,5
1036288,0x00000003,3
1037312,0x00000003,3
1038336,0x00000007,7
1039360,0x00000005,5
1040384,0x00000002,2
1041408,0x00000001,1
1042432,0x00000004,4
1043456,0x00000005,5
1044480,0x00000004,4
1045504,0x00000003,3
1046528,0x00000005,5
1047552,0x00000002,2
0,0x00000000,0
1048576,0x00000723,1827
2097152,0x0000042c,1068
3145728,0x0000027e,638
4194304,0x0000022c,556
5242880,0x000007ba,1978
6291456,0x00000a45,2629
7340032,0x00000496,1174
8388608,0x0000015d,349
9437184,0x0000010f,271
10485760,0x000000f8,248
11534336,0x000000e3,227
12582912,0x000000bc,188
13631488,0x000000ff,255
14680064,0x00000096,150
15728640,0x000000b0,176
16777216,0x000000ac,172
17825792,0x000000c8,200
18874368,0x00000082,130
19922944,0x00000081,129
20971520,0x00000092,146
22020096,0x000000ca,202
23068672,0x000000a9,169
24117248,0x0000008f,143
25165824,0x00000070,112
26214400,0x0000008c,140
27262976,0x00000077,119
28311552,0x000000a3,163
29360128,0x0000006b,107
30408704,0x00000076,118
31457280,0x00000118,280
32505856,0x0000026d,621
33554432,0x00000106,262
34603008,0x00000061,97
35651584,0x00000047,71
36700160,0x00000028,40
37748736,0x00000035,53
38797312,0x000000b9,185
39845888,0x0000008f,143
40894464,0x0000000d,13
41943040,0x0000000e,14
42991616,0x0000000f,15
44040192,0x0000000e,14
45088768,0x00000005,5
46137344,0x00000012,18
47185920,0x0000001c,28
48234496,0x0000001e,30
49283072,0x00000025,37
50331648,0x00000019,25
51380224,0x0000002f,47
52428800,0x0000003e,62
53477376,0x0000001e,30
54525952,0x0000000c,12
55574528,0x00000077,119
56623104,0x00000013,19
57671680,0x00000012,18
58720256,0x0000001b,27
59768832,0x0000003d,61
60817408,0x00000012,18
61865984,0x0000000b,11
62914560,0x00000029,41
63963136,0x0000000d,13
65011712,0x00000002,2
66060288,0x00000002,2
67108864,0x00000002,2
68157440,0x00000008,8
69206016,0x00000015,21
70254592,0x00000017,23
71303168,0x00000012,18
72351744,0x00000006,6
73400320,0x0000000b,11
74448896,0x00000022,34
75497472,0x00000013,19
76546048,0x00000027,39
77594624,0x00000018,24
78643200,0x00000019,25
79691776,0x00000008,8
80740352,0x0000005a,90
81788928,0x0000000c,12
82837504,0x00000003,3
83886080,0x00000008,8
84934656,0x00000007,7
85983232,0x00000009,9
87031808,0x00000006,6
88080384,0x00000002,2
89128960,0x00000014,20
90177536,0x00000006,6
91226112,0x00000002,2
92274688,0x00000000,0
93323264,0x00000002,2
94371840,0x00000007,7
95420416,0x00000000,0
96468992,0x00000002,2
97517568,0x00000004,4
98566144,0x00000009,9
99614720,0x00000005,5
100663296,0x00000016,22
101711872,0x00000009,9
102760448,0x0000000a,10
103809024,0x00000007,7
104857600,0x00000005,5
105906176,0x00000006,6
106954752,0x00000004,4
108003328,0x00000003,3
109051904,0x00000003,3
110100480,0x00000001,1
111149056,0x00000011,17
112197632,0x00000003,3
113246208,0x00000004,4
114294784,0x00000008,8
115343360,0x00000004,4
116391936,0x00000000,0
117440512,0x00000001,1
118489088,0x00000002,2
119537664,0x00000002,2
120586240,0x00000002,2
121634816,0x00000006,6
122683392,0x00000006,6
123731968,0x00000004,4
124780544,0x00000003,3
125829120,0x00000000,0
126877696,0x00000000,0
127926272,0x00000000,0
128974848,0x0000000a,10
130023424,0x00000001,1
131072000,0x00000006,6
132120576,0x00000002,2
133169152,0x00000004,4
134217728,0x00000024,36
135266304,0x00000001,1
136314880,0x00000001,1
137363456,0x00000000,0
138412032,0x00000000,0
139460608,0x00000000,0
140509184,0x00000002,2
141557760,0x00000008,8
142606336,0x00000015,21
143654912,0x00000001,1
144703488,0x00000000,0
145752064,0x00000001,1
146800640,0x00000000,0
147849216,0x00000002,2
148897792,0x00000000,0
149946368,0x00000000,0
150994944,0x00000004,4
152043520,0x00000000,0
153092096,0x00000000,0
154140672,0x00000000,0
155189248,0x00000000,0
156237824,0x00000000,0
157286400,0x00000000,0
158334976,0x00000000,0
159383552,0x00000000,0
160432128,0x00000000,0
161480704,0x00000000,0
162529280,0x00000002,2
163577856,0x00000002,2
164626432,0x00000001,1
165675008,0x00000000,0
166723584,0x00000000,0
167772160,0x00000000,0
168820736,0x00000000,0
169869312,0x00000001,1
170917888,0x00000006,6
171966464,0x00000000,0
173015040,0x00000000,0
174063616,0x00000000,0
175112192,0x00000000,0
176160768,0x00000000,0
177209344,0x00000000,0
178257920,0x00000000,0
179306496,0x00000000,0
180355072,0x00000000,0
181403648,0x00000001,1
182452224,0x00000000,0
183500800,0x00000000,0
184549376,0x00000000,0
185597952,0x00000000,0
186646528,0x00000001,1
187695104,0x00000000,0
188743680,0x00000002,2
189792256,0x00000001,1
190840832,0x00000001,1
191889408,0x00000000,0
192937984,0x00000002,2
193986560,0x00000000,0
195035136,0x00000001,1
196083712,0x00000000,0
197132288,0x00000013,19
198180864,0x00000007,7
199229440,0x0000000c,12
200278016,0x00000032,50
201326592,0x00000000,0
202375168,0x00000000,0
203423744,0x00000000,0
204472320,0x00000000,0
205520896,0x00000000,0
206569472,0x00000000,0
207618048,0x00000000,0
208666624,0x00000000,0
209715200,0x00000000,0
210763776,0x00000000,0
211812352,0x00000000,0
212860928,0x00000000,0
213909504,0x00000000,0
214958080,0x00000000,0
216006656,0x00000000,0
217055232,0x00000000,0
218103808,0x00000000,0
219152384,0x00000000,0
220200960,0x00000000,0
221249536,0x00000000,0
222298112,0x00000000,0
223346688,0x00000000,0
224395264,0x00000000,0
225443840,0x00000000,0
226492416,0x00000000,0
227540992,0x00000000,0
228589568,0x00000000,0
229638144,0x00000000,0
230686720,0x00000000,0
231735296,0x00000000,0
232783872,0x00000000,0
233832448,0x00000000,0
234881024,0x00000000,0
235929600,0x00000000,0
236978176,0x00000000,0
238026752,0x00000000,0
239075328,0x00000000,0
240123904,0x00000000,0
241172480,0x00000000,0
242221056,0x00000000,0
243269632,0x00000001,1
244318208,0x00000000,0
245366784,0x00000001,1
246415360,0x00000000,0
247463936,0x00000000,0
248512512,0x00000000,0
249561088,0x00000000,0
250609664,0x00000000,0
251658240,0x00000000,0
252706816,0x00000000,0
253755392,0x00000000,0
254803968,0x00000000,0
255852544,0x00000000,0
256901120,0x00000000,0
257949696,0x00000000,0
258998272,0x00000001,1
260046848,0x00000000,0
261095424,0x00000000,0
262144000,0x00000000,0
263192576,0x00000000,0
264241152,0x00000000,0
265289728,0x00000001,1
266338304,0x00000000,0
267386880,0x00000000,0
268435456,0x00000000,0
269484032,0x00000000,0
270532608,0x00000000,0
271581184,0x00000000,0
272629760,0x00000000,0
273678336,0x00000000,0
274726912,0x00000000,0
275775488,0x00000000,0
276824064,0x00000000,0
277872640,0x00000000,0
278921216,0x00000000,0
279969792,0x00000000,0
281018368,0x00000000,0
282066944,0x00000000,0
283115520,0x00000000,0
284164096,0x00000000,0
285212672,0x00000000,0
286261248,0x00000000,0
287309824,0x00000000,0
288358400,0x00000000,0
289406976,0x00000000,0
290455552,0x00000000,0
291504128,0x00000000,0
292552704,0x00000000,0
293601280,0x00000000,0
294649856,0x00000000,0
295698432,0x00000000,0
296747008,0x00000000,0
297795584,0x00000000,0
298844160,0x00000000,0
299892736,0x00000000,0
300941312,0x00000000,0
301989888,0x00000000,0
303038464,0x00000000,0
304087040,0x00000000,0
305135616,0x00000000,0
306184192,0x00000000,0
307232768,0x00000001,1
308281344,0x00000000,0
309329920,0x00000000,0
310378496,0x00000000,0
311427072,0x00000000,0
312475648,0x00000000,0
313524224,0x00000000,0
314572800,0x00000000,0
315621376,0x00000000,0
316669952,0x00000000,0
317718528,0x00000000,0
318767104,0x00000000,0
319815680,0x00000000,0
320864256,0x00000000,0
321912832,0x00000000,0
322961408,0x00000002,2
324009984,0x00000000,0
325058560,0x00000000,0
326107136,0x00000000,0
327155712,0x00000000,0
328204288,0x00000000,0
329252864,0x00000000,0
330301440,0x00000000,0
331350016,0x00000000,0
332398592,0x00000000,0
333447168,0x00000000,0
334495744,0x00000000,0
335544320,0x00000000,0
336592896,0x00000000,0
337641472,0x00000000,0
338690048,0x00000000,0
339738624,0x00000000,0
340787200,0x00000000,0
341835776,0x00000000,0
342884352,0x00000000,0
343932928,0x00000000,0
344981504,0x00000000,0
346030080,0x00000000,0
347078656,0x00000000,0
348127232,0x00000000,0
349175808,0x00000000,0
350224384,0x00000000,0
351272960,0x00000000,0
352321536,0x00000000,0
353370112,0x00000000,0
354418688,0x00000000,0
355467264,0x00000000,0
356515840,0x00000000,0
357564416,0x00000000,0
358612992,0x00000000,0
359661568,0x00000000,0
360710144,0x00000000,0
361758720,0x00000000,0
362807296,0x00000000,0
363855872,0x00000000,0
364904448,0x00000000,0
365953024,0x00000000,0
367001600,0x00000000,0
368050176,0x00000000,0
369098752,0x00000000,0
370147328,0x00000000,0
371195904,0x00000000,0
372244480,0x00000000,0
373293056,0x00000000,0
374341632,0x00000000,0
375390208,0x00000000,0
376438784,0x00000000,0
377487360,0x00000000,0
378535936,0x00000000,0
379584512,0x00000000,0
380633088,0x00000000,0
381681664,0x00000000,0
382730240,0x00000000,0
383778816,0x00000000,0
384827392,0x00000000,0
385875968,0x00000000,0
386924544,0x00000000,0
387973120,0x00000000,0
389021696,0x00000000,0
390070272,0x00000000,0
391118848,0x00000000,0
392167424,0x00000000,0
393216000,0x00000000,0
394264576,0x00000000,0
395313152,0x00000000,0
396361728,0x00000000,0
397410304,0x00000000,0
398458880,0x00000000,0
399507456,0x00000000,0
400556032,0x00000000,0
401604608,0x00000000,0
402653184,0x00000000,0
403701760,0x00000000,0
404750336,0x00000000,0
405798912,0x00000000,0
406847488,0x00000000,0
407896064,0x00000000,0
408944640,0x00000000,0
409993216,0x00000000,0
411041792,0x00000000,0
412090368,0x00000000,0
413138944,0x00000000,0
414187520,0x00000000,0
415236096,0x00000000,0
416284672,0x00000000,0
417333248,0x00000000,0
418381824,0x00000000,0
419430400,0x00000000,0
420478976,0x00000000,0
421527552,0x00000000,0
422576128,0x00000000,0
423624704,0x00000000,0
424673280,0x00000000,0
425721856,0x00000000,0
426770432,0x00000000,0
427819008,0x00000000,0
428867584,0x00000000,0
429916160,0x00000000,0
430964736,0x00000000,0
432013312,0x00000000,0
433061888,0x00000000,0
434110464,0x00000000,0
435159040,0x00000000,0
436207616,0x00000000,0
437256192,0x00000000,0
438304768,0x00000000,0
439353344,0x00000000,0
440401920,0x00000000,0
441450496,0x00000000,0
442499072,0x00000000,0
443547648,0x00000000,0
444596224,0x00000000,0
445644800,0x00000000,0
446693376,0x00000000,0
447741952,0x00000000,0
448790528,0x00000000,0
449839104,0x00000000,0
450887680,0x00000000,0
451936256,0x00000000,0
452984832,0x00000000,0
454033408,0x00000000,0
455081984,0x00000000,0
456130560,0x00000000,0
457179136,0x00000000,0
458227712,0x00000000,0
459276288,0x00000000,0
460324864,0x00000000,0
461373440,0x00000000,0
462422016,0x00000000,0
463470592,0x00000000,0
464519168,0x00000000,0
465567744,0x00000000,0
466616320,0x00000000,0
467664896,0x00000000,0
468713472,0x00000000,0
469762048,0x00000000,0
470810624,0x00000000,0
471859200,0x00000000,0
472907776,0x00000000,0
473956352,0x00000000,0
475004928,0x00000000,0
476053504,0x00000000,0
477102080,0x00000000,0
478150656,0x00000000,0
479199232,0x00000000,0
480247808,0x00000000,0
481296384,0x00000000,0
482344960,0x00000000,0
483393536,0x00000000,0
484442112,0x00000000,0
485490688,0x00000000,0
486539264,0x00000000,0
487587840,0x00000000,0
488636416,0x00000000,0
489684992,0x00000000,0
490733568,0x00000000,0
491782144,0x00000000,0
492830720,0x00000000,0
493879296,0x00000000,0
494927872,0x00000000,0
495976448,0x00000000,0
497025024,0x00000000,0
498073600,0x00000000,0
499122176,0x00000000,0
500170752,0x00000000,0
501219328,0x00000000,0
502267904,0x00000000,0
503316480,0x00000000,0
504365056,0x00000000,0
505413632,0x00000000,0
506462208,0x00000000,0
507510784,0x00000000,0
508559360,0x00000000,0
509607936,0x00000000,0
510656512,0x00000000,0
511705088,0x00000000,0
512753664,0x00000000,0
513802240,0x00000000,0
514850816,0x00000000,0
515899392,0x00000000,0
516947968,0x00000000,0
517996544,0x00000000,0
519045120,0x00000000,0
520093696,0x00000000,0
521142272,0x00000000,0
522190848,0x00000000,0
523239424,0x00000000,0
524288000,0x00000000,0
525336576,0x00000000,0
526385152,0x00000000,0
527433728,0x00000000,0
528482304,0x00000000,0
529530880,0x00000000,0
530579456,0x00000000,0
531628032,0x00000000,0
532676608,0x00000000,0
533725184,0x00000000,0
534773760,0x00000000,0
535822336,0x00000000,0
536870912,0x00000000,0
537919488,0x00000000,0
538968064,0x00000000,0
540016640,0x00000000,0
541065216,0x00000000,0
542113792,0x00000000,0
543162368,0x00000000,0
544210944,0x00000000,0
545259520,0x00000000,0
546308096,0x00000000,0
547356672,0x00000000,0
548405248,0x00000000,0
549453824,0x00000000,0
550502400,0x00000000,0
551550976,0x00000000,0
552599552,0x00000000,0
553648128,0x00000000,0
554696704,0x00000000,0
555745280,0x00000000,0
556793856,0x00000000,0
557842432,0x00000000,0
558891008,0x00000000,0
559939584,0x00000000,0
560988160,0x00000000,0
562036736,0x00000000,0
563085312,0x00000000,0
564133888,0x00000000,0
565182464,0x00000000,0
566231040,0x00000000,0
567279616,0x00000000,0
568328192,0x00000000,0
569376768,0x00000000,0
570425344,0x00000000,0
571473920,0x00000000,0
572522496,0x00000000,0
573571072,0x00000000,0
574619648,0x00000000,0
575668224,0x00000000,0
576716800,0x00000000,0
577765376,0x00000000,0
578813952,0x00000000,0
579862528,0x00000000,0
580911104,0x00000000,0
581959680,0x00000000,0
583008256,0x00000000,0
584056832,0x00000000,0
585105408,0x00000000,0
586153984,0x00000000,0
587202560,0x00000000,0
588251136,0x00000000,0
589299712,0x00000000,0
590348288,0x00000000,0
591396864,0x00000000,0
592445440,0x00000000,0
593494016,0x00000000,0
594542592,0x00000000,0
595591168,0x00000000,0
596639744,0x00000000,0
597688320,0x00000000,0
598736896,0x00000000,0
599785472,0x00000000,0
600834048,0x00000000,0
601882624,0x00000000,0
602931200,0x00000000,0
603979776,0x00000000,0
605028352,0x00000000,0
606076928,0x00000000,0
607125504,0x00000000,0
608174080,0x00000000,0
609222656,0x00000000,0
610271232,0x00000000,0
611319808,0x00000000,0
612368384,0x00000000,0
613416960,0x00000000,0
614465536,0x00000000,0
615514112,0x00000000,0
616562688,0x00000000,0
617611264,0x00000000,0
618659840,0x00000000,0
619708416,0x00000000,0
620756992,0x00000000,0
621805568,0x00000000,0
622854144,0x00000000,0
623902720,0x00000000,0
624951296,0x00000000,0
625999872,0x00000000,0
627048448,0x00000000,0
628097024,0x00000000,0
629145600,0x00000000,0
630194176,0x00000000,0
631242752,0x00000000,0
632291328,0x00000000,0
633339904,0x00000000,0
634388480,0x00000000,0
635437056,0x00000000,0
636485632,0x00000000,0
637534208,0x00000000,0
638582784,0x00000000,0
639631360,0x00000000,0
640679936,0x00000000,0
641728512,0x00000000,0
642777088,0x00000000,0
643825664,0x00000000,0
644874240,0x00000000,0
645922816,0x00000000,0
646971392,0x00000000,0
648019968,0x00000000,0
649068544,0x00000000,0
650117120,0x00000000,0
651165696,0x00000000,0
652214272,0x00000000,0
653262848,0x00000000,0
654311424,0x00000000,0
655360000,0x00000000,0
656408576,0x00000000,0
657457152,0x00000000,0
658505728,0x00000000,0
659554304,0x00000000,0
660602880,0x00000000,0
661651456,0x00000000,0
662700032,0x00000000,0
663748608,0x00000000,0
664797184,0x00000000,0
665845760,0x00000000,0
666894336,0x00000000,0
667942912,0x00000000,0
668991488,0x00000000,0
670040064,0x00000000,0
671088640,0x00000000,0
672137216,0x00000000,0
673185792,0x00000000,0
674234368,0x00000000,0
675282944,0x00000000,0
676331520,0x00000000,0
677380096,0x00000000,0
678428672,0x00000000,0
679477248,0x00000000,0
680525824,0x00000000,0
681574400,0x00000000,0
682622976,0x00000000,0
683671552,0x00000000,0
684720128,0x00000000,0
685768704,0x00000000,0
686817280,0x00000000,0
687865856,0x00000000,0
688914432,0x00000000,0
689963008,0x00000000,0
691011584,0x00000000,0
692060160,0x00000000,0
693108736,0x00000000,0
694157312,0x00000000,0
695205888,0x00000000,0
696254464,0x00000000,0
697303040,0x00000000,0
698351616,0x00000000,0
699400192,0x00000000,0
700448768,0x00000000,0
701497344,0x00000000,0
702545920,0x00000000,0
703594496,0x00000000,0
704643072,0x00000000,0
705691648,0x00000000,0
706740224,0x00000000,0
707788800,0x00000000,0
708837376,0x00000000,0
709885952,0x00000000,0
710934528,0x00000000,0
711983104,0x00000000,0
713031680,0x00000000,0
714080256,0x00000000,0
715128832,0x00000000,0
716177408,0x00000000,0
717225984,0x00000000,0
718274560,0x00000000,0
719323136,0x00000000,0
720371712,0x00000000,0
721420288,0x00000000,0
722468864,0x00000000,0
723517440,0x00000000,0
724566016,0x00000000,0
725614592,0x00000000,0
726663168,0x00000000,0
727711744,0x00000000,0
728760320,0x00000000,0
729808896,0x00000000,0
730857472,0x00000000,0
731906048,0x00000000,0
732954624,0x00000000,0
734003200,0x00000000,0
735051776,0x00000000,0
736100352,0x00000000,0
737148928,0x00000000,0
738197504,0x00000000,0
739246080,0x00000000,0
740294656,0x00000000,0
741343232,0x00000000,0
742391808,0x00000000,0
743440384,0x00000000,0
744488960,0x00000000,0
745537536,0x00000000,0
746586112,0x00000000,0
747634688,0x00000000,0
748683264,0x00000000,0
749731840,0x00000000,0
750780416,0x00000000,0
751828992,0x00000000,0
752877568,0x00000000,0
753926144,0x00000000,0
754974720,0x00000000,0
756023296,0x00000000,0
757071872,0x00000000,0
758120448,0x00000000,0
759169024,0x00000000,0
760217600,0x00000000,0
761266176,0x00000000,0
762314752,0x00000000,0
763363328,0x00000000,0
764411904,0x00000000,0
765460480,0x00000000,0
766509056,0x00000000,0
767557632,0x00000000,0
768606208,0x00000000,0
769654784,0x00000000,0
770703360,0x00000000,0
771751936,0x00000000,0
772800512,0x00000000,0
773849088,0x00000000,0
774897664,0x00000000,0
775946240,0x00000000,0
776994816,0x00000000,0
778043392,0x00000000,0
779091968,0x00000000,0
780140544,0x00000000,0
781189120,0x00000000,0
782237696,0x00000000,0
783286272,0x00000000,0
784334848,0x00000000,0
785383424,0x00000000,0
786432000,0x00000000,0
787480576,0x00000000,0
788529152,0x00000000,0
789577728,0x00000000,0
790626304,0x00000000,0
791674880,0x00000000,0
792723456,0x00000000,0
793772032,0x00000000,0
794820608,0x00000000,0
795869184,0x00000000,0
796917760,0x00000000,0
797966336,0x00000000,0
799014912,0x00000000,0
800063488,0x00000000,0
801112064,0x00000000,0
802160640,0x00000000,0
803209216,0x00000000,0
804257792,0x00000000,0
805306368,0x00000000,0
806354944,0x00000000,0
807403520,0x00000000,0
808452096,0x00000000,0
809500672,0x00000000,0
810549248,0x00000000,0
811597824,0x00000000,0
812646400,0x00000000,0
813694976,0x00000000,0
814743552,0x00000000,0
815792128,0x00000000,0
816840704,0x00000000,0
817889280,0x00000000,0
818937856,0x00000000,0
819986432,0x00000000,0
821035008,0x00000000,0
822083584,0x00000000,0
823132160,0x00000000,0
824180736,0x00000000,0
825229312,0x00000000,0
826277888,0x00000000,0
827326464,0x00000000,0
828375040,0x00000000,0
829423616,0x00000000,0
830472192,0x00000000,0
831520768,0x00000000,0
832569344,0x00000000,0
833617920,0x00000000,0
834666496,0x00000000,0
835715072,0x00000000,0
836763648,0x00000000,0
837812224,0x00000000,0
838860800,0x00000000,0
839909376,0x00000000,0
840957952,0x00000000,0
842006528,0x00000000,0
843055104,0x00000000,0
844103680,0x00000000,0
845152256,0x00000000,0
846200832,0x00000000,0
847249408,0x00000000,0
848297984,0x00000000,0
849346560,0x00000000,0
850395136,0x00000000,0
851443712,0x00000000,0
852492288,0x00000000,0
853540864,0x00000000,0
854589440,0x00000000,0
855638016,0x00000000,0
856686592,0x00000000,0
857735168,0x00000000,0
858783744,0x00000000,0
859832320,0x00000000,0
860880896,0x00000000,0
861929472,0x00000000,0
862978048,0x00000000,0
864026624,0x00000000,0
865075200,0x00000000,0
866123776,0x00000000,0
867172352,0x00000000,0
868220928,0x00000000,0
869269504,0x00000000,0
870318080,0x00000000,0
871366656,0x00000000,0
872415232,0x00000000,0
873463808,0x00000000,0
874512384,0x00000000,0
875560960,0x00000000,0
876609536,0x00000000,0
877658112,0x00000000,0
878706688,0x00000000,0
879755264,0x00000000,0
880803840,0x00000000,0
881852416,0x00000000,0
882900992,0x00000000,0
883949568,0x00000000,0
884998144,0x00000000,0
886046720,0x00000000,0
887095296,0x00000000,0
888143872,0x00000000,0
889192448,0x00000000,0
890241024,0x00000000,0
891289600,0x00000000,0
892338176,0x00000000,0
893386752,0x00000000,0
894435328,0x00000000,0
895483904,0x00000000,0
896532480,0x00000000,0
897581056,0x00000000,0
898629632,0x00000000,0
899678208,0x00000000,0
900726784,0x00000000,0
901775360,0x00000000,0
902823936,0x00000000,0
903872512,0x00000000,0
904921088,0x00000000,0
905969664,0x00000000,0
907018240,0x00000000,0
908066816,0x00000000,0
909115392,0x00000000,0
910163968,0x00000000,0
911212544,0x00000000,0
912261120,0x00000000,0
913309696,0x00000000,0
914358272,0x00000000,0
915406848,0x00000000,0
916455424,0x00000000,0
917504000,0x00000000,0
918552576,0x00000000,0
919601152,0x00000000,0
920649728,0x00000000,0
921698304,0x00000000,0
922746880,0x00000000,0
923795456,0x00000000,0
924844032,0x00000000,0
925892608,0x00000000,0
926941184,0x00000000,0
927989760,0x00000000,0
929038336,0x00000000,0
930086912,0x00000000,0
931135488,0x00000000,0
932184064,0x00000000,0
933232640,0x00000000,0
934281216,0x00000000,0
935329792,0x00000000,0
936378368,0x00000000,0
937426944,0x00000000,0
938475520,0x00000000,0
939524096,0x00000000,0
940572672,0x00000000,0
941621248,0x00000000,0
942669824,0x00000000,0
943718400,0x00000000,0
944766976,0x00000000,0
945815552,0x00000000,0
946864128,0x00000000,0
947912704,0x00000000,0
948961280,0x00000000,0
950009856,0x00000000,0
951058432,0x00000000,0
952107008,0x00000000,0
953155584,0x00000000,0
954204160,0x00000000,0
955252736,0x00000000,0
956301312,0x00000000,0
957349888,0x00000000,0
958398464,0x00000000,0
959447040,0x00000000,0
960495616,0x00000000,0
961544192,0x00000000,0
962592768,0x00000000,0
963641344,0x00000000,0
964689920,0x00000000,0
965738496,0x00000000,0
966787072,0x00000000,0
967835648,0x00000000,0
968884224,0x00000000,0
969932800,0x00000000,0
970981376,0x00000000,0
972029952,0x00000000,0
973078528,0x00000000,0
974127104,0x00000000,0
975175680,0x00000000,0
976224256,0x00000000,0
977272832,0x00000000,0
978321408,0x00000000,0
979369984,0x00000000,0
980418560,0x00000000,0
981467136,0x00000000,0
982515712,0x00000000,0
983564288,0x00000000,0
984612864,0x00000000,0
985661440,0x00000000,0
986710016,0x00000000,0
987758592,0x00000000,0
988807168,0x00000000,0
989855744,0x00000000,0
990904320,0x00000000,0
991952896,0x00000000,0
993001472,0x00000000,0
994050048,0x00000000,0
995098624,0x00000000,0
996147200,0x00000000,0
997195776,0x00000000,0
998244352,0x00000000,0
999292928,0x00000000,0
1000341504,0x00000000,0
1001390080,0x00000000,0
1002438656,0x00000000,0
1003487232,0x00000000,0
1004535808,0x00000000,0
1005584384,0x00000000,0
1006632960,0x00000000,0
1007681536,0x00000000,0
1008730112,0x00000000,0
1009778688,0x00000000,0
1010827264,0x00000000,0
1011875840,0x00000000,0
1012924416,0x00000000,0
1013972992,0x00000000,0
1015021568,0x00000000,0
1016070144,0x00000000,0
1017118720,0x00000000,0
1018167296,0x00000000,0
1019215872,0x00000000,0
1020264448,0x00000000,0
1021313024,0x00000000,0
1022361600,0x00000000,0
1023410176,0x00000000,0
1024458752,0x00000000,0
1025507328,0x00000000,0
1026555904,0x00000000,0
1027604480,0x00000000,0
1028653056,0x00000000,0
1029701632,0x00000000,0
1030750208,0x00000000,0
1031798784,0x00000000,0
1032847360,0x00000000,0
1033895936,0x00000000,0
1034944512,0x00000000,0
1035993088,0x00000000,0
1037041664,0x00000000,0
1038090240,0x00000000,0
1039138816,0x00000000,0
1040187392,0x00000000,0
1041235968,0x00000000,0
1042284544,0x00000000,0
1043333120,0x00000000,0
1044381696,0x00000000,0
1045430272,0x00000000,0
1046478848,0x00000000,0
1047527424,0x00000000,0
1048576000,0x00000000,0
1049624576,0x00000000,0
1050673152,0x00000000,0
1051721728,0x00000000,0
1052770304,0x00000000,0
1053818880,0x00000000,0
1054867456,0x00000000,0
1055916032,0x00000000,0
1056964608,0x00000000,0
1058013184,0x00000000,0
1059061760,0x00000000,0
1060110336,0x00000000,0
1061158912,0x00000000,0
1062207488,0x00000000,0
1063256064,0x00000000,0
1064304640,0x00000000,0
1065353216,0x00000000,0
1066401792,0x00000000,0
1067450368,0x00000000,0
1068498944,0x00000000,0
1069547520,0x00000000,0
1070596096,0x00000000,0
1071644672,0x00000000,0
1072693248,0x00000000,0
1073741824,0x00000000,0
1074790400,0x00000000,0
1075838976,0x00000000,0
1076887552,0x00000000,0
1077936128,0x00000000,0
1078984704,0x00000000,0
1080033280,0x00000000,0
1081081856,0x00000000,0
1082130432,0x00000000,0
1083179008,0x00000000,0
1084227584,0x00000000,0
1085276160,0x00000000,0
1086324736,0x00000000,0
1087373312,0x00000000,0
1088421888,0x00000000,0
1089470464,0x00000000,0
1090519040,0x00000000,0
1091567616,0x00000000,0
1092616192,0x00000000,0
1093664768,0x00000000,0
1094713344,0x00000000,0
1095761920,0x00000000,0
1096810496,0x00000000,0
1097859072,0x00000000,0
1098907648,0x00000000,0
1099956224,0x00000000,0
1101004800,0x00000000,0
1102053376,0x00000000,0
1103101952,0x00000000,0
1104150528,0x00000000,0
1105199104,0x00000000,0
1106247680,0x00000000,0
1107296256,0x00000000,0
1108344832,0x00000000,0
1109393408,0x00000000,0
1110441984,0x00000000,0
1111490560,0x00000000,0
1112539136,0x00000000,0
1113587712,0x00000000,0
1114636288,0x00000000,0
1115684864,0x00000000,0
1116733440,0x00000000,0
1117782016,0x00000000,0
1118830592,0x00000000,0
1119879168,0x00000000,0
1120927744,0x00000000,0
1121976320,0x00000000,0
1123024896,0x00000000,0
1124073472,0x00000000,0
1125122048,0x00000000,0
1126170624,0x00000000,0
1127219200,0x00000000,0
1128267776,0x00000000,0
1129316352,0x00000000,0
1130364928,0x00000000,0
1131413504,0x00000000,0
1132462080,0x00000000,0
1133510656,0x00000000,0
1134559232,0x00000000,0
1135607808,0x00000000,0
1136656384,0x00000000,0
1137704960,0x00000000,0
1138753536,0x00000000,0
1139802112,0x00000000,0
1140850688,0x00000000,0
1141899264,0x00000000,0
1142947840,0x00000000,0
1143996416,0x00000000,0
1145044992,0x00000000,0
1146093568,0x00000000,0
1147142144,0x00000000,0
1148190720,0x00000000,0
1149239296,0x00000000,0
1150287872,0x00000000,0
1151336448,0x00000000,0
1152385024,0x00000000,0
1153433600,0x00000000,0
1154482176,0x00000000,0
1155530752,0x00000000,0
1156579328,0x00000000,0
1157627904,0x00000000,0
1158676480,0x00000000,0
1159725056,0x00000000,0
1160773632,0x00000000,0
1161822208,0x00000000,0
1162870784,0x00000000,0
1163919360,0x00000000,0
1164967936,0x00000000,0
1166016512,0x00000000,0
1167065088,0x00000000,0
1168113664,0x00000000,0
1169162240,0x00000000,0
1170210816,0x00000000,0
1171259392,0x00000000,0
1172307968,0x00000000,0
1173356544,0x00000000,0
1174405120,0x00000000,0
1175453696,0x00000000,0
1176502272,0x00000000,0
1177550848,0x00000000,0
1178599424,0x00000000,0
1179648000,0x00000000,0
1180696576,0x00000000,0
1181745152,0x00000000,0
1182793728,0x00000000,0
1183842304,0x00000000,0
1184890880,0x00000000,0
1185939456,0x00000000,0
1186988032,0x00000000,0
1188036608,0x00000000,0
1189085184,0x00000000,0
1190133760,0x00000000,0
1191182336,0x00000000,0
1192230912,0x00000000,0
1193279488,0x00000000,0
1194328064,0x00000000,0
1195376640,0x00000000,0
1196425216,0x00000000,0
1197473792,0x00000000,0
1198522368,0x00000000,0
1199570944,0x00000000,0
1200619520,0x00000000,0
1201668096,0x00000000,0
1202716672,0x00000000,0
1203765248,0x00000000,0
1204813824,0x00000000,0
1205862400,0x00000000,0
1206910976,0x00000000,0
1207959552,0x00000000,0
1209008128,0x00000000,0
1210056704,0x00000000,0
1211105280,0x00000000,0
1212153856,0x00000000,0
1213202432,0x00000000,0
1214251008,0x00000000,0
1215299584,0x00000000,0
1216348160,0x00000000,0
1217396736,0x00000000,0
1218445312,0x00000000,0
1219493888,0x00000000,0
1220542464,0x00000000,0
1221591040,0x00000000,0
1222639616,0x00000000,0
1223688192,0x00000000,0
1224736768,0x00000000,0
1225785344,0x00000000,0
1226833920,0x00000000,0
1227882496,0x00000000,0
1228931072,0x00000000,0
1229979648,0x00000000,0
1231028224,0x00000000,0
1232076800,0x00000000,0
1233125376,0x00000000,0
1234173952,0x00000000,0
1235222528,0x00000000,0
1236271104,0x00000000,0
1237319680,0x00000000,0
1238368256,0x00000000,0
1239416832,0x00000000,0
1240465408,0x00000000,0
1241513984,0x00000000,0
1242562560,0x00000000,0
1243611136,0x00000000,0
1244659712,0x00000000,0
1245708288,0x00000000,0
1246756864,0x00000000,0
1247805440,0x00000000,0
1248854016,0x00000000,0
1249902592,0x00000000,0
1250951168,0x00000000,0
1251999744,0x00000000,0
1253048320,0x00000000,0
1254096896,0x00000000,0
1255145472,0x00000000,0
1256194048,0x00000000,0
1257242624,0x00000000,0
1258291200,0x00000000,0
1259339776,0x00000000,0
1260388352,0x00000000,0
1261436928,0x00000000,0
1262485504,0x00000000,0
1263534080,0x00000000,0
1264582656,0x00000000,0
1265631232,0x00000000,0
1266679808,0x00000000,0
1267728384,0x00000000,0
1268776960,0x00000000,0
1269825536,0x00000000,0
1270874112,0x00000000,0
1271922688,0x00000000,0
1272971264,0x00000000,0
1274019840,0x00000000,0
1275068416,0x00000000,0
1276116992,0x00000000,0
1277165568,0x00000000,0
1278214144,0x00000000,0
1279262720,0x00000000,0
1280311296,0x00000000,0
1281359872,0x00000000,0
1282408448,0x00000000,0
1283457024,0x00000000,0
1284505600,0x00000000,0
1285554176,0x00000000,0
1286602752,0x00000000,0
1287651328,0x00000000,0
1288699904,0x00000000,0
1289748480,0x00000000,0
1290797056,0x00000000,0
1291845632,0x00000000,0
1292894208,0x00000000,0
1293942784,0x00000000,0
1294991360,0x00000000,0
1296039936,0x00000000,0
1297088512,0x00000000,0
1298137088,0x00000000,0
1299185664,0x00000000,0
1300234240,0x00000000,0
1301282816,0x00000000,0
1302331392,0x00000000,0
1303379968,0x00000000,0
1304428544,0x00000000,0
1305477120,0x00000000,0
1306525696,0x00000000,0
1307574272,0x00000000,0
1308622848,0x00000000,0
1309671424,0x00000000,0
1310720000,0x00000000,0
1311768576,0x00000000,0
1312817152,0x00000000,0
1313865728,0x00000000,0
1314914304,0x00000000,0
1315962880,0x00000000,0
1317011456,0x00000000,0
1318060032,0x00000000,0
1319108608,0x00000000,0
1320157184,0x00000000,0
1321205760,0x00000000,0
1322254336,0x00000000,0
1323302912,0x00000000,0
1324351488,0x00000000,0
1325400064,0x00000000,0
1326448640,0x00000000,0
1327497216,0x00000000,0
1328545792,0x00000000,0
1329594368,0x00000000,0
1330642944,0x00000000,0
1331691520,0x00000000,0
1332740096,0x00000000,0
1333788672,0x00000000,0
1334837248,0x00000000,0
1335885824,0x00000000,0
1336934400,0x00000000,0
1337982976,0x00000000,0
1339031552,0x00000000,0
1340080128,0x00000000,0
1341128704,0x00000000,0
1342177280,0x00000000,0
1343225856,0x00000000,0
1344274432,0x00000000,0
1345323008,0x00000000,0
1346371584,0x00000000,0
1347420160,0x00000000,0
1348468736,0x00000000,0
1349517312,0x00000000,0
1350565888,0x00000000,0
1351614464,0x00000000,0
1352663040,0x00000000,0
1353711616,0x00000000,0
1354760192,0x00000000,0
1355808768,0x00000000,0
1356857344,0x00000000,0
1357905920,0x00000000,0
1358954496,0x00000000,0
1360003072,0x00000000,0
1361051648,0x00000000,0
1362100224,0x00000000,0
1363148800,0x00000000,0
1364197376,0x00000000,0
1365245952,0x00000000,0
1366294528,0x00000000,0
1367343104,0x00000000,0
1368391680,0x00000000,0
1369440256,0x00000000,0
1370488832,0x00000000,0
1371537408,0x00000000,0
1372585984,0x00000000,0
1373634560,0x00000000,0
1374683136,0x00000000,0
1375731712,0x00000000,0
1376780288,0x00000000,0
1377828864,0x00000000,0
1378877440,0x00000000,0
1379926016,0x00000000,0
1380974592,0x00000000,0
1382023168,0x00000000,0
1383071744,0x00000000,0
1384120320,0x00000000,0
1385168896,0x00000000,0
1386217472,0x00000000,0
1387266048,0x00000000,0
1388314624,0x00000000,0
1389363200,0x00000000,0
1390411776,0x00000000,0
1391460352,0x00000000,0
1392508928,0x00000000,0
1393557504,0x00000000,0
1394606080,0x00000000,0
1395654656,0x00000000,0
1396703232,0x00000000,0
1397751808,0x00000000,0
1398800384,0x00000000,0
1399848960,0x00000000,0
1400897536,0x00000000,0
1401946112,0x00000000,0
1402994688,0x00000000,0
1404043264,0x00000000,0
1405091840,0x00000000,0
1406140416,0x00000000,0
1407188992,0x00000000,0
1408237568,0x00000000,0
1409286144,0x00000000,0
1410334720,0x00000000,0
1411383296,0x00000000,0
1412431872,0x00000000,0
1413480448,0x00000000,0
1414529024,0x00000000,0
1415577600,0x00000000,0
1416626176,0x00000000,0
1417674752,0x00000000,0
1418723328,0x00000000,0
1419771904,0x00000000,0
1420820480,0x00000000,0
1421869056,0x00000000,0
1422917632,0x00000000,0
1423966208,0x00000000,0
1425014784,0x00000000,0
1426063360,0x00000000,0
1427111936,0x00000000,0
1428160512,0x00000000,0
1429209088,0x00000000,0
1430257664,0x00000000,0
1431306240,0x00000000,0
1432354816,0x00000000,0
1433403392,0x00000000,0
1434451968,0x00000000,0
1435500544,0x00000000,0
1436549120,0x00000000,0
1437597696,0x00000000,0
1438646272,0x00000000,0
1439694848,0x00000000,0
1440743424,0x00000000,0
1441792000,0x00000000,0
1442840576,0x00000000,0
1443889152,0x00000000,0
1444937728,0x00000000,0
1445986304,0x00000000,0
1447034880,0x00000000,0
1448083456,0x00000000,0
1449132032,0x00000000,0
1450180608,0x00000000,0
1451229184,0x00000000,0
1452277760,0x00000000,0
1453326336,0x00000000,0
1454374912,0x00000000,0
1455423488,0x00000000,0
1456472064,0x00000000,0
1457520640,0x00000000,0
1458569216,0x00000000,0
1459617792,0x00000000,0
1460666368,0x00000000,0
1461714944,0x00000000,0
1462763520,0x00000000,0
1463812096,0x00000000,0
1464860672,0x00000000,0
1465909248,0x00000000,0
1466957824,0x00000000,0
1468006400,0x00000000,0
1469054976,0x00000000,0
1470103552,0x00000000,0
1471152128,0x00000000,0
1472200704,0x00000000,0
1473249280,0x00000000,0
1474297856,0x00000000,0
1475346432,0x00000000,0
1476395008,0x00000000,0
1477443584,0x00000000,0
1478492160,0x00000000,0
1479540736,0x00000000,0
1480589312,0x00000000,0
1481637888,0x00000000,0
1482686464,0x00000000,0
1483735040,0x00000000,0
1484783616,0x00000000,0
1485832192,0x00000000,0
1486880768,0x00000000,0
1487929344,0x00000000,0
1488977920,0x00000000,0
1490026496,0x00000000,0
1491075072,0x00000000,0
1492123648,0x00000000,0
1493172224,0x00000000,0
1494220800,0x00000000,0
1495269376,0x00000000,0
1496317952,0x00000000,0
1497366528,0x00000000,0
1498415104,0x00000000,0
1499463680,0x00000000,0
1500512256,0x00000000,0
1501560832,0x00000000,0
1502609408,0x00000000,0
1503657984,0x00000000,0
1504706560,0x00000000,0
1505755136,0x00000000,0
1506803712,0x00000000,0
1507852288,0x00000000,0
1508900864,0x00000000,0
1509949440,0x00000000,0
1510998016,0x00000000,0
1512046592,0x00000000,0
1513095168,0x00000000,0
1514143744,0x00000000,0
1515192320,0x00000000,0
1516240896,0x00000000,0
1517289472,0x00000000,0
1518338048,0x00000000,0
1519386624,0x00000000,0
1520435200,0x00000000,0
1521483776,0x00000000,0
1522532352,0x00000000,0
1523580928,0x00000000,0
1524629504,0x00000000,0
1525678080,0x00000000,0
1526726656,0x00000000,0
1527775232,0x00000000,0
1528823808,0x00000000,0
1529872384,0x00000000,0
1530920960,0x00000000,0
1531969536,0x00000000,0
1533018112,0x00000000,0
1534066688,0x00000000,0
1535115264,0x00000000,0
1536163840,0x00000000,0
1537212416,0x00000000,0
1538260992,0x00000000,0
1539309568,0x00000000,0
1540358144,0x00000000,0
1541406720,0x00000000,0
1542455296,0x00000000,0
1543503872,0x00000000,0
1544552448,0x00000000,0
1545601024,0x00000000,0
1546649600,0x00000000,0
1547698176,0x00000000,0
1548746752,0x00000000,0
1549795328,0x00000000,0
1550843904,0x00000000,0
1551892480,0x00000000,0
1552941056,0x00000000,0
1553989632,0x00000000,0
1555038208,0x00000000,0
1556086784,0x00000000,0
1557135360,0x00000000,0
1558183936,0x00000000,0
1559232512,0x00000000,0
1560281088,0x00000000,0
1561329664,0x00000000,0
1562378240,0x00000000,0
1563426816,0x00000000,0
1564475392,0x00000000,0
1565523968,0x00000000,0
1566572544,0x00000000,0
1567621120,0x00000000,0
1568669696,0x00000000,0
1569718272,0x00000000,0
1570766848,0x00000000,0
1571815424,0x00000000,0
1572864000,0x00000000,0
1573912576,0x00000000,0
1574961152,0x00000000,0
1576009728,0x00000000,0
1577058304,0x00000000,0
1578106880,0x00000000,0
1579155456,0x00000000,0
1580204032,0x00000000,0
1581252608,0x00000000,0
1582301184,0x00000000,0
1583349760,0x00000000,0
1584398336,0x00000000,0
1585446912,0x00000000,0
1586495488,0x00000000,0
1587544064,0x00000000,0
1588592640,0x00000000,0
1589641216,0x00000000,0
1590689792,0x00000000,0
1591738368,0x00000000,0
1592786944,0x00000000,0
1593835520,0x00000000,0
1594884096,0x00000000,0
1595932672,0x00000000,0
1596981248,0x00000000,0
1598029824,0x00000000,0
1599078400,0x00000000,0
1600126976,0x00000000,0
1601175552,0x00000000,0
1602224128,0x00000000,0
1603272704,0x00000000,0
1604321280,0x00000000,0
1605369856,0x00000000,0
1606418432,0x00000000,0
1607467008,0x00000000,0
1608515584,0x00000000,0
1609564160,0x00000000,0
1610612736,0x00000000,0
1611661312,0x00000000,0
1612709888,0x00000000,0
1613758464,0x00000000,0
1614807040,0x00000000,0
1615855616,0x00000000,0
1616904192,0x00000000,0
1617952768,0x00000000,0
1619001344,0x00000000,0
1620049920,0x00000000,0
1621098496,0x00000000,0
1622147072,0x00000000,0
1623195648,0x00000000,0
1624244224,0x00000000,0
1625292800,0x00000000,0
1626341376,0x00000000,0
1627389952,0x00000000,0
1628438528,0x00000000,0
1629487104,0x00000000,0
1630535680,0x00000000,0
1631584256,0x00000000,0
1632632832,0x00000000,0
1633681408,0x00000000,0
1634729984,0x00000000,0
1635778560,0x00000000,0
1636827136,0x00000000,0
1637875712,0x00000000,0
1638924288,0x00000000,0
1639972864,0x00000000,0
1641021440,0x00000000,0
1642070016,0x00000000,0
1643118592,0x00000000,0
1644167168,0x00000000,0
1645215744,0x00000000,0
1646264320,0x00000000,0
1647312896,0x00000000,0
1648361472,0x00000000,0
1649410048,0x00000000,0
1650458624,0x00000000,0
1651507200,0x00000000,0
1652555776,0x00000000,0
1653604352,0x00000000,0
1654652928,0x00000000,0
1655701504,0x00000000,0
1656750080,0x00000000,0
1657798656,0x00000000,0
1658847232,0x00000000,0
1659895808,0x00000000,0
1660944384,0x00000000,0
1661992960,0x00000000,0
1663041536,0x00000000,0
1664090112,0x00000000,0
1665138688,0x00000000,0
1666187264,0x00000000,0
1667235840,0x00000000,0
1668284416,0x00000000,0
1669332992,0x00000000,0
1670381568,0x00000000,0
1671430144,0x00000000,0
1672478720,0x00000000,0
1673527296,0x00000000,0
1674575872,0x00000000,0
1675624448,0x00000000,0
1676673024,0x00000000,0
1677721600,0x00000000,0
1678770176,0x00000000,0
1679818752,0x00000000,0
1680867328,0x00000000,0
1681915904,0x00000000,0
1682964480,0x00000000,0
1684013056,0x00000000,0
1685061632,0x00000000,0
1686110208,0x00000000,0
1687158784,0x00000000,0
1688207360,0x00000000,0
1689255936,0x00000000,0
1690304512,0x00000000,0
1691353088,0x00000000,0
1692401664,0x00000000,0
1693450240,0x00000000,0
1694498816,0x00000000,0
1695547392,0x00000000,0
1696595968,0x00000000,0
1697644544,0x00000000,0
1698693120,0x00000000,0
1699741696,0x00000000,0
1700790272,0x00000000,0
1701838848,0x00000000,0
1702887424,0x00000000,0
1703936000,0x00000000,0
1704984576,0x00000000,0
1706033152,0x00000000,0
1707081728,0x00000000,0
1708130304,0x00000000,0
1709178880,0x00000000,0
1710227456,0x00000000,0
1711276032,0x00000000,0
1712324608,0x00000000,0
1713373184,0x00000000,0
1714421760,0x00000000,0
1715470336,0x00000000,0
1716518912,0x00000000,0
1717567488,0x00000000,0
1718616064,0x00000000,0
1719664640,0x00000000,0
1720713216,0x00000000,0
1721761792,0x00000000,0
1722810368,0x00000000,0
1723858944,0x00000000,0
1724907520,0x00000000,0
1725956096,0x00000000,0
1727004672,0x00000000,0
1728053248,0x00000000,0
1729101824,0x00000000,0
1730150400,0x00000000,0
1731198976,0x00000000,0
1732247552,0x00000000,0
1733296128,0x00000000,0
1734344704,0x00000000,0
1735393280,0x00000000,0
1736441856,0x00000000,0
1737490432,0x00000000,0
1738539008,0x00000000,0
1739587584,0x00000000,0
1740636160,0x00000000,0
1741684736,0x00000000,0
1742733312,0x00000000,0
1743781888,0x00000000,0
1744830464,0x00000000,0
1745879040,0x00000000,0
1746927616,0x00000000,0
1747976192,0x00000000,0
1749024768,0x00000000,0
1750073344,0x00000000,0
1751121920,0x00000000,0
1752170496,0x00000000,0
1753219072,0x00000000,0
1754267648,0x00000000,0
1755316224,0x00000000,0
1756364800,0x00000000,0
1757413376,0x00000000,0
1758461952,0x00000000,0
1759510528,0x00000000,0
1760559104,0x00000000,0
1761607680,0x00000000,0
1762656256,0x00000000,0
1763704832,0x00000000,0
1764753408,0x00000000,0
1765801984,0x00000000,0
1766850560,0x00000000,0
1767899136,0x00000000,0
1768947712,0x00000000,0
1769996288,0x00000000,0
1771044864,0x00000000,0
1772093440,0x00000000,0
1773142016,0x00000000,0
1774190592,0x00000000,0
1775239168,0x00000000,0
1776287744,0x00000000,0
1777336320,0x00000000,0
1778384896,0x00000000,0
1779433472,0x00000000,0
1780482048,0x00000000,0
1781530624,0x00000000,0
1782579200,0x00000000,0
1783627776,0x00000000,0
1784676352,0x00000000,0
1785724928,0x00000000,0
1786773504,0x00000000,0
1787822080,0x00000000,0
1788870656,0x00000000,0
1789919232,0x00000000,0
1790967808,0x00000000,0
1792016384,0x00000000,0
1793064960,0x00000000,0
1794113536,0x00000000,0
1795162112,0x00000000,0
1796210688,0x00000000,0
1797259264,0x00000000,0
1798307840,0x00000000,0
1799356416,0x00000000,0
1800404992,0x00000000,0
1801453568,0x00000000,0
1802502144,0x00000000,0
1803550720,0x00000000,0
1804599296,0x00000000,0
1805647872,0x00000000,0
1806696448,0x00000000,0
1807745024,0x00000000,0
1808793600,0x00000000,0
1809842176,0x00000000,0
1810890752,0x00000000,0
1811939328,0x00000000,0
1812987904,0x00000000,0
1814036480,0x00000000,0
1815085056,0x00000000,0
1816133632,0x00000000,0
1817182208,0x00000000,0
1818230784,0x00000000,0
1819279360,0x00000000,0
1820327936,0x00000000,0
1821376512,0x00000000,0
1822425088,0x00000000,0
1823473664,0x00000000,0
1824522240,0x00000000,0
1825570816,0x00000000,0
1826619392,0x00000000,0
1827667968,0x00000000,0
1828716544,0x00000000,0
1829765120,0x00000000,0
1830813696,0x00000000,0
1831862272,0x00000000,0
1832910848,0x00000000,0
1833959424,0x00000000,0
1835008000,0x00000000,0
1836056576,0x00000000,0
1837105152,0x00000000,0
1838153728,0x00000000,0
1839202304,0x00000000,0
1840250880,0x00000000,0
1841299456,0x00000000,0
1842348032,0x00000000,0
1843396608,0x00000000,0
1844445184,0x00000000,0
1845493760,0x00000000,0
1846542336,0x00000000,0
1847590912,0x00000000,0
1848639488,0x00000000,0
1849688064,0x00000000,0
1850736640,0x00000000,0
1851785216,0x00000000,0
1852833792,0x00000000,0
1853882368,0x00000000,0
1854930944,0x00000000,0
1855979520,0x00000000,0
1857028096,0x00000000,0
1858076672,0x00000000,0
1859125248,0x00000000,0
1860173824,0x00000000,0
1861222400,0x00000000,0
1862270976,0x00000000,0
1863319552,0x00000000,0
1864368128,0x00000000,0
1865416704,0x00000000,0
1866465280,0x00000000,0
1867513856,0x00000000,0
1868562432,0x00000000,0
1869611008,0x00000000,0
1870659584,0x00000000,0
1871708160,0x00000000,0
1872756736,0x00000000,0
1873805312,0x00000000,0
1874853888,0x00000000,0
1875902464,0x00000000,0
1876951040,0x00000000,0
1877999616,0x00000000,0
1879048192,0x00000000,0
1880096768,0x00000000,0
1881145344,0x00000000,0
1882193920,0x00000000,0
1883242496,0x00000000,0
1884291072,0x00000000,0
1885339648,0x00000000,0
1886388224,0x00000000,0
1887436800,0x00000000,0
1888485376,0x00000000,0
1889533952,0x00000000,0
1890582528,0x00000000,0
1891631104,0x00000000,0
1892679680,0x00000000,0
1893728256,0x00000000,0
1894776832,0x00000000,0
1895825408,0x00000000,0
1896873984,0x00000000,0
1897922560,0x00000000,0
1898971136,0x00000000,0
1900019712,0x00000000,0
1901068288,0x00000000,0
1902116864,0x00000000,0
1903165440,0x00000000,0
1904214016,0x00000000,0
1905262592,0x00000000,0
1906311168,0x00000000,0
1907359744,0x00000000,0
1908408320,0x00000000,0
1909456896,0x00000000,0
1910505472,0x00000000,0
1911554048,0x00000000,0
1912602624,0x00000000,0
1913651200,0x00000000,0
1914699776,0x00000000,0
1915748352,0x00000000,0
1916796928,0x00000000,0
1917845504,0x00000000,0
1918894080,0x00000000,0
1919942656,0x00000000,0
1920991232,0x00000000,0
1922039808,0x00000000,0
1923088384,0x00000000,0
1924136960,0x00000000,0
1925185536,0x00000000,0
1926234112,0x00000000,0
1927282688,0x00000000,0
1928331264,0x00000000,0
1929379840,0x00000000,0
1930428416,0x00000000,0
1931476992,0x00000000,0
1932525568,0x00000000,0
1933574144,0x00000000,0
1934622720,0x00000000,0
1935671296,0x00000000,0
1936719872,0x00000000,0
1937768448,0x00000000,0
1938817024,0x00000000,0
1939865600,0x00000000,0
1940914176,0x00000000,0
1941962752,0x00000000,0
1943011328,0x00000000,0
1944059904,0x00000000,0
1945108480,0x00000000,0
1946157056,0x00000000,0
1947205632,0x00000000,0
1948254208,0x00000000,0
1949302784,0x00000000,0
1950351360,0x00000000,0
1951399936,0x00000000,0
1952448512,0x00000000,0
1953497088,0x00000000,0
1954545664,0x00000000,0
1955594240,0x00000000,0
1956642816,0x00000000,0
1957691392,0x00000000,0
1958739968,0x00000000,0
1959788544,0x00000000,0
1960837120,0x00000000,0
1961885696,0x00000000,0
1962934272,0x00000000,0
1963982848,0x00000000,0
1965031424,0x00000000,0
1966080000,0x00000000,0
1967128576,0x00000000,0
1968177152,0x00000000,0
1969225728,0x00000000,0
1970274304,0x00000000,0
1971322880,0x00000000,0
1972371456,0x00000000,0
1973420032,0x00000000,0
1974468608,0x00000000,0
1975517184,0x00000000,0
1976565760,0x00000000,0
1977614336,0x00000000,0
1978662912,0x00000000,0
1979711488,0x00000000,0
1980760064,0x00000000,0
1981808640,0x00000000,0
1982857216,0x00000000,0
1983905792,0x00000000,0
1984954368,0x00000000,0
1986002944,0x00000000,0
1987051520,0x00000000,0
1988100096,0x00000000,0
1989148672,0x00000000,0
1990197248,0x00000000,0
1991245824,0x00000000,0
1992294400,0x00000000,0
1993342976,0x00000000,0
1994391552,0x00000000,0
1995440128,0x00000000,0
1996488704,0x00000000,0
1997537280,0x00000000,0
1998585856,0x00000000,0
1999634432,0x00000000,0
2000683008,0x00000000,0
2001731584,0x00000000,0
2002780160,0x00000000,0
2003828736,0x00000000,0
2004877312,0x00000000,0
2005925888,0x00000000,0
2006974464,0x00000000,0
2008023040,0x00000000,0
2009071616,0x00000000,0
2010120192,0x00000000,0
2011168768,0x00000000,0
2012217344,0x00000000,0
2013265920,0x00000000,0
2014314496,0x00000000,0
2015363072,0x00000000,0
2016411648,0x00000000,0
2017460224,0x00000000,0
2018508800,0x00000000,0
2019557376,0x00000000,0
2020605952,0x00000000,0
2021654528,0x00000000,0
2022703104,0x00000000,0
2023751680,0x00000000,0
2024800256,0x00000000,0
2025848832,0x00000000,0
2026897408,0x00000000,0
2027945984,0x00000000,0
2028994560,0x00000000,0
2030043136,0x00000000,0
2031091712,0x00000000,0
2032140288,0x00000000,0
2033188864,0x00000000,0
2034237440,0x00000000,0
2035286016,0x00000000,0
2036334592,0x00000000,0
2037383168,0x00000000,0
2038431744,0x00000000,0
2039480320,0x00000000,0
2040528896,0x00000000,0
2041577472,0x00000000,0
2042626048,0x00000000,0
2043674624,0x00000000,0
2044723200,0x00000000,0
2045771776,0x00000000,0
2046820352,0x00000000,0
2047868928,0x00000000,0
2048917504,0x00000000,0
2049966080,0x00000000,0
2051014656,0x00000000,0
2052063232,0x00000000,0
2053111808,0x00000000,0
2054160384,0x00000000,0
2055208960,0x00000000,0
2056257536,0x00000000,0
2057306112,0x00000000,0
2058354688,0x00000000,0
2059403264,0x00000000,0
2060451840,0x00000000,0
2061500416,0x00000000,0
2062548992,0x00000000,0
2063597568,0x00000000,0
2064646144,0x00000000,0
2065694720,0x00000000,0
2066743296,0x00000000,0
2067791872,0x00000000,0
2068840448,0x00000000,0
2069889024,0x00000000,0
2070937600,0x00000000,0
2071986176,0x00000000,0
2073034752,0x00000000,0
2074083328,0x00000000,0
2075131904,0x00000000,0
2076180480,0x00000000,0
2077229056,0x00000000,0
2078277632,0x00000000,0
2079326208,0x00000000,0
2080374784,0x00000000,0
2081423360,0x00000000,0
2082471936,0x00000000,0
2083520512,0x00000000,0
2084569088,0x00000000,0
2085617664,0x00000000,0
2086666240,0x00000000,0
2087714816,0x00000000,0
2088763392,0x00000000,0
2089811968,0x00000000,0
2090860544,0x00000000,0
2091909120,0x00000000,0
2092957696,0x00000000,0
2094006272,0x00000000,0
2095054848,0x00000000,0
2096103424,0x00000000,0
2097152000,0x00000000,0
2098200576,0x00000000,0
2099249152,0x00000000,0
2100297728,0x00000000,0
2101346304,0x00000000,0
2102394880,0x00000000,0
2103443456,0x00000000,0
2104492032,0x00000000,0
2105540608,0x00000000,0
2106589184,0x00000000,0
2107637760,0x00000000,0
2108686336,0x00000000,0
2109734912,0x00000000,0
2110783488,0x00000000,0
2111832064,0x00000000,0
2112880640,0x00000000,0
2113929216,0x00000000,0
2114977792,0x00000000,0
2116026368,0x00000000,0
2117074944,0x00000000,0
2118123520,0x00000000,0
2119172096,0x00000000,0
2120220672,0x00000000,0
2121269248,0x00000000,0
2122317824,0x00000000,0
2123366400,0x00000000,0
2124414976,0x00000000,0
2125463552,0x00000000,0
2126512128,0x00000000,0
2127560704,0x00000000,0
2128609280,0x00000000,0
2129657856,0x00000000,0
2130706432,0x00000000,0
2131755008,0x00000000,0
2132803584,0x00000000,0
2133852160,0x00000000,0
2134900736,0x00000000,0
2135949312,0x00000000,0
2136997888,0x00000000,0
2138046464,0x00000000,0
2139095040,0x00000000,0
2140143616,0x00000000,0
2141192192,0x00000000,0
2142240768,0x00000000,0
2143289344,0x00000000,0
2144337920,0x00000000,0
2145386496,0x00000000,0
2146435072,0x00000000,0
