0,0x00000040,64
1,0x00000063,99
2,0x000007c0,1984
3,0x000007cf,1999
4,0x000007d7,2007
5,0x00000c17,3095
6,0x00001383,4995
7,0x001a0539,1705273
8,0x001a1b68,1710952
9,0x001a1b69,1710953
10,0x001a4278,1720952
11,0x001a65ef,1730031
12,0x001adf06,1761030
13,0x001b7b95,1801109
14,0x002e8f54,3051348
15,0x002e8f55,3051349
16,0x002eb674,3061364
17,0x002edd88,3071368
18,0x002f049c,3081372
19,0x002f2bb1,3091377
20,0x002f52c6,3101382
21,0x002f52c9,3101385
22,0x002f79d9,3111385
23,0x002fa0ed,3121389
24,0x002fc803,3131395
25,0x002fef17,3141399
26,0x0030162b,3151403
27,0x00301638,3151416
28,0x00303d4d,3161421
29,0x00306461,3171425
30,0x00308b75,3181429
31,0x0030b28b,3191435
32,0x0030d99e,3201438
33,0x003100b3,3211443
34,0x003127c7,3221447
35,0x00314edb,3231451
36,0x003175f0,3241456
37,0x00319d04,3251460
38,0x00319d16,3251478
39,0x0031c42b,3261483
40,0x0031eb3f,3271487
41,0x00321255,3281493
42,0x00323969,3291497
43,0x0032607d,3301501
44,0x00328792,3311506
45,0x0032aea8,3321512
46,0x0032d5bc,3331516
47,0x0032fcd1,3341521
48,0x003323e6,3351526
49,0x003323ee,3351534
50,0x00334b01,3361537
51,0x00337217,3371543
52,0x0033992a,3381546
53,0x0033c03e,3391550
54,0x0033e751,3401553
55,0x00340e64,3411556
56,0x00343579,3421561
57,0x003436af,3421871
58,0x00345c8d,3431565
59,0x00345dcc,3431884
60,0x003483a2,3441570
61,0x003484e1,3441889
62,0x0034aab7,3451575
63,0x0034aabe,3451582
64,0x0034abf5,3451893
65,0x0034d1d3,3461587
66,0x0034d309,3461897
67,0x0034f8e6,3471590
68,0x0034fa1d,3471901
69,0x0034fa3c,3471932
70,0x00351ff9,3481593
71,0x00352131,3481905
72,0x003546f5,3491573
73,0x0035470c,3491596
74,0x00354846,3491910
75,0x00356e20,3501600
76,0x00356f5b,3501915
77,0x00359534,3511604
78,0x0035966f,3511919
79,0x0035bc47,3521607
80,0x0035bd82,3521922
81,0x0035bd90,3521936
82,0x0035e359,3531609
83,0x0035e4a3,3531939
84,0x00360a6e,3541614
85,0x00360bb8,3541944
86,0x00363181,3551617
87,0x00363188,3551624
88,0x003632cc,3551948
89,0x0036589b,3561627
90,0x003658d9,3561689
91,0x003659e0,3561952
92,0x00367fae,3571630
93,0x003680f4,3571956
94,0x0036a6c2,3581634
95,0x0036a808,3581960
96,0x0036cdd6,3591638
97,0x0036cf1d,3591965
98,0x0036f4eb,3601643
99,0x0036f632,3601970
100,0x00371c01,3611649
101,0x00371d46,3611974
102,0x00374314,3621652
103,0x0037445a,3621978
104,0x00374463,3621987
105,0x00376a29,3631657
106,0x00376b77,3631991
107,0x00376bc0,3632064
108,0x0037913e,3641662
109,0x0037928b,3641995
110,0x0037b853,3651667
111,0x0037b85b,3651675
112,0x0037b9a2,3652002
113,0x0037df70,3661680
114,0x0037e0b6,3662006
115,0x00380684,3671684
116,0x003807d2,3672018
117,0x00382d98,3681688
118,0x00382ee6,3682022
119,0x003854ab,3691691
120,0x003855fa,3692026
121,0x00387bbf,3701695
122,0x00387d0f,3702031
123,0x0038a2d3,3711699
124,0x0038a425,3712037
125,0x0038c9e7,3721703
126,0x0038cb39,3722041
127,0x0038cb41,3722049
128,0x0038f0fa,3731706
129,0x0038f256,3732054
130,0x0039180d,3741709
131,0x0039196a,3742058
132,0x00393f20,3751712
133,0x00393f28,3751720
134,0x0039407e,3752062
135,0x0039663b,3761723
136,0x00396792,3762066
137,0x00398d4f,3771727
138,0x00398ea6,3772070
139,0x0039b464,3781732
140,0x0039b5bb,3782075
141,0x0039db78,3791736
142,0x0039dcd1,3792081
143,0x003a028c,3801740
144,0x003a03e4,3802084
145,0x003a29a0,3811744
146,0x003a2af9,3812089
147,0x003a500e,3821582
148,0x003a500f,3821583
149,0x003a50b5,3821749
150,0x003a520d,3822093
151,0x003a5214,3822100
152,0x003a7723,3831587
153,0x003a77c7,3831751
154,0x003a7927,3832103
155,0x003a9e37,3841591
156,0x003a9eda,3841754
157,0x003aa03c,3842108
158,0x003aa05a,3842138
159,0x003ac54c,3851596
160,0x003ac5ec,3851756
161,0x003ac5f1,3851761
162,0x003ac750,3852112
163,0x003aec60,3861600
164,0x003aed04,3861764
165,0x003aee65,3862117
166,0x003b136e,3871598
167,0x003b1375,3871605
168,0x003b1417,3871767
169,0x003b1579,3872121
170,0x003b3a8b,3881611
171,0x003b3b2a,3881770
172,0x003b3c8f,3882127
173,0x003b619f,3891615
174,0x003b623d,3891773
175,0x003b63a3,3892131
176,0x003b88b4,3901620
177,0x003b894f,3901775
178,0x003b8ab9,3902137
179,0x003bafc8,3911624
180,0x003bafd6,3911638
181,0x003bb063,3911779
182,0x003bb1ce,3912142
183,0x003bd6ea,3921642
184,0x003bd776,3921782
185,0x003bd8e3,3922147
186,0x003bd8e9,3922153
187,0x003bfdfe,3931646
188,0x003bfe89,3931785
189,0x003bfee5,3931877
190,0x003bfffd,3932157
191,0x003c004d,3932237
192,0x003c2513,3941651
193,0x003c259c,3941788
194,0x003c2710,3942160
195,0x003c4c27,3951655
196,0x003c4cb1,3951793
197,0x003c4cb8,3951800
198,0x003c4e25,3952165
199,0x003c733c,3961660
200,0x003c73cb,3961803
201,0x003c7539,3962169
202,0x003c9a51,3971665
203,0x003c9adf,3971807
204,0x003c9c4d,3972173
205,0x003cc167,3981671
206,0x003cc1f2,3981810
207,0x003cc362,3982178
208,0x003ce87c,3991676
209,0x003ce905,3991813
210,0x003cea77,3992183
211,0x003d0f92,4001682
212,0x003d1018,4001816
213,0x003d118c,4002188
214,0x003d36a7,4011687
215,0x003d36af,4011695
216,0x003d372c,4011820
217,0x003d38a1,4012193
218,0x003d5dc4,4021700
219,0x003d5e41,4021825
220,0x003d5e4a,4021834
221,0x003d5fb7,4022199
222,0x003d5fc0,4022208
223,0x003d84da,4031706
224,0x003d8555,4031829
225,0x003d86d3,4032211
226,0x003dabf0,4041712
227,0x003dac67,4041831
228,0x003dade8,4042216
229,0x003dd305,4051717
230,0x003dd37a,4051834
231,0x003dd381,4051841
232,0x003dd4f3,4052211
233,0x003dd4fd,4052221
234,0x003dfa1a,4061722
235,0x003dfa94,4061844
236,0x003dfc11,4062225
237,0x003e212f,4071727
238,0x003e21a7,4071847
239,0x003e2326,4072230
240,0x003e4844,4081732
241,0x003e48ba,4081850
242,0x003e4a39,4082233
243,0x003e565b,4085339
244,0x003e565c,4085340
245,0x003e6f59,4091737
246,0x003e6fcd,4091853
247,0x003e714c,4092236
248,0x003e7d7c,4095356
249,0x003e966e,4101742
250,0x003e96e0,4101856
251,0x003e9861,4102241
252,0x003ea48f,4105359
253,0x003ebd83,4111747
254,0x003ebd96,4111766
255,0x003ebdf4,4111860
256,0x003ebf76,4112246
257,0x003ecba3,4115363
258,0x003ee4ac,4121772
259,0x003ee509,4121865
260,0x003ee68c,4122252
261,0x003ee692,4122258
262,0x003ef2b7,4125367
263,0x003f0bc1,4131777
264,0x003f0c1c,4131868
265,0x003f0da7,4132263
266,0x003f19cd,4135373
267,0x003f1a06,4135430
268,0x003f32d6,4141782
269,0x003f332f,4141871
270,0x003f34bc,4142268
271,0x003f40e1,4145377
272,0x003f59ea,4151786
273,0x003f5a42,4151874
274,0x003f5a46,4151878
275,0x003f5bd0,4152272
276,0x003f67f6,4155382
277,0x003f80fd,4161789
278,0x003f8152,4161874
279,0x003f8161,4161889
280,0x003f82e3,4162275
281,0x003f8f0b,4165387
282,0x003fa813,4171795
283,0x003fa877,4171895
284,0x003fa9f8,4172280
285,0x003fb620,4175392
286,0x003fcf27,4181799
287,0x003fcf8b,4181899
288,0x003fd10b,4182283
289,0x003fdd35,4185397
290,0x003fdd44,4185412
291,0x003ff63b,4191803
292,0x003ff69f,4191903
293,0x003ff820,4192288
294,0x00400458,4195416
295,0x00401d50,4201808
296,0x00401db2,4201906
297,0x00401f34,4202292
298,0x00402b6e,4205422
299,0x00404466,4211814
300,0x0040446e,4211822
301,0x004044c5,4211909
302,0x00404649,4212297
303,0x00405283,4215427
304,0x00406b82,4221826
305,0x00406bd9,4221913
306,0x00406d5e,4222302
307,0x00406d64,4222308
308,0x00407998,4225432
309,0x00409297,4231831
310,0x004092ec,4231916
311,0x00409479,4232313
312,0x0040a0ad,4235437
313,0x0040b9ac,4241836
314,0x0040ba01,4241921
315,0x0040bb8e,4242318
316,0x0040c7c2,4245442
317,0x0040e0c1,4251841
318,0x0040e115,4251925
319,0x0040e11c,4251932
320,0x0040e2a1,4252321
321,0x0040eed6,4255446
322,0x004107d6,4261846
323,0x00410830,4261936
324,0x004109b5,4262325
325,0x00410a2c,4262444
326,0x004115ec,4265452
327,0x00412eeb,4271851
328,0x00412f44,4271940
329,0x004130c9,4272329
330,0x00413d01,4275457
331,0x00415600,4281856
332,0x00415658,4281944
333,0x004157de,4282334
334,0x00416415,4285461
335,0x0041641d,4285469
336,0x00417d15,4291861
337,0x00417d6c,4291948
338,0x00417ef2,4292338
339,0x00418b31,4295473
340,0x0041a429,4301865
341,0x0041a481,4301953
342,0x0041a607,4302343
343,0x0041b246,4305478
344,0x0041cb3e,4311870
345,0x0041cb48,4311880
346,0x0041cb95,4311957
347,0x0041cd1a,4312346
348,0x0041d95b,4315483
349,0x0041f25c,4321884
350,0x0041f2aa,4321962
351,0x0041f42d,4322349
352,0x0041f434,4322356
353,0x0042006f,4325487
354,0x00421970,4331888
355,0x0042197f,4331903
356,0x004219be,4331966
357,0x00421b47,4332359
358,0x00422784,4335492
359,0x00424085,4341893
360,0x004240d2,4341970
361,0x0042425b,4342363
362,0x00424e99,4345497
363,0x0042679a,4351898
364,0x004267e6,4351974
365,0x004267eb,4351979
366,0x0042696e,4352366
367,0x004275ae,4355502
368,0x00428eb0,4361904
369,0x00428eff,4361983
370,0x00429081,4362369
371,0x00429cc3,4365507
372,0x0042b5c6,4371910
373,0x0042b613,4371987
374,0x0042b635,4372021
375,0x0042b796,4372374
376,0x0042c3d8,4375512
377,0x0042dcdc,4381916
378,0x0042dd27,4381991
379,0x0042deab,4382379
380,0x0042eaed,4385517
381,0x0042eaf7,4385527
382,0x004303f2,4391922
383,0x0043043c,4391996
384,0x004305bd,4392381
385,0x004305c0,4392384
386,0x0043120c,4395532
387,0x00432b07,4401927
388,0x00432b50,4402000
389,0x00432cd4,4402388
390,0x00433921,4405537
391,0x0043521c,4411932
392,0x00435224,4411940
393,0x00435264,4412004
394,0x004353e9,4412393
395,0x00436037,4415543
396,0x00437939,4421945
397,0x00437977,4422007
398,0x00437afd,4422397
399,0x00437b05,4422405
400,0x0043874c,4425548
401,0x0043a04f,4431951
402,0x0043a08b,4432011
403,0x0043a21a,4432410
404,0x0043ae56,4435542
405,0x0043ae61,4435553
406,0x0043c763,4441955
407,0x0043c79f,4442015
408,0x0043c92d,4442413
409,0x0043d575,4445557
410,0x0043ee77,4451959
411,0x0043eeb4,4452020
412,0x0043eee3,4452067
413,0x0043f042,4452418
414,0x0043fc8a,4455562
415,0x0044158b,4461963
416,0x004415f7,4462071
417,0x00441756,4462422
418,0x004423a0,4465568
419,0x00443c9f,4471967
420,0x00443d0d,4472077
421,0x00443e6b,4472427
422,0x00443ec6,4472518
423,0x00444ab5,4475573
424,0x004463b4,4481972
425,0x00446421,4482081
426,0x0044645a,4482138
427,0x00446580,4482432
428,0x004471cb,4485579
429,0x004471d4,4485588
430,0x00448ac9,4491977
431,0x00448b35,4492085
432,0x00448c94,4492436
433,0x004498e8,4495592
434,0x0044b1dd,4501981
435,0x0044b205,4502021
436,0x0044b24a,4502090
437,0x0044b3a8,4502440
438,0x0044bffd,4505597
439,0x0044d8f2,4511986
440,0x0044d8f9,4511993
441,0x0044d95e,4512094
442,0x0044dabc,4512444
443,0x0044e713,4515603
444,0x0045000e,4521998
445,0x00450072,4522098
446,0x004501d0,4522448
447,0x004501d7,4522455
448,0x00450e28,4525608
449,0x0045169d,4527773
450,0x00452723,4532003
451,0x00452787,4532103
452,0x004528ee,4532462
453,0x0045353c,4535612
454,0x00453db2,4537778
455,0x00454e36,4542006
456,0x00454e9c,4542108
457,0x00455002,4542466
458,0x00455c50,4545616
459,0x004564c5,4547781
460,0x0045754c,4552012
461,0x004575b1,4552113
462,0x004575b8,4552120
463,0x00457716,4552470
464,0x00458366,4555622
465,0x00458bda,4557786
466,0x00459c60,4562016
467,0x00459ccc,4562124
468,0x00459e2a,4562474
469,0x0045aa7a,4565626
470,0x0045b2ef,4567791
471,0x0045c375,4572021
472,0x0045c3e0,4572128
473,0x0045c53d,4572477
474,0x0045d18f,4575631
475,0x0045da03,4577795
476,0x0045da17,4577815
477,0x0045ea8a,4582026
478,0x0045eaf4,4582132
479,0x0045ec52,4582482
480,0x0045f8a6,4585638
481,0x0045f8ae,4585646
482,0x00460117,4587799
483,0x0046119e,4592030
484,0x00461207,4592135
485,0x00461366,4592486
486,0x00461fc3,4595651
487,0x00462016,4595734
488,0x0046282b,4597803
489,0x004638b2,4602034
490,0x0046391c,4602140
491,0x00463a7b,4602491
492,0x004646d8,4605656
493,0x00464f3f,4607807
494,0x00465fc6,4612038
495,0x00465fcd,4612045
496,0x00466030,4612144
497,0x0046618f,4612495
498,0x00466ded,4615661
499,0x00467653,4617811
500,0x00467660,4617824
501,0x004686e2,4622050
502,0x00468745,4622149
503,0x004688a3,4622499
504,0x004688d7,4622551
505,0x00469501,4625665
506,0x00469d74,4627828
507,0x0046adf8,4632056
508,0x0046ae59,4632153
509,0x0046afea,4632554
510,0x0046bc16,4635670
511,0x0046c488,4637832
512,0x0046d50d,4642061
513,0x0046d56d,4642157
514,0x0046d6fe,4642558
515,0x0046e32b,4645675
516,0x0046eb9e,4647838
517,0x0046fc23,4652067
518,0x0046fc81,4652161
519,0x0046fc8b,4652171
520,0x0046fe12,4652562
521,0x00470a40,4655680
522,0x004712b5,4657845
523,0x00472338,4662072
524,0x0047239f,4662175
525,0x00472525,4662565
526,0x00473156,4665686
527,0x004739c9,4667849
528,0x00474a4e,4672078
529,0x00474ab3,4672179
530,0x00474c39,4672569
531,0x0047586c,4675692
532,0x004760dd,4677853
533,0x00477162,4682082
534,0x004771c8,4682184
535,0x0047734e,4682574
536,0x0047735f,4682591
537,0x00477f81,4685697
538,0x00477f87,4685703
539,0x004787f5,4687861
540,0x00479877,4692087
541,0x004798dc,4692188
542,0x00479a62,4692578
543,0x0047a69b,4695707
544,0x0047af0a,4697866
545,0x0047bf8b,4702091
546,0x0047bff1,4702193
547,0x0047c176,4702582
548,0x0047cdb1,4705713
549,0x0047d61e,4707870
550,0x0047e6a0,4712096
551,0x0047e6a7,4712103
552,0x0047e705,4712197
553,0x0047e889,4712585
554,0x0047f4c6,4715718
555,0x0047fd33,4717875
556,0x0047fd3b,4717883
557,0x00480dbb,4722107
558,0x00480e19,4722201
559,0x00480f9d,4722589
560,0x00480fa4,4722596
561,0x00481bdb,4725723
562,0x0048244f,4727887
563,0x004834d1,4732113
564,0x0048352d,4732205
565,0x004836b7,4732599
566,0x004842f1,4735729
567,0x00484b63,4737891
568,0x00485be5,4742117
569,0x00485c42,4742210
570,0x00485dcb,4742603
571,0x00486a06,4745734
572,0x00487277,4747895
573,0x004882fb,4752123
574,0x00488356,4752214
575,0x00488360,4752224
576,0x004884e0,4752608
577,0x0048911b,4755739
578,0x0048998c,4757900
579,0x0048aa11,4762129
580,0x0048aa74,4762228
581,0x0048abf6,4762614
582,0x0048b831,4765745
583,0x0048c0a0,4767904
584,0x0048d125,4772133
585,0x0048d188,4772232
586,0x0048d30b,4772619
587,0x0048df47,4775751
588,0x0048e7b6,4777910
589,0x0048f839,4782137
590,0x0048f89b,4782235
591,0x0048fa1f,4782623
592,0x0049065b,4785755
593,0x00490662,4785762
594,0x00490669,4785769
595,0x00490ecb,4787915
596,0x00491f50,4792144
597,0x00491f8f,4792207
598,0x00491fb1,4792241
599,0x00492134,4792628
600,0x00492d77,4795767
601,0x004935df,4797919
602,0x00494665,4802149
603,0x004946c6,4802246
604,0x00494849,4802633
605,0x0049548b,4805771
606,0x00495cf3,4807923
607,0x00496d7b,4812155
608,0x00496dad,4812205
609,0x00496dda,4812250
610,0x00496e26,4812326
611,0x00496f5e,4812638
612,0x00497ba0,4815776
613,0x00498407,4817927
614,0x0049841c,4817948
615,0x004994c2,4822210
616,0x004994ee,4822254
617,0x00499673,4822643
618,0x0049967c,4822652
619,0x0049a2b3,4825779
620,0x0049ab30,4827952
621,0x0049bbd6,4832214
622,0x0049bc03,4832259
623,0x0049bd8f,4832655
624,0x0049c9c8,4835784
625,0x0049d243,4837955
626,0x0049e2ec,4842220
627,0x0049e318,4842264
628,0x0049e4a3,4842659
629,0x0049f0dd,4845789
630,0x0049f957,4847959
631,0x004a0a01,4852225
632,0x004a0a16,4852246
633,0x004a0a2c,4852268
634,0x004a0a33,4852275
635,0x004a0bb7,4852663
636,0x004a0bcd,4852685
637,0x004a17f2,4855794
638,0x004a206b,4857963
639,0x004a3116,4862230
640,0x004a3147,4862279
641,0x004a32cb,4862667
642,0x004a3f07,4865799
643,0x004a477f,4867967
644,0x004a5829,4872233
645,0x004a585d,4872285
646,0x004a59df,4872671
647,0x004a661a,4875802
648,0x004a6e92,4877970
649,0x004a7f3c,4882236
650,0x004a7f70,4882288
651,0x004a80f2,4882674
652,0x004a8d2f,4885807
653,0x004a8d37,4885815
654,0x004a95a7,4887975
655,0x004aa651,4892241
656,0x004aa685,4892293
657,0x004aa806,4892678
658,0x004ab44c,4895820
659,0x004abcbb,4897979
660,0x004acd66,4902246
661,0x004acd9a,4902298
662,0x004acf1b,4902683
663,0x004adb60,4905824
664,0x004ae3ce,4907982
665,0x004af47a,4912250
666,0x004af481,4912257
667,0x004af4ad,4912301
668,0x004af630,4912688
669,0x004af6b8,4912824
670,0x004b0275,4915829
671,0x004b0ae1,4917985
672,0x004b0ae9,4917993
673,0x004b1b96,4922262
674,0x004b1bc0,4922304
675,0x004b1d44,4922692
676,0x004b1d4b,4922699
677,0x004b298a,4925834
678,0x004b31fc,4927996
679,0x004b42aa,4932266
680,0x004b42d4,4932308
681,0x004b445e,4932702
682,0x004b509f,4935839
683,0x004b5910,4938000
684,0x004b5953,4938067
685,0x004b69be,4942270
686,0x004b69e8,4942312
687,0x004b6a6a,4942442
688,0x004b6b72,4942706
689,0x004b77b4,4945844
690,0x004b8024,4948004
691,0x004b90d2,4952274
692,0x004b90fe,4952318
693,0x004b9108,4952328
694,0x004b9ec9,4955849
695,0x004ba737,4958007
696,0x004bb7e7,4962279
697,0x004bb81d,4962333
698,0x004bc5de,4965854
699,0x004bce4b,4968011
700,0x004bdefb,4972283
701,0x004bdf31,4972337
702,0x004becf2,4975858
703,0x004bf55f,4978015
704,0x004c060f,4982287
705,0x004c0668,4982376
706,0x004c1406,4985862
707,0x004c140f,4985871
708,0x004c1c74,4988020
709,0x004c2d23,4992291
710,0x004c2d7d,4992381
711,0x004c3b24,4995876
712,0x004c4388,4998024
713,0x004c5437,5002295
714,0x004c5492,5002386
715,0x004c6238,5005880
716,0x004c6a9d,5008029
717,0x004c7ba6,5012390
718,0x004c894d,5015885
719,0x004c91b2,5018034
720,0x004c91b9,5018041
721,0x004ca2ba,5022394
722,0x004cb061,5025889
723,0x004cb8cd,5028045
724,0x004cc9cf,5032399
725,0x004cd776,5035894
726,0x004cdfe2,5038050
727,0x004ce027,5038119
728,0x004cf0e2,5042402
729,0x004cfe8b,5045899
730,0x004d06f6,5048054
731,0x004d17f5,5052405
732,0x004d17ff,5052415
733,0x004d25a1,5055905
734,0x004d2626,5056038
735,0x004d2e0a,5058058
736,0x004d3f12,5062418
737,0x004d40aa,5062826
738,0x004d4cb7,5065911
739,0x004d5520,5068064
740,0x004d6626,5072422
741,0x004d67bf,5072831
742,0x004d73cc,5075916
743,0x004d7c35,5078069
744,0x004d8cce,5082318
745,0x004d8ccf,5082319
746,0x004d8d3b,5082427
747,0x004d8ed5,5082837
748,0x004d9ae1,5085921
749,0x004d9aec,5085932
750,0x004da34a,5088074
751,0x004db3e4,5092324
752,0x004db44f,5092431
753,0x004db5e9,5092841
754,0x004dc1ff,5095935
755,0x004dca5e,5098078
756,0x004ddaf9,5102329
757,0x004ddb62,5102434
758,0x004ddcfd,5102845
759,0x004de914,5105940
760,0x004df173,5108083
761,0x004e020d,5112333
762,0x004e0276,5112438
763,0x004e0412,5112850
764,0x004e102a,5115946
765,0x004e1886,5118086
766,0x004e188f,5118095
767,0x004e2922,5122338
768,0x004e298b,5122443
769,0x004e2b26,5122854
770,0x004e2b32,5122866
771,0x004e3740,5125952
772,0x004e3fa5,5128101
773,0x004e5036,5132342
774,0x004e509f,5132447
775,0x004e5246,5132870
776,0x004e5e54,5135956
777,0x004e5e7d,5135997
778,0x004e66ba,5138106
779,0x004e774b,5142347
780,0x004e77b4,5142452
781,0x004e795b,5142875
782,0x004e8569,5145961
783,0x004e8dcf,5148111
784,0x004e9e5e,5152350
785,0x004e9ec8,5152456
786,0x004e9ece,5152462
787,0x004ea070,5152880
788,0x004eac7c,5155964
789,0x004eb4e5,5158117
790,0x004ec573,5162355
791,0x004ec5e1,5162465
792,0x004ec784,5162884
793,0x004ed390,5165968
794,0x004edbf9,5168121
795,0x004eec88,5172360
796,0x004eecf6,5172470
797,0x004eee99,5172889
798,0x004efaa5,5175973
799,0x004f030e,5178126
800,0x004f139d,5182365
801,0x004f13a4,5182372
802,0x004f140c,5182476
803,0x004f15ad,5182893
804,0x004f21bc,5185980
805,0x004f21c5,5185989
806,0x004f2a24,5188132
807,0x004f3ab7,5192375
808,0x004f3b20,5192480
809,0x004f3cc2,5192898
810,0x004f48d7,5195991
811,0x004f5139,5198137
812,0x004f61cb,5202379
813,0x004f6235,5202485
814,0x004f63d6,5202902
815,0x004f6fea,5205994
816,0x004f784e,5208142
817,0x004f88de,5212382
818,0x004f8949,5212489
819,0x004f8aea,5212906
820,0x004f96ff,5215999
821,0x004f9da6,5217702
822,0x004f9da7,5217703
823,0x004f9da8,5217704
824,0x004f9da9,5217705
825,0x004f9daa,5217706
826,0x004f9e03,5217795
827,0x004f9ec5,5217989
828,0x004f9f48,5218120
829,0x004f9f4e,5218126
830,0x004f9f58,5218136
831,0x004f9f59,5218137
832,0x004f9f5a,5218138
833,0x004f9f62,5218146
834,0x004f9f6a,5218154
835,0x004f9f6d,5218157
836,0x004f9f76,5218166
837,0x004faff2,5222386
838,0x004fb05d,5222493
839,0x004fb1ff,5222911
840,0x004fb208,5222920
841,0x004fbe13,5226003
842,0x004fc67d,5228157
843,0x004fc6b0,5228208
844,0x004fc6b1,5228209
845,0x004fc6e2,5228258
846,0x004fc6e3,5228259
847,0x004fc759,5228377
848,0x004fc761,5228385
849,0x004fc766,5228390
850,0x004fc767,5228391
851,0x004fc768,5228392
852,0x004fc769,5228393
853,0x004fc76c,5228396
854,0x004fc771,5228401
855,0x004fd706,5232390
856,0x004fd772,5232498
857,0x004fd91c,5232924
858,0x004fe527,5236007
859,0x004fed91,5238161
860,0x004feea5,5238437
861,0x004feea6,5238438
862,0x004feed0,5238480
863,0x004feed1,5238481
864,0x004fef33,5238579
865,0x004fef3b,5238587
866,0x004fef40,5238592
867,0x004fef44,5238596
868,0x004fef45,5238597
869,0x004fef48,5238600
870,0x004fef4b,5238603
871,0x004ffe1a,5242394
872,0x004ffe88,5242504
873,0x00500030,5242928
874,0x00500c3b,5246011
875,0x005014a4,5248164
876,0x0050167d,5248637
877,0x0050167e,5248638
878,0x005016a7,5248679
879,0x005016a9,5248681
880,0x00501707,5248775
881,0x0050170f,5248783
882,0x00501715,5248789
883,0x00501717,5248791
884,0x00501718,5248792
885,0x0050171a,5248794
886,0x0050171e,5248798
887,0x0050252e,5252398
888,0x0050259b,5252507
889,0x0050259f,5252511
890,0x005025a5,5252517
891,0x00502616,5252630
892,0x00502745,5252933
893,0x0050334f,5256015
894,0x00503bb7,5258167
895,0x00503e56,5258838
896,0x00503e57,5258839
897,0x00503e86,5258886
898,0x00503e87,5258887
899,0x00503efb,5259003
900,0x00503f02,5259010
901,0x00503f06,5259014
902,0x00503f08,5259016
903,0x00503f09,5259017
904,0x00503f0c,5259020
905,0x00503f10,5259024
906,0x00504c42,5262402
907,0x00504cb9,5262521
908,0x00504e59,5262937
909,0x0050504e,5263438
910,0x00505050,5263440
911,0x00505051,5263441
912,0x00505052,5263442
913,0x00505053,5263443
914,0x005050a3,5263523
915,0x00505158,5263704
916,0x00505160,5263712
917,0x00505179,5263737
918,0x0050517b,5263739
919,0x0050517c,5263740
920,0x00505191,5263761
921,0x00505194,5263764
922,0x00505a63,5266019
923,0x005062cc,5268172
924,0x0050664b,5269067
925,0x0050664d,5269069
926,0x00506680,5269120
927,0x005066f6,5269238
928,0x005066ff,5269247
929,0x00506704,5269252
930,0x00506706,5269254
931,0x00506707,5269255
932,0x00506708,5269256
933,0x0050670b,5269259
934,0x0050670f,5269263
935,0x00507358,5272408
936,0x005073cd,5272525
937,0x0050756e,5272942
938,0x005078ce,5273806
939,0x005078d0,5273808
940,0x005078fe,5273854
941,0x0050794b,5273931
942,0x00507953,5273939
943,0x00507957,5273943
944,0x00507958,5273944
945,0x00507959,5273945
946,0x0050795c,5273948
947,0x00507961,5273953
948,0x00508177,5276023
949,0x005089e0,5278176
950,0x00508e4a,5279306
951,0x00508e4b,5279307
952,0x00508e7e,5279358
953,0x00508e88,5279368
954,0x00508e89,5279369
955,0x00508e8b,5279371
956,0x00508e8c,5279372
957,0x00508ece,5279438
958,0x00508ef3,5279475
959,0x00508efb,5279483
960,0x00508f00,5279488
961,0x00508f03,5279491
962,0x00508f04,5279492
963,0x00508f08,5279496
964,0x00508f0b,5279499
965,0x00508f6d,5279597
966,0x00508f76,5279606
967,0x00508f8e,5279630
968,0x00508f8f,5279631
969,0x00508f90,5279632
970,0x00508fa4,5279652
971,0x00508fa8,5279656
972,0x00509a6e,5282414
973,0x00509a77,5282423
974,0x00509ae1,5282529
975,0x00509c84,5282948
976,0x0050a098,5283992
977,0x0050a09a,5283994
978,0x0050a0c2,5284034
979,0x0050a0c5,5284037
980,0x0050a10c,5284108
981,0x0050a113,5284115
982,0x0050a117,5284119
983,0x0050a118,5284120
984,0x0050a119,5284121
985,0x0050a11d,5284125
986,0x0050a124,5284132
987,0x0050a88c,5286028
988,0x0050a894,5286036
989,0x0050b0f4,5288180
990,0x0050b645,5289541
991,0x0050b647,5289543
992,0x0050b679,5289593
993,0x0050b6df,5289695
994,0x0050b6e0,5289696
995,0x0050b6ec,5289708
996,0x0050b6ed,5289709
997,0x0050b6f4,5289716
998,0x0050b6f9,5289721
999,0x0050b6fa,5289722
1000,0x0050b6fb,5289723
1001,0x0050b6fc,5289724
1002,0x0050b702,5289730
1003,0x0050b707,5289735
1004,0x0050b70d,5289741
1005,0x0050b70f,5289743
1006,0x0050b768,5289832
1007,0x0050b772,5289842
1008,0x0050b776,5289846
1009,0x0050b778,5289848
1010,0x0050b779,5289849
1011,0x0050b77b,5289851
1012,0x0050b780,5289856
1013,0x0050c18b,5292427
1014,0x0050c1f5,5292533
1015,0x0050c39a,5292954
1016,0x0050c85d,5294173
1017,0x0050c85e,5294174
1018,0x0050c884,5294212
1019,0x0050c886,5294214
1020,0x0050c8cd,5294285
1021,0x0050c8d4,5294292
1022,0x0050c8d8,5294296
1023,0x0050c8d9,5294297
1024,0x0050c8da,5294298
1025,0x0050c8dd,5294301
1026,0x0050c8e2,5294306
1027,0x0050cfa9,5296041
1028,0x0050d808,5298184
1029,0x0050de43,5299779
1030,0x0050de44,5299780
1031,0x0050de77,5299831
1032,0x0050deb8,5299896
1033,0x0050deb9,5299897
1034,0x0050dee3,5299939
1035,0x0050deef,5299951
1036,0x0050def8,5299960
1037,0x0050defd,5299965
1038,0x0050defe,5299966
1039,0x0050df02,5299970
1040,0x0050df07,5299975
1041,0x0050df37,5300023
1042,0x0050df3f,5300031
1043,0x0050df42,5300034
1044,0x0050df43,5300035
1045,0x0050df44,5300036
1046,0x0050df45,5300037
1047,0x0050df48,5300040
1048,0x0050df4d,5300045
1049,0x0050e89f,5302431
1050,0x0050e908,5302536
1051,0x0050eab0,5302960
1052,0x0050f01a,5304346
1053,0x0050f043,5304387
1054,0x0050f044,5304388
1055,0x0050f08c,5304460
1056,0x0050f093,5304467
1057,0x0050f097,5304471
1058,0x0050f098,5304472
1059,0x0050f09a,5304474
1060,0x0050f09b,5304475
1061,0x0050f09c,5304476
1062,0x0050f09f,5304479
1063,0x0050f0a4,5304484
1064,0x0050f6bd,5306045
1065,0x0050ff1d,5308189
1066,0x00510642,5310018
1067,0x00510644,5310020
1068,0x00510678,5310072
1069,0x00510683,5310083
1070,0x00510684,5310084
1071,0x005106ae,5310126
1072,0x005106ed,5310189
1073,0x005106f5,5310197
1074,0x005106f9,5310201
1075,0x005106fb,5310203
1076,0x005106fe,5310206
1077,0x00510701,5310209
1078,0x00510706,5310214
1079,0x0051070a,5310218
1080,0x00510710,5310224
1081,0x00510711,5310225
1082,0x00510712,5310226
1083,0x00510715,5310229
1084,0x0051071a,5310234
1085,0x00510f01,5312257
1086,0x00510f02,5312258
1087,0x00510f04,5312260
1088,0x00510f4d,5312333
1089,0x00510fb2,5312434
1090,0x00510ff5,5312501
1091,0x00510ffe,5312510
1092,0x00511016,5312534
1093,0x00511018,5312536
1094,0x00511019,5312537
1095,0x0051101c,5312540
1096,0x0051102f,5312559
1097,0x00511033,5312563
1098,0x005111c5,5312965
1099,0x005117de,5314526
1100,0x005117df,5314527
1101,0x00511807,5314567
1102,0x00511808,5314568
1103,0x00511850,5314640
1104,0x00511858,5314648
1105,0x0051185c,5314652
1106,0x0051185d,5314653
1107,0x0051185e,5314654
1108,0x00511861,5314657
1109,0x00511868,5314664
1110,0x00511dd1,5316049
1111,0x00512633,5318195
1112,0x0051263b,5318203
1113,0x00512e3e,5320254
1114,0x00512e40,5320256
1115,0x00512e51,5320273
1116,0x00512e52,5320274
1117,0x00512e6f,5320303
1118,0x00512e7b,5320315
1119,0x00512ecf,5320399
1120,0x00512ed7,5320407
1121,0x00512edb,5320411
1122,0x00512edc,5320412
1123,0x00512edd,5320413
1124,0x00512ee0,5320416
1125,0x00512ee4,5320420
1126,0x00512eeb,5320427
1127,0x00512ef1,5320433
1128,0x00512ef2,5320434
1129,0x00512ef3,5320435
1130,0x00512ef6,5320438
1131,0x00512efa,5320442
1132,0x005136c6,5322438
1133,0x00513730,5322544
1134,0x00513764,5322596
1135,0x00513766,5322598
1136,0x00513795,5322645
1137,0x005137ec,5322732
1138,0x005137f6,5322742
1139,0x005137fa,5322746
1140,0x005137fb,5322747
1141,0x005137fc,5322748
1142,0x005137fd,5322749
1143,0x005137ff,5322751
1144,0x00513804,5322756
1145,0x005138d9,5322969
1146,0x005138e4,5322980
1147,0x00513fab,5324715
1148,0x00513fad,5324717
1149,0x00513fd9,5324761
1150,0x00514023,5324835
1151,0x0051402c,5324844
1152,0x00514031,5324849
1153,0x00514032,5324850
1154,0x00514033,5324851
1155,0x00514037,5324855
1156,0x0051403e,5324862
1157,0x005144e7,5326055
1158,0x00514d50,5328208
1159,0x00515626,5330470
1160,0x00515627,5330471
1161,0x0051563a,5330490
1162,0x0051563b,5330491
1163,0x00515653,5330515
1164,0x0051566c,5330540
1165,0x0051566e,5330542
1166,0x005156a8,5330600
1167,0x005156b1,5330609
1168,0x005156b7,5330615
1169,0x005156b9,5330617
1170,0x005156ba,5330618
1171,0x005156be,5330622
1172,0x005156c3,5330627
1173,0x005156e4,5330660
1174,0x005156eb,5330667
1175,0x005156ef,5330671
1176,0x005156f0,5330672
1177,0x005156f1,5330673
1178,0x005156f2,5330674
1179,0x005156f4,5330676
1180,0x005156f9,5330681
1181,0x00515ddc,5332444
1182,0x00515e44,5332548
1183,0x00515f43,5332803
1184,0x00515f44,5332804
1185,0x00515f72,5332850
1186,0x00515f74,5332852
1187,0x00515fcf,5332943
1188,0x00515fd7,5332951
1189,0x00515fde,5332958
1190,0x00515fdf,5332959
1191,0x00515fe0,5332960
1192,0x00515fe6,5332966
1193,0x00515fea,5332970
1194,0x00515ffc,5332988
1195,0x00516777,5334903
1196,0x00516778,5334904
1197,0x005167a0,5334944
1198,0x005167a1,5334945
1199,0x005167e9,5335017
1200,0x005167f2,5335026
1201,0x005167f7,5335031
1202,0x005167f8,5335032
1203,0x005167f9,5335033
1204,0x005167fc,5335036
1205,0x00516802,5335042
1206,0x00516bfd,5336061
1207,0x00517464,5338212
1208,0x00517dfe,5340670
1209,0x00517dff,5340671
1210,0x00517e2a,5340714
1211,0x00517e2c,5340716
1212,0x00517e31,5340721
1213,0x00517e65,5340773
1214,0x00517e7f,5340799
1215,0x00517e88,5340808
1216,0x00517e8e,5340814
1217,0x00517e8f,5340815
1218,0x00517e90,5340816
1219,0x00517e94,5340820
1220,0x00517e97,5340823
1221,0x00517ed8,5340888
1222,0x00517ee0,5340896
1223,0x00517ee7,5340903
1224,0x00517ee8,5340904
1225,0x00517eea,5340906
1226,0x00517eed,5340909
1227,0x00517ef3,5340915
1228,0x005184f1,5342449
1229,0x00518558,5342552
1230,0x00518712,5342994
1231,0x0051871e,5343006
1232,0x00518720,5343008
1233,0x0051874e,5343054
1234,0x005187a4,5343140
1235,0x005187ae,5343150
1236,0x005187b4,5343156
1237,0x005187b6,5343158
1238,0x005187b7,5343159
1239,0x005187b9,5343161
1240,0x005187bd,5343165
1241,0x00518f3a,5345082
1242,0x00518f3b,5345083
1243,0x00518f62,5345122
1244,0x00518f63,5345123
1245,0x00518faa,5345194
1246,0x00518fb4,5345204
1247,0x00518fb8,5345208
1248,0x00518fb9,5345209
1249,0x00518fba,5345210
1250,0x00518fbd,5345213
1251,0x00518fc1,5345217
1252,0x00519313,5346067
1253,0x00519b78,5348216
1254,0x0051a5ce,5350862
1255,0x0051a5cf,5350863
1256,0x0051a5fb,5350907
1257,0x0051a62d,5350957
1258,0x0051a62e,5350958
1259,0x0051a650,5350992
1260,0x0051a657,5350999
1261,0x0051a65b,5351003
1262,0x0051a65c,5351004
1263,0x0051a65d,5351005
1264,0x0051a65e,5351006
1265,0x0051a65f,5351007
1266,0x0051a660,5351008
1267,0x0051a664,5351012
1268,0x0051a6d1,5351121
1269,0x0051a6da,5351130
1270,0x0051a6e0,5351136
1271,0x0051a6e2,5351138
1272,0x0051a6e4,5351140
1273,0x0051a6e5,5351141
1274,0x0051a6e8,5351144
1275,0x0051a6ed,5351149
1276,0x0051ac06,5352454
1277,0x0051ac6c,5352556
1278,0x0051ac73,5352563
1279,0x0051ae27,5352999
1280,0x0051aef2,5353202
1281,0x0051aef3,5353203
1282,0x0051af21,5353249
1283,0x0051af77,5353335
1284,0x0051af7e,5353342
1285,0x0051af82,5353346
1286,0x0051af83,5353347
1287,0x0051af84,5353348
1288,0x0051af87,5353351
1289,0x0051af8b,5353355
1290,0x0051b6fa,5355258
1291,0x0051b6fc,5355260
1292,0x0051b724,5355300
1293,0x0051b76c,5355372
1294,0x0051b773,5355379
1295,0x0051b777,5355383
1296,0x0051b778,5355384
1297,0x0051b779,5355385
1298,0x0051b77c,5355388
1299,0x0051b782,5355394
1300,0x0051ba28,5356072
1301,0x0051c229,5358121
1302,0x0051c22a,5358122
1303,0x0051c22b,5358123
1304,0x0051c22c,5358124
1305,0x0051c22d,5358125
1306,0x0051c287,5358215
1307,0x0051c28c,5358220
1308,0x0051c3bb,5358523
1309,0x0051c434,5358644
1310,0x0051c43e,5358654
1311,0x0051c43f,5358655
1312,0x0051c440,5358656
1313,0x0051c441,5358657
1314,0x0051c444,5358660
1315,0x0051c445,5358661
1316,0x0051c44a,5358666
1317,0x0051c44b,5358667
1318,0x0051c44c,5358668
1319,0x0051c44d,5358669
1320,0x0051c44e,5358670
1321,0x0051c44f,5358671
1322,0x0051c450,5358672
1323,0x0051c451,5358673
1324,0x0051c452,5358674
1325,0x0051c453,5358675
1326,0x0051c454,5358676
1327,0x0051c455,5358677
1328,0x0051c456,5358678
1329,0x0051c457,5358679
1330,0x0051c459,5358681
1331,0x0051c45b,5358683
1332,0x0051c4c9,5358793
1333,0x0051c4d0,5358800
1334,0x0051c4e7,5358823
1335,0x0051c4e8,5358824
1336,0x0051c4e9,5358825
1337,0x0051c4f7,5358839
1338,0x0051c54d,5358925
1339,0x0051c562,5358946
1340,0x0051c565,5358949
1341,0x0051c56c,5358956
1342,0x0051c56e,5358958
1343,0x0051c570,5358960
1344,0x0051c60b,5359115
1345,0x0051c61b,5359131
1346,0x0051c61d,5359133
1347,0x0051c61f,5359135
1348,0x0051c620,5359136
1349,0x0051c622,5359138
1350,0x0051c623,5359139
1351,0x0051c624,5359140
1352,0x0051c626,5359142
1353,0x0051c99d,5360029
1354,0x0051c9a0,5360032
1355,0x0051c9a1,5360033
1356,0x0051c9a5,5360037
1357,0x0051c9ab,5360043
1358,0x0051c9ac,5360044
1359,0x0051c9ae,5360046
1360,0x0051c9b1,5360049
1361,0x0051c9b3,5360051
1362,0x0051c9fb,5360123
1363,0x0051ca12,5360146
1364,0x0051ca14,5360148
1365,0x0051ca3d,5360189
1366,0x0051ca3f,5360191
1367,0x0051ca40,5360192
1368,0x0051ca42,5360194
1369,0x0051cae5,5360357
1370,0x0051cae6,5360358
1371,0x0051caf5,5360373
1372,0x0051caf6,5360374
1373,0x0051cafd,5360381
1374,0x0051cb00,5360384
1375,0x0051cb03,5360387
1376,0x0051cb04,5360388
1377,0x0051cb05,5360389
1378,0x0051cb06,5360390
1379,0x0051cb07,5360391
1380,0x0051cb08,5360392
1381,0x0051cb09,5360393
1382,0x0051cb0a,5360394
1383,0x0051cb0b,5360395
1384,0x0051cb0c,5360396
1385,0x0051cb0d,5360397
1386,0x0051cb0e,5360398
1387,0x0051cb0f,5360399
1388,0x0051cb10,5360400
1389,0x0051cb11,5360401
1390,0x0051cb12,5360402
1391,0x0051cb42,5360450
1392,0x0051cc02,5360642
1393,0x0051cc03,5360643
1394,0x0051cc05,5360645
1395,0x0051cd99,5361049
1396,0x0051cdc1,5361089
1397,0x0051cdc2,5361090
1398,0x0051ce15,5361173
1399,0x0051ce1c,5361180
1400,0x0051ce1f,5361183
1401,0x0051ce20,5361184
1402,0x0051ce21,5361185
1403,0x0051ce24,5361188
1404,0x0051ce2a,5361194
1405,0x0051ce59,5361241
1406,0x0051ce94,5361300
1407,0x0051ce97,5361303
1408,0x0051ce98,5361304
1409,0x0051ce9f,5361311
1410,0x0051cec9,5361353
1411,0x0051ceca,5361354
1412,0x0051ced2,5361362
1413,0x0051ced5,5361365
1414,0x0051ced6,5361366
1415,0x0051ced7,5361367
1416,0x0051ced8,5361368
1417,0x0051ceda,5361370
1418,0x0051cedb,5361371
1419,0x0051cedc,5361372
1420,0x0051cedd,5361373
1421,0x0051cede,5361374
1422,0x0051cf16,5361430
1423,0x0051cf24,5361444
1424,0x0051cf2c,5361452
1425,0x0051cf2e,5361454
1426,0x0051cf2f,5361455
1427,0x0051cf32,5361458
1428,0x0051cf5b,5361499
1429,0x0051cf5e,5361502
1430,0x0051cf5f,5361503
1431,0x0051cf65,5361509
1432,0x0051d01d,5361693
1433,0x0051d01e,5361694
1434,0x0051d02c,5361708
1435,0x0051d030,5361712
1436,0x0051d031,5361713
1437,0x0051d032,5361714
1438,0x0051d033,5361715
1439,0x0051d034,5361716
1440,0x0051d035,5361717
1441,0x0051d036,5361718
1442,0x0051d037,5361719
1443,0x0051d054,5361748
1444,0x0051d06c,5361772
1445,0x0051d074,5361780
1446,0x0051d07e,5361790
1447,0x0051d086,5361798
1448,0x0051d087,5361799
1449,0x0051d088,5361800
1450,0x0051d089,5361801
1451,0x0051d08a,5361802
1452,0x0051d08b,5361803
1453,0x0051d08c,5361804
1454,0x0051d08d,5361805
1455,0x0051d08e,5361806
1456,0x0051d08f,5361807
1457,0x0051d0a5,5361829
1458,0x0051d0a6,5361830
1459,0x0051d0a8,5361832
1460,0x0051d0ae,5361838
1461,0x0051d0af,5361839
1462,0x0051d0b0,5361840
1463,0x0051d0b1,5361841
1464,0x0051d0b2,5361842
1465,0x0051d0b7,5361847
1466,0x0051d0b8,5361848
1467,0x0051d0bb,5361851
1468,0x0051d0bc,5361852
1469,0x0051d0bd,5361853
1470,0x0051d0be,5361854
1471,0x0051d0bf,5361855
1472,0x0051d0c0,5361856
1473,0x0051d0c1,5361857
1474,0x0051d0c2,5361858
1475,0x0051d0c4,5361860
1476,0x0051d0c6,5361862
1477,0x0051d0cb,5361867
1478,0x0051d0cc,5361868
1479,0x0051d0cd,5361869
1480,0x0051d0ce,5361870
1481,0x0051d0cf,5361871
1482,0x0051d0d4,5361876
1483,0x0051d0d5,5361877
1484,0x0051d0d6,5361878
1485,0x0051d0d8,5361880
1486,0x0051d0d9,5361881
1487,0x0051d0da,5361882
1488,0x0051d0db,5361883
1489,0x0051d0dc,5361884
1490,0x0051d0dd,5361885
1491,0x0051d0df,5361887
1492,0x0051d0e3,5361891
1493,0x0051d0e4,5361892
1494,0x0051d0e5,5361893
1495,0x0051d0e6,5361894
1496,0x0051d0e7,5361895
1497,0x0051d0e8,5361896
1498,0x0051d0ed,5361901
1499,0x0051d0ef,5361903
1500,0x0051d0f0,5361904
1501,0x0051d0f1,5361905
1502,0x0051d0f2,5361906
1503,0x0051d0f3,5361907
1504,0x0051d0f4,5361908
1505,0x0051d0f5,5361909
1506,0x0051d0f6,5361910
1507,0x0051d0f8,5361912
1508,0x0051d0fc,5361916
1509,0x0051d0fd,5361917
1510,0x0051d0fe,5361918
1511,0x0051d0ff,5361919
1512,0x0051d100,5361920
1513,0x0051d105,5361925
1514,0x0051d107,5361927
1515,0x0051d108,5361928
1516,0x0051d109,5361929
1517,0x0051d10a,5361930
1518,0x0051d10b,5361931
1519,0x0051d10d,5361933
1520,0x0051d113,5361939
1521,0x0051d11b,5361947
1522,0x0051d11c,5361948
1523,0x0051d11d,5361949
1524,0x0051d11e,5361950
1525,0x0051d124,5361956
1526,0x0051d126,5361958
1527,0x0051d127,5361959
1528,0x0051d128,5361960
1529,0x0051d129,5361961
1530,0x0051d12a,5361962
1531,0x0051d12b,5361963
1532,0x0051d12c,5361964
1533,0x0051d12d,5361965
1534,0x0051d12f,5361967
1535,0x0051d133,5361971
1536,0x0051d134,5361972
1537,0x0051d135,5361973
1538,0x0051d136,5361974
1539,0x0051d137,5361975
1540,0x0051d13b,5361979
1541,0x0051d13c,5361980
1542,0x0051d13e,5361982
1543,0x0051d13f,5361983
1544,0x0051d140,5361984
1545,0x0051d141,5361985
1546,0x0051d142,5361986
1547,0x0051d144,5361988
1548,0x0051d145,5361989
1549,0x0051d148,5361992
1550,0x0051d14d,5361997
1551,0x0051d14e,5361998
1552,0x0051d14f,5361999
1553,0x0051d150,5362000
1554,0x0051d151,5362001
1555,0x0051d156,5362006
1556,0x0051d157,5362007
1557,0x0051d158,5362008
1558,0x0051d159,5362009
1559,0x0051d15a,5362010
1560,0x0051d15b,5362011
1561,0x0051d15c,5362012
1562,0x0051d15d,5362013
1563,0x0051d15e,5362014
1564,0x0051d162,5362018
1565,0x0051d163,5362019
1566,0x0051d164,5362020
1567,0x0051d165,5362021
1568,0x0051d166,5362022
1569,0x0051d167,5362023
1570,0x0051d16c,5362028
1571,0x0051d16e,5362030
1572,0x0051d16f,5362031
1573,0x0051d170,5362032
1574,0x0051d171,5362033
1575,0x0051d172,5362034
1576,0x0051d173,5362035
1577,0x0051d174,5362036
1578,0x0051d179,5362041
1579,0x0051d17a,5362042
1580,0x0051d17b,5362043
1581,0x0051d17c,5362044
1582,0x0051d180,5362048
1583,0x0051d181,5362049
1584,0x0051d182,5362050
1585,0x0051d184,5362052
1586,0x0051d185,5362053
1587,0x0051d186,5362054
1588,0x0051d188,5362056
1589,0x0051d18a,5362058
1590,0x0051d18e,5362062
1591,0x0051d18f,5362063
1592,0x0051d190,5362064
1593,0x0051d191,5362065
1594,0x0051d192,5362066
1595,0x0051d196,5362070
1596,0x0051d197,5362071
1597,0x0051d199,5362073
1598,0x0051d19a,5362074
1599,0x0051d19b,5362075
1600,0x0051d19c,5362076
1601,0x0051d19e,5362078
1602,0x0051d1a0,5362080
1603,0x0051d1a1,5362081
1604,0x0051d1a5,5362085
1605,0x0051d1a6,5362086
1606,0x0051d1a7,5362087
1607,0x0051d1a8,5362088
1608,0x0051d1a9,5362089
1609,0x0051d1ae,5362094
1610,0x0051d1af,5362095
1611,0x0051d1b1,5362097
1612,0x0051d1b2,5362098
1613,0x0051d1b3,5362099
1614,0x0051d1b5,5362101
1615,0x0051d1b6,5362102
1616,0x0051d1b7,5362103
1617,0x0051d1bb,5362107
1618,0x0051d1bc,5362108
1619,0x0051d1bd,5362109
1620,0x0051d1be,5362110
1621,0x0051d1bf,5362111
1622,0x0051d1c3,5362115
1623,0x0051d1c4,5362116
1624,0x0051d1c5,5362117
1625,0x0051d1c6,5362118
1626,0x0051d1c7,5362119
1627,0x0051d1c8,5362120
1628,0x0051d1ca,5362122
1629,0x0051d1cc,5362124
1630,0x0051d1d0,5362128
1631,0x0051d1d1,5362129
1632,0x0051d1d2,5362130
1633,0x0051d1d3,5362131
1634,0x0051d1d4,5362132
1635,0x0051d1d8,5362136
1636,0x0051d1d9,5362137
1637,0x0051d1db,5362139
1638,0x0051d1dc,5362140
1639,0x0051d1dd,5362141
1640,0x0051d1de,5362142
1641,0x0051d1e0,5362144
1642,0x0051d1e4,5362148
1643,0x0051d1e5,5362149
1644,0x0051d1e6,5362150
1645,0x0051d1e7,5362151
1646,0x0051d1e8,5362152
1647,0x0051d1ed,5362157
1648,0x0051d1ee,5362158
1649,0x0051d1ef,5362159
1650,0x0051d1f0,5362160
1651,0x0051d1f1,5362161
1652,0x0051d1f2,5362162
1653,0x0051d1f6,5362166
1654,0x0051d1f8,5362168
1655,0x0051d1fc,5362172
1656,0x0051d1fd,5362173
1657,0x0051d1fe,5362174
1658,0x0051d1ff,5362175
1659,0x0051d200,5362176
1660,0x0051d205,5362181
1661,0x0051d206,5362182
1662,0x0051d208,5362184
1663,0x0051d209,5362185
1664,0x0051d20a,5362186
1665,0x0051d20b,5362187
1666,0x0051d20d,5362189
1667,0x0051d20f,5362191
1668,0x0051d210,5362192
1669,0x0051d213,5362195
1670,0x0051d214,5362196
1671,0x0051d215,5362197
1672,0x0051d216,5362198
1673,0x0051d217,5362199
1674,0x0051d218,5362200
1675,0x0051d21b,5362203
1676,0x0051d21c,5362204
1677,0x0051d21d,5362205
1678,0x0051d21f,5362207
1679,0x0051d220,5362208
1680,0x0051d221,5362209
1681,0x0051d223,5362211
1682,0x0051d225,5362213
1683,0x0051d229,5362217
1684,0x0051d22a,5362218
1685,0x0051d22b,5362219
1686,0x0051d22c,5362220
1687,0x0051d22d,5362221
1688,0x0051d231,5362225
1689,0x0051d232,5362226
1690,0x0051d235,5362229
1691,0x0051d236,5362230
1692,0x0051d237,5362231
1693,0x0051d238,5362232
1694,0x0051d23a,5362234
1695,0x0051d23c,5362236
1696,0x0051d240,5362240
1697,0x0051d241,5362241
1698,0x0051d242,5362242
1699,0x0051d243,5362243
1700,0x0051d248,5362248
1701,0x0051d249,5362249
1702,0x0051d24b,5362251
1703,0x0051d24c,5362252
1704,0x0051d24d,5362253
1705,0x0051d24e,5362254
1706,0x0051d24f,5362255
1707,0x0051d250,5362256
1708,0x0051d251,5362257
1709,0x0051d255,5362261
1710,0x0051d256,5362262
1711,0x0051d257,5362263
1712,0x0051d258,5362264
1713,0x0051d259,5362265
1714,0x0051d25e,5362270
1715,0x0051d25f,5362271
1716,0x0051d261,5362273
1717,0x0051d262,5362274
1718,0x0051d263,5362275
1719,0x0051d264,5362276
1720,0x0051d265,5362277
1721,0x0051d267,5362279
1722,0x0051d26b,5362283
1723,0x0051d26c,5362284
1724,0x0051d26d,5362285
1725,0x0051d26e,5362286
1726,0x0051d273,5362291
1727,0x0051d274,5362292
1728,0x0051d275,5362293
1729,0x0051d276,5362294
1730,0x0051d277,5362295
1731,0x0051d278,5362296
1732,0x0051d27a,5362298
1733,0x0051d27b,5362299
1734,0x0051d27d,5362301
1735,0x0051d27e,5362302
1736,0x0051d281,5362305
1737,0x0051d282,5362306
1738,0x0051d283,5362307
1739,0x0051d284,5362308
1740,0x0051d289,5362313
1741,0x0051d28b,5362315
1742,0x0051d28c,5362316
1743,0x0051d28d,5362317
1744,0x0051d28e,5362318
1745,0x0051d290,5362320
1746,0x0051d292,5362322
1747,0x0051d296,5362326
1748,0x0051d297,5362327
1749,0x0051d298,5362328
1750,0x0051d299,5362329
1751,0x0051d29a,5362330
1752,0x0051d29e,5362334
1753,0x0051d29f,5362335
1754,0x0051d2a0,5362336
1755,0x0051d2a1,5362337
1756,0x0051d2a2,5362338
1757,0x0051d2a3,5362339
1758,0x0051d2a4,5362340
1759,0x0051d2a5,5362341
1760,0x0051d2a6,5362342
1761,0x0051d2aa,5362346
1762,0x0051d2ab,5362347
1763,0x0051d2ac,5362348
1764,0x0051d2ad,5362349
1765,0x0051d2ae,5362350
1766,0x0051d2b2,5362354
1767,0x0051d2b3,5362355
1768,0x0051d2b5,5362357
1769,0x0051d2b6,5362358
1770,0x0051d2b7,5362359
1771,0x0051d2b8,5362360
1772,0x0051d2b9,5362361
1773,0x0051d2bb,5362363
1774,0x0051d2be,5362366
1775,0x0051d2bf,5362367
1776,0x0051d2c0,5362368
1777,0x0051d2c1,5362369
1778,0x0051d2c2,5362370
1779,0x0051d2c3,5362371
1780,0x0051d2c7,5362375
1781,0x0051d2c8,5362376
1782,0x0051d2c9,5362377
1783,0x0051d2ca,5362378
1784,0x0051d2cb,5362379
1785,0x0051d2cc,5362380
1786,0x0051d2cd,5362381
1787,0x0051d2cf,5362383
1788,0x0051d2d3,5362387
1789,0x0051d2d4,5362388
1790,0x0051d2d5,5362389
1791,0x0051d2d6,5362390
1792,0x0051d2d7,5362391
1793,0x0051d2d8,5362392
1794,0x0051d2db,5362395
1795,0x0051d2dc,5362396
1796,0x0051d2dd,5362397
1797,0x0051d2de,5362398
1798,0x0051d2df,5362399
1799,0x0051d2e0,5362400
1800,0x0051d2e3,5362403
1801,0x0051d2e4,5362404
1802,0x0051d2e5,5362405
1803,0x0051d2e9,5362409
1804,0x0051d2ea,5362410
1805,0x0051d2eb,5362411
1806,0x0051d2ec,5362412
1807,0x0051d2ed,5362413
1808,0x0051d2f2,5362418
1809,0x0051d2f3,5362419
1810,0x0051d2f4,5362420
1811,0x0051d2f5,5362421
1812,0x0051d2f6,5362422
1813,0x0051d2f7,5362423
1814,0x0051d2f9,5362425
1815,0x0051d2fa,5362426
1816,0x0051d2fb,5362427
1817,0x0051d2ff,5362431
1818,0x0051d300,5362432
1819,0x0051d301,5362433
1820,0x0051d302,5362434
1821,0x0051d303,5362435
1822,0x0051d304,5362436
1823,0x0051d308,5362440
1824,0x0051d30a,5362442
1825,0x0051d30b,5362443
1826,0x0051d30c,5362444
1827,0x0051d30d,5362445
1828,0x0051d30e,5362446
1829,0x0051d310,5362448
1830,0x0051d314,5362452
1831,0x0051d315,5362453
1832,0x0051d316,5362454
1833,0x0051d317,5362455
1834,0x0051d318,5362456
1835,0x0051d319,5362457
1836,0x0051d31c,5362460
1837,0x0051d31d,5362461
1838,0x0051d31f,5362463
1839,0x0051d320,5362464
1840,0x0051d321,5362465
1841,0x0051d322,5362466
1842,0x0051d323,5362467
1843,0x0051d324,5362468
1844,0x0051d328,5362472
1845,0x0051d32a,5362474
1846,0x0051d32b,5362475
1847,0x0051d32c,5362476
1848,0x0051d32d,5362477
1849,0x0051d32e,5362478
1850,0x0051d32f,5362479
1851,0x0051d334,5362484
1852,0x0051d335,5362485
1853,0x0051d337,5362487
1854,0x0051d338,5362488
1855,0x0051d339,5362489
1856,0x0051d33a,5362490
1857,0x0051d33b,5362491
1858,0x0051d33d,5362493
1859,0x0051d341,5362497
1860,0x0051d342,5362498
1861,0x0051d343,5362499
1862,0x0051d344,5362500
1863,0x0051d345,5362501
1864,0x0051d34a,5362506
1865,0x0051d34b,5362507
1866,0x0051d34c,5362508
1867,0x0051d34d,5362509
1868,0x0051d34e,5362510
1869,0x0051d34f,5362511
1870,0x0051d351,5362513
1871,0x0051d352,5362514
1872,0x0051d353,5362515
1873,0x0051d354,5362516
1874,0x0051d358,5362520
1875,0x0051d359,5362521
1876,0x0051d35a,5362522
1877,0x0051d35b,5362523
1878,0x0051d35c,5362524
1879,0x0051d362,5362530
1880,0x0051d364,5362532
1881,0x0051d365,5362533
1882,0x0051d366,5362534
1883,0x0051d367,5362535
1884,0x0051d368,5362536
1885,0x0051d36a,5362538
1886,0x0051d36e,5362542
1887,0x0051d36f,5362543
1888,0x0051d370,5362544
1889,0x0051d371,5362545
1890,0x0051d372,5362546
1891,0x0051d377,5362551
1892,0x0051d378,5362552
1893,0x0051d37a,5362554
1894,0x0051d37b,5362555
1895,0x0051d37c,5362556
1896,0x0051d37e,5362558
1897,0x0051d380,5362560
1898,0x0051d384,5362564
1899,0x0051d385,5362565
1900,0x0051d386,5362566
1901,0x0051d387,5362567
1902,0x0051d388,5362568
1903,0x0051d38c,5362572
1904,0x0051d38d,5362573
1905,0x0051d38f,5362575
1906,0x0051d390,5362576
1907,0x0051d391,5362577
1908,0x0051d392,5362578
1909,0x0051d393,5362579
1910,0x0051d394,5362580
1911,0x0051d395,5362581
1912,0x0051d399,5362585
1913,0x0051d39a,5362586
1914,0x0051d39b,5362587
1915,0x0051d39c,5362588
1916,0x0051d39d,5362589
1917,0x0051d39e,5362590
1918,0x0051d3a1,5362593
1919,0x0051d3a2,5362594
1920,0x0051d3a3,5362595
1921,0x0051d3a4,5362596
1922,0x0051d3a5,5362597
1923,0x0051d3a6,5362598
1924,0x0051d3a7,5362599
1925,0x0051d3a8,5362600
1926,0x0051d3a9,5362601
1927,0x0051d3aa,5362602
1928,0x0051d3ae,5362606
1929,0x0051d3af,5362607
1930,0x0051d3b0,5362608
1931,0x0051d3b1,5362609
1932,0x0051d3b2,5362610
1933,0x0051d3b7,5362615
1934,0x0051d3b8,5362616
1935,0x0051d3ba,5362618
1936,0x0051d3bb,5362619
1937,0x0051d3bc,5362620
1938,0x0051d3bd,5362621
1939,0x0051d3bf,5362623
1940,0x0051d3c0,5362624
1941,0x0051d3c1,5362625
1942,0x0051d3c2,5362626
1943,0x0051d3c6,5362630
1944,0x0051d3c7,5362631
1945,0x0051d3c8,5362632
1946,0x0051d3c9,5362633
1947,0x0051d3ca,5362634
1948,0x0051d3ce,5362638
1949,0x0051d3cf,5362639
1950,0x0051d3d0,5362640
1951,0x0051d3d2,5362642
1952,0x0051d3d3,5362643
1953,0x0051d3d4,5362644
1954,0x0051d3d5,5362645
1955,0x0051d3d6,5362646
1956,0x0051d3d8,5362648
1957,0x0051d3dc,5362652
1958,0x0051d3dd,5362653
1959,0x0051d3de,5362654
1960,0x0051d3df,5362655
1961,0x0051d3e4,5362660
1962,0x0051d3e5,5362661
1963,0x0051d3e7,5362663
1964,0x0051d3e8,5362664
1965,0x0051d3e9,5362665
1966,0x0051d3ea,5362666
1967,0x0051d3eb,5362667
1968,0x0051d3ed,5362669
1969,0x0051d3f1,5362673
1970,0x0051d3f2,5362674
1971,0x0051d3f3,5362675
1972,0x0051d3f4,5362676
1973,0x0051d3f5,5362677
1974,0x0051d3fa,5362682
1975,0x0051d3fb,5362683
1976,0x0051d3fc,5362684
1977,0x0051d3fd,5362685
1978,0x0051d3fe,5362686
1979,0x0051d3ff,5362687
1980,0x0051d401,5362689
1981,0x0051d402,5362690
1982,0x0051d407,5362695
1983,0x0051d408,5362696
1984,0x0051d409,5362697
1985,0x0051d40a,5362698
1986,0x0051d40b,5362699
1987,0x0051d410,5362704
1988,0x0051d411,5362705
1989,0x0051d412,5362706
1990,0x0051d413,5362707
1991,0x0051d414,5362708
1992,0x0051d415,5362709
1993,0x0051d416,5362710
1994,0x0051d418,5362712
1995,0x0051d41c,5362716
1996,0x0051d41d,5362717
1997,0x0051d41e,5362718
1998,0x0051d41f,5362719
1999,0x0051d420,5362720
2000,0x0051d424,5362724
2001,0x0051d425,5362725
2002,0x0051d426,5362726
2003,0x0051d427,5362727
2004,0x0051d428,5362728
2005,0x0051d429,5362729
2006,0x0051d42a,5362730
2007,0x0051d42b,5362731
2008,0x0051d42d,5362733
2009,0x0051d42f,5362735
2010,0x0051d430,5362736
2011,0x0051d431,5362737
2012,0x0051d432,5362738
2013,0x0051d433,5362739
2014,0x0051d434,5362740
2015,0x0051d435,5362741
2016,0x0051d436,5362742
2017,0x0051d437,5362743
2018,0x0051d438,5362744
2019,0x0051d439,5362745
2020,0x0051d43e,5362750
2021,0x0051d440,5362752
2022,0x0051d441,5362753
2023,0x0051d442,5362754
2024,0x0051d443,5362755
2025,0x0051d445,5362757
2026,0x0051d447,5362759
2027,0x0051d44b,5362763
2028,0x0051d44c,5362764
2029,0x0051d44d,5362765
2030,0x0051d44e,5362766
2031,0x0051d44f,5362767
2032,0x0051d453,5362771
2033,0x0051d455,5362773
2034,0x0051d456,5362774
2035,0x0051d457,5362775
2036,0x0051d458,5362776
2037,0x0051d459,5362777
2038,0x0051d45a,5362778
2039,0x0051d45c,5362780
2040,0x0051d460,5362784
2041,0x0051d461,5362785
2042,0x0051d462,5362786
2043,0x0051d463,5362787
2044,0x0051d464,5362788
2045,0x0051d468,5362792
2046,0x0051d469,5362793
2047,0x0051d46a,5362794
2048,0x0051d46b,5362795
2049,0x0051d46c,5362796
2050,0x0051d46d,5362797
2051,0x0051d46e,5362798
2052,0x0051d46f,5362799
2053,0x0051d471,5362801
2054,0x0051d475,5362805
2055,0x0051d476,5362806
2056,0x0051d477,5362807
2057,0x0051d478,5362808
2058,0x0051d479,5362809
2059,0x0051d47a,5362810
2060,0x0051d47e,5362814
2061,0x0051d47f,5362815
2062,0x0051d480,5362816
2063,0x0051d481,5362817
2064,0x0051d482,5362818
2065,0x0051d483,5362819
2066,0x0051d484,5362820
2067,0x0051d486,5362822
2068,0x0051d48a,5362826
2069,0x0051d48b,5362827
2070,0x0051d48c,5362828
2071,0x0051d48d,5362829
2072,0x0051d48e,5362830
2073,0x0051d493,5362835
2074,0x0051d495,5362837
2075,0x0051d496,5362838
2076,0x0051d497,5362839
2077,0x0051d498,5362840
2078,0x0051d49a,5362842
2079,0x0051d49b,5362843
2080,0x0051d49c,5362844
2081,0x0051d49d,5362845
2082,0x0051d4a1,5362849
2083,0x0051d4a2,5362850
2084,0x0051d4a3,5362851
2085,0x0051d4a4,5362852
2086,0x0051d4a5,5362853
2087,0x0051d4a9,5362857
2088,0x0051d4aa,5362858
2089,0x0051d4ab,5362859
2090,0x0051d4ac,5362860
2091,0x0051d4ad,5362861
2092,0x0051d4ae,5362862
2093,0x0051d4b0,5362864
2094,0x0051d4b2,5362866
2095,0x0051d4b6,5362870
2096,0x0051d4b7,5362871
2097,0x0051d4b8,5362872
2098,0x0051d4b9,5362873
2099,0x0051d4ba,5362874
2100,0x0051d4be,5362878
2101,0x0051d4bf,5362879
2102,0x0051d4c2,5362882
2103,0x0051d4c3,5362883
2104,0x0051d4c4,5362884
2105,0x0051d4c6,5362886
2106,0x0051d4c8,5362888
2107,0x0051d4cb,5362891
2108,0x0051d4cc,5362892
2109,0x0051d4cd,5362893
2110,0x0051d4ce,5362894
2111,0x0051d4cf,5362895
2112,0x0051d4d0,5362896
2113,0x0051d4d4,5362900
2114,0x0051d4d6,5362902
2115,0x0051d4d7,5362903
2116,0x0051d4d8,5362904
2117,0x0051d4d9,5362905
2118,0x0051d4da,5362906
2119,0x0051d4db,5362907
2120,0x0051d4dc,5362908
2121,0x0051d4dd,5362909
2122,0x0051d4de,5362910
2123,0x0051d4df,5362911
2124,0x0051d4e0,5362912
2125,0x0051d4e1,5362913
2126,0x0051d4e2,5362914
2127,0x0051d4e3,5362915
2128,0x0051d4e4,5362916
2129,0x0051d4e5,5362917
2130,0x0051d4e9,5362921
2131,0x0051d4ea,5362922
2132,0x0051d4eb,5362923
2133,0x0051d4ec,5362924
2134,0x0051d4ed,5362925
2135,0x0051d4ee,5362926
2136,0x0051d4ef,5362927
2137,0x0051d4f0,5362928
2138,0x0051d4f5,5362933
2139,0x0051d4f6,5362934
2140,0x0051d4f8,5362936
2141,0x0051d4f9,5362937
2142,0x0051d4fa,5362938
2143,0x0051d4fb,5362939
2144,0x0051d4fc,5362940
2145,0x0051d4fe,5362942
2146,0x0051d4ff,5362943
2147,0x0051d500,5362944
2148,0x0051d501,5362945
2149,0x0051d505,5362949
2150,0x0051d506,5362950
2151,0x0051d507,5362951
2152,0x0051d508,5362952
2153,0x0051d509,5362953
2154,0x0051d50a,5362954
2155,0x0051d50b,5362955
2156,0x0051d50f,5362959
2157,0x0051d510,5362960
2158,0x0051d511,5362961
2159,0x0051d512,5362962
2160,0x0051d513,5362963
2161,0x0051d514,5362964
2162,0x0051d515,5362965
2163,0x0051d516,5362966
2164,0x0051d517,5362967
2165,0x0051d519,5362969
2166,0x0051d51a,5362970
2167,0x0051d51b,5362971
2168,0x0051d51e,5362974
2169,0x0051d51f,5362975
2170,0x0051d520,5362976
2171,0x0051d521,5362977
2172,0x0051d522,5362978
2173,0x0051d523,5362979
2174,0x0051d524,5362980
2175,0x0051d529,5362985
2176,0x0051d52a,5362986
2177,0x0051d52b,5362987
2178,0x0051d52c,5362988
2179,0x0051d52d,5362989
2180,0x0051d52e,5362990
2181,0x0051d52f,5362991
2182,0x0051d530,5362992
2183,0x0051d531,5362993
2184,0x0051d532,5362994
2185,0x0051d534,5362996
2186,0x0051d535,5362997
2187,0x0051d538,5363000
2188,0x0051d539,5363001
2189,0x0051d53a,5363002
2190,0x0051d53b,5363003
2191,0x0051d53c,5363004
2192,0x0051d53d,5363005
2193,0x0051d541,5363009
2194,0x0051d542,5363010
2195,0x0051d543,5363011
2196,0x0051d544,5363012
2197,0x0051d545,5363013
2198,0x0051d546,5363014
2199,0x0051d547,5363015
2200,0x0051d548,5363016
2201,0x0051d549,5363017
2202,0x0051d54a,5363018
2203,0x0051d54b,5363019
2204,0x0051d54c,5363020
2205,0x0051d54d,5363021
2206,0x0051d54e,5363022
2207,0x0051d54f,5363023
2208,0x0051d550,5363024
2209,0x0051d553,5363027
2210,0x0051d554,5363028
2211,0x0051d555,5363029
2212,0x0051d556,5363030
2213,0x0051d557,5363031
2214,0x0051d558,5363032
2215,0x0051d559,5363033
2216,0x0051d55a,5363034
2217,0x0051d55e,5363038
2218,0x0051d55f,5363039
2219,0x0051d560,5363040
2220,0x0051d561,5363041
2221,0x0051d562,5363042
2222,0x0051d563,5363043
2223,0x0051d564,5363044
2224,0x0051d565,5363045
2225,0x0051d566,5363046
2226,0x0051d568,5363048
2227,0x0051d56a,5363050
2228,0x0051d56c,5363052
2229,0x0051d56d,5363053
2230,0x0051d56e,5363054
2231,0x0051d56f,5363055
2232,0x0051d570,5363056
2233,0x0051d571,5363057
2234,0x0051d572,5363058
2235,0x0051d573,5363059
2236,0x0051d575,5363061
2237,0x0051d576,5363062
2238,0x0051d578,5363064
2239,0x0051d579,5363065
2240,0x0051d57a,5363066
2241,0x0051d57c,5363068
2242,0x0051d57d,5363069
2243,0x0051d57e,5363070
2244,0x0051d57f,5363071
2245,0x0051d581,5363073
2246,0x0051d582,5363074
2247,0x0051d583,5363075
2248,0x0051d584,5363076
2249,0x0051d585,5363077
2250,0x0051d589,5363081
2251,0x0051d58a,5363082
2252,0x0051d58b,5363083
2253,0x0051d58c,5363084
2254,0x0051d58d,5363085
2255,0x0051d58e,5363086
2256,0x0051d58f,5363087
2257,0x0051d591,5363089
2258,0x0051d592,5363090
2259,0x0051d593,5363091
2260,0x0051d594,5363092
2261,0x0051d597,5363095
2262,0x0051d598,5363096
2263,0x0051d599,5363097
2264,0x0051d59a,5363098
2265,0x0051d59b,5363099
2266,0x0051d59c,5363100
2267,0x0051d59d,5363101
2268,0x0051d59e,5363102
2269,0x0051d5a3,5363107
2270,0x0051d5a4,5363108
2271,0x0051d5a5,5363109
2272,0x0051d5a6,5363110
2273,0x0051d5a7,5363111
2274,0x0051d5a8,5363112
2275,0x0051d5a9,5363113
2276,0x0051d5aa,5363114
2277,0x0051d5ab,5363115
2278,0x0051d5ac,5363116
2279,0x0051d5ad,5363117
2280,0x0051d5ae,5363118
2281,0x0051d5af,5363119
2282,0x0051d5b2,5363122
2283,0x0051d5b3,5363123
2284,0x0051d5b4,5363124
2285,0x0051d5b5,5363125
2286,0x0051d5b6,5363126
2287,0x0051d5b7,5363127
2288,0x0051d5b8,5363128
2289,0x0051d5b9,5363129
2290,0x0051d5be,5363134
2291,0x0051d5bf,5363135
2292,0x0051d5c0,5363136
2293,0x0051d5c1,5363137
2294,0x0051d5c2,5363138
2295,0x0051d5c3,5363139
2296,0x0051d5c4,5363140
2297,0x0051d5c5,5363141
2298,0x0051d5c7,5363143
2299,0x0051d5c9,5363145
2300,0x0051d5cd,5363149
2301,0x0051d5ce,5363150
2302,0x0051d5cf,5363151
2303,0x0051d5d0,5363152
2304,0x0051d5d1,5363153
2305,0x0051d5d5,5363157
2306,0x0051d5d6,5363158
2307,0x0051d5d8,5363160
2308,0x0051d5d9,5363161
2309,0x0051d5da,5363162
2310,0x0051d5db,5363163
2311,0x0051d5dd,5363165
2312,0x0051d5df,5363167
2313,0x0051d5e0,5363168
2314,0x0051d5e3,5363171
2315,0x0051d5e4,5363172
2316,0x0051d5e5,5363173
2317,0x0051d5e6,5363174
2318,0x0051d5e7,5363175
2319,0x0051d5e8,5363176
2320,0x0051d5e9,5363177
2321,0x0051d5ea,5363178
2322,0x0051d5ee,5363182
2323,0x0051d5ef,5363183
2324,0x0051d5f0,5363184
2325,0x0051d5f1,5363185
2326,0x0051d5f2,5363186
2327,0x0051d5f3,5363187
2328,0x0051d5f4,5363188
2329,0x0051d5f5,5363189
2330,0x0051d5f7,5363191
2331,0x0051d5f8,5363192
2332,0x0051d5fa,5363194
2333,0x0051d5fb,5363195
2334,0x0051d5fc,5363196
2335,0x0051d5fd,5363197
2336,0x0051d5fe,5363198
2337,0x0051d5ff,5363199
2338,0x0051d600,5363200
2339,0x0051d601,5363201
2340,0x0051d603,5363203
2341,0x0051d604,5363204
2342,0x0051d605,5363205
2343,0x0051d606,5363206
2344,0x0051d607,5363207
2345,0x0051d608,5363208
2346,0x0051d609,5363209
2347,0x0051d60a,5363210
2348,0x0051d60b,5363211
2349,0x0051d60f,5363215
2350,0x0051d610,5363216
2351,0x0051d611,5363217
2352,0x0051d612,5363218
2353,0x0051d613,5363219
2354,0x0051d618,5363224
2355,0x0051d619,5363225
2356,0x0051d61b,5363227
2357,0x0051d61c,5363228
2358,0x0051d61d,5363229
2359,0x0051d61e,5363230
2360,0x0051d620,5363232
2361,0x0051d622,5363234
2362,0x0051d626,5363238
2363,0x0051d627,5363239
2364,0x0051d628,5363240
2365,0x0051d629,5363241
2366,0x0051d62a,5363242
2367,0x0051d62b,5363243
2368,0x0051d62c,5363244
2369,0x0051d630,5363248
2370,0x0051d631,5363249
2371,0x0051d632,5363250
2372,0x0051d633,5363251
2373,0x0051d634,5363252
2374,0x0051d635,5363253
2375,0x0051d636,5363254
2376,0x0051d637,5363255
2377,0x0051d638,5363256
2378,0x0051d639,5363257
2379,0x0051d63a,5363258
2380,0x0051d63b,5363259
2381,0x0051d63e,5363262
2382,0x0051d63f,5363263
2383,0x0051d640,5363264
2384,0x0051d641,5363265
2385,0x0051d642,5363266
2386,0x0051d643,5363267
2387,0x0051d644,5363268
2388,0x0051d647,5363271
2389,0x0051d648,5363272
2390,0x0051d649,5363273
2391,0x0051d64a,5363274
2392,0x0051d64b,5363275
2393,0x0051d64c,5363276
2394,0x0051d64d,5363277
2395,0x0051d64e,5363278
2396,0x0051d64f,5363279
2397,0x0051d650,5363280
2398,0x0051d654,5363284
2399,0x0051d655,5363285
2400,0x0051d656,5363286
2401,0x0051d657,5363287
2402,0x0051d658,5363288
2403,0x0051d65d,5363293
2404,0x0051d65e,5363294
2405,0x0051d660,5363296
2406,0x0051d661,5363297
2407,0x0051d662,5363298
2408,0x0051d663,5363299
2409,0x0051d665,5363301
2410,0x0051d666,5363302
2411,0x0051d667,5363303
2412,0x0051d668,5363304
2413,0x0051d66b,5363307
2414,0x0051d66c,5363308
2415,0x0051d66d,5363309
2416,0x0051d66e,5363310
2417,0x0051d66f,5363311
2418,0x0051d670,5363312
2419,0x0051d671,5363313
2420,0x0051d675,5363317
2421,0x0051d676,5363318
2422,0x0051d677,5363319
2423,0x0051d678,5363320
2424,0x0051d679,5363321
2425,0x0051d67a,5363322
2426,0x0051d67b,5363323
2427,0x0051d67c,5363324
2428,0x0051d67d,5363325
2429,0x0051d67e,5363326
2430,0x0051d67f,5363327
2431,0x0051d680,5363328
2432,0x0051d683,5363331
2433,0x0051d684,5363332
2434,0x0051d685,5363333
2435,0x0051d686,5363334
2436,0x0051d687,5363335
2437,0x0051d688,5363336
2438,0x0051d689,5363337
2439,0x0051d68a,5363338
2440,0x0051d68c,5363340
2441,0x0051d68d,5363341
2442,0x0051d68e,5363342
2443,0x0051d68f,5363343
2444,0x0051d690,5363344
2445,0x0051d691,5363345
2446,0x0051d692,5363346
2447,0x0051d693,5363347
2448,0x0051d694,5363348
2449,0x0051d698,5363352
2450,0x0051d699,5363353
2451,0x0051d69a,5363354
2452,0x0051d69b,5363355
2453,0x0051d69c,5363356
2454,0x0051d6a1,5363361
2455,0x0051d6a3,5363363
2456,0x0051d6a4,5363364
2457,0x0051d6a5,5363365
2458,0x0051d6a6,5363366
2459,0x0051d6a8,5363368
2460,0x0051d6a9,5363369
2461,0x0051d6aa,5363370
2462,0x0051d6ab,5363371
2463,0x0051d6ae,5363374
2464,0x0051d6af,5363375
2465,0x0051d6b0,5363376
2466,0x0051d6b1,5363377
2467,0x0051d6b2,5363378
2468,0x0051d6b3,5363379
2469,0x0051d6b4,5363380
2470,0x0051d6b7,5363383
2471,0x0051d6b8,5363384
2472,0x0051d6b9,5363385
2473,0x0051d6ba,5363386
2474,0x0051d6bb,5363387
2475,0x0051d6bc,5363388
2476,0x0051d6bd,5363389
2477,0x0051d6be,5363390
2478,0x0051d6bf,5363391
2479,0x0051d6c0,5363392
2480,0x0051d6c1,5363393
2481,0x0051d6c2,5363394
2482,0x0051d6c4,5363396
2483,0x0051d6c5,5363397
2484,0x0051d6c6,5363398
2485,0x0051d6c7,5363399
2486,0x0051d6c8,5363400
2487,0x0051d6c9,5363401
2488,0x0051d6ca,5363402
2489,0x0051d6cc,5363404
2490,0x0051d6cd,5363405
2491,0x0051d6ce,5363406
2492,0x0051d6cf,5363407
2493,0x0051d6d0,5363408
2494,0x0051d6d1,5363409
2495,0x0051d6d2,5363410
2496,0x0051d6d3,5363411
2497,0x0051d6d4,5363412
2498,0x0051d6d5,5363413
2499,0x0051d6d6,5363414
2500,0x0051d6d7,5363415
2501,0x0051d6d9,5363417
2502,0x0051d6da,5363418
2503,0x0051d6db,5363419
2504,0x0051d6dc,5363420
2505,0x0051d6dd,5363421
2506,0x0051d6e2,5363426
2507,0x0051d6e3,5363427
2508,0x0051d6e4,5363428
2509,0x0051d6e5,5363429
2510,0x0051d6e6,5363430
2511,0x0051d6e7,5363431
2512,0x0051d6e9,5363433
2513,0x0051d6ea,5363434
2514,0x0051d6eb,5363435
2515,0x0051d6ec,5363436
2516,0x0051d6ed,5363437
2517,0x0051d6ef,5363439
2518,0x0051d6f0,5363440
2519,0x0051d6f1,5363441
2520,0x0051d6f2,5363442
2521,0x0051d6f3,5363443
2522,0x0051d6f4,5363444
2523,0x0051d6f5,5363445
2524,0x0051d6f8,5363448
2525,0x0051d6f9,5363449
2526,0x0051d6fa,5363450
2527,0x0051d6fb,5363451
2528,0x0051d6fc,5363452
2529,0x0051d6fd,5363453
2530,0x0051d6fe,5363454
2531,0x0051d6ff,5363455
2532,0x0051d700,5363456
2533,0x0051d702,5363458
2534,0x0051d703,5363459
2535,0x0051d704,5363460
2536,0x0051d705,5363461
2537,0x0051d706,5363462
2538,0x0051d707,5363463
2539,0x0051d708,5363464
2540,0x0051d709,5363465
2541,0x0051d70a,5363466
2542,0x0051d70b,5363467
2543,0x0051d70c,5363468
2544,0x0051d70d,5363469
2545,0x0051d70e,5363470
2546,0x0051d70f,5363471
2547,0x0051d710,5363472
2548,0x0051d711,5363473
2549,0x0051d713,5363475
2550,0x0051d714,5363476
2551,0x0051d715,5363477
2552,0x0051d716,5363478
2553,0x0051d717,5363479
2554,0x0051d718,5363480
2555,0x0051d719,5363481
2556,0x0051d71b,5363483
2557,0x0051d71c,5363484
2558,0x0051d71d,5363485
2559,0x0051d71e,5363486
2560,0x0051d721,5363489
2561,0x0051d722,5363490
2562,0x0051d723,5363491
2563,0x0051d724,5363492
2564,0x0051d725,5363493
2565,0x0051d726,5363494
2566,0x0051d727,5363495
2567,0x0051d728,5363496
2568,0x0051d729,5363497
2569,0x0051d72a,5363498
2570,0x0051d72b,5363499
2571,0x0051d72c,5363500
2572,0x0051d72d,5363501
2573,0x0051d72e,5363502
2574,0x0051d72f,5363503
2575,0x0051d730,5363504
2576,0x0051d731,5363505
2577,0x0051d732,5363506
2578,0x0051d733,5363507
2579,0x0051d734,5363508
2580,0x0051d735,5363509
2581,0x0051d736,5363510
2582,0x0051d737,5363511
2583,0x0051d739,5363513
2584,0x0051d73a,5363514
2585,0x0051d73b,5363515
2586,0x0051d73c,5363516
2587,0x0051d73d,5363517
2588,0x0051d73e,5363518
2589,0x0051d73f,5363519
2590,0x0051d740,5363520
2591,0x0051d742,5363522
2592,0x0051d744,5363524
2593,0x0051d745,5363525
2594,0x0051d746,5363526
2595,0x0051d747,5363527
2596,0x0051d748,5363528
2597,0x0051d749,5363529
2598,0x0051d74a,5363530
2599,0x0051d74c,5363532
2600,0x0051d74d,5363533
2601,0x0051d74e,5363534
2602,0x0051d74f,5363535
2603,0x0051d750,5363536
2604,0x0051d751,5363537
2605,0x0051d752,5363538
2606,0x0051d753,5363539
2607,0x0051d754,5363540
2608,0x0051d755,5363541
2609,0x0051d756,5363542
2610,0x0051d757,5363543
2611,0x0051d758,5363544
2612,0x0051d759,5363545
2613,0x0051d75a,5363546
2614,0x0051d75b,5363547
2615,0x0051d75c,5363548
2616,0x0051d75d,5363549
2617,0x0051d75f,5363551
2618,0x0051d760,5363552
2619,0x0051d761,5363553
2620,0x0051d762,5363554
2621,0x0051d763,5363555
2622,0x0051d764,5363556
2623,0x0051d765,5363557
2624,0x0051d766,5363558
2625,0x0051d767,5363559
2626,0x0051d768,5363560
2627,0x0051d769,5363561
2628,0x0051d76a,5363562
2629,0x0051d76b,5363563
2630,0x0051d76c,5363564
2631,0x0051d76d,5363565
2632,0x0051d76e,5363566
2633,0x0051d770,5363568
2634,0x0051d771,5363569
2635,0x0051d772,5363570
2636,0x0051d773,5363571
2637,0x0051d774,5363572
2638,0x0051d775,5363573
2639,0x0051d776,5363574
2640,0x0051d777,5363575
2641,0x0051d778,5363576
2642,0x0051d779,5363577
2643,0x0051d77a,5363578
2644,0x0051d77b,5363579
2645,0x0051d77c,5363580
2646,0x0051d77d,5363581
2647,0x0051d780,5363584
2648,0x0051d782,5363586
2649,0x0051d783,5363587
2650,0x0051d786,5363590
2651,0x0051d787,5363591
2652,0x0051d788,5363592
2653,0x0051d789,5363593
2654,0x0051d78a,5363594
2655,0x0051d78b,5363595
2656,0x0051d78c,5363596
2657,0x0051d78d,5363597
2658,0x0051d78e,5363598
2659,0x0051d78f,5363599
2660,0x0051d790,5363600
2661,0x0051d793,5363603
2662,0x0051d794,5363604
2663,0x0051d795,5363605
2664,0x0051d797,5363607
2665,0x0051d798,5363608
2666,0x0051d799,5363609
2667,0x0051d79a,5363610
2668,0x0051d79b,5363611
2669,0x0051d79c,5363612
2670,0x0051d79d,5363613
2671,0x0051d79e,5363614
2672,0x0051d79f,5363615
2673,0x0051d7a3,5363619
2674,0x0051d7a4,5363620
2675,0x0051d7a5,5363621
2676,0x0051d7a6,5363622
2677,0x0051d7a7,5363623
2678,0x0051d7a8,5363624
2679,0x0051d7a9,5363625
2680,0x0051d7aa,5363626
2681,0x0051d7ae,5363630
2682,0x0051d7af,5363631
2683,0x0051d7b0,5363632
2684,0x0051d7b1,5363633
2685,0x0051d7b2,5363634
2686,0x0051d7b3,5363635
2687,0x0051d7b4,5363636
2688,0x0051d7b5,5363637
2689,0x0051d7b6,5363638
2690,0x0051d7b8,5363640
2691,0x0051d7b9,5363641
2692,0x0051d7ba,5363642
2693,0x0051d7bb,5363643
2694,0x0051d7bc,5363644
2695,0x0051d7be,5363646
2696,0x0051d7bf,5363647
2697,0x0051d7c0,5363648
2698,0x0051d7c1,5363649
2699,0x0051d7c2,5363650
2700,0x0051d7c3,5363651
2701,0x0051d7c4,5363652
2702,0x0051d7c5,5363653
2703,0x0051d7c6,5363654
2704,0x0051d7c7,5363655
2705,0x0051d7c8,5363656
2706,0x0051d7c9,5363657
2707,0x0051d7ca,5363658
2708,0x0051d7cb,5363659
2709,0x0051d7cc,5363660
2710,0x0051d7cd,5363661
2711,0x0051d7ce,5363662
2712,0x0051d7cf,5363663
2713,0x0051d7d0,5363664
2714,0x0051d7d1,5363665
2715,0x0051d7d2,5363666
2716,0x0051d7d3,5363667
2717,0x0051d7d4,5363668
2718,0x0051d7d5,5363669
2719,0x0051d7d6,5363670
2720,0x0051d7d7,5363671
2721,0x0051d7d8,5363672
2722,0x0051d7d9,5363673
2723,0x0051d7da,5363674
2724,0x0051d7db,5363675
2725,0x0051d7dc,5363676
2726,0x0051d7dd,5363677
2727,0x0051d7de,5363678
2728,0x0051d7df,5363679
2729,0x0051d7e0,5363680
2730,0x0051d7e1,5363681
2731,0x0051d7e2,5363682
2732,0x0051d7e3,5363683
2733,0x0051d7e4,5363684
2734,0x0051d7e5,5363685
2735,0x0051d7e6,5363686
2736,0x0051d7e7,5363687
2737,0x0051d7e8,5363688
2738,0x0051d7ea,5363690
2739,0x0051d7eb,5363691
2740,0x0051d7ec,5363692
2741,0x0051d7ed,5363693
2742,0x0051d7f0,5363696
2743,0x0051d7f1,5363697
2744,0x0051d7f2,5363698
2745,0x0051d7f3,5363699
2746,0x0051d7f4,5363700
2747,0x0051d7f5,5363701
2748,0x0051d7f6,5363702
2749,0x0051d7f7,5363703
2750,0x0051d7f8,5363704
2751,0x0051d7f9,5363705
2752,0x0051d7fa,5363706
2753,0x0051d7fb,5363707
2754,0x0051d7fc,5363708
2755,0x0051d7fd,5363709
2756,0x0051d7fe,5363710
2757,0x0051d7ff,5363711
2758,0x0051d800,5363712
2759,0x0051d801,5363713
2760,0x0051d802,5363714
2761,0x0051d803,5363715
2762,0x0051d804,5363716
2763,0x0051d805,5363717
2764,0x0051d806,5363718
2765,0x0051d807,5363719
2766,0x0051d808,5363720
2767,0x0051d809,5363721
2768,0x0051d80a,5363722
2769,0x0051d80c,5363724
2770,0x0051d80d,5363725
2771,0x0051d80e,5363726
2772,0x0051d80f,5363727
2773,0x0051d810,5363728
2774,0x0051d811,5363729
2775,0x0051d812,5363730
2776,0x0051d813,5363731
2777,0x0051d814,5363732
2778,0x0051d817,5363735
2779,0x0051d818,5363736
2780,0x0051d819,5363737
2781,0x0051d81a,5363738
2782,0x0051d81c,5363740
2783,0x0051d81d,5363741
2784,0x0051d81e,5363742
2785,0x0051d81f,5363743
2786,0x0051d822,5363746
2787,0x0051d823,5363747
2788,0x0051d824,5363748
2789,0x0051d825,5363749
2790,0x0051d826,5363750
2791,0x0051d827,5363751
2792,0x0051d828,5363752
2793,0x0051d829,5363753
2794,0x0051d82a,5363754
2795,0x0051d82b,5363755
2796,0x0051d82f,5363759
2797,0x0051d830,5363760
2798,0x0051d831,5363761
2799,0x0051d832,5363762
2800,0x0051d833,5363763
2801,0x0051d834,5363764
2802,0x0051d835,5363765
2803,0x0051d836,5363766
2804,0x0051d837,5363767
2805,0x0051d838,5363768
2806,0x0051d839,5363769
2807,0x0051d83a,5363770
2808,0x0051d83b,5363771
2809,0x0051d83d,5363773
2810,0x0051d83e,5363774
2811,0x0051d83f,5363775
2812,0x0051d840,5363776
2813,0x0051d841,5363777
2814,0x0051d842,5363778
2815,0x0051d843,5363779
2816,0x0051d844,5363780
2817,0x0051d845,5363781
2818,0x0051d846,5363782
2819,0x0051d847,5363783
2820,0x0051d849,5363785
2821,0x0051d84a,5363786
2822,0x0051d84b,5363787
2823,0x0051d84c,5363788
2824,0x0051d84d,5363789
2825,0x0051d84e,5363790
2826,0x0051d84f,5363791
2827,0x0051d850,5363792
2828,0x0051d852,5363794
2829,0x0051d853,5363795
2830,0x0051d854,5363796
2831,0x0051d855,5363797
2832,0x0051d856,5363798
2833,0x0051d858,5363800
2834,0x0051d859,5363801
2835,0x0051d85a,5363802
2836,0x0051d85b,5363803
2837,0x0051d85c,5363804
2838,0x0051d85d,5363805
2839,0x0051d85e,5363806
2840,0x0051d85f,5363807
2841,0x0051d860,5363808
2842,0x0051d861,5363809
2843,0x0051d862,5363810
2844,0x0051d863,5363811
2845,0x0051d864,5363812
2846,0x0051d865,5363813
2847,0x0051d866,5363814
2848,0x0051d867,5363815
2849,0x0051d868,5363816
2850,0x0051d869,5363817
2851,0x0051d86a,5363818
2852,0x0051d86b,5363819
2853,0x0051d86c,5363820
2854,0x0051d86d,5363821
2855,0x0051d86e,5363822
2856,0x0051d86f,5363823
2857,0x0051d870,5363824
2858,0x0051d871,5363825
2859,0x0051d872,5363826
2860,0x0051d873,5363827
2861,0x0051d874,5363828
2862,0x0051d875,5363829
2863,0x0051d876,5363830
2864,0x0051d877,5363831
2865,0x0051d878,5363832
2866,0x0051d879,5363833
2867,0x0051d87a,5363834
2868,0x0051d87b,5363835
2869,0x0051d87c,5363836
2870,0x0051d87e,5363838
2871,0x0051d87f,5363839
2872,0x0051d880,5363840
2873,0x0051d881,5363841
2874,0x0051d883,5363843
2875,0x0051d884,5363844
2876,0x0051d885,5363845
2877,0x0051d886,5363846
2878,0x0051d889,5363849
2879,0x0051d88a,5363850
2880,0x0051d88b,5363851
2881,0x0051d88c,5363852
2882,0x0051d88d,5363853
2883,0x0051d88e,5363854
2884,0x0051d88f,5363855
2885,0x0051d890,5363856
2886,0x0051d891,5363857
2887,0x0051d892,5363858
2888,0x0051d893,5363859
2889,0x0051d894,5363860
2890,0x0051d895,5363861
2891,0x0051d896,5363862
2892,0x0051d897,5363863
2893,0x0051d898,5363864
2894,0x0051d899,5363865
2895,0x0051d89a,5363866
2896,0x0051d89b,5363867
2897,0x0051d89c,5363868
2898,0x0051d89d,5363869
2899,0x0051d89e,5363870
2900,0x0051d8a0,5363872
2901,0x0051d8a1,5363873
2902,0x0051d8a2,5363874
2903,0x0051d8a3,5363875
2904,0x0051d8a4,5363876
2905,0x0051d8a6,5363878
2906,0x0051d8a7,5363879
2907,0x0051d8a8,5363880
2908,0x0051d8a9,5363881
2909,0x0051d8aa,5363882
2910,0x0051d8ab,5363883
2911,0x0051d8ac,5363884
2912,0x0051d8ad,5363885
2913,0x0051d8ae,5363886
2914,0x0051d8af,5363887
2915,0x0051d8b1,5363889
2916,0x0051d8b2,5363890
2917,0x0051d8b3,5363891
2918,0x0051d8b4,5363892
2919,0x0051d8b6,5363894
2920,0x0051d8b7,5363895
2921,0x0051d8b9,5363897
2922,0x0051d8ba,5363898
2923,0x0051d8bc,5363900
2924,0x0051d8bd,5363901
2925,0x0051d8be,5363902
2926,0x0051d8bf,5363903
2927,0x0051d8c0,5363904
2928,0x0051d8c1,5363905
2929,0x0051d8c2,5363906
2930,0x0051d8c3,5363907
2931,0x0051d8c4,5363908
2932,0x0051d8c5,5363909
2933,0x0051d8c6,5363910
2934,0x0051d8c8,5363912
2935,0x0051d8c9,5363913
2936,0x0051d8ca,5363914
2937,0x0051d8cb,5363915
2938,0x0051d8cc,5363916
2939,0x0051d8cd,5363917
2940,0x0051d8ce,5363918
2941,0x0051d8cf,5363919
2942,0x0051d8d0,5363920
2943,0x0051d8d1,5363921
2944,0x0051d8d2,5363922
2945,0x0051d8d3,5363923
2946,0x0051d8d4,5363924
2947,0x0051d8d5,5363925
2948,0x0051d8d6,5363926
2949,0x0051d8d7,5363927
2950,0x0051d8da,5363930
2951,0x0051d8db,5363931
2952,0x0051d8dc,5363932
2953,0x0051d8dd,5363933
2954,0x0051d8de,5363934
2955,0x0051d8df,5363935
2956,0x0051d8e0,5363936
2957,0x0051d8e5,5363941
2958,0x0051d8e6,5363942
2959,0x0051d8e7,5363943
2960,0x0051d8e8,5363944
2961,0x0051d8e9,5363945
2962,0x0051d8ec,5363948
2963,0x0051d8ee,5363950
2964,0x0051d8ef,5363951
2965,0x0051d8f2,5363954
2966,0x0051d8f3,5363955
2967,0x0051d8f4,5363956
2968,0x0051d8f5,5363957
2969,0x0051d8f6,5363958
2970,0x0051d8f7,5363959
2971,0x0051d8f8,5363960
2972,0x0051d8f9,5363961
2973,0x0051d8fa,5363962
2974,0x0051d8fb,5363963
2975,0x0051d8fc,5363964
2976,0x0051d8fd,5363965
2977,0x0051d8fe,5363966
2978,0x0051d8ff,5363967
2979,0x0051d900,5363968
2980,0x0051d901,5363969
2981,0x0051d902,5363970
2982,0x0051d903,5363971
2983,0x0051d904,5363972
2984,0x0051d905,5363973
2985,0x0051d906,5363974
2986,0x0051d907,5363975
2987,0x0051d908,5363976
2988,0x0051d909,5363977
2989,0x0051d90a,5363978
2990,0x0051d90d,5363981
2991,0x0051d90e,5363982
2992,0x0051d90f,5363983
2993,0x0051d910,5363984
2994,0x0051d911,5363985
2995,0x0051d912,5363986
2996,0x0051d913,5363987
2997,0x0051d916,5363990
2998,0x0051d917,5363991
2999,0x0051d918,5363992
3000,0x0051d919,5363993
3001,0x0051d91a,5363994
3002,0x0051d91b,5363995
3003,0x0051d91c,5363996
3004,0x0051d91d,5363997
3005,0x0051d91e,5363998
3006,0x0051d920,5364000
3007,0x0051d921,5364001
3008,0x0051d922,5364002
3009,0x0051d923,5364003
3010,0x0051d927,5364007
3011,0x0051d928,5364008
3012,0x0051d929,5364009
3013,0x0051d92a,5364010
3014,0x0051d92b,5364011
3015,0x0051d92c,5364012
3016,0x0051d92d,5364013
3017,0x0051d92e,5364014
3018,0x0051d92f,5364015
3019,0x0051d930,5364016
3020,0x0051d931,5364017
3021,0x0051d932,5364018
3022,0x0051d933,5364019
3023,0x0051d934,5364020
3024,0x0051d935,5364021
3025,0x0051d936,5364022
3026,0x0051d937,5364023
3027,0x0051d938,5364024
3028,0x0051d939,5364025
3029,0x0051d93a,5364026
3030,0x0051d93b,5364027
3031,0x0051d93c,5364028
3032,0x0051d93d,5364029
3033,0x0051d93e,5364030
3034,0x0051d93f,5364031
3035,0x0051d940,5364032
3036,0x0051d941,5364033
3037,0x0051d943,5364035
3038,0x0051d944,5364036
3039,0x0051d945,5364037
3040,0x0051d946,5364038
3041,0x0051d947,5364039
3042,0x0051d948,5364040
3043,0x0051d949,5364041
3044,0x0051d94a,5364042
3045,0x0051d94c,5364044
3046,0x0051d94d,5364045
3047,0x0051d94e,5364046
3048,0x0051d94f,5364047
3049,0x0051d950,5364048
3050,0x0051d951,5364049
3051,0x0051d953,5364051
3052,0x0051d954,5364052
3053,0x0051d955,5364053
3054,0x0051d956,5364054
3055,0x0051d957,5364055
3056,0x0051d959,5364057
3057,0x0051d95a,5364058
3058,0x0051d95b,5364059
3059,0x0051d95c,5364060
3060,0x0051d95d,5364061
3061,0x0051d95e,5364062
3062,0x0051d95f,5364063
3063,0x0051d960,5364064
3064,0x0051d961,5364065
3065,0x0051d962,5364066
3066,0x0051d963,5364067
3067,0x0051d964,5364068
3068,0x0051d966,5364070
3069,0x0051d967,5364071
3070,0x0051d968,5364072
3071,0x0051d969,5364073
3072,0x0051d96a,5364074
3073,0x0051d96b,5364075
3074,0x0051d96c,5364076
3075,0x0051d96d,5364077
3076,0x0051d96e,5364078
3077,0x0051d96f,5364079
3078,0x0051d970,5364080
3079,0x0051d971,5364081
3080,0x0051d972,5364082
3081,0x0051d973,5364083
3082,0x0051d974,5364084
3083,0x0051d977,5364087
3084,0x0051d978,5364088
3085,0x0051d979,5364089
3086,0x0051d97a,5364090
3087,0x0051d97b,5364091
3088,0x0051d97c,5364092
3089,0x0051d97d,5364093
3090,0x0051d97e,5364094
3091,0x0051d982,5364098
3092,0x0051d983,5364099
3093,0x0051d984,5364100
3094,0x0051d985,5364101
3095,0x0051d986,5364102
3096,0x0051d987,5364103
3097,0x0051d988,5364104
3098,0x0051d989,5364105
3099,0x0051d98a,5364106
3100,0x0051d98b,5364107
3101,0x0051d98d,5364109
3102,0x0051d98e,5364110
3103,0x0051d990,5364112
3104,0x0051d991,5364113
3105,0x0051d994,5364116
3106,0x0051d995,5364117
3107,0x0051d996,5364118
3108,0x0051d997,5364119
3109,0x0051d998,5364120
3110,0x0051d999,5364121
3111,0x0051d99a,5364122
3112,0x0051d99b,5364123
3113,0x0051d99c,5364124
3114,0x0051d99d,5364125
3115,0x0051d99e,5364126
3116,0x0051d9a1,5364129
3117,0x0051d9a2,5364130
3118,0x0051d9a3,5364131
3119,0x0051d9a4,5364132
3120,0x0051d9a5,5364133
3121,0x0051d9a6,5364134
3122,0x0051d9a7,5364135
3123,0x0051d9a8,5364136
3124,0x0051d9a9,5364137
3125,0x0051d9aa,5364138
3126,0x0051d9ab,5364139
3127,0x0051d9ac,5364140
3128,0x0051d9ad,5364141
3129,0x0051d9af,5364143
3130,0x0051d9b3,5364147
3131,0x0051d9b4,5364148
3132,0x0051d9b5,5364149
3133,0x0051d9b6,5364150
3134,0x0051d9b7,5364151
3135,0x0051d9b8,5364152
3136,0x0051d9b9,5364153
3137,0x0051d9ba,5364154
3138,0x0051d9be,5364158
3139,0x0051d9bf,5364159
3140,0x0051d9c0,5364160
3141,0x0051d9c1,5364161
3142,0x0051d9c2,5364162
3143,0x0051d9c3,5364163
3144,0x0051d9c4,5364164
3145,0x0051d9c5,5364165
3146,0x0051d9c8,5364168
3147,0x0051d9ca,5364170
3148,0x0051d9cb,5364171
3149,0x0051d9ce,5364174
3150,0x0051d9cf,5364175
3151,0x0051d9d0,5364176
3152,0x0051d9d1,5364177
3153,0x0051d9d2,5364178
3154,0x0051d9d3,5364179
3155,0x0051d9d4,5364180
3156,0x0051d9d5,5364181
3157,0x0051d9d6,5364182
3158,0x0051d9d7,5364183
3159,0x0051d9d8,5364184
3160,0x0051d9da,5364186
3161,0x0051d9db,5364187
3162,0x0051d9dc,5364188
3163,0x0051d9dd,5364189
3164,0x0051d9de,5364190
3165,0x0051d9df,5364191
3166,0x0051d9e0,5364192
3167,0x0051d9e1,5364193
3168,0x0051d9e2,5364194
3169,0x0051d9e3,5364195
3170,0x0051d9e4,5364196
3171,0x0051d9e5,5364197
3172,0x0051d9e6,5364198
3173,0x0051d9e7,5364199
3174,0x0051d9e8,5364200
3175,0x0051d9e9,5364201
3176,0x0051d9ec,5364204
3177,0x0051d9ed,5364205
3178,0x0051d9ee,5364206
3179,0x0051d9ef,5364207
3180,0x0051d9f0,5364208
3181,0x0051d9f1,5364209
3182,0x0051d9f2,5364210
3183,0x0051d9f3,5364211
3184,0x0051d9f8,5364216
3185,0x0051d9f9,5364217
3186,0x0051d9fa,5364218
3187,0x0051d9fb,5364219
3188,0x0051d9fc,5364220
3189,0x0051d9fd,5364221
3190,0x0051d9fe,5364222
3191,0x0051d9ff,5364223
3192,0x0051da01,5364225
3193,0x0051da02,5364226
3194,0x0051da03,5364227
3195,0x0051da04,5364228
3196,0x0051da05,5364229
3197,0x0051da07,5364231
3198,0x0051da08,5364232
3199,0x0051da09,5364233
3200,0x0051da0a,5364234
3201,0x0051da0b,5364235
3202,0x0051da0c,5364236
3203,0x0051da0d,5364237
3204,0x0051da0e,5364238
3205,0x0051da0f,5364239
3206,0x0051da10,5364240
3207,0x0051da11,5364241
3208,0x0051da12,5364242
3209,0x0051da13,5364243
3210,0x0051da14,5364244
3211,0x0051da15,5364245
3212,0x0051da16,5364246
3213,0x0051da17,5364247
3214,0x0051da18,5364248
3215,0x0051da19,5364249
3216,0x0051da1a,5364250
3217,0x0051da1b,5364251
3218,0x0051da1c,5364252
3219,0x0051da1d,5364253
3220,0x0051da1e,5364254
3221,0x0051da1f,5364255
3222,0x0051da20,5364256
3223,0x0051da22,5364258
3224,0x0051da23,5364259
3225,0x0051da24,5364260
3226,0x0051da25,5364261
3227,0x0051da26,5364262
3228,0x0051da27,5364263
3229,0x0051da29,5364265
3230,0x0051da2a,5364266
3231,0x0051da2b,5364267
3232,0x0051da2c,5364268
3233,0x0051da2d,5364269
3234,0x0051da2e,5364270
3235,0x0051da2f,5364271
3236,0x0051da30,5364272
3237,0x0051da33,5364275
3238,0x0051da35,5364277
3239,0x0051da36,5364278
3240,0x0051da39,5364281
3241,0x0051da3a,5364282
3242,0x0051da3b,5364283
3243,0x0051da3c,5364284
3244,0x0051da3d,5364285
3245,0x0051da3e,5364286
3246,0x0051da3f,5364287
3247,0x0051da40,5364288
3248,0x0051da41,5364289
3249,0x0051da42,5364290
3250,0x0051da43,5364291
3251,0x0051da45,5364293
3252,0x0051da46,5364294
3253,0x0051da47,5364295
3254,0x0051da48,5364296
3255,0x0051da49,5364297
3256,0x0051da4a,5364298
3257,0x0051da4b,5364299
3258,0x0051da4c,5364300
3259,0x0051da4d,5364301
3260,0x0051da4e,5364302
3261,0x0051da4f,5364303
3262,0x0051da50,5364304
3263,0x0051da51,5364305
3264,0x0051da53,5364307
3265,0x0051da56,5364310
3266,0x0051da57,5364311
3267,0x0051da58,5364312
3268,0x0051da59,5364313
3269,0x0051da5a,5364314
3270,0x0051da5b,5364315
3271,0x0051da5c,5364316
3272,0x0051da5d,5364317
3273,0x0051da5e,5364318
3274,0x0051da5f,5364319
3275,0x0051da60,5364320
3276,0x0051da61,5364321
3277,0x0051da62,5364322
3278,0x0051da63,5364323
3279,0x0051da64,5364324
3280,0x0051da65,5364325
3281,0x0051da66,5364326
3282,0x0051da67,5364327
3283,0x0051da6a,5364330
3284,0x0051da6c,5364332
3285,0x0051da6d,5364333
3286,0x0051da70,5364336
3287,0x0051da71,5364337
3288,0x0051da72,5364338
3289,0x0051da73,5364339
3290,0x0051da74,5364340
3291,0x0051da75,5364341
3292,0x0051da76,5364342
3293,0x0051da77,5364343
3294,0x0051da78,5364344
3295,0x0051da79,5364345
3296,0x0051da7a,5364346
3297,0x0051da7b,5364347
3298,0x0051da7c,5364348
3299,0x0051da7d,5364349
3300,0x0051da7e,5364350
3301,0x0051da7f,5364351
3302,0x0051da80,5364352
3303,0x0051da81,5364353
3304,0x0051da82,5364354
3305,0x0051da83,5364355
3306,0x0051da84,5364356
3307,0x0051da85,5364357
3308,0x0051da86,5364358
3309,0x0051da87,5364359
3310,0x0051da88,5364360
3311,0x0051da89,5364361
3312,0x0051da8a,5364362
3313,0x0051da8b,5364363
3314,0x0051da8e,5364366
3315,0x0051da8f,5364367
3316,0x0051da90,5364368
3317,0x0051da91,5364369
3318,0x0051da92,5364370
3319,0x0051da93,5364371
3320,0x0051da94,5364372
3321,0x0051da95,5364373
3322,0x0051da96,5364374
3323,0x0051da97,5364375
3324,0x0051da98,5364376
3325,0x0051da9a,5364378
3326,0x0051da9b,5364379
3327,0x0051da9c,5364380
3328,0x0051da9d,5364381
3329,0x0051da9f,5364383
3330,0x0051daa0,5364384
3331,0x0051daa1,5364385
3332,0x0051daa2,5364386
3333,0x0051daa5,5364389
3334,0x0051daa6,5364390
3335,0x0051daa7,5364391
3336,0x0051daa8,5364392
3337,0x0051daa9,5364393
3338,0x0051daaa,5364394
3339,0x0051daab,5364395
3340,0x0051daac,5364396
3341,0x0051daad,5364397
3342,0x0051daae,5364398
3343,0x0051daaf,5364399
3344,0x0051dab1,5364401
3345,0x0051dab2,5364402
3346,0x0051dab3,5364403
3347,0x0051dab4,5364404
3348,0x0051dab5,5364405
3349,0x0051dab6,5364406
3350,0x0051dab7,5364407
3351,0x0051dab8,5364408
3352,0x0051dab9,5364409
3353,0x0051daba,5364410
3354,0x0051dabb,5364411
3355,0x0051dabc,5364412
3356,0x0051dabd,5364413
3357,0x0051dabe,5364414
3358,0x0051dabf,5364415
3359,0x0051dac0,5364416
3360,0x0051dac1,5364417
3361,0x0051dac2,5364418
3362,0x0051dac3,5364419
3363,0x0051dac4,5364420
3364,0x0051dac5,5364421
3365,0x0051dac7,5364423
3366,0x0051dac8,5364424
3367,0x0051dac9,5364425
3368,0x0051daca,5364426
3369,0x0051dacb,5364427
3370,0x0051dacc,5364428
3371,0x0051dacd,5364429
3372,0x0051dace,5364430
3373,0x0051dad0,5364432
3374,0x0051dad1,5364433
3375,0x0051dad2,5364434
3376,0x0051dad3,5364435
3377,0x0051dad6,5364438
3378,0x0051dad7,5364439
3379,0x0051dad8,5364440
3380,0x0051dad9,5364441
3381,0x0051dada,5364442
3382,0x0051dadb,5364443
3383,0x0051dadc,5364444
3384,0x0051dadd,5364445
3385,0x0051dade,5364446
3386,0x0051dadf,5364447
3387,0x0051dae0,5364448
3388,0x0051dae1,5364449
3389,0x0051dae2,5364450
3390,0x0051dae3,5364451
3391,0x0051dae4,5364452
3392,0x0051dae5,5364453
3393,0x0051dae6,5364454
3394,0x0051dae7,5364455
3395,0x0051dae8,5364456
3396,0x0051dae9,5364457
3397,0x0051daea,5364458
3398,0x0051daeb,5364459
3399,0x0051daec,5364460
3400,0x0051daef,5364463
3401,0x0051daf0,5364464
3402,0x0051daf1,5364465
3403,0x0051daf2,5364466
3404,0x0051daf3,5364467
3405,0x0051daf4,5364468
3406,0x0051daf5,5364469
3407,0x0051daf7,5364471
3408,0x0051daf8,5364472
3409,0x0051daf9,5364473
3410,0x0051dafa,5364474
3411,0x0051dafb,5364475
3412,0x0051dafc,5364476
3413,0x0051dafd,5364477
3414,0x0051dafe,5364478
3415,0x0051daff,5364479
3416,0x0051db02,5364482
3417,0x0051db03,5364483
3418,0x0051db04,5364484
3419,0x0051db08,5364488
3420,0x0051db09,5364489
3421,0x0051db0a,5364490
3422,0x0051db0b,5364491
3423,0x0051db0c,5364492
3424,0x0051db0d,5364493
3425,0x0051db0e,5364494
3426,0x0051db0f,5364495
3427,0x0051db10,5364496
3428,0x0051db11,5364497
3429,0x0051db15,5364501
3430,0x0051db16,5364502
3431,0x0051db17,5364503
3432,0x0051db18,5364504
3433,0x0051db19,5364505
3434,0x0051db1a,5364506
3435,0x0051db1b,5364507
3436,0x0051db1c,5364508
3437,0x0051db1d,5364509
3438,0x0051db1e,5364510
3439,0x0051db1f,5364511
3440,0x0051db20,5364512
3441,0x0051db21,5364513
3442,0x0051db24,5364516
3443,0x0051db25,5364517
3444,0x0051db26,5364518
3445,0x0051db27,5364519
3446,0x0051db28,5364520
3447,0x0051db29,5364521
3448,0x0051db2a,5364522
3449,0x0051db2b,5364523
3450,0x0051db2c,5364524
3451,0x0051db30,5364528
3452,0x0051db31,5364529
3453,0x0051db32,5364530
3454,0x0051db33,5364531
3455,0x0051db34,5364532
3456,0x0051db35,5364533
3457,0x0051db36,5364534
3458,0x0051db37,5364535
3459,0x0051db38,5364536
3460,0x0051db3a,5364538
3461,0x0051db3b,5364539
3462,0x0051db3c,5364540
3463,0x0051db3d,5364541
3464,0x0051db40,5364544
3465,0x0051db41,5364545
3466,0x0051db42,5364546
3467,0x0051db43,5364547
3468,0x0051db44,5364548
3469,0x0051db45,5364549
3470,0x0051db46,5364550
3471,0x0051db47,5364551
3472,0x0051db48,5364552
3473,0x0051db49,5364553
3474,0x0051db4a,5364554
3475,0x0051db4b,5364555
3476,0x0051db4c,5364556
3477,0x0051db4d,5364557
3478,0x0051db4e,5364558
3479,0x0051db4f,5364559
3480,0x0051db50,5364560
3481,0x0051db51,5364561
3482,0x0051db52,5364562
3483,0x0051db53,5364563
3484,0x0051db54,5364564
3485,0x0051db55,5364565
3486,0x0051db56,5364566
3487,0x0051db57,5364567
3488,0x0051db58,5364568
3489,0x0051db59,5364569
3490,0x0051db5a,5364570
3491,0x0051db5b,5364571
3492,0x0051db5c,5364572
3493,0x0051db5d,5364573
3494,0x0051db5e,5364574
3495,0x0051db5f,5364575
3496,0x0051db60,5364576
3497,0x0051db62,5364578
3498,0x0051db63,5364579
3499,0x0051db64,5364580
3500,0x0051db65,5364581
3501,0x0051db66,5364582
3502,0x0051db67,5364583
3503,0x0051db68,5364584
3504,0x0051db69,5364585
3505,0x0051db6a,5364586
3506,0x0051db6c,5364588
3507,0x0051db6d,5364589
3508,0x0051db6e,5364590
3509,0x0051db6f,5364591
3510,0x0051db72,5364594
3511,0x0051db73,5364595
3512,0x0051db74,5364596
3513,0x0051db75,5364597
3514,0x0051db76,5364598
3515,0x0051db77,5364599
3516,0x0051db78,5364600
3517,0x0051db79,5364601
3518,0x0051db7a,5364602
3519,0x0051db7b,5364603
3520,0x0051db7c,5364604
3521,0x0051db7d,5364605
3522,0x0051db7e,5364606
3523,0x0051db7f,5364607
3524,0x0051db80,5364608
3525,0x0051db81,5364609
3526,0x0051db82,5364610
3527,0x0051db83,5364611
3528,0x0051db84,5364612
3529,0x0051db85,5364613
3530,0x0051db86,5364614
3531,0x0051db87,5364615
3532,0x0051db88,5364616
3533,0x0051db89,5364617
3534,0x0051db8a,5364618
3535,0x0051db8d,5364621
3536,0x0051db8e,5364622
3537,0x0051db8f,5364623
3538,0x0051db90,5364624
3539,0x0051db91,5364625
3540,0x0051db92,5364626
3541,0x0051db93,5364627
3542,0x0051db94,5364628
3543,0x0051db95,5364629
3544,0x0051db98,5364632
3545,0x0051db99,5364633
3546,0x0051db9a,5364634
3547,0x0051db9b,5364635
3548,0x0051db9c,5364636
3549,0x0051db9d,5364637
3550,0x0051db9e,5364638
3551,0x0051db9f,5364639
3552,0x0051dba0,5364640
3553,0x0051dba3,5364643
3554,0x0051dba4,5364644
3555,0x0051dba6,5364646
3556,0x0051dba9,5364649
3557,0x0051dbaa,5364650
3558,0x0051dbab,5364651
3559,0x0051dbac,5364652
3560,0x0051dbad,5364653
3561,0x0051dbae,5364654
3562,0x0051dbaf,5364655
3563,0x0051dbb0,5364656
3564,0x0051dbb1,5364657
3565,0x0051dbb2,5364658
3566,0x0051dbb3,5364659
3567,0x0051dbb5,5364661
3568,0x0051dbb6,5364662
3569,0x0051dbb7,5364663
3570,0x0051dbb8,5364664
3571,0x0051dbb9,5364665
3572,0x0051dbba,5364666
3573,0x0051dbbb,5364667
3574,0x0051dbbc,5364668
3575,0x0051dbbd,5364669
3576,0x0051dbbe,5364670
3577,0x0051dbbf,5364671
3578,0x0051dbc0,5364672
3579,0x0051dbc1,5364673
3580,0x0051dbc3,5364675
3581,0x0051dbc4,5364676
3582,0x0051dbc5,5364677
3583,0x0051dbc6,5364678
3584,0x0051dbc7,5364679
3585,0x0051dbc8,5364680
3586,0x0051dbc9,5364681
3587,0x0051dbca,5364682
3588,0x0051dbcb,5364683
3589,0x0051dbcd,5364685
3590,0x0051dbce,5364686
3591,0x0051dbcf,5364687
3592,0x0051dbd0,5364688
3593,0x0051dbd1,5364689
3594,0x0051dbd2,5364690
3595,0x0051dbd4,5364692
3596,0x0051dbd5,5364693
3597,0x0051dbd6,5364694
3598,0x0051dbd8,5364696
3599,0x0051dbd9,5364697
3600,0x0051dbda,5364698
3601,0x0051dbdb,5364699
3602,0x0051dbdc,5364700
3603,0x0051dbdf,5364703
3604,0x0051dbe0,5364704
3605,0x0051dbe1,5364705
3606,0x0051dbe2,5364706
3607,0x0051dbe3,5364707
3608,0x0051dbe4,5364708
3609,0x0051dbe5,5364709
3610,0x0051dbe6,5364710
3611,0x0051dbe7,5364711
3612,0x0051dbe8,5364712
3613,0x0051dbe9,5364713
3614,0x0051dbec,5364716
3615,0x0051dbed,5364717
3616,0x0051dbee,5364718
3617,0x0051dbef,5364719
3618,0x0051dbf0,5364720
3619,0x0051dbf1,5364721
3620,0x0051dbf2,5364722
3621,0x0051dbf3,5364723
3622,0x0051dbf4,5364724
3623,0x0051dbf5,5364725
3624,0x0051dbf6,5364726
3625,0x0051dbf7,5364727
3626,0x0051dbf8,5364728
3627,0x0051dbf9,5364729
3628,0x0051dbfb,5364731
3629,0x0051dbff,5364735
3630,0x0051dc00,5364736
3631,0x0051dc01,5364737
3632,0x0051dc02,5364738
3633,0x0051dc03,5364739
3634,0x0051dc04,5364740
3635,0x0051dc05,5364741
3636,0x0051dc06,5364742
3637,0x0051dc09,5364745
3638,0x0051dc0b,5364747
3639,0x0051dc0c,5364748
3640,0x0051dc0d,5364749
3641,0x0051dc0e,5364750
3642,0x0051dc0f,5364751
3643,0x0051dc10,5364752
3644,0x0051dc11,5364753
3645,0x0051dc13,5364755
3646,0x0051dc14,5364756
3647,0x0051dc16,5364758
3648,0x0051dc19,5364761
3649,0x0051dc1a,5364762
3650,0x0051dc1b,5364763
3651,0x0051dc1c,5364764
3652,0x0051dc1d,5364765
3653,0x0051dc1e,5364766
3654,0x0051dc1f,5364767
3655,0x0051dc20,5364768
3656,0x0051dc21,5364769
3657,0x0051dc22,5364770
3658,0x0051dc23,5364771
3659,0x0051dc24,5364772
3660,0x0051dc26,5364774
3661,0x0051dc27,5364775
3662,0x0051dc28,5364776
3663,0x0051dc29,5364777
3664,0x0051dc2a,5364778
3665,0x0051dc2b,5364779
3666,0x0051dc2c,5364780
3667,0x0051dc2d,5364781
3668,0x0051dc2e,5364782
3669,0x0051dc2f,5364783
3670,0x0051dc30,5364784
3671,0x0051dc31,5364785
3672,0x0051dc32,5364786
3673,0x0051dc35,5364789
3674,0x0051dc36,5364790
3675,0x0051dc37,5364791
3676,0x0051dc38,5364792
3677,0x0051dc39,5364793
3678,0x0051dc3a,5364794
3679,0x0051dc3b,5364795
3680,0x0051dc3c,5364796
3681,0x0051dc40,5364800
3682,0x0051dc41,5364801
3683,0x0051dc42,5364802
3684,0x0051dc43,5364803
3685,0x0051dc44,5364804
3686,0x0051dc45,5364805
3687,0x0051dc46,5364806
3688,0x0051dc47,5364807
3689,0x0051dc4a,5364810
3690,0x0051dc4b,5364811
3691,0x0051dc4c,5364812
3692,0x0051dc4d,5364813
3693,0x0051dc50,5364816
3694,0x0051dc51,5364817
3695,0x0051dc52,5364818
3696,0x0051dc53,5364819
3697,0x0051dc54,5364820
3698,0x0051dc55,5364821
3699,0x0051dc56,5364822
3700,0x0051dc57,5364823
3701,0x0051dc58,5364824
3702,0x0051dc59,5364825
3703,0x0051dc5a,5364826
3704,0x0051dc5b,5364827
3705,0x0051dc5d,5364829
3706,0x0051dc5e,5364830
3707,0x0051dc5f,5364831
3708,0x0051dc60,5364832
3709,0x0051dc61,5364833
3710,0x0051dc62,5364834
3711,0x0051dc63,5364835
3712,0x0051dc64,5364836
3713,0x0051dc65,5364837
3714,0x0051dc66,5364838
3715,0x0051dc68,5364840
3716,0x0051dc69,5364841
3717,0x0051dc6a,5364842
3718,0x0051dc6b,5364843
3719,0x0051dc6c,5364844
3720,0x0051dc6d,5364845
3721,0x0051dc6e,5364846
3722,0x0051dc6f,5364847
3723,0x0051dc70,5364848
3724,0x0051dc72,5364850
3725,0x0051dc73,5364851
3726,0x0051dc74,5364852
3727,0x0051dc75,5364853
3728,0x0051dc76,5364854
3729,0x0051dc77,5364855
3730,0x0051dc78,5364856
3731,0x0051dc7a,5364858
3732,0x0051dc7b,5364859
3733,0x0051dc7c,5364860
3734,0x0051dc7d,5364861
3735,0x0051dc80,5364864
3736,0x0051dc81,5364865
3737,0x0051dc82,5364866
3738,0x0051dc83,5364867
3739,0x0051dc84,5364868
3740,0x0051dc85,5364869
3741,0x0051dc86,5364870
3742,0x0051dc87,5364871
3743,0x0051dc88,5364872
3744,0x0051dc89,5364873
3745,0x0051dc8a,5364874
3746,0x0051dc8b,5364875
3747,0x0051dc8d,5364877
3748,0x0051dc8f,5364879
3749,0x0051dc90,5364880
3750,0x0051dc91,5364881
3751,0x0051dc92,5364882
3752,0x0051dc93,5364883
3753,0x0051dc94,5364884
3754,0x0051dc95,5364885
3755,0x0051dc96,5364886
3756,0x0051dc97,5364887
3757,0x0051dc98,5364888
3758,0x0051dc99,5364889
3759,0x0051dc9b,5364891
3760,0x0051dc9c,5364892
3761,0x0051dc9d,5364893
3762,0x0051dc9e,5364894
3763,0x0051dc9f,5364895
3764,0x0051dca0,5364896
3765,0x0051dca1,5364897
3766,0x0051dca2,5364898
3767,0x0051dca3,5364899
3768,0x0051dca4,5364900
3769,0x0051dca5,5364901
3770,0x0051dca6,5364902
3771,0x0051dca7,5364903
3772,0x0051dca8,5364904
3773,0x0051dcaa,5364906
3774,0x0051dcab,5364907
3775,0x0051dcac,5364908
3776,0x0051dcad,5364909
3777,0x0051dcb0,5364912
3778,0x0051dcb1,5364913
3779,0x0051dcb2,5364914
3780,0x0051dcb4,5364916
3781,0x0051dcb6,5364918
3782,0x0051dcb7,5364919
3783,0x0051dcb8,5364920
3784,0x0051dcb9,5364921
3785,0x0051dcba,5364922
3786,0x0051dcbb,5364923
3787,0x0051dcbc,5364924
3788,0x0051dcbd,5364925
3789,0x0051dcbe,5364926
3790,0x0051dcbf,5364927
3791,0x0051dcc3,5364931
3792,0x0051dcc4,5364932
3793,0x0051dcc5,5364933
3794,0x0051dcc6,5364934
3795,0x0051dcc7,5364935
3796,0x0051dcc8,5364936
3797,0x0051dcc9,5364937
3798,0x0051dcca,5364938
3799,0x0051dccb,5364939
3800,0x0051dccc,5364940
3801,0x0051dccd,5364941
3802,0x0051dcce,5364942
3803,0x0051dccf,5364943
3804,0x0051dcd1,5364945
3805,0x0051dcd5,5364949
3806,0x0051dcd6,5364950
3807,0x0051dcd7,5364951
3808,0x0051dcd8,5364952
3809,0x0051dcd9,5364953
3810,0x0051dcda,5364954
3811,0x0051dcdb,5364955
3812,0x0051dcde,5364958
3813,0x0051dcdf,5364959
3814,0x0051dce0,5364960
3815,0x0051dce1,5364961
3816,0x0051dce2,5364962
3817,0x0051dce3,5364963
3818,0x0051dce4,5364964
3819,0x0051dce5,5364965
3820,0x0051dce7,5364967
3821,0x0051dce8,5364968
3822,0x0051dce9,5364969
3823,0x0051dcea,5364970
3824,0x0051dceb,5364971
3825,0x0051dcec,5364972
3826,0x0051dced,5364973
3827,0x0051dcee,5364974
3828,0x0051dcef,5364975
3829,0x0051dcf0,5364976
3830,0x0051dcf1,5364977
3831,0x0051dcf2,5364978
3832,0x0051dcf3,5364979
3833,0x0051dcf4,5364980
3834,0x0051dcf5,5364981
3835,0x0051dcf6,5364982
3836,0x0051dcf7,5364983
3837,0x0051dcfa,5364986
3838,0x0051dcfb,5364987
3839,0x0051dcfc,5364988
3840,0x0051dcfd,5364989
3841,0x0051dcfe,5364990
3842,0x0051dcff,5364991
3843,0x0051dd00,5364992
3844,0x0051dd01,5364993
3845,0x0051dd02,5364994
3846,0x0051dd04,5364996
3847,0x0051dd05,5364997
3848,0x0051dd06,5364998
3849,0x0051dd07,5364999
3850,0x0051dd08,5365000
3851,0x0051dd09,5365001
3852,0x0051dd0a,5365002
3853,0x0051dd0b,5365003
3854,0x0051dd0d,5365005
3855,0x0051dd0e,5365006
3856,0x0051dd0f,5365007
3857,0x0051dd10,5365008
3858,0x0051dd11,5365009
3859,0x0051dd12,5365010
3860,0x0051dd13,5365011
3861,0x0051dd14,5365012
3862,0x0051dd15,5365013
3863,0x0051dd17,5365015
3864,0x0051dd18,5365016
3865,0x0051dd19,5365017
3866,0x0051dd1a,5365018
3867,0x0051dd1b,5365019
3868,0x0051dd1c,5365020
3869,0x0051dd1e,5365022
3870,0x0051dd1f,5365023
3871,0x0051dd20,5365024
3872,0x0051dd21,5365025
3873,0x0051dd22,5365026
3874,0x0051dd23,5365027
3875,0x0051dd24,5365028
3876,0x0051dd25,5365029
3877,0x0051dd26,5365030
3878,0x0051dd27,5365031
3879,0x0051dd28,5365032
3880,0x0051dd29,5365033
3881,0x0051dd2a,5365034
3882,0x0051dd2b,5365035
3883,0x0051dd2c,5365036
3884,0x0051dd2d,5365037
3885,0x0051dd2e,5365038
3886,0x0051dd2f,5365039
3887,0x0051dd30,5365040
3888,0x0051dd31,5365041
3889,0x0051dd32,5365042
3890,0x0051dd33,5365043
3891,0x0051dd34,5365044
3892,0x0051dd35,5365045
3893,0x0051dd36,5365046
3894,0x0051dd39,5365049
3895,0x0051dd3a,5365050
3896,0x0051dd3b,5365051
3897,0x0051dd3c,5365052
3898,0x0051dd3e,5365054
3899,0x0051dd3f,5365055
3900,0x0051dd40,5365056
3901,0x0051dd41,5365057
3902,0x0051dd42,5365058
3903,0x0051dd44,5365060
3904,0x0051dd45,5365061
3905,0x0051dd46,5365062
3906,0x0051dd47,5365063
3907,0x0051dd49,5365065
3908,0x0051dd4a,5365066
3909,0x0051dd4b,5365067
3910,0x0051dd4c,5365068
3911,0x0051dd4f,5365071
3912,0x0051dd50,5365072
3913,0x0051dd51,5365073
3914,0x0051dd52,5365074
3915,0x0051dd53,5365075
3916,0x0051dd54,5365076
3917,0x0051dd55,5365077
3918,0x0051dd56,5365078
3919,0x0051dd57,5365079
3920,0x0051dd58,5365080
3921,0x0051dd59,5365081
3922,0x0051dd5a,5365082
3923,0x0051dd5b,5365083
3924,0x0051dd5c,5365084
3925,0x0051dd5d,5365085
3926,0x0051dd5e,5365086
3927,0x0051dd5f,5365087
3928,0x0051dd60,5365088
3929,0x0051dd61,5365089
3930,0x0051dd62,5365090
3931,0x0051dd63,5365091
3932,0x0051dd64,5365092
3933,0x0051dd65,5365093
3934,0x0051dd66,5365094
3935,0x0051dd67,5365095
3936,0x0051dd68,5365096
3937,0x0051dd69,5365097
3938,0x0051dd6a,5365098
3939,0x0051dd6c,5365100
3940,0x0051dd6d,5365101
3941,0x0051dd6e,5365102
3942,0x0051dd6f,5365103
3943,0x0051dd71,5365105
3944,0x0051dd72,5365106
3945,0x0051dd73,5365107
3946,0x0051dd74,5365108
3947,0x0051dd75,5365109
3948,0x0051dd77,5365111
3949,0x0051dd78,5365112
3950,0x0051dd79,5365113
3951,0x0051dd7c,5365116
3952,0x0051dd7d,5365117
3953,0x0051dd7e,5365118
3954,0x0051dd7f,5365119
3955,0x0051dd82,5365122
3956,0x0051dd83,5365123
3957,0x0051dd84,5365124
3958,0x0051dd85,5365125
3959,0x0051dd86,5365126
3960,0x0051dd87,5365127
3961,0x0051dd88,5365128
3962,0x0051dd89,5365129
3963,0x0051dd8a,5365130
3964,0x0051dd8b,5365131
3965,0x0051dd8c,5365132
3966,0x0051dd8d,5365133
3967,0x0051dd8e,5365134
3968,0x0051dd8f,5365135
3969,0x0051dd90,5365136
3970,0x0051dd91,5365137
3971,0x0051dd92,5365138
3972,0x0051dd93,5365139
3973,0x0051dd94,5365140
3974,0x0051dd95,5365141
3975,0x0051dd96,5365142
3976,0x0051dd97,5365143
3977,0x0051dd98,5365144
3978,0x0051dd99,5365145
3979,0x0051dd9a,5365146
3980,0x0051dd9b,5365147
3981,0x0051dd9c,5365148
3982,0x0051dd9d,5365149
3983,0x0051dda1,5365153
3984,0x0051dda2,5365154
3985,0x0051dda3,5365155
3986,0x0051dda4,5365156
3987,0x0051dda5,5365157
3988,0x0051dda6,5365158
3989,0x0051dda7,5365159
3990,0x0051dda8,5365160
3991,0x0051dda9,5365161
3992,0x0051ddac,5365164
3993,0x0051ddad,5365165
3994,0x0051ddae,5365166
3995,0x0051ddb0,5365168
3996,0x0051ddb1,5365169
3997,0x0051ddb2,5365170
3998,0x0051ddb3,5365171
3999,0x0051ddb6,5365174
4000,0x0051ddb7,5365175
4001,0x0051ddb8,5365176
4002,0x0051ddb9,5365177
4003,0x0051ddba,5365178
4004,0x0051ddbb,5365179
4005,0x0051ddbc,5365180
4006,0x0051ddbd,5365181
4007,0x0051ddbe,5365182
4008,0x0051ddbf,5365183
4009,0x0051ddc0,5365184
4010,0x0051ddc1,5365185
4011,0x0051ddc4,5365188
4012,0x0051ddc5,5365189
4013,0x0051ddc6,5365190
4014,0x0051ddc7,5365191
4015,0x0051ddc8,5365192
4016,0x0051ddc9,5365193
4017,0x0051ddca,5365194
4018,0x0051ddcb,5365195
4019,0x0051ddcc,5365196
4020,0x0051ddcd,5365197
4021,0x0051ddce,5365198
4022,0x0051ddcf,5365199
4023,0x0051ddd0,5365200
4024,0x0051ddd2,5365202
4025,0x0051ddd4,5365204
4026,0x0051ddd5,5365205
4027,0x0051ddd6,5365206
4028,0x0051ddd7,5365207
4029,0x0051ddd8,5365208
4030,0x0051ddd9,5365209
4031,0x0051ddda,5365210
4032,0x0051dddb,5365211
4033,0x0051dde0,5365216
4034,0x0051dde1,5365217
4035,0x0051dde2,5365218
4036,0x0051dde3,5365219
4037,0x0051dde4,5365220
4038,0x0051dde5,5365221
4039,0x0051dde6,5365222
4040,0x0051dde7,5365223
4041,0x0051ddea,5365226
4042,0x0051ddeb,5365227
4043,0x0051ddec,5365228
4044,0x0051dded,5365229
4045,0x0051ddee,5365230
4046,0x0051ddf0,5365232
4047,0x0051ddf1,5365233
4048,0x0051ddf2,5365234
4049,0x0051ddf3,5365235
4050,0x0051ddf4,5365236
4051,0x0051ddf5,5365237
4052,0x0051ddf6,5365238
4053,0x0051ddf7,5365239
4054,0x0051ddf8,5365240
4055,0x0051ddf9,5365241
4056,0x0051ddfa,5365242
4057,0x0051ddfc,5365244
4058,0x0051ddfd,5365245
4059,0x0051ddfe,5365246
4060,0x0051ddff,5365247
4061,0x0051de00,5365248
4062,0x0051de01,5365249
4063,0x0051de02,5365250
4064,0x0051de03,5365251
4065,0x0051de04,5365252
4066,0x0051de05,5365253
4067,0x0051de06,5365254
4068,0x0051de07,5365255
4069,0x0051de08,5365256
4070,0x0051de09,5365257
4071,0x0051de0a,5365258
4072,0x0051de0d,5365261
4073,0x0051de0e,5365262
4074,0x0051de0f,5365263
4075,0x0051de10,5365264
4076,0x0051de11,5365265
4077,0x0051de12,5365266
4078,0x0051de13,5365267
4079,0x0051de14,5365268
4080,0x0051de16,5365270
4081,0x0051de17,5365271
4082,0x0051de19,5365273
4083,0x0051de1a,5365274
4084,0x0051de1b,5365275
4085,0x0051de1e,5365278
4086,0x0051de1f,5365279
4087,0x0051de20,5365280
4088,0x0051de21,5365281
4089,0x0051de24,5365284
4090,0x0051de25,5365285
4091,0x0051de26,5365286
4092,0x0051de27,5365287
4093,0x0051de28,5365288
4094,0x0051de29,5365289
4095,0x0051de2a,5365290
