0,0x0000003c,60
1,0x0000003c,60
2,0x0000003c,60
3,0x0000003c,60
4,0x0000005a,90
5,0x0000004e,78
6,0x0000005a,90
7,0x0000005a,90
8,0x00000046,70
9,0x0000005a,90
10,0x00000046,70
11,0x00000046,70
12,0x0000003c,60
13,0x0000003c,60
14,0x0000003c,60
15,0x0000003c,60
16,0x0000003c,60
17,0x0000003c,60
18,0x0000003c,60
19,0x0000003c,60
20,0x0000003c,60
21,0x0000003c,60
22,0x0000003c,60
23,0x0000003c,60
24,0x0000003c,60
25,0x0000003c,60
26,0x0000003c,60
27,0x0000003c,60
28,0x0000003c,60
29,0x0000003c,60
30,0x0000003c,60
31,0x0000003c,60
32,0x0000003c,60
33,0x0000003c,60
34,0x0000003c,60
35,0x0000003c,60
36,0x0000003c,60
37,0x0000003c,60
38,0x0000003c,60
39,0x0000003c,60
40,0x0000003c,60
41,0x0000003c,60
42,0x0000003c,60
43,0x0000003c,60
44,0x0000003c,60
45,0x0000003c,60
46,0x0000003c,60
47,0x0000003c,60
48,0x0000003c,60
49,0x0000003c,60
50,0x0000003c,60
51,0x0000003c,60
52,0x0000003c,60
53,0x0000003c,60
54,0x0000003c,60
55,0x0000003c,60
56,0x0000003c,60
57,0x0000003c,60
58,0x0000003c,60
59,0x0000003c,60
60,0x0000003c,60
61,0x0000003c,60
62,0x0000003c,60
63,0x0000003c,60
64,0x0000003c,60
65,0x00000078,120
66,0x0000003c,60
67,0x0000003c,60
68,0x0000003c,60
69,0x0000003c,60
70,0x0000003c,60
71,0x0000003c,60
72,0x0000003c,60
73,0x0000003c,60
74,0x0000003c,60
75,0x0000003c,60
76,0x0000003c,60
77,0x0000003c,60
78,0x0000003c,60
79,0x0000003c,60
80,0x0000003c,60
81,0x0000003c,60
82,0x0000003c,60
83,0x0000003c,60
84,0x0000003c,60
85,0x0000003c,60
86,0x0000003c,60
87,0x0000003c,60
88,0x0000003c,60
89,0x0000003c,60
90,0x0000003c,60
91,0x0000003c,60
92,0x0000003c,60
93,0x0000003c,60
94,0x0000003c,60
95,0x0000003c,60
96,0x0000003c,60
97,0x0000003c,60
98,0x0000003c,60
99,0x0000003c,60
100,0x0000003c,60
101,0x0000003c,60
102,0x0000003c,60
103,0x0000003c,60
104,0x0000003c,60
105,0x0000003c,60
106,0x0000003c,60
107,0x0000003c,60
108,0x0000003c,60
109,0x0000003c,60
110,0x0000003c,60
111,0x0000003c,60
112,0x0000003c,60
113,0x0000003c,60
114,0x0000003c,60
115,0x0000003c,60
116,0x0000003c,60
117,0x0000003c,60
118,0x0000003c,60
119,0x0000003c,60
120,0x0000003c,60
121,0x0000003c,60
122,0x0000003c,60
123,0x0000003c,60
124,0x0000003c,60
125,0x0000003c,60
126,0x0000003c,60
127,0x0000003c,60
128,0x0000003c,60
129,0x0000003c,60
130,0x0000003c,60
131,0x0000003c,60
132,0x0000003c,60
133,0x0000003c,60
134,0x0000003c,60
135,0x0000003c,60
136,0x0000003c,60
137,0x0000003c,60
138,0x0000003c,60
139,0x0000003c,60
140,0x0000003c,60
141,0x0000003c,60
142,0x0000003c,60
143,0x0000003c,60
144,0x0000003c,60
145,0x0000003c,60
146,0x0000003c,60
147,0x0000003c,60
148,0x0000003c,60
149,0x0000003c,60
150,0x0000003c,60
151,0x0000003c,60
152,0x0000003c,60
153,0x0000003c,60
154,0x0000003c,60
155,0x0000003c,60
156,0x0000003c,60
157,0x0000003c,60
158,0x0000003c,60
159,0x0000003c,60
160,0x0000003c,60
161,0x0000003c,60
162,0x0000003c,60
163,0x0000003c,60
164,0x0000003c,60
165,0x0000003c,60
166,0x0000003c,60
167,0x0000003c,60
168,0x0000003c,60
169,0x0000003c,60
170,0x0000003c,60
171,0x0000003c,60
172,0x0000003c,60
173,0x0000003c,60
174,0x0000003c,60
175,0x0000003c,60
176,0x0000003c,60
177,0x0000003c,60
178,0x0000003c,60
179,0x0000003c,60
180,0x0000003c,60
181,0x0000003c,60
182,0x0000003c,60
183,0x0000003c,60
184,0x0000003c,60
185,0x0000003c,60
186,0x0000003c,60
187,0x0000003c,60
188,0x0000003c,60
189,0x0000003c,60
190,0x0000003c,60
191,0x0000003c,60
192,0x0000003c,60
193,0x0000003c,60
194,0x0000003c,60
195,0x0000003c,60
196,0x0000003c,60
197,0x0000003c,60
198,0x0000003c,60
199,0x0000003c,60
200,0x0000003c,60
201,0x0000003c,60
202,0x0000003c,60
203,0x0000003c,60
204,0x0000003c,60
205,0x0000003c,60
206,0x0000003c,60
207,0x0000003c,60
208,0x0000003c,60
209,0x0000003c,60
210,0x0000003c,60
211,0x0000003c,60
212,0x0000003c,60
213,0x0000003c,60
214,0x0000003c,60
215,0x0000003c,60
216,0x0000003c,60
217,0x0000003c,60
218,0x0000003c,60
219,0x0000003c,60
220,0x0000003c,60
221,0x0000003c,60
222,0x0000003c,60
223,0x0000003c,60
224,0x0000003c,60
225,0x0000003c,60
226,0x0000003c,60
227,0x0000003c,60
228,0x0000003c,60
229,0x0000003c,60
230,0x0000003c,60
231,0x0000003c,60
232,0x0000003c,60
233,0x0000003c,60
234,0x0000003c,60
235,0x0000003c,60
236,0x0000003c,60
237,0x0000003c,60
238,0x0000003c,60
239,0x0000003c,60
240,0x0000003c,60
241,0x0000003c,60
242,0x0000003c,60
243,0x0000003c,60
244,0x0000003c,60
245,0x0000003c,60
246,0x0000003c,60
247,0x0000003c,60
248,0x0000003c,60
249,0x0000003c,60
250,0x0000003c,60
251,0x0000003c,60
252,0x0000003c,60
253,0x0000003c,60
254,0x0000003c,60
255,0x0000003c,60
256,0x0000003c,60
257,0x0000003c,60
258,0x0000003c,60
259,0x0000003c,60
260,0x0000003c,60
261,0x0000003c,60
262,0x0000003c,60
263,0x0000003c,60
264,0x0000003c,60
265,0x0000003c,60
266,0x0000003c,60
267,0x0000003c,60
268,0x0000003c,60
269,0x0000003c,60
270,0x0000003c,60
271,0x0000003c,60
272,0x0000003c,60
273,0x0000003c,60
274,0x0000003c,60
275,0x0000003c,60
276,0x0000003c,60
277,0x0000003c,60
278,0x0000003c,60
279,0x0000003c,60
280,0x0000003c,60
281,0x0000003c,60
282,0x0000003c,60
283,0x0000003c,60
284,0x0000003c,60
285,0x0000003c,60
286,0x0000003c,60
287,0x0000003c,60
288,0x0000003c,60
289,0x0000003c,60
290,0x0000003c,60
291,0x0000003c,60
292,0x0000003c,60
293,0x0000003c,60
294,0x0000003c,60
295,0x0000003c,60
296,0x0000003c,60
297,0x0000003c,60
298,0x0000003c,60
299,0x0000003c,60
300,0x0000003c,60
301,0x0000003c,60
302,0x0000003c,60
303,0x0000003c,60
304,0x0000003c,60
305,0x0000003c,60
306,0x0000003c,60
307,0x0000003c,60
308,0x0000003c,60
309,0x0000003c,60
310,0x0000003c,60
311,0x0000003c,60
312,0x0000003c,60
313,0x0000003c,60
314,0x0000003c,60
315,0x0000003c,60
316,0x0000003c,60
317,0x0000003c,60
318,0x0000003c,60
319,0x0000003c,60
320,0x0000003c,60
321,0x0000003c,60
322,0x0000003c,60
323,0x0000003c,60
324,0x0000003c,60
325,0x0000003c,60
326,0x0000003c,60
327,0x0000003c,60
328,0x0000003c,60
329,0x0000003c,60
330,0x0000003c,60
331,0x0000003c,60
332,0x0000003c,60
333,0x0000003c,60
334,0x0000003c,60
335,0x0000003c,60
336,0x0000003c,60
337,0x0000003c,60
338,0x0000003c,60
339,0x0000003c,60
340,0x0000003c,60
341,0x0000003c,60
342,0x0000003c,60
343,0x0000003c,60
344,0x0000003c,60
345,0x0000003c,60
346,0x0000003c,60
347,0x0000003c,60
348,0x0000003c,60
349,0x0000003c,60
350,0x0000003c,60
351,0x0000003c,60
352,0x0000003c,60
353,0x0000003c,60
354,0x0000003c,60
355,0x0000003c,60
356,0x0000003c,60
357,0x0000003c,60
358,0x0000003c,60
359,0x0000003c,60
360,0x0000003c,60
361,0x0000003c,60
362,0x0000003c,60
363,0x0000003c,60
364,0x0000003c,60
365,0x0000003c,60
366,0x0000003c,60
367,0x0000003c,60
368,0x0000003c,60
369,0x0000003c,60
370,0x0000003c,60
371,0x0000003c,60
372,0x0000003c,60
373,0x0000003c,60
374,0x0000003c,60
375,0x0000003c,60
376,0x0000003c,60
377,0x0000003c,60
378,0x0000003c,60
379,0x0000003c,60
380,0x0000003c,60
381,0x0000003c,60
382,0x0000003c,60
383,0x0000003c,60
384,0x0000003c,60
385,0x0000003c,60
386,0x0000003c,60
387,0x0000003c,60
388,0x0000003c,60
389,0x0000003c,60
390,0x0000003c,60
391,0x0000003c,60
392,0x0000003c,60
393,0x0000003c,60
394,0x0000003c,60
395,0x0000003c,60
396,0x0000003c,60
397,0x0000003c,60
398,0x0000003c,60
399,0x0000003c,60
400,0x0000003c,60
401,0x0000003c,60
402,0x0000003c,60
403,0x0000003c,60
404,0x0000003c,60
405,0x0000003c,60
406,0x0000003c,60
407,0x0000003c,60
408,0x0000003c,60
409,0x0000003c,60
410,0x0000003c,60
411,0x0000003c,60
412,0x0000003c,60
413,0x0000003c,60
414,0x0000003c,60
415,0x0000003c,60
416,0x0000003c,60
417,0x0000003c,60
418,0x0000003c,60
419,0x0000003c,60
420,0x0000003c,60
421,0x0000003c,60
422,0x0000003c,60
423,0x0000003c,60
424,0x0000003c,60
425,0x0000003c,60
426,0x0000003c,60
427,0x0000003c,60
428,0x0000003c,60
429,0x0000003c,60
430,0x0000003c,60
431,0x0000003c,60
432,0x0000003c,60
433,0x0000003c,60
434,0x0000003c,60
435,0x0000003c,60
436,0x0000003c,60
437,0x0000003c,60
438,0x0000003c,60
439,0x0000003c,60
440,0x0000003c,60
441,0x0000003c,60
442,0x0000003c,60
443,0x0000003c,60
444,0x0000003c,60
445,0x0000003c,60
446,0x0000003c,60
447,0x0000003c,60
448,0x0000003c,60
449,0x0000003c,60
450,0x0000003c,60
451,0x0000003c,60
452,0x0000003c,60
453,0x0000003c,60
454,0x0000003c,60
455,0x0000003c,60
456,0x0000003c,60
457,0x0000003c,60
458,0x0000003c,60
459,0x0000003c,60
460,0x0000003c,60
461,0x0000003c,60
462,0x0000003c,60
463,0x0000003c,60
464,0x0000003c,60
465,0x0000003c,60
466,0x0000003c,60
467,0x0000003c,60
468,0x0000003c,60
469,0x0000003c,60
470,0x0000003c,60
471,0x0000003c,60
472,0x0000003c,60
473,0x0000003c,60
474,0x0000003c,60
475,0x0000003c,60
476,0x0000003c,60
477,0x0000003c,60
478,0x0000003c,60
479,0x0000003c,60
480,0x0000003c,60
481,0x0000003c,60
482,0x0000003c,60
483,0x0000003c,60
484,0x0000003c,60
485,0x0000003c,60
486,0x0000003c,60
487,0x0000003c,60
488,0x0000003c,60
489,0x0000003c,60
490,0x0000003c,60
491,0x0000003c,60
492,0x0000003c,60
493,0x0000003c,60
494,0x0000003c,60
495,0x0000003c,60
496,0x0000003c,60
497,0x0000003c,60
498,0x0000003c,60
499,0x0000003c,60
500,0x0000003c,60
501,0x0000003c,60
502,0x0000003c,60
503,0x0000003c,60
504,0x0000003c,60
505,0x0000003c,60
506,0x0000003c,60
507,0x0000003c,60
508,0x0000003c,60
509,0x0000003c,60
510,0x0000003c,60
511,0x0000003c,60
512,0x0000003c,60
513,0x0000003c,60
514,0x0000003c,60
515,0x0000003c,60
516,0x0000003c,60
517,0x0000003c,60
518,0x0000003c,60
519,0x0000003c,60
520,0x0000003c,60
521,0x0000003c,60
522,0x0000003c,60
523,0x0000003c,60
524,0x0000003c,60
525,0x0000003c,60
526,0x0000003c,60
527,0x0000003c,60
528,0x0000003c,60
529,0x0000003c,60
530,0x0000003c,60
531,0x0000003c,60
532,0x0000003c,60
533,0x0000003c,60
534,0x0000003c,60
535,0x0000003c,60
536,0x0000003c,60
537,0x0000003c,60
538,0x0000003c,60
539,0x0000003c,60
540,0x0000003c,60
541,0x0000003c,60
542,0x0000003c,60
543,0x0000003c,60
544,0x0000003c,60
545,0x0000003c,60
546,0x0000003c,60
547,0x0000003c,60
548,0x0000003c,60
549,0x0000003c,60
550,0x0000003c,60
551,0x0000003c,60
552,0x0000003c,60
553,0x0000003c,60
554,0x0000003c,60
555,0x0000003c,60
556,0x0000003c,60
557,0x0000003c,60
558,0x0000003c,60
559,0x0000003c,60
560,0x0000003c,60
561,0x0000003c,60
562,0x0000003c,60
563,0x0000003c,60
564,0x0000003c,60
565,0x0000003c,60
566,0x0000003c,60
567,0x0000003c,60
568,0x0000003c,60
569,0x0000003c,60
570,0x0000003c,60
571,0x0000003c,60
572,0x0000003c,60
573,0x0000003c,60
574,0x0000003c,60
575,0x0000003c,60
576,0x0000003c,60
577,0x0000003c,60
578,0x0000003c,60
579,0x0000003c,60
580,0x0000003c,60
581,0x0000003c,60
582,0x0000003c,60
583,0x0000003c,60
584,0x0000003c,60
585,0x0000003c,60
586,0x0000003c,60
587,0x0000003c,60
588,0x0000003c,60
589,0x0000003c,60
590,0x0000003c,60
591,0x0000003c,60
592,0x0000003c,60
593,0x0000003c,60
594,0x0000003c,60
595,0x0000003c,60
596,0x0000003c,60
597,0x0000003c,60
598,0x0000003c,60
599,0x0000003c,60
600,0x0000003c,60
601,0x0000003c,60
602,0x0000003c,60
603,0x0000003c,60
604,0x0000003c,60
605,0x0000003c,60
606,0x0000003c,60
607,0x0000003c,60
608,0x0000003c,60
609,0x0000003c,60
610,0x0000003c,60
611,0x0000003c,60
612,0x0000003c,60
613,0x0000003c,60
614,0x0000003c,60
615,0x0000003c,60
616,0x0000003c,60
617,0x0000003c,60
618,0x0000003c,60
619,0x0000003c,60
620,0x0000003c,60
621,0x0000003c,60
622,0x0000003c,60
623,0x0000003c,60
624,0x0000003c,60
625,0x0000003c,60
626,0x0000003c,60
627,0x0000003c,60
628,0x0000003c,60
629,0x0000003c,60
630,0x0000003c,60
631,0x0000003c,60
632,0x0000003c,60
633,0x0000003c,60
634,0x0000003c,60
635,0x0000003c,60
636,0x0000003c,60
637,0x0000003c,60
638,0x0000003c,60
639,0x0000003c,60
640,0x0000003c,60
641,0x0000003c,60
642,0x0000003c,60
643,0x0000003c,60
644,0x0000003c,60
645,0x0000003c,60
646,0x0000003c,60
647,0x0000003c,60
648,0x0000003c,60
649,0x0000003c,60
650,0x0000003c,60
651,0x0000003c,60
652,0x0000003c,60
653,0x0000003c,60
654,0x0000003c,60
655,0x0000003c,60
656,0x0000003c,60
657,0x0000003c,60
658,0x0000003c,60
659,0x0000003c,60
660,0x0000003c,60
661,0x0000003c,60
662,0x0000003c,60
663,0x0000003c,60
664,0x0000003c,60
665,0x0000003c,60
666,0x0000003c,60
667,0x0000003c,60
668,0x0000003c,60
669,0x0000003c,60
670,0x0000003c,60
671,0x0000003c,60
672,0x0000003c,60
673,0x0000003c,60
674,0x0000003c,60
675,0x0000003c,60
676,0x0000003c,60
677,0x0000003c,60
678,0x0000003c,60
679,0x0000003c,60
680,0x0000003c,60
681,0x0000003c,60
682,0x0000003c,60
683,0x0000003c,60
684,0x0000003c,60
685,0x0000003c,60
686,0x0000003c,60
687,0x0000003c,60
688,0x0000003c,60
689,0x0000003c,60
690,0x0000003c,60
691,0x0000003c,60
692,0x0000003c,60
693,0x0000003c,60
694,0x0000003c,60
695,0x0000003c,60
696,0x0000003c,60
697,0x0000003c,60
698,0x0000003c,60
699,0x0000003c,60
700,0x0000003c,60
701,0x0000003c,60
702,0x0000003c,60
703,0x0000003c,60
704,0x0000003c,60
705,0x0000003c,60
706,0x0000003c,60
707,0x0000003c,60
708,0x0000003c,60
709,0x0000003c,60
710,0x0000003c,60
711,0x0000003c,60
712,0x0000003c,60
713,0x0000003c,60
714,0x0000003c,60
715,0x0000003c,60
716,0x0000003c,60
717,0x0000003c,60
718,0x0000003c,60
719,0x0000003c,60
720,0x0000003c,60
721,0x0000003c,60
722,0x0000003c,60
723,0x0000003c,60
724,0x0000003c,60
725,0x0000003c,60
726,0x0000003c,60
727,0x0000003c,60
728,0x0000003c,60
729,0x0000003c,60
730,0x0000003c,60
731,0x0000003c,60
732,0x0000003c,60
733,0x0000003c,60
734,0x0000003c,60
735,0x0000003c,60
736,0x0000003c,60
737,0x0000003c,60
738,0x0000003c,60
739,0x0000003c,60
740,0x0000003c,60
741,0x0000003c,60
742,0x0000003c,60
743,0x0000003c,60
744,0x0000003c,60
745,0x0000003c,60
746,0x0000003c,60
747,0x0000003c,60
748,0x0000003c,60
749,0x0000003c,60
750,0x0000003c,60
751,0x0000003c,60
752,0x0000003c,60
753,0x0000003c,60
754,0x0000003c,60
755,0x0000003c,60
756,0x0000003c,60
757,0x0000003c,60
758,0x0000003c,60
759,0x0000003c,60
760,0x0000003c,60
761,0x0000003c,60
762,0x0000003c,60
763,0x0000003c,60
764,0x0000003c,60
765,0x0000003c,60
766,0x0000003c,60
767,0x0000003c,60
768,0x0000003c,60
769,0x0000003c,60
770,0x0000003c,60
771,0x0000003c,60
772,0x0000003c,60
773,0x0000003c,60
774,0x0000003c,60
775,0x0000003c,60
776,0x0000003c,60
777,0x0000003c,60
778,0x0000003c,60
779,0x0000003c,60
780,0x0000003c,60
781,0x0000003c,60
782,0x0000003c,60
783,0x0000003c,60
784,0x0000003c,60
785,0x0000003c,60
786,0x0000003c,60
787,0x0000003c,60
788,0x0000003c,60
789,0x0000003c,60
790,0x0000003c,60
791,0x0000003c,60
792,0x0000003c,60
793,0x0000003c,60
794,0x0000003c,60
795,0x0000003c,60
796,0x0000003c,60
797,0x0000003c,60
798,0x0000003c,60
799,0x0000003c,60
800,0x0000003c,60
801,0x0000003c,60
802,0x0000003c,60
803,0x0000004a,74
804,0x00000042,66
805,0x00000081,129
806,0x00000069,105
807,0x0000017a,378
808,0x00000042,66
809,0x00000074,116
810,0x00000084,132
811,0x00000086,134
812,0x00000042,66
813,0x000000fb,251
814,0x0000018c,396
815,0x00000074,116
816,0x00000074,116
817,0x0000003c,60
818,0x0000003c,60
819,0x0000003c,60
820,0x0000003c,60
821,0x0000003c,60
822,0x0000003c,60
823,0x0000003c,60
824,0x00000071,113
825,0x00000105,261
826,0x00000042,66
827,0x00000074,116
828,0x00000084,132
829,0x00000086,134
830,0x00000042,66
831,0x00000164,356
832,0x000000e1,225
833,0x00000074,116
834,0x00000074,116
835,0x0000003c,60
836,0x0000003c,60
837,0x0000003c,60
838,0x0000003c,60
839,0x0000003c,60
840,0x0000003c,60
841,0x00000071,113
842,0x00000105,261
843,0x00000042,66
844,0x00000074,116
845,0x00000084,132
846,0x00000086,134
847,0x00000042,66
848,0x000000ed,237
849,0x00000116,278
850,0x00000074,116
851,0x00000074,116
852,0x0000003c,60
853,0x0000003c,60
854,0x0000003c,60
855,0x0000003c,60
856,0x0000003c,60
857,0x00000071,113
858,0x00000105,261
859,0x00000042,66
860,0x00000074,116
861,0x0000003c,60
862,0x00000084,132
863,0x00000086,134
864,0x00000042,66
865,0x000000ed,237
866,0x00000116,278
867,0x00000074,116
868,0x00000074,116
869,0x0000003c,60
870,0x0000003c,60
871,0x0000003c,60
872,0x0000003c,60
873,0x0000003c,60
874,0x0000003c,60
875,0x00000071,113
876,0x00000105,261
877,0x00000042,66
878,0x00000074,116
879,0x00000084,132
880,0x00000086,134
881,0x00000042,66
882,0x000000fb,251
883,0x00000123,291
884,0x00000069,105
885,0x00000074,116
886,0x00000074,116
887,0x0000003c,60
888,0x0000004a,74
889,0x00000042,66
890,0x00000081,129
891,0x000001e3,483
892,0x00000042,66
893,0x00000074,116
894,0x00000042,66
895,0x00000086,134
896,0x00000042,66
897,0x000000c6,198
898,0x00000076,118
899,0x00000158,344
900,0x00000074,116
901,0x00000074,116
902,0x0000003c,60
903,0x0000003c,60
904,0x0000003c,60
905,0x0000003c,60
906,0x0000003c,60
907,0x00000176,374
908,0x00000042,66
909,0x00000074,116
910,0x00000084,132
911,0x00000086,134
912,0x00000042,66
913,0x000000ed,237
914,0x00000158,344
915,0x00000074,116
916,0x00000074,116
917,0x0000003c,60
918,0x00000071,113
919,0x00000105,261
920,0x00000042,66
921,0x00000074,116
922,0x00000042,66
923,0x00000086,134
924,0x00000042,66
925,0x00000084,132
926,0x000000e0,224
927,0x000000e1,225
928,0x00000074,116
929,0x00000074,116
930,0x0000003c,60
931,0x0000003c,60
932,0x0000003c,60
933,0x0000004a,74
934,0x00000081,129
935,0x00000084,132
936,0x00000069,105
937,0x0000017a,378
938,0x00000074,116
939,0x00000084,132
940,0x00000086,134
941,0x00000042,66
942,0x00000084,132
943,0x0000013d,317
944,0x00000074,116
945,0x00000074,116
946,0x0000003c,60
947,0x00000071,113
948,0x00000105,261
949,0x00000042,66
950,0x00000074,116
951,0x00000084,132
952,0x00000086,134
953,0x00000042,66
954,0x00000042,66
955,0x000001ce,462
956,0x00000077,119
957,0x00000074,116
958,0x00000074,116
959,0x0000003c,60
960,0x00000071,113
961,0x00000105,261
962,0x00000042,66
963,0x00000074,116
964,0x00000042,66
965,0x00000093,147
966,0x00000042,66
967,0x00000084,132
968,0x00000157,343
969,0x000000ac,172
970,0x00000074,116
971,0x00000074,116
972,0x0000003c,60
973,0x0000003c,60
974,0x0000003c,60
975,0x00000071,113
976,0x00000105,261
977,0x00000042,66
978,0x00000074,116
979,0x00000084,132
980,0x00000086,134
981,0x00000042,66
982,0x000000ed,237
983,0x00000116,278
984,0x00000074,116
985,0x00000074,116
986,0x0000003c,60
987,0x00000071,113
988,0x00000105,261
989,0x00000042,66
990,0x00000074,116
991,0x00000084,132
992,0x00000086,134
993,0x00000042,66
994,0x00000084,132
995,0x000000e0,224
996,0x000000e1,225
997,0x00000074,116
998,0x00000074,116
999,0x0000003c,60
1000,0x00000071,113
1001,0x00000105,261
1002,0x00000042,66
1003,0x00000074,116
1004,0x00000042,66
1005,0x00000086,134
1006,0x00000042,66
1007,0x000000ed,237
1008,0x00000158,344
1009,0x00000074,116
1010,0x00000074,116
1011,0x0000003c,60
1012,0x0000003c,60
1013,0x0000003c,60
1014,0x00000071,113
1015,0x00000105,261
1016,0x00000042,66
1017,0x00000074,116
1018,0x00000042,66
1019,0x00000042,66
1020,0x00000086,134
1021,0x00000042,66
1022,0x00000042,66
1023,0x00000084,132
1024,0x0000017f,383
1025,0x00000074,116
1026,0x00000074,116
1027,0x0000003c,60
1028,0x00000071,113
1029,0x00000105,261
1030,0x00000042,66
1031,0x00000074,116
1032,0x00000042,66
1033,0x00000086,134
1034,0x00000042,66
1035,0x00000076,118
1036,0x000001a7,423
1037,0x00000077,119
1038,0x00000074,116
1039,0x00000074,116
1040,0x0000003c,60
1041,0x00000071,113
1042,0x00000105,261
1043,0x00000042,66
1044,0x00000074,116
1045,0x00000042,66
1046,0x00000086,134
1047,0x00000042,66
1048,0x00000042,66
1049,0x000001c1,449
1050,0x00000074,116
1051,0x00000074,116
1052,0x0000003c,60
1053,0x0000003c,60
1054,0x0000003c,60
1055,0x00000071,113
1056,0x00000105,261
1057,0x00000042,66
1058,0x00000074,116
1059,0x00000084,132
1060,0x00000086,134
1061,0x00000042,66
1062,0x00000084,132
1063,0x0000013d,317
1064,0x00000074,116
1065,0x00000074,116
1066,0x0000003c,60
1067,0x00000071,113
1068,0x00000105,261
1069,0x00000042,66
1070,0x00000074,116
1071,0x00000042,66
1072,0x00000086,134
1073,0x00000042,66
1074,0x00000084,132
1075,0x00000157,343
1076,0x000000ac,172
1077,0x00000074,116
1078,0x00000074,116
1079,0x0000003c,60
1080,0x0000004a,74
1081,0x00000081,129
1082,0x0000009e,158
1083,0x00000187,391
1084,0x00000042,66
1085,0x00000074,116
1086,0x00000071,113
1087,0x00000105,261
1088,0x00000042,66
1089,0x00000074,116
1090,0x00000042,66
1091,0x00000086,134
1092,0x00000042,66
1093,0x00000157,343
1094,0x000000ac,172
1095,0x00000074,116
1096,0x00000084,132
1097,0x00000074,116
1098,0x00000086,134
1099,0x00000042,66
1100,0x000000fb,251
1101,0x000000ed,237
1102,0x000000ee,238
1103,0x00000074,116
1104,0x00000074,116
1105,0x0000003c,60
1106,0x0000003c,60
1107,0x0000003c,60
1108,0x0000003c,60
1109,0x00000071,113
1110,0x00000105,261
1111,0x0000003c,60
1112,0x0000007e,126
1113,0x00000074,116
1114,0x00000084,132
1115,0x00000093,147
1116,0x000000b8,184
1117,0x000001a7,423
1118,0x00000084,132
1119,0x00000074,116
1120,0x00000074,116
1121,0x00000176,374
1122,0x00000042,66
1123,0x00000074,116
1124,0x0000003c,60
1125,0x00000042,66
1126,0x00000086,134
1127,0x00000042,66
1128,0x00000084,132
1129,0x0000013d,317
1130,0x00000074,116
1131,0x00000074,116
1132,0x00000176,374
1133,0x00000042,66
1134,0x00000074,116
1135,0x00000071,113
1136,0x00000105,261
1137,0x00000042,66
1138,0x00000042,66
1139,0x00000074,116
1140,0x00000086,134
1141,0x00000042,66
1142,0x00000084,132
1143,0x0000018c,396
1144,0x00000074,116
1145,0x00000074,116
1146,0x00000084,132
1147,0x00000086,134
1148,0x00000042,66
1149,0x00000245,581
1150,0x00000074,116
1151,0x00000074,116
1152,0x0000003c,60
1153,0x0000003c,60
1154,0x0000003c,60
1155,0x0000003c,60
1156,0x0000003c,60
1157,0x00000071,113
1158,0x00000105,261
1159,0x00000042,66
1160,0x00000074,116
1161,0x00000084,132
1162,0x00000086,134
1163,0x00000042,66
1164,0x00000084,132
1165,0x0000013d,317
1166,0x00000074,116
1167,0x00000074,116
1168,0x0000003c,60
1169,0x00000071,113
1170,0x00000105,261
1171,0x000000b6,182
1172,0x00000042,66
1173,0x00000086,134
1174,0x00000042,66
1175,0x000000ed,237
1176,0x00000084,132
1177,0x000000e1,225
1178,0x00000074,116
1179,0x00000074,116
1180,0x00000071,113
1181,0x00000105,261
1182,0x00000042,66
1183,0x00000074,116
1184,0x00000071,113
1185,0x00000105,261
1186,0x00000042,66
1187,0x00000086,134
1188,0x00000042,66
1189,0x00000074,116
1190,0x00000076,118
1191,0x00000042,66
1192,0x000000fb,251
1193,0x000000e1,225
1194,0x00000074,116
1195,0x00000074,116
1196,0x00000084,132
1197,0x00000086,134
1198,0x00000042,66
1199,0x00000245,581
1200,0x00000074,116
1201,0x00000074,116
1202,0x0000003c,60
1203,0x0000003c,60
1204,0x0000003c,60
1205,0x0000003c,60
1206,0x0000003c,60
1207,0x00000071,113
1208,0x00000105,261
1209,0x00000042,66
1210,0x00000074,116
1211,0x00000084,132
1212,0x00000086,134
1213,0x00000042,66
1214,0x00000084,132
1215,0x000000ed,237
1216,0x000000e1,225
1217,0x00000074,116
1218,0x00000074,116
1219,0x0000003c,60
1220,0x00000123,291
1221,0x00000042,66
1222,0x00000074,116
1223,0x00000042,66
1224,0x00000086,134
1225,0x00000042,66
1226,0x00000084,132
1227,0x0000017f,383
1228,0x00000074,116
1229,0x00000074,116
1230,0x00000176,374
1231,0x00000042,66
1232,0x00000074,116
1233,0x00000071,113
1234,0x00000105,261
1235,0x00000042,66
1236,0x00000086,134
1237,0x00000042,66
1238,0x000001c1,449
1239,0x00000074,116
1240,0x00000042,66
1241,0x000000e8,232
1242,0x00000084,132
1243,0x00000086,134
1244,0x00000042,66
1245,0x000001db,475
1246,0x00000077,119
1247,0x00000074,116
1248,0x00000074,116
1249,0x0000003c,60
1250,0x0000003c,60
1251,0x0000003c,60
1252,0x0000003c,60
1253,0x00000071,113
1254,0x00000105,261
1255,0x00000042,66
1256,0x00000074,116
1257,0x00000084,132
1258,0x00000086,134
1259,0x00000042,66
1260,0x00000042,66
1261,0x0000017f,383
1262,0x00000074,116
1263,0x00000074,116
1264,0x0000003c,60
1265,0x0000003c,60
1266,0x00000071,113
1267,0x00000105,261
1268,0x00000042,66
1269,0x00000074,116
1270,0x00000042,66
1271,0x00000086,134
1272,0x00000042,66
1273,0x00000203,515
1274,0x00000074,116
1275,0x00000074,116
1276,0x00000071,113
1277,0x00000105,261
1278,0x00000042,66
1279,0x00000074,116
1280,0x00000071,113
1281,0x00000105,261
1282,0x00000042,66
1283,0x00000086,134
1284,0x00000042,66
1285,0x00000203,515
1286,0x00000074,116
1287,0x00000074,116
1288,0x00000042,66
1289,0x00000074,116
1290,0x00000084,132
1291,0x00000093,147
1292,0x00000042,66
1293,0x00000084,132
1294,0x0000017f,383
1295,0x00000074,116
1296,0x00000074,116
1297,0x0000003c,60
1298,0x0000004a,74
1299,0x00000042,66
1300,0x000000ea,234
1301,0x0000017a,378
1302,0x0000003c,60
1303,0x00000042,66
1304,0x00000074,116
1305,0x000000c6,198
1306,0x00000093,147
1307,0x0000004a,74
1308,0x00000042,66
1309,0x000000a5,165
1310,0x00000592,1426
1311,0x0000009e,158
1312,0x0000014a,330
1313,0x00000084,132
1314,0x0000014a,330
1315,0x000000c6,198
1316,0x00000042,66
1317,0x00000252,594
1318,0x00000108,264
1319,0x00000042,66
1320,0x00000084,132
1321,0x00000042,66
1322,0x0000035a,858
1323,0x000001ce,462
1324,0x000002d6,726
1325,0x00000042,66
1326,0x000000c6,198
1327,0x00000210,528
1328,0x00000076,118
1329,0x00000074,116
1330,0x00000084,132
1331,0x00000086,134
1332,0x00000042,66
1333,0x000001c1,449
1334,0x00000074,116
1335,0x00000042,66
1336,0x00000086,134
1337,0x00000042,66
1338,0x00000087,135
1339,0x0000007c,124
1340,0x00000069,105
1341,0x00000074,116
1342,0x00000042,66
1343,0x0000014a,330
1344,0x00000097,151
1345,0x00000053,83
1346,0x00000042,66
1347,0x000000c6,198
1348,0x00000076,118
1349,0x00000377,887
1350,0x00000074,116
1351,0x0000003c,60
1352,0x00000086,134
1353,0x00000042,66
1354,0x000000f0,240
1355,0x00000074,116
1356,0x00000042,66
1357,0x00000087,135
1358,0x00000069,105
1359,0x00000042,66
1360,0x00000164,356
1361,0x00000074,116
1362,0x00000042,66
1363,0x00000076,118
1364,0x0000007a,122
1365,0x00000074,116
1366,0x00000079,121
1367,0x00000076,118
1368,0x00000074,116
1369,0x00000042,66
1370,0x00000084,132
1371,0x00000084,132
1372,0x00000086,134
1373,0x00000079,121
1374,0x00000042,66
1375,0x00000042,66
1376,0x00000042,66
1377,0x00000152,338
1378,0x00002f92,12178
1379,0x000005ea,1514
1380,0x000046f8,18168
1381,0x00002f50,12112
1382,0x00002f50,12112
1383,0x0000bd40,48448
1384,0x000017a8,6056
1385,0x00005ea0,24224
1386,0x00003b24,15140
1387,0x00013388,78728
1388,0x00018c3e,101438
1389,0x0000705e,28766
1390,0x00019228,102952
1391,0x0000821c,33308
1392,0x0001511a,86298
1393,0x0000dad2,56018
1394,0x0000ec90,60560
1395,0x00015cee,89326
1396,0x00008806,34822
1397,0x0001df0a,122634
1398,0x0000d1e3,53731
1399,0x00000074,116
1400,0x00000042,66
1401,0x000000f0,240
1402,0x00000074,116
1403,0x00000042,66
1404,0x00000097,151
1405,0x00000042,66
1406,0x00000042,66
1407,0x0000c48a,50314
1408,0x0001966e,104046
1409,0x000046f8,18168
1410,0x000093da,37850
1411,0x00000c69,3177
1412,0x00018c3e,101438
1413,0x00004c18,19480
1414,0x0000003c,60
1415,0x00000042,66
1416,0x00000042,66
1417,0x00000042,66
1418,0x0000014a,330
1419,0x0000014a,330
1420,0x00000042,66
1421,0x00000318,792
1422,0x00000084,132
1423,0x00000084,132
1424,0x000003de,990
1425,0x00000210,528
1426,0x00000294,660
1427,0x000000c6,198
1428,0x000001ce,462
1429,0x00000042,66
1430,0x000001ce,462
1431,0x0000014a,330
1432,0x000000c6,198
1433,0x0000014a,330
1434,0x000000e3,227
1435,0x00000074,116
1436,0x00000042,66
1437,0x0000036b,875
1438,0x0000d64a,54858
1439,0x0001dc57,121943
1440,0x00001d92,7570
1441,0x00018c3e,101438
1442,0x0000ba9d,47773
1443,0x00000042,66
1444,0x00000042,66
1445,0x000000c6,198
1446,0x000005ac,1452
1447,0x00000084,132
1448,0x00000630,1584
1449,0x00000042,66
1450,0x00000318,792
1451,0x0000035a,858
1452,0x00000252,594
1453,0x0000035a,858
1454,0x00000042,66
1455,0x00000252,594
1456,0x000000e3,227
1457,0x00000074,116
1458,0x00000042,66
1459,0x00002869,10345
1460,0x0001e056,122966
1461,0x0001100c,69644
1462,0x00000bd4,3028
1463,0x0000fe4e,65102
1464,0x0000cefe,52990
1465,0x0000289c,10396
1466,0x00000084,132
1467,0x00000042,66
1468,0x00000108,264
1469,0x00000318,792
1470,0x00000084,132
1471,0x00000042,66
1472,0x0000039c,924
1473,0x00000318,792
1474,0x000001ce,462
1475,0x0000035a,858
1476,0x000001ce,462
1477,0x00000042,66
1478,0x00000318,792
1479,0x000000e3,227
1480,0x00000074,116
1481,0x00000042,66
1482,0x0000ba09,47625
1483,0x0001e240,123456
1484,0x0000bd40,48448
1485,0x00016eac,93868
1486,0x00005202,20994
1487,0x00000084,132
1488,0x00000042,66
1489,0x00000042,66
1490,0x0000039c,924
1491,0x00000108,264
1492,0x000000c6,198
1493,0x00000630,1584
1494,0x00000042,66
1495,0x0000035a,858
1496,0x0000035a,858
1497,0x0000007a,122
1498,0x00000069,105
1499,0x00000074,116
1500,0x00000042,66
1501,0x00016daf,93615
1502,0x0001e055,122965
1503,0x00004ce2,19682
1504,0x00003b24,15140
1505,0x00014489,83081
1506,0x00000042,66
1507,0x00000084,132
1508,0x00000084,132
1509,0x000005ee,1518
1510,0x000001ce,462
1511,0x00000042,66
1512,0x00000318,792
1513,0x00000042,66
1514,0x000000c6,198
1515,0x00000462,1122
1516,0x000000e3,227
1517,0x00000060,96
1518,0x00000042,66
1519,0x00000074,116
1520,0x00006473,25715
1521,0x0001df0a,122634
1522,0x00018d9f,101791
1523,0x0000a598,42392
1524,0x0000a40d,41997
1525,0x00000042,66
1526,0x00000084,132
1527,0x00000042,66
1528,0x0000039c,924
1529,0x0000039c,924
1530,0x00000042,66
1531,0x00000405,1029
1532,0x0000039c,924
1533,0x0000038c,908
1534,0x00000087,135
1535,0x00000069,105
1536,0x00000074,116
1537,0x0000134f,4943
1538,0x0001dd6c,122220
1539,0x0001e4f4,124148
1540,0x000046f8,18168
1541,0x0000fd91,64913
1542,0x00000042,66
1543,0x00000084,132
1544,0x00000318,792
1545,0x00000462,1122
1546,0x00000318,792
1547,0x00000420,1056
1548,0x00000042,66
1549,0x000000e3,227
1550,0x00000074,116
1551,0x00000192,402
1552,0x00016187,90503
1553,0x0001df0a,122634
1554,0x00011be0,72672
1555,0x0000821c,33308
1556,0x00003a5a,14938
1557,0x00000042,66
1558,0x00000084,132
1559,0x0000018c,396
1560,0x000005ac,1452
1561,0x00000042,66
1562,0x0000018c,396
1563,0x00000630,1584
1564,0x0000007a,122
1565,0x00000069,105
1566,0x00000074,116
1567,0x00000042,66
1568,0x000168c2,92354
1569,0x0001df0a,122634
1570,0x00015661,87649
1571,0x00007b75,31605
1572,0x00000084,132
1573,0x00000042,66
1574,0x00000042,66
1575,0x0000039c,924
1576,0x000003de,990
1577,0x00000042,66
1578,0x0000039c,924
1579,0x0000039c,924
1580,0x0000007a,122
1581,0x00000069,105
1582,0x00000074,116
1583,0x00000042,66
1584,0x00007c32,31794
1585,0x0001e058,122968
1586,0x0001dd67,122215
1587,0x00009fae,40878
1588,0x00003a67,14951
1589,0x000000c6,198
1590,0x00000042,66
1591,0x00000084,132
1592,0x0000018c,396
1593,0x00000042,66
1594,0x00000084,132
1595,0x00000084,132
1596,0x0000007a,122
1597,0x00000069,105
1598,0x00000074,116
1599,0x00000042,66
1600,0x00000087,135
1601,0x0000f488,62600
1602,0x0001e2fb,123643
1603,0x0001e152,123218
1604,0x000061af,25007
1605,0x00000084,132
1606,0x00000042,66
1607,0x00000108,264
1608,0x0000014a,330
1609,0x00000042,66
1610,0x000000c6,198
1611,0x00000084,132
1612,0x0000014c,332
1613,0x00000074,116
1614,0x00000042,66
1615,0x00000074,116
1616,0x00000042,66
1617,0x00009c74,40052
1618,0x0001df0a,122634
1619,0x0001e23e,123454
1620,0x0000bc76,48246
1621,0x00000042,66
1622,0x00000042,66
1623,0x00000108,264
1624,0x0000014a,330
1625,0x000000c6,198
1626,0x00000042,66
1627,0x00000108,264
1628,0x0000007a,122
1629,0x00000069,105
1630,0x00000074,116
1631,0x00000042,66
1632,0x00013f5c,81756
1633,0x0001e4f4,124148
1634,0x0001de2f,122415
1635,0x000017cb,6091
1636,0x00000042,66
1637,0x00000084,132
1638,0x00000084,132
1639,0x0000018c,396
1640,0x0000014a,330
1641,0x000000c6,198
1642,0x000000e3,227
1643,0x00000074,116
1644,0x00000042,66
1645,0x000005ea,1514
1646,0x0000e0bc,57532
1647,0x0001df0a,122634
1648,0x0001df0a,122634
1649,0x0000757e,30078
1650,0x00000042,66
1651,0x00000042,66
1652,0x00000042,66
1653,0x0000014a,330
1654,0x0000018c,396
1655,0x00000042,66
1656,0x00000084,132
1657,0x00000042,66
1658,0x000000e3,227
1659,0x00000074,116
1660,0x00000042,66
1661,0x0000014f,335
1662,0x00018792,100242
1663,0x0001df0a,122634
1664,0x0001b249,111177
1665,0x00000084,132
1666,0x00000042,66
1667,0x00000084,132
1668,0x0000014a,330
1669,0x0000014a,330
1670,0x00000042,66
1671,0x00000084,132
1672,0x000000e3,227
1673,0x00000074,116
1674,0x0000404f,16463
1675,0x0001df0a,122634
1676,0x0001e056,122966
1677,0x0001157b,71035
1678,0x00000042,66
1679,0x00000042,66
1680,0x00000042,66
1681,0x00000108,264
1682,0x000001ce,462
1683,0x000000c6,198
1684,0x00000084,132
1685,0x000000e3,227
1686,0x00000069,105
1687,0x00000074,116
1688,0x00000042,66
1689,0x00000074,116
1690,0x00000042,66
1691,0x00010fb7,69559
1692,0x0001e4f4,124148
1693,0x0001df0a,122634
1694,0x0000462e,17966
1695,0x00000084,132
1696,0x00000042,66
1697,0x0000014a,330
1698,0x0000018c,396
1699,0x00000108,264
1700,0x000000e3,227
1701,0x00000074,116
1702,0x00000042,66
1703,0x0000cba0,52128
1704,0x0001df0a,122634
1705,0x0001df0a,122634
1706,0x000090e8,37096
1707,0x00000084,132
1708,0x00000042,66
1709,0x0000014a,330
1710,0x000000c6,198
1711,0x0000018c,396
1712,0x00000042,66
1713,0x0000007a,122
1714,0x00000069,105
1715,0x00000074,116
1716,0x00000042,66
1717,0x000125b7,75191
1718,0x0001e15c,123228
1719,0x0001df0a,122634
1720,0x000034b2,13490
1721,0x00000042,66
1722,0x00000084,132
1723,0x0000018c,396
1724,0x00000108,264
1725,0x0000027e,638
1726,0x000000e3,227
1727,0x00000074,116
1728,0x00000042,66
1729,0x00007641,30273
1730,0x0001df0a,122634
1731,0x0001df0a,122634
1732,0x0000e5dc,58844
1733,0x00000084,132
1734,0x0000014a,330
1735,0x0000014a,330
1736,0x0000014a,330
1737,0x00000042,66
1738,0x000000e3,227
1739,0x00000074,116
1740,0x00000042,66
1741,0x00017496,95382
1742,0x0001df0a,122634
1743,0x0001c725,116517
1744,0x000000c6,198
1745,0x00000074,116
1746,0x0000014a,330
1747,0x0000014a,330
1748,0x0000014a,330
1749,0x0000014c,332
1750,0x00000074,116
1751,0x000000b6,182
1752,0x00000191,401
1753,0x00006ebd,28349
1754,0x0001e4f4,124148
1755,0x0001df0a,122634
1756,0x0000e61e,58910
1757,0x00000042,66
1758,0x00000084,132
1759,0x00000084,132
1760,0x0000018c,396
1761,0x0000018c,396
1762,0x00000042,66
1763,0x000000e3,227
1764,0x00000074,116
1765,0x00000042,66
1766,0x000121ca,74186
1767,0x0001e059,122969
1768,0x0001e4f4,124148
1769,0x0000330e,13070
1770,0x00000084,132
1771,0x00000042,66
1772,0x00000042,66
1773,0x000001ce,462
1774,0x00000108,264
1775,0x00000108,264
1776,0x000000e3,227
1777,0x00000074,116
1778,0x00000618,1560
1779,0x00019812,104466
1780,0x0001e4f4,124148
1781,0x0001978a,104330
1782,0x00000084,132
1783,0x00000042,66
1784,0x000001ce,462
1785,0x00000108,264
1786,0x000000c6,198
1787,0x0000007a,122
1788,0x00000069,105
1789,0x00000042,66
1790,0x000000b6,182
1791,0x00000430,1072
1792,0x0001d336,119606
1793,0x0001df0a,122634
1794,0x00016461,91233
1795,0x00000093,147
1796,0x00000084,132
1797,0x00000069,105
1798,0x000000b9,185
1799,0x0000022b,555
1800,0x00000203,515
1801,0x00000108,264
1802,0x0000007a,122
1803,0x00000069,105
1804,0x00000067,103
1805,0x00000074,116
1806,0x00000042,66
1807,0x00003b73,15219
1808,0x0001df0a,122634
1809,0x0001e4f4,124148
1810,0x00011b58,72536
1811,0x00000084,132
1812,0x00000042,66
1813,0x00000108,264
1814,0x0000018c,396
1815,0x000000c6,198
1816,0x00000069,105
1817,0x000000e3,227
1818,0x00000074,116
1819,0x000000b6,182
1820,0x000004dd,1245
1821,0x0001995b,104795
1822,0x0001df0a,122634
1823,0x00019d81,105857
1824,0x00000042,66
1825,0x00000042,66
1826,0x00000084,132
1827,0x00000108,264
1828,0x0000018c,396
1829,0x00000108,264
1830,0x0000007a,122
1831,0x00000069,105
1832,0x00000074,116
1833,0x00000042,66
1834,0x0001217b,74107
1835,0x0001df0a,122634
1836,0x0001df0a,122634
1837,0x00003aa9,15017
1838,0x00000042,66
1839,0x00000042,66
1840,0x00000042,66
1841,0x0000014a,330
1842,0x0000014a,330
1843,0x0000014a,330
1844,0x000000e3,227
1845,0x00000074,116
1846,0x00000192,402
1847,0x00018aef,101103
1848,0x0001df0a,122634
1849,0x0001aef0,110320
1850,0x00000084,132
1851,0x00000042,66
1852,0x00000042,66
1853,0x0000014a,330
1854,0x0000014a,330
1855,0x000000c6,198
1856,0x000000e3,227
1857,0x00000074,116
1858,0x00000192,402
1859,0x00016d0c,93452
1860,0x0001df0a,122634
1861,0x0001cd13,118035
1862,0x00000042,66
1863,0x00000084,132
1864,0x00000042,66
1865,0x000001c3,451
1866,0x0000014a,330
1867,0x00000108,264
1868,0x000000e3,227
1869,0x0000013f,319
1870,0x00000074,116
1871,0x00007441,29761
1872,0x0001df0a,122634
1873,0x0001e1d2,123346
1874,0x0000e62b,58923
1875,0x00000084,132
1876,0x00000042,66
1877,0x00000042,66
1878,0x0000014a,330
1879,0x0000014a,330
1880,0x00000108,264
1881,0x000000e3,227
1882,0x00000069,105
1883,0x00000074,116
1884,0x00000042,66
1885,0x00000074,116
1886,0x000003e4,996
1887,0x0001b83b,112699
1888,0x0001e4f4,124148
1889,0x00017a47,96839
1890,0x00000042,66
1891,0x00000084,132
1892,0x00000042,66
1893,0x000001ce,462
1894,0x000000c6,198
1895,0x00000108,264
1896,0x0000007a,122
1897,0x00000069,105
1898,0x00000074,116
1899,0x00000042,66
1900,0x000052cc,21196
1901,0x0001df0a,122634
1902,0x0001df0a,122634
1903,0x000109a7,68007
1904,0x00000084,132
1905,0x0000018c,396
1906,0x00000108,264
1907,0x0000018c,396
1908,0x000000e3,227
1909,0x00000074,116
1910,0x000004d9,1241
1911,0x00010438,66616
1912,0x0001e059,122969
1913,0x0001df0a,122634
1914,0x00005244,21060
1915,0x00000042,66
1916,0x00000042,66
1917,0x00000084,132
1918,0x00000108,264
1919,0x0000018c,396
1920,0x00000108,264
1921,0x0000007a,122
1922,0x00000069,105
1923,0x00000074,116
1924,0x00000042,66
1925,0x0000c0e0,49376
1926,0x0001e4f4,124148
1927,0x0001db66,121702
1928,0x00009949,39241
1929,0x00000084,132
1930,0x00000042,66
1931,0x000000c6,198
1932,0x00000084,132
1933,0x000000c6,198
1934,0x000000e3,227
1935,0x00000084,132
1936,0x00000074,116
1937,0x00000419,1049
1938,0x0001355b,79195
1939,0x0001df0a,122634
1940,0x0001e06d,122989
1941,0x000022af,8879
1942,0x000000d5,213
1943,0x00000084,132
1944,0x0000014a,330
1945,0x0000014a,330
1946,0x00000108,264
1947,0x00000042,66
1948,0x000000ab,171
1949,0x00000181,385
1950,0x00000042,66
1951,0x00000077,119
1952,0x000003a9,937
1953,0x00000042,66
1954,0x00000074,116
1955,0x000001f7,503
1956,0x0000c6ad,50861
1957,0x0001e656,124502
1958,0x0001df0a,122634
1959,0x00008d75,36213
1960,0x00000084,132
1961,0x000000c6,198
1962,0x0000014a,330
1963,0x0000018c,396
1964,0x00000042,66
1965,0x0000007a,122
1966,0x00000069,105
1967,0x00000074,116
1968,0x00000042,66
1969,0x0000059d,1437
1970,0x0001df0a,122634
1971,0x0001df0a,122634
1972,0x0001567c,87676
1973,0x00000084,132
1974,0x00000042,66
1975,0x00000042,66
1976,0x00000108,264
1977,0x0000018c,396
1978,0x00000108,264
1979,0x000000e3,227
1980,0x00000074,116
1981,0x000003e1,993
1982,0x000066d0,26320
1983,0x0001df0a,122634
1984,0x0001e4f4,124148
1985,0x0000ebc6,60358
1986,0x00000042,66
1987,0x00000042,66
1988,0x00000042,66
1989,0x000001ce,462
1990,0x000001ce,462
1991,0x00000042,66
1992,0x0000007a,122
1993,0x00000069,105
1994,0x00000074,116
1995,0x00000042,66
1996,0x00006d45,27973
1997,0x0001df0a,122634
1998,0x0001df0a,122634
1999,0x0000ef8a,61322
2000,0x00000042,66
2001,0x00000042,66
2002,0x00000042,66
2003,0x00000042,66
2004,0x000001ce,462
2005,0x00000108,264
2006,0x000000c6,198
2007,0x0000007a,122
2008,0x00000069,105
2009,0x00000074,116
2010,0x00000042,66
2011,0x000005f7,1527
2012,0x0001c762,116578
2013,0x0001e4f4,124148
2014,0x000167f8,92152
2015,0x00000042,66
2016,0x00000042,66
2017,0x0000014a,330
2018,0x00000108,264
2019,0x0000014a,330
2020,0x00000042,66
2021,0x0000010a,266
2022,0x00000074,116
2023,0x000000b6,182
2024,0x00000191,401
2025,0x00013239,78393
2026,0x0001df0a,122634
2027,0x0001df0a,122634
2028,0x000028eb,10475
2029,0x000000c6,198
2030,0x00000042,66
2031,0x000001ce,462
2032,0x0000014a,330
2033,0x00000084,132
2034,0x000000e3,227
2035,0x00000074,116
2036,0x00001d7f,7551
2037,0x0001df0a,122634
2038,0x0001df0a,122634
2039,0x00013ee1,81633
2040,0x00000042,66
2041,0x00000042,66
2042,0x0000014a,330
2043,0x0000014a,330
2044,0x00000108,264
2045,0x00000042,66
2046,0x000000e3,227
2047,0x00000074,116
2048,0x000004e0,1248
2049,0x00016eac,93868
2050,0x0001df0a,122634
2051,0x0001c833,116787
2052,0x00000084,132
2053,0x00000042,66
2054,0x00000042,66
2055,0x00000108,264
2056,0x0000018c,396
2057,0x000000c6,198
2058,0x00000042,66
2059,0x000000e3,227
2060,0x00000074,116
2061,0x00000529,1321
2062,0x0001511a,86298
2063,0x0001e056,122966
2064,0x0001e42a,123946
2065,0x00000042,66
2066,0x00000084,132
2067,0x00000042,66
2068,0x000001ce,462
2069,0x000000c6,198
2070,0x0000014a,330
2071,0x0000007a,122
2072,0x00000069,105
2073,0x00000074,116
2074,0x00000191,401
2075,0x0000e457,58455
2076,0x0001e4f4,124148
2077,0x0001e055,122965
2078,0x00006fa1,28577
2079,0x00000084,132
2080,0x00000042,66
2081,0x00000042,66
2082,0x0000014a,330
2083,0x0000014a,330
2084,0x00000108,264
2085,0x0000014c,332
2086,0x00000074,116
2087,0x000000b6,182
2088,0x00000180,384
2089,0x0000bc0b,48139
2090,0x0001e4f4,124148
2091,0x0001df0a,122634
2092,0x00009949,39241
2093,0x00000042,66
2094,0x00000042,66
2095,0x00000042,66
2096,0x00000108,264
2097,0x00000108,264
2098,0x000001ce,462
2099,0x000000e3,227
2100,0x00000074,116
2101,0x000002f4,756
2102,0x0001660e,91662
2103,0x0001df0a,122634
2104,0x0001d26c,119404
2105,0x00000084,132
2106,0x00000042,66
2107,0x00000210,528
2108,0x00000108,264
2109,0x00000108,264
2110,0x0000007a,122
2111,0x00000069,105
2112,0x00000074,116
2113,0x00004fb0,20400
2114,0x0001e4f4,124148
2115,0x0001df0a,122634
2116,0x00010723,67363
2117,0x00000042,66
2118,0x00000042,66
2119,0x00000042,66
2120,0x00000108,264
2121,0x0000014a,330
2122,0x0000014a,330
2123,0x000000e3,227
2124,0x00000074,116
2125,0x000052bf,21183
2126,0x0001df0a,122634
2127,0x0001df0a,122634
2128,0x0001099a,67994
2129,0x00000042,66
2130,0x00000084,132
2131,0x00000042,66
2132,0x00000108,264
2133,0x0000018c,396
2134,0x00000108,264
2135,0x0000007a,122
2136,0x00000069,105
2137,0x00000074,116
2138,0x00000042,66
2139,0x0000bbeb,48107
2140,0x0001e4f4,124148
2141,0x0001df0a,122634
2142,0x00009a87,39559
2143,0x00000042,66
2144,0x00000042,66
2145,0x00000042,66
2146,0x00000108,264
2147,0x0000014a,330
2148,0x00000108,264
2149,0x00000042,66
2150,0x0000014c,332
2151,0x00000074,116
2152,0x000000b6,182
2153,0x00000042,66
2154,0x000017f2,6130
2155,0x0001e4f4,124148
2156,0x0001df0a,122634
2157,0x00013ee1,81633
2158,0x00000042,66
2159,0x00000042,66
2160,0x00000084,132
2161,0x00000108,264
2162,0x0000018c,396
2163,0x00000108,264
2164,0x000000b6,182
2165,0x00000069,105
2166,0x00000074,116
2167,0x00000042,66
2168,0x00000687,1671
2169,0x0001a3e6,107494
2170,0x0001e4f4,124148
2171,0x00018bc3,101315
2172,0x00000042,66
2173,0x00000084,132
2174,0x00000108,264
2175,0x00000108,264
2176,0x0000018c,396
2177,0x00000042,66
2178,0x000000e3,227
2179,0x00000074,116
2180,0x000003dd,989
2181,0x0001b840,112704
2182,0x0001df0a,122634
2183,0x00018031,98353
2184,0x00000084,132
2185,0x00000042,66
2186,0x00000108,264
2187,0x0000018c,396
2188,0x00000108,264
2189,0x000000e3,227
2190,0x00000074,116
2191,0x00000042,66
2192,0x0000e552,58706
2193,0x0001e058,122968
2194,0x0001df4c,122700
2195,0x000075cd,30157
2196,0x00000042,66
2197,0x00000042,66
2198,0x00000042,66
2199,0x00000108,264
2200,0x0000018c,396
2201,0x000000c6,198
2202,0x00000042,66
2203,0x000000e3,227
2204,0x00000074,116
2205,0x000002cf,719
2206,0x00018319,99097
2207,0x0001e055,122965
2208,0x0001b51c,111900
2209,0x00000042,66
2210,0x00000084,132
2211,0x00000108,264
2212,0x00000108,264
2213,0x0000018c,396
2214,0x00000042,66
2215,0x0000014c,332
2216,0x00000074,116
2217,0x000000b6,182
2218,0x000005dc,1500
2219,0x00014546,83270
2220,0x0001df0a,122634
2221,0x0001e4f4,124148
2222,0x00000b0a,2826
2223,0x00000042,66
2224,0x00000042,66
2225,0x00000042,66
2226,0x00000108,264
2227,0x0000018c,396
2228,0x000000c6,198
2229,0x00000042,66
2230,0x000000e3,227
2231,0x00000074,116
2232,0x00000042,66
2233,0x0000b652,46674
2234,0x0001e058,122968
2235,0x0001df0a,122634
2236,0x0000a510,42256
2237,0x00000084,132
2238,0x00000042,66
2239,0x00000042,66
2240,0x0000018c,396
2241,0x00000108,264
2242,0x00000108,264
2243,0x000000e3,227
2244,0x00000074,116
2245,0x0000c5fa,50682
2246,0x0001e2b4,123572
2247,0x0001df0a,122634
2248,0x0000935f,37727
2249,0x00000042,66
2250,0x00000084,132
2251,0x00000042,66
2252,0x0000018c,396
2253,0x00000108,264
2254,0x00000108,264
2255,0x0000007a,122
2256,0x00000069,105
2257,0x00000074,116
2258,0x00000042,66
2259,0x000043de,17374
2260,0x0001df0a,122634
2261,0x0001e4f4,124148
2262,0x00011307,70407
2263,0x00000042,66
2264,0x00000042,66
2265,0x00000084,132
2266,0x00000108,264
2267,0x0000018c,396
2268,0x000000c6,198
2269,0x00000042,66
2270,0x000000e3,227
2271,0x00000074,116
2272,0x0000062b,1579
2273,0x00019dfc,105980
2274,0x0001e4f4,124148
2275,0x000191ad,102829
2276,0x00000042,66
2277,0x00000042,66
2278,0x0000014a,330
2279,0x000000c6,198
2280,0x0000018c,396
2281,0x00000042,66
2282,0x000000e3,227
2283,0x00000069,105
2284,0x00000074,116
2285,0x00000042,66
2286,0x00000074,116
2287,0x0000ccf5,52469
2288,0x0001e15d,123229
2289,0x0001e4f4,124148
2290,0x0000878b,34699
2291,0x00000084,132
2292,0x00000042,66
2293,0x000000c6,198
2294,0x0000014a,330
2295,0x0000018c,396
2296,0x00000042,66
2297,0x000000e3,227
2298,0x00000074,116
2299,0x000003e2,994
2300,0x0000ae5a,44634
2301,0x0001e4f4,124148
2302,0x0001df0a,122634
2303,0x0000a510,42256
2304,0x00000042,66
2305,0x00000042,66
2306,0x00000042,66
2307,0x0000018c,396
2308,0x00000108,264
2309,0x00000108,264
2310,0x000000e3,227
2311,0x00000074,116
2312,0x00000042,66
2313,0x0000028e,654
2314,0x00001550,5456
2315,0x000052cc,21196
2316,0x0001df0a,122634
2317,0x0001df0a,122634
2318,0x0000f259,62041
2319,0x00000042,66
2320,0x00000042,66
2321,0x00000042,66
2322,0x000001ce,462
2323,0x000000c6,198
2324,0x00000108,264
2325,0x0000008b,139
2326,0x00000069,105
2327,0x000000b6,182
2328,0x00000042,66
2329,0x0000ab74,43892
2330,0x0001df0a,122634
2331,0x0001df0a,122634
2332,0x0000b0f1,45297
2333,0x00000084,132
2334,0x00000042,66
2335,0x0000018c,396
2336,0x0000018c,396
2337,0x00000084,132
2338,0x0000007a,122
2339,0x00000069,105
2340,0x00000074,116
2341,0x0000052c,1324
2342,0x000140a5,82085
2343,0x0001df0a,122634
2344,0x0001e2dc,123612
2345,0x0000134e,4942
2346,0x00000042,66
2347,0x00000084,132
2348,0x0000014a,330
2349,0x0000014a,330
2350,0x00000108,264
2351,0x00000042,66
2352,0x0000014c,332
2353,0x00000074,116
2354,0x000000b6,182
2355,0x000002ce,718
2356,0x0001d68f,120463
2357,0x0001df0a,122634
2358,0x00016250,90704
2359,0x00000084,132
2360,0x00000042,66
2361,0x00000108,264
2362,0x0000018c,396
2363,0x00000108,264
2364,0x000000e3,227
2365,0x00000074,116
2366,0x00000426,1062
2367,0x0001b210,111120
2368,0x0001df0a,122634
2369,0x000185d9,99801
2370,0x00000042,66
2371,0x00000042,66
2372,0x00000042,66
2373,0x000000c6,198
2374,0x0000018c,396
2375,0x0000014a,330
2376,0x000000e3,227
2377,0x00000074,116
2378,0x00000668,1640
2379,0x00012d9e,77214
2380,0x0001df0a,122634
2381,0x0001df0a,122634
2382,0x0000289c,10396
2383,0x00000084,132
2384,0x00000042,66
2385,0x00000084,132
2386,0x0000014a,330
2387,0x00000210,528
2388,0x00000042,66
2389,0x000000e3,227
2390,0x00000074,116
2391,0x000003e3,995
2392,0x00012fe7,77799
2393,0x0001df0a,122634
2394,0x0001df0a,122634
2395,0x00002301,8961
2396,0x00000042,66
2397,0x00000042,66
2398,0x00000042,66
2399,0x000001ce,462
2400,0x0000018c,396
2401,0x00000084,132
2402,0x0000007a,122
2403,0x00000069,105
2404,0x00000074,116
2405,0x00000191,401
2406,0x0001676e,92014
2407,0x0001e4f4,124148
2408,0x0001ccd1,117969
2409,0x00000042,66
2410,0x00000084,132
2411,0x0000014a,330
2412,0x0000014a,330
2413,0x0000014a,330
2414,0x00000069,105
2415,0x000000a1,161
2416,0x00000074,116
2417,0x000000b6,182
2418,0x000085ff,34303
2419,0x0001e160,123232
2420,0x0001e4f4,124148
2421,0x0000ce83,52867
2422,0x00000042,66
2423,0x00000042,66
2424,0x000000c6,198
2425,0x0000014a,330
2426,0x0000018c,396
2427,0x00000042,66
2428,0x000000e3,227
2429,0x00000074,116
2430,0x00000191,401
2431,0x0000ce0b,52747
2432,0x0001e4f4,124148
2433,0x0001df0a,122634
2434,0x0000878b,34699
2435,0x00000042,66
2436,0x00000042,66
2437,0x00000042,66
2438,0x00000108,264
2439,0x00000108,264
2440,0x0000018c,396
2441,0x00000042,66
2442,0x000000e3,227
2443,0x00000074,116
2444,0x00000191,401
2445,0x00014d7f,85375
2446,0x0001df0a,122634
2447,0x0001e19f,123295
2448,0x00000b59,2905
2449,0x00000042,66
2450,0x00000042,66
2451,0x00000042,66
2452,0x00000042,66
2453,0x0000018c,396
2454,0x00000108,264
2455,0x00000108,264
2456,0x0000007a,122
2457,0x00000069,105
2458,0x00000074,116
2459,0x00000191,401
2460,0x00011d42,73026
2461,0x0001e4f4,124148
2462,0x0001dc65,121957
2463,0x00003aa9,15017
2464,0x00000060,96
2465,0x00000042,66
2466,0x000000c6,198
2467,0x0000014a,330
2468,0x0000018c,396
2469,0x00000042,66
2470,0x000000e3,227
2471,0x00000074,116
2472,0x000003e3,995
2473,0x0001afba,110522
2474,0x0001e057,122967
2475,0x000187a7,100263
2476,0x00000042,66
2477,0x000000c6,198
2478,0x0000018c,396
2479,0x00000108,264
2480,0x00000084,132
2481,0x0000014c,332
2482,0x00000074,116
2483,0x000000b6,182
2484,0x00000042,66
2485,0x00000418,1048
2486,0x0001b80f,112655
2487,0x0001df0a,122634
2488,0x00017fe2,98274
2489,0x00000042,66
2490,0x00000042,66
2491,0x00000042,66
2492,0x000001ce,462
2493,0x0000014a,330
2494,0x00000084,132
2495,0x0000007a,122
2496,0x00000069,105
2497,0x00000074,116
2498,0x00000042,66
2499,0x0000f02f,61487
2500,0x0001df0a,122634
2501,0x0001e056,122966
2502,0x00006b84,27524
2503,0x00000084,132
2504,0x00000042,66
2505,0x0000014a,330
2506,0x000000c6,198
2507,0x0000018c,396
2508,0x00000042,66
2509,0x000000e3,227
2510,0x00000074,116
2511,0x000003e4,996
2512,0x00012ff3,77811
2513,0x0001e4f4,124148
2514,0x0001df0a,122634
2515,0x000022f4,8948
2516,0x00000084,132
2517,0x00000042,66
2518,0x00000042,66
2519,0x000001ce,462
2520,0x000000c6,198
2521,0x00000108,264
2522,0x0000007a,122
2523,0x00000069,105
2524,0x00000074,116
2525,0x00000042,66
2526,0x000092d9,37593
2527,0x0001e056,122966
2528,0x0001df0a,122634
2529,0x0000c899,51353
2530,0x00000042,66
2531,0x00000084,132
2532,0x00000084,132
2533,0x0000014a,330
2534,0x000001ce,462
2535,0x000000e3,227
2536,0x00000074,116
2537,0x00000042,66
2538,0x0000c36c,50028
2539,0x0001e450,123984
2540,0x0001df0a,122634
2541,0x0000935f,37727
2542,0x00000042,66
2543,0x00000042,66
2544,0x00000042,66
2545,0x0000018c,396
2546,0x000000c6,198
2547,0x0000014a,330
2548,0x000000e3,227
2549,0x00000069,105
2550,0x000000b6,182
2551,0x00000074,116
2552,0x000005db,1499
2553,0x0001d336,119606
2554,0x0001e4f4,124148
2555,0x00015cf7,89335
2556,0x00000084,132
2557,0x00000042,66
2558,0x000001ce,462
2559,0x00000108,264
2560,0x000000c6,198
2561,0x0000007a,122
2562,0x00000069,105
2563,0x00000074,116
2564,0x00000042,66
2565,0x00000dfb,3579
2566,0x0001df0a,122634
2567,0x0001df0a,122634
2568,0x00014eb9,85689
2569,0x00000042,66
2570,0x00000042,66
2571,0x0000014a,330
2572,0x0000014a,330
2573,0x00000108,264
2574,0x000000e3,227
2575,0x00000074,116
2576,0x00000042,66
2577,0x00000596,1430
2578,0x00013972,80242
2579,0x0001df0a,122634
2580,0x0001df0a,122634
2581,0x00001cc8,7368
2582,0x00000042,66
2583,0x00000084,132
2584,0x00000042,66
2585,0x00000108,264
2586,0x0000018c,396
2587,0x00000108,264
2588,0x000000e3,227
2589,0x00000074,116
2590,0x0000b44c,46156
2591,0x0001dc65,121957
2592,0x0001e4f4,124148
2593,0x0000a51d,42269
2594,0x00000084,132
2595,0x00000042,66
2596,0x00000084,132
2597,0x000001ce,462
2598,0x00000108,264
2599,0x00000084,132
2600,0x000000e3,227
2601,0x00000112,274
2602,0x00000074,116
2603,0x000010b3,4275
2604,0x0001e056,122966
2605,0x0001df0a,122634
2606,0x00014ab5,84661
2607,0x00000084,132
2608,0x00000042,66
2609,0x00000042,66
2610,0x000001ce,462
2611,0x00000108,264
2612,0x000000c6,198
2613,0x0000014c,332
2614,0x00000074,116
2615,0x000000b6,182
2616,0x00000042,66
2617,0x00008f52,36690
2618,0x0001df4c,122700
2619,0x0001e253,123475
2620,0x0000b898,47256
2621,0x00001140,4416
2622,0x00000042,66
2623,0x00000042,66
2624,0x0000014a,330
2625,0x0000014a,330
2626,0x000001c3,451
2627,0x000000e3,227
2628,0x00000074,116
2629,0x00000074,116
2630,0x00000042,66
2631,0x0000116a,4458
2632,0x0000237c,9084
2633,0x00006429,25641
2634,0x0001df4c,122700
2635,0x0001dfaf,122799
2636,0x00018c75,101493
2637,0x000017a8,6056
2638,0x0000bdde,48606
2639,0x00005ea0,24224
2640,0x00005ee2,24290
2641,0x0000b756,46934
2642,0x00007c32,31794
2643,0x0000b798,47000
2644,0x00009ff0,40944
2645,0x00003585,13701
2646,0x00000042,66
2647,0x0000018c,396
2648,0x00000108,264
2649,0x00000108,264
2650,0x000000e3,227
2651,0x00000074,116
2652,0x00000432,1074
2653,0x0000d73d,55101
2654,0x0001df0a,122634
2655,0x0001df0a,122634
2656,0x00008194,33172
2657,0x00000084,132
2658,0x00000042,66
2659,0x00000042,66
2660,0x000001ce,462
2661,0x000000c6,198
2662,0x00000108,264
2663,0x0000007a,122
2664,0x00000069,105
2665,0x00000074,116
2666,0x000005d7,1495
2667,0x0001cd4c,118092
2668,0x0001df0a,122634
2669,0x000167f8,92152
2670,0x00000084,132
2671,0x00000042,66
2672,0x0000014a,330
2673,0x0000014a,330
2674,0x00000108,264
2675,0x000000e3,227
2676,0x00000074,116
2677,0x00000042,66
2678,0x0000821b,33307
2679,0x0001df0a,122634
2680,0x0001df0a,122634
2681,0x0000da08,55816
2682,0x00000084,132
2683,0x00000042,66
2684,0x00000108,264
2685,0x00000108,264
2686,0x000001ce,462
2687,0x000000e3,227
2688,0x00000069,105
2689,0x00000074,116
2690,0x00000074,116
2691,0x000011aa,4522
2692,0x0001df0a,122634
2693,0x0001e4f4,124148
2694,0x000144cb,83147
2695,0x00000084,132
2696,0x00000084,132
2697,0x00000042,66
2698,0x00000084,132
2699,0x00000261,609
2700,0x0000014a,330
2701,0x00000084,132
2702,0x000000e3,227
2703,0x00000069,105
2704,0x00000077,119
2705,0x0000020e,526
2706,0x000000a9,169
2707,0x000073fe,29694
2708,0x0001e161,123233
2709,0x0001df0a,122634
2710,0x0000e660,58976
2711,0x00000084,132
2712,0x00000042,66
2713,0x00000042,66
2714,0x00000108,264
2715,0x0000018c,396
2716,0x00000108,264
2717,0x0000007a,122
2718,0x00000069,105
2719,0x00000074,116
2720,0x000002e1,737
2721,0x0000eedb,61147
2722,0x0001e053,122963
2723,0x0001e4f4,124148
2724,0x000063c0,25536
2725,0x00000084,132
2726,0x00000042,66
2727,0x00000108,264
2728,0x000000c6,198
2729,0x000001ce,462
2730,0x000000e3,227
2731,0x00000084,132
2732,0x00000074,116
2733,0x00000668,1640
2734,0x0000d4e8,54504
2735,0x0001df0a,122634
2736,0x0001df0a,122634
2737,0x00008152,33106
2738,0x0000014a,330
2739,0x00000252,594
2740,0x00000084,132
2741,0x00000294,660
2742,0x00000042,66
2743,0x00000108,264
2744,0x00000108,264
2745,0x0000014a,330
2746,0x00000084,132
2747,0x00000125,293
2748,0x00000042,66
2749,0x00000294,660
2750,0x00000074,116
2751,0x00000042,66
2752,0x00000210,528
2753,0x00001622,5666
2754,0x0001df4c,122700
2755,0x0001df4c,122700
2756,0x00014922,84258
2757,0x00000042,66
2758,0x00000108,264
2759,0x00000108,264
2760,0x00000108,264
2761,0x00000042,66
2762,0x0000014a,330
2763,0x0000018c,396
2764,0x00000084,132
2765,0x00000108,264
2766,0x00000084,132
2767,0x00000318,792
2768,0x00000108,264
2769,0x00000108,264
2770,0x00000184,388
2771,0x00000069,105
2772,0x000000b6,182
2773,0x00000074,116
2774,0x00000067,103
2775,0x000005d7,1495
2776,0x0001bb8e,113550
2777,0x0001df0a,122634
2778,0x000179b6,96694
2779,0x000005f6,1526
2780,0x0000e1da,57818
2781,0x000121ca,74186
2782,0x0000705e,28766
2783,0x000093da,37850
2784,0x0001220c,74252
2785,0x00000084,132
2786,0x0000bd82,48514
2787,0x00002ee7,12007
2788,0x0000014a,330
2789,0x00000108,264
2790,0x00000042,66
2791,0x000000e3,227
2792,0x00000079,121
2793,0x000000f8,248
2794,0x00000042,66
2795,0x000002d6,726
2796,0x00000132,306
2797,0x00009c0b,39947
2798,0x0001dfdc,122844
2799,0x0001df0a,122634
2800,0x0000c47d,50301
2801,0x00000074,116
2802,0x00000252,594
2803,0x0000018c,396
2804,0x00000042,66
2805,0x000001ce,462
2806,0x00000108,264
2807,0x0000014a,330
2808,0x0000018c,396
2809,0x00000084,132
2810,0x000002d6,726
2811,0x000000c6,198
2812,0x000002d6,726
2813,0x00000108,264
2814,0x00000462,1122
2815,0x000000e3,227
2816,0x00000042,66
2817,0x0000018c,396
2818,0x000000e3,227
2819,0x00000074,116
2820,0x00000067,103
2821,0x00000479,1145
2822,0x0001b5a4,112036
2823,0x0001df0a,122634
2824,0x00018152,98642
2825,0x00008e3d,36413
2826,0x0001c762,116578
2827,0x00006a74,27252
2828,0x00018654,99924
2829,0x0000237c,9084
2830,0x0000a032,41010
2831,0x00001143,4419
2832,0x00000042,66
2833,0x000001ce,462
2834,0x0000014a,330
2835,0x00000084,132
2836,0x00000042,66
2837,0x00000042,66
2838,0x00000042,66
2839,0x00000108,264
2840,0x000003de,990
2841,0x00000108,264
2842,0x000002d6,726
2843,0x00000042,66
2844,0x0000018c,396
2845,0x0000035a,858
2846,0x000002d6,726
2847,0x0000014a,330
2848,0x000000c6,198
2849,0x0000014a,330
2850,0x000003de,990
2851,0x00000318,792
2852,0x00000042,66
2853,0x00000184,388
2854,0x00000069,105
2855,0x00000074,116
2856,0x00000042,66
2857,0x000000e8,232
2858,0x00000042,66
2859,0x0000b585,46469
2860,0x0001dcdd,122077
2861,0x0001e3b0,123824
2862,0x0001e036,122934
2863,0x0001511a,86298
2864,0x0001511a,86298
2865,0x00013d6f,81263
2866,0x00000084,132
2867,0x00000042,66
2868,0x0000018c,396
2869,0x00000108,264
2870,0x00000108,264
2871,0x000000bc,188
2872,0x000000ed,237
2873,0x0000035a,858
2874,0x0000013a,314
2875,0x00000318,792
2876,0x00000180,384
2877,0x0000d3e6,54246
2878,0x0001e11a,123162
2879,0x0001e054,122964
2880,0x00008851,34897
2881,0x000000c6,198
2882,0x00000252,594
2883,0x000000c6,198
2884,0x00000125,293
2885,0x00000042,66
2886,0x00000042,66
2887,0x00000084,132
2888,0x0000018c,396
2889,0x00000242,578
2890,0x00000042,66
2891,0x000000e3,227
2892,0x00000042,66
2893,0x00000498,1176
2894,0x0001ab32,109362
2895,0x0001237b,74619
2896,0x0000a598,42392
2897,0x00016eac,93868
2898,0x00000180,384
2899,0x00015967,88423
2900,0x0001ddd1,122321
2901,0x0001e1a1,123297
2902,0x000034bf,13503
2903,0x00000042,66
2904,0x000000c6,198
2905,0x00000042,66
2906,0x00000042,66
2907,0x00000420,1056
2908,0x00000210,528
2909,0x000001ce,462
2910,0x00000252,594
2911,0x000005ac,1452
2912,0x00000042,66
2913,0x00000084,132
2914,0x0000035a,858
2915,0x000002d6,726
2916,0x00000318,792
2917,0x000001c6,454
2918,0x00000069,105
2919,0x00000074,116
2920,0x00000042,66
2921,0x000000e8,232
2922,0x00000042,66
2923,0x000018b5,6325
2924,0x0001c801,116737
2925,0x0001e06c,122988
2926,0x0001e4f4,124148
2927,0x0001df0a,122634
2928,0x000185cc,99788
2929,0x00012b79,76665
2930,0x00000042,66
2931,0x00000042,66
2932,0x000000c6,198
2933,0x0000014a,330
2934,0x0000018c,396
2935,0x000005ac,1452
2936,0x000003de,990
2937,0x00000318,792
2938,0x0000043d,1085
2939,0x00000042,66
2940,0x000006b4,1716
2941,0x00000074,116
2942,0x000000e3,227
2943,0x00000042,66
2944,0x000013d2,5074
2945,0x00014afb,84731
2946,0x0001df0a,122634
2947,0x0001dd1d,122141
2948,0x00000042,66
2949,0x00000042,66
2950,0x00001856,6230
2951,0x000162d8,90840
2952,0x0001b5e6,112102
2953,0x00000042,66
2954,0x0000cf40,53056
2955,0x00011b5d,72541
2956,0x0000014a,330
2957,0x0000014a,330
2958,0x00000042,66
2959,0x000000e3,227
2960,0x00000042,66
2961,0x000000f8,248
2962,0x00000093,147
2963,0x000002d6,726
2964,0x00000042,66
2965,0x00000181,385
2966,0x000033ae,13230
2967,0x0001df4c,122700
2968,0x0001e4f4,124148
2969,0x0001245a,74842
2970,0x00000042,66
2971,0x00000122,290
2972,0x00000318,792
2973,0x00000211,529
2974,0x000001ea,490
2975,0x00000084,132
2976,0x00000042,66
2977,0x000000a9,169
2978,0x00000108,264
2979,0x0000018c,396
2980,0x00000108,264
2981,0x0000022f,559
2982,0x00000074,116
2983,0x0000012a,298
2984,0x00000524,1316
2985,0x0001d378,119672
2986,0x0001df4c,122700
2987,0x0001dede,122590
2988,0x0001e4f4,124148
2989,0x0001df9b,122779
2990,0x0000da15,55829
2991,0x00000042,66
2992,0x00000042,66
2993,0x00000084,132
2994,0x0000018c,396
2995,0x0000014a,330
2996,0x00000672,1650
2997,0x0000056a,1386
2998,0x0000018c,396
2999,0x0000028a,650
3000,0x000002bb,699
3001,0x000003de,990
3002,0x0000039c,924
3003,0x00000074,116
3004,0x000000e3,227
3005,0x000003e0,992
3006,0x0000dc22,56354
3007,0x0001df7e,122750
3008,0x0001e056,122966
3009,0x00007b68,31592
3010,0x00000626,1574
3011,0x0001bb8e,113550
3012,0x0001df0a,122634
3013,0x000017a8,6056
3014,0x00000042,66
3015,0x0001515c,86364
3016,0x00001136,4406
3017,0x00000108,264
3018,0x0000018c,396
3019,0x000000c6,198
3020,0x00000042,66
3021,0x000000e3,227
3022,0x00000084,132
3023,0x00000042,66
3024,0x00000410,1040
3025,0x000006b4,1716
3026,0x00000042,66
3027,0x00000042,66
3028,0x00000738,1848
3029,0x00000232,562
3030,0x00015005,86021
3031,0x0001dbb4,121780
3032,0x0001df8e,122766
3033,0x00001113,4371
3034,0x00000084,132
3035,0x00000042,66
3036,0x00000084,132
3037,0x000001ce,462
3038,0x000000c6,198
3039,0x00000084,132
3040,0x0000022f,559
3041,0x0000012a,298
3042,0x00000074,116
3043,0x000019ae,6574
3044,0x0001e08a,123018
3045,0x0001df0a,122634
3046,0x0001dd95,122261
3047,0x0001e4f4,124148
3048,0x0001de40,122432
3049,0x0000baaa,47786
3050,0x00000084,132
3051,0x000000c6,198
3052,0x00000042,66
3053,0x00000042,66
3054,0x000001ce,462
3055,0x0000018c,396
3056,0x000001ce,462
3057,0x0000014a,330
3058,0x00000108,264
3059,0x000000fe,254
3060,0x000000ab,171
3061,0x00000042,66
3062,0x000000e3,227
3063,0x00000074,116
3064,0x00000074,116
3065,0x00000084,132
3066,0x000009db,2523
3067,0x0001e528,124200
3068,0x0001dbd1,121809
3069,0x0001e4f4,124148
3070,0x0001dcf2,122098
3071,0x0001c308,115464
3072,0x0000e5dc,58844
3073,0x00000042,66
3074,0x00000084,132
3075,0x00000108,264
3076,0x0000018c,396
3077,0x0000018c,396
3078,0x000001ce,462
3079,0x00000140,320
3080,0x00000069,105
3081,0x00000108,264
3082,0x00000108,264
3083,0x00000074,116
3084,0x00000525,1317
3085,0x00014695,83605
3086,0x0001e4f4,124148
3087,0x0001dcf2,122098
3088,0x00000d64,3428
3089,0x00000042,66
3090,0x00000084,132
3091,0x0000014a,330
3092,0x0000014a,330
3093,0x0000014a,330
3094,0x0000022f,559
3095,0x0000019e,414
3096,0x000003ef,1007
3097,0x0001aa12,109074
3098,0x0001df0a,122634
3099,0x0001df0a,122634
3100,0x0001e048,122952
3101,0x0001e2c3,123587
3102,0x00010601,67073
3103,0x00000042,66
3104,0x00000042,66
3105,0x00000084,132
3106,0x0000014a,330
3107,0x00000108,264
3108,0x00000210,528
3109,0x000001ce,462
3110,0x00000108,264
3111,0x00000167,359
3112,0x000000c6,198
3113,0x00000042,66
3114,0x000000e3,227
3115,0x00000074,116
3116,0x00000060,96
3117,0x000004dc,1244
3118,0x00012f61,77665
3119,0x0001df0a,122634
3120,0x0001df0a,122634
3121,0x000028de,10462
3122,0x00000042,66
3123,0x0000b6b3,46771
3124,0x0001df0a,122634
3125,0x0001e4f4,124148
3126,0x00003b24,15140
3127,0x0000640f,25615
3128,0x00000042,66
3129,0x00000042,66
3130,0x000001ce,462
3131,0x00000108,264
3132,0x000000c6,198
3133,0x000000fe,254
3134,0x000000ab,171
3135,0x0000014a,330
3136,0x000000c6,198
3137,0x00000074,116
3138,0x00000108,264
3139,0x00000084,132
3140,0x00000042,66
3141,0x00000dee,3566
3142,0x0001e4f4,124148
3143,0x0001df0a,122634
3144,0x0001488d,84109
3145,0x00000042,66
3146,0x00000042,66
3147,0x00000042,66
3148,0x0000014a,330
3149,0x0000014a,330
3150,0x00000108,264
3151,0x00000069,105
3152,0x000001c6,454
3153,0x00000074,116
3154,0x000000b6,182
3155,0x00000074,116
3156,0x00000674,1652
3157,0x0001cd4c,118092
3158,0x0001e4f4,124148
3159,0x0001df0a,122634
3160,0x0001df0a,122634
3161,0x0001e3e7,123879
3162,0x0000da57,55895
3163,0x00000042,66
3164,0x00000084,132
3165,0x00000042,66
3166,0x00000042,66
3167,0x000001ce,462
3168,0x0000014a,330
3169,0x0000018c,396
3170,0x0000014a,330
3171,0x000001ce,462
3172,0x000000bc,188
3173,0x0000014c,332
3174,0x00000074,116
3175,0x00000074,116
3176,0x0000018e,398
3177,0x00001ddf,7647
3178,0x0001e15f,123231
3179,0x0001e4f4,124148
3180,0x0001df0a,122634
3181,0x0001df0a,122634
3182,0x0001e0e1,123105
3183,0x0000b0af,45231
3184,0x00000042,66
3185,0x00000108,264
3186,0x00000084,132
3187,0x0000014a,330
3188,0x0000018c,396
3189,0x00000210,528
3190,0x00000108,264
3191,0x00000210,528
3192,0x000000c6,198
3193,0x000000e3,227
3194,0x00000074,116
3195,0x00000625,1573
3196,0x0001afba,110522
3197,0x0001df0a,122634
3198,0x000185cc,99788
3199,0x00000042,66
3200,0x00000084,132
3201,0x000001ce,462
3202,0x000000c6,198
3203,0x00000108,264
3204,0x0000015d,349
3205,0x000000d2,210
3206,0x00000074,116
3207,0x00000074,116
3208,0x000000b6,182
3209,0x000001d0,464
3210,0x0000531e,21278
3211,0x0001e361,123745
3212,0x0001df0a,122634
3213,0x0001df0a,122634
3214,0x0001df0a,122634
3215,0x0001e479,124025
3216,0x00007af9,31481
3217,0x00000042,66
3218,0x00000084,132
3219,0x00000108,264
3220,0x00000108,264
3221,0x000001ce,462
3222,0x00000210,528
3223,0x00000108,264
3224,0x0000018c,396
3225,0x000001a9,425
3226,0x00000042,66
3227,0x000000e3,227
3228,0x00000074,116
3229,0x00000074,116
3230,0x0000017f,383
3231,0x00009e5d,40541
3232,0x0001e054,122964
3233,0x0001e125,123173
3234,0x0001df0a,122634
3235,0x0001dd38,122168
3236,0x0001e4f4,124148
3237,0x00003297,12951
3238,0x00000084,132
3239,0x00000042,66
3240,0x00000084,132
3241,0x0000018c,396
3242,0x0000018c,396
3243,0x0000018c,396
3244,0x0000018c,396
3245,0x000001c4,452
3246,0x0000012f,303
3247,0x00000074,116
3248,0x00000180,384
3249,0x0000634c,25420
3250,0x0001e4f4,124148
3251,0x0001df0a,122634
3252,0x0000f1b0,61872
3253,0x00000042,66
3254,0x00000042,66
3255,0x00000042,66
3256,0x0000018c,396
3257,0x00000108,264
3258,0x00000108,264
3259,0x000000e3,227
3260,0x0000010a,266
3261,0x00000074,116
3262,0x0000012a,298
3263,0x00000042,66
3264,0x00000bc0,3008
3265,0x0001a3e6,107494
3266,0x0001df0a,122634
3267,0x0001df0a,122634
3268,0x0001e4f4,124148
3269,0x0001dcf2,122098
3270,0x000104fe,66814
3271,0x000000c6,198
3272,0x000000c6,198
3273,0x000000c6,198
3274,0x000001ce,462
3275,0x0000018c,396
3276,0x0000018c,396
3277,0x0000018c,396
3278,0x0000018c,396
3279,0x0000015d,349
3280,0x00000069,105
3281,0x000000e8,232
3282,0x0000030d,781
3283,0x00009659,38489
3284,0x0001e059,122969
3285,0x0001df0a,122634
3286,0x0001e2dc,123612
3287,0x0001df0a,122634
3288,0x0001e09a,123034
3289,0x00003a5a,14938
3290,0x00000042,66
3291,0x00000084,132
3292,0x00000108,264
3293,0x000001ce,462
3294,0x000001ce,462
3295,0x0000018c,396
3296,0x000001ce,462
3297,0x00000182,386
3298,0x000000ab,171
3299,0x00000074,116
3300,0x0000018c,396
3301,0x000005ec,1516
3302,0x0001806a,98410
3303,0x0001df0a,122634
3304,0x0001b46b,111723
3305,0x00000084,132
3306,0x00000042,66
3307,0x00000042,66
3308,0x0000018c,396
3309,0x00000108,264
3310,0x00000108,264
3311,0x000000e3,227
3312,0x0000014c,332
3313,0x00000074,116
3314,0x0000012a,298
3315,0x00000042,66
3316,0x000029af,10671
3317,0x0001df4c,122700
3318,0x0001e06c,122988
3319,0x0001e4f4,124148
3320,0x0001de40,122432
3321,0x0001e341,123713
3322,0x0000a4ce,42190
3323,0x000000b3,179
3324,0x00000108,264
3325,0x00000042,66
3326,0x00000084,132
3327,0x000001ce,462
3328,0x000001ce,462
3329,0x00000210,528
3330,0x00000108,264
3331,0x000001ce,462
3332,0x000001c6,454
3333,0x000000e8,232
3334,0x00000667,1639
3335,0x0001b5e6,112102
3336,0x0001e4f4,124148
3337,0x0001e048,122952
3338,0x0001df0a,122634
3339,0x0001de82,122498
3340,0x0000f681,63105
3341,0x00000084,132
3342,0x000000c6,198
3343,0x000000c6,198
3344,0x0000018c,396
3345,0x00000210,528
3346,0x0000018c,396
3347,0x0000014a,330
3348,0x0000018c,396
3349,0x000000e3,227
3350,0x00000074,116
3351,0x000005d9,1497
3352,0x00005ea0,24224
3353,0x0001df0a,122634
3354,0x0001e4f4,124148
3355,0x0000f1f2,61938
3356,0x00000042,66
3357,0x00000042,66
3358,0x00000042,66
3359,0x00000108,264
3360,0x0000014a,330
3361,0x00000108,264
3362,0x00000042,66
3363,0x000001ed,493
3364,0x00000074,116
3365,0x0000012a,298
3366,0x00000618,1560
3367,0x00018e59,101977
3368,0x0001dbc1,121793
3369,0x0001e4f4,124148
3370,0x0001df0a,122634
3371,0x0001e219,123417
3372,0x00011f34,73524
3373,0x000000c6,198
3374,0x00000042,66
3375,0x00000042,66
3376,0x00000252,594
3377,0x000001ce,462
3378,0x0000014a,330
3379,0x00000210,528
3380,0x0000018c,396
3381,0x0000015d,349
3382,0x00000069,105
3383,0x00000074,116
3384,0x00000074,116
3385,0x00000042,66
3386,0x0000ab82,43906
3387,0x0001dff7,122871
3388,0x0001e125,123173
3389,0x0001e1c2,123330
3390,0x0001df0a,122634
3391,0x0001df0a,122634
3392,0x000027db,10203
3393,0x00000042,66
3394,0x00000042,66
3395,0x00000042,66
3396,0x00000108,264
3397,0x000001ce,462
3398,0x0000018c,396
3399,0x00000084,132
3400,0x00000248,584
3401,0x000001f5,501
3402,0x00000042,66
3403,0x00000074,116
3404,0x000005d8,1496
3405,0x0001806a,98410
3406,0x0001df0a,122634
3407,0x0001b56b,111979
3408,0x00000084,132
3409,0x00000042,66
3410,0x0000018c,396
3411,0x00000108,264
3412,0x00000108,264
3413,0x0000015d,349
3414,0x000000d2,210
3415,0x00000074,116
3416,0x00000042,66
3417,0x00000074,116
3418,0x00000074,116
3419,0x000002e1,737
3420,0x0001a62c,108076
3421,0x0001e4f4,124148
3422,0x00018d12,101650
3423,0x0000018b,395
3424,0x0001499f,84383
3425,0x0001df0a,122634
3426,0x0001df0a,122634
3427,0x000010f4,4340
3428,0x00000084,132
3429,0x00000042,66
3430,0x00000042,66
3431,0x00000108,264
3432,0x0000018c,396
3433,0x0000014a,330
3434,0x00000084,132
3435,0x000001eb,491
3436,0x000001ce,462
3437,0x000000c6,198
3438,0x00000042,66
3439,0x00000157,343
3440,0x00000554,1364
3441,0x00012f2c,77612
3442,0x0001df0a,122634
3443,0x0001e4f4,124148
3444,0x0000276a,10090
3445,0x00015866,88166
3446,0x0001e631,124465
3447,0x0001d856,120918
3448,0x00000042,66
3449,0x00000042,66
3450,0x00000108,264
3451,0x00000108,264
3452,0x00000210,528
3453,0x00000084,132
3454,0x000000e3,227
3455,0x000001ce,462
3456,0x0000014a,330
3457,0x00000084,132
3458,0x00000074,116
3459,0x0000169c,5788
3460,0x0001e054,122964
3461,0x0001df0a,122634
3462,0x000144cb,83147
3463,0x00000042,66
3464,0x00000084,132
3465,0x00000042,66
3466,0x00000108,264
3467,0x0000018c,396
3468,0x00000108,264
3469,0x0000015d,349
3470,0x000000d2,210
3471,0x00000074,116
3472,0x000000b6,182
3473,0x00000074,116
3474,0x0000018e,398
3475,0x00000042,66
3476,0x0000154a,5450
3477,0x0001b3a5,111525
3478,0x0001e160,123232
3479,0x0001dd18,122136
3480,0x0001df0a,122634
3481,0x0001e4f4,124148
3482,0x0000e893,59539
3483,0x00000084,132
3484,0x00000084,132
3485,0x00000084,132
3486,0x000001ce,462
3487,0x0000014a,330
3488,0x000001ce,462
3489,0x00000210,528
3490,0x00000108,264
3491,0x000001a9,425
3492,0x000000e3,227
3493,0x00000074,116
3494,0x00000074,116
3495,0x00004ae5,19173
3496,0x0001df4c,122700
3497,0x0001e4f4,124148
3498,0x0001dc63,121955
3499,0x0001e4f4,124148
3500,0x0001de3d,122429
3501,0x000086cd,34509
3502,0x00000042,66
3503,0x00000084,132
3504,0x000001ce,462
3505,0x0000018c,396
3506,0x00000108,264
3507,0x00000210,528
3508,0x000001c4,452
3509,0x00000171,369
3510,0x00000074,116
3511,0x00000042,66
3512,0x00009489,38025
3513,0x0001df0a,122634
3514,0x0001df0a,122634
3515,0x0000c81d,51229
3516,0x00000042,66
3517,0x00000084,132
3518,0x00000084,132
3519,0x0000018c,396
3520,0x0000018c,396
3521,0x00000042,66
3522,0x000001ed,493
3523,0x00000074,116
3524,0x00000042,66
3525,0x000000e8,232
3526,0x0000031b,795
3527,0x0000b362,45922
3528,0x0001e36b,123755
3529,0x0001df0a,122634
3530,0x0001df0a,122634
3531,0x0001e4f4,124148
3532,0x0001ddfb,122363
3533,0x00001aef,6895
3534,0x00000042,66
3535,0x00000084,132
3536,0x00000042,66
3537,0x0000014a,330
3538,0x00000108,264
3539,0x00000210,528
3540,0x0000018c,396
3541,0x000001ce,462
3542,0x000000c6,198
3543,0x000000e3,227
3544,0x000000e3,227
3545,0x00000074,116
3546,0x00000074,116
3547,0x000003d6,982
3548,0x00008ad8,35544
3549,0x0001df0a,122634
3550,0x0001df0a,122634
3551,0x0001e4f4,124148
3552,0x0001dd7c,122236
3553,0x0001df9a,122778
3554,0x0000463b,17979
3555,0x00000084,132
3556,0x000000c6,198
3557,0x00000108,264
3558,0x000000c6,198
3559,0x000001ce,462
3560,0x00000210,528
3561,0x0000018c,396
3562,0x0000014a,330
3563,0x000000e3,227
3564,0x00000074,116
3565,0x000004ed,1261
3566,0x000181b5,98741
3567,0x0001df0a,122634
3568,0x0001b4da,111834
3569,0x00000084,132
3570,0x00000042,66
3571,0x00000042,66
3572,0x00000108,264
3573,0x0000018c,396
3574,0x00000108,264
3575,0x0000022f,559
3576,0x000000e8,232
3577,0x000000b6,182
3578,0x00000042,66
3579,0x000034da,13530
3580,0x0001e2b2,123570
3581,0x0001dbb8,121784
3582,0x0001e3c8,123848
3583,0x0001df0a,122634
3584,0x0001df0a,122634
3585,0x0000a03e,41022
3586,0x00000084,132
3587,0x00000042,66
3588,0x00000042,66
3589,0x0000014a,330
3590,0x00000108,264
3591,0x000001ce,462
3592,0x000001ce,462
3593,0x0000018c,396
3594,0x000001a9,425
3595,0x000000e3,227
3596,0x00000074,116
3597,0x00000074,116
3598,0x000003f2,1010
3599,0x0001dba8,121768
3600,0x0001e1eb,123371
3601,0x0001e24f,123471
3602,0x0001de40,122432
3603,0x0001df0a,122634
3604,0x0000d42b,54315
3605,0x00000084,132
3606,0x00000042,66
3607,0x000000c6,198
3608,0x000001ce,462
3609,0x0000018c,396
3610,0x000001ce,462
3611,0x0000014a,330
3612,0x0000026f,623
3613,0x00000074,116
3614,0x00000176,374
3615,0x000006d8,1752
3616,0x0001053b,66875
3617,0x0001df0a,122634
3618,0x0001df0a,122634
3619,0x000050df,20703
3620,0x00000042,66
3621,0x00000084,132
3622,0x000000c6,198
3623,0x0000014a,330
3624,0x000001ce,462
3625,0x00000042,66
3626,0x000001ed,493
3627,0x00000074,116
3628,0x0000012a,298
3629,0x000005cf,1487
3630,0x000007e7,2023
3631,0x0001afba,110522
3632,0x0001e118,123160
3633,0x0001df0a,122634
3634,0x0001df0a,122634
3635,0x0001e2dc,123612
3636,0x0000f6fc,63228
3637,0x00000084,132
3638,0x000000f8,248
3639,0x000000c6,198
3640,0x00000108,264
3641,0x0000018c,396
3642,0x00000210,528
3643,0x0000014a,330
3644,0x00000182,386
3645,0x0000012f,303
3646,0x000000e3,227
3647,0x00000074,116
3648,0x00000074,116
3649,0x00000042,66
3650,0x000120d6,73942
3651,0x0001dd37,122167
3652,0x0001e1b7,123319
3653,0x0001de8f,122511
3654,0x0001e4f4,124148
3655,0x000192ed,103149
3656,0x00000084,132
3657,0x00000042,66
3658,0x00000210,528
3659,0x00000108,264
3660,0x0000018c,396
3661,0x00000182,386
3662,0x000001f5,501
3663,0x00000108,264
3664,0x00000074,116
3665,0x00000042,66
3666,0x0000edf2,60914
3667,0x0001e34b,123723
3668,0x0001df0a,122634
3669,0x000069b7,27063
3670,0x00000042,66
3671,0x00000042,66
3672,0x00000042,66
3673,0x00000042,66
3674,0x000001ce,462
3675,0x000000c6,198
3676,0x00000108,264
3677,0x000000e3,227
3678,0x0000010a,266
3679,0x00000074,116
3680,0x00000042,66
3681,0x000000e8,232
3682,0x0000018f,399
3683,0x00000324,804
3684,0x00011124,69924
3685,0x0001e4f4,124148
3686,0x0001df0a,122634
3687,0x0001df0a,122634
3688,0x0001e048,122952
3689,0x00019cf9,105721
3690,0x000002c2,706
3691,0x00000042,66
3692,0x00000084,132
3693,0x00000108,264
3694,0x00000210,528
3695,0x0000018c,396
3696,0x0000018c,396
3697,0x0000018c,396
3698,0x000001c0,448
3699,0x00000084,132
3700,0x000002b5,693
3701,0x00000069,105
3702,0x000000e8,232
3703,0x00000074,116
3704,0x0000031c,796
3705,0x000124a1,74913
3706,0x0001e22a,123434
3707,0x0001ddc2,122306
3708,0x0001e417,123927
3709,0x0001df0a,122634
3710,0x00018ba9,101289
3711,0x00000084,132
3712,0x00000042,66
3713,0x0000018c,396
3714,0x000001ce,462
3715,0x0000018c,396
3716,0x00000108,264
3717,0x0000026f,623
3718,0x00000108,264
3719,0x00000074,116
3720,0x000002e0,736
3721,0x00016c15,93205
3722,0x0001df4c,122700
3723,0x0001cd38,118072
3724,0x00000084,132
3725,0x00000084,132
3726,0x0000018c,396
3727,0x0000014a,330
3728,0x00000084,132
3729,0x000001c6,454
3730,0x00000069,105
3731,0x00000074,116
3732,0x000000b6,182
3733,0x00000074,116
3734,0x0000018e,398
3735,0x0000d9c2,55746
3736,0x0001e08b,123019
3737,0x0001df0a,122634
3738,0x0001df0a,122634
3739,0x0001e306,123654
3740,0x0001d856,120918
3741,0x00000042,66
3742,0x0000014c,332
3743,0x00000084,132
3744,0x00000042,66
3745,0x000001ce,462
3746,0x0000018c,396
3747,0x0000018c,396
3748,0x00000210,528
3749,0x0000014a,330
3750,0x0000014d,333
3751,0x000001c6,454
3752,0x00000069,105
3753,0x000000e8,232
3754,0x00000242,578
3755,0x0001bbd0,113616
3756,0x0001e047,122951
3757,0x0001df0a,122634
3758,0x0001df0a,122634
3759,0x0001e484,124036
3760,0x0000f502,62722
3761,0x00000084,132
3762,0x00000084,132
3763,0x00000042,66
3764,0x0000018c,396
3765,0x00000210,528
3766,0x0000018c,396
3767,0x0000018c,396
3768,0x0000018c,396
3769,0x000000e3,227
3770,0x00000074,116
3771,0x00000180,384
3772,0x00009eba,40634
3773,0x0001e4f4,124148
3774,0x0001df0a,122634
3775,0x0000b68c,46732
3776,0x00000042,66
3777,0x00000042,66
3778,0x00000042,66
3779,0x00000042,66
3780,0x00000084,132
3781,0x0000021f,543
3782,0x0000014a,330
3783,0x00000084,132
3784,0x00000184,388
3785,0x00000069,105
3786,0x00000069,105
3787,0x000001cc,460
3788,0x0000015f,351
3789,0x0000041c,1052
3790,0x00011888,71816
3791,0x0001e4f4,124148
3792,0x0001df0a,122634
3793,0x0001ded3,122579
3794,0x0001def6,122614
3795,0x00019748,104264
3796,0x00000042,66
3797,0x000000c6,198
3798,0x00000042,66
3799,0x00000108,264
3800,0x0000018c,396
3801,0x0000018c,396
3802,0x00000210,528
3803,0x00000108,264
3804,0x000001ce,462
3805,0x0000007a,122
3806,0x0000014c,332
3807,0x00000074,116
3808,0x00000074,116
3809,0x00000042,66
3810,0x0000d483,54403
3811,0x0001dc42,121922
3812,0x0001dfb0,122800
3813,0x0001e46c,124012
3814,0x0001df0a,122634
3815,0x0001e14b,123211
3816,0x00000042,66
3817,0x00000084,132
3818,0x00000042,66
3819,0x0000014a,330
3820,0x00000205,517
3821,0x000001ce,462
3822,0x000000c6,198
3823,0x000001ce,462
3824,0x00000167,359
3825,0x00000042,66
3826,0x000000a4,164
3827,0x0000355a,13658
3828,0x000005ea,1514
3829,0x0000182c,6188
3830,0x00004a01,18945
3831,0x00011d2f,73007
3832,0x0001e047,122951
3833,0x0001e156,123222
3834,0x00009fc4,40900
3835,0x0000410e,16654
3836,0x000029a8,10664
3837,0x00000bd4,3028
3838,0x000046f8,18168
3839,0x000017a8,6056
3840,0x0000353a,13626
3841,0x0000237c,9084
3842,0x0000182c,6188
3843,0x00003bb7,15287
3844,0x0000186e,6254
3845,0x00002508,9480
3846,0x00004216,16918
3847,0x00003b66,15206
3848,0x00004855,18517
3849,0x00003022,12322
3850,0x00003b8d,15245
3851,0x0000019a,410
3852,0x00004d98,19864
3853,0x000044c1,17601
3854,0x0000410e,16654
3855,0x000052cc,21196
3856,0x00000042,66
3857,0x0000173a,5946
3858,0x00011cc0,72896
3859,0x0001df0a,122634
3860,0x0001df25,122661
3861,0x0001e4f3,124147
3862,0x0001df0a,122634
3863,0x0001915b,102747
3864,0x000000f0,240
3865,0x00000042,66
3866,0x00000084,132
3867,0x00000084,132
3868,0x00000108,264
3869,0x00000284,644
3870,0x0000014a,330
3871,0x000001ce,462
3872,0x0000014a,330
3873,0x00000108,264
3874,0x0000015d,349
3875,0x00000069,105
3876,0x000000e8,232
3877,0x000005cf,1487
3878,0x00013fa0,81824
3879,0x0001df0a,122634
3880,0x0001df0a,122634
3881,0x0001df0a,122634
3882,0x0001e355,123733
3883,0x00016eb4,93876
3884,0x00000042,66
3885,0x00000042,66
3886,0x00000084,132
3887,0x00000042,66
3888,0x000001ce,462
3889,0x000001ce,462
3890,0x0000018c,396
3891,0x0000014a,330
3892,0x0000026f,623
3893,0x00000074,116
3894,0x000003e0,992
3895,0x00009565,38245
3896,0x0001e055,122965
3897,0x0001df0a,122634
3898,0x0000c2f1,49905
3899,0x00000084,132
3900,0x0000014a,330
3901,0x00000108,264
3902,0x0000018c,396
3903,0x00000042,66
3904,0x0000022f,559
3905,0x000000e8,232
3906,0x000000b6,182
3907,0x000003ee,1006
3908,0x0000263b,9787
3909,0x0001df0a,122634
3910,0x0001e053,122963
3911,0x0001e4f4,124148
3912,0x0001df0a,122634
3913,0x0001e047,122951
3914,0x0000a7b3,42931
3915,0x00000084,132
3916,0x000000c6,198
3917,0x00000084,132
3918,0x0000014a,330
3919,0x00000210,528
3920,0x0000014a,330
3921,0x000001ce,462
3922,0x00000210,528
3923,0x00000084,132
3924,0x000001c6,454
3925,0x000000e8,232
3926,0x000013c4,5060
3927,0x00013224,78372
3928,0x0001dd36,122166
3929,0x0001e150,123216
3930,0x0001e43e,123966
3931,0x0001e09a,123034
3932,0x00016c87,93319
3933,0x00000042,66
3934,0x00000084,132
3935,0x00000084,132
3936,0x00000084,132
3937,0x00000108,264
3938,0x00000210,528
3939,0x00000108,264
3940,0x00000210,528
3941,0x00000210,528
3942,0x00000084,132
3943,0x000000e3,227
3944,0x00000042,66
3945,0x000000c6,198
3946,0x00000074,116
3947,0x000006b5,1717
3948,0x0001bb8e,113550
3949,0x0001e4f4,124148
3950,0x000173cc,95180
3951,0x00000093,147
3952,0x00000042,66
3953,0x00000042,66
3954,0x000001ce,462
3955,0x000000c6,198
3956,0x00000108,264
3957,0x000001f7,503
3958,0x000001c2,450
3959,0x00000344,836
3960,0x00000074,116
3961,0x00000074,116
3962,0x000000b6,182
3963,0x00000067,103
3964,0x00000ac5,2757
3965,0x0001e059,122969
3966,0x0001e536,124214
3967,0x0001dba8,121768
3968,0x0001e370,123760
3969,0x0001df0a,122634
3970,0x0000c727,50983
3971,0x00000084,132
3972,0x00000042,66
3973,0x000000c6,198
3974,0x00000108,264
3975,0x000001ce,462
3976,0x00000210,528
3977,0x0000018c,396
3978,0x00000108,264
3979,0x00000140,320
3980,0x0000014c,332
3981,0x00000074,116
3982,0x00000074,116
3983,0x0000003c,60
3984,0x000004ee,1262
3985,0x000105b7,66999
3986,0x0001df66,122726
3987,0x0001e4f4,124148
3988,0x0001df0a,122634
3989,0x0001de8f,122511
3990,0x0001a906,108806
3991,0x00000084,132
3992,0x00000084,132
3993,0x00000084,132
3994,0x0000014a,330
3995,0x000001ce,462
3996,0x00000210,528
3997,0x00000108,264
3998,0x000001ce,462
3999,0x000001a9,425
4000,0x00000074,116
4001,0x0000019f,415
4002,0x00012667,75367
4003,0x0001df0a,122634
4004,0x0001e4f4,124148
4005,0x00002ed5,11989
4006,0x00000042,66
4007,0x00000084,132
4008,0x0000014a,330
4009,0x0000018c,396
4010,0x000000c6,198
4011,0x00000042,66
4012,0x0000022f,559
4013,0x00000074,116
4014,0x000000b6,182
4015,0x00000074,116
4016,0x000001d3,467
4017,0x00015588,87432
4018,0x0001e1a2,123298
4019,0x0001df0a,122634
4020,0x0001df0a,122634
4021,0x0001e1ea,123370
4022,0x00015c24,89124
4023,0x00000060,96
4024,0x00000042,66
4025,0x00000108,264
4026,0x0000018c,396
4027,0x0000018c,396
4028,0x000001ce,462
4029,0x00000108,264
4030,0x0000018c,396
4031,0x0000015d,349
4032,0x00000069,105
4033,0x00000074,116
4034,0x00000074,116
4035,0x0000060f,1551
4036,0x000074ef,29935
4037,0x0001df4c,122700
4038,0x0001e4f4,124148
4039,0x0001df0a,122634
4040,0x0001dcf2,122098
4041,0x0001dc11,121873
4042,0x000057ec,22508
4043,0x00000042,66
4044,0x000000c6,198
4045,0x00000042,66
4046,0x0000018c,396
4047,0x00000108,264
4048,0x00000210,528
4049,0x0000018c,396
4050,0x0000018c,396
4051,0x00000182,386
4052,0x00000069,105
4053,0x00000074,116
4054,0x00000191,401
4055,0x00017f17,98071
4056,0x0001e4f4,124148
4057,0x0001b529,111913
4058,0x00000042,66
4059,0x00000084,132
4060,0x00000042,66
4061,0x000001ce,462
4062,0x000000c6,198
4063,0x00000108,264
4064,0x0000015d,349
4065,0x000000d2,210
4066,0x0000012a,298
4067,0x00000074,116
4068,0x000002ef,751
4069,0x0001186f,71791
4070,0x0001dbbd,121789
4071,0x0001e4f4,124148
4072,0x0001df0a,122634
4073,0x0001dd53,122195
4074,0x00019d32,105778
4075,0x00000084,132
4076,0x00000084,132
4077,0x00000042,66
4078,0x00000210,528
4079,0x0000018c,396
4080,0x0000018c,396
4081,0x0000014a,330
4082,0x000001ce,462
4083,0x0000007a,122
4084,0x0000014c,332
4085,0x00000074,116
4086,0x00000074,116
4087,0x0000052a,1322
4088,0x0001b6f0,112368
4089,0x0001df0a,122634
4090,0x0001dcb4,122036
4091,0x0001dec4,122564
4092,0x0001e1a7,123303
4093,0x0000f7a7,63399
4094,0x00000084,132
4095,0x00000042,66
