0,0x00000dcc,3532
1,0x00000e55,3669
2,0x0000106f,4207
3,0x000018c0,6336
4,0x001a398a,1718666
5,0x001a3fa2,1720226
6,0x001a5672,1726066
7,0x001a66b1,1730225
8,0x001a66b2,1730226
9,0x001a87f9,1738745
10,0x001b0318,1770264
11,0x001b9fa7,1810343
12,0x002054ce,2118862
13,0x002054d0,2118864
14,0x00207be7,2128871
15,0x0020a2ff,2138879
16,0x0020ca15,2148885
17,0x0020f12c,2158892
18,0x00211842,2168898
19,0x0021188b,2168971
20,0x00213f58,2178904
21,0x0021666e,2188910
22,0x00218d84,2198916
23,0x0021b49a,2208922
24,0x0021b4aa,2208938
25,0x0021dbbf,2218943
26,0x002202d5,2228949
27,0x002229ec,2238956
28,0x00225102,2248962
29,0x00227818,2258968
30,0x00229f2f,2268975
31,0x0022c645,2278981
32,0x0022ed5b,2288987
33,0x00231472,2298994
34,0x00233b89,2309001
35,0x00233b92,2309010
36,0x002362a8,2319016
37,0x002389c0,2329024
38,0x0023b0d7,2339031
39,0x0023d7ed,2349037
40,0x0023ff04,2359044
41,0x0023ff5d,2359133
42,0x0024261b,2369051
43,0x00244d32,2379058
44,0x00247448,2389064
45,0x00249b5e,2399070
46,0x0024c275,2409077
47,0x0024c280,2409088
48,0x0024e996,2419094
49,0x002510ac,2429100
50,0x002537c3,2439107
51,0x00255eda,2449114
52,0x002585f1,2459121
53,0x0025992c,2464044
54,0x0025992f,2464047
55,0x0025ad07,2469127
56,0x0025c045,2474053
57,0x0025d41e,2479134
58,0x0025e75b,2484059
59,0x0025fb36,2489142
60,0x00260e71,2494065
61,0x0026224b,2499147
62,0x00263587,2504071
63,0x00264962,2509154
64,0x00264991,2509201
65,0x00265c9f,2514079
66,0x002670a8,2519208
67,0x002683b5,2524085
68,0x002697bf,2529215
69,0x0026aaca,2534090
70,0x0026bed7,2539223
71,0x0026d1e0,2544096
72,0x0026e5ec,2549228
73,0x0026f8f6,2554102
74,0x0026f906,2554118
75,0x00270d02,2559234
76,0x0027201b,2564123
77,0x00273418,2569240
78,0x00274731,2574129
79,0x00275b2f,2579247
80,0x00276e48,2584136
81,0x00278247,2589255
82,0x002782b5,2589365
83,0x0027955e,2594142
84,0x0027a95d,2599261
85,0x0027bc75,2604149
86,0x0027d075,2609269
87,0x0027d0a7,2609319
88,0x0027e38b,2614155
89,0x0027f7be,2619326
90,0x00280aa2,2624162
91,0x00281ed3,2629331
92,0x002831b8,2634168
93,0x002845ea,2639338
94,0x002858ce,2644174
95,0x00286cbb,2649275
96,0x00286d01,2649345
97,0x00287ff5,2654197
98,0x00288025,2654245
99,0x0028941c,2659356
100,0x0028a73b,2664251
101,0x0028bb34,2669364
102,0x0028ce52,2674258
103,0x0028e24b,2679371
104,0x0028f568,2684264
105,0x00290962,2689378
106,0x00291c7e,2694270
107,0x0029307a,2699386
108,0x00294395,2704277
109,0x00295791,2709393
110,0x0029579b,2709403
111,0x00296aab,2714283
112,0x00297eb1,2719409
113,0x002991c2,2724290
114,0x0029a5c6,2729414
115,0x0029b8d9,2734297
116,0x0029ccdd,2739421
117,0x0029dff1,2744305
118,0x0029f3f3,2749427
119,0x002a0709,2754313
120,0x002a0783,2754435
121,0x002a1b08,2759432
122,0x002a2e9a,2764442
123,0x002a421d,2769437
124,0x002a55b2,2774450
125,0x002a6932,2779442
126,0x002a7cc8,2784456
127,0x002a9049,2789449
128,0x002aa371,2794353
129,0x002aa3df,2794463
130,0x002ab75e,2799454
131,0x002acaf6,2804470
132,0x002ade74,2809460
133,0x002ade7e,2809470
134,0x002ae291,2810513
135,0x002ae294,2810516
136,0x002af20d,2814477
137,0x002b0595,2819477
138,0x002b09ab,2820523
139,0x002b1925,2824485
140,0x002b2caa,2829482
141,0x002b2ccc,2829516
142,0x002b30c1,2830529
143,0x002b403c,2834492
144,0x002b53bf,2839487
145,0x002b57d7,2840535
146,0x002b6754,2844500
147,0x002b7ad6,2849494
148,0x002b7eed,2850541
149,0x002b8e6a,2854506
150,0x002b8e73,2854515
151,0x002ba1ed,2859501
152,0x002ba604,2860548
153,0x002ba653,2860627
154,0x002bb58a,2864522
155,0x002bc903,2869507
156,0x002bcd1a,2870554
157,0x002bdca1,2874529
158,0x002bf018,2879512
159,0x002bf42f,2880559
160,0x002c03b8,2884536
161,0x002c172d,2889517
162,0x002c1b45,2890565
163,0x002c2acf,2894543
164,0x002c3e42,2899522
165,0x002c425b,2900571
166,0x002c426b,2900587
167,0x002c51e5,2904549
168,0x002c6559,2909529
169,0x002c6561,2909537
170,0x002c6981,2910593
171,0x002c78fd,2914557
172,0x002c8c76,2919542
173,0x002c9097,2920599
174,0x002ca014,2924564
175,0x002cb38c,2929548
176,0x002cb7ae,2930606
177,0x002cc72b,2934571
178,0x002cdaa4,2939556
179,0x002cdec5,2940613
180,0x002cee41,2944577
181,0x002d01ba,2949562
182,0x002d05dc,2950620
183,0x002d1557,2954583
184,0x002d1560,2954592
185,0x002d28d1,2959569
186,0x002d2cf2,2960626
187,0x002d3c78,2964600
188,0x002d3c90,2964624
189,0x002d4fe6,2969574
190,0x002d540a,2970634
191,0x002d638f,2974607
192,0x002d76fd,2979581
193,0x002d7b21,2980641
194,0x002d8aa4,2984612
195,0x002d9e12,2989586
196,0x002da237,2990647
197,0x002db1bb,2994619
198,0x002dc529,2999593
199,0x002dc94e,3000654
200,0x002dc958,3000664
201,0x002dd8d2,3004626
202,0x002deca6,3009702
203,0x002decaf,3009711
204,0x002df06f,3010671
205,0x002dffe8,3014632
206,0x002e13c5,3019717
207,0x002e1786,3020678
208,0x002e26ff,3024639
209,0x002e3adc,3029724
210,0x002e3e9c,3030684
211,0x002e4e15,3034645
212,0x002e61f1,3039729
213,0x002e65b4,3040692
214,0x002e752b,3044651
215,0x002e8907,3049735
216,0x002e8ccc,3050700
217,0x002e9c42,3054658
218,0x002e9c4c,3054668
219,0x002eb01d,3059741
220,0x002eb023,3059747
221,0x002eb3e2,3060706
222,0x002eb447,3060807
223,0x002ec364,3064676
224,0x002ed733,3069747
225,0x002edaf9,3070713
226,0x002eea7b,3074683
227,0x002efe4a,3079754
228,0x002f0211,3080721
229,0x002f1194,3084692
230,0x002f2560,3089760
231,0x002f2928,3090728
232,0x002f3229,3093033
233,0x002f322b,3093035
234,0x002f38ac,3094700
235,0x002f4c77,3099767
236,0x002f503e,3100734
237,0x002f504a,3100746
238,0x002f594d,3103053
239,0x002f5fc1,3104705
240,0x002f738c,3109772
241,0x002f7397,3109783
242,0x002f7761,3110753
243,0x002f8066,3113062
244,0x002f86d7,3114711
245,0x002f9aad,3119789
246,0x002f9acb,3119819
247,0x002f9e78,3120760
248,0x002fa77c,3123068
249,0x002faded,3124717
250,0x002fae07,3124743
251,0x002fc1c4,3129796
252,0x002fc58d,3130765
253,0x002fce94,3133076
254,0x002fd504,3134724
255,0x002fe8da,3139802
256,0x002feca4,3140772
257,0x002ff5aa,3143082
258,0x002ff60a,3143178
259,0x002ffc1b,3144731
260,0x00300ff0,3149808
261,0x003013bb,3150779
262,0x00301cc1,3153089
263,0x00302332,3154738
264,0x0030233c,3154748
265,0x00303707,3159815
266,0x00303ad2,3160786
267,0x003043d8,3163096
268,0x00304a53,3164755
269,0x00305e1e,3169822
270,0x003061e8,3170792
271,0x00306aee,3173102
272,0x0030716a,3174762
273,0x00308533,3179827
274,0x003088fe,3180798
275,0x00309205,3183109
276,0x00309880,3184768
277,0x0030ac48,3189832
278,0x0030b014,3190804
279,0x0030b91b,3193115
280,0x0030b92c,3193132
281,0x0030bf97,3194775
282,0x0030d35e,3199838
283,0x0030d72a,3200810
284,0x0030d734,3200820
285,0x0030e042,3203138
286,0x0030e6af,3204783
287,0x0030fa74,3209844
288,0x0030fa7c,3209852
289,0x0030fe49,3210825
290,0x00310759,3213145
291,0x00310dc6,3214790
292,0x00312194,3219860
293,0x00312561,3220833
294,0x00312e71,3223153
295,0x003134db,3224795
296,0x003148aa,3229866
297,0x00314c76,3230838
298,0x00315589,3233161
299,0x00315bf2,3234802
300,0x00316fc1,3239873
301,0x0031738b,3240843
302,0x00317ca0,3243168
303,0x00318309,3244809
304,0x003196da,3249882
305,0x00319aa0,3250848
306,0x0031a3b6,3253174
307,0x0031aa1f,3254815
308,0x0031aa27,3254823
309,0x0031bdef,3259887
310,0x0031c1b7,3260855
311,0x0031cace,3263182
312,0x0031d13d,3264829
313,0x0031e505,3269893
314,0x0031e8cf,3270863
315,0x0031f1e6,3273190
316,0x0031f854,3274836
317,0x00320c1b,3279899
318,0x00320fe4,3280868
319,0x003218fd,3283197
320,0x00321f6c,3284844
321,0x00323331,3289905
322,0x003236fb,3290875
323,0x00324014,3293204
324,0x00324020,3293216
325,0x00324682,3294850
326,0x00325a3b,3299899
327,0x00325a45,3299909
328,0x00325e12,3300882
329,0x00325e42,3300930
330,0x00326737,3303223
331,0x00326d99,3304857
332,0x0032815a,3309914
333,0x0032818b,3309963
334,0x0032851e,3310878
335,0x00328557,3310935
336,0x00328e4e,3313230
337,0x003294af,3314863
338,0x0032a8a1,3319969
339,0x0032ac6d,3320941
340,0x0032b565,3323237
341,0x0032bbc5,3324869
342,0x0032cfb7,3329975
343,0x0032d383,3330947
344,0x0032dc7c,3333244
345,0x0032e2db,3334875
346,0x0032f6cd,3339981
347,0x0032fa9b,3340955
348,0x00330374,3343220
349,0x00330394,3343252
350,0x003309f2,3344882
351,0x00331de2,3349986
352,0x003321b2,3350962
353,0x00332aab,3353259
354,0x00333109,3354889
355,0x00333113,3354899
356,0x003344f9,3359993
357,0x003348ca,3360970
358,0x00334942,3361090
359,0x003351c4,3363268
360,0x00335829,3364905
361,0x00336c10,3370000
362,0x00336fe1,3370977
363,0x003378db,3373275
364,0x00337f40,3374912
365,0x00339325,3380005
366,0x003396f8,3380984
367,0x00339ff2,3383282
368,0x0033a658,3384920
369,0x0033ba3b,3390011
370,0x0033be0f,3390991
371,0x0033c709,3393289
372,0x0033c713,3393299
373,0x0033cd6f,3394927
374,0x0033e150,3400016
375,0x0033e526,3400998
376,0x0033e533,3401011
377,0x0033ee2a,3403306
378,0x0033f486,3404934
379,0x00340865,3410021
380,0x0034086c,3410028
381,0x00340c4a,3411018
382,0x00341540,3413312
383,0x00341b9d,3414941
384,0x00341be1,3415009
385,0x00342f81,3420033
386,0x00343361,3421025
387,0x00343c55,3423317
388,0x003442b5,3424949
389,0x00345696,3430038
390,0x00345a78,3431032
391,0x0034636c,3433324
392,0x003469cb,3434955
393,0x00347dac,3440044
394,0x0034818f,3441039
395,0x00348a83,3443331
396,0x003490e2,3444962
397,0x0034a4c1,3450049
398,0x0034a8a6,3451046
399,0x0034b19a,3453338
400,0x0034b7fa,3454970
401,0x0034b807,3454983
402,0x0034cbd6,3460054
403,0x0034cfbc,3461052
404,0x0034d8b2,3463346
405,0x0034df1d,3464989
406,0x0034f2ec,3470060
407,0x0034f6d3,3471059
408,0x0034ffc8,3473352
409,0x0035061c,3474972
410,0x00350634,3474996
411,0x00351a03,3480067
412,0x00351dea,3481066
413,0x003526e0,3483360
414,0x00352d4b,3485003
415,0x00354117,3490071
416,0x00354502,3491074
417,0x00354df7,3493367
418,0x00354e02,3493378
419,0x00355463,3495011
420,0x00356003,3497987
421,0x00356005,3497989
422,0x0035682c,3500076
423,0x00356c19,3501081
424,0x00356c21,3501089
425,0x0035751a,3503386
426,0x00357b79,3505017
427,0x0035871e,3507998
428,0x00358f41,3510081
429,0x00358f4b,3510091
430,0x00359337,3511095
431,0x00359c31,3513393
432,0x0035a290,3515024
433,0x0035ae34,3518004
434,0x0035b660,3520096
435,0x0035ba4e,3521102
436,0x0035c346,3523398
437,0x0035c9a7,3525031
438,0x0035d54a,3528010
439,0x0035dd75,3530101
440,0x0035dd93,3530131
441,0x0035e166,3531110
442,0x0035ea5c,3533404
443,0x0035f0be,3535038
444,0x0035fc5f,3538015
445,0x0036048b,3540107
446,0x0036087c,3541116
447,0x00361174,3543412
448,0x003617d3,3545043
449,0x00362375,3548021
450,0x003623dc,3548124
451,0x00362ba1,3550113
452,0x00362f92,3551122
453,0x0036388b,3553419
454,0x00363eec,3555052
455,0x00363ef5,3555061
456,0x00364a8b,3558027
457,0x003652b6,3560118
458,0x00365694,3561108
459,0x003656a8,3561128
460,0x00365fa2,3563426
461,0x0036660c,3565068
462,0x003671a2,3568034
463,0x003679cc,3570124
464,0x00367dbe,3571134
465,0x003686ba,3573434
466,0x00368d22,3575074
467,0x003698b8,3578040
468,0x0036a0e3,3580131
469,0x0036a4d4,3581140
470,0x0036add1,3583441
471,0x0036b43c,3585084
472,0x0036bfcf,3588047
473,0x0036bfdf,3588063
474,0x0036c7f9,3590137
475,0x0036c83b,3590203
476,0x0036cbec,3591148
477,0x0036d4e7,3593447
478,0x0036d4eb,3593451
479,0x0036d4f2,3593458
480,0x0036db52,3595090
481,0x0036e6f5,3598069
482,0x0036ef0e,3600142
483,0x0036f301,3601153
484,0x0036f309,3601161
485,0x0036fc08,3603464
486,0x00370267,3605095
487,0x00370e0b,3608075
488,0x00371623,3610147
489,0x0037162b,3610155
490,0x00371a21,3611169
491,0x0037231f,3613471
492,0x0037297e,3615102
493,0x00373521,3618081
494,0x00373d40,3620160
495,0x00374137,3621175
496,0x00374a35,3623477
497,0x00375095,3625109
498,0x00375c37,3628087
499,0x00376456,3630166
500,0x0037684c,3631180
501,0x0037714b,3633483
502,0x003777aa,3635114
503,0x0037834d,3638093
504,0x00378b6b,3640171
505,0x00378f63,3641187
506,0x00379859,3643481
507,0x00379861,3643489
508,0x00379ec1,3645121
509,0x0037aa97,3648151
510,0x0037b281,3650177
511,0x0037b67a,3651194
512,0x0037bf79,3653497
513,0x0037c5d6,3655126
514,0x0037c5de,3655134
515,0x0037d1ad,3658157
516,0x0037d998,3660184
517,0x0037dd90,3661200
518,0x0037e68e,3663502
519,0x0037ecf5,3665141
520,0x0037f8c4,3668164
521,0x003800ad,3670189
522,0x003804a6,3671206
523,0x00380da6,3673510
524,0x0038140b,3675147
525,0x00381fdc,3678172
526,0x003827c3,3680195
527,0x00382bba,3681210
528,0x003834bd,3683517
529,0x00383b20,3685152
530,0x003846f5,3688181
531,0x00384700,3688192
532,0x00384ed9,3690201
533,0x003852d1,3691217
534,0x00385bd3,3693523
535,0x00385bdc,3693532
536,0x00386235,3695157
537,0x00386e16,3698198
538,0x003875ef,3700207
539,0x003879e8,3701224
540,0x00387a14,3701268
541,0x003882f5,3703541
542,0x00388949,3705161
543,0x0038952d,3708205
544,0x00389d05,3710213
545,0x00389d0f,3710223
546,0x0038a12b,3711275
547,0x0038aa0c,3713548
548,0x0038b05f,3715167
549,0x0038bc45,3718213
550,0x0038c426,3720230
551,0x0038c842,3721282
552,0x0038d123,3723555
553,0x0038d776,3725174
554,0x0038e35c,3728220
555,0x0038eb3c,3730236
556,0x0038ef59,3731289
557,0x0038f83c,3733564
558,0x0038fe8d,3735181
559,0x00390a73,3738227
560,0x00391253,3740243
561,0x00391670,3741296
562,0x00391f54,3743572
563,0x003925a4,3745188
564,0x0039318a,3748234
565,0x00393967,3750247
566,0x00393d89,3751305
567,0x0039466d,3753581
568,0x00394cb9,3755193
569,0x00394cc5,3755205
570,0x0039589f,3758239
571,0x0039607c,3760252
572,0x003964a0,3761312
573,0x00396d83,3763587
574,0x003973dc,3765212
575,0x00397fb5,3768245
576,0x00398792,3770258
577,0x003987aa,3770282
578,0x00398bb9,3771321
579,0x0039949c,3773596
580,0x00399af3,3775219
581,0x0039a6cc,3778252
582,0x0039aea8,3780264
583,0x0039b2d0,3781328
584,0x0039bbb4,3783604
585,0x0039c20a,3785226
586,0x0039cde3,3788259
587,0x0039cded,3788269
588,0x0039d5bd,3790269
589,0x0039d9e6,3791334
590,0x0039e2ca,3793610
591,0x0039e2d7,3793623
592,0x0039e920,3795232
593,0x0039f503,3798275
594,0x0039fcd3,3800275
595,0x003a00fd,3801341
596,0x003a0109,3801353
597,0x003a09ee,3803630
598,0x003a1012,3805202
599,0x003a1036,3805238
600,0x003a1c1a,3808282
601,0x003a23eb,3810283
602,0x003a23f5,3810293
603,0x003a27f3,3811315
604,0x003a281f,3811359
605,0x003a3106,3813638
606,0x003a374c,3815244
607,0x003a4330,3818288
608,0x003a4b0b,3820299
609,0x003a4f35,3821365
610,0x003a581d,3823645
611,0x003a5e61,3825249
612,0x003a6a48,3828296
613,0x003a7221,3830305
614,0x003a764b,3831371
615,0x003a7f34,3833652
616,0x003a8576,3835254
617,0x003a915e,3838302
618,0x003a9937,3840311
619,0x003a9d60,3841376
620,0x003aa64c,3843660
621,0x003aa663,3843683
622,0x003aac8d,3845261
623,0x003ab873,3848307
624,0x003ac04b,3850315
625,0x003ac477,3851383
626,0x003acd62,3853666
627,0x003ad3a2,3855266
628,0x003ad3ac,3855276
629,0x003adf87,3858311
630,0x003ae761,3860321
631,0x003aeb8f,3861391
632,0x003aeba8,3861416
633,0x003af479,3863673
634,0x003afac1,3865281
635,0x003afb31,3865393
636,0x003b069e,3868318
637,0x003b0e77,3870327
638,0x003b12a5,3871397
639,0x003b1b91,3873681
640,0x003b21d7,3875287
641,0x003b2db5,3878325
642,0x003b358c,3880332
643,0x003b39bb,3881403
644,0x003b42a7,3883687
645,0x003b48ed,3885293
646,0x003b54cb,3888331
647,0x003b54d3,3888339
648,0x003b5ca1,3890337
649,0x003b60d2,3891410
650,0x003b69bf,3893695
651,0x003b69ee,3893742
652,0x003b7004,3895300
653,0x003b7bea,3898346
654,0x003b83b6,3900342
655,0x003b87e9,3901417
656,0x003b87f3,3901427
657,0x003b9105,3903749
658,0x003b971a,3905306
659,0x003ba2ff,3908351
660,0x003ba33d,3908413
661,0x003baacc,3910348
662,0x003baad5,3910357
663,0x003baf0a,3911434
664,0x003bb81b,3913755
665,0x003bbe30,3915312
666,0x003bca14,3918356
667,0x003bd1eb,3920363
668,0x003bd623,3921443
669,0x003bdf30,3923760
670,0x003bf12a,3928362
671,0x003bf903,3930371
672,0x003bfd39,3931449
673,0x003c0647,3933767
674,0x003c1840,3938368
675,0x003c201a,3940378
676,0x003c244f,3941455
677,0x003c2d5d,3943773
678,0x003c3f57,3948375
679,0x003c4730,3950384
680,0x003c4b65,3951461
681,0x003c5475,3953781
682,0x003c666d,3958381
683,0x003c6e46,3960390
684,0x003c727b,3961467
685,0x003c7b8d,3963789
686,0x003c8d84,3968388
687,0x003c955b,3970395
688,0x003c9990,3971472
689,0x003ca2a3,3973795
690,0x003cb49b,3978395
691,0x003cbc70,3980400
692,0x003cc9ba,3983802
693,0x003cdbb1,3988401
694,0x003cdbba,3988410
695,0x003ce386,3990406
696,0x003cf0d1,3993809
697,0x003cf0da,3993818
698,0x003cf72c,3995436
699,0x003cf72f,3995439
700,0x003d02d0,3998416
701,0x003d032d,3998509
702,0x003d0a9b,4000411
703,0x003d0b02,4000514
704,0x003d17f2,4003826
705,0x003d1e46,4005446
706,0x003d29e6,4008422
707,0x003d31b1,4010417
708,0x003d31e1,4010465
709,0x003d3f0a,4013834
710,0x003d455c,4015452
711,0x003d50fb,4018427
712,0x003d58f8,4020472
713,0x003d6620,4023840
714,0x003d6c73,4025459
715,0x003d6c7d,4025469
716,0x003d7812,4028434
717,0x003d800f,4030479
718,0x003d8d36,4033846
719,0x003d9394,4035476
720,0x003d9f28,4038440
721,0x003da726,4040486
722,0x003db44e,4043854
723,0x003dbaa8,4045480
724,0x003dc63e,4048446
725,0x003dce3b,4050491
726,0x003ddb65,4053861
727,0x003de1bf,4055487
728,0x003ded56,4058454
729,0x003df50b,4060427
730,0x003df551,4060497
731,0x003e027b,4063867
732,0x003e08d4,4065492
733,0x003e146d,4068461
734,0x003e1c67,4070503
735,0x003e2992,4073874
736,0x003e2fea,4075498
737,0x003e3b83,4078467
738,0x003e437b,4080507
739,0x003e50a9,4083881
740,0x003e5701,4085505
741,0x003e629a,4088474
742,0x003e62a4,4088484
743,0x003e6a91,4090513
744,0x003e6eb5,4091573
745,0x003e6eb7,4091575
746,0x003e77aa,4093866
747,0x003e77c2,4093890
748,0x003e77d0,4093904
749,0x003e7e17,4095511
750,0x003e89bb,4098491
751,0x003e91a7,4100519
752,0x003e95ce,4101582
753,0x003e95d8,4101592
754,0x003e9ee7,4103911
755,0x003ea52d,4105517
756,0x003eb0d1,4108497
757,0x003eb8bc,4110524
758,0x003eb8c7,4110535
759,0x003ebcee,4111598
760,0x003ec5ff,4113919
761,0x003ecc43,4115523
762,0x003ed7e7,4118503
763,0x003edfdd,4120541
764,0x003ee404,4121604
765,0x003eed15,4123925
766,0x003ef35a,4125530
767,0x003ef368,4125544
768,0x003efefd,4128509
769,0x003f06f1,4130545
770,0x003f0b1a,4131610
771,0x003f142b,4133931
772,0x003f1a7e,4135550
773,0x003f2613,4138515
774,0x003f2e06,4140550
775,0x003f3230,4141616
776,0x003f3b42,4143938
777,0x003f3b78,4143992
778,0x003f4195,4145557
779,0x003f4d29,4148521
780,0x003f551b,4150555
781,0x003f5946,4151622
782,0x003f6259,4153945
783,0x003f68ab,4155563
784,0x003f7441,4158529
785,0x003f7c31,4160561
786,0x003f805c,4161628
787,0x003f896f,4163951
788,0x003f8fc1,4165569
789,0x003f9b57,4168535
790,0x003fa347,4170567
791,0x003fa774,4171636
792,0x003fb087,4173959
793,0x003fb6d7,4175575
794,0x003fc26d,4178541
795,0x003fca5d,4180573
796,0x003fce8b,4181643
797,0x003fd79d,4183965
798,0x003fddee,4185582
799,0x003fe985,4188549
800,0x003fe98f,4188559
801,0x003ff172,4190578
802,0x003ff5a1,4191649
803,0x003ffa28,4192808
804,0x003ffa2b,4192811
805,0x003ffa2d,4192813
806,0x003ffa2e,4192814
807,0x003ffa2f,4192815
808,0x003ffa89,4192905
809,0x003ffa8a,4192906
810,0x003ffb53,4193107
811,0x003ffbd3,4193235
812,0x003ffbdc,4193244
813,0x003ffbe8,4193256
814,0x003ffbe9,4193257
815,0x003ffc02,4193282
816,0x003ffc0c,4193292
817,0x003ffeb4,4193972
818,0x003ffebd,4193981
819,0x00400506,4195590
820,0x004010a3,4198563
821,0x00401888,4200584
822,0x00401cb8,4201656
823,0x00401cc1,4201665
824,0x00402347,4203335
825,0x00402348,4203336
826,0x0040237b,4203387
827,0x0040237d,4203389
828,0x004023f6,4203510
829,0x004023fe,4203518
830,0x00402405,4203525
831,0x00402406,4203526
832,0x00402407,4203527
833,0x0040240f,4203535
834,0x00402417,4203543
835,0x004025d4,4203988
836,0x00402c1e,4205598
837,0x004037ba,4208570
838,0x00403f9d,4210589
839,0x00403fa6,4210598
840,0x004043d7,4211671
841,0x00404b55,4213589
842,0x00404b56,4213590
843,0x00404b8a,4213642
844,0x00404b8d,4213645
845,0x00404c06,4213766
846,0x00404c0e,4213774
847,0x00404c15,4213781
848,0x00404c18,4213784
849,0x00404c19,4213785
850,0x00404c22,4213794
851,0x00404c28,4213800
852,0x00404ceb,4213995
853,0x00405336,4215606
854,0x00405ed1,4218577
855,0x004066bc,4220604
856,0x00406aed,4221677
857,0x00407364,4223844
858,0x00407366,4223846
859,0x00407399,4223897
860,0x0040739b,4223899
861,0x00407402,4224002
862,0x00407412,4224018
863,0x0040741c,4224028
864,0x00407424,4224036
865,0x00407427,4224039
866,0x00407428,4224040
867,0x0040742f,4224047
868,0x00407437,4224055
869,0x00407a4d,4225613
870,0x00407a57,4225623
871,0x004085e7,4228583
872,0x00408dd2,4230610
873,0x00409204,4231684
874,0x00409b18,4234008
875,0x00409b75,4234101
876,0x00409b76,4234102
877,0x00409ba9,4234153
878,0x00409bac,4234156
879,0x00409c2a,4234282
880,0x00409c32,4234290
881,0x00409c3a,4234298
882,0x00409c3d,4234301
883,0x00409c3e,4234302
884,0x00409c3f,4234303
885,0x00409c43,4234307
886,0x00409c49,4234313
887,0x0040a16e,4235630
888,0x0040a304,4236036
889,0x0040a307,4236039
890,0x0040a308,4236040
891,0x0040a309,4236041
892,0x0040a354,4236116
893,0x0040a355,4236117
894,0x0040a405,4236293
895,0x0040a40c,4236300
896,0x0040a424,4236324
897,0x0040a425,4236325
898,0x0040a426,4236326
899,0x0040a427,4236327
900,0x0040a43c,4236348
901,0x0040a441,4236353
902,0x0040acfd,4238589
903,0x0040b4e7,4240615
904,0x0040b519,4240665
905,0x0040b91c,4241692
906,0x0040c22f,4244015
907,0x0040c385,4244357
908,0x0040c3b8,4244408
909,0x0040c3ba,4244410
910,0x0040c432,4244530
911,0x0040c43c,4244540
912,0x0040c443,4244547
913,0x0040c444,4244548
914,0x0040c446,4244550
915,0x0040c44d,4244557
916,0x0040c455,4244565
917,0x0040c885,4245637
918,0x0040cb79,4246393
919,0x0040cb7a,4246394
920,0x0040cba7,4246439
921,0x0040cba8,4246440
922,0x0040cbf4,4246516
923,0x0040cbfc,4246524
924,0x0040cc02,4246530
925,0x0040cc04,4246532
926,0x0040cc05,4246533
927,0x0040cc06,4246534
928,0x0040cc0b,4246539
929,0x0040cc12,4246546
930,0x0040d412,4248594
931,0x0040dbfc,4250620
932,0x0040e034,4251700
933,0x0040e563,4253027
934,0x0040e567,4253031
935,0x0040e568,4253032
936,0x0040e569,4253033
937,0x0040e56a,4253034
938,0x0040e5ad,4253101
939,0x0040e65a,4253274
940,0x0040e661,4253281
941,0x0040e678,4253304
942,0x0040e679,4253305
943,0x0040e67a,4253306
944,0x0040e693,4253331
945,0x0040e69a,4253338
946,0x0040e946,4254022
947,0x0040eb91,4254609
948,0x0040eb92,4254610
949,0x0040ebc5,4254661
950,0x0040ebc7,4254663
951,0x0040ec3d,4254781
952,0x0040ec45,4254789
953,0x0040ec4d,4254797
954,0x0040ec4f,4254799
955,0x0040ec50,4254800
956,0x0040ec51,4254801
957,0x0040ec57,4254807
958,0x0040ec5f,4254815
959,0x0040ef9c,4255644
960,0x0040f34a,4256586
961,0x0040f34b,4256587
962,0x0040f375,4256629
963,0x0040f377,4256631
964,0x0040f3bf,4256703
965,0x0040f3c7,4256711
966,0x0040f3ce,4256718
967,0x0040f3cf,4256719
968,0x0040f3d0,4256720
969,0x0040f3d1,4256721
970,0x0040f3d5,4256725
971,0x0040f3da,4256730
972,0x0040fb28,4258600
973,0x00410312,4260626
974,0x0041074a,4261706
975,0x00410dd2,4263378
976,0x00410dd3,4263379
977,0x00410e01,4263425
978,0x00410e04,4263428
979,0x00410e5f,4263519
980,0x00410e68,4263528
981,0x00410e70,4263536
982,0x00410e71,4263537
983,0x00410e72,4263538
984,0x00410e79,4263545
985,0x00410e7f,4263551
986,0x0041105d,4264029
987,0x0041139d,4264861
988,0x0041139e,4264862
989,0x004113d2,4264914
990,0x004113d4,4264916
991,0x0041144a,4265034
992,0x00411453,4265043
993,0x00411459,4265049
994,0x0041145a,4265050
995,0x0041145b,4265051
996,0x0041145c,4265052
997,0x00411461,4265057
998,0x00411467,4265063
999,0x004116b2,4265650
1000,0x00411b13,4266771
1001,0x00411b14,4266772
1002,0x00411b3d,4266813
1003,0x00411b3e,4266814
1004,0x00411b88,4266888
1005,0x00411b90,4266896
1006,0x00411b96,4266902
1007,0x00411b98,4266904
1008,0x00411b99,4266905
1009,0x00411b9f,4266911
1010,0x00411ba5,4266917
1011,0x0041223e,4268606
1012,0x00412a29,4270633
1013,0x00412e5f,4271711
1014,0x004135ba,4273594
1015,0x004135bb,4273595
1016,0x004135e9,4273641
1017,0x004135eb,4273643
1018,0x00413643,4273731
1019,0x00413644,4273732
1020,0x0041364b,4273739
1021,0x00413653,4273747
1022,0x00413654,4273748
1023,0x00413656,4273750
1024,0x00413674,4273780
1025,0x0041367a,4273786
1026,0x00413681,4273793
1027,0x00413774,4274036
1028,0x00413ba2,4275106
1029,0x00413ba3,4275107
1030,0x00413bd6,4275158
1031,0x00413bd7,4275159
1032,0x00413c4e,4275278
1033,0x00413c55,4275285
1034,0x00413c5b,4275291
1035,0x00413c5c,4275292
1036,0x00413c5d,4275293
1037,0x00413c5e,4275294
1038,0x00413c64,4275300
1039,0x00413c69,4275305
1040,0x00413dc9,4275657
1041,0x004142db,4276955
1042,0x004142dd,4276957
1043,0x00414306,4276998
1044,0x00414308,4277000
1045,0x00414352,4277074
1046,0x0041435b,4277083
1047,0x00414361,4277089
1048,0x00414362,4277090
1049,0x00414364,4277092
1050,0x0041436c,4277100
1051,0x00414371,4277105
1052,0x00414954,4278612
1053,0x0041513e,4280638
1054,0x00415576,4281718
1055,0x00415db9,4283833
1056,0x00415dba,4283834
1057,0x00415dea,4283882
1058,0x00415dec,4283884
1059,0x00415e46,4283974
1060,0x00415e4e,4283982
1061,0x00415e57,4283991
1062,0x00415e59,4283993
1063,0x00415e5a,4283994
1064,0x00415e60,4284000
1065,0x00415e66,4284006
1066,0x00415e8c,4284044
1067,0x004163a4,4285348
1068,0x004163a5,4285349
1069,0x004163d8,4285400
1070,0x004163d9,4285401
1071,0x00416451,4285521
1072,0x00416459,4285529
1073,0x00416460,4285536
1074,0x00416461,4285537
1075,0x00416462,4285538
1076,0x00416463,4285539
1077,0x00416469,4285545
1078,0x00416470,4285552
1079,0x004164e0,4285664
1080,0x00416a40,4287040
1081,0x00416a44,4287044
1082,0x00416a45,4287045
1083,0x00416a47,4287047
1084,0x00416a8f,4287119
1085,0x00416a91,4287121
1086,0x00416aa9,4287145
1087,0x00416aaa,4287146
1088,0x00416ad3,4287187
1089,0x00416ad5,4287189
1090,0x00416b1d,4287261
1091,0x00416b25,4287269
1092,0x00416b2c,4287276
1093,0x00416b2e,4287278
1094,0x00416b2f,4287279
1095,0x00416b36,4287286
1096,0x00416b3b,4287291
1097,0x00416b3c,4287292
1098,0x00416b42,4287298
1099,0x00416b5d,4287325
1100,0x00416b5f,4287327
1101,0x00416b60,4287328
1102,0x00416b61,4287329
1103,0x00416b7a,4287354
1104,0x00416b81,4287361
1105,0x0041706c,4288620
1106,0x00417075,4288629
1107,0x00417855,4290645
1108,0x00417c8d,4291725
1109,0x004185a0,4294048
1110,0x004185a1,4294049
1111,0x004185a2,4294050
1112,0x004185d1,4294097
1113,0x004185d2,4294098
1114,0x0041862c,4294188
1115,0x00418634,4294196
1116,0x0041863a,4294202
1117,0x0041863b,4294203
1118,0x0041863d,4294205
1119,0x00418641,4294209
1120,0x00418647,4294215
1121,0x00418baa,4295594
1122,0x00418bdc,4295644
1123,0x00418bdd,4295645
1124,0x00418bf5,4295669
1125,0x00418c56,4295766
1126,0x00418c60,4295776
1127,0x00418c67,4295783
1128,0x00418c68,4295784
1129,0x00418c69,4295785
1130,0x00418c71,4295793
1131,0x00418c77,4295799
1132,0x0041927d,4297341
1133,0x004192a2,4297378
1134,0x004192a3,4297379
1135,0x004192bc,4297404
1136,0x004192be,4297406
1137,0x004192ea,4297450
1138,0x004192eb,4297451
1139,0x004192ec,4297452
1140,0x004192f2,4297458
1141,0x004192f7,4297463
1142,0x004192f8,4297464
1143,0x004192f9,4297465
1144,0x004192fe,4297470
1145,0x00419303,4297475
1146,0x00419346,4297542
1147,0x0041934d,4297549
1148,0x00419353,4297555
1149,0x00419355,4297557
1150,0x0041935a,4297562
1151,0x0041935f,4297567
1152,0x0041978e,4298638
1153,0x00419f6b,4300651
1154,0x0041a3a4,4301732
1155,0x0041a3ae,4301742
1156,0x0041ace8,4304104
1157,0x0041ad88,4304264
1158,0x0041ad8a,4304266
1159,0x0041adbb,4304315
1160,0x0041adbc,4304316
1161,0x0041ae18,4304408
1162,0x0041ae20,4304416
1163,0x0041ae26,4304422
1164,0x0041ae28,4304424
1165,0x0041ae29,4304425
1166,0x0041ae31,4304433
1167,0x0041ae39,4304441
1168,0x0041b30c,4305676
1169,0x0041b3b9,4305849
1170,0x0041b3ba,4305850
1171,0x0041b3ee,4305902
1172,0x0041b46b,4306027
1173,0x0041b472,4306034
1174,0x0041b479,4306041
1175,0x0041b47a,4306042
1176,0x0041b47b,4306043
1177,0x0041b47c,4306044
1178,0x0041b480,4306048
1179,0x0041b485,4306053
1180,0x0041ba45,4307525
1181,0x0041ba46,4307526
1182,0x0041ba74,4307572
1183,0x0041ba75,4307573
1184,0x0041ba9d,4307613
1185,0x0041ba9e,4307614
1186,0x0041babf,4307647
1187,0x0041bac8,4307656
1188,0x0041bace,4307662
1189,0x0041bacf,4307663
1190,0x0041bad0,4307664
1191,0x0041bad1,4307665
1192,0x0041bad2,4307666
1193,0x0041bad3,4307667
1194,0x0041bad8,4307672
1195,0x0041badd,4307677
1196,0x0041bb2b,4307755
1197,0x0041bb34,4307764
1198,0x0041bb3b,4307771
1199,0x0041bb3d,4307773
1200,0x0041bb43,4307779
1201,0x0041bb48,4307784
1202,0x0041bea5,4308645
1203,0x0041c681,4310657
1204,0x0041c68b,4310667
1205,0x0041cac4,4311748
1206,0x0041d3ff,4314111
1207,0x0041d574,4314484
1208,0x0041d575,4314485
1209,0x0041d5a5,4314533
1210,0x0041d5a7,4314535
1211,0x0041d600,4314624
1212,0x0041d609,4314633
1213,0x0041d60f,4314639
1214,0x0041d610,4314640
1215,0x0041d611,4314641
1216,0x0041d612,4314642
1217,0x0041d617,4314647
1218,0x0041d61d,4314653
1219,0x0041da23,4315683
1220,0x0041dbc3,4316099
1221,0x0041dbf4,4316148
1222,0x0041dbf6,4316150
1223,0x0041dc6f,4316271
1224,0x0041dc77,4316279
1225,0x0041dc7e,4316286
1226,0x0041dc80,4316288
1227,0x0041dc81,4316289
1228,0x0041dc8a,4316298
1229,0x0041dc90,4316304
1230,0x0041e21a,4317722
1231,0x0041e243,4317763
1232,0x0041e245,4317765
1233,0x0041e27f,4317823
1234,0x0041e280,4317824
1235,0x0041e28e,4317838
1236,0x0041e297,4317847
1237,0x0041e29d,4317853
1238,0x0041e2a0,4317856
1239,0x0041e2a8,4317864
1240,0x0041e2ae,4317870
1241,0x0041e2b0,4317872
1242,0x0041e309,4317961
1243,0x0041e312,4317970
1244,0x0041e319,4317977
1245,0x0041e31b,4317979
1246,0x0041e31c,4317980
1247,0x0041e321,4317985
1248,0x0041e326,4317990
1249,0x0041e5bd,4318653
1250,0x0041eda0,4320672
1251,0x0041f1da,4321754
1252,0x0041fb16,4324118
1253,0x0041fd53,4324691
1254,0x0041fd54,4324692
1255,0x0041fd81,4324737
1256,0x0041fd83,4324739
1257,0x0041fddd,4324829
1258,0x0041fde6,4324838
1259,0x0041fdee,4324846
1260,0x0041fdf0,4324848
1261,0x0041fdf2,4324850
1262,0x0041fdf8,4324856
1263,0x0041fdff,4324863
1264,0x0042013b,4325691
1265,0x0042016f,4325743
1266,0x004203cd,4326349
1267,0x004203ce,4326350
1268,0x00420401,4326401
1269,0x00420402,4326402
1270,0x0042047b,4326523
1271,0x00420482,4326530
1272,0x0042048b,4326539
1273,0x0042048d,4326541
1274,0x00420495,4326549
1275,0x0042049c,4326556
1276,0x004209ed,4327917
1277,0x004209ee,4327918
1278,0x00420a18,4327960
1279,0x00420a1a,4327962
1280,0x00420a5c,4328028
1281,0x00420a5d,4328029
1282,0x00420a64,4328036
1283,0x00420a6d,4328045
1284,0x00420a74,4328052
1285,0x00420a77,4328055
1286,0x00420a7d,4328061
1287,0x00420a84,4328068
1288,0x00420a8b,4328075
1289,0x00420a8d,4328077
1290,0x00420ae4,4328164
1291,0x00420aee,4328174
1292,0x00420af4,4328180
1293,0x00420af7,4328183
1294,0x00420af8,4328184
1295,0x00420afd,4328189
1296,0x00420b03,4328195
1297,0x00420cd4,4328660
1298,0x00421489,4330633
1299,0x0042148c,4330636
1300,0x0042148e,4330638
1301,0x0042148f,4330639
1302,0x004214b8,4330680
1303,0x004214e3,4330723
1304,0x004214e5,4330725
1305,0x004215ff,4331007
1306,0x00421679,4331129
1307,0x0042168d,4331149
1308,0x00421690,4331152
1309,0x00421691,4331153
1310,0x00421692,4331154
1311,0x00421695,4331157
1312,0x00421699,4331161
1313,0x0042169b,4331163
1314,0x0042169c,4331164
1315,0x0042169d,4331165
1316,0x0042169e,4331166
1317,0x0042169f,4331167
1318,0x004216a0,4331168
1319,0x004216a2,4331170
1320,0x004216a3,4331171
1321,0x004216a7,4331175
1322,0x004216aa,4331178
1323,0x004216ad,4331181
1324,0x004216ae,4331182
1325,0x004216af,4331183
1326,0x004216b0,4331184
1327,0x004216b1,4331185
1328,0x004216b4,4331188
1329,0x004216ba,4331194
1330,0x00421727,4331303
1331,0x0042172e,4331310
1332,0x0042173f,4331327
1333,0x00421740,4331328
1334,0x00421751,4331345
1335,0x004217a4,4331428
1336,0x004217bb,4331451
1337,0x004217c2,4331458
1338,0x004217ca,4331466
1339,0x004217ce,4331470
1340,0x004217cf,4331471
1341,0x004217d3,4331475
1342,0x0042183a,4331578
1343,0x0042186e,4331630
1344,0x0042187d,4331645
1345,0x00421880,4331648
1346,0x00421883,4331651
1347,0x00421884,4331652
1348,0x00421885,4331653
1349,0x00421886,4331654
1350,0x0042188b,4331659
1351,0x004218f0,4331760
1352,0x00421c28,4332584
1353,0x00421c2d,4332589
1354,0x00421c2e,4332590
1355,0x00421c34,4332596
1356,0x00421c38,4332600
1357,0x00421c39,4332601
1358,0x00421c3a,4332602
1359,0x00421c3d,4332605
1360,0x00421c3e,4332606
1361,0x00421c43,4332611
1362,0x00421c6a,4332650
1363,0x00421c6b,4332651
1364,0x00421c6c,4332652
1365,0x00421c70,4332656
1366,0x00421c88,4332680
1367,0x00421ca5,4332709
1368,0x00421caa,4332714
1369,0x00421d75,4332917
1370,0x00421d76,4332918
1371,0x00421d82,4332930
1372,0x00421d8f,4332943
1373,0x00421d92,4332946
1374,0x00421d95,4332949
1375,0x00421d96,4332950
1376,0x00421d97,4332951
1377,0x00421d98,4332952
1378,0x00421d99,4332953
1379,0x00421d9a,4332954
1380,0x00421d9c,4332956
1381,0x00421d9d,4332957
1382,0x00421d9e,4332958
1383,0x00421d9f,4332959
1384,0x00421da0,4332960
1385,0x00421da1,4332961
1386,0x00421da2,4332962
1387,0x00421da3,4332963
1388,0x00421da6,4332966
1389,0x00421da7,4332967
1390,0x00421daa,4332970
1391,0x00421dab,4332971
1392,0x00421dae,4332974
1393,0x00421daf,4332975
1394,0x00421db2,4332978
1395,0x00421db3,4332979
1396,0x00421db6,4332982
1397,0x00421db7,4332983
1398,0x00421dba,4332986
1399,0x00421dec,4333036
1400,0x00421eb0,4333232
1401,0x00421eb2,4333234
1402,0x00421eb7,4333239
1403,0x00422154,4333908
1404,0x0042215f,4333919
1405,0x00422166,4333926
1406,0x00422168,4333928
1407,0x0042216a,4333930
1408,0x0042216b,4333931
1409,0x0042216c,4333932
1410,0x0042216d,4333933
1411,0x0042216e,4333934
1412,0x0042216f,4333935
1413,0x00422170,4333936
1414,0x0042222c,4334124
1415,0x004222d3,4334291
1416,0x004222d8,4334296
1417,0x004222e0,4334304
1418,0x004222e5,4334309
1419,0x004222e6,4334310
1420,0x004222e7,4334311
1421,0x004222e8,4334312
1422,0x004222e9,4334313
1423,0x004222ea,4334314
1424,0x004222eb,4334315
1425,0x004222ee,4334318
1426,0x004222ef,4334319
1427,0x004222f1,4334321
1428,0x004222f2,4334322
1429,0x004222f3,4334323
1430,0x004222f4,4334324
1431,0x004222f5,4334325
1432,0x004222f6,4334326
1433,0x004222f8,4334328
1434,0x0042230f,4334351
1435,0x00422316,4334358
1436,0x0042231c,4334364
1437,0x0042231d,4334365
1438,0x0042231e,4334366
1439,0x0042231f,4334367
1440,0x00422320,4334368
1441,0x00422322,4334370
1442,0x00422323,4334371
1443,0x0042232a,4334378
1444,0x0042232b,4334379
1445,0x0042232c,4334380
1446,0x0042232d,4334381
1447,0x0042232f,4334383
1448,0x00422330,4334384
1449,0x00422331,4334385
1450,0x00422333,4334387
1451,0x00422334,4334388
1452,0x00422336,4334390
1453,0x00422337,4334391
1454,0x00422339,4334393
1455,0x0042233a,4334394
1456,0x0042233d,4334397
1457,0x00422343,4334403
1458,0x00422347,4334407
1459,0x00422348,4334408
1460,0x00422349,4334409
1461,0x0042234a,4334410
1462,0x0042234b,4334411
1463,0x0042234d,4334413
1464,0x0042234e,4334414
1465,0x0042234f,4334415
1466,0x00422356,4334422
1467,0x00422357,4334423
1468,0x00422358,4334424
1469,0x00422359,4334425
1470,0x0042235a,4334426
1471,0x0042235b,4334427
1472,0x0042235c,4334428
1473,0x0042235d,4334429
1474,0x0042235f,4334431
1475,0x00422360,4334432
1476,0x00422361,4334433
1477,0x00422362,4334434
1478,0x00422363,4334435
1479,0x00422365,4334437
1480,0x00422369,4334441
1481,0x0042236d,4334445
1482,0x0042236e,4334446
1483,0x0042236f,4334447
1484,0x00422370,4334448
1485,0x00422372,4334450
1486,0x00422373,4334451
1487,0x0042237a,4334458
1488,0x0042237b,4334459
1489,0x0042237c,4334460
1490,0x0042237d,4334461
1491,0x0042237e,4334462
1492,0x00422380,4334464
1493,0x00422381,4334465
1494,0x00422383,4334467
1495,0x00422384,4334468
1496,0x00422385,4334469
1497,0x00422386,4334470
1498,0x00422387,4334471
1499,0x0042238b,4334475
1500,0x0042238f,4334479
1501,0x00422390,4334480
1502,0x00422391,4334481
1503,0x00422392,4334482
1504,0x00422393,4334483
1505,0x00422394,4334484
1506,0x0042239b,4334491
1507,0x0042239c,4334492
1508,0x0042239d,4334493
1509,0x0042239e,4334494
1510,0x0042239f,4334495
1511,0x004223a0,4334496
1512,0x004223a1,4334497
1513,0x004223a2,4334498
1514,0x004223a4,4334500
1515,0x004223a5,4334501
1516,0x004223a8,4334504
1517,0x004223ac,4334508
1518,0x004223b0,4334512
1519,0x004223b2,4334514
1520,0x004223b3,4334515
1521,0x004223b4,4334516
1522,0x004223b5,4334517
1523,0x004223b7,4334519
1524,0x004223b8,4334520
1525,0x004223be,4334526
1526,0x004223bf,4334527
1527,0x004223c0,4334528
1528,0x004223c1,4334529
1529,0x004223c2,4334530
1530,0x004223c4,4334532
1531,0x004223c5,4334533
1532,0x004223c6,4334534
1533,0x004223c9,4334537
1534,0x004223ca,4334538
1535,0x004223cb,4334539
1536,0x004223cf,4334543
1537,0x004223d3,4334547
1538,0x004223d4,4334548
1539,0x004223d5,4334549
1540,0x004223d6,4334550
1541,0x004223d7,4334551
1542,0x004223de,4334558
1543,0x004223df,4334559
1544,0x004223e1,4334561
1545,0x004223e2,4334562
1546,0x004223e5,4334565
1547,0x004223e6,4334566
1548,0x004223e7,4334567
1549,0x004223e9,4334569
1550,0x004223ed,4334573
1551,0x004223f1,4334577
1552,0x004223f2,4334578
1553,0x004223f3,4334579
1554,0x004223f4,4334580
1555,0x004223f5,4334581
1556,0x004223f6,4334582
1557,0x004223fc,4334588
1558,0x004223fd,4334589
1559,0x004223ff,4334591
1560,0x00422400,4334592
1561,0x00422401,4334593
1562,0x00422403,4334595
1563,0x00422404,4334596
1564,0x00422406,4334598
1565,0x00422407,4334599
1566,0x0042240a,4334602
1567,0x0042240e,4334606
1568,0x0042240f,4334607
1569,0x00422410,4334608
1570,0x00422411,4334609
1571,0x00422412,4334610
1572,0x0042241a,4334618
1573,0x0042241b,4334619
1574,0x0042241c,4334620
1575,0x0042241d,4334621
1576,0x0042241e,4334622
1577,0x00422420,4334624
1578,0x00422421,4334625
1579,0x00422422,4334626
1580,0x00422423,4334627
1581,0x00422424,4334628
1582,0x00422428,4334632
1583,0x0042242b,4334635
1584,0x0042242c,4334636
1585,0x0042242d,4334637
1586,0x0042242e,4334638
1587,0x0042242f,4334639
1588,0x00422430,4334640
1589,0x00422437,4334647
1590,0x00422439,4334649
1591,0x0042243a,4334650
1592,0x0042243b,4334651
1593,0x0042243d,4334653
1594,0x0042243e,4334654
1595,0x0042243f,4334655
1596,0x00422440,4334656
1597,0x00422441,4334657
1598,0x00422445,4334661
1599,0x00422448,4334664
1600,0x00422449,4334665
1601,0x0042244a,4334666
1602,0x0042244b,4334667
1603,0x0042244c,4334668
1604,0x0042244d,4334669
1605,0x00422453,4334675
1606,0x00422455,4334677
1607,0x00422456,4334678
1608,0x00422457,4334679
1609,0x00422458,4334680
1610,0x00422459,4334681
1611,0x0042245a,4334682
1612,0x0042245d,4334685
1613,0x00422460,4334688
1614,0x00422461,4334689
1615,0x00422462,4334690
1616,0x00422465,4334693
1617,0x00422466,4334694
1618,0x00422467,4334695
1619,0x00422468,4334696
1620,0x00422469,4334697
1621,0x00422470,4334704
1622,0x00422471,4334705
1623,0x00422473,4334707
1624,0x00422474,4334708
1625,0x00422475,4334709
1626,0x00422476,4334710
1627,0x00422477,4334711
1628,0x00422479,4334713
1629,0x0042247a,4334714
1630,0x0042247d,4334717
1631,0x00422481,4334721
1632,0x00422482,4334722
1633,0x00422483,4334723
1634,0x00422484,4334724
1635,0x00422485,4334725
1636,0x0042248c,4334732
1637,0x0042248d,4334733
1638,0x0042248f,4334735
1639,0x00422490,4334736
1640,0x00422491,4334737
1641,0x00422493,4334739
1642,0x00422495,4334741
1643,0x00422499,4334745
1644,0x0042249d,4334749
1645,0x0042249f,4334751
1646,0x004224a0,4334752
1647,0x004224a1,4334753
1648,0x004224a2,4334754
1649,0x004224a3,4334755
1650,0x004224a9,4334761
1651,0x004224aa,4334762
1652,0x004224ac,4334764
1653,0x004224ad,4334765
1654,0x004224ae,4334766
1655,0x004224af,4334767
1656,0x004224b0,4334768
1657,0x004224b1,4334769
1658,0x004224b2,4334770
1659,0x004224b7,4334775
1660,0x004224ba,4334778
1661,0x004224bb,4334779
1662,0x004224bc,4334780
1663,0x004224bd,4334781
1664,0x004224be,4334782
1665,0x004224c5,4334789
1666,0x004224c6,4334790
1667,0x004224c7,4334791
1668,0x004224c8,4334792
1669,0x004224c9,4334793
1670,0x004224ca,4334794
1671,0x004224cb,4334795
1672,0x004224d0,4334800
1673,0x004224d4,4334804
1674,0x004224d8,4334808
1675,0x004224d9,4334809
1676,0x004224da,4334810
1677,0x004224db,4334811
1678,0x004224e2,4334818
1679,0x004224e3,4334819
1680,0x004224e4,4334820
1681,0x004224e5,4334821
1682,0x004224e6,4334822
1683,0x004224e7,4334823
1684,0x004224e8,4334824
1685,0x004224eb,4334827
1686,0x004224ec,4334828
1687,0x004224ee,4334830
1688,0x004224ef,4334831
1689,0x004224f0,4334832
1690,0x004224f3,4334835
1691,0x004224f5,4334837
1692,0x004224f6,4334838
1693,0x004224f7,4334839
1694,0x004224f8,4334840
1695,0x004224ff,4334847
1696,0x00422500,4334848
1697,0x00422502,4334850
1698,0x00422503,4334851
1699,0x00422504,4334852
1700,0x00422507,4334855
1701,0x0042250b,4334859
1702,0x0042250e,4334862
1703,0x0042250f,4334863
1704,0x00422510,4334864
1705,0x00422511,4334865
1706,0x00422512,4334866
1707,0x00422519,4334873
1708,0x0042251a,4334874
1709,0x0042251b,4334875
1710,0x0042251c,4334876
1711,0x0042251d,4334877
1712,0x0042251e,4334878
1713,0x0042251f,4334879
1714,0x00422520,4334880
1715,0x00422523,4334883
1716,0x00422527,4334887
1717,0x00422528,4334888
1718,0x00422529,4334889
1719,0x0042252a,4334890
1720,0x0042252b,4334891
1721,0x00422531,4334897
1722,0x00422532,4334898
1723,0x00422534,4334900
1724,0x00422535,4334901
1725,0x00422536,4334902
1726,0x00422538,4334904
1727,0x0042253c,4334908
1728,0x00422540,4334912
1729,0x00422541,4334913
1730,0x00422542,4334914
1731,0x00422543,4334915
1732,0x00422544,4334916
1733,0x0042254b,4334923
1734,0x0042254e,4334926
1735,0x0042254f,4334927
1736,0x00422550,4334928
1737,0x00422551,4334929
1738,0x00422552,4334930
1739,0x00422556,4334934
1740,0x0042255a,4334938
1741,0x0042255b,4334939
1742,0x0042255c,4334940
1743,0x0042255d,4334941
1744,0x00422565,4334949
1745,0x00422566,4334950
1746,0x00422567,4334951
1747,0x00422568,4334952
1748,0x00422569,4334953
1749,0x0042256c,4334956
1750,0x0042256f,4334959
1751,0x00422570,4334960
1752,0x00422574,4334964
1753,0x00422575,4334965
1754,0x00422576,4334966
1755,0x00422577,4334967
1756,0x00422578,4334968
1757,0x0042257e,4334974
1758,0x0042257f,4334975
1759,0x00422581,4334977
1760,0x00422582,4334978
1761,0x00422583,4334979
1762,0x00422584,4334980
1763,0x00422585,4334981
1764,0x0042258b,4334987
1765,0x00422590,4334992
1766,0x00422591,4334993
1767,0x00422592,4334994
1768,0x00422593,4334995
1769,0x00422594,4334996
1770,0x0042259a,4335002
1771,0x0042259b,4335003
1772,0x0042259c,4335004
1773,0x0042259d,4335005
1774,0x0042259e,4335006
1775,0x0042259f,4335007
1776,0x004225a1,4335009
1777,0x004225a4,4335012
1778,0x004225a9,4335017
1779,0x004225aa,4335018
1780,0x004225ab,4335019
1781,0x004225ac,4335020
1782,0x004225b4,4335028
1783,0x004225b6,4335030
1784,0x004225b7,4335031
1785,0x004225b8,4335032
1786,0x004225b9,4335033
1787,0x004225ba,4335034
1788,0x004225bb,4335035
1789,0x004225be,4335038
1790,0x004225bf,4335039
1791,0x004225c3,4335043
1792,0x004225c4,4335044
1793,0x004225c5,4335045
1794,0x004225c6,4335046
1795,0x004225c7,4335047
1796,0x004225cd,4335053
1797,0x004225ce,4335054
1798,0x004225cf,4335055
1799,0x004225d0,4335056
1800,0x004225d1,4335057
1801,0x004225d2,4335058
1802,0x004225d3,4335059
1803,0x004225d4,4335060
1804,0x004225d5,4335061
1805,0x004225d7,4335063
1806,0x004225db,4335067
1807,0x004225dc,4335068
1808,0x004225dd,4335069
1809,0x004225de,4335070
1810,0x004225df,4335071
1811,0x004225e6,4335078
1812,0x004225e7,4335079
1813,0x004225e9,4335081
1814,0x004225ea,4335082
1815,0x004225eb,4335083
1816,0x004225ed,4335085
1817,0x004225ee,4335086
1818,0x004225f1,4335089
1819,0x004225f2,4335090
1820,0x004225f6,4335094
1821,0x004225f7,4335095
1822,0x004225f8,4335096
1823,0x004225f9,4335097
1824,0x004225ff,4335103
1825,0x00422600,4335104
1826,0x00422601,4335105
1827,0x00422602,4335106
1828,0x00422603,4335107
1829,0x00422604,4335108
1830,0x00422606,4335110
1831,0x00422607,4335111
1832,0x0042260a,4335114
1833,0x0042260e,4335118
1834,0x0042260f,4335119
1835,0x00422610,4335120
1836,0x00422611,4335121
1837,0x00422612,4335122
1838,0x00422618,4335128
1839,0x00422619,4335129
1840,0x0042261a,4335130
1841,0x0042261b,4335131
1842,0x0042261c,4335132
1843,0x0042261d,4335133
1844,0x0042261f,4335135
1845,0x00422623,4335139
1846,0x00422627,4335143
1847,0x00422628,4335144
1848,0x00422629,4335145
1849,0x0042262a,4335146
1850,0x00422631,4335153
1851,0x00422632,4335154
1852,0x00422633,4335155
1853,0x00422634,4335156
1854,0x00422635,4335157
1855,0x00422636,4335158
1856,0x00422637,4335159
1857,0x0042263b,4335163
1858,0x0042263f,4335167
1859,0x00422640,4335168
1860,0x00422641,4335169
1861,0x00422642,4335170
1862,0x00422649,4335177
1863,0x0042264a,4335178
1864,0x0042264c,4335180
1865,0x0042264d,4335181
1866,0x0042264e,4335182
1867,0x0042264f,4335183
1868,0x00422651,4335185
1869,0x00422653,4335187
1870,0x00422655,4335189
1871,0x00422659,4335193
1872,0x0042265a,4335194
1873,0x0042265b,4335195
1874,0x0042265c,4335196
1875,0x00422663,4335203
1876,0x00422664,4335204
1877,0x00422666,4335206
1878,0x00422667,4335207
1879,0x00422668,4335208
1880,0x00422669,4335209
1881,0x0042266b,4335211
1882,0x0042266c,4335212
1883,0x0042266e,4335214
1884,0x0042266f,4335215
1885,0x00422670,4335216
1886,0x00422674,4335220
1887,0x00422675,4335221
1888,0x00422676,4335222
1889,0x00422677,4335223
1890,0x0042267e,4335230
1891,0x0042267f,4335231
1892,0x00422680,4335232
1893,0x00422681,4335233
1894,0x00422682,4335234
1895,0x00422683,4335235
1896,0x00422684,4335236
1897,0x00422685,4335237
1898,0x00422688,4335240
1899,0x0042268c,4335244
1900,0x0042268d,4335245
1901,0x0042268e,4335246
1902,0x0042268f,4335247
1903,0x00422690,4335248
1904,0x00422698,4335256
1905,0x0042269a,4335258
1906,0x0042269b,4335259
1907,0x0042269c,4335260
1908,0x0042269e,4335262
1909,0x004226a2,4335266
1910,0x004226a6,4335270
1911,0x004226a7,4335271
1912,0x004226a8,4335272
1913,0x004226a9,4335273
1914,0x004226aa,4335274
1915,0x004226b0,4335280
1916,0x004226b1,4335281
1917,0x004226b2,4335282
1918,0x004226b3,4335283
1919,0x004226b4,4335284
1920,0x004226b5,4335285
1921,0x004226b6,4335286
1922,0x004226b7,4335287
1923,0x004226ba,4335290
1924,0x004226be,4335294
1925,0x004226bf,4335295
1926,0x004226c0,4335296
1927,0x004226c1,4335297
1928,0x004226c2,4335298
1929,0x004226c9,4335305
1930,0x004226cc,4335308
1931,0x004226cd,4335309
1932,0x004226ce,4335310
1933,0x004226cf,4335311
1934,0x004226d1,4335313
1935,0x004226d4,4335316
1936,0x004226d5,4335317
1937,0x004226d9,4335321
1938,0x004226da,4335322
1939,0x004226db,4335323
1940,0x004226dc,4335324
1941,0x004226dd,4335325
1942,0x004226e3,4335331
1943,0x004226e4,4335332
1944,0x004226e6,4335334
1945,0x004226e7,4335335
1946,0x004226e8,4335336
1947,0x004226e9,4335337
1948,0x004226eb,4335339
1949,0x004226ec,4335340
1950,0x004226ed,4335341
1951,0x004226ee,4335342
1952,0x004226ef,4335343
1953,0x004226f0,4335344
1954,0x004226f1,4335345
1955,0x004226f4,4335348
1956,0x004226f5,4335349
1957,0x004226f6,4335350
1958,0x004226f7,4335351
1959,0x004226f8,4335352
1960,0x004226ff,4335359
1961,0x00422703,4335363
1962,0x00422704,4335364
1963,0x00422705,4335365
1964,0x00422706,4335366
1965,0x00422707,4335367
1966,0x00422708,4335368
1967,0x0042270b,4335371
1968,0x0042270f,4335375
1969,0x00422710,4335376
1970,0x00422711,4335377
1971,0x00422712,4335378
1972,0x00422713,4335379
1973,0x0042271a,4335386
1974,0x0042271b,4335387
1975,0x0042271c,4335388
1976,0x0042271d,4335389
1977,0x0042271e,4335390
1978,0x0042271f,4335391
1979,0x00422721,4335393
1980,0x00422725,4335397
1981,0x00422729,4335401
1982,0x0042272a,4335402
1983,0x0042272b,4335403
1984,0x0042272c,4335404
1985,0x0042272d,4335405
1986,0x00422734,4335412
1987,0x00422735,4335413
1988,0x00422737,4335415
1989,0x00422738,4335416
1990,0x00422739,4335417
1991,0x0042273a,4335418
1992,0x0042273b,4335419
1993,0x0042273c,4335420
1994,0x0042273f,4335423
1995,0x00422743,4335427
1996,0x00422744,4335428
1997,0x00422745,4335429
1998,0x00422746,4335430
1999,0x00422747,4335431
2000,0x0042274d,4335437
2001,0x0042274e,4335438
2002,0x0042274f,4335439
2003,0x00422750,4335440
2004,0x00422751,4335441
2005,0x00422752,4335442
2006,0x00422753,4335443
2007,0x00422754,4335444
2008,0x00422755,4335445
2009,0x00422758,4335448
2010,0x0042275c,4335452
2011,0x0042275d,4335453
2012,0x0042275e,4335454
2013,0x0042275f,4335455
2014,0x00422760,4335456
2015,0x00422767,4335463
2016,0x00422768,4335464
2017,0x0042276a,4335466
2018,0x0042276b,4335467
2019,0x0042276c,4335468
2020,0x0042276d,4335469
2021,0x0042276f,4335471
2022,0x00422772,4335474
2023,0x00422773,4335475
2024,0x00422777,4335479
2025,0x00422778,4335480
2026,0x00422779,4335481
2027,0x0042277a,4335482
2028,0x0042277b,4335483
2029,0x00422782,4335490
2030,0x00422784,4335492
2031,0x00422785,4335493
2032,0x00422786,4335494
2033,0x00422787,4335495
2034,0x00422789,4335497
2035,0x0042278d,4335501
2036,0x00422791,4335505
2037,0x00422792,4335506
2038,0x00422793,4335507
2039,0x00422794,4335508
2040,0x0042279b,4335515
2041,0x0042279c,4335516
2042,0x0042279f,4335519
2043,0x004227a0,4335520
2044,0x004227a1,4335521
2045,0x004227a2,4335522
2046,0x004227a3,4335523
2047,0x004227a7,4335527
2048,0x004227ab,4335531
2049,0x004227ac,4335532
2050,0x004227ad,4335533
2051,0x004227ae,4335534
2052,0x004227b5,4335541
2053,0x004227b6,4335542
2054,0x004227b7,4335543
2055,0x004227b8,4335544
2056,0x004227b9,4335545
2057,0x004227ba,4335546
2058,0x004227bb,4335547
2059,0x004227bc,4335548
2060,0x004227c0,4335552
2061,0x004227c4,4335556
2062,0x004227c5,4335557
2063,0x004227c6,4335558
2064,0x004227c7,4335559
2065,0x004227ce,4335566
2066,0x004227cf,4335567
2067,0x004227d0,4335568
2068,0x004227d1,4335569
2069,0x004227d2,4335570
2070,0x004227d3,4335571
2071,0x004227d4,4335572
2072,0x004227d5,4335573
2073,0x004227d8,4335576
2074,0x004227dc,4335580
2075,0x004227dd,4335581
2076,0x004227de,4335582
2077,0x004227df,4335583
2078,0x004227e0,4335584
2079,0x004227e6,4335590
2080,0x004227e7,4335591
2081,0x004227e8,4335592
2082,0x004227e9,4335593
2083,0x004227ea,4335594
2084,0x004227eb,4335595
2085,0x004227ee,4335598
2086,0x004227f1,4335601
2087,0x004227f2,4335602
2088,0x004227f6,4335606
2089,0x004227f7,4335607
2090,0x004227f8,4335608
2091,0x004227f9,4335609
2092,0x004227fa,4335610
2093,0x00422800,4335616
2094,0x00422801,4335617
2095,0x00422802,4335618
2096,0x00422803,4335619
2097,0x00422804,4335620
2098,0x00422805,4335621
2099,0x00422807,4335623
2100,0x0042280b,4335627
2101,0x0042280f,4335631
2102,0x00422810,4335632
2103,0x00422811,4335633
2104,0x00422812,4335634
2105,0x0042281a,4335642
2106,0x0042281c,4335644
2107,0x0042281d,4335645
2108,0x0042281e,4335646
2109,0x0042281f,4335647
2110,0x00422820,4335648
2111,0x00422821,4335649
2112,0x00422826,4335654
2113,0x0042282a,4335658
2114,0x0042282b,4335659
2115,0x0042282c,4335660
2116,0x0042282d,4335661
2117,0x00422834,4335668
2118,0x00422835,4335669
2119,0x00422837,4335671
2120,0x00422838,4335672
2121,0x00422839,4335673
2122,0x0042283a,4335674
2123,0x0042283c,4335676
2124,0x00422840,4335680
2125,0x00422844,4335684
2126,0x00422845,4335685
2127,0x00422846,4335686
2128,0x00422847,4335687
2129,0x0042284d,4335693
2130,0x0042284e,4335694
2131,0x0042284f,4335695
2132,0x00422850,4335696
2133,0x00422851,4335697
2134,0x00422852,4335698
2135,0x00422853,4335699
2136,0x00422854,4335700
2137,0x00422857,4335703
2138,0x0042285b,4335707
2139,0x0042285c,4335708
2140,0x0042285d,4335709
2141,0x0042285e,4335710
2142,0x0042285f,4335711
2143,0x00422865,4335717
2144,0x00422866,4335718
2145,0x00422867,4335719
2146,0x00422868,4335720
2147,0x00422869,4335721
2148,0x0042286a,4335722
2149,0x0042286b,4335723
2150,0x0042286d,4335725
2151,0x00422870,4335728
2152,0x00422871,4335729
2153,0x00422875,4335733
2154,0x00422876,4335734
2155,0x00422877,4335735
2156,0x00422878,4335736
2157,0x00422879,4335737
2158,0x00422880,4335744
2159,0x00422881,4335745
2160,0x00422882,4335746
2161,0x00422883,4335747
2162,0x00422884,4335748
2163,0x00422885,4335749
2164,0x00422886,4335750
2165,0x00422887,4335751
2166,0x0042288a,4335754
2167,0x0042288e,4335758
2168,0x0042288f,4335759
2169,0x00422890,4335760
2170,0x00422891,4335761
2171,0x00422892,4335762
2172,0x00422899,4335769
2173,0x0042289a,4335770
2174,0x0042289c,4335772
2175,0x0042289d,4335773
2176,0x0042289e,4335774
2177,0x0042289f,4335775
2178,0x004228a0,4335776
2179,0x004228a4,4335780
2180,0x004228a8,4335784
2181,0x004228a9,4335785
2182,0x004228aa,4335786
2183,0x004228ab,4335787
2184,0x004228b2,4335794
2185,0x004228b3,4335795
2186,0x004228b5,4335797
2187,0x004228b6,4335798
2188,0x004228b7,4335799
2189,0x004228b9,4335801
2190,0x004228bd,4335805
2191,0x004228c0,4335808
2192,0x004228c1,4335809
2193,0x004228c2,4335810
2194,0x004228c3,4335811
2195,0x004228c4,4335812
2196,0x004228ca,4335818
2197,0x004228cb,4335819
2198,0x004228cc,4335820
2199,0x004228cd,4335821
2200,0x004228ce,4335822
2201,0x004228cf,4335823
2202,0x004228d0,4335824
2203,0x004228d1,4335825
2204,0x004228d5,4335829
2205,0x004228d9,4335833
2206,0x004228da,4335834
2207,0x004228db,4335835
2208,0x004228dc,4335836
2209,0x004228e3,4335843
2210,0x004228e4,4335844
2211,0x004228e6,4335846
2212,0x004228e7,4335847
2213,0x004228e8,4335848
2214,0x004228e9,4335849
2215,0x004228eb,4335851
2216,0x004228ee,4335854
2217,0x004228ef,4335855
2218,0x004228f4,4335860
2219,0x004228f5,4335861
2220,0x004228f6,4335862
2221,0x004228f7,4335863
2222,0x004228f8,4335864
2223,0x004228ff,4335871
2224,0x00422900,4335872
2225,0x00422901,4335873
2226,0x00422902,4335874
2227,0x00422903,4335875
2228,0x00422904,4335876
2229,0x00422905,4335877
2230,0x00422906,4335878
2231,0x0042290b,4335883
2232,0x0042290f,4335887
2233,0x00422910,4335888
2234,0x00422911,4335889
2235,0x00422912,4335890
2236,0x00422913,4335891
2237,0x0042291a,4335898
2238,0x0042291b,4335899
2239,0x0042291d,4335901
2240,0x0042291e,4335902
2241,0x0042291f,4335903
2242,0x00422920,4335904
2243,0x00422922,4335906
2244,0x00422926,4335910
2245,0x0042292a,4335914
2246,0x0042292b,4335915
2247,0x0042292c,4335916
2248,0x0042292d,4335917
2249,0x00422933,4335923
2250,0x00422934,4335924
2251,0x00422936,4335926
2252,0x00422937,4335927
2253,0x00422938,4335928
2254,0x00422939,4335929
2255,0x0042293a,4335930
2256,0x0042293b,4335931
2257,0x0042293e,4335934
2258,0x00422942,4335938
2259,0x00422943,4335939
2260,0x00422944,4335940
2261,0x00422945,4335941
2262,0x00422946,4335942
2263,0x0042294c,4335948
2264,0x0042294d,4335949
2265,0x0042294e,4335950
2266,0x0042294f,4335951
2267,0x00422950,4335952
2268,0x00422951,4335953
2269,0x00422952,4335954
2270,0x00422953,4335955
2271,0x00422957,4335959
2272,0x0042295b,4335963
2273,0x0042295c,4335964
2274,0x0042295d,4335965
2275,0x0042295e,4335966
2276,0x00422965,4335973
2277,0x00422966,4335974
2278,0x00422968,4335976
2279,0x00422969,4335977
2280,0x0042296a,4335978
2281,0x0042296b,4335979
2282,0x0042296d,4335981
2283,0x0042296e,4335982
2284,0x00422970,4335984
2285,0x00422971,4335985
2286,0x00422972,4335986
2287,0x00422976,4335990
2288,0x00422977,4335991
2289,0x00422978,4335992
2290,0x00422979,4335993
2291,0x00422980,4336000
2292,0x00422981,4336001
2293,0x00422983,4336003
2294,0x00422984,4336004
2295,0x00422985,4336005
2296,0x00422986,4336006
2297,0x00422987,4336007
2298,0x0042298b,4336011
2299,0x0042298f,4336015
2300,0x00422990,4336016
2301,0x00422991,4336017
2302,0x00422992,4336018
2303,0x00422993,4336019
2304,0x00422999,4336025
2305,0x0042299a,4336026
2306,0x0042299c,4336028
2307,0x0042299d,4336029
2308,0x0042299e,4336030
2309,0x0042299f,4336031
2310,0x004229a1,4336033
2311,0x004229a5,4336037
2312,0x004229a9,4336041
2313,0x004229aa,4336042
2314,0x004229ab,4336043
2315,0x004229ac,4336044
2316,0x004229ad,4336045
2317,0x004229ae,4336046
2318,0x004229af,4336047
2319,0x004229b6,4336054
2320,0x004229b7,4336055
2321,0x004229b9,4336057
2322,0x004229ba,4336058
2323,0x004229bb,4336059
2324,0x004229bc,4336060
2325,0x004229bd,4336061
2326,0x004229be,4336062
2327,0x004229c1,4336065
2328,0x004229c5,4336069
2329,0x004229c6,4336070
2330,0x004229c7,4336071
2331,0x004229c8,4336072
2332,0x004229c9,4336073
2333,0x004229d0,4336080
2334,0x004229d2,4336082
2335,0x004229d3,4336083
2336,0x004229d4,4336084
2337,0x004229d5,4336085
2338,0x004229d6,4336086
2339,0x004229d7,4336087
2340,0x004229db,4336091
2341,0x004229df,4336095
2342,0x004229e0,4336096
2343,0x004229e1,4336097
2344,0x004229e2,4336098
2345,0x004229e3,4336099
2346,0x004229ea,4336106
2347,0x004229eb,4336107
2348,0x004229ed,4336109
2349,0x004229ee,4336110
2350,0x004229ef,4336111
2351,0x004229f0,4336112
2352,0x004229f2,4336114
2353,0x004229f5,4336117
2354,0x004229f7,4336119
2355,0x004229fb,4336123
2356,0x004229fc,4336124
2357,0x004229fd,4336125
2358,0x004229fe,4336126
2359,0x00422a05,4336133
2360,0x00422a07,4336135
2361,0x00422a08,4336136
2362,0x00422a09,4336137
2363,0x00422a0a,4336138
2364,0x00422a0c,4336140
2365,0x00422a10,4336144
2366,0x00422a14,4336148
2367,0x00422a15,4336149
2368,0x00422a16,4336150
2369,0x00422a17,4336151
2370,0x00422a1e,4336158
2371,0x00422a1f,4336159
2372,0x00422a20,4336160
2373,0x00422a21,4336161
2374,0x00422a22,4336162
2375,0x00422a23,4336163
2376,0x00422a25,4336165
2377,0x00422a29,4336169
2378,0x00422a2d,4336173
2379,0x00422a2e,4336174
2380,0x00422a2f,4336175
2381,0x00422a30,4336176
2382,0x00422a31,4336177
2383,0x00422a38,4336184
2384,0x00422a39,4336185
2385,0x00422a3a,4336186
2386,0x00422a3b,4336187
2387,0x00422a3c,4336188
2388,0x00422a3d,4336189
2389,0x00422a3e,4336190
2390,0x00422a42,4336194
2391,0x00422a46,4336198
2392,0x00422a47,4336199
2393,0x00422a48,4336200
2394,0x00422a49,4336201
2395,0x00422a4a,4336202
2396,0x00422a50,4336208
2397,0x00422a51,4336209
2398,0x00422a52,4336210
2399,0x00422a53,4336211
2400,0x00422a54,4336212
2401,0x00422a55,4336213
2402,0x00422a56,4336214
2403,0x00422a57,4336215
2404,0x00422a5a,4336218
2405,0x00422a5e,4336222
2406,0x00422a5f,4336223
2407,0x00422a60,4336224
2408,0x00422a61,4336225
2409,0x00422a68,4336232
2410,0x00422a69,4336233
2411,0x00422a6b,4336235
2412,0x00422a6c,4336236
2413,0x00422a6d,4336237
2414,0x00422a6f,4336239
2415,0x00422a70,4336240
2416,0x00422a74,4336244
2417,0x00422a75,4336245
2418,0x00422a7a,4336250
2419,0x00422a7b,4336251
2420,0x00422a7c,4336252
2421,0x00422a7d,4336253
2422,0x00422a83,4336259
2423,0x00422a84,4336260
2424,0x00422a86,4336262
2425,0x00422a87,4336263
2426,0x00422a88,4336264
2427,0x00422a89,4336265
2428,0x00422a8a,4336266
2429,0x00422a8e,4336270
2430,0x00422a92,4336274
2431,0x00422a93,4336275
2432,0x00422a94,4336276
2433,0x00422a95,4336277
2434,0x00422a96,4336278
2435,0x00422a9c,4336284
2436,0x00422a9d,4336285
2437,0x00422a9e,4336286
2438,0x00422a9f,4336287
2439,0x00422aa0,4336288
2440,0x00422aa1,4336289
2441,0x00422aa2,4336290
2442,0x00422aa3,4336291
2443,0x00422aa7,4336295
2444,0x00422aab,4336299
2445,0x00422aac,4336300
2446,0x00422aad,4336301
2447,0x00422aae,4336302
2448,0x00422aaf,4336303
2449,0x00422ab5,4336309
2450,0x00422ab6,4336310
2451,0x00422ab7,4336311
2452,0x00422ab8,4336312
2453,0x00422ab9,4336313
2454,0x00422aba,4336314
2455,0x00422abb,4336315
2456,0x00422abc,4336316
2457,0x00422abd,4336317
2458,0x00422ac0,4336320
2459,0x00422ac4,4336324
2460,0x00422ac5,4336325
2461,0x00422ac6,4336326
2462,0x00422ac7,4336327
2463,0x00422ac8,4336328
2464,0x00422aca,4336330
2465,0x00422ad0,4336336
2466,0x00422ad2,4336338
2467,0x00422ad3,4336339
2468,0x00422ad4,4336340
2469,0x00422ad5,4336341
2470,0x00422ad6,4336342
2471,0x00422ada,4336346
2472,0x00422ade,4336350
2473,0x00422adf,4336351
2474,0x00422ae0,4336352
2475,0x00422ae1,4336353
2476,0x00422ae9,4336361
2477,0x00422aeb,4336363
2478,0x00422aec,4336364
2479,0x00422aed,4336365
2480,0x00422aee,4336366
2481,0x00422af0,4336368
2482,0x00422af3,4336371
2483,0x00422af4,4336372
2484,0x00422af8,4336376
2485,0x00422af9,4336377
2486,0x00422afa,4336378
2487,0x00422afb,4336379
2488,0x00422afc,4336380
2489,0x00422b03,4336387
2490,0x00422b04,4336388
2491,0x00422b06,4336390
2492,0x00422b07,4336391
2493,0x00422b08,4336392
2494,0x00422b09,4336393
2495,0x00422b0a,4336394
2496,0x00422b0b,4336395
2497,0x00422b0e,4336398
2498,0x00422b12,4336402
2499,0x00422b13,4336403
2500,0x00422b14,4336404
2501,0x00422b15,4336405
2502,0x00422b16,4336406
2503,0x00422b1d,4336413
2504,0x00422b1e,4336414
2505,0x00422b20,4336416
2506,0x00422b21,4336417
2507,0x00422b22,4336418
2508,0x00422b23,4336419
2509,0x00422b24,4336420
2510,0x00422b28,4336424
2511,0x00422b2c,4336428
2512,0x00422b2d,4336429
2513,0x00422b2e,4336430
2514,0x00422b2f,4336431
2515,0x00422b30,4336432
2516,0x00422b37,4336439
2517,0x00422b38,4336440
2518,0x00422b39,4336441
2519,0x00422b3a,4336442
2520,0x00422b3b,4336443
2521,0x00422b3c,4336444
2522,0x00422b3d,4336445
2523,0x00422b3e,4336446
2524,0x00422b41,4336449
2525,0x00422b45,4336453
2526,0x00422b46,4336454
2527,0x00422b47,4336455
2528,0x00422b48,4336456
2529,0x00422b49,4336457
2530,0x00422b50,4336464
2531,0x00422b51,4336465
2532,0x00422b53,4336467
2533,0x00422b54,4336468
2534,0x00422b55,4336469
2535,0x00422b57,4336471
2536,0x00422b5c,4336476
2537,0x00422b5f,4336479
2538,0x00422b60,4336480
2539,0x00422b61,4336481
2540,0x00422b62,4336482
2541,0x00422b63,4336483
2542,0x00422b69,4336489
2543,0x00422b6a,4336490
2544,0x00422b6b,4336491
2545,0x00422b6c,4336492
2546,0x00422b6d,4336493
2547,0x00422b6e,4336494
2548,0x00422b70,4336496
2549,0x00422b71,4336497
2550,0x00422b74,4336500
2551,0x00422b75,4336501
2552,0x00422b79,4336505
2553,0x00422b7a,4336506
2554,0x00422b7b,4336507
2555,0x00422b7c,4336508
2556,0x00422b83,4336515
2557,0x00422b86,4336518
2558,0x00422b87,4336519
2559,0x00422b88,4336520
2560,0x00422b89,4336521
2561,0x00422b8a,4336522
2562,0x00422b8b,4336523
2563,0x00422b8e,4336526
2564,0x00422b92,4336530
2565,0x00422b93,4336531
2566,0x00422b94,4336532
2567,0x00422b95,4336533
2568,0x00422b96,4336534
2569,0x00422b9d,4336541
2570,0x00422b9f,4336543
2571,0x00422ba0,4336544
2572,0x00422ba1,4336545
2573,0x00422ba2,4336546
2574,0x00422ba4,4336548
2575,0x00422ba7,4336551
2576,0x00422bab,4336555
2577,0x00422bac,4336556
2578,0x00422bad,4336557
2579,0x00422bae,4336558
2580,0x00422baf,4336559
2581,0x00422bb0,4336560
2582,0x00422bb6,4336566
2583,0x00422bb7,4336567
2584,0x00422bb8,4336568
2585,0x00422bb9,4336569
2586,0x00422bba,4336570
2587,0x00422bbb,4336571
2588,0x00422bbd,4336573
2589,0x00422bc1,4336577
2590,0x00422bc5,4336581
2591,0x00422bc6,4336582
2592,0x00422bc7,4336583
2593,0x00422bc8,4336584
2594,0x00422bcf,4336591
2595,0x00422bd0,4336592
2596,0x00422bd1,4336593
2597,0x00422bd2,4336594
2598,0x00422bd3,4336595
2599,0x00422bd4,4336596
2600,0x00422bd5,4336597
2601,0x00422bd8,4336600
2602,0x00422bd9,4336601
2603,0x00422bdd,4336605
2604,0x00422bde,4336606
2605,0x00422bdf,4336607
2606,0x00422be0,4336608
2607,0x00422be7,4336615
2608,0x00422be8,4336616
2609,0x00422be9,4336617
2610,0x00422bea,4336618
2611,0x00422beb,4336619
2612,0x00422bec,4336620
2613,0x00422bee,4336622
2614,0x00422bf2,4336626
2615,0x00422bf3,4336627
2616,0x00422bf6,4336630
2617,0x00422bf7,4336631
2618,0x00422bf8,4336632
2619,0x00422bf9,4336633
2620,0x00422bfa,4336634
2621,0x00422bfb,4336635
2622,0x00422c00,4336640
2623,0x00422c01,4336641
2624,0x00422c03,4336643
2625,0x00422c04,4336644
2626,0x00422c05,4336645
2627,0x00422c07,4336647
2628,0x00422c0a,4336650
2629,0x00422c0b,4336651
2630,0x00422c0c,4336652
2631,0x00422c0d,4336653
2632,0x00422c0e,4336654
2633,0x00422c0f,4336655
2634,0x00422c10,4336656
2635,0x00422c11,4336657
2636,0x00422c12,4336658
2637,0x00422c13,4336659
2638,0x00422c14,4336660
2639,0x00422c15,4336661
2640,0x00422c16,4336662
2641,0x00422c17,4336663
2642,0x00422c18,4336664
2643,0x00422c19,4336665
2644,0x00422c1a,4336666
2645,0x00422c1b,4336667
2646,0x00422c1c,4336668
2647,0x00422c1d,4336669
2648,0x00422c1e,4336670
2649,0x00422c1f,4336671
2650,0x00422c21,4336673
2651,0x00422c25,4336677
2652,0x00422c29,4336681
2653,0x00422c2a,4336682
2654,0x00422c2b,4336683
2655,0x00422c2c,4336684
2656,0x00422c2d,4336685
2657,0x00422c34,4336692
2658,0x00422c35,4336693
2659,0x00422c37,4336695
2660,0x00422c38,4336696
2661,0x00422c39,4336697
2662,0x00422c3a,4336698
2663,0x00422c3b,4336699
2664,0x00422c3c,4336700
2665,0x00422c3f,4336703
2666,0x00422c44,4336708
2667,0x00422c45,4336709
2668,0x00422c46,4336710
2669,0x00422c47,4336711
2670,0x00422c4f,4336719
2671,0x00422c51,4336721
2672,0x00422c52,4336722
2673,0x00422c53,4336723
2674,0x00422c54,4336724
2675,0x00422c56,4336726
2676,0x00422c5b,4336731
2677,0x00422c60,4336736
2678,0x00422c61,4336737
2679,0x00422c62,4336738
2680,0x00422c63,4336739
2681,0x00422c64,4336740
2682,0x00422c6b,4336747
2683,0x00422c6c,4336748
2684,0x00422c6e,4336750
2685,0x00422c6f,4336751
2686,0x00422c70,4336752
2687,0x00422c73,4336755
2688,0x00422c74,4336756
2689,0x00422c77,4336759
2690,0x00422c78,4336760
2691,0x00422c7c,4336764
2692,0x00422c7d,4336765
2693,0x00422c7e,4336766
2694,0x00422c7f,4336767
2695,0x00422c82,4336770
2696,0x00422c86,4336774
2697,0x00422c87,4336775
2698,0x00422c88,4336776
2699,0x00422c89,4336777
2700,0x00422c8a,4336778
2701,0x00422c8b,4336779
2702,0x00422c8d,4336781
2703,0x00422c8f,4336783
2704,0x00422c90,4336784
2705,0x00422c91,4336785
2706,0x00422c95,4336789
2707,0x00422c96,4336790
2708,0x00422c97,4336791
2709,0x00422c98,4336792
2710,0x00422c99,4336793
2711,0x00422ca0,4336800
2712,0x00422ca1,4336801
2713,0x00422ca2,4336802
2714,0x00422ca3,4336803
2715,0x00422ca4,4336804
2716,0x00422ca5,4336805
2717,0x00422ca6,4336806
2718,0x00422ca7,4336807
2719,0x00422caa,4336810
2720,0x00422cae,4336814
2721,0x00422caf,4336815
2722,0x00422cb0,4336816
2723,0x00422cb1,4336817
2724,0x00422cb2,4336818
2725,0x00422cb9,4336825
2726,0x00422cba,4336826
2727,0x00422cbb,4336827
2728,0x00422cbc,4336828
2729,0x00422cbd,4336829
2730,0x00422cbf,4336831
2731,0x00422cc1,4336833
2732,0x00422cc2,4336834
2733,0x00422cc7,4336839
2734,0x00422cc8,4336840
2735,0x00422cc9,4336841
2736,0x00422cca,4336842
2737,0x00422ccb,4336843
2738,0x00422ccd,4336845
2739,0x00422cd0,4336848
2740,0x00422cd2,4336850
2741,0x00422cd3,4336851
2742,0x00422cd4,4336852
2743,0x00422cd5,4336853
2744,0x00422cd6,4336854
2745,0x00422cd7,4336855
2746,0x00422cd8,4336856
2747,0x00422cd9,4336857
2748,0x00422cda,4336858
2749,0x00422cdc,4336860
2750,0x00422cdd,4336861
2751,0x00422cdf,4336863
2752,0x00422ce0,4336864
2753,0x00422ce1,4336865
2754,0x00422ce2,4336866
2755,0x00422ce3,4336867
2756,0x00422ce4,4336868
2757,0x00422ce5,4336869
2758,0x00422ce6,4336870
2759,0x00422ce7,4336871
2760,0x00422ce8,4336872
2761,0x00422ce9,4336873
2762,0x00422cea,4336874
2763,0x00422ceb,4336875
2764,0x00422cec,4336876
2765,0x00422ced,4336877
2766,0x00422cee,4336878
2767,0x00422cef,4336879
2768,0x00422cf0,4336880
2769,0x00422cf1,4336881
2770,0x00422cf3,4336883
2771,0x00422cf4,4336884
2772,0x00422cf7,4336887
2773,0x00422cf8,4336888
2774,0x00422cfa,4336890
2775,0x00422cfc,4336892
2776,0x00422cfd,4336893
2777,0x00422cfe,4336894
2778,0x00422cff,4336895
2779,0x00422d00,4336896
2780,0x00422d01,4336897
2781,0x00422d02,4336898
2782,0x00422d04,4336900
2783,0x00422d05,4336901
2784,0x00422d06,4336902
2785,0x00422d07,4336903
2786,0x00422d08,4336904
2787,0x00422d09,4336905
2788,0x00422d0a,4336906
2789,0x00422d0b,4336907
2790,0x00422d0c,4336908
2791,0x00422d0e,4336910
2792,0x00422d10,4336912
2793,0x00422d12,4336914
2794,0x00422d13,4336915
2795,0x00422d14,4336916
2796,0x00422d15,4336917
2797,0x00422d16,4336918
2798,0x00422d17,4336919
2799,0x00422d18,4336920
2800,0x00422d19,4336921
2801,0x00422d1a,4336922
2802,0x00422d1b,4336923
2803,0x00422d1c,4336924
2804,0x00422d1d,4336925
2805,0x00422d1e,4336926
2806,0x00422d1f,4336927
2807,0x00422d20,4336928
2808,0x00422d21,4336929
2809,0x00422d22,4336930
2810,0x00422d23,4336931
2811,0x00422d24,4336932
2812,0x00422d25,4336933
2813,0x00422d26,4336934
2814,0x00422d27,4336935
2815,0x00422d28,4336936
2816,0x00422d29,4336937
2817,0x00422d2a,4336938
2818,0x00422d2b,4336939
2819,0x00422d2c,4336940
2820,0x00422d2f,4336943
2821,0x00422d30,4336944
2822,0x00422d31,4336945
2823,0x00422d32,4336946
2824,0x00422d33,4336947
2825,0x00422d34,4336948
2826,0x00422d35,4336949
2827,0x00422d38,4336952
2828,0x00422d39,4336953
2829,0x00422d3a,4336954
2830,0x00422d3b,4336955
2831,0x00422d3c,4336956
2832,0x00422d3d,4336957
2833,0x00422d3e,4336958
2834,0x00422d3f,4336959
2835,0x00422d40,4336960
2836,0x00422d42,4336962
2837,0x00422d43,4336963
2838,0x00422d44,4336964
2839,0x00422d45,4336965
2840,0x00422d46,4336966
2841,0x00422d48,4336968
2842,0x00422d49,4336969
2843,0x00422d4a,4336970
2844,0x00422d4b,4336971
2845,0x00422d4c,4336972
2846,0x00422d4e,4336974
2847,0x00422d4f,4336975
2848,0x00422d50,4336976
2849,0x00422d51,4336977
2850,0x00422d52,4336978
2851,0x00422d54,4336980
2852,0x00422d55,4336981
2853,0x00422d57,4336983
2854,0x00422d58,4336984
2855,0x00422d5a,4336986
2856,0x00422d5b,4336987
2857,0x00422d5c,4336988
2858,0x00422d5f,4336991
2859,0x00422d60,4336992
2860,0x00422d61,4336993
2861,0x00422d62,4336994
2862,0x00422d63,4336995
2863,0x00422d64,4336996
2864,0x00422d67,4336999
2865,0x00422d68,4337000
2866,0x00422d6a,4337002
2867,0x00422d6c,4337004
2868,0x00422d6d,4337005
2869,0x00422d6e,4337006
2870,0x00422d6f,4337007
2871,0x00422d71,4337009
2872,0x00422d72,4337010
2873,0x00422d74,4337012
2874,0x00422d75,4337013
2875,0x00422d78,4337016
2876,0x00422d79,4337017
2877,0x00422d7a,4337018
2878,0x00422d7b,4337019
2879,0x00422d7c,4337020
2880,0x00422d7d,4337021
2881,0x00422d7e,4337022
2882,0x00422d7f,4337023
2883,0x00422d82,4337026
2884,0x00422d83,4337027
2885,0x00422d84,4337028
2886,0x00422d85,4337029
2887,0x00422d86,4337030
2888,0x00422d87,4337031
2889,0x00422d88,4337032
2890,0x00422d89,4337033
2891,0x00422d8a,4337034
2892,0x00422d8b,4337035
2893,0x00422d8c,4337036
2894,0x00422d8d,4337037
2895,0x00422d8e,4337038
2896,0x00422d90,4337040
2897,0x00422d91,4337041
2898,0x00422d92,4337042
2899,0x00422d93,4337043
2900,0x00422d94,4337044
2901,0x00422d95,4337045
2902,0x00422d96,4337046
2903,0x00422d9c,4337052
2904,0x00422d9d,4337053
2905,0x00422d9e,4337054
2906,0x00422d9f,4337055
2907,0x00422da0,4337056
2908,0x00422da1,4337057
2909,0x00422da2,4337058
2910,0x00422da3,4337059
2911,0x00422da4,4337060
2912,0x00422da5,4337061
2913,0x00422da6,4337062
2914,0x00422da7,4337063
2915,0x00422da8,4337064
2916,0x00422daa,4337066
2917,0x00422dac,4337068
2918,0x00422dad,4337069
2919,0x00422daf,4337071
2920,0x00422db0,4337072
2921,0x00422db1,4337073
2922,0x00422db4,4337076
2923,0x00422db5,4337077
2924,0x00422db6,4337078
2925,0x00422db7,4337079
2926,0x00422db8,4337080
2927,0x00422db9,4337081
2928,0x00422dba,4337082
2929,0x00422dbb,4337083
2930,0x00422dc0,4337088
2931,0x00422dc1,4337089
2932,0x00422dc3,4337091
2933,0x00422dc4,4337092
2934,0x00422dc5,4337093
2935,0x00422dc6,4337094
2936,0x00422dc7,4337095
2937,0x00422dc9,4337097
2938,0x00422dca,4337098
2939,0x00422dcc,4337100
2940,0x00422dcd,4337101
2941,0x00422dce,4337102
2942,0x00422dcf,4337103
2943,0x00422dd1,4337105
2944,0x00422dd2,4337106
2945,0x00422dd3,4337107
2946,0x00422dd4,4337108
2947,0x00422dd5,4337109
2948,0x00422dd7,4337111
2949,0x00422dd8,4337112
2950,0x00422dd9,4337113
2951,0x00422dda,4337114
2952,0x00422ddb,4337115
2953,0x00422ddc,4337116
2954,0x00422ddd,4337117
2955,0x00422dde,4337118
2956,0x00422ddf,4337119
2957,0x00422de0,4337120
2958,0x00422de1,4337121
2959,0x00422de2,4337122
2960,0x00422de5,4337125
2961,0x00422de6,4337126
2962,0x00422de7,4337127
2963,0x00422de8,4337128
2964,0x00422de9,4337129
2965,0x00422dea,4337130
2966,0x00422deb,4337131
2967,0x00422dec,4337132
2968,0x00422ded,4337133
2969,0x00422dee,4337134
2970,0x00422def,4337135
2971,0x00422df0,4337136
2972,0x00422df1,4337137
2973,0x00422df2,4337138
2974,0x00422df3,4337139
2975,0x00422df5,4337141
2976,0x00422df6,4337142
2977,0x00422df7,4337143
2978,0x00422df8,4337144
2979,0x00422df9,4337145
2980,0x00422dfa,4337146
2981,0x00422dfd,4337149
2982,0x00422e00,4337152
2983,0x00422e01,4337153
2984,0x00422e05,4337157
2985,0x00422e06,4337158
2986,0x00422e07,4337159
2987,0x00422e08,4337160
2988,0x00422e09,4337161
2989,0x00422e0a,4337162
2990,0x00422e0b,4337163
2991,0x00422e10,4337168
2992,0x00422e11,4337169
2993,0x00422e12,4337170
2994,0x00422e13,4337171
2995,0x00422e14,4337172
2996,0x00422e15,4337173
2997,0x00422e16,4337174
2998,0x00422e17,4337175
2999,0x00422e18,4337176
3000,0x00422e19,4337177
3001,0x00422e1a,4337178
3002,0x00422e1c,4337180
3003,0x00422e1d,4337181
3004,0x00422e1e,4337182
3005,0x00422e20,4337184
3006,0x00422e21,4337185
3007,0x00422e22,4337186
3008,0x00422e23,4337187
3009,0x00422e24,4337188
3010,0x00422e26,4337190
3011,0x00422e27,4337191
3012,0x00422e28,4337192
3013,0x00422e29,4337193
3014,0x00422e2b,4337195
3015,0x00422e2c,4337196
3016,0x00422e2d,4337197
3017,0x00422e2e,4337198
3018,0x00422e2f,4337199
3019,0x00422e30,4337200
3020,0x00422e31,4337201
3021,0x00422e32,4337202
3022,0x00422e34,4337204
3023,0x00422e35,4337205
3024,0x00422e36,4337206
3025,0x00422e37,4337207
3026,0x00422e38,4337208
3027,0x00422e39,4337209
3028,0x00422e3a,4337210
3029,0x00422e3b,4337211
3030,0x00422e3c,4337212
3031,0x00422e3d,4337213
3032,0x00422e3e,4337214
3033,0x00422e3f,4337215
3034,0x00422e45,4337221
3035,0x00422e47,4337223
3036,0x00422e48,4337224
3037,0x00422e49,4337225
3038,0x00422e4a,4337226
3039,0x00422e4b,4337227
3040,0x00422e4d,4337229
3041,0x00422e51,4337233
3042,0x00422e52,4337234
3043,0x00422e55,4337237
3044,0x00422e56,4337238
3045,0x00422e57,4337239
3046,0x00422e58,4337240
3047,0x00422e59,4337241
3048,0x00422e5a,4337242
3049,0x00422e5b,4337243
3050,0x00422e61,4337249
3051,0x00422e62,4337250
3052,0x00422e63,4337251
3053,0x00422e64,4337252
3054,0x00422e65,4337253
3055,0x00422e66,4337254
3056,0x00422e67,4337255
3057,0x00422e68,4337256
3058,0x00422e69,4337257
3059,0x00422e6a,4337258
3060,0x00422e6b,4337259
3061,0x00422e6c,4337260
3062,0x00422e6d,4337261
3063,0x00422e6e,4337262
3064,0x00422e71,4337265
3065,0x00422e73,4337267
3066,0x00422e74,4337268
3067,0x00422e75,4337269
3068,0x00422e76,4337270
3069,0x00422e77,4337271
3070,0x00422e78,4337272
3071,0x00422e79,4337273
3072,0x00422e7a,4337274
3073,0x00422e7f,4337279
3074,0x00422e80,4337280
3075,0x00422e82,4337282
3076,0x00422e83,4337283
3077,0x00422e84,4337284
3078,0x00422e85,4337285
3079,0x00422e86,4337286
3080,0x00422e87,4337287
3081,0x00422e88,4337288
3082,0x00422e89,4337289
3083,0x00422e8a,4337290
3084,0x00422e8f,4337295
3085,0x00422e90,4337296
3086,0x00422e91,4337297
3087,0x00422e92,4337298
3088,0x00422e93,4337299
3089,0x00422e99,4337305
3090,0x00422e9a,4337306
3091,0x00422e9d,4337309
3092,0x00422e9e,4337310
3093,0x00422e9f,4337311
3094,0x00422ea2,4337314
3095,0x00422ea6,4337318
3096,0x00422eaa,4337322
3097,0x00422eab,4337323
3098,0x00422eac,4337324
3099,0x00422ead,4337325
3100,0x00422eae,4337326
3101,0x00422eaf,4337327
3102,0x00422eb0,4337328
3103,0x00422eb6,4337334
3104,0x00422eb7,4337335
3105,0x00422eb8,4337336
3106,0x00422eb9,4337337
3107,0x00422eba,4337338
3108,0x00422ebb,4337339
3109,0x00422ebc,4337340
3110,0x00422ebd,4337341
3111,0x00422ebe,4337342
3112,0x00422ebf,4337343
3113,0x00422ec0,4337344
3114,0x00422ec1,4337345
3115,0x00422ec2,4337346
3116,0x00422ec5,4337349
3117,0x00422ec6,4337350
3118,0x00422ec7,4337351
3119,0x00422ec8,4337352
3120,0x00422ec9,4337353
3121,0x00422eca,4337354
3122,0x00422ecb,4337355
3123,0x00422ecc,4337356
3124,0x00422ecd,4337357
3125,0x00422ece,4337358
3126,0x00422ecf,4337359
3127,0x00422ed0,4337360
3128,0x00422ed1,4337361
3129,0x00422ed3,4337363
3130,0x00422ed4,4337364
3131,0x00422ed5,4337365
3132,0x00422ed6,4337366
3133,0x00422ed7,4337367
3134,0x00422ed8,4337368
3135,0x00422eda,4337370
3136,0x00422edb,4337371
3137,0x00422edc,4337372
3138,0x00422edd,4337373
3139,0x00422ede,4337374
3140,0x00422edf,4337375
3141,0x00422ee0,4337376
3142,0x00422ee1,4337377
3143,0x00422ee2,4337378
3144,0x00422ee3,4337379
3145,0x00422ee9,4337385
3146,0x00422eea,4337386
3147,0x00422eec,4337388
3148,0x00422eed,4337389
3149,0x00422eee,4337390
3150,0x00422eef,4337391
3151,0x00422ef1,4337393
3152,0x00422ef2,4337394
3153,0x00422ef5,4337397
3154,0x00422ef6,4337398
3155,0x00422ef7,4337399
3156,0x00422efa,4337402
3157,0x00422efb,4337403
3158,0x00422efc,4337404
3159,0x00422efd,4337405
3160,0x00422efe,4337406
3161,0x00422eff,4337407
3162,0x00422f00,4337408
3163,0x00422f05,4337413
3164,0x00422f06,4337414
3165,0x00422f07,4337415
3166,0x00422f08,4337416
3167,0x00422f09,4337417
3168,0x00422f0a,4337418
3169,0x00422f0b,4337419
3170,0x00422f0c,4337420
3171,0x00422f0d,4337421
3172,0x00422f0e,4337422
3173,0x00422f0f,4337423
3174,0x00422f12,4337426
3175,0x00422f13,4337427
3176,0x00422f16,4337430
3177,0x00422f17,4337431
3178,0x00422f18,4337432
3179,0x00422f19,4337433
3180,0x00422f1a,4337434
3181,0x00422f1b,4337435
3182,0x00422f1c,4337436
3183,0x00422f1d,4337437
3184,0x00422f23,4337443
3185,0x00422f24,4337444
3186,0x00422f25,4337445
3187,0x00422f26,4337446
3188,0x00422f27,4337447
3189,0x00422f28,4337448
3190,0x00422f29,4337449
3191,0x00422f2a,4337450
3192,0x00422f2b,4337451
3193,0x00422f2c,4337452
3194,0x00422f30,4337456
3195,0x00422f34,4337460
3196,0x00422f35,4337461
3197,0x00422f36,4337462
3198,0x00422f37,4337463
3199,0x00422f3e,4337470
3200,0x00422f3f,4337471
3201,0x00422f41,4337473
3202,0x00422f42,4337474
3203,0x00422f43,4337475
3204,0x00422f45,4337477
3205,0x00422f46,4337478
3206,0x00422f48,4337480
3207,0x00422f49,4337481
3208,0x00422f4a,4337482
3209,0x00422f4d,4337485
3210,0x00422f4e,4337486
3211,0x00422f4f,4337487
3212,0x00422f50,4337488
3213,0x00422f51,4337489
3214,0x00422f52,4337490
3215,0x00422f53,4337491
3216,0x00422f54,4337492
3217,0x00422f59,4337497
3218,0x00422f5a,4337498
3219,0x00422f5b,4337499
3220,0x00422f5c,4337500
3221,0x00422f5d,4337501
3222,0x00422f5e,4337502
3223,0x00422f5f,4337503
3224,0x00422f60,4337504
3225,0x00422f61,4337505
3226,0x00422f62,4337506
3227,0x00422f63,4337507
3228,0x00422f65,4337509
3229,0x00422f67,4337511
3230,0x00422f69,4337513
3231,0x00422f6a,4337514
3232,0x00422f6b,4337515
3233,0x00422f6c,4337516
3234,0x00422f6d,4337517
3235,0x00422f6e,4337518
3236,0x00422f6f,4337519
3237,0x00422f70,4337520
3238,0x00422f74,4337524
3239,0x00422f75,4337525
3240,0x00422f76,4337526
3241,0x00422f77,4337527
3242,0x00422f78,4337528
3243,0x00422f79,4337529
3244,0x00422f7a,4337530
3245,0x00422f7b,4337531
3246,0x00422f7c,4337532
3247,0x00422f7f,4337535
3248,0x00422f83,4337539
3249,0x00422f84,4337540
3250,0x00422f85,4337541
3251,0x00422f86,4337542
3252,0x00422f87,4337543
3253,0x00422f8e,4337550
3254,0x00422f8f,4337551
3255,0x00422f91,4337553
3256,0x00422f92,4337554
3257,0x00422f93,4337555
3258,0x00422f94,4337556
3259,0x00422f96,4337558
3260,0x00422f97,4337559
3261,0x00422f9a,4337562
3262,0x00422f9b,4337563
3263,0x00422f9e,4337566
3264,0x00422f9f,4337567
3265,0x00422fa0,4337568
3266,0x00422fa1,4337569
3267,0x00422fa2,4337570
3268,0x00422fa3,4337571
3269,0x00422fa4,4337572
3270,0x00422fa5,4337573
3271,0x00422fab,4337579
3272,0x00422fac,4337580
3273,0x00422fad,4337581
3274,0x00422fae,4337582
3275,0x00422faf,4337583
3276,0x00422fb0,4337584
3277,0x00422fb1,4337585
3278,0x00422fb2,4337586
3279,0x00422fb4,4337588
3280,0x00422fb5,4337589
3281,0x00422fb8,4337592
3282,0x00422fbc,4337596
3283,0x00422fbd,4337597
3284,0x00422fbe,4337598
3285,0x00422fbf,4337599
3286,0x00422fc0,4337600
3287,0x00422fc1,4337601
3288,0x00422fc2,4337602
3289,0x00422fc3,4337603
3290,0x00422fc7,4337607
3291,0x00422fc8,4337608
3292,0x00422fca,4337610
3293,0x00422fcb,4337611
3294,0x00422fcc,4337612
3295,0x00422fcd,4337613
3296,0x00422fce,4337614
3297,0x00422fcf,4337615
3298,0x00422fd0,4337616
3299,0x00422fd3,4337619
3300,0x00422fd7,4337623
3301,0x00422fd8,4337624
3302,0x00422fd9,4337625
3303,0x00422fda,4337626
3304,0x00422fdb,4337627
3305,0x00422fe2,4337634
3306,0x00422fe3,4337635
3307,0x00422fe4,4337636
3308,0x00422fe5,4337637
3309,0x00422fe6,4337638
3310,0x00422fe7,4337639
3311,0x00422fe9,4337641
3312,0x00422fea,4337642
3313,0x00422fed,4337645
3314,0x00422fee,4337646
3315,0x00422ff1,4337649
3316,0x00422ff2,4337650
3317,0x00422ff3,4337651
3318,0x00422ff4,4337652
3319,0x00422ff5,4337653
3320,0x00422ff6,4337654
3321,0x00422ff7,4337655
3322,0x00422ff8,4337656
3323,0x00422ffd,4337661
3324,0x00422ffe,4337662
3325,0x00422fff,4337663
3326,0x00423000,4337664
3327,0x00423001,4337665
3328,0x00423002,4337666
3329,0x00423003,4337667
3330,0x00423004,4337668
3331,0x00423005,4337669
3332,0x00423007,4337671
3333,0x0042300b,4337675
3334,0x0042300f,4337679
3335,0x00423010,4337680
3336,0x00423011,4337681
3337,0x00423012,4337682
3338,0x00423013,4337683
3339,0x00423014,4337684
3340,0x00423015,4337685
3341,0x0042301b,4337691
3342,0x0042301c,4337692
3343,0x0042301d,4337693
3344,0x0042301e,4337694
3345,0x0042301f,4337695
3346,0x00423020,4337696
3347,0x00423021,4337697
3348,0x00423022,4337698
3349,0x00423023,4337699
3350,0x00423026,4337702
3351,0x0042302b,4337707
3352,0x0042302c,4337708
3353,0x0042302d,4337709
3354,0x0042302e,4337710
3355,0x0042302f,4337711
3356,0x00423036,4337718
3357,0x00423037,4337719
3358,0x00423038,4337720
3359,0x00423039,4337721
3360,0x0042303a,4337722
3361,0x0042303b,4337723
3362,0x0042303c,4337724
3363,0x0042303e,4337726
3364,0x00423041,4337729
3365,0x00423042,4337730
3366,0x00423046,4337734
3367,0x00423047,4337735
3368,0x00423048,4337736
3369,0x00423049,4337737
3370,0x0042304a,4337738
3371,0x0042304b,4337739
3372,0x0042304c,4337740
3373,0x00423053,4337747
3374,0x00423054,4337748
3375,0x00423055,4337749
3376,0x00423056,4337750
3377,0x00423057,4337751
3378,0x00423058,4337752
3379,0x00423059,4337753
3380,0x0042305a,4337754
3381,0x0042305c,4337756
3382,0x0042305d,4337757
3383,0x0042305f,4337759
3384,0x00423060,4337760
3385,0x00423063,4337763
3386,0x00423064,4337764
3387,0x00423065,4337765
3388,0x00423066,4337766
3389,0x00423067,4337767
3390,0x00423068,4337768
3391,0x00423069,4337769
3392,0x0042306a,4337770
3393,0x0042306d,4337773
3394,0x0042306e,4337774
3395,0x0042306f,4337775
3396,0x00423070,4337776
3397,0x00423071,4337777
3398,0x00423072,4337778
3399,0x00423073,4337779
3400,0x00423074,4337780
3401,0x00423075,4337781
3402,0x00423076,4337782
3403,0x00423078,4337784
3404,0x0042307d,4337789
3405,0x0042307e,4337790
3406,0x0042307f,4337791
3407,0x00423080,4337792
3408,0x00423087,4337799
3409,0x00423089,4337801
3410,0x0042308a,4337802
3411,0x0042308b,4337803
3412,0x0042308c,4337804
3413,0x0042308e,4337806
3414,0x0042308f,4337807
3415,0x00423091,4337809
3416,0x00423092,4337810
3417,0x00423093,4337811
3418,0x00423094,4337812
3419,0x00423097,4337815
3420,0x00423098,4337816
3421,0x00423099,4337817
3422,0x0042309a,4337818
3423,0x0042309b,4337819
3424,0x0042309c,4337820
3425,0x0042309d,4337821
3426,0x0042309e,4337822
3427,0x0042309f,4337823
3428,0x004230a1,4337825
3429,0x004230a2,4337826
3430,0x004230a3,4337827
3431,0x004230a4,4337828
3432,0x004230a5,4337829
3433,0x004230a6,4337830
3434,0x004230a7,4337831
3435,0x004230a8,4337832
3436,0x004230a9,4337833
3437,0x004230aa,4337834
3438,0x004230ab,4337835
3439,0x004230ac,4337836
3440,0x004230b0,4337840
3441,0x004230b1,4337841
3442,0x004230b2,4337842
3443,0x004230b3,4337843
3444,0x004230b4,4337844
3445,0x004230b5,4337845
3446,0x004230b6,4337846
3447,0x004230b7,4337847
3448,0x004230ba,4337850
3449,0x004230bb,4337851
3450,0x004230bd,4337853
3451,0x004230be,4337854
3452,0x004230bf,4337855
3453,0x004230c0,4337856
3454,0x004230c1,4337857
3455,0x004230c2,4337858
3456,0x004230c3,4337859
3457,0x004230c4,4337860
3458,0x004230c5,4337861
3459,0x004230c9,4337865
3460,0x004230ca,4337866
3461,0x004230cb,4337867
3462,0x004230cc,4337868
3463,0x004230d3,4337875
3464,0x004230d4,4337876
3465,0x004230d6,4337878
3466,0x004230d7,4337879
3467,0x004230d8,4337880
3468,0x004230d9,4337881
3469,0x004230db,4337883
3470,0x004230dc,4337884
3471,0x004230de,4337886
3472,0x004230df,4337887
3473,0x004230e0,4337888
3474,0x004230e3,4337891
3475,0x004230e4,4337892
3476,0x004230e5,4337893
3477,0x004230e6,4337894
3478,0x004230e7,4337895
3479,0x004230e8,4337896
3480,0x004230e9,4337897
3481,0x004230ea,4337898
3482,0x004230eb,4337899
3483,0x004230f0,4337904
3484,0x004230f1,4337905
3485,0x004230f2,4337906
3486,0x004230f3,4337907
3487,0x004230f4,4337908
3488,0x004230f5,4337909
3489,0x004230f6,4337910
3490,0x004230f7,4337911
3491,0x004230f8,4337912
3492,0x004230f9,4337913
3493,0x004230fc,4337916
3494,0x004230fd,4337917
3495,0x00423100,4337920
3496,0x00423101,4337921
3497,0x00423102,4337922
3498,0x00423103,4337923
3499,0x00423104,4337924
3500,0x00423105,4337925
3501,0x00423106,4337926
3502,0x0042310a,4337930
3503,0x0042310b,4337931
3504,0x0042310d,4337933
3505,0x0042310e,4337934
3506,0x0042310f,4337935
3507,0x00423110,4337936
3508,0x00423111,4337937
3509,0x00423112,4337938
3510,0x00423115,4337941
3511,0x00423119,4337945
3512,0x0042311a,4337946
3513,0x0042311b,4337947
3514,0x0042311c,4337948
3515,0x0042311d,4337949
3516,0x00423124,4337956
3517,0x00423125,4337957
3518,0x00423127,4337959
3519,0x00423128,4337960
3520,0x00423129,4337961
3521,0x0042312a,4337962
3522,0x0042312c,4337964
3523,0x0042312f,4337967
3524,0x00423130,4337968
3525,0x00423131,4337969
3526,0x00423134,4337972
3527,0x00423135,4337973
3528,0x00423136,4337974
3529,0x00423137,4337975
3530,0x00423138,4337976
3531,0x00423139,4337977
3532,0x0042313a,4337978
3533,0x0042313b,4337979
3534,0x00423140,4337984
3535,0x00423141,4337985
3536,0x00423142,4337986
3537,0x00423143,4337987
3538,0x00423144,4337988
3539,0x00423145,4337989
3540,0x00423146,4337990
3541,0x00423147,4337991
3542,0x00423148,4337992
3543,0x00423149,4337993
3544,0x0042314a,4337994
3545,0x0042314d,4337997
3546,0x0042314e,4337998
3547,0x00423151,4338001
3548,0x00423152,4338002
3549,0x00423153,4338003
3550,0x00423154,4338004
3551,0x00423155,4338005
3552,0x00423156,4338006
3553,0x00423157,4338007
3554,0x00423158,4338008
3555,0x0042315e,4338014
3556,0x0042315f,4338015
3557,0x00423160,4338016
3558,0x00423161,4338017
3559,0x00423162,4338018
3560,0x00423163,4338019
3561,0x00423164,4338020
3562,0x00423165,4338021
3563,0x00423166,4338022
3564,0x0042316a,4338026
3565,0x0042316e,4338030
3566,0x0042316f,4338031
3567,0x00423170,4338032
3568,0x00423171,4338033
3569,0x00423179,4338041
3570,0x0042317a,4338042
3571,0x0042317b,4338043
3572,0x0042317c,4338044
3573,0x0042317d,4338045
3574,0x0042317e,4338046
3575,0x00423181,4338049
3576,0x00423185,4338053
3577,0x00423187,4338055
3578,0x0042318a,4338058
3579,0x0042318b,4338059
3580,0x0042318c,4338060
3581,0x0042318d,4338061
3582,0x0042318e,4338062
3583,0x0042318f,4338063
3584,0x00423190,4338064
3585,0x00423191,4338065
3586,0x00423195,4338069
3587,0x00423196,4338070
3588,0x00423197,4338071
3589,0x00423198,4338072
3590,0x00423199,4338073
3591,0x0042319a,4338074
3592,0x0042319b,4338075
3593,0x0042319c,4338076
3594,0x0042319d,4338077
3595,0x0042319f,4338079
3596,0x004231a1,4338081
3597,0x004231a2,4338082
3598,0x004231a5,4338085
3599,0x004231a6,4338086
3600,0x004231a7,4338087
3601,0x004231a8,4338088
3602,0x004231a9,4338089
3603,0x004231aa,4338090
3604,0x004231ab,4338091
3605,0x004231b0,4338096
3606,0x004231b1,4338097
3607,0x004231b2,4338098
3608,0x004231b3,4338099
3609,0x004231b4,4338100
3610,0x004231b5,4338101
3611,0x004231b6,4338102
3612,0x004231b7,4338103
3613,0x004231bc,4338108
3614,0x004231bf,4338111
3615,0x004231c1,4338113
3616,0x004231c2,4338114
3617,0x004231c3,4338115
3618,0x004231c4,4338116
3619,0x004231c5,4338117
3620,0x004231cc,4338124
3621,0x004231cd,4338125
3622,0x004231cf,4338127
3623,0x004231d0,4338128
3624,0x004231d1,4338129
3625,0x004231d2,4338130
3626,0x004231d4,4338132
3627,0x004231d7,4338135
3628,0x004231d8,4338136
3629,0x004231dc,4338140
3630,0x004231dd,4338141
3631,0x004231de,4338142
3632,0x004231df,4338143
3633,0x004231e0,4338144
3634,0x004231e1,4338145
3635,0x004231e2,4338146
3636,0x004231e3,4338147
3637,0x004231e9,4338153
3638,0x004231ea,4338154
3639,0x004231eb,4338155
3640,0x004231ec,4338156
3641,0x004231ed,4338157
3642,0x004231ee,4338158
3643,0x004231ef,4338159
3644,0x004231f0,4338160
3645,0x004231f1,4338161
3646,0x004231f2,4338162
3647,0x004231f4,4338164
3648,0x004231f6,4338166
3649,0x004231f8,4338168
3650,0x004231f9,4338169
3651,0x004231fa,4338170
3652,0x004231fb,4338171
3653,0x004231fc,4338172
3654,0x004231fd,4338173
3655,0x004231fe,4338174
3656,0x00423203,4338179
3657,0x00423205,4338181
3658,0x00423206,4338182
3659,0x00423207,4338183
3660,0x00423208,4338184
3661,0x00423209,4338185
3662,0x0042320a,4338186
3663,0x0042320b,4338187
3664,0x0042320d,4338189
3665,0x00423211,4338193
3666,0x00423212,4338194
3667,0x00423213,4338195
3668,0x00423214,4338196
3669,0x00423215,4338197
3670,0x0042321b,4338203
3671,0x0042321c,4338204
3672,0x0042321d,4338205
3673,0x0042321e,4338206
3674,0x0042321f,4338207
3675,0x00423220,4338208
3676,0x00423221,4338209
3677,0x00423223,4338211
3678,0x00423224,4338212
3679,0x00423226,4338214
3680,0x00423227,4338215
3681,0x00423228,4338216
3682,0x0042322b,4338219
3683,0x0042322c,4338220
3684,0x0042322d,4338221
3685,0x0042322e,4338222
3686,0x0042322f,4338223
3687,0x00423230,4338224
3688,0x00423231,4338225
3689,0x00423232,4338226
3690,0x00423239,4338233
3691,0x0042323a,4338234
3692,0x0042323b,4338235
3693,0x0042323c,4338236
3694,0x0042323d,4338237
3695,0x0042323e,4338238
3696,0x0042323f,4338239
3697,0x00423240,4338240
3698,0x00423241,4338241
3699,0x00423242,4338242
3700,0x00423243,4338243
3701,0x00423244,4338244
3702,0x00423247,4338247
3703,0x00423248,4338248
3704,0x0042324b,4338251
3705,0x0042324c,4338252
3706,0x0042324d,4338253
3707,0x0042324e,4338254
3708,0x0042324f,4338255
3709,0x00423250,4338256
3710,0x00423251,4338257
3711,0x00423256,4338262
3712,0x00423258,4338264
3713,0x00423259,4338265
3714,0x0042325a,4338266
3715,0x0042325b,4338267
3716,0x0042325c,4338268
3717,0x0042325d,4338269
3718,0x0042325e,4338270
3719,0x00423261,4338273
3720,0x00423265,4338277
3721,0x00423266,4338278
3722,0x00423267,4338279
3723,0x00423268,4338280
3724,0x00423270,4338288
3725,0x00423272,4338290
3726,0x00423273,4338291
3727,0x00423274,4338292
3728,0x00423275,4338293
3729,0x00423277,4338295
3730,0x00423278,4338296
3731,0x0042327a,4338298
3732,0x0042327b,4338299
3733,0x0042327c,4338300
3734,0x0042327f,4338303
3735,0x00423280,4338304
3736,0x00423281,4338305
3737,0x00423282,4338306
3738,0x00423283,4338307
3739,0x00423284,4338308
3740,0x00423285,4338309
3741,0x0042328b,4338315
3742,0x0042328c,4338316
3743,0x0042328d,4338317
3744,0x0042328e,4338318
3745,0x0042328f,4338319
3746,0x00423290,4338320
3747,0x00423291,4338321
3748,0x00423292,4338322
3749,0x00423293,4338323
3750,0x00423294,4338324
3751,0x00423295,4338325
3752,0x00423296,4338326
3753,0x00423299,4338329
3754,0x0042329d,4338333
3755,0x0042329e,4338334
3756,0x0042329f,4338335
3757,0x004232a0,4338336
3758,0x004232a1,4338337
3759,0x004232a2,4338338
3760,0x004232a3,4338339
3761,0x004232aa,4338346
3762,0x004232ab,4338347
3763,0x004232ac,4338348
3764,0x004232ad,4338349
3765,0x004232ae,4338350
3766,0x004232af,4338351
3767,0x004232b0,4338352
3768,0x004232b1,4338353
3769,0x004232b2,4338354
3770,0x004232b6,4338358
3771,0x004232ba,4338362
3772,0x004232bb,4338363
3773,0x004232bc,4338364
3774,0x004232bd,4338365
3775,0x004232be,4338366
3776,0x004232c1,4338369
3777,0x004232c2,4338370
3778,0x004232c4,4338372
3779,0x004232c5,4338373
3780,0x004232c7,4338375
3781,0x004232c8,4338376
3782,0x004232c9,4338377
3783,0x004232ca,4338378
3784,0x004232cc,4338380
3785,0x004232cd,4338381
3786,0x004232cf,4338383
3787,0x004232d0,4338384
3788,0x004232d1,4338385
3789,0x004232d4,4338388
3790,0x004232d5,4338389
3791,0x004232d6,4338390
3792,0x004232d7,4338391
3793,0x004232d8,4338392
3794,0x004232d9,4338393
3795,0x004232da,4338394
3796,0x004232e0,4338400
3797,0x004232e1,4338401
3798,0x004232e2,4338402
3799,0x004232e3,4338403
3800,0x004232e4,4338404
3801,0x004232e5,4338405
3802,0x004232e6,4338406
3803,0x004232e7,4338407
3804,0x004232e8,4338408
3805,0x004232e9,4338409
3806,0x004232ea,4338410
3807,0x004232ed,4338413
3808,0x004232ee,4338414
3809,0x004232f1,4338417
3810,0x004232f2,4338418
3811,0x004232f3,4338419
3812,0x004232f4,4338420
3813,0x004232f5,4338421
3814,0x004232f6,4338422
3815,0x004232f7,4338423
3816,0x004232fc,4338428
3817,0x004232fd,4338429
3818,0x004232fe,4338430
3819,0x004232ff,4338431
3820,0x00423300,4338432
3821,0x00423301,4338433
3822,0x00423302,4338434
3823,0x00423303,4338435
3824,0x00423304,4338436
3825,0x00423307,4338439
3826,0x00423308,4338440
3827,0x00423309,4338441
3828,0x0042330a,4338442
3829,0x0042330b,4338443
3830,0x0042330c,4338444
3831,0x0042330d,4338445
3832,0x0042330e,4338446
3833,0x0042330f,4338447
3834,0x00423310,4338448
3835,0x00423311,4338449
3836,0x00423312,4338450
3837,0x00423313,4338451
3838,0x00423314,4338452
3839,0x00423315,4338453
3840,0x00423316,4338454
3841,0x00423317,4338455
3842,0x00423318,4338456
3843,0x00423319,4338457
3844,0x0042331a,4338458
3845,0x0042331b,4338459
3846,0x0042331c,4338460
3847,0x0042331d,4338461
3848,0x0042331f,4338463
3849,0x00423320,4338464
3850,0x00423321,4338465
3851,0x00423322,4338466
3852,0x00423323,4338467
3853,0x00423324,4338468
3854,0x00423325,4338469
3855,0x00423326,4338470
3856,0x00423327,4338471
3857,0x00423328,4338472
3858,0x00423329,4338473
3859,0x0042332a,4338474
3860,0x0042332b,4338475
3861,0x0042332c,4338476
3862,0x0042332d,4338477
3863,0x0042332e,4338478
3864,0x0042332f,4338479
3865,0x00423333,4338483
3866,0x00423334,4338484
3867,0x00423335,4338485
3868,0x00423336,4338486
3869,0x00423337,4338487
3870,0x00423338,4338488
3871,0x00423339,4338489
3872,0x0042333a,4338490
3873,0x0042333b,4338491
3874,0x0042333c,4338492
3875,0x0042333d,4338493
3876,0x00423340,4338496
3877,0x00423344,4338500
3878,0x00423345,4338501
3879,0x00423346,4338502
3880,0x00423347,4338503
3881,0x00423348,4338504
3882,0x00423349,4338505
3883,0x0042334a,4338506
3884,0x00423350,4338512
3885,0x00423351,4338513
3886,0x00423352,4338514
3887,0x00423353,4338515
3888,0x00423354,4338516
3889,0x00423355,4338517
3890,0x00423356,4338518
3891,0x00423357,4338519
3892,0x00423358,4338520
3893,0x0042335c,4338524
3894,0x00423360,4338528
3895,0x00423361,4338529
3896,0x00423362,4338530
3897,0x00423363,4338531
3898,0x00423364,4338532
3899,0x0042336b,4338539
3900,0x0042336e,4338542
3901,0x0042336f,4338543
3902,0x00423370,4338544
3903,0x00423371,4338545
3904,0x00423373,4338547
3905,0x00423377,4338551
3906,0x00423378,4338552
3907,0x0042337b,4338555
3908,0x0042337c,4338556
3909,0x0042337d,4338557
3910,0x0042337e,4338558
3911,0x0042337f,4338559
3912,0x00423380,4338560
3913,0x00423381,4338561
3914,0x00423382,4338562
3915,0x00423388,4338568
3916,0x00423389,4338569
3917,0x0042338a,4338570
3918,0x0042338b,4338571
3919,0x0042338c,4338572
3920,0x0042338d,4338573
3921,0x0042338e,4338574
3922,0x0042338f,4338575
3923,0x00423390,4338576
3924,0x00423392,4338578
3925,0x00423396,4338582
3926,0x0042339a,4338586
3927,0x0042339b,4338587
3928,0x0042339c,4338588
3929,0x0042339d,4338589
3930,0x0042339e,4338590
3931,0x0042339f,4338591
3932,0x004233a0,4338592
3933,0x004233a5,4338597
3934,0x004233a6,4338598
3935,0x004233a7,4338599
3936,0x004233a8,4338600
3937,0x004233a9,4338601
3938,0x004233aa,4338602
3939,0x004233ab,4338603
3940,0x004233ac,4338604
3941,0x004233ad,4338605
3942,0x004233ae,4338606
3943,0x004233af,4338607
3944,0x004233b1,4338609
3945,0x004233b2,4338610
3946,0x004233b3,4338611
3947,0x004233b7,4338615
3948,0x004233b8,4338616
3949,0x004233b9,4338617
3950,0x004233ba,4338618
3951,0x004233c1,4338625
3952,0x004233c2,4338626
3953,0x004233c4,4338628
3954,0x004233c5,4338629
3955,0x004233c6,4338630
3956,0x004233c7,4338631
3957,0x004233c9,4338633
3958,0x004233ca,4338634
3959,0x004233cb,4338635
3960,0x004233cc,4338636
3961,0x004233ce,4338638
3962,0x004233cf,4338639
3963,0x004233d0,4338640
3964,0x004233d1,4338641
3965,0x004233d2,4338642
3966,0x004233d3,4338643
3967,0x004233d4,4338644
3968,0x004233d5,4338645
3969,0x004233d6,4338646
3970,0x004233d7,4338647
3971,0x004233db,4338651
3972,0x004233dc,4338652
3973,0x004233dd,4338653
3974,0x004233de,4338654
3975,0x004233df,4338655
3976,0x004233e0,4338656
3977,0x004233e1,4338657
3978,0x004233e2,4338658
3979,0x004233e3,4338659
3980,0x004233e4,4338660
3981,0x004233e7,4338663
3982,0x004233e8,4338664
3983,0x004233ea,4338666
3984,0x004233eb,4338667
3985,0x004233ec,4338668
3986,0x004233ed,4338669
3987,0x004233ee,4338670
3988,0x004233ef,4338671
3989,0x004233f0,4338672
3990,0x004233f1,4338673
3991,0x004233f7,4338679
3992,0x004233f8,4338680
3993,0x004233f9,4338681
3994,0x004233fa,4338682
3995,0x004233fb,4338683
3996,0x004233fc,4338684
3997,0x004233fd,4338685
3998,0x004233fe,4338686
3999,0x004233ff,4338687
4000,0x00423404,4338692
4001,0x00423409,4338697
4002,0x0042340a,4338698
4003,0x0042340b,4338699
4004,0x0042340c,4338700
4005,0x0042340d,4338701
4006,0x0042340f,4338703
4007,0x00423416,4338710
4008,0x00423418,4338712
4009,0x00423419,4338713
4010,0x0042341a,4338714
4011,0x0042341b,4338715
4012,0x0042341d,4338717
4013,0x00423420,4338720
4014,0x00423421,4338721
4015,0x00423422,4338722
4016,0x00423425,4338725
4017,0x00423426,4338726
4018,0x00423427,4338727
4019,0x00423428,4338728
4020,0x00423429,4338729
4021,0x0042342a,4338730
4022,0x0042342b,4338731
4023,0x0042342e,4338734
4024,0x00423432,4338738
4025,0x00423434,4338740
4026,0x00423435,4338741
4027,0x00423436,4338742
4028,0x00423437,4338743
4029,0x00423438,4338744
4030,0x00423439,4338745
4031,0x0042343a,4338746
4032,0x0042343b,4338747
4033,0x0042343e,4338750
4034,0x0042343f,4338751
4035,0x00423442,4338754
4036,0x00423443,4338755
4037,0x00423444,4338756
4038,0x00423445,4338757
4039,0x00423446,4338758
4040,0x00423447,4338759
4041,0x00423448,4338760
4042,0x00423449,4338761
4043,0x0042344e,4338766
4044,0x0042344f,4338767
4045,0x00423450,4338768
4046,0x00423451,4338769
4047,0x00423452,4338770
4048,0x00423453,4338771
4049,0x00423454,4338772
4050,0x00423455,4338773
4051,0x00423456,4338774
4052,0x00423457,4338775
4053,0x0042345b,4338779
4054,0x0042345f,4338783
4055,0x00423460,4338784
4056,0x00423461,4338785
4057,0x00423462,4338786
4058,0x00423469,4338793
4059,0x0042346a,4338794
4060,0x0042346c,4338796
4061,0x0042346d,4338797
4062,0x0042346e,4338798
4063,0x0042346f,4338799
4064,0x00423471,4338801
4065,0x00423472,4338802
4066,0x00423475,4338805
4067,0x00423476,4338806
4068,0x00423479,4338809
4069,0x0042347a,4338810
4070,0x0042347b,4338811
4071,0x0042347c,4338812
4072,0x0042347d,4338813
4073,0x0042347e,4338814
4074,0x0042347f,4338815
4075,0x00423486,4338822
4076,0x00423487,4338823
4077,0x00423488,4338824
4078,0x00423489,4338825
4079,0x0042348a,4338826
4080,0x0042348b,4338827
4081,0x0042348c,4338828
4082,0x0042348d,4338829
4083,0x0042348e,4338830
4084,0x0042348f,4338831
4085,0x00423493,4338835
4086,0x00423494,4338836
4087,0x00423497,4338839
4088,0x00423498,4338840
4089,0x00423499,4338841
4090,0x0042349a,4338842
4091,0x0042349b,4338843
4092,0x0042349c,4338844
4093,0x0042349d,4338845
4094,0x004234a2,4338850
4095,0x004234a3,4338851
