0,0x00000000,0
1,0x00000000,0
2,0x00000000,0
3,0x00437db8,4423096
4,0x00001173,4467
5,0x00000bfa,3066
6,0x0000116c,4460
7,0x000022c5,8901
8,0x00009a01,39425
9,0x0000a4be,42174
10,0x0000575a,22362
11,0x000024fa,9466
12,0x0000344f,13391
13,0x00005e94,24212
14,0x0002c007,180231
15,0x000188db,100571
16,0x0001679d,92061
17,0x0001177c,71548
18,0x000066c4,26308
19,0x0000191e,6430
20,0x00001191,4497
21,0x0000177a,6010
22,0x00001521,5409
23,0x000043e6,17382
24,0x00001b09,6921
25,0x000016e7,5863
26,0x0000601d,24605
27,0x000109b0,68016
28,0x000071c9,29129
29,0x000025f2,9714
30,0x00004c19,19481
31,0x000064e3,25827
32,0x00003b2e,15150
33,0x00001cac,7340
34,0x000014da,5338
35,0x000014b1,5297
36,0x000010e0,4320
37,0x000010df,4319
38,0x000012c8,4808
39,0x0000204f,8271
40,0x000026e8,9960
41,0x00001d67,7527
42,0x0000132b,4907
43,0x00001403,5123
44,0x00004a5d,19037
45,0x00008bc1,35777
46,0x0000478c,18316
47,0x00002037,8247
48,0x0000180d,6157
49,0x000011f5,4597
50,0x00000c4c,3148
51,0x00000ade,2782
52,0x00000aea,2794
53,0x00002946,10566
54,0x00003f21,16161
55,0x000020db,8411
56,0x000013bd,5053
57,0x001cbbdb,1883099
58,0x024d89ef,38636015
59,0x07280153,120062291
60,0x02e76320,48718624
61,0x003c7a95,3963541
62,0x000c2922,796962
63,0x0000d285,53893
64,0x000352de,217822
65,0x000360e3,221411
66,0x00025426,152614
67,0x00031975,203125
68,0x00028ff4,167924
69,0x0001f450,128080
70,0x0000cc5c,52316
71,0x00007cc8,31944
72,0x0000b8d0,47312
73,0x00044470,279664
74,0x0006050e,394510
75,0x0003bb9f,244639
76,0x00018de4,101860
77,0x00005c4c,23628
78,0x00002cab,11435
79,0x00003a5d,14941
80,0x000110a1,69793
81,0x0001e813,124947
82,0x000170a4,94372
83,0x00015ffe,90110
84,0x000122d5,74453
85,0x00014f43,85827
86,0x000097ea,38890
87,0x000075fb,30203
88,0x00006da6,28070
89,0x00006f9e,28574
90,0x000087d8,34776
91,0x0000ba07,47623
92,0x0001908e,102542
93,0x0002907e,168062
94,0x0002759e,161182
95,0x000187e6,100326
96,0x00012d4f,77135
97,0x000143dc,82908
98,0x0000c72d,50989
99,0x00007a37,31287
100,0x00009f7d,40829
101,0x000112af,70319
102,0x00015c82,89218
103,0x00011489,70793
104,0x0000799e,31134
105,0x00004247,16967
106,0x00004b22,19234
107,0x00004284,17028
108,0x00003442,13378
109,0x00002ea0,11936
110,0x00001f9c,8092
111,0x00001b6a,7018
112,0x000018cd,6349
113,0x00001516,5398
114,0x00001323,4899
115,0x0000129c,4764
116,0x00001415,5141
117,0x0000155e,5470
118,0x000014b6,5302
119,0x00001283,4739
120,0x000010f6,4342
121,0x00000fde,4062
122,0x000010fb,4347
123,0x00000e39,3641
124,0x00000e80,3712
125,0x00000eeb,3819
126,0x00001040,4160
127,0x000010e8,4328
128,0x00000eeb,3819
129,0x00000e04,3588
130,0x00000d66,3430
131,0x00000fef,4079
132,0x00000d7a,3450
133,0x00000d52,3410
134,0x00000d96,3478
135,0x00000e43,3651
136,0x00000f67,3943
137,0x00000d3b,3387
138,0x00000da1,3489
139,0x00000d15,3349
140,0x00000f07,3847
141,0x00000d10,3344
142,0x00000c60,3168
143,0x00000bca,3018
144,0x00000c09,3081
145,0x00000da2,3490
146,0x00000b17,2839
147,0x00000b4b,2891
148,0x00000b12,2834
149,0x00000cb2,3250
150,0x00000bed,3053
151,0x00000aae,2734
152,0x00000ac5,2757
153,0x00000afc,2812
154,0x00000d6d,3437
155,0x00000b49,2889
156,0x00000b5b,2907
157,0x00000b93,2963
158,0x00000cf2,3314
159,0x00000c8e,3214
160,0x00000b69,2921
161,0x00000b8b,2955
162,0x00000b28,2856
163,0x00000e0e,3598
164,0x00000bb3,2995
165,0x00000b92,2962
166,0x00000bfd,3069
167,0x00000c6e,3182
168,0x00000e2f,3631
169,0x00000b8d,2957
170,0x00000c08,3080
171,0x00000c40,3136
172,0x00000e43,3651
173,0x00000d7b,3451
174,0x00000c49,3145
175,0x00000c69,3177
176,0x00000d3a,3386
177,0x00000ef2,3826
178,0x00000c19,3097
179,0x00000c06,3078
180,0x00000c71,3185
181,0x00000ede,3806
182,0x00000d40,3392
183,0x00000c78,3192
184,0x00000c59,3161
185,0x00000cc7,3271
186,0x00001067,4199
187,0x00000cc1,3265
188,0x00000c93,3219
189,0x00000c85,3205
190,0x00000d76,3446
191,0x00000e13,3603
192,0x00000c34,3124
193,0x00000c56,3158
194,0x00000cf9,3321
195,0x00000fb7,4023
196,0x00000cdc,3292
197,0x00000cc1,3265
198,0x00000cd7,3287
199,0x00000db3,3507
200,0x00000e2a,3626
201,0x00000bd7,3031
202,0x00000c24,3108
203,0x00000c19,3097
204,0x00000ef2,3826
205,0x00000cef,3311
206,0x00000bdd,3037
207,0x00000c7f,3199
208,0x00000cf7,3319
209,0x00000e5e,3678
210,0x00000c6d,3181
211,0x00000be6,3046
212,0x00000bde,3038
213,0x00000df3,3571
214,0x00000c81,3201
215,0x00000b5f,2911
216,0x00000aff,2815
217,0x00000b48,2888
218,0x00000d63,3427
219,0x00000ab9,2745
220,0x00000aad,2733
221,0x00000ad9,2777
222,0x00000c9d,3229
223,0x00000cc1,3265
224,0x00000b44,2884
225,0x00000ae9,2793
226,0x00000b58,2904
227,0x00000e0b,3595
228,0x00000b53,2899
229,0x00000bea,3050
230,0x00000c0c,3084
231,0x00000cfd,3325
232,0x00000e46,3654
233,0x00000cba,3258
234,0x00000d03,3331
235,0x00000d6e,3438
236,0x00000fe5,4069
237,0x000010f6,4342
238,0x00001378,4984
239,0x00001844,6212
240,0x00002263,8803
241,0x00002927,10535
242,0x00001ac4,6852
243,0x000017e3,6115
244,0x0000150a,5386
245,0x000018a5,6309
246,0x00001620,5664
247,0x000014a6,5286
248,0x000014ef,5359
249,0x00001505,5381
250,0x000019ff,6655
251,0x000012c1,4801
252,0x0000133a,4922
253,0x00001305,4869
254,0x00001578,5496
255,0x00001567,5479
256,0x000011ec,4588
257,0x00001189,4489
258,0x0000118c,4492
259,0x0000154a,5450
260,0x0000114f,4431
261,0x000010bf,4287
262,0x00001024,4132
263,0x000011d5,4565
264,0x0000133f,4927
265,0x000010d9,4313
266,0x00001114,4372
267,0x00001144,4420
268,0x00001637,5687
269,0x00001352,4946
270,0x00001210,4624
271,0x00001203,4611
272,0x00001300,4864
273,0x0000169c,5788
274,0x000011f2,4594
275,0x000012f5,4853
276,0x00001315,4885
277,0x00001648,5704
278,0x00001688,5768
279,0x00001315,4885
280,0x00001356,4950
281,0x000013d4,5076
282,0x0000186a,6250
283,0x00001485,5253
284,0x0000147c,5244
285,0x000014dc,5340
286,0x000019a9,6569
287,0x000018d3,6355
288,0x0000140c,5132
289,0x00001352,4946
290,0x0000129f,4767
291,0x00001851,6225
292,0x00001385,4997
293,0x00001361,4961
294,0x000013ab,5035
295,0x0000144b,5195
296,0x0000151a,5402
297,0x00000f9b,3995
298,0x00000fc8,4040
299,0x00000f15,3861
300,0x0000111e,4382
301,0x00000ee1,3809
302,0x00000de2,3554
303,0x00000e20,3616
304,0x00000f75,3957
305,0x0000121e,4638
306,0x00000f23,3875
307,0x00000fdf,4063
308,0x00000fcb,4043
309,0x000013da,5082
310,0x0000126a,4714
311,0x000011b6,4534
312,0x0000124a,4682
313,0x000013b5,5045
314,0x00001d8b,7563
315,0x000015ec,5612
316,0x00001619,5657
317,0x000015fa,5626
318,0x00001927,6439
319,0x00001a1c,6684
320,0x0000155b,5467
321,0x0000154a,5450
322,0x00001605,5637
323,0x00001a26,6694
324,0x00001476,5238
325,0x000013a8,5032
326,0x00001386,4998
327,0x000015cb,5579
328,0x0000174c,5964
329,0x00001496,5270
330,0x00001447,5191
331,0x00001424,5156
332,0x00001a40,6720
333,0x00001629,5673
334,0x00001572,5490
335,0x00001554,5460
336,0x0000175d,5981
337,0x00001c7d,7293
338,0x0000175f,5983
339,0x00001780,6016
340,0x000017a2,6050
341,0x00001cd2,7378
342,0x000019cc,6604
343,0x00001752,5970
344,0x000016a3,5795
345,0x000017aa,6058
346,0x00001ce3,7395
347,0x000015f3,5619
348,0x0000163c,5692
349,0x000016b4,5812
350,0x00001ae3,6883
351,0x00001a57,6743
352,0x000017e6,6118
353,0x000017d6,6102
354,0x000016f3,5875
355,0x00001cbb,7355
356,0x00001724,5924
357,0x00001621,5665
358,0x000016c2,5826
359,0x00001859,6233
360,0x00001bcf,7119
361,0x000015b7,5559
362,0x00001759,5977
363,0x0000175f,5983
364,0x00001bea,7146
365,0x000018c5,6341
366,0x00001666,5734
367,0x00001600,5632
368,0x0000189e,6302
369,0x00001c77,7287
370,0x00001708,5896
371,0x00001760,5984
372,0x000017be,6078
373,0x00001e81,7809
374,0x00001bd4,7124
375,0x00001994,6548
376,0x00001a6c,6764
377,0x00001a05,6661
378,0x0000235e,9054
379,0x000018e2,6370
380,0x000019fc,6652
381,0x00001a46,6726
382,0x00001d59,7513
383,0x00001f0b,7947
384,0x00001abc,6844
385,0x00001a0c,6668
386,0x00001b9e,7070
387,0x0000235f,9055
388,0x00001e0c,7692
389,0x00001b81,7041
390,0x00001c55,7253
391,0x00001f8c,8076
392,0x000020b3,8371
393,0x00001b65,7013
394,0x00001bd4,7124
395,0x00001aee,6894
396,0x00002305,8965
397,0x00001cfb,7419
398,0x00001b8c,7052
399,0x00001bbc,7100
400,0x00001b7f,7039
401,0x000022a5,8869
402,0x00001b2c,6956
403,0x00001df4,7668
404,0x00001f75,8053
405,0x0000257d,9597
406,0x00002456,9302
407,0x00001e54,7764
408,0x00001d32,7474
409,0x00001ca6,7334
410,0x00002225,8741
411,0x00001929,6441
412,0x000018a3,6307
413,0x0000183a,6202
414,0x00001cbd,7357
415,0x00001c54,7252
416,0x000018d7,6359
417,0x000018d0,6352
418,0x00001893,6291
419,0x0000207a,8314
420,0x00001989,6537
421,0x000018fd,6397
422,0x00001954,6484
423,0x00001b88,7048
424,0x00001dc9,7625
425,0x0000177c,6012
426,0x0000171b,5915
427,0x00001737,5943
428,0x00001c62,7266
429,0x00001a3e,6718
430,0x00001915,6421
431,0x00001aa9,6825
432,0x00001e5a,7770
433,0x0000256a,9578
434,0x00001d8c,7564
435,0x00001cc5,7365
436,0x00001c27,7207
437,0x00002166,8550
438,0x00001f71,8049
439,0x00001d88,7560
440,0x00001e09,7689
441,0x00001ef6,7926
442,0x000029d7,10711
443,0x00001aa6,6822
444,0x00001ac5,6853
445,0x00001aa0,6816
446,0x00001d2d,7469
447,0x00001e6b,7787
448,0x000018a5,6309
449,0x00001962,6498
450,0x000019f6,6646
451,0x00001f81,8065
452,0x000019c6,6598
453,0x0000181e,6174
454,0x00001820,6176
455,0x00001b49,6985
456,0x00001e55,7765
457,0x0000184b,6219
458,0x00001923,6435
459,0x00001900,6400
460,0x00001eb8,7864
461,0x00001947,6471
462,0x000017b7,6071
463,0x00001704,5892
464,0x00001970,6512
465,0x00001ea9,7849
466,0x000017f1,6129
467,0x00001914,6420
468,0x000018c7,6343
469,0x00001ee4,7908
470,0x00001cdd,7389
471,0x000019f5,6645
472,0x00001ad7,6871
473,0x00001c75,7285
474,0x0000235a,9050
475,0x00001bce,7118
476,0x00001c0f,7183
477,0x00001c3b,7227
478,0x000023cb,9163
479,0x000022ef,8943
480,0x00001e4b,7755
481,0x00001e77,7799
482,0x00001e3f,7743
483,0x00002ac9,10953
484,0x00002529,9513
485,0x00002b3b,11067
486,0x00003097,12439
487,0x00003a22,14882
488,0x00003d7a,15738
489,0x000027ad,10157
490,0x00002520,9504
491,0x00002314,8980
492,0x00002906,10502
493,0x00002453,9299
494,0x00002035,8245
495,0x00002043,8259
496,0x000022f9,8953
497,0x000028a0,10400
498,0x00002041,8257
499,0x00001f7f,8063
500,0x00001f44,8004
501,0x0000274c,10060
502,0x00002342,9026
503,0x00001faa,8106
504,0x00001ee0,7904
505,0x00001efd,7933
506,0x00002894,10388
507,0x00001e30,7728
508,0x00001edf,7903
509,0x00001e98,7832
510,0x00002359,9049
511,0x00002544,9540
512,0x00001f6b,8043
513,0x000020e2,8418
514,0x000021fd,8701
515,0x00002b21,11041
516,0x0000239c,9116
517,0x00002264,8804
518,0x00002273,8819
519,0x00002854,10324
520,0x00002a20,10784
521,0x000023ea,9194
522,0x00002397,9111
523,0x0000233f,9023
524,0x00002f7c,12156
525,0x000027d7,10199
526,0x0000275d,10077
527,0x000026cc,9932
528,0x0000279b,10139
529,0x0000329f,12959
530,0x000027f6,10230
531,0x0000297f,10623
532,0x00002b59,11097
533,0x00003473,13427
534,0x000031c4,12740
535,0x000029a4,10660
536,0x00002a0c,10764
537,0x00002a96,10902
538,0x000039cb,14795
539,0x00002d2a,11562
540,0x00002cf0,11504
541,0x00002b14,11028
542,0x00003332,13106
543,0x00003219,12825
544,0x0000292c,10540
545,0x00002850,10320
546,0x0000281f,10271
547,0x000033d0,13264
548,0x00002933,10547
549,0x000028c9,10441
550,0x000029b1,10673
551,0x000030e9,12521
552,0x00003598,13720
553,0x00002b98,11160
554,0x00002c79,11385
555,0x00002add,10973
556,0x000034fd,13565
557,0x00002de7,11751
558,0x00002959,10585
559,0x000029ac,10668
560,0x00002d27,11559
561,0x0000369a,13978
562,0x00002c7f,11391
563,0x00002ba3,11171
564,0x00002c40,11328
565,0x000038c8,14536
566,0x000035e7,13799
567,0x0000346c,13420
568,0x0000355c,13660
569,0x000035e2,13794
570,0x000045cd,17869
571,0x00002fd4,12244
572,0x00003054,12372
573,0x0000306d,12397
574,0x00003710,14096
575,0x00003a52,14930
576,0x00002fc3,12227
577,0x0000311d,12573
578,0x00003147,12615
579,0x00004076,16502
580,0x00003401,13313
581,0x0000318c,12684
582,0x000031f4,12788
583,0x00003a6f,14959
584,0x00004203,16899
585,0x0000365e,13918
586,0x00003646,13894
587,0x00003697,13975
588,0x0000455b,17755
589,0x00003896,14486
590,0x00003378,13176
591,0x000032b3,12979
592,0x00003639,13881
593,0x000042f4,17140
594,0x000033b5,13237
595,0x00003511,13585
596,0x0000360a,13834
597,0x00004248,16968
598,0x000042b5,17077
599,0x0000385f,14431
600,0x00003783,14211
601,0x00003921,14625
602,0x000047ea,18410
603,0x00003515,13589
604,0x00003538,13624
605,0x0000342d,13357
606,0x00003f08,16136
607,0x00003fb4,16308
608,0x00003815,14357
609,0x000036e9,14057
610,0x000033d7,13271
611,0x00004658,18008
612,0x000033ec,13292
613,0x000033c0,13248
614,0x0000346d,13421
615,0x00003974,14708
616,0x00004001,16385
617,0x00003330,13104
618,0x000034a0,13472
619,0x0000359b,13723
620,0x00004410,17424
621,0x00003d0b,15627
622,0x00003771,14193
623,0x00003587,13703
624,0x000039af,14767
625,0x000044cd,17613
626,0x000034e7,13543
627,0x00003654,13908
628,0x000035ca,13770
629,0x000043d3,17363
630,0x00003f5e,16222
631,0x00003a3f,14911
632,0x00003a62,14946
633,0x00003d63,15715
634,0x000054b7,21687
635,0x00003d24,15652
636,0x00003f0e,16142
637,0x00003ea1,16033
638,0x0000446e,17518
639,0x00004508,17672
640,0x0000383b,14395
641,0x000038d4,14548
642,0x00003b30,15152
643,0x00004bb3,19379
644,0x00003c8e,15502
645,0x00003963,14691
646,0x0000381c,14364
647,0x000040bb,16571
648,0x00004781,18305
649,0x00003f9c,16284
650,0x000040b5,16565
651,0x00004144,16708
652,0x0000579a,22426
653,0x00004253,16979
654,0x00003add,15069
655,0x000037d1,14289
656,0x00003a17,14871
657,0x0000459f,17823
658,0x000032b3,12979
659,0x000034a0,13472
660,0x00003472,13426
661,0x00003fd5,16341
662,0x00003cc6,15558
663,0x000035ba,13754
664,0x0000363b,13883
665,0x00003773,14195
666,0x00004896,18582
667,0x000036f1,14065
668,0x000036e4,14052
669,0x000036bc,14012
670,0x000040f4,16628
671,0x00003ffd,16381
672,0x000035d6,13782
673,0x00003584,13700
674,0x00003527,13607
675,0x00004836,18486
676,0x00003a28,14888
677,0x00003b19,15129
678,0x00003e11,15889
679,0x000047b0,18352
680,0x00005118,20760
681,0x00003de2,15842
682,0x00003de9,15849
683,0x00003d63,15715
684,0x00004ac4,19140
685,0x0000415c,16732
686,0x00003cca,15562
687,0x00003dc2,15810
688,0x0000447b,17531
689,0x00004d2e,19758
690,0x00003ca3,15523
691,0x00003afd,15101
692,0x0000381c,14364
693,0x0000468b,18059
694,0x00003ea0,16032
695,0x000038db,14555
696,0x0000382a,14378
697,0x00003809,14345
698,0x00004b99,19353
699,0x00003661,13921
700,0x00003763,14179
701,0x0000377c,14204
702,0x000041b4,16820
703,0x0000425d,16989
704,0x000036a2,13986
705,0x00003690,13968
706,0x000036e7,14055
707,0x000045b9,17849
708,0x000036c6,14022
709,0x0000343c,13372
710,0x000033f0,13296
711,0x00003c6e,15470
712,0x000041b7,16823
713,0x00003698,13976
714,0x0000369e,13982
715,0x0000369b,13979
716,0x000046d9,18137
717,0x00003b84,15236
718,0x0000377f,14207
719,0x0000389c,14492
720,0x00003a92,14994
721,0x000049f1,18929
722,0x000036b3,14003
723,0x000037cc,14284
724,0x00003a0f,14863
725,0x00004477,17527
726,0x0000420c,16908
727,0x0000387f,14463
728,0x000038c0,14528
729,0x00003c1c,15388
730,0x00004ded,19949
731,0x0000451f,17695
732,0x00004776,18294
733,0x000049d7,18903
734,0x000057a6,22438
735,0x00004b83,19331
736,0x00003b9d,15261
737,0x00003847,14407
738,0x00003558,13656
739,0x00004858,18520
740,0x00003502,13570
741,0x0000346e,13422
742,0x00003433,13363
743,0x00003909,14601
744,0x0000400a,16394
745,0x000031cc,12748
746,0x00003260,12896
747,0x000031bd,12733
748,0x00003f39,16185
749,0x000034bb,13499
750,0x00002f5b,12123
751,0x00002eec,12012
752,0x00003319,13081
753,0x00003b82,15234
754,0x00002e79,11897
755,0x00002e6d,11885
756,0x00002eb3,11955
757,0x000039a9,14761
758,0x000033ca,13258
759,0x00002e0f,11791
760,0x00002ed2,11986
761,0x00002f6f,12143
762,0x00003efd,16125
763,0x00002e67,11879
764,0x00002efc,12028
765,0x00002ebd,11965
766,0x000036cf,14031
767,0x0000374b,14155
768,0x00002d97,11671
769,0x00002f26,12070
770,0x00002faa,12202
771,0x00003e41,15937
772,0x00003237,12855
773,0x00002f26,12070
774,0x00002db9,11705
775,0x00003541,13633
776,0x00003704,14084
777,0x00002ed9,11993
778,0x00002e53,11859
779,0x00002df8,11768
780,0x00003b0e,15118
781,0x00002ff9,12281
782,0x00002d01,11521
783,0x00002c7f,11391
784,0x00002f55,12117
785,0x00003853,14419
786,0x00002b74,11124
787,0x00002abf,10943
788,0x00002abc,10940
789,0x00003308,13064
790,0x00002f8e,12174
791,0x00002718,10008
792,0x000027b5,10165
793,0x00002804,10244
794,0x00003255,12885
795,0x00002708,9992
796,0x00002829,10281
797,0x0000277c,10108
798,0x00003025,12325
799,0x00002e6e,11886
800,0x0000282a,10282
801,0x000027a1,10145
802,0x000026a9,9897
803,0x00003438,13368
804,0x0000271a,10010
805,0x000026b4,9908
806,0x00002704,9988
807,0x00002a1a,10778
808,0x00002ee7,12007
809,0x00002511,9489
810,0x00002625,9765
811,0x00002686,9862
812,0x00003124,12580
813,0x00002c92,11410
814,0x00002880,10368
815,0x0000282a,10282
816,0x00002acc,10956
817,0x00002ef9,12025
818,0x0000255e,9566
819,0x000024fc,9468
820,0x00002407,9223
821,0x00002c6e,11374
822,0x00002795,10133
823,0x00002346,9030
824,0x000023be,9150
825,0x0000250d,9485
826,0x00002fe3,12259
827,0x000022c1,8897
828,0x00002309,8969
829,0x0000231d,8989
830,0x00002853,10323
831,0x00002930,10544
832,0x0000239e,9118
833,0x00002300,8960
834,0x00002272,8818
835,0x00002c95,11413
836,0x000021e8,8680
837,0x00002204,8708
838,0x0000205c,8284
839,0x0000262e,9774
840,0x00002800,10240
841,0x000020f4,8436
842,0x00002167,8551
843,0x000020ab,8363
844,0x00002bc8,11208
845,0x00002370,9072
846,0x000021bc,8636
847,0x0000217c,8572
848,0x0000223f,8767
849,0x00002a9c,10908
850,0x00001f8b,8075
851,0x000020bb,8379
852,0x0000205d,8285
853,0x000026a7,9895
854,0x0000259b,9627
855,0x00002071,8305
856,0x00001f7c,8060
857,0x000020b1,8369
858,0x00002881,10369
859,0x00001f4e,8014
860,0x00001f13,7955
861,0x00001e83,7811
862,0x00002510,9488
863,0x000023b2,9138
864,0x00001e68,7784
865,0x00001e82,7810
866,0x00001f2c,7980
867,0x00002910,10512
868,0x00001fd4,8148
869,0x00001ef2,7922
870,0x00001e26,7718
871,0x000021aa,8618
872,0x000023dd,9181
873,0x00001d94,7572
874,0x00001e05,7685
875,0x00001de6,7654
876,0x0000254e,9550
877,0x0000206d,8301
878,0x00001e24,7716
879,0x00001e68,7784
880,0x000020d8,8408
881,0x000026b8,9912
882,0x00001e24,7716
883,0x00001eb9,7865
884,0x00001dc6,7622
885,0x000024ad,9389
886,0x00002033,8243
887,0x00001daa,7594
888,0x00001df6,7670
889,0x00001e11,7697
890,0x00002740,10048
891,0x00001c06,7174
892,0x00001d80,7552
893,0x00001df5,7669
894,0x0000232d,9005
895,0x00002500,9472
896,0x00001e77,7799
897,0x00001e52,7762
898,0x00001f75,8053
899,0x00002658,9816
900,0x00001dfb,7675
901,0x00001cd4,7380
902,0x00001c4f,7247
903,0x000020e8,8424
904,0x00002168,8552
905,0x00001c5c,7260
906,0x00001bb9,7097
907,0x00001b90,7056
908,0x000024b0,9392
909,0x00001db0,7600
910,0x00001cce,7374
911,0x00001c02,7170
912,0x00001d94,7572
913,0x0000242a,9258
914,0x00001ad2,6866
915,0x00001bdc,7132
916,0x00001c2f,7215
917,0x0000219d,8605
918,0x00001f48,8008
919,0x00001b46,6982
920,0x00001b7f,7039
921,0x00001cd4,7380
922,0x0000237f,9087
923,0x00001ca3,7331
924,0x00001c64,7268
925,0x00001d43,7491
926,0x00002387,9095
927,0x0000221d,8733
928,0x00001dac,7596
929,0x00001d54,7508
930,0x00001d6c,7532
931,0x00002716,10006
932,0x00001e1e,7710
933,0x00001eb5,7861
934,0x00001fab,8107
935,0x000022b3,8883
936,0x0000261a,9754
937,0x00001dad,7597
938,0x00001ced,7405
939,0x00001e48,7752
940,0x000024ac,9388
941,0x00001fd8,8152
942,0x00001d7e,7550
943,0x00001c63,7267
944,0x00001f89,8073
945,0x0000247d,9341
946,0x00001dc7,7623
947,0x00001d67,7527
948,0x00001cb9,7353
949,0x000023d7,9175
950,0x00001f58,8024
951,0x00001cac,7340
952,0x00001cd9,7385
953,0x00001df3,7667
954,0x00002590,9616
955,0x00001c40,7232
956,0x00001bc3,7107
957,0x00001d22,7458
958,0x0000217f,8575
959,0x000021d9,8665
960,0x00001d3a,7482
961,0x00001d43,7491
962,0x00001e1b,7707
963,0x00002744,10052
964,0x00001ed1,7889
965,0x00001d7c,7548
966,0x00001d5e,7518
967,0x000021bf,8639
968,0x00002468,9320
969,0x00001ee0,7904
970,0x00001e56,7766
971,0x00001df2,7666
972,0x000027a2,10146
973,0x00002052,8274
974,0x00001f8d,8077
975,0x00001fef,8175
976,0x00002247,8775
977,0x00002b48,11080
978,0x0000240a,9226
979,0x0000255c,9564
980,0x00002546,9542
981,0x00002a3e,10814
982,0x0000245d,9309
983,0x00001f3d,7997
984,0x00002047,8263
985,0x0000205a,8282
986,0x00002834,10292
987,0x00001ee4,7908
988,0x00001f4b,8011
989,0x00001fae,8110
990,0x00002481,9345
991,0x00002393,9107
992,0x00001e37,7735
993,0x00001eac,7852
994,0x00001e76,7798
995,0x000028ea,10474
996,0x00001ed4,7892
997,0x00001df0,7664
998,0x00001cbf,7359
999,0x0000217b,8571
1000,0x00002373,9075
1001,0x00001d9f,7583
1002,0x00001d5e,7518
1003,0x00001e69,7785
1004,0x000026d5,9941
1005,0x00002051,8273
1006,0x00001e84,7812
1007,0x00001e4a,7754
1008,0x00002172,8562
1009,0x000025f6,9718
1010,0x00001e7e,7806
1011,0x00001ebd,7869
1012,0x00001f07,7943
1013,0x000026f9,9977
1014,0x000021df,8671
1015,0x00001f75,8053
1016,0x00001fc1,8129
1017,0x00002011,8209
1018,0x00002aef,10991
1019,0x00001e9f,7839
1020,0x00001f18,7960
1021,0x00001fc6,8134
1022,0x00002380,9088
1023,0x000024f6,9462
0,0x00000000,0
1024,0x0035c7eb,3524587
2048,0x002158ab,2185387
3072,0x00169cc9,1481929
4096,0x00122f6f,1191791
5120,0x000e101e,921630
6144,0x000c92c5,824005
7168,0x000bb53a,767290
8192,0x000dcf8a,905098
9216,0x000de376,910198
10240,0x000d9b3c,891708
11264,0x0005d4f3,382195
12288,0x00030967,199015
13312,0x0000d501,54529
14336,0x00009bcb,39883
15360,0x00008e5a,36442
16384,0x00007efa,32506
17408,0x00006a34,27188
18432,0x00005738,22328
19456,0x00004bd8,19416
20480,0x000045e6,17894
21504,0x00004323,17187
22528,0x0000425e,16990
23552,0x00004641,17985
24576,0x0000619c,24988
25600,0x00003c50,15440
26624,0x000031db,12763
27648,0x00002f06,12038
28672,0x00002a7b,10875
29696,0x000028f1,10481
30720,0x000027fd,10237
31744,0x00002626,9766
32768,0x00002563,9571
33792,0x0000284e,10318
34816,0x00002e59,11865
35840,0x000034c8,13512
36864,0x00003bda,15322
37888,0x00003882,14466
38912,0x0000365b,13915
39936,0x00003928,14632
40960,0x000039c1,14785
41984,0x00003cb9,15545
43008,0x00005980,22912
44032,0x0000a5e4,42468
45056,0x0000d333,54067
46080,0x0000c7fa,51194
47104,0x0000b0b5,45237
48128,0x00008f42,36674
49152,0x00007487,29831
50176,0x0000678b,26507
51200,0x00006419,25625
52224,0x0000614b,24907
53248,0x00005bbd,23485
54272,0x00004f93,20371
55296,0x00004196,16790
56320,0x00003755,14165
57344,0x00002fa5,12197
58368,0x00002aaa,10922
59392,0x000027f1,10225
60416,0x000024b6,9398
61440,0x00002137,8503
62464,0x00001ce7,7399
63488,0x000017ec,6124
64512,0x00001260,4704
65536,0x00000df2,3570
66560,0x00000a69,2665
67584,0x000007ba,1978
68608,0x000005de,1502
69632,0x00000491,1169
70656,0x000003d5,981
71680,0x000003b1,945
72704,0x0000030e,782
73728,0x000002a9,681
74752,0x00000262,610
75776,0x000001f8,504
76800,0x000001d1,465
77824,0x000001b6,438
78848,0x0000018e,398
79872,0x0000017c,380
80896,0x0000018f,399
81920,0x00000168,360
82944,0x0000012d,301
83968,0x00000103,259
84992,0x000000fe,254
86016,0x000000e3,227
87040,0x000000e3,227
88064,0x000000c6,198
89088,0x000000c2,194
90112,0x000000bf,191
91136,0x00000098,152
92160,0x0000009a,154
93184,0x000000a0,160
94208,0x00000076,118
95232,0x0000008c,140
96256,0x000000a0,160
97280,0x00000088,136
98304,0x00000083,131
99328,0x0000008b,139
100352,0x00000082,130
101376,0x00000080,128
102400,0x00000064,100
103424,0x00000066,102
104448,0x00000068,104
105472,0x0000005e,94
106496,0x0000004d,77
107520,0x00000065,101
108544,0x00000058,88
109568,0x00000057,87
110592,0x0000003a,58
111616,0x0000004e,78
112640,0x00000057,87
113664,0x00000042,66
114688,0x00000059,89
115712,0x0000004a,74
116736,0x00000057,87
117760,0x0000004d,77
118784,0x0000004d,77
119808,0x00000049,73
120832,0x0000004f,79
121856,0x0000004e,78
122880,0x0000004e,78
123904,0x00000042,66
124928,0x0000004b,75
125952,0x0000005b,91
126976,0x0000005b,91
128000,0x0000006d,109
129024,0x00000066,102
130048,0x00000068,104
131072,0x0000006e,110
132096,0x00000058,88
133120,0x0000005d,93
134144,0x00000063,99
135168,0x00000056,86
136192,0x00000054,84
137216,0x0000005c,92
138240,0x0000004c,76
139264,0x00000054,84
140288,0x0000004b,75
141312,0x0000004d,77
142336,0x0000004f,79
143360,0x0000005b,91
144384,0x0000005d,93
145408,0x0000005a,90
146432,0x0000004b,75
147456,0x0000004f,79
148480,0x00000044,68
149504,0x00000052,82
150528,0x0000003d,61
151552,0x00000049,73
152576,0x00000044,68
153600,0x00000033,51
154624,0x0000002c,44
155648,0x00000033,51
156672,0x00000033,51
157696,0x00000027,39
158720,0x00000027,39
159744,0x00000027,39
160768,0x00000023,35
161792,0x0000001a,26
162816,0x0000001a,26
163840,0x00000024,36
164864,0x00000017,23
165888,0x0000001c,28
166912,0x00000016,22
167936,0x00000012,18
168960,0x00000016,22
169984,0x0000000d,13
171008,0x0000000d,13
172032,0x00000010,16
173056,0x00000012,18
174080,0x00000014,20
175104,0x00000008,8
176128,0x0000000d,13
177152,0x0000000d,13
178176,0x0000000f,15
179200,0x00000018,24
180224,0x0000000a,10
181248,0x0000000d,13
182272,0x00000012,18
183296,0x0000000f,15
184320,0x0000000b,11
185344,0x0000000c,12
186368,0x00000010,16
187392,0x0000000f,15
188416,0x0000000b,11
189440,0x00000009,9
190464,0x0000000a,10
191488,0x0000000b,11
192512,0x0000000f,15
193536,0x0000000a,10
194560,0x00000007,7
195584,0x00000005,5
196608,0x0000000a,10
197632,0x00000006,6
198656,0x00000008,8
199680,0x00000004,4
200704,0x00000004,4
201728,0x00000008,8
202752,0x0000000c,12
203776,0x00000003,3
204800,0x00000006,6
205824,0x00000005,5
206848,0x00000004,4
207872,0x00000001,1
208896,0x00000007,7
209920,0x00000005,5
210944,0x0000000a,10
211968,0x00000006,6
212992,0x00000004,4
214016,0x00000007,7
215040,0x00000007,7
216064,0x00000002,2
217088,0x00000005,5
218112,0x00000004,4
219136,0x00000003,3
220160,0x00000002,2
221184,0x00000001,1
222208,0x00000002,2
223232,0x00000006,6
224256,0x00000003,3
225280,0x00000003,3
226304,0x00000006,6
227328,0x00000002,2
228352,0x00000007,7
229376,0x00000004,4
230400,0x00000002,2
231424,0x00000002,2
232448,0x00000001,1
233472,0x00000001,1
234496,0x00000005,5
235520,0x00000005,5
236544,0x00000004,4
237568,0x00000003,3
238592,0x00000006,6
239616,0x00000005,5
240640,0x00000002,2
241664,0x00000008,8
242688,0x00000006,6
243712,0x00000002,2
244736,0x00000002,2
245760,0x00000002,2
246784,0x00000003,3
247808,0x00000003,3
248832,0x00000000,0
249856,0x00000000,0
250880,0x00000005,5
251904,0x00000001,1
252928,0x00000004,4
253952,0x00000002,2
254976,0x00000002,2
256000,0x00000001,1
257024,0x00000003,3
258048,0x00000002,2
259072,0x00000001,1
260096,0x00000001,1
261120,0x00000001,1
262144,0x00000004,4
263168,0x00000003,3
264192,0x00000001,1
265216,0x00000001,1
266240,0x00000004,4
267264,0x00000001,1
268288,0x00000003,3
269312,0x00000003,3
270336,0x00000002,2
271360,0x00000001,1
272384,0x00000004,4
273408,0x00000003,3
274432,0x00000002,2
275456,0x00000000,0
276480,0x00000000,0
277504,0x00000002,2
278528,0x00000000,0
279552,0x00000000,0
280576,0x00000000,0
281600,0x00000004,4
282624,0x00000001,1
283648,0x00000002,2
284672,0x00000002,2
285696,0x00000000,0
286720,0x00000000,0
287744,0x00000002,2
288768,0x00000000,0
289792,0x00000001,1
290816,0x00000000,0
291840,0x00000001,1
292864,0x00000000,0
293888,0x00000002,2
294912,0x00000003,3
295936,0x00000002,2
296960,0x00000000,0
297984,0x00000001,1
299008,0x00000000,0
300032,0x00000002,2
301056,0x00000001,1
302080,0x00000002,2
303104,0x00000000,0
304128,0x00000002,2
305152,0x00000003,3
306176,0x00000000,0
307200,0x00000002,2
308224,0x00000002,2
309248,0x00000002,2
310272,0x00000002,2
311296,0x00000001,1
312320,0x00000002,2
313344,0x00000002,2
314368,0x00000000,0
315392,0x00000002,2
316416,0x00000001,1
317440,0x00000003,3
318464,0x00000005,5
319488,0x00000002,2
320512,0x00000001,1
321536,0x00000002,2
322560,0x00000002,2
323584,0x00000002,2
324608,0x00000002,2
325632,0x00000004,4
326656,0x00000001,1
327680,0x00000001,1
328704,0x00000003,3
329728,0x00000001,1
330752,0x00000002,2
331776,0x00000001,1
332800,0x00000001,1
333824,0x00000005,5
334848,0x00000003,3
335872,0x00000003,3
336896,0x00000002,2
337920,0x00000003,3
338944,0x00000000,0
339968,0x00000002,2
340992,0x00000001,1
342016,0x00000002,2
343040,0x00000001,1
344064,0x00000003,3
345088,0x00000003,3
346112,0x00000003,3
347136,0x00000001,1
348160,0x00000006,6
349184,0x00000001,1
350208,0x00000006,6
351232,0x00000004,4
352256,0x00000003,3
353280,0x00000003,3
354304,0x00000003,3
355328,0x00000003,3
356352,0x00000000,0
357376,0x00000003,3
358400,0x00000002,2
359424,0x00000001,1
360448,0x00000000,0
361472,0x00000001,1
362496,0x00000001,1
363520,0x00000001,1
364544,0x00000001,1
365568,0x00000003,3
366592,0x00000001,1
367616,0x00000001,1
368640,0x00000000,0
369664,0x00000002,2
370688,0x00000002,2
371712,0x00000001,1
372736,0x00000002,2
373760,0x00000003,3
374784,0x00000002,2
375808,0x00000002,2
376832,0x00000001,1
377856,0x00000000,0
378880,0x00000001,1
379904,0x00000001,1
380928,0x00000000,0
381952,0x00000001,1
382976,0x00000001,1
384000,0x00000002,2
385024,0x00000001,1
386048,0x00000001,1
387072,0x00000002,2
388096,0x00000001,1
389120,0x00000003,3
390144,0x00000004,4
391168,0x00000000,0
392192,0x00000000,0
393216,0x00000003,3
394240,0x00000004,4
395264,0x00000002,2
396288,0x00000002,2
397312,0x00000001,1
398336,0x00000003,3
399360,0x00000003,3
400384,0x00000001,1
401408,0x00000001,1
402432,0x00000001,1
403456,0x00000000,0
404480,0x00000001,1
405504,0x00000000,0
406528,0x00000000,0
407552,0x00000001,1
408576,0x00000002,2
409600,0x00000001,1
410624,0x00000003,3
411648,0x00000001,1
412672,0x00000001,1
413696,0x00000001,1
414720,0x00000000,0
415744,0x00000002,2
416768,0x00000000,0
417792,0x00000002,2
418816,0x00000001,1
419840,0x00000004,4
420864,0x00000002,2
421888,0x00000001,1
422912,0x00000002,2
423936,0x00000002,2
424960,0x00000003,3
425984,0x00000001,1
427008,0x00000002,2
428032,0x00000001,1
429056,0x00000000,0
430080,0x00000004,4
431104,0x00000001,1
432128,0x00000002,2
433152,0x00000001,1
434176,0x00000001,1
435200,0x00000004,4
436224,0x00000001,1
437248,0x00000002,2
438272,0x00000002,2
439296,0x00000001,1
440320,0x00000000,0
441344,0x00000001,1
442368,0x00000003,3
443392,0x00000001,1
444416,0x00000000,0
445440,0x00000000,0
446464,0x00000000,0
447488,0x00000001,1
448512,0x00000001,1
449536,0x00000000,0
450560,0x00000001,1
451584,0x00000002,2
452608,0x00000003,3
453632,0x00000003,3
454656,0x00000001,1
455680,0x00000002,2
456704,0x00000001,1
457728,0x00000002,2
458752,0x00000003,3
459776,0x00000004,4
460800,0x00000004,4
461824,0x00000003,3
462848,0x00000002,2
463872,0x00000003,3
464896,0x00000001,1
465920,0x00000005,5
466944,0x00000000,0
467968,0x00000003,3
468992,0x00000001,1
470016,0x00000003,3
471040,0x00000001,1
472064,0x00000003,3
473088,0x00000004,4
474112,0x00000003,3
475136,0x00000003,3
476160,0x00000004,4
477184,0x00000005,5
478208,0x00000000,0
479232,0x00000002,2
480256,0x00000003,3
481280,0x00000002,2
482304,0x00000002,2
483328,0x00000000,0
484352,0x00000002,2
485376,0x00000005,5
486400,0x00000003,3
487424,0x00000001,1
488448,0x00000002,2
489472,0x00000002,2
490496,0x00000004,4
491520,0x00000002,2
492544,0x00000003,3
493568,0x00000003,3
494592,0x00000004,4
495616,0x00000001,1
496640,0x00000000,0
497664,0x00000001,1
498688,0x00000002,2
499712,0x00000002,2
500736,0x00000000,0
501760,0x00000001,1
502784,0x00000002,2
503808,0x00000002,2
504832,0x00000003,3
505856,0x00000000,0
506880,0x00000001,1
507904,0x00000003,3
508928,0x00000001,1
509952,0x00000002,2
510976,0x00000001,1
512000,0x00000004,4
513024,0x00000002,2
514048,0x00000003,3
515072,0x00000000,0
516096,0x00000002,2
517120,0x00000002,2
518144,0x00000001,1
519168,0x00000001,1
520192,0x00000000,0
521216,0x00000000,0
522240,0x00000000,0
523264,0x00000002,2
524288,0x00000002,2
525312,0x00000000,0
526336,0x00000003,3
527360,0x00000000,0
528384,0x00000001,1
529408,0x00000002,2
530432,0x00000001,1
531456,0x00000002,2
532480,0x00000003,3
533504,0x00000002,2
534528,0x00000001,1
535552,0x00000000,0
536576,0x00000001,1
537600,0x00000002,2
538624,0x00000001,1
539648,0x00000000,0
540672,0x00000001,1
541696,0x00000001,1
542720,0x00000001,1
543744,0x00000000,0
544768,0x00000001,1
545792,0x00000001,1
546816,0x00000001,1
547840,0x00000002,2
548864,0x00000000,0
549888,0x00000000,0
550912,0x00000001,1
551936,0x00000000,0
552960,0x00000001,1
553984,0x00000000,0
555008,0x00000001,1
556032,0x00000000,0
557056,0x00000001,1
558080,0x00000000,0
559104,0x00000002,2
560128,0x00000000,0
561152,0x00000000,0
562176,0x00000001,1
563200,0x00000001,1
564224,0x00000000,0
565248,0x00000001,1
566272,0x00000001,1
567296,0x00000000,0
568320,0x00000000,0
569344,0x00000000,0
570368,0x00000000,0
571392,0x00000001,1
572416,0x00000001,1
573440,0x00000000,0
574464,0x00000001,1
575488,0x00000003,3
576512,0x00000003,3
577536,0x00000001,1
578560,0x00000001,1
579584,0x00000000,0
580608,0x00000000,0
581632,0x00000000,0
582656,0x00000001,1
583680,0x00000002,2
584704,0x00000001,1
585728,0x00000001,1
586752,0x00000000,0
587776,0x00000000,0
588800,0x00000002,2
589824,0x00000003,3
590848,0x00000002,2
591872,0x00000001,1
592896,0x00000003,3
593920,0x00000002,2
594944,0x00000000,0
595968,0x00000000,0
596992,0x00000001,1
598016,0x00000005,5
599040,0x00000002,2
600064,0x00000003,3
601088,0x00000000,0
602112,0x00000003,3
603136,0x00000001,1
604160,0x00000003,3
605184,0x00000001,1
606208,0x00000000,0
607232,0x00000001,1
608256,0x00000001,1
609280,0x00000000,0
610304,0x00000001,1
611328,0x00000001,1
612352,0x00000000,0
613376,0x00000002,2
614400,0x00000000,0
615424,0x00000000,0
616448,0x00000001,1
617472,0x00000002,2
618496,0x00000002,2
619520,0x00000001,1
620544,0x00000002,2
621568,0x00000003,3
622592,0x00000000,0
623616,0x00000000,0
624640,0x00000002,2
625664,0x00000000,0
626688,0x00000002,2
627712,0x00000000,0
628736,0x00000000,0
629760,0x00000000,0
630784,0x00000001,1
631808,0x00000000,0
632832,0x00000001,1
633856,0x00000001,1
634880,0x00000003,3
635904,0x00000001,1
636928,0x00000001,1
637952,0x00000000,0
638976,0x00000000,0
640000,0x00000001,1
641024,0x00000000,0
642048,0x00000000,0
643072,0x00000000,0
644096,0x00000000,0
645120,0x00000001,1
646144,0x00000000,0
647168,0x00000001,1
648192,0x00000000,0
649216,0x00000000,0
650240,0x00000000,0
651264,0x00000001,1
652288,0x00000000,0
653312,0x00000001,1
654336,0x00000000,0
655360,0x00000001,1
656384,0x00000000,0
657408,0x00000000,0
658432,0x00000001,1
659456,0x00000000,0
660480,0x00000000,0
661504,0x00000000,0
662528,0x00000002,2
663552,0x00000001,1
664576,0x00000001,1
665600,0x00000000,0
666624,0x00000000,0
667648,0x00000002,2
668672,0x00000001,1
669696,0x00000000,0
670720,0x00000000,0
671744,0x00000001,1
672768,0x00000002,2
673792,0x00000000,0
674816,0x00000002,2
675840,0x00000002,2
676864,0x00000001,1
677888,0x00000002,2
678912,0x00000003,3
679936,0x00000001,1
680960,0x00000000,0
681984,0x00000001,1
683008,0x00000000,0
684032,0x00000000,0
685056,0x00000000,0
686080,0x00000000,0
687104,0x00000001,1
688128,0x00000002,2
689152,0x00000001,1
690176,0x00000000,0
691200,0x00000000,0
692224,0x00000001,1
693248,0x00000000,0
694272,0x00000000,0
695296,0x00000001,1
696320,0x00000001,1
697344,0x00000000,0
698368,0x00000000,0
699392,0x00000001,1
700416,0x00000000,0
701440,0x00000001,1
702464,0x00000002,2
703488,0x00000001,1
704512,0x00000000,0
705536,0x00000002,2
706560,0x00000001,1
707584,0x00000001,1
708608,0x00000000,0
709632,0x00000000,0
710656,0x00000000,0
711680,0x00000000,0
712704,0x00000000,0
713728,0x00000000,0
714752,0x00000001,1
715776,0x00000003,3
716800,0x00000001,1
717824,0x00000001,1
718848,0x00000002,2
719872,0x00000005,5
720896,0x00000002,2
721920,0x00000001,1
722944,0x00000000,0
723968,0x00000000,0
724992,0x00000001,1
726016,0x00000004,4
727040,0x00000000,0
728064,0x00000000,0
729088,0x00000001,1
730112,0x00000001,1
731136,0x00000001,1
732160,0x00000000,0
733184,0x00000001,1
734208,0x00000000,0
735232,0x00000000,0
736256,0x00000001,1
737280,0x00000001,1
738304,0x00000003,3
739328,0x00000000,0
740352,0x00000000,0
741376,0x00000001,1
742400,0x00000003,3
743424,0x00000000,0
744448,0x00000003,3
745472,0x00000000,0
746496,0x00000000,0
747520,0x00000001,1
748544,0x00000000,0
749568,0x00000000,0
750592,0x00000000,0
751616,0x00000000,0
752640,0x00000001,1
753664,0x00000001,1
754688,0x00000001,1
755712,0x00000002,2
756736,0x00000002,2
757760,0x00000002,2
758784,0x00000001,1
759808,0x00000001,1
760832,0x00000002,2
761856,0x00000001,1
762880,0x00000001,1
763904,0x00000000,0
764928,0x00000001,1
765952,0x00000000,0
766976,0x00000001,1
768000,0x00000001,1
769024,0x00000000,0
770048,0x00000001,1
771072,0x00000002,2
772096,0x00000002,2
773120,0x00000000,0
774144,0x00000002,2
775168,0x00000000,0
776192,0x00000000,0
777216,0x00000001,1
778240,0x00000000,0
779264,0x00000000,0
780288,0x00000002,2
781312,0x00000000,0
782336,0x00000001,1
783360,0x00000003,3
784384,0x00000001,1
785408,0x00000000,0
786432,0x00000002,2
787456,0x00000000,0
788480,0x00000001,1
789504,0x00000000,0
790528,0x00000005,5
791552,0x00000005,5
792576,0x00000009,9
793600,0x00000007,7
794624,0x00000033,51
795648,0x00000018,24
796672,0x00000014,20
797696,0x00000029,41
798720,0x000001e7,487
799744,0x000000fd,253
800768,0x00000024,36
801792,0x00000021,33
802816,0x0000004f,79
803840,0x00000068,104
804864,0x00000014,20
805888,0x00000005,5
806912,0x0000000d,13
807936,0x00000003,3
808960,0x00000001,1
809984,0x00000001,1
811008,0x00000003,3
812032,0x00000001,1
813056,0x00000003,3
814080,0x00000001,1
815104,0x00000004,4
816128,0x00000003,3
817152,0x00000004,4
818176,0x00000002,2
819200,0x00000003,3
820224,0x00000000,0
821248,0x00000002,2
822272,0x00000002,2
823296,0x00000002,2
824320,0x00000003,3
825344,0x00000002,2
826368,0x00000003,3
827392,0x00000003,3
828416,0x00000003,3
829440,0x00000003,3
830464,0x00000001,1
831488,0x00000004,4
832512,0x00000002,2
833536,0x00000001,1
834560,0x00000001,1
835584,0x00000001,1
836608,0x00000002,2
837632,0x00000001,1
838656,0x00000002,2
839680,0x00000002,2
840704,0x00000003,3
841728,0x00000002,2
842752,0x00000002,2
843776,0x00000003,3
844800,0x00000000,0
845824,0x00000002,2
846848,0x00000004,4
847872,0x00000000,0
848896,0x00000004,4
849920,0x00000001,1
850944,0x00000001,1
851968,0x00000002,2
852992,0x00000000,0
854016,0x00000004,4
855040,0x00000002,2
856064,0x00000002,2
857088,0x00000004,4
858112,0x00000003,3
859136,0x00000003,3
860160,0x00000000,0
861184,0x00000002,2
862208,0x00000004,4
863232,0x00000000,0
864256,0x00000003,3
865280,0x00000000,0
866304,0x00000005,5
867328,0x00000005,5
868352,0x00000001,1
869376,0x00000001,1
870400,0x00000004,4
871424,0x00000003,3
872448,0x00000002,2
873472,0x00000003,3
874496,0x00000001,1
875520,0x00000000,0
876544,0x00000001,1
877568,0x00000003,3
878592,0x00000001,1
879616,0x00000001,1
880640,0x00000000,0
881664,0x00000004,4
882688,0x00000003,3
883712,0x00000005,5
884736,0x00000000,0
885760,0x00000001,1
886784,0x00000002,2
887808,0x00000002,2
888832,0x00000003,3
889856,0x00000003,3
890880,0x00000004,4
891904,0x00000001,1
892928,0x00000005,5
893952,0x00000006,6
894976,0x00000003,3
896000,0x00000001,1
897024,0x00000001,1
898048,0x00000001,1
899072,0x00000001,1
900096,0x00000002,2
901120,0x00000003,3
902144,0x00000002,2
903168,0x00000000,0
904192,0x00000001,1
905216,0x00000002,2
906240,0x00000002,2
907264,0x00000001,1
908288,0x00000001,1
909312,0x00000002,2
910336,0x00000002,2
911360,0x00000000,0
912384,0x00000001,1
913408,0x00000003,3
914432,0x00000001,1
915456,0x00000002,2
916480,0x00000001,1
917504,0x00000004,4
918528,0x00000000,0
919552,0x00000003,3
920576,0x00000003,3
921600,0x00000001,1
922624,0x00000004,4
923648,0x00000001,1
924672,0x00000001,1
925696,0x00000005,5
926720,0x00000003,3
927744,0x00000002,2
928768,0x00000001,1
929792,0x00000001,1
930816,0x00000005,5
931840,0x00000004,4
932864,0x00000001,1
933888,0x00000006,6
934912,0x00000002,2
935936,0x00000003,3
936960,0x00000001,1
937984,0x00000001,1
939008,0x00000000,0
940032,0x00000002,2
941056,0x00000001,1
942080,0x00000002,2
943104,0x00000002,2
944128,0x00000003,3
945152,0x00000004,4
946176,0x00000001,1
947200,0x00000003,3
948224,0x00000003,3
949248,0x00000004,4
950272,0x00000000,0
951296,0x00000002,2
952320,0x00000003,3
953344,0x00000002,2
954368,0x00000002,2
955392,0x00000002,2
956416,0x00000000,0
957440,0x00000004,4
958464,0x00000004,4
959488,0x00000003,3
960512,0x00000001,1
961536,0x00000001,1
962560,0x00000004,4
963584,0x00000003,3
964608,0x00000000,0
965632,0x00000002,2
966656,0x00000002,2
967680,0x00000001,1
968704,0x00000000,0
969728,0x00000001,1
970752,0x00000003,3
971776,0x00000000,0
972800,0x00000000,0
973824,0x00000001,1
974848,0x00000001,1
975872,0x00000002,2
976896,0x00000001,1
977920,0x00000002,2
978944,0x00000004,4
979968,0x00000000,0
980992,0x00000002,2
982016,0x00000000,0
983040,0x00000002,2
984064,0x00000000,0
985088,0x00000002,2
986112,0x00000001,1
987136,0x00000004,4
988160,0x00000000,0
989184,0x00000003,3
990208,0x00000002,2
991232,0x00000000,0
992256,0x00000004,4
993280,0x00000002,2
994304,0x00000005,5
995328,0x00000000,0
996352,0x00000001,1
997376,0x00000001,1
998400,0x00000002,2
999424,0x00000001,1
1000448,0x00000001,1
1001472,0x00000002,2
1002496,0x00000000,0
1003520,0x00000003,3
1004544,0x00000004,4
1005568,0x00000001,1
1006592,0x00000004,4
1007616,0x00000000,0
1008640,0x00000004,4
1009664,0x00000004,4
1010688,0x00000009,9
1011712,0x00000004,4
1012736,0x00000004,4
1013760,0x00000007,7
1014784,0x00000005,5
1015808,0x00000002,2
1016832,0x00000003,3
1017856,0x00000002,2
1018880,0x00000007,7
1019904,0x00000000,0
1020928,0x00000007,7
1021952,0x00000001,1
1022976,0x00000006,6
1024000,0x00000003,3
1025024,0x00000003,3
1026048,0x00000004,4
1027072,0x00000002,2
1028096,0x00000002,2
1029120,0x00000001,1
1030144,0x00000004,4
1031168,0x00000002,2
1032192,0x00000002,2
1033216,0x00000000,0
1034240,0x00000002,2
1035264,0x00000000,0
1036288,0x00000001,1
1037312,0x00000003,3
1038336,0x00000003,3
1039360,0x00000004,4
1040384,0x00000003,3
1041408,0x00000001,1
1042432,0x00000002,2
1043456,0x00000003,3
1044480,0x00000002,2
1045504,0x00000002,2
1046528,0x00000002,2
1047552,0x00000005,5
0,0x00000000,0
1048576,0x000003d2,978
2097152,0x000001d6,470
3145728,0x0000012f,303
4194304,0x000000cb,203
5242880,0x00000112,274
6291456,0x0000054c,1356
7340032,0x00000724,1828
8388608,0x0000009e,158
9437184,0x00000038,56
10485760,0x00000074,116
11534336,0x00000024,36
12582912,0x00000046,70
13631488,0x0000002d,45
14680064,0x00000068,104
15728640,0x0000002a,42
16777216,0x00000024,36
17825792,0x00000026,38
18874368,0x00000054,84
19922944,0x00000049,73
20971520,0x00000045,69
22020096,0x0000000a,10
23068672,0x00000005,5
24117248,0x00000018,24
25165824,0x00000024,36
26214400,0x00000012,18
27262976,0x00000017,23
28311552,0x0000001b,27
29360128,0x00000018,24
30408704,0x00000029,41
31457280,0x0000002f,47
32505856,0x00000051,81
33554432,0x00000020,32
34603008,0x0000003b,59
35651584,0x00000001,1
36700160,0x0000001d,29
37748736,0x00000024,36
38797312,0x00000011,17
39845888,0x0000004c,76
40894464,0x0000002c,44
41943040,0x00000014,20
42991616,0x00000015,21
44040192,0x0000000f,15
45088768,0x00000046,70
46137344,0x0000002a,42
47185920,0x00000015,21
48234496,0x00000004,4
49283072,0x00000009,9
50331648,0x00000014,20
51380224,0x00000001,1
52428800,0x00000004,4
53477376,0x00000004,4
54525952,0x00000014,20
55574528,0x00000017,23
56623104,0x0000000f,15
57671680,0x00000005,5
58720256,0x00000049,73
59768832,0x00000023,35
60817408,0x00000010,16
61865984,0x00000007,7
62914560,0x0000000b,11
63963136,0x0000000c,12
65011712,0x00000029,41
66060288,0x00000005,5
67108864,0x0000000d,13
68157440,0x00000004,4
69206016,0x00000000,0
70254592,0x00000004,4
71303168,0x00000004,4
72351744,0x0000001b,27
73400320,0x00000012,18
74448896,0x00000021,33
75497472,0x0000002c,44
76546048,0x00000010,16
77594624,0x00000009,9
78643200,0x0000001a,26
79691776,0x00000014,20
80740352,0x00000001,1
81788928,0x00000000,0
82837504,0x00000002,2
83886080,0x00000020,32
84934656,0x00000018,24
85983232,0x00000001,1
87031808,0x00000001,1
88080384,0x00000001,1
89128960,0x00000000,0
90177536,0x00000002,2
91226112,0x00000008,8
92274688,0x00000000,0
93323264,0x00000000,0
94371840,0x00000006,6
95420416,0x00000010,16
96468992,0x00000008,8
97517568,0x00000018,24
98566144,0x00000015,21
99614720,0x00000025,37
100663296,0x00000028,40
101711872,0x0000002e,46
102760448,0x00000004,4
103809024,0x00000002,2
104857600,0x00000001,1
105906176,0x00000002,2
106954752,0x00000009,9
108003328,0x0000000b,11
109051904,0x0000001f,31
110100480,0x00000002,2
111149056,0x00000000,0
112197632,0x00000001,1
113246208,0x00000000,0
114294784,0x00000017,23
115343360,0x00000004,4
116391936,0x00000001,1
117440512,0x00000000,0
118489088,0x00000000,0
119537664,0x00000000,0
120586240,0x00000003,3
121634816,0x00000000,0
122683392,0x00000001,1
123731968,0x00000001,1
124780544,0x00000005,5
125829120,0x00000013,19
126877696,0x00000000,0
127926272,0x00000000,0
128974848,0x00000000,0
130023424,0x00000000,0
131072000,0x00000000,0
132120576,0x00000000,0
133169152,0x00000000,0
134217728,0x00000000,0
135266304,0x00000000,0
136314880,0x00000001,1
137363456,0x0000000e,14
138412032,0x00000002,2
139460608,0x00000005,5
140509184,0x00000000,0
141557760,0x00000001,1
142606336,0x00000000,0
143654912,0x00000000,0
144703488,0x00000013,19
145752064,0x00000000,0
146800640,0x00000000,0
147849216,0x00000000,0
148897792,0x00000000,0
149946368,0x00000000,0
150994944,0x00000001,1
152043520,0x00000000,0
153092096,0x00000000,0
154140672,0x00000000,0
155189248,0x00000001,1
156237824,0x00000000,0
157286400,0x00000000,0
158334976,0x00000000,0
159383552,0x00000000,0
160432128,0x00000000,0
161480704,0x00000000,0
162529280,0x00000000,0
163577856,0x00000000,0
164626432,0x00000000,0
165675008,0x00000000,0
166723584,0x00000000,0
167772160,0x00000000,0
168820736,0x00000001,1
169869312,0x00000002,2
170917888,0x00000000,0
171966464,0x00000001,1
173015040,0x00000002,2
174063616,0x00000008,8
175112192,0x00000000,0
176160768,0x00000000,0
177209344,0x00000000,0
178257920,0x00000000,0
179306496,0x00000000,0
180355072,0x00000000,0
181403648,0x00000000,0
182452224,0x00000003,3
183500800,0x00000005,5
184549376,0x00000000,0
185597952,0x00000000,0
186646528,0x00000000,0
187695104,0x00000001,1
188743680,0x00000006,6
189792256,0x00000000,0
190840832,0x00000000,0
191889408,0x00000000,0
192937984,0x00000000,0
193986560,0x00000000,0
195035136,0x00000000,0
196083712,0x00000000,0
197132288,0x00000001,1
198180864,0x00000004,4
199229440,0x0000004e,78
200278016,0x00000008,8
201326592,0x00000000,0
202375168,0x00000000,0
203423744,0x00000000,0
204472320,0x00000000,0
205520896,0x00000000,0
206569472,0x00000000,0
207618048,0x00000000,0
208666624,0x00000000,0
209715200,0x00000000,0
210763776,0x00000000,0
211812352,0x00000000,0
212860928,0x00000000,0
213909504,0x00000000,0
214958080,0x00000000,0
216006656,0x00000000,0
217055232,0x00000000,0
218103808,0x00000000,0
219152384,0x00000000,0
220200960,0x00000000,0
221249536,0x00000000,0
222298112,0x00000000,0
223346688,0x00000000,0
224395264,0x00000000,0
225443840,0x00000000,0
226492416,0x00000000,0
227540992,0x00000000,0
228589568,0x00000000,0
229638144,0x00000000,0
230686720,0x00000000,0
231735296,0x00000000,0
232783872,0x00000000,0
233832448,0x00000000,0
234881024,0x00000000,0
235929600,0x00000000,0
236978176,0x00000000,0
238026752,0x00000000,0
239075328,0x00000000,0
240123904,0x00000000,0
241172480,0x00000000,0
242221056,0x00000000,0
243269632,0x00000000,0
244318208,0x00000000,0
245366784,0x00000000,0
246415360,0x00000000,0
247463936,0x00000000,0
248512512,0x00000000,0
249561088,0x00000000,0
250609664,0x00000000,0
251658240,0x00000000,0
252706816,0x00000000,0
253755392,0x00000000,0
254803968,0x00000000,0
255852544,0x00000000,0
256901120,0x00000000,0
257949696,0x00000000,0
258998272,0x00000000,0
260046848,0x00000000,0
261095424,0x00000000,0
262144000,0x00000000,0
263192576,0x00000000,0
264241152,0x00000000,0
265289728,0x00000000,0
266338304,0x00000000,0
267386880,0x00000000,0
268435456,0x00000000,0
269484032,0x00000000,0
270532608,0x00000000,0
271581184,0x00000000,0
272629760,0x00000000,0
273678336,0x00000000,0
274726912,0x00000000,0
275775488,0x00000000,0
276824064,0x00000000,0
277872640,0x00000000,0
278921216,0x00000000,0
279969792,0x00000000,0
281018368,0x00000000,0
282066944,0x00000000,0
283115520,0x00000000,0
284164096,0x00000000,0
285212672,0x00000000,0
286261248,0x00000000,0
287309824,0x00000000,0
288358400,0x00000000,0
289406976,0x00000000,0
290455552,0x00000000,0
291504128,0x00000000,0
292552704,0x00000000,0
293601280,0x00000000,0
294649856,0x00000000,0
295698432,0x00000000,0
296747008,0x00000000,0
297795584,0x00000000,0
298844160,0x00000000,0
299892736,0x00000000,0
300941312,0x00000000,0
301989888,0x00000000,0
303038464,0x00000000,0
304087040,0x00000000,0
305135616,0x00000000,0
306184192,0x00000000,0
307232768,0x00000000,0
308281344,0x00000000,0
309329920,0x00000000,0
310378496,0x00000000,0
311427072,0x00000000,0
312475648,0x00000000,0
313524224,0x00000000,0
314572800,0x00000000,0
315621376,0x00000000,0
316669952,0x00000000,0
317718528,0x00000000,0
318767104,0x00000000,0
319815680,0x00000000,0
320864256,0x00000000,0
321912832,0x00000000,0
322961408,0x00000000,0
324009984,0x00000000,0
325058560,0x00000000,0
326107136,0x00000000,0
327155712,0x00000000,0
328204288,0x00000000,0
329252864,0x00000000,0
330301440,0x00000000,0
331350016,0x00000000,0
332398592,0x00000000,0
333447168,0x00000000,0
334495744,0x00000000,0
335544320,0x00000000,0
336592896,0x00000000,0
337641472,0x00000000,0
338690048,0x00000000,0
339738624,0x00000000,0
340787200,0x00000000,0
341835776,0x00000000,0
342884352,0x00000000,0
343932928,0x00000000,0
344981504,0x00000000,0
346030080,0x00000000,0
347078656,0x00000000,0
348127232,0x00000000,0
349175808,0x00000000,0
350224384,0x00000000,0
351272960,0x00000000,0
352321536,0x00000000,0
353370112,0x00000000,0
354418688,0x00000000,0
355467264,0x00000000,0
356515840,0x00000000,0
357564416,0x00000000,0
358612992,0x00000000,0
359661568,0x00000000,0
360710144,0x00000000,0
361758720,0x00000000,0
362807296,0x00000000,0
363855872,0x00000000,0
364904448,0x00000000,0
365953024,0x00000000,0
367001600,0x00000000,0
368050176,0x00000000,0
369098752,0x00000000,0
370147328,0x00000000,0
371195904,0x00000000,0
372244480,0x00000000,0
373293056,0x00000000,0
374341632,0x00000000,0
375390208,0x00000000,0
376438784,0x00000000,0
377487360,0x00000000,0
378535936,0x00000000,0
379584512,0x00000000,0
380633088,0x00000000,0
381681664,0x00000000,0
382730240,0x00000000,0
383778816,0x00000000,0
384827392,0x00000000,0
385875968,0x00000000,0
386924544,0x00000000,0
387973120,0x00000000,0
389021696,0x00000000,0
390070272,0x00000000,0
391118848,0x00000000,0
392167424,0x00000000,0
393216000,0x00000000,0
394264576,0x00000000,0
395313152,0x00000000,0
396361728,0x00000000,0
397410304,0x00000000,0
398458880,0x00000000,0
399507456,0x00000000,0
400556032,0x00000000,0
401604608,0x00000000,0
402653184,0x00000000,0
403701760,0x00000000,0
404750336,0x00000000,0
405798912,0x00000000,0
406847488,0x00000000,0
407896064,0x00000000,0
408944640,0x00000000,0
409993216,0x00000000,0
411041792,0x00000000,0
412090368,0x00000000,0
413138944,0x00000000,0
414187520,0x00000000,0
415236096,0x00000000,0
416284672,0x00000000,0
417333248,0x00000000,0
418381824,0x00000000,0
419430400,0x00000000,0
420478976,0x00000000,0
421527552,0x00000000,0
422576128,0x00000000,0
423624704,0x00000000,0
424673280,0x00000000,0
425721856,0x00000000,0
426770432,0x00000000,0
427819008,0x00000000,0
428867584,0x00000000,0
429916160,0x00000000,0
430964736,0x00000000,0
432013312,0x00000000,0
433061888,0x00000000,0
434110464,0x00000000,0
435159040,0x00000000,0
436207616,0x00000000,0
437256192,0x00000000,0
438304768,0x00000000,0
439353344,0x00000000,0
440401920,0x00000000,0
441450496,0x00000000,0
442499072,0x00000000,0
443547648,0x00000000,0
444596224,0x00000000,0
445644800,0x00000000,0
446693376,0x00000000,0
447741952,0x00000000,0
448790528,0x00000000,0
449839104,0x00000000,0
450887680,0x00000000,0
451936256,0x00000000,0
452984832,0x00000000,0
454033408,0x00000000,0
455081984,0x00000000,0
456130560,0x00000000,0
457179136,0x00000000,0
458227712,0x00000000,0
459276288,0x00000000,0
460324864,0x00000000,0
461373440,0x00000000,0
462422016,0x00000000,0
463470592,0x00000000,0
464519168,0x00000000,0
465567744,0x00000000,0
466616320,0x00000000,0
467664896,0x00000000,0
468713472,0x00000000,0
469762048,0x00000000,0
470810624,0x00000000,0
471859200,0x00000000,0
472907776,0x00000000,0
473956352,0x00000000,0
475004928,0x00000000,0
476053504,0x00000000,0
477102080,0x00000000,0
478150656,0x00000000,0
479199232,0x00000000,0
480247808,0x00000000,0
481296384,0x00000000,0
482344960,0x00000000,0
483393536,0x00000000,0
484442112,0x00000000,0
485490688,0x00000000,0
486539264,0x00000000,0
487587840,0x00000000,0
488636416,0x00000000,0
489684992,0x00000000,0
490733568,0x00000000,0
491782144,0x00000000,0
492830720,0x00000000,0
493879296,0x00000000,0
494927872,0x00000000,0
495976448,0x00000000,0
497025024,0x00000000,0
498073600,0x00000000,0
499122176,0x00000000,0
500170752,0x00000000,0
501219328,0x00000000,0
502267904,0x00000000,0
503316480,0x00000000,0
504365056,0x00000000,0
505413632,0x00000000,0
506462208,0x00000000,0
507510784,0x00000000,0
508559360,0x00000000,0
509607936,0x00000000,0
510656512,0x00000000,0
511705088,0x00000000,0
512753664,0x00000000,0
513802240,0x00000000,0
514850816,0x00000000,0
515899392,0x00000000,0
516947968,0x00000000,0
517996544,0x00000000,0
519045120,0x00000000,0
520093696,0x00000000,0
521142272,0x00000000,0
522190848,0x00000000,0
523239424,0x00000000,0
524288000,0x00000000,0
525336576,0x00000000,0
526385152,0x00000000,0
527433728,0x00000000,0
528482304,0x00000000,0
529530880,0x00000000,0
530579456,0x00000000,0
531628032,0x00000000,0
532676608,0x00000000,0
533725184,0x00000000,0
534773760,0x00000000,0
535822336,0x00000000,0
536870912,0x00000000,0
537919488,0x00000000,0
538968064,0x00000000,0
540016640,0x00000000,0
541065216,0x00000000,0
542113792,0x00000000,0
543162368,0x00000000,0
544210944,0x00000000,0
545259520,0x00000000,0
546308096,0x00000000,0
547356672,0x00000000,0
548405248,0x00000000,0
549453824,0x00000000,0
550502400,0x00000000,0
551550976,0x00000000,0
552599552,0x00000000,0
553648128,0x00000000,0
554696704,0x00000000,0
555745280,0x00000000,0
556793856,0x00000000,0
557842432,0x00000000,0
558891008,0x00000000,0
559939584,0x00000000,0
560988160,0x00000000,0
562036736,0x00000000,0
563085312,0x00000000,0
564133888,0x00000000,0
565182464,0x00000000,0
566231040,0x00000000,0
567279616,0x00000000,0
568328192,0x00000000,0
569376768,0x00000000,0
570425344,0x00000000,0
571473920,0x00000000,0
572522496,0x00000000,0
573571072,0x00000000,0
574619648,0x00000000,0
575668224,0x00000000,0
576716800,0x00000000,0
577765376,0x00000000,0
578813952,0x00000000,0
579862528,0x00000000,0
580911104,0x00000000,0
581959680,0x00000000,0
583008256,0x00000000,0
584056832,0x00000000,0
585105408,0x00000000,0
586153984,0x00000000,0
587202560,0x00000000,0
588251136,0x00000000,0
589299712,0x00000000,0
590348288,0x00000000,0
591396864,0x00000000,0
592445440,0x00000000,0
593494016,0x00000000,0
594542592,0x00000000,0
595591168,0x00000000,0
596639744,0x00000000,0
597688320,0x00000000,0
598736896,0x00000000,0
599785472,0x00000000,0
600834048,0x00000000,0
601882624,0x00000000,0
602931200,0x00000000,0
603979776,0x00000000,0
605028352,0x00000000,0
606076928,0x00000000,0
607125504,0x00000000,0
608174080,0x00000000,0
609222656,0x00000000,0
610271232,0x00000000,0
611319808,0x00000000,0
612368384,0x00000000,0
613416960,0x00000000,0
614465536,0x00000000,0
615514112,0x00000000,0
616562688,0x00000000,0
617611264,0x00000000,0
618659840,0x00000000,0
619708416,0x00000000,0
620756992,0x00000000,0
621805568,0x00000000,0
622854144,0x00000000,0
623902720,0x00000000,0
624951296,0x00000000,0
625999872,0x00000000,0
627048448,0x00000000,0
628097024,0x00000000,0
629145600,0x00000000,0
630194176,0x00000002,2
631242752,0x00000000,0
632291328,0x00000000,0
633339904,0x00000000,0
634388480,0x00000000,0
635437056,0x00000000,0
636485632,0x00000000,0
637534208,0x00000000,0
638582784,0x00000000,0
639631360,0x00000000,0
640679936,0x00000000,0
641728512,0x00000000,0
642777088,0x00000000,0
643825664,0x00000000,0
644874240,0x00000000,0
645922816,0x00000000,0
646971392,0x00000000,0
648019968,0x00000000,0
649068544,0x00000000,0
650117120,0x00000000,0
651165696,0x00000000,0
652214272,0x00000000,0
653262848,0x00000000,0
654311424,0x00000000,0
655360000,0x00000000,0
656408576,0x00000000,0
657457152,0x00000000,0
658505728,0x00000000,0
659554304,0x00000000,0
660602880,0x00000000,0
661651456,0x00000000,0
662700032,0x00000000,0
663748608,0x00000000,0
664797184,0x00000000,0
665845760,0x00000000,0
666894336,0x00000000,0
667942912,0x00000000,0
668991488,0x00000000,0
670040064,0x00000000,0
671088640,0x00000000,0
672137216,0x00000000,0
673185792,0x00000000,0
674234368,0x00000000,0
675282944,0x00000000,0
676331520,0x00000000,0
677380096,0x00000000,0
678428672,0x00000000,0
679477248,0x00000000,0
680525824,0x00000000,0
681574400,0x00000000,0
682622976,0x00000000,0
683671552,0x00000000,0
684720128,0x00000000,0
685768704,0x00000000,0
686817280,0x00000000,0
687865856,0x00000000,0
688914432,0x00000000,0
689963008,0x00000000,0
691011584,0x00000001,1
692060160,0x00000000,0
693108736,0x00000000,0
694157312,0x00000000,0
695205888,0x00000000,0
696254464,0x00000000,0
697303040,0x00000000,0
698351616,0x00000000,0
699400192,0x00000000,0
700448768,0x00000000,0
701497344,0x00000000,0
702545920,0x00000000,0
703594496,0x00000000,0
704643072,0x00000000,0
705691648,0x00000000,0
706740224,0x00000000,0
707788800,0x00000000,0
708837376,0x00000001,1
709885952,0x00000000,0
710934528,0x00000000,0
711983104,0x00000000,0
713031680,0x00000000,0
714080256,0x00000000,0
715128832,0x00000002,2
716177408,0x00000000,0
717225984,0x00000000,0
718274560,0x00000000,0
719323136,0x00000000,0
720371712,0x00000000,0
721420288,0x00000000,0
722468864,0x00000000,0
723517440,0x00000000,0
724566016,0x00000001,1
725614592,0x00000000,0
726663168,0x00000000,0
727711744,0x00000000,0
728760320,0x00000000,0
729808896,0x00000000,0
730857472,0x00000000,0
731906048,0x00000000,0
732954624,0x00000000,0
734003200,0x00000000,0
735051776,0x00000000,0
736100352,0x00000001,1
737148928,0x00000000,0
738197504,0x00000000,0
739246080,0x00000000,0
740294656,0x00000000,0
741343232,0x00000000,0
742391808,0x00000000,0
743440384,0x00000000,0
744488960,0x00000000,0
745537536,0x00000000,0
746586112,0x00000000,0
747634688,0x00000000,0
748683264,0x00000000,0
749731840,0x00000000,0
750780416,0x00000001,1
751828992,0x00000000,0
752877568,0x00000000,0
753926144,0x00000000,0
754974720,0x00000000,0
756023296,0x00000000,0
757071872,0x00000000,0
758120448,0x00000000,0
759169024,0x00000000,0
760217600,0x00000000,0
761266176,0x00000000,0
762314752,0x00000000,0
763363328,0x00000000,0
764411904,0x00000000,0
765460480,0x00000000,0
766509056,0x00000000,0
767557632,0x00000000,0
768606208,0x00000000,0
769654784,0x00000000,0
770703360,0x00000000,0
771751936,0x00000000,0
772800512,0x00000000,0
773849088,0x00000000,0
774897664,0x00000000,0
775946240,0x00000000,0
776994816,0x00000000,0
778043392,0x00000000,0
779091968,0x00000000,0
780140544,0x00000000,0
781189120,0x00000001,1
782237696,0x00000000,0
783286272,0x00000000,0
784334848,0x00000000,0
785383424,0x00000001,1
786432000,0x00000000,0
787480576,0x00000000,0
788529152,0x00000000,0
789577728,0x00000000,0
790626304,0x00000000,0
791674880,0x00000000,0
792723456,0x00000001,1
793772032,0x00000000,0
794820608,0x00000000,0
795869184,0x00000000,0
796917760,0x00000000,0
797966336,0x00000000,0
799014912,0x00000000,0
800063488,0x00000000,0
801112064,0x0000000a,10
802160640,0x00000000,0
803209216,0x00000000,0
804257792,0x00000000,0
805306368,0x00000000,0
806354944,0x00000000,0
807403520,0x00000000,0
808452096,0x00000000,0
809500672,0x00000000,0
810549248,0x00000000,0
811597824,0x00000000,0
812646400,0x00000000,0
813694976,0x00000000,0
814743552,0x00000000,0
815792128,0x00000000,0
816840704,0x00000000,0
817889280,0x00000000,0
818937856,0x00000000,0
819986432,0x00000000,0
821035008,0x00000000,0
822083584,0x00000000,0
823132160,0x00000000,0
824180736,0x00000000,0
825229312,0x00000000,0
826277888,0x00000000,0
827326464,0x00000000,0
828375040,0x00000000,0
829423616,0x00000000,0
830472192,0x00000000,0
831520768,0x00000000,0
832569344,0x00000000,0
833617920,0x00000000,0
834666496,0x00000000,0
835715072,0x00000000,0
836763648,0x00000000,0
837812224,0x00000000,0
838860800,0x00000000,0
839909376,0x00000000,0
840957952,0x00000000,0
842006528,0x00000000,0
843055104,0x00000000,0
844103680,0x00000001,1
845152256,0x00000000,0
846200832,0x00000000,0
847249408,0x00000000,0
848297984,0x00000001,1
849346560,0x00000000,0
850395136,0x00000000,0
851443712,0x00000000,0
852492288,0x00000000,0
853540864,0x00000001,1
854589440,0x00000000,0
855638016,0x00000000,0
856686592,0x00000000,0
857735168,0x00000000,0
858783744,0x00000000,0
859832320,0x00000001,1
860880896,0x00000001,1
861929472,0x00000000,0
862978048,0x00000000,0
864026624,0x00000000,0
865075200,0x00000000,0
866123776,0x00000000,0
867172352,0x00000000,0
868220928,0x00000000,0
869269504,0x00000000,0
870318080,0x00000000,0
871366656,0x00000000,0
872415232,0x00000000,0
873463808,0x00000000,0
874512384,0x00000000,0
875560960,0x00000001,1
876609536,0x00000000,0
877658112,0x00000000,0
878706688,0x00000000,0
879755264,0x00000000,0
880803840,0x00000000,0
881852416,0x00000000,0
882900992,0x00000000,0
883949568,0x00000000,0
884998144,0x00000000,0
886046720,0x00000000,0
887095296,0x00000000,0
888143872,0x00000000,0
889192448,0x00000000,0
890241024,0x00000001,1
891289600,0x00000000,0
892338176,0x00000000,0
893386752,0x00000000,0
894435328,0x00000000,0
895483904,0x00000000,0
896532480,0x00000000,0
897581056,0x00000000,0
898629632,0x00000000,0
899678208,0x00000000,0
900726784,0x00000000,0
901775360,0x00000000,0
902823936,0x00000000,0
903872512,0x00000000,0
904921088,0x00000000,0
905969664,0x00000000,0
907018240,0x00000000,0
908066816,0x00000000,0
909115392,0x00000000,0
910163968,0x00000000,0
911212544,0x00000000,0
912261120,0x00000000,0
913309696,0x00000000,0
914358272,0x00000000,0
915406848,0x00000000,0
916455424,0x00000000,0
917504000,0x00000000,0
918552576,0x00000000,0
919601152,0x00000000,0
920649728,0x00000000,0
921698304,0x00000000,0
922746880,0x00000000,0
923795456,0x00000000,0
924844032,0x00000000,0
925892608,0x00000000,0
926941184,0x00000000,0
927989760,0x00000000,0
929038336,0x00000000,0
930086912,0x00000000,0
931135488,0x00000000,0
932184064,0x00000000,0
933232640,0x00000000,0
934281216,0x00000000,0
935329792,0x00000000,0
936378368,0x00000000,0
937426944,0x00000000,0
938475520,0x00000000,0
939524096,0x00000000,0
940572672,0x00000000,0
941621248,0x00000000,0
942669824,0x00000000,0
943718400,0x00000000,0
944766976,0x00000000,0
945815552,0x00000000,0
946864128,0x00000000,0
947912704,0x00000000,0
948961280,0x00000000,0
950009856,0x00000000,0
951058432,0x00000000,0
952107008,0x00000000,0
953155584,0x00000000,0
954204160,0x00000000,0
955252736,0x00000000,0
956301312,0x00000000,0
957349888,0x00000000,0
958398464,0x00000000,0
959447040,0x00000000,0
960495616,0x00000000,0
961544192,0x00000000,0
962592768,0x00000000,0
963641344,0x00000000,0
964689920,0x00000000,0
965738496,0x00000000,0
966787072,0x00000000,0
967835648,0x00000000,0
968884224,0x00000000,0
969932800,0x00000000,0
970981376,0x00000000,0
972029952,0x00000000,0
973078528,0x00000000,0
974127104,0x00000000,0
975175680,0x00000000,0
976224256,0x00000000,0
977272832,0x00000000,0
978321408,0x00000000,0
979369984,0x00000000,0
980418560,0x00000000,0
981467136,0x00000000,0
982515712,0x00000000,0
983564288,0x00000000,0
984612864,0x00000000,0
985661440,0x00000000,0
986710016,0x00000000,0
987758592,0x00000000,0
988807168,0x00000000,0
989855744,0x00000000,0
990904320,0x00000000,0
991952896,0x00000000,0
993001472,0x00000000,0
994050048,0x00000000,0
995098624,0x00000000,0
996147200,0x00000000,0
997195776,0x00000000,0
998244352,0x00000000,0
999292928,0x00000000,0
1000341504,0x00000000,0
1001390080,0x00000000,0
1002438656,0x00000000,0
1003487232,0x00000000,0
1004535808,0x00000000,0
1005584384,0x00000000,0
1006632960,0x00000000,0
1007681536,0x00000000,0
1008730112,0x00000000,0
1009778688,0x00000000,0
1010827264,0x00000000,0
1011875840,0x00000000,0
1012924416,0x00000000,0
1013972992,0x00000000,0
1015021568,0x00000000,0
1016070144,0x00000000,0
1017118720,0x00000000,0
1018167296,0x00000000,0
1019215872,0x00000000,0
1020264448,0x00000000,0
1021313024,0x00000000,0
1022361600,0x00000000,0
1023410176,0x00000000,0
1024458752,0x00000000,0
1025507328,0x00000000,0
1026555904,0x00000000,0
1027604480,0x00000000,0
1028653056,0x00000000,0
1029701632,0x00000000,0
1030750208,0x00000000,0
1031798784,0x00000000,0
1032847360,0x00000000,0
1033895936,0x00000000,0
1034944512,0x00000000,0
1035993088,0x00000000,0
1037041664,0x00000000,0
1038090240,0x00000000,0
1039138816,0x00000000,0
1040187392,0x00000000,0
1041235968,0x00000000,0
1042284544,0x00000000,0
1043333120,0x00000000,0
1044381696,0x00000000,0
1045430272,0x00000000,0
1046478848,0x00000000,0
1047527424,0x00000000,0
1048576000,0x00000000,0
1049624576,0x00000000,0
1050673152,0x00000000,0
1051721728,0x00000000,0
1052770304,0x00000000,0
1053818880,0x00000000,0
1054867456,0x00000000,0
1055916032,0x00000000,0
1056964608,0x00000000,0
1058013184,0x00000000,0
1059061760,0x00000000,0
1060110336,0x00000000,0
1061158912,0x00000000,0
1062207488,0x00000000,0
1063256064,0x00000000,0
1064304640,0x00000000,0
1065353216,0x00000000,0
1066401792,0x00000000,0
1067450368,0x00000000,0
1068498944,0x00000000,0
1069547520,0x00000000,0
1070596096,0x00000000,0
1071644672,0x00000000,0
1072693248,0x00000000,0
1073741824,0x00000000,0
1074790400,0x00000000,0
1075838976,0x00000000,0
1076887552,0x00000000,0
1077936128,0x00000000,0
1078984704,0x00000000,0
1080033280,0x00000000,0
1081081856,0x00000000,0
1082130432,0x00000000,0
1083179008,0x00000000,0
1084227584,0x00000000,0
1085276160,0x00000000,0
1086324736,0x00000000,0
1087373312,0x00000000,0
1088421888,0x00000000,0
1089470464,0x00000000,0
1090519040,0x00000000,0
1091567616,0x00000000,0
1092616192,0x00000000,0
1093664768,0x00000000,0
1094713344,0x00000000,0
1095761920,0x00000000,0
1096810496,0x00000000,0
1097859072,0x00000000,0
1098907648,0x00000000,0
1099956224,0x00000000,0
1101004800,0x00000000,0
1102053376,0x00000000,0
1103101952,0x00000000,0
1104150528,0x00000000,0
1105199104,0x00000000,0
1106247680,0x00000000,0
1107296256,0x00000000,0
1108344832,0x00000000,0
1109393408,0x00000000,0
1110441984,0x00000000,0
1111490560,0x00000000,0
1112539136,0x00000000,0
1113587712,0x00000000,0
1114636288,0x00000000,0
1115684864,0x00000000,0
1116733440,0x00000000,0
1117782016,0x00000000,0
1118830592,0x00000000,0
1119879168,0x00000000,0
1120927744,0x00000000,0
1121976320,0x00000000,0
1123024896,0x00000000,0
1124073472,0x00000000,0
1125122048,0x00000000,0
1126170624,0x00000000,0
1127219200,0x00000000,0
1128267776,0x00000000,0
1129316352,0x00000000,0
1130364928,0x00000000,0
1131413504,0x00000000,0
1132462080,0x00000000,0
1133510656,0x00000000,0
1134559232,0x00000000,0
1135607808,0x00000000,0
1136656384,0x00000000,0
1137704960,0x00000000,0
1138753536,0x00000000,0
1139802112,0x00000000,0
1140850688,0x00000000,0
1141899264,0x00000000,0
1142947840,0x00000000,0
1143996416,0x00000000,0
1145044992,0x00000000,0
1146093568,0x00000000,0
1147142144,0x00000000,0
1148190720,0x00000000,0
1149239296,0x00000000,0
1150287872,0x00000000,0
1151336448,0x00000000,0
1152385024,0x00000000,0
1153433600,0x00000000,0
1154482176,0x00000000,0
1155530752,0x00000000,0
1156579328,0x00000000,0
1157627904,0x00000000,0
1158676480,0x00000000,0
1159725056,0x00000000,0
1160773632,0x00000000,0
1161822208,0x00000000,0
1162870784,0x00000000,0
1163919360,0x00000000,0
1164967936,0x00000000,0
1166016512,0x00000000,0
1167065088,0x00000000,0
1168113664,0x00000000,0
1169162240,0x00000000,0
1170210816,0x00000000,0
1171259392,0x00000000,0
1172307968,0x00000000,0
1173356544,0x00000000,0
1174405120,0x00000000,0
1175453696,0x00000000,0
1176502272,0x00000000,0
1177550848,0x00000000,0
1178599424,0x00000000,0
1179648000,0x00000000,0
1180696576,0x00000000,0
1181745152,0x00000000,0
1182793728,0x00000000,0
1183842304,0x00000000,0
1184890880,0x00000000,0
1185939456,0x00000000,0
1186988032,0x00000000,0
1188036608,0x00000000,0
1189085184,0x00000000,0
1190133760,0x00000000,0
1191182336,0x00000000,0
1192230912,0x00000000,0
1193279488,0x00000000,0
1194328064,0x00000000,0
1195376640,0x00000000,0
1196425216,0x00000000,0
1197473792,0x00000000,0
1198522368,0x00000000,0
1199570944,0x00000000,0
1200619520,0x00000000,0
1201668096,0x00000000,0
1202716672,0x00000000,0
1203765248,0x00000000,0
1204813824,0x00000000,0
1205862400,0x00000000,0
1206910976,0x00000000,0
1207959552,0x00000000,0
1209008128,0x00000000,0
1210056704,0x00000000,0
1211105280,0x00000000,0
1212153856,0x00000000,0
1213202432,0x00000000,0
1214251008,0x00000000,0
1215299584,0x00000000,0
1216348160,0x00000000,0
1217396736,0x00000000,0
1218445312,0x00000000,0
1219493888,0x00000000,0
1220542464,0x00000000,0
1221591040,0x00000000,0
1222639616,0x00000000,0
1223688192,0x00000000,0
1224736768,0x00000000,0
1225785344,0x00000000,0
1226833920,0x00000000,0
1227882496,0x00000000,0
1228931072,0x00000000,0
1229979648,0x00000000,0
1231028224,0x00000000,0
1232076800,0x00000000,0
1233125376,0x00000000,0
1234173952,0x00000000,0
1235222528,0x00000000,0
1236271104,0x00000000,0
1237319680,0x00000000,0
1238368256,0x00000000,0
1239416832,0x00000000,0
1240465408,0x00000000,0
1241513984,0x00000000,0
1242562560,0x00000000,0
1243611136,0x00000000,0
1244659712,0x00000000,0
1245708288,0x00000000,0
1246756864,0x00000000,0
1247805440,0x00000000,0
1248854016,0x00000000,0
1249902592,0x00000000,0
1250951168,0x00000000,0
1251999744,0x00000000,0
1253048320,0x00000000,0
1254096896,0x00000000,0
1255145472,0x00000000,0
1256194048,0x00000000,0
1257242624,0x00000000,0
1258291200,0x00000000,0
1259339776,0x00000000,0
1260388352,0x00000000,0
1261436928,0x00000000,0
1262485504,0x00000000,0
1263534080,0x00000000,0
1264582656,0x00000000,0
1265631232,0x00000000,0
1266679808,0x00000000,0
1267728384,0x00000000,0
1268776960,0x00000000,0
1269825536,0x00000000,0
1270874112,0x00000000,0
1271922688,0x00000000,0
1272971264,0x00000000,0
1274019840,0x00000000,0
1275068416,0x00000000,0
1276116992,0x00000000,0
1277165568,0x00000000,0
1278214144,0x00000000,0
1279262720,0x00000000,0
1280311296,0x00000000,0
1281359872,0x00000000,0
1282408448,0x00000000,0
1283457024,0x00000000,0
1284505600,0x00000000,0
1285554176,0x00000000,0
1286602752,0x00000000,0
1287651328,0x00000000,0
1288699904,0x00000000,0
1289748480,0x00000000,0
1290797056,0x00000000,0
1291845632,0x00000000,0
1292894208,0x00000000,0
1293942784,0x00000000,0
1294991360,0x00000000,0
1296039936,0x00000000,0
1297088512,0x00000000,0
1298137088,0x00000000,0
1299185664,0x00000000,0
1300234240,0x00000000,0
1301282816,0x00000000,0
1302331392,0x00000000,0
1303379968,0x00000000,0
1304428544,0x00000000,0
1305477120,0x00000000,0
1306525696,0x00000000,0
1307574272,0x00000000,0
1308622848,0x00000000,0
1309671424,0x00000000,0
1310720000,0x00000000,0
1311768576,0x00000000,0
1312817152,0x00000000,0
1313865728,0x00000000,0
1314914304,0x00000000,0
1315962880,0x00000000,0
1317011456,0x00000000,0
1318060032,0x00000000,0
1319108608,0x00000000,0
1320157184,0x00000000,0
1321205760,0x00000000,0
1322254336,0x00000000,0
1323302912,0x00000000,0
1324351488,0x00000000,0
1325400064,0x00000000,0
1326448640,0x00000000,0
1327497216,0x00000000,0
1328545792,0x00000000,0
1329594368,0x00000000,0
1330642944,0x00000000,0
1331691520,0x00000000,0
1332740096,0x00000000,0
1333788672,0x00000000,0
1334837248,0x00000000,0
1335885824,0x00000000,0
1336934400,0x00000000,0
1337982976,0x00000000,0
1339031552,0x00000000,0
1340080128,0x00000000,0
1341128704,0x00000000,0
1342177280,0x00000000,0
1343225856,0x00000000,0
1344274432,0x00000000,0
1345323008,0x00000000,0
1346371584,0x00000000,0
1347420160,0x00000000,0
1348468736,0x00000000,0
1349517312,0x00000000,0
1350565888,0x00000000,0
1351614464,0x00000000,0
1352663040,0x00000000,0
1353711616,0x00000000,0
1354760192,0x00000000,0
1355808768,0x00000000,0
1356857344,0x00000000,0
1357905920,0x00000000,0
1358954496,0x00000000,0
1360003072,0x00000000,0
1361051648,0x00000000,0
1362100224,0x00000000,0
1363148800,0x00000000,0
1364197376,0x00000000,0
1365245952,0x00000000,0
1366294528,0x00000000,0
1367343104,0x00000000,0
1368391680,0x00000000,0
1369440256,0x00000000,0
1370488832,0x00000000,0
1371537408,0x00000000,0
1372585984,0x00000000,0
1373634560,0x00000000,0
1374683136,0x00000000,0
1375731712,0x00000000,0
1376780288,0x00000000,0
1377828864,0x00000000,0
1378877440,0x00000000,0
1379926016,0x00000000,0
1380974592,0x00000000,0
1382023168,0x00000000,0
1383071744,0x00000000,0
1384120320,0x00000000,0
1385168896,0x00000000,0
1386217472,0x00000000,0
1387266048,0x00000000,0
1388314624,0x00000000,0
1389363200,0x00000000,0
1390411776,0x00000000,0
1391460352,0x00000000,0
1392508928,0x00000000,0
1393557504,0x00000000,0
1394606080,0x00000000,0
1395654656,0x00000000,0
1396703232,0x00000000,0
1397751808,0x00000000,0
1398800384,0x00000000,0
1399848960,0x00000000,0
1400897536,0x00000000,0
1401946112,0x00000000,0
1402994688,0x00000000,0
1404043264,0x00000000,0
1405091840,0x00000000,0
1406140416,0x00000000,0
1407188992,0x00000000,0
1408237568,0x00000000,0
1409286144,0x00000000,0
1410334720,0x00000000,0
1411383296,0x00000000,0
1412431872,0x00000000,0
1413480448,0x00000000,0
1414529024,0x00000000,0
1415577600,0x00000000,0
1416626176,0x00000000,0
1417674752,0x00000000,0
1418723328,0x00000000,0
1419771904,0x00000000,0
1420820480,0x00000000,0
1421869056,0x00000000,0
1422917632,0x00000000,0
1423966208,0x00000000,0
1425014784,0x00000000,0
1426063360,0x00000000,0
1427111936,0x00000000,0
1428160512,0x00000000,0
1429209088,0x00000000,0
1430257664,0x00000000,0
1431306240,0x00000000,0
1432354816,0x00000000,0
1433403392,0x00000000,0
1434451968,0x00000000,0
1435500544,0x00000000,0
1436549120,0x00000000,0
1437597696,0x00000000,0
1438646272,0x00000000,0
1439694848,0x00000000,0
1440743424,0x00000000,0
1441792000,0x00000000,0
1442840576,0x00000000,0
1443889152,0x00000000,0
1444937728,0x00000000,0
1445986304,0x00000000,0
1447034880,0x00000000,0
1448083456,0x00000000,0
1449132032,0x00000000,0
1450180608,0x00000000,0
1451229184,0x00000000,0
1452277760,0x00000000,0
1453326336,0x00000000,0
1454374912,0x00000000,0
1455423488,0x00000000,0
1456472064,0x00000000,0
1457520640,0x00000000,0
1458569216,0x00000000,0
1459617792,0x00000000,0
1460666368,0x00000000,0
1461714944,0x00000000,0
1462763520,0x00000000,0
1463812096,0x00000000,0
1464860672,0x00000000,0
1465909248,0x00000000,0
1466957824,0x00000000,0
1468006400,0x00000000,0
1469054976,0x00000000,0
1470103552,0x00000000,0
1471152128,0x00000000,0
1472200704,0x00000000,0
1473249280,0x00000000,0
1474297856,0x00000000,0
1475346432,0x00000000,0
1476395008,0x00000000,0
1477443584,0x00000000,0
1478492160,0x00000000,0
1479540736,0x00000000,0
1480589312,0x00000000,0
1481637888,0x00000000,0
1482686464,0x00000000,0
1483735040,0x00000000,0
1484783616,0x00000000,0
1485832192,0x00000000,0
1486880768,0x00000000,0
1487929344,0x00000000,0
1488977920,0x00000000,0
1490026496,0x00000000,0
1491075072,0x00000000,0
1492123648,0x00000000,0
1493172224,0x00000000,0
1494220800,0x00000000,0
1495269376,0x00000000,0
1496317952,0x00000000,0
1497366528,0x00000000,0
1498415104,0x00000000,0
1499463680,0x00000000,0
1500512256,0x00000000,0
1501560832,0x00000000,0
1502609408,0x00000000,0
1503657984,0x00000000,0
1504706560,0x00000000,0
1505755136,0x00000000,0
1506803712,0x00000000,0
1507852288,0x00000000,0
1508900864,0x00000000,0
1509949440,0x00000000,0
1510998016,0x00000000,0
1512046592,0x00000000,0
1513095168,0x00000000,0
1514143744,0x00000000,0
1515192320,0x00000000,0
1516240896,0x00000000,0
1517289472,0x00000000,0
1518338048,0x00000000,0
1519386624,0x00000000,0
1520435200,0x00000000,0
1521483776,0x00000000,0
1522532352,0x00000000,0
1523580928,0x00000000,0
1524629504,0x00000000,0
1525678080,0x00000000,0
1526726656,0x00000000,0
1527775232,0x00000000,0
1528823808,0x00000000,0
1529872384,0x00000000,0
1530920960,0x00000000,0
1531969536,0x00000000,0
1533018112,0x00000000,0
1534066688,0x00000000,0
1535115264,0x00000000,0
1536163840,0x00000000,0
1537212416,0x00000000,0
1538260992,0x00000000,0
1539309568,0x00000000,0
1540358144,0x00000000,0
1541406720,0x00000000,0
1542455296,0x00000000,0
1543503872,0x00000000,0
1544552448,0x00000000,0
1545601024,0x00000000,0
1546649600,0x00000000,0
1547698176,0x00000000,0
1548746752,0x00000000,0
1549795328,0x00000000,0
1550843904,0x00000000,0
1551892480,0x00000000,0
1552941056,0x00000000,0
1553989632,0x00000000,0
1555038208,0x00000000,0
1556086784,0x00000000,0
1557135360,0x00000000,0
1558183936,0x00000000,0
1559232512,0x00000000,0
1560281088,0x00000000,0
1561329664,0x00000000,0
1562378240,0x00000000,0
1563426816,0x00000000,0
1564475392,0x00000000,0
1565523968,0x00000000,0
1566572544,0x00000000,0
1567621120,0x00000000,0
1568669696,0x00000000,0
1569718272,0x00000000,0
1570766848,0x00000000,0
1571815424,0x00000000,0
1572864000,0x00000000,0
1573912576,0x00000000,0
1574961152,0x00000000,0
1576009728,0x00000000,0
1577058304,0x00000000,0
1578106880,0x00000000,0
1579155456,0x00000000,0
1580204032,0x00000000,0
1581252608,0x00000000,0
1582301184,0x00000000,0
1583349760,0x00000000,0
1584398336,0x00000000,0
1585446912,0x00000000,0
1586495488,0x00000000,0
1587544064,0x00000000,0
1588592640,0x00000000,0
1589641216,0x00000000,0
1590689792,0x00000000,0
1591738368,0x00000000,0
1592786944,0x00000000,0
1593835520,0x00000000,0
1594884096,0x00000000,0
1595932672,0x00000000,0
1596981248,0x00000000,0
1598029824,0x00000000,0
1599078400,0x00000000,0
1600126976,0x00000000,0
1601175552,0x00000000,0
1602224128,0x00000000,0
1603272704,0x00000000,0
1604321280,0x00000000,0
1605369856,0x00000000,0
1606418432,0x00000000,0
1607467008,0x00000000,0
1608515584,0x00000000,0
1609564160,0x00000000,0
1610612736,0x00000000,0
1611661312,0x00000000,0
1612709888,0x00000000,0
1613758464,0x00000000,0
1614807040,0x00000000,0
1615855616,0x00000000,0
1616904192,0x00000000,0
1617952768,0x00000000,0
1619001344,0x00000000,0
1620049920,0x00000000,0
1621098496,0x00000000,0
1622147072,0x00000000,0
1623195648,0x00000000,0
1624244224,0x00000000,0
1625292800,0x00000000,0
1626341376,0x00000000,0
1627389952,0x00000000,0
1628438528,0x00000000,0
1629487104,0x00000000,0
1630535680,0x00000000,0
1631584256,0x00000000,0
1632632832,0x00000000,0
1633681408,0x00000000,0
1634729984,0x00000000,0
1635778560,0x00000000,0
1636827136,0x00000000,0
1637875712,0x00000000,0
1638924288,0x00000000,0
1639972864,0x00000000,0
1641021440,0x00000000,0
1642070016,0x00000000,0
1643118592,0x00000000,0
1644167168,0x00000000,0
1645215744,0x00000000,0
1646264320,0x00000000,0
1647312896,0x00000000,0
1648361472,0x00000000,0
1649410048,0x00000000,0
1650458624,0x00000000,0
1651507200,0x00000000,0
1652555776,0x00000000,0
1653604352,0x00000000,0
1654652928,0x00000000,0
1655701504,0x00000000,0
1656750080,0x00000000,0
1657798656,0x00000000,0
1658847232,0x00000000,0
1659895808,0x00000000,0
1660944384,0x00000000,0
1661992960,0x00000000,0
1663041536,0x00000000,0
1664090112,0x00000000,0
1665138688,0x00000000,0
1666187264,0x00000000,0
1667235840,0x00000000,0
1668284416,0x00000000,0
1669332992,0x00000000,0
1670381568,0x00000000,0
1671430144,0x00000000,0
1672478720,0x00000000,0
1673527296,0x00000000,0
1674575872,0x00000000,0
1675624448,0x00000000,0
1676673024,0x00000000,0
1677721600,0x00000000,0
1678770176,0x00000000,0
1679818752,0x00000000,0
1680867328,0x00000000,0
1681915904,0x00000000,0
1682964480,0x00000000,0
1684013056,0x00000000,0
1685061632,0x00000000,0
1686110208,0x00000000,0
1687158784,0x00000000,0
1688207360,0x00000000,0
1689255936,0x00000000,0
1690304512,0x00000000,0
1691353088,0x00000000,0
1692401664,0x00000000,0
1693450240,0x00000000,0
1694498816,0x00000000,0
1695547392,0x00000000,0
1696595968,0x00000000,0
1697644544,0x00000000,0
1698693120,0x00000000,0
1699741696,0x00000000,0
1700790272,0x00000000,0
1701838848,0x00000000,0
1702887424,0x00000000,0
1703936000,0x00000000,0
1704984576,0x00000000,0
1706033152,0x00000000,0
1707081728,0x00000000,0
1708130304,0x00000000,0
1709178880,0x00000000,0
1710227456,0x00000000,0
1711276032,0x00000000,0
1712324608,0x00000000,0
1713373184,0x00000000,0
1714421760,0x00000000,0
1715470336,0x00000000,0
1716518912,0x00000000,0
1717567488,0x00000000,0
1718616064,0x00000000,0
1719664640,0x00000000,0
1720713216,0x00000000,0
1721761792,0x00000000,0
1722810368,0x00000000,0
1723858944,0x00000000,0
1724907520,0x00000000,0
1725956096,0x00000000,0
1727004672,0x00000000,0
1728053248,0x00000000,0
1729101824,0x00000000,0
1730150400,0x00000000,0
1731198976,0x00000000,0
1732247552,0x00000000,0
1733296128,0x00000000,0
1734344704,0x00000000,0
1735393280,0x00000000,0
1736441856,0x00000000,0
1737490432,0x00000000,0
1738539008,0x00000000,0
1739587584,0x00000000,0
1740636160,0x00000000,0
1741684736,0x00000000,0
1742733312,0x00000000,0
1743781888,0x00000000,0
1744830464,0x00000000,0
1745879040,0x00000000,0
1746927616,0x00000000,0
1747976192,0x00000000,0
1749024768,0x00000000,0
1750073344,0x00000000,0
1751121920,0x00000000,0
1752170496,0x00000000,0
1753219072,0x00000000,0
1754267648,0x00000000,0
1755316224,0x00000000,0
1756364800,0x00000000,0
1757413376,0x00000000,0
1758461952,0x00000000,0
1759510528,0x00000000,0
1760559104,0x00000000,0
1761607680,0x00000000,0
1762656256,0x00000000,0
1763704832,0x00000000,0
1764753408,0x00000000,0
1765801984,0x00000000,0
1766850560,0x00000000,0
1767899136,0x00000000,0
1768947712,0x00000000,0
1769996288,0x00000000,0
1771044864,0x00000000,0
1772093440,0x00000000,0
1773142016,0x00000000,0
1774190592,0x00000000,0
1775239168,0x00000000,0
1776287744,0x00000000,0
1777336320,0x00000000,0
1778384896,0x00000000,0
1779433472,0x00000000,0
1780482048,0x00000000,0
1781530624,0x00000000,0
1782579200,0x00000000,0
1783627776,0x00000000,0
1784676352,0x00000000,0
1785724928,0x00000000,0
1786773504,0x00000000,0
1787822080,0x00000000,0
1788870656,0x00000000,0
1789919232,0x00000000,0
1790967808,0x00000000,0
1792016384,0x00000000,0
1793064960,0x00000000,0
1794113536,0x00000000,0
1795162112,0x00000000,0
1796210688,0x00000000,0
1797259264,0x00000000,0
1798307840,0x00000000,0
1799356416,0x00000000,0
1800404992,0x00000000,0
1801453568,0x00000000,0
1802502144,0x00000000,0
1803550720,0x00000000,0
1804599296,0x00000000,0
1805647872,0x00000000,0
1806696448,0x00000000,0
1807745024,0x00000000,0
1808793600,0x00000000,0
1809842176,0x00000000,0
1810890752,0x00000000,0
1811939328,0x00000000,0
1812987904,0x00000000,0
1814036480,0x00000000,0
1815085056,0x00000000,0
1816133632,0x00000000,0
1817182208,0x00000000,0
1818230784,0x00000000,0
1819279360,0x00000000,0
1820327936,0x00000000,0
1821376512,0x00000000,0
1822425088,0x00000000,0
1823473664,0x00000000,0
1824522240,0x00000000,0
1825570816,0x00000000,0
1826619392,0x00000000,0
1827667968,0x00000000,0
1828716544,0x00000000,0
1829765120,0x00000000,0
1830813696,0x00000000,0
1831862272,0x00000000,0
1832910848,0x00000000,0
1833959424,0x00000000,0
1835008000,0x00000000,0
1836056576,0x00000000,0
1837105152,0x00000000,0
1838153728,0x00000000,0
1839202304,0x00000000,0
1840250880,0x00000000,0
1841299456,0x00000000,0
1842348032,0x00000000,0
1843396608,0x00000000,0
1844445184,0x00000000,0
1845493760,0x00000000,0
1846542336,0x00000000,0
1847590912,0x00000000,0
1848639488,0x00000000,0
1849688064,0x00000000,0
1850736640,0x00000000,0
1851785216,0x00000000,0
1852833792,0x00000000,0
1853882368,0x00000000,0
1854930944,0x00000000,0
1855979520,0x00000000,0
1857028096,0x00000000,0
1858076672,0x00000000,0
1859125248,0x00000000,0
1860173824,0x00000000,0
1861222400,0x00000000,0
1862270976,0x00000000,0
1863319552,0x00000000,0
1864368128,0x00000000,0
1865416704,0x00000000,0
1866465280,0x00000000,0
1867513856,0x00000000,0
1868562432,0x00000000,0
1869611008,0x00000000,0
1870659584,0x00000000,0
1871708160,0x00000000,0
1872756736,0x00000000,0
1873805312,0x00000000,0
1874853888,0x00000000,0
1875902464,0x00000000,0
1876951040,0x00000000,0
1877999616,0x00000000,0
1879048192,0x00000000,0
1880096768,0x00000000,0
1881145344,0x00000000,0
1882193920,0x00000000,0
1883242496,0x00000000,0
1884291072,0x00000000,0
1885339648,0x00000000,0
1886388224,0x00000000,0
1887436800,0x00000000,0
1888485376,0x00000000,0
1889533952,0x00000000,0
1890582528,0x00000000,0
1891631104,0x00000000,0
1892679680,0x00000000,0
1893728256,0x00000000,0
1894776832,0x00000000,0
1895825408,0x00000000,0
1896873984,0x00000000,0
1897922560,0x00000000,0
1898971136,0x00000000,0
1900019712,0x00000000,0
1901068288,0x00000000,0
1902116864,0x00000000,0
1903165440,0x00000000,0
1904214016,0x00000000,0
1905262592,0x00000000,0
1906311168,0x00000000,0
1907359744,0x00000000,0
1908408320,0x00000000,0
1909456896,0x00000000,0
1910505472,0x00000000,0
1911554048,0x00000000,0
1912602624,0x00000000,0
1913651200,0x00000000,0
1914699776,0x00000000,0
1915748352,0x00000000,0
1916796928,0x00000000,0
1917845504,0x00000000,0
1918894080,0x00000000,0
1919942656,0x00000000,0
1920991232,0x00000000,0
1922039808,0x00000000,0
1923088384,0x00000000,0
1924136960,0x00000000,0
1925185536,0x00000000,0
1926234112,0x00000000,0
1927282688,0x00000000,0
1928331264,0x00000000,0
1929379840,0x00000000,0
1930428416,0x00000000,0
1931476992,0x00000000,0
1932525568,0x00000000,0
1933574144,0x00000000,0
1934622720,0x00000000,0
1935671296,0x00000000,0
1936719872,0x00000000,0
1937768448,0x00000000,0
1938817024,0x00000000,0
1939865600,0x00000000,0
1940914176,0x00000000,0
1941962752,0x00000000,0
1943011328,0x00000000,0
1944059904,0x00000000,0
1945108480,0x00000000,0
1946157056,0x00000000,0
1947205632,0x00000000,0
1948254208,0x00000000,0
1949302784,0x00000000,0
1950351360,0x00000000,0
1951399936,0x00000000,0
1952448512,0x00000000,0
1953497088,0x00000000,0
1954545664,0x00000000,0
1955594240,0x00000000,0
1956642816,0x00000000,0
1957691392,0x00000000,0
1958739968,0x00000000,0
1959788544,0x00000000,0
1960837120,0x00000000,0
1961885696,0x00000000,0
1962934272,0x00000000,0
1963982848,0x00000000,0
1965031424,0x00000000,0
1966080000,0x00000000,0
1967128576,0x00000000,0
1968177152,0x00000000,0
1969225728,0x00000000,0
1970274304,0x00000000,0
1971322880,0x00000000,0
1972371456,0x00000000,0
1973420032,0x00000000,0
1974468608,0x00000000,0
1975517184,0x00000000,0
1976565760,0x00000000,0
1977614336,0x00000000,0
1978662912,0x00000000,0
1979711488,0x00000000,0
1980760064,0x00000000,0
1981808640,0x00000000,0
1982857216,0x00000000,0
1983905792,0x00000000,0
1984954368,0x00000000,0
1986002944,0x00000000,0
1987051520,0x00000000,0
1988100096,0x00000000,0
1989148672,0x00000000,0
1990197248,0x00000000,0
1991245824,0x00000000,0
1992294400,0x00000000,0
1993342976,0x00000000,0
1994391552,0x00000000,0
1995440128,0x00000000,0
1996488704,0x00000000,0
1997537280,0x00000000,0
1998585856,0x00000000,0
1999634432,0x00000000,0
2000683008,0x00000000,0
2001731584,0x00000000,0
2002780160,0x00000000,0
2003828736,0x00000000,0
2004877312,0x00000000,0
2005925888,0x00000000,0
2006974464,0x00000000,0
2008023040,0x00000000,0
2009071616,0x00000000,0
2010120192,0x00000000,0
2011168768,0x00000000,0
2012217344,0x00000000,0
2013265920,0x00000000,0
2014314496,0x00000000,0
2015363072,0x00000000,0
2016411648,0x00000000,0
2017460224,0x00000000,0
2018508800,0x00000000,0
2019557376,0x00000000,0
2020605952,0x00000000,0
2021654528,0x00000000,0
2022703104,0x00000000,0
2023751680,0x00000000,0
2024800256,0x00000000,0
2025848832,0x00000000,0
2026897408,0x00000000,0
2027945984,0x00000000,0
2028994560,0x00000000,0
2030043136,0x00000000,0
2031091712,0x00000000,0
2032140288,0x00000000,0
2033188864,0x00000000,0
2034237440,0x00000000,0
2035286016,0x00000000,0
2036334592,0x00000000,0
2037383168,0x00000000,0
2038431744,0x00000000,0
2039480320,0x00000000,0
2040528896,0x00000000,0
2041577472,0x00000000,0
2042626048,0x00000000,0
2043674624,0x00000000,0
2044723200,0x00000000,0
2045771776,0x00000000,0
2046820352,0x00000000,0
2047868928,0x00000000,0
2048917504,0x00000000,0
2049966080,0x00000000,0
2051014656,0x00000000,0
2052063232,0x00000000,0
2053111808,0x00000000,0
2054160384,0x00000000,0
2055208960,0x00000000,0
2056257536,0x00000000,0
2057306112,0x00000000,0
2058354688,0x00000000,0
2059403264,0x00000000,0
2060451840,0x00000000,0
2061500416,0x00000000,0
2062548992,0x00000000,0
2063597568,0x00000000,0
2064646144,0x00000000,0
2065694720,0x00000000,0
2066743296,0x00000000,0
2067791872,0x00000000,0
2068840448,0x00000000,0
2069889024,0x00000000,0
2070937600,0x00000000,0
2071986176,0x00000000,0
2073034752,0x00000000,0
2074083328,0x00000000,0
2075131904,0x00000000,0
2076180480,0x00000000,0
2077229056,0x00000000,0
2078277632,0x00000000,0
2079326208,0x00000000,0
2080374784,0x00000000,0
2081423360,0x00000000,0
2082471936,0x00000000,0
2083520512,0x00000000,0
2084569088,0x00000000,0
2085617664,0x00000000,0
2086666240,0x00000000,0
2087714816,0x00000000,0
2088763392,0x00000000,0
2089811968,0x00000000,0
2090860544,0x00000000,0
2091909120,0x00000000,0
2092957696,0x00000000,0
2094006272,0x00000000,0
2095054848,0x00000000,0
2096103424,0x00000000,0
2097152000,0x00000000,0
2098200576,0x00000000,0
2099249152,0x00000000,0
2100297728,0x00000000,0
2101346304,0x00000000,0
2102394880,0x00000000,0
2103443456,0x00000000,0
2104492032,0x00000000,0
2105540608,0x00000000,0
2106589184,0x00000000,0
2107637760,0x00000000,0
2108686336,0x00000000,0
2109734912,0x00000000,0
2110783488,0x00000000,0
2111832064,0x00000000,0
2112880640,0x00000000,0
2113929216,0x00000000,0
2114977792,0x00000000,0
2116026368,0x00000000,0
2117074944,0x00000000,0
2118123520,0x00000000,0
2119172096,0x00000000,0
2120220672,0x00000000,0
2121269248,0x00000000,0
2122317824,0x00000000,0
2123366400,0x00000000,0
2124414976,0x00000000,0
2125463552,0x00000000,0
2126512128,0x00000000,0
2127560704,0x00000000,0
2128609280,0x00000000,0
2129657856,0x00000000,0
2130706432,0x00000000,0
2131755008,0x00000000,0
2132803584,0x00000000,0
2133852160,0x00000000,0
2134900736,0x00000000,0
2135949312,0x00000000,0
2136997888,0x00000000,0
2138046464,0x00000000,0
2139095040,0x00000000,0
2140143616,0x00000000,0
2141192192,0x00000000,0
2142240768,0x00000000,0
2143289344,0x00000000,0
2144337920,0x00000000,0
2145386496,0x00000000,0
2146435072,0x00000000,0
