0,0x00000000,0
1,0x00000000,0
2,0x00000000,0
3,0x003a59d1,3824081
4,0x000009f3,2547
5,0x00000762,1890
6,0x00001669,5737
7,0x000033d9,13273
8,0x00008d26,36134
9,0x00002687,9863
10,0x000016f5,5877
11,0x00001655,5717
12,0x0000b14f,45391
13,0x000194d6,103638
14,0x0008f87a,587898
15,0x000274bc,160956
16,0x0001232e,74542
17,0x0000627f,25215
18,0x00003658,13912
19,0x00003abd,15037
20,0x00001b82,7042
21,0x00001852,6226
22,0x000018d0,6352
23,0x00001aa6,6822
24,0x000019d4,6612
25,0x000016c8,5832
26,0x00002086,8326
27,0x00001722,5922
28,0x000014dd,5341
29,0x0000159e,5534
30,0x00001bba,7098
31,0x00001aa3,6819
32,0x000012f5,4853
33,0x0000106d,4205
34,0x0000115e,4446
35,0x00002303,8963
36,0x00001ae8,6888
37,0x000014f3,5363
38,0x0000130b,4875
39,0x000013a6,5030
40,0x00001e59,7769
41,0x0000196e,6510
42,0x0000166d,5741
43,0x0000147e,5246
44,0x00002900,10496
45,0x00003e94,16020
46,0x000025b3,9651
47,0x000017c1,6081
48,0x00001af6,6902
49,0x00001f3e,7998
50,0x00001808,6152
51,0x0000178f,6031
52,0x00001b00,6912
53,0x00001cfb,7419
54,0x00001875,6261
55,0x000014fe,5374
56,0x00001446,5190
57,0x002ca699,2926233
58,0x0253c01c,39043100
59,0x070ab010,118140944
60,0x02d8aecd,47754957
61,0x00457f21,4554529
62,0x00114839,1132601
63,0x00023601,144897
64,0x0008c977,575863
65,0x0007c439,508985
66,0x00037056,225366
67,0x0003cb08,248584
68,0x00031565,202085
69,0x00024c54,150612
70,0x0000a078,41080
71,0x0000478d,18317
72,0x00003879,14457
73,0x0000209d,8349
74,0x00001a71,6769
75,0x000015a0,5536
76,0x00001f53,8019
77,0x00001f0d,7949
78,0x000016f0,5872
79,0x0000631e,25374
80,0x00015fbd,90045
81,0x0003cfe2,249826
82,0x00014071,82033
83,0x00008c18,35864
84,0x000014fd,5373
85,0x0000183a,6202
86,0x00001d60,7520
87,0x00001b68,7016
88,0x00001aa9,6825
89,0x0000184c,6220
90,0x00001d9a,7578
91,0x00001781,6017
92,0x00002d0a,11530
93,0x000158d9,88281
94,0x0003e556,255318
95,0x0003f9ad,260525
96,0x000376de,227038
97,0x0002e845,190533
98,0x0000ea65,60005
99,0x0000204b,8267
100,0x000019eb,6635
101,0x0000171f,5919
102,0x00001903,6403
103,0x00001cd9,7385
104,0x00002283,8835
105,0x000029b8,10680
106,0x00002357,9047
107,0x00001b7f,7039
108,0x00001b5d,7005
109,0x00001598,5528
110,0x00001330,4912
111,0x000014b5,5301
112,0x00001707,5895
113,0x000020c8,8392
114,0x00001a0f,6671
115,0x00001a01,6657
116,0x000024f1,9457
117,0x00002672,9842
118,0x000029b0,10672
119,0x00002237,8759
120,0x000014a9,5289
121,0x0000126a,4714
122,0x00001a75,6773
123,0x0000197d,6525
124,0x00001b37,6967
125,0x00001e65,7781
126,0x00001ef0,7920
127,0x00001ca5,7333
128,0x00001b1d,6941
129,0x00001803,6147
130,0x00001727,5927
131,0x00001b98,7064
132,0x000015d7,5591
133,0x0000156f,5487
134,0x00001718,5912
135,0x00001a99,6809
136,0x00001d33,7475
137,0x000017ba,6074
138,0x000015df,5599
139,0x000015e6,5606
140,0x00001a9a,6810
141,0x0000191d,6429
142,0x00001621,5665
143,0x000015a6,5542
144,0x0000163a,5690
145,0x00001943,6467
146,0x000014d3,5331
147,0x00001604,5636
148,0x00001703,5891
149,0x00001bc9,7113
150,0x00001759,5977
151,0x0000126b,4715
152,0x0000124c,4684
153,0x00001499,5273
154,0x00001fce,8142
155,0x000019b4,6580
156,0x00001453,5203
157,0x00001210,4624
158,0x0000144a,5194
159,0x00001e5b,7771
160,0x00001ab0,6832
161,0x000018f6,6390
162,0x000014da,5338
163,0x00001724,5924
164,0x000016ab,5803
165,0x00001794,6036
166,0x00001804,6148
167,0x000016d1,5841
168,0x000017b4,6068
169,0x000014de,5342
170,0x000015bd,5565
171,0x0000180b,6155
172,0x00001a86,6790
173,0x000018aa,6314
174,0x00001422,5154
175,0x00001448,5192
176,0x0000160b,5643
177,0x00001bd1,7121
178,0x000016df,5855
179,0x000015df,5599
180,0x00001481,5249
181,0x00001992,6546
182,0x00001990,6544
183,0x00001726,5926
184,0x000017d4,6100
185,0x000016a3,5795
186,0x00001b4d,6989
187,0x0000137a,4986
188,0x000013c0,5056
189,0x0000158b,5515
190,0x00001b2d,6957
191,0x00001ca7,7335
192,0x0000145d,5213
193,0x000012e8,4840
194,0x0000120b,4619
195,0x00001cc1,7361
196,0x00001d64,7524
197,0x000017a3,6051
198,0x00001368,4968
199,0x0000110a,4362
200,0x00001b36,6966
201,0x00001c5a,7258
202,0x0000188b,6283
203,0x000014d4,5332
204,0x00001505,5381
205,0x00001754,5972
206,0x0000187d,6269
207,0x00001914,6420
208,0x000017d3,6099
209,0x000018ef,6383
210,0x000014d7,5335
211,0x000016a7,5799
212,0x00001700,5888
213,0x0000196c,6508
214,0x00001abc,6844
215,0x00001568,5480
216,0x000014b5,5301
217,0x0000148e,5262
218,0x00001b2b,6955
219,0x00001849,6217
220,0x0000158f,5519
221,0x00001566,5478
222,0x00001732,5938
223,0x0000185a,6234
224,0x000016b3,5811
225,0x000016c5,5829
226,0x00001712,5906
227,0x00001ed5,7893
228,0x00001570,5488
229,0x0000147c,5244
230,0x00001538,5432
231,0x00001937,6455
232,0x00002025,8229
233,0x00001637,5687
234,0x00001435,5173
235,0x00001347,4935
236,0x000019ba,6586
237,0x000024f0,9456
238,0x00001ce8,7400
239,0x000018db,6363
240,0x000015bb,5563
241,0x00001be2,7138
242,0x0000222d,8749
243,0x00001da1,7585
244,0x00001a5b,6747
245,0x0000174c,5964
246,0x000017e1,6113
247,0x00001a0a,6666
248,0x00001b94,7060
249,0x00001a64,6756
250,0x00001c66,7270
251,0x000016ed,5869
252,0x000016e8,5864
253,0x000018e7,6375
254,0x00001ae9,6889
255,0x00001c88,7304
256,0x00001747,5959
257,0x0000166a,5738
258,0x0000162f,5679
259,0x00001b90,7056
260,0x00001bca,7114
261,0x00001874,6260
262,0x00001707,5895
263,0x00001765,5989
264,0x00001a9c,6812
265,0x00001a25,6693
266,0x0000189e,6302
267,0x000018d8,6360
268,0x00001de5,7653
269,0x00001a41,6721
270,0x00001715,5909
271,0x000016ea,5866
272,0x00001a59,6745
273,0x000023ab,9131
274,0x00001a18,6680
275,0x00001736,5942
276,0x0000149e,5278
277,0x00001759,5977
278,0x000023ec,9196
279,0x00001df8,7672
280,0x00001983,6531
281,0x000012e3,4835
282,0x000018af,6319
283,0x00001e08,7688
284,0x00001da6,7590
285,0x00001b86,7046
286,0x000017b6,6070
287,0x0000172d,5933
288,0x00001860,6240
289,0x00001b3b,6971
290,0x00001c70,7280
291,0x00001e3f,7743
292,0x0000179d,6045
293,0x00001771,6001
294,0x00001787,6023
295,0x00001b93,7059
296,0x00001f9c,8092
297,0x000018d1,6353
298,0x000016db,5851
299,0x000015c1,5569
300,0x00001afb,6907
301,0x00001b74,7028
302,0x000018f2,6386
303,0x000017f5,6133
304,0x0000181b,6171
305,0x0000195e,6494
306,0x00001799,6041
307,0x00001866,6246
308,0x0000194b,6475
309,0x00001bea,7146
310,0x00001a75,6773
311,0x00001657,5719
312,0x000016b4,5812
313,0x00001775,6005
314,0x00002532,9522
315,0x00001d0b,7435
316,0x000019dd,6621
317,0x00001721,5921
318,0x000016c7,5831
319,0x00002175,8565
320,0x00002210,8720
321,0x00001ecb,7883
322,0x00001883,6275
323,0x00001746,5958
324,0x00001b2d,6957
325,0x00001d56,7510
326,0x00001d4c,7500
327,0x00001bc0,7104
328,0x000019cf,6607
329,0x000016db,5851
330,0x0000195f,6495
331,0x00001bcd,7117
332,0x00002057,8279
333,0x000019e7,6631
334,0x000017ac,6060
335,0x000018a8,6312
336,0x00001956,6486
337,0x00001f68,8040
338,0x00001bb4,7092
339,0x000019f4,6644
340,0x00001841,6209
341,0x00001aa3,6819
342,0x00001b64,7012
343,0x00001a33,6707
344,0x00001ad7,6871
345,0x00001a3a,6714
346,0x00001f78,8056
347,0x000018f2,6386
348,0x000018f2,6386
349,0x00001a42,6722
350,0x00001dd0,7632
351,0x00001feb,8171
352,0x000019e7,6631
353,0x000018c4,6340
354,0x00001742,5954
355,0x00001fb0,8112
356,0x00001e9a,7834
357,0x00001ac7,6855
358,0x0000199b,6555
359,0x00001666,5734
360,0x00001bc3,7107
361,0x00001df4,7668
362,0x00001de9,7657
363,0x00001cd3,7379
364,0x00001797,6039
365,0x00001857,6231
366,0x00001ab2,6834
367,0x00001d28,7464
368,0x00001dfe,7678
369,0x00001cf2,7410
370,0x00001796,6038
371,0x000019ba,6586
372,0x00001c94,7316
373,0x0000220e,8718
374,0x00001e19,7705
375,0x000019c6,6598
376,0x00001a39,6713
377,0x00001b02,6914
378,0x00002234,8756
379,0x00001cd5,7381
380,0x00001ccf,7375
381,0x00001beb,7147
382,0x00001c5f,7263
383,0x00001e0c,7692
384,0x00001be7,7143
385,0x00001bec,7148
386,0x00001c7a,7290
387,0x000020cc,8396
388,0x00001bd8,7128
389,0x00001afb,6907
390,0x00001b29,6953
391,0x00001dc2,7618
392,0x0000217a,8570
393,0x00001bf1,7153
394,0x00001951,6481
395,0x000018b9,6329
396,0x00001e1d,7709
397,0x0000208f,8335
398,0x00001eca,7882
399,0x00001cd9,7385
400,0x00001947,6471
401,0x00001b5e,7006
402,0x00001f38,7992
403,0x00002281,8833
404,0x00002313,8979
405,0x00001bdd,7133
406,0x000018fe,6398
407,0x00001bbc,7100
408,0x00001e81,7809
409,0x00002184,8580
410,0x00002241,8769
411,0x00001735,5941
412,0x00001904,6404
413,0x00001b70,7024
414,0x00002106,8454
415,0x000020eb,8427
416,0x00001a60,6752
417,0x00001932,6450
418,0x00001972,6514
419,0x0000200f,8207
420,0x00001cb2,7346
421,0x00001bfe,7166
422,0x00001ae5,6885
423,0x00001bae,7086
424,0x00001c7e,7294
425,0x00001ab2,6834
426,0x00001bcb,7115
427,0x00001c09,7177
428,0x00001fdf,8159
429,0x00001ae6,6886
430,0x00001a1b,6683
431,0x00001acd,6861
432,0x00001c81,7297
433,0x00002415,9237
434,0x00001ce7,7399
435,0x00001b35,6965
436,0x00001973,6515
437,0x00001b58,7000
438,0x00002048,8264
439,0x00002192,8594
440,0x00001f73,8051
441,0x00001b8e,7054
442,0x000018c5,6341
443,0x00001b2f,6959
444,0x000021d4,8660
445,0x00002482,9346
446,0x00001f0a,7946
447,0x000015b6,5558
448,0x00001845,6213
449,0x00001c6b,7275
450,0x000020cf,8399
451,0x00002569,9577
452,0x0000182e,6190
453,0x00001738,5944
454,0x00001928,6440
455,0x00001f98,8088
456,0x00002245,8773
457,0x00001be7,7143
458,0x00001ab0,6832
459,0x000018af,6319
460,0x00001e5f,7775
461,0x00001d5d,7517
462,0x00001ce1,7393
463,0x00001c09,7177
464,0x00001b58,7000
465,0x00001d8a,7562
466,0x00001963,6499
467,0x00001ae0,6880
468,0x00001cd8,7384
469,0x00001f95,8085
470,0x00001cb6,7350
471,0x000018b5,6325
472,0x000018b8,6328
473,0x000019dc,6620
474,0x00002373,9075
475,0x00001dbd,7613
476,0x00001ba6,7078
477,0x00001931,6449
478,0x000017ec,6124
479,0x00001c9b,7323
480,0x000020b6,8374
481,0x00002044,8260
482,0x00001f2e,7982
483,0x00001882,6274
484,0x00001764,5988
485,0x00002324,8996
486,0x0000291e,10526
487,0x00002b70,11120
488,0x000019dc,6620
489,0x000015ef,5615
490,0x00001ae5,6885
491,0x00001fa2,8098
492,0x00002a4b,10827
493,0x00001bcd,7117
494,0x00001736,5942
495,0x00001808,6152
496,0x00001be6,7142
497,0x000023d1,9169
498,0x00001b82,7042
499,0x000019e0,6624
500,0x00001999,6553
501,0x00001ba0,7072
502,0x00001cd2,7378
503,0x00001b24,6948
504,0x00001b6c,7020
505,0x00001b33,6963
506,0x00001d94,7572
507,0x000017e3,6115
508,0x0000191d,6429
509,0x00001a80,6784
510,0x00001f25,7973
511,0x00001e03,7683
512,0x000018e3,6371
513,0x00001865,6245
514,0x0000186f,6255
515,0x00002007,8199
516,0x00001e79,7801
517,0x00001c3c,7228
518,0x00001b1b,6939
519,0x00001951,6481
520,0x00001a8f,6799
521,0x00001cac,7340
522,0x00001fd5,8149
523,0x0000218a,8586
524,0x00001c5f,7263
525,0x000014ac,5292
526,0x00001a88,6792
527,0x00001fd3,8147
528,0x000025fd,9725
529,0x00001df9,7673
530,0x00001614,5652
531,0x000018e3,6371
532,0x00001e16,7702
533,0x00002b14,11028
534,0x0000225b,8795
535,0x00001b5b,7003
536,0x00001ba5,7077
537,0x00001e26,7718
538,0x00002dcc,11724
539,0x00002059,8281
540,0x000020d1,8401
541,0x00001fc5,8133
542,0x00002268,8808
543,0x00002347,9031
544,0x0000210b,8459
545,0x000021ca,8650
546,0x000021b3,8627
547,0x000027bf,10175
548,0x00001f0a,7946
549,0x00001ee2,7906
550,0x00001fe6,8166
551,0x000025b8,9656
552,0x0000277d,10109
553,0x00002022,8226
554,0x00001fff,8191
555,0x00001e9f,7839
556,0x00002652,9810
557,0x000024c0,9408
558,0x00002438,9272
559,0x000022f2,8946
560,0x00002108,8456
561,0x00002223,8739
562,0x0000207d,8317
563,0x0000263e,9790
564,0x000029cb,10699
565,0x00002aef,10991
566,0x00001bbb,7099
567,0x00001ec6,7878
568,0x000025ef,9711
569,0x0000308f,12431
570,0x00003124,12580
571,0x00001d10,7440
572,0x00001d42,7490
573,0x000020fc,8444
574,0x00002f43,12099
575,0x00002cab,11435
576,0x00002173,8563
577,0x00001fe3,8163
578,0x00001f8d,8077
579,0x00002d3c,11580
580,0x000025ff,9727
581,0x000023c9,9161
582,0x000023cc,9164
583,0x0000261f,9759
584,0x0000279c,10140
585,0x000021f4,8692
586,0x000024dd,9437
587,0x000024d6,9430
588,0x00002c76,11382
589,0x00002372,9074
590,0x0000208d,8333
591,0x00002239,8761
592,0x00002646,9798
593,0x0000300f,12303
594,0x00002464,9316
595,0x0000237f,9087
596,0x0000228b,8843
597,0x000027ba,10170
598,0x00002857,10327
599,0x00002817,10263
600,0x00002902,10498
601,0x000027c9,10185
602,0x0000285b,10331
603,0x00001f99,8089
604,0x000025bf,9663
605,0x00002a58,10840
606,0x000032a9,12969
607,0x00002299,8857
608,0x00001bcb,7115
609,0x000021fd,8701
610,0x00002b5f,11103
611,0x000037a7,14247
612,0x000021ce,8654
613,0x00001e6d,7789
614,0x00001f83,8067
615,0x00002947,10567
616,0x000032a4,12964
617,0x0000258c,9612
618,0x00002387,9095
619,0x00002215,8725
620,0x00002d38,11576
621,0x00002a1e,10782
622,0x0000279a,10138
623,0x000027a8,10152
624,0x00002960,10592
625,0x00002dc1,11713
626,0x000023e3,9187
627,0x0000260a,9738
628,0x00002899,10393
629,0x000032ab,12971
630,0x00002bde,11230
631,0x000024b0,9392
632,0x000025af,9647
633,0x00002835,10293
634,0x000036f7,14071
635,0x00002b2f,11055
636,0x00002a3c,10812
637,0x00002939,10553
638,0x00002b4e,11086
639,0x00002b50,11088
640,0x00002b5c,11100
641,0x00002dd2,11730
642,0x00002eda,11994
643,0x00003245,12869
644,0x00002285,8837
645,0x00002708,9992
646,0x00002e27,11815
647,0x00003e7e,15998
648,0x000034d7,13527
649,0x00001fda,8154
650,0x00002517,9495
651,0x00002d5d,11613
652,0x000044d6,17622
653,0x00003246,12870
654,0x000026d0,9936
655,0x00002496,9366
656,0x000028b2,10418
657,0x00003c42,15426
658,0x00002eae,11950
659,0x00002a57,10839
660,0x00002729,10025
661,0x00003092,12434
662,0x00002e66,11878
663,0x00002b65,11109
664,0x00002cc0,11456
665,0x00002d99,11673
666,0x000035a9,13737
667,0x00002816,10262
668,0x00002821,10273
669,0x00002974,10612
670,0x0000340c,13324
671,0x0000355b,13659
672,0x00002939,10553
673,0x00002891,10385
674,0x000028e5,10469
675,0x0000394c,14668
676,0x00002fe4,12260
677,0x00002e12,11794
678,0x00002d36,11574
679,0x000030a8,12456
680,0x00002ec6,11974
681,0x00002c86,11398
682,0x0000313b,12603
683,0x00003419,13337
684,0x00003c9c,15516
685,0x0000268f,9871
686,0x00002549,9545
687,0x00002de1,11745
688,0x00003ef4,16116
689,0x00004664,18020
690,0x0000211d,8477
691,0x000022b3,8883
692,0x000027ee,10222
693,0x000041dd,16861
694,0x00003bec,15340
695,0x00002965,10597
696,0x00002550,9552
697,0x00002479,9337
698,0x00003d57,15703
699,0x000035c3,13763
700,0x00002e1f,11807
701,0x00002a59,10841
702,0x00002f98,12184
703,0x0000322b,12843
704,0x00002d01,11521
705,0x00002dca,11722
706,0x000031a5,12709
707,0x00003838,14392
708,0x000028e3,10467
709,0x000027c8,10184
710,0x000029bb,10683
711,0x00003090,12432
712,0x000038df,14559
713,0x00002a21,10785
714,0x0000277d,10109
715,0x000026ef,9967
716,0x00003457,13399
717,0x0000306d,12397
718,0x00002bb3,11187
719,0x00002baa,11178
720,0x00002db7,11703
721,0x00002cb0,11440
722,0x00002658,9816
723,0x00002c62,11362
724,0x00002f52,12114
725,0x000039f3,14835
726,0x0000272d,10029
727,0x00001f3f,7999
728,0x0000248a,9354
729,0x0000322b,12843
730,0x000052e8,21224
731,0x0000205c,8284
732,0x00001e18,7704
733,0x00001f8c,8076
734,0x000034e8,13544
735,0x00004209,16905
736,0x00002953,10579
737,0x0000238b,9099
738,0x00001f29,7977
739,0x00002ee1,12001
740,0x00003023,12323
741,0x00002ae0,10976
742,0x00002753,10067
743,0x00002662,9826
744,0x00002979,10617
745,0x000023f2,9202
746,0x00002533,9523
747,0x000026db,9947
748,0x0000309e,12446
749,0x00002262,8802
750,0x00001f85,8069
751,0x00002135,8501
752,0x0000255c,9564
753,0x000030c2,12482
754,0x00002369,9065
755,0x00002146,8518
756,0x0000209c,8348
757,0x000026e5,9957
758,0x000028fa,10490
759,0x0000244b,9291
760,0x000024c4,9412
761,0x0000260e,9742
762,0x00002816,10262
763,0x00001d9c,7580
764,0x00002147,8519
765,0x0000257a,9594
766,0x00003130,12592
767,0x000025f6,9718
768,0x00001987,6535
769,0x00001a9e,6814
770,0x00001f2f,7983
771,0x00004284,17028
772,0x00002233,8755
773,0x00001a39,6713
774,0x000018cf,6351
775,0x000020ca,8394
776,0x000031f4,12788
777,0x000022da,8922
778,0x00001f71,8049
779,0x00001af3,6899
780,0x00002296,8854
781,0x000025c7,9671
782,0x000021f7,8695
783,0x000021e2,8674
784,0x0000212b,8491
785,0x00002478,9336
786,0x00001e4d,7757
787,0x00001e8e,7822
788,0x00001f9c,8092
789,0x000028d6,10454
790,0x00002315,8981
791,0x00001d16,7446
792,0x00001c06,7174
793,0x00001dfd,7677
794,0x0000293e,10558
795,0x00001f41,8001
796,0x00001e24,7716
797,0x00001cfc,7420
798,0x0000205f,8287
799,0x000022ef,8943
800,0x00001e30,7728
801,0x00001f46,8006
802,0x00002025,8229
803,0x0000264e,9806
804,0x00001ad4,6868
805,0x00001bb6,7094
806,0x00001dbe,7614
807,0x00002799,10137
808,0x00002734,10036
809,0x00001a77,6775
810,0x000018b8,6328
811,0x0000193c,6460
812,0x00003152,12626
813,0x0000270e,9998
814,0x00001bc1,7105
815,0x00001926,6438
816,0x00001a8e,6798
817,0x00002b1e,11038
818,0x00002201,8705
819,0x00001e8f,7823
820,0x00001c64,7268
821,0x00001dbd,7613
822,0x000022c0,8896
823,0x00002015,8213
824,0x00001e5e,7774
825,0x00001ea1,7841
826,0x000023d7,9175
827,0x00001bde,7134
828,0x00001bf0,7152
829,0x00001c94,7316
830,0x00002150,8528
831,0x0000225f,8799
832,0x00001c10,7184
833,0x00001be4,7140
834,0x00001aad,6829
835,0x00002544,9540
836,0x00001ef9,7929
837,0x00001c1a,7194
838,0x00001c43,7235
839,0x00001f2a,7978
840,0x000022eb,8939
841,0x00001cd7,7383
842,0x00001dcc,7628
843,0x00001edb,7899
844,0x0000256b,9579
845,0x00001c3f,7231
846,0x00001a46,6726
847,0x00001b35,6965
848,0x000020b4,8372
849,0x000028cb,10443
850,0x00001c78,7288
851,0x00001881,6273
852,0x00001761,5985
853,0x0000252a,9514
854,0x00002724,10020
855,0x00001d32,7474
856,0x00001992,6546
857,0x000016f2,5874
858,0x000024ca,9418
859,0x0000206d,8301
860,0x00001e62,7778
861,0x00001c3b,7227
862,0x00001a83,6787
863,0x00001eb1,7857
864,0x00001c87,7303
865,0x00001dff,7679
866,0x00001ce9,7401
867,0x00002377,9079
868,0x00001c03,7171
869,0x00001a2c,6700
870,0x00001bdb,7131
871,0x00001f49,8009
872,0x000022e8,8936
873,0x00001c52,7250
874,0x00001a24,6692
875,0x00001a24,6692
876,0x000021e3,8675
877,0x00001eab,7851
878,0x00001c32,7218
879,0x00001ab6,6838
880,0x00001b86,7046
881,0x0000207f,8319
882,0x00001a7f,6783
883,0x00001abf,6847
884,0x00001bea,7146
885,0x0000222b,8747
886,0x00001c48,7240
887,0x000017e9,6121
888,0x00001804,6148
889,0x00001b2b,6955
890,0x000027f4,10228
891,0x00001e64,7780
892,0x00001813,6163
893,0x000015eb,5611
894,0x00001c95,7317
895,0x00002828,10280
896,0x00002079,8313
897,0x00001ac5,6853
898,0x00001665,5733
899,0x00001ee7,7911
900,0x00001fb1,8113
901,0x00001ec4,7876
902,0x00001e45,7749
903,0x00001b5e,7006
904,0x00001d02,7426
905,0x00001b97,7063
906,0x00001c55,7253
907,0x00001d7d,7549
908,0x000022bf,8895
909,0x00001cd4,7380
910,0x0000196b,6507
911,0x0000193e,6462
912,0x00001c47,7239
913,0x0000236c,9068
914,0x00001c6e,7278
915,0x00001a2b,6699
916,0x000018cf,6351
917,0x00001e66,7782
918,0x00001f95,8085
919,0x00001c92,7314
920,0x00001c96,7318
921,0x00001bc7,7111
922,0x000022ae,8878
923,0x00001a6f,6767
924,0x00001c3b,7227
925,0x00001da7,7591
926,0x00002462,9314
927,0x000022b5,8885
928,0x00001909,6409
929,0x000018af,6319
930,0x0000195a,6490
931,0x000028a8,10408
932,0x00002513,9491
933,0x00001c77,7287
934,0x00001756,5974
935,0x00001775,6005
936,0x00002874,10356
937,0x000023e4,9188
938,0x00001f1f,7967
939,0x0000185d,6237
940,0x00001c26,7206
941,0x00001f72,8050
942,0x000020bb,8379
943,0x0000208d,8333
944,0x00001eb6,7862
945,0x00001f44,8004
946,0x00001b70,7024
947,0x00001c4c,7244
948,0x00001ddc,7644
949,0x0000226e,8814
950,0x00002074,8308
951,0x00001b33,6963
952,0x00001a4a,6730
953,0x00001b5e,7006
954,0x00002604,9732
955,0x00001e7a,7802
956,0x00001cca,7370
957,0x00001ac5,6853
958,0x00001de8,7656
959,0x00002004,8196
960,0x00001e37,7735
961,0x00001def,7663
962,0x00001cfe,7422
963,0x000024d0,9424
964,0x00001a88,6792
965,0x00001a9e,6814
966,0x00001b97,7063
967,0x0000219d,8605
968,0x00002763,10083
969,0x00001af6,6902
970,0x0000187b,6267
971,0x00001889,6281
972,0x00002393,9107
973,0x00002918,10520
974,0x00001fa1,8097
975,0x00001a03,6659
976,0x0000157a,5498
977,0x000023c0,9152
978,0x00002846,10310
979,0x000022e8,8936
980,0x00001c8b,7307
981,0x00001c1f,7199
982,0x00001db5,7605
983,0x00002049,8265
984,0x000021e1,8673
985,0x00002049,8265
986,0x0000213b,8507
987,0x0000191c,6428
988,0x00001bc3,7107
989,0x00001db4,7604
990,0x000021e5,8677
991,0x00002147,8519
992,0x00001b94,7060
993,0x00001ad4,6868
994,0x00001a0a,6666
995,0x00002348,9032
996,0x00001f01,7937
997,0x00001be5,7141
998,0x00001b60,7008
999,0x00001c64,7268
1000,0x00001fad,8109
1001,0x00001c78,7288
1002,0x00001c30,7216
1003,0x00001c37,7223
1004,0x000021f0,8688
1005,0x00001c97,7319
1006,0x000019c6,6598
1007,0x000019fb,6651
1008,0x00001d3c,7484
1009,0x000027bd,10173
1010,0x00001cf3,7411
1011,0x00001980,6528
1012,0x000018cf,6351
1013,0x00001d6b,7531
1014,0x0000274a,10058
1015,0x00002047,8263
1016,0x00001b55,6997
1017,0x0000160c,5644
1018,0x00001d5a,7514
1019,0x00002224,8740
1020,0x00001fc0,8128
1021,0x00001d75,7541
1022,0x00001a5a,6746
1023,0x000019a5,6565
0,0x00000000,0
1024,0x00445b4e,4479822
2048,0x0033ad41,3386689
3072,0x00254deb,2444779
4096,0x001c6bea,1862634
5120,0x0015ae87,1420935
6144,0x001040b4,1065140
7168,0x000b6d03,748803
8192,0x00085230,545328
9216,0x000550b6,348342
10240,0x00043eeb,278251
11264,0x0002fd4c,195916
12288,0x0001954b,103755
13312,0x00010a10,68112
14336,0x0000cb3e,52030
15360,0x0000a295,41621
16384,0x00008c25,35877
17408,0x00007d28,32040
18432,0x0000721d,29213
19456,0x00006928,26920
20480,0x0000637d,25469
21504,0x00005d51,23889
22528,0x000058de,22750
23552,0x00005488,21640
24576,0x00004f75,20341
25600,0x00004bd9,19417
26624,0x000048ea,18666
27648,0x000046c1,18113
28672,0x00004581,17793
29696,0x00004266,16998
30720,0x00004090,16528
31744,0x00003d31,15665
32768,0x0000391b,14619
33792,0x000035db,13787
34816,0x00003141,12609
35840,0x00002e84,11908
36864,0x00002c5c,11356
37888,0x00002a13,10771
38912,0x000027c8,10184
39936,0x00002671,9841
40960,0x000024c5,9413
41984,0x0000233c,9020
43008,0x0000227a,8826
44032,0x0000228d,8845
45056,0x00002211,8721
46080,0x000022ac,8876
47104,0x000023b6,9142
48128,0x000023e2,9186
49152,0x00002192,8594
50176,0x00002098,8344
51200,0x000020f2,8434
52224,0x000020b6,8374
53248,0x00001ee3,7907
54272,0x00001ccf,7375
55296,0x000019d5,6613
56320,0x000016de,5854
57344,0x000013b7,5047
58368,0x00000f98,3992
59392,0x00000b7a,2938
60416,0x000006ee,1774
61440,0x00000443,1091
62464,0x000002d2,722
63488,0x000001f6,502
64512,0x00000167,359
65536,0x0000013e,318
66560,0x0000010d,269
67584,0x00000108,264
68608,0x000000d5,213
69632,0x000000da,218
70656,0x000000d1,209
71680,0x000000c0,192
72704,0x000000ca,202
73728,0x000000ab,171
74752,0x000000d4,212
75776,0x000000d3,211
76800,0x00000103,259
77824,0x000000fa,250
78848,0x0000014e,334
79872,0x000002c6,710
80896,0x0000070d,1805
81920,0x00000ee5,3813
82944,0x00001972,6514
83968,0x000022f4,8948
84992,0x00002a68,10856
86016,0x0000311a,12570
87040,0x0000378a,14218
88064,0x00003d51,15697
89088,0x00003f4f,16207
90112,0x00003d3b,15675
91136,0x000036f6,14070
92160,0x000030fd,12541
93184,0x00002bab,11179
94208,0x00002554,9556
95232,0x0000217a,8570
96256,0x00001d7a,7546
97280,0x00001934,6452
98304,0x0000155c,5468
99328,0x00001181,4481
100352,0x00000e9a,3738
101376,0x00000bae,2990
102400,0x00000900,2304
103424,0x00000709,1801
104448,0x00000552,1362
105472,0x00000420,1056
106496,0x0000030e,782
107520,0x00000250,592
108544,0x000001a1,417
109568,0x0000015a,346
110592,0x000000fc,252
111616,0x000000c9,201
112640,0x00000094,148
113664,0x0000007f,127
114688,0x00000051,81
115712,0x00000062,98
116736,0x00000047,71
117760,0x0000003f,63
118784,0x00000036,54
119808,0x00000024,36
120832,0x00000023,35
121856,0x0000001d,29
122880,0x00000010,16
123904,0x00000022,34
124928,0x00000019,25
125952,0x00000010,16
126976,0x00000011,17
128000,0x00000016,22
129024,0x00000011,17
130048,0x0000000e,14
131072,0x00000010,16
132096,0x0000000a,10
133120,0x00000007,7
134144,0x0000000d,13
135168,0x0000000f,15
136192,0x00000009,9
137216,0x00000008,8
138240,0x00000007,7
139264,0x0000000b,11
140288,0x00000007,7
141312,0x00000006,6
142336,0x00000008,8
143360,0x00000009,9
144384,0x00000005,5
145408,0x00000009,9
146432,0x00000009,9
147456,0x00000009,9
148480,0x0000000e,14
149504,0x0000000c,12
150528,0x0000000d,13
151552,0x00000013,19
152576,0x0000000a,10
153600,0x0000000e,14
154624,0x00000012,18
155648,0x0000000e,14
156672,0x00000004,4
157696,0x0000000e,14
158720,0x00000006,6
159744,0x00000007,7
160768,0x00000009,9
161792,0x00000006,6
162816,0x0000000a,10
163840,0x00000009,9
164864,0x00000008,8
165888,0x0000000a,10
166912,0x00000008,8
167936,0x00000008,8
168960,0x00000005,5
169984,0x0000000b,11
171008,0x00000006,6
172032,0x00000003,3
173056,0x00000004,4
174080,0x0000000c,12
175104,0x0000000a,10
176128,0x00000002,2
177152,0x00000005,5
178176,0x00000008,8
179200,0x0000000a,10
180224,0x00000005,5
181248,0x00000008,8
182272,0x00000006,6
183296,0x00000006,6
184320,0x00000009,9
185344,0x00000007,7
186368,0x0000000b,11
187392,0x00000006,6
188416,0x00000008,8
189440,0x00000008,8
190464,0x00000007,7
191488,0x00000005,5
192512,0x00000005,5
193536,0x00000009,9
194560,0x00000009,9
195584,0x0000000d,13
196608,0x0000000a,10
197632,0x0000000c,12
198656,0x0000000c,12
199680,0x00000012,18
200704,0x00000006,6
201728,0x00000008,8
202752,0x0000000a,10
203776,0x0000000b,11
204800,0x0000000a,10
205824,0x00000003,3
206848,0x00000004,4
207872,0x00000008,8
208896,0x00000009,9
209920,0x00000007,7
210944,0x00000004,4
211968,0x00000004,4
212992,0x00000005,5
214016,0x00000007,7
215040,0x00000008,8
216064,0x00000008,8
217088,0x00000004,4
218112,0x00000005,5
219136,0x00000004,4
220160,0x00000007,7
221184,0x00000005,5
222208,0x00000006,6
223232,0x00000002,2
224256,0x00000003,3
225280,0x00000005,5
226304,0x00000005,5
227328,0x00000004,4
228352,0x00000005,5
229376,0x00000002,2
230400,0x00000009,9
231424,0x00000006,6
232448,0x0000000c,12
233472,0x00000005,5
234496,0x0000000a,10
235520,0x00000007,7
236544,0x0000000c,12
237568,0x00000005,5
238592,0x00000007,7
239616,0x00000006,6
240640,0x00000002,2
241664,0x00000005,5
242688,0x00000008,8
243712,0x00000003,3
244736,0x00000006,6
245760,0x00000008,8
246784,0x00000005,5
247808,0x00000005,5
248832,0x00000004,4
249856,0x0000000a,10
250880,0x00000005,5
251904,0x0000000b,11
252928,0x0000000a,10
253952,0x00000006,6
254976,0x00000009,9
256000,0x00000005,5
257024,0x00000004,4
258048,0x00000006,6
259072,0x00000006,6
260096,0x00000005,5
261120,0x00000006,6
262144,0x0000000c,12
263168,0x0000000d,13
264192,0x0000000d,13
265216,0x00000014,20
266240,0x0000000c,12
267264,0x0000000a,10
268288,0x00000009,9
269312,0x0000000d,13
270336,0x0000000a,10
271360,0x00000008,8
272384,0x0000000d,13
273408,0x0000000b,11
274432,0x0000000f,15
275456,0x0000000d,13
276480,0x0000000b,11
277504,0x0000000c,12
278528,0x00000014,20
279552,0x0000000c,12
280576,0x00000008,8
281600,0x00000007,7
282624,0x0000000c,12
283648,0x00000008,8
284672,0x0000000e,14
285696,0x0000000d,13
286720,0x0000000a,10
287744,0x00000005,5
288768,0x00000006,6
289792,0x00000006,6
290816,0x00000008,8
291840,0x00000010,16
292864,0x0000000b,11
293888,0x0000000b,11
294912,0x00000014,20
295936,0x00000010,16
296960,0x0000000b,11
297984,0x0000000c,12
299008,0x00000011,17
300032,0x00000006,6
301056,0x00000009,9
302080,0x00000009,9
303104,0x00000007,7
304128,0x0000000b,11
305152,0x00000009,9
306176,0x00000008,8
307200,0x00000006,6
308224,0x00000006,6
309248,0x00000005,5
310272,0x00000008,8
311296,0x00000004,4
312320,0x0000000b,11
313344,0x00000006,6
314368,0x00000002,2
315392,0x00000005,5
316416,0x00000001,1
317440,0x00000003,3
318464,0x00000008,8
319488,0x00000002,2
320512,0x00000008,8
321536,0x00000001,1
322560,0x00000002,2
323584,0x00000004,4
324608,0x00000005,5
325632,0x00000004,4
326656,0x00000004,4
327680,0x00000001,1
328704,0x00000006,6
329728,0x00000003,3
330752,0x00000007,7
331776,0x00000004,4
332800,0x0000000b,11
333824,0x00000005,5
334848,0x0000000a,10
335872,0x00000006,6
336896,0x00000004,4
337920,0x00000006,6
338944,0x00000007,7
339968,0x00000003,3
340992,0x00000004,4
342016,0x00000008,8
343040,0x00000006,6
344064,0x00000005,5
345088,0x00000006,6
346112,0x00000004,4
347136,0x00000003,3
348160,0x00000006,6
349184,0x00000000,0
350208,0x00000000,0
351232,0x00000004,4
352256,0x00000000,0
353280,0x00000000,0
354304,0x00000004,4
355328,0x00000001,1
356352,0x00000000,0
357376,0x00000004,4
358400,0x00000000,0
359424,0x00000003,3
360448,0x00000005,5
361472,0x00000000,0
362496,0x00000002,2
363520,0x00000003,3
364544,0x00000002,2
365568,0x00000002,2
366592,0x00000002,2
367616,0x00000008,8
368640,0x00000006,6
369664,0x00000007,7
370688,0x00000006,6
371712,0x00000005,5
372736,0x00000006,6
373760,0x00000005,5
374784,0x00000007,7
375808,0x00000004,4
376832,0x00000004,4
377856,0x00000002,2
378880,0x00000002,2
379904,0x00000002,2
380928,0x00000002,2
381952,0x00000002,2
382976,0x00000003,3
384000,0x00000004,4
385024,0x00000004,4
386048,0x00000006,6
387072,0x00000005,5
388096,0x00000002,2
389120,0x00000001,1
390144,0x00000007,7
391168,0x00000002,2
392192,0x00000003,3
393216,0x00000003,3
394240,0x00000003,3
395264,0x00000002,2
396288,0x00000002,2
397312,0x00000002,2
398336,0x00000002,2
399360,0x00000004,4
400384,0x00000006,6
401408,0x00000002,2
402432,0x00000005,5
403456,0x00000003,3
404480,0x00000003,3
405504,0x00000003,3
406528,0x00000004,4
407552,0x00000004,4
408576,0x00000007,7
409600,0x00000004,4
410624,0x00000002,2
411648,0x00000002,2
412672,0x00000004,4
413696,0x00000003,3
414720,0x00000004,4
415744,0x00000006,6
416768,0x00000001,1
417792,0x00000004,4
418816,0x00000002,2
419840,0x00000004,4
420864,0x00000005,5
421888,0x00000006,6
422912,0x00000006,6
423936,0x00000001,1
424960,0x00000004,4
425984,0x00000006,6
427008,0x0000000f,15
428032,0x00000004,4
429056,0x00000005,5
430080,0x00000006,6
431104,0x00000005,5
432128,0x00000002,2
433152,0x00000001,1
434176,0x00000001,1
435200,0x00000000,0
436224,0x00000002,2
437248,0x00000004,4
438272,0x00000003,3
439296,0x00000004,4
440320,0x00000002,2
441344,0x00000006,6
442368,0x00000004,4
443392,0x00000002,2
444416,0x00000004,4
445440,0x00000006,6
446464,0x00000005,5
447488,0x00000003,3
448512,0x00000001,1
449536,0x00000003,3
450560,0x00000002,2
451584,0x00000005,5
452608,0x00000004,4
453632,0x00000003,3
454656,0x00000006,6
455680,0x00000006,6
456704,0x00000001,1
457728,0x00000006,6
458752,0x00000009,9
459776,0x00000003,3
460800,0x00000006,6
461824,0x00000004,4
462848,0x00000002,2
463872,0x00000003,3
464896,0x00000003,3
465920,0x00000006,6
466944,0x00000003,3
467968,0x00000004,4
468992,0x00000001,1
470016,0x00000001,1
471040,0x00000002,2
472064,0x00000004,4
473088,0x00000000,0
474112,0x00000004,4
475136,0x00000001,1
476160,0x00000004,4
477184,0x00000002,2
478208,0x00000001,1
479232,0x00000000,0
480256,0x00000001,1
481280,0x00000000,0
482304,0x00000001,1
483328,0x00000001,1
484352,0x00000001,1
485376,0x00000005,5
486400,0x00000002,2
487424,0x00000001,1
488448,0x00000002,2
489472,0x00000000,0
490496,0x00000001,1
491520,0x00000004,4
492544,0x00000003,3
493568,0x00000003,3
494592,0x00000002,2
495616,0x00000005,5
496640,0x00000002,2
497664,0x00000004,4
498688,0x00000004,4
499712,0x0000000b,11
500736,0x00000009,9
501760,0x00000008,8
502784,0x00000007,7
503808,0x00000007,7
504832,0x00000008,8
505856,0x00000004,4
506880,0x00000004,4
507904,0x00000003,3
508928,0x00000003,3
509952,0x00000001,1
510976,0x00000002,2
512000,0x00000002,2
513024,0x00000001,1
514048,0x00000003,3
515072,0x00000002,2
516096,0x00000001,1
517120,0x00000002,2
518144,0x00000004,4
519168,0x00000003,3
520192,0x00000001,1
521216,0x00000001,1
522240,0x00000000,0
523264,0x00000002,2
524288,0x00000003,3
525312,0x00000004,4
526336,0x00000003,3
527360,0x00000001,1
528384,0x00000002,2
529408,0x00000003,3
530432,0x00000002,2
531456,0x00000001,1
532480,0x00000002,2
533504,0x00000002,2
534528,0x00000001,1
535552,0x00000003,3
536576,0x00000001,1
537600,0x00000002,2
538624,0x00000002,2
539648,0x00000004,4
540672,0x00000000,0
541696,0x00000002,2
542720,0x00000003,3
543744,0x00000000,0
544768,0x00000002,2
545792,0x00000002,2
546816,0x00000003,3
547840,0x00000002,2
548864,0x00000000,0
549888,0x00000002,2
550912,0x00000002,2
551936,0x00000003,3
552960,0x00000001,1
553984,0x00000000,0
555008,0x00000002,2
556032,0x00000005,5
557056,0x00000003,3
558080,0x00000000,0
559104,0x00000002,2
560128,0x00000003,3
561152,0x00000001,1
562176,0x00000000,0
563200,0x00000000,0
564224,0x00000002,2
565248,0x00000004,4
566272,0x00000002,2
567296,0x00000002,2
568320,0x00000002,2
569344,0x00000002,2
570368,0x00000000,0
571392,0x00000000,0
572416,0x00000002,2
573440,0x00000000,0
574464,0x00000003,3
575488,0x00000000,0
576512,0x00000003,3
577536,0x00000001,1
578560,0x00000005,5
579584,0x00000002,2
580608,0x00000002,2
581632,0x00000005,5
582656,0x00000005,5
583680,0x00000001,1
584704,0x00000005,5
585728,0x00000003,3
586752,0x00000006,6
587776,0x00000002,2
588800,0x00000001,1
589824,0x00000002,2
590848,0x00000002,2
591872,0x00000003,3
592896,0x00000004,4
593920,0x00000003,3
594944,0x00000002,2
595968,0x00000007,7
596992,0x00000002,2
598016,0x00000000,0
599040,0x00000003,3
600064,0x00000005,5
601088,0x00000001,1
602112,0x00000003,3
603136,0x00000003,3
604160,0x00000003,3
605184,0x00000004,4
606208,0x00000002,2
607232,0x00000002,2
608256,0x00000000,0
609280,0x00000001,1
610304,0x00000001,1
611328,0x00000001,1
612352,0x00000002,2
613376,0x00000001,1
614400,0x00000004,4
615424,0x00000001,1
616448,0x00000005,5
617472,0x00000003,3
618496,0x00000002,2
619520,0x00000005,5
620544,0x00000002,2
621568,0x00000001,1
622592,0x00000000,0
623616,0x00000002,2
624640,0x00000002,2
625664,0x00000001,1
626688,0x00000002,2
627712,0x00000000,0
628736,0x00000004,4
629760,0x00000000,0
630784,0x00000004,4
631808,0x00000001,1
632832,0x00000002,2
633856,0x00000001,1
634880,0x00000004,4
635904,0x00000003,3
636928,0x00000003,3
637952,0x00000002,2
638976,0x00000000,0
640000,0x00000001,1
641024,0x00000003,3
642048,0x00000003,3
643072,0x00000001,1
644096,0x00000001,1
645120,0x00000001,1
646144,0x00000004,4
647168,0x00000002,2
648192,0x00000003,3
649216,0x00000002,2
650240,0x00000001,1
651264,0x00000002,2
652288,0x00000001,1
653312,0x00000000,0
654336,0x00000001,1
655360,0x00000001,1
656384,0x00000002,2
657408,0x00000001,1
658432,0x00000003,3
659456,0x00000003,3
660480,0x00000001,1
661504,0x00000001,1
662528,0x00000002,2
663552,0x00000003,3
664576,0x00000001,1
665600,0x00000001,1
666624,0x00000001,1
667648,0x00000000,0
668672,0x00000001,1
669696,0x00000001,1
670720,0x00000000,0
671744,0x00000001,1
672768,0x00000001,1
673792,0x00000002,2
674816,0x00000001,1
675840,0x00000005,5
676864,0x00000002,2
677888,0x00000002,2
678912,0x00000005,5
679936,0x00000004,4
680960,0x00000000,0
681984,0x00000001,1
683008,0x00000005,5
684032,0x00000003,3
685056,0x00000002,2
686080,0x00000002,2
687104,0x00000005,5
688128,0x00000004,4
689152,0x00000001,1
690176,0x00000003,3
691200,0x00000000,0
692224,0x00000001,1
693248,0x00000000,0
694272,0x00000001,1
695296,0x00000001,1
696320,0x00000001,1
697344,0x00000002,2
698368,0x00000001,1
699392,0x00000000,0
700416,0x00000000,0
701440,0x00000002,2
702464,0x00000002,2
703488,0x00000000,0
704512,0x00000003,3
705536,0x00000002,2
706560,0x00000003,3
707584,0x00000002,2
708608,0x00000001,1
709632,0x00000002,2
710656,0x00000000,0
711680,0x00000001,1
712704,0x00000002,2
713728,0x00000000,0
714752,0x00000002,2
715776,0x00000002,2
716800,0x00000002,2
717824,0x00000001,1
718848,0x00000001,1
719872,0x00000001,1
720896,0x00000004,4
721920,0x00000000,0
722944,0x00000002,2
723968,0x00000004,4
724992,0x00000002,2
726016,0x00000001,1
727040,0x00000001,1
728064,0x00000002,2
729088,0x00000003,3
730112,0x00000004,4
731136,0x00000000,0
732160,0x00000001,1
733184,0x00000001,1
734208,0x00000002,2
735232,0x00000000,0
736256,0x00000001,1
737280,0x00000001,1
738304,0x00000000,0
739328,0x00000000,0
740352,0x00000002,2
741376,0x00000000,0
742400,0x00000000,0
743424,0x00000002,2
744448,0x00000000,0
745472,0x00000003,3
746496,0x00000000,0
747520,0x00000001,1
748544,0x00000000,0
749568,0x00000004,4
750592,0x00000002,2
751616,0x00000002,2
752640,0x00000001,1
753664,0x00000003,3
754688,0x00000003,3
755712,0x00000003,3
756736,0x00000001,1
757760,0x00000001,1
758784,0x00000002,2
759808,0x00000003,3
760832,0x00000002,2
761856,0x00000003,3
762880,0x00000004,4
763904,0x00000001,1
764928,0x00000004,4
765952,0x00000004,4
766976,0x00000001,1
768000,0x00000002,2
769024,0x00000001,1
770048,0x00000002,2
771072,0x00000003,3
772096,0x00000004,4
773120,0x00000004,4
774144,0x00000002,2
775168,0x00000002,2
776192,0x00000002,2
777216,0x00000005,5
778240,0x00000003,3
779264,0x00000000,0
780288,0x00000002,2
781312,0x00000004,4
782336,0x00000002,2
783360,0x00000006,6
784384,0x00000001,1
785408,0x00000007,7
786432,0x00000002,2
787456,0x00000007,7
788480,0x00000001,1
789504,0x00000001,1
790528,0x00000001,1
791552,0x00000002,2
792576,0x00000002,2
793600,0x00000001,1
794624,0x00000003,3
795648,0x00000003,3
796672,0x00000002,2
797696,0x00000003,3
798720,0x00000003,3
799744,0x00000000,0
800768,0x00000002,2
801792,0x00000005,5
802816,0x00000007,7
803840,0x00000003,3
804864,0x00000002,2
805888,0x00000004,4
806912,0x00000001,1
807936,0x00000001,1
808960,0x00000003,3
809984,0x00000003,3
811008,0x00000000,0
812032,0x00000004,4
813056,0x00000006,6
814080,0x00000004,4
815104,0x00000002,2
816128,0x00000002,2
817152,0x00000000,0
818176,0x00000003,3
819200,0x00000001,1
820224,0x00000001,1
821248,0x00000001,1
822272,0x00000001,1
823296,0x00000002,2
824320,0x00000001,1
825344,0x00000002,2
826368,0x00000004,4
827392,0x00000001,1
828416,0x00000002,2
829440,0x00000004,4
830464,0x00000002,2
831488,0x00000005,5
832512,0x00000000,0
833536,0x00000005,5
834560,0x00000002,2
835584,0x00000004,4
836608,0x00000005,5
837632,0x00000002,2
838656,0x00000004,4
839680,0x00000003,3
840704,0x00000002,2
841728,0x00000005,5
842752,0x00000002,2
843776,0x00000005,5
844800,0x00000002,2
845824,0x00000006,6
846848,0x00000002,2
847872,0x00000004,4
848896,0x00000003,3
849920,0x00000001,1
850944,0x00000001,1
851968,0x00000001,1
852992,0x00000000,0
854016,0x00000004,4
855040,0x00000000,0
856064,0x00000002,2
857088,0x00000004,4
858112,0x00000002,2
859136,0x00000001,1
860160,0x00000001,1
861184,0x00000001,1
862208,0x00000003,3
863232,0x00000000,0
864256,0x00000001,1
865280,0x00000001,1
866304,0x00000002,2
867328,0x00000002,2
868352,0x00000003,3
869376,0x00000001,1
870400,0x00000006,6
871424,0x00000006,6
872448,0x00000001,1
873472,0x00000001,1
874496,0x00000007,7
875520,0x00000004,4
876544,0x00000001,1
877568,0x00000001,1
878592,0x00000002,2
879616,0x00000005,5
880640,0x00000003,3
881664,0x00000001,1
882688,0x00000000,0
883712,0x00000000,0
884736,0x00000007,7
885760,0x00000004,4
886784,0x00000003,3
887808,0x00000002,2
888832,0x00000005,5
889856,0x00000004,4
890880,0x00000004,4
891904,0x00000006,6
892928,0x00000003,3
893952,0x00000002,2
894976,0x00000003,3
896000,0x00000003,3
897024,0x00000001,1
898048,0x00000001,1
899072,0x00000004,4
900096,0x00000004,4
901120,0x00000002,2
902144,0x00000004,4
903168,0x00000003,3
904192,0x00000001,1
905216,0x00000001,1
906240,0x00000001,1
907264,0x00000001,1
908288,0x00000003,3
909312,0x00000000,0
910336,0x00000006,6
911360,0x00000003,3
912384,0x00000002,2
913408,0x00000002,2
914432,0x00000002,2
915456,0x00000004,4
916480,0x00000002,2
917504,0x00000000,0
918528,0x00000003,3
919552,0x00000001,1
920576,0x00000001,1
921600,0x00000002,2
922624,0x00000002,2
923648,0x00000001,1
924672,0x00000002,2
925696,0x00000005,5
926720,0x00000002,2
927744,0x00000002,2
928768,0x00000002,2
929792,0x00000000,0
930816,0x00000004,4
931840,0x00000001,1
932864,0x00000002,2
933888,0x00000000,0
934912,0x00000000,0
935936,0x00000002,2
936960,0x00000003,3
937984,0x00000001,1
939008,0x00000003,3
940032,0x00000002,2
941056,0x00000005,5
942080,0x00000003,3
943104,0x00000004,4
944128,0x00000001,1
945152,0x00000003,3
946176,0x00000001,1
947200,0x00000001,1
948224,0x00000003,3
949248,0x00000005,5
950272,0x00000002,2
951296,0x00000001,1
952320,0x00000004,4
953344,0x00000002,2
954368,0x00000005,5
955392,0x00000002,2
956416,0x00000007,7
957440,0x00000003,3
958464,0x00000001,1
959488,0x00000004,4
960512,0x00000003,3
961536,0x00000006,6
962560,0x00000007,7
963584,0x00000003,3
964608,0x00000005,5
965632,0x00000004,4
966656,0x00000005,5
967680,0x00000005,5
968704,0x00000004,4
969728,0x00000007,7
970752,0x00000003,3
971776,0x00000004,4
972800,0x00000006,6
973824,0x00000004,4
974848,0x00000002,2
975872,0x00000006,6
976896,0x00000001,1
977920,0x00000002,2
978944,0x00000002,2
979968,0x00000001,1
980992,0x00000002,2
982016,0x00000000,0
983040,0x00000003,3
984064,0x00000001,1
985088,0x00000002,2
986112,0x00000003,3
987136,0x00000001,1
988160,0x00000002,2
989184,0x00000000,0
990208,0x00000001,1
991232,0x00000001,1
992256,0x00000000,0
993280,0x00000001,1
994304,0x00000004,4
995328,0x00000001,1
996352,0x00000004,4
997376,0x00000003,3
998400,0x00000000,0
999424,0x00000001,1
1000448,0x00000001,1
1001472,0x00000001,1
1002496,0x00000003,3
1003520,0x00000003,3
1004544,0x00000000,0
1005568,0x00000001,1
1006592,0x00000001,1
1007616,0x00000001,1
1008640,0x00000002,2
1009664,0x00000003,3
1010688,0x00000000,0
1011712,0x00000003,3
1012736,0x00000000,0
1013760,0x00000000,0
1014784,0x00000000,0
1015808,0x00000000,0
1016832,0x00000002,2
1017856,0x00000002,2
1018880,0x00000002,2
1019904,0x00000001,1
1020928,0x00000002,2
1021952,0x00000003,3
1022976,0x00000001,1
1024000,0x00000003,3
1025024,0x00000002,2
1026048,0x00000000,0
1027072,0x00000001,1
1028096,0x00000000,0
1029120,0x00000001,1
1030144,0x00000001,1
1031168,0x00000001,1
1032192,0x00000000,0
1033216,0x00000003,3
1034240,0x00000001,1
1035264,0x00000000,0
1036288,0x00000000,0
1037312,0x00000001,1
1038336,0x00000001,1
1039360,0x00000000,0
1040384,0x00000000,0
1041408,0x00000001,1
1042432,0x00000002,2
1043456,0x00000002,2
1044480,0x00000003,3
1045504,0x00000002,2
1046528,0x00000000,0
1047552,0x00000000,0
0,0x00000000,0
1048576,0x00000416,1046
2097152,0x00000277,631
3145728,0x0000015e,350
4194304,0x00000121,289
5242880,0x00000130,304
6291456,0x0000065c,1628
7340032,0x000005f3,1523
8388608,0x000001b8,440
9437184,0x0000002e,46
10485760,0x0000004a,74
11534336,0x0000003f,63
12582912,0x00000064,100
13631488,0x00000047,71
14680064,0x00000036,54
15728640,0x00000030,48
16777216,0x0000001b,27
17825792,0x0000001a,26
18874368,0x00000031,49
19922944,0x00000020,32
20971520,0x00000057,87
22020096,0x0000003b,59
23068672,0x00000024,36
24117248,0x0000004e,78
25165824,0x00000051,81
26214400,0x00000043,67
27262976,0x00000016,22
28311552,0x0000002e,46
29360128,0x0000003f,63
30408704,0x0000003d,61
31457280,0x00000034,52
32505856,0x0000000a,10
33554432,0x0000001e,30
34603008,0x0000001a,26
35651584,0x00000008,8
36700160,0x00000013,19
37748736,0x00000012,18
38797312,0x00000010,16
39845888,0x00000022,34
40894464,0x00000059,89
41943040,0x00000085,133
42991616,0x00000042,66
44040192,0x0000000b,11
45088768,0x00000007,7
46137344,0x00000009,9
47185920,0x00000010,16
48234496,0x00000009,9
49283072,0x00000006,6
50331648,0x00000008,8
51380224,0x0000000c,12
52428800,0x0000001f,31
53477376,0x0000001d,29
54525952,0x00000009,9
55574528,0x0000000d,13
56623104,0x00000028,40
57671680,0x0000000e,14
58720256,0x0000000c,12
59768832,0x00000006,6
60817408,0x00000004,4
61865984,0x0000000d,13
62914560,0x0000000e,14
63963136,0x00000007,7
65011712,0x00000004,4
66060288,0x00000004,4
67108864,0x00000003,3
68157440,0x0000000e,14
69206016,0x0000002d,45
70254592,0x00000023,35
71303168,0x00000029,41
72351744,0x00000027,39
73400320,0x00000002,2
74448896,0x00000002,2
75497472,0x00000002,2
76546048,0x0000000a,10
77594624,0x00000004,4
78643200,0x00000003,3
79691776,0x00000001,1
80740352,0x00000002,2
81788928,0x00000001,1
82837504,0x00000002,2
83886080,0x00000002,2
84934656,0x00000003,3
85983232,0x00000001,1
87031808,0x00000002,2
88080384,0x00000001,1
89128960,0x00000003,3
90177536,0x00000003,3
91226112,0x00000002,2
92274688,0x00000004,4
93323264,0x00000006,6
94371840,0x00000008,8
95420416,0x00000006,6
96468992,0x00000004,4
97517568,0x00000001,1
98566144,0x00000003,3
99614720,0x00000005,5
100663296,0x00000015,21
101711872,0x0000000b,11
102760448,0x00000003,3
103809024,0x00000008,8
104857600,0x00000005,5
105906176,0x00000003,3
106954752,0x00000002,2
108003328,0x00000002,2
109051904,0x00000002,2
110100480,0x0000000e,14
111149056,0x00000003,3
112197632,0x0000000a,10
113246208,0x00000002,2
114294784,0x00000006,6
115343360,0x00000001,1
116391936,0x00000001,1
117440512,0x00000000,0
118489088,0x00000002,2
119537664,0x00000003,3
120586240,0x00000015,21
121634816,0x0000000d,13
122683392,0x00000000,0
123731968,0x00000001,1
124780544,0x00000001,1
125829120,0x00000002,2
126877696,0x00000004,4
127926272,0x00000001,1
128974848,0x00000001,1
130023424,0x00000004,4
131072000,0x00000003,3
132120576,0x00000002,2
133169152,0x00000024,36
134217728,0x00000021,33
135266304,0x0000000b,11
136314880,0x00000015,21
137363456,0x0000000e,14
138412032,0x00000001,1
139460608,0x00000001,1
140509184,0x00000004,4
141557760,0x00000004,4
142606336,0x00000003,3
143654912,0x00000001,1
144703488,0x00000002,2
145752064,0x0000001c,28
146800640,0x00000004,4
147849216,0x00000001,1
148897792,0x00000000,0
149946368,0x00000001,1
150994944,0x00000000,0
152043520,0x00000002,2
153092096,0x00000002,2
154140672,0x00000000,0
155189248,0x00000001,1
156237824,0x00000000,0
157286400,0x00000000,0
158334976,0x00000002,2
159383552,0x00000001,1
160432128,0x00000003,3
161480704,0x00000001,1
162529280,0x00000001,1
163577856,0x00000000,0
164626432,0x00000001,1
165675008,0x00000000,0
166723584,0x00000001,1
167772160,0x00000001,1
168820736,0x00000003,3
169869312,0x00000001,1
170917888,0x00000003,3
171966464,0x00000000,0
173015040,0x00000001,1
174063616,0x00000000,0
175112192,0x00000001,1
176160768,0x00000000,0
177209344,0x00000004,4
178257920,0x00000002,2
179306496,0x00000001,1
180355072,0x00000000,0
181403648,0x00000001,1
182452224,0x00000001,1
183500800,0x00000000,0
184549376,0x00000001,1
185597952,0x00000001,1
186646528,0x0000000f,15
187695104,0x0000000f,15
188743680,0x00000000,0
189792256,0x00000001,1
190840832,0x00000001,1
191889408,0x00000002,2
192937984,0x00000000,0
193986560,0x00000000,0
195035136,0x00000000,0
196083712,0x00000003,3
197132288,0x00000000,0
198180864,0x00000002,2
199229440,0x0000009b,155
200278016,0x00000009,9
201326592,0x00000000,0
202375168,0x00000000,0
203423744,0x00000000,0
204472320,0x00000000,0
205520896,0x00000000,0
206569472,0x00000000,0
207618048,0x00000000,0
208666624,0x00000000,0
209715200,0x00000000,0
210763776,0x00000000,0
211812352,0x00000000,0
212860928,0x00000000,0
213909504,0x00000000,0
214958080,0x00000000,0
216006656,0x00000000,0
217055232,0x00000000,0
218103808,0x00000000,0
219152384,0x00000000,0
220200960,0x00000000,0
221249536,0x00000000,0
222298112,0x00000000,0
223346688,0x00000000,0
224395264,0x00000000,0
225443840,0x00000000,0
226492416,0x00000000,0
227540992,0x00000000,0
228589568,0x00000000,0
229638144,0x00000000,0
230686720,0x00000000,0
231735296,0x00000000,0
232783872,0x00000000,0
233832448,0x00000000,0
234881024,0x00000000,0
235929600,0x00000000,0
236978176,0x00000000,0
238026752,0x00000000,0
239075328,0x00000000,0
240123904,0x00000000,0
241172480,0x00000000,0
242221056,0x00000000,0
243269632,0x00000000,0
244318208,0x00000000,0
245366784,0x00000000,0
246415360,0x00000000,0
247463936,0x00000000,0
248512512,0x00000000,0
249561088,0x00000000,0
250609664,0x00000000,0
251658240,0x00000000,0
252706816,0x00000000,0
253755392,0x00000000,0
254803968,0x00000000,0
255852544,0x00000000,0
256901120,0x00000000,0
257949696,0x00000000,0
258998272,0x00000001,1
260046848,0x00000000,0
261095424,0x00000000,0
262144000,0x00000000,0
263192576,0x00000000,0
264241152,0x00000000,0
265289728,0x00000000,0
266338304,0x00000000,0
267386880,0x00000000,0
268435456,0x00000000,0
269484032,0x00000000,0
270532608,0x00000001,1
271581184,0x00000000,0
272629760,0x00000000,0
273678336,0x00000000,0
274726912,0x00000000,0
275775488,0x00000000,0
276824064,0x00000000,0
277872640,0x00000000,0
278921216,0x00000000,0
279969792,0x00000000,0
281018368,0x00000000,0
282066944,0x00000000,0
283115520,0x00000000,0
284164096,0x00000000,0
285212672,0x00000000,0
286261248,0x00000000,0
287309824,0x00000000,0
288358400,0x00000000,0
289406976,0x00000000,0
290455552,0x00000000,0
291504128,0x00000000,0
292552704,0x00000000,0
293601280,0x00000000,0
294649856,0x00000000,0
295698432,0x00000001,1
296747008,0x00000000,0
297795584,0x00000000,0
298844160,0x00000000,0
299892736,0x00000000,0
300941312,0x00000000,0
301989888,0x00000000,0
303038464,0x00000000,0
304087040,0x00000000,0
305135616,0x00000000,0
306184192,0x00000000,0
307232768,0x00000000,0
308281344,0x00000000,0
309329920,0x00000000,0
310378496,0x00000000,0
311427072,0x00000000,0
312475648,0x00000000,0
313524224,0x00000000,0
314572800,0x00000000,0
315621376,0x00000000,0
316669952,0x00000000,0
317718528,0x00000000,0
318767104,0x00000000,0
319815680,0x00000000,0
320864256,0x00000000,0
321912832,0x00000000,0
322961408,0x00000000,0
324009984,0x00000000,0
325058560,0x00000000,0
326107136,0x00000000,0
327155712,0x00000000,0
328204288,0x00000000,0
329252864,0x00000000,0
330301440,0x00000000,0
331350016,0x00000000,0
332398592,0x00000000,0
333447168,0x00000000,0
334495744,0x00000000,0
335544320,0x00000000,0
336592896,0x00000000,0
337641472,0x00000000,0
338690048,0x00000000,0
339738624,0x00000000,0
340787200,0x00000000,0
341835776,0x00000000,0
342884352,0x00000000,0
343932928,0x00000000,0
344981504,0x00000000,0
346030080,0x00000000,0
347078656,0x00000000,0
348127232,0x00000000,0
349175808,0x00000000,0
350224384,0x00000000,0
351272960,0x00000000,0
352321536,0x00000000,0
353370112,0x00000000,0
354418688,0x00000000,0
355467264,0x00000000,0
356515840,0x00000000,0
357564416,0x00000000,0
358612992,0x00000000,0
359661568,0x00000000,0
360710144,0x00000000,0
361758720,0x00000000,0
362807296,0x00000000,0
363855872,0x00000000,0
364904448,0x00000000,0
365953024,0x00000000,0
367001600,0x00000000,0
368050176,0x00000000,0
369098752,0x00000000,0
370147328,0x00000000,0
371195904,0x00000001,1
372244480,0x00000000,0
373293056,0x00000000,0
374341632,0x00000000,0
375390208,0x00000000,0
376438784,0x00000000,0
377487360,0x00000000,0
378535936,0x00000000,0
379584512,0x00000000,0
380633088,0x00000000,0
381681664,0x00000000,0
382730240,0x00000000,0
383778816,0x00000000,0
384827392,0x00000000,0
385875968,0x00000000,0
386924544,0x00000000,0
387973120,0x00000000,0
389021696,0x00000000,0
390070272,0x00000000,0
391118848,0x00000000,0
392167424,0x00000000,0
393216000,0x00000000,0
394264576,0x00000000,0
395313152,0x00000000,0
396361728,0x00000000,0
397410304,0x00000000,0
398458880,0x00000000,0
399507456,0x00000000,0
400556032,0x00000000,0
401604608,0x00000000,0
402653184,0x00000000,0
403701760,0x00000000,0
404750336,0x00000000,0
405798912,0x00000000,0
406847488,0x00000000,0
407896064,0x00000000,0
408944640,0x00000000,0
409993216,0x00000000,0
411041792,0x00000000,0
412090368,0x00000000,0
413138944,0x00000000,0
414187520,0x00000000,0
415236096,0x00000000,0
416284672,0x00000000,0
417333248,0x00000000,0
418381824,0x00000000,0
419430400,0x00000000,0
420478976,0x00000000,0
421527552,0x00000000,0
422576128,0x00000001,1
423624704,0x00000000,0
424673280,0x00000000,0
425721856,0x00000000,0
426770432,0x00000000,0
427819008,0x00000000,0
428867584,0x00000000,0
429916160,0x00000000,0
430964736,0x00000000,0
432013312,0x00000000,0
433061888,0x00000000,0
434110464,0x00000000,0
435159040,0x00000000,0
436207616,0x00000000,0
437256192,0x00000000,0
438304768,0x00000000,0
439353344,0x00000000,0
440401920,0x00000000,0
441450496,0x00000000,0
442499072,0x00000000,0
443547648,0x00000000,0
444596224,0x00000000,0
445644800,0x00000000,0
446693376,0x00000000,0
447741952,0x00000000,0
448790528,0x00000000,0
449839104,0x00000000,0
450887680,0x00000000,0
451936256,0x00000000,0
452984832,0x00000000,0
454033408,0x00000000,0
455081984,0x00000000,0
456130560,0x00000000,0
457179136,0x00000000,0
458227712,0x00000000,0
459276288,0x00000000,0
460324864,0x00000000,0
461373440,0x00000000,0
462422016,0x00000000,0
463470592,0x00000000,0
464519168,0x00000000,0
465567744,0x00000000,0
466616320,0x00000000,0
467664896,0x00000001,1
468713472,0x00000000,0
469762048,0x00000000,0
470810624,0x00000000,0
471859200,0x00000000,0
472907776,0x00000000,0
473956352,0x00000000,0
475004928,0x00000000,0
476053504,0x00000001,1
477102080,0x00000000,0
478150656,0x00000000,0
479199232,0x00000000,0
480247808,0x00000000,0
481296384,0x00000000,0
482344960,0x00000000,0
483393536,0x00000000,0
484442112,0x00000000,0
485490688,0x00000000,0
486539264,0x00000000,0
487587840,0x00000000,0
488636416,0x00000000,0
489684992,0x00000000,0
490733568,0x00000000,0
491782144,0x00000000,0
492830720,0x00000000,0
493879296,0x00000000,0
494927872,0x00000000,0
495976448,0x00000000,0
497025024,0x00000000,0
498073600,0x00000000,0
499122176,0x00000001,1
500170752,0x00000000,0
501219328,0x00000000,0
502267904,0x00000000,0
503316480,0x00000000,0
504365056,0x00000000,0
505413632,0x00000000,0
506462208,0x00000000,0
507510784,0x00000000,0
508559360,0x00000000,0
509607936,0x00000000,0
510656512,0x00000000,0
511705088,0x00000000,0
512753664,0x00000000,0
513802240,0x00000000,0
514850816,0x00000000,0
515899392,0x00000000,0
516947968,0x00000000,0
517996544,0x00000000,0
519045120,0x00000000,0
520093696,0x00000000,0
521142272,0x00000000,0
522190848,0x00000000,0
523239424,0x00000002,2
524288000,0x00000000,0
525336576,0x00000000,0
526385152,0x00000000,0
527433728,0x00000000,0
528482304,0x00000000,0
529530880,0x00000000,0
530579456,0x00000000,0
531628032,0x00000000,0
532676608,0x00000000,0
533725184,0x00000000,0
534773760,0x00000000,0
535822336,0x00000000,0
536870912,0x00000000,0
537919488,0x00000000,0
538968064,0x00000000,0
540016640,0x00000000,0
541065216,0x00000000,0
542113792,0x00000000,0
543162368,0x00000000,0
544210944,0x00000000,0
545259520,0x00000000,0
546308096,0x00000000,0
547356672,0x00000000,0
548405248,0x00000000,0
549453824,0x00000000,0
550502400,0x00000000,0
551550976,0x00000000,0
552599552,0x00000000,0
553648128,0x00000000,0
554696704,0x00000000,0
555745280,0x00000000,0
556793856,0x00000000,0
557842432,0x00000000,0
558891008,0x00000000,0
559939584,0x00000000,0
560988160,0x00000000,0
562036736,0x00000000,0
563085312,0x00000000,0
564133888,0x00000000,0
565182464,0x00000000,0
566231040,0x00000000,0
567279616,0x00000000,0
568328192,0x00000000,0
569376768,0x00000000,0
570425344,0x00000000,0
571473920,0x00000000,0
572522496,0x00000000,0
573571072,0x00000000,0
574619648,0x00000000,0
575668224,0x00000000,0
576716800,0x00000000,0
577765376,0x00000000,0
578813952,0x00000000,0
579862528,0x00000000,0
580911104,0x00000000,0
581959680,0x00000000,0
583008256,0x00000000,0
584056832,0x00000000,0
585105408,0x00000000,0
586153984,0x00000000,0
587202560,0x00000000,0
588251136,0x00000000,0
589299712,0x00000000,0
590348288,0x00000000,0
591396864,0x00000000,0
592445440,0x00000000,0
593494016,0x00000000,0
594542592,0x00000000,0
595591168,0x00000000,0
596639744,0x00000000,0
597688320,0x00000000,0
598736896,0x00000000,0
599785472,0x00000000,0
600834048,0x00000000,0
601882624,0x00000000,0
602931200,0x00000000,0
603979776,0x00000000,0
605028352,0x00000000,0
606076928,0x00000000,0
607125504,0x00000000,0
608174080,0x00000000,0
609222656,0x00000000,0
610271232,0x00000000,0
611319808,0x00000000,0
612368384,0x00000000,0
613416960,0x00000000,0
614465536,0x00000000,0
615514112,0x00000000,0
616562688,0x00000000,0
617611264,0x00000000,0
618659840,0x00000000,0
619708416,0x00000000,0
620756992,0x00000000,0
621805568,0x00000000,0
622854144,0x00000000,0
623902720,0x00000000,0
624951296,0x00000000,0
625999872,0x00000000,0
627048448,0x00000000,0
628097024,0x00000000,0
629145600,0x00000000,0
630194176,0x00000000,0
631242752,0x00000000,0
632291328,0x00000000,0
633339904,0x00000000,0
634388480,0x00000000,0
635437056,0x00000000,0
636485632,0x00000000,0
637534208,0x00000000,0
638582784,0x00000000,0
639631360,0x00000000,0
640679936,0x00000000,0
641728512,0x00000000,0
642777088,0x00000000,0
643825664,0x00000000,0
644874240,0x00000000,0
645922816,0x00000000,0
646971392,0x00000000,0
648019968,0x00000000,0
649068544,0x00000000,0
650117120,0x00000000,0
651165696,0x00000000,0
652214272,0x00000000,0
653262848,0x00000000,0
654311424,0x00000000,0
655360000,0x00000000,0
656408576,0x00000000,0
657457152,0x00000000,0
658505728,0x00000000,0
659554304,0x00000000,0
660602880,0x00000000,0
661651456,0x00000000,0
662700032,0x00000000,0
663748608,0x00000000,0
664797184,0x00000000,0
665845760,0x00000000,0
666894336,0x00000000,0
667942912,0x00000000,0
668991488,0x00000000,0
670040064,0x00000000,0
671088640,0x00000000,0
672137216,0x00000000,0
673185792,0x00000000,0
674234368,0x00000000,0
675282944,0x00000000,0
676331520,0x00000000,0
677380096,0x00000000,0
678428672,0x00000000,0
679477248,0x00000000,0
680525824,0x00000000,0
681574400,0x00000000,0
682622976,0x00000000,0
683671552,0x00000000,0
684720128,0x00000000,0
685768704,0x00000000,0
686817280,0x00000000,0
687865856,0x00000000,0
688914432,0x00000000,0
689963008,0x00000000,0
691011584,0x00000000,0
692060160,0x00000000,0
693108736,0x00000000,0
694157312,0x00000000,0
695205888,0x00000000,0
696254464,0x00000000,0
697303040,0x00000000,0
698351616,0x00000000,0
699400192,0x00000000,0
700448768,0x00000000,0
701497344,0x00000000,0
702545920,0x00000000,0
703594496,0x00000000,0
704643072,0x00000000,0
705691648,0x00000000,0
706740224,0x00000000,0
707788800,0x00000000,0
708837376,0x00000000,0
709885952,0x00000000,0
710934528,0x00000000,0
711983104,0x00000000,0
713031680,0x00000000,0
714080256,0x00000000,0
715128832,0x00000000,0
716177408,0x00000000,0
717225984,0x00000000,0
718274560,0x00000000,0
719323136,0x00000000,0
720371712,0x00000000,0
721420288,0x00000000,0
722468864,0x00000000,0
723517440,0x00000000,0
724566016,0x00000000,0
725614592,0x00000000,0
726663168,0x00000000,0
727711744,0x00000000,0
728760320,0x00000000,0
729808896,0x00000000,0
730857472,0x00000000,0
731906048,0x00000000,0
732954624,0x00000000,0
734003200,0x00000000,0
735051776,0x00000000,0
736100352,0x00000000,0
737148928,0x00000000,0
738197504,0x00000000,0
739246080,0x00000000,0
740294656,0x00000000,0
741343232,0x00000000,0
742391808,0x00000000,0
743440384,0x00000000,0
744488960,0x00000000,0
745537536,0x00000000,0
746586112,0x00000000,0
747634688,0x00000000,0
748683264,0x00000000,0
749731840,0x00000000,0
750780416,0x00000000,0
751828992,0x00000000,0
752877568,0x00000000,0
753926144,0x00000000,0
754974720,0x00000000,0
756023296,0x00000000,0
757071872,0x00000000,0
758120448,0x00000000,0
759169024,0x00000000,0
760217600,0x00000000,0
761266176,0x00000000,0
762314752,0x00000000,0
763363328,0x00000000,0
764411904,0x00000000,0
765460480,0x00000000,0
766509056,0x00000000,0
767557632,0x00000000,0
768606208,0x00000000,0
769654784,0x00000000,0
770703360,0x00000000,0
771751936,0x00000000,0
772800512,0x00000000,0
773849088,0x00000000,0
774897664,0x00000000,0
775946240,0x00000000,0
776994816,0x00000000,0
778043392,0x00000000,0
779091968,0x00000000,0
780140544,0x00000000,0
781189120,0x00000000,0
782237696,0x00000000,0
783286272,0x00000000,0
784334848,0x00000000,0
785383424,0x00000000,0
786432000,0x00000000,0
787480576,0x00000000,0
788529152,0x00000000,0
789577728,0x00000000,0
790626304,0x00000000,0
791674880,0x00000000,0
792723456,0x00000000,0
793772032,0x00000000,0
794820608,0x00000000,0
795869184,0x00000000,0
796917760,0x00000000,0
797966336,0x00000000,0
799014912,0x00000000,0
800063488,0x00000000,0
801112064,0x00000000,0
802160640,0x00000000,0
803209216,0x00000000,0
804257792,0x00000000,0
805306368,0x00000000,0
806354944,0x00000000,0
807403520,0x00000000,0
808452096,0x00000000,0
809500672,0x00000000,0
810549248,0x00000000,0
811597824,0x00000000,0
812646400,0x00000000,0
813694976,0x00000000,0
814743552,0x00000000,0
815792128,0x00000000,0
816840704,0x00000000,0
817889280,0x00000000,0
818937856,0x00000000,0
819986432,0x00000000,0
821035008,0x00000000,0
822083584,0x00000000,0
823132160,0x00000000,0
824180736,0x00000000,0
825229312,0x00000000,0
826277888,0x00000000,0
827326464,0x00000000,0
828375040,0x00000000,0
829423616,0x00000000,0
830472192,0x00000000,0
831520768,0x00000000,0
832569344,0x00000000,0
833617920,0x00000000,0
834666496,0x00000000,0
835715072,0x00000000,0
836763648,0x00000000,0
837812224,0x00000000,0
838860800,0x00000000,0
839909376,0x00000000,0
840957952,0x00000000,0
842006528,0x00000000,0
843055104,0x00000000,0
844103680,0x00000000,0
845152256,0x00000000,0
846200832,0x00000000,0
847249408,0x00000000,0
848297984,0x00000000,0
849346560,0x00000000,0
850395136,0x00000000,0
851443712,0x00000000,0
852492288,0x00000000,0
853540864,0x00000000,0
854589440,0x00000000,0
855638016,0x00000000,0
856686592,0x00000000,0
857735168,0x00000000,0
858783744,0x00000000,0
859832320,0x00000000,0
860880896,0x00000000,0
861929472,0x00000000,0
862978048,0x00000000,0
864026624,0x00000000,0
865075200,0x00000000,0
866123776,0x00000000,0
867172352,0x00000000,0
868220928,0x00000000,0
869269504,0x00000000,0
870318080,0x00000000,0
871366656,0x00000000,0
872415232,0x00000000,0
873463808,0x00000000,0
874512384,0x00000000,0
875560960,0x00000000,0
876609536,0x00000000,0
877658112,0x00000000,0
878706688,0x00000000,0
879755264,0x00000000,0
880803840,0x00000000,0
881852416,0x00000000,0
882900992,0x00000000,0
883949568,0x00000000,0
884998144,0x00000000,0
886046720,0x00000000,0
887095296,0x00000000,0
888143872,0x00000000,0
889192448,0x00000000,0
890241024,0x00000000,0
891289600,0x00000000,0
892338176,0x00000000,0
893386752,0x00000000,0
894435328,0x00000000,0
895483904,0x00000000,0
896532480,0x00000000,0
897581056,0x00000000,0
898629632,0x00000000,0
899678208,0x00000000,0
900726784,0x00000000,0
901775360,0x00000000,0
902823936,0x00000000,0
903872512,0x00000000,0
904921088,0x00000000,0
905969664,0x00000000,0
907018240,0x00000000,0
908066816,0x00000000,0
909115392,0x00000000,0
910163968,0x00000000,0
911212544,0x00000000,0
912261120,0x00000000,0
913309696,0x00000000,0
914358272,0x00000000,0
915406848,0x00000000,0
916455424,0x00000000,0
917504000,0x00000000,0
918552576,0x00000000,0
919601152,0x00000000,0
920649728,0x00000000,0
921698304,0x00000000,0
922746880,0x00000000,0
923795456,0x00000000,0
924844032,0x00000000,0
925892608,0x00000000,0
926941184,0x00000000,0
927989760,0x00000000,0
929038336,0x00000000,0
930086912,0x00000000,0
931135488,0x00000000,0
932184064,0x00000000,0
933232640,0x00000000,0
934281216,0x00000000,0
935329792,0x00000000,0
936378368,0x00000000,0
937426944,0x00000000,0
938475520,0x00000000,0
939524096,0x00000000,0
940572672,0x00000000,0
941621248,0x00000000,0
942669824,0x00000000,0
943718400,0x00000000,0
944766976,0x00000000,0
945815552,0x00000000,0
946864128,0x00000000,0
947912704,0x00000000,0
948961280,0x00000000,0
950009856,0x00000000,0
951058432,0x00000000,0
952107008,0x00000000,0
953155584,0x00000000,0
954204160,0x00000000,0
955252736,0x00000000,0
956301312,0x00000000,0
957349888,0x00000000,0
958398464,0x00000000,0
959447040,0x00000000,0
960495616,0x00000000,0
961544192,0x00000000,0
962592768,0x00000000,0
963641344,0x00000000,0
964689920,0x00000000,0
965738496,0x00000000,0
966787072,0x00000000,0
967835648,0x00000000,0
968884224,0x00000000,0
969932800,0x00000000,0
970981376,0x00000000,0
972029952,0x00000000,0
973078528,0x00000000,0
974127104,0x00000000,0
975175680,0x00000000,0
976224256,0x00000000,0
977272832,0x00000000,0
978321408,0x00000000,0
979369984,0x00000000,0
980418560,0x00000000,0
981467136,0x00000000,0
982515712,0x00000000,0
983564288,0x00000000,0
984612864,0x00000000,0
985661440,0x00000000,0
986710016,0x00000000,0
987758592,0x00000000,0
988807168,0x00000000,0
989855744,0x00000000,0
990904320,0x00000000,0
991952896,0x00000000,0
993001472,0x00000000,0
994050048,0x00000000,0
995098624,0x00000000,0
996147200,0x00000000,0
997195776,0x00000000,0
998244352,0x00000000,0
999292928,0x00000000,0
1000341504,0x00000000,0
1001390080,0x00000000,0
1002438656,0x00000000,0
1003487232,0x00000000,0
1004535808,0x00000000,0
1005584384,0x00000000,0
1006632960,0x00000000,0
1007681536,0x00000000,0
1008730112,0x00000000,0
1009778688,0x00000000,0
1010827264,0x00000000,0
1011875840,0x00000000,0
1012924416,0x00000000,0
1013972992,0x00000000,0
1015021568,0x00000000,0
1016070144,0x00000000,0
1017118720,0x00000000,0
1018167296,0x00000000,0
1019215872,0x00000000,0
1020264448,0x00000000,0
1021313024,0x00000000,0
1022361600,0x00000000,0
1023410176,0x00000000,0
1024458752,0x00000000,0
1025507328,0x00000000,0
1026555904,0x00000000,0
1027604480,0x00000000,0
1028653056,0x00000000,0
1029701632,0x00000000,0
1030750208,0x00000000,0
1031798784,0x00000000,0
1032847360,0x00000000,0
1033895936,0x00000000,0
1034944512,0x00000000,0
1035993088,0x00000000,0
1037041664,0x00000000,0
1038090240,0x00000000,0
1039138816,0x00000000,0
1040187392,0x00000000,0
1041235968,0x00000000,0
1042284544,0x00000000,0
1043333120,0x00000000,0
1044381696,0x00000000,0
1045430272,0x00000000,0
1046478848,0x00000000,0
1047527424,0x00000000,0
1048576000,0x00000000,0
1049624576,0x00000000,0
1050673152,0x00000000,0
1051721728,0x00000000,0
1052770304,0x00000000,0
1053818880,0x00000000,0
1054867456,0x00000000,0
1055916032,0x00000000,0
1056964608,0x00000000,0
1058013184,0x00000000,0
1059061760,0x00000000,0
1060110336,0x00000000,0
1061158912,0x00000000,0
1062207488,0x00000000,0
1063256064,0x00000000,0
1064304640,0x00000000,0
1065353216,0x00000000,0
1066401792,0x00000000,0
1067450368,0x00000000,0
1068498944,0x00000000,0
1069547520,0x00000000,0
1070596096,0x00000000,0
1071644672,0x00000000,0
1072693248,0x00000000,0
1073741824,0x00000000,0
1074790400,0x00000000,0
1075838976,0x00000000,0
1076887552,0x00000000,0
1077936128,0x00000000,0
1078984704,0x00000000,0
1080033280,0x00000000,0
1081081856,0x00000000,0
1082130432,0x00000000,0
1083179008,0x00000000,0
1084227584,0x00000000,0
1085276160,0x00000000,0
1086324736,0x00000000,0
1087373312,0x00000000,0
1088421888,0x00000000,0
1089470464,0x00000000,0
1090519040,0x00000000,0
1091567616,0x00000000,0
1092616192,0x00000000,0
1093664768,0x00000000,0
1094713344,0x00000000,0
1095761920,0x00000000,0
1096810496,0x00000000,0
1097859072,0x00000000,0
1098907648,0x00000000,0
1099956224,0x00000000,0
1101004800,0x00000000,0
1102053376,0x00000000,0
1103101952,0x00000000,0
1104150528,0x00000000,0
1105199104,0x00000000,0
1106247680,0x00000000,0
1107296256,0x00000000,0
1108344832,0x00000000,0
1109393408,0x00000000,0
1110441984,0x00000000,0
1111490560,0x00000000,0
1112539136,0x00000000,0
1113587712,0x00000000,0
1114636288,0x00000000,0
1115684864,0x00000000,0
1116733440,0x00000000,0
1117782016,0x00000000,0
1118830592,0x00000000,0
1119879168,0x00000000,0
1120927744,0x00000000,0
1121976320,0x00000000,0
1123024896,0x00000000,0
1124073472,0x00000000,0
1125122048,0x00000000,0
1126170624,0x00000000,0
1127219200,0x00000000,0
1128267776,0x00000000,0
1129316352,0x00000000,0
1130364928,0x00000000,0
1131413504,0x00000000,0
1132462080,0x00000000,0
1133510656,0x00000000,0
1134559232,0x00000000,0
1135607808,0x00000000,0
1136656384,0x00000000,0
1137704960,0x00000000,0
1138753536,0x00000000,0
1139802112,0x00000000,0
1140850688,0x00000000,0
1141899264,0x00000000,0
1142947840,0x00000000,0
1143996416,0x00000000,0
1145044992,0x00000000,0
1146093568,0x00000000,0
1147142144,0x00000000,0
1148190720,0x00000000,0
1149239296,0x00000000,0
1150287872,0x00000000,0
1151336448,0x00000000,0
1152385024,0x00000000,0
1153433600,0x00000000,0
1154482176,0x00000000,0
1155530752,0x00000000,0
1156579328,0x00000000,0
1157627904,0x00000000,0
1158676480,0x00000000,0
1159725056,0x00000000,0
1160773632,0x00000000,0
1161822208,0x00000000,0
1162870784,0x00000000,0
1163919360,0x00000000,0
1164967936,0x00000000,0
1166016512,0x00000000,0
1167065088,0x00000000,0
1168113664,0x00000000,0
1169162240,0x00000000,0
1170210816,0x00000000,0
1171259392,0x00000000,0
1172307968,0x00000000,0
1173356544,0x00000000,0
1174405120,0x00000000,0
1175453696,0x00000000,0
1176502272,0x00000000,0
1177550848,0x00000000,0
1178599424,0x00000000,0
1179648000,0x00000000,0
1180696576,0x00000000,0
1181745152,0x00000000,0
1182793728,0x00000000,0
1183842304,0x00000000,0
1184890880,0x00000000,0
1185939456,0x00000000,0
1186988032,0x00000000,0
1188036608,0x00000000,0
1189085184,0x00000000,0
1190133760,0x00000000,0
1191182336,0x00000000,0
1192230912,0x00000000,0
1193279488,0x00000000,0
1194328064,0x00000000,0
1195376640,0x00000000,0
1196425216,0x00000000,0
1197473792,0x00000000,0
1198522368,0x00000000,0
1199570944,0x00000000,0
1200619520,0x00000000,0
1201668096,0x00000000,0
1202716672,0x00000000,0
1203765248,0x00000000,0
1204813824,0x00000000,0
1205862400,0x00000000,0
1206910976,0x00000000,0
1207959552,0x00000000,0
1209008128,0x00000000,0
1210056704,0x00000000,0
1211105280,0x00000000,0
1212153856,0x00000000,0
1213202432,0x00000000,0
1214251008,0x00000000,0
1215299584,0x00000000,0
1216348160,0x00000000,0
1217396736,0x00000000,0
1218445312,0x00000000,0
1219493888,0x00000000,0
1220542464,0x00000000,0
1221591040,0x00000000,0
1222639616,0x00000000,0
1223688192,0x00000000,0
1224736768,0x00000000,0
1225785344,0x00000000,0
1226833920,0x00000000,0
1227882496,0x00000000,0
1228931072,0x00000000,0
1229979648,0x00000000,0
1231028224,0x00000000,0
1232076800,0x00000000,0
1233125376,0x00000000,0
1234173952,0x00000000,0
1235222528,0x00000000,0
1236271104,0x00000000,0
1237319680,0x00000000,0
1238368256,0x00000000,0
1239416832,0x00000000,0
1240465408,0x00000000,0
1241513984,0x00000000,0
1242562560,0x00000000,0
1243611136,0x00000000,0
1244659712,0x00000000,0
1245708288,0x00000000,0
1246756864,0x00000000,0
1247805440,0x00000000,0
1248854016,0x00000000,0
1249902592,0x00000000,0
1250951168,0x00000000,0
1251999744,0x00000000,0
1253048320,0x00000000,0
1254096896,0x00000000,0
1255145472,0x00000000,0
1256194048,0x00000000,0
1257242624,0x00000000,0
1258291200,0x00000000,0
1259339776,0x00000000,0
1260388352,0x00000000,0
1261436928,0x00000000,0
1262485504,0x00000000,0
1263534080,0x00000000,0
1264582656,0x00000000,0
1265631232,0x00000000,0
1266679808,0x00000000,0
1267728384,0x00000000,0
1268776960,0x00000000,0
1269825536,0x00000000,0
1270874112,0x00000000,0
1271922688,0x00000000,0
1272971264,0x00000000,0
1274019840,0x00000000,0
1275068416,0x00000000,0
1276116992,0x00000000,0
1277165568,0x00000000,0
1278214144,0x00000000,0
1279262720,0x00000000,0
1280311296,0x00000000,0
1281359872,0x00000000,0
1282408448,0x00000000,0
1283457024,0x00000000,0
1284505600,0x00000000,0
1285554176,0x00000000,0
1286602752,0x00000000,0
1287651328,0x00000000,0
1288699904,0x00000000,0
1289748480,0x00000000,0
1290797056,0x00000000,0
1291845632,0x00000000,0
1292894208,0x00000000,0
1293942784,0x00000000,0
1294991360,0x00000000,0
1296039936,0x00000000,0
1297088512,0x00000000,0
1298137088,0x00000000,0
1299185664,0x00000000,0
1300234240,0x00000000,0
1301282816,0x00000000,0
1302331392,0x00000000,0
1303379968,0x00000000,0
1304428544,0x00000000,0
1305477120,0x00000000,0
1306525696,0x00000000,0
1307574272,0x00000000,0
1308622848,0x00000000,0
1309671424,0x00000000,0
1310720000,0x00000000,0
1311768576,0x00000000,0
1312817152,0x00000000,0
1313865728,0x00000000,0
1314914304,0x00000000,0
1315962880,0x00000000,0
1317011456,0x00000000,0
1318060032,0x00000000,0
1319108608,0x00000000,0
1320157184,0x00000000,0
1321205760,0x00000000,0
1322254336,0x00000000,0
1323302912,0x00000000,0
1324351488,0x00000000,0
1325400064,0x00000000,0
1326448640,0x00000000,0
1327497216,0x00000000,0
1328545792,0x00000000,0
1329594368,0x00000000,0
1330642944,0x00000000,0
1331691520,0x00000000,0
1332740096,0x00000000,0
1333788672,0x00000000,0
1334837248,0x00000000,0
1335885824,0x00000000,0
1336934400,0x00000000,0
1337982976,0x00000000,0
1339031552,0x00000000,0
1340080128,0x00000000,0
1341128704,0x00000000,0
1342177280,0x00000000,0
1343225856,0x00000000,0
1344274432,0x00000000,0
1345323008,0x00000000,0
1346371584,0x00000000,0
1347420160,0x00000000,0
1348468736,0x00000000,0
1349517312,0x00000000,0
1350565888,0x00000000,0
1351614464,0x00000000,0
1352663040,0x00000000,0
1353711616,0x00000000,0
1354760192,0x00000000,0
1355808768,0x00000000,0
1356857344,0x00000000,0
1357905920,0x00000000,0
1358954496,0x00000000,0
1360003072,0x00000000,0
1361051648,0x00000000,0
1362100224,0x00000000,0
1363148800,0x00000000,0
1364197376,0x00000000,0
1365245952,0x00000000,0
1366294528,0x00000000,0
1367343104,0x00000000,0
1368391680,0x00000000,0
1369440256,0x00000000,0
1370488832,0x00000000,0
1371537408,0x00000000,0
1372585984,0x00000000,0
1373634560,0x00000000,0
1374683136,0x00000000,0
1375731712,0x00000000,0
1376780288,0x00000000,0
1377828864,0x00000000,0
1378877440,0x00000000,0
1379926016,0x00000000,0
1380974592,0x00000000,0
1382023168,0x00000000,0
1383071744,0x00000000,0
1384120320,0x00000000,0
1385168896,0x00000000,0
1386217472,0x00000000,0
1387266048,0x00000000,0
1388314624,0x00000000,0
1389363200,0x00000000,0
1390411776,0x00000000,0
1391460352,0x00000000,0
1392508928,0x00000000,0
1393557504,0x00000000,0
1394606080,0x00000000,0
1395654656,0x00000000,0
1396703232,0x00000000,0
1397751808,0x00000000,0
1398800384,0x00000000,0
1399848960,0x00000000,0
1400897536,0x00000000,0
1401946112,0x00000000,0
1402994688,0x00000000,0
1404043264,0x00000000,0
1405091840,0x00000000,0
1406140416,0x00000000,0
1407188992,0x00000000,0
1408237568,0x00000000,0
1409286144,0x00000000,0
1410334720,0x00000000,0
1411383296,0x00000000,0
1412431872,0x00000000,0
1413480448,0x00000000,0
1414529024,0x00000000,0
1415577600,0x00000000,0
1416626176,0x00000000,0
1417674752,0x00000000,0
1418723328,0x00000000,0
1419771904,0x00000000,0
1420820480,0x00000000,0
1421869056,0x00000000,0
1422917632,0x00000000,0
1423966208,0x00000000,0
1425014784,0x00000000,0
1426063360,0x00000000,0
1427111936,0x00000000,0
1428160512,0x00000000,0
1429209088,0x00000000,0
1430257664,0x00000000,0
1431306240,0x00000000,0
1432354816,0x00000000,0
1433403392,0x00000000,0
1434451968,0x00000000,0
1435500544,0x00000000,0
1436549120,0x00000000,0
1437597696,0x00000000,0
1438646272,0x00000000,0
1439694848,0x00000000,0
1440743424,0x00000000,0
1441792000,0x00000000,0
1442840576,0x00000000,0
1443889152,0x00000000,0
1444937728,0x00000000,0
1445986304,0x00000000,0
1447034880,0x00000000,0
1448083456,0x00000000,0
1449132032,0x00000000,0
1450180608,0x00000000,0
1451229184,0x00000000,0
1452277760,0x00000000,0
1453326336,0x00000000,0
1454374912,0x00000000,0
1455423488,0x00000000,0
1456472064,0x00000000,0
1457520640,0x00000000,0
1458569216,0x00000000,0
1459617792,0x00000000,0
1460666368,0x00000000,0
1461714944,0x00000000,0
1462763520,0x00000000,0
1463812096,0x00000000,0
1464860672,0x00000000,0
1465909248,0x00000000,0
1466957824,0x00000000,0
1468006400,0x00000000,0
1469054976,0x00000000,0
1470103552,0x00000000,0
1471152128,0x00000000,0
1472200704,0x00000000,0
1473249280,0x00000000,0
1474297856,0x00000000,0
1475346432,0x00000000,0
1476395008,0x00000000,0
1477443584,0x00000000,0
1478492160,0x00000000,0
1479540736,0x00000000,0
1480589312,0x00000000,0
1481637888,0x00000000,0
1482686464,0x00000000,0
1483735040,0x00000000,0
1484783616,0x00000000,0
1485832192,0x00000000,0
1486880768,0x00000000,0
1487929344,0x00000000,0
1488977920,0x00000000,0
1490026496,0x00000000,0
1491075072,0x00000000,0
1492123648,0x00000000,0
1493172224,0x00000000,0
1494220800,0x00000000,0
1495269376,0x00000000,0
1496317952,0x00000000,0
1497366528,0x00000000,0
1498415104,0x00000000,0
1499463680,0x00000000,0
1500512256,0x00000000,0
1501560832,0x00000000,0
1502609408,0x00000000,0
1503657984,0x00000000,0
1504706560,0x00000000,0
1505755136,0x00000000,0
1506803712,0x00000000,0
1507852288,0x00000000,0
1508900864,0x00000000,0
1509949440,0x00000000,0
1510998016,0x00000000,0
1512046592,0x00000000,0
1513095168,0x00000000,0
1514143744,0x00000000,0
1515192320,0x00000000,0
1516240896,0x00000000,0
1517289472,0x00000000,0
1518338048,0x00000000,0
1519386624,0x00000000,0
1520435200,0x00000000,0
1521483776,0x00000000,0
1522532352,0x00000000,0
1523580928,0x00000000,0
1524629504,0x00000000,0
1525678080,0x00000000,0
1526726656,0x00000000,0
1527775232,0x00000000,0
1528823808,0x00000000,0
1529872384,0x00000000,0
1530920960,0x00000000,0
1531969536,0x00000000,0
1533018112,0x00000000,0
1534066688,0x00000000,0
1535115264,0x00000000,0
1536163840,0x00000000,0
1537212416,0x00000000,0
1538260992,0x00000000,0
1539309568,0x00000000,0
1540358144,0x00000000,0
1541406720,0x00000000,0
1542455296,0x00000000,0
1543503872,0x00000000,0
1544552448,0x00000000,0
1545601024,0x00000000,0
1546649600,0x00000000,0
1547698176,0x00000000,0
1548746752,0x00000000,0
1549795328,0x00000000,0
1550843904,0x00000000,0
1551892480,0x00000000,0
1552941056,0x00000000,0
1553989632,0x00000000,0
1555038208,0x00000000,0
1556086784,0x00000000,0
1557135360,0x00000000,0
1558183936,0x00000000,0
1559232512,0x00000000,0
1560281088,0x00000000,0
1561329664,0x00000000,0
1562378240,0x00000000,0
1563426816,0x00000000,0
1564475392,0x00000000,0
1565523968,0x00000000,0
1566572544,0x00000000,0
1567621120,0x00000000,0
1568669696,0x00000000,0
1569718272,0x00000000,0
1570766848,0x00000000,0
1571815424,0x00000000,0
1572864000,0x00000000,0
1573912576,0x00000000,0
1574961152,0x00000000,0
1576009728,0x00000000,0
1577058304,0x00000000,0
1578106880,0x00000000,0
1579155456,0x00000000,0
1580204032,0x00000000,0
1581252608,0x00000000,0
1582301184,0x00000000,0
1583349760,0x00000000,0
1584398336,0x00000000,0
1585446912,0x00000000,0
1586495488,0x00000000,0
1587544064,0x00000000,0
1588592640,0x00000000,0
1589641216,0x00000000,0
1590689792,0x00000000,0
1591738368,0x00000000,0
1592786944,0x00000000,0
1593835520,0x00000000,0
1594884096,0x00000000,0
1595932672,0x00000000,0
1596981248,0x00000000,0
1598029824,0x00000000,0
1599078400,0x00000000,0
1600126976,0x00000000,0
1601175552,0x00000000,0
1602224128,0x00000000,0
1603272704,0x00000000,0
1604321280,0x00000000,0
1605369856,0x00000000,0
1606418432,0x00000000,0
1607467008,0x00000000,0
1608515584,0x00000000,0
1609564160,0x00000000,0
1610612736,0x00000000,0
1611661312,0x00000000,0
1612709888,0x00000000,0
1613758464,0x00000000,0
1614807040,0x00000000,0
1615855616,0x00000000,0
1616904192,0x00000000,0
1617952768,0x00000000,0
1619001344,0x00000000,0
1620049920,0x00000000,0
1621098496,0x00000000,0
1622147072,0x00000000,0
1623195648,0x00000000,0
1624244224,0x00000000,0
1625292800,0x00000000,0
1626341376,0x00000000,0
1627389952,0x00000000,0
1628438528,0x00000000,0
1629487104,0x00000000,0
1630535680,0x00000000,0
1631584256,0x00000000,0
1632632832,0x00000000,0
1633681408,0x00000000,0
1634729984,0x00000000,0
1635778560,0x00000000,0
1636827136,0x00000000,0
1637875712,0x00000000,0
1638924288,0x00000000,0
1639972864,0x00000000,0
1641021440,0x00000000,0
1642070016,0x00000000,0
1643118592,0x00000000,0
1644167168,0x00000000,0
1645215744,0x00000000,0
1646264320,0x00000000,0
1647312896,0x00000000,0
1648361472,0x00000000,0
1649410048,0x00000000,0
1650458624,0x00000000,0
1651507200,0x00000000,0
1652555776,0x00000000,0
1653604352,0x00000000,0
1654652928,0x00000000,0
1655701504,0x00000000,0
1656750080,0x00000000,0
1657798656,0x00000000,0
1658847232,0x00000000,0
1659895808,0x00000000,0
1660944384,0x00000000,0
1661992960,0x00000000,0
1663041536,0x00000000,0
1664090112,0x00000000,0
1665138688,0x00000000,0
1666187264,0x00000000,0
1667235840,0x00000000,0
1668284416,0x00000000,0
1669332992,0x00000000,0
1670381568,0x00000000,0
1671430144,0x00000000,0
1672478720,0x00000000,0
1673527296,0x00000000,0
1674575872,0x00000000,0
1675624448,0x00000000,0
1676673024,0x00000000,0
1677721600,0x00000000,0
1678770176,0x00000000,0
1679818752,0x00000000,0
1680867328,0x00000000,0
1681915904,0x00000000,0
1682964480,0x00000000,0
1684013056,0x00000000,0
1685061632,0x00000000,0
1686110208,0x00000000,0
1687158784,0x00000000,0
1688207360,0x00000000,0
1689255936,0x00000000,0
1690304512,0x00000000,0
1691353088,0x00000000,0
1692401664,0x00000000,0
1693450240,0x00000000,0
1694498816,0x00000000,0
1695547392,0x00000000,0
1696595968,0x00000000,0
1697644544,0x00000000,0
1698693120,0x00000000,0
1699741696,0x00000000,0
1700790272,0x00000000,0
1701838848,0x00000000,0
1702887424,0x00000000,0
1703936000,0x00000000,0
1704984576,0x00000000,0
1706033152,0x00000000,0
1707081728,0x00000000,0
1708130304,0x00000000,0
1709178880,0x00000000,0
1710227456,0x00000000,0
1711276032,0x00000000,0
1712324608,0x00000000,0
1713373184,0x00000000,0
1714421760,0x00000000,0
1715470336,0x00000000,0
1716518912,0x00000000,0
1717567488,0x00000000,0
1718616064,0x00000000,0
1719664640,0x00000000,0
1720713216,0x00000000,0
1721761792,0x00000000,0
1722810368,0x00000000,0
1723858944,0x00000000,0
1724907520,0x00000000,0
1725956096,0x00000000,0
1727004672,0x00000000,0
1728053248,0x00000000,0
1729101824,0x00000000,0
1730150400,0x00000000,0
1731198976,0x00000000,0
1732247552,0x00000000,0
1733296128,0x00000000,0
1734344704,0x00000000,0
1735393280,0x00000000,0
1736441856,0x00000000,0
1737490432,0x00000000,0
1738539008,0x00000000,0
1739587584,0x00000000,0
1740636160,0x00000000,0
1741684736,0x00000000,0
1742733312,0x00000000,0
1743781888,0x00000000,0
1744830464,0x00000000,0
1745879040,0x00000000,0
1746927616,0x00000000,0
1747976192,0x00000000,0
1749024768,0x00000000,0
1750073344,0x00000000,0
1751121920,0x00000000,0
1752170496,0x00000000,0
1753219072,0x00000000,0
1754267648,0x00000000,0
1755316224,0x00000000,0
1756364800,0x00000000,0
1757413376,0x00000000,0
1758461952,0x00000000,0
1759510528,0x00000000,0
1760559104,0x00000000,0
1761607680,0x00000000,0
1762656256,0x00000000,0
1763704832,0x00000000,0
1764753408,0x00000000,0
1765801984,0x00000000,0
1766850560,0x00000000,0
1767899136,0x00000000,0
1768947712,0x00000000,0
1769996288,0x00000000,0
1771044864,0x00000000,0
1772093440,0x00000000,0
1773142016,0x00000000,0
1774190592,0x00000000,0
1775239168,0x00000000,0
1776287744,0x00000000,0
1777336320,0x00000000,0
1778384896,0x00000000,0
1779433472,0x00000000,0
1780482048,0x00000000,0
1781530624,0x00000000,0
1782579200,0x00000000,0
1783627776,0x00000000,0
1784676352,0x00000000,0
1785724928,0x00000000,0
1786773504,0x00000000,0
1787822080,0x00000000,0
1788870656,0x00000000,0
1789919232,0x00000000,0
1790967808,0x00000000,0
1792016384,0x00000000,0
1793064960,0x00000000,0
1794113536,0x00000000,0
1795162112,0x00000000,0
1796210688,0x00000000,0
1797259264,0x00000000,0
1798307840,0x00000000,0
1799356416,0x00000000,0
1800404992,0x00000000,0
1801453568,0x00000000,0
1802502144,0x00000000,0
1803550720,0x00000000,0
1804599296,0x00000000,0
1805647872,0x00000000,0
1806696448,0x00000000,0
1807745024,0x00000000,0
1808793600,0x00000000,0
1809842176,0x00000000,0
1810890752,0x00000000,0
1811939328,0x00000000,0
1812987904,0x00000000,0
1814036480,0x00000000,0
1815085056,0x00000000,0
1816133632,0x00000000,0
1817182208,0x00000000,0
1818230784,0x00000000,0
1819279360,0x00000000,0
1820327936,0x00000000,0
1821376512,0x00000000,0
1822425088,0x00000000,0
1823473664,0x00000000,0
1824522240,0x00000000,0
1825570816,0x00000000,0
1826619392,0x00000000,0
1827667968,0x00000000,0
1828716544,0x00000000,0
1829765120,0x00000000,0
1830813696,0x00000000,0
1831862272,0x00000000,0
1832910848,0x00000000,0
1833959424,0x00000000,0
1835008000,0x00000000,0
1836056576,0x00000000,0
1837105152,0x00000000,0
1838153728,0x00000000,0
1839202304,0x00000000,0
1840250880,0x00000000,0
1841299456,0x00000000,0
1842348032,0x00000000,0
1843396608,0x00000000,0
1844445184,0x00000000,0
1845493760,0x00000000,0
1846542336,0x00000000,0
1847590912,0x00000000,0
1848639488,0x00000000,0
1849688064,0x00000000,0
1850736640,0x00000000,0
1851785216,0x00000000,0
1852833792,0x00000000,0
1853882368,0x00000000,0
1854930944,0x00000000,0
1855979520,0x00000000,0
1857028096,0x00000000,0
1858076672,0x00000000,0
1859125248,0x00000000,0
1860173824,0x00000000,0
1861222400,0x00000000,0
1862270976,0x00000000,0
1863319552,0x00000000,0
1864368128,0x00000000,0
1865416704,0x00000000,0
1866465280,0x00000000,0
1867513856,0x00000000,0
1868562432,0x00000000,0
1869611008,0x00000000,0
1870659584,0x00000000,0
1871708160,0x00000000,0
1872756736,0x00000000,0
1873805312,0x00000000,0
1874853888,0x00000000,0
1875902464,0x00000000,0
1876951040,0x00000000,0
1877999616,0x00000000,0
1879048192,0x00000000,0
1880096768,0x00000000,0
1881145344,0x00000000,0
1882193920,0x00000000,0
1883242496,0x00000000,0
1884291072,0x00000000,0
1885339648,0x00000000,0
1886388224,0x00000000,0
1887436800,0x00000000,0
1888485376,0x00000000,0
1889533952,0x00000000,0
1890582528,0x00000000,0
1891631104,0x00000000,0
1892679680,0x00000000,0
1893728256,0x00000000,0
1894776832,0x00000000,0
1895825408,0x00000000,0
1896873984,0x00000000,0
1897922560,0x00000000,0
1898971136,0x00000000,0
1900019712,0x00000000,0
1901068288,0x00000000,0
1902116864,0x00000000,0
1903165440,0x00000000,0
1904214016,0x00000000,0
1905262592,0x00000000,0
1906311168,0x00000000,0
1907359744,0x00000000,0
1908408320,0x00000000,0
1909456896,0x00000000,0
1910505472,0x00000000,0
1911554048,0x00000000,0
1912602624,0x00000000,0
1913651200,0x00000000,0
1914699776,0x00000000,0
1915748352,0x00000000,0
1916796928,0x00000000,0
1917845504,0x00000000,0
1918894080,0x00000000,0
1919942656,0x00000000,0
1920991232,0x00000000,0
1922039808,0x00000000,0
1923088384,0x00000000,0
1924136960,0x00000000,0
1925185536,0x00000000,0
1926234112,0x00000000,0
1927282688,0x00000000,0
1928331264,0x00000000,0
1929379840,0x00000000,0
1930428416,0x00000000,0
1931476992,0x00000000,0
1932525568,0x00000000,0
1933574144,0x00000000,0
1934622720,0x00000000,0
1935671296,0x00000000,0
1936719872,0x00000000,0
1937768448,0x00000000,0
1938817024,0x00000000,0
1939865600,0x00000000,0
1940914176,0x00000000,0
1941962752,0x00000000,0
1943011328,0x00000000,0
1944059904,0x00000000,0
1945108480,0x00000000,0
1946157056,0x00000000,0
1947205632,0x00000000,0
1948254208,0x00000000,0
1949302784,0x00000000,0
1950351360,0x00000000,0
1951399936,0x00000000,0
1952448512,0x00000000,0
1953497088,0x00000000,0
1954545664,0x00000000,0
1955594240,0x00000000,0
1956642816,0x00000000,0
1957691392,0x00000000,0
1958739968,0x00000000,0
1959788544,0x00000000,0
1960837120,0x00000000,0
1961885696,0x00000000,0
1962934272,0x00000000,0
1963982848,0x00000000,0
1965031424,0x00000000,0
1966080000,0x00000000,0
1967128576,0x00000000,0
1968177152,0x00000000,0
1969225728,0x00000000,0
1970274304,0x00000000,0
1971322880,0x00000000,0
1972371456,0x00000000,0
1973420032,0x00000000,0
1974468608,0x00000000,0
1975517184,0x00000000,0
1976565760,0x00000000,0
1977614336,0x00000000,0
1978662912,0x00000000,0
1979711488,0x00000000,0
1980760064,0x00000000,0
1981808640,0x00000000,0
1982857216,0x00000000,0
1983905792,0x00000000,0
1984954368,0x00000000,0
1986002944,0x00000000,0
1987051520,0x00000000,0
1988100096,0x00000000,0
1989148672,0x00000000,0
1990197248,0x00000000,0
1991245824,0x00000000,0
1992294400,0x00000000,0
1993342976,0x00000000,0
1994391552,0x00000000,0
1995440128,0x00000000,0
1996488704,0x00000000,0
1997537280,0x00000000,0
1998585856,0x00000000,0
1999634432,0x00000000,0
2000683008,0x00000000,0
2001731584,0x00000000,0
2002780160,0x00000000,0
2003828736,0x00000000,0
2004877312,0x00000000,0
2005925888,0x00000000,0
2006974464,0x00000000,0
2008023040,0x00000000,0
2009071616,0x00000000,0
2010120192,0x00000000,0
2011168768,0x00000000,0
2012217344,0x00000000,0
2013265920,0x00000000,0
2014314496,0x00000000,0
2015363072,0x00000000,0
2016411648,0x00000000,0
2017460224,0x00000000,0
2018508800,0x00000000,0
2019557376,0x00000000,0
2020605952,0x00000000,0
2021654528,0x00000000,0
2022703104,0x00000000,0
2023751680,0x00000000,0
2024800256,0x00000000,0
2025848832,0x00000000,0
2026897408,0x00000000,0
2027945984,0x00000000,0
2028994560,0x00000000,0
2030043136,0x00000000,0
2031091712,0x00000000,0
2032140288,0x00000000,0
2033188864,0x00000000,0
2034237440,0x00000000,0
2035286016,0x00000000,0
2036334592,0x00000000,0
2037383168,0x00000000,0
2038431744,0x00000000,0
2039480320,0x00000000,0
2040528896,0x00000000,0
2041577472,0x00000000,0
2042626048,0x00000000,0
2043674624,0x00000000,0
2044723200,0x00000000,0
2045771776,0x00000000,0
2046820352,0x00000000,0
2047868928,0x00000000,0
2048917504,0x00000000,0
2049966080,0x00000000,0
2051014656,0x00000000,0
2052063232,0x00000000,0
2053111808,0x00000000,0
2054160384,0x00000000,0
2055208960,0x00000000,0
2056257536,0x00000000,0
2057306112,0x00000000,0
2058354688,0x00000000,0
2059403264,0x00000000,0
2060451840,0x00000000,0
2061500416,0x00000000,0
2062548992,0x00000000,0
2063597568,0x00000000,0
2064646144,0x00000000,0
2065694720,0x00000000,0
2066743296,0x00000000,0
2067791872,0x00000000,0
2068840448,0x00000000,0
2069889024,0x00000000,0
2070937600,0x00000000,0
2071986176,0x00000000,0
2073034752,0x00000000,0
2074083328,0x00000000,0
2075131904,0x00000000,0
2076180480,0x00000000,0
2077229056,0x00000000,0
2078277632,0x00000000,0
2079326208,0x00000000,0
2080374784,0x00000000,0
2081423360,0x00000000,0
2082471936,0x00000000,0
2083520512,0x00000000,0
2084569088,0x00000000,0
2085617664,0x00000000,0
2086666240,0x00000000,0
2087714816,0x00000000,0
2088763392,0x00000000,0
2089811968,0x00000000,0
2090860544,0x00000000,0
2091909120,0x00000000,0
2092957696,0x00000000,0
2094006272,0x00000000,0
2095054848,0x00000000,0
2096103424,0x00000000,0
2097152000,0x00000000,0
2098200576,0x00000000,0
2099249152,0x00000000,0
2100297728,0x00000000,0
2101346304,0x00000000,0
2102394880,0x00000000,0
2103443456,0x00000000,0
2104492032,0x00000000,0
2105540608,0x00000000,0
2106589184,0x00000000,0
2107637760,0x00000000,0
2108686336,0x00000000,0
2109734912,0x00000000,0
2110783488,0x00000000,0
2111832064,0x00000000,0
2112880640,0x00000000,0
2113929216,0x00000000,0
2114977792,0x00000000,0
2116026368,0x00000000,0
2117074944,0x00000000,0
2118123520,0x00000000,0
2119172096,0x00000000,0
2120220672,0x00000000,0
2121269248,0x00000000,0
2122317824,0x00000000,0
2123366400,0x00000000,0
2124414976,0x00000000,0
2125463552,0x00000000,0
2126512128,0x00000000,0
2127560704,0x00000000,0
2128609280,0x00000000,0
2129657856,0x00000000,0
2130706432,0x00000000,0
2131755008,0x00000000,0
2132803584,0x00000000,0
2133852160,0x00000000,0
2134900736,0x00000000,0
2135949312,0x00000000,0
2136997888,0x00000000,0
2138046464,0x00000000,0
2139095040,0x00000000,0
2140143616,0x00000000,0
2141192192,0x00000000,0
2142240768,0x00000000,0
2143289344,0x00000000,0
2144337920,0x00000000,0
2145386496,0x00000000,0
2146435072,0x00000000,0
