0,0x0000004a,74
1,0x0000004a,74
2,0x0000004a,74
3,0x0000004a,74
4,0x0000004a,74
5,0x0000004a,74
6,0x0000004a,74
7,0x0000004a,74
8,0x0000004a,74
9,0x0000004a,74
10,0x0000004a,74
11,0x0000005a,90
12,0x0000004e,78
13,0x0000005a,90
14,0x000000a0,160
15,0x0000003c,60
16,0x0000005a,90
17,0x0000003c,60
18,0x0000003c,60
19,0x0000003c,60
20,0x00000046,70
21,0x0000003c,60
22,0x0000003c,60
23,0x00000094,148
24,0x0000004a,74
25,0x0000004a,74
26,0x00000046,70
27,0x0000004a,74
28,0x0000004a,74
29,0x0000003c,60
30,0x0000004a,74
31,0x0000004a,74
32,0x0000004a,74
33,0x0000004a,74
34,0x0000004a,74
35,0x0000004a,74
36,0x0000004a,74
37,0x0000004a,74
38,0x0000004a,74
39,0x0000004a,74
40,0x0000004a,74
41,0x0000004a,74
42,0x0000004a,74
43,0x0000004a,74
44,0x0000004a,74
45,0x0000004a,74
46,0x0000004a,74
47,0x0000004a,74
48,0x0000004a,74
49,0x0000004a,74
50,0x0000004a,74
51,0x0000004a,74
52,0x0000004a,74
53,0x0000003c,60
54,0x0000004a,74
55,0x0000004a,74
56,0x0000004a,74
57,0x0000004a,74
58,0x0000004a,74
59,0x0000004a,74
60,0x0000004a,74
61,0x0000004a,74
62,0x0000003c,60
63,0x0000004a,74
64,0x0000004a,74
65,0x0000004a,74
66,0x0000004a,74
67,0x0000004a,74
68,0x0000004a,74
69,0x0000004a,74
70,0x0000004a,74
71,0x0000004a,74
72,0x0000004a,74
73,0x0000004a,74
74,0x0000004a,74
75,0x0000004a,74
76,0x0000004a,74
77,0x0000004a,74
78,0x0000004a,74
79,0x0000004a,74
80,0x0000004a,74
81,0x0000004a,74
82,0x0000004a,74
83,0x0000003c,60
84,0x0000004a,74
85,0x0000004a,74
86,0x0000004a,74
87,0x0000004a,74
88,0x0000004a,74
89,0x0000004a,74
90,0x0000004a,74
91,0x0000004a,74
92,0x0000004a,74
93,0x0000004a,74
94,0x0000004a,74
95,0x0000003c,60
96,0x0000004a,74
97,0x0000004a,74
98,0x0000004a,74
99,0x0000004a,74
100,0x0000004a,74
101,0x0000004a,74
102,0x0000004a,74
103,0x0000004a,74
104,0x0000004a,74
105,0x0000004a,74
106,0x0000004a,74
107,0x0000004a,74
108,0x0000004a,74
109,0x0000004a,74
110,0x0000004a,74
111,0x0000004a,74
112,0x0000003c,60
113,0x0000004a,74
114,0x0000004a,74
115,0x0000004a,74
116,0x0000004a,74
117,0x0000004a,74
118,0x0000004a,74
119,0x0000004a,74
120,0x0000004a,74
121,0x0000004a,74
122,0x0000004a,74
123,0x0000004a,74
124,0x0000004a,74
125,0x0000004a,74
126,0x0000004a,74
127,0x0000003c,60
128,0x0000004a,74
129,0x0000004a,74
130,0x0000004a,74
131,0x0000004a,74
132,0x0000004a,74
133,0x0000004a,74
134,0x0000004a,74
135,0x0000004a,74
136,0x0000004a,74
137,0x0000004a,74
138,0x0000004a,74
139,0x0000004a,74
140,0x0000004a,74
141,0x0000003c,60
142,0x0000004a,74
143,0x0000004a,74
144,0x0000004a,74
145,0x0000004a,74
146,0x0000004a,74
147,0x0000004a,74
148,0x0000004a,74
149,0x0000004a,74
150,0x0000004a,74
151,0x0000004a,74
152,0x0000004a,74
153,0x0000004a,74
154,0x0000004a,74
155,0x0000004a,74
156,0x0000004a,74
157,0x0000004a,74
158,0x0000004a,74
159,0x0000004a,74
160,0x0000003c,60
161,0x0000004a,74
162,0x0000004a,74
163,0x0000004a,74
164,0x0000004a,74
165,0x000000a0,160
166,0x0000004a,74
167,0x0000005a,90
168,0x0000004a,74
169,0x0000003c,60
170,0x0000004a,74
171,0x0000003c,60
172,0x0000004a,74
173,0x0000003c,60
174,0x00000046,70
175,0x0000004a,74
176,0x0000003c,60
177,0x0000004a,74
178,0x0000003c,60
179,0x0000004a,74
180,0x0000004a,74
181,0x0000004a,74
182,0x0000004a,74
183,0x0000004a,74
184,0x00000046,70
185,0x0000004a,74
186,0x0000004a,74
187,0x0000004a,74
188,0x0000004a,74
189,0x0000004a,74
190,0x0000004a,74
191,0x0000004a,74
192,0x0000003c,60
193,0x0000004a,74
194,0x0000004a,74
195,0x0000004a,74
196,0x0000004a,74
197,0x0000004a,74
198,0x0000004a,74
199,0x0000004a,74
200,0x0000004a,74
201,0x0000004a,74
202,0x0000004a,74
203,0x0000004a,74
204,0x0000004a,74
205,0x0000004a,74
206,0x0000004a,74
207,0x0000004a,74
208,0x0000004a,74
209,0x0000004a,74
210,0x0000004a,74
211,0x0000004a,74
212,0x0000004a,74
213,0x0000004a,74
214,0x0000004a,74
215,0x0000004a,74
216,0x0000004a,74
217,0x0000004a,74
218,0x0000004a,74
219,0x0000004a,74
220,0x0000004a,74
221,0x0000004a,74
222,0x0000004a,74
223,0x0000004a,74
224,0x0000003c,60
225,0x0000004a,74
226,0x0000004a,74
227,0x0000004a,74
228,0x0000004a,74
229,0x0000004a,74
230,0x0000004a,74
231,0x0000004a,74
232,0x0000004a,74
233,0x0000004a,74
234,0x0000004a,74
235,0x0000004a,74
236,0x0000003c,60
237,0x0000004a,74
238,0x0000004a,74
239,0x0000004a,74
240,0x0000004a,74
241,0x0000004a,74
242,0x0000004a,74
243,0x0000004a,74
244,0x0000004a,74
245,0x0000004a,74
246,0x0000004a,74
247,0x0000004a,74
248,0x0000004a,74
249,0x0000004a,74
250,0x0000004a,74
251,0x0000004a,74
252,0x0000004a,74
253,0x0000004a,74
254,0x000000a0,160
255,0x0000003c,60
256,0x0000004a,74
257,0x0000004a,74
258,0x0000005a,90
259,0x0000003c,60
260,0x0000004a,74
261,0x0000004a,74
262,0x0000004a,74
263,0x0000004a,74
264,0x0000004a,74
265,0x0000004a,74
266,0x0000004a,74
267,0x0000004a,74
268,0x0000004a,74
269,0x0000004a,74
270,0x0000004a,74
271,0x00000046,70
272,0x0000004a,74
273,0x0000004a,74
274,0x0000004a,74
275,0x0000004a,74
276,0x0000003c,60
277,0x0000004a,74
278,0x0000003c,60
279,0x0000004a,74
280,0x0000004a,74
281,0x0000004a,74
282,0x0000004a,74
283,0x0000004a,74
284,0x0000004a,74
285,0x0000004a,74
286,0x0000004a,74
287,0x00000046,70
288,0x0000004a,74
289,0x0000004a,74
290,0x0000004a,74
291,0x0000004a,74
292,0x0000004a,74
293,0x0000004a,74
294,0x0000004a,74
295,0x0000004a,74
296,0x0000004a,74
297,0x0000004a,74
298,0x0000004a,74
299,0x0000004a,74
300,0x0000004a,74
301,0x0000004a,74
302,0x0000004a,74
303,0x0000004a,74
304,0x0000004a,74
305,0x0000004a,74
306,0x0000004a,74
307,0x0000004a,74
308,0x0000004a,74
309,0x0000004a,74
310,0x0000004a,74
311,0x0000004a,74
312,0x0000003c,60
313,0x0000004a,74
314,0x0000004a,74
315,0x0000004a,74
316,0x0000004a,74
317,0x0000004a,74
318,0x0000004a,74
319,0x0000004a,74
320,0x0000004a,74
321,0x0000004a,74
322,0x0000004a,74
323,0x0000004a,74
324,0x0000004a,74
325,0x0000004a,74
326,0x0000004a,74
327,0x0000004a,74
328,0x0000004a,74
329,0x0000004a,74
330,0x0000003c,60
331,0x0000004a,74
332,0x0000004a,74
333,0x0000004a,74
334,0x0000004a,74
335,0x0000004a,74
336,0x0000004a,74
337,0x0000003c,60
338,0x0000004a,74
339,0x0000004a,74
340,0x0000004a,74
341,0x0000004a,74
342,0x0000004a,74
343,0x0000004a,74
344,0x0000004a,74
345,0x0000004a,74
346,0x0000004a,74
347,0x0000004a,74
348,0x0000004a,74
349,0x0000004a,74
350,0x0000004a,74
351,0x0000004a,74
352,0x0000004a,74
353,0x0000004a,74
354,0x0000004a,74
355,0x0000004a,74
356,0x0000004a,74
357,0x0000004a,74
358,0x0000004a,74
359,0x0000004a,74
360,0x0000004a,74
361,0x0000004a,74
362,0x0000004a,74
363,0x0000004a,74
364,0x0000004a,74
365,0x0000004a,74
366,0x0000004a,74
367,0x0000004a,74
368,0x0000004a,74
369,0x0000004a,74
370,0x0000004a,74
371,0x0000004a,74
372,0x0000004a,74
373,0x0000005a,90
374,0x0000003c,60
375,0x0000004a,74
376,0x0000004a,74
377,0x0000003c,60
378,0x0000004e,78
379,0x0000005a,90
380,0x0000004a,74
381,0x0000003c,60
382,0x0000003c,60
383,0x0000004a,74
384,0x0000004a,74
385,0x000000a0,160
386,0x0000004a,74
387,0x0000003c,60
388,0x0000004a,74
389,0x0000005a,90
390,0x0000004a,74
391,0x0000004a,74
392,0x0000004a,74
393,0x0000004a,74
394,0x0000004a,74
395,0x0000003c,60
396,0x0000004a,74
397,0x0000004a,74
398,0x0000004a,74
399,0x0000004a,74
400,0x0000004a,74
401,0x0000004a,74
402,0x0000004a,74
403,0x0000004a,74
404,0x00000046,70
405,0x0000004a,74
406,0x0000004a,74
407,0x0000003c,60
408,0x0000004a,74
409,0x0000004a,74
410,0x0000004a,74
411,0x0000004a,74
412,0x0000004a,74
413,0x0000004a,74
414,0x0000004a,74
415,0x0000004a,74
416,0x0000004a,74
417,0x0000004a,74
418,0x0000004a,74
419,0x0000004a,74
420,0x0000004a,74
421,0x0000004a,74
422,0x0000003c,60
423,0x0000004a,74
424,0x0000004a,74
425,0x00000046,70
426,0x0000004a,74
427,0x0000004a,74
428,0x0000004a,74
429,0x0000004a,74
430,0x0000003c,60
431,0x0000004a,74
432,0x0000004a,74
433,0x0000004a,74
434,0x0000003c,60
435,0x0000004a,74
436,0x0000004a,74
437,0x0000004a,74
438,0x0000004a,74
439,0x0000004a,74
440,0x0000004a,74
441,0x0000004a,74
442,0x0000004a,74
443,0x0000004a,74
444,0x0000004a,74
445,0x0000004a,74
446,0x0000004a,74
447,0x0000004a,74
448,0x0000004a,74
449,0x0000004a,74
450,0x0000004a,74
451,0x0000004a,74
452,0x0000004a,74
453,0x0000004a,74
454,0x0000003c,60
455,0x0000004a,74
456,0x0000004a,74
457,0x0000004a,74
458,0x0000004a,74
459,0x0000004a,74
460,0x0000004a,74
461,0x0000004a,74
462,0x0000004a,74
463,0x0000004a,74
464,0x0000004a,74
465,0x0000004a,74
466,0x0000004a,74
467,0x0000004a,74
468,0x0000004a,74
469,0x0000004a,74
470,0x0000004a,74
471,0x0000004a,74
472,0x0000004a,74
473,0x0000004a,74
474,0x0000004a,74
475,0x0000004a,74
476,0x0000004a,74
477,0x0000004a,74
478,0x0000004a,74
479,0x0000004a,74
480,0x0000004a,74
481,0x0000004a,74
482,0x0000004a,74
483,0x0000004a,74
484,0x0000004a,74
485,0x0000004a,74
486,0x0000004a,74
487,0x0000004a,74
488,0x0000004a,74
489,0x0000004a,74
490,0x0000004a,74
491,0x0000004a,74
492,0x0000004a,74
493,0x0000004a,74
494,0x0000004a,74
495,0x0000004a,74
496,0x0000004a,74
497,0x0000004a,74
498,0x0000004a,74
499,0x0000004a,74
500,0x0000004a,74
501,0x0000004a,74
502,0x0000004a,74
503,0x0000004a,74
504,0x0000004a,74
505,0x0000004a,74
506,0x0000004a,74
507,0x0000004a,74
508,0x0000004a,74
509,0x0000004a,74
510,0x0000004a,74
511,0x0000003c,60
512,0x0000004a,74
513,0x0000004a,74
514,0x0000004a,74
515,0x0000004a,74
516,0x0000004a,74
517,0x0000004a,74
518,0x0000004a,74
519,0x0000004a,74
520,0x0000004a,74
521,0x0000004a,74
522,0x0000004a,74
523,0x0000004a,74
524,0x0000004a,74
525,0x0000004a,74
526,0x0000004a,74
527,0x0000004a,74
528,0x0000004a,74
529,0x0000004a,74
530,0x0000004a,74
531,0x0000005a,90
532,0x0000003c,60
533,0x0000004a,74
534,0x0000004a,74
535,0x0000004a,74
536,0x0000004e,78
537,0x0000004a,74
538,0x0000003c,60
539,0x0000005a,90
540,0x0000004a,74
541,0x0000003c,60
542,0x0000004a,74
543,0x0000003c,60
544,0x0000004a,74
545,0x0000004a,74
546,0x000000a0,160
547,0x0000004a,74
548,0x0000004a,74
549,0x0000005a,90
550,0x0000003c,60
551,0x0000004a,74
552,0x0000004a,74
553,0x0000004a,74
554,0x0000004a,74
555,0x0000004a,74
556,0x0000004a,74
557,0x0000004a,74
558,0x0000004a,74
559,0x0000003c,60
560,0x0000004a,74
561,0x0000004a,74
562,0x0000003c,60
563,0x0000004a,74
564,0x0000004a,74
565,0x0000004a,74
566,0x0000004a,74
567,0x0000004a,74
568,0x0000004a,74
569,0x0000004a,74
570,0x00000046,70
571,0x0000004a,74
572,0x0000003c,60
573,0x0000004a,74
574,0x0000004a,74
575,0x0000004a,74
576,0x0000004a,74
577,0x0000003c,60
578,0x0000004a,74
579,0x0000004a,74
580,0x0000004a,74
581,0x0000004a,74
582,0x0000004a,74
583,0x0000004a,74
584,0x0000004a,74
585,0x0000004a,74
586,0x0000004a,74
587,0x0000004a,74
588,0x0000004a,74
589,0x0000004a,74
590,0x0000004a,74
591,0x0000004a,74
592,0x0000003c,60
593,0x0000004a,74
594,0x0000004a,74
595,0x00000046,70
596,0x0000004a,74
597,0x0000004a,74
598,0x0000004a,74
599,0x0000003c,60
600,0x0000004a,74
601,0x0000004a,74
602,0x0000004a,74
603,0x0000004a,74
604,0x0000003c,60
605,0x0000004a,74
606,0x0000004a,74
607,0x0000004a,74
608,0x0000004a,74
609,0x0000004a,74
610,0x0000004a,74
611,0x0000004a,74
612,0x0000004a,74
613,0x0000004a,74
614,0x0000004a,74
615,0x0000004a,74
616,0x0000004a,74
617,0x0000004a,74
618,0x0000004a,74
619,0x0000004a,74
620,0x0000004a,74
621,0x0000004a,74
622,0x0000004a,74
623,0x0000004a,74
624,0x0000004a,74
625,0x0000004a,74
626,0x0000004a,74
627,0x0000004a,74
628,0x0000004a,74
629,0x0000004a,74
630,0x0000004a,74
631,0x0000004a,74
632,0x0000004a,74
633,0x0000004a,74
634,0x0000004a,74
635,0x0000004a,74
636,0x0000004a,74
637,0x0000004a,74
638,0x0000004a,74
639,0x0000004a,74
640,0x0000004a,74
641,0x0000004a,74
642,0x0000004a,74
643,0x0000004a,74
644,0x0000004a,74
645,0x0000004a,74
646,0x0000004a,74
647,0x0000004a,74
648,0x0000004a,74
649,0x0000004a,74
650,0x0000004a,74
651,0x0000004a,74
652,0x0000004a,74
653,0x0000004a,74
654,0x0000004a,74
655,0x0000004a,74
656,0x0000004a,74
657,0x0000004a,74
658,0x0000004a,74
659,0x0000004a,74
660,0x0000004a,74
661,0x0000004a,74
662,0x0000004a,74
663,0x0000004a,74
664,0x0000004a,74
665,0x0000004a,74
666,0x0000004a,74
667,0x0000004a,74
668,0x0000004a,74
669,0x0000004a,74
670,0x0000003c,60
671,0x0000004a,74
672,0x0000004a,74
673,0x0000004a,74
674,0x0000004a,74
675,0x0000004a,74
676,0x0000004a,74
677,0x0000004a,74
678,0x0000004a,74
679,0x0000004a,74
680,0x0000004a,74
681,0x0000004a,74
682,0x0000004a,74
683,0x0000004a,74
684,0x0000004a,74
685,0x0000004a,74
686,0x0000004a,74
687,0x0000004a,74
688,0x0000004a,74
689,0x0000004a,74
690,0x0000004a,74
691,0x0000004a,74
692,0x0000004a,74
693,0x0000004a,74
694,0x0000004a,74
695,0x0000004a,74
696,0x0000004a,74
697,0x0000004a,74
698,0x0000004a,74
699,0x0000003c,60
700,0x0000004a,74
701,0x0000004a,74
702,0x0000004a,74
703,0x0000004a,74
704,0x0000004a,74
705,0x0000004a,74
706,0x0000004a,74
707,0x0000004a,74
708,0x0000004a,74
709,0x0000004a,74
710,0x0000004a,74
711,0x0000004a,74
712,0x0000004a,74
713,0x0000004a,74
714,0x0000004a,74
715,0x0000004a,74
716,0x0000004a,74
717,0x0000004a,74
718,0x0000004a,74
719,0x0000004a,74
720,0x0000004a,74
721,0x0000004a,74
722,0x0000004a,74
723,0x0000004a,74
724,0x0000004a,74
725,0x0000003c,60
726,0x0000004a,74
727,0x0000004a,74
728,0x0000004a,74
729,0x0000004a,74
730,0x0000004a,74
731,0x0000004a,74
732,0x0000004a,74
733,0x0000004a,74
734,0x0000004a,74
735,0x0000003c,60
736,0x0000004a,74
737,0x0000004a,74
738,0x0000004a,74
739,0x0000003c,60
740,0x0000004a,74
741,0x0000004a,74
742,0x0000004a,74
743,0x0000004a,74
744,0x0000004a,74
745,0x0000004a,74
746,0x0000004a,74
747,0x0000004a,74
748,0x0000004a,74
749,0x0000004a,74
750,0x0000004a,74
751,0x0000004a,74
752,0x0000004a,74
753,0x0000004a,74
754,0x0000004a,74
755,0x0000003c,60
756,0x0000004a,74
757,0x0000004a,74
758,0x0000004a,74
759,0x0000004a,74
760,0x0000004a,74
761,0x0000004a,74
762,0x0000004a,74
763,0x0000004a,74
764,0x0000004a,74
765,0x0000003c,60
766,0x0000004a,74
767,0x0000004a,74
768,0x0000004a,74
769,0x0000004a,74
770,0x0000003c,60
771,0x0000004a,74
772,0x0000004a,74
773,0x0000004a,74
774,0x0000004a,74
775,0x0000004a,74
776,0x0000004a,74
777,0x0000004a,74
778,0x0000004a,74
779,0x0000004a,74
780,0x0000004a,74
781,0x0000004a,74
782,0x0000004a,74
783,0x0000004a,74
784,0x0000004a,74
785,0x0000004a,74
786,0x0000004a,74
787,0x0000004a,74
788,0x0000004a,74
789,0x0000004a,74
790,0x0000003c,60
791,0x0000004a,74
792,0x0000004a,74
793,0x0000004a,74
794,0x0000004a,74
795,0x0000004a,74
796,0x0000004a,74
797,0x0000004a,74
798,0x0000004a,74
799,0x0000004a,74
800,0x0000004a,74
801,0x0000004a,74
802,0x0000003c,60
803,0x0000004a,74
804,0x0000004a,74
805,0x0000004a,74
806,0x0000004a,74
807,0x0000004a,74
808,0x0000004a,74
809,0x0000004a,74
810,0x0000004a,74
811,0x0000004a,74
812,0x0000004a,74
813,0x0000004a,74
814,0x0000004a,74
815,0x0000004a,74
816,0x0000004a,74
817,0x0000003c,60
818,0x0000004a,74
819,0x0000004a,74
820,0x0000004a,74
821,0x0000004a,74
822,0x0000004a,74
823,0x0000004a,74
824,0x0000004a,74
825,0x0000004a,74
826,0x0000004a,74
827,0x0000004a,74
828,0x0000004a,74
829,0x0000004a,74
830,0x0000004a,74
831,0x0000004a,74
832,0x0000004a,74
833,0x0000004a,74
834,0x0000004a,74
835,0x0000004a,74
836,0x0000004a,74
837,0x0000004a,74
838,0x0000004a,74
839,0x0000004a,74
840,0x0000004a,74
841,0x0000004a,74
842,0x0000004a,74
843,0x0000004a,74
844,0x0000004a,74
845,0x0000004a,74
846,0x0000004a,74
847,0x0000004a,74
848,0x0000004a,74
849,0x0000004a,74
850,0x000000a0,160
851,0x0000004a,74
852,0x0000005a,90
853,0x0000004a,74
854,0x0000004a,74
855,0x0000004a,74
856,0x0000004a,74
857,0x0000004a,74
858,0x0000004a,74
859,0x0000003c,60
860,0x0000004a,74
861,0x0000004a,74
862,0x0000004a,74
863,0x0000003c,60
864,0x0000004a,74
865,0x0000004a,74
866,0x0000004a,74
867,0x0000003c,60
868,0x00000046,70
869,0x0000004a,74
870,0x0000004a,74
871,0x0000004a,74
872,0x0000004a,74
873,0x0000004a,74
874,0x0000005a,90
875,0x0000003c,60
876,0x0000004a,74
877,0x0000004a,74
878,0x0000003c,60
879,0x0000004a,74
880,0x0000004a,74
881,0x0000004a,74
882,0x0000004a,74
883,0x0000004a,74
884,0x0000004a,74
885,0x0000003c,60
886,0x0000004a,74
887,0x0000004a,74
888,0x0000003c,60
889,0x0000004a,74
890,0x0000004a,74
891,0x0000004a,74
892,0x0000004a,74
893,0x0000004a,74
894,0x00000046,70
895,0x0000004a,74
896,0x0000004a,74
897,0x0000004a,74
898,0x0000004a,74
899,0x0000004a,74
900,0x00000046,70
901,0x0000004a,74
902,0x0000004a,74
903,0x0000004a,74
904,0x0000004a,74
905,0x0000004a,74
906,0x0000004a,74
907,0x0000004a,74
908,0x0000003c,60
909,0x0000004a,74
910,0x0000004a,74
911,0x0000004a,74
912,0x0000003c,60
913,0x0000004a,74
914,0x0000004a,74
915,0x0000004a,74
916,0x0000004a,74
917,0x0000004a,74
918,0x0000004a,74
919,0x0000003c,60
920,0x0000004a,74
921,0x0000003c,60
922,0x0000004a,74
923,0x0000004a,74
924,0x0000004a,74
925,0x0000004a,74
926,0x00000046,70
927,0x0000004a,74
928,0x0000004a,74
929,0x0000004a,74
930,0x0000004a,74
931,0x0000004a,74
932,0x0000004a,74
933,0x0000004a,74
934,0x0000004a,74
935,0x0000004a,74
936,0x0000004a,74
937,0x0000004a,74
938,0x0000004a,74
939,0x0000004a,74
940,0x0000004a,74
941,0x0000004a,74
942,0x0000004a,74
943,0x0000004a,74
944,0x0000004a,74
945,0x0000004a,74
946,0x0000004a,74
947,0x0000004a,74
948,0x0000004a,74
949,0x0000004a,74
950,0x0000004a,74
951,0x0000004a,74
952,0x0000004a,74
953,0x0000004a,74
954,0x0000004a,74
955,0x0000004a,74
956,0x0000004a,74
957,0x0000004a,74
958,0x0000004a,74
959,0x0000004a,74
960,0x0000004a,74
961,0x0000004a,74
962,0x0000004a,74
963,0x0000004a,74
964,0x0000004a,74
965,0x0000004a,74
966,0x0000004a,74
967,0x0000004a,74
968,0x0000004a,74
969,0x0000004a,74
970,0x0000004a,74
971,0x0000004a,74
972,0x0000004a,74
973,0x00000042,66
974,0x00000218,536
975,0x00000042,66
976,0x0000005c,92
977,0x00000042,66
978,0x000000bd,189
979,0x0000132b,4907
980,0x000000de,222
981,0x000005dc,1500
982,0x00000042,66
983,0x000000ae,174
984,0x000000bd,189
985,0x00000042,66
986,0x0000004a,74
987,0x0000004a,74
988,0x0000004a,74
989,0x0000004a,74
990,0x0000004a,74
991,0x0000004a,74
992,0x000000b2,178
993,0x00000042,66
994,0x00000053,83
995,0x000000bd,189
996,0x0000132b,4907
997,0x000000de,222
998,0x0000015c,348
999,0x00000480,1152
1000,0x00000042,66
1001,0x00000042,66
1002,0x000000ae,174
1003,0x000000bd,189
1004,0x00000042,66
1005,0x0000004a,74
1006,0x0000004a,74
1007,0x0000004a,74
1008,0x0000004a,74
1009,0x0000004a,74
1010,0x000000b2,178
1011,0x00000042,66
1012,0x00000053,83
1013,0x000000bd,189
1014,0x0000132b,4907
1015,0x000000de,222
1016,0x000002b4,692
1017,0x00000374,884
1018,0x00000042,66
1019,0x000000ad,173
1020,0x000000bd,189
1021,0x00000042,66
1022,0x0000004a,74
1023,0x0000004a,74
1024,0x0000004a,74
1025,0x0000004a,74
1026,0x0000004a,74
1027,0x000000b2,178
1028,0x00000095,149
1029,0x000000bd,189
1030,0x0000132b,4907
1031,0x000000de,222
1032,0x0000015c,348
1033,0x0000047f,1151
1034,0x00000042,66
1035,0x000000ae,174
1036,0x000000bd,189
1037,0x00000042,66
1038,0x0000004a,74
1039,0x0000004a,74
1040,0x0000004a,74
1041,0x0000004a,74
1042,0x0000004a,74
1043,0x000000b2,178
1044,0x00000042,66
1045,0x00000053,83
1046,0x000000bd,189
1047,0x0000132b,4907
1048,0x000000dd,221
1049,0x0000015b,347
1050,0x0000047d,1149
1051,0x00000042,66
1052,0x000000ad,173
1053,0x000000bd,189
1054,0x00000042,66
1055,0x0000004a,74
1056,0x0000004a,74
1057,0x00000229,553
1058,0x0000009e,158
1059,0x00000042,66
1060,0x000000bd,189
1061,0x00001077,4215
1062,0x000000d3,211
1063,0x0000015b,347
1064,0x0000047d,1149
1065,0x00000042,66
1066,0x000000ad,173
1067,0x000000bd,189
1068,0x00000042,66
1069,0x0000004a,74
1070,0x0000004a,74
1071,0x0000004a,74
1072,0x0000004a,74
1073,0x0000004a,74
1074,0x000000b2,178
1075,0x00000042,66
1076,0x00000053,83
1077,0x000000bd,189
1078,0x0000132b,4907
1079,0x000000dd,221
1080,0x00000158,344
1081,0x00000481,1153
1082,0x00000042,66
1083,0x000000ad,173
1084,0x000000bd,189
1085,0x00000042,66
1086,0x0000004a,74
1087,0x000000b2,178
1088,0x00000042,66
1089,0x00000095,149
1090,0x000000bd,189
1091,0x00001077,4215
1092,0x000000d3,211
1093,0x000005d6,1494
1094,0x00000042,66
1095,0x000000ad,173
1096,0x000000bd,189
1097,0x0000004a,74
1098,0x00000042,66
1099,0x0000004a,74
1100,0x0000004a,74
1101,0x0000004a,74
1102,0x0000004a,74
1103,0x0000004a,74
1104,0x0000004a,74
1105,0x00000042,66
1106,0x000001d2,466
1107,0x00000042,66
1108,0x0000009e,158
1109,0x000000bd,189
1110,0x0000132a,4906
1111,0x000000d3,211
1112,0x000005da,1498
1113,0x00000042,66
1114,0x000000ad,173
1115,0x000000bd,189
1116,0x00000042,66
1117,0x000000b2,178
1118,0x00000084,132
1119,0x00000060,96
1120,0x000000bd,189
1121,0x0000132b,4907
1122,0x000000df,223
1123,0x0000062d,1581
1124,0x00000042,66
1125,0x000000ae,174
1126,0x000000bd,189
1127,0x0000004a,74
1128,0x00000042,66
1129,0x000000b2,178
1130,0x00000042,66
1131,0x000000a2,162
1132,0x000000bd,189
1133,0x00001077,4215
1134,0x0000003c,60
1135,0x0000004a,74
1136,0x000000d4,212
1137,0x000005dc,1500
1138,0x00000042,66
1139,0x00000042,66
1140,0x000000ae,174
1141,0x000000bd,189
1142,0x00000042,66
1143,0x0000004a,74
1144,0x0000004a,74
1145,0x0000004a,74
1146,0x000000b2,178
1147,0x00000095,149
1148,0x000000bd,189
1149,0x0000132a,4906
1150,0x000000d4,212
1151,0x0000015b,347
1152,0x00000480,1152
1153,0x00000042,66
1154,0x000000ae,174
1155,0x000000bd,189
1156,0x00000042,66
1157,0x000000b2,178
1158,0x00000084,132
1159,0x00000060,96
1160,0x000000bd,189
1161,0x0000132b,4907
1162,0x000000de,222
1163,0x000002b5,693
1164,0x00000374,884
1165,0x00000042,66
1166,0x000000ad,173
1167,0x000000bd,189
1168,0x0000004a,74
1169,0x00000042,66
1170,0x0000004a,74
1171,0x0000004a,74
1172,0x000000b2,178
1173,0x00000095,149
1174,0x000000bd,189
1175,0x00001077,4215
1176,0x000000d4,212
1177,0x0000015b,347
1178,0x00000481,1153
1179,0x00000042,66
1180,0x00000042,66
1181,0x000000ae,174
1182,0x000000bd,189
1183,0x0000004a,74
1184,0x00000042,66
1185,0x0000004a,74
1186,0x0000004a,74
1187,0x000000b2,178
1188,0x00000042,66
1189,0x00000053,83
1190,0x000000bd,189
1191,0x0000132a,4906
1192,0x000000d4,212
1193,0x0000058e,1422
1194,0x00000042,66
1195,0x000000ae,174
1196,0x000000bd,189
1197,0x00000042,66
1198,0x000000b2,178
1199,0x00000042,66
1200,0x00000095,149
1201,0x0000004a,74
1202,0x000000bd,189
1203,0x0000132b,4907
1204,0x000000dd,221
1205,0x0000015c,348
1206,0x0000047c,1148
1207,0x00000084,132
1208,0x000000ad,173
1209,0x000000bd,189
1210,0x00000042,66
1211,0x0000004a,74
1212,0x000000b2,178
1213,0x00000095,149
1214,0x000000bd,189
1215,0x00001077,4215
1216,0x000000d4,212
1217,0x00000159,345
1218,0x000004d2,1234
1219,0x00000042,66
1220,0x00000042,66
1221,0x000000ae,174
1222,0x000000bd,189
1223,0x0000004a,74
1224,0x00000042,66
1225,0x0000004a,74
1226,0x0000004a,74
1227,0x000000b2,178
1228,0x00000084,132
1229,0x00000060,96
1230,0x000000bd,189
1231,0x0000132a,4906
1232,0x000000d3,211
1233,0x0000015a,346
1234,0x0000047c,1148
1235,0x00000084,132
1236,0x000000ad,173
1237,0x000000bd,189
1238,0x00000042,66
1239,0x0000004a,74
1240,0x000000b2,178
1241,0x00000095,149
1242,0x000000bd,189
1243,0x0000132b,4907
1244,0x000000de,222
1245,0x0000015a,346
1246,0x00000483,1155
1247,0x00000042,66
1248,0x00000042,66
1249,0x000000ae,174
1250,0x000000bd,189
1251,0x00000042,66
1252,0x0000004a,74
1253,0x00000214,532
1254,0x0000004a,74
1255,0x00000042,66
1256,0x0000005c,92
1257,0x00000042,66
1258,0x000000bd,189
1259,0x000011be,4542
1260,0x0000016c,364
1261,0x000000d4,212
1262,0x000002b6,694
1263,0x00000375,885
1264,0x00000084,132
1265,0x000000ae,174
1266,0x000000bd,189
1267,0x0000004a,74
1268,0x000000b2,178
1269,0x00000042,66
1270,0x00000095,149
1271,0x000000bd,189
1272,0x00001077,4215
1273,0x000000d3,211
1274,0x0000015b,347
1275,0x000004cb,1227
1276,0x00000042,66
1277,0x000000ad,173
1278,0x000000bd,189
1279,0x00000042,66
1280,0x0000004a,74
1281,0x00000042,66
1282,0x0000004a,74
1283,0x000000b2,178
1284,0x00000042,66
1285,0x00000042,66
1286,0x00000053,83
1287,0x000000bd,189
1288,0x0000132a,4906
1289,0x000000d3,211
1290,0x000004cc,1228
1291,0x0000015a,346
1292,0x00000042,66
1293,0x00000042,66
1294,0x000000ad,173
1295,0x000000bd,189
1296,0x00000042,66
1297,0x0000004a,74
1298,0x0000004a,74
1299,0x000000b2,178
1300,0x00000042,66
1301,0x00000053,83
1302,0x000000bd,189
1303,0x0000132b,4907
1304,0x000000df,223
1305,0x0000015c,348
1306,0x00000481,1153
1307,0x00000042,66
1308,0x000000ae,174
1309,0x000000bd,189
1310,0x00000042,66
1311,0x0000004a,74
1312,0x000000b2,178
1313,0x00000042,66
1314,0x000000a2,162
1315,0x000000bd,189
1316,0x0000004a,74
1317,0x0000132a,4906
1318,0x000000d4,212
1319,0x000005de,1502
1320,0x00000042,66
1321,0x000000ae,174
1322,0x000000bd,189
1323,0x000000b2,178
1324,0x00000095,149
1325,0x000000bd,189
1326,0x00001077,4215
1327,0x0000004a,74
1328,0x000000d3,211
1329,0x000005d8,1496
1330,0x00000042,66
1331,0x000000ad,173
1332,0x000000bd,189
1333,0x00000042,66
1334,0x00000042,66
1335,0x0000004a,74
1336,0x000000b2,178
1337,0x00000042,66
1338,0x00000053,83
1339,0x000000bd,189
1340,0x0000132a,4906
1341,0x000000d4,212
1342,0x0000062d,1581
1343,0x00000042,66
1344,0x00000042,66
1345,0x000000ae,174
1346,0x000000bd,189
1347,0x0000004a,74
1348,0x00000042,66
1349,0x000000b2,178
1350,0x00000042,66
1351,0x00000095,149
1352,0x000000bd,189
1353,0x0000132b,4907
1354,0x000000df,223
1355,0x0000058e,1422
1356,0x000000ae,174
1357,0x000000bd,189
1358,0x00000042,66
1359,0x0000004a,74
1360,0x0000004a,74
1361,0x000000b2,178
1362,0x00000042,66
1363,0x000000a2,162
1364,0x000000bd,189
1365,0x0000132a,4906
1366,0x000000d3,211
1367,0x000005d9,1497
1368,0x00000042,66
1369,0x000000ad,173
1370,0x000000bd,189
1371,0x0000004a,74
1372,0x000000b2,178
1373,0x00000095,149
1374,0x000000bd,189
1375,0x00001077,4215
1376,0x000000d4,212
1377,0x0000062c,1580
1378,0x000000ae,174
1379,0x000000bd,189
1380,0x00000042,66
1381,0x00000042,66
1382,0x0000004a,74
1383,0x000000b2,178
1384,0x00000042,66
1385,0x00000095,149
1386,0x000000bd,189
1387,0x0000132a,4906
1388,0x0000004a,74
1389,0x000000d3,211
1390,0x000003c0,960
1391,0x00000267,615
1392,0x00000042,66
1393,0x000000ad,173
1394,0x000000bd,189
1395,0x00000042,66
1396,0x000000a1,161
1397,0x00000042,66
1398,0x00000060,96
1399,0x000000bd,189
1400,0x0000132b,4907
1401,0x000000de,222
1402,0x000002b6,694
1403,0x00000377,887
1404,0x00000042,66
1405,0x000000ae,174
1406,0x000000bd,189
1407,0x00000042,66
1408,0x0000004a,74
1409,0x0000004a,74
1410,0x000000b2,178
1411,0x00000042,66
1412,0x00000095,149
1413,0x0000004a,74
1414,0x000000bd,189
1415,0x0000132a,4906
1416,0x000000d3,211
1417,0x000004ce,1230
1418,0x0000015b,347
1419,0x00000042,66
1420,0x000000ad,173
1421,0x000000bd,189
1422,0x000000b2,178
1423,0x00000042,66
1424,0x00000042,66
1425,0x00000060,96
1426,0x000000bd,189
1427,0x00001077,4215
1428,0x000000d4,212
1429,0x00000481,1153
1430,0x0000015c,348
1431,0x00000042,66
1432,0x000000ae,174
1433,0x000000bd,189
1434,0x00000042,66
1435,0x00000042,66
1436,0x0000004a,74
1437,0x0000004a,74
1438,0x000000b2,178
1439,0x00000042,66
1440,0x00000095,149
1441,0x000000bd,189
1442,0x0000132a,4906
1443,0x000000d3,211
1444,0x00000589,1417
1445,0x00000042,66
1446,0x000000ad,173
1447,0x000000bd,189
1448,0x00000042,66
1449,0x000000b2,178
1450,0x00000042,66
1451,0x00000053,83
1452,0x000000bd,189
1453,0x0000132b,4907
1454,0x000000dd,221
1455,0x000003c1,961
1456,0x00000267,615
1457,0x00000042,66
1458,0x000000ad,173
1459,0x000000bd,189
1460,0x00000042,66
1461,0x0000004a,74
1462,0x0000004a,74
1463,0x0000004a,74
1464,0x000000b2,178
1465,0x00000042,66
1466,0x00000053,83
1467,0x000000bd,189
1468,0x0000132a,4906
1469,0x000000d3,211
1470,0x000005d9,1497
1471,0x00000042,66
1472,0x00000042,66
1473,0x000000ad,173
1474,0x000000bd,189
1475,0x000000b2,178
1476,0x00000042,66
1477,0x00000042,66
1478,0x00000060,96
1479,0x000000bd,189
1480,0x00001077,4215
1481,0x000000d4,212
1482,0x000004d0,1232
1483,0x0000015c,348
1484,0x00000042,66
1485,0x000000ae,174
1486,0x000000bd,189
1487,0x00000042,66
1488,0x00000042,66
1489,0x0000004a,74
1490,0x00000042,66
1491,0x00000218,536
1492,0x00000042,66
1493,0x0000005c,92
1494,0x00000042,66
1495,0x000000bd,189
1496,0x0000004a,74
1497,0x00001d92,7570
1498,0x000009d4,2516
1499,0x000000dd,221
1500,0x0000004a,74
1501,0x00000042,66
1502,0x000000dd,221
1503,0x00002f50,12112
1504,0x00000bd4,3028
1505,0x0000237c,9084
1506,0x00002f50,12112
1507,0x000017a8,6056
1508,0x00004ce2,19682
1509,0x0000237c,9084
1510,0x00002f50,12112
1511,0x0000410e,16654
1512,0x00002966,10598
1513,0x0000410e,16654
1514,0x00002f50,12112
1515,0x00003b24,15140
1516,0x00003b24,15140
1517,0x00002f50,12112
1518,0x00004ce2,19682
1519,0x00003b24,15140
1520,0x000017a8,6056
1521,0x00001d92,7570
1522,0x00002f50,12112
1523,0x0000353a,13626
1524,0x0000237c,9084
1525,0x00002f50,12112
1526,0x0000353a,13626
1527,0x00002966,10598
1528,0x00000bd4,3028
1529,0x0000237c,9084
1530,0x00004c8d,19597
1531,0x000000ad,173
1532,0x00001330,4912
1533,0x000000df,223
1534,0x000005de,1502
1535,0x00000042,66
1536,0x000000ae,174
1537,0x00001044,4164
1538,0x0000030c,780
1539,0x00000042,66
1540,0x000000bf,191
1541,0x00000053,83
1542,0x00003cea,15594
1543,0x000004a8,1192
1544,0x00000dea,3562
1545,0x00000042,66
1546,0x000000ad,173
1547,0x00000042,66
1548,0x00000296,662
1549,0x00000042,66
1550,0x0000020b,523
1551,0x00000042,66
1552,0x000000ad,173
1553,0x000000de,222
1554,0x0000033c,828
1555,0x00000042,66
1556,0x000000ad,173
1557,0x000000ae,174
1558,0x00000042,66
1559,0x0000020c,524
1560,0x0000045d,1117
1561,0x00000042,66
1562,0x000000ad,173
1563,0x00000121,289
1564,0x000000ae,174
1565,0x000027c4,10180
1566,0x00001e17,7703
1567,0x00000042,66
1568,0x00000423,1059
1569,0x000002b8,696
1570,0x00000940,2368
1571,0x0000014a,330
1572,0x00000042,66
1573,0x00000252,594
1574,0x00000108,264
1575,0x0000018c,396
1576,0x00000084,132
1577,0x00000108,264
1578,0x000000c6,198
1579,0x000000c6,198
1580,0x00000210,528
1581,0x00000042,66
1582,0x00000042,66
1583,0x00000042,66
1584,0x000001ce,462
1585,0x00000042,66
1586,0x00000210,528
1587,0x00000042,66
1588,0x00000042,66
1589,0x00000318,792
1590,0x0000035a,858
1591,0x00000042,66
1592,0x00000042,66
1593,0x00000294,660
1594,0x0000014a,330
1595,0x0000018c,396
1596,0x00000042,66
1597,0x00000042,66
1598,0x00000318,792
1599,0x00000042,66
1600,0x00000042,66
1601,0x00000042,66
1602,0x00000252,594
1603,0x00000042,66
1604,0x00000210,528
1605,0x00000042,66
1606,0x000001ce,462
1607,0x0000018c,396
1608,0x0000014a,330
1609,0x00000042,66
1610,0x00000042,66
1611,0x000002d6,726
1612,0x00000042,66
1613,0x00000294,660
1614,0x00000084,132
1615,0x0000018c,396
1616,0x00000042,66
1617,0x00000042,66
1618,0x00000084,132
1619,0x0000018c,396
1620,0x000000c6,198
1621,0x00000042,66
1622,0x0000018c,396
1623,0x00000042,66
1624,0x000002d6,726
1625,0x00000084,132
1626,0x000000ad,173
1627,0x000001bf,447
1628,0x00000042,66
1629,0x000000ae,174
1630,0x00000042,66
1631,0x00002315,8981
1632,0x000000a2,162
1633,0x00000210,528
1634,0x00000531,1329
1635,0x00000071,113
1636,0x00000318,792
1637,0x0000035a,858
1638,0x00000087,135
1639,0x000000c6,198
1640,0x00000294,660
1641,0x0000035a,858
1642,0x00000084,132
1643,0x000004a4,1188
1644,0x00000042,66
1645,0x000001ce,462
1646,0x00000042,66
1647,0x00000108,264
1648,0x0000004a,74
1649,0x000000a4,164
1650,0x000010a6,4262
1651,0x0000020e,526
1652,0x000046f8,18168
1653,0x00000bd4,3028
1654,0x00006a74,27252
1655,0x000011be,4542
1656,0x00007648,30280
1657,0x00000bd4,3028
1658,0x00000bd4,3028
1659,0x00007648,30280
1660,0x00000bd4,3028
1661,0x00007c32,31794
1662,0x000099c4,39364
1663,0x00008806,34822
1664,0x000017a8,6056
1665,0x00002f50,12112
1666,0x00007c32,31794
1667,0x0000b16c,45420
1668,0x00000f99,3993
1669,0x000000b2,178
1670,0x00000084,132
1671,0x00000060,96
1672,0x00000042,66
1673,0x000000bf,191
1674,0x0000021a,538
1675,0x00000524,1316
1676,0x00000042,66
1677,0x00000084,132
1678,0x0000035a,858
1679,0x00000087,135
1680,0x00000042,66
1681,0x00000252,594
1682,0x00000084,132
1683,0x000000bd,189
1684,0x00000042,66
1685,0x00000294,660
1686,0x00000252,594
1687,0x000001ce,462
1688,0x00000042,66
1689,0x00001358,4952
1690,0x000017a8,6056
1691,0x0000821c,33308
1692,0x0000648a,25738
1693,0x00001d92,7570
1694,0x000011be,4542
1695,0x0000353a,13626
1696,0x0000821c,33308
1697,0x00000bd4,3028
1698,0x00004ce2,19682
1699,0x0000705e,28766
1700,0x0000e0bc,57532
1701,0x00002f50,12112
1702,0x0000bd40,48448
1703,0x00002966,10598
1704,0x00005c7b,23675
1705,0x0000132a,4906
1706,0x000000f0,240
1707,0x000006c3,1731
1708,0x000000d4,212
1709,0x0000058d,1421
1710,0x0000014a,330
1711,0x00000108,264
1712,0x00000252,594
1713,0x00000087,135
1714,0x00000042,66
1715,0x000000ae,174
1716,0x000001ce,462
1717,0x00000042,66
1718,0x000001ce,462
1719,0x00000042,66
1720,0x000002d6,726
1721,0x00001358,4952
1722,0x000011be,4542
1723,0x0000c914,51476
1724,0x000058b6,22710
1725,0x0000b16c,45420
1726,0x0000237c,9084
1727,0x0000e6a6,59046
1728,0x0000e0bc,57532
1729,0x0000410e,16654
1730,0x0000b756,46934
1731,0x000038ff,14591
1732,0x00000042,66
1733,0x000000ad,173
1734,0x000006c2,1730
1735,0x00000084,132
1736,0x000001ce,462
1737,0x00000297,663
1738,0x00000042,66
1739,0x0000033e,830
1740,0x00000420,1056
1741,0x00000210,528
1742,0x00000318,792
1743,0x0000014a,330
1744,0x00000209,521
1745,0x0000114a,4426
1746,0x0000020e,526
1747,0x00008806,34822
1748,0x000093da,37850
1749,0x00000042,66
1750,0x0000d4e8,54504
1751,0x00007ce0,31968
1752,0x00007648,30280
1753,0x0000e6a6,59046
1754,0x000011be,4542
1755,0x00005ea0,24224
1756,0x0000c6ef,50927
1757,0x00000042,66
1758,0x000000ad,173
1759,0x0000020f,527
1760,0x000004b5,1205
1761,0x00000084,132
1762,0x00000087,135
1763,0x00000294,660
1764,0x00000252,594
1765,0x00000210,528
1766,0x00000042,66
1767,0x00000042,66
1768,0x00000042,66
1769,0x00000294,660
1770,0x000000a4,164
1771,0x000012b4,4788
1772,0x00015cee,89326
1773,0x00002f50,12112
1774,0x000058b6,22710
1775,0x0000821c,33308
1776,0x0000705e,28766
1777,0x00001d92,7570
1778,0x00005ea0,24224
1779,0x0000b756,46934
1780,0x000046f8,18168
1781,0x00002966,10598
1782,0x000085e1,34273
1783,0x0000353a,13626
1784,0x000005ea,1514
1785,0x00000042,66
1786,0x000000ad,173
1787,0x000000df,223
1788,0x00000505,1285
1789,0x00000307,775
1790,0x00000042,66
1791,0x000000f0,240
1792,0x00000120,288
1793,0x00000087,135
1794,0x000004a4,1188
1795,0x00000042,66
1796,0x000000d4,212
1797,0x00000b2c,2860
1798,0x0000059f,1439
1799,0x000001ce,462
1800,0x00000042,66
1801,0x00000042,66
1802,0x00000042,66
1803,0x000000ae,174
1804,0x00000042,66
1805,0x000000a4,164
1806,0x000012b4,4788
1807,0x0000a598,42392
1808,0x0000f864,63588
1809,0x0000c32a,49962
1810,0x000115f6,71158
1811,0x00000bd4,3028
1812,0x0000d4e8,54504
1813,0x0000a95d,43357
1814,0x00000042,66
1815,0x000000ae,174
1816,0x000000de,222
1817,0x00000506,1286
1818,0x0000013b,315
1819,0x00000042,66
1820,0x000000c9,201
1821,0x00000084,132
1822,0x000000c6,198
1823,0x00000042,66
1824,0x0000014a,330
1825,0x00000084,132
1826,0x00001358,4952
1827,0x0001b5a4,112036
1828,0x000017a8,6056
1829,0x00007c32,31794
1830,0x000162d8,90840
1831,0x0000353a,13626
1832,0x0000fe4e,65102
1833,0x00002157,8535
1834,0x00000042,66
1835,0x000000ad,173
1836,0x0000020f,527
1837,0x000004bb,1211
1838,0x0000014d,333
1839,0x000000c6,198
1840,0x000000c6,198
1841,0x00000084,132
1842,0x0000014a,330
1843,0x00000084,132
1844,0x00001157,4439
1845,0x0000020e,526
1846,0x0000821c,33308
1847,0x00018c3e,101438
1848,0x00010a22,68130
1849,0x00010a22,68130
1850,0x0000410e,16654
1851,0x00009d89,40329
1852,0x00000042,66
1853,0x000000ae,174
1854,0x00000210,528
1855,0x000004b9,1209
1856,0x00000084,132
1857,0x000000c9,201
1858,0x0000014a,330
1859,0x00000084,132
1860,0x00000084,132
1861,0x000000c6,198
1862,0x000000a4,164
1863,0x000012b4,4788
1864,0x00002f50,12112
1865,0x0001df0a,122634
1866,0x0000410e,16654
1867,0x00001d92,7570
1868,0x0000ec90,60560
1869,0x00013972,80242
1870,0x000052cc,21196
1871,0x00001b6d,7021
1872,0x00000042,66
1873,0x000000ae,174
1874,0x000004b6,1206
1875,0x0000020b,523
1876,0x00000084,132
1877,0x00000042,66
1878,0x0000018f,399
1879,0x000000c6,198
1880,0x00000042,66
1881,0x00000084,132
1882,0x00000084,132
1883,0x00001358,4952
1884,0x000121ca,74186
1885,0x00016eac,93868
1886,0x000046f8,18168
1887,0x0001e4f4,124148
1888,0x000044d3,17619
1889,0x000000ef,239
1890,0x000000dd,221
1891,0x000005e3,1507
1892,0x00000042,66
1893,0x00000084,132
1894,0x0000014d,333
1895,0x00000108,264
1896,0x00000042,66
1897,0x00000108,264
1898,0x00000042,66
1899,0x000000a4,164
1900,0x000012b4,4788
1901,0x000093da,37850
1902,0x0001df0a,122634
1903,0x0000648a,25738
1904,0x0000237c,9084
1905,0x0000c914,51476
1906,0x000127b4,75700
1907,0x00001583,5507
1908,0x00000042,66
1909,0x00000042,66
1910,0x0000018b,395
1911,0x000000ad,173
1912,0x000006d9,1753
1913,0x00000042,66
1914,0x00000084,132
1915,0x000001d1,465
1916,0x00000084,132
1917,0x00000084,132
1918,0x00000042,66
1919,0x00000042,66
1920,0x00000084,132
1921,0x00000084,132
1922,0x00001365,4965
1923,0x00013f5c,81756
1924,0x0001bb8e,113550
1925,0x00006a74,27252
1926,0x00019bd7,105431
1927,0x00000042,66
1928,0x000000ae,174
1929,0x0000020e,526
1930,0x000004da,1242
1931,0x000000c6,198
1932,0x000000c6,198
1933,0x0000014a,330
1934,0x00000087,135
1935,0x00000042,66
1936,0x00000084,132
1937,0x000000a4,164
1938,0x000012b4,4788
1939,0x0001d336,119606
1940,0x000168c2,92354
1941,0x0000dad2,56018
1942,0x0000ea6b,60011
1943,0x00000042,66
1944,0x000000ad,173
1945,0x00000210,528
1946,0x000003f4,1012
1947,0x0000013c,316
1948,0x00000042,66
1949,0x00000042,66
1950,0x0000014a,330
1951,0x0000014d,333
1952,0x00000042,66
1953,0x00000084,132
1954,0x000000a4,164
1955,0x000012b4,4788
1956,0x00014546,83270
1957,0x0001df0a,122634
1958,0x000058b6,22710
1959,0x00006a74,27252
1960,0x000119bb,72123
1961,0x00000042,66
1962,0x000000ae,174
1963,0x0000020e,526
1964,0x000004cd,1229
1965,0x00000042,66
1966,0x00000084,132
1967,0x0000014d,333
1968,0x00000108,264
1969,0x00000084,132
1970,0x00000084,132
1971,0x000000a4,164
1972,0x000012b4,4788
1973,0x00009fae,40878
1974,0x0001e4f4,124148
1975,0x00013f5c,81756
1976,0x00013972,80242
1977,0x000003c5,965
1978,0x000000ef,239
1979,0x000000de,222
1980,0x000005eb,1515
1981,0x00000084,132
1982,0x000000c6,198
1983,0x000001d1,465
1984,0x00000042,66
1985,0x00000084,132
1986,0x00000042,66
1987,0x00001358,4952
1988,0x000121ca,74186
1989,0x0001df0a,122634
1990,0x00010438,66616
1991,0x000046f8,18168
1992,0x0000b531,46385
1993,0x000000ad,173
1994,0x000000de,222
1995,0x000000ae,174
1996,0x000000de,222
1997,0x000005fe,1534
1998,0x00000042,66
1999,0x00000042,66
2000,0x000000c9,201
2001,0x0000018c,396
2002,0x000000c6,198
2003,0x00000042,66
2004,0x00000042,66
2005,0x00000042,66
2006,0x00000042,66
2007,0x00000042,66
2008,0x00000084,132
2009,0x000000b1,177
2010,0x000012b4,4788
2011,0x0000fe4e,65102
2012,0x0001df0a,122634
2013,0x00014b30,84784
2014,0x00004ce2,19682
2015,0x00002f50,12112
2016,0x00005c7b,23675
2017,0x00000042,66
2018,0x000000ad,173
2019,0x000006f0,1776
2020,0x00000042,66
2021,0x00000125,293
2022,0x000001d1,465
2023,0x000000c6,198
2024,0x00000042,66
2025,0x00000084,132
2026,0x00000042,66
2027,0x000000a4,164
2028,0x000012b4,4788
2029,0x00011be0,72672
2030,0x0001df0a,122634
2031,0x00012d9e,77214
2032,0x000046f8,18168
2033,0x000091b5,37301
2034,0x00000042,66
2035,0x000000ae,174
2036,0x00000211,529
2037,0x000004d3,1235
2038,0x000000bd,189
2039,0x00000084,132
2040,0x0000010b,267
2041,0x00000108,264
2042,0x000000c6,198
2043,0x00000084,132
2044,0x00000042,66
2045,0x00000042,66
2046,0x000000a4,164
2047,0x000012b4,4788
2048,0x0001511a,86298
2049,0x0001e4f4,124148
2050,0x0000f27a,62074
2051,0x00006a74,27252
2052,0x00006e39,28217
2053,0x00000042,66
2054,0x000000ae,174
2055,0x000006da,1754
2056,0x00000042,66
2057,0x00000084,132
2058,0x0000018f,399
2059,0x0000018c,396
2060,0x00000084,132
2061,0x0000114a,4426
2062,0x0000020e,526
2063,0x00011be0,72672
2064,0x0001e4f4,124148
2065,0x000127b4,75700
2066,0x0000d8ad,55469
2067,0x000000ef,239
2068,0x0000020e,526
2069,0x00000510,1296
2070,0x00000042,66
2071,0x000000c6,198
2072,0x0000014d,333
2073,0x0000018c,396
2074,0x00000042,66
2075,0x0000132b,4907
2076,0x00000042,66
2077,0x00000042,66
2078,0x000000a4,164
2079,0x000010a6,4262
2080,0x0000020e,526
2081,0x0001a9d0,109008
2082,0x0001df0a,122634
2083,0x00009fae,40878
2084,0x0000d8ad,55469
2085,0x000000dd,221
2086,0x000005db,1499
2087,0x00000084,132
2088,0x0000015b,347
2089,0x0000011f,287
2090,0x000002bd,701
2091,0x00000509,1289
2092,0x00000042,66
2093,0x0000010b,267
2094,0x00000108,264
2095,0x000000c6,198
2096,0x00000042,66
2097,0x000000a4,164
2098,0x000012b4,4788
2099,0x00004ce2,19682
2100,0x0001e4f4,124148
2101,0x0001df0a,122634
2102,0x000017a8,6056
2103,0x0000ab82,43906
2104,0x00002d2b,11563
2105,0x00000060,96
2106,0x000000ae,174
2107,0x00000426,1062
2108,0x000002eb,747
2109,0x000000c6,198
2110,0x00000042,66
2111,0x00000108,264
2112,0x0000014d,333
2113,0x00000042,66
2114,0x00000042,66
2115,0x0000114a,4426
2116,0x0000020e,526
2117,0x0000410e,16654
2118,0x0001df0a,122634
2119,0x0001df0a,122634
2120,0x00002966,10598
2121,0x0000d8ad,55469
2122,0x00000042,66
2123,0x000000ad,173
2124,0x00000433,1075
2125,0x000002ea,746
2126,0x00000084,132
2127,0x000000c9,201
2128,0x00000108,264
2129,0x000000c6,198
2130,0x00000084,132
2131,0x0000033e,830
2132,0x00001358,4952
2133,0x0000bd40,48448
2134,0x0001df0a,122634
2135,0x00018c3e,101438
2136,0x00005ea0,24224
2137,0x00007a0d,31245
2138,0x00000212,530
2139,0x00000084,132
2140,0x000000ad,173
2141,0x000000ae,174
2142,0x00000210,528
2143,0x00000521,1313
2144,0x00000084,132
2145,0x00000084,132
2146,0x000000c6,198
2147,0x0000014d,333
2148,0x00000042,66
2149,0x00001358,4952
2150,0x00018c3e,101438
2151,0x0001e4f4,124148
2152,0x0000b756,46934
2153,0x0000d8ad,55469
2154,0x00000042,66
2155,0x000000ae,174
2156,0x00000211,529
2157,0x000004d3,1235
2158,0x00000042,66
2159,0x00000084,132
2160,0x0000014d,333
2161,0x0000014a,330
2162,0x00000084,132
2163,0x00002361,9057
2164,0x000000b1,177
2165,0x000012b4,4788
2166,0x0000c32a,49962
2167,0x0001e4f4,124148
2168,0x0001806a,98410
2169,0x0000410e,16654
2170,0x0000979f,38815
2171,0x00000042,66
2172,0x000000d4,212
2173,0x0000059b,1435
2174,0x000000ef,239
2175,0x000000de,222
2176,0x000000ae,174
2177,0x000000de,222
2178,0x000005f7,1527
2179,0x0000004a,74
2180,0x00000042,66
2181,0x00000084,132
2182,0x000000c6,198
2183,0x00000042,66
2184,0x0000010b,267
2185,0x0000014a,330
2186,0x000000c6,198
2187,0x00000084,132
2188,0x00000042,66
2189,0x000000c6,198
2190,0x00000189,393
2191,0x0000125f,4703
2192,0x00000277,631
2193,0x0000f369,62313
2194,0x0001df0a,122634
2195,0x00015704,87812
2196,0x00000084,132
2197,0x0000014a,330
2198,0x00000042,66
2199,0x00008df0,36336
2200,0x000044d3,17619
2201,0x0000008c,140
2202,0x00000084,132
2203,0x00000042,66
2204,0x00000042,66
2205,0x000000ae,174
2206,0x00000210,528
2207,0x00000558,1368
2208,0x00000042,66
2209,0x00000108,264
2210,0x0000036e,878
2211,0x00000108,264
2212,0x000000c6,198
2213,0x00000042,66
2214,0x000000a4,164
2215,0x000010a6,4262
2216,0x000013cc,5068
2217,0x0001df0a,122634
2218,0x0001e012,122898
2219,0x00013373,78707
2220,0x00003b24,15140
2221,0x0000018c,396
2222,0x0000014a,330
2223,0x00000042,66
2224,0x000000ae,174
2225,0x0000020e,526
2226,0x00000689,1673
2227,0x0000014a,330
2228,0x00000210,528
2229,0x00000084,132
2230,0x0000010b,267
2231,0x0000014a,330
2232,0x000000c6,198
2233,0x0000035a,858
2234,0x00001365,4965
2235,0x000162d8,90840
2236,0x0001df0a,122634
2237,0x0000e6a6,59046
2238,0x00000084,132
2239,0x000000de,222
2240,0x0000b16c,45420
2241,0x00002cda,11482
2242,0x00000b23,2851
2243,0x00000042,66
2244,0x00000042,66
2245,0x000000ad,173
2246,0x00000042,66
2247,0x0000019d,413
2248,0x00000612,1554
2249,0x00000042,66
2250,0x00000084,132
2251,0x000000c9,201
2252,0x000000c6,198
2253,0x0000014a,330
2254,0x00000084,132
2255,0x000000a4,164
2256,0x000012b4,4788
2257,0x0000237c,9084
2258,0x0001df0a,122634
2259,0x0001df0a,122634
2260,0x000046f8,18168
2261,0x0000d8ad,55469
2262,0x00000042,66
2263,0x000000ae,174
2264,0x0000020f,527
2265,0x000004d0,1232
2266,0x00000042,66
2267,0x000000c9,201
2268,0x000000c6,198
2269,0x000000c6,198
2270,0x0000014a,330
2271,0x00000042,66
2272,0x00001157,4439
2273,0x0000020e,526
2274,0x00018654,99924
2275,0x0001df0a,122634
2276,0x0000c32a,49962
2277,0x0000d8ad,55469
2278,0x00000042,66
2279,0x000000ae,174
2280,0x0000018b,395
2281,0x00000428,1064
2282,0x00000305,773
2283,0x00000042,66
2284,0x00000060,96
2285,0x000000c9,201
2286,0x000000c6,198
2287,0x00000108,264
2288,0x00000084,132
2289,0x0000114a,4426
2290,0x0000020e,526
2291,0x0001c762,116578
2292,0x0001e4f4,124148
2293,0x000154df,87263
2294,0x000000ef,239
2295,0x000000a4,164
2296,0x000014c2,5314
2297,0x000004d0,1232
2298,0x00000084,132
2299,0x00003600,13824
2300,0x0000018f,399
2301,0x00000084,132
2302,0x00000042,66
2303,0x00000042,66
2304,0x00003b24,15140
2305,0x00003b24,15140
2306,0x00001365,4965
2307,0x0000b756,46934
2308,0x0001e4f4,124148
2309,0x00018c3e,101438
2310,0x00007c32,31794
2311,0x0000d8ad,55469
2312,0x0000821c,33308
2313,0x00000042,66
2314,0x000000ad,173
2315,0x00000de4,3556
2316,0x00008148,33096
2317,0x00005ea0,24224
2318,0x00000042,66
2319,0x00000084,132
2320,0x0000014d,333
2321,0x0000018c,396
2322,0x00000084,132
2323,0x0000114a,4426
2324,0x00006698,26264
2325,0x0000b16c,45420
2326,0x0001df0a,122634
2327,0x00019812,104466
2328,0x0000353a,13626
2329,0x0000b756,46934
2330,0x00007ff7,32759
2331,0x000011be,4542
2332,0x00008df0,36336
2333,0x00000042,66
2334,0x000000ae,174
2335,0x0000067c,1660
2336,0x000017a8,6056
2337,0x00008df0,36336
2338,0x00000108,264
2339,0x0000014d,333
2340,0x0000014a,330
2341,0x00000084,132
2342,0x00003315,13077
2343,0x0000114a,4426
2344,0x0000020e,526
2345,0x0001511a,86298
2346,0x0001df0a,122634
2347,0x0000f864,63588
2348,0x00000042,66
2349,0x000000ae,174
2350,0x000017a8,6056
2351,0x0000c105,49413
2352,0x00000200,512
2353,0x00000508,1288
2354,0x0000018c,396
2355,0x00000042,66
2356,0x00000042,66
2357,0x00000087,135
2358,0x0000014a,330
2359,0x000000c6,198
2360,0x000000c6,198
2361,0x0000018c,396
2362,0x0000018c,396
2363,0x00000108,264
2364,0x00000042,66
2365,0x00000108,264
2366,0x00000042,66
2367,0x0000014a,330
2368,0x00000042,66
2369,0x0000014a,330
2370,0x00000108,264
2371,0x00000042,66
2372,0x0000014a,330
2373,0x00000042,66
2374,0x00000042,66
2375,0x00000042,66
2376,0x00000042,66
2377,0x0000014a,330
2378,0x000000a4,164
2379,0x000012b4,4788
2380,0x00008df0,36336
2381,0x00000bd4,3028
2382,0x000017a8,6056
2383,0x000093da,37850
2384,0x00002966,10598
2385,0x0000004a,74
2386,0x000099c4,39364
2387,0x0000cefe,52990
2388,0x0000004a,74
2389,0x0000d4e8,54504
2390,0x0000237c,9084
2391,0x0000bd40,48448
2392,0x00002966,10598
2393,0x00004abd,19133
2394,0x00000132,306
2395,0x000000df,223
2396,0x000000ae,174
2397,0x000000ad,173
2398,0x000000de,222
2399,0x000005f1,1521
2400,0x000000d4,212
2401,0x0000050d,1293
2402,0x0000012f,303
2403,0x00000042,66
2404,0x000000c6,198
2405,0x00000213,531
2406,0x00000210,528
2407,0x000001ce,462
2408,0x00000087,135
2409,0x000000a4,164
2410,0x000012b4,4788
2411,0x0000648a,25738
2412,0x0001df0a,122634
2413,0x0001df4c,122700
2414,0x0000de97,56983
2415,0x0000014a,330
2416,0x00000042,66
2417,0x00000042,66
2418,0x00000042,66
2419,0x00000252,594
2420,0x000000ad,173
2421,0x0000020e,526
2422,0x0000055e,1374
2423,0x00000210,528
2424,0x000000c6,198
2425,0x0000018f,399
2426,0x000000c6,198
2427,0x00000108,264
2428,0x00000084,132
2429,0x0000039c,924
2430,0x0000018c,396
2431,0x00000042,66
2432,0x000000a4,164
2433,0x000012b4,4788
2434,0x00006a74,27252
2435,0x0001e4f4,124148
2436,0x0001d962,121186
2437,0x00001358,4952
2438,0x00011fa5,73637
2439,0x0000821c,33308
2440,0x0000f8a6,63654
2441,0x000000ad,173
2442,0x00000219,537
2443,0x00000520,1312
2444,0x00000bd4,3028
2445,0x0000821c,33308
2446,0x00007648,30280
2447,0x00000084,132
2448,0x0000010b,267
2449,0x00000108,264
2450,0x0000014a,330
2451,0x000017a8,6056
2452,0x0000f864,63588
2453,0x00001358,4952
2454,0x00018654,99924
2455,0x0001df0a,122634
2456,0x0000c32a,49962
2457,0x000011be,4542
2458,0x0000ab82,43906
2459,0x0000648a,25738
2460,0x0000d8ad,55469
2461,0x000009af,2479
2462,0x00000042,66
2463,0x000000ad,173
2464,0x000002ee,750
2465,0x00000227,551
2466,0x0000020c,524
2467,0x000000c6,198
2468,0x0000014d,333
2469,0x00000108,264
2470,0x00000042,66
2471,0x00001358,4952
2472,0x000127b4,75700
2473,0x0001df0a,122634
2474,0x000121ca,74186
2475,0x000093da,37850
2476,0x000044d3,17619
2477,0x00000084,132
2478,0x00000209,521
2479,0x000000dd,221
2480,0x00000591,1425
2481,0x000007b8,1976
2482,0x00000042,66
2483,0x00000084,132
2484,0x00000192,402
2485,0x000003de,990
2486,0x000003de,990
2487,0x0000014a,330
2488,0x000000a4,164
2489,0x000012b4,4788
2490,0x000162d8,90840
2491,0x0001dfd0,122832
2492,0x0000e8f8,59640
2493,0x000002d6,726
2494,0x0000d8ad,55469
2495,0x0000018c,396
2496,0x000000c6,198
2497,0x00000042,66
2498,0x0000023a,570
2499,0x000000c6,198
2500,0x0000051f,1311
2501,0x0000020d,525
2502,0x00000042,66
2503,0x0000018c,396
2504,0x00000084,132
2505,0x0000014d,333
2506,0x0000146d,5229
2507,0x000000c6,198
2508,0x000046f8,18168
2509,0x0000c32a,49962
2510,0x00000084,132
2511,0x000152b4,86708
2512,0x000052cc,21196
2513,0x0001e4f4,124148
2514,0x0001df0a,122634
2515,0x000011be,4542
2516,0x00008806,34822
2517,0x0000c32a,49962
2518,0x0000d8ad,55469
2519,0x000005ea,1514
2520,0x00008df0,36336
2521,0x0000410e,16654
2522,0x00008806,34822
2523,0x000000ef,239
2524,0x0000020c,524
2525,0x000004bd,1213
2526,0x00000f99,3993
2527,0x00000042,66
2528,0x0000014d,333
2529,0x0000014a,330
2530,0x000000c6,198
2531,0x000000c6,198
2532,0x000000ae,174
2533,0x000000a4,164
2534,0x000012b4,4788
2535,0x000006b9,1721
2536,0x00015cee,89326
2537,0x0001df0a,122634
2538,0x0000ec90,60560
2539,0x0000004a,74
2540,0x0000d931,55601
2541,0x0000018c,396
2542,0x00000042,66
2543,0x00000087,135
2544,0x00000042,66
2545,0x0000018c,396
2546,0x00000042,66
2547,0x000001ce,462
2548,0x00000084,132
2549,0x00000108,264
2550,0x000002d6,726
2551,0x00001358,4952
2552,0x0000c914,51476
2553,0x0000821c,33308
2554,0x0001806a,98410
2555,0x0000e0bc,57532
2556,0x0000410e,16654
2557,0x00007c32,31794
2558,0x0000979f,38815
2559,0x00000131,305
2560,0x000000be,190
2561,0x000000ac,172
2562,0x000000df,223
2563,0x000006c0,1728
2564,0x000000dd,221
2565,0x000005e3,1507
2566,0x00000042,66
2567,0x00000084,132
2568,0x000000eb,235
2569,0x00000528,1320
2570,0x0000018f,399
2571,0x000000c6,198
2572,0x00000108,264
2573,0x00000042,66
2574,0x00000042,66
2575,0x00000294,660
2576,0x0000114a,4426
2577,0x0000020e,526
2578,0x0000237c,9084
2579,0x0001df0a,122634
2580,0x0001e4f4,124148
2581,0x0000410e,16654
2582,0x00000042,66
2583,0x000002d6,726
2584,0x00000252,594
2585,0x00009fae,40878
2586,0x000038ff,14591
2587,0x00001358,4952
2588,0x000168c2,92354
2589,0x00002966,10598
2590,0x00000cc3,3267
2591,0x00008806,34822
2592,0x00013593,79251
2593,0x0000021c,540
2594,0x00000303,771
2595,0x00019228,102952
2596,0x00001607,5639
2597,0x00000108,264
2598,0x0000018f,399
2599,0x000000c6,198
2600,0x00000042,66
2601,0x00001358,4952
2602,0x000093da,37850
2603,0x0001df0a,122634
2604,0x0001b5e6,112102
2605,0x000000ae,174
2606,0x0000066a,1642
2607,0x00001d92,7570
2608,0x0000bb1b,47899
2609,0x00000042,66
2610,0x0000035d,861
2611,0x00000252,594
2612,0x00000042,66
2613,0x000000ad,173
2614,0x000006d0,1744
2615,0x00000252,594
2616,0x000001ce,462
2617,0x00000042,66
2618,0x000000c6,198
2619,0x0000018f,399
2620,0x0000039c,924
2621,0x000003de,990
2622,0x00000294,660
2623,0x000022a1,8865
2624,0x0000041c,1052
2625,0x00007c32,31794
2626,0x0001df0a,122634
2627,0x0001e4f4,124148
2628,0x0001bb8e,113550
2629,0x0000d8ad,55469
2630,0x00000bd4,3028
2631,0x0000fe4e,65102
2632,0x0000b16c,45420
2633,0x000058b6,22710
2634,0x00010438,66616
2635,0x00001583,5507
2636,0x00000042,66
2637,0x000000f0,240
2638,0x00000238,568
2639,0x000000d4,212
2640,0x00000ac1,2753
2641,0x0000020e,526
2642,0x00000042,66
2643,0x000000c6,198
2644,0x00000108,264
2645,0x00000258,600
2646,0x000005ac,1452
2647,0x000002d6,726
2648,0x00000042,66
2649,0x00000042,66
2650,0x00000042,66
2651,0x00000294,660
2652,0x000002f6,758
2653,0x000012b4,4788
2654,0x000162d8,90840
2655,0x0001df0a,122634
2656,0x0000e6a6,59046
2657,0x0000014a,330
2658,0x00000318,792
2659,0x0000d4e8,54504
2660,0x000003c5,965
2661,0x0000114a,4426
2662,0x0000020e,526
2663,0x0001d336,119606
2664,0x0000410e,16654
2665,0x000000f0,240
2666,0x0000e0bc,57532
2667,0x00017496,95382
2668,0x0000020b,523
2669,0x00000521,1313
2670,0x0000979f,38815
2671,0x000000c6,198
2672,0x0000018f,399
2673,0x00000108,264
2674,0x00000042,66
2675,0x00000132,306
2676,0x00000042,66
2677,0x0000121d,4637
2678,0x000007f5,2037
2679,0x0000c32a,49962
2680,0x0001df0a,122634
2681,0x00018654,99924
2682,0x00000084,132
2683,0x0000db86,56198
2684,0x00000210,528
2685,0x00000042,66
2686,0x00000462,1122
2687,0x00000084,132
2688,0x000000ad,173
2689,0x000000dd,221
2690,0x000005f1,1521
2691,0x000000c6,198
2692,0x00001157,4439
2693,0x000002d4,724
2694,0x0000597c,22908
2695,0x0001e057,122967
2696,0x00001e9a,7834
2697,0x00000042,66
2698,0x00001358,4952
2699,0x0001806a,98410
2700,0x0001df0a,122634
2701,0x000127b4,75700
2702,0x0000c32a,49962
2703,0x00017496,95382
2704,0x0000cefe,52990
2705,0x000009af,2479
2706,0x00001583,5507
2707,0x000000b2,178
2708,0x00000042,66
2709,0x000000f0,240
2710,0x00000238,568
2711,0x000002e3,739
2712,0x00000b99,2969
2713,0x000000e4,228
2714,0x00000042,66
2715,0x00000084,132
2716,0x0000014a,330
2717,0x00000255,597
2718,0x0000014d,333
2719,0x00000108,264
2720,0x0000114a,4426
2721,0x0000020e,526
2722,0x00015746,87878
2723,0x0001dfd0,122832
2724,0x0000f2fe,62206
2725,0x0000d8ef,55535
2726,0x0000234f,9039
2727,0x0000114a,4426
2728,0x0000020e,526
2729,0x00005ea0,24224
2730,0x0001df0a,122634
2731,0x00005973,22899
2732,0x00000042,66
2733,0x000000ae,174
2734,0x00000428,1064
2735,0x000002f8,760
2736,0x00015cee,89326
2737,0x0000b756,46934
2738,0x00000060,96
2739,0x0000021a,538
2740,0x00000541,1345
2741,0x00000042,66
2742,0x0000014a,330
2743,0x00000108,264
2744,0x0000575a,22362
2745,0x0000004a,74
2746,0x000000c6,198
2747,0x0000118c,4492
2748,0x000002bb,699
2749,0x00003b24,15140
2750,0x0001df0a,122634
2751,0x0001de14,122388
2752,0x00003755,14165
2753,0x00000189,393
2754,0x00000158,344
2755,0x0000d8ad,55469
2756,0x00000084,132
2757,0x000001d1,465
2758,0x00000108,264
2759,0x00000042,66
2760,0x000000ad,173
2761,0x000001ce,462
2762,0x00000084,132
2763,0x0000025b,603
2764,0x000004c3,1219
2765,0x00001358,4952
2766,0x0000dad2,56018
2767,0x0001df0a,122634
2768,0x0000062c,1580
2769,0x00000084,132
2770,0x0000014d,333
2771,0x000000c6,198
2772,0x000000c6,198
2773,0x000000c6,198
2774,0x00000bd4,3028
2775,0x0001c21c,115228
2776,0x000059ee,23022
2777,0x00000084,132
2778,0x0001b5a4,112036
2779,0x0001df0a,122634
2780,0x000093da,37850
2781,0x00002d2b,11563
2782,0x0000a598,42392
2783,0x00003357,13143
2784,0x00000042,66
2785,0x0000136c,4972
2786,0x00000042,66
2787,0x00000132,306
2788,0x0000018c,396
2789,0x000000ae,174
2790,0x000006e8,1768
2791,0x0000040e,1038
2792,0x000002fb,763
2793,0x00000042,66
2794,0x00000116,278
2795,0x0000015c,348
2796,0x00000512,1298
2797,0x000000c9,201
2798,0x00000108,264
2799,0x00000108,264
2800,0x000001d1,465
2801,0x00000108,264
2802,0x000000c6,198
2803,0x000000a4,164
2804,0x000012f6,4854
2805,0x00006b22,27426
2806,0x0001df0a,122634
2807,0x0001df0a,122634
2808,0x00000042,66
2809,0x000000c6,198
2810,0x00000084,132
2811,0x0000d8ad,55469
2812,0x00000042,66
2813,0x00000042,66
2814,0x000000b1,177
2815,0x000012b4,4788
2816,0x0001511a,86298
2817,0x0001affc,110588
2818,0x000000ad,173
2819,0x0000020f,527
2820,0x000004cf,1231
2821,0x000052cc,21196
2822,0x0001ad95,109973
2823,0x000000c6,198
2824,0x000000c6,198
2825,0x0000018f,399
2826,0x000000c6,198
2827,0x00000042,66
2828,0x000011f7,4599
2829,0x0000020e,526
2830,0x00019228,102952
2831,0x0001e10a,123146
2832,0x0000bc0d,48141
2833,0x0000d8ad,55469
2834,0x00000084,132
2835,0x0000014d,333
2836,0x000000c6,198
2837,0x00000380,896
2838,0x000000ad,173
2839,0x00000042,66
2840,0x000000c6,198
2841,0x00000084,132
2842,0x0000020f,527
2843,0x000004b9,1209
2844,0x0000114a,4426
2845,0x0000020e,526
2846,0x000046f8,18168
2847,0x0001df0a,122634
2848,0x00011be0,72672
2849,0x00000208,520
2850,0x00000042,66
2851,0x000001d1,465
2852,0x000000c6,198
2853,0x00000c9a,3226
2854,0x00000042,66
2855,0x0001a3e6,107494
2856,0x00000f99,3993
2857,0x000000a4,164
2858,0x000012b4,4788
2859,0x0000821c,33308
2860,0x0001df4c,122700
2861,0x0001c810,116752
2862,0x00000bd4,3028
2863,0x0000ccd9,52441
2864,0x00000084,132
2865,0x0000019d,413
2866,0x000000de,222
2867,0x000000ae,174
2868,0x000000d4,212
2869,0x000005ec,1516
2870,0x0000033c,828
2871,0x000003fd,1021
2872,0x00000042,66
2873,0x000000b2,178
2874,0x0000014d,333
2875,0x00000084,132
2876,0x000000c6,198
2877,0x000000c6,198
2878,0x0000010b,267
2879,0x00000108,264
2880,0x00000042,66
2881,0x00000042,66
2882,0x00000084,132
2883,0x000013b8,5048
2884,0x000029ea,10730
2885,0x0001df8e,122766
2886,0x0001df0a,122634
2887,0x0000410e,16654
2888,0x00001157,4439
2889,0x0000020e,526
2890,0x000093da,37850
2891,0x0001dce5,122085
2892,0x0001e4f4,124148
2893,0x000005ea,1514
2894,0x00001d92,7570
2895,0x0000dad2,56018
2896,0x00008623,34339
2897,0x000000ad,173
2898,0x000006d7,1751
2899,0x00000042,66
2900,0x000000ae,174
2901,0x000000bd,189
2902,0x00000042,66
2903,0x000006ad,1709
2904,0x0000018f,399
2905,0x00000108,264
2906,0x000000c6,198
2907,0x000000b1,177
2908,0x000012b4,4788
2909,0x00002f50,12112
2910,0x0001df0a,122634
2911,0x0001df4c,122700
2912,0x00003b24,15140
2913,0x000000c9,201
2914,0x00000042,66
2915,0x0000d8ad,55469
2916,0x00000084,132
2917,0x00000084,132
2918,0x0000118c,4492
2919,0x000002bc,700
2920,0x0000648a,25738
2921,0x0001df0a,122634
2922,0x0001c178,115064
2923,0x000006c2,1730
2924,0x00012d9e,77214
2925,0x00000b75,2933
2926,0x000000c6,198
2927,0x0000018f,399
2928,0x00000108,264
2929,0x000000c6,198
2930,0x00001358,4952
2931,0x000017a8,6056
2932,0x0001df0a,122634
2933,0x0001df0a,122634
2934,0x000052cc,21196
2935,0x00008806,34822
2936,0x000050a7,20647
2937,0x000000d3,211
2938,0x0000015e,350
2939,0x0000015f,351
2940,0x00000e91,3729
2941,0x00001077,4215
2942,0x00000042,66
2943,0x0000019d,413
2944,0x0000018b,395
2945,0x00000158,344
2946,0x0000059f,1439
2947,0x00000726,1830
2948,0x000000ad,173
2949,0x00000042,66
2950,0x000000d4,212
2951,0x00000084,132
2952,0x0000065f,1631
2953,0x00000213,531
2954,0x0000014a,330
2955,0x0000014a,330
2956,0x0000018f,399
2957,0x00000042,66
2958,0x00001358,4952
2959,0x00000084,132
2960,0x00005f24,24356
2961,0x0001e012,122898
2962,0x0001e4f4,124148
2963,0x000005ea,1514
2964,0x000000ae,174
2965,0x000000a4,164
2966,0x000012b4,4788
2967,0x00017a80,96896
2968,0x0001df0a,122634
2969,0x0000bd40,48448
2970,0x0000ccd9,52441
2971,0x0000ab82,43906
2972,0x00004abd,19133
2973,0x00000042,66
2974,0x000000ae,174
2975,0x0000033b,827
2976,0x000003ef,1007
2977,0x00000042,66
2978,0x000000ae,174
2979,0x000000d3,211
2980,0x000005e6,1510
2981,0x000000c6,198
2982,0x0000018f,399
2983,0x000000c6,198
2984,0x00000108,264
2985,0x00000084,132
2986,0x000001f1,497
2987,0x000013bc,5052
2988,0x00000084,132
2989,0x00016eac,93868
2990,0x0001df0a,122634
2991,0x0000dad2,56018
2992,0x00000042,66
2993,0x00000084,132
2994,0x0000d8ad,55469
2995,0x000000a4,164
2996,0x000012b4,4788
2997,0x0001a3e6,107494
2998,0x0001df0a,122634
2999,0x0000a598,42392
3000,0x00000042,66
3001,0x000000ad,173
3002,0x0000dab8,55992
3003,0x00000514,1300
3004,0x000000a4,164
3005,0x00000307,775
3006,0x000010a6,4262
3007,0x00000042,66
3008,0x00000084,132
3009,0x0000014d,333
3010,0x0000014a,330
3011,0x00000042,66
3012,0x00001365,4965
3013,0x0000020e,526
3014,0x0000b16c,45420
3015,0x0001e5c7,124359
3016,0x0001935c,103260
3017,0x0000353a,13626
3018,0x000058b6,22710
3019,0x00007ff7,32759
3020,0x00000042,66
3021,0x000000ad,173
3022,0x00007648,30280
3023,0x000000f0,240
3024,0x000001cd,461
3025,0x000000ad,173
3026,0x00007e35,32309
3027,0x00000896,2198
3028,0x000003fe,1022
3029,0x00000042,66
3030,0x00000bd4,3028
3031,0x00007648,30280
3032,0x00000084,132
3033,0x00000084,132
3034,0x00000150,336
3035,0x00000252,594
3036,0x000000c6,198
3037,0x00000108,264
3038,0x00000042,66
3039,0x0000114a,4426
3040,0x0000821c,33308
3041,0x0000d14e,53582
3042,0x0001df0a,122634
3043,0x00017ac2,96962
3044,0x00000084,132
3045,0x0000114a,4426
3046,0x0000020e,526
3047,0x000093da,37850
3048,0x0001e4f4,124148
3049,0x0001dce5,122085
3050,0x00010a22,68130
3051,0x0000353a,13626
3052,0x00002f50,12112
3053,0x0000d8ad,55469
3054,0x00000042,66
3055,0x000000ad,173
3056,0x000000de,222
3057,0x00003b1e,15134
3058,0x000011be,4542
3059,0x0000353a,13626
3060,0x000017a8,6056
3061,0x00000042,66
3062,0x000000ae,174
3063,0x000000d3,211
3064,0x000023f9,9209
3065,0x00001dd4,7636
3066,0x00000108,264
3067,0x000065d7,26071
3068,0x000000a4,164
3069,0x000012b4,4788
3070,0x0001511a,86298
3071,0x0001df4c,122700
3072,0x00011743,71491
3073,0x00000108,264
3074,0x0000888a,34954
3075,0x0000d8ad,55469
3076,0x00000bd4,3028
3077,0x00000084,132
3078,0x00000042,66
3079,0x00002d2b,11563
3080,0x00001358,4952
3081,0x0000e0fe,57598
3082,0x0001dfb7,122807
3083,0x00018654,99924
3084,0x00001716,5910
3085,0x000006dc,1756
3086,0x00002f50,12112
3087,0x0000a95d,43357
3088,0x00000042,66
3089,0x00000084,132
3090,0x00000084,132
3091,0x00000108,264
3092,0x0000014a,330
3093,0x00000087,135
3094,0x000000a4,164
3095,0x000012b4,4788
3096,0x000121ca,74186
3097,0x0001df0a,122634
3098,0x0001dfdd,122845
3099,0x000022b3,8883
3100,0x0000037c,892
3101,0x00000c77,3191
3102,0x00000042,66
3103,0x00000173,371
3104,0x0000019c,412
3105,0x000000ad,173
3106,0x0000018c,396
3107,0x000000de,222
3108,0x00000cc7,3271
3109,0x00000042,66
3110,0x000006cd,1741
3111,0x00000084,132
3112,0x00000192,402
3113,0x00000108,264
3114,0x0000014a,330
3115,0x000001ce,462
3116,0x0000018c,396
3117,0x000000c6,198
3118,0x00000042,66
3119,0x0000114a,4426
3120,0x00000316,790
3121,0x00000087,135
3122,0x0001d9a4,121252
3123,0x0001e4f4,124148
3124,0x00006a74,27252
3125,0x00001358,4952
3126,0x0000f27a,62074
3127,0x0001e4f4,124148
3128,0x0001519e,86430
3129,0x00007648,30280
3130,0x00006265,25189
3131,0x0000705e,28766
3132,0x00000bd4,3028
3133,0x00005cbd,23741
3134,0x00000042,66
3135,0x00000042,66
3136,0x000000ad,173
3137,0x00000210,528
3138,0x000004ba,1210
3139,0x00000042,66
3140,0x000000c6,198
3141,0x000000ad,173
3142,0x000000d3,211
3143,0x0000034a,842
3144,0x000002ec,748
3145,0x000000c6,198
3146,0x0000014d,333
3147,0x000000c6,198
3148,0x00000198,408
3149,0x000000a4,164
3150,0x0000112a,4394
3151,0x00000084,132
3152,0x0000918d,37261
3153,0x0001df8e,122766
3154,0x0001bb8e,113550
3155,0x00000042,66
3156,0x00000090,144
3157,0x00000042,66
3158,0x00000042,66
3159,0x00000042,66
3160,0x0000d8ad,55469
3161,0x00001358,4952
3162,0x00014b30,84784
3163,0x0001df8e,122766
3164,0x0000fe90,65168
3165,0x0000d8ad,55469
3166,0x00000042,66
3167,0x00000042,66
3168,0x00001358,4952
3169,0x000058b6,22710
3170,0x0000353a,13626
3171,0x00000bd4,3028
3172,0x000017a8,6056
3173,0x0000410e,16654
3174,0x00004ce2,19682
3175,0x000058b6,22710
3176,0x00006a74,27252
3177,0x00005ea0,24224
3178,0x0000705e,28766
3179,0x00005ea0,24224
3180,0x00007648,30280
3181,0x000005ea,1514
3182,0x0000ab82,43906
3183,0x00002f50,12112
3184,0x00007a0d,31245
3185,0x00000084,132
3186,0x000001df,479
3187,0x00000238,568
3188,0x00000200,512
3189,0x000007fe,2046
3190,0x00000b32,2866
3191,0x00000042,66
3192,0x000000c6,198
3193,0x000001d1,465
3194,0x00000255,597
3195,0x00000108,264
3196,0x0000018f,399
3197,0x000000c6,198
3198,0x00000084,132
3199,0x00000042,66
3200,0x00000135,309
3201,0x000012b4,4788
3202,0x0001afba,110522
3203,0x0001de96,122518
3204,0x0000ae14,44564
3205,0x0001a3e6,107494
3206,0x0001e4f4,124148
3207,0x0001785b,96347
3208,0x00000bd4,3028
3209,0x0000ccd9,52441
3210,0x00000042,66
3211,0x00000042,66
3212,0x00000042,66
3213,0x000000ad,173
3214,0x00000084,132
3215,0x000002bb,699
3216,0x00000510,1296
3217,0x000000d3,211
3218,0x00000633,1587
3219,0x00000042,66
3220,0x00000084,132
3221,0x000001d1,465
3222,0x00000108,264
3223,0x0000014a,330
3224,0x0000018f,399
3225,0x000000c6,198
3226,0x00000108,264
3227,0x000000a4,164
3228,0x000010a6,4262
3229,0x000060ae,24750
3230,0x0001df4c,122700
3231,0x0001e0a4,123044
3232,0x00001d92,7570
3233,0x0000f864,63588
3234,0x0001df0a,122634
3235,0x0001511a,86298
3236,0x0000d8ad,55469
3237,0x0000b16c,45420
3238,0x00000042,66
3239,0x0000237c,9084
3240,0x000003c5,965
3241,0x00000042,66
3242,0x00000042,66
3243,0x00001358,4952
3244,0x0000cefe,52990
3245,0x00001d92,7570
3246,0x0000e0bc,57532
3247,0x00000bd4,3028
3248,0x0000a598,42392
3249,0x000058b6,22710
3250,0x00000bd4,3028
3251,0x0001100c,69644
3252,0x00000bd4,3028
3253,0x0000f864,63588
3254,0x000009af,2479
3255,0x00000042,66
3256,0x00000173,371
3257,0x000002e6,742
3258,0x000005db,1499
3259,0x00000e84,3716
3260,0x00000131,305
3261,0x00000042,66
3262,0x000000b3,179
3263,0x000001d1,465
3264,0x00000224,548
3265,0x0000018c,396
3266,0x0000018f,399
3267,0x0000018c,396
3268,0x00000108,264
3269,0x0000114a,4426
3270,0x0000020e,526
3271,0x00010438,66616
3272,0x0001de96,122518
3273,0x00015954,88404
3274,0x00014ef5,85749
3275,0x0001e4f4,124148
3276,0x0001df4c,122700
3277,0x0000c731,50993
3278,0x00000084,132
3279,0x00000084,132
3280,0x000000ef,239
3281,0x000000ad,173
3282,0x00000211,529
3283,0x00000b51,2897
3284,0x00000042,66
3285,0x00000042,66
3286,0x00000084,132
3287,0x0000014d,333
3288,0x000001ce,462
3289,0x0000018c,396
3290,0x000002e5,741
3291,0x0000018c,396
3292,0x0000018c,396
3293,0x00000042,66
3294,0x000000a4,164
3295,0x000023fe,9214
3296,0x00003d32,15666
3297,0x0001df0a,122634
3298,0x0001df0a,122634
3299,0x0001e542,124226
3300,0x0001df0a,122634
3301,0x0000945e,37982
3302,0x000005ea,1514
3303,0x0000d2c3,53955
3304,0x00000bd4,3028
3305,0x0000ccd9,52441
3306,0x00000042,66
3307,0x00000042,66
3308,0x00000084,132
3309,0x00000042,66
3310,0x0000014a,330
3311,0x00000084,132
3312,0x00000042,66
3313,0x000000a4,164
3314,0x000012b4,4788
3315,0x00002966,10598
3316,0x0000c32a,49962
3317,0x00001d92,7570
3318,0x00002966,10598
3319,0x000017a8,6056
3320,0x0000c914,51476
3321,0x00006a74,27252
3322,0x0000e0bc,57532
3323,0x0000705e,28766
3324,0x0000ec90,60560
3325,0x000044d3,17619
3326,0x00000042,66
3327,0x00000174,372
3328,0x000002e9,745
3329,0x000000d4,212
3330,0x00000b44,2884
3331,0x00000885,2181
3332,0x00000042,66
3333,0x00000042,66
3334,0x000000c6,198
3335,0x00000255,597
3336,0x00000210,528
3337,0x0000031b,795
3338,0x0000018f,399
3339,0x00000084,132
3340,0x00001157,4439
3341,0x0000020e,526
3342,0x00006c0e,27662
3343,0x0001df0a,122634
3344,0x0001df0a,122634
3345,0x0001e4f4,124148
3346,0x0001df0a,122634
3347,0x000076cc,30412
3348,0x00002966,10598
3349,0x0000af47,44871
3350,0x0000d8ad,55469
3351,0x00000042,66
3352,0x00000042,66
3353,0x00000042,66
3354,0x000000ae,174
3355,0x00000132,306
3356,0x000006c8,1736
3357,0x00000042,66
3358,0x0000020e,526
3359,0x0000051e,1310
3360,0x00000084,132
3361,0x0000018f,399
3362,0x000000c6,198
3363,0x0000014a,330
3364,0x00000084,132
3365,0x00000108,264
3366,0x0000018f,399
3367,0x00000084,132
3368,0x000013a7,5031
3369,0x0000fe4e,65102
3370,0x0001ded8,122584
3371,0x00015f3e,89918
3372,0x0000b756,46934
3373,0x0001e4f4,124148
3374,0x00018c3e,101438
3375,0x00008df0,36336
3376,0x00004abd,19133
3377,0x00000042,66
3378,0x00004d24,19748
3379,0x00008bcb,35787
3380,0x00000042,66
3381,0x00001358,4952
3382,0x00014b30,84784
3383,0x000011be,4542
3384,0x000017a8,6056
3385,0x0000353a,13626
3386,0x000127b4,75700
3387,0x0000bd40,48448
3388,0x0000dad2,56018
3389,0x0000979f,38815
3390,0x00000084,132
3391,0x0000027b,635
3392,0x0000015a,346
3393,0x00000201,513
3394,0x00000a0d,2573
3395,0x00000893,2195
3396,0x00000042,66
3397,0x000000e4,228
3398,0x0000014a,330
3399,0x00000213,531
3400,0x0000029a,666
3401,0x00000252,594
3402,0x00000084,132
3403,0x0000014a,330
3404,0x000000a4,164
3405,0x000012b4,4788
3406,0x000000b1,177
3407,0x0000ac78,44152
3408,0x0001df0a,122634
3409,0x0001e4f4,124148
3410,0x0001df4c,122700
3411,0x0001df4c,122700
3412,0x00010e29,69161
3413,0x0000d8ad,55469
3414,0x00000042,66
3415,0x00000042,66
3416,0x00000084,132
3417,0x00000042,66
3418,0x000000ae,174
3419,0x000000ef,239
3420,0x000006c3,1731
3421,0x00000042,66
3422,0x00000116,278
3423,0x000005e0,1504
3424,0x00000042,66
3425,0x0000014d,333
3426,0x00000108,264
3427,0x0000018c,396
3428,0x00000108,264
3429,0x000000c9,201
3430,0x00000084,132
3431,0x000000e6,230
3432,0x000012b4,4788
3433,0x0001e4f4,124148
3434,0x0001df0a,122634
3435,0x00007831,30769
3436,0x00000042,66
3437,0x00001242,4674
3438,0x0001df0a,122634
3439,0x0001df0a,122634
3440,0x000058b6,22710
3441,0x0000d8ad,55469
3442,0x00000042,66
3443,0x00000042,66
3444,0x00000042,66
3445,0x0000d931,55601
3446,0x00000042,66
3447,0x00000042,66
3448,0x00001358,4952
3449,0x0000c914,51476
3450,0x0000c914,51476
3451,0x0000237c,9084
3452,0x0000821c,33308
3453,0x000121ca,74186
3454,0x00004ce2,19682
3455,0x00013972,80242
3456,0x00002157,8535
3457,0x00000042,66
3458,0x000000a2,162
3459,0x0000019e,414
3460,0x0000018c,396
3461,0x000000ad,173
3462,0x000005dc,1500
3463,0x00000aa4,2724
3464,0x000004d3,1235
3465,0x00000042,66
3466,0x00000042,66
3467,0x00000213,531
3468,0x00000108,264
3469,0x000001d1,465
3470,0x00000084,132
3471,0x000000c6,198
3472,0x0000014d,333
3473,0x0000114a,4426
3474,0x00000250,592
3475,0x0000c32a,49962
3476,0x0001df8e,122766
3477,0x0001df68,122728
3478,0x000093c3,37827
3479,0x0000a598,42392
3480,0x0001df0a,122634
3481,0x0001a3e6,107494
3482,0x00000042,66
3483,0x00000114,276
3484,0x00004ce2,19682
3485,0x00008c0d,35853
3486,0x000000ae,174
3487,0x0000020f,527
3488,0x000004c7,1223
3489,0x00000042,66
3490,0x00000042,66
3491,0x00000084,132
3492,0x00000042,66
3493,0x000000ae,174
3494,0x0000069d,1693
3495,0x00000173,371
3496,0x0000014d,333
3497,0x0000018c,396
3498,0x00000042,66
3499,0x00001358,4952
3500,0x00015cee,89326
3501,0x0001df0a,122634
3502,0x0000ed56,60758
3503,0x0000018f,399
3504,0x00000108,264
3505,0x0000014a,330
3506,0x000000a4,164
3507,0x0000eb61,60257
3508,0x0001806a,98410
3509,0x0001e4f4,124148
3510,0x0000c36c,50028
3511,0x00000042,66
3512,0x0000d8ad,55469
3513,0x00000042,66
3514,0x00000042,66
3515,0x00000042,66
3516,0x00000042,66
3517,0x00000084,132
3518,0x00000042,66
3519,0x00000042,66
3520,0x000000b1,177
3521,0x000012b4,4788
3522,0x000005ea,1514
3523,0x0001cd4c,118092
3524,0x0000237c,9084
3525,0x00008df0,36336
3526,0x00018012,98322
3527,0x000005ea,1514
3528,0x000005ea,1514
3529,0x000113d1,70609
3530,0x00000042,66
3531,0x000000c6,198
3532,0x0000019d,413
3533,0x0000073b,1851
3534,0x0000021c,540
3535,0x000000d3,211
3536,0x00000f19,3865
3537,0x000004e9,1257
3538,0x0000004a,74
3539,0x0000018c,396
3540,0x00000042,66
3541,0x000000c6,198
3542,0x0000010b,267
3543,0x000000c9,201
3544,0x0000014a,330
3545,0x0000031b,795
3546,0x0000018c,396
3547,0x00000108,264
3548,0x0000018c,396
3549,0x00000084,132
3550,0x00000357,855
3551,0x000001dc,476
3552,0x00001358,4952
3553,0x00001358,4952
3554,0x000064cc,25804
3555,0x0001df0a,122634
3556,0x0001df4c,122700
3557,0x0001df0a,122634
3558,0x0001e536,124214
3559,0x00006a74,27252
3560,0x00000042,66
3561,0x0000018c,396
3562,0x0000d8ad,55469
3563,0x0000d8ef,55535
3564,0x00000042,66
3565,0x00000042,66
3566,0x00000042,66
3567,0x00000294,660
3568,0x00000042,66
3569,0x000000ef,239
3570,0x00000084,132
3571,0x000000ad,173
3572,0x000006b8,1720
3573,0x0000035a,858
3574,0x0000020e,526
3575,0x000004d0,1232
3576,0x00000042,66
3577,0x00000042,66
3578,0x00000042,66
3579,0x0000018f,399
3580,0x000002d6,726
3581,0x0000014a,330
3582,0x00000213,531
3583,0x000000c6,198
3584,0x0000014a,330
3585,0x00000084,132
3586,0x00000042,66
3587,0x00001365,4965
3588,0x0000e048,57416
3589,0x0001e1de,123358
3590,0x0001a428,107560
3591,0x0001e4f4,124148
3592,0x0001df0a,122634
3593,0x00003b24,15140
3594,0x00000042,66
3595,0x00000042,66
3596,0x00000042,66
3597,0x0000b756,46934
3598,0x0000fa04,64004
3599,0x00000108,264
3600,0x00000042,66
3601,0x00000084,132
3602,0x00000042,66
3603,0x0000035a,858
3604,0x00000042,66
3605,0x00000042,66
3606,0x00000084,132
3607,0x00000042,66
3608,0x00000042,66
3609,0x00000042,66
3610,0x00000042,66
3611,0x00001358,4952
3612,0x00010a22,68130
3613,0x0000f864,63588
3614,0x000011be,4542
3615,0x000017a8,6056
3616,0x00000bd4,3028
3617,0x0000ab82,43906
3618,0x000162d8,90840
3619,0x0000bb1b,47899
3620,0x00000084,132
3621,0x0000019d,413
3622,0x0000023a,570
3623,0x00000203,515
3624,0x00000e37,3639
3625,0x000004c1,1217
3626,0x00000042,66
3627,0x000000e4,228
3628,0x0000014d,333
3629,0x0000018c,396
3630,0x00000108,264
3631,0x00000108,264
3632,0x0000018c,396
3633,0x000000c9,201
3634,0x00000138,312
3635,0x000012b4,4788
3636,0x000005ea,1514
3637,0x0001e0a4,123044
3638,0x0001df0a,122634
3639,0x00014ef5,85749
3640,0x00019228,102952
3641,0x0001e4f4,124148
3642,0x0000b1ae,45486
3643,0x0000d8ad,55469
3644,0x00000042,66
3645,0x000000ae,174
3646,0x00000042,66
3647,0x000000d3,211
3648,0x00000598,1432
3649,0x00000042,66
3650,0x000000ef,239
3651,0x00000817,2071
3652,0x000000c6,198
3653,0x000000c6,198
3654,0x000000c6,198
3655,0x00000042,66
3656,0x00001157,4439
3657,0x0000020e,526
3658,0x0000ab82,43906
3659,0x0001df8e,122766
3660,0x00019ec5,106181
3661,0x0000018c,396
3662,0x00000084,132
3663,0x000000c6,198
3664,0x00000084,132
3665,0x000000e6,230
3666,0x00003c1a,15386
3667,0x0000f268,62056
3668,0x0001df0a,122634
3669,0x0001e0a4,123044
3670,0x000058b6,22710
3671,0x00015cee,89326
3672,0x0000ec90,60560
3673,0x0000d8ad,55469
3674,0x00000bd4,3028
3675,0x00016eac,93868
3676,0x0001100c,69644
3677,0x00000042,66
3678,0x00002dfe,11774
3679,0x00000596,1430
3680,0x000000a4,164
3681,0x000012b4,4788
3682,0x00000084,132
3683,0x0000035a,858
3684,0x000000ae,174
3685,0x00001d92,7570
3686,0x00000799,1945
3687,0x00000d9c,3484
3688,0x000017a8,6056
3689,0x000000c6,198
3690,0x00002400,9216
3691,0x00002466,9318
3692,0x000000fb,251
3693,0x000000c9,201
3694,0x0000018c,396
3695,0x00000213,531
3696,0x0000018c,396
3697,0x00000210,528
3698,0x00001934,6452
3699,0x00000213,531
3700,0x0000018c,396
3701,0x00004d24,19748
3702,0x00001358,4952
3703,0x0000114a,4426
3704,0x0001005c,65628
3705,0x0001df0a,122634
3706,0x0001e4f4,124148
3707,0x0001df0a,122634
3708,0x0001bb8e,113550
3709,0x00001f1e,7966
3710,0x00002966,10598
3711,0x0000ab82,43906
3712,0x00002d2b,11563
3713,0x0000d8ad,55469
3714,0x000017ea,6122
3715,0x000041d4,16852
3716,0x00000084,132
3717,0x000000b1,177
3718,0x000012b4,4788
3719,0x00000042,66
3720,0x00013a20,80416
3721,0x00014546,83270
3722,0x00000042,66
3723,0x00002400,9216
3724,0x000046a7,18087
3725,0x0000021d,541
3726,0x00000210,528
3727,0x000004d3,1235
3728,0x0000ec90,60560
3729,0x00019003,102403
3730,0x000023be,9150
3731,0x00005350,21328
3732,0x000000c6,198
3733,0x0000018f,399
3734,0x000000c6,198
3735,0x00000108,264
3736,0x0000014d,333
3737,0x000000c6,198
3738,0x000000c6,198
3739,0x000001ac,428
3740,0x000012b4,4788
3741,0x00000c16,3094
3742,0x0001d9a4,121252
3743,0x0001e4f4,124148
3744,0x0000ee2a,60970
3745,0x0000fe4e,65102
3746,0x0001df0a,122634
3747,0x00014b30,84784
3748,0x0000d8ad,55469
3749,0x00000042,66
3750,0x000070a0,28832
3751,0x00001200,4608
3752,0x000099c4,39364
3753,0x00003ee9,16105
3754,0x00000042,66
3755,0x0000648a,25738
3756,0x000023be,9150
3757,0x00000108,264
3758,0x00000209,521
3759,0x0000018c,396
3760,0x00008509,34057
3761,0x000006cc,1740
3762,0x000004d8,1240
3763,0x00000042,66
3764,0x0000941c,37916
3765,0x000000c9,201
3766,0x00000042,66
3767,0x00000210,528
3768,0x000001ce,462
3769,0x0000018c,396
3770,0x00000297,663
3771,0x0000010b,267
3772,0x00000084,132
3773,0x00000407,1031
3774,0x000000e6,230
3775,0x000012b4,4788
3776,0x0000139a,5018
3777,0x0001047a,66682
3778,0x0001df4c,122700
3779,0x0001df4c,122700
3780,0x0001df4c,122700
3781,0x0001afba,110522
3782,0x00000042,66
3783,0x00009fae,40878
3784,0x00004515,17685
3785,0x0000cdc9,52681
3786,0x00000042,66
3787,0x00000042,66
3788,0x000000a4,164
3789,0x000015e8,5608
3790,0x00002756,10070
3791,0x00013f5c,81756
3792,0x0001631a,90906
3793,0x000000ae,174
3794,0x000006ec,1772
3795,0x00000084,132
3796,0x00012b92,76690
3797,0x00011458,70744
3798,0x00000042,66
3799,0x0000014d,333
3800,0x000000c6,198
3801,0x00000108,264
3802,0x00000108,264
3803,0x00000294,660
3804,0x0000114a,4426
3805,0x0000020e,526
3806,0x00010438,66616
3807,0x0001df0a,122634
3808,0x00014546,83270
3809,0x00000210,528
3810,0x00000084,132
3811,0x0000d8ad,55469
3812,0x0000018c,396
3813,0x000001ce,462
3814,0x00000042,66
3815,0x00000042,66
3816,0x000004e6,1254
3817,0x00000042,66
3818,0x0000035a,858
3819,0x00000084,132
3820,0x00000042,66
3821,0x000000c6,198
3822,0x00001358,4952
3823,0x00007648,30280
3824,0x000000a4,164
3825,0x000012b4,4788
3826,0x00000bd4,3028
3827,0x00003b24,15140
3828,0x00007648,30280
3829,0x000017a8,6056
3830,0x00005ea0,24224
3831,0x00003b24,15140
3832,0x00004ce2,19682
3833,0x0000237c,9084
3834,0x00000bd4,3028
3835,0x00006a74,27252
3836,0x000011be,4542
3837,0x0000410e,16654
3838,0x0000648a,25738
3839,0x000017a8,6056
3840,0x00003b24,15140
3841,0x000017a8,6056
3842,0x0000a598,42392
3843,0x000058b6,22710
3844,0x0000c914,51476
3845,0x00008806,34822
3846,0x0000cefe,52990
3847,0x0000410e,16654
3848,0x00002f50,12112
3849,0x000038ff,14591
3850,0x000052cc,21196
3851,0x0000410e,16654
3852,0x000001b5,437
3853,0x000002e6,742
3854,0x000000ae,174
3855,0x0000353a,13626
3856,0x0000655d,25949
3857,0x00000a45,2629
3858,0x00000c7a,3194
3859,0x000004af,1199
3860,0x00000bd4,3028
3861,0x000023be,9150
3862,0x0000410e,16654
3863,0x0000353a,13626
3864,0x00000084,132
3865,0x000001d1,465
3866,0x0000018c,396
3867,0x000001ce,462
3868,0x000003a2,930
3869,0x00000084,132
3870,0x00000042,66
3871,0x000000c9,201
3872,0x00003b24,15140
3873,0x00003ee9,16105
3874,0x00000042,66
3875,0x000011ce,4558
3876,0x00000042,66
3877,0x00009be2,39906
3878,0x0001da6a,121450
3879,0x0001e15c,123228
3880,0x0001e4f4,124148
3881,0x0001deb1,122545
3882,0x000121ca,74186
3883,0x00000084,132
3884,0x00000042,66
3885,0x000000ef,239
3886,0x00005ee2,24290
3887,0x00007ad3,31443
3888,0x0000035a,858
3889,0x00000202,514
3890,0x00001864,6244
3891,0x00013f5c,81756
3892,0x0001afba,110522
3893,0x00000084,132
3894,0x0000035a,858
3895,0x00000bd4,3028
3896,0x000011be,4542
3897,0x00000c58,3160
3898,0x00014546,83270
3899,0x0000a3fa,41978
3900,0x000000c6,198
3901,0x00000108,264
3902,0x0000114a,4426
3903,0x00000250,592
3904,0x0000b756,46934
3905,0x000011be,4542
3906,0x000017a8,6056
3907,0x00000042,66
3908,0x00001d92,7570
3909,0x00009fae,40878
3910,0x0000237c,9084
3911,0x00000042,66
3912,0x0000cefe,52990
3913,0x00000bd4,3028
3914,0x00000084,132
3915,0x0000c914,51476
3916,0x00002966,10598
3917,0x00000084,132
3918,0x00000084,132
3919,0x000046f8,18168
3920,0x0000c32a,49962
3921,0x00000042,66
3922,0x000046f8,18168
3923,0x00002157,8535
3924,0x00001358,4952
3925,0x00008806,34822
3926,0x0000237c,9084
3927,0x000093da,37850
3928,0x00008df0,36336
3929,0x00002f50,12112
3930,0x0000821c,33308
3931,0x000046f8,18168
3932,0x00000bd4,3028
3933,0x0000c32a,49962
3934,0x000011be,4542
3935,0x0000a598,42392
3936,0x0000237c,9084
3937,0x000091b5,37301
3938,0x00000042,66
3939,0x00000340,832
3940,0x000002b7,695
3941,0x00000210,528
3942,0x000008c6,2246
3943,0x0000129d,4765
3944,0x000004ff,1279
3945,0x00000042,66
3946,0x000000c9,201
3947,0x00000108,264
3948,0x0000015e,350
3949,0x000002d6,726
3950,0x0000039c,924
3951,0x000003e1,993
3952,0x0000014a,330
3953,0x00000252,594
3954,0x0000018c,396
3955,0x0000018c,396
3956,0x0000010e,270
3957,0x00000042,66
3958,0x00000042,66
3959,0x00000042,66
3960,0x00000084,132
3961,0x000001ce,462
3962,0x00000345,837
3963,0x0000112a,4394
3964,0x00000042,66
3965,0x0000defe,57086
3966,0x0001e4f4,124148
3967,0x0001df0a,122634
3968,0x0001df0a,122634
3969,0x0001e4f4,124148
3970,0x0000d8ad,55469
3971,0x0000018c,396
3972,0x00007f4a,32586
3973,0x00005d41,23873
3974,0x000000c6,198
3975,0x00000084,132
3976,0x00001358,4952
3977,0x00011be0,72672
3978,0x0001e4f4,124148
3979,0x00001f1e,7966
3980,0x00000294,660
3981,0x00000084,132
3982,0x00000042,66
3983,0x00000084,132
3984,0x000030ea,12522
3985,0x000011be,4542
3986,0x00001d92,7570
3987,0x00013388,78728
3988,0x00015ac9,88777
3989,0x00000042,66
3990,0x00000042,66
3991,0x00000084,132
3992,0x00000bd4,3028
3993,0x0000fe4e,65102
3994,0x00000042,66
3995,0x00001358,4952
3996,0x0000353a,13626
3997,0x000093da,37850
3998,0x0000237c,9084
3999,0x0001100c,69644
4000,0x000058b6,22710
4001,0x00009fae,40878
4002,0x0000821c,33308
4003,0x0000c32a,49962
4004,0x000011be,4542
4005,0x0000f27a,62074
4006,0x000085e1,34273
4007,0x00000bd4,3028
4008,0x00009fae,40878
4009,0x00006a74,27252
4010,0x00000bd4,3028
4011,0x00005ea0,24224
4012,0x0000b756,46934
4013,0x000003c5,965
4014,0x00000042,66
4015,0x0000030f,783
4016,0x000002e6,742
4017,0x000000dd,221
4018,0x000016c3,5827
4019,0x00000a61,2657
4020,0x00000042,66
4021,0x00000084,132
4022,0x000000c9,201
4023,0x000002d9,729
4024,0x000005ac,1452
4025,0x000002dc,732
4026,0x00000297,663
4027,0x000001ce,462
4028,0x00000108,264
4029,0x000000c6,198
4030,0x0000014a,330
4031,0x00000084,132
4032,0x00000042,66
4033,0x00000042,66
4034,0x00001880,6272
4035,0x00000108,264
4036,0x000000c6,198
4037,0x0000bdc4,48580
4038,0x0001e4f4,124148
4039,0x00018654,99924
4040,0x00001358,4952
4041,0x0000bd40,48448
4042,0x0001df0a,122634
4043,0x00018e90,102032
4044,0x00000210,528
4045,0x00000042,66
4046,0x0000d973,55667
4047,0x00000042,66
4048,0x000000a4,164
4049,0x00007d28,32040
4050,0x00006e39,28217
4051,0x0001c2c2,115394
4052,0x00015cee,89326
4053,0x000000c6,198
4054,0x0000115b,4443
4055,0x0000020e,526
4056,0x0000705e,28766
4057,0x00013972,80242
4058,0x00003b24,15140
4059,0x0001374d,79693
4060,0x00000042,66
4061,0x00010a22,68130
4062,0x0000114a,4426
4063,0x0000020e,526
4064,0x00002966,10598
4065,0x0000e0bc,57532
4066,0x00004d2c,19756
4067,0x0000bd40,48448
4068,0x00002966,10598
4069,0x00000bd4,3028
4070,0x0000c914,51476
4071,0x0000410e,16654
4072,0x000093da,37850
4073,0x0000f27a,62074
4074,0x0001511a,86298
4075,0x00002d3c,11580
4076,0x00000bd4,3028
4077,0x00010438,66616
4078,0x00001d92,7570
4079,0x000038ff,14591
4080,0x0000014a,330
4081,0x000002b7,695
4082,0x00000239,569
4083,0x00000200,512
4084,0x000011e4,4580
4085,0x00000ae8,2792
4086,0x00000307,775
4087,0x00000042,66
4088,0x0000010b,267
4089,0x000000c6,198
4090,0x00000252,594
4091,0x000002d6,726
4092,0x00000297,663
4093,0x000005f1,1521
4094,0x00000423,1059
4095,0x00000297,663
