0,0x00000c2e,3118
1,0x00000e5a,3674
2,0x00001d5c,7516
3,0x00001fea,8170
4,0x0000271f,10015
5,0x0000334e,13134
6,0x0000335e,13150
7,0x00003577,13687
8,0x0000447b,17531
9,0x00004708,18184
10,0x00004e3f,20031
11,0x001fe11f,2089247
12,0x001fe75f,2090847
13,0x0020037f,2098047
14,0x00200e6f,2100847
15,0x002022be,2106046
16,0x0020334e,2110286
17,0x002049ce,2116046
18,0x002070dd,2126045
19,0x002097ee,2136046
20,0x0020ab25,2140965
21,0x0020befd,2146045
22,0x0020e60d,2156045
23,0x0020e617,2156055
24,0x00210d35,2166069
25,0x00213453,2176083
26,0x002147b4,2181044
27,0x00215b71,2186097
28,0x00218291,2196113
29,0x0021a992,2206098
30,0x0021a9ad,2206125
31,0x0021d0cc,2216140
32,0x0021f7ed,2226157
33,0x00221f0a,2236170
34,0x00224629,2246185
35,0x00224645,2246213
36,0x00226d64,2256228
37,0x00229484,2266244
38,0x0022bba5,2276261
39,0x0022e2c4,2286276
40,0x002309e4,2296292
41,0x00233103,2306307
42,0x00235821,2316321
43,0x00237f42,2326338
44,0x0023a664,2336356
45,0x0023cd84,2346372
46,0x0023cd97,2346391
47,0x0023f4b5,2356405
48,0x00241bd4,2366420
49,0x002442f4,2376436
50,0x00246a14,2386452
51,0x00249133,2396467
52,0x0024b851,2406481
53,0x0024b89c,2406556
54,0x0024df71,2416497
55,0x00250690,2426512
56,0x00252daf,2436527
57,0x002554cf,2446543
58,0x002554e3,2446563
59,0x00257c01,2456577
60,0x0025a321,2466593
61,0x0025ca41,2476609
62,0x0025f129,2486569
63,0x0025f162,2486626
64,0x00261881,2496641
65,0x00263f9f,2506655
66,0x002666bd,2516669
67,0x00268ddc,2526684
68,0x0026b4fb,2536699
69,0x0026dc18,2546712
70,0x0026dc2b,2546731
71,0x0027034a,2556746
72,0x00272a69,2566761
73,0x00275188,2576776
74,0x002778a6,2586790
75,0x00279fc4,2596804
76,0x0027c6e4,2606820
77,0x0027ee02,2616834
78,0x00281522,2626850
79,0x00283c41,2636865
80,0x00286362,2646882
81,0x00286375,2646901
82,0x00288a95,2656917
83,0x00288ab3,2656947
84,0x0028b1b6,2666934
85,0x0028d8d6,2676950
86,0x0028fff4,2686964
87,0x00292714,2696980
88,0x00294e33,2706995
89,0x00297552,2717010
90,0x00299c70,2727024
91,0x0029c38f,2737039
92,0x0029eaae,2747054
93,0x0029eac2,2747074
94,0x002a11e0,2757088
95,0x002a38bf,2767039
96,0x002a3900,2767104
97,0x002a601e,2777118
98,0x002a873e,2787134
99,0x002aae5b,2797147
100,0x002ad57c,2807164
101,0x002afc9b,2817179
102,0x002b23ba,2827194
103,0x002b4ad9,2837209
104,0x002b71f8,2847224
105,0x002b720b,2847243
106,0x002b9929,2857257
107,0x002bc04a,2867274
108,0x002be768,2877288
109,0x002c0e88,2887304
110,0x002c35a6,2897318
111,0x002c5cc7,2907335
112,0x002c5cca,2907338
113,0x002c83e7,2917351
114,0x002cab08,2927368
115,0x002cd227,2937383
116,0x002cf947,2947399
117,0x002cf95b,2947419
118,0x002d2079,2957433
119,0x002d4797,2967447
120,0x002d6eb6,2977462
121,0x002d95d6,2987478
122,0x002dbcf4,2997492
123,0x002de413,3007507
124,0x002e0b32,3017522
125,0x002e3251,3027537
126,0x002e5970,3037552
127,0x002e8056,3047510
128,0x002e808e,3047566
129,0x002e80a2,3047586
130,0x002ea7c2,3057602
131,0x002ecee3,3067619
132,0x002ef602,3077634
133,0x002f1d22,3087650
134,0x002f4441,3097665
135,0x002f6b61,3107681
136,0x002f927f,3117695
137,0x002fb99f,3127711
138,0x002fe0bd,3137725
139,0x003007dc,3147740
140,0x003007ef,3147759
141,0x00302ee1,3157729
142,0x00302f0d,3157773
143,0x0030562b,3167787
144,0x00307d49,3177801
145,0x0030a467,3187815
146,0x0030cb85,3197829
147,0x0030f2a3,3207843
148,0x003119c2,3217858
149,0x003140e0,3227872
150,0x003167ff,3237887
151,0x00318f1e,3247902
152,0x00318f2f,3247919
153,0x0031b64d,3257933
154,0x0031dd6e,3267950
155,0x0032048d,3277965
156,0x00322bad,3287981
157,0x003252cb,3297995
158,0x003279eb,3308011
159,0x0032a10a,3318026
160,0x0032c7ec,3327980
161,0x0032c82b,3328043
162,0x0032ef48,3338056
163,0x00331667,3348071
164,0x00331679,3348089
165,0x00332bfe,3353598
166,0x00333d96,3358102
167,0x00334c06,3361798
168,0x003364b5,3368117
169,0x00336fcd,3370957
170,0x00338bd3,3378131
171,0x003396dd,3380957
172,0x0033b2f2,3388146
173,0x0033bded,3390957
174,0x0033c88d,3393677
175,0x0033da11,3398161
176,0x003400f8,3408120
177,0x0034012f,3408175
178,0x00340c1a,3410970
179,0x00340c26,3410982
180,0x0034284c,3418188
181,0x00343345,3420997
182,0x00344f6b,3428203
183,0x00345a65,3431013
184,0x0034651c,3433756
185,0x0034768b,3438219
186,0x00348184,3441028
187,0x00349daa,3448234
188,0x00349dbd,3448253
189,0x0034a8a4,3451044
190,0x0034c4dc,3458268
191,0x0034cfc2,3461058
192,0x0034cfe8,3461096
193,0x0034ebfa,3468282
194,0x0034f6e0,3471072
195,0x0035131a,3478298
196,0x00351e00,3481088
197,0x00353a39,3488313
198,0x00354520,3491104
199,0x00356157,3498327
200,0x00356c41,3501121
201,0x00356c59,3501145
202,0x00358875,3508341
203,0x00359377,3511159
204,0x0035af93,3518355
205,0x0035ba95,3521173
206,0x0035d6b2,3528370
207,0x0035e1b4,3531188
208,0x0035fdd0,3538384
209,0x003608d2,3541202
210,0x003624ee,3548398
211,0x00362500,3548416
212,0x00362ff0,3551216
213,0x00364c20,3558432
214,0x0036570f,3561231
215,0x0036733f,3568447
216,0x00367e2e,3571246
217,0x00369a5d,3578461
218,0x0036a54c,3581260
219,0x0036c17b,3588475
220,0x0036cc9d,3591325
221,0x0036e899,3598489
222,0x0036f3bc,3601340
223,0x0036f3cd,3601357
224,0x00370f83,3608451
225,0x00370fb7,3608503
226,0x00371aec,3611372
227,0x003736d6,3618518
228,0x0037420a,3621386
229,0x00375df4,3628532
230,0x0037692a,3631402
231,0x00378515,3638549
232,0x00379048,3641416
233,0x0037ac35,3648565
234,0x0037ac49,3648585
235,0x0037b767,3651431
236,0x0037d30f,3658511
237,0x0037d367,3658599
238,0x0037de87,3661447
239,0x0037fa86,3668614
240,0x003805a5,3671461
241,0x003821a3,3678627
242,0x00382cc5,3681477
243,0x003848c2,3688642
244,0x003853e5,3691493
245,0x00386fe1,3698657
246,0x00387b05,3701509
247,0x00387bb1,3701681
248,0x00389701,3708673
249,0x0038a2d1,3711697
250,0x0038be20,3718688
251,0x0038c9f2,3721714
252,0x0038e53e,3728702
253,0x0038f110,3731728
254,0x0038f58a,3732874
255,0x0038fdaa,3734954
256,0x0038fdb5,3734965
257,0x00390c5e,3738718
258,0x00390dc1,3739073
259,0x00391742,3741506
260,0x0039182e,3741742
261,0x003924e2,3744994
262,0x0039337c,3748732
263,0x00393392,3748754
264,0x00393f4c,3751756
265,0x00394c01,3755009
266,0x00395ab0,3758768
267,0x0039666a,3761770
268,0x00397320,3765024
269,0x003981ce,3768782
270,0x00398d8a,3771786
271,0x00399218,3772952
272,0x00399a3f,3775039
273,0x0039a8ed,3778797
274,0x0039b4a8,3781800
275,0x0039c15e,3785054
276,0x0039c17d,3785085
277,0x0039d00b,3788811
278,0x0039dbbd,3791805
279,0x0039dbc8,3791816
280,0x0039e87c,3795068
281,0x0039f729,3798825
282,0x003a02e7,3801831
283,0x003a02fa,3801850
284,0x003a0f9a,3805082
285,0x003a1e49,3808841
286,0x003a2a1a,3811866
287,0x003a2ea6,3813030
288,0x003a36b9,3815097
289,0x003a4566,3818854
290,0x003a5137,3821879
291,0x003a5dd9,3825113
292,0x003a6c85,3828869
293,0x003a7855,3831893
294,0x003a84f8,3835128
295,0x003a850f,3835151
296,0x003a93a3,3838883
297,0x003a9f74,3841908
298,0x003aac2d,3845165
299,0x003abac3,3848899
300,0x003abad4,3848916
301,0x003ac694,3851924
302,0x003ad34c,3855180
303,0x003ae1f3,3858931
304,0x003aedb3,3861939
305,0x003afa6a,3865194
306,0x003b0912,3868946
307,0x003b14d1,3871953
308,0x003b2189,3875209
309,0x003b3030,3878960
310,0x003b3bee,3881966
311,0x003b48a8,3885224
312,0x003b571a,3888922
313,0x003b574f,3888975
314,0x003b630e,3891982
315,0x003b6fc7,3895239
316,0x003b7e6d,3898989
317,0x003b8a2d,3901997
318,0x003b8a41,3902017
319,0x003b96e5,3905253
320,0x003ba58c,3909004
321,0x003bb160,3912032
322,0x003bbe04,3915268
323,0x003bccaa,3919018
324,0x003bd87e,3922046
325,0x003be523,3925283
326,0x003bf3c8,3929032
327,0x003bff9d,3932061
328,0x003c0c43,3935299
329,0x003c0c56,3935318
330,0x003c1aa5,3938981
331,0x003c1ae6,3939046
332,0x003c26bd,3942077
333,0x003c3375,3945333
334,0x003c4204,3949060
335,0x003c4214,3949076
336,0x003c4ddb,3952091
337,0x003c5a91,3955345
338,0x003c5a95,3955349
339,0x003c6933,3959091
340,0x003c74fa,3962106
341,0x003c81b5,3965365
342,0x003c9052,3969106
343,0x003c9c19,3972121
344,0x003ca8d3,3975379
345,0x003cb772,3979122
346,0x003cc337,3982135
347,0x003ccff3,3985395
348,0x003cde8f,3989135
349,0x003cea56,3992150
350,0x003cf713,3995411
351,0x003d05af,3999151
352,0x003d1174,4002164
353,0x003d1187,4002183
354,0x003d1e32,4005426
355,0x003d2ccd,4009165
356,0x003d38a6,4012198
357,0x003d4551,4015441
358,0x003d53eb,4019179
359,0x003d5fc5,4022213
360,0x003d6c71,4025457
361,0x003d7b0a,4029194
362,0x003d86e4,4032228
363,0x003d9391,4035473
364,0x003d93a4,4035492
365,0x003da228,4039208
366,0x003dae03,4042243
367,0x003dbac3,4045507
368,0x003dc945,4049221
369,0x003dc959,4049241
370,0x003dd522,4052258
371,0x003de1e2,4055522
372,0x003df077,4059255
373,0x003df3f7,4060151
374,0x003dfa5f,4061791
375,0x003dfc41,4062273
376,0x003e0901,4065537
377,0x003e0914,4065556
378,0x003e14c7,4068551
379,0x003e14ef,4068591
380,0x003e1796,4069270
381,0x003e2197,4071831
382,0x003e2318,4072216
383,0x003e2360,4072288
384,0x003e3020,4075552
385,0x003e3bd7,4078551
386,0x003e3eb4,4079284
387,0x003e48a7,4081831
388,0x003e4a7f,4082303
389,0x003e4aaf,4082351
390,0x003e573f,4085567
391,0x003e65d4,4089300
392,0x003e719d,4092317
393,0x003e7e5d,4095581
394,0x003e8cf4,4099316
395,0x003e96d2,4101842
396,0x003e96dd,4101853
397,0x003e98bc,4102332
398,0x003e98cd,4102349
399,0x003ea57b,4105595
400,0x003eb412,4109330
401,0x003ebdfc,4111868
402,0x003ebfeb,4112363
403,0x003ecc9c,4115612
404,0x003ed83d,4118589
405,0x003edb30,4119344
406,0x003ee51a,4121882
407,0x003ee6f2,4122354
408,0x003ee70c,4122380
409,0x003ef3bb,4125627
410,0x003f0250,4129360
411,0x003f0c39,4131897
412,0x003f0e29,4132393
413,0x003f1adb,4135643
414,0x003f1aec,4135660
415,0x003f296f,4139375
416,0x003f3359,4141913
417,0x003f3548,4142408
418,0x003f420b,4145675
419,0x003f508d,4149389
420,0x003f50a1,4149409
421,0x003f5a77,4151927
422,0x003f5a90,4151952
423,0x003f5c67,4152423
424,0x003f692a,4155690
425,0x003f74cc,4158668
426,0x003f77c1,4159425
427,0x003f8195,4161941
428,0x003f8387,4162439
429,0x003f9049,4165705
430,0x003f9eb0,4169392
431,0x003f9edf,4169439
432,0x003fa8b4,4171956
433,0x003faaa6,4172454
434,0x003fb728,4175656
435,0x003fb768,4175720
436,0x003fc5ff,4179455
437,0x003fcfd2,4181970
438,0x003fd1c3,4182467
439,0x003fde8a,4185738
440,0x003fed1d,4189469
441,0x003ff6f0,4191984
442,0x003ff708,4192008
443,0x003ff8e3,4192483
444,0x004005a9,4195753
445,0x0040143c,4199484
446,0x00401e27,4202023
447,0x00402002,4202498
448,0x00402013,4202515
449,0x00402cca,4205770
450,0x00403b5b,4209499
451,0x00404549,4212041
452,0x00404730,4212528
453,0x004053e9,4215785
454,0x0040623b,4219451
455,0x00406279,4219513
456,0x00406c68,4222056
457,0x00406e51,4222545
458,0x00407b08,4225800
459,0x00408998,4229528
460,0x00409387,4232071
461,0x00409570,4232560
462,0x0040a228,4235816
463,0x0040a239,4235833
464,0x0040b0b6,4239542
465,0x0040baa6,4242086
466,0x0040bc8f,4242575
467,0x0040c958,4245848
468,0x0040d7d5,4249557
469,0x0040d7e7,4249575
470,0x0040e1c4,4252100
471,0x0040e3ac,4252588
472,0x0040f078,4255864
473,0x0040ff05,4259589
474,0x004108e3,4262115
475,0x00410acc,4262604
476,0x00411799,4265881
477,0x00412624,4269604
478,0x00413003,4272131
479,0x004131ec,4272620
480,0x00413eb8,4275896
481,0x00414d43,4279619
482,0x00415721,4282145
483,0x0041590a,4282634
484,0x004165d7,4285911
485,0x00417461,4289633
486,0x00417e41,4292161
487,0x00417e53,4292179
488,0x0041802a,4292650
489,0x00418cf7,4295927
490,0x00419b81,4299649
491,0x0041a572,4302194
492,0x0041a74b,4302667
493,0x0041a75c,4302684
494,0x0041b417,4305943
495,0x0041c29f,4309663
496,0x0041cc92,4312210
497,0x0041ce7a,4312698
498,0x0041db38,4315960
499,0x0041e9bd,4319677
500,0x0041f3b5,4322229
501,0x0041f59a,4322714
502,0x00420259,4325977
503,0x004210db,4329691
504,0x00421ad4,4332244
505,0x00421cb9,4332729
506,0x00422979,4335993
507,0x0042298d,4336013
508,0x004237fb,4339707
509,0x004241f4,4342260
510,0x004243d9,4342745
511,0x004250aa,4346026
512,0x004250ad,4346029
513,0x00425f1b,4349723
514,0x00425f2e,4349742
515,0x00426914,4352276
516,0x00426af8,4352760
517,0x004277cd,4356045
518,0x0042864c,4359756
519,0x00429034,4362292
520,0x00429217,4362775
521,0x00429eed,4366061
522,0x0042ad6b,4369771
523,0x0042b754,4372308
524,0x0042b937,4372791
525,0x0042c60c,4376076
526,0x0042d48b,4379787
527,0x0042de74,4382324
528,0x0042e056,4382806
529,0x0042ed2b,4386091
530,0x0042fba9,4389801
531,0x00430218,4391448
532,0x004303d0,4391888
533,0x00430593,4392339
534,0x004305a7,4392359
535,0x00430777,4392823
536,0x00430ec0,4394688
537,0x00431449,4396105
538,0x00431460,4396128
539,0x00431898,4397208
540,0x004322cb,4399819
541,0x00432adf,4401887
542,0x00432cc7,4402375
543,0x00432e4e,4402766
544,0x00432e96,4402838
545,0x00432eca,4402890
546,0x004335d0,4404688
547,0x00433b67,4406119
548,0x004349e9,4409833
549,0x00434cef,4410607
550,0x004351ef,4411887
551,0x004353e6,4412390
552,0x004355e9,4412905
553,0x00436285,4416133
554,0x00437108,4419848
555,0x00437b04,4422404
556,0x00437d08,4422920
557,0x004389a4,4426148
558,0x00439828,4429864
559,0x0043a01f,4431903
560,0x0043a02a,4431914
561,0x0043a223,4432419
562,0x0043a227,4432423
563,0x0043a427,4432935
564,0x0043b0c4,4436164
565,0x0043b0d7,4436183
566,0x0043bf47,4439879
567,0x0043c749,4441929
568,0x0043c940,4442432
569,0x0043cb47,4442951
570,0x0043d25e,4444766
571,0x0043d7f7,4446199
572,0x0043e647,4449863
573,0x0043e665,4449893
574,0x0043e675,4449909
575,0x0043ee67,4451943
576,0x0043f05e,4452446
577,0x0043f227,4452903
578,0x0043f265,4452965
579,0x0043ff16,4456214
580,0x00440d94,4459924
581,0x00441585,4461957
582,0x0044177e,4462462
583,0x00441986,4462982
584,0x00442636,4466230
585,0x004434b3,4469939
586,0x00443ca4,4471972
587,0x00443e9e,4472478
588,0x004440a6,4472998
589,0x00444d56,4476246
590,0x00445bd2,4479954
591,0x004463c2,4481986
592,0x004463e5,4482021
593,0x004465bd,4482493
594,0x004467c5,4483013
595,0x00446eec,4484844
596,0x00447475,4486261
597,0x004482f1,4489969
598,0x00448ae0,4492000
599,0x00448cd0,4492496
600,0x00448cdc,4492508
601,0x00448ced,4492525
602,0x00448ee4,4493028
603,0x00449b95,4496277
604,0x0044a9d1,4499921
605,0x0044aa10,4499984
606,0x0044b200,4502016
607,0x0044b40c,4502540
608,0x0044b604,4503044
609,0x0044b616,4503062
610,0x0044c2b4,4506292
611,0x0044d12d,4509997
612,0x0044d91e,4512030
613,0x0044db2c,4512556
614,0x0044dd38,4513080
615,0x0044e9d2,4516306
616,0x0044f84c,4520012
617,0x0045003c,4522044
618,0x00450054,4522068
619,0x0045024c,4522572
620,0x00450458,4523096
621,0x004510f1,4526321
622,0x00451f6b,4530027
623,0x00452772,4532082
624,0x0045296b,4532587
625,0x00452b77,4533111
626,0x00453810,4536336
627,0x00453823,4536355
628,0x0045468a,4540042
629,0x00454e90,4542096
630,0x0045508c,4542604
631,0x00455295,4543125
632,0x00455f42,4546370
633,0x00456da8,4550056
634,0x00456db8,4550072
635,0x004575ae,4552110
636,0x004577ab,4552619
637,0x004579b5,4553141
638,0x00458660,4556384
639,0x004594d7,4560087
640,0x00459ccc,4562124
641,0x00459ecc,4562636
642,0x0045a0d4,4563156
643,0x0045ad7f,4566399
644,0x0045bbf5,4570101
645,0x0045c3eb,4572139
646,0x0045c5e9,4572649
647,0x0045c7f3,4573171
648,0x0045d49e,4576414
649,0x0045e314,4580116
650,0x0045eb09,4582153
651,0x0045ed08,4582664
652,0x0045ef12,4583186
653,0x0045fbbe,4586430
654,0x00460a32,4590130
655,0x00461228,4592168
656,0x00461427,4592679
657,0x00461439,4592697
658,0x00461631,4593201
659,0x004622de,4596446
660,0x0046314f,4600143
661,0x00463979,4602233
662,0x00463b57,4602711
663,0x00463d50,4603216
664,0x00463d62,4603234
665,0x004649fe,4606462
666,0x0046586d,4610157
667,0x00466098,4612248
668,0x00466278,4612728
669,0x00466482,4613250
670,0x004670f7,4616439
671,0x0046711b,4616475
672,0x00467f8c,4620172
673,0x004687b6,4622262
674,0x004687c8,4622280
675,0x00468998,4622744
676,0x00468ba1,4623265
677,0x00469839,4626489
678,0x0046a6aa,4630186
679,0x0046aee9,4632297
680,0x0046b0b6,4632758
681,0x0046b2c0,4633280
682,0x0046bf58,4636504
683,0x0046bf88,4636552
684,0x0046cdc8,4640200
685,0x0046d60a,4642314
686,0x0046d7d6,4642774
687,0x0046d9df,4643295
688,0x0046e6a7,4646567
689,0x0046f4e6,4650214
690,0x0046f4f6,4650230
691,0x0046fd29,4652329
692,0x0046fef5,4652789
693,0x004700fe,4653310
694,0x00470dc6,4656582
695,0x00471c14,4660244
696,0x00472447,4662343
697,0x00472616,4662806
698,0x0047281d,4663325
699,0x00473480,4666496
700,0x004734e7,4666599
701,0x00474333,4670259
702,0x00474b68,4672360
703,0x00474d37,4672823
704,0x00474f3c,4673340
705,0x00475c07,4676615
706,0x00476a52,4680274
707,0x00477286,4682374
708,0x00477457,4682839
709,0x0047765b,4683355
710,0x00478327,4686631
711,0x00479171,4690289
712,0x004799a6,4692390
713,0x00479b76,4692854
714,0x00479b8a,4692874
715,0x00479d7b,4693371
716,0x0047aa48,4696648
717,0x0047b890,4700304
718,0x0047c0c5,4702405
719,0x0047c2a9,4702889
720,0x0047c49a,4703386
721,0x0047c4ad,4703405
722,0x0047d168,4706664
723,0x0047dfaf,4710319
724,0x0047e7e5,4712421
725,0x0047e9be,4712894
726,0x0047e9c8,4712904
727,0x0047ebcc,4713420
728,0x0047f887,4716679
729,0x004806cd,4720333
730,0x00480f06,4722438
731,0x00480f1b,4722459
732,0x004810e8,4722920
733,0x004812ec,4723436
734,0x00481fa8,4726696
735,0x00482ddd,4730333
736,0x00482ded,4730349
737,0x0048363a,4732474
738,0x00483809,4732937
739,0x004839bd,4733373
740,0x00483a0c,4733452
741,0x004846c9,4736713
742,0x004846e0,4736736
743,0x0048550c,4740364
744,0x00485d5a,4742490
745,0x00485f29,4742953
746,0x0048612b,4743467
747,0x00486e00,4746752
748,0x00487c2a,4750378
749,0x00487c3c,4750396
750,0x00488479,4752505
751,0x00488649,4752969
752,0x0048884b,4753483
753,0x00489520,4756768
754,0x0048a35b,4760411
755,0x0048ab7c,4762492
756,0x0048ab97,4762519
757,0x0048ad68,4762984
758,0x0048af69,4763497
759,0x0048bc40,4766784
760,0x0048ca79,4770425
761,0x0048d2b7,4772535
762,0x0048d487,4772999
763,0x0048d689,4773513
764,0x0048e35f,4776799
765,0x0048f167,4780391
766,0x0048f197,4780439
767,0x0048f9d5,4782549
768,0x0048fba5,4783013
769,0x0048fda9,4783529
770,0x0048fdc2,4783554
771,0x00490a7d,4786813
772,0x004918b5,4790453
773,0x004920f2,4792562
774,0x004922c6,4793030
775,0x004922f5,4793077
776,0x004924c9,4793545
777,0x0049319d,4796829
778,0x00493fd3,4800467
779,0x00494811,4802577
780,0x00494a12,4803090
781,0x00494be9,4803561
782,0x00494bfc,4803580
783,0x004958bc,4806844
784,0x004966f1,4810481
785,0x00496f31,4812593
786,0x00497131,4813105
787,0x0049731c,4813596
788,0x00497fda,4816858
789,0x00498e0f,4820495
790,0x00499641,4822593
791,0x00499650,4822608
792,0x00499664,4822628
793,0x0049984f,4823119
794,0x00499a3a,4823610
795,0x0049a6f8,4826872
796,0x0049b52f,4830511
797,0x0049bd84,4832644
798,0x0049bf6d,4833133
799,0x0049c159,4833625
800,0x0049ce18,4836888
801,0x0049ce2c,4836908
802,0x0049ce2e,4836910
803,0x0049dc4e,4840526
804,0x0049e4a1,4842657
805,0x0049e68b,4843147
806,0x0049e878,4843640
807,0x0049f54b,4846923
808,0x004a036d,4850541
809,0x004a0380,4850560
810,0x004a0bc1,4852673
811,0x004a0da9,4853161
812,0x004a0f98,4853656
813,0x004a1c6b,4856939
814,0x004a2a9f,4860575
815,0x004a32e1,4862689
816,0x004a34c9,4863177
817,0x004a34e3,4863203
818,0x004a36b8,4863672
819,0x004a438b,4866955
820,0x004a51bd,4870589
821,0x004a5a01,4872705
822,0x004a5be9,4873193
823,0x004a5dd8,4873688
824,0x004a6aa8,4876968
825,0x004a78dc,4880604
826,0x004a8120,4882720
827,0x004a8306,4883206
828,0x004a91c7,4886983
829,0x004a9ffb,4890619
830,0x004aa840,4892736
831,0x004aaa25,4893221
832,0x004aaa34,4893236
833,0x004ab8e5,4896997
834,0x004ac71a,4900634
835,0x004acf5d,4902749
836,0x004ad153,4903251
837,0x004ae005,4907013
838,0x004aee39,4910649
839,0x004af67c,4912764
840,0x004af871,4913265
841,0x004b0723,4917027
842,0x004b1558,4920664
843,0x004b1d9c,4922780
844,0x004b1dd2,4922834
845,0x004b1f90,4923280
846,0x004b2e43,4927043
847,0x004b3c76,4930678
848,0x004b44f2,4932850
849,0x004b46af,4933295
850,0x004b5bfe,4938750
851,0x004b6394,4940692
852,0x004b646d,4940909
853,0x004b6c11,4942865
854,0x004b6dcf,4943311
855,0x004b8ab4,4950708
856,0x004b8ac5,4950725
857,0x004b932f,4952879
858,0x004b94ed,4953325
859,0x004b96bd,4953789
860,0x004bb1e3,4960739
861,0x004bba4d,4962893
862,0x004bbc0c,4963340
863,0x004bbdcc,4963788
864,0x004bd902,4970754
865,0x004be16c,4972908
866,0x004be32c,4973356
867,0x004be4dc,4973788
868,0x004bf88c,4978828
869,0x004c0021,4980769
870,0x004c088c,4982924
871,0x004c0a4a,4983370
872,0x004c273f,4990783
873,0x004c2fad,4992941
874,0x004c3050,4993104
875,0x004c3155,4993365
876,0x004c316b,4993387
877,0x004c317f,4993407
878,0x004c3302,4993794
879,0x004c330d,4993805
880,0x004c4e5e,5000798
881,0x004c56ce,5002958
882,0x004c589e,5003422
883,0x004c5a2c,5003820
884,0x004c5a40,5003840
885,0x004c6728,5007144
886,0x004c6733,5007155
887,0x004c6748,5007176
888,0x004c7574,5010804
889,0x004c757b,5010811
890,0x004c7dee,5012974
891,0x004c7fbe,5013438
892,0x004c815f,5013855
893,0x004c8e66,5017190
894,0x004c951b,5018907
895,0x004c9c99,5020825
896,0x004ca50b,5022987
897,0x004ca51c,5023004
898,0x004ca6dd,5023453
899,0x004ca87f,5023871
900,0x004cb047,5025863
901,0x004cb586,5027206
902,0x004cc3b8,5030840
903,0x004ccc3a,5033018
904,0x004ccdfd,5033469
905,0x004ccf9e,5033886
906,0x004cdca4,5037220
907,0x004cead5,5040853
908,0x004cf313,5042963
909,0x004cf359,5043033
910,0x004cf51d,5043485
911,0x004cf6bd,5043901
912,0x004cf6d3,5043923
913,0x004d03c3,5047235
914,0x004d11f4,5050868
915,0x004d1205,5050885
916,0x004d1a79,5053049
917,0x004d1c3e,5053502
918,0x004d1ddd,5053917
919,0x004d2ab3,5057203
920,0x004d2ae2,5057250
921,0x004d38fe,5060862
922,0x004d3923,5060899
923,0x004d419a,5063066
924,0x004d438e,5063566
925,0x004d44fa,5063930
926,0x004d4cd6,5065942
927,0x004d5201,5067265
928,0x004d6041,5070913
929,0x004d68b8,5073080
930,0x004d6aad,5073581
931,0x004d6c18,5073944
932,0x004d7920,5077280
933,0x004d875f,5080927
934,0x004d8fd9,5083097
935,0x004d91cc,5083596
936,0x004d9336,5083958
937,0x004da03f,5087295
938,0x004dae7e,5090942
939,0x004db6f8,5093112
940,0x004db8ec,5093612
941,0x004db901,5093633
942,0x004dba55,5093973
943,0x004dc75e,5097310
944,0x004dd59d,5100957
945,0x004dde18,5103128
946,0x004de020,5103648
947,0x004de175,5103989
948,0x004de1a8,5104040
949,0x004dee7d,5107325
950,0x004dee90,5107344
951,0x004dfcbb,5110971
952,0x004e053a,5113146
953,0x004e073f,5113663
954,0x004e08c8,5114056
955,0x004e15af,5117359
956,0x004e23d9,5120985
957,0x004e2c5b,5123163
958,0x004e2c6d,5123181
959,0x004e2e5e,5123678
960,0x004e2fe6,5124070
961,0x004e3cce,5127374
962,0x004e4af7,5130999
963,0x004e538c,5133196
964,0x004e557d,5133693
965,0x004e5705,5134085
966,0x004e63ed,5137389
967,0x004e7216,5141014
968,0x004e7aaa,5143210
969,0x004e7c9c,5143708
970,0x004e7e25,5144101
971,0x004e8b0c,5147404
972,0x004e8f3b,5148475
973,0x004e8f46,5148486
974,0x004e8f47,5148487
975,0x004e8f53,5148499
976,0x004e8f54,5148500
977,0x004e8f55,5148501
978,0x004e8fb6,5148598
979,0x004e908d,5148813
980,0x004e90fb,5148923
981,0x004e90fe,5148926
982,0x004e9115,5148949
983,0x004e9128,5148968
984,0x004e9138,5148984
985,0x004e92c7,5149383
986,0x004e9935,5151029
987,0x004e9949,5151049
988,0x004ea1c9,5153225
989,0x004ea3b8,5153720
990,0x004ea544,5154116
991,0x004eb22a,5157418
992,0x004eb87f,5159039
993,0x004eb88b,5159051
994,0x004eb88d,5159053
995,0x004eb8bc,5159100
996,0x004eb941,5159233
997,0x004eb958,5159256
998,0x004eb959,5159257
999,0x004eb95a,5159258
1000,0x004eb966,5159270
1001,0x004eb967,5159271
1002,0x004eb969,5159273
1003,0x004eb976,5159286
1004,0x004ebaee,5159662
1005,0x004ec067,5161063
1006,0x004ec8e9,5163241
1007,0x004ecad8,5163736
1008,0x004ecc64,5164132
1009,0x004ed949,5167433
1010,0x004ee0bb,5169339
1011,0x004ee0c7,5169351
1012,0x004ee0c8,5169352
1013,0x004ee0f9,5169401
1014,0x004ee17a,5169530
1015,0x004ee18f,5169551
1016,0x004ee190,5169552
1017,0x004ee191,5169553
1018,0x004ee19e,5169566
1019,0x004ee1a1,5169569
1020,0x004ee1b0,5169584
1021,0x004ee33e,5169982
1022,0x004ee784,5171076
1023,0x004ef008,5173256
1024,0x004ef1f6,5173750
1025,0x004ef385,5174149
1026,0x004f0066,5177446
1027,0x004f08f4,5179636
1028,0x004f0900,5179648
1029,0x004f0930,5179696
1030,0x004f09b2,5179826
1031,0x004f09c9,5179849
1032,0x004f09ca,5179850
1033,0x004f09cb,5179851
1034,0x004f09d7,5179863
1035,0x004f09d8,5179864
1036,0x004f09e7,5179879
1037,0x004f0b66,5180262
1038,0x004f0ea2,5181090
1039,0x004f1727,5183271
1040,0x004f1913,5183763
1041,0x004f1aa5,5184165
1042,0x004f2784,5187460
1043,0x004f312d,5189933
1044,0x004f3139,5189945
1045,0x004f313a,5189946
1046,0x004f316a,5189994
1047,0x004f31ea,5190122
1048,0x004f3202,5190146
1049,0x004f3204,5190148
1050,0x004f3205,5190149
1051,0x004f3211,5190161
1052,0x004f3213,5190163
1053,0x004f3220,5190176
1054,0x004f33b5,5190581
1055,0x004f35c0,5191104
1056,0x004f3b43,5192515
1057,0x004f3b4e,5192526
1058,0x004f3b5b,5192539
1059,0x004f3b5c,5192540
1060,0x004f3ba1,5192609
1061,0x004f3c55,5192789
1062,0x004f3c6f,5192815
1063,0x004f3c70,5192816
1064,0x004f3c71,5192817
1065,0x004f3c7d,5192829
1066,0x004f3c8f,5192847
1067,0x004f3c9d,5192861
1068,0x004f3e28,5193256
1069,0x004f3e46,5193286
1070,0x004f4032,5193778
1071,0x004f4046,5193798
1072,0x004f41c4,5194180
1073,0x004f4ea4,5197476
1074,0x004f5962,5200226
1075,0x004f596e,5200238
1076,0x004f596f,5200239
1077,0x004f599f,5200287
1078,0x004f5a1f,5200415
1079,0x004f5a37,5200439
1080,0x004f5a38,5200440
1081,0x004f5a39,5200441
1082,0x004f5a45,5200453
1083,0x004f5a47,5200455
1084,0x004f5a56,5200470
1085,0x004f5bdd,5200861
1086,0x004f5cdf,5201119
1087,0x004f63e0,5202912
1088,0x004f63ec,5202924
1089,0x004f63ed,5202925
1090,0x004f6418,5202968
1091,0x004f646e,5203054
1092,0x004f6484,5203076
1093,0x004f6485,5203077
1094,0x004f6492,5203090
1095,0x004f6496,5203094
1096,0x004f64a5,5203109
1097,0x004f6566,5203302
1098,0x004f6628,5203496
1099,0x004f6764,5203812
1100,0x004f68e4,5204196
1101,0x004f68f8,5204216
1102,0x004f75c4,5207492
1103,0x004f75d7,5207511
1104,0x004f7d24,5209380
1105,0x004f7d2f,5209391
1106,0x004f7d30,5209392
1107,0x004f7d3c,5209404
1108,0x004f7d3d,5209405
1109,0x004f7d7d,5209469
1110,0x004f7e2f,5209647
1111,0x004f7e4a,5209674
1112,0x004f7e4b,5209675
1113,0x004f7e58,5209688
1114,0x004f7e6b,5209707
1115,0x004f7e79,5209721
1116,0x004f7fff,5210111
1117,0x004f819d,5210525
1118,0x004f81a9,5210537
1119,0x004f81aa,5210538
1120,0x004f81db,5210587
1121,0x004f825f,5210719
1122,0x004f8277,5210743
1123,0x004f8279,5210745
1124,0x004f8286,5210758
1125,0x004f8289,5210761
1126,0x004f8298,5210776
1127,0x004f83fe,5211134
1128,0x004f842d,5211181
1129,0x004f8be9,5213161
1130,0x004f8bf5,5213173
1131,0x004f8bf6,5213174
1132,0x004f8c1d,5213213
1133,0x004f8c72,5213298
1134,0x004f8c73,5213299
1135,0x004f8c85,5213317
1136,0x004f8c8b,5213323
1137,0x004f8c8d,5213325
1138,0x004f8c99,5213337
1139,0x004f8c9a,5213338
1140,0x004f8c9b,5213339
1141,0x004f8ca9,5213353
1142,0x004f8e28,5213736
1143,0x004f8e82,5213826
1144,0x004f9017,5214231
1145,0x004f9cf7,5217527
1146,0x004fa5b6,5219766
1147,0x004fa5c2,5219778
1148,0x004fa5e6,5219814
1149,0x004fa63d,5219901
1150,0x004fa654,5219924
1151,0x004fa655,5219925
1152,0x004fa656,5219926
1153,0x004fa662,5219938
1154,0x004fa663,5219939
1155,0x004fa671,5219953
1156,0x004fa7ff,5220351
1157,0x004fa9de,5220830
1158,0x004fa9ea,5220842
1159,0x004fa9eb,5220843
1160,0x004faa1b,5220891
1161,0x004faa9c,5221020
1162,0x004faab3,5221043
1163,0x004faab4,5221044
1164,0x004faab5,5221045
1165,0x004faac3,5221059
1166,0x004faac5,5221061
1167,0x004faad3,5221075
1168,0x004fab1d,5221149
1169,0x004fac54,5221460
1170,0x004fb3a3,5223331
1171,0x004fb3b4,5223348
1172,0x004fb3ee,5223406
1173,0x004fb3fa,5223418
1174,0x004fb422,5223458
1175,0x004fb476,5223542
1176,0x004fb48c,5223564
1177,0x004fb48d,5223565
1178,0x004fb48e,5223566
1179,0x004fb49a,5223578
1180,0x004fb49b,5223579
1181,0x004fb49c,5223580
1182,0x004fb4aa,5223594
1183,0x004fb5a2,5223842
1184,0x004fb627,5223975
1185,0x004fb737,5224247
1186,0x004fc416,5227542
1187,0x004fcdb6,5230006
1188,0x004fcdc2,5230018
1189,0x004fcdc3,5230019
1190,0x004fcdf2,5230066
1191,0x004fce56,5230166
1192,0x004fce6b,5230187
1193,0x004fce6d,5230189
1194,0x004fce7a,5230202
1195,0x004fce7c,5230204
1196,0x004fce8b,5230219
1197,0x004fd026,5230630
1198,0x004fd21a,5231130
1199,0x004fd225,5231141
1200,0x004fd226,5231142
1201,0x004fd23b,5231163
1202,0x004fd256,5231190
1203,0x004fd2d6,5231318
1204,0x004fd2ee,5231342
1205,0x004fd2ef,5231343
1206,0x004fd2f0,5231344
1207,0x004fd2fc,5231356
1208,0x004fd2fe,5231358
1209,0x004fd30d,5231373
1210,0x004fd4a4,5231780
1211,0x004fdad2,5233362
1212,0x004fdbee,5233646
1213,0x004fdbfb,5233659
1214,0x004fdc24,5233700
1215,0x004fdc79,5233785
1216,0x004fdc90,5233808
1217,0x004fdc91,5233809
1218,0x004fdc92,5233810
1219,0x004fdc9d,5233821
1220,0x004fdc9e,5233822
1221,0x004fdca0,5233824
1222,0x004fdcaf,5233839
1223,0x004fdcc2,5233858
1224,0x004fde27,5234215
1225,0x004fde58,5234264
1226,0x004feb36,5237558
1227,0x004ff5ce,5240270
1228,0x004ff5da,5240282
1229,0x004ff5db,5240283
1230,0x004ff605,5240325
1231,0x004ff668,5240424
1232,0x004ff67d,5240445
1233,0x004ff67e,5240446
1234,0x004ff67f,5240447
1235,0x004ff68a,5240458
1236,0x004ff68c,5240460
1237,0x004ff699,5240473
1238,0x004ff826,5240870
1239,0x004ff959,5241177
1240,0x004ffa54,5241428
1241,0x004ffa60,5241440
1242,0x004ffa90,5241488
1243,0x004ffb0e,5241614
1244,0x004ffb23,5241635
1245,0x004ffb24,5241636
1246,0x004ffb25,5241637
1247,0x004ffb31,5241649
1248,0x004ffb32,5241650
1249,0x004ffb34,5241652
1250,0x004ffb41,5241665
1251,0x004ffccc,5242060
1252,0x005001da,5243354
1253,0x005001e5,5243365
1254,0x005001f0,5243376
1255,0x005001f1,5243377
1256,0x005001f2,5243378
1257,0x005001f3,5243379
1258,0x00500235,5243445
1259,0x005002e0,5243616
1260,0x005002e1,5243617
1261,0x00500303,5243651
1262,0x00500304,5243652
1263,0x00500305,5243653
1264,0x00500311,5243665
1265,0x00500327,5243687
1266,0x00500334,5243700
1267,0x005003e1,5243873
1268,0x005003f3,5243891
1269,0x00500400,5243904
1270,0x00500401,5243905
1271,0x00500427,5243943
1272,0x0050047c,5244028
1273,0x00500492,5244050
1274,0x00500493,5244051
1275,0x00500494,5244052
1276,0x005004a2,5244066
1277,0x005004a4,5244068
1278,0x005004b4,5244084
1279,0x005004c2,5244098
1280,0x00500577,5244279
1281,0x0050064e,5244494
1282,0x00501256,5247574
1283,0x00501dda,5250522
1284,0x00501de5,5250533
1285,0x00501de6,5250534
1286,0x00501de7,5250535
1287,0x00501e11,5250577
1288,0x00501e77,5250679
1289,0x00501e8d,5250701
1290,0x00501e8e,5250702
1291,0x00501e8f,5250703
1292,0x00501e9b,5250715
1293,0x00501e9c,5250716
1294,0x00501e9e,5250718
1295,0x00501ead,5250733
1296,0x00502026,5251110
1297,0x00502077,5251191
1298,0x00502088,5251208
1299,0x00502284,5251716
1300,0x00502290,5251728
1301,0x00502291,5251729
1302,0x005022c0,5251776
1303,0x00502340,5251904
1304,0x00502359,5251929
1305,0x0050235a,5251930
1306,0x0050235b,5251931
1307,0x00502369,5251945
1308,0x0050236b,5251947
1309,0x0050237b,5251963
1310,0x005024f4,5252340
1311,0x0050290f,5253391
1312,0x00502a79,5253753
1313,0x00502a84,5253764
1314,0x00502a85,5253765
1315,0x00502aaf,5253807
1316,0x00502b01,5253889
1317,0x00502b13,5253907
1318,0x00502b28,5253928
1319,0x00502b2a,5253930
1320,0x00502b36,5253942
1321,0x00502b39,5253945
1322,0x00502b46,5253958
1323,0x00502bfe,5254142
1324,0x00502c0a,5254154
1325,0x00502c31,5254193
1326,0x00502c8d,5254285
1327,0x00502c96,5254294
1328,0x00502ca1,5254305
1329,0x00502ca2,5254306
1330,0x00502caf,5254319
1331,0x00502cb0,5254320
1332,0x00502cbd,5254333
1333,0x00502cc2,5254338
1334,0x00502e4e,5254734
1335,0x00503976,5257590
1336,0x005045f9,5260793
1337,0x00504606,5260806
1338,0x00504607,5260807
1339,0x00504635,5260853
1340,0x0050469d,5260957
1341,0x005046b4,5260980
1342,0x005046b5,5260981
1343,0x005046c2,5260994
1344,0x005046c3,5260995
1345,0x005046c4,5260996
1346,0x005046d3,5261011
1347,0x005047a6,5261222
1348,0x0050484d,5261389
1349,0x00504ac7,5262023
1350,0x00504ad4,5262036
1351,0x00504ad5,5262037
1352,0x00504b07,5262087
1353,0x00504b8c,5262220
1354,0x00504ba2,5262242
1355,0x00504ba4,5262244
1356,0x00504bb2,5262258
1357,0x00504bc2,5262274
1358,0x00504d43,5262659
1359,0x0050502e,5263406
1360,0x00505221,5263905
1361,0x0050528e,5264014
1362,0x0050529a,5264026
1363,0x0050529b,5264027
1364,0x005052c7,5264071
1365,0x0050532c,5264172
1366,0x00505341,5264193
1367,0x00505342,5264194
1368,0x0050534f,5264207
1369,0x00505351,5264209
1370,0x0050535f,5264223
1371,0x005053b6,5264310
1372,0x00505405,5264389
1373,0x00505411,5264401
1374,0x00505439,5264441
1375,0x00505490,5264528
1376,0x005054a7,5264551
1377,0x005054a8,5264552
1378,0x005054b9,5264569
1379,0x005054c7,5264583
1380,0x005054ea,5264618
1381,0x0050564e,5264974
1382,0x00506096,5267606
1383,0x00506e16,5271062
1384,0x00506e22,5271074
1385,0x00506e23,5271075
1386,0x00506e50,5271120
1387,0x00506eb2,5271218
1388,0x00506ec4,5271236
1389,0x00506ec8,5271240
1390,0x00506ec9,5271241
1391,0x00506eca,5271242
1392,0x00506ed7,5271255
1393,0x00506ed8,5271256
1394,0x00506ee7,5271271
1395,0x00507075,5271669
1396,0x0050730a,5272330
1397,0x00507318,5272344
1398,0x00507319,5272345
1399,0x00507346,5272390
1400,0x005073c8,5272520
1401,0x005073e1,5272545
1402,0x005073e2,5272546
1403,0x005073e3,5272547
1404,0x005073ef,5272559
1405,0x005073f2,5272562
1406,0x00507400,5272576
1407,0x00507593,5272979
1408,0x0050774f,5273423
1409,0x00507941,5273921
1410,0x00507aa4,5274276
1411,0x00507ab0,5274288
1412,0x00507ab1,5274289
1413,0x00507ad6,5274326
1414,0x00507ade,5274334
1415,0x00507b3f,5274431
1416,0x00507b58,5274456
1417,0x00507b59,5274457
1418,0x00507b5a,5274458
1419,0x00507b66,5274470
1420,0x00507b68,5274472
1421,0x00507b77,5274487
1422,0x00507c09,5274633
1423,0x00507c15,5274645
1424,0x00507c16,5274646
1425,0x00507c17,5274647
1426,0x00507c3e,5274686
1427,0x00507c93,5274771
1428,0x00507caa,5274794
1429,0x00507cab,5274795
1430,0x00507cac,5274796
1431,0x00507cb8,5274808
1432,0x00507cbb,5274811
1433,0x00507cca,5274826
1434,0x00507d11,5274897
1435,0x00507e4d,5275213
1436,0x005087b5,5277621
1437,0x005095e2,5281250
1438,0x00509628,5281320
1439,0x00509634,5281332
1440,0x00509635,5281333
1441,0x00509662,5281378
1442,0x005096c5,5281477
1443,0x005096dc,5281500
1444,0x005096dd,5281501
1445,0x005096e9,5281513
1446,0x005096ec,5281516
1447,0x005096fa,5281530
1448,0x00509875,5281909
1449,0x00509b45,5282629
1450,0x00509b51,5282641
1451,0x00509b52,5282642
1452,0x00509b80,5282688
1453,0x00509c01,5282817
1454,0x00509c18,5282840
1455,0x00509c19,5282841
1456,0x00509c1a,5282842
1457,0x00509c26,5282854
1458,0x00509c28,5282856
1459,0x00509c36,5282870
1460,0x00509dbb,5283259
1461,0x00509e6f,5283439
1462,0x0050a05f,5283935
1463,0x0050a1f6,5284342
1464,0x0050a2b7,5284535
1465,0x0050a2c3,5284547
1466,0x0050a2c4,5284548
1467,0x0050a2f0,5284592
1468,0x0050a353,5284691
1469,0x0050a369,5284713
1470,0x0050a36b,5284715
1471,0x0050a377,5284727
1472,0x0050a378,5284728
1473,0x0050a37a,5284730
1474,0x0050a388,5284744
1475,0x0050a40b,5284875
1476,0x0050a417,5284887
1477,0x0050a418,5284888
1478,0x0050a419,5284889
1479,0x0050a43f,5284927
1480,0x0050a492,5285010
1481,0x0050a4a8,5285032
1482,0x0050a4a9,5285033
1483,0x0050a4aa,5285034
1484,0x0050a4b7,5285047
1485,0x0050a4b9,5285049
1486,0x0050a4c8,5285064
1487,0x0050a511,5285137
1488,0x0050a64d,5285453
1489,0x0050ae5e,5287518
1490,0x0050ae69,5287529
1491,0x0050ae6b,5287531
1492,0x0050ae76,5287542
1493,0x0050ae77,5287543
1494,0x0050ae78,5287544
1495,0x0050aec9,5287625
1496,0x0050aed3,5287635
1497,0x0050afe9,5287913
1498,0x0050afea,5287914
1499,0x0050b070,5288048
1500,0x0050b08b,5288075
1501,0x0050b097,5288087
1502,0x0050b098,5288088
1503,0x0050b09b,5288091
1504,0x0050b0a2,5288098
1505,0x0050b0a5,5288101
1506,0x0050b0a6,5288102
1507,0x0050b0b0,5288112
1508,0x0050b0b1,5288113
1509,0x0050b0bb,5288123
1510,0x0050b0bc,5288124
1511,0x0050b0c6,5288134
1512,0x0050b0c7,5288135
1513,0x0050b0d1,5288145
1514,0x0050b0d2,5288146
1515,0x0050b0dc,5288156
1516,0x0050b0dd,5288157
1517,0x0050b0e7,5288167
1518,0x0050b0e8,5288168
1519,0x0050b0f2,5288178
1520,0x0050b0f3,5288179
1521,0x0050b0f4,5288180
1522,0x0050b0fd,5288189
1523,0x0050b0fe,5288190
1524,0x0050b0ff,5288191
1525,0x0050b108,5288200
1526,0x0050b109,5288201
1527,0x0050b10a,5288202
1528,0x0050b113,5288211
1529,0x0050b114,5288212
1530,0x0050b115,5288213
1531,0x0050b126,5288230
1532,0x0050b196,5288342
1533,0x0050b1b0,5288368
1534,0x0050b1b2,5288370
1535,0x0050b1be,5288382
1536,0x0050b1c9,5288393
1537,0x0050b220,5288480
1538,0x0050b242,5288514
1539,0x0050b259,5288537
1540,0x0050b25a,5288538
1541,0x0050b266,5288550
1542,0x0050b2f6,5288694
1543,0x0050b316,5288726
1544,0x0050b317,5288727
1545,0x0050b325,5288741
1546,0x0050b327,5288743
1547,0x0050b4ad,5289133
1548,0x0050b6ba,5289658
1549,0x0050b6c9,5289673
1550,0x0050b6cb,5289675
1551,0x0050b6d8,5289688
1552,0x0050b6d9,5289689
1553,0x0050b6e2,5289698
1554,0x0050b6e3,5289699
1555,0x0050b6ef,5289711
1556,0x0050b6f0,5289712
1557,0x0050b6f1,5289713
1558,0x0050b6fd,5289725
1559,0x0050b712,5289746
1560,0x0050b713,5289747
1561,0x0050b720,5289760
1562,0x0050b721,5289761
1563,0x0050b740,5289792
1564,0x0050b765,5289829
1565,0x0050b818,5290008
1566,0x0050b825,5290021
1567,0x0050b83f,5290047
1568,0x0050b840,5290048
1569,0x0050b841,5290049
1570,0x0050b842,5290050
1571,0x0050b84f,5290063
1572,0x0050b859,5290073
1573,0x0050b85a,5290074
1574,0x0050b864,5290084
1575,0x0050b865,5290085
1576,0x0050b86f,5290095
1577,0x0050b870,5290096
1578,0x0050b871,5290097
1579,0x0050b879,5290105
1580,0x0050b87b,5290107
1581,0x0050b883,5290115
1582,0x0050b884,5290116
1583,0x0050b886,5290118
1584,0x0050b887,5290119
1585,0x0050b891,5290129
1586,0x0050b892,5290130
1587,0x0050b893,5290131
1588,0x0050b89d,5290141
1589,0x0050b89e,5290142
1590,0x0050b8a9,5290153
1591,0x0050b8b3,5290163
1592,0x0050b8b4,5290164
1593,0x0050b8b5,5290165
1594,0x0050b8bf,5290175
1595,0x0050b8c0,5290176
1596,0x0050b8c1,5290177
1597,0x0050b8ca,5290186
1598,0x0050b8cb,5290187
1599,0x0050b8cc,5290188
1600,0x0050b8d4,5290196
1601,0x0050b8d6,5290198
1602,0x0050b8d7,5290199
1603,0x0050b8e1,5290209
1604,0x0050b8e2,5290210
1605,0x0050b8e3,5290211
1606,0x0050b8ed,5290221
1607,0x0050b8ee,5290222
1608,0x0050b8f8,5290232
1609,0x0050b8f9,5290233
1610,0x0050b903,5290243
1611,0x0050b904,5290244
1612,0x0050b90e,5290254
1613,0x0050b90f,5290255
1614,0x0050b919,5290265
1615,0x0050b91a,5290266
1616,0x0050b91b,5290267
1617,0x0050b923,5290275
1618,0x0050b925,5290277
1619,0x0050b926,5290278
1620,0x0050b930,5290288
1621,0x0050b931,5290289
1622,0x0050b932,5290290
1623,0x0050b93b,5290299
1624,0x0050b93d,5290301
1625,0x0050b93e,5290302
1626,0x0050b96a,5290346
1627,0x0050ba2c,5290540
1628,0x0050ba39,5290553
1629,0x0050ba3b,5290555
1630,0x0050bbb5,5290933
1631,0x0050bc04,5291012
1632,0x0050bc1b,5291035
1633,0x0050bc1e,5291038
1634,0x0050bc1f,5291039
1635,0x0050bc2b,5291051
1636,0x0050bc2c,5291052
1637,0x0050bc2d,5291053
1638,0x0050bc2e,5291054
1639,0x0050bc36,5291062
1640,0x0050bc37,5291063
1641,0x0050bc38,5291064
1642,0x0050bc42,5291074
1643,0x0050bc43,5291075
1644,0x0050bc4d,5291085
1645,0x0050bc4e,5291086
1646,0x0050bc4f,5291087
1647,0x0050bc59,5291097
1648,0x0050bd01,5291265
1649,0x0050bdb4,5291444
1650,0x0050bdb9,5291449
1651,0x0050bdc1,5291457
1652,0x0050bdc7,5291463
1653,0x0050bdcc,5291468
1654,0x0050bdd2,5291474
1655,0x0050bdd7,5291479
1656,0x0050bddd,5291485
1657,0x0050bde2,5291490
1658,0x0050bde8,5291496
1659,0x0050bde9,5291497
1660,0x0050bdec,5291500
1661,0x0050bdf4,5291508
1662,0x0050bdff,5291519
1663,0x0050be0a,5291530
1664,0x0050be0b,5291531
1665,0x0050be15,5291541
1666,0x0050be16,5291542
1667,0x0050be21,5291553
1668,0x0050be2c,5291564
1669,0x0050be3c,5291580
1670,0x0050be49,5291593
1671,0x0050be4a,5291594
1672,0x0050be4e,5291598
1673,0x0050be50,5291600
1674,0x0050be56,5291606
1675,0x0050be57,5291607
1676,0x0050be5b,5291611
1677,0x0050be65,5291621
1678,0x0050be66,5291622
1679,0x0050be67,5291623
1680,0x0050be70,5291632
1681,0x0050be71,5291633
1682,0x0050be72,5291634
1683,0x0050be74,5291636
1684,0x0050be7b,5291643
1685,0x0050be7d,5291645
1686,0x0050be7e,5291646
1687,0x0050be88,5291656
1688,0x0050be89,5291657
1689,0x0050be8d,5291661
1690,0x0050be8f,5291663
1691,0x0050be90,5291664
1692,0x0050be9a,5291674
1693,0x0050be9b,5291675
1694,0x0050bea4,5291684
1695,0x0050bea5,5291685
1696,0x0050bea6,5291686
1697,0x0050beaf,5291695
1698,0x0050beb0,5291696
1699,0x0050beb1,5291697
1700,0x0050bebc,5291708
1701,0x0050bec6,5291718
1702,0x0050bec7,5291719
1703,0x0050bed1,5291729
1704,0x0050bed2,5291730
1705,0x0050bed7,5291735
1706,0x0050bee1,5291745
1707,0x0050bee6,5291750
1708,0x0050beec,5291756
1709,0x0050beed,5291757
1710,0x0050bef2,5291762
1711,0x0050bef3,5291763
1712,0x0050bef4,5291764
1713,0x0050bef6,5291766
1714,0x0050befa,5291770
1715,0x0050befc,5291772
1716,0x0050befe,5291774
1717,0x0050bf01,5291777
1718,0x0050bf09,5291785
1719,0x0050bf0b,5291787
1720,0x0050bf0c,5291788
1721,0x0050bf11,5291793
1722,0x0050bf13,5291795
1723,0x0050bf14,5291796
1724,0x0050bf1e,5291806
1725,0x0050bf1f,5291807
1726,0x0050bf29,5291817
1727,0x0050bf2a,5291818
1728,0x0050bf35,5291829
1729,0x0050bf36,5291830
1730,0x0050bf40,5291840
1731,0x0050bf41,5291841
1732,0x0050bf4f,5291855
1733,0x0050bf51,5291857
1734,0x0050bf56,5291862
1735,0x0050bf62,5291874
1736,0x0050bf63,5291875
1737,0x0050bf64,5291876
1738,0x0050bf65,5291877
1739,0x0050bf6d,5291885
1740,0x0050bf6f,5291887
1741,0x0050bf70,5291888
1742,0x0050bf7a,5291898
1743,0x0050bf7b,5291899
1744,0x0050bf7e,5291902
1745,0x0050bf7f,5291903
1746,0x0050bf80,5291904
1747,0x0050bf81,5291905
1748,0x0050bf82,5291906
1749,0x0050bf8c,5291916
1750,0x0050bf8d,5291917
1751,0x0050bf8e,5291918
1752,0x0050bf98,5291928
1753,0x0050bf99,5291929
1754,0x0050bfa2,5291938
1755,0x0050bfa3,5291939
1756,0x0050bfa5,5291941
1757,0x0050bfb2,5291954
1758,0x0050bfb3,5291955
1759,0x0050bfb7,5291959
1760,0x0050bfb8,5291960
1761,0x0050bfc3,5291971
1762,0x0050bfc4,5291972
1763,0x0050bfc5,5291973
1764,0x0050bfc6,5291974
1765,0x0050bfd1,5291985
1766,0x0050bfd3,5291987
1767,0x0050bfdb,5291995
1768,0x0050bfdd,5291997
1769,0x0050bfde,5291998
1770,0x0050bfe1,5292001
1771,0x0050bfe2,5292002
1772,0x0050bfe4,5292004
1773,0x0050bfee,5292014
1774,0x0050bfef,5292015
1775,0x0050bff0,5292016
1776,0x0050bff8,5292024
1777,0x0050bff9,5292025
1778,0x0050bffa,5292026
1779,0x0050bffb,5292027
1780,0x0050c003,5292035
1781,0x0050c004,5292036
1782,0x0050c005,5292037
1783,0x0050c00d,5292045
1784,0x0050c00e,5292046
1785,0x0050c013,5292051
1786,0x0050c014,5292052
1787,0x0050c017,5292055
1788,0x0050c018,5292056
1789,0x0050c019,5292057
1790,0x0050c025,5292069
1791,0x0050c026,5292070
1792,0x0050c027,5292071
1793,0x0050c028,5292072
1794,0x0050c036,5292086
1795,0x0050c037,5292087
1796,0x0050c038,5292088
1797,0x0050c039,5292089
1798,0x0050c03a,5292090
1799,0x0050c042,5292098
1800,0x0050c044,5292100
1801,0x0050c046,5292102
1802,0x0050c047,5292103
1803,0x0050c049,5292105
1804,0x0050c04e,5292110
1805,0x0050c052,5292114
1806,0x0050c053,5292115
1807,0x0050c055,5292117
1808,0x0050c056,5292118
1809,0x0050c060,5292128
1810,0x0050c061,5292129
1811,0x0050c06a,5292138
1812,0x0050c06c,5292140
1813,0x0050c06d,5292141
1814,0x0050c079,5292153
1815,0x0050c07a,5292154
1816,0x0050c07e,5292158
1817,0x0050c07f,5292159
1818,0x0050c080,5292160
1819,0x0050c08a,5292170
1820,0x0050c08b,5292171
1821,0x0050c08c,5292172
1822,0x0050c08d,5292173
1823,0x0050c097,5292183
1824,0x0050c098,5292184
1825,0x0050c099,5292185
1826,0x0050c09d,5292189
1827,0x0050c09f,5292191
1828,0x0050c0a0,5292192
1829,0x0050c0aa,5292202
1830,0x0050c0ab,5292203
1831,0x0050c0b5,5292213
1832,0x0050c0b6,5292214
1833,0x0050c0b7,5292215
1834,0x0050c0c4,5292228
1835,0x0050c0c5,5292229
1836,0x0050c0c9,5292233
1837,0x0050c0ca,5292234
1838,0x0050c0d5,5292245
1839,0x0050c0d6,5292246
1840,0x0050c0d7,5292247
1841,0x0050c0e1,5292257
1842,0x0050c0e2,5292258
1843,0x0050c0ec,5292268
1844,0x0050c0f0,5292272
1845,0x0050c0f1,5292273
1846,0x0050c0f2,5292274
1847,0x0050c0f3,5292275
1848,0x0050c0fe,5292286
1849,0x0050c0ff,5292287
1850,0x0050c108,5292296
1851,0x0050c10a,5292298
1852,0x0050c117,5292311
1853,0x0050c118,5292312
1854,0x0050c11d,5292317
1855,0x0050c11e,5292318
1856,0x0050c129,5292329
1857,0x0050c12a,5292330
1858,0x0050c12b,5292331
1859,0x0050c12c,5292332
1860,0x0050c136,5292342
1861,0x0050c137,5292343
1862,0x0050c13a,5292346
1863,0x0050c13b,5292347
1864,0x0050c13d,5292349
1865,0x0050c13e,5292350
1866,0x0050c13f,5292351
1867,0x0050c148,5292360
1868,0x0050c149,5292361
1869,0x0050c14a,5292362
1870,0x0050c14b,5292363
1871,0x0050c154,5292372
1872,0x0050c161,5292385
1873,0x0050c162,5292386
1874,0x0050c166,5292390
1875,0x0050c167,5292391
1876,0x0050c172,5292402
1877,0x0050c173,5292403
1878,0x0050c174,5292404
1879,0x0050c175,5292405
1880,0x0050c17e,5292414
1881,0x0050c17f,5292415
1882,0x0050c180,5292416
1883,0x0050c184,5292420
1884,0x0050c186,5292422
1885,0x0050c187,5292423
1886,0x0050c191,5292433
1887,0x0050c192,5292434
1888,0x0050c193,5292435
1889,0x0050c1a0,5292448
1890,0x0050c1a4,5292452
1891,0x0050c1a5,5292453
1892,0x0050c1b0,5292464
1893,0x0050c1b1,5292465
1894,0x0050c1b2,5292466
1895,0x0050c1b3,5292467
1896,0x0050c1bb,5292475
1897,0x0050c1bd,5292477
1898,0x0050c1be,5292478
1899,0x0050c1c1,5292481
1900,0x0050c1c2,5292482
1901,0x0050c1c4,5292484
1902,0x0050c1c5,5292485
1903,0x0050c1c6,5292486
1904,0x0050c1cd,5292493
1905,0x0050c1cf,5292495
1906,0x0050c1d0,5292496
1907,0x0050c1d7,5292503
1908,0x0050c1dc,5292508
1909,0x0050c1e5,5292517
1910,0x0050c1e6,5292518
1911,0x0050c1e7,5292519
1912,0x0050c1eb,5292523
1913,0x0050c1f2,5292530
1914,0x0050c1f7,5292535
1915,0x0050c1f8,5292536
1916,0x0050c1f9,5292537
1917,0x0050c1fa,5292538
1918,0x0050c1fc,5292540
1919,0x0050c202,5292546
1920,0x0050c203,5292547
1921,0x0050c204,5292548
1922,0x0050c208,5292552
1923,0x0050c20a,5292554
1924,0x0050c20b,5292555
1925,0x0050c215,5292565
1926,0x0050c216,5292566
1927,0x0050c223,5292579
1928,0x0050c225,5292581
1929,0x0050c229,5292585
1930,0x0050c22a,5292586
1931,0x0050c235,5292597
1932,0x0050c236,5292598
1933,0x0050c237,5292599
1934,0x0050c238,5292600
1935,0x0050c241,5292609
1936,0x0050c242,5292610
1937,0x0050c245,5292613
1938,0x0050c246,5292614
1939,0x0050c248,5292616
1940,0x0050c249,5292617
1941,0x0050c253,5292627
1942,0x0050c254,5292628
1943,0x0050c261,5292641
1944,0x0050c262,5292642
1945,0x0050c265,5292645
1946,0x0050c266,5292646
1947,0x0050c267,5292647
1948,0x0050c271,5292657
1949,0x0050c272,5292658
1950,0x0050c273,5292659
1951,0x0050c274,5292660
1952,0x0050c27d,5292669
1953,0x0050c27e,5292670
1954,0x0050c281,5292673
1955,0x0050c282,5292674
1956,0x0050c284,5292676
1957,0x0050c285,5292677
1958,0x0050c286,5292678
1959,0x0050c28f,5292687
1960,0x0050c290,5292688
1961,0x0050c29d,5292701
1962,0x0050c29f,5292703
1963,0x0050c2a4,5292708
1964,0x0050c2a5,5292709
1965,0x0050c2b1,5292721
1966,0x0050c2b2,5292722
1967,0x0050c2b3,5292723
1968,0x0050c2b4,5292724
1969,0x0050c2b5,5292725
1970,0x0050c2bf,5292735
1971,0x0050c2c3,5292739
1972,0x0050c2c4,5292740
1973,0x0050c2c5,5292741
1974,0x0050c2c6,5292742
1975,0x0050c2c7,5292743
1976,0x0050c2d1,5292753
1977,0x0050c2d2,5292754
1978,0x0050c2f0,5292784
1979,0x0050c2f4,5292788
1980,0x0050c2f5,5292789
1981,0x0050c302,5292802
1982,0x0050c303,5292803
1983,0x0050c304,5292804
1984,0x0050c305,5292805
1985,0x0050c30e,5292814
1986,0x0050c30f,5292815
1987,0x0050c313,5292819
1988,0x0050c315,5292821
1989,0x0050c316,5292822
1990,0x0050c317,5292823
1991,0x0050c320,5292832
1992,0x0050c321,5292833
1993,0x0050c32e,5292846
1994,0x0050c32f,5292847
1995,0x0050c330,5292848
1996,0x0050c333,5292851
1997,0x0050c334,5292852
1998,0x0050c33b,5292859
1999,0x0050c33f,5292863
2000,0x0050c340,5292864
2001,0x0050c341,5292865
2002,0x0050c342,5292866
2003,0x0050c343,5292867
2004,0x0050c345,5292869
2005,0x0050c346,5292870
2006,0x0050c34a,5292874
2007,0x0050c34b,5292875
2008,0x0050c34c,5292876
2009,0x0050c350,5292880
2010,0x0050c351,5292881
2011,0x0050c353,5292883
2012,0x0050c354,5292884
2013,0x0050c355,5292885
2014,0x0050c35d,5292893
2015,0x0050c35e,5292894
2016,0x0050c35f,5292895
2017,0x0050c36c,5292908
2018,0x0050c36d,5292909
2019,0x0050c371,5292913
2020,0x0050c37d,5292925
2021,0x0050c37e,5292926
2022,0x0050c37f,5292927
2023,0x0050c380,5292928
2024,0x0050c381,5292929
2025,0x0050c389,5292937
2026,0x0050c38a,5292938
2027,0x0050c38e,5292942
2028,0x0050c38f,5292943
2029,0x0050c391,5292945
2030,0x0050c392,5292946
2031,0x0050c393,5292947
2032,0x0050c39c,5292956
2033,0x0050c39d,5292957
2034,0x0050c3a9,5292969
2035,0x0050c3ab,5292971
2036,0x0050c3af,5292975
2037,0x0050c3b0,5292976
2038,0x0050c3b8,5292984
2039,0x0050c3bb,5292987
2040,0x0050c3bc,5292988
2041,0x0050c3bd,5292989
2042,0x0050c3be,5292990
2043,0x0050c3bf,5292991
2044,0x0050c3c6,5292998
2045,0x0050c3c7,5292999
2046,0x0050c3cb,5293003
2047,0x0050c3cc,5293004
2048,0x0050c3ce,5293006
2049,0x0050c3cf,5293007
2050,0x0050c3d0,5293008
2051,0x0050c3d6,5293014
2052,0x0050c3d9,5293017
2053,0x0050c3e6,5293030
2054,0x0050c3e7,5293031
2055,0x0050c3eb,5293035
2056,0x0050c3f8,5293048
2057,0x0050c3fa,5293050
2058,0x0050c3fb,5293051
2059,0x0050c3fc,5293052
2060,0x0050c3fd,5293053
2061,0x0050c401,5293057
2062,0x0050c402,5293058
2063,0x0050c403,5293059
2064,0x0050c404,5293060
2065,0x0050c405,5293061
2066,0x0050c40e,5293070
2067,0x0050c41b,5293083
2068,0x0050c41f,5293087
2069,0x0050c420,5293088
2070,0x0050c42b,5293099
2071,0x0050c42c,5293100
2072,0x0050c42d,5293101
2073,0x0050c42e,5293102
2074,0x0050c42f,5293103
2075,0x0050c435,5293109
2076,0x0050c437,5293111
2077,0x0050c438,5293112
2078,0x0050c43b,5293115
2079,0x0050c43c,5293116
2080,0x0050c43d,5293117
2081,0x0050c43e,5293118
2082,0x0050c43f,5293119
2083,0x0050c440,5293120
2084,0x0050c448,5293128
2085,0x0050c44b,5293131
2086,0x0050c44d,5293133
2087,0x0050c456,5293142
2088,0x0050c457,5293143
2089,0x0050c458,5293144
2090,0x0050c45b,5293147
2091,0x0050c45c,5293148
2092,0x0050c462,5293154
2093,0x0050c467,5293159
2094,0x0050c468,5293160
2095,0x0050c469,5293161
2096,0x0050c46a,5293162
2097,0x0050c46d,5293165
2098,0x0050c46e,5293166
2099,0x0050c46f,5293167
2100,0x0050c470,5293168
2101,0x0050c471,5293169
2102,0x0050c472,5293170
2103,0x0050c478,5293176
2104,0x0050c47b,5293179
2105,0x0050c487,5293191
2106,0x0050c489,5293193
2107,0x0050c48d,5293197
2108,0x0050c48e,5293198
2109,0x0050c499,5293209
2110,0x0050c49a,5293210
2111,0x0050c49b,5293211
2112,0x0050c49c,5293212
2113,0x0050c4a5,5293221
2114,0x0050c4a6,5293222
2115,0x0050c4a9,5293225
2116,0x0050c4aa,5293226
2117,0x0050c4ab,5293227
2118,0x0050c4ac,5293228
2119,0x0050c4ad,5293229
2120,0x0050c4ae,5293230
2121,0x0050c4b6,5293238
2122,0x0050c4c2,5293250
2123,0x0050c4c4,5293252
2124,0x0050c4c8,5293256
2125,0x0050c4c9,5293257
2126,0x0050c4d4,5293268
2127,0x0050c4d5,5293269
2128,0x0050c4d6,5293270
2129,0x0050c4d7,5293271
2130,0x0050c4d8,5293272
2131,0x0050c4d9,5293273
2132,0x0050c4dc,5293276
2133,0x0050c4de,5293278
2134,0x0050c4df,5293279
2135,0x0050c4e0,5293280
2136,0x0050c4e8,5293288
2137,0x0050c4e9,5293289
2138,0x0050c4eb,5293291
2139,0x0050c4f7,5293303
2140,0x0050c4f8,5293304
2141,0x0050c4fa,5293306
2142,0x0050c4fc,5293308
2143,0x0050c4fd,5293309
2144,0x0050c508,5293320
2145,0x0050c509,5293321
2146,0x0050c50a,5293322
2147,0x0050c50b,5293323
2148,0x0050c50c,5293324
2149,0x0050c510,5293328
2150,0x0050c512,5293330
2151,0x0050c513,5293331
2152,0x0050c514,5293332
2153,0x0050c51a,5293338
2154,0x0050c527,5293351
2155,0x0050c528,5293352
2156,0x0050c52b,5293355
2157,0x0050c52c,5293356
2158,0x0050c537,5293367
2159,0x0050c538,5293368
2160,0x0050c539,5293369
2161,0x0050c53a,5293370
2162,0x0050c53b,5293371
2163,0x0050c544,5293380
2164,0x0050c546,5293382
2165,0x0050c547,5293383
2166,0x0050c549,5293385
2167,0x0050c54a,5293386
2168,0x0050c54b,5293387
2169,0x0050c553,5293395
2170,0x0050c554,5293396
2171,0x0050c55c,5293404
2172,0x0050c55f,5293407
2173,0x0050c560,5293408
2174,0x0050c561,5293409
2175,0x0050c562,5293410
2176,0x0050c563,5293411
2177,0x0050c566,5293414
2178,0x0050c567,5293415
2179,0x0050c56c,5293420
2180,0x0050c56d,5293421
2181,0x0050c56e,5293422
2182,0x0050c56f,5293423
2183,0x0050c572,5293426
2184,0x0050c573,5293427
2185,0x0050c574,5293428
2186,0x0050c575,5293429
2187,0x0050c576,5293430
2188,0x0050c577,5293431
2189,0x0050c578,5293432
2190,0x0050c579,5293433
2191,0x0050c57a,5293434
2192,0x0050c57b,5293435
2193,0x0050c57c,5293436
2194,0x0050c57d,5293437
2195,0x0050c57e,5293438
2196,0x0050c583,5293443
2197,0x0050c584,5293444
2198,0x0050c585,5293445
2199,0x0050c586,5293446
2200,0x0050c587,5293447
2201,0x0050c58e,5293454
2202,0x0050c58f,5293455
2203,0x0050c590,5293456
2204,0x0050c593,5293459
2205,0x0050c595,5293461
2206,0x0050c599,5293465
2207,0x0050c59a,5293466
2208,0x0050c59b,5293467
2209,0x0050c5a5,5293477
2210,0x0050c5a6,5293478
2211,0x0050c5a7,5293479
2212,0x0050c5a8,5293480
2213,0x0050c5a9,5293481
2214,0x0050c5ac,5293484
2215,0x0050c5ad,5293485
2216,0x0050c5ae,5293486
2217,0x0050c5af,5293487
2218,0x0050c5b0,5293488
2219,0x0050c5b1,5293489
2220,0x0050c5b9,5293497
2221,0x0050c5bb,5293499
2222,0x0050c5bc,5293500
2223,0x0050c5bd,5293501
2224,0x0050c5be,5293502
2225,0x0050c5c2,5293506
2226,0x0050c5c3,5293507
2227,0x0050c5c6,5293510
2228,0x0050c5c7,5293511
2229,0x0050c5ce,5293518
2230,0x0050c5cf,5293519
2231,0x0050c5d0,5293520
2232,0x0050c5d1,5293521
2233,0x0050c5d2,5293522
2234,0x0050c5d6,5293526
2235,0x0050c5d8,5293528
2236,0x0050c5d9,5293529
2237,0x0050c5da,5293530
2238,0x0050c5dd,5293533
2239,0x0050c5df,5293535
2240,0x0050c5e0,5293536
2241,0x0050c5e1,5293537
2242,0x0050c5e2,5293538
2243,0x0050c5ec,5293548
2244,0x0050c5ed,5293549
2245,0x0050c5ee,5293550
2246,0x0050c5ef,5293551
2247,0x0050c5f1,5293553
2248,0x0050c5f2,5293554
2249,0x0050c5fc,5293564
2250,0x0050c5fd,5293565
2251,0x0050c5fe,5293566
2252,0x0050c5ff,5293567
2253,0x0050c600,5293568
2254,0x0050c601,5293569
2255,0x0050c605,5293573
2256,0x0050c606,5293574
2257,0x0050c607,5293575
2258,0x0050c608,5293576
2259,0x0050c609,5293577
2260,0x0050c60a,5293578
2261,0x0050c612,5293586
2262,0x0050c61e,5293598
2263,0x0050c61f,5293599
2264,0x0050c623,5293603
2265,0x0050c624,5293604
2266,0x0050c62e,5293614
2267,0x0050c62f,5293615
2268,0x0050c630,5293616
2269,0x0050c631,5293617
2270,0x0050c632,5293618
2271,0x0050c633,5293619
2272,0x0050c636,5293622
2273,0x0050c637,5293623
2274,0x0050c639,5293625
2275,0x0050c63a,5293626
2276,0x0050c63b,5293627
2277,0x0050c643,5293635
2278,0x0050c650,5293648
2279,0x0050c651,5293649
2280,0x0050c652,5293650
2281,0x0050c656,5293654
2282,0x0050c657,5293655
2283,0x0050c65d,5293661
2284,0x0050c661,5293665
2285,0x0050c662,5293666
2286,0x0050c663,5293667
2287,0x0050c664,5293668
2288,0x0050c665,5293669
2289,0x0050c669,5293673
2290,0x0050c66b,5293675
2291,0x0050c66c,5293676
2292,0x0050c66d,5293677
2293,0x0050c66e,5293678
2294,0x0050c67b,5293691
2295,0x0050c67e,5293694
2296,0x0050c67f,5293695
2297,0x0050c680,5293696
2298,0x0050c68b,5293707
2299,0x0050c68c,5293708
2300,0x0050c68d,5293709
2301,0x0050c68e,5293710
2302,0x0050c695,5293717
2303,0x0050c696,5293718
2304,0x0050c697,5293719
2305,0x0050c698,5293720
2306,0x0050c69a,5293722
2307,0x0050c69c,5293724
2308,0x0050c69d,5293725
2309,0x0050c69e,5293726
2310,0x0050c6a2,5293730
2311,0x0050c6a5,5293733
2312,0x0050c6ad,5293741
2313,0x0050c6b2,5293746
2314,0x0050c6b4,5293748
2315,0x0050c6b8,5293752
2316,0x0050c6b9,5293753
2317,0x0050c6c4,5293764
2318,0x0050c6c6,5293766
2319,0x0050c6c7,5293767
2320,0x0050c6c8,5293768
2321,0x0050c6c9,5293769
2322,0x0050c6ca,5293770
2323,0x0050c6ce,5293774
2324,0x0050c6cf,5293775
2325,0x0050c6d0,5293776
2326,0x0050c6d1,5293777
2327,0x0050c6d2,5293778
2328,0x0050c6d9,5293785
2329,0x0050c6da,5293786
2330,0x0050c6db,5293787
2331,0x0050c6e3,5293795
2332,0x0050c6e5,5293797
2333,0x0050c6e7,5293799
2334,0x0050c6e8,5293800
2335,0x0050c6ec,5293804
2336,0x0050c6ef,5293807
2337,0x0050c6f0,5293808
2338,0x0050c6f8,5293816
2339,0x0050c6f9,5293817
2340,0x0050c6fa,5293818
2341,0x0050c6fb,5293819
2342,0x0050c6fc,5293820
2343,0x0050c6ff,5293823
2344,0x0050c700,5293824
2345,0x0050c701,5293825
2346,0x0050c702,5293826
2347,0x0050c703,5293827
2348,0x0050c708,5293832
2349,0x0050c70a,5293834
2350,0x0050c70b,5293835
2351,0x0050c70c,5293836
2352,0x0050c70f,5293839
2353,0x0050c710,5293840
2354,0x0050c71b,5293851
2355,0x0050c71c,5293852
2356,0x0050c71d,5293853
2357,0x0050c71f,5293855
2358,0x0050c726,5293862
2359,0x0050c727,5293863
2360,0x0050c728,5293864
2361,0x0050c731,5293873
2362,0x0050c733,5293875
2363,0x0050c73c,5293884
2364,0x0050c73d,5293885
2365,0x0050c73e,5293886
2366,0x0050c73f,5293887
2367,0x0050c748,5293896
2368,0x0050c749,5293897
2369,0x0050c74a,5293898
2370,0x0050c753,5293907
2371,0x0050c754,5293908
2372,0x0050c755,5293909
2373,0x0050c756,5293910
2374,0x0050c75d,5293917
2375,0x0050c75e,5293918
2376,0x0050c75f,5293919
2377,0x0050c760,5293920
2378,0x0050c765,5293925
2379,0x0050c766,5293926
2380,0x0050c768,5293928
2381,0x0050c770,5293936
2382,0x0050c771,5293937
2383,0x0050c773,5293939
2384,0x0050c77c,5293948
2385,0x0050c77d,5293949
2386,0x0050c77e,5293950
2387,0x0050c78a,5293962
2388,0x0050c78e,5293966
2389,0x0050c795,5293973
2390,0x0050c7a0,5293984
2391,0x0050c7a1,5293985
2392,0x0050c7ab,5293995
2393,0x0050c7ac,5293996
2394,0x0050c7ba,5294010
2395,0x0050c7bb,5294011
2396,0x0050c7bc,5294012
2397,0x0050c7bd,5294013
2398,0x0050c7bf,5294015
2399,0x0050c7c0,5294016
2400,0x0050c7c1,5294017
2401,0x0050c7c2,5294018
2402,0x0050c7c3,5294019
2403,0x0050c7c7,5294023
2404,0x0050c7cc,5294028
2405,0x0050c7cd,5294029
2406,0x0050c7ce,5294030
2407,0x0050c7cf,5294031
2408,0x0050c7d0,5294032
2409,0x0050c7d3,5294035
2410,0x0050c7d4,5294036
2411,0x0050c7d6,5294038
2412,0x0050c7d7,5294039
2413,0x0050c7d8,5294040
2414,0x0050c7d9,5294041
2415,0x0050c7da,5294042
2416,0x0050c7db,5294043
2417,0x0050c7e2,5294050
2418,0x0050c7e5,5294053
2419,0x0050c7e6,5294054
2420,0x0050c7e7,5294055
2421,0x0050c7eb,5294059
2422,0x0050c7ec,5294060
2423,0x0050c7f1,5294065
2424,0x0050c7f7,5294071
2425,0x0050c7f8,5294072
2426,0x0050c7f9,5294073
2427,0x0050c7fa,5294074
2428,0x0050c7fb,5294075
2429,0x0050c7fc,5294076
2430,0x0050c7fd,5294077
2431,0x0050c801,5294081
2432,0x0050c803,5294083
2433,0x0050c804,5294084
2434,0x0050c805,5294085
2435,0x0050c806,5294086
2436,0x0050c807,5294087
2437,0x0050c80c,5294092
2438,0x0050c80e,5294094
2439,0x0050c80f,5294095
2440,0x0050c81a,5294106
2441,0x0050c81b,5294107
2442,0x0050c81f,5294111
2443,0x0050c820,5294112
2444,0x0050c824,5294116
2445,0x0050c825,5294117
2446,0x0050c826,5294118
2447,0x0050c82b,5294123
2448,0x0050c82c,5294124
2449,0x0050c82d,5294125
2450,0x0050c82e,5294126
2451,0x0050c82f,5294127
2452,0x0050c831,5294129
2453,0x0050c833,5294131
2454,0x0050c835,5294133
2455,0x0050c836,5294134
2456,0x0050c837,5294135
2457,0x0050c83a,5294138
2458,0x0050c83c,5294140
2459,0x0050c83d,5294141
2460,0x0050c83f,5294143
2461,0x0050c844,5294148
2462,0x0050c84b,5294155
2463,0x0050c84e,5294158
2464,0x0050c852,5294162
2465,0x0050c853,5294163
2466,0x0050c854,5294164
2467,0x0050c860,5294176
2468,0x0050c861,5294177
2469,0x0050c862,5294178
2470,0x0050c863,5294179
2471,0x0050c867,5294183
2472,0x0050c86a,5294186
2473,0x0050c86b,5294187
2474,0x0050c86c,5294188
2475,0x0050c874,5294196
2476,0x0050c875,5294197
2477,0x0050c882,5294210
2478,0x0050c884,5294212
2479,0x0050c885,5294213
2480,0x0050c888,5294216
2481,0x0050c889,5294217
2482,0x0050c88f,5294223
2483,0x0050c894,5294228
2484,0x0050c895,5294229
2485,0x0050c896,5294230
2486,0x0050c897,5294231
2487,0x0050c898,5294232
2488,0x0050c89c,5294236
2489,0x0050c89d,5294237
2490,0x0050c89f,5294239
2491,0x0050c8a0,5294240
2492,0x0050c8a1,5294241
2493,0x0050c8a2,5294242
2494,0x0050c8a9,5294249
2495,0x0050c8ac,5294252
2496,0x0050c8ad,5294253
2497,0x0050c8b7,5294263
2498,0x0050c8b8,5294264
2499,0x0050c8b9,5294265
2500,0x0050c8bc,5294268
2501,0x0050c8bd,5294269
2502,0x0050c8c2,5294274
2503,0x0050c8c4,5294276
2504,0x0050c8c8,5294280
2505,0x0050c8c9,5294281
2506,0x0050c8ca,5294282
2507,0x0050c8cb,5294283
2508,0x0050c8cc,5294284
2509,0x0050c8cd,5294285
2510,0x0050c8d4,5294292
2511,0x0050c8d8,5294296
2512,0x0050c8da,5294298
2513,0x0050c8db,5294299
2514,0x0050c8dc,5294300
2515,0x0050c8dd,5294301
2516,0x0050c8e3,5294307
2517,0x0050c8e4,5294308
2518,0x0050c8e5,5294309
2519,0x0050c8ed,5294317
2520,0x0050c8ee,5294318
2521,0x0050c8ef,5294319
2522,0x0050c8f0,5294320
2523,0x0050c8f2,5294322
2524,0x0050c8f6,5294326
2525,0x0050c8f7,5294327
2526,0x0050c8fa,5294330
2527,0x0050c902,5294338
2528,0x0050c903,5294339
2529,0x0050c904,5294340
2530,0x0050c905,5294341
2531,0x0050c906,5294342
2532,0x0050c907,5294343
2533,0x0050c909,5294345
2534,0x0050c90a,5294346
2535,0x0050c90b,5294347
2536,0x0050c90c,5294348
2537,0x0050c90d,5294349
2538,0x0050c90e,5294350
2539,0x0050c915,5294357
2540,0x0050c916,5294358
2541,0x0050c917,5294359
2542,0x0050c91a,5294362
2543,0x0050c91b,5294363
2544,0x0050c924,5294372
2545,0x0050c925,5294373
2546,0x0050c926,5294374
2547,0x0050c930,5294384
2548,0x0050c931,5294385
2549,0x0050c93b,5294395
2550,0x0050c93c,5294396
2551,0x0050c942,5294402
2552,0x0050c944,5294404
2553,0x0050c945,5294405
2554,0x0050c950,5294416
2555,0x0050c95b,5294427
2556,0x0050c95c,5294428
2557,0x0050c965,5294437
2558,0x0050c967,5294439
2559,0x0050c976,5294454
2560,0x0050c977,5294455
2561,0x0050c978,5294456
2562,0x0050c979,5294457
2563,0x0050c97c,5294460
2564,0x0050c97d,5294461
2565,0x0050c97e,5294462
2566,0x0050c983,5294467
2567,0x0050c987,5294471
2568,0x0050c988,5294472
2569,0x0050c989,5294473
2570,0x0050c98a,5294474
2571,0x0050c98b,5294475
2572,0x0050c98c,5294476
2573,0x0050c992,5294482
2574,0x0050c994,5294484
2575,0x0050c995,5294485
2576,0x0050c999,5294489
2577,0x0050c99a,5294490
2578,0x0050c99b,5294491
2579,0x0050c99c,5294492
2580,0x0050c99d,5294493
2581,0x0050c99e,5294494
2582,0x0050c99f,5294495
2583,0x0050c9a0,5294496
2584,0x0050c9a1,5294497
2585,0x0050c9a3,5294499
2586,0x0050c9a4,5294500
2587,0x0050c9a7,5294503
2588,0x0050c9a9,5294505
2589,0x0050c9aa,5294506
2590,0x0050c9b1,5294513
2591,0x0050c9b4,5294516
2592,0x0050c9b5,5294517
2593,0x0050c9b6,5294518
2594,0x0050c9b7,5294519
2595,0x0050c9c0,5294528
2596,0x0050c9c1,5294529
2597,0x0050c9c2,5294530
2598,0x0050c9c3,5294531
2599,0x0050c9c4,5294532
2600,0x0050c9c5,5294533
2601,0x0050c9c9,5294537
2602,0x0050c9cb,5294539
2603,0x0050c9cc,5294540
2604,0x0050c9cd,5294541
2605,0x0050c9ce,5294542
2606,0x0050c9d2,5294546
2607,0x0050c9d5,5294549
2608,0x0050c9d6,5294550
2609,0x0050c9dd,5294557
2610,0x0050c9de,5294558
2611,0x0050c9df,5294559
2612,0x0050c9e2,5294562
2613,0x0050c9e3,5294563
2614,0x0050c9e7,5294567
2615,0x0050c9e9,5294569
2616,0x0050c9ea,5294570
2617,0x0050c9eb,5294571
2618,0x0050c9f3,5294579
2619,0x0050c9f4,5294580
2620,0x0050c9f5,5294581
2621,0x0050c9f6,5294582
2622,0x0050c9f7,5294583
2623,0x0050c9fb,5294587
2624,0x0050c9fc,5294588
2625,0x0050c9fd,5294589
2626,0x0050c9fe,5294590
2627,0x0050c9ff,5294591
2628,0x0050ca00,5294592
2629,0x0050ca08,5294600
2630,0x0050ca09,5294601
2631,0x0050ca0a,5294602
2632,0x0050ca0b,5294603
2633,0x0050ca14,5294612
2634,0x0050ca15,5294613
2635,0x0050ca16,5294614
2636,0x0050ca23,5294627
2637,0x0050ca24,5294628
2638,0x0050ca25,5294629
2639,0x0050ca28,5294632
2640,0x0050ca29,5294633
2641,0x0050ca2a,5294634
2642,0x0050ca31,5294641
2643,0x0050ca34,5294644
2644,0x0050ca35,5294645
2645,0x0050ca36,5294646
2646,0x0050ca37,5294647
2647,0x0050ca38,5294648
2648,0x0050ca3f,5294655
2649,0x0050ca40,5294656
2650,0x0050ca41,5294657
2651,0x0050ca42,5294658
2652,0x0050ca43,5294659
2653,0x0050ca44,5294660
2654,0x0050ca46,5294662
2655,0x0050ca47,5294663
2656,0x0050ca48,5294664
2657,0x0050ca4d,5294669
2658,0x0050ca4e,5294670
2659,0x0050ca50,5294672
2660,0x0050ca51,5294673
2661,0x0050ca52,5294674
2662,0x0050ca53,5294675
2663,0x0050ca55,5294677
2664,0x0050ca56,5294678
2665,0x0050ca5e,5294686
2666,0x0050ca60,5294688
2667,0x0050ca61,5294689
2668,0x0050ca62,5294690
2669,0x0050ca63,5294691
2670,0x0050ca6c,5294700
2671,0x0050ca6e,5294702
2672,0x0050ca6f,5294703
2673,0x0050ca70,5294704
2674,0x0050ca71,5294705
2675,0x0050ca79,5294713
2676,0x0050ca7a,5294714
2677,0x0050ca7d,5294717
2678,0x0050ca7e,5294718
2679,0x0050ca7f,5294719
2680,0x0050ca80,5294720
2681,0x0050ca81,5294721
2682,0x0050ca89,5294729
2683,0x0050ca8a,5294730
2684,0x0050ca8b,5294731
2685,0x0050ca95,5294741
2686,0x0050ca96,5294742
2687,0x0050ca97,5294743
2688,0x0050ca98,5294744
2689,0x0050ca9b,5294747
2690,0x0050ca9c,5294748
2691,0x0050caa1,5294753
2692,0x0050caa6,5294758
2693,0x0050caa7,5294759
2694,0x0050caa8,5294760
2695,0x0050caa9,5294761
2696,0x0050caaa,5294762
2697,0x0050caab,5294763
2698,0x0050caaf,5294767
2699,0x0050cab1,5294769
2700,0x0050cab2,5294770
2701,0x0050cab3,5294771
2702,0x0050cab4,5294772
2703,0x0050cab5,5294773
2704,0x0050cab9,5294777
2705,0x0050caba,5294778
2706,0x0050cabe,5294782
2707,0x0050cac8,5294792
2708,0x0050cacb,5294795
2709,0x0050cacc,5294796
2710,0x0050cacd,5294797
2711,0x0050cad1,5294801
2712,0x0050cad2,5294802
2713,0x0050cad3,5294803
2714,0x0050cad9,5294809
2715,0x0050cadd,5294813
2716,0x0050cade,5294814
2717,0x0050cadf,5294815
2718,0x0050cae0,5294816
2719,0x0050cae1,5294817
2720,0x0050cae5,5294821
2721,0x0050cae6,5294822
2722,0x0050cae8,5294824
2723,0x0050cae9,5294825
2724,0x0050caea,5294826
2725,0x0050caf2,5294834
2726,0x0050caf3,5294835
2727,0x0050cafa,5294842
2728,0x0050cafb,5294843
2729,0x0050cafc,5294844
2730,0x0050cafd,5294845
2731,0x0050cafe,5294846
2732,0x0050caff,5294847
2733,0x0050cb00,5294848
2734,0x0050cb04,5294852
2735,0x0050cb05,5294853
2736,0x0050cb08,5294856
2737,0x0050cb09,5294857
2738,0x0050cb0a,5294858
2739,0x0050cb0e,5294862
2740,0x0050cb0f,5294863
2741,0x0050cb10,5294864
2742,0x0050cb11,5294865
2743,0x0050cb12,5294866
2744,0x0050cb13,5294867
2745,0x0050cb1a,5294874
2746,0x0050cb1b,5294875
2747,0x0050cb1f,5294879
2748,0x0050cb20,5294880
2749,0x0050cb22,5294882
2750,0x0050cb23,5294883
2751,0x0050cb24,5294884
2752,0x0050cb25,5294885
2753,0x0050cb26,5294886
2754,0x0050cb27,5294887
2755,0x0050cb2d,5294893
2756,0x0050cb30,5294896
2757,0x0050cb31,5294897
2758,0x0050cb32,5294898
2759,0x0050cb39,5294905
2760,0x0050cb3a,5294906
2761,0x0050cb3c,5294908
2762,0x0050cb3d,5294909
2763,0x0050cb3e,5294910
2764,0x0050cb3f,5294911
2765,0x0050cb42,5294914
2766,0x0050cb44,5294916
2767,0x0050cb45,5294917
2768,0x0050cb46,5294918
2769,0x0050cb47,5294919
2770,0x0050cb4a,5294922
2771,0x0050cb4b,5294923
2772,0x0050cb4c,5294924
2773,0x0050cb4d,5294925
2774,0x0050cb4f,5294927
2775,0x0050cb50,5294928
2776,0x0050cb51,5294929
2777,0x0050cb52,5294930
2778,0x0050cb54,5294932
2779,0x0050cb55,5294933
2780,0x0050cb56,5294934
2781,0x0050cb5a,5294938
2782,0x0050cb5b,5294939
2783,0x0050cb5c,5294940
2784,0x0050cb5d,5294941
2785,0x0050cb5e,5294942
2786,0x0050cb68,5294952
2787,0x0050cb69,5294953
2788,0x0050cb6a,5294954
2789,0x0050cb6b,5294955
2790,0x0050cb6e,5294958
2791,0x0050cb70,5294960
2792,0x0050cb71,5294961
2793,0x0050cb72,5294962
2794,0x0050cb73,5294963
2795,0x0050cb74,5294964
2796,0x0050cb75,5294965
2797,0x0050cb7a,5294970
2798,0x0050cb7b,5294971
2799,0x0050cb7c,5294972
2800,0x0050cb7d,5294973
2801,0x0050cb7e,5294974
2802,0x0050cb7f,5294975
2803,0x0050cb80,5294976
2804,0x0050cb81,5294977
2805,0x0050cb83,5294979
2806,0x0050cb84,5294980
2807,0x0050cb85,5294981
2808,0x0050cb88,5294984
2809,0x0050cb89,5294985
2810,0x0050cb8a,5294986
2811,0x0050cb8e,5294990
2812,0x0050cb92,5294994
2813,0x0050cb93,5294995
2814,0x0050cb97,5294999
2815,0x0050cb98,5295000
2816,0x0050cb9a,5295002
2817,0x0050cb9b,5295003
2818,0x0050cb9c,5295004
2819,0x0050cba0,5295008
2820,0x0050cba1,5295009
2821,0x0050cba5,5295013
2822,0x0050cba6,5295014
2823,0x0050cbac,5295020
2824,0x0050cbad,5295021
2825,0x0050cbae,5295022
2826,0x0050cbaf,5295023
2827,0x0050cbb2,5295026
2828,0x0050cbb3,5295027
2829,0x0050cbb4,5295028
2830,0x0050cbb6,5295030
2831,0x0050cbb7,5295031
2832,0x0050cbb8,5295032
2833,0x0050cbc0,5295040
2834,0x0050cbc3,5295043
2835,0x0050cbc4,5295044
2836,0x0050cbc5,5295045
2837,0x0050cbcc,5295052
2838,0x0050cbcd,5295053
2839,0x0050cbce,5295054
2840,0x0050cbcf,5295055
2841,0x0050cbd0,5295056
2842,0x0050cbd1,5295057
2843,0x0050cbd2,5295058
2844,0x0050cbd4,5295060
2845,0x0050cbd5,5295061
2846,0x0050cbd6,5295062
2847,0x0050cbd7,5295063
2848,0x0050cbd8,5295064
2849,0x0050cbdb,5295067
2850,0x0050cbdd,5295069
2851,0x0050cbde,5295070
2852,0x0050cbdf,5295071
2853,0x0050cbe0,5295072
2854,0x0050cbe1,5295073
2855,0x0050cbe2,5295074
2856,0x0050cbe3,5295075
2857,0x0050cbe4,5295076
2858,0x0050cbe5,5295077
2859,0x0050cbe6,5295078
2860,0x0050cbe7,5295079
2861,0x0050cbe8,5295080
2862,0x0050cbf0,5295088
2863,0x0050cbf1,5295089
2864,0x0050cbfe,5295102
2865,0x0050cbff,5295103
2866,0x0050cc00,5295104
2867,0x0050cc01,5295105
2868,0x0050cc03,5295107
2869,0x0050cc04,5295108
2870,0x0050cc06,5295110
2871,0x0050cc07,5295111
2872,0x0050cc0c,5295116
2873,0x0050cc0d,5295117
2874,0x0050cc0f,5295119
2875,0x0050cc10,5295120
2876,0x0050cc11,5295121
2877,0x0050cc12,5295122
2878,0x0050cc13,5295123
2879,0x0050cc14,5295124
2880,0x0050cc15,5295125
2881,0x0050cc16,5295126
2882,0x0050cc18,5295128
2883,0x0050cc19,5295129
2884,0x0050cc1b,5295131
2885,0x0050cc1c,5295132
2886,0x0050cc1d,5295133
2887,0x0050cc1e,5295134
2888,0x0050cc21,5295137
2889,0x0050cc22,5295138
2890,0x0050cc23,5295139
2891,0x0050cc24,5295140
2892,0x0050cc25,5295141
2893,0x0050cc26,5295142
2894,0x0050cc2c,5295148
2895,0x0050cc2f,5295151
2896,0x0050cc30,5295152
2897,0x0050cc31,5295153
2898,0x0050cc35,5295157
2899,0x0050cc3c,5295164
2900,0x0050cc3d,5295165
2901,0x0050cc3f,5295167
2902,0x0050cc40,5295168
2903,0x0050cc41,5295169
2904,0x0050cc42,5295170
2905,0x0050cc43,5295171
2906,0x0050cc44,5295172
2907,0x0050cc48,5295176
2908,0x0050cc49,5295177
2909,0x0050cc4a,5295178
2910,0x0050cc4b,5295179
2911,0x0050cc4c,5295180
2912,0x0050cc4d,5295181
2913,0x0050cc4e,5295182
2914,0x0050cc4f,5295183
2915,0x0050cc55,5295189
2916,0x0050cc5a,5295194
2917,0x0050cc5b,5295195
2918,0x0050cc61,5295201
2919,0x0050cc62,5295202
2920,0x0050cc63,5295203
2921,0x0050cc64,5295204
2922,0x0050cc65,5295205
2923,0x0050cc66,5295206
2924,0x0050cc6f,5295215
2925,0x0050cc70,5295216
2926,0x0050cc72,5295218
2927,0x0050cc73,5295219
2928,0x0050cc74,5295220
2929,0x0050cc75,5295221
2930,0x0050cc7a,5295226
2931,0x0050cc7c,5295228
2932,0x0050cc7d,5295229
2933,0x0050cc7e,5295230
2934,0x0050cc7f,5295231
2935,0x0050cc87,5295239
2936,0x0050cc88,5295240
2937,0x0050cc8d,5295245
2938,0x0050cc8e,5295246
2939,0x0050cc8f,5295247
2940,0x0050cc90,5295248
2941,0x0050cc91,5295249
2942,0x0050cc95,5295253
2943,0x0050cc96,5295254
2944,0x0050cc98,5295256
2945,0x0050cc9a,5295258
2946,0x0050cc9b,5295259
2947,0x0050cc9c,5295260
2948,0x0050cc9e,5295262
2949,0x0050cca3,5295267
2950,0x0050cca5,5295269
2951,0x0050cca6,5295270
2952,0x0050cca7,5295271
2953,0x0050cca8,5295272
2954,0x0050cca9,5295273
2955,0x0050ccaa,5295274
2956,0x0050ccab,5295275
2957,0x0050ccac,5295276
2958,0x0050ccb0,5295280
2959,0x0050ccb1,5295281
2960,0x0050ccb2,5295282
2961,0x0050ccb3,5295283
2962,0x0050ccb4,5295284
2963,0x0050ccb5,5295285
2964,0x0050ccb6,5295286
2965,0x0050ccb7,5295287
2966,0x0050ccb8,5295288
2967,0x0050ccba,5295290
2968,0x0050ccbb,5295291
2969,0x0050ccbc,5295292
2970,0x0050ccbd,5295293
2971,0x0050ccc5,5295301
2972,0x0050ccc6,5295302
2973,0x0050ccca,5295306
2974,0x0050cccc,5295308
2975,0x0050ccd0,5295312
2976,0x0050ccd1,5295313
2977,0x0050ccd2,5295314
2978,0x0050ccd3,5295315
2979,0x0050ccd6,5295318
2980,0x0050ccd7,5295319
2981,0x0050ccdc,5295324
2982,0x0050ccdd,5295325
2983,0x0050ccde,5295326
2984,0x0050ccdf,5295327
2985,0x0050cce2,5295330
2986,0x0050cce3,5295331
2987,0x0050cce4,5295332
2988,0x0050cce5,5295333
2989,0x0050cce6,5295334
2990,0x0050cce7,5295335
2991,0x0050cce8,5295336
2992,0x0050ccee,5295342
2993,0x0050ccef,5295343
2994,0x0050ccf0,5295344
2995,0x0050ccf3,5295347
2996,0x0050ccf4,5295348
2997,0x0050ccf6,5295350
2998,0x0050ccf7,5295351
2999,0x0050ccf8,5295352
3000,0x0050ccfc,5295356
3001,0x0050ccfd,5295357
3002,0x0050cd01,5295361
3003,0x0050cd02,5295362
3004,0x0050cd06,5295366
3005,0x0050cd09,5295369
3006,0x0050cd0b,5295371
3007,0x0050cd0d,5295373
3008,0x0050cd0e,5295374
3009,0x0050cd0f,5295375
3010,0x0050cd10,5295376
3011,0x0050cd11,5295377
3012,0x0050cd15,5295381
3013,0x0050cd16,5295382
3014,0x0050cd17,5295383
3015,0x0050cd18,5295384
3016,0x0050cd19,5295385
3017,0x0050cd1e,5295390
3018,0x0050cd21,5295393
3019,0x0050cd22,5295394
3020,0x0050cd24,5295396
3021,0x0050cd26,5295398
3022,0x0050cd29,5295401
3023,0x0050cd2f,5295407
3024,0x0050cd30,5295408
3025,0x0050cd31,5295409
3026,0x0050cd34,5295412
3027,0x0050cd35,5295413
3028,0x0050cd36,5295414
3029,0x0050cd3c,5295420
3030,0x0050cd3e,5295422
3031,0x0050cd3f,5295423
3032,0x0050cd40,5295424
3033,0x0050cd41,5295425
3034,0x0050cd42,5295426
3035,0x0050cd43,5295427
3036,0x0050cd44,5295428
3037,0x0050cd45,5295429
3038,0x0050cd46,5295430
3039,0x0050cd49,5295433
3040,0x0050cd4a,5295434
3041,0x0050cd4b,5295435
3042,0x0050cd4c,5295436
3043,0x0050cd4d,5295437
3044,0x0050cd4e,5295438
3045,0x0050cd53,5295443
3046,0x0050cd54,5295444
3047,0x0050cd55,5295445
3048,0x0050cd56,5295446
3049,0x0050cd57,5295447
3050,0x0050cd58,5295448
3051,0x0050cd5f,5295455
3052,0x0050cd60,5295456
3053,0x0050cd61,5295457
3054,0x0050cd63,5295459
3055,0x0050cd64,5295460
3056,0x0050cd68,5295464
3057,0x0050cd69,5295465
3058,0x0050cd6a,5295466
3059,0x0050cd6b,5295467
3060,0x0050cd6c,5295468
3061,0x0050cd6e,5295470
3062,0x0050cd6f,5295471
3063,0x0050cd73,5295475
3064,0x0050cd74,5295476
3065,0x0050cd75,5295477
3066,0x0050cd76,5295478
3067,0x0050cd77,5295479
3068,0x0050cd7b,5295483
3069,0x0050cd7c,5295484
3070,0x0050cd7e,5295486
3071,0x0050cd7f,5295487
3072,0x0050cd80,5295488
3073,0x0050cd81,5295489
3074,0x0050cd82,5295490
3075,0x0050cd86,5295494
3076,0x0050cd8a,5295498
3077,0x0050cd8b,5295499
3078,0x0050cd8c,5295500
3079,0x0050cd8d,5295501
3080,0x0050cd91,5295505
3081,0x0050cd93,5295507
3082,0x0050cd94,5295508
3083,0x0050cd95,5295509
3084,0x0050cd96,5295510
3085,0x0050cd98,5295512
3086,0x0050cd9b,5295515
3087,0x0050cd9f,5295519
3088,0x0050cda3,5295523
3089,0x0050cda4,5295524
3090,0x0050cda5,5295525
3091,0x0050cda6,5295526
3092,0x0050cda7,5295527
3093,0x0050cda8,5295528
3094,0x0050cdaa,5295530
3095,0x0050cdab,5295531
3096,0x0050cdad,5295533
3097,0x0050cdae,5295534
3098,0x0050cdaf,5295535
3099,0x0050cdb0,5295536
3100,0x0050cdb1,5295537
3101,0x0050cdb2,5295538
3102,0x0050cdbd,5295549
3103,0x0050cdbe,5295550
3104,0x0050cdbf,5295551
3105,0x0050cdc0,5295552
3106,0x0050cdc1,5295553
3107,0x0050cdc2,5295554
3108,0x0050cdc3,5295555
3109,0x0050cdca,5295562
3110,0x0050cdcd,5295565
3111,0x0050cdce,5295566
3112,0x0050cdcf,5295567
3113,0x0050cdd0,5295568
3114,0x0050cdd1,5295569
3115,0x0050cdd2,5295570
3116,0x0050cdd3,5295571
3117,0x0050cdd4,5295572
3118,0x0050cdd5,5295573
3119,0x0050cdd8,5295576
3120,0x0050cdd9,5295577
3121,0x0050cdda,5295578
3122,0x0050cddb,5295579
3123,0x0050cddc,5295580
3124,0x0050cddd,5295581
3125,0x0050cde0,5295584
3126,0x0050cde2,5295586
3127,0x0050cde3,5295587
3128,0x0050cde4,5295588
3129,0x0050cde5,5295589
3130,0x0050cde6,5295590
3131,0x0050cdea,5295594
3132,0x0050cded,5295597
3133,0x0050cdee,5295598
3134,0x0050cdef,5295599
3135,0x0050cdf2,5295602
3136,0x0050cdf3,5295603
3137,0x0050cdf7,5295607
3138,0x0050cdf8,5295608
3139,0x0050cdf9,5295609
3140,0x0050cdfa,5295610
3141,0x0050cdfb,5295611
3142,0x0050cdfe,5295614
3143,0x0050cdff,5295615
3144,0x0050ce00,5295616
3145,0x0050ce03,5295619
3146,0x0050ce04,5295620
3147,0x0050ce05,5295621
3148,0x0050ce06,5295622
3149,0x0050ce09,5295625
3150,0x0050ce0a,5295626
3151,0x0050ce0b,5295627
3152,0x0050ce0c,5295628
3153,0x0050ce0d,5295629
3154,0x0050ce0e,5295630
3155,0x0050ce10,5295632
3156,0x0050ce11,5295633
3157,0x0050ce12,5295634
3158,0x0050ce14,5295636
3159,0x0050ce16,5295638
3160,0x0050ce17,5295639
3161,0x0050ce18,5295640
3162,0x0050ce1a,5295642
3163,0x0050ce1b,5295643
3164,0x0050ce1c,5295644
3165,0x0050ce25,5295653
3166,0x0050ce26,5295654
3167,0x0050ce28,5295656
3168,0x0050ce2b,5295659
3169,0x0050ce2e,5295662
3170,0x0050ce2f,5295663
3171,0x0050ce35,5295669
3172,0x0050ce36,5295670
3173,0x0050ce39,5295673
3174,0x0050ce3a,5295674
3175,0x0050ce44,5295684
3176,0x0050ce45,5295685
3177,0x0050ce4f,5295695
3178,0x0050ce50,5295696
3179,0x0050ce5a,5295706
3180,0x0050ce5b,5295707
3181,0x0050ce64,5295716
3182,0x0050ce66,5295718
3183,0x0050ce67,5295719
3184,0x0050ce71,5295729
3185,0x0050ce7f,5295743
3186,0x0050ce80,5295744
3187,0x0050ce81,5295745
3188,0x0050ce84,5295748
3189,0x0050ce85,5295749
3190,0x0050ce86,5295750
3191,0x0050ce8d,5295757
3192,0x0050ce90,5295760
3193,0x0050ce91,5295761
3194,0x0050ce92,5295762
3195,0x0050ce93,5295763
3196,0x0050ce94,5295764
3197,0x0050ce95,5295765
3198,0x0050ce96,5295766
3199,0x0050ce97,5295767
3200,0x0050ce98,5295768
3201,0x0050ce99,5295769
3202,0x0050ce9b,5295771
3203,0x0050ce9c,5295772
3204,0x0050ce9d,5295773
3205,0x0050ce9f,5295775
3206,0x0050cea0,5295776
3207,0x0050cea1,5295777
3208,0x0050cea5,5295781
3209,0x0050cea6,5295782
3210,0x0050cea8,5295784
3211,0x0050cea9,5295785
3212,0x0050ceae,5295790
3213,0x0050ceaf,5295791
3214,0x0050ceb2,5295794
3215,0x0050ceb3,5295795
3216,0x0050ceb4,5295796
3217,0x0050ceb6,5295798
3218,0x0050ceb7,5295799
3219,0x0050cebe,5295806
3220,0x0050cebf,5295807
3221,0x0050cec0,5295808
3222,0x0050cec1,5295809
3223,0x0050cec2,5295810
3224,0x0050cec3,5295811
3225,0x0050cec4,5295812
3226,0x0050cec5,5295813
3227,0x0050cec6,5295814
3228,0x0050cec7,5295815
3229,0x0050cec8,5295816
3230,0x0050cec9,5295817
3231,0x0050ceca,5295818
3232,0x0050cecb,5295819
3233,0x0050cecc,5295820
3234,0x0050cecd,5295821
3235,0x0050cece,5295822
3236,0x0050ced3,5295827
3237,0x0050ced4,5295828
3238,0x0050ced5,5295829
3239,0x0050ced7,5295831
3240,0x0050ced8,5295832
3241,0x0050cee0,5295840
3242,0x0050ceea,5295850
3243,0x0050cef1,5295857
3244,0x0050cef4,5295860
3245,0x0050cefc,5295868
3246,0x0050ceff,5295871
3247,0x0050cf06,5295878
3248,0x0050cf0a,5295882
3249,0x0050cf0b,5295883
3250,0x0050cf11,5295889
3251,0x0050cf17,5295895
3252,0x0050cf1c,5295900
3253,0x0050cf23,5295907
3254,0x0050cf2e,5295918
3255,0x0050cf3c,5295932
3256,0x0050cf3e,5295934
3257,0x0050cf3f,5295935
3258,0x0050cf43,5295939
3259,0x0050cf44,5295940
3260,0x0050cf45,5295941
3261,0x0050cf4b,5295947
3262,0x0050cf4f,5295951
3263,0x0050cf50,5295952
3264,0x0050cf51,5295953
3265,0x0050cf52,5295954
3266,0x0050cf53,5295955
3267,0x0050cf54,5295956
3268,0x0050cf55,5295957
3269,0x0050cf57,5295959
3270,0x0050cf58,5295960
3271,0x0050cf59,5295961
3272,0x0050cf5a,5295962
3273,0x0050cf5b,5295963
3274,0x0050cf5c,5295964
3275,0x0050cf5d,5295965
3276,0x0050cf5e,5295966
3277,0x0050cf5f,5295967
3278,0x0050cf69,5295977
3279,0x0050cf6a,5295978
3280,0x0050cf6b,5295979
3281,0x0050cf6c,5295980
3282,0x0050cf6f,5295983
3283,0x0050cf70,5295984
3284,0x0050cf74,5295988
3285,0x0050cf75,5295989
3286,0x0050cf7b,5295995
3287,0x0050cf7c,5295996
3288,0x0050cf7d,5295997
3289,0x0050cf7e,5295998
3290,0x0050cf7f,5295999
3291,0x0050cf80,5296000
3292,0x0050cf81,5296001
3293,0x0050cf82,5296002
3294,0x0050cf85,5296005
3295,0x0050cf86,5296006
3296,0x0050cf87,5296007
3297,0x0050cf88,5296008
3298,0x0050cf89,5296009
3299,0x0050cf8a,5296010
3300,0x0050cf8b,5296011
3301,0x0050cf8c,5296012
3302,0x0050cf8f,5296015
3303,0x0050cf90,5296016
3304,0x0050cf91,5296017
3305,0x0050cf92,5296018
3306,0x0050cf95,5296021
3307,0x0050cf96,5296022
3308,0x0050cf97,5296023
3309,0x0050cfa0,5296032
3310,0x0050cfa1,5296033
3311,0x0050cfaa,5296042
3312,0x0050cfab,5296043
3313,0x0050cfaf,5296047
3314,0x0050cfb0,5296048
3315,0x0050cfb2,5296050
3316,0x0050cfb3,5296051
3317,0x0050cfb4,5296052
3318,0x0050cfba,5296058
3319,0x0050cfbd,5296061
3320,0x0050cfbe,5296062
3321,0x0050cfc8,5296072
3322,0x0050cfc9,5296073
3323,0x0050cfd3,5296083
3324,0x0050cfd4,5296084
3325,0x0050cfdf,5296095
3326,0x0050cfec,5296108
3327,0x0050cfed,5296109
3328,0x0050cfee,5296110
3329,0x0050cff1,5296113
3330,0x0050cff2,5296114
3331,0x0050cff3,5296115
3332,0x0050cff9,5296121
3333,0x0050cffd,5296125
3334,0x0050cffe,5296126
3335,0x0050cfff,5296127
3336,0x0050d000,5296128
3337,0x0050d001,5296129
3338,0x0050d002,5296130
3339,0x0050d003,5296131
3340,0x0050d005,5296133
3341,0x0050d006,5296134
3342,0x0050d007,5296135
3343,0x0050d008,5296136
3344,0x0050d009,5296137
3345,0x0050d00a,5296138
3346,0x0050d00b,5296139
3347,0x0050d00c,5296140
3348,0x0050d010,5296144
3349,0x0050d011,5296145
3350,0x0050d014,5296148
3351,0x0050d017,5296151
3352,0x0050d018,5296152
3353,0x0050d01d,5296157
3354,0x0050d01e,5296158
3355,0x0050d021,5296161
3356,0x0050d022,5296162
3357,0x0050d023,5296163
3358,0x0050d025,5296165
3359,0x0050d026,5296166
3360,0x0050d02d,5296173
3361,0x0050d02e,5296174
3362,0x0050d02f,5296175
3363,0x0050d030,5296176
3364,0x0050d031,5296177
3365,0x0050d032,5296178
3366,0x0050d033,5296179
3367,0x0050d034,5296180
3368,0x0050d035,5296181
3369,0x0050d037,5296183
3370,0x0050d038,5296184
3371,0x0050d039,5296185
3372,0x0050d03a,5296186
3373,0x0050d03b,5296187
3374,0x0050d03c,5296188
3375,0x0050d03f,5296191
3376,0x0050d040,5296192
3377,0x0050d042,5296194
3378,0x0050d044,5296196
3379,0x0050d045,5296197
3380,0x0050d04f,5296207
3381,0x0050d053,5296211
3382,0x0050d055,5296213
3383,0x0050d05d,5296221
3384,0x0050d05e,5296222
3385,0x0050d060,5296224
3386,0x0050d061,5296225
3387,0x0050d06c,5296236
3388,0x0050d06d,5296237
3389,0x0050d077,5296247
3390,0x0050d085,5296261
3391,0x0050d086,5296262
3392,0x0050d087,5296263
3393,0x0050d08a,5296266
3394,0x0050d08b,5296267
3395,0x0050d08c,5296268
3396,0x0050d092,5296274
3397,0x0050d096,5296278
3398,0x0050d097,5296279
3399,0x0050d098,5296280
3400,0x0050d099,5296281
3401,0x0050d09a,5296282
3402,0x0050d09b,5296283
3403,0x0050d09c,5296284
3404,0x0050d09e,5296286
3405,0x0050d09f,5296287
3406,0x0050d0a0,5296288
3407,0x0050d0a1,5296289
3408,0x0050d0a2,5296290
3409,0x0050d0a3,5296291
3410,0x0050d0a4,5296292
3411,0x0050d0a5,5296293
3412,0x0050d0a6,5296294
3413,0x0050d0aa,5296298
3414,0x0050d0af,5296303
3415,0x0050d0b0,5296304
3416,0x0050d0b1,5296305
3417,0x0050d0b3,5296307
3418,0x0050d0b4,5296308
3419,0x0050d0b7,5296311
3420,0x0050d0b8,5296312
3421,0x0050d0ba,5296314
3422,0x0050d0bb,5296315
3423,0x0050d0bc,5296316
3424,0x0050d0c3,5296323
3425,0x0050d0c4,5296324
3426,0x0050d0c5,5296325
3427,0x0050d0c6,5296326
3428,0x0050d0c7,5296327
3429,0x0050d0c8,5296328
3430,0x0050d0ca,5296330
3431,0x0050d0cb,5296331
3432,0x0050d0cc,5296332
3433,0x0050d0ce,5296334
3434,0x0050d0cf,5296335
3435,0x0050d0d0,5296336
3436,0x0050d0d1,5296337
3437,0x0050d0d2,5296338
3438,0x0050d0d3,5296339
3439,0x0050d0d4,5296340
3440,0x0050d0d5,5296341
3441,0x0050d0d8,5296344
3442,0x0050d0da,5296346
3443,0x0050d0db,5296347
3444,0x0050d0dc,5296348
3445,0x0050d0dd,5296349
3446,0x0050d0e5,5296357
3447,0x0050d0e6,5296358
3448,0x0050d0ec,5296364
3449,0x0050d0ee,5296366
3450,0x0050d0ef,5296367
3451,0x0050d0f7,5296375
3452,0x0050d0fa,5296378
3453,0x0050d0fb,5296379
3454,0x0050d105,5296389
3455,0x0050d106,5296390
3456,0x0050d107,5296391
3457,0x0050d116,5296406
3458,0x0050d117,5296407
3459,0x0050d118,5296408
3460,0x0050d119,5296409
3461,0x0050d11a,5296410
3462,0x0050d11c,5296412
3463,0x0050d11d,5296413
3464,0x0050d11e,5296414
3465,0x0050d125,5296421
3466,0x0050d127,5296423
3467,0x0050d128,5296424
3468,0x0050d129,5296425
3469,0x0050d12a,5296426
3470,0x0050d12b,5296427
3471,0x0050d12c,5296428
3472,0x0050d12d,5296429
3473,0x0050d131,5296433
3474,0x0050d132,5296434
3475,0x0050d133,5296435
3476,0x0050d134,5296436
3477,0x0050d135,5296437
3478,0x0050d136,5296438
3479,0x0050d137,5296439
3480,0x0050d138,5296440
3481,0x0050d139,5296441
3482,0x0050d13f,5296447
3483,0x0050d140,5296448
3484,0x0050d141,5296449
3485,0x0050d142,5296450
3486,0x0050d143,5296451
3487,0x0050d147,5296455
3488,0x0050d148,5296456
3489,0x0050d149,5296457
3490,0x0050d14a,5296458
3491,0x0050d14b,5296459
3492,0x0050d14e,5296462
3493,0x0050d14f,5296463
3494,0x0050d153,5296467
3495,0x0050d154,5296468
3496,0x0050d155,5296469
3497,0x0050d156,5296470
3498,0x0050d157,5296471
3499,0x0050d15b,5296475
3500,0x0050d15d,5296477
3501,0x0050d15e,5296478
3502,0x0050d15f,5296479
3503,0x0050d160,5296480
3504,0x0050d161,5296481
3505,0x0050d162,5296482
3506,0x0050d166,5296486
3507,0x0050d167,5296487
3508,0x0050d169,5296489
3509,0x0050d16a,5296490
3510,0x0050d16b,5296491
3511,0x0050d16c,5296492
3512,0x0050d173,5296499
3513,0x0050d176,5296502
3514,0x0050d177,5296503
3515,0x0050d180,5296512
3516,0x0050d181,5296513
3517,0x0050d182,5296514
3518,0x0050d18a,5296522
3519,0x0050d18c,5296524
3520,0x0050d190,5296528
3521,0x0050d191,5296529
3522,0x0050d192,5296530
3523,0x0050d193,5296531
3524,0x0050d19b,5296539
3525,0x0050d19e,5296542
3526,0x0050d19f,5296543
3527,0x0050d1a6,5296550
3528,0x0050d1aa,5296554
3529,0x0050d1ab,5296555
3530,0x0050d1b7,5296567
3531,0x0050d1b9,5296569
3532,0x0050d1ba,5296570
3533,0x0050d1bb,5296571
3534,0x0050d1bc,5296572
3535,0x0050d1be,5296574
3536,0x0050d1bf,5296575
3537,0x0050d1c0,5296576
3538,0x0050d1c7,5296583
3539,0x0050d1c8,5296584
3540,0x0050d1c9,5296585
3541,0x0050d1ca,5296586
3542,0x0050d1cb,5296587
3543,0x0050d1cc,5296588
3544,0x0050d1cd,5296589
3545,0x0050d1ce,5296590
3546,0x0050d1cf,5296591
3547,0x0050d1d0,5296592
3548,0x0050d1d1,5296593
3549,0x0050d1d2,5296594
3550,0x0050d1d3,5296595
3551,0x0050d1d4,5296596
3552,0x0050d1d5,5296597
3553,0x0050d1d6,5296598
3554,0x0050d1d7,5296599
3555,0x0050d1d8,5296600
3556,0x0050d1d9,5296601
3557,0x0050d1da,5296602
3558,0x0050d1db,5296603
3559,0x0050d1dc,5296604
3560,0x0050d1dd,5296605
3561,0x0050d1de,5296606
3562,0x0050d1e2,5296610
3563,0x0050d1e4,5296612
3564,0x0050d1e5,5296613
3565,0x0050d1e7,5296615
3566,0x0050d1e8,5296616
3567,0x0050d1e9,5296617
3568,0x0050d1ee,5296622
3569,0x0050d1ef,5296623
3570,0x0050d1f0,5296624
3571,0x0050d1f1,5296625
3572,0x0050d1f3,5296627
3573,0x0050d1f4,5296628
3574,0x0050d1f5,5296629
3575,0x0050d1f6,5296630
3576,0x0050d1f9,5296633
3577,0x0050d1fb,5296635
3578,0x0050d1fe,5296638
3579,0x0050d1ff,5296639
3580,0x0050d200,5296640
3581,0x0050d201,5296641
3582,0x0050d202,5296642
3583,0x0050d203,5296643
3584,0x0050d204,5296644
3585,0x0050d205,5296645
3586,0x0050d206,5296646
3587,0x0050d207,5296647
3588,0x0050d209,5296649
3589,0x0050d20a,5296650
3590,0x0050d20b,5296651
3591,0x0050d20c,5296652
3592,0x0050d20d,5296653
3593,0x0050d20e,5296654
3594,0x0050d20f,5296655
3595,0x0050d210,5296656
3596,0x0050d211,5296657
3597,0x0050d213,5296659
3598,0x0050d214,5296660
3599,0x0050d216,5296662
3600,0x0050d21a,5296666
3601,0x0050d21b,5296667
3602,0x0050d220,5296672
3603,0x0050d221,5296673
3604,0x0050d224,5296676
3605,0x0050d225,5296677
3606,0x0050d226,5296678
3607,0x0050d22f,5296687
3608,0x0050d230,5296688
3609,0x0050d231,5296689
3610,0x0050d23a,5296698
3611,0x0050d240,5296704
3612,0x0050d243,5296707
3613,0x0050d244,5296708
3614,0x0050d24a,5296714
3615,0x0050d24b,5296715
3616,0x0050d24d,5296717
3617,0x0050d24e,5296718
3618,0x0050d24f,5296719
3619,0x0050d25a,5296730
3620,0x0050d267,5296743
3621,0x0050d268,5296744
3622,0x0050d269,5296745
3623,0x0050d26c,5296748
3624,0x0050d26d,5296749
3625,0x0050d26e,5296750
3626,0x0050d274,5296756
3627,0x0050d278,5296760
3628,0x0050d279,5296761
3629,0x0050d27a,5296762
3630,0x0050d27b,5296763
3631,0x0050d27c,5296764
3632,0x0050d27d,5296765
3633,0x0050d27e,5296766
3634,0x0050d27f,5296767
3635,0x0050d280,5296768
3636,0x0050d281,5296769
3637,0x0050d282,5296770
3638,0x0050d283,5296771
3639,0x0050d284,5296772
3640,0x0050d285,5296773
3641,0x0050d286,5296774
3642,0x0050d287,5296775
3643,0x0050d28f,5296783
3644,0x0050d290,5296784
3645,0x0050d291,5296785
3646,0x0050d292,5296786
3647,0x0050d295,5296789
3648,0x0050d296,5296790
3649,0x0050d29c,5296796
3650,0x0050d29d,5296797
3651,0x0050d2a1,5296801
3652,0x0050d2a2,5296802
3653,0x0050d2a3,5296803
3654,0x0050d2a4,5296804
3655,0x0050d2a8,5296808
3656,0x0050d2a9,5296809
3657,0x0050d2aa,5296810
3658,0x0050d2ab,5296811
3659,0x0050d2ac,5296812
3660,0x0050d2ad,5296813
3661,0x0050d2ae,5296814
3662,0x0050d2af,5296815
3663,0x0050d2b0,5296816
3664,0x0050d2b3,5296819
3665,0x0050d2b4,5296820
3666,0x0050d2b5,5296821
3667,0x0050d2b6,5296822
3668,0x0050d2b7,5296823
3669,0x0050d2b8,5296824
3670,0x0050d2b9,5296825
3671,0x0050d2ba,5296826
3672,0x0050d2bb,5296827
3673,0x0050d2c1,5296833
3674,0x0050d2c5,5296837
3675,0x0050d2c6,5296838
3676,0x0050d2c7,5296839
3677,0x0050d2ce,5296846
3678,0x0050d2d2,5296850
3679,0x0050d2d3,5296851
3680,0x0050d2de,5296862
3681,0x0050d2df,5296863
3682,0x0050d2e0,5296864
3683,0x0050d2e1,5296865
3684,0x0050d2e2,5296866
3685,0x0050d2e3,5296867
3686,0x0050d2e5,5296869
3687,0x0050d2e6,5296870
3688,0x0050d2e9,5296873
3689,0x0050d2ec,5296876
3690,0x0050d2ed,5296877
3691,0x0050d2ee,5296878
3692,0x0050d2ef,5296879
3693,0x0050d2f1,5296881
3694,0x0050d2f2,5296882
3695,0x0050d2f3,5296883
3696,0x0050d2f4,5296884
3697,0x0050d2f5,5296885
3698,0x0050d2f6,5296886
3699,0x0050d2f7,5296887
3700,0x0050d2f8,5296888
3701,0x0050d2f9,5296889
3702,0x0050d2fc,5296892
3703,0x0050d2fd,5296893
3704,0x0050d2fe,5296894
3705,0x0050d2ff,5296895
3706,0x0050d300,5296896
3707,0x0050d301,5296897
3708,0x0050d302,5296898
3709,0x0050d303,5296899
3710,0x0050d304,5296900
3711,0x0050d307,5296903
3712,0x0050d308,5296904
3713,0x0050d30b,5296907
3714,0x0050d30d,5296909
3715,0x0050d30e,5296910
3716,0x0050d30f,5296911
3717,0x0050d312,5296914
3718,0x0050d313,5296915
3719,0x0050d314,5296916
3720,0x0050d315,5296917
3721,0x0050d316,5296918
3722,0x0050d317,5296919
3723,0x0050d318,5296920
3724,0x0050d319,5296921
3725,0x0050d31a,5296922
3726,0x0050d31d,5296925
3727,0x0050d31e,5296926
3728,0x0050d320,5296928
3729,0x0050d321,5296929
3730,0x0050d323,5296931
3731,0x0050d324,5296932
3732,0x0050d325,5296933
3733,0x0050d326,5296934
3734,0x0050d327,5296935
3735,0x0050d328,5296936
3736,0x0050d329,5296937
3737,0x0050d32a,5296938
3738,0x0050d32b,5296939
3739,0x0050d32c,5296940
3740,0x0050d32d,5296941
3741,0x0050d32e,5296942
3742,0x0050d32f,5296943
3743,0x0050d330,5296944
3744,0x0050d331,5296945
3745,0x0050d333,5296947
3746,0x0050d334,5296948
3747,0x0050d335,5296949
3748,0x0050d337,5296951
3749,0x0050d339,5296953
3750,0x0050d33a,5296954
3751,0x0050d33b,5296955
3752,0x0050d33d,5296957
3753,0x0050d33e,5296958
3754,0x0050d344,5296964
3755,0x0050d345,5296965
3756,0x0050d346,5296966
3757,0x0050d34b,5296971
3758,0x0050d34c,5296972
3759,0x0050d34d,5296973
3760,0x0050d350,5296976
3761,0x0050d351,5296977
3762,0x0050d352,5296978
3763,0x0050d358,5296984
3764,0x0050d35b,5296987
3765,0x0050d35c,5296988
3766,0x0050d35d,5296989
3767,0x0050d35e,5296990
3768,0x0050d35f,5296991
3769,0x0050d360,5296992
3770,0x0050d361,5296993
3771,0x0050d362,5296994
3772,0x0050d363,5296995
3773,0x0050d366,5296998
3774,0x0050d367,5296999
3775,0x0050d368,5297000
3776,0x0050d369,5297001
3777,0x0050d36a,5297002
3778,0x0050d36b,5297003
3779,0x0050d36c,5297004
3780,0x0050d36d,5297005
3781,0x0050d36e,5297006
3782,0x0050d372,5297010
3783,0x0050d374,5297012
3784,0x0050d375,5297013
3785,0x0050d376,5297014
3786,0x0050d377,5297015
3787,0x0050d378,5297016
3788,0x0050d37d,5297021
3789,0x0050d37e,5297022
3790,0x0050d37f,5297023
3791,0x0050d380,5297024
3792,0x0050d381,5297025
3793,0x0050d382,5297026
3794,0x0050d386,5297030
3795,0x0050d38a,5297034
3796,0x0050d38b,5297035
3797,0x0050d38c,5297036
3798,0x0050d391,5297041
3799,0x0050d392,5297042
3800,0x0050d393,5297043
3801,0x0050d394,5297044
3802,0x0050d395,5297045
3803,0x0050d396,5297046
3804,0x0050d399,5297049
3805,0x0050d39a,5297050
3806,0x0050d39b,5297051
3807,0x0050d39c,5297052
3808,0x0050d39d,5297053
3809,0x0050d3a0,5297056
3810,0x0050d3a1,5297057
3811,0x0050d3a4,5297060
3812,0x0050d3ab,5297067
3813,0x0050d3ac,5297068
3814,0x0050d3ad,5297069
3815,0x0050d3b6,5297078
3816,0x0050d3b7,5297079
3817,0x0050d3c1,5297089
3818,0x0050d3c2,5297090
3819,0x0050d3c3,5297091
3820,0x0050d3cc,5297100
3821,0x0050d3cd,5297101
3822,0x0050d3d2,5297106
3823,0x0050d3d4,5297108
3824,0x0050d3da,5297114
3825,0x0050d3db,5297115
3826,0x0050d3dc,5297116
3827,0x0050d3dd,5297117
3828,0x0050d3df,5297119
3829,0x0050d3e5,5297125
3830,0x0050d3e8,5297128
3831,0x0050d3e9,5297129
3832,0x0050d3ea,5297130
3833,0x0050d3eb,5297131
3834,0x0050d3f0,5297136
3835,0x0050d3f3,5297139
3836,0x0050d3f4,5297140
3837,0x0050d3f5,5297141
3838,0x0050d3f6,5297142
3839,0x0050d3fd,5297149
3840,0x0050d3fe,5297150
3841,0x0050d3ff,5297151
3842,0x0050d401,5297153
3843,0x0050d408,5297160
3844,0x0050d40c,5297164
3845,0x0050d413,5297171
3846,0x0050d417,5297175
3847,0x0050d41d,5297181
3848,0x0050d41e,5297182
3849,0x0050d422,5297186
3850,0x0050d428,5297192
3851,0x0050d429,5297193
3852,0x0050d430,5297200
3853,0x0050d431,5297201
3854,0x0050d432,5297202
3855,0x0050d433,5297203
3856,0x0050d434,5297204
3857,0x0050d435,5297205
3858,0x0050d436,5297206
3859,0x0050d437,5297207
3860,0x0050d43d,5297213
3861,0x0050d43e,5297214
3862,0x0050d43f,5297215
3863,0x0050d440,5297216
3864,0x0050d441,5297217
3865,0x0050d442,5297218
3866,0x0050d443,5297219
3867,0x0050d444,5297220
3868,0x0050d445,5297221
3869,0x0050d447,5297223
3870,0x0050d448,5297224
3871,0x0050d449,5297225
3872,0x0050d44a,5297226
3873,0x0050d44b,5297227
3874,0x0050d44c,5297228
3875,0x0050d44d,5297229
3876,0x0050d44e,5297230
3877,0x0050d44f,5297231
3878,0x0050d450,5297232
3879,0x0050d451,5297233
3880,0x0050d452,5297234
3881,0x0050d453,5297235
3882,0x0050d454,5297236
3883,0x0050d457,5297239
3884,0x0050d458,5297240
3885,0x0050d459,5297241
3886,0x0050d45a,5297242
3887,0x0050d45b,5297243
3888,0x0050d45c,5297244
3889,0x0050d45e,5297246
3890,0x0050d45f,5297247
3891,0x0050d461,5297249
3892,0x0050d462,5297250
3893,0x0050d466,5297254
3894,0x0050d467,5297255
3895,0x0050d469,5297257
3896,0x0050d46a,5297258
3897,0x0050d46b,5297259
3898,0x0050d46c,5297260
3899,0x0050d46d,5297261
3900,0x0050d471,5297265
3901,0x0050d472,5297266
3902,0x0050d476,5297270
3903,0x0050d477,5297271
3904,0x0050d479,5297273
3905,0x0050d480,5297280
3906,0x0050d481,5297281
3907,0x0050d482,5297282
3908,0x0050d484,5297284
3909,0x0050d485,5297285
3910,0x0050d48c,5297292
3911,0x0050d48e,5297294
3912,0x0050d490,5297296
3913,0x0050d497,5297303
3914,0x0050d499,5297305
3915,0x0050d49b,5297307
3916,0x0050d49c,5297308
3917,0x0050d4a3,5297315
3918,0x0050d4a4,5297316
3919,0x0050d4a6,5297318
3920,0x0050d4a7,5297319
3921,0x0050d4ae,5297326
3922,0x0050d4b1,5297329
3923,0x0050d4b2,5297330
3924,0x0050d4b3,5297331
3925,0x0050d4b6,5297334
3926,0x0050d4be,5297342
3927,0x0050d4c1,5297345
3928,0x0050d4cc,5297356
3929,0x0050d4cd,5297357
3930,0x0050d4d7,5297367
3931,0x0050d4d8,5297368
3932,0x0050d4e1,5297377
3933,0x0050d4e3,5297379
3934,0x0050d4ed,5297389
3935,0x0050d4ee,5297390
3936,0x0050d4ef,5297391
3937,0x0050d4fa,5297402
3938,0x0050d509,5297417
3939,0x0050d50a,5297418
3940,0x0050d50b,5297419
3941,0x0050d50e,5297422
3942,0x0050d50f,5297423
3943,0x0050d510,5297424
3944,0x0050d511,5297425
3945,0x0050d516,5297430
3946,0x0050d51a,5297434
3947,0x0050d51c,5297436
3948,0x0050d51d,5297437
3949,0x0050d51e,5297438
3950,0x0050d51f,5297439
3951,0x0050d520,5297440
3952,0x0050d521,5297441
3953,0x0050d522,5297442
3954,0x0050d523,5297443
3955,0x0050d524,5297444
3956,0x0050d525,5297445
3957,0x0050d526,5297446
3958,0x0050d527,5297447
3959,0x0050d528,5297448
3960,0x0050d529,5297449
3961,0x0050d52a,5297450
3962,0x0050d52b,5297451
3963,0x0050d52c,5297452
3964,0x0050d52d,5297453
3965,0x0050d52e,5297454
3966,0x0050d52f,5297455
3967,0x0050d530,5297456
3968,0x0050d531,5297457
3969,0x0050d532,5297458
3970,0x0050d533,5297459
3971,0x0050d535,5297461
3972,0x0050d536,5297462
3973,0x0050d537,5297463
3974,0x0050d538,5297464
3975,0x0050d539,5297465
3976,0x0050d53c,5297468
3977,0x0050d53e,5297470
3978,0x0050d53f,5297471
3979,0x0050d540,5297472
3980,0x0050d541,5297473
3981,0x0050d542,5297474
3982,0x0050d543,5297475
3983,0x0050d544,5297476
3984,0x0050d546,5297478
3985,0x0050d547,5297479
3986,0x0050d548,5297480
3987,0x0050d549,5297481
3988,0x0050d54a,5297482
3989,0x0050d54c,5297484
3990,0x0050d54e,5297486
3991,0x0050d54f,5297487
3992,0x0050d554,5297492
3993,0x0050d555,5297493
3994,0x0050d557,5297495
3995,0x0050d55b,5297499
3996,0x0050d55d,5297501
3997,0x0050d55e,5297502
3998,0x0050d55f,5297503
3999,0x0050d560,5297504
4000,0x0050d568,5297512
4001,0x0050d569,5297513
4002,0x0050d56b,5297515
4003,0x0050d56c,5297516
4004,0x0050d573,5297523
4005,0x0050d574,5297524
4006,0x0050d577,5297527
4007,0x0050d57d,5297533
4008,0x0050d57f,5297535
4009,0x0050d580,5297536
4010,0x0050d588,5297544
4011,0x0050d58a,5297546
4012,0x0050d58b,5297547
4013,0x0050d592,5297554
4014,0x0050d59f,5297567
4015,0x0050d5a0,5297568
4016,0x0050d5a1,5297569
4017,0x0050d5a4,5297572
4018,0x0050d5a5,5297573
4019,0x0050d5a6,5297574
4020,0x0050d5ac,5297580
4021,0x0050d5b0,5297584
4022,0x0050d5b1,5297585
4023,0x0050d5b2,5297586
4024,0x0050d5b3,5297587
4025,0x0050d5b4,5297588
4026,0x0050d5b5,5297589
4027,0x0050d5b6,5297590
4028,0x0050d5b7,5297591
4029,0x0050d5b8,5297592
4030,0x0050d5b9,5297593
4031,0x0050d5ba,5297594
4032,0x0050d5bc,5297596
4033,0x0050d5bd,5297597
4034,0x0050d5be,5297598
4035,0x0050d5bf,5297599
4036,0x0050d5c0,5297600
4037,0x0050d5c1,5297601
4038,0x0050d5c2,5297602
4039,0x0050d5c3,5297603
4040,0x0050d5c5,5297605
4041,0x0050d5c7,5297607
4042,0x0050d5c8,5297608
4043,0x0050d5c9,5297609
4044,0x0050d5ca,5297610
4045,0x0050d5cb,5297611
4046,0x0050d5cc,5297612
4047,0x0050d5cd,5297613
4048,0x0050d5d0,5297616
4049,0x0050d5d1,5297617
4050,0x0050d5d2,5297618
4051,0x0050d5d4,5297620
4052,0x0050d5d5,5297621
4053,0x0050d5d7,5297623
4054,0x0050d5d9,5297625
4055,0x0050d5da,5297626
4056,0x0050d5db,5297627
4057,0x0050d5dc,5297628
4058,0x0050d5de,5297630
4059,0x0050d5df,5297631
4060,0x0050d5e2,5297634
4061,0x0050d5e7,5297639
4062,0x0050d5e8,5297640
4063,0x0050d5e9,5297641
4064,0x0050d5ea,5297642
4065,0x0050d5eb,5297643
4066,0x0050d5f1,5297649
4067,0x0050d5f2,5297650
4068,0x0050d5f3,5297651
4069,0x0050d5f5,5297653
4070,0x0050d5f6,5297654
4071,0x0050d5f7,5297655
4072,0x0050d5fc,5297660
4073,0x0050d5fd,5297661
4074,0x0050d602,5297666
4075,0x0050d607,5297671
4076,0x0050d60c,5297676
4077,0x0050d60d,5297677
4078,0x0050d617,5297687
4079,0x0050d618,5297688
4080,0x0050d627,5297703
4081,0x0050d628,5297704
4082,0x0050d629,5297705
4083,0x0050d62b,5297707
4084,0x0050d62c,5297708
4085,0x0050d62d,5297709
4086,0x0050d62e,5297710
4087,0x0050d635,5297717
4088,0x0050d637,5297719
4089,0x0050d638,5297720
4090,0x0050d639,5297721
4091,0x0050d63a,5297722
4092,0x0050d63b,5297723
4093,0x0050d63c,5297724
4094,0x0050d63d,5297725
4095,0x0050d63e,5297726
