0,0x00000000,0
1,0x00000000,0
2,0x00000000,0
3,0x0032df3c,3333948
4,0x00000905,2309
5,0x00000656,1622
6,0x00001378,4984
7,0x00003283,12931
8,0x00008b10,35600
9,0x0000241c,9244
10,0x000015fb,5627
11,0x00001581,5505
12,0x0000c6ee,50926
13,0x0001c8ec,116972
14,0x00091196,594326
15,0x000243cb,148427
16,0x00011406,70662
17,0x00005f31,24369
18,0x000030f5,12533
19,0x0000323f,12863
20,0x000018a6,6310
21,0x00001679,5753
22,0x00001680,5760
23,0x0000171b,5915
24,0x0000179f,6047
25,0x00001471,5233
26,0x00001f83,8067
27,0x000015ca,5578
28,0x00001466,5222
29,0x0000147a,5242
30,0x00001a1b,6683
31,0x00001839,6201
32,0x000010e3,4323
33,0x00000f96,3990
34,0x00001062,4194
35,0x00002065,8293
36,0x0000192a,6442
37,0x000013af,5039
38,0x000011e2,4578
39,0x000012a2,4770
40,0x00001bc3,7107
41,0x00001798,6040
42,0x0000153d,5437
43,0x0000149c,5276
44,0x00002d9f,11679
45,0x00004765,18277
46,0x0000297f,10623
47,0x00001637,5687
48,0x00001a30,6704
49,0x00001b6d,7021
50,0x00001652,5714
51,0x000015df,5599
52,0x000018b1,6321
53,0x00001bc1,7105
54,0x0000176f,5999
55,0x000014a0,5280
56,0x0000141f,5151
57,0x0031a783,3254147
58,0x02555f43,39149379
59,0x07010963,117508451
60,0x02d9619a,47800730
61,0x004a23dd,4858845
62,0x00137c32,1276978
63,0x0001e4a1,124065
64,0x0006e635,452149
65,0x00063f96,409494
66,0x0002bd55,179541
67,0x0003203e,204862
68,0x000288df,166111
69,0x0001d7be,120766
70,0x00007fcc,32716
71,0x000033ea,13290
72,0x00002a90,10896
73,0x00001b2c,6956
74,0x00001818,6168
75,0x000014f0,5360
76,0x00001d52,7506
77,0x00001d13,7443
78,0x000016c8,5832
79,0x00005394,21396
80,0x00011afd,72445
81,0x0002ff50,196432
82,0x0000f9c9,63945
83,0x00007016,28694
84,0x00001363,4963
85,0x00001726,5926
86,0x00001c39,7225
87,0x000019f8,6648
88,0x00001942,6466
89,0x000016b1,5809
90,0x00001c22,7202
91,0x0000160b,5643
92,0x000025f4,9716
93,0x0001137c,70524
94,0x000315de,202206
95,0x00030685,198277
96,0x00026999,158105
97,0x0001fa65,129637
98,0x0000956c,38252
99,0x00001dcd,7629
100,0x00001954,6484
101,0x0000187c,6268
102,0x00001b5b,7003
103,0x00001eb8,7864
104,0x00002464,9316
105,0x00003b23,15139
106,0x00002e8a,11914
107,0x00002069,8297
108,0x00001ced,7405
109,0x00001570,5488
110,0x00001422,5154
111,0x0000159b,5531
112,0x000017ff,6143
113,0x00002021,8225
114,0x00001786,6022
115,0x00001c6c,7276
116,0x00003247,12871
117,0x0000293e,10558
118,0x00002824,10276
119,0x00001db4,7604
120,0x00001452,5202
121,0x00001280,4736
122,0x00001ac1,6849
123,0x0000194e,6478
124,0x00001973,6515
125,0x00001aec,6892
126,0x00001b2b,6955
127,0x00001a91,6801
128,0x0000193f,6463
129,0x000017f8,6136
130,0x000016d0,5840
131,0x00001bcd,7117
132,0x000015c9,5577
133,0x0000155e,5470
134,0x00001651,5713
135,0x0000197b,6523
136,0x00001c86,7302
137,0x000015cc,5580
138,0x00001485,5253
139,0x000014c3,5315
140,0x000018dd,6365
141,0x00001904,6404
142,0x0000157f,5503
143,0x000014d5,5333
144,0x0000152d,5421
145,0x00001897,6295
146,0x00001408,5128
147,0x000014c0,5312
148,0x00001650,5712
149,0x00001b20,6944
150,0x0000176c,5996
151,0x00001216,4630
152,0x00001214,4628
153,0x000013eb,5099
154,0x00001fbd,8125
155,0x000018f2,6386
156,0x0000144d,5197
157,0x000010bc,4284
158,0x000013d1,5073
159,0x00001e1e,7710
160,0x00001a02,6658
161,0x000018a8,6312
162,0x00001391,5009
163,0x000016d5,5845
164,0x00001748,5960
165,0x000017c3,6083
166,0x000017e0,6112
167,0x000015ef,5615
168,0x00001712,5906
169,0x00001402,5122
170,0x000014f5,5365
171,0x00001747,5959
172,0x000019f7,6647
173,0x000017bd,6077
174,0x00001401,5121
175,0x000013e5,5093
176,0x0000154c,5452
177,0x00001a96,6806
178,0x00001686,5766
179,0x00001556,5462
180,0x00001432,5170
181,0x00001987,6535
182,0x0000191b,6427
183,0x00001647,5703
184,0x000016c5,5829
185,0x000015f6,5622
186,0x000019f8,6648
187,0x000012ec,4844
188,0x000013c3,5059
189,0x000014df,5343
190,0x00001a49,6729
191,0x00001b69,7017
192,0x000012fb,4859
193,0x000011e4,4580
194,0x0000117f,4479
195,0x00001b84,7044
196,0x00001cda,7386
197,0x00001650,5712
198,0x00001304,4868
199,0x00000fc5,4037
200,0x0000199a,6554
201,0x00001ac7,6855
202,0x000017b8,6072
203,0x0000146f,5231
204,0x00001431,5169
205,0x0000162b,5675
206,0x00001813,6163
207,0x000017ca,6090
208,0x000016eb,5867
209,0x0000190c,6412
210,0x000014b6,5302
211,0x000015eb,5611
212,0x000016a7,5799
213,0x00001881,6273
214,0x000018f6,6390
215,0x00001451,5201
216,0x0000141b,5147
217,0x00001408,5128
218,0x00001a19,6681
219,0x00001741,5953
220,0x00001520,5408
221,0x000014d7,5335
222,0x000015f2,5618
223,0x00001718,5912
224,0x000015d0,5584
225,0x00001630,5680
226,0x000016a2,5794
227,0x00001ca7,7335
228,0x000014af,5295
229,0x00001300,4864
230,0x000014b1,5297
231,0x00001790,6032
232,0x00001e41,7745
233,0x00001553,5459
234,0x000012f2,4850
235,0x000011f3,4595
236,0x0000180a,6154
237,0x000022e4,8932
238,0x00001a53,6739
239,0x000016f2,5874
240,0x000013db,5083
241,0x00001a67,6759
242,0x00001f89,8073
243,0x00001c06,7174
244,0x00001840,6208
245,0x00001624,5668
246,0x000015c9,5577
247,0x00001929,6441
248,0x00001ae1,6881
249,0x0000195c,6492
250,0x00001b3e,6974
251,0x00001599,5529
252,0x00001680,5760
253,0x000017fa,6138
254,0x00001aad,6829
255,0x00001c17,7191
256,0x000016af,5807
257,0x0000150e,5390
258,0x000015a9,5545
259,0x00001b36,6966
260,0x00001ad4,6868
261,0x0000184b,6219
262,0x0000178d,6029
263,0x000016dd,5853
264,0x00001a8c,6796
265,0x000019ae,6574
266,0x000018cd,6349
267,0x00001883,6275
268,0x00001dfc,7676
269,0x0000191b,6427
270,0x0000168e,5774
271,0x000016a5,5797
272,0x00001939,6457
273,0x00002393,9107
274,0x000018fd,6397
275,0x00001628,5672
276,0x000013e7,5095
277,0x00001770,6000
278,0x000023f0,9200
279,0x00001daf,7599
280,0x000018fe,6398
281,0x00001257,4695
282,0x000017ae,6062
283,0x00001e54,7764
284,0x00001d85,7557
285,0x00001b04,6916
286,0x0000174e,5966
287,0x000016f8,5880
288,0x0000183d,6205
289,0x0000199d,6557
290,0x00001ba2,7074
291,0x00001d3b,7483
292,0x000016f8,5880
293,0x00001666,5734
294,0x00001743,5955
295,0x00001ab1,6833
296,0x00001fad,8109
297,0x00001842,6210
298,0x000015ff,5631
299,0x0000157a,5498
300,0x000019df,6623
301,0x00001a2a,6698
302,0x000018d2,6354
303,0x000017a1,6049
304,0x0000160f,5647
305,0x000018ad,6317
306,0x00001682,5762
307,0x0000178e,6030
308,0x000017c6,6086
309,0x00001b66,7014
310,0x00001a0b,6667
311,0x00001568,5480
312,0x0000158c,5516
313,0x00001723,5923
314,0x0000254c,9548
315,0x00001ccc,7372
316,0x00001859,6233
317,0x000015cb,5579
318,0x000015d8,5592
319,0x000020e1,8417
320,0x0000212d,8493
321,0x00001d8b,7563
322,0x000018c1,6337
323,0x000015ef,5615
324,0x00001a14,6676
325,0x00001be0,7136
326,0x00001c10,7184
327,0x00001b06,6918
328,0x0000185e,6238
329,0x0000161f,5663
330,0x0000195a,6490
331,0x00001aa1,6817
332,0x00001f35,7989
333,0x000019c0,6592
334,0x000016df,5855
335,0x000017f1,6129
336,0x00001929,6441
337,0x00001f4d,8013
338,0x00001b17,6935
339,0x000019c2,6594
340,0x000017e6,6118
341,0x00001aec,6892
342,0x00001be1,7137
343,0x00001a64,6756
344,0x00001a53,6739
345,0x000019ed,6637
346,0x00001f9e,8094
347,0x000017e8,6120
348,0x00001870,6256
349,0x00001932,6450
350,0x00001ce5,7397
351,0x00001f62,8034
352,0x000018f1,6385
353,0x000016e7,5863
354,0x000015e1,5601
355,0x00001f4b,8011
356,0x00001e97,7831
357,0x00001b48,6984
358,0x0000184b,6219
359,0x0000167c,5756
360,0x00001b61,7009
361,0x00001e51,7761
362,0x00001e1b,7707
363,0x00001c61,7265
364,0x0000177e,6014
365,0x00001852,6226
366,0x00001b08,6920
367,0x00001d12,7442
368,0x00001d8d,7565
369,0x00001cd9,7385
370,0x00001825,6181
371,0x00001a0f,6671
372,0x00001d5a,7514
373,0x0000231d,8989
374,0x00002035,8245
375,0x00001bc2,7106
376,0x00001c3b,7227
377,0x00001d84,7556
378,0x00002658,9816
379,0x00001f78,8056
380,0x00001ea7,7847
381,0x00001d9d,7581
382,0x00001f23,7971
383,0x00002130,8496
384,0x00001dca,7626
385,0x00001d7b,7547
386,0x00001e11,7697
387,0x0000221a,8730
388,0x00001d35,7477
389,0x00001ba1,7073
390,0x00001be1,7137
391,0x00001ff5,8181
392,0x000023ad,9133
393,0x00001d54,7508
394,0x00001b3e,6974
395,0x0000192c,6444
396,0x0000202f,8239
397,0x000022ff,8959
398,0x00002058,8280
399,0x00001e14,7700
400,0x00001a1c,6684
401,0x00001c2f,7215
402,0x00002101,8449
403,0x0000247e,9342
404,0x0000240f,9231
405,0x00001c15,7189
406,0x00001a41,6721
407,0x00001db2,7602
408,0x00002053,8275
409,0x000022cd,8909
410,0x00002395,9109
411,0x000017be,6078
412,0x00001980,6528
413,0x00001cfb,7419
414,0x000022c4,8900
415,0x000021a3,8611
416,0x00001b76,7030
417,0x00001a27,6695
418,0x00001a6e,6766
419,0x00002140,8512
420,0x00001d08,7432
421,0x00001c7d,7293
422,0x00001b78,7032
423,0x00001be0,7136
424,0x00001dbf,7615
425,0x00001b30,6960
426,0x00001c85,7301
427,0x00001c21,7201
428,0x00002030,8240
429,0x00001b13,6931
430,0x00001a07,6663
431,0x00001a78,6776
432,0x00001c37,7223
433,0x0000244f,9295
434,0x00001d82,7554
435,0x00001a53,6739
436,0x000018f7,6391
437,0x00001bd7,7127
438,0x000020bd,8381
439,0x0000205c,8284
440,0x00001dfa,7674
441,0x000019f7,6647
442,0x00001806,6150
443,0x000019c5,6597
444,0x000020ef,8431
445,0x000022db,8923
446,0x00001cca,7370
447,0x00001537,5431
448,0x00001723,5923
449,0x00001b0a,6922
450,0x00001eee,7918
451,0x00002371,9073
452,0x00001655,5717
453,0x000015ca,5578
454,0x000017ca,6090
455,0x00001e27,7719
456,0x0000207c,8316
457,0x00001a5d,6749
458,0x000018b8,6328
459,0x000016ce,5838
460,0x00001cfe,7422
461,0x00001b9c,7068
462,0x00001a0b,6667
463,0x00001a88,6792
464,0x00001935,6453
465,0x00001b5e,7006
466,0x000016b7,5815
467,0x00001926,6438
468,0x00001af2,6898
469,0x00001d3f,7487
470,0x000019be,6590
471,0x000016df,5855
472,0x00001709,5897
473,0x0000178d,6029
474,0x000020a1,8353
475,0x00001bb3,7091
476,0x0000193c,6460
477,0x000016e5,5861
478,0x000015d4,5588
479,0x00001a27,6695
480,0x00001cc0,7360
481,0x00001d9f,7583
482,0x00001b8c,7052
483,0x00001670,5744
484,0x000014fe,5374
485,0x00001dce,7630
486,0x00002299,8857
487,0x000024d8,9432
488,0x000015f7,5623
489,0x000013a6,5030
490,0x000017db,6107
491,0x00001bce,7118
492,0x000024ab,9387
493,0x00001891,6289
494,0x00001477,5239
495,0x000015cd,5581
496,0x0000197e,6526
497,0x00001f76,8054
498,0x000018ce,6350
499,0x00001770,6000
500,0x00001701,5889
501,0x000018f9,6393
502,0x000019e0,6624
503,0x0000186d,6253
504,0x00001909,6409
505,0x000018fb,6395
506,0x00001a6d,6765
507,0x0000165c,5724
508,0x000016ec,5868
509,0x00001895,6293
510,0x00001c10,7184
511,0x00001a7e,6782
512,0x000016de,5854
513,0x000015cc,5580
514,0x000015ea,5610
515,0x00001d38,7480
516,0x00001b7b,7035
517,0x000019e1,6625
518,0x000018b2,6322
519,0x0000167b,5755
520,0x00001880,6272
521,0x000019c5,6597
522,0x00001bc8,7112
523,0x00001d13,7443
524,0x000019e4,6628
525,0x00001333,4915
526,0x00001804,6148
527,0x00001c3f,7231
528,0x000020f0,8432
529,0x00001ac4,6852
530,0x0000141e,5150
531,0x00001641,5697
532,0x000019c2,6594
533,0x00002439,9273
534,0x00001d0f,7439
535,0x00001816,6166
536,0x00001725,5925
537,0x000019bf,6591
538,0x00002589,9609
539,0x00001c79,7289
540,0x00001be1,7137
541,0x00001b62,7010
542,0x00001e3b,7739
543,0x00001e8e,7822
544,0x00001d01,7425
545,0x00001d1b,7451
546,0x00001d8e,7566
547,0x000021ec,8684
548,0x00001ae1,6881
549,0x00001acf,6863
550,0x00001ce8,7400
551,0x0000211e,8478
552,0x0000238d,9101
553,0x00001c83,7299
554,0x00001bac,7084
555,0x00001b73,7027
556,0x00002192,8594
557,0x00002078,8312
558,0x00001fac,8108
559,0x00001ef7,7927
560,0x00001da0,7584
561,0x00001eab,7851
562,0x00001d20,7456
563,0x0000213a,8506
564,0x000024ac,9388
565,0x00002566,9574
566,0x000018c2,6338
567,0x00001c75,7285
568,0x00002233,8755
569,0x00002a4a,10826
570,0x0000298a,10634
571,0x00001894,6292
572,0x00001a4e,6734
573,0x00001ced,7405
574,0x00002891,10385
575,0x000027d4,10196
576,0x00001d79,7545
577,0x00001cc7,7367
578,0x00001c57,7255
579,0x000028e4,10468
580,0x000021b8,8632
581,0x0000208e,8334
582,0x00001f4a,8010
583,0x000021ec,8684
584,0x00002314,8980
585,0x00001e6f,7791
586,0x00002057,8279
587,0x00002121,8481
588,0x000026d2,9938
589,0x00001f3f,7999
590,0x00001ca2,7330
591,0x00001e52,7762
592,0x00002252,8786
593,0x00002993,10643
594,0x00002087,8327
595,0x00001ec8,7880
596,0x00001e66,7782
597,0x00002352,9042
598,0x00002369,9065
599,0x000022ff,8959
600,0x00002368,9064
601,0x000022a6,8870
602,0x000022ff,8959
603,0x00001c46,7238
604,0x000022c6,8902
605,0x000026fa,9978
606,0x00002db9,11705
607,0x00001e41,7745
608,0x00001a12,6674
609,0x00001f2a,7978
610,0x00002802,10242
611,0x000031e4,12772
612,0x00001f11,7953
613,0x00001ae3,6883
614,0x00001c13,7187
615,0x00002580,9600
616,0x00002d36,11574
617,0x000021ad,8621
618,0x00001fa1,8097
619,0x00001eba,7866
620,0x000028a4,10404
621,0x0000260e,9742
622,0x00002423,9251
623,0x000022b4,8884
624,0x00002447,9287
625,0x00002893,10387
626,0x00002022,8226
627,0x0000217b,8571
628,0x0000245a,9306
629,0x00002d13,11539
630,0x00002633,9779
631,0x000020a7,8359
632,0x000020fb,8443
633,0x00002252,8786
634,0x0000304a,12362
635,0x00002632,9778
636,0x00002518,9496
637,0x0000239d,9117
638,0x00002659,9817
639,0x00002696,9878
640,0x000027d3,10195
641,0x00002843,10307
642,0x000029d1,10705
643,0x00002ae7,10983
644,0x00001e31,7729
645,0x0000236b,9067
646,0x00002939,10553
647,0x00003835,14389
648,0x00002dc9,11721
649,0x00001c11,7185
650,0x0000202b,8235
651,0x0000284c,10316
652,0x00003d5c,15708
653,0x00002bad,11181
654,0x00002165,8549
655,0x00001fc9,8137
656,0x000024a8,9384
657,0x00003703,14083
658,0x000028e9,10473
659,0x00002572,9586
660,0x00002316,8982
661,0x00002b21,11041
662,0x00002a8e,10894
663,0x0000270c,9996
664,0x00002883,10371
665,0x00002874,10356
666,0x00002f9f,12191
667,0x0000240a,9226
668,0x000024b1,9393
669,0x000024fe,9470
670,0x00002f4a,12106
671,0x00002e14,11796
672,0x0000247c,9340
673,0x00002429,9257
674,0x00002522,9506
675,0x00003350,13136
676,0x00002a2f,10799
677,0x00002857,10327
678,0x000027ee,10222
679,0x000029af,10671
680,0x00002945,10565
681,0x00002720,10016
682,0x00002b15,11029
683,0x00002daa,11690
684,0x000033a9,13225
685,0x00002236,8758
686,0x000020e5,8421
687,0x00002830,10288
688,0x000038da,14554
689,0x00003c60,15456
690,0x00001ce3,7395
691,0x00001ebd,7869
692,0x000022f9,8953
693,0x00003a2a,14890
694,0x000034db,13531
695,0x000023b4,9140
696,0x000020fa,8442
697,0x000020d1,8401
698,0x000037b9,14265
699,0x00002e3c,11836
700,0x0000281e,10270
701,0x000024dd,9437
702,0x000029dc,10716
703,0x00002c19,11289
704,0x000026ef,9967
705,0x00002934,10548
706,0x00002af2,10994
707,0x000031e3,12771
708,0x0000233d,9021
709,0x0000232e,9006
710,0x0000256e,9582
711,0x00002bf8,11256
712,0x00003202,12802
713,0x0000245c,9308
714,0x000022dd,8925
715,0x00002307,8967
716,0x00002e72,11890
717,0x00002a9a,10906
718,0x0000263e,9790
719,0x0000263c,9788
720,0x000027b7,10167
721,0x000027a3,10147
722,0x0000228a,8842
723,0x000026ae,9902
724,0x00002a2c,10796
725,0x00003184,12676
726,0x00002257,8791
727,0x00001ac6,6854
728,0x00002085,8325
729,0x00002d72,11634
730,0x000046cc,18124
731,0x00001baa,7082
732,0x00001949,6473
733,0x00001c41,7233
734,0x00003022,12322
735,0x00003882,14466
736,0x0000237e,9086
737,0x00001f0b,7947
738,0x00001b4d,6989
739,0x00002a53,10835
740,0x00002a19,10777
741,0x000025ae,9646
742,0x00002232,8754
743,0x000021c5,8645
744,0x000025b1,9649
745,0x00001f79,8057
746,0x000020e2,8418
747,0x0000220a,8714
748,0x00002aa3,10915
749,0x00001ef2,7922
750,0x00001c91,7313
751,0x00001d3d,7485
752,0x0000212f,8495
753,0x00002b0f,11023
754,0x00001fcb,8139
755,0x00001ce5,7397
756,0x00001c81,7297
757,0x000022d1,8913
758,0x000024ec,9452
759,0x0000202d,8237
760,0x000020bb,8379
761,0x0000216d,8557
762,0x00002283,8835
763,0x00001a36,6710
764,0x00001dc6,7622
765,0x00002207,8711
766,0x00002b39,11065
767,0x000020d8,8408
768,0x0000169d,5789
769,0x000017f3,6131
770,0x00001dcd,7629
771,0x00003a3d,14909
772,0x00001d3a,7482
773,0x0000173c,5948
774,0x000016c3,5827
775,0x00001ed5,7893
776,0x00002ca4,11428
777,0x00001ee7,7911
778,0x00001ae3,6883
779,0x000017f6,6134
780,0x00001e7d,7805
781,0x00002151,8529
782,0x00001d97,7575
783,0x00001cbc,7356
784,0x00001d82,7554
785,0x0000200c,8204
786,0x00001aad,6829
787,0x00001b10,6928
788,0x00001b81,7041
789,0x000022e9,8937
790,0x00001e37,7735
791,0x00001907,6407
792,0x000019be,6590
793,0x00001a71,6769
794,0x000023f8,9208
795,0x00001c3d,7229
796,0x00001ac2,6850
797,0x000019da,6618
798,0x00001c4a,7242
799,0x00001eeb,7915
800,0x00001af6,6902
801,0x00001b44,6980
802,0x00001c06,7174
803,0x000020a1,8353
804,0x000017c4,6084
805,0x00001825,6181
806,0x00001a80,6784
807,0x00002269,8809
808,0x0000216d,8557
809,0x00001683,5763
810,0x00001534,5428
811,0x000015ca,5578
812,0x00002a8d,10893
813,0x000020a1,8353
814,0x00001854,6228
815,0x000015de,5598
816,0x00001739,5945
817,0x000024d8,9432
818,0x00001db1,7601
819,0x00001a3f,6719
820,0x000016b8,5816
821,0x00001a1f,6687
822,0x00001e4b,7755
823,0x00001b1c,6940
824,0x000019f6,6646
825,0x00001a18,6680
826,0x00001ea2,7842
827,0x000017d6,6102
828,0x00001843,6211
829,0x000018fc,6396
830,0x00001c43,7235
831,0x00001ca7,7335
832,0x00001750,5968
833,0x00001771,6001
834,0x0000167c,5756
835,0x00001fbf,8127
836,0x00001a75,6773
837,0x0000186b,6251
838,0x00001853,6227
839,0x000019f5,6645
840,0x00001ceb,7403
841,0x00001800,6144
842,0x000018fd,6397
843,0x00001982,6530
844,0x00001f27,7975
845,0x0000183d,6205
846,0x000015c1,5569
847,0x000017a2,6050
848,0x00001bfc,7164
849,0x000021dd,8669
850,0x000017d2,6098
851,0x00001442,5186
852,0x000013ca,5066
853,0x00001ffb,8187
854,0x000020b2,8370
855,0x000017fd,6141
856,0x000014f0,5360
857,0x000013bc,5052
858,0x00001ebc,7868
859,0x00001ae8,6888
860,0x00001935,6453
861,0x0000184d,6221
862,0x00001641,5697
863,0x00001a7b,6779
864,0x000018b1,6321
865,0x000018ea,6378
866,0x000018d1,6353
867,0x00001d47,7495
868,0x000017a1,6049
869,0x00001684,5764
870,0x0000184a,6218
871,0x00001a39,6713
872,0x00001ce3,7395
873,0x000016d7,5847
874,0x000015f3,5619
875,0x000015a8,5544
876,0x00001c78,7288
877,0x00001a54,6740
878,0x00001790,6032
879,0x000016ec,5868
880,0x000016e9,5865
881,0x00001aa3,6819
882,0x000016b3,5811
883,0x000016c4,5828
884,0x000017e5,6117
885,0x00001c25,7205
886,0x0000184f,6223
887,0x000014f0,5360
888,0x00001481,5249
889,0x000016fc,5884
890,0x000021a5,8613
891,0x000018bd,6333
892,0x0000147b,5243
893,0x0000126a,4714
894,0x00001889,6281
895,0x000021b5,8629
896,0x000019ef,6639
897,0x00001593,5523
898,0x00001220,4640
899,0x0000193c,6460
900,0x000019ad,6573
901,0x00001955,6485
902,0x000018bc,6332
903,0x0000171f,5919
904,0x000017ae,6062
905,0x000016c4,5828
906,0x00001764,5988
907,0x00001851,6225
908,0x00001c05,7173
909,0x000017b1,6065
910,0x00001464,5220
911,0x00001516,5398
912,0x00001775,6005
913,0x00001d27,7463
914,0x00001774,6004
915,0x00001569,5481
916,0x000014cf,5327
917,0x000018ed,6381
918,0x00001971,6513
919,0x0000186a,6250
920,0x00001720,5920
921,0x00001652,5714
922,0x00001ab1,6833
923,0x000014fe,5374
924,0x0000165d,5725
925,0x0000177e,6014
926,0x00001d80,7552
927,0x00001bbe,7102
928,0x00001402,5122
929,0x0000135a,4954
930,0x000014a3,5283
931,0x000020b3,8371
932,0x00001d36,7478
933,0x000015f0,5616
934,0x000012d8,4824
935,0x000012d6,4822
936,0x00002032,8242
937,0x00001bf2,7154
938,0x000017d5,6101
939,0x000012cb,4811
940,0x00001634,5684
941,0x000018b4,6324
942,0x00001995,6549
943,0x0000194b,6475
944,0x00001778,6008
945,0x0000183c,6204
946,0x0000163d,5693
947,0x000016e8,5864
948,0x000017c8,6088
949,0x00001b77,7031
950,0x00001967,6503
951,0x00001610,5648
952,0x00001566,5478
953,0x000015bb,5563
954,0x00001cee,7406
955,0x00001825,6181
956,0x00001663,5731
957,0x00001564,5476
958,0x00001775,6005
959,0x000018a1,6305
960,0x00001685,5765
961,0x00001796,6038
962,0x000016d1,5841
963,0x00001c59,7257
964,0x000014eb,5355
965,0x000014d9,5337
966,0x00001610,5648
967,0x0000196f,6511
968,0x00001e38,7736
969,0x0000145e,5214
970,0x00001375,4981
971,0x00001299,4761
972,0x00001c00,7168
973,0x00001f1d,7965
974,0x00001783,6019
975,0x000013e9,5097
976,0x000010e3,4323
977,0x00001b92,7058
978,0x00001e7d,7805
979,0x00001a34,6708
980,0x0000157a,5498
981,0x00001525,5413
982,0x00001709,5897
983,0x000018f5,6389
984,0x00001a2b,6699
985,0x000017b7,6071
986,0x0000193d,6461
987,0x00001450,5200
988,0x0000159d,5533
989,0x0000170e,5902
990,0x0000191e,6430
991,0x0000197b,6523
992,0x000014ab,5291
993,0x00001465,5221
994,0x00001418,5144
995,0x00001b21,6945
996,0x00001733,5939
997,0x00001592,5522
998,0x000014c2,5314
999,0x0000154f,5455
1000,0x00001839,6201
1001,0x00001602,5634
1002,0x0000166f,5743
1003,0x00001627,5671
1004,0x00001a64,6756
1005,0x000015e8,5608
1006,0x0000149d,5277
1007,0x000014ec,5356
1008,0x0000174f,5967
1009,0x00001e87,7815
1010,0x000015c2,5570
1011,0x00001353,4947
1012,0x00001323,4899
1013,0x00001735,5941
1014,0x00001d8d,7565
1015,0x0000180c,6156
1016,0x0000151c,5404
1017,0x00001168,4456
1018,0x000016fb,5883
1019,0x00001ab3,6835
1020,0x00001867,6247
1021,0x0000166f,5743
1022,0x0000149a,5274
1023,0x000014cc,5324
0,0x00000000,0
1024,0x004184c6,4293830
2048,0x0034515d,3428701
3072,0x002a3d04,2768132
4096,0x001eb6e5,2012901
5120,0x0016f9d8,1505752
6144,0x0011e370,1172336
7168,0x000cdb24,842532
8192,0x0009085f,591967
9216,0x00059530,365872
10240,0x00041479,267385
11264,0x00032ca8,208040
12288,0x00023ab1,146097
13312,0x000177c8,96200
14336,0x00013090,77968
15360,0x0000ff4c,65356
16384,0x0000d608,54792
17408,0x0000b931,47409
18432,0x0000a884,43140
19456,0x000097a0,38816
20480,0x00008c03,35843
21504,0x000082de,33502
22528,0x00007757,30551
23552,0x00006fe7,28647
24576,0x00006a6f,27247
25600,0x0000623b,25147
26624,0x00005e5f,24159
27648,0x00005b53,23379
28672,0x00005abf,23231
29696,0x00005ba7,23463
30720,0x00005c9c,23708
31744,0x0000587a,22650
32768,0x00005254,21076
33792,0x00004ca7,19623
34816,0x00004625,17957
35840,0x00004221,16929
36864,0x000040d7,16599
37888,0x00003f6f,16239
38912,0x00003b2c,15148
39936,0x0000358b,13707
40960,0x00002f44,12100
41984,0x00002cf8,11512
43008,0x000028ec,10476
44032,0x000026f7,9975
45056,0x000026a4,9892
46080,0x000025b2,9650
47104,0x000025c2,9666
48128,0x00002670,9840
49152,0x00002715,10005
50176,0x000027ca,10186
51200,0x00002942,10562
52224,0x00002af3,10995
53248,0x00002d79,11641
54272,0x00003062,12386
55296,0x00003292,12946
56320,0x0000349d,13469
57344,0x00003547,13639
58368,0x000034fe,13566
59392,0x0000356b,13675
60416,0x000033c2,13250
61440,0x00003255,12885
62464,0x00002ff3,12275
63488,0x00002d54,11604
64512,0x00002d13,11539
65536,0x000029fc,10748
66560,0x00002879,10361
67584,0x00002777,10103
68608,0x0000264b,9803
69632,0x0000253e,9534
70656,0x00002476,9334
71680,0x000023fc,9212
72704,0x000022b2,8882
73728,0x00002327,8999
74752,0x0000227f,8831
75776,0x0000219b,8603
76800,0x00002101,8449
77824,0x0000205b,8283
78848,0x00001f9d,8093
79872,0x00001e0d,7693
80896,0x00001cef,7407
81920,0x00001b20,6944
82944,0x00001a2d,6701
83968,0x000018b3,6323
84992,0x00001727,5927
86016,0x000014e7,5351
87040,0x00001474,5236
88064,0x000012e4,4836
89088,0x000011d2,4562
90112,0x0000110e,4366
91136,0x0000101e,4126
92160,0x00000f6c,3948
93184,0x00000e96,3734
94208,0x00000ea6,3750
95232,0x00000dd3,3539
96256,0x00000d56,3414
97280,0x00000d6a,3434
98304,0x00000cb7,3255
99328,0x00000cd6,3286
100352,0x00000cb5,3253
101376,0x00000c70,3184
102400,0x00000ccd,3277
103424,0x00000d02,3330
104448,0x00000d3a,3386
105472,0x00000d7c,3452
106496,0x00000e0e,3598
107520,0x00000e83,3715
108544,0x00000f43,3907
109568,0x00000fcc,4044
110592,0x000010c6,4294
111616,0x0000112a,4394
112640,0x0000126b,4715
113664,0x00001364,4964
114688,0x0000147f,5247
115712,0x00001549,5449
116736,0x00001671,5745
117760,0x000016bf,5823
118784,0x00001818,6168
119808,0x00001852,6226
120832,0x00001967,6503
121856,0x00001a59,6745
122880,0x00001ae7,6887
123904,0x00001a61,6753
124928,0x00001a93,6803
125952,0x00001a32,6706
126976,0x00001a73,6771
128000,0x000018e7,6375
129024,0x00001808,6152
130048,0x000017ce,6094
131072,0x000016bb,5819
132096,0x00001564,5476
133120,0x00001392,5010
134144,0x000011e9,4585
135168,0x00001037,4151
136192,0x00000e16,3606
137216,0x00000c42,3138
138240,0x00000b20,2848
139264,0x00000941,2369
140288,0x000007ff,2047
141312,0x000006c0,1728
142336,0x000006a7,1703
143360,0x000004bc,1212
144384,0x00000410,1040
145408,0x000003c0,960
146432,0x000002f1,753
147456,0x000002c3,707
148480,0x0000022b,555
149504,0x00000209,521
150528,0x000002b2,690
151552,0x000002ce,718
152576,0x000001dd,477
153600,0x000001f1,497
154624,0x00000224,548
155648,0x0000021a,538
156672,0x0000019e,414
157696,0x00000185,389
158720,0x00000184,388
159744,0x00000284,644
160768,0x000001e0,480
161792,0x00000142,322
162816,0x000001a6,422
163840,0x00000144,324
164864,0x000000e3,227
165888,0x000000d9,217
166912,0x000000d0,208
167936,0x0000009f,159
168960,0x000000a6,166
169984,0x00000081,129
171008,0x00000071,113
172032,0x000000a7,167
173056,0x00000089,137
174080,0x00000060,96
175104,0x00000056,86
176128,0x0000004d,77
177152,0x00000052,82
178176,0x0000003a,58
179200,0x00000038,56
180224,0x00000043,67
181248,0x0000004c,76
182272,0x00000042,66
183296,0x0000004b,75
184320,0x0000004d,77
185344,0x0000005a,90
186368,0x00000062,98
187392,0x0000004d,77
188416,0x00000053,83
189440,0x00000057,87
190464,0x00000058,88
191488,0x00000066,102
192512,0x00000057,87
193536,0x00000049,73
194560,0x00000054,84
195584,0x00000054,84
196608,0x00000053,83
197632,0x00000059,89
198656,0x00000062,98
199680,0x0000005e,94
200704,0x0000004b,75
201728,0x0000004f,79
202752,0x0000004f,79
203776,0x00000050,80
204800,0x00000054,84
205824,0x00000049,73
206848,0x00000047,71
207872,0x00000058,88
208896,0x00000053,83
209920,0x0000004f,79
210944,0x00000051,81
211968,0x00000055,85
212992,0x00000045,69
214016,0x0000004e,78
215040,0x0000004a,74
216064,0x0000003f,63
217088,0x00000049,73
218112,0x00000048,72
219136,0x00000051,81
220160,0x0000005d,93
221184,0x0000004c,76
222208,0x0000004e,78
223232,0x00000039,57
224256,0x00000052,82
225280,0x00000062,98
226304,0x00000059,89
227328,0x0000006e,110
228352,0x00000072,114
229376,0x00000068,104
230400,0x0000008a,138
231424,0x0000006f,111
232448,0x00000062,98
233472,0x00000083,131
234496,0x00000066,102
235520,0x00000060,96
236544,0x0000006c,108
237568,0x0000006d,109
238592,0x00000067,103
239616,0x00000078,120
240640,0x00000076,118
241664,0x00000078,120
242688,0x00000072,114
243712,0x00000066,102
244736,0x00000070,112
245760,0x0000006f,111
246784,0x0000005e,94
247808,0x00000043,67
248832,0x00000069,105
249856,0x000000ca,202
250880,0x000001c5,453
251904,0x0000042e,1070
252928,0x00000845,2117
253952,0x00001197,4503
254976,0x00002356,9046
256000,0x000033fa,13306
257024,0x00003ee1,16097
258048,0x00004480,17536
259072,0x00004381,17281
260096,0x00004083,16515
261120,0x00003aa4,15012
262144,0x000031e6,12774
263168,0x00002a93,10899
264192,0x000024e0,9440
265216,0x00001ffe,8190
266240,0x00001c18,7192
267264,0x00001a4f,6735
268288,0x0000187c,6268
269312,0x00001430,5168
270336,0x00000f4c,3916
271360,0x00000bb4,2996
272384,0x000008b6,2230
273408,0x000006a8,1704
274432,0x000004ef,1263
275456,0x000003b7,951
276480,0x000002fe,766
277504,0x0000024d,589
278528,0x000001e4,484
279552,0x00000169,361
280576,0x00000114,276
281600,0x00000111,273
282624,0x000000cc,204
283648,0x000000b3,179
284672,0x000000c1,193
285696,0x000000ab,171
286720,0x0000009e,158
287744,0x00000071,113
288768,0x0000007b,123
289792,0x0000007c,124
290816,0x00000077,119
291840,0x00000072,114
292864,0x0000006b,107
293888,0x0000006b,107
294912,0x0000007f,127
295936,0x0000006c,108
296960,0x00000086,134
297984,0x0000008f,143
299008,0x00000068,104
300032,0x00000070,112
301056,0x0000006b,107
302080,0x00000089,137
303104,0x00000074,116
304128,0x00000072,114
305152,0x00000082,130
306176,0x00000078,120
307200,0x00000086,134
308224,0x00000064,100
309248,0x00000066,102
310272,0x00000051,81
311296,0x0000004e,78
312320,0x00000053,83
313344,0x00000037,55
314368,0x00000040,64
315392,0x00000034,52
316416,0x0000002c,44
317440,0x0000002f,47
318464,0x00000021,33
319488,0x00000013,19
320512,0x0000001c,28
321536,0x0000001c,28
322560,0x00000015,21
323584,0x0000000d,13
324608,0x0000000a,10
325632,0x00000013,19
326656,0x0000000c,12
327680,0x00000005,5
328704,0x0000000a,10
329728,0x00000006,6
330752,0x00000005,5
331776,0x00000005,5
332800,0x00000000,0
333824,0x00000004,4
334848,0x00000007,7
335872,0x00000003,3
336896,0x00000004,4
337920,0x00000008,8
338944,0x00000004,4
339968,0x00000006,6
340992,0x00000006,6
342016,0x00000006,6
343040,0x00000005,5
344064,0x00000006,6
345088,0x00000006,6
346112,0x00000008,8
347136,0x00000007,7
348160,0x00000007,7
349184,0x00000005,5
350208,0x00000004,4
351232,0x00000003,3
352256,0x00000005,5
353280,0x0000000b,11
354304,0x00000003,3
355328,0x00000005,5
356352,0x00000009,9
357376,0x00000002,2
358400,0x00000007,7
359424,0x00000004,4
360448,0x00000003,3
361472,0x00000004,4
362496,0x00000003,3
363520,0x00000005,5
364544,0x00000004,4
365568,0x00000006,6
366592,0x00000005,5
367616,0x00000006,6
368640,0x00000007,7
369664,0x00000006,6
370688,0x00000005,5
371712,0x0000000b,11
372736,0x00000005,5
373760,0x00000004,4
374784,0x00000007,7
375808,0x00000003,3
376832,0x00000006,6
377856,0x00000008,8
378880,0x00000005,5
379904,0x0000000b,11
380928,0x00000008,8
381952,0x00000009,9
382976,0x00000003,3
384000,0x00000007,7
385024,0x00000005,5
386048,0x00000006,6
387072,0x00000002,2
388096,0x00000009,9
389120,0x00000005,5
390144,0x0000000b,11
391168,0x0000000b,11
392192,0x00000006,6
393216,0x00000007,7
394240,0x00000004,4
395264,0x00000008,8
396288,0x0000000f,15
397312,0x00000006,6
398336,0x00000003,3
399360,0x00000007,7
400384,0x0000000b,11
401408,0x00000008,8
402432,0x00000007,7
403456,0x0000000b,11
404480,0x00000007,7
405504,0x00000005,5
406528,0x00000009,9
407552,0x00000009,9
408576,0x00000006,6
409600,0x00000003,3
410624,0x0000000c,12
411648,0x00000002,2
412672,0x00000005,5
413696,0x0000000d,13
414720,0x0000000a,10
415744,0x0000000c,12
416768,0x00000009,9
417792,0x00000008,8
418816,0x00000004,4
419840,0x00000008,8
420864,0x00000009,9
421888,0x00000008,8
422912,0x0000000b,11
423936,0x00000008,8
424960,0x00000009,9
425984,0x00000007,7
427008,0x00000005,5
428032,0x00000009,9
429056,0x0000000c,12
430080,0x0000000b,11
431104,0x0000000a,10
432128,0x0000000c,12
433152,0x00000010,16
434176,0x00000009,9
435200,0x00000009,9
436224,0x0000000c,12
437248,0x0000000c,12
438272,0x00000007,7
439296,0x00000004,4
440320,0x00000007,7
441344,0x00000005,5
442368,0x00000008,8
443392,0x00000008,8
444416,0x0000000b,11
445440,0x00000006,6
446464,0x0000000f,15
447488,0x0000000a,10
448512,0x00000007,7
449536,0x00000008,8
450560,0x00000009,9
451584,0x00000007,7
452608,0x0000000e,14
453632,0x0000000e,14
454656,0x00000002,2
455680,0x0000000b,11
456704,0x00000009,9
457728,0x00000007,7
458752,0x0000000c,12
459776,0x00000002,2
460800,0x00000006,6
461824,0x00000004,4
462848,0x00000009,9
463872,0x00000003,3
464896,0x00000006,6
465920,0x0000000a,10
466944,0x00000008,8
467968,0x00000004,4
468992,0x00000006,6
470016,0x00000007,7
471040,0x00000006,6
472064,0x00000003,3
473088,0x00000005,5
474112,0x00000007,7
475136,0x00000006,6
476160,0x00000005,5
477184,0x00000002,2
478208,0x00000007,7
479232,0x00000001,1
480256,0x0000000b,11
481280,0x00000002,2
482304,0x00000006,6
483328,0x00000007,7
484352,0x00000009,9
485376,0x00000009,9
486400,0x00000006,6
487424,0x0000000b,11
488448,0x00000007,7
489472,0x00000007,7
490496,0x00000005,5
491520,0x00000001,1
492544,0x00000003,3
493568,0x00000003,3
494592,0x0000000b,11
495616,0x00000005,5
496640,0x00000007,7
497664,0x00000006,6
498688,0x00000006,6
499712,0x00000006,6
500736,0x00000003,3
501760,0x00000004,4
502784,0x00000001,1
503808,0x00000002,2
504832,0x00000002,2
505856,0x00000002,2
506880,0x00000006,6
507904,0x00000002,2
508928,0x00000003,3
509952,0x00000002,2
510976,0x00000004,4
512000,0x00000002,2
513024,0x00000001,1
514048,0x00000003,3
515072,0x00000003,3
516096,0x00000002,2
517120,0x00000000,0
518144,0x00000002,2
519168,0x00000002,2
520192,0x00000001,1
521216,0x00000002,2
522240,0x00000002,2
523264,0x00000002,2
524288,0x00000002,2
525312,0x00000003,3
526336,0x00000001,1
527360,0x00000002,2
528384,0x00000001,1
529408,0x00000003,3
530432,0x00000003,3
531456,0x00000001,1
532480,0x00000002,2
533504,0x00000002,2
534528,0x00000003,3
535552,0x00000004,4
536576,0x00000005,5
537600,0x00000001,1
538624,0x00000004,4
539648,0x00000001,1
540672,0x00000004,4
541696,0x00000004,4
542720,0x00000002,2
543744,0x00000002,2
544768,0x00000001,1
545792,0x00000001,1
546816,0x00000002,2
547840,0x00000003,3
548864,0x00000003,3
549888,0x00000006,6
550912,0x00000003,3
551936,0x00000005,5
552960,0x00000003,3
553984,0x00000002,2
555008,0x00000000,0
556032,0x00000001,1
557056,0x00000004,4
558080,0x00000003,3
559104,0x00000004,4
560128,0x00000000,0
561152,0x00000003,3
562176,0x00000006,6
563200,0x00000002,2
564224,0x00000002,2
565248,0x00000002,2
566272,0x00000002,2
567296,0x00000002,2
568320,0x00000002,2
569344,0x00000001,1
570368,0x00000001,1
571392,0x00000000,0
572416,0x00000002,2
573440,0x00000001,1
574464,0x00000000,0
575488,0x00000002,2
576512,0x00000004,4
577536,0x00000005,5
578560,0x00000005,5
579584,0x00000003,3
580608,0x00000002,2
581632,0x00000002,2
582656,0x00000001,1
583680,0x00000001,1
584704,0x00000002,2
585728,0x00000004,4
586752,0x00000001,1
587776,0x00000001,1
588800,0x00000001,1
589824,0x00000002,2
590848,0x00000001,1
591872,0x00000001,1
592896,0x00000001,1
593920,0x00000001,1
594944,0x00000003,3
595968,0x00000004,4
596992,0x00000000,0
598016,0x00000002,2
599040,0x00000001,1
600064,0x00000001,1
601088,0x00000004,4
602112,0x00000004,4
603136,0x00000002,2
604160,0x00000005,5
605184,0x00000004,4
606208,0x00000005,5
607232,0x00000001,1
608256,0x00000003,3
609280,0x00000001,1
610304,0x00000007,7
611328,0x00000001,1
612352,0x00000002,2
613376,0x00000002,2
614400,0x00000000,0
615424,0x00000002,2
616448,0x00000001,1
617472,0x00000002,2
618496,0x00000002,2
619520,0x00000001,1
620544,0x00000001,1
621568,0x00000003,3
622592,0x00000000,0
623616,0x00000000,0
624640,0x00000003,3
625664,0x00000000,0
626688,0x00000002,2
627712,0x00000001,1
628736,0x00000002,2
629760,0x00000002,2
630784,0x00000001,1
631808,0x00000004,4
632832,0x00000004,4
633856,0x00000002,2
634880,0x00000002,2
635904,0x00000001,1
636928,0x00000003,3
637952,0x00000002,2
638976,0x00000004,4
640000,0x00000003,3
641024,0x00000003,3
642048,0x00000002,2
643072,0x00000001,1
644096,0x00000003,3
645120,0x00000002,2
646144,0x00000000,0
647168,0x00000001,1
648192,0x00000002,2
649216,0x00000002,2
650240,0x00000001,1
651264,0x00000005,5
652288,0x00000002,2
653312,0x00000001,1
654336,0x00000004,4
655360,0x00000005,5
656384,0x00000000,0
657408,0x00000002,2
658432,0x00000004,4
659456,0x00000000,0
660480,0x00000003,3
661504,0x00000002,2
662528,0x00000002,2
663552,0x00000000,0
664576,0x00000002,2
665600,0x00000003,3
666624,0x00000002,2
667648,0x00000001,1
668672,0x00000000,0
669696,0x00000001,1
670720,0x00000001,1
671744,0x00000001,1
672768,0x00000002,2
673792,0x00000004,4
674816,0x00000002,2
675840,0x00000002,2
676864,0x00000004,4
677888,0x00000003,3
678912,0x00000004,4
679936,0x00000003,3
680960,0x00000000,0
681984,0x00000001,1
683008,0x00000002,2
684032,0x00000003,3
685056,0x00000001,1
686080,0x00000001,1
687104,0x00000001,1
688128,0x00000002,2
689152,0x00000001,1
690176,0x00000000,0
691200,0x00000003,3
692224,0x00000001,1
693248,0x00000001,1
694272,0x00000002,2
695296,0x00000001,1
696320,0x00000003,3
697344,0x00000002,2
698368,0x00000003,3
699392,0x00000001,1
700416,0x00000000,0
701440,0x00000002,2
702464,0x00000002,2
703488,0x00000004,4
704512,0x00000001,1
705536,0x00000005,5
706560,0x00000002,2
707584,0x00000001,1
708608,0x00000002,2
709632,0x00000006,6
710656,0x00000001,1
711680,0x00000002,2
712704,0x00000002,2
713728,0x00000001,1
714752,0x00000003,3
715776,0x00000003,3
716800,0x00000002,2
717824,0x00000003,3
718848,0x00000004,4
719872,0x00000001,1
720896,0x00000000,0
721920,0x00000003,3
722944,0x00000004,4
723968,0x00000001,1
724992,0x00000003,3
726016,0x00000002,2
727040,0x00000005,5
728064,0x00000003,3
729088,0x00000002,2
730112,0x00000003,3
731136,0x00000000,0
732160,0x00000000,0
733184,0x00000005,5
734208,0x00000002,2
735232,0x00000004,4
736256,0x00000001,1
737280,0x00000005,5
738304,0x00000000,0
739328,0x00000006,6
740352,0x00000004,4
741376,0x00000001,1
742400,0x00000001,1
743424,0x00000002,2
744448,0x00000002,2
745472,0x00000003,3
746496,0x00000001,1
747520,0x00000001,1
748544,0x00000002,2
749568,0x00000002,2
750592,0x00000004,4
751616,0x00000001,1
752640,0x00000003,3
753664,0x00000003,3
754688,0x00000001,1
755712,0x00000000,0
756736,0x00000003,3
757760,0x00000004,4
758784,0x00000003,3
759808,0x00000001,1
760832,0x00000004,4
761856,0x00000004,4
762880,0x00000002,2
763904,0x00000002,2
764928,0x00000004,4
765952,0x00000002,2
766976,0x00000000,0
768000,0x00000006,6
769024,0x00000001,1
770048,0x00000006,6
771072,0x00000001,1
772096,0x00000003,3
773120,0x00000005,5
774144,0x00000004,4
775168,0x00000004,4
776192,0x00000003,3
777216,0x00000000,0
778240,0x00000003,3
779264,0x00000002,2
780288,0x00000003,3
781312,0x00000003,3
782336,0x00000000,0
783360,0x00000005,5
784384,0x00000000,0
785408,0x00000005,5
786432,0x00000004,4
787456,0x00000001,1
788480,0x00000004,4
789504,0x00000005,5
790528,0x00000003,3
791552,0x00000006,6
792576,0x00000003,3
793600,0x00000006,6
794624,0x00000006,6
795648,0x00000003,3
796672,0x00000003,3
797696,0x00000003,3
798720,0x00000007,7
799744,0x00000006,6
800768,0x00000004,4
801792,0x00000006,6
802816,0x00000005,5
803840,0x00000004,4
804864,0x00000004,4
805888,0x00000001,1
806912,0x00000004,4
807936,0x00000007,7
808960,0x00000001,1
809984,0x00000002,2
811008,0x00000005,5
812032,0x00000003,3
813056,0x00000004,4
814080,0x00000001,1
815104,0x00000004,4
816128,0x00000003,3
817152,0x00000001,1
818176,0x00000004,4
819200,0x00000004,4
820224,0x00000002,2
821248,0x00000002,2
822272,0x00000001,1
823296,0x00000005,5
824320,0x00000003,3
825344,0x00000003,3
826368,0x00000003,3
827392,0x00000004,4
828416,0x00000004,4
829440,0x00000000,0
830464,0x00000002,2
831488,0x00000004,4
832512,0x00000001,1
833536,0x00000001,1
834560,0x00000000,0
835584,0x00000001,1
836608,0x00000003,3
837632,0x00000001,1
838656,0x00000005,5
839680,0x00000002,2
840704,0x00000002,2
841728,0x00000003,3
842752,0x00000001,1
843776,0x00000002,2
844800,0x00000002,2
845824,0x00000002,2
846848,0x00000000,0
847872,0x00000003,3
848896,0x00000001,1
849920,0x00000002,2
850944,0x00000000,0
851968,0x00000002,2
852992,0x00000001,1
854016,0x00000002,2
855040,0x00000003,3
856064,0x00000003,3
857088,0x00000000,0
858112,0x00000002,2
859136,0x00000001,1
860160,0x00000000,0
861184,0x00000005,5
862208,0x00000003,3
863232,0x00000000,0
864256,0x00000003,3
865280,0x00000003,3
866304,0x00000006,6
867328,0x00000001,1
868352,0x00000001,1
869376,0x00000002,2
870400,0x00000001,1
871424,0x00000004,4
872448,0x00000004,4
873472,0x00000003,3
874496,0x00000002,2
875520,0x00000002,2
876544,0x00000003,3
877568,0x00000001,1
878592,0x00000004,4
879616,0x00000003,3
880640,0x00000003,3
881664,0x00000005,5
882688,0x00000004,4
883712,0x00000000,0
884736,0x00000003,3
885760,0x00000001,1
886784,0x00000001,1
887808,0x00000003,3
888832,0x00000004,4
889856,0x00000003,3
890880,0x00000004,4
891904,0x00000000,0
892928,0x00000000,0
893952,0x00000001,1
894976,0x00000000,0
896000,0x00000001,1
897024,0x00000003,3
898048,0x00000003,3
899072,0x00000002,2
900096,0x00000002,2
901120,0x00000002,2
902144,0x00000002,2
903168,0x00000001,1
904192,0x00000003,3
905216,0x00000002,2
906240,0x00000002,2
907264,0x00000002,2
908288,0x00000000,0
909312,0x00000004,4
910336,0x00000003,3
911360,0x00000002,2
912384,0x00000002,2
913408,0x00000002,2
914432,0x00000004,4
915456,0x00000002,2
916480,0x00000002,2
917504,0x00000004,4
918528,0x00000002,2
919552,0x00000003,3
920576,0x00000002,2
921600,0x00000002,2
922624,0x00000002,2
923648,0x00000002,2
924672,0x00000001,1
925696,0x00000001,1
926720,0x00000000,0
927744,0x00000000,0
928768,0x00000002,2
929792,0x00000003,3
930816,0x00000003,3
931840,0x00000001,1
932864,0x00000004,4
933888,0x00000004,4
934912,0x00000001,1
935936,0x00000006,6
936960,0x00000004,4
937984,0x00000003,3
939008,0x00000000,0
940032,0x00000003,3
941056,0x00000000,0
942080,0x00000001,1
943104,0x00000004,4
944128,0x00000002,2
945152,0x00000002,2
946176,0x00000000,0
947200,0x00000005,5
948224,0x00000002,2
949248,0x00000001,1
950272,0x00000002,2
951296,0x00000002,2
952320,0x00000003,3
953344,0x00000004,4
954368,0x00000008,8
955392,0x00000004,4
956416,0x00000006,6
957440,0x00000003,3
958464,0x00000008,8
959488,0x00000004,4
960512,0x00000003,3
961536,0x00000005,5
962560,0x00000004,4
963584,0x00000004,4
964608,0x00000003,3
965632,0x00000004,4
966656,0x00000002,2
967680,0x00000003,3
968704,0x00000002,2
969728,0x00000005,5
970752,0x00000002,2
971776,0x00000002,2
972800,0x00000002,2
973824,0x00000002,2
974848,0x00000004,4
975872,0x00000000,0
976896,0x00000004,4
977920,0x00000001,1
978944,0x00000004,4
979968,0x00000002,2
980992,0x00000001,1
982016,0x00000000,0
983040,0x00000001,1
984064,0x00000000,0
985088,0x00000001,1
986112,0x00000000,0
987136,0x00000001,1
988160,0x00000001,1
989184,0x00000002,2
990208,0x00000000,0
991232,0x00000000,0
992256,0x00000001,1
993280,0x00000000,0
994304,0x00000001,1
995328,0x00000002,2
996352,0x00000001,1
997376,0x00000002,2
998400,0x00000003,3
999424,0x00000002,2
1000448,0x00000001,1
1001472,0x00000002,2
1002496,0x00000000,0
1003520,0x00000002,2
1004544,0x00000000,0
1005568,0x00000000,0
1006592,0x00000003,3
1007616,0x00000002,2
1008640,0x00000002,2
1009664,0x00000002,2
1010688,0x00000000,0
1011712,0x00000001,1
1012736,0x00000001,1
1013760,0x00000001,1
1014784,0x00000000,0
1015808,0x00000000,0
1016832,0x00000001,1
1017856,0x00000001,1
1018880,0x00000001,1
1019904,0x00000001,1
1020928,0x00000001,1
1021952,0x00000001,1
1022976,0x00000000,0
1024000,0x00000002,2
1025024,0x00000000,0
1026048,0x00000000,0
1027072,0x00000000,0
1028096,0x00000001,1
1029120,0x00000002,2
1030144,0x00000000,0
1031168,0x00000004,4
1032192,0x00000001,1
1033216,0x00000002,2
1034240,0x00000001,1
1035264,0x00000001,1
1036288,0x00000002,2
1037312,0x00000002,2
1038336,0x00000000,0
1039360,0x00000001,1
1040384,0x00000001,1
1041408,0x00000000,0
1042432,0x00000000,0
1043456,0x00000002,2
1044480,0x00000002,2
1045504,0x00000000,0
1046528,0x00000000,0
1047552,0x00000001,1
0,0x00000000,0
1048576,0x00000421,1057
2097152,0x00000270,624
3145728,0x0000015f,351
4194304,0x00000111,273
5242880,0x00000115,277
6291456,0x00000633,1587
7340032,0x0000060c,1548
8388608,0x0000013e,318
9437184,0x000000e8,232
10485760,0x00000030,48
11534336,0x00000025,37
12582912,0x00000047,71
13631488,0x0000001b,27
14680064,0x0000005d,93
15728640,0x00000013,19
16777216,0x0000002a,42
17825792,0x0000002e,46
18874368,0x00000031,49
19922944,0x00000021,33
20971520,0x00000014,20
22020096,0x00000033,51
23068672,0x00000030,48
24117248,0x00000045,69
25165824,0x00000022,34
26214400,0x0000001d,29
27262976,0x00000021,33
28311552,0x00000035,53
29360128,0x00000028,40
30408704,0x00000023,35
31457280,0x00000016,22
32505856,0x00000016,22
33554432,0x0000000a,10
34603008,0x0000000b,11
35651584,0x00000029,41
36700160,0x00000032,50
37748736,0x00000011,17
38797312,0x0000003a,58
39845888,0x00000039,57
40894464,0x00000016,22
41943040,0x0000003a,58
42991616,0x0000002c,44
44040192,0x0000000a,10
45088768,0x0000000f,15
46137344,0x0000000a,10
47185920,0x00000005,5
48234496,0x00000006,6
49283072,0x00000008,8
50331648,0x0000002a,42
51380224,0x00000018,24
52428800,0x00000005,5
53477376,0x00000008,8
54525952,0x00000017,23
55574528,0x0000001b,27
56623104,0x00000016,22
57671680,0x00000005,5
58720256,0x00000010,16
59768832,0x00000045,69
60817408,0x0000000a,10
61865984,0x0000000e,14
62914560,0x00000008,8
63963136,0x0000002c,44
65011712,0x0000006f,111
66060288,0x00000015,21
67108864,0x0000000e,14
68157440,0x00000001,1
69206016,0x0000000d,13
70254592,0x00000017,23
71303168,0x0000000a,10
72351744,0x00000031,49
73400320,0x0000002d,45
74448896,0x00000059,89
75497472,0x0000000f,15
76546048,0x00000009,9
77594624,0x00000008,8
78643200,0x0000000c,12
79691776,0x00000006,6
80740352,0x0000000d,13
81788928,0x0000000f,15
82837504,0x00000009,9
83886080,0x00000014,20
84934656,0x00000003,3
85983232,0x00000005,5
87031808,0x00000016,22
88080384,0x00000012,18
89128960,0x00000015,21
90177536,0x00000004,4
91226112,0x00000005,5
92274688,0x00000015,21
93323264,0x00000014,20
94371840,0x0000000c,12
95420416,0x00000005,5
96468992,0x00000008,8
97517568,0x00000007,7
98566144,0x00000003,3
99614720,0x00000010,16
100663296,0x00000004,4
101711872,0x00000002,2
102760448,0x00000002,2
103809024,0x00000001,1
104857600,0x00000000,0
105906176,0x00000000,0
106954752,0x00000001,1
108003328,0x00000003,3
109051904,0x00000002,2
110100480,0x00000011,17
111149056,0x0000000d,13
112197632,0x00000011,17
113246208,0x00000016,22
114294784,0x00000002,2
115343360,0x00000001,1
116391936,0x00000001,1
117440512,0x00000004,4
118489088,0x00000004,4
119537664,0x00000005,5
120586240,0x00000002,2
121634816,0x00000001,1
122683392,0x00000001,1
123731968,0x00000004,4
124780544,0x00000005,5
125829120,0x00000002,2
126877696,0x00000003,3
127926272,0x00000000,0
128974848,0x00000000,0
130023424,0x00000003,3
131072000,0x00000002,2
132120576,0x00000001,1
133169152,0x00000002,2
134217728,0x00000001,1
135266304,0x00000001,1
136314880,0x00000002,2
137363456,0x00000002,2
138412032,0x00000003,3
139460608,0x00000005,5
140509184,0x00000003,3
141557760,0x00000003,3
142606336,0x0000000b,11
143654912,0x00000013,19
144703488,0x00000001,1
145752064,0x00000001,1
146800640,0x00000001,1
147849216,0x00000004,4
148897792,0x00000002,2
149946368,0x00000000,0
150994944,0x00000000,0
152043520,0x00000001,1
153092096,0x00000001,1
154140672,0x00000000,0
155189248,0x00000001,1
156237824,0x00000001,1
157286400,0x00000002,2
158334976,0x00000002,2
159383552,0x00000000,0
160432128,0x00000001,1
161480704,0x00000001,1
162529280,0x00000000,0
163577856,0x00000000,0
164626432,0x00000001,1
165675008,0x00000002,2
166723584,0x00000000,0
167772160,0x00000002,2
168820736,0x00000000,0
169869312,0x00000000,0
170917888,0x00000000,0
171966464,0x00000000,0
173015040,0x00000000,0
174063616,0x00000000,0
175112192,0x00000000,0
176160768,0x00000000,0
177209344,0x00000000,0
178257920,0x00000000,0
179306496,0x00000000,0
180355072,0x00000000,0
181403648,0x00000001,1
182452224,0x00000001,1
183500800,0x00000000,0
184549376,0x00000000,0
185597952,0x00000000,0
186646528,0x00000000,0
187695104,0x00000000,0
188743680,0x00000001,1
189792256,0x00000003,3
190840832,0x00000000,0
191889408,0x00000001,1
192937984,0x00000000,0
193986560,0x00000000,0
195035136,0x00000001,1
196083712,0x00000000,0
197132288,0x00000000,0
198180864,0x00000006,6
199229440,0x0000000c,12
200278016,0x00000077,119
201326592,0x00000000,0
202375168,0x00000000,0
203423744,0x00000000,0
204472320,0x00000000,0
205520896,0x00000000,0
206569472,0x00000000,0
207618048,0x00000000,0
208666624,0x00000000,0
209715200,0x00000000,0
210763776,0x00000000,0
211812352,0x00000000,0
212860928,0x00000000,0
213909504,0x00000000,0
214958080,0x00000000,0
216006656,0x00000000,0
217055232,0x00000000,0
218103808,0x00000000,0
219152384,0x00000000,0
220200960,0x00000000,0
221249536,0x00000000,0
222298112,0x00000000,0
223346688,0x00000000,0
224395264,0x00000000,0
225443840,0x00000000,0
226492416,0x00000000,0
227540992,0x00000000,0
228589568,0x00000000,0
229638144,0x00000000,0
230686720,0x00000000,0
231735296,0x00000000,0
232783872,0x00000000,0
233832448,0x00000000,0
234881024,0x00000000,0
235929600,0x00000000,0
236978176,0x00000000,0
238026752,0x00000000,0
239075328,0x00000000,0
240123904,0x00000000,0
241172480,0x00000000,0
242221056,0x00000000,0
243269632,0x00000000,0
244318208,0x00000000,0
245366784,0x00000000,0
246415360,0x00000000,0
247463936,0x00000000,0
248512512,0x00000000,0
249561088,0x00000000,0
250609664,0x00000000,0
251658240,0x00000000,0
252706816,0x00000000,0
253755392,0x00000000,0
254803968,0x00000000,0
255852544,0x00000000,0
256901120,0x00000000,0
257949696,0x00000000,0
258998272,0x00000000,0
260046848,0x00000000,0
261095424,0x00000000,0
262144000,0x00000000,0
263192576,0x00000000,0
264241152,0x00000000,0
265289728,0x00000000,0
266338304,0x00000000,0
267386880,0x00000000,0
268435456,0x00000000,0
269484032,0x00000000,0
270532608,0x00000000,0
271581184,0x00000000,0
272629760,0x00000000,0
273678336,0x00000000,0
274726912,0x00000000,0
275775488,0x00000000,0
276824064,0x00000000,0
277872640,0x00000000,0
278921216,0x00000000,0
279969792,0x00000000,0
281018368,0x00000000,0
282066944,0x00000000,0
283115520,0x00000000,0
284164096,0x00000001,1
285212672,0x00000000,0
286261248,0x00000000,0
287309824,0x00000000,0
288358400,0x00000000,0
289406976,0x00000000,0
290455552,0x00000000,0
291504128,0x00000000,0
292552704,0x00000000,0
293601280,0x00000000,0
294649856,0x00000000,0
295698432,0x00000000,0
296747008,0x00000000,0
297795584,0x00000000,0
298844160,0x00000000,0
299892736,0x00000000,0
300941312,0x00000000,0
301989888,0x00000000,0
303038464,0x00000000,0
304087040,0x00000000,0
305135616,0x00000000,0
306184192,0x00000000,0
307232768,0x00000000,0
308281344,0x00000000,0
309329920,0x00000000,0
310378496,0x00000001,1
311427072,0x00000000,0
312475648,0x00000000,0
313524224,0x00000000,0
314572800,0x00000000,0
315621376,0x00000000,0
316669952,0x00000000,0
317718528,0x00000000,0
318767104,0x00000000,0
319815680,0x00000000,0
320864256,0x00000000,0
321912832,0x00000000,0
322961408,0x00000000,0
324009984,0x00000000,0
325058560,0x00000000,0
326107136,0x00000000,0
327155712,0x00000000,0
328204288,0x00000000,0
329252864,0x00000000,0
330301440,0x00000000,0
331350016,0x00000000,0
332398592,0x00000000,0
333447168,0x00000000,0
334495744,0x00000000,0
335544320,0x00000000,0
336592896,0x00000000,0
337641472,0x00000000,0
338690048,0x00000000,0
339738624,0x00000000,0
340787200,0x00000000,0
341835776,0x00000000,0
342884352,0x00000000,0
343932928,0x00000001,1
344981504,0x00000000,0
346030080,0x00000000,0
347078656,0x00000000,0
348127232,0x00000000,0
349175808,0x00000000,0
350224384,0x00000000,0
351272960,0x00000000,0
352321536,0x00000000,0
353370112,0x00000000,0
354418688,0x00000000,0
355467264,0x00000000,0
356515840,0x00000000,0
357564416,0x00000000,0
358612992,0x00000000,0
359661568,0x00000000,0
360710144,0x00000000,0
361758720,0x00000000,0
362807296,0x00000000,0
363855872,0x00000000,0
364904448,0x00000000,0
365953024,0x00000000,0
367001600,0x00000000,0
368050176,0x00000000,0
369098752,0x00000000,0
370147328,0x00000000,0
371195904,0x00000000,0
372244480,0x00000000,0
373293056,0x00000000,0
374341632,0x00000000,0
375390208,0x00000000,0
376438784,0x00000000,0
377487360,0x00000000,0
378535936,0x00000000,0
379584512,0x00000000,0
380633088,0x00000000,0
381681664,0x00000000,0
382730240,0x00000000,0
383778816,0x00000000,0
384827392,0x00000000,0
385875968,0x00000000,0
386924544,0x00000000,0
387973120,0x00000000,0
389021696,0x00000000,0
390070272,0x00000000,0
391118848,0x00000000,0
392167424,0x00000000,0
393216000,0x00000000,0
394264576,0x00000000,0
395313152,0x00000001,1
396361728,0x00000000,0
397410304,0x00000000,0
398458880,0x00000000,0
399507456,0x00000000,0
400556032,0x00000000,0
401604608,0x00000000,0
402653184,0x00000000,0
403701760,0x00000000,0
404750336,0x00000000,0
405798912,0x00000000,0
406847488,0x00000000,0
407896064,0x00000000,0
408944640,0x00000000,0
409993216,0x00000000,0
411041792,0x00000000,0
412090368,0x00000000,0
413138944,0x00000000,0
414187520,0x00000000,0
415236096,0x00000000,0
416284672,0x00000000,0
417333248,0x00000000,0
418381824,0x00000000,0
419430400,0x00000000,0
420478976,0x00000000,0
421527552,0x00000000,0
422576128,0x00000000,0
423624704,0x00000000,0
424673280,0x00000000,0
425721856,0x00000000,0
426770432,0x00000000,0
427819008,0x00000000,0
428867584,0x00000000,0
429916160,0x00000000,0
430964736,0x00000000,0
432013312,0x00000000,0
433061888,0x00000000,0
434110464,0x00000000,0
435159040,0x00000000,0
436207616,0x00000000,0
437256192,0x00000000,0
438304768,0x00000000,0
439353344,0x00000000,0
440401920,0x00000000,0
441450496,0x00000000,0
442499072,0x00000000,0
443547648,0x00000000,0
444596224,0x00000000,0
445644800,0x00000000,0
446693376,0x00000000,0
447741952,0x00000000,0
448790528,0x00000000,0
449839104,0x00000000,0
450887680,0x00000000,0
451936256,0x00000000,0
452984832,0x00000000,0
454033408,0x00000000,0
455081984,0x00000000,0
456130560,0x00000000,0
457179136,0x00000000,0
458227712,0x00000000,0
459276288,0x00000000,0
460324864,0x00000000,0
461373440,0x00000000,0
462422016,0x00000000,0
463470592,0x00000000,0
464519168,0x00000000,0
465567744,0x00000000,0
466616320,0x00000000,0
467664896,0x00000000,0
468713472,0x00000001,1
469762048,0x00000000,0
470810624,0x00000000,0
471859200,0x00000000,0
472907776,0x00000000,0
473956352,0x00000000,0
475004928,0x00000000,0
476053504,0x00000000,0
477102080,0x00000000,0
478150656,0x00000000,0
479199232,0x00000000,0
480247808,0x00000000,0
481296384,0x00000000,0
482344960,0x00000000,0
483393536,0x00000000,0
484442112,0x00000000,0
485490688,0x00000000,0
486539264,0x00000000,0
487587840,0x00000000,0
488636416,0x00000000,0
489684992,0x00000000,0
490733568,0x00000000,0
491782144,0x00000000,0
492830720,0x00000000,0
493879296,0x00000000,0
494927872,0x00000000,0
495976448,0x00000000,0
497025024,0x00000000,0
498073600,0x00000000,0
499122176,0x00000000,0
500170752,0x00000000,0
501219328,0x00000000,0
502267904,0x00000000,0
503316480,0x00000000,0
504365056,0x00000000,0
505413632,0x00000000,0
506462208,0x00000000,0
507510784,0x00000000,0
508559360,0x00000000,0
509607936,0x00000000,0
510656512,0x00000000,0
511705088,0x00000000,0
512753664,0x00000000,0
513802240,0x00000000,0
514850816,0x00000000,0
515899392,0x00000000,0
516947968,0x00000000,0
517996544,0x00000000,0
519045120,0x00000000,0
520093696,0x00000000,0
521142272,0x00000000,0
522190848,0x00000000,0
523239424,0x00000001,1
524288000,0x00000000,0
525336576,0x00000000,0
526385152,0x00000000,0
527433728,0x00000000,0
528482304,0x00000000,0
529530880,0x00000000,0
530579456,0x00000000,0
531628032,0x00000000,0
532676608,0x00000000,0
533725184,0x00000000,0
534773760,0x00000000,0
535822336,0x00000000,0
536870912,0x00000000,0
537919488,0x00000000,0
538968064,0x00000000,0
540016640,0x00000000,0
541065216,0x00000000,0
542113792,0x00000000,0
543162368,0x00000000,0
544210944,0x00000000,0
545259520,0x00000000,0
546308096,0x00000000,0
547356672,0x00000000,0
548405248,0x00000000,0
549453824,0x00000000,0
550502400,0x00000000,0
551550976,0x00000000,0
552599552,0x00000000,0
553648128,0x00000000,0
554696704,0x00000000,0
555745280,0x00000000,0
556793856,0x00000000,0
557842432,0x00000000,0
558891008,0x00000000,0
559939584,0x00000000,0
560988160,0x00000000,0
562036736,0x00000000,0
563085312,0x00000000,0
564133888,0x00000000,0
565182464,0x00000000,0
566231040,0x00000000,0
567279616,0x00000000,0
568328192,0x00000000,0
569376768,0x00000001,1
570425344,0x00000000,0
571473920,0x00000000,0
572522496,0x00000000,0
573571072,0x00000000,0
574619648,0x00000000,0
575668224,0x00000000,0
576716800,0x00000000,0
577765376,0x00000000,0
578813952,0x00000000,0
579862528,0x00000000,0
580911104,0x00000000,0
581959680,0x00000000,0
583008256,0x00000000,0
584056832,0x00000000,0
585105408,0x00000000,0
586153984,0x00000000,0
587202560,0x00000000,0
588251136,0x00000000,0
589299712,0x00000000,0
590348288,0x00000000,0
591396864,0x00000000,0
592445440,0x00000000,0
593494016,0x00000000,0
594542592,0x00000000,0
595591168,0x00000000,0
596639744,0x00000000,0
597688320,0x00000000,0
598736896,0x00000000,0
599785472,0x00000000,0
600834048,0x00000000,0
601882624,0x00000000,0
602931200,0x00000000,0
603979776,0x00000000,0
605028352,0x00000000,0
606076928,0x00000000,0
607125504,0x00000000,0
608174080,0x00000000,0
609222656,0x00000000,0
610271232,0x00000000,0
611319808,0x00000000,0
612368384,0x00000000,0
613416960,0x00000000,0
614465536,0x00000000,0
615514112,0x00000000,0
616562688,0x00000000,0
617611264,0x00000000,0
618659840,0x00000000,0
619708416,0x00000000,0
620756992,0x00000000,0
621805568,0x00000000,0
622854144,0x00000000,0
623902720,0x00000000,0
624951296,0x00000000,0
625999872,0x00000000,0
627048448,0x00000000,0
628097024,0x00000000,0
629145600,0x00000000,0
630194176,0x00000000,0
631242752,0x00000000,0
632291328,0x00000000,0
633339904,0x00000000,0
634388480,0x00000000,0
635437056,0x00000000,0
636485632,0x00000000,0
637534208,0x00000000,0
638582784,0x00000000,0
639631360,0x00000000,0
640679936,0x00000000,0
641728512,0x00000000,0
642777088,0x00000000,0
643825664,0x00000000,0
644874240,0x00000000,0
645922816,0x00000000,0
646971392,0x00000000,0
648019968,0x00000000,0
649068544,0x00000000,0
650117120,0x00000000,0
651165696,0x00000000,0
652214272,0x00000000,0
653262848,0x00000001,1
654311424,0x00000000,0
655360000,0x00000000,0
656408576,0x00000000,0
657457152,0x00000000,0
658505728,0x00000000,0
659554304,0x00000000,0
660602880,0x00000000,0
661651456,0x00000000,0
662700032,0x00000000,0
663748608,0x00000000,0
664797184,0x00000000,0
665845760,0x00000000,0
666894336,0x00000000,0
667942912,0x00000000,0
668991488,0x00000000,0
670040064,0x00000000,0
671088640,0x00000000,0
672137216,0x00000000,0
673185792,0x00000000,0
674234368,0x00000000,0
675282944,0x00000000,0
676331520,0x00000000,0
677380096,0x00000000,0
678428672,0x00000000,0
679477248,0x00000000,0
680525824,0x00000000,0
681574400,0x00000000,0
682622976,0x00000000,0
683671552,0x00000000,0
684720128,0x00000000,0
685768704,0x00000000,0
686817280,0x00000000,0
687865856,0x00000000,0
688914432,0x00000000,0
689963008,0x00000000,0
691011584,0x00000000,0
692060160,0x00000000,0
693108736,0x00000000,0
694157312,0x00000000,0
695205888,0x00000000,0
696254464,0x00000000,0
697303040,0x00000000,0
698351616,0x00000001,1
699400192,0x00000000,0
700448768,0x00000000,0
701497344,0x00000000,0
702545920,0x00000000,0
703594496,0x00000000,0
704643072,0x00000000,0
705691648,0x00000000,0
706740224,0x00000000,0
707788800,0x00000000,0
708837376,0x00000000,0
709885952,0x00000000,0
710934528,0x00000000,0
711983104,0x00000000,0
713031680,0x00000000,0
714080256,0x00000000,0
715128832,0x00000000,0
716177408,0x00000000,0
717225984,0x00000000,0
718274560,0x00000000,0
719323136,0x00000000,0
720371712,0x00000000,0
721420288,0x00000000,0
722468864,0x00000000,0
723517440,0x00000000,0
724566016,0x00000000,0
725614592,0x00000000,0
726663168,0x00000000,0
727711744,0x00000000,0
728760320,0x00000000,0
729808896,0x00000000,0
730857472,0x00000000,0
731906048,0x00000000,0
732954624,0x00000000,0
734003200,0x00000000,0
735051776,0x00000000,0
736100352,0x00000000,0
737148928,0x00000000,0
738197504,0x00000000,0
739246080,0x00000000,0
740294656,0x00000000,0
741343232,0x00000000,0
742391808,0x00000000,0
743440384,0x00000000,0
744488960,0x00000000,0
745537536,0x00000000,0
746586112,0x00000000,0
747634688,0x00000000,0
748683264,0x00000000,0
749731840,0x00000000,0
750780416,0x00000000,0
751828992,0x00000000,0
752877568,0x00000000,0
753926144,0x00000000,0
754974720,0x00000000,0
756023296,0x00000000,0
757071872,0x00000000,0
758120448,0x00000000,0
759169024,0x00000000,0
760217600,0x00000000,0
761266176,0x00000000,0
762314752,0x00000000,0
763363328,0x00000000,0
764411904,0x00000000,0
765460480,0x00000000,0
766509056,0x00000000,0
767557632,0x00000000,0
768606208,0x00000000,0
769654784,0x00000000,0
770703360,0x00000000,0
771751936,0x00000000,0
772800512,0x00000000,0
773849088,0x00000000,0
774897664,0x00000000,0
775946240,0x00000000,0
776994816,0x00000000,0
778043392,0x00000000,0
779091968,0x00000000,0
780140544,0x00000000,0
781189120,0x00000000,0
782237696,0x00000000,0
783286272,0x00000000,0
784334848,0x00000000,0
785383424,0x00000000,0
786432000,0x00000000,0
787480576,0x00000000,0
788529152,0x00000000,0
789577728,0x00000000,0
790626304,0x00000000,0
791674880,0x00000000,0
792723456,0x00000000,0
793772032,0x00000000,0
794820608,0x00000000,0
795869184,0x00000000,0
796917760,0x00000000,0
797966336,0x00000000,0
799014912,0x00000000,0
800063488,0x00000000,0
801112064,0x00000000,0
802160640,0x00000000,0
803209216,0x00000000,0
804257792,0x00000000,0
805306368,0x00000000,0
806354944,0x00000000,0
807403520,0x00000000,0
808452096,0x00000000,0
809500672,0x00000000,0
810549248,0x00000000,0
811597824,0x00000000,0
812646400,0x00000000,0
813694976,0x00000000,0
814743552,0x00000000,0
815792128,0x00000000,0
816840704,0x00000000,0
817889280,0x00000000,0
818937856,0x00000000,0
819986432,0x00000000,0
821035008,0x00000000,0
822083584,0x00000000,0
823132160,0x00000000,0
824180736,0x00000000,0
825229312,0x00000000,0
826277888,0x00000000,0
827326464,0x00000000,0
828375040,0x00000000,0
829423616,0x00000000,0
830472192,0x00000000,0
831520768,0x00000000,0
832569344,0x00000000,0
833617920,0x00000000,0
834666496,0x00000000,0
835715072,0x00000000,0
836763648,0x00000000,0
837812224,0x00000000,0
838860800,0x00000000,0
839909376,0x00000000,0
840957952,0x00000000,0
842006528,0x00000000,0
843055104,0x00000000,0
844103680,0x00000000,0
845152256,0x00000000,0
846200832,0x00000000,0
847249408,0x00000000,0
848297984,0x00000000,0
849346560,0x00000000,0
850395136,0x00000000,0
851443712,0x00000000,0
852492288,0x00000000,0
853540864,0x00000000,0
854589440,0x00000000,0
855638016,0x00000000,0
856686592,0x00000000,0
857735168,0x00000000,0
858783744,0x00000000,0
859832320,0x00000000,0
860880896,0x00000000,0
861929472,0x00000000,0
862978048,0x00000000,0
864026624,0x00000000,0
865075200,0x00000000,0
866123776,0x00000000,0
867172352,0x00000000,0
868220928,0x00000000,0
869269504,0x00000000,0
870318080,0x00000000,0
871366656,0x00000000,0
872415232,0x00000000,0
873463808,0x00000000,0
874512384,0x00000000,0
875560960,0x00000000,0
876609536,0x00000000,0
877658112,0x00000000,0
878706688,0x00000000,0
879755264,0x00000000,0
880803840,0x00000000,0
881852416,0x00000000,0
882900992,0x00000000,0
883949568,0x00000000,0
884998144,0x00000000,0
886046720,0x00000000,0
887095296,0x00000000,0
888143872,0x00000000,0
889192448,0x00000000,0
890241024,0x00000000,0
891289600,0x00000000,0
892338176,0x00000000,0
893386752,0x00000000,0
894435328,0x00000000,0
895483904,0x00000000,0
896532480,0x00000000,0
897581056,0x00000000,0
898629632,0x00000000,0
899678208,0x00000000,0
900726784,0x00000000,0
901775360,0x00000000,0
902823936,0x00000000,0
903872512,0x00000000,0
904921088,0x00000000,0
905969664,0x00000000,0
907018240,0x00000000,0
908066816,0x00000000,0
909115392,0x00000000,0
910163968,0x00000000,0
911212544,0x00000000,0
912261120,0x00000000,0
913309696,0x00000000,0
914358272,0x00000000,0
915406848,0x00000000,0
916455424,0x00000000,0
917504000,0x00000000,0
918552576,0x00000000,0
919601152,0x00000000,0
920649728,0x00000000,0
921698304,0x00000000,0
922746880,0x00000000,0
923795456,0x00000000,0
924844032,0x00000000,0
925892608,0x00000000,0
926941184,0x00000000,0
927989760,0x00000000,0
929038336,0x00000000,0
930086912,0x00000000,0
931135488,0x00000000,0
932184064,0x00000000,0
933232640,0x00000000,0
934281216,0x00000000,0
935329792,0x00000000,0
936378368,0x00000000,0
937426944,0x00000000,0
938475520,0x00000000,0
939524096,0x00000000,0
940572672,0x00000000,0
941621248,0x00000000,0
942669824,0x00000000,0
943718400,0x00000000,0
944766976,0x00000000,0
945815552,0x00000000,0
946864128,0x00000000,0
947912704,0x00000000,0
948961280,0x00000000,0
950009856,0x00000000,0
951058432,0x00000000,0
952107008,0x00000000,0
953155584,0x00000000,0
954204160,0x00000000,0
955252736,0x00000000,0
956301312,0x00000000,0
957349888,0x00000000,0
958398464,0x00000000,0
959447040,0x00000000,0
960495616,0x00000000,0
961544192,0x00000000,0
962592768,0x00000000,0
963641344,0x00000000,0
964689920,0x00000000,0
965738496,0x00000000,0
966787072,0x00000000,0
967835648,0x00000000,0
968884224,0x00000000,0
969932800,0x00000000,0
970981376,0x00000000,0
972029952,0x00000000,0
973078528,0x00000000,0
974127104,0x00000000,0
975175680,0x00000000,0
976224256,0x00000000,0
977272832,0x00000000,0
978321408,0x00000000,0
979369984,0x00000000,0
980418560,0x00000000,0
981467136,0x00000000,0
982515712,0x00000000,0
983564288,0x00000000,0
984612864,0x00000000,0
985661440,0x00000000,0
986710016,0x00000000,0
987758592,0x00000000,0
988807168,0x00000000,0
989855744,0x00000000,0
990904320,0x00000000,0
991952896,0x00000000,0
993001472,0x00000000,0
994050048,0x00000000,0
995098624,0x00000000,0
996147200,0x00000000,0
997195776,0x00000000,0
998244352,0x00000000,0
999292928,0x00000000,0
1000341504,0x00000000,0
1001390080,0x00000000,0
1002438656,0x00000000,0
1003487232,0x00000000,0
1004535808,0x00000000,0
1005584384,0x00000000,0
1006632960,0x00000000,0
1007681536,0x00000000,0
1008730112,0x00000000,0
1009778688,0x00000000,0
1010827264,0x00000000,0
1011875840,0x00000000,0
1012924416,0x00000000,0
1013972992,0x00000000,0
1015021568,0x00000000,0
1016070144,0x00000000,0
1017118720,0x00000000,0
1018167296,0x00000000,0
1019215872,0x00000000,0
1020264448,0x00000000,0
1021313024,0x00000000,0
1022361600,0x00000000,0
1023410176,0x00000000,0
1024458752,0x00000000,0
1025507328,0x00000000,0
1026555904,0x00000000,0
1027604480,0x00000000,0
1028653056,0x00000000,0
1029701632,0x00000000,0
1030750208,0x00000000,0
1031798784,0x00000000,0
1032847360,0x00000000,0
1033895936,0x00000000,0
1034944512,0x00000000,0
1035993088,0x00000000,0
1037041664,0x00000000,0
1038090240,0x00000000,0
1039138816,0x00000000,0
1040187392,0x00000000,0
1041235968,0x00000000,0
1042284544,0x00000000,0
1043333120,0x00000000,0
1044381696,0x00000000,0
1045430272,0x00000000,0
1046478848,0x00000000,0
1047527424,0x00000000,0
1048576000,0x00000000,0
1049624576,0x00000000,0
1050673152,0x00000000,0
1051721728,0x00000000,0
1052770304,0x00000000,0
1053818880,0x00000000,0
1054867456,0x00000000,0
1055916032,0x00000000,0
1056964608,0x00000000,0
1058013184,0x00000000,0
1059061760,0x00000000,0
1060110336,0x00000000,0
1061158912,0x00000000,0
1062207488,0x00000000,0
1063256064,0x00000000,0
1064304640,0x00000000,0
1065353216,0x00000000,0
1066401792,0x00000000,0
1067450368,0x00000000,0
1068498944,0x00000000,0
1069547520,0x00000000,0
1070596096,0x00000000,0
1071644672,0x00000000,0
1072693248,0x00000000,0
1073741824,0x00000000,0
1074790400,0x00000000,0
1075838976,0x00000000,0
1076887552,0x00000000,0
1077936128,0x00000000,0
1078984704,0x00000000,0
1080033280,0x00000000,0
1081081856,0x00000000,0
1082130432,0x00000000,0
1083179008,0x00000000,0
1084227584,0x00000000,0
1085276160,0x00000000,0
1086324736,0x00000000,0
1087373312,0x00000000,0
1088421888,0x00000000,0
1089470464,0x00000000,0
1090519040,0x00000000,0
1091567616,0x00000000,0
1092616192,0x00000000,0
1093664768,0x00000000,0
1094713344,0x00000000,0
1095761920,0x00000000,0
1096810496,0x00000000,0
1097859072,0x00000000,0
1098907648,0x00000000,0
1099956224,0x00000000,0
1101004800,0x00000000,0
1102053376,0x00000000,0
1103101952,0x00000000,0
1104150528,0x00000000,0
1105199104,0x00000000,0
1106247680,0x00000000,0
1107296256,0x00000000,0
1108344832,0x00000000,0
1109393408,0x00000000,0
1110441984,0x00000000,0
1111490560,0x00000000,0
1112539136,0x00000000,0
1113587712,0x00000000,0
1114636288,0x00000000,0
1115684864,0x00000000,0
1116733440,0x00000000,0
1117782016,0x00000000,0
1118830592,0x00000000,0
1119879168,0x00000000,0
1120927744,0x00000000,0
1121976320,0x00000000,0
1123024896,0x00000000,0
1124073472,0x00000000,0
1125122048,0x00000000,0
1126170624,0x00000000,0
1127219200,0x00000000,0
1128267776,0x00000000,0
1129316352,0x00000000,0
1130364928,0x00000000,0
1131413504,0x00000000,0
1132462080,0x00000000,0
1133510656,0x00000000,0
1134559232,0x00000000,0
1135607808,0x00000000,0
1136656384,0x00000000,0
1137704960,0x00000000,0
1138753536,0x00000000,0
1139802112,0x00000000,0
1140850688,0x00000000,0
1141899264,0x00000000,0
1142947840,0x00000000,0
1143996416,0x00000000,0
1145044992,0x00000000,0
1146093568,0x00000000,0
1147142144,0x00000000,0
1148190720,0x00000000,0
1149239296,0x00000000,0
1150287872,0x00000000,0
1151336448,0x00000000,0
1152385024,0x00000000,0
1153433600,0x00000000,0
1154482176,0x00000000,0
1155530752,0x00000000,0
1156579328,0x00000000,0
1157627904,0x00000000,0
1158676480,0x00000000,0
1159725056,0x00000000,0
1160773632,0x00000000,0
1161822208,0x00000000,0
1162870784,0x00000000,0
1163919360,0x00000000,0
1164967936,0x00000000,0
1166016512,0x00000000,0
1167065088,0x00000000,0
1168113664,0x00000000,0
1169162240,0x00000000,0
1170210816,0x00000000,0
1171259392,0x00000000,0
1172307968,0x00000000,0
1173356544,0x00000000,0
1174405120,0x00000000,0
1175453696,0x00000000,0
1176502272,0x00000000,0
1177550848,0x00000000,0
1178599424,0x00000000,0
1179648000,0x00000000,0
1180696576,0x00000000,0
1181745152,0x00000000,0
1182793728,0x00000000,0
1183842304,0x00000000,0
1184890880,0x00000000,0
1185939456,0x00000000,0
1186988032,0x00000000,0
1188036608,0x00000000,0
1189085184,0x00000000,0
1190133760,0x00000000,0
1191182336,0x00000000,0
1192230912,0x00000000,0
1193279488,0x00000000,0
1194328064,0x00000000,0
1195376640,0x00000000,0
1196425216,0x00000000,0
1197473792,0x00000000,0
1198522368,0x00000000,0
1199570944,0x00000000,0
1200619520,0x00000000,0
1201668096,0x00000000,0
1202716672,0x00000000,0
1203765248,0x00000000,0
1204813824,0x00000000,0
1205862400,0x00000000,0
1206910976,0x00000000,0
1207959552,0x00000000,0
1209008128,0x00000000,0
1210056704,0x00000000,0
1211105280,0x00000000,0
1212153856,0x00000000,0
1213202432,0x00000000,0
1214251008,0x00000000,0
1215299584,0x00000000,0
1216348160,0x00000000,0
1217396736,0x00000000,0
1218445312,0x00000000,0
1219493888,0x00000000,0
1220542464,0x00000000,0
1221591040,0x00000000,0
1222639616,0x00000000,0
1223688192,0x00000000,0
1224736768,0x00000000,0
1225785344,0x00000000,0
1226833920,0x00000000,0
1227882496,0x00000000,0
1228931072,0x00000000,0
1229979648,0x00000000,0
1231028224,0x00000000,0
1232076800,0x00000000,0
1233125376,0x00000000,0
1234173952,0x00000000,0
1235222528,0x00000000,0
1236271104,0x00000000,0
1237319680,0x00000000,0
1238368256,0x00000000,0
1239416832,0x00000000,0
1240465408,0x00000000,0
1241513984,0x00000000,0
1242562560,0x00000000,0
1243611136,0x00000000,0
1244659712,0x00000000,0
1245708288,0x00000000,0
1246756864,0x00000000,0
1247805440,0x00000000,0
1248854016,0x00000000,0
1249902592,0x00000000,0
1250951168,0x00000000,0
1251999744,0x00000000,0
1253048320,0x00000000,0
1254096896,0x00000000,0
1255145472,0x00000000,0
1256194048,0x00000000,0
1257242624,0x00000000,0
1258291200,0x00000000,0
1259339776,0x00000000,0
1260388352,0x00000000,0
1261436928,0x00000000,0
1262485504,0x00000000,0
1263534080,0x00000000,0
1264582656,0x00000000,0
1265631232,0x00000000,0
1266679808,0x00000000,0
1267728384,0x00000000,0
1268776960,0x00000000,0
1269825536,0x00000000,0
1270874112,0x00000000,0
1271922688,0x00000000,0
1272971264,0x00000000,0
1274019840,0x00000000,0
1275068416,0x00000000,0
1276116992,0x00000000,0
1277165568,0x00000000,0
1278214144,0x00000000,0
1279262720,0x00000000,0
1280311296,0x00000000,0
1281359872,0x00000000,0
1282408448,0x00000000,0
1283457024,0x00000000,0
1284505600,0x00000000,0
1285554176,0x00000000,0
1286602752,0x00000000,0
1287651328,0x00000000,0
1288699904,0x00000000,0
1289748480,0x00000000,0
1290797056,0x00000000,0
1291845632,0x00000000,0
1292894208,0x00000000,0
1293942784,0x00000000,0
1294991360,0x00000000,0
1296039936,0x00000000,0
1297088512,0x00000000,0
1298137088,0x00000000,0
1299185664,0x00000000,0
1300234240,0x00000000,0
1301282816,0x00000000,0
1302331392,0x00000000,0
1303379968,0x00000000,0
1304428544,0x00000000,0
1305477120,0x00000000,0
1306525696,0x00000000,0
1307574272,0x00000000,0
1308622848,0x00000000,0
1309671424,0x00000000,0
1310720000,0x00000000,0
1311768576,0x00000000,0
1312817152,0x00000000,0
1313865728,0x00000000,0
1314914304,0x00000000,0
1315962880,0x00000000,0
1317011456,0x00000000,0
1318060032,0x00000000,0
1319108608,0x00000000,0
1320157184,0x00000000,0
1321205760,0x00000000,0
1322254336,0x00000000,0
1323302912,0x00000000,0
1324351488,0x00000000,0
1325400064,0x00000000,0
1326448640,0x00000000,0
1327497216,0x00000000,0
1328545792,0x00000000,0
1329594368,0x00000000,0
1330642944,0x00000000,0
1331691520,0x00000000,0
1332740096,0x00000000,0
1333788672,0x00000000,0
1334837248,0x00000000,0
1335885824,0x00000000,0
1336934400,0x00000000,0
1337982976,0x00000000,0
1339031552,0x00000000,0
1340080128,0x00000000,0
1341128704,0x00000000,0
1342177280,0x00000000,0
1343225856,0x00000000,0
1344274432,0x00000000,0
1345323008,0x00000000,0
1346371584,0x00000000,0
1347420160,0x00000000,0
1348468736,0x00000000,0
1349517312,0x00000000,0
1350565888,0x00000000,0
1351614464,0x00000000,0
1352663040,0x00000000,0
1353711616,0x00000000,0
1354760192,0x00000000,0
1355808768,0x00000000,0
1356857344,0x00000000,0
1357905920,0x00000000,0
1358954496,0x00000000,0
1360003072,0x00000000,0
1361051648,0x00000000,0
1362100224,0x00000000,0
1363148800,0x00000000,0
1364197376,0x00000000,0
1365245952,0x00000000,0
1366294528,0x00000000,0
1367343104,0x00000000,0
1368391680,0x00000000,0
1369440256,0x00000000,0
1370488832,0x00000000,0
1371537408,0x00000000,0
1372585984,0x00000000,0
1373634560,0x00000000,0
1374683136,0x00000000,0
1375731712,0x00000000,0
1376780288,0x00000000,0
1377828864,0x00000000,0
1378877440,0x00000000,0
1379926016,0x00000000,0
1380974592,0x00000000,0
1382023168,0x00000000,0
1383071744,0x00000000,0
1384120320,0x00000000,0
1385168896,0x00000000,0
1386217472,0x00000000,0
1387266048,0x00000000,0
1388314624,0x00000000,0
1389363200,0x00000000,0
1390411776,0x00000000,0
1391460352,0x00000000,0
1392508928,0x00000000,0
1393557504,0x00000000,0
1394606080,0x00000000,0
1395654656,0x00000000,0
1396703232,0x00000000,0
1397751808,0x00000000,0
1398800384,0x00000000,0
1399848960,0x00000000,0
1400897536,0x00000000,0
1401946112,0x00000000,0
1402994688,0x00000000,0
1404043264,0x00000000,0
1405091840,0x00000000,0
1406140416,0x00000000,0
1407188992,0x00000000,0
1408237568,0x00000000,0
1409286144,0x00000000,0
1410334720,0x00000000,0
1411383296,0x00000000,0
1412431872,0x00000000,0
1413480448,0x00000000,0
1414529024,0x00000000,0
1415577600,0x00000000,0
1416626176,0x00000000,0
1417674752,0x00000000,0
1418723328,0x00000000,0
1419771904,0x00000000,0
1420820480,0x00000000,0
1421869056,0x00000000,0
1422917632,0x00000000,0
1423966208,0x00000000,0
1425014784,0x00000000,0
1426063360,0x00000000,0
1427111936,0x00000000,0
1428160512,0x00000000,0
1429209088,0x00000000,0
1430257664,0x00000000,0
1431306240,0x00000000,0
1432354816,0x00000000,0
1433403392,0x00000000,0
1434451968,0x00000000,0
1435500544,0x00000000,0
1436549120,0x00000000,0
1437597696,0x00000000,0
1438646272,0x00000000,0
1439694848,0x00000000,0
1440743424,0x00000000,0
1441792000,0x00000000,0
1442840576,0x00000000,0
1443889152,0x00000000,0
1444937728,0x00000000,0
1445986304,0x00000000,0
1447034880,0x00000000,0
1448083456,0x00000000,0
1449132032,0x00000000,0
1450180608,0x00000000,0
1451229184,0x00000000,0
1452277760,0x00000000,0
1453326336,0x00000000,0
1454374912,0x00000000,0
1455423488,0x00000000,0
1456472064,0x00000000,0
1457520640,0x00000000,0
1458569216,0x00000000,0
1459617792,0x00000000,0
1460666368,0x00000000,0
1461714944,0x00000000,0
1462763520,0x00000000,0
1463812096,0x00000000,0
1464860672,0x00000000,0
1465909248,0x00000000,0
1466957824,0x00000000,0
1468006400,0x00000000,0
1469054976,0x00000000,0
1470103552,0x00000000,0
1471152128,0x00000000,0
1472200704,0x00000000,0
1473249280,0x00000000,0
1474297856,0x00000000,0
1475346432,0x00000000,0
1476395008,0x00000000,0
1477443584,0x00000000,0
1478492160,0x00000000,0
1479540736,0x00000000,0
1480589312,0x00000000,0
1481637888,0x00000000,0
1482686464,0x00000000,0
1483735040,0x00000000,0
1484783616,0x00000000,0
1485832192,0x00000000,0
1486880768,0x00000000,0
1487929344,0x00000000,0
1488977920,0x00000000,0
1490026496,0x00000000,0
1491075072,0x00000000,0
1492123648,0x00000000,0
1493172224,0x00000000,0
1494220800,0x00000000,0
1495269376,0x00000000,0
1496317952,0x00000000,0
1497366528,0x00000000,0
1498415104,0x00000000,0
1499463680,0x00000000,0
1500512256,0x00000000,0
1501560832,0x00000000,0
1502609408,0x00000000,0
1503657984,0x00000000,0
1504706560,0x00000000,0
1505755136,0x00000000,0
1506803712,0x00000000,0
1507852288,0x00000000,0
1508900864,0x00000000,0
1509949440,0x00000000,0
1510998016,0x00000000,0
1512046592,0x00000000,0
1513095168,0x00000000,0
1514143744,0x00000000,0
1515192320,0x00000000,0
1516240896,0x00000000,0
1517289472,0x00000000,0
1518338048,0x00000000,0
1519386624,0x00000000,0
1520435200,0x00000000,0
1521483776,0x00000000,0
1522532352,0x00000000,0
1523580928,0x00000000,0
1524629504,0x00000000,0
1525678080,0x00000000,0
1526726656,0x00000000,0
1527775232,0x00000000,0
1528823808,0x00000000,0
1529872384,0x00000000,0
1530920960,0x00000000,0
1531969536,0x00000000,0
1533018112,0x00000000,0
1534066688,0x00000000,0
1535115264,0x00000000,0
1536163840,0x00000000,0
1537212416,0x00000000,0
1538260992,0x00000000,0
1539309568,0x00000000,0
1540358144,0x00000000,0
1541406720,0x00000000,0
1542455296,0x00000000,0
1543503872,0x00000000,0
1544552448,0x00000000,0
1545601024,0x00000000,0
1546649600,0x00000000,0
1547698176,0x00000000,0
1548746752,0x00000000,0
1549795328,0x00000000,0
1550843904,0x00000000,0
1551892480,0x00000000,0
1552941056,0x00000000,0
1553989632,0x00000000,0
1555038208,0x00000000,0
1556086784,0x00000000,0
1557135360,0x00000000,0
1558183936,0x00000000,0
1559232512,0x00000000,0
1560281088,0x00000000,0
1561329664,0x00000000,0
1562378240,0x00000000,0
1563426816,0x00000000,0
1564475392,0x00000000,0
1565523968,0x00000000,0
1566572544,0x00000000,0
1567621120,0x00000000,0
1568669696,0x00000000,0
1569718272,0x00000000,0
1570766848,0x00000000,0
1571815424,0x00000000,0
1572864000,0x00000000,0
1573912576,0x00000000,0
1574961152,0x00000000,0
1576009728,0x00000000,0
1577058304,0x00000000,0
1578106880,0x00000000,0
1579155456,0x00000000,0
1580204032,0x00000000,0
1581252608,0x00000000,0
1582301184,0x00000000,0
1583349760,0x00000000,0
1584398336,0x00000000,0
1585446912,0x00000000,0
1586495488,0x00000000,0
1587544064,0x00000000,0
1588592640,0x00000000,0
1589641216,0x00000000,0
1590689792,0x00000000,0
1591738368,0x00000000,0
1592786944,0x00000000,0
1593835520,0x00000000,0
1594884096,0x00000000,0
1595932672,0x00000000,0
1596981248,0x00000000,0
1598029824,0x00000000,0
1599078400,0x00000000,0
1600126976,0x00000000,0
1601175552,0x00000000,0
1602224128,0x00000000,0
1603272704,0x00000000,0
1604321280,0x00000000,0
1605369856,0x00000000,0
1606418432,0x00000000,0
1607467008,0x00000000,0
1608515584,0x00000000,0
1609564160,0x00000000,0
1610612736,0x00000000,0
1611661312,0x00000000,0
1612709888,0x00000000,0
1613758464,0x00000000,0
1614807040,0x00000000,0
1615855616,0x00000000,0
1616904192,0x00000000,0
1617952768,0x00000000,0
1619001344,0x00000000,0
1620049920,0x00000000,0
1621098496,0x00000000,0
1622147072,0x00000000,0
1623195648,0x00000000,0
1624244224,0x00000000,0
1625292800,0x00000000,0
1626341376,0x00000000,0
1627389952,0x00000000,0
1628438528,0x00000000,0
1629487104,0x00000000,0
1630535680,0x00000000,0
1631584256,0x00000000,0
1632632832,0x00000000,0
1633681408,0x00000000,0
1634729984,0x00000000,0
1635778560,0x00000000,0
1636827136,0x00000000,0
1637875712,0x00000000,0
1638924288,0x00000000,0
1639972864,0x00000000,0
1641021440,0x00000000,0
1642070016,0x00000000,0
1643118592,0x00000000,0
1644167168,0x00000000,0
1645215744,0x00000000,0
1646264320,0x00000000,0
1647312896,0x00000000,0
1648361472,0x00000000,0
1649410048,0x00000000,0
1650458624,0x00000000,0
1651507200,0x00000000,0
1652555776,0x00000000,0
1653604352,0x00000000,0
1654652928,0x00000000,0
1655701504,0x00000000,0
1656750080,0x00000000,0
1657798656,0x00000000,0
1658847232,0x00000000,0
1659895808,0x00000000,0
1660944384,0x00000000,0
1661992960,0x00000000,0
1663041536,0x00000000,0
1664090112,0x00000000,0
1665138688,0x00000000,0
1666187264,0x00000000,0
1667235840,0x00000000,0
1668284416,0x00000000,0
1669332992,0x00000000,0
1670381568,0x00000000,0
1671430144,0x00000000,0
1672478720,0x00000000,0
1673527296,0x00000000,0
1674575872,0x00000000,0
1675624448,0x00000000,0
1676673024,0x00000000,0
1677721600,0x00000000,0
1678770176,0x00000000,0
1679818752,0x00000000,0
1680867328,0x00000000,0
1681915904,0x00000000,0
1682964480,0x00000000,0
1684013056,0x00000000,0
1685061632,0x00000000,0
1686110208,0x00000000,0
1687158784,0x00000000,0
1688207360,0x00000000,0
1689255936,0x00000000,0
1690304512,0x00000000,0
1691353088,0x00000000,0
1692401664,0x00000000,0
1693450240,0x00000000,0
1694498816,0x00000000,0
1695547392,0x00000000,0
1696595968,0x00000000,0
1697644544,0x00000000,0
1698693120,0x00000000,0
1699741696,0x00000000,0
1700790272,0x00000000,0
1701838848,0x00000000,0
1702887424,0x00000000,0
1703936000,0x00000000,0
1704984576,0x00000000,0
1706033152,0x00000000,0
1707081728,0x00000000,0
1708130304,0x00000000,0
1709178880,0x00000000,0
1710227456,0x00000000,0
1711276032,0x00000000,0
1712324608,0x00000000,0
1713373184,0x00000000,0
1714421760,0x00000000,0
1715470336,0x00000000,0
1716518912,0x00000000,0
1717567488,0x00000000,0
1718616064,0x00000000,0
1719664640,0x00000000,0
1720713216,0x00000000,0
1721761792,0x00000000,0
1722810368,0x00000000,0
1723858944,0x00000000,0
1724907520,0x00000000,0
1725956096,0x00000000,0
1727004672,0x00000000,0
1728053248,0x00000000,0
1729101824,0x00000000,0
1730150400,0x00000000,0
1731198976,0x00000000,0
1732247552,0x00000000,0
1733296128,0x00000000,0
1734344704,0x00000000,0
1735393280,0x00000000,0
1736441856,0x00000000,0
1737490432,0x00000000,0
1738539008,0x00000000,0
1739587584,0x00000000,0
1740636160,0x00000000,0
1741684736,0x00000000,0
1742733312,0x00000000,0
1743781888,0x00000000,0
1744830464,0x00000000,0
1745879040,0x00000000,0
1746927616,0x00000000,0
1747976192,0x00000000,0
1749024768,0x00000000,0
1750073344,0x00000000,0
1751121920,0x00000000,0
1752170496,0x00000000,0
1753219072,0x00000000,0
1754267648,0x00000000,0
1755316224,0x00000000,0
1756364800,0x00000000,0
1757413376,0x00000000,0
1758461952,0x00000000,0
1759510528,0x00000000,0
1760559104,0x00000000,0
1761607680,0x00000000,0
1762656256,0x00000000,0
1763704832,0x00000000,0
1764753408,0x00000000,0
1765801984,0x00000000,0
1766850560,0x00000000,0
1767899136,0x00000000,0
1768947712,0x00000000,0
1769996288,0x00000000,0
1771044864,0x00000000,0
1772093440,0x00000000,0
1773142016,0x00000000,0
1774190592,0x00000000,0
1775239168,0x00000000,0
1776287744,0x00000000,0
1777336320,0x00000000,0
1778384896,0x00000000,0
1779433472,0x00000000,0
1780482048,0x00000000,0
1781530624,0x00000000,0
1782579200,0x00000000,0
1783627776,0x00000000,0
1784676352,0x00000000,0
1785724928,0x00000000,0
1786773504,0x00000000,0
1787822080,0x00000000,0
1788870656,0x00000000,0
1789919232,0x00000000,0
1790967808,0x00000000,0
1792016384,0x00000000,0
1793064960,0x00000000,0
1794113536,0x00000000,0
1795162112,0x00000000,0
1796210688,0x00000000,0
1797259264,0x00000000,0
1798307840,0x00000000,0
1799356416,0x00000000,0
1800404992,0x00000000,0
1801453568,0x00000000,0
1802502144,0x00000000,0
1803550720,0x00000000,0
1804599296,0x00000000,0
1805647872,0x00000000,0
1806696448,0x00000000,0
1807745024,0x00000000,0
1808793600,0x00000000,0
1809842176,0x00000000,0
1810890752,0x00000000,0
1811939328,0x00000000,0
1812987904,0x00000000,0
1814036480,0x00000000,0
1815085056,0x00000000,0
1816133632,0x00000000,0
1817182208,0x00000000,0
1818230784,0x00000000,0
1819279360,0x00000000,0
1820327936,0x00000000,0
1821376512,0x00000000,0
1822425088,0x00000000,0
1823473664,0x00000000,0
1824522240,0x00000000,0
1825570816,0x00000000,0
1826619392,0x00000000,0
1827667968,0x00000000,0
1828716544,0x00000000,0
1829765120,0x00000000,0
1830813696,0x00000000,0
1831862272,0x00000000,0
1832910848,0x00000000,0
1833959424,0x00000000,0
1835008000,0x00000000,0
1836056576,0x00000000,0
1837105152,0x00000000,0
1838153728,0x00000000,0
1839202304,0x00000000,0
1840250880,0x00000000,0
1841299456,0x00000000,0
1842348032,0x00000000,0
1843396608,0x00000000,0
1844445184,0x00000000,0
1845493760,0x00000000,0
1846542336,0x00000000,0
1847590912,0x00000000,0
1848639488,0x00000000,0
1849688064,0x00000000,0
1850736640,0x00000000,0
1851785216,0x00000000,0
1852833792,0x00000000,0
1853882368,0x00000000,0
1854930944,0x00000000,0
1855979520,0x00000000,0
1857028096,0x00000000,0
1858076672,0x00000000,0
1859125248,0x00000000,0
1860173824,0x00000000,0
1861222400,0x00000000,0
1862270976,0x00000000,0
1863319552,0x00000000,0
1864368128,0x00000000,0
1865416704,0x00000000,0
1866465280,0x00000000,0
1867513856,0x00000000,0
1868562432,0x00000000,0
1869611008,0x00000000,0
1870659584,0x00000000,0
1871708160,0x00000000,0
1872756736,0x00000000,0
1873805312,0x00000000,0
1874853888,0x00000000,0
1875902464,0x00000000,0
1876951040,0x00000000,0
1877999616,0x00000000,0
1879048192,0x00000000,0
1880096768,0x00000000,0
1881145344,0x00000000,0
1882193920,0x00000000,0
1883242496,0x00000000,0
1884291072,0x00000000,0
1885339648,0x00000000,0
1886388224,0x00000000,0
1887436800,0x00000000,0
1888485376,0x00000000,0
1889533952,0x00000000,0
1890582528,0x00000000,0
1891631104,0x00000000,0
1892679680,0x00000000,0
1893728256,0x00000000,0
1894776832,0x00000000,0
1895825408,0x00000000,0
1896873984,0x00000000,0
1897922560,0x00000000,0
1898971136,0x00000000,0
1900019712,0x00000000,0
1901068288,0x00000000,0
1902116864,0x00000000,0
1903165440,0x00000000,0
1904214016,0x00000000,0
1905262592,0x00000000,0
1906311168,0x00000000,0
1907359744,0x00000000,0
1908408320,0x00000000,0
1909456896,0x00000000,0
1910505472,0x00000000,0
1911554048,0x00000000,0
1912602624,0x00000000,0
1913651200,0x00000000,0
1914699776,0x00000000,0
1915748352,0x00000000,0
1916796928,0x00000000,0
1917845504,0x00000000,0
1918894080,0x00000000,0
1919942656,0x00000000,0
1920991232,0x00000000,0
1922039808,0x00000000,0
1923088384,0x00000000,0
1924136960,0x00000000,0
1925185536,0x00000000,0
1926234112,0x00000000,0
1927282688,0x00000000,0
1928331264,0x00000000,0
1929379840,0x00000000,0
1930428416,0x00000000,0
1931476992,0x00000000,0
1932525568,0x00000000,0
1933574144,0x00000000,0
1934622720,0x00000000,0
1935671296,0x00000000,0
1936719872,0x00000000,0
1937768448,0x00000000,0
1938817024,0x00000000,0
1939865600,0x00000000,0
1940914176,0x00000000,0
1941962752,0x00000000,0
1943011328,0x00000000,0
1944059904,0x00000000,0
1945108480,0x00000000,0
1946157056,0x00000000,0
1947205632,0x00000000,0
1948254208,0x00000000,0
1949302784,0x00000000,0
1950351360,0x00000000,0
1951399936,0x00000000,0
1952448512,0x00000000,0
1953497088,0x00000000,0
1954545664,0x00000000,0
1955594240,0x00000000,0
1956642816,0x00000000,0
1957691392,0x00000000,0
1958739968,0x00000000,0
1959788544,0x00000000,0
1960837120,0x00000000,0
1961885696,0x00000000,0
1962934272,0x00000000,0
1963982848,0x00000000,0
1965031424,0x00000000,0
1966080000,0x00000000,0
1967128576,0x00000000,0
1968177152,0x00000000,0
1969225728,0x00000000,0
1970274304,0x00000000,0
1971322880,0x00000000,0
1972371456,0x00000000,0
1973420032,0x00000000,0
1974468608,0x00000000,0
1975517184,0x00000000,0
1976565760,0x00000000,0
1977614336,0x00000000,0
1978662912,0x00000000,0
1979711488,0x00000000,0
1980760064,0x00000000,0
1981808640,0x00000000,0
1982857216,0x00000000,0
1983905792,0x00000000,0
1984954368,0x00000000,0
1986002944,0x00000000,0
1987051520,0x00000000,0
1988100096,0x00000000,0
1989148672,0x00000000,0
1990197248,0x00000000,0
1991245824,0x00000000,0
1992294400,0x00000000,0
1993342976,0x00000000,0
1994391552,0x00000000,0
1995440128,0x00000000,0
1996488704,0x00000000,0
1997537280,0x00000000,0
1998585856,0x00000000,0
1999634432,0x00000000,0
2000683008,0x00000000,0
2001731584,0x00000000,0
2002780160,0x00000000,0
2003828736,0x00000000,0
2004877312,0x00000000,0
2005925888,0x00000000,0
2006974464,0x00000000,0
2008023040,0x00000000,0
2009071616,0x00000000,0
2010120192,0x00000000,0
2011168768,0x00000000,0
2012217344,0x00000000,0
2013265920,0x00000000,0
2014314496,0x00000000,0
2015363072,0x00000000,0
2016411648,0x00000000,0
2017460224,0x00000000,0
2018508800,0x00000000,0
2019557376,0x00000000,0
2020605952,0x00000000,0
2021654528,0x00000000,0
2022703104,0x00000000,0
2023751680,0x00000000,0
2024800256,0x00000000,0
2025848832,0x00000000,0
2026897408,0x00000000,0
2027945984,0x00000000,0
2028994560,0x00000000,0
2030043136,0x00000000,0
2031091712,0x00000000,0
2032140288,0x00000000,0
2033188864,0x00000000,0
2034237440,0x00000000,0
2035286016,0x00000000,0
2036334592,0x00000000,0
2037383168,0x00000000,0
2038431744,0x00000000,0
2039480320,0x00000000,0
2040528896,0x00000000,0
2041577472,0x00000000,0
2042626048,0x00000000,0
2043674624,0x00000000,0
2044723200,0x00000000,0
2045771776,0x00000000,0
2046820352,0x00000000,0
2047868928,0x00000000,0
2048917504,0x00000000,0
2049966080,0x00000000,0
2051014656,0x00000000,0
2052063232,0x00000000,0
2053111808,0x00000000,0
2054160384,0x00000000,0
2055208960,0x00000000,0
2056257536,0x00000000,0
2057306112,0x00000000,0
2058354688,0x00000000,0
2059403264,0x00000000,0
2060451840,0x00000000,0
2061500416,0x00000000,0
2062548992,0x00000000,0
2063597568,0x00000000,0
2064646144,0x00000000,0
2065694720,0x00000000,0
2066743296,0x00000000,0
2067791872,0x00000000,0
2068840448,0x00000000,0
2069889024,0x00000000,0
2070937600,0x00000000,0
2071986176,0x00000000,0
2073034752,0x00000000,0
2074083328,0x00000000,0
2075131904,0x00000000,0
2076180480,0x00000000,0
2077229056,0x00000000,0
2078277632,0x00000000,0
2079326208,0x00000000,0
2080374784,0x00000000,0
2081423360,0x00000000,0
2082471936,0x00000000,0
2083520512,0x00000000,0
2084569088,0x00000000,0
2085617664,0x00000000,0
2086666240,0x00000000,0
2087714816,0x00000000,0
2088763392,0x00000000,0
2089811968,0x00000000,0
2090860544,0x00000000,0
2091909120,0x00000000,0
2092957696,0x00000000,0
2094006272,0x00000000,0
2095054848,0x00000000,0
2096103424,0x00000000,0
2097152000,0x00000000,0
2098200576,0x00000000,0
2099249152,0x00000000,0
2100297728,0x00000000,0
2101346304,0x00000000,0
2102394880,0x00000000,0
2103443456,0x00000000,0
2104492032,0x00000000,0
2105540608,0x00000000,0
2106589184,0x00000000,0
2107637760,0x00000000,0
2108686336,0x00000000,0
2109734912,0x00000000,0
2110783488,0x00000000,0
2111832064,0x00000000,0
2112880640,0x00000000,0
2113929216,0x00000000,0
2114977792,0x00000000,0
2116026368,0x00000000,0
2117074944,0x00000000,0
2118123520,0x00000000,0
2119172096,0x00000000,0
2120220672,0x00000000,0
2121269248,0x00000000,0
2122317824,0x00000000,0
2123366400,0x00000000,0
2124414976,0x00000000,0
2125463552,0x00000000,0
2126512128,0x00000000,0
2127560704,0x00000000,0
2128609280,0x00000000,0
2129657856,0x00000000,0
2130706432,0x00000000,0
2131755008,0x00000000,0
2132803584,0x00000000,0
2133852160,0x00000000,0
2134900736,0x00000000,0
2135949312,0x00000000,0
2136997888,0x00000000,0
2138046464,0x00000000,0
2139095040,0x00000000,0
2140143616,0x00000000,0
2141192192,0x00000000,0
2142240768,0x00000000,0
2143289344,0x00000000,0
2144337920,0x00000000,0
2145386496,0x00000000,0
2146435072,0x00000000,0
