0,0x0000004a,74
1,0x0000004a,74
2,0x0000004a,74
3,0x0000004a,74
4,0x0000004a,74
5,0x0000004a,74
6,0x0000004a,74
7,0x0000004a,74
8,0x0000003c,60
9,0x0000004a,74
10,0x0000004a,74
11,0x0000004a,74
12,0x0000004a,74
13,0x0000004a,74
14,0x0000004a,74
15,0x0000003c,60
16,0x0000005a,90
17,0x0000004e,78
18,0x0000003c,60
19,0x0000005a,90
20,0x000000a0,160
21,0x0000005a,90
22,0x0000003c,60
23,0x0000003c,60
24,0x0000003c,60
25,0x0000003c,60
26,0x00000046,70
27,0x0000003c,60
28,0x00000094,148
29,0x0000004a,74
30,0x0000004a,74
31,0x0000004a,74
32,0x00000046,70
33,0x0000004a,74
34,0x0000004a,74
35,0x0000003c,60
36,0x0000004a,74
37,0x0000004a,74
38,0x0000004a,74
39,0x0000004a,74
40,0x0000004a,74
41,0x0000004a,74
42,0x0000004a,74
43,0x0000004a,74
44,0x0000004a,74
45,0x0000004a,74
46,0x0000004a,74
47,0x0000004a,74
48,0x0000004a,74
49,0x0000004a,74
50,0x0000004a,74
51,0x0000004a,74
52,0x0000004a,74
53,0x0000004a,74
54,0x0000004a,74
55,0x0000004a,74
56,0x0000004a,74
57,0x0000004a,74
58,0x0000004a,74
59,0x0000004a,74
60,0x0000004a,74
61,0x0000004a,74
62,0x0000004a,74
63,0x0000004a,74
64,0x0000004a,74
65,0x0000005a,90
66,0x0000004a,74
67,0x0000003c,60
68,0x0000004a,74
69,0x0000004a,74
70,0x0000004a,74
71,0x0000004a,74
72,0x0000004a,74
73,0x0000004a,74
74,0x0000003c,60
75,0x0000004a,74
76,0x00000046,70
77,0x0000004a,74
78,0x0000004a,74
79,0x0000004a,74
80,0x0000004a,74
81,0x0000003c,60
82,0x0000004a,74
83,0x0000004a,74
84,0x0000004a,74
85,0x0000004a,74
86,0x0000004a,74
87,0x00000046,70
88,0x0000004a,74
89,0x0000004a,74
90,0x0000003c,60
91,0x0000004a,74
92,0x0000004a,74
93,0x0000004a,74
94,0x0000004a,74
95,0x0000004a,74
96,0x0000004a,74
97,0x0000004a,74
98,0x0000004a,74
99,0x0000004a,74
100,0x0000004a,74
101,0x0000004a,74
102,0x0000004a,74
103,0x0000004a,74
104,0x0000004a,74
105,0x0000004a,74
106,0x0000004a,74
107,0x0000004a,74
108,0x0000004a,74
109,0x0000004a,74
110,0x0000004a,74
111,0x0000004a,74
112,0x0000004a,74
113,0x0000004a,74
114,0x0000004a,74
115,0x0000004a,74
116,0x0000004a,74
117,0x0000004a,74
118,0x0000004a,74
119,0x0000004a,74
120,0x0000004a,74
121,0x0000004a,74
122,0x0000004a,74
123,0x0000004a,74
124,0x0000004a,74
125,0x0000004a,74
126,0x0000004a,74
127,0x0000004a,74
128,0x0000004a,74
129,0x0000004a,74
130,0x0000004a,74
131,0x0000004a,74
132,0x0000004a,74
133,0x0000004a,74
134,0x0000004a,74
135,0x0000004a,74
136,0x0000004a,74
137,0x0000004a,74
138,0x0000004a,74
139,0x0000004a,74
140,0x0000004a,74
141,0x0000004a,74
142,0x0000004a,74
143,0x0000004a,74
144,0x0000004a,74
145,0x0000003c,60
146,0x0000004a,74
147,0x0000004a,74
148,0x0000004a,74
149,0x0000004a,74
150,0x0000004a,74
151,0x0000003c,60
152,0x0000004a,74
153,0x0000004a,74
154,0x0000004a,74
155,0x0000004a,74
156,0x0000004a,74
157,0x0000004a,74
158,0x000000a0,160
159,0x0000004a,74
160,0x0000005a,90
161,0x0000004a,74
162,0x0000004a,74
163,0x0000004a,74
164,0x0000004a,74
165,0x0000004a,74
166,0x0000004a,74
167,0x0000004a,74
168,0x0000003c,60
169,0x0000004a,74
170,0x00000046,70
171,0x0000004a,74
172,0x0000003c,60
173,0x0000004a,74
174,0x0000004a,74
175,0x0000003c,60
176,0x0000004a,74
177,0x0000004a,74
178,0x0000003c,60
179,0x0000004a,74
180,0x0000004a,74
181,0x0000004a,74
182,0x0000003c,60
183,0x0000004a,74
184,0x00000046,70
185,0x0000003c,60
186,0x0000004a,74
187,0x0000004a,74
188,0x0000004a,74
189,0x0000004a,74
190,0x0000004a,74
191,0x0000004a,74
192,0x0000004a,74
193,0x0000004a,74
194,0x0000004a,74
195,0x0000004a,74
196,0x0000004a,74
197,0x0000004a,74
198,0x0000004a,74
199,0x0000004a,74
200,0x0000004a,74
201,0x0000004a,74
202,0x0000004a,74
203,0x0000004a,74
204,0x0000003c,60
205,0x0000004a,74
206,0x0000004a,74
207,0x0000004a,74
208,0x0000004a,74
209,0x0000004a,74
210,0x0000004a,74
211,0x0000004a,74
212,0x0000004a,74
213,0x0000004a,74
214,0x0000004a,74
215,0x0000004a,74
216,0x0000004a,74
217,0x0000004a,74
218,0x0000004a,74
219,0x0000004a,74
220,0x0000004a,74
221,0x0000004a,74
222,0x0000004a,74
223,0x0000004a,74
224,0x0000004a,74
225,0x0000004a,74
226,0x0000004a,74
227,0x0000004a,74
228,0x0000004a,74
229,0x0000004a,74
230,0x0000004a,74
231,0x0000004a,74
232,0x0000004a,74
233,0x0000004a,74
234,0x0000004a,74
235,0x0000004a,74
236,0x0000004a,74
237,0x0000004a,74
238,0x0000004a,74
239,0x0000004a,74
240,0x0000004a,74
241,0x0000004a,74
242,0x0000003c,60
243,0x0000004a,74
244,0x0000004a,74
245,0x0000004a,74
246,0x0000004a,74
247,0x0000004a,74
248,0x0000004a,74
249,0x0000004a,74
250,0x0000003c,60
251,0x0000004a,74
252,0x0000004a,74
253,0x0000004a,74
254,0x0000004a,74
255,0x0000004a,74
256,0x0000004a,74
257,0x0000004a,74
258,0x0000004a,74
259,0x0000004a,74
260,0x0000004a,74
261,0x0000004a,74
262,0x0000004a,74
263,0x0000004a,74
264,0x0000004a,74
265,0x0000004a,74
266,0x0000004a,74
267,0x0000005a,90
268,0x0000004a,74
269,0x0000004a,74
270,0x0000005a,90
271,0x0000004a,74
272,0x0000004e,78
273,0x0000004a,74
274,0x0000004a,74
275,0x0000004a,74
276,0x000000a0,160
277,0x0000004a,74
278,0x0000004a,74
279,0x0000005a,90
280,0x0000003c,60
281,0x0000004a,74
282,0x0000004a,74
283,0x0000004a,74
284,0x0000003c,60
285,0x0000004a,74
286,0x0000004a,74
287,0x0000004a,74
288,0x0000003c,60
289,0x0000004a,74
290,0x0000004a,74
291,0x0000004a,74
292,0x0000004a,74
293,0x0000004a,74
294,0x00000046,70
295,0x0000004a,74
296,0x0000004a,74
297,0x0000003c,60
298,0x0000004a,74
299,0x0000004a,74
300,0x0000004a,74
301,0x0000004a,74
302,0x0000003c,60
303,0x0000004a,74
304,0x0000004a,74
305,0x0000004a,74
306,0x0000004a,74
307,0x0000004a,74
308,0x0000004a,74
309,0x0000004a,74
310,0x0000004a,74
311,0x0000004a,74
312,0x0000004a,74
313,0x0000004a,74
314,0x00000046,70
315,0x0000004a,74
316,0x0000004a,74
317,0x0000004a,74
318,0x0000004a,74
319,0x0000004a,74
320,0x0000004a,74
321,0x0000004a,74
322,0x0000004a,74
323,0x0000003c,60
324,0x0000004a,74
325,0x0000003c,60
326,0x0000004a,74
327,0x0000004a,74
328,0x0000004a,74
329,0x0000004a,74
330,0x0000004a,74
331,0x0000003c,60
332,0x0000004a,74
333,0x0000004a,74
334,0x0000004a,74
335,0x0000004a,74
336,0x0000004a,74
337,0x0000004a,74
338,0x0000004a,74
339,0x0000004a,74
340,0x0000004a,74
341,0x0000004a,74
342,0x0000004a,74
343,0x0000004a,74
344,0x0000004a,74
345,0x0000004a,74
346,0x0000004a,74
347,0x0000004a,74
348,0x0000004a,74
349,0x0000004a,74
350,0x0000004a,74
351,0x0000004a,74
352,0x0000004a,74
353,0x0000004a,74
354,0x0000004a,74
355,0x0000004a,74
356,0x0000004a,74
357,0x0000004a,74
358,0x0000004a,74
359,0x0000004a,74
360,0x0000004a,74
361,0x0000004a,74
362,0x0000004a,74
363,0x0000004a,74
364,0x0000004a,74
365,0x0000004a,74
366,0x0000004a,74
367,0x0000004a,74
368,0x0000004a,74
369,0x0000004a,74
370,0x0000004a,74
371,0x0000004a,74
372,0x0000004a,74
373,0x0000004a,74
374,0x0000004a,74
375,0x0000004a,74
376,0x0000003c,60
377,0x0000004a,74
378,0x0000004a,74
379,0x0000004a,74
380,0x0000003c,60
381,0x0000004a,74
382,0x0000004a,74
383,0x0000004a,74
384,0x0000004a,74
385,0x0000004a,74
386,0x0000004a,74
387,0x0000003c,60
388,0x0000004a,74
389,0x0000004a,74
390,0x0000004a,74
391,0x0000004a,74
392,0x0000004a,74
393,0x0000004a,74
394,0x0000004a,74
395,0x0000004a,74
396,0x0000004a,74
397,0x0000004a,74
398,0x0000004a,74
399,0x0000004a,74
400,0x0000004a,74
401,0x0000004a,74
402,0x0000004a,74
403,0x0000004a,74
404,0x0000004a,74
405,0x0000004a,74
406,0x0000004a,74
407,0x0000004a,74
408,0x0000004a,74
409,0x0000004a,74
410,0x0000004a,74
411,0x0000004a,74
412,0x0000004a,74
413,0x0000004a,74
414,0x0000004a,74
415,0x0000004a,74
416,0x0000004a,74
417,0x0000004a,74
418,0x0000005a,90
419,0x0000005a,90
420,0x0000004a,74
421,0x0000004a,74
422,0x0000004a,74
423,0x0000004a,74
424,0x0000004e,78
425,0x0000004a,74
426,0x0000004a,74
427,0x0000004a,74
428,0x0000003c,60
429,0x0000004a,74
430,0x000000a0,160
431,0x0000005a,90
432,0x0000004a,74
433,0x0000004a,74
434,0x0000004a,74
435,0x0000004a,74
436,0x0000004a,74
437,0x0000003c,60
438,0x0000004a,74
439,0x0000004a,74
440,0x0000004a,74
441,0x0000004a,74
442,0x0000004a,74
443,0x0000004a,74
444,0x0000003c,60
445,0x0000004a,74
446,0x0000004a,74
447,0x0000004a,74
448,0x0000004a,74
449,0x0000004a,74
450,0x0000003c,60
451,0x0000004a,74
452,0x0000004a,74
453,0x0000004a,74
454,0x00000046,70
455,0x0000004a,74
456,0x0000004a,74
457,0x0000004a,74
458,0x0000004a,74
459,0x0000004a,74
460,0x0000003c,60
461,0x0000004a,74
462,0x0000004a,74
463,0x0000004a,74
464,0x0000004a,74
465,0x0000004a,74
466,0x0000004a,74
467,0x0000004a,74
468,0x0000004a,74
469,0x0000004a,74
470,0x0000004a,74
471,0x0000004a,74
472,0x0000004a,74
473,0x0000004a,74
474,0x0000004a,74
475,0x0000003c,60
476,0x0000003c,60
477,0x0000004a,74
478,0x00000046,70
479,0x0000004a,74
480,0x0000004a,74
481,0x0000004a,74
482,0x0000004a,74
483,0x0000004a,74
484,0x0000004a,74
485,0x0000004a,74
486,0x0000004a,74
487,0x0000003c,60
488,0x0000004a,74
489,0x0000004a,74
490,0x0000004a,74
491,0x0000004a,74
492,0x0000003c,60
493,0x0000004a,74
494,0x0000004a,74
495,0x0000004a,74
496,0x0000004a,74
497,0x0000004a,74
498,0x0000004a,74
499,0x0000004a,74
500,0x0000004a,74
501,0x0000004a,74
502,0x0000004a,74
503,0x0000004a,74
504,0x0000004a,74
505,0x0000004a,74
506,0x0000004a,74
507,0x0000004a,74
508,0x0000004a,74
509,0x0000004a,74
510,0x0000004a,74
511,0x0000004a,74
512,0x0000004a,74
513,0x0000004a,74
514,0x0000004a,74
515,0x0000004a,74
516,0x0000004a,74
517,0x0000004a,74
518,0x0000004a,74
519,0x0000004a,74
520,0x0000004a,74
521,0x0000004a,74
522,0x0000004a,74
523,0x0000004a,74
524,0x0000004a,74
525,0x0000003c,60
526,0x0000004a,74
527,0x0000004a,74
528,0x0000004a,74
529,0x0000004a,74
530,0x0000004a,74
531,0x0000004a,74
532,0x0000004a,74
533,0x0000004a,74
534,0x0000004a,74
535,0x0000004a,74
536,0x0000004a,74
537,0x0000004a,74
538,0x0000004a,74
539,0x0000004a,74
540,0x0000004a,74
541,0x0000004a,74
542,0x0000004a,74
543,0x0000004a,74
544,0x0000004a,74
545,0x0000004a,74
546,0x0000004a,74
547,0x0000004a,74
548,0x0000004a,74
549,0x0000004a,74
550,0x0000004a,74
551,0x0000004a,74
552,0x0000004a,74
553,0x0000003c,60
554,0x0000004a,74
555,0x0000004a,74
556,0x0000003c,60
557,0x0000004a,74
558,0x0000004a,74
559,0x0000004a,74
560,0x0000004a,74
561,0x0000004a,74
562,0x0000004a,74
563,0x0000004a,74
564,0x0000004a,74
565,0x0000004a,74
566,0x0000004a,74
567,0x0000004a,74
568,0x0000004a,74
569,0x0000004a,74
570,0x0000004a,74
571,0x0000004a,74
572,0x0000004a,74
573,0x0000004a,74
574,0x0000004a,74
575,0x0000004a,74
576,0x0000004a,74
577,0x0000004a,74
578,0x0000004a,74
579,0x0000004a,74
580,0x0000004a,74
581,0x0000004a,74
582,0x0000004a,74
583,0x0000004a,74
584,0x0000004a,74
585,0x0000004a,74
586,0x0000004a,74
587,0x0000004a,74
588,0x0000003c,60
589,0x0000004a,74
590,0x0000004a,74
591,0x0000004a,74
592,0x0000004a,74
593,0x0000004a,74
594,0x0000004a,74
595,0x0000004a,74
596,0x0000004a,74
597,0x0000004a,74
598,0x0000004a,74
599,0x0000004a,74
600,0x0000004a,74
601,0x0000004a,74
602,0x0000004a,74
603,0x0000004a,74
604,0x0000004a,74
605,0x0000004a,74
606,0x0000004a,74
607,0x0000004a,74
608,0x0000004a,74
609,0x0000004a,74
610,0x0000004a,74
611,0x0000004a,74
612,0x0000003c,60
613,0x0000004a,74
614,0x0000004a,74
615,0x0000004a,74
616,0x0000004a,74
617,0x0000004a,74
618,0x0000004a,74
619,0x0000004a,74
620,0x0000004a,74
621,0x0000004a,74
622,0x0000004a,74
623,0x0000004a,74
624,0x0000004a,74
625,0x0000004a,74
626,0x0000004a,74
627,0x0000004a,74
628,0x0000004a,74
629,0x0000004a,74
630,0x0000004a,74
631,0x0000004a,74
632,0x0000004a,74
633,0x0000004a,74
634,0x0000004a,74
635,0x0000004a,74
636,0x0000004a,74
637,0x0000004a,74
638,0x0000004a,74
639,0x0000004a,74
640,0x0000004a,74
641,0x0000004a,74
642,0x0000004a,74
643,0x0000004a,74
644,0x0000004a,74
645,0x0000004a,74
646,0x0000003c,60
647,0x0000004a,74
648,0x0000004a,74
649,0x0000004a,74
650,0x0000004a,74
651,0x0000003c,60
652,0x0000004a,74
653,0x0000004a,74
654,0x0000004a,74
655,0x0000004a,74
656,0x0000004a,74
657,0x0000004a,74
658,0x0000004a,74
659,0x0000004a,74
660,0x0000004a,74
661,0x0000004a,74
662,0x0000004a,74
663,0x0000004a,74
664,0x0000004a,74
665,0x0000003c,60
666,0x0000004a,74
667,0x0000004a,74
668,0x0000004a,74
669,0x0000004a,74
670,0x0000004a,74
671,0x0000004a,74
672,0x0000004a,74
673,0x0000004a,74
674,0x0000004a,74
675,0x0000004a,74
676,0x0000004a,74
677,0x0000004a,74
678,0x0000004a,74
679,0x0000004a,74
680,0x0000004a,74
681,0x0000003c,60
682,0x0000004a,74
683,0x0000004a,74
684,0x0000004a,74
685,0x0000004a,74
686,0x0000004a,74
687,0x0000004a,74
688,0x0000004a,74
689,0x0000004a,74
690,0x0000004a,74
691,0x0000004a,74
692,0x0000004a,74
693,0x0000004a,74
694,0x0000004a,74
695,0x0000004a,74
696,0x0000003c,60
697,0x0000004a,74
698,0x0000004a,74
699,0x0000004a,74
700,0x0000004a,74
701,0x0000004a,74
702,0x0000004a,74
703,0x0000004a,74
704,0x0000004a,74
705,0x0000004a,74
706,0x0000004a,74
707,0x0000004a,74
708,0x0000004a,74
709,0x0000004a,74
710,0x0000004a,74
711,0x0000004a,74
712,0x0000004a,74
713,0x0000004a,74
714,0x0000004a,74
715,0x0000004a,74
716,0x0000004a,74
717,0x0000004a,74
718,0x0000004a,74
719,0x0000004a,74
720,0x0000004a,74
721,0x0000003c,60
722,0x0000004a,74
723,0x000000a0,160
724,0x0000003c,60
725,0x0000004a,74
726,0x0000004a,74
727,0x0000005a,90
728,0x0000004a,74
729,0x0000004a,74
730,0x0000003c,60
731,0x0000004a,74
732,0x0000004a,74
733,0x0000004a,74
734,0x0000004a,74
735,0x0000003c,60
736,0x0000004a,74
737,0x0000004a,74
738,0x0000004a,74
739,0x0000003c,60
740,0x0000004a,74
741,0x0000004a,74
742,0x0000004a,74
743,0x0000004a,74
744,0x0000004a,74
745,0x0000004a,74
746,0x0000004a,74
747,0x00000046,70
748,0x0000004a,74
749,0x0000004a,74
750,0x0000004a,74
751,0x0000004a,74
752,0x0000004a,74
753,0x0000004a,74
754,0x000000a0,160
755,0x0000005a,90
756,0x0000003c,60
757,0x0000004a,74
758,0x0000004a,74
759,0x0000003c,60
760,0x0000004a,74
761,0x0000004a,74
762,0x0000004a,74
763,0x0000004a,74
764,0x0000004a,74
765,0x0000003c,60
766,0x0000004a,74
767,0x0000003c,60
768,0x0000004a,74
769,0x0000004a,74
770,0x00000046,70
771,0x0000004a,74
772,0x0000004a,74
773,0x0000003c,60
774,0x0000004a,74
775,0x0000004a,74
776,0x0000004a,74
777,0x0000004a,74
778,0x00000046,70
779,0x0000003c,60
780,0x0000004a,74
781,0x0000004a,74
782,0x0000004a,74
783,0x0000004a,74
784,0x0000004a,74
785,0x0000003c,60
786,0x0000004a,74
787,0x0000004a,74
788,0x0000004a,74
789,0x0000004a,74
790,0x0000004a,74
791,0x0000004a,74
792,0x0000004a,74
793,0x0000004a,74
794,0x0000004a,74
795,0x0000004a,74
796,0x0000004a,74
797,0x0000004a,74
798,0x0000004a,74
799,0x0000004a,74
800,0x0000004a,74
801,0x0000004a,74
802,0x0000004a,74
803,0x0000004a,74
804,0x00000046,70
805,0x0000004a,74
806,0x0000004a,74
807,0x0000004a,74
808,0x0000004a,74
809,0x0000004a,74
810,0x0000004a,74
811,0x0000004a,74
812,0x0000004a,74
813,0x0000004a,74
814,0x0000004a,74
815,0x0000004a,74
816,0x0000004a,74
817,0x0000004a,74
818,0x0000004a,74
819,0x0000003c,60
820,0x0000004a,74
821,0x0000004a,74
822,0x0000004a,74
823,0x0000004a,74
824,0x0000004a,74
825,0x0000004a,74
826,0x0000004a,74
827,0x0000004a,74
828,0x0000004a,74
829,0x0000004a,74
830,0x0000004a,74
831,0x0000004a,74
832,0x0000004a,74
833,0x0000004a,74
834,0x0000003c,60
835,0x0000004a,74
836,0x0000004a,74
837,0x0000004a,74
838,0x0000004a,74
839,0x0000004a,74
840,0x0000004a,74
841,0x0000004a,74
842,0x0000004a,74
843,0x0000004a,74
844,0x0000004a,74
845,0x0000004a,74
846,0x0000004a,74
847,0x0000004a,74
848,0x0000004a,74
849,0x0000020b,523
850,0x0000009e,158
851,0x00000042,66
852,0x000000bd,189
853,0x00001330,4912
854,0x000000df,223
855,0x000005dd,1501
856,0x00000042,66
857,0x00000042,66
858,0x000000ae,174
859,0x000000bd,189
860,0x0000004a,74
861,0x00000042,66
862,0x0000004a,74
863,0x0000003c,60
864,0x0000004a,74
865,0x0000004a,74
866,0x0000004a,74
867,0x0000004a,74
868,0x0000004a,74
869,0x0000004a,74
870,0x000000b2,178
871,0x00000095,149
872,0x000000bd,189
873,0x00001330,4912
874,0x000000df,223
875,0x0000062d,1581
876,0x00000042,66
877,0x00000042,66
878,0x000000ae,174
879,0x000000bd,189
880,0x00000042,66
881,0x0000004a,74
882,0x0000004a,74
883,0x0000004a,74
884,0x0000004a,74
885,0x0000004a,74
886,0x0000004a,74
887,0x000000b2,178
888,0x00000084,132
889,0x00000060,96
890,0x000000bd,189
891,0x00001330,4912
892,0x000000de,222
893,0x00000628,1576
894,0x00000042,66
895,0x000000ad,173
896,0x000000bd,189
897,0x00000042,66
898,0x0000004a,74
899,0x0000004a,74
900,0x0000004a,74
901,0x0000004a,74
902,0x0000004a,74
903,0x000000b2,178
904,0x00000042,66
905,0x00000053,83
906,0x000000bd,189
907,0x00001330,4912
908,0x000000de,222
909,0x000005d8,1496
910,0x00000042,66
911,0x00000042,66
912,0x000000ad,173
913,0x000000bd,189
914,0x00000042,66
915,0x0000004a,74
916,0x0000004a,74
917,0x0000004a,74
918,0x0000004a,74
919,0x0000004a,74
920,0x000000b2,178
921,0x00000042,66
922,0x00000053,83
923,0x000000bd,189
924,0x00001330,4912
925,0x000000de,222
926,0x000005d7,1495
927,0x00000042,66
928,0x000000ad,173
929,0x000000bd,189
930,0x00000042,66
931,0x0000004a,74
932,0x0000004a,74
933,0x00000042,66
934,0x000000a5,165
935,0x00000191,401
936,0x0000009e,158
937,0x00000042,66
938,0x000000bd,189
939,0x0000107c,4220
940,0x000000d4,212
941,0x0000058e,1422
942,0x00000042,66
943,0x000000ae,174
944,0x000000bd,189
945,0x00000042,66
946,0x0000004a,74
947,0x0000004a,74
948,0x0000004a,74
949,0x0000004a,74
950,0x000000b2,178
951,0x00000042,66
952,0x00000053,83
953,0x000000bd,189
954,0x00001330,4912
955,0x000000dd,221
956,0x000002b6,694
957,0x00000370,880
958,0x00000042,66
959,0x00000042,66
960,0x000000ad,173
961,0x000000bd,189
962,0x00000042,66
963,0x0000004a,74
964,0x000000b2,178
965,0x00000042,66
966,0x00000053,83
967,0x000000bd,189
968,0x0000107c,4220
969,0x000000d3,211
970,0x00000588,1416
971,0x00000042,66
972,0x00000042,66
973,0x00000042,66
974,0x000000ad,173
975,0x000000bd,189
976,0x00000042,66
977,0x0000004a,74
978,0x0000004a,74
979,0x0000004a,74
980,0x0000004a,74
981,0x000000b2,178
982,0x00000042,66
983,0x00000053,83
984,0x000000bd,189
985,0x00001330,4912
986,0x0000023b,571
987,0x00000481,1153
988,0x00000042,66
989,0x00000042,66
990,0x000000ae,174
991,0x000000bd,189
992,0x00000042,66
993,0x0000004a,74
994,0x0000004a,74
995,0x000000e7,231
996,0x0000017c,380
997,0x0000009e,158
998,0x00000042,66
999,0x000000bd,189
1000,0x0000132f,4911
1001,0x000000d4,212
1002,0x00000159,345
1003,0x00000485,1157
1004,0x00000042,66
1005,0x000000ae,174
1006,0x000000bd,189
1007,0x00000042,66
1008,0x000000b2,178
1009,0x00000095,149
1010,0x000000bd,189
1011,0x0000107c,4220
1012,0x000000d3,211
1013,0x000005d6,1494
1014,0x00000042,66
1015,0x00000042,66
1016,0x000000ad,173
1017,0x000000bd,189
1018,0x00000042,66
1019,0x0000004a,74
1020,0x0000004a,74
1021,0x0000004a,74
1022,0x0000004a,74
1023,0x000000b2,178
1024,0x00000095,149
1025,0x000000bd,189
1026,0x00001330,4912
1027,0x000000de,222
1028,0x0000015b,347
1029,0x000004cb,1227
1030,0x00000042,66
1031,0x000000ad,173
1032,0x000000bd,189
1033,0x00000042,66
1034,0x0000004a,74
1035,0x000000b2,178
1036,0x00000095,149
1037,0x000000bd,189
1038,0x0000132f,4911
1039,0x000000d4,212
1040,0x000004cf,1231
1041,0x0000015d,349
1042,0x00000042,66
1043,0x00000042,66
1044,0x000000ae,174
1045,0x000000bd,189
1046,0x00000042,66
1047,0x000000b2,178
1048,0x00000084,132
1049,0x00000060,96
1050,0x000000bd,189
1051,0x0000107c,4220
1052,0x000000d4,212
1053,0x000005dc,1500
1054,0x00000042,66
1055,0x00000042,66
1056,0x000000ae,174
1057,0x000000bd,189
1058,0x00000042,66
1059,0x0000004a,74
1060,0x0000004a,74
1061,0x0000004a,74
1062,0x0000004a,74
1063,0x000000b2,178
1064,0x00000042,66
1065,0x00000053,83
1066,0x000000bd,189
1067,0x00001330,4912
1068,0x000000de,222
1069,0x0000015c,348
1070,0x0000047c,1148
1071,0x00000042,66
1072,0x00000042,66
1073,0x00000042,66
1074,0x000000ad,173
1075,0x000000bd,189
1076,0x0000004a,74
1077,0x00000042,66
1078,0x000000b2,178
1079,0x00000095,149
1080,0x000000bd,189
1081,0x0000132f,4911
1082,0x000000d3,211
1083,0x000005d8,1496
1084,0x00000042,66
1085,0x000000ad,173
1086,0x000000bd,189
1087,0x00000042,66
1088,0x000000b2,178
1089,0x00000042,66
1090,0x000000a2,162
1091,0x000000bd,189
1092,0x0000107c,4220
1093,0x000000d4,212
1094,0x0000015a,346
1095,0x00000485,1157
1096,0x00000042,66
1097,0x000000ae,174
1098,0x000000bd,189
1099,0x00000042,66
1100,0x0000004a,74
1101,0x0000003c,60
1102,0x0000004a,74
1103,0x0000004a,74
1104,0x0000004a,74
1105,0x0000004a,74
1106,0x000000b2,178
1107,0x00000095,149
1108,0x000000bd,189
1109,0x000011be,4542
1110,0x00000172,370
1111,0x000000dd,221
1112,0x0000015c,348
1113,0x0000047d,1149
1114,0x00000042,66
1115,0x00000042,66
1116,0x000000ad,173
1117,0x000000bd,189
1118,0x0000004a,74
1119,0x0000004a,74
1120,0x00000042,66
1121,0x000000b2,178
1122,0x00000042,66
1123,0x000000a2,162
1124,0x000000bd,189
1125,0x0000132f,4911
1126,0x000000d4,212
1127,0x0000062a,1578
1128,0x00000042,66
1129,0x00000042,66
1130,0x000000ae,174
1131,0x000000bd,189
1132,0x00000042,66
1133,0x0000004a,74
1134,0x00000042,66
1135,0x000001d2,466
1136,0x0000009e,158
1137,0x00000042,66
1138,0x000000bd,189
1139,0x0000132f,4911
1140,0x000000d4,212
1141,0x000002b5,693
1142,0x00000383,899
1143,0x00000042,66
1144,0x00000042,66
1145,0x000000ae,174
1146,0x000000b2,178
1147,0x000001a1,417
1148,0x000000bd,189
1149,0x0000107c,4220
1150,0x000000d3,211
1151,0x00000626,1574
1152,0x00000084,132
1153,0x000000ad,173
1154,0x000000bd,189
1155,0x00000042,66
1156,0x00000042,66
1157,0x0000004a,74
1158,0x0000004a,74
1159,0x0000004a,74
1160,0x0000004a,74
1161,0x000000b2,178
1162,0x00000042,66
1163,0x00000042,66
1164,0x00000053,83
1165,0x0000004a,74
1166,0x000000bd,189
1167,0x00001330,4912
1168,0x000000df,223
1169,0x000005dc,1500
1170,0x00000042,66
1171,0x00000042,66
1172,0x000000ae,174
1173,0x000000bd,189
1174,0x00000042,66
1175,0x000000b2,178
1176,0x00000042,66
1177,0x00000053,83
1178,0x000000bd,189
1179,0x0000132f,4911
1180,0x000000d4,212
1181,0x0000015c,348
1182,0x000003c6,966
1183,0x0000015a,346
1184,0x00000042,66
1185,0x00000042,66
1186,0x000000ae,174
1187,0x000000bd,189
1188,0x00000042,66
1189,0x000000b2,178
1190,0x00000095,149
1191,0x000000bd,189
1192,0x0000132f,4911
1193,0x000000b2,178
1194,0x00000042,66
1195,0x000000a2,162
1196,0x0000022f,559
1197,0x00000482,1154
1198,0x00000042,66
1199,0x000000ae,174
1200,0x000000bd,189
1201,0x000000bd,189
1202,0x0000107c,4220
1203,0x000000d4,212
1204,0x000005db,1499
1205,0x00000042,66
1206,0x000000ae,174
1207,0x000000bd,189
1208,0x00000042,66
1209,0x00000042,66
1210,0x0000004a,74
1211,0x0000004a,74
1212,0x0000004a,74
1213,0x0000004a,74
1214,0x0000004a,74
1215,0x0000004a,74
1216,0x0000004a,74
1217,0x000000b2,178
1218,0x00000042,66
1219,0x00000095,149
1220,0x000000bd,189
1221,0x00001330,4912
1222,0x000000dd,221
1223,0x000005d8,1496
1224,0x00000042,66
1225,0x00000042,66
1226,0x000000ad,173
1227,0x000000bd,189
1228,0x00000042,66
1229,0x000000b2,178
1230,0x00000042,66
1231,0x00000053,83
1232,0x000000bd,189
1233,0x0000132f,4911
1234,0x000000d4,212
1235,0x0000058c,1420
1236,0x00000042,66
1237,0x000000ae,174
1238,0x000000bd,189
1239,0x00000042,66
1240,0x000000b2,178
1241,0x00000042,66
1242,0x00000053,83
1243,0x000000bd,189
1244,0x000000b2,178
1245,0x00000095,149
1246,0x0000132f,4911
1247,0x000000d4,212
1248,0x00000159,345
1249,0x000004d1,1233
1250,0x00000042,66
1251,0x000000ae,174
1252,0x000000bd,189
1253,0x000000bd,189
1254,0x0000107c,4220
1255,0x000000d4,212
1256,0x0000062e,1582
1257,0x00000084,132
1258,0x000000ae,174
1259,0x000000bd,189
1260,0x00000042,66
1261,0x00000042,66
1262,0x0000004a,74
1263,0x0000004a,74
1264,0x0000004a,74
1265,0x0000004a,74
1266,0x0000004a,74
1267,0x0000004a,74
1268,0x000000a1,161
1269,0x00000042,66
1270,0x000000bd,189
1271,0x00001330,4912
1272,0x000000dd,221
1273,0x0000015c,348
1274,0x000004cb,1227
1275,0x00000042,66
1276,0x000000ad,173
1277,0x000000bd,189
1278,0x00000042,66
1279,0x000000b2,178
1280,0x00000042,66
1281,0x00000053,83
1282,0x000000bd,189
1283,0x0000132f,4911
1284,0x000000d4,212
1285,0x000005de,1502
1286,0x00000042,66
1287,0x000000ae,174
1288,0x000000bd,189
1289,0x00000042,66
1290,0x000000b2,178
1291,0x000000d7,215
1292,0x000000bd,189
1293,0x000000b2,178
1294,0x00000095,149
1295,0x0000132f,4911
1296,0x000000bd,189
1297,0x000000d4,212
1298,0x000002b7,695
1299,0x000003c2,962
1300,0x00000042,66
1301,0x000000ae,174
1302,0x000000bd,189
1303,0x0000107c,4220
1304,0x000000d4,212
1305,0x0000062b,1579
1306,0x00000042,66
1307,0x000000ae,174
1308,0x000000bd,189
1309,0x00000042,66
1310,0x0000004a,74
1311,0x00000042,66
1312,0x0000004a,74
1313,0x0000004a,74
1314,0x0000004a,74
1315,0x0000004a,74
1316,0x000000b2,178
1317,0x00000095,149
1318,0x000000bd,189
1319,0x00001330,4912
1320,0x0000023a,570
1321,0x000004d1,1233
1322,0x00000042,66
1323,0x000000ae,174
1324,0x000000bd,189
1325,0x00000042,66
1326,0x000000b2,178
1327,0x00000042,66
1328,0x00000042,66
1329,0x00000060,96
1330,0x000000bd,189
1331,0x0000132f,4911
1332,0x000000d3,211
1333,0x00000159,345
1334,0x00000480,1152
1335,0x00000042,66
1336,0x000000ad,173
1337,0x000000bd,189
1338,0x00000042,66
1339,0x000000b2,178
1340,0x00000095,149
1341,0x000000bd,189
1342,0x000000b2,178
1343,0x00000042,66
1344,0x00000053,83
1345,0x000000bd,189
1346,0x0000132f,4911
1347,0x000000d3,211
1348,0x00000588,1416
1349,0x00000042,66
1350,0x00000042,66
1351,0x000000ad,173
1352,0x000000bd,189
1353,0x0000107c,4220
1354,0x000000d4,212
1355,0x000002b6,694
1356,0x000003c4,964
1357,0x00000042,66
1358,0x000000ae,174
1359,0x000000bd,189
1360,0x0000004a,74
1361,0x00000042,66
1362,0x00000042,66
1363,0x0000004a,74
1364,0x0000004a,74
1365,0x0000020b,523
1366,0x0000009e,158
1367,0x00000042,66
1368,0x000000bd,189
1369,0x0000276b,10091
1370,0x000000df,223
1371,0x0000004a,74
1372,0x0000016e,366
1373,0x00000042,66
1374,0x00000126,294
1375,0x0000133b,4923
1376,0x000046f8,18168
1377,0x00008df0,36336
1378,0x00002f50,12112
1379,0x00008806,34822
1380,0x0000648a,25738
1381,0x0000410e,16654
1382,0x0000ab82,43906
1383,0x00002f50,12112
1384,0x000093da,37850
1385,0x00005ea0,24224
1386,0x0000648a,25738
1387,0x000099c4,39364
1388,0x000003c5,965
1389,0x000000ae,174
1390,0x00001335,4917
1391,0x000000df,223
1392,0x000002b8,696
1393,0x0000037f,895
1394,0x00000042,66
1395,0x000000ae,174
1396,0x0000004a,74
1397,0x00001046,4166
1398,0x00000359,857
1399,0x00000042,66
1400,0x000000ad,173
1401,0x00003cf9,15609
1402,0x000000de,222
1403,0x0000015d,349
1404,0x00000f9d,3997
1405,0x00000042,66
1406,0x00000042,66
1407,0x000000ad,173
1408,0x00000042,66
1409,0x0000004a,74
1410,0x000002a8,680
1411,0x00000095,149
1412,0x0000020e,526
1413,0x00000042,66
1414,0x000000ae,174
1415,0x0000020b,523
1416,0x00000042,66
1417,0x000000ad,173
1418,0x000000de,222
1419,0x00000130,304
1420,0x0000020b,523
1421,0x00000042,66
1422,0x000000ae,174
1423,0x000000ad,173
1424,0x0000045d,1117
1425,0x000000dd,221
1426,0x000000ad,173
1427,0x000027c4,10180
1428,0x00001e26,7718
1429,0x00000042,66
1430,0x0000020e,526
1431,0x00000555,1365
1432,0x000005f4,1524
1433,0x000003f3,1011
1434,0x00000108,264
1435,0x00000042,66
1436,0x000002d6,726
1437,0x00000042,66
1438,0x000002d6,726
1439,0x00000084,132
1440,0x00000108,264
1441,0x00000084,132
1442,0x00000084,132
1443,0x00000084,132
1444,0x00000084,132
1445,0x00000084,132
1446,0x00000084,132
1447,0x00000084,132
1448,0x000000c6,198
1449,0x00000084,132
1450,0x00000084,132
1451,0x00000084,132
1452,0x00000084,132
1453,0x000000c6,198
1454,0x00000084,132
1455,0x000006b4,1716
1456,0x00000294,660
1457,0x00000462,1122
1458,0x000000ae,174
1459,0x000001bf,447
1460,0x00000042,66
1461,0x000000ae,174
1462,0x00000042,66
1463,0x00002320,8992
1464,0x00000042,66
1465,0x000000dd,221
1466,0x00000642,1602
1467,0x000000c6,198
1468,0x000001bb,443
1469,0x00000836,2102
1470,0x000003de,990
1471,0x000006f6,1782
1472,0x00000840,2112
1473,0x000000b1,177
1474,0x000010a6,4262
1475,0x0000020e,526
1476,0x00007c32,31794
1477,0x000017a8,6056
1478,0x000093da,37850
1479,0x0000bd40,48448
1480,0x00000bd4,3028
1481,0x0000d4e8,54504
1482,0x0000ec90,60560
1483,0x00010a22,68130
1484,0x000044d3,17619
1485,0x00000042,66
1486,0x000000ad,173
1487,0x000006d9,1753
1488,0x000000c6,198
1489,0x00000948,2376
1490,0x0000031b,795
1491,0x00000948,2376
1492,0x000006b4,1716
1493,0x000000a4,164
1494,0x000012b4,4788
1495,0x00013388,78728
1496,0x000017a8,6056
1497,0x00013972,80242
1498,0x00013388,78728
1499,0x0001100c,69644
1500,0x000038ff,14591
1501,0x00000042,66
1502,0x000000ae,174
1503,0x0000020b,523
1504,0x000004c4,1220
1505,0x00000084,132
1506,0x000005f1,1521
1507,0x000007fe,2046
1508,0x000003de,990
1509,0x00000948,2376
1510,0x0000018c,396
1511,0x000000a4,164
1512,0x000012b4,4788
1513,0x0001806a,98410
1514,0x00008806,34822
1515,0x0000fe4e,65102
1516,0x0000821c,33308
1517,0x000115f6,71158
1518,0x00006265,25189
1519,0x00000042,66
1520,0x000000ad,173
1521,0x000006d6,1750
1522,0x0000018c,396
1523,0x000008c4,2244
1524,0x00000633,1587
1525,0x000006f6,1782
1526,0x000005ee,1518
1527,0x0000114a,4426
1528,0x0000020e,526
1529,0x0001a9d0,109008
1530,0x000099c4,39364
1531,0x00014546,83270
1532,0x0000ec90,60560
1533,0x00008bcb,35787
1534,0x00000042,66
1535,0x000000ae,174
1536,0x0000020b,523
1537,0x000004e0,1248
1538,0x00000084,132
1539,0x0000010b,267
1540,0x00000e2e,3630
1541,0x0000018c,396
1542,0x00000b9a,2970
1543,0x00000042,66
1544,0x0000114a,4426
1545,0x0000020e,526
1546,0x00015704,87812
1547,0x0000b756,46934
1548,0x0000ec90,60560
1549,0x0000705e,28766
1550,0x000195ed,103917
1551,0x00000042,66
1552,0x000000ad,173
1553,0x000000de,222
1554,0x000005ec,1516
1555,0x00000084,132
1556,0x000002d6,726
1557,0x000004e9,1257
1558,0x00000462,1122
1559,0x00000840,2112
1560,0x00000108,264
1561,0x00001365,4965
1562,0x000000ad,173
1563,0x00014624,83492
1564,0x0000f864,63588
1565,0x0000fe4e,65102
1566,0x00017496,95382
1567,0x000050a7,20647
1568,0x00000042,66
1569,0x000000ae,174
1570,0x000006c8,1736
1571,0x000000c9,201
1572,0x000000c6,198
1573,0x0000018c,396
1574,0x00000108,264
1575,0x00000042,66
1576,0x00001365,4965
1577,0x0000004a,74
1578,0x00010a22,68130
1579,0x00018c3e,101438
1580,0x00016eac,93868
1581,0x0000fc29,64553
1582,0x00000042,66
1583,0x000000ae,174
1584,0x000006cc,1740
1585,0x00000042,66
1586,0x00000084,132
1587,0x00000255,597
1588,0x000000c6,198
1589,0x00000108,264
1590,0x000000a4,164
1591,0x000012b4,4788
1592,0x0000bd40,48448
1593,0x0001df0a,122634
1594,0x000121ca,74186
1595,0x0000b16c,45420
1596,0x000091b5,37301
1597,0x00000042,66
1598,0x000000ae,174
1599,0x0000020d,525
1600,0x0000050d,1293
1601,0x0000010b,267
1602,0x000000c6,198
1603,0x00000084,132
1604,0x00000084,132
1605,0x00000042,66
1606,0x00001157,4439
1607,0x0000020e,526
1608,0x0000705e,28766
1609,0x0001df0a,122634
1610,0x00010a22,68130
1611,0x0001a7ab,108459
1612,0x00000042,66
1613,0x000000ae,174
1614,0x000006cf,1743
1615,0x000000c9,201
1616,0x00000084,132
1617,0x00000084,132
1618,0x000000c6,198
1619,0x00000042,66
1620,0x00001365,4965
1621,0x0000705e,28766
1622,0x0001e4f4,124148
1623,0x0001afba,110522
1624,0x0000fc29,64553
1625,0x00000042,66
1626,0x000000ad,173
1627,0x000006ca,1738
1628,0x00000084,132
1629,0x0000010b,267
1630,0x00000084,132
1631,0x0000114a,4426
1632,0x0000020e,526
1633,0x0001cd4c,118092
1634,0x0001df0a,122634
1635,0x000154df,87263
1636,0x000001cc,460
1637,0x000000ae,174
1638,0x00000416,1046
1639,0x000002fb,763
1640,0x00000084,132
1641,0x0000014d,333
1642,0x00000084,132
1643,0x00000042,66
1644,0x0000114a,4426
1645,0x0000020e,526
1646,0x0000e6a6,59046
1647,0x0001df0a,122634
1648,0x0001df0a,122634
1649,0x00005c7b,23675
1650,0x000000ef,239
1651,0x0000020c,524
1652,0x000004c9,1225
1653,0x000000c9,201
1654,0x00000084,132
1655,0x00000108,264
1656,0x00000084,132
1657,0x00001365,4965
1658,0x000121ca,74186
1659,0x0001df0a,122634
1660,0x0001e4f4,124148
1661,0x00001b6d,7021
1662,0x00000042,66
1663,0x000000ae,174
1664,0x000006c8,1736
1665,0x000000c9,201
1666,0x00000042,66
1667,0x00000084,132
1668,0x00000042,66
1669,0x00000042,66
1670,0x000000b1,177
1671,0x000012b4,4788
1672,0x0001e4f4,124148
1673,0x0001df0a,122634
1674,0x00013d37,81207
1675,0x00000042,66
1676,0x000000ae,174
1677,0x00000725,1829
1678,0x000000c9,201
1679,0x00000042,66
1680,0x000000c6,198
1681,0x00000042,66
1682,0x000000c6,198
1683,0x000000b1,177
1684,0x000012b4,4788
1685,0x0000ec90,60560
1686,0x0001e4f4,124148
1687,0x0001df0a,122634
1688,0x000050a7,20647
1689,0x000000f0,240
1690,0x0000020d,525
1691,0x000004ca,1226
1692,0x000000c9,201
1693,0x00000084,132
1694,0x00000042,66
1695,0x00000084,132
1696,0x00000084,132
1697,0x00001365,4965
1698,0x0001c762,116578
1699,0x0001df0a,122634
1700,0x00015ac9,88777
1701,0x000000ef,239
1702,0x0000018c,396
1703,0x000000de,222
1704,0x00000610,1552
1705,0x000000c9,201
1706,0x00000042,66
1707,0x00000084,132
1708,0x00000084,132
1709,0x000000b1,177
1710,0x000012b4,4788
1711,0x00000bd4,3028
1712,0x0001df0a,122634
1713,0x0001e4f4,124148
1714,0x00013163,78179
1715,0x00000042,66
1716,0x000000ae,174
1717,0x0000020d,525
1718,0x000004d8,1240
1719,0x00000084,132
1720,0x00000087,135
1721,0x00000042,66
1722,0x00000084,132
1723,0x00000084,132
1724,0x00001365,4965
1725,0x0001d336,119606
1726,0x0001df0a,122634
1727,0x00014ef5,85749
1728,0x00000042,66
1729,0x000000ae,174
1730,0x0000020d,525
1731,0x000004d7,1239
1732,0x00000087,135
1733,0x00000084,132
1734,0x00000042,66
1735,0x000000c6,198
1736,0x00000042,66
1737,0x000000b1,177
1738,0x000012b4,4788
1739,0x0001a3e6,107494
1740,0x0001df0a,122634
1741,0x00017e45,97861
1742,0x00000042,66
1743,0x000000ae,174
1744,0x00000509,1289
1745,0x00000212,530
1746,0x0000014d,333
1747,0x00000042,66
1748,0x00000084,132
1749,0x00000042,66
1750,0x000000b1,177
1751,0x000012b4,4788
1752,0x000168c2,92354
1753,0x0001e4f4,124148
1754,0x0001b37f,111487
1755,0x000000f0,240
1756,0x0000041b,1051
1757,0x000002fe,766
1758,0x00000042,66
1759,0x0000010b,267
1760,0x00000084,132
1761,0x00000042,66
1762,0x00000084,132
1763,0x00000042,66
1764,0x000000b1,177
1765,0x000012b4,4788
1766,0x00002966,10598
1767,0x0001df0a,122634
1768,0x0001e4f4,124148
1769,0x000113d1,70609
1770,0x000000ef,239
1771,0x000000dd,221
1772,0x000000ae,174
1773,0x00000042,66
1774,0x0000020c,524
1775,0x000004c4,1220
1776,0x000000c9,201
1777,0x00000084,132
1778,0x00000042,66
1779,0x00000084,132
1780,0x000000b1,177
1781,0x000012b4,4788
1782,0x0000c914,51476
1783,0x0001e4f4,124148
1784,0x0001df0a,122634
1785,0x00007423,29731
1786,0x000000ef,239
1787,0x0000020d,525
1788,0x000004ca,1226
1789,0x000000c9,201
1790,0x000000c6,198
1791,0x00000042,66
1792,0x00000084,132
1793,0x00001157,4439
1794,0x0000020e,526
1795,0x0000f864,63588
1796,0x0001df0a,122634
1797,0x0001df0a,122634
1798,0x00004abd,19133
1799,0x000000f0,240
1800,0x0000020b,523
1801,0x000004c3,1219
1802,0x0000010b,267
1803,0x00000042,66
1804,0x00000042,66
1805,0x00000084,132
1806,0x00000042,66
1807,0x00001365,4965
1808,0x00017496,95382
1809,0x0001e4f4,124148
1810,0x0001a7ab,108459
1811,0x000000ef,239
1812,0x000006c2,1730
1813,0x00000084,132
1814,0x00000087,135
1815,0x000000c6,198
1816,0x00000042,66
1817,0x00000084,132
1818,0x0000114a,4426
1819,0x0000020e,526
1820,0x00008df0,36336
1821,0x0001df0a,122634
1822,0x0001df0a,122634
1823,0x0000b531,46385
1824,0x00000042,66
1825,0x000000ad,173
1826,0x000006d7,1751
1827,0x0000010b,267
1828,0x00000042,66
1829,0x00000084,132
1830,0x00000084,132
1831,0x00000084,132
1832,0x00001365,4965
1833,0x000017a8,6056
1834,0x0001e4f4,124148
1835,0x0001df0a,122634
1836,0x0001258f,75151
1837,0x00000042,66
1838,0x000000ad,173
1839,0x000000dd,221
1840,0x000000ae,174
1841,0x00000042,66
1842,0x0000020b,523
1843,0x000004d3,1235
1844,0x0000010b,267
1845,0x00000042,66
1846,0x00000084,132
1847,0x00000042,66
1848,0x00000084,132
1849,0x000000b1,177
1850,0x000010a6,4262
1851,0x000060ae,24750
1852,0x0001df0a,122634
1853,0x0001e4f4,124148
1854,0x0000de97,56983
1855,0x00000042,66
1856,0x000000ad,173
1857,0x000000df,223
1858,0x00000605,1541
1859,0x00000042,66
1860,0x000000c9,201
1861,0x00000042,66
1862,0x00000084,132
1863,0x000000c6,198
1864,0x00001358,4952
1865,0x0001b5a4,112036
1866,0x0001e4f4,124148
1867,0x0001669d,91805
1868,0x00000042,66
1869,0x000000ae,174
1870,0x000000de,222
1871,0x00000647,1607
1872,0x0000010b,267
1873,0x00000042,66
1874,0x00000084,132
1875,0x00000084,132
1876,0x00001358,4952
1877,0x00010a22,68130
1878,0x0001df0a,122634
1879,0x0001df0a,122634
1880,0x000038ff,14591
1881,0x000000f0,240
1882,0x0000067a,1658
1883,0x0000014d,333
1884,0x00000042,66
1885,0x00000084,132
1886,0x00000042,66
1887,0x0000114a,4426
1888,0x0000020e,526
1889,0x00000bd4,3028
1890,0x0001e4f4,124148
1891,0x0001df0a,122634
1892,0x00013163,78179
1893,0x00000042,66
1894,0x000000ae,174
1895,0x000000de,222
1896,0x00000639,1593
1897,0x00000084,132
1898,0x000000c9,201
1899,0x00000084,132
1900,0x000000c6,198
1901,0x000000a4,164
1902,0x000010a6,4262
1903,0x0000020e,526
1904,0x000162d8,90840
1905,0x0001df0a,122634
1906,0x0001bf53,114515
1907,0x000000ad,173
1908,0x00000120,288
1909,0x000000ae,174
1910,0x00000042,66
1911,0x000000df,223
1912,0x0000061d,1565
1913,0x0000010b,267
1914,0x00000042,66
1915,0x000000c6,198
1916,0x00000042,66
1917,0x00000084,132
1918,0x000000b1,177
1919,0x000012b4,4788
1920,0x00013388,78728
1921,0x0001df0a,122634
1922,0x0001e4f4,124148
1923,0x000009af,2479
1924,0x00000042,66
1925,0x000000ae,174
1926,0x000006c4,1732
1927,0x000000c9,201
1928,0x00000042,66
1929,0x00000042,66
1930,0x00000084,132
1931,0x00000042,66
1932,0x000000b1,177
1933,0x000012b4,4788
1934,0x0000cefe,52990
1935,0x0001df0a,122634
1936,0x0001df0a,122634
1937,0x00007423,29731
1938,0x000000ef,239
1939,0x000000df,223
1940,0x000005f9,1529
1941,0x00000042,66
1942,0x000000c9,201
1943,0x00000084,132
1944,0x00000084,132
1945,0x000000b1,177
1946,0x000012b4,4788
1947,0x00014546,83270
1948,0x0001df0a,122634
1949,0x0001dce5,122085
1950,0x000000f0,240
1951,0x0000020b,523
1952,0x000004c5,1221
1953,0x00000042,66
1954,0x000000c9,201
1955,0x00000108,264
1956,0x00000042,66
1957,0x00000084,132
1958,0x000000b1,177
1959,0x000012b4,4788
1960,0x0000353a,13626
1961,0x0001df0a,122634
1962,0x0001e4f4,124148
1963,0x000107fd,67581
1964,0x00000042,66
1965,0x000000ad,173
1966,0x00000338,824
1967,0x0000042a,1066
1968,0x00000087,135
1969,0x00000084,132
1970,0x00000084,132
1971,0x00000042,66
1972,0x00000042,66
1973,0x00001365,4965
1974,0x0001c178,115064
1975,0x0001df0a,122634
1976,0x000160b3,90291
1977,0x00000042,66
1978,0x000000ad,173
1979,0x00000042,66
1980,0x0000013c,316
1981,0x0000020d,525
1982,0x00000519,1305
1983,0x0000010b,267
1984,0x00000042,66
1985,0x00000108,264
1986,0x00000042,66
1987,0x00001365,4965
1988,0x00002966,10598
1989,0x0001e4f4,124148
1990,0x0001df0a,122634
1991,0x000113d1,70609
1992,0x00000042,66
1993,0x000000ae,174
1994,0x000000de,222
1995,0x000005f8,1528
1996,0x00000042,66
1997,0x000000c9,201
1998,0x00000042,66
1999,0x00000084,132
2000,0x00000084,132
2001,0x00000042,66
2002,0x00001365,4965
2003,0x0000bd40,48448
2004,0x0001e4f4,124148
2005,0x0001df0a,122634
2006,0x00007ff7,32759
2007,0x00000042,66
2008,0x000000ae,174
2009,0x0000020b,523
2010,0x000004b9,1209
2011,0x0000010b,267
2012,0x00000084,132
2013,0x00000042,66
2014,0x00000042,66
2015,0x000000b1,177
2016,0x000012b4,4788
2017,0x000093da,37850
2018,0x0001df0a,122634
2019,0x0001e4f4,124148
2020,0x0000a95d,43357
2021,0x00000042,66
2022,0x000000ad,173
2023,0x000006e3,1763
2024,0x000000c9,201
2025,0x00000042,66
2026,0x00000084,132
2027,0x00000084,132
2028,0x000000b1,177
2029,0x000012b4,4788
2030,0x0000c32a,49962
2031,0x0001e4f4,124148
2032,0x0001df0a,122634
2033,0x00007a0d,31245
2034,0x00000060,96
2035,0x000000ae,174
2036,0x000000de,222
2037,0x000005f8,1528
2038,0x00000042,66
2039,0x00000087,135
2040,0x00000042,66
2041,0x00000084,132
2042,0x00000084,132
2043,0x000000b1,177
2044,0x000012b4,4788
2045,0x0001a9d0,109008
2046,0x0001e4f4,124148
2047,0x00017271,94833
2048,0x000000ad,173
2049,0x0000018d,397
2050,0x00000042,66
2051,0x0000020b,523
2052,0x00000513,1299
2053,0x00000042,66
2054,0x0000010b,267
2055,0x00000042,66
2056,0x00000084,132
2057,0x00001358,4952
2058,0x00000bd4,3028
2059,0x0001e4f4,124148
2060,0x0001df0a,122634
2061,0x00013163,78179
2062,0x00000042,66
2063,0x000000ad,173
2064,0x000006da,1754
2065,0x0000010b,267
2066,0x00000042,66
2067,0x00000084,132
2068,0x00000042,66
2069,0x00000042,66
2070,0x00001358,4952
2071,0x000058b6,22710
2072,0x0001df0a,122634
2073,0x0001e4f4,124148
2074,0x0000e481,58497
2075,0x00000042,66
2076,0x000000ad,173
2077,0x000000dd,221
2078,0x000005ff,1535
2079,0x00000042,66
2080,0x0000010b,267
2081,0x000000c6,198
2082,0x00000084,132
2083,0x00000084,132
2084,0x00000042,66
2085,0x00001365,4965
2086,0x00004ce2,19682
2087,0x0001e4f4,124148
2088,0x0001df0a,122634
2089,0x0000f055,61525
2090,0x00000042,66
2091,0x000000ad,173
2092,0x000000de,222
2093,0x00000642,1602
2094,0x00000042,66
2095,0x00000087,135
2096,0x00000084,132
2097,0x00000084,132
2098,0x00000084,132
2099,0x000000b1,177
2100,0x000012b4,4788
2101,0x0001bb8e,113550
2102,0x0001df0a,122634
2103,0x0001669d,91805
2104,0x00000042,66
2105,0x000000ad,173
2106,0x000000de,222
2107,0x000005f0,1520
2108,0x00000084,132
2109,0x000000c9,201
2110,0x00000084,132
2111,0x00000084,132
2112,0x0000114a,4426
2113,0x0000020e,526
2114,0x0001bb8e,113550
2115,0x0001dfab,122795
2116,0x0001669d,91805
2117,0x00000042,66
2118,0x00000101,257
2119,0x000000de,222
2120,0x000000ad,173
2121,0x00000042,66
2122,0x000006d0,1744
2123,0x00000084,132
2124,0x00000087,135
2125,0x00000108,264
2126,0x00000084,132
2127,0x00000042,66
2128,0x0000114a,4426
2129,0x0000020e,526
2130,0x00008806,34822
2131,0x0001df0a,122634
2132,0x0001e4f4,124148
2133,0x0000b531,46385
2134,0x00000042,66
2135,0x000000ad,173
2136,0x0000041b,1051
2137,0x0000034c,844
2138,0x0000014d,333
2139,0x00000084,132
2140,0x00000084,132
2141,0x00000042,66
2142,0x0000114a,4426
2143,0x0000020e,526
2144,0x0000f864,63588
2145,0x0001e4f4,124148
2146,0x0001df0a,122634
2147,0x000044d3,17619
2148,0x000000bd,189
2149,0x000000f0,240
2150,0x0000020c,524
2151,0x00000513,1299
2152,0x00000042,66
2153,0x0000010b,267
2154,0x00000042,66
2155,0x00000084,132
2156,0x00000042,66
2157,0x0000114a,4426
2158,0x0000020e,526
2159,0x0000d4e8,54504
2160,0x0001e4f4,124148
2161,0x0001df0a,122634
2162,0x0000684f,26703
2163,0x000000ef,239
2164,0x0000020c,524
2165,0x000004d0,1232
2166,0x0000010b,267
2167,0x00000042,66
2168,0x000000c6,198
2169,0x00000042,66
2170,0x00001365,4965
2171,0x0001511a,86298
2172,0x0001df0a,122634
2173,0x0001d111,119057
2174,0x000000ef,239
2175,0x00000719,1817
2176,0x00000042,66
2177,0x00000087,135
2178,0x00000042,66
2179,0x00000084,132
2180,0x00000042,66
2181,0x00000042,66
2182,0x000000a4,164
2183,0x000012b4,4788
2184,0x0000c914,51476
2185,0x0001df0a,122634
2186,0x0001e4f4,124148
2187,0x00007423,29731
2188,0x000000f0,240
2189,0x0000018d,397
2190,0x00000042,66
2191,0x0000020c,524
2192,0x000004c4,1220
2193,0x00000042,66
2194,0x00000084,132
2195,0x0000010b,267
2196,0x000000c6,198
2197,0x00000042,66
2198,0x000000a4,164
2199,0x000012b4,4788
2200,0x0000ec90,60560
2201,0x0001df0a,122634
2202,0x0001df0a,122634
2203,0x00005691,22161
2204,0x000000ef,239
2205,0x0000020c,524
2206,0x00000506,1286
2207,0x00000084,132
2208,0x000000c9,201
2209,0x00000084,132
2210,0x00000084,132
2211,0x00001358,4952
2212,0x00012d9e,77214
2213,0x0001e07c,123004
2214,0x0001df0a,122634
2215,0x00002741,10049
2216,0x000000ef,239
2217,0x0000020c,524
2218,0x000004d7,1239
2219,0x00000084,132
2220,0x000001a8,424
2221,0x00000108,264
2222,0x00000660,1632
2223,0x00000084,132
2224,0x00000084,132
2225,0x000000ae,174
2226,0x00001365,4965
2227,0x000093da,37850
2228,0x0001df0a,122634
2229,0x0001df0a,122634
2230,0x0000a95d,43357
2231,0x000000f0,240
2232,0x0000020e,526
2233,0x000004bb,1211
2234,0x00000042,66
2235,0x000000c9,201
2236,0x00000084,132
2237,0x00000042,66
2238,0x00000084,132
2239,0x000000a4,164
2240,0x000012b4,4788
2241,0x0001806a,98410
2242,0x0001df0a,122634
2243,0x0001a1c1,106945
2244,0x00000042,66
2245,0x000000ae,174
2246,0x0000033b,827
2247,0x00000438,1080
2248,0x000000c9,201
2249,0x00000042,66
2250,0x00000084,132
2251,0x00000042,66
2252,0x00000042,66
2253,0x000000b1,177
2254,0x000010a6,4262
2255,0x0000020e,526
2256,0x00019228,102952
2257,0x0001df0a,122634
2258,0x00019003,102403
2259,0x000000f0,240
2260,0x0000018b,395
2261,0x00000042,66
2262,0x0000020a,522
2263,0x00000562,1378
2264,0x00000042,66
2265,0x000000c9,201
2266,0x00000042,66
2267,0x00000084,132
2268,0x00000042,66
2269,0x00001358,4952
2270,0x0001806a,98410
2271,0x0001df0a,122634
2272,0x0001a1c1,106945
2273,0x00000042,66
2274,0x000000ad,173
2275,0x00000338,824
2276,0x000003d7,983
2277,0x000000c9,201
2278,0x000000c6,198
2279,0x00000084,132
2280,0x00000084,132
2281,0x000000b1,177
2282,0x000012b4,4788
2283,0x000005ea,1514
2284,0x0001df0a,122634
2285,0x0001df0a,122634
2286,0x00013d37,81207
2287,0x00000042,66
2288,0x000000ad,173
2289,0x000006dc,1756
2290,0x00000084,132
2291,0x000000c9,201
2292,0x00000084,132
2293,0x00000084,132
2294,0x0000033f,831
2295,0x000000a4,164
2296,0x000012b4,4788
2297,0x00019228,102952
2298,0x0001e11c,123164
2299,0x00019003,102403
2300,0x00000042,66
2301,0x00000042,66
2302,0x000000ad,173
2303,0x000000ae,174
2304,0x0000072b,1835
2305,0x00000084,132
2306,0x00000042,66
2307,0x0000010b,267
2308,0x000000c6,198
2309,0x000000a4,164
2310,0x000012b4,4788
2311,0x00014b30,84784
2312,0x0001e4f4,124148
2313,0x0001d111,119057
2314,0x000000ef,239
2315,0x0000020d,525
2316,0x000004bb,1211
2317,0x00000087,135
2318,0x000000c6,198
2319,0x00000042,66
2320,0x00000084,132
2321,0x00001365,4965
2322,0x000162d8,90840
2323,0x0001e4f4,124148
2324,0x0001b969,113001
2325,0x00000042,66
2326,0x00000239,569
2327,0x00000042,66
2328,0x000006f0,1776
2329,0x0000010b,267
2330,0x00000042,66
2331,0x00000084,132
2332,0x00000084,132
2333,0x000000a4,164
2334,0x000012b4,4788
2335,0x00013388,78728
2336,0x0001df0a,122634
2337,0x0001df0a,122634
2338,0x00000f99,3993
2339,0x000000f0,240
2340,0x0000020b,523
2341,0x0000051e,1310
2342,0x00000084,132
2343,0x000000c9,201
2344,0x00000084,132
2345,0x00000042,66
2346,0x000000b1,177
2347,0x000012b4,4788
2348,0x0001a9d0,109008
2349,0x0001df0a,122634
2350,0x0001785b,96347
2351,0x00000042,66
2352,0x000000ad,173
2353,0x0000020a,522
2354,0x00000563,1379
2355,0x00000042,66
2356,0x0000010b,267
2357,0x00000084,132
2358,0x00000084,132
2359,0x00000042,66
2360,0x00001157,4439
2361,0x0000020e,526
2362,0x0000d4e8,54504
2363,0x0001df0a,122634
2364,0x0001e4f4,124148
2365,0x0000684f,26703
2366,0x000000ef,239
2367,0x0000020b,523
2368,0x000004c4,1220
2369,0x00000087,135
2370,0x00000084,132
2371,0x00000084,132
2372,0x00000084,132
2373,0x00000042,66
2374,0x00001157,4439
2375,0x0000020e,526
2376,0x000099c4,39364
2377,0x0001e4f4,124148
2378,0x0001df0a,122634
2379,0x0000a373,41843
2380,0x000000ef,239
2381,0x0000020c,524
2382,0x00000525,1317
2383,0x00000042,66
2384,0x000000c9,201
2385,0x00000084,132
2386,0x00000042,66
2387,0x00000084,132
2388,0x0000114a,4426
2389,0x0000020e,526
2390,0x00016eac,93868
2391,0x0001df0a,122634
2392,0x0001b37f,111487
2393,0x000000ae,174
2394,0x0000018d,397
2395,0x00000042,66
2396,0x000000de,222
2397,0x000005f2,1522
2398,0x00000042,66
2399,0x00000042,66
2400,0x0000010b,267
2401,0x00000042,66
2402,0x00000084,132
2403,0x0000114a,4426
2404,0x0000020e,526
2405,0x00013972,80242
2406,0x0001df0a,122634
2407,0x0001e4f4,124148
2408,0x000003c5,965
2409,0x00000042,66
2410,0x000000ad,173
2411,0x00003b24,15140
2412,0x000001d5,469
2413,0x000006c4,1732
2414,0x00000084,132
2415,0x00000087,135
2416,0x00000084,132
2417,0x00000042,66
2418,0x00000084,132
2419,0x0000114a,4426
2420,0x0000020e,526
2421,0x0000ec90,60560
2422,0x0001dfe7,122855
2423,0x0001e068,122984
2424,0x00006636,26166
2425,0x00000042,66
2426,0x00000084,132
2427,0x000000ad,173
2428,0x000000ad,173
2429,0x000006c9,1737
2430,0x00000084,132
2431,0x000000c9,201
2432,0x00000084,132
2433,0x00000084,132
2434,0x000000a4,164
2435,0x000012b4,4788
2436,0x00004ce2,19682
2437,0x0001df0a,122634
2438,0x0001df0a,122634
2439,0x0000f63f,63039
2440,0x00000042,66
2441,0x000000ac,172
2442,0x000000de,222
2443,0x00000635,1589
2444,0x0000014d,333
2445,0x00000042,66
2446,0x000000c6,198
2447,0x00000042,66
2448,0x00001157,4439
2449,0x0000bf4e,48974
2450,0x0001df0a,122634
2451,0x0001df0a,122634
2452,0x000085e1,34273
2453,0x000000ef,239
2454,0x0000020d,525
2455,0x000004e3,1251
2456,0x00000084,132
2457,0x00000087,135
2458,0x000000c6,198
2459,0x00000042,66
2460,0x00000084,132
2461,0x0000114a,4426
2462,0x0000020e,526
2463,0x00017a80,96896
2464,0x0001df0a,122634
2465,0x0001a7ab,108459
2466,0x000000ae,174
2467,0x0000018c,396
2468,0x000000de,222
2469,0x00000641,1601
2470,0x0000010b,267
2471,0x00000042,66
2472,0x00000108,264
2473,0x00000042,66
2474,0x00001365,4965
2475,0x000005ea,1514
2476,0x0001df0a,122634
2477,0x0001e4f4,124148
2478,0x0001374d,79693
2479,0x00000042,66
2480,0x000000ad,173
2481,0x00000711,1809
2482,0x000000c9,201
2483,0x00000042,66
2484,0x00000084,132
2485,0x00000042,66
2486,0x00001365,4965
2487,0x00008df0,36336
2488,0x0001df0a,122634
2489,0x0001df0a,122634
2490,0x0000b531,46385
2491,0x000000ef,239
2492,0x0000033c,828
2493,0x000003e9,1001
2494,0x00000084,132
2495,0x000000c9,201
2496,0x000000c6,198
2497,0x00000042,66
2498,0x000000c6,198
2499,0x00001358,4952
2500,0x0000cefe,52990
2501,0x0001df0a,122634
2502,0x0001e4f4,124148
2503,0x00006e39,28217
2504,0x000000f0,240
2505,0x0000020c,524
2506,0x000004b8,1208
2507,0x00000060,96
2508,0x000000fe,254
2509,0x00000042,66
2510,0x00000084,132
2511,0x00000042,66
2512,0x000000b1,177
2513,0x000012b4,4788
2514,0x0001b5a4,112036
2515,0x0001df0a,122634
2516,0x00016c87,93319
2517,0x00000042,66
2518,0x000000ad,173
2519,0x0000020b,523
2520,0x000004c5,1221
2521,0x00000084,132
2522,0x0000010b,267
2523,0x00000042,66
2524,0x00000084,132
2525,0x00000042,66
2526,0x00001358,4952
2527,0x0000f864,63588
2528,0x0001e4f4,124148
2529,0x0001df0a,122634
2530,0x000044d3,17619
2531,0x000000ae,174
2532,0x000000de,222
2533,0x000000ad,173
2534,0x000006de,1758
2535,0x00000084,132
2536,0x000000c9,201
2537,0x00000042,66
2538,0x00000084,132
2539,0x00000042,66
2540,0x00001358,4952
2541,0x0000f27a,62074
2542,0x0001df0a,122634
2543,0x0001e4f4,124148
2544,0x00004abd,19133
2545,0x000000ef,239
2546,0x0000020c,524
2547,0x000004de,1246
2548,0x00000042,66
2549,0x00000042,66
2550,0x0000010b,267
2551,0x00000042,66
2552,0x00000084,132
2553,0x0000114a,4426
2554,0x0000020e,526
2555,0x0000e6a6,59046
2556,0x0001e4f4,124148
2557,0x0001df0a,122634
2558,0x00005691,22161
2559,0x000000ef,239
2560,0x0000020a,522
2561,0x000004d4,1236
2562,0x00000042,66
2563,0x000000c9,201
2564,0x00000042,66
2565,0x000000c6,198
2566,0x00000042,66
2567,0x000000a4,164
2568,0x000012b4,4788
2569,0x00003b24,15140
2570,0x0001df0a,122634
2571,0x0001df0a,122634
2572,0x000107fd,67581
2573,0x000000b2,178
2574,0x000000c6,198
2575,0x0000010d,269
2576,0x0000020e,526
2577,0x00000269,617
2578,0x00000374,884
2579,0x00000087,135
2580,0x00000084,132
2581,0x00000042,66
2582,0x000000c6,198
2583,0x0000114a,4426
2584,0x0000020e,526
2585,0x00008806,34822
2586,0x0001df0a,122634
2587,0x0001e4f4,124148
2588,0x0000b531,46385
2589,0x00000042,66
2590,0x000000ae,174
2591,0x000006f0,1776
2592,0x000000c9,201
2593,0x00000042,66
2594,0x00000084,132
2595,0x00000084,132
2596,0x000000b1,177
2597,0x000012b4,4788
2598,0x00016eac,93868
2599,0x0001e4f4,124148
2600,0x0001ad95,109973
2601,0x000000bd,189
2602,0x000000f0,240
2603,0x0000018d,397
2604,0x0000020a,522
2605,0x00000508,1288
2606,0x000000c9,201
2607,0x00000042,66
2608,0x00000084,132
2609,0x00000042,66
2610,0x00001365,4965
2611,0x00004ce2,19682
2612,0x0001df0a,122634
2613,0x0001df0a,122634
2614,0x0000f63f,63039
2615,0x00000042,66
2616,0x000000ad,173
2617,0x000000de,222
2618,0x0000064f,1615
2619,0x00000084,132
2620,0x000000c9,201
2621,0x000000c6,198
2622,0x000000c6,198
2623,0x00001365,4965
2624,0x000099c4,39364
2625,0x0001df0a,122634
2626,0x0001df0a,122634
2627,0x0000a95d,43357
2628,0x00000042,66
2629,0x000000ad,173
2630,0x0000020c,524
2631,0x0000025c,604
2632,0x000002fa,762
2633,0x00000084,132
2634,0x00000042,66
2635,0x00000084,132
2636,0x00000084,132
2637,0x000000c9,201
2638,0x000000a4,164
2639,0x000012b4,4788
2640,0x0000353a,13626
2641,0x0001e4f4,124148
2642,0x0001df0a,122634
2643,0x000107fd,67581
2644,0x000000ef,239
2645,0x0000020c,524
2646,0x000004ca,1226
2647,0x00000084,132
2648,0x000000c9,201
2649,0x00000084,132
2650,0x00000084,132
2651,0x00000084,132
2652,0x000011be,4542
2653,0x00000171,369
2654,0x0000114a,4426
2655,0x0000020e,526
2656,0x00018654,99924
2657,0x0001df0a,122634
2658,0x00019be8,105448
2659,0x000000d4,212
2660,0x000002aa,682
2661,0x00000422,1058
2662,0x00000042,66
2663,0x00000042,66
2664,0x000000ae,174
2665,0x000004f6,1270
2666,0x0000021b,539
2667,0x00000084,132
2668,0x0000010b,267
2669,0x00000042,66
2670,0x00000084,132
2671,0x00000042,66
2672,0x00001358,4952
2673,0x0000f27a,62074
2674,0x0001e4f4,124148
2675,0x0001df0a,122634
2676,0x00004abd,19133
2677,0x00000042,66
2678,0x000000ae,174
2679,0x0000018c,396
2680,0x00000042,66
2681,0x00000338,824
2682,0x000003e6,998
2683,0x000000c9,201
2684,0x00000042,66
2685,0x00000042,66
2686,0x000000c6,198
2687,0x00000042,66
2688,0x00001365,4965
2689,0x00018c3e,101438
2690,0x0001df0a,122634
2691,0x000195ed,103917
2692,0x000000ef,239
2693,0x0000020c,524
2694,0x0000050d,1293
2695,0x0000010b,267
2696,0x00000084,132
2697,0x00000042,66
2698,0x000000c6,198
2699,0x00001365,4965
2700,0x00007648,30280
2701,0x0001e4f4,124148
2702,0x0001df0a,122634
2703,0x0000c6ef,50927
2704,0x00000042,66
2705,0x000000ae,174
2706,0x000000df,223
2707,0x0000063a,1594
2708,0x00000084,132
2709,0x0000010b,267
2710,0x000000c6,198
2711,0x00000042,66
2712,0x000000a4,164
2713,0x000012b4,4788
2714,0x00019dfc,105980
2715,0x0001df0a,122634
2716,0x0001842f,99375
2717,0x00000042,66
2718,0x000000ae,174
2719,0x0000020b,523
2720,0x00000508,1288
2721,0x00000042,66
2722,0x000000c9,201
2723,0x00000084,132
2724,0x00000084,132
2725,0x00000042,66
2726,0x00001365,4965
2727,0x0000b16c,45420
2728,0x0001df0a,122634
2729,0x0001df0a,122634
2730,0x000091b5,37301
2731,0x000000ef,239
2732,0x00000338,824
2733,0x000003e6,998
2734,0x00000042,66
2735,0x00000087,135
2736,0x00000084,132
2737,0x00000042,66
2738,0x00000084,132
2739,0x00001496,5270
2740,0x0000020e,526
2741,0x000093da,37850
2742,0x0001df0a,122634
2743,0x0001df0a,122634
2744,0x0000af47,44871
2745,0x000000d4,212
2746,0x00000135,309
2747,0x00000132,306
2748,0x0000018b,395
2749,0x00000042,66
2750,0x000003e9,1001
2751,0x000003df,991
2752,0x00000084,132
2753,0x000000c9,201
2754,0x00000042,66
2755,0x00000084,132
2756,0x00000042,66
2757,0x00001157,4439
2758,0x0000020e,526
2759,0x0000a598,42392
2760,0x0001e4f4,124148
2761,0x0001df0a,122634
2762,0x0000979f,38815
2763,0x000000f0,240
2764,0x0000020e,526
2765,0x000004d5,1237
2766,0x00000042,66
2767,0x000000c9,201
2768,0x00000042,66
2769,0x00000084,132
2770,0x00000042,66
2771,0x00001365,4965
2772,0x00010438,66616
2773,0x0001df0a,122634
2774,0x0001e4f4,124148
2775,0x000038ff,14591
2776,0x000000f0,240
2777,0x000005e7,1511
2778,0x00000131,305
2779,0x00000042,66
2780,0x0000010b,267
2781,0x00000042,66
2782,0x00000084,132
2783,0x000000b1,177
2784,0x000012b4,4788
2785,0x0000353a,13626
2786,0x0001df0a,122634
2787,0x0001df0a,122634
2788,0x00010de7,69095
2789,0x00000042,66
2790,0x000000ae,174
2791,0x0000020a,522
2792,0x000004c5,1221
2793,0x00000084,132
2794,0x00000087,135
2795,0x000000c6,198
2796,0x00000042,66
2797,0x00000084,132
2798,0x00001358,4952
2799,0x00013972,80242
2800,0x0001df0a,122634
2801,0x0001e4f4,124148
2802,0x000003c5,965
2803,0x00000042,66
2804,0x000000ad,173
2805,0x000006dc,1756
2806,0x0000010b,267
2807,0x00000042,66
2808,0x000000c6,198
2809,0x000000c6,198
2810,0x000000b1,177
2811,0x000012b4,4788
2812,0x00015704,87812
2813,0x0001df0a,122634
2814,0x0001c53d,116029
2815,0x000000ad,173
2816,0x000000de,222
2817,0x000000ad,173
2818,0x00000711,1809
2819,0x00000042,66
2820,0x0000010b,267
2821,0x00000042,66
2822,0x00000084,132
2823,0x00001358,4952
2824,0x0000e6a6,59046
2825,0x0001df0a,122634
2826,0x0001e4f4,124148
2827,0x000091b5,37301
2828,0x000001d5,469
2829,0x00000042,66
2830,0x000000ad,173
2831,0x000006c2,1730
2832,0x00000042,66
2833,0x0000010b,267
2834,0x000000c6,198
2835,0x00000042,66
2836,0x00000042,66
2837,0x00001358,4952
2838,0x00013972,80242
2839,0x0001dfde,122846
2840,0x0001df0a,122634
2841,0x00001a6e,6766
2842,0x00000042,66
2843,0x00000084,132
2844,0x000000ad,173
2845,0x000000ae,174
2846,0x0000020e,526
2847,0x000004ca,1226
2848,0x00000042,66
2849,0x000000c9,201
2850,0x000000c6,198
2851,0x00000042,66
2852,0x00000084,132
2853,0x000000a4,164
2854,0x000012b4,4788
2855,0x0001511a,86298
2856,0x0001df0a,122634
2857,0x0001d111,119057
2858,0x00000042,66
2859,0x000000ae,174
2860,0x000006d8,1752
2861,0x00000084,132
2862,0x000000c9,201
2863,0x00000084,132
2864,0x00000042,66
2865,0x00000042,66
2866,0x00001358,4952
2867,0x0000cefe,52990
2868,0x0001df0a,122634
2869,0x0001df0a,122634
2870,0x00007423,29731
2871,0x000000f0,240
2872,0x000000dd,221
2873,0x000005e5,1509
2874,0x00000042,66
2875,0x000000c9,201
2876,0x00000084,132
2877,0x00000042,66
2878,0x00000042,66
2879,0x00001358,4952
2880,0x0000b756,46934
2881,0x0001df0a,122634
2882,0x0001df0a,122634
2883,0x00008bcb,35787
2884,0x0000018b,395
2885,0x000000ad,173
2886,0x0000020e,526
2887,0x000004d8,1240
2888,0x00000042,66
2889,0x0000010b,267
2890,0x00000042,66
2891,0x00000084,132
2892,0x00000042,66
2893,0x0000114a,4426
2894,0x0000020e,526
2895,0x00015cee,89326
2896,0x0001df0a,122634
2897,0x0001c53d,116029
2898,0x00000042,66
2899,0x000000ae,174
2900,0x000006cf,1743
2901,0x000000c9,201
2902,0x00000084,132
2903,0x00000084,132
2904,0x00000042,66
2905,0x00000042,66
2906,0x00001365,4965
2907,0x00017496,95382
2908,0x0001e4f4,124148
2909,0x0001a7ab,108459
2910,0x00000042,66
2911,0x000000ad,173
2912,0x000006d6,1750
2913,0x000000c9,201
2914,0x00000042,66
2915,0x00000042,66
2916,0x00000084,132
2917,0x00000042,66
2918,0x000000b1,177
2919,0x000012b4,4788
2920,0x0001afba,110522
2921,0x0001df0a,122634
2922,0x00016c87,93319
2923,0x00000042,66
2924,0x000000ae,174
2925,0x000000de,222
2926,0x0000065b,1627
2927,0x00000042,66
2928,0x00000087,135
2929,0x00000084,132
2930,0x00000084,132
2931,0x00000084,132
2932,0x00001157,4439
2933,0x0000020e,526
2934,0x000046f8,18168
2935,0x0001df0a,122634
2936,0x0001df0a,122634
2937,0x0000fc29,64553
2938,0x000000ef,239
2939,0x0000020e,526
2940,0x000004c7,1223
2941,0x00000084,132
2942,0x00000087,135
2943,0x00000084,132
2944,0x00000084,132
2945,0x00000042,66
2946,0x00001358,4952
2947,0x00007648,30280
2948,0x0001df0a,122634
2949,0x0001df0a,122634
2950,0x0000c6ef,50927
2951,0x000001cd,461
2952,0x000000ae,174
2953,0x00000042,66
2954,0x000006c9,1737
2955,0x000000c9,201
2956,0x00000084,132
2957,0x00000084,132
2958,0x000000b1,177
2959,0x000012b4,4788
2960,0x00000bd4,3028
2961,0x0001df0a,122634
2962,0x0001e4f4,124148
2963,0x00013163,78179
2964,0x000000f0,240
2965,0x0000020c,524
2966,0x000004d7,1239
2967,0x000000c9,201
2968,0x000000c6,198
2969,0x00000042,66
2970,0x00000084,132
2971,0x00001157,4439
2972,0x0000020e,526
2973,0x0001c762,116578
2974,0x0001e4f4,124148
2975,0x000154df,87263
2976,0x00000042,66
2977,0x000000ae,174
2978,0x000006f0,1776
2979,0x000000c9,201
2980,0x00000042,66
2981,0x000000c6,198
2982,0x00000042,66
2983,0x00000042,66
2984,0x00001365,4965
2985,0x00013972,80242
2986,0x0001e4f4,124148
2987,0x0001df0a,122634
2988,0x000003c5,965
2989,0x00000042,66
2990,0x000000ae,174
2991,0x00000611,1553
2992,0x0000012f,303
2993,0x000000c9,201
2994,0x00000042,66
2995,0x00000084,132
2996,0x00000084,132
2997,0x00000042,66
2998,0x000000b1,177
2999,0x000012b4,4788
3000,0x0001df0a,122634
3001,0x0001e4f4,124148
3002,0x00013d37,81207
3003,0x00000042,66
3004,0x000000ae,174
3005,0x000006dd,1757
3006,0x000000c9,201
3007,0x00000042,66
3008,0x00000084,132
3009,0x000000c6,198
3010,0x00001365,4965
3011,0x00011be0,72672
3012,0x0001df0a,122634
3013,0x0001df0a,122634
3014,0x00002741,10049
3015,0x000000ae,174
3016,0x0000018a,394
3017,0x00000042,66
3018,0x000000de,222
3019,0x000005ea,1514
3020,0x00000084,132
3021,0x000000c6,198
3022,0x00000084,132
3023,0x0000010b,267
3024,0x00000042,66
3025,0x0000114a,4426
3026,0x0000726c,29292
3027,0x0001e4f4,124148
3028,0x0001df0a,122634
3029,0x0000ccd9,52441
3030,0x000000f0,240
3031,0x0000020a,522
3032,0x000004c4,1220
3033,0x00000042,66
3034,0x000000c9,201
3035,0x00000084,132
3036,0x00000042,66
3037,0x00000084,132
3038,0x000000a4,164
3039,0x000012b4,4788
3040,0x00019dfc,105980
3041,0x0001e4f4,124148
3042,0x00017e45,97861
3043,0x00000042,66
3044,0x000000ad,173
3045,0x000006e4,1764
3046,0x000000c9,201
3047,0x00000042,66
3048,0x00000084,132
3049,0x00000042,66
3050,0x00000042,66
3051,0x0000114a,4426
3052,0x0000842a,33834
3053,0x0001df0a,122634
3054,0x0001e4f4,124148
3055,0x0000bb1b,47899
3056,0x000000f0,240
3057,0x0000020b,523
3058,0x00000558,1368
3059,0x00000042,66
3060,0x000000c9,201
3061,0x00000042,66
3062,0x00000084,132
3063,0x00000042,66
3064,0x00001365,4965
3065,0x00001d92,7570
3066,0x0001df0a,122634
3067,0x0001e4f4,124148
3068,0x00011fa5,73637
3069,0x00000042,66
3070,0x000000ad,173
3071,0x00000042,66
3072,0x000000df,223
3073,0x000005f8,1528
3074,0x00000084,132
3075,0x000000c9,201
3076,0x00000084,132
3077,0x00000084,132
3078,0x000000a4,164
3079,0x000010a6,4262
3080,0x0000c538,50488
3081,0x0001df0a,122634
3082,0x0001df0a,122634
3083,0x00007ff7,32759
3084,0x000000ef,239
3085,0x000000dd,221
3086,0x000000ae,174
3087,0x00000042,66
3088,0x000006cb,1739
3089,0x00000084,132
3090,0x000000c9,201
3091,0x00000084,132
3092,0x00000042,66
3093,0x00001365,4965
3094,0x0000f864,63588
3095,0x0001e4f4,124148
3096,0x0001df0a,122634
3097,0x000044d3,17619
3098,0x000000f0,240
3099,0x00000726,1830
3100,0x000000c9,201
3101,0x00000042,66
3102,0x00000084,132
3103,0x00000084,132
3104,0x00000042,66
3105,0x000000b1,177
3106,0x000010a6,4262
3107,0x0000020e,526
3108,0x0001a9d0,109008
3109,0x0001e4f4,124148
3110,0x00017271,94833
3111,0x00000042,66
3112,0x000000ae,174
3113,0x000006dc,1756
3114,0x000000c9,201
3115,0x00000042,66
3116,0x00000084,132
3117,0x00000042,66
3118,0x00000042,66
3119,0x00001365,4965
3120,0x00019dfc,105980
3121,0x0001e4f4,124148
3122,0x00017e45,97861
3123,0x00000042,66
3124,0x000000ad,173
3125,0x000006d5,1749
3126,0x000000c9,201
3127,0x00000042,66
3128,0x000000c6,198
3129,0x00000042,66
3130,0x00000042,66
3131,0x000000b1,177
3132,0x000012b4,4788
3133,0x00018654,99924
3134,0x0001e4f4,124148
3135,0x000195ed,103917
3136,0x00000042,66
3137,0x000000ae,174
3138,0x00000716,1814
3139,0x000000c9,201
3140,0x00000084,132
3141,0x00000084,132
3142,0x00000042,66
3143,0x00000084,132
3144,0x000000b1,177
3145,0x000012b4,4788
3146,0x00005ea0,24224
3147,0x0001df0a,122634
3148,0x0001df0a,122634
3149,0x0000e481,58497
3150,0x000000ef,239
3151,0x0000018b,395
3152,0x00000042,66
3153,0x00000339,825
3154,0x000003d8,984
3155,0x00000084,132
3156,0x000000c9,201
3157,0x00000084,132
3158,0x00000042,66
3159,0x00000042,66
3160,0x0000114a,4426
3161,0x00010646,67142
3162,0x0001df0a,122634
3163,0x0001df0a,122634
3164,0x00003ee9,16105
3165,0x000000ef,239
3166,0x00000339,825
3167,0x000003d9,985
3168,0x000000c9,201
3169,0x00000084,132
3170,0x00000042,66
3171,0x00000084,132
3172,0x00001157,4439
3173,0x0000020e,526
3174,0x0000c32a,49962
3175,0x0001df0a,122634
3176,0x0001e4f4,124148
3177,0x00007a0d,31245
3178,0x00000042,66
3179,0x000000ad,173
3180,0x0000020e,526
3181,0x0000050a,1290
3182,0x0000014d,333
3183,0x00000042,66
3184,0x00000084,132
3185,0x00000042,66
3186,0x00001157,4439
3187,0x0000020e,526
3188,0x00012d9e,77214
3189,0x0001e4f4,124148
3190,0x0001df0a,122634
3191,0x00000f99,3993
3192,0x00000042,66
3193,0x0000126c,4716
3194,0x0000116b,4459
3195,0x00000095,149
3196,0x000000df,223
3197,0x0000063b,1595
3198,0x00000042,66
3199,0x000000c9,201
3200,0x00000084,132
3201,0x00000084,132
3202,0x00000084,132
3203,0x00001157,4439
3204,0x0000020e,526
3205,0x0000cefe,52990
3206,0x0001e5d3,124371
3207,0x0001df5b,122715
3208,0x00007423,29731
3209,0x0000004a,74
3210,0x000001b6,438
3211,0x000001f2,498
3212,0x000001b5,437
3213,0x00000108,264
3214,0x0000020c,524
3215,0x00000548,1352
3216,0x00000084,132
3217,0x00000108,264
3218,0x0000014d,333
3219,0x00000084,132
3220,0x00000042,66
3221,0x00001358,4952
3222,0x000058b6,22710
3223,0x0001df0a,122634
3224,0x0001e4f4,124148
3225,0x0000e481,58497
3226,0x000000f0,240
3227,0x0000018a,394
3228,0x00000042,66
3229,0x0000033d,829
3230,0x000003dd,989
3231,0x000000c9,201
3232,0x00000084,132
3233,0x000000c6,198
3234,0x00000084,132
3235,0x00000084,132
3236,0x00001365,4965
3237,0x00002f50,12112
3238,0x0001df0a,122634
3239,0x0001df0a,122634
3240,0x000113d1,70609
3241,0x00000042,66
3242,0x000000ae,174
3243,0x00000720,1824
3244,0x000000c9,201
3245,0x00000042,66
3246,0x00000084,132
3247,0x00000042,66
3248,0x00000042,66
3249,0x000000b1,177
3250,0x000012b4,4788
3251,0x00018c3e,101438
3252,0x0001df0a,122634
3253,0x000195ed,103917
3254,0x00000042,66
3255,0x000000ad,173
3256,0x0000020a,522
3257,0x000004d2,1234
3258,0x00000042,66
3259,0x00000042,66
3260,0x0000010b,267
3261,0x00000084,132
3262,0x00000042,66
3263,0x0000114a,4426
3264,0x0000020e,526
3265,0x0000cefe,52990
3266,0x0001df0a,122634
3267,0x0001df0a,122634
3268,0x00007423,29731
3269,0x000000ef,239
3270,0x0000020e,526
3271,0x000004d4,1236
3272,0x00000084,132
3273,0x0000010b,267
3274,0x00000084,132
3275,0x00000042,66
3276,0x0000114a,4426
3277,0x0000020e,526
3278,0x00013f5c,81756
3279,0x0001df0a,122634
3280,0x0001e2cf,123599
3281,0x000000f0,240
3282,0x0000033a,826
3283,0x000003dc,988
3284,0x000000c9,201
3285,0x00000042,66
3286,0x00000084,132
3287,0x00000084,132
3288,0x00000084,132
3289,0x00001157,4439
3290,0x0000020e,526
3291,0x0001afba,110522
3292,0x0001e4f4,124148
3293,0x00016c87,93319
3294,0x000000ef,239
3295,0x0000018c,396
3296,0x00000042,66
3297,0x00000338,824
3298,0x000003d8,984
3299,0x00000087,135
3300,0x00000042,66
3301,0x00000084,132
3302,0x00000084,132
3303,0x000000b1,177
3304,0x000012b4,4788
3305,0x000058b6,22710
3306,0x0001df0a,122634
3307,0x0001df0a,122634
3308,0x0000ea6b,60011
3309,0x00000042,66
3310,0x000000ad,173
3311,0x0000071f,1823
3312,0x0000010b,267
3313,0x00000042,66
3314,0x00000084,132
3315,0x00000042,66
3316,0x00000042,66
3317,0x00001358,4952
3318,0x000162d8,90840
3319,0x0001df0a,122634
3320,0x0001bf53,114515
3321,0x00000042,66
3322,0x000000ad,173
3323,0x000000de,222
3324,0x00000636,1590
3325,0x0000010b,267
3326,0x00000042,66
3327,0x000000c6,198
3328,0x00000042,66
3329,0x000000b1,177
3330,0x000012b4,4788
3331,0x0000fe4e,65102
3332,0x0001df0a,122634
3333,0x0001df0a,122634
3334,0x00003ee9,16105
3335,0x00000042,66
3336,0x000000ad,173
3337,0x0000020d,525
3338,0x000004cb,1227
3339,0x00000042,66
3340,0x0000010b,267
3341,0x00000084,132
3342,0x00000108,264
3343,0x00000042,66
3344,0x0000114a,4426
3345,0x0000bd40,48448
3346,0x0001df0a,122634
3347,0x0001df0a,122634
3348,0x000087ad,34733
3349,0x000000f0,240
3350,0x0000020e,526
3351,0x000004c8,1224
3352,0x0000010b,267
3353,0x00000084,132
3354,0x00000042,66
3355,0x000000c6,198
3356,0x00001157,4439
3357,0x0000020e,526
3358,0x000099c4,39364
3359,0x0001df0a,122634
3360,0x0001df0a,122634
3361,0x0000a95d,43357
3362,0x000000ae,174
3363,0x000000de,222
3364,0x000000ae,174
3365,0x000006cd,1741
3366,0x00000084,132
3367,0x000000c9,201
3368,0x000000c6,198
3369,0x00000084,132
3370,0x000000a4,164
3371,0x000012b4,4788
3372,0x0000705e,28766
3373,0x0001e4f4,124148
3374,0x0001df0a,122634
3375,0x0000ccd9,52441
3376,0x00000042,66
3377,0x000000ad,173
3378,0x0000020d,525
3379,0x0000050c,1292
3380,0x000000c9,201
3381,0x000000c6,198
3382,0x00000042,66
3383,0x00000042,66
3384,0x00001157,4439
3385,0x0000020e,526
3386,0x000005ea,1514
3387,0x0001df0a,122634
3388,0x0001e4f4,124148
3389,0x0001374d,79693
3390,0x00000042,66
3391,0x000000ae,174
3392,0x00000416,1046
3393,0x00000309,777
3394,0x00000042,66
3395,0x0000010b,267
3396,0x00000042,66
3397,0x00000084,132
3398,0x00000042,66
3399,0x0000114a,4426
3400,0x0000020e,526
3401,0x00008806,34822
3402,0x0001df0a,122634
3403,0x0001e4f4,124148
3404,0x0000b531,46385
3405,0x000000ef,239
3406,0x0000020c,524
3407,0x0000050b,1291
3408,0x000000c9,201
3409,0x00000084,132
3410,0x00000042,66
3411,0x00000084,132
3412,0x00001365,4965
3413,0x0000648a,25738
3414,0x0001df0a,122634
3415,0x0001df0a,122634
3416,0x0000de97,56983
3417,0x00000042,66
3418,0x000000ae,174
3419,0x0000020b,523
3420,0x000004c4,1220
3421,0x00000087,135
3422,0x00000084,132
3423,0x00000042,66
3424,0x000000c6,198
3425,0x00000042,66
3426,0x00001157,4439
3427,0x00008ffe,36862
3428,0x0001df0a,122634
3429,0x0001e4f4,124148
3430,0x0000af47,44871
3431,0x000000f0,240
3432,0x0000018c,396
3433,0x00000042,66
3434,0x0000020c,524
3435,0x000004d6,1238
3436,0x00000084,132
3437,0x000000c9,201
3438,0x00000084,132
3439,0x00000084,132
3440,0x00000042,66
3441,0x000000a4,164
3442,0x000000a4,164
3443,0x0000235a,9050
3444,0x000121ca,74186
3445,0x0001df0a,122634
3446,0x0001e4f4,124148
3447,0x00001b6d,7021
3448,0x00000042,66
3449,0x000002bc,700
3450,0x0000020b,523
3451,0x000004d3,1235
3452,0x0000357c,13692
3453,0x000076cf,30415
3454,0x00003600,13824
3455,0x0000c36c,50028
3456,0x0000e76c,59244
3457,0x0000f27a,62074
3458,0x0001511a,86298
3459,0x00003315,13077
3460,0x00001157,4439
3461,0x0000020e,526
3462,0x00007c74,31860
3463,0x0001dfb8,122808
3464,0x0001df0a,122634
3465,0x0000c6ef,50927
3466,0x000000ef,239
3467,0x000000df,223
3468,0x00000646,1606
3469,0x000004ee,1262
3470,0x00000456,1110
3471,0x00000042,66
3472,0x00000210,528
3473,0x0000018f,399
3474,0x00000210,528
3475,0x00000210,528
3476,0x000011ce,4558
3477,0x0000020e,526
3478,0x00014546,83270
3479,0x0001dfae,122798
3480,0x0001e000,122880
3481,0x00000f99,3993
3482,0x00018654,99924
3483,0x0000821c,33308
3484,0x0001d336,119606
3485,0x0001267f,75391
3486,0x0000020d,525
3487,0x000004bd,1213
3488,0x00000042,66
3489,0x00000084,132
3490,0x0000010b,267
3491,0x00000084,132
3492,0x00000042,66
3493,0x00001358,4952
3494,0x00013388,78728
3495,0x0001e4f4,124148
3496,0x0001df0a,122634
3497,0x000009af,2479
3498,0x000001e0,480
3499,0x0000018b,395
3500,0x000000de,222
3501,0x00000646,1606
3502,0x00000042,66
3503,0x0000035b,859
3504,0x000005e0,1504
3505,0x0000014a,330
3506,0x0000010b,267
3507,0x00000108,264
3508,0x00000108,264
3509,0x0000014a,330
3510,0x00000042,66
3511,0x000000b1,177
3512,0x000012b4,4788
3513,0x00001157,4439
3514,0x0000c538,50488
3515,0x00019812,104466
3516,0x00017496,95382
3517,0x0001df0a,122634
3518,0x0001e2cf,123599
3519,0x0001df0a,122634
3520,0x000091b5,37301
3521,0x000000f0,240
3522,0x000000f0,240
3523,0x0000033a,826
3524,0x00000726,1830
3525,0x00000462,1122
3526,0x000000c6,198
3527,0x0000014d,333
3528,0x0000018c,396
3529,0x000000c6,198
3530,0x0000014a,330
3531,0x00000108,264
3532,0x000000c6,198
3533,0x00000042,66
3534,0x00001416,5142
3535,0x000012b4,4788
3536,0x0001d920,121120
3537,0x0001e4f4,124148
3538,0x0001df0a,122634
3539,0x0001df0a,122634
3540,0x0001e2cf,123599
3541,0x0000a373,41843
3542,0x000000f0,240
3543,0x0000020b,523
3544,0x00000514,1300
3545,0x00000042,66
3546,0x00000087,135
3547,0x00000084,132
3548,0x00000042,66
3549,0x00000084,132
3550,0x0000114a,4426
3551,0x0000020e,526
3552,0x0001cd4c,118092
3553,0x0001df0a,122634
3554,0x000154df,87263
3555,0x000000ef,239
3556,0x0000027c,636
3557,0x0000091d,2333
3558,0x000004b9,1209
3559,0x0000010b,267
3560,0x000000c6,198
3561,0x0000014d,333
3562,0x00000108,264
3563,0x00000108,264
3564,0x00000156,342
3565,0x000000c6,198
3566,0x000000d2,210
3567,0x000000b1,177
3568,0x00001365,4965
3569,0x00001e88,7816
3570,0x00018c3e,101438
3571,0x0001df0a,122634
3572,0x0001e4f4,124148
3573,0x0001df0a,122634
3574,0x0001dce5,122085
3575,0x0000ea6b,60011
3576,0x00000042,66
3577,0x000000ef,239
3578,0x000000ef,239
3579,0x0000033b,827
3580,0x000005f5,1525
3581,0x00000558,1368
3582,0x00000042,66
3583,0x0000014d,333
3584,0x000000c6,198
3585,0x000000c6,198
3586,0x000000c6,198
3587,0x000000c6,198
3588,0x00000084,132
3589,0x00000042,66
3590,0x00001365,4965
3591,0x0000bee7,48871
3592,0x0001df0a,122634
3593,0x0001df0a,122634
3594,0x0001e2cf,123599
3595,0x0001df0a,122634
3596,0x0001d6fb,120571
3597,0x000000ef,239
3598,0x0000020c,524
3599,0x000004c2,1218
3600,0x00000042,66
3601,0x000000c9,201
3602,0x00000084,132
3603,0x00000084,132
3604,0x00000042,66
3605,0x000000a4,164
3606,0x000012b4,4788
3607,0x0001d920,121120
3608,0x0001e4f4,124148
3609,0x00014321,82721
3610,0x000001cd,461
3611,0x0000015b,347
3612,0x00000924,2340
3613,0x00000556,1366
3614,0x0000010b,267
3615,0x000000c6,198
3616,0x0000010b,267
3617,0x00000108,264
3618,0x0000014a,330
3619,0x000001ce,462
3620,0x000000c6,198
3621,0x00001358,4952
3622,0x000000b1,177
3623,0x000012b4,4788
3624,0x0001a3e6,107494
3625,0x0001df0a,122634
3626,0x0001df0a,122634
3627,0x0001e4f4,124148
3628,0x0001dce5,122085
3629,0x0000de97,56983
3630,0x00000042,66
3631,0x0000019d,413
3632,0x00002325,8997
3633,0x00000760,1888
3634,0x000006e0,1760
3635,0x000000c9,201
3636,0x00000084,132
3637,0x0000014a,330
3638,0x0000014d,333
3639,0x00000108,264
3640,0x00000108,264
3641,0x000000c6,198
3642,0x00001208,4616
3643,0x00001504,5380
3644,0x000005ea,1514
3645,0x0001df0a,122634
3646,0x0001e4f4,124148
3647,0x0001df0a,122634
3648,0x0001df0a,122634
3649,0x0001df0a,122634
3650,0x0000a225,41509
3651,0x0000014a,330
3652,0x0000025a,602
3653,0x000002ff,767
3654,0x000000c6,198
3655,0x000000c3,195
3656,0x0000019a,410
3657,0x00000705,1797
3658,0x00000042,66
3659,0x0000010b,267
3660,0x00000042,66
3661,0x000000c6,198
3662,0x00000084,132
3663,0x00001365,4965
3664,0x0000dad2,56018
3665,0x0001df0a,122634
3666,0x0001e4f4,124148
3667,0x00006265,25189
3668,0x000000ad,173
3669,0x000001ce,462
3670,0x000000ad,173
3671,0x0000020d,525
3672,0x00000a6e,2670
3673,0x0000021e,542
3674,0x0000014d,333
3675,0x00000108,264
3676,0x000001d1,465
3677,0x0000014a,330
3678,0x000000c6,198
3679,0x00000108,264
3680,0x000000c6,198
3681,0x000024a2,9378
3682,0x0000020e,526
3683,0x00010a22,68130
3684,0x0001df0a,122634
3685,0x0001df0a,122634
3686,0x0001df0a,122634
3687,0x0001e2cf,123599
3688,0x0001785b,96347
3689,0x00000084,132
3690,0x0000015c,348
3691,0x00000d4b,3403
3692,0x00000042,66
3693,0x00000216,534
3694,0x00000108,264
3695,0x00000108,264
3696,0x00000084,132
3697,0x0000014a,330
3698,0x00000084,132
3699,0x00000084,132
3700,0x00001358,4952
3701,0x000000b1,177
3702,0x00019ef2,106226
3703,0x0001df0a,122634
3704,0x0001e4f4,124148
3705,0x0001dce5,122085
3706,0x0001e4f4,124148
3707,0x0000f055,61525
3708,0x00000042,66
3709,0x000000ae,174
3710,0x00000723,1827
3711,0x00000042,66
3712,0x0000014d,333
3713,0x00000084,132
3714,0x000000c6,198
3715,0x00000042,66
3716,0x00001358,4952
3717,0x0000c914,51476
3718,0x0001df0a,122634
3719,0x0001df0a,122634
3720,0x00007a0d,31245
3721,0x00000060,96
3722,0x0000027a,634
3723,0x000000ae,174
3724,0x00000042,66
3725,0x000000dd,221
3726,0x00000466,1126
3727,0x000008b5,2229
3728,0x0000010b,267
3729,0x000001ce,462
3730,0x0000010b,267
3731,0x0000018c,396
3732,0x00000108,264
3733,0x00000084,132
3734,0x000000c6,198
3735,0x000026ca,9930
3736,0x0000b16c,45420
3737,0x0001df0a,122634
3738,0x0001e4f4,124148
3739,0x0001df0a,122634
3740,0x0001df0a,122634
3741,0x0001ceec,118508
3742,0x00000131,305
3743,0x000000ad,173
3744,0x000000de,222
3745,0x00000895,2197
3746,0x00000555,1365
3747,0x00000192,402
3748,0x00000084,132
3749,0x00000108,264
3750,0x00000108,264
3751,0x000000c6,198
3752,0x000000c6,198
3753,0x000000c6,198
3754,0x00001416,5142
3755,0x000012b4,4788
3756,0x000121ca,74186
3757,0x0001df0a,122634
3758,0x0001df0a,122634
3759,0x0001df0a,122634
3760,0x0001e4f4,124148
3761,0x00015e8e,89742
3762,0x00000042,66
3763,0x000000ae,174
3764,0x0000020b,523
3765,0x00000506,1286
3766,0x0000010b,267
3767,0x00000108,264
3768,0x00000084,132
3769,0x000000c6,198
3770,0x00000042,66
3771,0x00000084,132
3772,0x00001365,4965
3773,0x0001d336,119606
3774,0x0001df0a,122634
3775,0x00014ef5,85749
3776,0x000000a4,164
3777,0x000012b4,4788
3778,0x00000132,306
3779,0x00000238,568
3780,0x00000042,66
3781,0x00000cf5,3317
3782,0x00000131,305
3783,0x0000010b,267
3784,0x0000018f,399
3785,0x00000084,132
3786,0x000035be,13758
3787,0x000018b0,6320
3788,0x000082e2,33506
3789,0x00004d24,19748
3790,0x0000a032,41010
3791,0x000000a4,164
3792,0x0000dbc8,56264
3793,0x0000237c,9084
3794,0x0001e5a5,124325
3795,0x0001e000,122880
3796,0x0001df0a,122634
3797,0x0001e2cf,123599
3798,0x0001df0a,122634
3799,0x0001df0a,122634
3800,0x00012954,76116
3801,0x000000ef,239
3802,0x00000084,132
3803,0x0000015b,347
3804,0x0000033d,829
3805,0x000003f8,1016
3806,0x00000042,66
3807,0x0000078d,1933
3808,0x00000243,579
3809,0x000006b3,1715
3810,0x0000014a,330
3811,0x00000465,1125
3812,0x000006b4,1716
3813,0x00000885,2181
3814,0x000017fc,6140
3815,0x0000077a,1914
3816,0x000111da,70106
3817,0x0001e4f4,124148
3818,0x0001df0a,122634
3819,0x00004083,16515
3820,0x00002966,10598
3821,0x0001df0a,122634
3822,0x0001e480,124032
3823,0x0001279d,75677
3824,0x0000d4e8,54504
3825,0x00002966,10598
3826,0x0000b16c,45420
3827,0x00004ce2,19682
3828,0x0000b756,46934
3829,0x0000b756,46934
3830,0x0000648a,25738
3831,0x0000bd40,48448
3832,0x00007423,29731
3833,0x00000042,66
3834,0x000001df,479
3835,0x0000023a,570
3836,0x00000042,66
3837,0x000002df,735
3838,0x000011e6,4582
3839,0x00000615,1557
3840,0x00000948,2376
3841,0x0000039f,927
3842,0x00000213,531
3843,0x00000630,1584
3844,0x000001d1,465
3845,0x0000014a,330
3846,0x00000108,264
3847,0x00000084,132
3848,0x00000148,328
3849,0x000038cd,14541
3850,0x00010438,66616
3851,0x0001df0a,122634
3852,0x0001df0a,122634
3853,0x0001df0a,122634
3854,0x0001e4f4,124148
3855,0x0001df0a,122634
3856,0x0001e0aa,123050
3857,0x00010438,66616
3858,0x00011be0,72672
3859,0x00004ce2,19682
3860,0x0000512b,20779
3861,0x0000015c,348
3862,0x000000dd,221
3863,0x0000083f,2111
3864,0x00000513,1299
3865,0x0000010b,267
3866,0x0000014d,333
3867,0x00000108,264
3868,0x00000108,264
3869,0x00000108,264
3870,0x000000c6,198
3871,0x00000084,132
3872,0x00000042,66
3873,0x000000b1,177
3874,0x00001365,4965
3875,0x000012b4,4788
3876,0x0001c178,115064
3877,0x0001df0a,122634
3878,0x0001df0a,122634
3879,0x0001e4f4,124148
3880,0x0001dce5,122085
3881,0x0000c105,49413
3882,0x00000042,66
3883,0x000001df,479
3884,0x00000238,568
3885,0x00000042,66
3886,0x000000d4,212
3887,0x00000c11,3089
3888,0x00000811,2065
3889,0x0000014d,333
3890,0x0000035a,858
3891,0x00000a11,2577
3892,0x00000630,1584
3893,0x00000108,264
3894,0x0000035d,861
3895,0x00000528,1320
3896,0x000004a4,1188
3897,0x00000108,264
3898,0x00000084,132
3899,0x000022a1,8865
3900,0x0000041c,1052
3901,0x00001358,4952
3902,0x00019228,102952
3903,0x0001df0a,122634
3904,0x0001df0a,122634
3905,0x0001df0a,122634
3906,0x0001e4f4,124148
3907,0x0001dce5,122085
3908,0x0001e4f4,124148
3909,0x0001b97a,113018
3910,0x00006e7b,28283
3911,0x000000f0,240
3912,0x000000ad,173
3913,0x0000041a,1050
3914,0x000003e9,1001
3915,0x00000765,1893
3916,0x0000014a,330
3917,0x00000168,360
3918,0x00000140,320
3919,0x0000014a,330
3920,0x000000c6,198
3921,0x00000084,132
3922,0x00000084,132
3923,0x00001157,4439
3924,0x00001157,4439
3925,0x0000e4d8,58584
3926,0x0001e4f4,124148
3927,0x0001df0a,122634
3928,0x0001df0a,122634
3929,0x0001e4f4,124148
3930,0x000199b2,104882
3931,0x000000f0,240
3932,0x0000027d,637
3933,0x000000ae,174
3934,0x00000a08,2568
3935,0x00000bbd,3005
3936,0x0000010b,267
3937,0x00000423,1059
3938,0x00000a53,2643
3939,0x00000906,2310
3940,0x0000014a,330
3941,0x00000462,1122
3942,0x00000462,1122
3943,0x0000014a,330
3944,0x00000108,264
3945,0x00000084,132
3946,0x00001365,4965
3947,0x00003785,14213
3948,0x0001a4dc,107740
3949,0x000052cc,21196
3950,0x0001df0a,122634
3951,0x0001df0a,122634
3952,0x0001e4f4,124148
3953,0x0001df0a,122634
3954,0x0001df0a,122634
3955,0x0001df0a,122634
3956,0x0001b51f,111903
3957,0x00000084,132
3958,0x0000015c,348
3959,0x000000dd,221
3960,0x0000060b,1547
3961,0x00000115,277
3962,0x0000066e,1646
3963,0x00000084,132
3964,0x0000018f,399
3965,0x000004e6,1254
3966,0x00000ad4,2772
3967,0x00000420,1056
3968,0x0000098a,2442
3969,0x00001365,4965
3970,0x0000fe4e,65102
3971,0x0001e4f4,124148
3972,0x0001e0b1,123057
3973,0x000050a7,20647
3974,0x00013f5c,81756
3975,0x0000f27a,62074
3976,0x0001d920,121120
3977,0x000058b6,22710
3978,0x00009d89,40329
3979,0x00000132,306
3980,0x00000239,569
3981,0x00000042,66
3982,0x000000ae,174
3983,0x00000d84,3460
3984,0x0000086c,2156
3985,0x0000014d,333
3986,0x000000c6,198
3987,0x000005ee,1518
3988,0x0000056a,1386
3989,0x0000077d,1917
3990,0x0000056a,1386
3991,0x00000108,264
3992,0x000006b4,1716
3993,0x0000141e,5150
3994,0x0000f864,63588
3995,0x0001dfae,122798
3996,0x0001df99,122777
3997,0x00007047,28743
3998,0x00016eac,93868
3999,0x0001d920,121120
4000,0x0001dffa,122874
4001,0x0001e4f4,124148
4002,0x0001df0a,122634
4003,0x00011796,71574
4004,0x00000339,825
4005,0x000003d8,984
4006,0x00000084,132
4007,0x000000c9,201
4008,0x00000131,305
4009,0x00000042,66
4010,0x00000042,66
4011,0x00000184,388
4012,0x0000184c,6220
4013,0x00000042,66
4014,0x00011be7,72679
4015,0x0001dab0,121520
4016,0x0001db7a,121722
4017,0x00004c07,19463
4018,0x00001365,4965
4019,0x00009fae,40878
4020,0x0001df0a,122634
4021,0x000099c4,39364
4022,0x00016eac,93868
4023,0x00007a0d,31245
4024,0x000000f0,240
4025,0x0000027b,635
4026,0x000000ad,173
4027,0x00000042,66
4028,0x0000020b,523
4029,0x00000843,2115
4030,0x0000082f,2095
4031,0x000003c1,961
4032,0x000000c6,198
4033,0x00000210,528
4034,0x0000056d,1389
4035,0x000003e1,993
4036,0x000004e6,1254
4037,0x000004e6,1254
4038,0x00000462,1122
4039,0x000006f6,1782
4040,0x00000303,771
4041,0x000012b4,4788
4042,0x000145ea,83434
4043,0x0001e0a4,123044
4044,0x0001e000,122880
4045,0x00019003,102403
4046,0x0001e4f4,124148
4047,0x0001df0a,122634
4048,0x0001df0a,122634
4049,0x0001e3be,123838
4050,0x0000d4e8,54504
4051,0x000038ff,14591
4052,0x00000739,1849
4053,0x0000012e,302
4054,0x00000087,135
4055,0x00000042,66
4056,0x00000313,787
4057,0x00000508,1288
4058,0x00000042,66
4059,0x00000084,132
4060,0x00000084,132
4061,0x000007a6,1958
4062,0x00000d90,3472
4063,0x0000ec90,60560
4064,0x0001e4f4,124148
4065,0x0001e0a4,123044
4066,0x00006265,25189
4067,0x00014546,83270
4068,0x0001e4f4,124148
4069,0x0001d6fb,120571
4070,0x000000f0,240
4071,0x00000328,808
4072,0x00000042,66
4073,0x00000c0a,3082
4074,0x000008cf,2255
4075,0x00000150,336
4076,0x00000294,660
4077,0x000003de,990
4078,0x00000210,528
4079,0x00000213,531
4080,0x00000108,264
4081,0x00000084,132
4082,0x000000c6,198
4083,0x000000c6,198
4084,0x00000084,132
4085,0x00001365,4965
4086,0x00001157,4439
4087,0x00010438,66616
4088,0x0001e1bc,123324
4089,0x0001e000,122880
4090,0x0001df0a,122634
4091,0x0001e2cf,123599
4092,0x0001df0a,122634
4093,0x0001dce5,122085
4094,0x0001df0a,122634
4095,0x0000f145,61765
