0,0x0000000b,11
1,0x00000248,584
2,0x0000069d,1693
3,0x00001051,4177
4,0x00001a04,6660
5,0x0000271f,10015
6,0x0000295d,10589
7,0x00002db0,11696
8,0x00002ddb,11739
9,0x00003764,14180
10,0x0000411a,16666
11,0x00004124,16676
12,0x00004e34,20020
13,0x00005073,20595
14,0x000054c3,21699
15,0x00007798,30616
16,0x001f9779,2070393
17,0x001f9c29,2071593
18,0x001faee9,2076393
19,0x001fb1e1,2077153
20,0x001fc339,2081593
21,0x001fc929,2083113
22,0x001fd5f8,2086392
23,0x001ffd08,2096392
24,0x00202418,2106392
25,0x00204b28,2116392
26,0x00205fc7,2121671
27,0x00207237,2126391
28,0x00207239,2126393
29,0x0020994e,2136398
30,0x0020c062,2146402
31,0x0020e778,2156408
32,0x0020fc56,2161750
33,0x00210e8d,2166413
34,0x002135a2,2176418
35,0x002135b5,2176437
36,0x00215cb6,2186422
37,0x002183cb,2196427
38,0x0021aadf,2206431
39,0x0021d1f3,2216435
40,0x0021d201,2216449
41,0x0021f915,2226453
42,0x0022202b,2236459
43,0x00224740,2246464
44,0x00226e55,2256469
45,0x00229569,2266473
46,0x0022bc7e,2276478
47,0x0022e3c0,2286528
48,0x00230ad5,2296533
49,0x002331ea,2306538
50,0x00235901,2316545
51,0x00235909,2316553
52,0x00238023,2326563
53,0x0023a766,2336614
54,0x0023ce7b,2346619
55,0x0023f591,2356625
56,0x00241ca7,2366631
57,0x002443bc,2376636
58,0x00246ad1,2386641
59,0x002491e6,2396646
60,0x0024b8fd,2406653
61,0x0024e012,2416658
62,0x0024e019,2416665
63,0x0025072e,2426670
64,0x00252e44,2436676
65,0x00254afd,2444029
66,0x00255557,2446679
67,0x002563d4,2450388
68,0x002563d6,2450390
69,0x00257c6c,2456684
70,0x00258af3,2460403
71,0x0025a380,2466688
72,0x0025b207,2470407
73,0x0025ca94,2476692
74,0x0025cacc,2476748
75,0x0025d91c,2480412
76,0x0025da94,2480788
77,0x0025f1a8,2486696
78,0x00260032,2490418
79,0x002618bc,2496700
80,0x00262746,2500422
81,0x0026274b,2500427
82,0x00263fd1,2506705
83,0x00264e5b,2510427
84,0x002666e6,2516710
85,0x002666ec,2516716
86,0x00267571,2520433
87,0x0026774a,2520906
88,0x00268e01,2526721
89,0x00269c85,2530437
90,0x0026b4f8,2536696
91,0x0026b515,2536725
92,0x0026c399,2540441
93,0x0026dc28,2546728
94,0x0026eaae,2550446
95,0x0026eabc,2550460
96,0x0027033c,2556732
97,0x002711d0,2560464
98,0x00272a51,2566737
99,0x002738e4,2570468
100,0x00275165,2576741
101,0x00275ff9,2580473
102,0x0027787a,2586746
103,0x0027870f,2590479
104,0x00279f90,2596752
105,0x0027ae25,2600485
106,0x0027c6a3,2606755
107,0x0027d53a,2610490
108,0x0027edb8,2616760
109,0x0027edbf,2616767
110,0x0027fc4f,2620495
111,0x002814d2,2626770
112,0x00282364,2630500
113,0x00283be6,2636774
114,0x00284a78,2640504
115,0x002862fa,2646778
116,0x0028718c,2650508
117,0x00287195,2650517
118,0x00288a0f,2656783
119,0x002898a9,2660521
120,0x0028b123,2666787
121,0x0028bfc0,2670528
122,0x0028d837,2676791
123,0x0028e6d4,2680532
124,0x0028ff4a,2686794
125,0x00290e1e,2690590
126,0x0029265e,2696798
127,0x00293532,2700594
128,0x00294d73,2706803
129,0x00295c47,2710599
130,0x002979af,2718127
131,0x002979b9,2718137
132,0x0029835c,2720604
133,0x0029a0cd,2728141
134,0x0029aa72,2730610
135,0x0029c7e0,2738144
136,0x0029d189,2740617
137,0x0029eef5,2748149
138,0x0029f89e,2750622
139,0x0029f8a6,2750630
140,0x002a1609,2758153
141,0x002a1fba,2760634
142,0x002a3d1e,2768158
143,0x002a46cf,2770639
144,0x002a6433,2778163
145,0x002a6442,2778178
146,0x002a6de5,2780645
147,0x002a8b49,2788169
148,0x002a94fa,2790650
149,0x002ab25d,2798173
150,0x002abc0f,2800655
151,0x002abc61,2800737
152,0x002ad971,2808177
153,0x002ae324,2810660
154,0x002b0086,2818182
155,0x002b008e,2818190
156,0x002b0a3a,2820666
157,0x002b27a2,2828194
158,0x002b30e8,2830568
159,0x002b314e,2830670
160,0x002b482f,2836527
161,0x002b4eb8,2838200
162,0x002b5864,2840676
163,0x002b75cc,2848204
164,0x002b7f79,2850681
165,0x002b7f81,2850689
166,0x002b9ce0,2858208
167,0x002ba696,2860694
168,0x002ba697,2860695
169,0x002bc3f4,2868212
170,0x002bcd75,2870645
171,0x002bcdab,2870699
172,0x002bd9f5,2873845
173,0x002beb08,2878216
174,0x002bf4be,2880702
175,0x002c0105,2883845
176,0x002c121d,2888221
177,0x002c1bd3,2890707
178,0x002c2814,2893844
179,0x002c3930,2898224
180,0x002c42e6,2900710
181,0x002c6044,2908228
182,0x002c60cb,2908363
183,0x002c69fa,2910714
184,0x002c6a04,2910724
185,0x002c7641,2913857
186,0x002c7642,2913858
187,0x002c8759,2918233
188,0x002c8761,2918241
189,0x002c910f,2920719
190,0x002c9d57,2923863
191,0x002cae75,2928245
192,0x002cb823,2930723
193,0x002cc46b,2933867
194,0x002cd589,2938249
195,0x002cdf37,2940727
196,0x002ceb80,2943872
197,0x002cfc9e,2948254
198,0x002d064b,2950731
199,0x002d0653,2950739
200,0x002d1294,2953876
201,0x002d23b4,2958260
202,0x002d2d67,2960743
203,0x002d39a9,2963881
204,0x002d39db,2963931
205,0x002d4ac9,2968265
206,0x002d547c,2970748
207,0x002d60be,2973886
208,0x002d71de,2978270
209,0x002d7b90,2980752
210,0x002d87d3,2983891
211,0x002d98f2,2988274
212,0x002da2a4,2990756
213,0x002daee8,2993896
214,0x002dc006,2998278
215,0x002dc9ba,3000762
216,0x002dd5fd,3003901
217,0x002dd60d,3003917
218,0x002de71b,3008283
219,0x002df0ce,3010766
220,0x002dfd22,3013922
221,0x002e0e30,3018288
222,0x002e0e37,3018295
223,0x002e17e1,3020769
224,0x002e2437,3023927
225,0x002e354b,3028299
226,0x002e3ef5,3030773
227,0x002e4b4d,3033933
228,0x002e5c60,3038304
229,0x002e660a,3040778
230,0x002e7262,3043938
231,0x002e8375,3048309
232,0x002e8d1e,3050782
233,0x002e8d25,3050789
234,0x002e9977,3053943
235,0x002eaa8a,3058314
236,0x002eb439,3060793
237,0x002ec08c,3063948
238,0x002ed19f,3068319
239,0x002edb4c,3070796
240,0x002ee7a2,3073954
241,0x002ef8b4,3078324
242,0x002ef8b7,3078327
243,0x002f0261,3080801
244,0x002f0eb8,3083960
245,0x002f1fc9,3088329
246,0x002f2977,3090807
247,0x002f35cd,3093965
248,0x002f46de,3098334
249,0x002f508c,3100812
250,0x002f50d7,3100887
251,0x002f5ce2,3103970
252,0x002f5cea,3103978
253,0x002f6df3,3108339
254,0x002f779f,3110815
255,0x002f8400,3113984
256,0x002f9508,3118344
257,0x002f9538,3118392
258,0x002f9eb4,3120820
259,0x002fab16,3123990
260,0x002fbc4b,3128395
261,0x002fc5c7,3130823
262,0x002fd22b,3133995
263,0x002fe35f,3138399
264,0x002fecdc,3140828
265,0x002ff93f,3143999
266,0x00300a73,3148403
267,0x00300dcf,3149263
268,0x003013f0,3150832
269,0x003013f6,3150838
270,0x00301667,3151463
271,0x00302054,3154004
272,0x00302797,3155863
273,0x00303187,3158407
274,0x00303b09,3160841
275,0x00304769,3164009
276,0x00304ea7,3165863
277,0x0030589c,3168412
278,0x0030621e,3170846
279,0x00306577,3171703
280,0x003066b7,3172023
281,0x00306e80,3174016
282,0x00307fb1,3178417
283,0x00308932,3180850
284,0x00308dc6,3182022
285,0x00309596,3184022
286,0x0030a6c7,3188423
287,0x0030b048,3190856
288,0x0030b4d6,3192022
289,0x0030bcab,3194027
290,0x0030cddc,3198428
291,0x0030d75d,3200861
292,0x0030e3c0,3204032
293,0x0030e3c9,3204041
294,0x0030eb35,3205941
295,0x0030f4f1,3208433
296,0x0030fe71,3210865
297,0x00310303,3212035
298,0x00310304,3212036
299,0x00310ade,3214046
300,0x00311c07,3218439
301,0x00311c0e,3218446
302,0x0031256c,3220844
303,0x00312586,3220870
304,0x00312a19,3222041
305,0x003131f3,3224051
306,0x00314323,3228451
307,0x00314c9b,3230875
308,0x0031512d,3232045
309,0x00315908,3234056
310,0x00316a38,3238456
311,0x003173af,3240879
312,0x00317843,3242051
313,0x0031801c,3244060
314,0x003187c4,3246020
315,0x0031914d,3248461
316,0x00319ac3,3250883
317,0x00319aca,3250890
318,0x00319f58,3252056
319,0x0031a731,3254065
320,0x0031b864,3258468
321,0x0031c1df,3260895
322,0x0031c66d,3262061
323,0x0031c6d1,3262161
324,0x0031ce47,3264071
325,0x0031ce51,3264081
326,0x0031df79,3268473
327,0x0031e8f3,3270899
328,0x0031ed82,3272066
329,0x0031f55c,3274076
330,0x0032068e,3278478
331,0x003206fe,3278590
332,0x00321008,3280904
333,0x00321497,3282071
334,0x00321c71,3284081
335,0x00322da3,3288483
336,0x0032371d,3290909
337,0x00323bab,3292075
338,0x00324387,3294087
339,0x003254b8,3298488
340,0x00325e31,3300913
341,0x003262c1,3302081
342,0x003262d0,3302096
343,0x00326a9d,3304093
344,0x00326aa5,3304101
345,0x00327bcd,3308493
346,0x00328545,3310917
347,0x003289e4,3312100
348,0x003291b9,3314105
349,0x0032a2e1,3318497
350,0x0032a2e8,3318504
351,0x0032ac5b,3320923
352,0x0032b0fa,3322106
353,0x0032b8cd,3324109
354,0x0032c9fd,3328509
355,0x0032d370,3330928
356,0x0032d810,3332112
357,0x0032dfe2,3334114
358,0x0032f111,3338513
359,0x0032fa86,3340934
360,0x0032ff25,3342117
361,0x003306f6,3344118
362,0x00331824,3348516
363,0x0033219c,3350940
364,0x003321a2,3350946
365,0x0033263b,3352123
366,0x00332e0b,3354123
367,0x00333f39,3358521
368,0x003348b7,3360951
369,0x00334d50,3362128
370,0x00335520,3364128
371,0x0033664e,3368526
372,0x00336fca,3370954
373,0x00337466,3372134
374,0x00337c36,3374134
375,0x00338d62,3378530
376,0x00338dce,3378638
377,0x003396de,3380958
378,0x00339b7c,3382140
379,0x0033a34b,3384139
380,0x0033a3a1,3384225
381,0x0033b476,3388534
382,0x0033bdf2,3390962
383,0x0033c293,3392147
384,0x0033ca60,3394144
385,0x0033db8b,3398539
386,0x0033e507,3400967
387,0x0033e54d,3401037
388,0x0033e9aa,3402154
389,0x0033e9b3,3402163
390,0x0033f175,3404149
391,0x0033f17c,3404156
392,0x003402a0,3408544
393,0x00340c1c,3410972
394,0x003410c8,3412168
395,0x00341892,3414162
396,0x003429b5,3418549
397,0x003429bc,3418556
398,0x00343331,3420977
399,0x003437dd,3422173
400,0x00343fa7,3424167
401,0x003450d0,3428560
402,0x00345a45,3430981
403,0x00345ef3,3432179
404,0x003466bd,3434173
405,0x003477e5,3438565
406,0x00348159,3440985
407,0x00348609,3442185
408,0x00348dd2,3444178
409,0x00349efa,3448570
410,0x0034a86e,3450990
411,0x0034a8a2,3451042
412,0x0034ad20,3452192
413,0x0034b4e8,3454184
414,0x0034c60f,3458575
415,0x0034cfb5,3461045
416,0x0034d434,3462196
417,0x0034dbfc,3464188
418,0x0034e549,3466569
419,0x0034e599,3466649
420,0x0034ed24,3468580
421,0x0034f6c9,3471049
422,0x0034fb4a,3472202
423,0x00350310,3474192
424,0x00350a79,3476089
425,0x00351439,3478585
426,0x00351dde,3481054
427,0x00352260,3482208
428,0x0035228c,3482252
429,0x00352a25,3484197
430,0x00353189,3486089
431,0x003539f8,3488248
432,0x00353b4d,3488589
433,0x003544f1,3491057
434,0x00354975,3492213
435,0x00355139,3494201
436,0x00356261,3498593
437,0x00356568,3499368
438,0x00356c06,3501062
439,0x0035708c,3502220
440,0x00357095,3502229
441,0x0035784e,3504206
442,0x00357857,3504215
443,0x00358976,3508598
444,0x00358c77,3509367
445,0x0035931b,3511067
446,0x003597a9,3512233
447,0x00359f6d,3514221
448,0x0035b08a,3518602
449,0x0035b090,3518608
450,0x0035b387,3519367
451,0x0035ba2f,3521071
452,0x0035bebf,3522239
453,0x0035c681,3524225
454,0x0035ce16,3526166
455,0x0035d7a4,3528612
456,0x0035e143,3531075
457,0x0035e5d3,3532243
458,0x0035ed96,3534230
459,0x0035feb7,3538615
460,0x003601b3,3539379
461,0x003601b4,3539380
462,0x00360857,3541079
463,0x00360ce7,3542247
464,0x003614aa,3544234
465,0x003625cd,3548621
466,0x003628c8,3549384
467,0x00362f6d,3551085
468,0x00362f75,3551093
469,0x003633fd,3552253
470,0x00363bbf,3554239
471,0x00364ce1,3558625
472,0x00364fde,3559390
473,0x0036568b,3561099
474,0x00365b13,3562259
475,0x00365b48,3562312
476,0x003662c7,3564231
477,0x003662d6,3564246
478,0x00366aa5,3566245
479,0x003673f5,3568629
480,0x003676f4,3569396
481,0x00367da0,3571104
482,0x00368229,3572265
483,0x003689eb,3574251
484,0x00369b0a,3578634
485,0x00369e09,3579401
486,0x0036a4b7,3581111
487,0x0036a4e2,3581154
488,0x0036a93e,3582270
489,0x0036b101,3584257
490,0x0036c21e,3588638
491,0x0036c51e,3589406
492,0x0036c587,3589511
493,0x0036cbcc,3591116
494,0x0036d052,3592274
495,0x0036d816,3594262
496,0x0036e933,3598643
497,0x0036ec32,3599410
498,0x0036f2e1,3601121
499,0x0036f767,3602279
500,0x0036f76f,3602287
501,0x0036ff2a,3604266
502,0x0036ff31,3604273
503,0x00371048,3608648
504,0x00371347,3609415
505,0x003719f6,3611126
506,0x00371e85,3612293
507,0x00372646,3614278
508,0x0037375d,3618653
509,0x00373764,3618660
510,0x00373a5b,3619419
511,0x0037410b,3621131
512,0x0037459b,3622299
513,0x00374d5b,3624283
514,0x00375e79,3628665
515,0x0037619f,3629471
516,0x003761af,3629487
517,0x00376820,3631136
518,0x00376cb1,3632305
519,0x00377470,3634288
520,0x0037858f,3638671
521,0x003788c3,3639491
522,0x00378f34,3641140
523,0x003793c5,3642309
524,0x00379b84,3644292
525,0x0037ac91,3648657
526,0x0037aca3,3648675
527,0x0037afd8,3649496
528,0x0037b64a,3651146
529,0x0037b651,3651153
530,0x0037bad9,3652313
531,0x0037c299,3654297
532,0x0037d3b8,3658680
533,0x0037d6ef,3659503
534,0x0037dd64,3661156
535,0x0037e1ed,3662317
536,0x0037e9ae,3664302
537,0x0037facb,3668683
538,0x0037fe04,3669508
539,0x0038047a,3671162
540,0x00380902,3672322
541,0x003810c4,3674308
542,0x003821e0,3678688
543,0x00382549,3679561
544,0x00382b8f,3681167
545,0x00383017,3682327
546,0x003837d8,3684312
547,0x003848f5,3688693
548,0x00384c5e,3689566
549,0x003852a3,3691171
550,0x0038572c,3692332
551,0x00385eed,3694317
552,0x0038700a,3698698
553,0x00387063,3698787
554,0x00387376,3699574
555,0x003879b7,3701175
556,0x003879c3,3701187
557,0x00387e40,3702336
558,0x00387e47,3702343
559,0x00388602,3704322
560,0x00388609,3704329
561,0x0038971f,3708703
562,0x00389a8b,3709579
563,0x0038a0cb,3711179
564,0x0038a55e,3712350
565,0x0038ad1e,3714334
566,0x0038be33,3718707
567,0x0038be3b,3718715
568,0x0038c1a1,3719585
569,0x0038c7df,3721183
570,0x0038cc72,3722354
571,0x0038d433,3724339
572,0x0038e54f,3728719
573,0x0038e8b7,3729591
574,0x0038e8bf,3729599
575,0x0038eef3,3731187
576,0x0038f388,3732360
577,0x0038fb47,3734343
578,0x00390c63,3738723
579,0x00390fd5,3739605
580,0x00391609,3741193
581,0x00391a9d,3742365
582,0x0039225b,3744347
583,0x00393378,3748728
584,0x003936eb,3749611
585,0x00393d1f,3751199
586,0x00393d27,3751207
587,0x003941b3,3752371
588,0x00394222,3752482
589,0x00394971,3754353
590,0x00395a8d,3758733
591,0x00395e01,3759617
592,0x0039643c,3761212
593,0x003968ca,3762378
594,0x00397087,3764359
595,0x003981a2,3768738
596,0x00398518,3769624
597,0x00398b51,3771217
598,0x00398fe0,3772384
599,0x0039979d,3774365
600,0x0039a8b8,3778744
601,0x0039ac2f,3779631
602,0x0039b265,3781221
603,0x0039b6f5,3782389
604,0x0039beb3,3784371
605,0x0039cfcf,3788751
606,0x0039d343,3789635
607,0x0039d97b,3791227
608,0x0039de0b,3792395
609,0x0039e5ca,3794378
610,0x0039f6e4,3798756
611,0x0039fa5a,3799642
612,0x0039fa7e,3799678
613,0x003a008f,3801231
614,0x003a0520,3802400
615,0x003a0529,3802409
616,0x003a0ce0,3804384
617,0x003a0ce9,3804393
618,0x003a1df8,3808760
619,0x003a2170,3809648
620,0x003a27a4,3811236
621,0x003a2c3f,3812415
622,0x003a33fd,3814397
623,0x003a450c,3818764
624,0x003a4514,3818772
625,0x003a4885,3819653
626,0x003a4eb8,3821240
627,0x003a5354,3822420
628,0x003a5b12,3824402
629,0x003a6c28,3828776
630,0x003a6f9a,3829658
631,0x003a6fa4,3829668
632,0x003a75cc,3831244
633,0x003a7a68,3832424
634,0x003a8227,3834407
635,0x003a933b,3838779
636,0x003a96b9,3839673
637,0x003a9ce1,3841249
638,0x003aa17e,3842430
639,0x003aa93e,3844414
640,0x003aba50,3848784
641,0x003abdce,3849678
642,0x003ac3f6,3851254
643,0x003ac3fe,3851262
644,0x003ac893,3852435
645,0x003ad053,3854419
646,0x003ad06f,3854447
647,0x003ae164,3858788
648,0x003ae4e2,3859682
649,0x003aeb13,3861267
650,0x003aefa8,3862440
651,0x003aefbd,3862461
652,0x003af768,3864424
653,0x003b0878,3868792
654,0x003b0bf5,3869685
655,0x003b1227,3871271
656,0x003b16bd,3872445
657,0x003b1e7c,3874428
658,0x003b2f8d,3878797
659,0x003b330a,3879690
660,0x003b393d,3881277
661,0x003b3dd2,3882450
662,0x003b4592,3884434
663,0x003b56a3,3888803
664,0x003b5a1e,3889694
665,0x003b5a9c,3889820
666,0x003b6051,3891281
667,0x003b64e7,3892455
668,0x003b6ca6,3894438
669,0x003b7db9,3898809
670,0x003b8133,3899699
671,0x003b8766,3901286
672,0x003b8bfa,3902458
673,0x003b8c02,3902466
674,0x003b93ba,3904442
675,0x003b93c4,3904452
676,0x003ba4cd,3908813
677,0x003ba849,3909705
678,0x003bae7b,3911291
679,0x003bb318,3912472
680,0x003bbad8,3914456
681,0x003bbadb,3914459
682,0x003bcbe2,3918818
683,0x003bcbe8,3918824
684,0x003bcf5d,3919709
685,0x003bd590,3921296
686,0x003bda2c,3922476
687,0x003be1ec,3924460
688,0x003bf2fd,3928829
689,0x003bf671,3929713
690,0x003bf678,3929720
691,0x003bfca4,3931300
692,0x003c0142,3932482
693,0x003c0900,3934464
694,0x003c1a12,3938834
695,0x003c1d8c,3939724
696,0x003c23b7,3941303
697,0x003c23b9,3941305
698,0x003c2856,3942486
699,0x003c3015,3944469
700,0x003c4127,3948839
701,0x003c44a1,3949729
702,0x003c4f6b,3952491
703,0x003c572a,3954474
704,0x003c683b,3958843
705,0x003c6bb5,3959733
706,0x003c767f,3962495
707,0x003c7e40,3964480
708,0x003c8f4f,3968847
709,0x003c92c9,3969737
710,0x003c9d95,3972501
711,0x003ca555,3974485
712,0x003cb663,3978851
713,0x003cb9dd,3979741
714,0x003cc4a9,3982505
715,0x003ccc6b,3984491
716,0x003cdd77,3988855
717,0x003ce0f1,3989745
718,0x003cebbd,3992509
719,0x003cf37e,3994494
720,0x003d048b,3998859
721,0x003d04d9,3998937
722,0x003d0805,3999749
723,0x003d0aa5,4000421
724,0x003d0e65,4001381
725,0x003d12d1,4002513
726,0x003d12d8,4002520
727,0x003d1d3d,4005181
728,0x003d2b9f,4008863
729,0x003d2f1a,4009754
730,0x003d3575,4011381
731,0x003d39ee,4012526
732,0x003d52b4,4018868
733,0x003d52be,4018878
734,0x003d562f,4019759
735,0x003d5c84,4021380
736,0x003d5c85,4021381
737,0x003d5c86,4021382
738,0x003d6103,4022531
739,0x003d6119,4022553
740,0x003d79d2,4028882
741,0x003d7d44,4029764
742,0x003d7d4b,4029771
743,0x003d839a,4031386
744,0x003d8818,4032536
745,0x003da0e7,4038887
746,0x003da460,4039776
747,0x003da734,4040500
748,0x003daaae,4041390
749,0x003daf2d,4042541
750,0x003dc7fd,4048893
751,0x003dcb76,4049782
752,0x003dd1c2,4051394
753,0x003dd642,4052546
754,0x003dd6c7,4052679
755,0x003dd7b7,4052919
756,0x003def02,4058882
757,0x003def13,4058899
758,0x003df28b,4059787
759,0x003df2b5,4059829
760,0x003df8d7,4061399
761,0x003dfd58,4062552
762,0x003e1627,4068903
763,0x003e199f,4069791
764,0x003e1feb,4071403
765,0x003e1ff7,4071415
766,0x003e246e,4072558
767,0x003e2c66,4074598
768,0x003e3d3b,4078907
769,0x003e40b4,4079796
770,0x003e43c2,4080578
771,0x003e46ff,4081407
772,0x003e4b84,4082564
773,0x003e5375,4084597
774,0x003e6450,4088912
775,0x003e67ca,4089802
776,0x003e6e12,4091410
777,0x003e7299,4092569
778,0x003e7355,4092757
779,0x003e7a85,4094597
780,0x003e8b65,4098917
781,0x003e8ede,4099806
782,0x003e9526,4101414
783,0x003e99ae,4102574
784,0x003e99b7,4102583
785,0x003ea1a0,4104608
786,0x003ea1a1,4104609
787,0x003eb279,4108921
788,0x003eb5f3,4109811
789,0x003ebc3a,4111418
790,0x003ec0cc,4112588
791,0x003ec8b5,4114613
792,0x003ed98e,4118926
793,0x003ed997,4118935
794,0x003edd0a,4119818
795,0x003ee34f,4121423
796,0x003ee356,4121430
797,0x003ee7e2,4122594
798,0x003eefcc,4124620
799,0x003f00ab,4128939
800,0x003f041e,4129822
801,0x003f0427,4129831
802,0x003f0a6b,4131435
803,0x003f0ef7,4132599
804,0x003f0fe4,4132836
805,0x003f16e1,4134625
806,0x003f27c1,4138945
807,0x003f2b3c,4139836
808,0x003f317f,4141439
809,0x003f360a,4142602
810,0x003f3df6,4144630
811,0x003f4ed5,4148949
812,0x003f5250,4149840
813,0x003f5894,4151444
814,0x003f5d20,4152608
815,0x003f650b,4154635
816,0x003f75ea,4158954
817,0x003f7964,4159844
818,0x003f7fa9,4161449
819,0x003f8434,4162612
820,0x003f8437,4162615
821,0x003f8c20,4164640
822,0x003f9d00,4168960
823,0x003fa078,4169848
824,0x003fa6be,4171454
825,0x003fab4b,4172619
826,0x003fb334,4174644
827,0x003fc415,4178965
828,0x003fc78e,4179854
829,0x003fcdd2,4181458
830,0x003fd260,4182624
831,0x003fda48,4184648
832,0x003feb2a,4188970
833,0x003feea4,4189860
834,0x003fef13,4189971
835,0x003ff4e7,4191463
836,0x003ff975,4192629
837,0x0040015d,4194653
838,0x0040123e,4198974
839,0x004015b9,4199865
840,0x00401bfd,4201469
841,0x0040208a,4202634
842,0x00402096,4202646
843,0x00402872,4204658
844,0x0040287a,4204666
845,0x00403953,4208979
846,0x00403ccf,4209871
847,0x00404312,4211474
848,0x004045b4,4212148
849,0x004045b5,4212149
850,0x004045b9,4212153
851,0x004045bc,4212156
852,0x00404615,4212245
853,0x004046f1,4212465
854,0x0040477c,4212604
855,0x0040477f,4212607
856,0x0040478f,4212623
857,0x00404790,4212624
858,0x004047a1,4212641
859,0x004047a4,4212644
860,0x004047ab,4212651
861,0x00404916,4213014
862,0x00404f8f,4214671
863,0x00404ff2,4214770
864,0x00406067,4218983
865,0x0040606f,4218991
866,0x004063e2,4219874
867,0x00406a29,4221481
868,0x00406a36,4221494
869,0x00406ec0,4222656
870,0x00406ee3,4222691
871,0x00406ee6,4222694
872,0x00406f16,4222742
873,0x00406f8e,4222862
874,0x00406f9a,4222874
875,0x00406f9c,4222876
876,0x00406fa0,4222880
877,0x00406fa1,4222881
878,0x00406fa4,4222884
879,0x00406fa9,4222889
880,0x00407116,4223254
881,0x004076a4,4224676
882,0x00408784,4228996
883,0x00408af7,4229879
884,0x00408b00,4229888
885,0x0040914a,4231498
886,0x004095d4,4232660
887,0x004096e2,4232930
888,0x004096e4,4232932
889,0x004096e5,4232933
890,0x00409713,4232979
891,0x0040978d,4233101
892,0x0040979a,4233114
893,0x0040979c,4233116
894,0x0040979e,4233118
895,0x004097a0,4233120
896,0x004097a4,4233124
897,0x00409916,4233494
898,0x00409db8,4234680
899,0x0040ae98,4239000
900,0x0040b214,4239892
901,0x0040b85e,4241502
902,0x0040bcea,4242666
903,0x0040bedc,4243164
904,0x0040bede,4243166
905,0x0040bedf,4243167
906,0x0040bf07,4243207
907,0x0040bf66,4243302
908,0x0040bf72,4243314
909,0x0040bf73,4243315
910,0x0040bf77,4243319
911,0x0040bf79,4243321
912,0x0040bf7a,4243322
913,0x0040bf7d,4243325
914,0x0040c0ed,4243693
915,0x0040c4cd,4244685
916,0x0040d5ac,4249004
917,0x0040d929,4249897
918,0x0040df72,4251506
919,0x0040e3ff,4252671
920,0x0040e6ae,4253358
921,0x0040e6b0,4253360
922,0x0040e6b1,4253361
923,0x0040e6d9,4253401
924,0x0040e73a,4253498
925,0x0040e746,4253510
926,0x0040e747,4253511
927,0x0040e74a,4253514
928,0x0040e74b,4253515
929,0x0040e74e,4253518
930,0x0040e8c5,4253893
931,0x0040ebe1,4254689
932,0x0040f4a6,4256934
933,0x0040f4a7,4256935
934,0x0040f4a8,4256936
935,0x0040f4a9,4256937
936,0x0040f4aa,4256938
937,0x0040f4ab,4256939
938,0x0040f505,4257029
939,0x0040f5ac,4257196
940,0x0040f5d0,4257232
941,0x0040f5d1,4257233
942,0x0040f5d3,4257235
943,0x0040f5e6,4257254
944,0x0040f5e9,4257257
945,0x0040f75f,4257631
946,0x0040fcc0,4259008
947,0x0041003e,4259902
948,0x00410686,4261510
949,0x00410b15,4262677
950,0x00410e87,4263559
951,0x00410e8a,4263562
952,0x00410e8b,4263563
953,0x00410ebb,4263611
954,0x00410f31,4263729
955,0x00410f3f,4263743
956,0x00410f40,4263744
957,0x00410f41,4263745
958,0x00410f43,4263747
959,0x00410f44,4263748
960,0x00410f46,4263750
961,0x00410f49,4263753
962,0x004110c5,4264133
963,0x004112f7,4264695
964,0x00411d1e,4267294
965,0x00411d21,4267297
966,0x00411d22,4267298
967,0x00411d4e,4267342
968,0x00411d9d,4267421
969,0x00411da7,4267431
970,0x00411da8,4267432
971,0x00411daa,4267434
972,0x00411dab,4267435
973,0x00411dac,4267436
974,0x00411dad,4267437
975,0x00411db0,4267440
976,0x00411f36,4267830
977,0x004123d5,4269013
978,0x00412753,4269907
979,0x00412d9c,4271516
980,0x0041322a,4272682
981,0x00413681,4273793
982,0x00413684,4273796
983,0x00413685,4273797
984,0x004136b4,4273844
985,0x0041372a,4273962
986,0x00413736,4273974
987,0x00413737,4273975
988,0x00413739,4273977
989,0x0041373a,4273978
990,0x0041373c,4273980
991,0x0041373f,4273983
992,0x004138c4,4274372
993,0x00413a0e,4274702
994,0x00413a1f,4274719
995,0x00413a21,4274721
996,0x00413a22,4274722
997,0x00413a23,4274723
998,0x00413a24,4274724
999,0x00413a61,4274785
1000,0x00413b0e,4274958
1001,0x00413b29,4274985
1002,0x00413b2a,4274986
1003,0x00413b2b,4274987
1004,0x00413b2e,4274990
1005,0x00413b42,4275010
1006,0x00413b47,4275015
1007,0x00413cb8,4275384
1008,0x004144eb,4277483
1009,0x004144ee,4277486
1010,0x00414517,4277527
1011,0x00414563,4277603
1012,0x00414571,4277617
1013,0x00414573,4277619
1014,0x00414575,4277621
1015,0x00414576,4277622
1016,0x00414577,4277623
1017,0x0041457b,4277627
1018,0x0041470e,4278030
1019,0x00414aea,4279018
1020,0x00414e67,4279911
1021,0x004154b2,4281522
1022,0x00415941,4282689
1023,0x00415e77,4284023
1024,0x00415e7a,4284026
1025,0x00415eaa,4284074
1026,0x00415f22,4284194
1027,0x00415f2f,4284207
1028,0x00415f30,4284208
1029,0x00415f31,4284209
1030,0x00415f35,4284213
1031,0x00415f37,4284215
1032,0x00415f3b,4284219
1033,0x004160c4,4284612
1034,0x00416123,4284707
1035,0x0041627e,4285054
1036,0x00416281,4285057
1037,0x004162ac,4285100
1038,0x00416307,4285191
1039,0x00416313,4285203
1040,0x00416314,4285204
1041,0x00416315,4285205
1042,0x00416317,4285207
1043,0x00416318,4285208
1044,0x0041631a,4285210
1045,0x0041631d,4285213
1046,0x0041648f,4285583
1047,0x00416cb5,4287669
1048,0x00416cb8,4287672
1049,0x00416cb9,4287673
1050,0x00416cde,4287710
1051,0x00416d27,4287783
1052,0x00416d31,4287793
1053,0x00416d32,4287794
1054,0x00416d34,4287796
1055,0x00416d35,4287797
1056,0x00416d37,4287799
1057,0x00416d3a,4287802
1058,0x00416ebe,4288190
1059,0x004171ff,4289023
1060,0x0041757c,4289916
1061,0x00417bc8,4291528
1062,0x00418058,4292696
1063,0x00418674,4294260
1064,0x00418676,4294262
1065,0x00418677,4294263
1066,0x004186a6,4294310
1067,0x0041871b,4294427
1068,0x00418729,4294441
1069,0x0041872a,4294442
1070,0x0041872b,4294443
1071,0x0041872d,4294445
1072,0x0041872e,4294446
1073,0x0041872f,4294447
1074,0x00418730,4294448
1075,0x00418734,4294452
1076,0x00418839,4294713
1077,0x004188c4,4294852
1078,0x00418a57,4295255
1079,0x00418a5a,4295258
1080,0x00418a87,4295303
1081,0x00418ae1,4295393
1082,0x00418aef,4295407
1083,0x00418af0,4295408
1084,0x00418af4,4295412
1085,0x00418af6,4295414
1086,0x00418af9,4295417
1087,0x00418c67,4295783
1088,0x00419473,4297843
1089,0x00419475,4297845
1090,0x00419476,4297846
1091,0x0041949d,4297885
1092,0x004194e6,4297958
1093,0x004194f3,4297971
1094,0x004194f4,4297972
1095,0x004194f5,4297973
1096,0x004194f8,4297976
1097,0x004194fa,4297978
1098,0x004194fe,4297982
1099,0x0041966d,4298349
1100,0x00419915,4299029
1101,0x0041994f,4299087
1102,0x00419c91,4299921
1103,0x0041a2de,4301534
1104,0x0041a76e,4302702
1105,0x0041a777,4302711
1106,0x0041ae6e,4304494
1107,0x0041ae71,4304497
1108,0x0041aea0,4304544
1109,0x0041af11,4304657
1110,0x0041af12,4304658
1111,0x0041af1e,4304670
1112,0x0041af1f,4304671
1113,0x0041af20,4304672
1114,0x0041af21,4304673
1115,0x0041af22,4304674
1116,0x0041af25,4304677
1117,0x0041af29,4304681
1118,0x0041af4e,4304718
1119,0x0041af58,4304728
1120,0x0041b09c,4305052
1121,0x0041b230,4305456
1122,0x0041b232,4305458
1123,0x0041b233,4305459
1124,0x0041b25e,4305502
1125,0x0041b2b7,4305591
1126,0x0041b2c1,4305601
1127,0x0041b2c2,4305602
1128,0x0041b2c4,4305604
1129,0x0041b2c6,4305606
1130,0x0041b2c7,4305607
1131,0x0041b2cb,4305611
1132,0x0041b43f,4305983
1133,0x0041bafb,4307707
1134,0x0041bafc,4307708
1135,0x0041bafd,4307709
1136,0x0041baff,4307711
1137,0x0041bb00,4307712
1138,0x0041bb46,4307782
1139,0x0041bbf8,4307960
1140,0x0041bc1c,4307996
1141,0x0041bc1d,4307997
1142,0x0041bc1e,4307998
1143,0x0041bc20,4308000
1144,0x0041bc21,4308001
1145,0x0041bc36,4308022
1146,0x0041bc37,4308023
1147,0x0041bc39,4308025
1148,0x0041bc5f,4308063
1149,0x0041bca7,4308135
1150,0x0041bcb6,4308150
1151,0x0041bcb7,4308151
1152,0x0041bcba,4308154
1153,0x0041bcbc,4308156
1154,0x0041bcc0,4308160
1155,0x0041bdc4,4308420
1156,0x0041be45,4308549
1157,0x0041c028,4309032
1158,0x0041c3a6,4309926
1159,0x0041c9f3,4311539
1160,0x0041ce8c,4312716
1161,0x0041d663,4314723
1162,0x0041d665,4314725
1163,0x0041d666,4314726
1164,0x0041d667,4314727
1165,0x0041d66d,4314733
1166,0x0041d697,4314775
1167,0x0041d709,4314889
1168,0x0041d716,4314902
1169,0x0041d718,4314904
1170,0x0041d71a,4314906
1171,0x0041d71b,4314907
1172,0x0041d71d,4314909
1173,0x0041d720,4314912
1174,0x0041d89b,4315291
1175,0x0041da03,4315651
1176,0x0041da05,4315653
1177,0x0041da06,4315654
1178,0x0041da32,4315698
1179,0x0041da8b,4315787
1180,0x0041da96,4315798
1181,0x0041da97,4315799
1182,0x0041da98,4315800
1183,0x0041da99,4315801
1184,0x0041da9a,4315802
1185,0x0041da9b,4315803
1186,0x0041da9d,4315805
1187,0x0041daa0,4315808
1188,0x0041dc16,4316182
1189,0x0041e374,4318068
1190,0x0041e377,4318071
1191,0x0041e3a1,4318113
1192,0x0041e3fb,4318203
1193,0x0041e400,4318208
1194,0x0041e401,4318209
1195,0x0041e402,4318210
1196,0x0041e409,4318217
1197,0x0041e40a,4318218
1198,0x0041e40c,4318220
1199,0x0041e40f,4318223
1200,0x0041e412,4318226
1201,0x0041e428,4318248
1202,0x0041e470,4318320
1203,0x0041e47b,4318331
1204,0x0041e47c,4318332
1205,0x0041e47e,4318334
1206,0x0041e480,4318336
1207,0x0041e484,4318340
1208,0x0041e59b,4318619
1209,0x0041e5f4,4318708
1210,0x0041e73d,4319037
1211,0x0041e746,4319046
1212,0x0041eabb,4319931
1213,0x0041f10a,4321546
1214,0x0041f13e,4321598
1215,0x0041f5a5,4322725
1216,0x0041fd83,4324739
1217,0x0041fe61,4324961
1218,0x0041fe64,4324964
1219,0x0041fe65,4324965
1220,0x0041fe96,4325014
1221,0x0041ff14,4325140
1222,0x0041ff20,4325152
1223,0x0041ff22,4325154
1224,0x0041ff24,4325156
1225,0x0041ff25,4325157
1226,0x0041ff27,4325159
1227,0x0041ff2b,4325163
1228,0x0042009b,4325531
1229,0x004201de,4325854
1230,0x004201e0,4325856
1231,0x004201e1,4325857
1232,0x0042020f,4325903
1233,0x00420269,4325993
1234,0x00420275,4326005
1235,0x00420276,4326006
1236,0x00420279,4326009
1237,0x0042027b,4326011
1238,0x0042027e,4326014
1239,0x004203ee,4326382
1240,0x00420b4f,4328271
1241,0x00420b51,4328273
1242,0x00420b52,4328274
1243,0x00420b7f,4328319
1244,0x00420bc5,4328389
1245,0x00420bc7,4328391
1246,0x00420bda,4328410
1247,0x00420be7,4328423
1248,0x00420be8,4328424
1249,0x00420be9,4328425
1250,0x00420bed,4328429
1251,0x00420bef,4328431
1252,0x00420bf1,4328433
1253,0x00420bf3,4328435
1254,0x00420c3a,4328506
1255,0x00420c46,4328518
1256,0x00420c48,4328520
1257,0x00420c4a,4328522
1258,0x00420c4c,4328524
1259,0x00420c50,4328528
1260,0x00420d73,4328819
1261,0x00420dcc,4328908
1262,0x00420e5a,4329050
1263,0x004211d1,4329937
1264,0x004211da,4329946
1265,0x00421854,4331604
1266,0x00421cbb,4332731
1267,0x0042249a,4334746
1268,0x00422665,4335205
1269,0x00422669,4335209
1270,0x00422699,4335257
1271,0x00422712,4335378
1272,0x00422720,4335392
1273,0x00422721,4335393
1274,0x00422722,4335394
1275,0x00422726,4335398
1276,0x0042272a,4335402
1277,0x0042272e,4335406
1278,0x0042289b,4335771
1279,0x004229b5,4336053
1280,0x004229b8,4336056
1281,0x004229b9,4336057
1282,0x004229e6,4336102
1283,0x00422a3f,4336191
1284,0x00422a4b,4336203
1285,0x00422a4c,4336204
1286,0x00422a4f,4336207
1287,0x00422a51,4336209
1288,0x00422a54,4336212
1289,0x00422bc5,4336581
1290,0x0042332a,4338474
1291,0x0042332c,4338476
1292,0x00423358,4338520
1293,0x00423388,4338568
1294,0x0042338b,4338571
1295,0x004233b1,4338609
1296,0x004233b2,4338610
1297,0x004233bd,4338621
1298,0x004233be,4338622
1299,0x004233bf,4338623
1300,0x004233c1,4338625
1301,0x004233c3,4338627
1302,0x004233c6,4338630
1303,0x004233fd,4338685
1304,0x0042340b,4338699
1305,0x0042340c,4338700
1306,0x0042340e,4338702
1307,0x00423411,4338705
1308,0x00423415,4338709
1309,0x0042354b,4339019
1310,0x0042356e,4339054
1311,0x004235a4,4339108
1312,0x004238ee,4339950
1313,0x00423f6a,4341610
1314,0x004243d1,4342737
1315,0x00424baf,4344751
1316,0x00424e68,4345448
1317,0x00424e6a,4345450
1318,0x00424e9c,4345500
1319,0x00424f10,4345616
1320,0x00424f1c,4345628
1321,0x00424f1d,4345629
1322,0x00424f21,4345633
1323,0x00424f23,4345635
1324,0x00424f27,4345639
1325,0x0042509a,4346010
1326,0x0042518a,4346250
1327,0x0042518c,4346252
1328,0x0042518d,4346253
1329,0x0042518e,4346254
1330,0x004251ba,4346298
1331,0x00425216,4346390
1332,0x00425221,4346401
1333,0x00425222,4346402
1334,0x00425223,4346403
1335,0x00425225,4346405
1336,0x00425227,4346407
1337,0x0042522a,4346410
1338,0x0042539d,4346781
1339,0x00425afc,4348668
1340,0x00425aff,4348671
1341,0x00425b2a,4348714
1342,0x00425b4a,4348746
1343,0x00425b4c,4348748
1344,0x00425b4d,4348749
1345,0x00425b75,4348789
1346,0x00425b83,4348803
1347,0x00425b8f,4348815
1348,0x00425b90,4348816
1349,0x00425b93,4348819
1350,0x00425b94,4348820
1351,0x00425b95,4348821
1352,0x00425b99,4348825
1353,0x00425bc0,4348864
1354,0x00425bcc,4348876
1355,0x00425bcd,4348877
1356,0x00425bce,4348878
1357,0x00425bd0,4348880
1358,0x00425bd2,4348882
1359,0x00425bd5,4348885
1360,0x00425c83,4349059
1361,0x00425d23,4349219
1362,0x00425d53,4349267
1363,0x00426004,4349956
1364,0x004263e1,4350945
1365,0x004263e2,4350946
1366,0x004263e4,4350948
1367,0x004263e5,4350949
1368,0x00426431,4351025
1369,0x00426538,4351288
1370,0x004265ae,4351406
1371,0x004265b6,4351414
1372,0x004265b8,4351416
1373,0x004265bc,4351420
1374,0x004265bd,4351421
1375,0x004265be,4351422
1376,0x004265c0,4351424
1377,0x004265c2,4351426
1378,0x004265c3,4351427
1379,0x004265c4,4351428
1380,0x004265c5,4351429
1381,0x004265c6,4351430
1382,0x004265c7,4351431
1383,0x004265c8,4351432
1384,0x004265c9,4351433
1385,0x004265ca,4351434
1386,0x004265cb,4351435
1387,0x004265cc,4351436
1388,0x004265cd,4351437
1389,0x004265d1,4351441
1390,0x00426641,4351553
1391,0x00426659,4351577
1392,0x0042665a,4351578
1393,0x0042665b,4351579
1394,0x0042665e,4351582
1395,0x00426669,4351593
1396,0x0042667f,4351615
1397,0x004266c1,4351681
1398,0x004266de,4351710
1399,0x004266ec,4351724
1400,0x004266ee,4351726
1401,0x0042678b,4351883
1402,0x0042679f,4351903
1403,0x004267a0,4351904
1404,0x004267a1,4351905
1405,0x004267a4,4351908
1406,0x004267a5,4351909
1407,0x004267a7,4351911
1408,0x00426937,4352311
1409,0x00426ae6,4352742
1410,0x00426b46,4352838
1411,0x00426b48,4352840
1412,0x00426b4f,4352847
1413,0x00426b54,4352852
1414,0x00426b57,4352855
1415,0x00426b5c,4352860
1416,0x00426b60,4352864
1417,0x00426b61,4352865
1418,0x00426b62,4352866
1419,0x00426b63,4352867
1420,0x00426b64,4352868
1421,0x00426b65,4352869
1422,0x00426b66,4352870
1423,0x00426b68,4352872
1424,0x00426b91,4352913
1425,0x00426bb2,4352946
1426,0x00426bcb,4352971
1427,0x00426c98,4353176
1428,0x00426ca5,4353189
1429,0x00426cb5,4353205
1430,0x00426cb6,4353206
1431,0x00426cb7,4353207
1432,0x00426cb8,4353208
1433,0x00426cb9,4353209
1434,0x00426cbb,4353211
1435,0x00426cbc,4353212
1436,0x00426cbd,4353213
1437,0x00426cbe,4353214
1438,0x00426cbf,4353215
1439,0x00426cc0,4353216
1440,0x00426cc1,4353217
1441,0x00426cc2,4353218
1442,0x00426cc3,4353219
1443,0x00426cc4,4353220
1444,0x00426cc5,4353221
1445,0x00426cc6,4353222
1446,0x00426cc7,4353223
1447,0x00426cc8,4353224
1448,0x00426cc9,4353225
1449,0x00426cca,4353226
1450,0x00426ccb,4353227
1451,0x00426ccc,4353228
1452,0x00426ccd,4353229
1453,0x00426cce,4353230
1454,0x00426ccf,4353231
1455,0x00426cd0,4353232
1456,0x00426cd1,4353233
1457,0x00426cd2,4353234
1458,0x00426cff,4353279
1459,0x00426dc1,4353473
1460,0x00426dc4,4353476
1461,0x00426dc5,4353477
1462,0x00426f4f,4353871
1463,0x00427076,4354166
1464,0x00427084,4354180
1465,0x00427089,4354185
1466,0x0042708a,4354186
1467,0x0042708f,4354191
1468,0x00427090,4354192
1469,0x00427091,4354193
1470,0x00427092,4354194
1471,0x00427093,4354195
1472,0x00427094,4354196
1473,0x004271f1,4354545
1474,0x004271f4,4354548
1475,0x004271fc,4354556
1476,0x00427202,4354562
1477,0x00427203,4354563
1478,0x00427204,4354564
1479,0x00427205,4354565
1480,0x00427206,4354566
1481,0x00427207,4354567
1482,0x00427209,4354569
1483,0x0042720b,4354571
1484,0x0042720d,4354573
1485,0x00427218,4354584
1486,0x0042721a,4354586
1487,0x00427220,4354592
1488,0x00427224,4354596
1489,0x00427225,4354597
1490,0x00427226,4354598
1491,0x00427227,4354599
1492,0x00427228,4354600
1493,0x0042722d,4354605
1494,0x0042722e,4354606
1495,0x00427230,4354608
1496,0x00427231,4354609
1497,0x00427232,4354610
1498,0x00427234,4354612
1499,0x00427236,4354614
1500,0x00427237,4354615
1501,0x0042723b,4354619
1502,0x0042723c,4354620
1503,0x00427240,4354624
1504,0x00427241,4354625
1505,0x00427243,4354627
1506,0x00427244,4354628
1507,0x00427245,4354629
1508,0x00427246,4354630
1509,0x00427247,4354631
1510,0x00427248,4354632
1511,0x0042724c,4354636
1512,0x0042724d,4354637
1513,0x0042724f,4354639
1514,0x00427250,4354640
1515,0x00427251,4354641
1516,0x00427252,4354642
1517,0x00427253,4354643
1518,0x00427254,4354644
1519,0x00427257,4354647
1520,0x00427259,4354649
1521,0x0042725d,4354653
1522,0x00427260,4354656
1523,0x00427261,4354657
1524,0x00427262,4354658
1525,0x00427263,4354659
1526,0x00427264,4354660
1527,0x00427268,4354664
1528,0x00427269,4354665
1529,0x0042726b,4354667
1530,0x0042726c,4354668
1531,0x0042726d,4354669
1532,0x0042726e,4354670
1533,0x0042726f,4354671
1534,0x00427274,4354676
1535,0x00427275,4354677
1536,0x00427279,4354681
1537,0x0042727a,4354682
1538,0x0042727c,4354684
1539,0x0042727d,4354685
1540,0x0042727e,4354686
1541,0x0042727f,4354687
1542,0x00427280,4354688
1543,0x00427281,4354689
1544,0x00427284,4354692
1545,0x00427285,4354693
1546,0x00427287,4354695
1547,0x00427288,4354696
1548,0x00427289,4354697
1549,0x0042728a,4354698
1550,0x0042728b,4354699
1551,0x0042728f,4354703
1552,0x00427290,4354704
1553,0x00427294,4354708
1554,0x00427295,4354709
1555,0x0042729d,4354717
1556,0x0042729e,4354718
1557,0x0042729f,4354719
1558,0x004272a0,4354720
1559,0x004272a1,4354721
1560,0x004272a2,4354722
1561,0x004272a7,4354727
1562,0x004272aa,4354730
1563,0x004272ab,4354731
1564,0x004272ac,4354732
1565,0x004272ad,4354733
1566,0x004272ae,4354734
1567,0x004272af,4354735
1568,0x004272b2,4354738
1569,0x004272b4,4354740
1570,0x004272b8,4354744
1571,0x004272ba,4354746
1572,0x004272bb,4354747
1573,0x004272bc,4354748
1574,0x004272bd,4354749
1575,0x004272be,4354750
1576,0x004272c2,4354754
1577,0x004272c3,4354755
1578,0x004272c4,4354756
1579,0x004272c5,4354757
1580,0x004272c6,4354758
1581,0x004272c7,4354759
1582,0x004272cb,4354763
1583,0x004272cc,4354764
1584,0x004272d0,4354768
1585,0x004272d2,4354770
1586,0x004272d3,4354771
1587,0x004272d4,4354772
1588,0x004272d5,4354773
1589,0x004272d6,4354774
1590,0x004272da,4354778
1591,0x004272db,4354779
1592,0x004272dd,4354781
1593,0x004272de,4354782
1594,0x004272df,4354783
1595,0x004272e0,4354784
1596,0x004272e1,4354785
1597,0x004272e5,4354789
1598,0x004272e6,4354790
1599,0x004272ea,4354794
1600,0x004272eb,4354795
1601,0x004272ed,4354797
1602,0x004272ee,4354798
1603,0x004272ef,4354799
1604,0x004272f0,4354800
1605,0x004272f1,4354801
1606,0x004272f5,4354805
1607,0x004272f6,4354806
1608,0x004272f8,4354808
1609,0x004272f9,4354809
1610,0x004272fa,4354810
1611,0x004272fb,4354811
1612,0x004272ff,4354815
1613,0x00427300,4354816
1614,0x00427304,4354820
1615,0x00427306,4354822
1616,0x00427307,4354823
1617,0x00427308,4354824
1618,0x00427309,4354825
1619,0x0042730a,4354826
1620,0x0042730e,4354830
1621,0x00427310,4354832
1622,0x00427311,4354833
1623,0x00427312,4354834
1624,0x00427313,4354835
1625,0x00427316,4354838
1626,0x00427317,4354839
1627,0x0042731b,4354843
1628,0x0042731f,4354847
1629,0x00427320,4354848
1630,0x00427321,4354849
1631,0x00427325,4354853
1632,0x00427326,4354854
1633,0x00427328,4354856
1634,0x00427329,4354857
1635,0x0042732a,4354858
1636,0x0042732f,4354863
1637,0x00427330,4354864
1638,0x00427334,4354868
1639,0x00427335,4354869
1640,0x00427337,4354871
1641,0x00427338,4354872
1642,0x00427339,4354873
1643,0x0042733a,4354874
1644,0x0042733e,4354878
1645,0x0042733f,4354879
1646,0x00427340,4354880
1647,0x00427341,4354881
1648,0x00427342,4354882
1649,0x00427343,4354883
1650,0x00427347,4354887
1651,0x0042734b,4354891
1652,0x0042734c,4354892
1653,0x0042734e,4354894
1654,0x0042734f,4354895
1655,0x00427350,4354896
1656,0x00427351,4354897
1657,0x00427355,4354901
1658,0x00427357,4354903
1659,0x00427358,4354904
1660,0x00427359,4354905
1661,0x0042735a,4354906
1662,0x0042735d,4354909
1663,0x0042735e,4354910
1664,0x00427362,4354914
1665,0x00427364,4354916
1666,0x00427365,4354917
1667,0x00427366,4354918
1668,0x00427367,4354919
1669,0x00427368,4354920
1670,0x0042736b,4354923
1671,0x0042736c,4354924
1672,0x0042736f,4354927
1673,0x00427370,4354928
1674,0x00427371,4354929
1675,0x00427376,4354934
1676,0x00427378,4354936
1677,0x0042737d,4354941
1678,0x0042737f,4354943
1679,0x00427380,4354944
1680,0x00427381,4354945
1681,0x00427382,4354946
1682,0x00427383,4354947
1683,0x00427386,4354950
1684,0x00427387,4354951
1685,0x00427389,4354953
1686,0x0042738a,4354954
1687,0x0042738b,4354955
1688,0x0042738c,4354956
1689,0x00427392,4354962
1690,0x00427396,4354966
1691,0x00427397,4354967
1692,0x00427399,4354969
1693,0x0042739a,4354970
1694,0x0042739b,4354971
1695,0x0042739c,4354972
1696,0x0042739d,4354973
1697,0x004273a1,4354977
1698,0x004273a3,4354979
1699,0x004273a4,4354980
1700,0x004273a5,4354981
1701,0x004273aa,4354986
1702,0x004273ac,4354988
1703,0x004273af,4354991
1704,0x004273b0,4354992
1705,0x004273b2,4354994
1706,0x004273b3,4354995
1707,0x004273b4,4354996
1708,0x004273b5,4354997
1709,0x004273b9,4355001
1710,0x004273ba,4355002
1711,0x004273bc,4355004
1712,0x004273bd,4355005
1713,0x004273be,4355006
1714,0x004273bf,4355007
1715,0x004273c3,4355011
1716,0x004273c5,4355013
1717,0x004273ca,4355018
1718,0x004273cb,4355019
1719,0x004273cc,4355020
1720,0x004273cd,4355021
1721,0x004273ce,4355022
1722,0x004273cf,4355023
1723,0x004273d0,4355024
1724,0x004273d4,4355028
1725,0x004273d7,4355031
1726,0x004273d8,4355032
1727,0x004273d9,4355033
1728,0x004273dc,4355036
1729,0x004273dd,4355037
1730,0x004273e1,4355041
1731,0x004273e2,4355042
1732,0x004273e3,4355043
1733,0x004273e4,4355044
1734,0x004273e5,4355045
1735,0x004273e6,4355046
1736,0x004273e7,4355047
1737,0x004273ea,4355050
1738,0x004273eb,4355051
1739,0x004273ed,4355053
1740,0x004273ee,4355054
1741,0x004273ef,4355055
1742,0x004273f2,4355058
1743,0x004273f3,4355059
1744,0x004273f7,4355063
1745,0x004273f8,4355064
1746,0x004273fa,4355066
1747,0x004273fb,4355067
1748,0x004273fc,4355068
1749,0x004273fd,4355069
1750,0x00427400,4355072
1751,0x00427401,4355073
1752,0x00427403,4355075
1753,0x00427404,4355076
1754,0x00427405,4355077
1755,0x00427409,4355081
1756,0x0042740d,4355085
1757,0x0042740e,4355086
1758,0x0042740f,4355087
1759,0x00427410,4355088
1760,0x00427411,4355089
1761,0x00427412,4355090
1762,0x00427413,4355091
1763,0x00427414,4355092
1764,0x00427417,4355095
1765,0x00427418,4355096
1766,0x00427419,4355097
1767,0x0042741a,4355098
1768,0x0042741b,4355099
1769,0x0042741c,4355100
1770,0x00427420,4355104
1771,0x00427421,4355105
1772,0x00427422,4355106
1773,0x00427424,4355108
1774,0x00427425,4355109
1775,0x00427426,4355110
1776,0x00427428,4355112
1777,0x00427429,4355113
1778,0x0042742a,4355114
1779,0x0042742b,4355115
1780,0x0042742f,4355119
1781,0x00427430,4355120
1782,0x00427432,4355122
1783,0x00427433,4355123
1784,0x00427434,4355124
1785,0x00427435,4355125
1786,0x00427439,4355129
1787,0x0042743d,4355133
1788,0x0042743e,4355134
1789,0x00427440,4355136
1790,0x00427441,4355137
1791,0x00427442,4355138
1792,0x00427443,4355139
1793,0x00427447,4355143
1794,0x00427448,4355144
1795,0x00427449,4355145
1796,0x0042744a,4355146
1797,0x0042744b,4355147
1798,0x0042744c,4355148
1799,0x0042744f,4355151
1800,0x00427453,4355155
1801,0x00427454,4355156
1802,0x00427456,4355158
1803,0x00427457,4355159
1804,0x00427458,4355160
1805,0x00427459,4355161
1806,0x0042745a,4355162
1807,0x0042745e,4355166
1808,0x00427460,4355168
1809,0x00427461,4355169
1810,0x00427462,4355170
1811,0x00427466,4355174
1812,0x0042746a,4355178
1813,0x0042746c,4355180
1814,0x0042746d,4355181
1815,0x0042746e,4355182
1816,0x0042746f,4355183
1817,0x00427470,4355184
1818,0x00427474,4355188
1819,0x00427475,4355189
1820,0x00427476,4355190
1821,0x00427477,4355191
1822,0x00427478,4355192
1823,0x00427479,4355193
1824,0x0042747c,4355196
1825,0x0042747d,4355197
1826,0x00427481,4355201
1827,0x00427483,4355203
1828,0x00427484,4355204
1829,0x00427485,4355205
1830,0x00427486,4355206
1831,0x00427487,4355207
1832,0x0042748b,4355211
1833,0x0042748d,4355213
1834,0x0042748e,4355214
1835,0x0042748f,4355215
1836,0x00427490,4355216
1837,0x00427494,4355220
1838,0x00427495,4355221
1839,0x00427496,4355222
1840,0x00427497,4355223
1841,0x00427498,4355224
1842,0x0042749b,4355227
1843,0x0042749c,4355228
1844,0x0042749e,4355230
1845,0x0042749f,4355231
1846,0x004274a0,4355232
1847,0x004274a1,4355233
1848,0x004274a2,4355234
1849,0x004274a5,4355237
1850,0x004274a6,4355238
1851,0x004274a7,4355239
1852,0x004274a8,4355240
1853,0x004274a9,4355241
1854,0x004274aa,4355242
1855,0x004274ad,4355245
1856,0x004274ae,4355246
1857,0x004274b1,4355249
1858,0x004274b2,4355250
1859,0x004274b3,4355251
1860,0x004274b4,4355252
1861,0x004274b5,4355253
1862,0x004274b6,4355254
1863,0x004274b7,4355255
1864,0x004274bb,4355259
1865,0x004274bd,4355261
1866,0x004274be,4355262
1867,0x004274bf,4355263
1868,0x004274c2,4355266
1869,0x004274c3,4355267
1870,0x004274c6,4355270
1871,0x004274c7,4355271
1872,0x004274c9,4355273
1873,0x004274ca,4355274
1874,0x004274cb,4355275
1875,0x004274cc,4355276
1876,0x004274d1,4355281
1877,0x004274d3,4355283
1878,0x004274d4,4355284
1879,0x004274d5,4355285
1880,0x004274d6,4355286
1881,0x004274d9,4355289
1882,0x004274dd,4355293
1883,0x004274e0,4355296
1884,0x004274e1,4355297
1885,0x004274e2,4355298
1886,0x004274e3,4355299
1887,0x004274e6,4355302
1888,0x004274e7,4355303
1889,0x004274e8,4355304
1890,0x004274e9,4355305
1891,0x004274ea,4355306
1892,0x004274eb,4355307
1893,0x004274ee,4355310
1894,0x004274ef,4355311
1895,0x004274f2,4355314
1896,0x004274f3,4355315
1897,0x004274f5,4355317
1898,0x004274f6,4355318
1899,0x004274f7,4355319
1900,0x004274f8,4355320
1901,0x004274fd,4355325
1902,0x004274fe,4355326
1903,0x004274ff,4355327
1904,0x00427501,4355329
1905,0x00427502,4355330
1906,0x00427503,4355331
1907,0x00427507,4355335
1908,0x00427508,4355336
1909,0x00427509,4355337
1910,0x0042750a,4355338
1911,0x0042750c,4355340
1912,0x0042750d,4355341
1913,0x0042750f,4355343
1914,0x00427510,4355344
1915,0x00427511,4355345
1916,0x00427512,4355346
1917,0x00427513,4355347
1918,0x00427517,4355351
1919,0x00427518,4355352
1920,0x0042751a,4355354
1921,0x0042751b,4355355
1922,0x0042751c,4355356
1923,0x0042751d,4355357
1924,0x00427520,4355360
1925,0x00427521,4355361
1926,0x00427525,4355365
1927,0x00427527,4355367
1928,0x00427528,4355368
1929,0x00427529,4355369
1930,0x0042752a,4355370
1931,0x0042752b,4355371
1932,0x00427530,4355376
1933,0x00427531,4355377
1934,0x00427534,4355380
1935,0x00427535,4355381
1936,0x00427536,4355382
1937,0x00427537,4355383
1938,0x0042753a,4355386
1939,0x0042753e,4355390
1940,0x0042753f,4355391
1941,0x00427540,4355392
1942,0x00427542,4355394
1943,0x00427543,4355395
1944,0x00427544,4355396
1945,0x00427548,4355400
1946,0x00427549,4355401
1947,0x0042754b,4355403
1948,0x0042754c,4355404
1949,0x0042754d,4355405
1950,0x00427551,4355409
1951,0x00427555,4355413
1952,0x00427556,4355414
1953,0x00427557,4355415
1954,0x00427558,4355416
1955,0x00427559,4355417
1956,0x0042755a,4355418
1957,0x0042755b,4355419
1958,0x0042755f,4355423
1959,0x00427560,4355424
1960,0x00427561,4355425
1961,0x00427562,4355426
1962,0x00427563,4355427
1963,0x00427564,4355428
1964,0x00427567,4355431
1965,0x00427568,4355432
1966,0x0042756c,4355436
1967,0x0042756d,4355437
1968,0x0042756e,4355438
1969,0x0042756f,4355439
1970,0x00427570,4355440
1971,0x00427571,4355441
1972,0x00427572,4355442
1973,0x00427576,4355446
1974,0x00427579,4355449
1975,0x0042757a,4355450
1976,0x0042757b,4355451
1977,0x0042757f,4355455
1978,0x00427580,4355456
1979,0x00427581,4355457
1980,0x00427582,4355458
1981,0x00427586,4355462
1982,0x00427587,4355463
1983,0x00427589,4355465
1984,0x0042758a,4355466
1985,0x0042758b,4355467
1986,0x0042758c,4355468
1987,0x00427590,4355472
1988,0x00427592,4355474
1989,0x00427593,4355475
1990,0x00427594,4355476
1991,0x00427595,4355477
1992,0x00427599,4355481
1993,0x0042759a,4355482
1994,0x0042759d,4355485
1995,0x0042759e,4355486
1996,0x0042759f,4355487
1997,0x004275a0,4355488
1998,0x004275a1,4355489
1999,0x004275a2,4355490
2000,0x004275a3,4355491
2001,0x004275a4,4355492
2002,0x004275a8,4355496
2003,0x004275aa,4355498
2004,0x004275ab,4355499
2005,0x004275ac,4355500
2006,0x004275ad,4355501
2007,0x004275b0,4355504
2008,0x004275b1,4355505
2009,0x004275b4,4355508
2010,0x004275b5,4355509
2011,0x004275b7,4355511
2012,0x004275b8,4355512
2013,0x004275b9,4355513
2014,0x004275ba,4355514
2015,0x004275bd,4355517
2016,0x004275be,4355518
2017,0x004275c0,4355520
2018,0x004275c1,4355521
2019,0x004275c2,4355522
2020,0x004275c3,4355523
2021,0x004275c6,4355526
2022,0x004275c7,4355527
2023,0x004275cb,4355531
2024,0x004275cd,4355533
2025,0x004275ce,4355534
2026,0x004275cf,4355535
2027,0x004275d0,4355536
2028,0x004275d4,4355540
2029,0x004275d5,4355541
2030,0x004275d8,4355544
2031,0x004275d9,4355545
2032,0x004275da,4355546
2033,0x004275db,4355547
2034,0x004275dd,4355549
2035,0x004275de,4355550
2036,0x004275e2,4355554
2037,0x004275e3,4355555
2038,0x004275e4,4355556
2039,0x004275e5,4355557
2040,0x004275e6,4355558
2041,0x004275e7,4355559
2042,0x004275e8,4355560
2043,0x004275ec,4355564
2044,0x004275ed,4355565
2045,0x004275ef,4355567
2046,0x004275f0,4355568
2047,0x004275f1,4355569
2048,0x004275f5,4355573
2049,0x004275f6,4355574
2050,0x004275f8,4355576
2051,0x004275fa,4355578
2052,0x004275fb,4355579
2053,0x004275fd,4355581
2054,0x004275fe,4355582
2055,0x004275ff,4355583
2056,0x00427600,4355584
2057,0x00427604,4355588
2058,0x00427606,4355590
2059,0x00427607,4355591
2060,0x00427608,4355592
2061,0x00427609,4355593
2062,0x0042760c,4355596
2063,0x0042760d,4355597
2064,0x00427611,4355601
2065,0x00427613,4355603
2066,0x00427614,4355604
2067,0x00427615,4355605
2068,0x00427616,4355606
2069,0x00427617,4355607
2070,0x0042761b,4355611
2071,0x0042761d,4355613
2072,0x0042761e,4355614
2073,0x0042761f,4355615
2074,0x00427620,4355616
2075,0x00427623,4355619
2076,0x00427624,4355620
2077,0x00427627,4355623
2078,0x00427628,4355624
2079,0x00427629,4355625
2080,0x0042762a,4355626
2081,0x0042762b,4355627
2082,0x0042762c,4355628
2083,0x0042762d,4355629
2084,0x0042762e,4355630
2085,0x00427631,4355633
2086,0x00427633,4355635
2087,0x00427634,4355636
2088,0x00427635,4355637
2089,0x00427636,4355638
2090,0x00427639,4355641
2091,0x0042763a,4355642
2092,0x0042763d,4355645
2093,0x0042763e,4355646
2094,0x0042763f,4355647
2095,0x00427640,4355648
2096,0x00427641,4355649
2097,0x00427642,4355650
2098,0x00427643,4355651
2099,0x00427647,4355655
2100,0x00427648,4355656
2101,0x0042764a,4355658
2102,0x0042764b,4355659
2103,0x0042764c,4355660
2104,0x0042764f,4355663
2105,0x00427650,4355664
2106,0x00427653,4355667
2107,0x00427654,4355668
2108,0x00427656,4355670
2109,0x00427657,4355671
2110,0x00427658,4355672
2111,0x00427659,4355673
2112,0x0042765d,4355677
2113,0x0042765e,4355678
2114,0x00427661,4355681
2115,0x00427662,4355682
2116,0x00427663,4355683
2117,0x00427664,4355684
2118,0x00427667,4355687
2119,0x00427668,4355688
2120,0x00427669,4355689
2121,0x0042766a,4355690
2122,0x0042766d,4355693
2123,0x0042766f,4355695
2124,0x00427670,4355696
2125,0x00427671,4355697
2126,0x00427672,4355698
2127,0x00427673,4355699
2128,0x00427677,4355703
2129,0x00427678,4355704
2130,0x00427679,4355705
2131,0x0042767a,4355706
2132,0x0042767b,4355707
2133,0x0042767c,4355708
2134,0x0042767f,4355711
2135,0x00427680,4355712
2136,0x00427684,4355716
2137,0x00427685,4355717
2138,0x00427687,4355719
2139,0x00427688,4355720
2140,0x00427689,4355721
2141,0x0042768a,4355722
2142,0x0042768d,4355725
2143,0x0042768e,4355726
2144,0x0042768f,4355727
2145,0x00427690,4355728
2146,0x00427691,4355729
2147,0x00427692,4355730
2148,0x00427694,4355732
2149,0x00427695,4355733
2150,0x00427699,4355737
2151,0x0042769a,4355738
2152,0x0042769b,4355739
2153,0x0042769c,4355740
2154,0x0042769d,4355741
2155,0x0042769e,4355742
2156,0x0042769f,4355743
2157,0x004276a3,4355747
2158,0x004276a4,4355748
2159,0x004276a5,4355749
2160,0x004276a6,4355750
2161,0x004276a7,4355751
2162,0x004276a8,4355752
2163,0x004276ab,4355755
2164,0x004276af,4355759
2165,0x004276b0,4355760
2166,0x004276b2,4355762
2167,0x004276b3,4355763
2168,0x004276b4,4355764
2169,0x004276b5,4355765
2170,0x004276b9,4355769
2171,0x004276bc,4355772
2172,0x004276bd,4355773
2173,0x004276be,4355774
2174,0x004276c2,4355778
2175,0x004276c6,4355782
2176,0x004276c8,4355784
2177,0x004276c9,4355785
2178,0x004276ca,4355786
2179,0x004276cb,4355787
2180,0x004276cc,4355788
2181,0x004276cd,4355789
2182,0x004276d0,4355792
2183,0x004276d1,4355793
2184,0x004276d3,4355795
2185,0x004276d4,4355796
2186,0x004276d5,4355797
2187,0x004276d6,4355798
2188,0x004276da,4355802
2189,0x004276db,4355803
2190,0x004276dd,4355805
2191,0x004276df,4355807
2192,0x004276e0,4355808
2193,0x004276e1,4355809
2194,0x004276e2,4355810
2195,0x004276e3,4355811
2196,0x004276e4,4355812
2197,0x004276e5,4355813
2198,0x004276e9,4355817
2199,0x004276ea,4355818
2200,0x004276ec,4355820
2201,0x004276ed,4355821
2202,0x004276ee,4355822
2203,0x004276ef,4355823
2204,0x004276f2,4355826
2205,0x004276f6,4355830
2206,0x004276f7,4355831
2207,0x004276f9,4355833
2208,0x004276fa,4355834
2209,0x004276fb,4355835
2210,0x004276fc,4355836
2211,0x00427701,4355841
2212,0x00427704,4355844
2213,0x00427705,4355845
2214,0x00427706,4355846
2215,0x00427707,4355847
2216,0x0042770a,4355850
2217,0x0042770e,4355854
2218,0x0042770f,4355855
2219,0x00427710,4355856
2220,0x00427711,4355857
2221,0x00427712,4355858
2222,0x00427713,4355859
2223,0x00427714,4355860
2224,0x00427715,4355861
2225,0x00427717,4355863
2226,0x00427718,4355864
2227,0x0042771a,4355866
2228,0x0042771b,4355867
2229,0x0042771c,4355868
2230,0x0042771d,4355869
2231,0x00427720,4355872
2232,0x00427724,4355876
2233,0x00427725,4355877
2234,0x00427726,4355878
2235,0x00427727,4355879
2236,0x00427728,4355880
2237,0x00427729,4355881
2238,0x0042772a,4355882
2239,0x0042772e,4355886
2240,0x0042772f,4355887
2241,0x00427732,4355890
2242,0x00427733,4355891
2243,0x00427734,4355892
2244,0x00427737,4355895
2245,0x00427738,4355896
2246,0x0042773c,4355900
2247,0x0042773d,4355901
2248,0x0042773e,4355902
2249,0x0042773f,4355903
2250,0x00427740,4355904
2251,0x00427741,4355905
2252,0x00427742,4355906
2253,0x00427745,4355909
2254,0x00427746,4355910
2255,0x00427747,4355911
2256,0x00427748,4355912
2257,0x00427749,4355913
2258,0x0042774a,4355914
2259,0x0042774e,4355918
2260,0x0042774f,4355919
2261,0x00427751,4355921
2262,0x00427753,4355923
2263,0x00427754,4355924
2264,0x00427755,4355925
2265,0x00427756,4355926
2266,0x00427757,4355927
2267,0x00427758,4355928
2268,0x00427759,4355929
2269,0x0042775d,4355933
2270,0x0042775f,4355935
2271,0x00427760,4355936
2272,0x00427761,4355937
2273,0x00427764,4355940
2274,0x00427765,4355941
2275,0x00427769,4355945
2276,0x0042776a,4355946
2277,0x0042776b,4355947
2278,0x0042776c,4355948
2279,0x0042776d,4355949
2280,0x0042776e,4355950
2281,0x00427772,4355954
2282,0x00427773,4355955
2283,0x00427774,4355956
2284,0x00427775,4355957
2285,0x00427776,4355958
2286,0x00427777,4355959
2287,0x0042777a,4355962
2288,0x0042777b,4355963
2289,0x0042777f,4355967
2290,0x00427781,4355969
2291,0x00427782,4355970
2292,0x00427783,4355971
2293,0x00427784,4355972
2294,0x00427787,4355975
2295,0x00427788,4355976
2296,0x00427789,4355977
2297,0x0042778b,4355979
2298,0x0042778c,4355980
2299,0x0042778d,4355981
2300,0x0042778e,4355982
2301,0x00427790,4355984
2302,0x00427791,4355985
2303,0x00427792,4355986
2304,0x00427795,4355989
2305,0x00427797,4355991
2306,0x00427798,4355992
2307,0x00427799,4355993
2308,0x0042779a,4355994
2309,0x0042779e,4355998
2310,0x0042779f,4355999
2311,0x004277a1,4356001
2312,0x004277a2,4356002
2313,0x004277a3,4356003
2314,0x004277a7,4356007
2315,0x004277ab,4356011
2316,0x004277ac,4356012
2317,0x004277ae,4356014
2318,0x004277af,4356015
2319,0x004277b0,4356016
2320,0x004277b1,4356017
2321,0x004277b5,4356021
2322,0x004277b9,4356025
2323,0x004277ba,4356026
2324,0x004277bb,4356027
2325,0x004277bf,4356031
2326,0x004277c0,4356032
2327,0x004277c2,4356034
2328,0x004277c5,4356037
2329,0x004277c7,4356039
2330,0x004277c8,4356040
2331,0x004277c9,4356041
2332,0x004277ca,4356042
2333,0x004277ce,4356046
2334,0x004277cf,4356047
2335,0x004277d1,4356049
2336,0x004277d2,4356050
2337,0x004277d3,4356051
2338,0x004277d4,4356052
2339,0x004277d7,4356055
2340,0x004277db,4356059
2341,0x004277dc,4356060
2342,0x004277de,4356062
2343,0x004277df,4356063
2344,0x004277e0,4356064
2345,0x004277e1,4356065
2346,0x004277e5,4356069
2347,0x004277e6,4356070
2348,0x004277e9,4356073
2349,0x004277ea,4356074
2350,0x004277eb,4356075
2351,0x004277ef,4356079
2352,0x004277f0,4356080
2353,0x004277f4,4356084
2354,0x004277f5,4356085
2355,0x004277f6,4356086
2356,0x004277f7,4356087
2357,0x004277f8,4356088
2358,0x004277f9,4356089
2359,0x004277fa,4356090
2360,0x004277fd,4356093
2361,0x004277fe,4356094
2362,0x004277ff,4356095
2363,0x00427800,4356096
2364,0x00427801,4356097
2365,0x00427802,4356098
2366,0x00427805,4356101
2367,0x00427809,4356105
2368,0x0042780a,4356106
2369,0x0042780c,4356108
2370,0x0042780d,4356109
2371,0x0042780f,4356111
2372,0x00427810,4356112
2373,0x00427811,4356113
2374,0x00427815,4356117
2375,0x00427816,4356118
2376,0x00427817,4356119
2377,0x00427818,4356120
2378,0x00427819,4356121
2379,0x0042781a,4356122
2380,0x0042781d,4356125
2381,0x00427821,4356129
2382,0x00427822,4356130
2383,0x00427823,4356131
2384,0x00427824,4356132
2385,0x00427825,4356133
2386,0x00427826,4356134
2387,0x00427827,4356135
2388,0x0042782b,4356139
2389,0x0042782c,4356140
2390,0x0042782e,4356142
2391,0x0042782f,4356143
2392,0x00427830,4356144
2393,0x00427834,4356148
2394,0x00427835,4356149
2395,0x00427837,4356151
2396,0x00427839,4356153
2397,0x0042783a,4356154
2398,0x0042783b,4356155
2399,0x0042783c,4356156
2400,0x0042783d,4356157
2401,0x0042783e,4356158
2402,0x0042783f,4356159
2403,0x00427843,4356163
2404,0x00427844,4356164
2405,0x00427846,4356166
2406,0x00427847,4356167
2407,0x00427848,4356168
2408,0x00427849,4356169
2409,0x0042784c,4356172
2410,0x0042784d,4356173
2411,0x0042784e,4356174
2412,0x0042784f,4356175
2413,0x00427853,4356179
2414,0x00427855,4356181
2415,0x00427856,4356182
2416,0x00427857,4356183
2417,0x00427858,4356184
2418,0x00427859,4356185
2419,0x0042785d,4356189
2420,0x0042785e,4356190
2421,0x00427860,4356192
2422,0x00427861,4356193
2423,0x00427862,4356194
2424,0x00427863,4356195
2425,0x00427865,4356197
2426,0x00427866,4356198
2427,0x00427867,4356199
2428,0x00427868,4356200
2429,0x0042786b,4356203
2430,0x0042786d,4356205
2431,0x0042786e,4356206
2432,0x0042786f,4356207
2433,0x00427870,4356208
2434,0x00427874,4356212
2435,0x00427875,4356213
2436,0x00427876,4356214
2437,0x00427877,4356215
2438,0x00427878,4356216
2439,0x00427879,4356217
2440,0x0042787c,4356220
2441,0x0042787d,4356221
2442,0x00427880,4356224
2443,0x00427881,4356225
2444,0x00427883,4356227
2445,0x00427884,4356228
2446,0x00427885,4356229
2447,0x00427886,4356230
2448,0x0042788a,4356234
2449,0x0042788d,4356237
2450,0x0042788e,4356238
2451,0x0042788f,4356239
2452,0x00427890,4356240
2453,0x00427893,4356243
2454,0x00427897,4356247
2455,0x00427898,4356248
2456,0x00427899,4356249
2457,0x0042789a,4356250
2458,0x0042789b,4356251
2459,0x0042789c,4356252
2460,0x0042789d,4356253
2461,0x004278a1,4356257
2462,0x004278a3,4356259
2463,0x004278a4,4356260
2464,0x004278a5,4356261
2465,0x004278a6,4356262
2466,0x004278aa,4356266
2467,0x004278ab,4356267
2468,0x004278af,4356271
2469,0x004278b0,4356272
2470,0x004278b2,4356274
2471,0x004278b3,4356275
2472,0x004278b4,4356276
2473,0x004278b5,4356277
2474,0x004278ba,4356282
2475,0x004278bc,4356284
2476,0x004278bd,4356285
2477,0x004278be,4356286
2478,0x004278bf,4356287
2479,0x004278c2,4356290
2480,0x004278c3,4356291
2481,0x004278c7,4356295
2482,0x004278c9,4356297
2483,0x004278ca,4356298
2484,0x004278cb,4356299
2485,0x004278cc,4356300
2486,0x004278d0,4356304
2487,0x004278d2,4356306
2488,0x004278d3,4356307
2489,0x004278d4,4356308
2490,0x004278d5,4356309
2491,0x004278d8,4356312
2492,0x004278dc,4356316
2493,0x004278dd,4356317
2494,0x004278de,4356318
2495,0x004278df,4356319
2496,0x004278e0,4356320
2497,0x004278e1,4356321
2498,0x004278e2,4356322
2499,0x004278e6,4356326
2500,0x004278e8,4356328
2501,0x004278e9,4356329
2502,0x004278ea,4356330
2503,0x004278eb,4356331
2504,0x004278ee,4356334
2505,0x004278f2,4356338
2506,0x004278f3,4356339
2507,0x004278f4,4356340
2508,0x004278f5,4356341
2509,0x004278f6,4356342
2510,0x004278f7,4356343
2511,0x004278f8,4356344
2512,0x004278fc,4356348
2513,0x004278fd,4356349
2514,0x004278ff,4356351
2515,0x00427900,4356352
2516,0x00427901,4356353
2517,0x00427904,4356356
2518,0x00427905,4356357
2519,0x00427909,4356361
2520,0x0042790a,4356362
2521,0x0042790b,4356363
2522,0x0042790c,4356364
2523,0x0042790d,4356365
2524,0x0042790e,4356366
2525,0x0042790f,4356367
2526,0x00427913,4356371
2527,0x00427915,4356373
2528,0x00427916,4356374
2529,0x00427917,4356375
2530,0x00427918,4356376
2531,0x0042791b,4356379
2532,0x0042791c,4356380
2533,0x0042791d,4356381
2534,0x00427921,4356385
2535,0x00427923,4356387
2536,0x00427924,4356388
2537,0x00427925,4356389
2538,0x00427926,4356390
2539,0x00427927,4356391
2540,0x0042792b,4356395
2541,0x0042792d,4356397
2542,0x0042792e,4356398
2543,0x0042792f,4356399
2544,0x00427930,4356400
2545,0x00427933,4356403
2546,0x00427937,4356407
2547,0x00427938,4356408
2548,0x00427939,4356409
2549,0x0042793a,4356410
2550,0x0042793b,4356411
2551,0x0042793c,4356412
2552,0x0042793d,4356413
2553,0x00427941,4356417
2554,0x00427942,4356418
2555,0x00427943,4356419
2556,0x00427944,4356420
2557,0x00427945,4356421
2558,0x00427946,4356422
2559,0x00427949,4356425
2560,0x0042794d,4356429
2561,0x0042794e,4356430
2562,0x0042794f,4356431
2563,0x00427950,4356432
2564,0x00427951,4356433
2565,0x00427952,4356434
2566,0x00427953,4356435
2567,0x00427957,4356439
2568,0x00427958,4356440
2569,0x0042795a,4356442
2570,0x0042795b,4356443
2571,0x0042795c,4356444
2572,0x0042795d,4356445
2573,0x0042795f,4356447
2574,0x00427960,4356448
2575,0x00427961,4356449
2576,0x00427964,4356452
2577,0x00427965,4356453
2578,0x00427966,4356454
2579,0x00427967,4356455
2580,0x00427968,4356456
2581,0x00427969,4356457
2582,0x0042796a,4356458
2583,0x0042796e,4356462
2584,0x0042796f,4356463
2585,0x00427970,4356464
2586,0x00427971,4356465
2587,0x00427972,4356466
2588,0x00427973,4356467
2589,0x00427976,4356470
2590,0x00427977,4356471
2591,0x0042797b,4356475
2592,0x0042797d,4356477
2593,0x0042797e,4356478
2594,0x0042797f,4356479
2595,0x00427980,4356480
2596,0x00427984,4356484
2597,0x00427985,4356485
2598,0x00427987,4356487
2599,0x00427988,4356488
2600,0x00427989,4356489
2601,0x0042798a,4356490
2602,0x0042798e,4356494
2603,0x0042798f,4356495
2604,0x00427993,4356499
2605,0x00427994,4356500
2606,0x00427996,4356502
2607,0x00427997,4356503
2608,0x00427998,4356504
2609,0x00427999,4356505
2610,0x0042799d,4356509
2611,0x0042799f,4356511
2612,0x004279a0,4356512
2613,0x004279a1,4356513
2614,0x004279a2,4356514
2615,0x004279a5,4356517
2616,0x004279a6,4356518
2617,0x004279a9,4356521
2618,0x004279aa,4356522
2619,0x004279ac,4356524
2620,0x004279ad,4356525
2621,0x004279ae,4356526
2622,0x004279af,4356527
2623,0x004279b3,4356531
2624,0x004279b5,4356533
2625,0x004279b6,4356534
2626,0x004279b7,4356535
2627,0x004279b8,4356536
2628,0x004279bb,4356539
2629,0x004279bc,4356540
2630,0x004279bf,4356543
2631,0x004279c0,4356544
2632,0x004279c1,4356545
2633,0x004279c2,4356546
2634,0x004279c3,4356547
2635,0x004279c4,4356548
2636,0x004279c5,4356549
2637,0x004279c6,4356550
2638,0x004279ca,4356554
2639,0x004279cb,4356555
2640,0x004279cc,4356556
2641,0x004279cd,4356557
2642,0x004279ce,4356558
2643,0x004279cf,4356559
2644,0x004279d2,4356562
2645,0x004279d6,4356566
2646,0x004279d7,4356567
2647,0x004279d8,4356568
2648,0x004279d9,4356569
2649,0x004279da,4356570
2650,0x004279db,4356571
2651,0x004279dc,4356572
2652,0x004279dd,4356573
2653,0x004279de,4356574
2654,0x004279e0,4356576
2655,0x004279e1,4356577
2656,0x004279e3,4356579
2657,0x004279e4,4356580
2658,0x004279e5,4356581
2659,0x004279e7,4356583
2660,0x004279e8,4356584
2661,0x004279e9,4356585
2662,0x004279ea,4356586
2663,0x004279eb,4356587
2664,0x004279ec,4356588
2665,0x004279ed,4356589
2666,0x004279ee,4356590
2667,0x004279ef,4356591
2668,0x004279f0,4356592
2669,0x004279f1,4356593
2670,0x004279f2,4356594
2671,0x004279f3,4356595
2672,0x004279f7,4356599
2673,0x004279f9,4356601
2674,0x004279fa,4356602
2675,0x004279fb,4356603
2676,0x004279fc,4356604
2677,0x004279ff,4356607
2678,0x00427a00,4356608
2679,0x00427a01,4356609
2680,0x00427a03,4356611
2681,0x00427a05,4356613
2682,0x00427a06,4356614
2683,0x00427a07,4356615
2684,0x00427a08,4356616
2685,0x00427a09,4356617
2686,0x00427a0a,4356618
2687,0x00427a0b,4356619
2688,0x00427a0f,4356623
2689,0x00427a13,4356627
2690,0x00427a14,4356628
2691,0x00427a15,4356629
2692,0x00427a19,4356633
2693,0x00427a1d,4356637
2694,0x00427a1e,4356638
2695,0x00427a20,4356640
2696,0x00427a21,4356641
2697,0x00427a22,4356642
2698,0x00427a23,4356643
2699,0x00427a27,4356647
2700,0x00427a29,4356649
2701,0x00427a2a,4356650
2702,0x00427a2b,4356651
2703,0x00427a2c,4356652
2704,0x00427a2f,4356655
2705,0x00427a30,4356656
2706,0x00427a33,4356659
2707,0x00427a34,4356660
2708,0x00427a36,4356662
2709,0x00427a37,4356663
2710,0x00427a38,4356664
2711,0x00427a39,4356665
2712,0x00427a3c,4356668
2713,0x00427a3d,4356669
2714,0x00427a3f,4356671
2715,0x00427a40,4356672
2716,0x00427a41,4356673
2717,0x00427a44,4356676
2718,0x00427a45,4356677
2719,0x00427a48,4356680
2720,0x00427a49,4356681
2721,0x00427a4a,4356682
2722,0x00427a4b,4356683
2723,0x00427a4c,4356684
2724,0x00427a4d,4356685
2725,0x00427a4e,4356686
2726,0x00427a52,4356690
2727,0x00427a54,4356692
2728,0x00427a55,4356693
2729,0x00427a56,4356694
2730,0x00427a57,4356695
2731,0x00427a5a,4356698
2732,0x00427a5e,4356702
2733,0x00427a5f,4356703
2734,0x00427a60,4356704
2735,0x00427a61,4356705
2736,0x00427a62,4356706
2737,0x00427a63,4356707
2738,0x00427a64,4356708
2739,0x00427a68,4356712
2740,0x00427a69,4356713
2741,0x00427a6a,4356714
2742,0x00427a6b,4356715
2743,0x00427a6c,4356716
2744,0x00427a6d,4356717
2745,0x00427a6e,4356718
2746,0x00427a6f,4356719
2747,0x00427a71,4356721
2748,0x00427a72,4356722
2749,0x00427a74,4356724
2750,0x00427a76,4356726
2751,0x00427a77,4356727
2752,0x00427a78,4356728
2753,0x00427a79,4356729
2754,0x00427a7a,4356730
2755,0x00427a7b,4356731
2756,0x00427a7c,4356732
2757,0x00427a7f,4356735
2758,0x00427a80,4356736
2759,0x00427a81,4356737
2760,0x00427a82,4356738
2761,0x00427a83,4356739
2762,0x00427a84,4356740
2763,0x00427a87,4356743
2764,0x00427a8b,4356747
2765,0x00427a8c,4356748
2766,0x00427a8d,4356749
2767,0x00427a8e,4356750
2768,0x00427a8f,4356751
2769,0x00427a90,4356752
2770,0x00427a91,4356753
2771,0x00427a95,4356757
2772,0x00427a97,4356759
2773,0x00427a98,4356760
2774,0x00427a99,4356761
2775,0x00427a9a,4356762
2776,0x00427a9d,4356765
2777,0x00427aa1,4356769
2778,0x00427aa2,4356770
2779,0x00427aa3,4356771
2780,0x00427aa4,4356772
2781,0x00427aa5,4356773
2782,0x00427aa6,4356774
2783,0x00427aaa,4356778
2784,0x00427aab,4356779
2785,0x00427aac,4356780
2786,0x00427aad,4356781
2787,0x00427aae,4356782
2788,0x00427aaf,4356783
2789,0x00427ab2,4356786
2790,0x00427ab3,4356787
2791,0x00427ab6,4356790
2792,0x00427ab7,4356791
2793,0x00427ab8,4356792
2794,0x00427ab9,4356793
2795,0x00427aba,4356794
2796,0x00427abb,4356795
2797,0x00427abc,4356796
2798,0x00427ac0,4356800
2799,0x00427ac2,4356802
2800,0x00427ac3,4356803
2801,0x00427ac4,4356804
2802,0x00427ac5,4356805
2803,0x00427ac7,4356807
2804,0x00427ac8,4356808
2805,0x00427acc,4356812
2806,0x00427ace,4356814
2807,0x00427acf,4356815
2808,0x00427ad0,4356816
2809,0x00427ad1,4356817
2810,0x00427ad5,4356821
2811,0x00427ad6,4356822
2812,0x00427ad8,4356824
2813,0x00427ad9,4356825
2814,0x00427ada,4356826
2815,0x00427ade,4356830
2816,0x00427adf,4356831
2817,0x00427ae0,4356832
2818,0x00427ae4,4356836
2819,0x00427ae6,4356838
2820,0x00427ae7,4356839
2821,0x00427ae8,4356840
2822,0x00427ae9,4356841
2823,0x00427aed,4356845
2824,0x00427aef,4356847
2825,0x00427af0,4356848
2826,0x00427af1,4356849
2827,0x00427af2,4356850
2828,0x00427af3,4356851
2829,0x00427af4,4356852
2830,0x00427af5,4356853
2831,0x00427af9,4356857
2832,0x00427afb,4356859
2833,0x00427afc,4356860
2834,0x00427afd,4356861
2835,0x00427afe,4356862
2836,0x00427aff,4356863
2837,0x00427b03,4356867
2838,0x00427b05,4356869
2839,0x00427b06,4356870
2840,0x00427b07,4356871
2841,0x00427b08,4356872
2842,0x00427b0a,4356874
2843,0x00427b0b,4356875
2844,0x00427b0c,4356876
2845,0x00427b0d,4356877
2846,0x00427b0f,4356879
2847,0x00427b10,4356880
2848,0x00427b11,4356881
2849,0x00427b12,4356882
2850,0x00427b13,4356883
2851,0x00427b14,4356884
2852,0x00427b15,4356885
2853,0x00427b19,4356889
2854,0x00427b1a,4356890
2855,0x00427b1c,4356892
2856,0x00427b1d,4356893
2857,0x00427b1e,4356894
2858,0x00427b21,4356897
2859,0x00427b22,4356898
2860,0x00427b26,4356902
2861,0x00427b28,4356904
2862,0x00427b29,4356905
2863,0x00427b2a,4356906
2864,0x00427b2b,4356907
2865,0x00427b2c,4356908
2866,0x00427b30,4356912
2867,0x00427b32,4356914
2868,0x00427b33,4356915
2869,0x00427b34,4356916
2870,0x00427b35,4356917
2871,0x00427b38,4356920
2872,0x00427b3c,4356924
2873,0x00427b3d,4356925
2874,0x00427b3e,4356926
2875,0x00427b3f,4356927
2876,0x00427b40,4356928
2877,0x00427b41,4356929
2878,0x00427b42,4356930
2879,0x00427b46,4356934
2880,0x00427b48,4356936
2881,0x00427b49,4356937
2882,0x00427b4a,4356938
2883,0x00427b4b,4356939
2884,0x00427b4f,4356943
2885,0x00427b50,4356944
2886,0x00427b54,4356948
2887,0x00427b55,4356949
2888,0x00427b56,4356950
2889,0x00427b57,4356951
2890,0x00427b58,4356952
2891,0x00427b59,4356953
2892,0x00427b5a,4356954
2893,0x00427b5e,4356958
2894,0x00427b5f,4356959
2895,0x00427b61,4356961
2896,0x00427b62,4356962
2897,0x00427b63,4356963
2898,0x00427b66,4356966
2899,0x00427b67,4356967
2900,0x00427b6b,4356971
2901,0x00427b6d,4356973
2902,0x00427b6e,4356974
2903,0x00427b6f,4356975
2904,0x00427b70,4356976
2905,0x00427b71,4356977
2906,0x00427b75,4356981
2907,0x00427b77,4356983
2908,0x00427b78,4356984
2909,0x00427b79,4356985
2910,0x00427b7c,4356988
2911,0x00427b7d,4356989
2912,0x00427b81,4356993
2913,0x00427b83,4356995
2914,0x00427b84,4356996
2915,0x00427b85,4356997
2916,0x00427b86,4356998
2917,0x00427b87,4356999
2918,0x00427b8a,4357002
2919,0x00427b8b,4357003
2920,0x00427b8d,4357005
2921,0x00427b8e,4357006
2922,0x00427b8f,4357007
2923,0x00427b92,4357010
2924,0x00427b93,4357011
2925,0x00427b96,4357014
2926,0x00427b97,4357015
2927,0x00427b98,4357016
2928,0x00427b99,4357017
2929,0x00427b9a,4357018
2930,0x00427b9b,4357019
2931,0x00427b9c,4357020
2932,0x00427ba0,4357024
2933,0x00427ba1,4357025
2934,0x00427ba2,4357026
2935,0x00427ba3,4357027
2936,0x00427ba4,4357028
2937,0x00427ba5,4357029
2938,0x00427ba8,4357032
2939,0x00427bac,4357036
2940,0x00427bad,4357037
2941,0x00427bae,4357038
2942,0x00427baf,4357039
2943,0x00427bb0,4357040
2944,0x00427bb1,4357041
2945,0x00427bb2,4357042
2946,0x00427bb6,4357046
2947,0x00427bb8,4357048
2948,0x00427bb9,4357049
2949,0x00427bba,4357050
2950,0x00427bbb,4357051
2951,0x00427bbf,4357055
2952,0x00427bc0,4357056
2953,0x00427bc1,4357057
2954,0x00427bc4,4357060
2955,0x00427bc7,4357063
2956,0x00427bc8,4357064
2957,0x00427bc9,4357065
2958,0x00427bcd,4357069
2959,0x00427bce,4357070
2960,0x00427bcf,4357071
2961,0x00427bd0,4357072
2962,0x00427bd1,4357073
2963,0x00427bd2,4357074
2964,0x00427bd6,4357078
2965,0x00427bda,4357082
2966,0x00427bdb,4357083
2967,0x00427bdd,4357085
2968,0x00427bde,4357086
2969,0x00427bdf,4357087
2970,0x00427be0,4357088
2971,0x00427be4,4357092
2972,0x00427be5,4357093
2973,0x00427be7,4357095
2974,0x00427be8,4357096
2975,0x00427be9,4357097
2976,0x00427bec,4357100
2977,0x00427bed,4357101
2978,0x00427bf1,4357105
2979,0x00427bf3,4357107
2980,0x00427bf4,4357108
2981,0x00427bf5,4357109
2982,0x00427bf6,4357110
2983,0x00427bf7,4357111
2984,0x00427bfb,4357115
2985,0x00427bfd,4357117
2986,0x00427bfe,4357118
2987,0x00427bff,4357119
2988,0x00427c00,4357120
2989,0x00427c02,4357122
2990,0x00427c03,4357123
2991,0x00427c07,4357127
2992,0x00427c08,4357128
2993,0x00427c09,4357129
2994,0x00427c0a,4357130
2995,0x00427c0b,4357131
2996,0x00427c0c,4357132
2997,0x00427c0d,4357133
2998,0x00427c10,4357136
2999,0x00427c11,4357137
3000,0x00427c13,4357139
3001,0x00427c14,4357140
3002,0x00427c15,4357141
3003,0x00427c18,4357144
3004,0x00427c19,4357145
3005,0x00427c1d,4357149
3006,0x00427c1f,4357151
3007,0x00427c20,4357152
3008,0x00427c21,4357153
3009,0x00427c22,4357154
3010,0x00427c27,4357159
3011,0x00427c29,4357161
3012,0x00427c2a,4357162
3013,0x00427c2b,4357163
3014,0x00427c2c,4357164
3015,0x00427c2f,4357167
3016,0x00427c30,4357168
3017,0x00427c32,4357170
3018,0x00427c34,4357172
3019,0x00427c35,4357173
3020,0x00427c37,4357175
3021,0x00427c38,4357176
3022,0x00427c39,4357177
3023,0x00427c3a,4357178
3024,0x00427c3b,4357179
3025,0x00427c3f,4357183
3026,0x00427c42,4357186
3027,0x00427c43,4357187
3028,0x00427c44,4357188
3029,0x00427c45,4357189
3030,0x00427c48,4357192
3031,0x00427c4c,4357196
3032,0x00427c4d,4357197
3033,0x00427c4e,4357198
3034,0x00427c4f,4357199
3035,0x00427c50,4357200
3036,0x00427c51,4357201
3037,0x00427c52,4357202
3038,0x00427c55,4357205
3039,0x00427c56,4357206
3040,0x00427c58,4357208
3041,0x00427c59,4357209
3042,0x00427c5a,4357210
3043,0x00427c5d,4357213
3044,0x00427c5e,4357214
3045,0x00427c62,4357218
3046,0x00427c64,4357220
3047,0x00427c65,4357221
3048,0x00427c66,4357222
3049,0x00427c67,4357223
3050,0x00427c68,4357224
3051,0x00427c6c,4357228
3052,0x00427c6f,4357231
3053,0x00427c70,4357232
3054,0x00427c71,4357233
3055,0x00427c72,4357234
3056,0x00427c75,4357237
3057,0x00427c79,4357241
3058,0x00427c7a,4357242
3059,0x00427c7b,4357243
3060,0x00427c7c,4357244
3061,0x00427c7d,4357245
3062,0x00427c7e,4357246
3063,0x00427c7f,4357247
3064,0x00427c83,4357251
3065,0x00427c85,4357253
3066,0x00427c86,4357254
3067,0x00427c87,4357255
3068,0x00427c88,4357256
3069,0x00427c8b,4357259
3070,0x00427c8c,4357260
3071,0x00427c8d,4357261
3072,0x00427c8f,4357263
3073,0x00427c90,4357264
3074,0x00427c92,4357266
3075,0x00427c93,4357267
3076,0x00427c94,4357268
3077,0x00427c95,4357269
3078,0x00427c99,4357273
3079,0x00427c9a,4357274
3080,0x00427c9c,4357276
3081,0x00427c9d,4357277
3082,0x00427c9e,4357278
3083,0x00427c9f,4357279
3084,0x00427ca2,4357282
3085,0x00427ca3,4357283
3086,0x00427ca4,4357284
3087,0x00427ca6,4357286
3088,0x00427ca8,4357288
3089,0x00427caa,4357290
3090,0x00427cab,4357291
3091,0x00427cac,4357292
3092,0x00427cad,4357293
3093,0x00427cb1,4357297
3094,0x00427cb3,4357299
3095,0x00427cb4,4357300
3096,0x00427cb5,4357301
3097,0x00427cb6,4357302
3098,0x00427cb9,4357305
3099,0x00427cbd,4357309
3100,0x00427cbf,4357311
3101,0x00427cc0,4357312
3102,0x00427cc1,4357313
3103,0x00427cc2,4357314
3104,0x00427cc3,4357315
3105,0x00427cc6,4357318
3106,0x00427cc7,4357319
3107,0x00427cc8,4357320
3108,0x00427cc9,4357321
3109,0x00427cca,4357322
3110,0x00427ccb,4357323
3111,0x00427cce,4357326
3112,0x00427ccf,4357327
3113,0x00427cd3,4357331
3114,0x00427cd5,4357333
3115,0x00427cd6,4357334
3116,0x00427cd7,4357335
3117,0x00427cd8,4357336
3118,0x00427cd9,4357337
3119,0x00427cdd,4357341
3120,0x00427cdf,4357343
3121,0x00427ce0,4357344
3122,0x00427ce1,4357345
3123,0x00427ce4,4357348
3124,0x00427ce5,4357349
3125,0x00427ce9,4357353
3126,0x00427ceb,4357355
3127,0x00427cec,4357356
3128,0x00427ced,4357357
3129,0x00427cee,4357358
3130,0x00427cef,4357359
3131,0x00427cf2,4357362
3132,0x00427cf3,4357363
3133,0x00427cf5,4357365
3134,0x00427cf6,4357366
3135,0x00427cf7,4357367
3136,0x00427cfa,4357370
3137,0x00427cfb,4357371
3138,0x00427cff,4357375
3139,0x00427d02,4357378
3140,0x00427d03,4357379
3141,0x00427d04,4357380
3142,0x00427d05,4357381
3143,0x00427d06,4357382
3144,0x00427d09,4357385
3145,0x00427d0a,4357386
3146,0x00427d0c,4357388
3147,0x00427d0d,4357389
3148,0x00427d0e,4357390
3149,0x00427d0f,4357391
3150,0x00427d13,4357395
3151,0x00427d14,4357396
3152,0x00427d16,4357398
3153,0x00427d18,4357400
3154,0x00427d19,4357401
3155,0x00427d1a,4357402
3156,0x00427d1b,4357403
3157,0x00427d1c,4357404
3158,0x00427d1d,4357405
3159,0x00427d1e,4357406
3160,0x00427d22,4357410
3161,0x00427d24,4357412
3162,0x00427d25,4357413
3163,0x00427d26,4357414
3164,0x00427d27,4357415
3165,0x00427d2a,4357418
3166,0x00427d2e,4357422
3167,0x00427d2f,4357423
3168,0x00427d30,4357424
3169,0x00427d32,4357426
3170,0x00427d33,4357427
3171,0x00427d34,4357428
3172,0x00427d38,4357432
3173,0x00427d3a,4357434
3174,0x00427d3b,4357435
3175,0x00427d3c,4357436
3176,0x00427d3d,4357437
3177,0x00427d3e,4357438
3178,0x00427d41,4357441
3179,0x00427d43,4357443
3180,0x00427d48,4357448
3181,0x00427d49,4357449
3182,0x00427d4c,4357452
3183,0x00427d4d,4357453
3184,0x00427d4e,4357454
3185,0x00427d4f,4357455
3186,0x00427d53,4357459
3187,0x00427d54,4357460
3188,0x00427d56,4357462
3189,0x00427d57,4357463
3190,0x00427d58,4357464
3191,0x00427d59,4357465
3192,0x00427d5b,4357467
3193,0x00427d5d,4357469
3194,0x00427d5e,4357470
3195,0x00427d5f,4357471
3196,0x00427d62,4357474
3197,0x00427d63,4357475
3198,0x00427d64,4357476
3199,0x00427d65,4357477
3200,0x00427d66,4357478
3201,0x00427d67,4357479
3202,0x00427d68,4357480
3203,0x00427d6c,4357484
3204,0x00427d6d,4357485
3205,0x00427d6e,4357486
3206,0x00427d6f,4357487
3207,0x00427d70,4357488
3208,0x00427d71,4357489
3209,0x00427d72,4357490
3210,0x00427d74,4357492
3211,0x00427d75,4357493
3212,0x00427d76,4357494
3213,0x00427d77,4357495
3214,0x00427d78,4357496
3215,0x00427d79,4357497
3216,0x00427d7a,4357498
3217,0x00427d7b,4357499
3218,0x00427d7c,4357500
3219,0x00427d7d,4357501
3220,0x00427d7e,4357502
3221,0x00427d82,4357506
3222,0x00427d84,4357508
3223,0x00427d85,4357509
3224,0x00427d86,4357510
3225,0x00427d87,4357511
3226,0x00427d8b,4357515
3227,0x00427d8c,4357516
3228,0x00427d8e,4357518
3229,0x00427d90,4357520
3230,0x00427d91,4357521
3231,0x00427d92,4357522
3232,0x00427d93,4357523
3233,0x00427d94,4357524
3234,0x00427d95,4357525
3235,0x00427d96,4357526
3236,0x00427d9a,4357530
3237,0x00427d9c,4357532
3238,0x00427d9d,4357533
3239,0x00427d9e,4357534
3240,0x00427d9f,4357535
3241,0x00427da2,4357538
3242,0x00427da3,4357539
3243,0x00427da7,4357543
3244,0x00427da9,4357545
3245,0x00427daa,4357546
3246,0x00427dab,4357547
3247,0x00427dac,4357548
3248,0x00427dad,4357549
3249,0x00427db1,4357553
3250,0x00427db2,4357554
3251,0x00427db4,4357556
3252,0x00427db5,4357557
3253,0x00427db6,4357558
3254,0x00427db9,4357561
3255,0x00427dba,4357562
3256,0x00427dbe,4357566
3257,0x00427dbf,4357567
3258,0x00427dc0,4357568
3259,0x00427dc1,4357569
3260,0x00427dc2,4357570
3261,0x00427dc3,4357571
3262,0x00427dc4,4357572
3263,0x00427dc8,4357576
3264,0x00427dc9,4357577
3265,0x00427dca,4357578
3266,0x00427dcb,4357579
3267,0x00427dcc,4357580
3268,0x00427dcd,4357581
3269,0x00427dd0,4357584
3270,0x00427dd4,4357588
3271,0x00427dd5,4357589
3272,0x00427dd7,4357591
3273,0x00427dd8,4357592
3274,0x00427dd9,4357593
3275,0x00427dda,4357594
3276,0x00427dde,4357598
3277,0x00427ddf,4357599
3278,0x00427de1,4357601
3279,0x00427de2,4357602
3280,0x00427de3,4357603
3281,0x00427de7,4357607
3282,0x00427deb,4357611
3283,0x00427dec,4357612
3284,0x00427ded,4357613
3285,0x00427dee,4357614
3286,0x00427def,4357615
3287,0x00427df0,4357616
3288,0x00427df1,4357617
3289,0x00427df5,4357621
3290,0x00427df7,4357623
3291,0x00427df8,4357624
3292,0x00427df9,4357625
3293,0x00427dfa,4357626
3294,0x00427dfe,4357630
3295,0x00427dff,4357631
3296,0x00427e01,4357633
3297,0x00427e03,4357635
3298,0x00427e04,4357636
3299,0x00427e05,4357637
3300,0x00427e06,4357638
3301,0x00427e07,4357639
3302,0x00427e08,4357640
3303,0x00427e0c,4357644
3304,0x00427e0d,4357645
3305,0x00427e0f,4357647
3306,0x00427e10,4357648
3307,0x00427e11,4357649
3308,0x00427e12,4357650
3309,0x00427e15,4357653
3310,0x00427e16,4357654
3311,0x00427e1a,4357658
3312,0x00427e1c,4357660
3313,0x00427e1d,4357661
3314,0x00427e1e,4357662
3315,0x00427e1f,4357663
3316,0x00427e20,4357664
3317,0x00427e24,4357668
3318,0x00427e26,4357670
3319,0x00427e27,4357671
3320,0x00427e28,4357672
3321,0x00427e2b,4357675
3322,0x00427e2c,4357676
3323,0x00427e2f,4357679
3324,0x00427e30,4357680
3325,0x00427e32,4357682
3326,0x00427e33,4357683
3327,0x00427e34,4357684
3328,0x00427e35,4357685
3329,0x00427e38,4357688
3330,0x00427e39,4357689
3331,0x00427e3b,4357691
3332,0x00427e3c,4357692
3333,0x00427e3d,4357693
3334,0x00427e3e,4357694
3335,0x00427e41,4357697
3336,0x00427e43,4357699
3337,0x00427e48,4357704
3338,0x00427e49,4357705
3339,0x00427e4a,4357706
3340,0x00427e4b,4357707
3341,0x00427e4c,4357708
3342,0x00427e4d,4357709
3343,0x00427e4e,4357710
3344,0x00427e52,4357714
3345,0x00427e54,4357716
3346,0x00427e55,4357717
3347,0x00427e56,4357718
3348,0x00427e57,4357719
3349,0x00427e5a,4357722
3350,0x00427e5e,4357726
3351,0x00427e5f,4357727
3352,0x00427e62,4357730
3353,0x00427e63,4357731
3354,0x00427e64,4357732
3355,0x00427e65,4357733
3356,0x00427e69,4357737
3357,0x00427e6a,4357738
3358,0x00427e6b,4357739
3359,0x00427e6c,4357740
3360,0x00427e6d,4357741
3361,0x00427e6e,4357742
3362,0x00427e71,4357745
3363,0x00427e72,4357746
3364,0x00427e73,4357747
3365,0x00427e77,4357751
3366,0x00427e79,4357753
3367,0x00427e7a,4357754
3368,0x00427e7b,4357755
3369,0x00427e7c,4357756
3370,0x00427e80,4357760
3371,0x00427e81,4357761
3372,0x00427e82,4357762
3373,0x00427e83,4357763
3374,0x00427e84,4357764
3375,0x00427e85,4357765
3376,0x00427e88,4357768
3377,0x00427e89,4357769
3378,0x00427e8c,4357772
3379,0x00427e8d,4357773
3380,0x00427e8f,4357775
3381,0x00427e90,4357776
3382,0x00427e91,4357777
3383,0x00427e92,4357778
3384,0x00427e96,4357782
3385,0x00427e97,4357783
3386,0x00427e98,4357784
3387,0x00427e99,4357785
3388,0x00427e9a,4357786
3389,0x00427e9b,4357787
3390,0x00427e9e,4357790
3391,0x00427e9f,4357791
3392,0x00427ea3,4357795
3393,0x00427ea4,4357796
3394,0x00427ea5,4357797
3395,0x00427ea6,4357798
3396,0x00427ea7,4357799
3397,0x00427ea8,4357800
3398,0x00427ea9,4357801
3399,0x00427eac,4357804
3400,0x00427ead,4357805
3401,0x00427eaf,4357807
3402,0x00427eb0,4357808
3403,0x00427eb1,4357809
3404,0x00427eb2,4357810
3405,0x00427eb5,4357813
3406,0x00427eb9,4357817
3407,0x00427eba,4357818
3408,0x00427ebb,4357819
3409,0x00427ebd,4357821
3410,0x00427ebe,4357822
3411,0x00427ebf,4357823
3412,0x00427ec3,4357827
3413,0x00427ec5,4357829
3414,0x00427ec6,4357830
3415,0x00427ec7,4357831
3416,0x00427ec8,4357832
3417,0x00427ecb,4357835
3418,0x00427ecc,4357836
3419,0x00427ed0,4357840
3420,0x00427ed1,4357841
3421,0x00427ed2,4357842
3422,0x00427ed3,4357843
3423,0x00427ed4,4357844
3424,0x00427ed5,4357845
3425,0x00427ed6,4357846
3426,0x00427eda,4357850
3427,0x00427edc,4357852
3428,0x00427edd,4357853
3429,0x00427ede,4357854
3430,0x00427edf,4357855
3431,0x00427ee3,4357859
3432,0x00427ee4,4357860
3433,0x00427ee5,4357861
3434,0x00427ee8,4357864
3435,0x00427ee9,4357865
3436,0x00427eea,4357866
3437,0x00427eeb,4357867
3438,0x00427eec,4357868
3439,0x00427eed,4357869
3440,0x00427eee,4357870
3441,0x00427eef,4357871
3442,0x00427ef2,4357874
3443,0x00427ef3,4357875
3444,0x00427ef5,4357877
3445,0x00427ef6,4357878
3446,0x00427ef7,4357879
3447,0x00427ef8,4357880
3448,0x00427efb,4357883
3449,0x00427efc,4357884
3450,0x00427f01,4357889
3451,0x00427f02,4357890
3452,0x00427f03,4357891
3453,0x00427f04,4357892
3454,0x00427f05,4357893
3455,0x00427f06,4357894
3456,0x00427f07,4357895
3457,0x00427f08,4357896
3458,0x00427f09,4357897
3459,0x00427f0a,4357898
3460,0x00427f0b,4357899
3461,0x00427f0c,4357900
3462,0x00427f0d,4357901
3463,0x00427f0e,4357902
3464,0x00427f0f,4357903
3465,0x00427f10,4357904
3466,0x00427f13,4357907
3467,0x00427f17,4357911
3468,0x00427f18,4357912
3469,0x00427f1a,4357914
3470,0x00427f1b,4357915
3471,0x00427f1c,4357916
3472,0x00427f1d,4357917
3473,0x00427f1e,4357918
3474,0x00427f1f,4357919
3475,0x00427f20,4357920
3476,0x00427f21,4357921
3477,0x00427f22,4357922
3478,0x00427f24,4357924
3479,0x00427f25,4357925
3480,0x00427f26,4357926
3481,0x00427f27,4357927
3482,0x00427f28,4357928
3483,0x00427f29,4357929
3484,0x00427f2a,4357930
3485,0x00427f2b,4357931
3486,0x00427f2f,4357935
3487,0x00427f30,4357936
3488,0x00427f31,4357937
3489,0x00427f32,4357938
3490,0x00427f33,4357939
3491,0x00427f34,4357940
3492,0x00427f35,4357941
3493,0x00427f39,4357945
3494,0x00427f3b,4357947
3495,0x00427f3c,4357948
3496,0x00427f3d,4357949
3497,0x00427f3e,4357950
3498,0x00427f42,4357954
3499,0x00427f44,4357956
3500,0x00427f46,4357958
3501,0x00427f47,4357959
3502,0x00427f48,4357960
3503,0x00427f49,4357961
3504,0x00427f4a,4357962
3505,0x00427f4b,4357963
3506,0x00427f4c,4357964
3507,0x00427f4d,4357965
3508,0x00427f4e,4357966
3509,0x00427f4f,4357967
3510,0x00427f50,4357968
3511,0x00427f52,4357970
3512,0x00427f53,4357971
3513,0x00427f54,4357972
3514,0x00427f55,4357973
3515,0x00427f56,4357974
3516,0x00427f57,4357975
3517,0x00427f58,4357976
3518,0x00427f59,4357977
3519,0x00427f5a,4357978
3520,0x00427f5b,4357979
3521,0x00427f5d,4357981
3522,0x00427f5e,4357982
3523,0x00427f61,4357985
3524,0x00427f62,4357986
3525,0x00427f63,4357987
3526,0x00427f64,4357988
3527,0x00427f65,4357989
3528,0x00427f66,4357990
3529,0x00427f67,4357991
3530,0x00427f68,4357992
3531,0x00427f69,4357993
3532,0x00427f6a,4357994
3533,0x00427f6b,4357995
3534,0x00427f6e,4357998
3535,0x00427f6f,4357999
3536,0x00427f70,4358000
3537,0x00427f71,4358001
3538,0x00427f72,4358002
3539,0x00427f73,4358003
3540,0x00427f74,4358004
3541,0x00427f75,4358005
3542,0x00427f78,4358008
3543,0x00427f7c,4358012
3544,0x00427f7d,4358013
3545,0x00427f7e,4358014
3546,0x00427f7f,4358015
3547,0x00427f80,4358016
3548,0x00427f81,4358017
3549,0x00427f82,4358018
3550,0x00427f87,4358023
3551,0x00427f88,4358024
3552,0x00427f89,4358025
3553,0x00427f8a,4358026
3554,0x00427f8b,4358027
3555,0x00427f8f,4358031
3556,0x00427f90,4358032
3557,0x00427f94,4358036
3558,0x00427f95,4358037
3559,0x00427f96,4358038
3560,0x00427f97,4358039
3561,0x00427f98,4358040
3562,0x00427f99,4358041
3563,0x00427f9a,4358042
3564,0x00427f9b,4358043
3565,0x00427f9c,4358044
3566,0x00427f9d,4358045
3567,0x00427fa0,4358048
3568,0x00427fa1,4358049
3569,0x00427fa2,4358050
3570,0x00427fa3,4358051
3571,0x00427fa4,4358052
3572,0x00427fa5,4358053
3573,0x00427fa6,4358054
3574,0x00427fa7,4358055
3575,0x00427fa8,4358056
3576,0x00427fa9,4358057
3577,0x00427faa,4358058
3578,0x00427fab,4358059
3579,0x00427fae,4358062
3580,0x00427faf,4358063
3581,0x00427fb0,4358064
3582,0x00427fb1,4358065
3583,0x00427fb2,4358066
3584,0x00427fb3,4358067
3585,0x00427fb4,4358068
3586,0x00427fb5,4358069
3587,0x00427fb6,4358070
3588,0x00427fb7,4358071
3589,0x00427fb8,4358072
3590,0x00427fba,4358074
3591,0x00427fbc,4358076
3592,0x00427fbd,4358077
3593,0x00427fbe,4358078
3594,0x00427fbf,4358079
3595,0x00427fc0,4358080
3596,0x00427fc1,4358081
3597,0x00427fc3,4358083
3598,0x00427fc7,4358087
3599,0x00427fc8,4358088
3600,0x00427fc9,4358089
3601,0x00427fca,4358090
3602,0x00427fcb,4358091
3603,0x00427fcc,4358092
3604,0x00427fcd,4358093
3605,0x00427fd1,4358097
3606,0x00427fd2,4358098
3607,0x00427fd4,4358100
3608,0x00427fd5,4358101
3609,0x00427fd6,4358102
3610,0x00427fda,4358106
3611,0x00427fdb,4358107
3612,0x00427fdf,4358111
3613,0x00427fe0,4358112
3614,0x00427fe1,4358113
3615,0x00427fe2,4358114
3616,0x00427fe3,4358115
3617,0x00427fe4,4358116
3618,0x00427fe5,4358117
3619,0x00427fe6,4358118
3620,0x00427fe7,4358119
3621,0x00427fea,4358122
3622,0x00427feb,4358123
3623,0x00427fec,4358124
3624,0x00427fed,4358125
3625,0x00427fee,4358126
3626,0x00427fef,4358127
3627,0x00427ff0,4358128
3628,0x00427ff1,4358129
3629,0x00427ff2,4358130
3630,0x00427ff4,4358132
3631,0x00427ff5,4358133
3632,0x00427ff6,4358134
3633,0x00427ff9,4358137
3634,0x00427ffa,4358138
3635,0x00427ffb,4358139
3636,0x00427ffc,4358140
3637,0x00427ffd,4358141
3638,0x00427ffe,4358142
3639,0x00427fff,4358143
3640,0x00428000,4358144
3641,0x00428001,4358145
3642,0x00428005,4358149
3643,0x00428006,4358150
3644,0x00428007,4358151
3645,0x00428008,4358152
3646,0x00428009,4358153
3647,0x0042800a,4358154
3648,0x0042800b,4358155
3649,0x0042800c,4358156
3650,0x0042800d,4358157
3651,0x00428010,4358160
3652,0x00428011,4358161
3653,0x00428012,4358162
3654,0x00428013,4358163
3655,0x00428014,4358164
3656,0x00428015,4358165
3657,0x00428016,4358166
3658,0x00428017,4358167
3659,0x00428018,4358168
3660,0x00428019,4358169
3661,0x0042801a,4358170
3662,0x0042801b,4358171
3663,0x00428020,4358176
3664,0x00428022,4358178
3665,0x00428023,4358179
3666,0x00428024,4358180
3667,0x00428025,4358181
3668,0x00428028,4358184
3669,0x00428029,4358185
3670,0x0042802a,4358186
3671,0x0042802d,4358189
3672,0x0042802e,4358190
3673,0x0042802f,4358191
3674,0x00428030,4358192
3675,0x00428031,4358193
3676,0x00428032,4358194
3677,0x00428033,4358195
3678,0x00428034,4358196
3679,0x00428035,4358197
3680,0x00428036,4358198
3681,0x0042803a,4358202
3682,0x0042803b,4358203
3683,0x0042803c,4358204
3684,0x0042803d,4358205
3685,0x0042803e,4358206
3686,0x0042803f,4358207
3687,0x00428040,4358208
3688,0x00428041,4358209
3689,0x00428044,4358212
3690,0x00428045,4358213
3691,0x00428049,4358217
3692,0x0042804b,4358219
3693,0x0042804c,4358220
3694,0x0042804d,4358221
3695,0x0042804e,4358222
3696,0x0042804f,4358223
3697,0x00428050,4358224
3698,0x00428051,4358225
3699,0x00428052,4358226
3700,0x00428054,4358228
3701,0x00428055,4358229
3702,0x00428056,4358230
3703,0x00428057,4358231
3704,0x00428058,4358232
3705,0x00428059,4358233
3706,0x0042805a,4358234
3707,0x0042805b,4358235
3708,0x0042805c,4358236
3709,0x0042805d,4358237
3710,0x00428061,4358241
3711,0x00428063,4358243
3712,0x00428064,4358244
3713,0x00428065,4358245
3714,0x00428066,4358246
3715,0x00428067,4358247
3716,0x0042806b,4358251
3717,0x0042806d,4358253
3718,0x0042806e,4358254
3719,0x0042806f,4358255
3720,0x00428070,4358256
3721,0x00428073,4358259
3722,0x00428074,4358260
3723,0x00428075,4358261
3724,0x00428076,4358262
3725,0x00428078,4358264
3726,0x00428079,4358265
3727,0x0042807a,4358266
3728,0x0042807b,4358267
3729,0x0042807c,4358268
3730,0x0042807d,4358269
3731,0x0042807e,4358270
3732,0x0042807f,4358271
3733,0x00428080,4358272
3734,0x00428081,4358273
3735,0x00428085,4358277
3736,0x00428087,4358279
3737,0x00428088,4358280
3738,0x00428089,4358281
3739,0x0042808a,4358282
3740,0x0042808b,4358283
3741,0x0042808c,4358284
3742,0x00428090,4358288
3743,0x00428091,4358289
3744,0x00428094,4358292
3745,0x00428095,4358293
3746,0x00428096,4358294
3747,0x00428097,4358295
3748,0x00428098,4358296
3749,0x00428099,4358297
3750,0x0042809a,4358298
3751,0x0042809b,4358299
3752,0x0042809c,4358300
3753,0x0042809d,4358301
3754,0x004280a1,4358305
3755,0x004280a2,4358306
3756,0x004280a4,4358308
3757,0x004280a5,4358309
3758,0x004280a6,4358310
3759,0x004280a7,4358311
3760,0x004280a8,4358312
3761,0x004280a9,4358313
3762,0x004280ac,4358316
3763,0x004280ae,4358318
3764,0x004280b3,4358323
3765,0x004280b4,4358324
3766,0x004280b5,4358325
3767,0x004280b6,4358326
3768,0x004280b7,4358327
3769,0x004280b8,4358328
3770,0x004280b9,4358329
3771,0x004280ba,4358330
3772,0x004280be,4358334
3773,0x004280c1,4358337
3774,0x004280c2,4358338
3775,0x004280c3,4358339
3776,0x004280c5,4358341
3777,0x004280c6,4358342
3778,0x004280c7,4358343
3779,0x004280c8,4358344
3780,0x004280ca,4358346
3781,0x004280cc,4358348
3782,0x004280cd,4358349
3783,0x004280ce,4358350
3784,0x004280cf,4358351
3785,0x004280d0,4358352
3786,0x004280d1,4358353
3787,0x004280d2,4358354
3788,0x004280d3,4358355
3789,0x004280d4,4358356
3790,0x004280d5,4358357
3791,0x004280d6,4358358
3792,0x004280d7,4358359
3793,0x004280d8,4358360
3794,0x004280d9,4358361
3795,0x004280da,4358362
3796,0x004280db,4358363
3797,0x004280dc,4358364
3798,0x004280dd,4358365
3799,0x004280de,4358366
3800,0x004280df,4358367
3801,0x004280e0,4358368
3802,0x004280e2,4358370
3803,0x004280e3,4358371
3804,0x004280e4,4358372
3805,0x004280e5,4358373
3806,0x004280e6,4358374
3807,0x004280e7,4358375
3808,0x004280e8,4358376
3809,0x004280e9,4358377
3810,0x004280ea,4358378
3811,0x004280eb,4358379
3812,0x004280ec,4358380
3813,0x004280ed,4358381
3814,0x004280ee,4358382
3815,0x004280ef,4358383
3816,0x004280f0,4358384
3817,0x004280f1,4358385
3818,0x004280f2,4358386
3819,0x004280f3,4358387
3820,0x004280f5,4358389
3821,0x004280f6,4358390
3822,0x004280f7,4358391
3823,0x004280f8,4358392
3824,0x004280f9,4358393
3825,0x004280fa,4358394
3826,0x004280fb,4358395
3827,0x004280fc,4358396
3828,0x004280fd,4358397
3829,0x004280fe,4358398
3830,0x004280ff,4358399
3831,0x00428100,4358400
3832,0x00428101,4358401
3833,0x00428105,4358405
3834,0x00428106,4358406
3835,0x00428107,4358407
3836,0x00428109,4358409
3837,0x0042810a,4358410
3838,0x0042810b,4358411
3839,0x0042810c,4358412
3840,0x0042810d,4358413
3841,0x0042810e,4358414
3842,0x0042810f,4358415
3843,0x00428110,4358416
3844,0x00428111,4358417
3845,0x00428112,4358418
3846,0x00428113,4358419
3847,0x00428114,4358420
3848,0x00428117,4358423
3849,0x00428118,4358424
3850,0x0042811a,4358426
3851,0x0042811b,4358427
3852,0x0042811c,4358428
3853,0x0042811d,4358429
3854,0x0042811e,4358430
3855,0x0042811f,4358431
3856,0x00428120,4358432
3857,0x00428121,4358433
3858,0x00428122,4358434
3859,0x00428123,4358435
3860,0x00428124,4358436
3861,0x00428125,4358437
3862,0x00428128,4358440
3863,0x00428129,4358441
3864,0x0042812a,4358442
3865,0x0042812b,4358443
3866,0x0042812c,4358444
3867,0x0042812d,4358445
3868,0x0042812e,4358446
3869,0x0042812f,4358447
3870,0x00428130,4358448
3871,0x00428131,4358449
3872,0x00428132,4358450
3873,0x00428134,4358452
3874,0x00428135,4358453
3875,0x00428136,4358454
3876,0x00428137,4358455
3877,0x00428138,4358456
3878,0x00428139,4358457
3879,0x0042813a,4358458
3880,0x0042813b,4358459
3881,0x0042813c,4358460
3882,0x0042813f,4358463
3883,0x00428140,4358464
3884,0x00428141,4358465
3885,0x00428143,4358467
3886,0x00428144,4358468
3887,0x00428145,4358469
3888,0x00428146,4358470
3889,0x00428147,4358471
3890,0x00428148,4358472
3891,0x00428149,4358473
3892,0x0042814a,4358474
3893,0x0042814b,4358475
3894,0x0042814c,4358476
3895,0x0042814d,4358477
3896,0x0042814e,4358478
3897,0x0042814f,4358479
3898,0x00428150,4358480
3899,0x00428153,4358483
3900,0x00428154,4358484
3901,0x00428155,4358485
3902,0x00428156,4358486
3903,0x00428157,4358487
3904,0x00428158,4358488
3905,0x00428159,4358489
3906,0x0042815a,4358490
3907,0x0042815b,4358491
3908,0x0042815c,4358492
3909,0x0042815d,4358493
3910,0x0042815f,4358495
3911,0x00428160,4358496
3912,0x00428161,4358497
3913,0x00428164,4358500
3914,0x00428165,4358501
3915,0x00428166,4358502
3916,0x00428167,4358503
3917,0x00428168,4358504
3918,0x00428169,4358505
3919,0x0042816a,4358506
3920,0x0042816b,4358507
3921,0x0042816c,4358508
3922,0x0042816d,4358509
3923,0x00428170,4358512
3924,0x00428171,4358513
3925,0x00428172,4358514
3926,0x00428173,4358515
3927,0x00428174,4358516
3928,0x00428175,4358517
3929,0x00428176,4358518
3930,0x00428177,4358519
3931,0x0042817b,4358523
3932,0x0042817c,4358524
3933,0x0042817d,4358525
3934,0x00428180,4358528
3935,0x00428181,4358529
3936,0x00428182,4358530
3937,0x00428183,4358531
3938,0x00428184,4358532
3939,0x00428185,4358533
3940,0x00428186,4358534
3941,0x00428187,4358535
3942,0x00428188,4358536
3943,0x00428189,4358537
3944,0x0042818a,4358538
3945,0x0042818b,4358539
3946,0x0042818d,4358541
3947,0x0042818f,4358543
3948,0x00428190,4358544
3949,0x00428191,4358545
3950,0x00428192,4358546
3951,0x00428193,4358547
3952,0x00428194,4358548
3953,0x00428195,4358549
3954,0x00428196,4358550
3955,0x00428197,4358551
3956,0x00428198,4358552
3957,0x0042819b,4358555
3958,0x0042819c,4358556
3959,0x0042819f,4358559
3960,0x004281a0,4358560
3961,0x004281a1,4358561
3962,0x004281a2,4358562
3963,0x004281a3,4358563
3964,0x004281a4,4358564
3965,0x004281a5,4358565
3966,0x004281a6,4358566
3967,0x004281a7,4358567
3968,0x004281a8,4358568
3969,0x004281aa,4358570
3970,0x004281ac,4358572
3971,0x004281ad,4358573
3972,0x004281ae,4358574
3973,0x004281af,4358575
3974,0x004281b0,4358576
3975,0x004281b1,4358577
3976,0x004281b2,4358578
3977,0x004281b3,4358579
3978,0x004281b4,4358580
3979,0x004281b8,4358584
3980,0x004281b9,4358585
3981,0x004281ba,4358586
3982,0x004281bb,4358587
3983,0x004281bd,4358589
3984,0x004281bf,4358591
3985,0x004281c0,4358592
3986,0x004281c1,4358593
3987,0x004281c2,4358594
3988,0x004281c3,4358595
3989,0x004281c4,4358596
3990,0x004281c5,4358597
3991,0x004281c6,4358598
3992,0x004281c7,4358599
3993,0x004281c8,4358600
3994,0x004281cb,4358603
3995,0x004281cc,4358604
3996,0x004281cd,4358605
3997,0x004281ce,4358606
3998,0x004281cf,4358607
3999,0x004281d0,4358608
4000,0x004281d1,4358609
4001,0x004281d2,4358610
4002,0x004281d3,4358611
4003,0x004281d4,4358612
4004,0x004281d5,4358613
4005,0x004281d6,4358614
4006,0x004281d7,4358615
4007,0x004281d8,4358616
4008,0x004281d9,4358617
4009,0x004281da,4358618
4010,0x004281db,4358619
4011,0x004281de,4358622
4012,0x004281df,4358623
4013,0x004281e0,4358624
4014,0x004281e1,4358625
4015,0x004281e2,4358626
4016,0x004281e3,4358627
4017,0x004281e4,4358628
4018,0x004281e9,4358633
4019,0x004281eb,4358635
4020,0x004281ec,4358636
4021,0x004281ed,4358637
4022,0x004281ee,4358638
4023,0x004281ef,4358639
4024,0x004281f3,4358643
4025,0x004281f4,4358644
4026,0x004281f5,4358645
4027,0x004281f6,4358646
4028,0x004281f7,4358647
4029,0x004281f8,4358648
4030,0x004281f9,4358649
4031,0x004281fa,4358650
4032,0x004281fb,4358651
4033,0x004281fc,4358652
4034,0x004281fd,4358653
4035,0x004281fe,4358654
4036,0x004281ff,4358655
4037,0x00428200,4358656
4038,0x00428201,4358657
4039,0x00428202,4358658
4040,0x00428203,4358659
4041,0x00428204,4358660
4042,0x00428206,4358662
4043,0x00428207,4358663
4044,0x00428208,4358664
4045,0x00428209,4358665
4046,0x0042820a,4358666
4047,0x0042820b,4358667
4048,0x0042820c,4358668
4049,0x0042820d,4358669
4050,0x0042820e,4358670
4051,0x0042820f,4358671
4052,0x00428211,4358673
4053,0x00428212,4358674
4054,0x00428213,4358675
4055,0x00428214,4358676
4056,0x00428215,4358677
4057,0x00428216,4358678
4058,0x00428217,4358679
4059,0x00428218,4358680
4060,0x00428219,4358681
4061,0x0042821a,4358682
4062,0x0042821b,4358683
4063,0x0042821d,4358685
4064,0x0042821e,4358686
4065,0x0042821f,4358687
4066,0x00428220,4358688
4067,0x00428221,4358689
4068,0x00428222,4358690
4069,0x00428223,4358691
4070,0x00428227,4358695
4071,0x00428228,4358696
4072,0x0042822a,4358698
4073,0x0042822c,4358700
4074,0x0042822d,4358701
4075,0x0042822e,4358702
4076,0x0042822f,4358703
4077,0x00428230,4358704
4078,0x00428231,4358705
4079,0x00428232,4358706
4080,0x00428233,4358707
4081,0x00428234,4358708
4082,0x00428235,4358709
4083,0x00428236,4358710
4084,0x00428237,4358711
4085,0x00428238,4358712
4086,0x00428239,4358713
4087,0x0042823a,4358714
4088,0x0042823b,4358715
4089,0x0042823c,4358716
4090,0x0042823d,4358717
4091,0x0042823e,4358718
4092,0x0042823f,4358719
4093,0x00428240,4358720
4094,0x00428241,4358721
4095,0x00428242,4358722
