0,0x00000000,0
1,0x00000000,0
2,0x00000000,0
3,0x003ac650,3851856
4,0x000009e0,2528
5,0x00000761,1889
6,0x000014d5,5333
7,0x00003152,12626
8,0x0000872b,34603
9,0x00002553,9555
10,0x000016e7,5863
11,0x0000164e,5710
12,0x0000b1c9,45513
13,0x00019506,103686
14,0x0008f008,585736
15,0x000276aa,161450
16,0x000128a6,75942
17,0x000061ff,25087
18,0x00003592,13714
19,0x00003976,14710
20,0x00001a30,6704
21,0x0000183e,6206
22,0x00001878,6264
23,0x00001ac2,6850
24,0x00001961,6497
25,0x00001548,5448
26,0x0000204a,8266
27,0x00001744,5956
28,0x000014a2,5282
29,0x00001560,5472
30,0x000019f7,6647
31,0x000019fb,6651
32,0x0000129f,4767
33,0x00001159,4441
34,0x0000105c,4188
35,0x0000225d,8797
36,0x00001a76,6774
37,0x0000148f,5263
38,0x000011fa,4602
39,0x00001363,4963
40,0x00001d2a,7466
41,0x00001843,6211
42,0x000014db,5339
43,0x00001459,5209
44,0x00002720,10016
45,0x00003cba,15546
46,0x0000252f,9519
47,0x000017f1,6129
48,0x00001a2e,6702
49,0x00001e2b,7723
50,0x000017be,6078
51,0x0000170a,5898
52,0x00001a39,6713
53,0x00001bfc,7164
54,0x000016f8,5880
55,0x0000154b,5451
56,0x0000141e,5150
57,0x002c8a55,2918997
58,0x0253c3d1,39044049
59,0x070ab6f1,118142705
60,0x02d8aa72,47753842
61,0x00455e9b,4546203
62,0x0011381f,1128479
63,0x000239cb,145867
64,0x0008f1db,586203
65,0x0007e6c4,517828
66,0x000381c7,229831
67,0x0003c7b9,247737
68,0x0003163f,202303
69,0x000251a1,151969
70,0x00009ebd,40637
71,0x0000467c,18044
72,0x000037bf,14271
73,0x0000214d,8525
74,0x00001a3d,6717
75,0x0000156f,5487
76,0x00001e5f,7775
77,0x00001de9,7657
78,0x000015ef,5615
79,0x000062b9,25273
80,0x00015b40,88896
81,0x0003c7e6,247782
82,0x00013bd7,80855
83,0x000088f0,35056
84,0x00001460,5216
85,0x00001739,5945
86,0x00001de2,7650
87,0x00001aee,6894
88,0x00001ac5,6853
89,0x000017cd,6093
90,0x00001d2a,7466
91,0x000017ae,6062
92,0x00002b8b,11147
93,0x00015492,87186
94,0x0003d9ab,252331
95,0x0003edf4,257524
96,0x0003727e,225918
97,0x0002e2fc,189180
98,0x0000e83b,59451
99,0x00001efe,7934
100,0x00001940,6464
101,0x00001660,5728
102,0x000018b4,6324
103,0x00001c59,7257
104,0x000021c2,8642
105,0x00002803,10243
106,0x000021c4,8644
107,0x00001bb5,7093
108,0x00001ab8,6840
109,0x00001508,5384
110,0x000012b7,4791
111,0x000013a5,5029
112,0x000016e6,5862
113,0x00001f95,8085
114,0x00001964,6500
115,0x000018de,6366
116,0x000023be,9150
117,0x000024fd,9469
118,0x00002848,10312
119,0x000020f3,8435
120,0x0000146d,5229
121,0x0000123f,4671
122,0x00001a6b,6763
123,0x00001967,6503
124,0x000019fe,6654
125,0x00001e22,7714
126,0x00001eed,7917
127,0x00001bfa,7162
128,0x00001abb,6843
129,0x000017bf,6079
130,0x00001653,5715
131,0x00001b29,6953
132,0x00001572,5490
133,0x00001553,5459
134,0x00001714,5908
135,0x00001a2d,6701
136,0x00001d21,7457
137,0x000015e2,5602
138,0x00001541,5441
139,0x00001535,5429
140,0x000019b1,6577
141,0x000018a2,6306
142,0x000015a5,5541
143,0x00001502,5378
144,0x000015a5,5541
145,0x000018b8,6328
146,0x0000144d,5197
147,0x0000151f,5407
148,0x0000163d,5693
149,0x00001b4c,6988
150,0x000016db,5851
151,0x00001250,4688
152,0x0000128d,4749
153,0x00001375,4981
154,0x00001eae,7854
155,0x000019cb,6603
156,0x0000137b,4987
157,0x0000116c,4460
158,0x000013bd,5053
159,0x00001e45,7749
160,0x00001a39,6713
161,0x0000197b,6523
162,0x000014b4,5300
163,0x000016b3,5811
164,0x0000171c,5916
165,0x00001796,6038
166,0x0000177c,6012
167,0x0000167a,5754
168,0x00001719,5913
169,0x0000145a,5210
170,0x000015b2,5554
171,0x0000180d,6157
172,0x000019f2,6642
173,0x00001847,6215
174,0x000013c8,5064
175,0x000013ae,5038
176,0x000015de,5598
177,0x00001ba8,7080
178,0x00001716,5910
179,0x0000155a,5466
180,0x0000148b,5259
181,0x000018dc,6364
182,0x0000194d,6477
183,0x000016a4,5796
184,0x00001604,5636
185,0x00001628,5672
186,0x00001a06,6662
187,0x00001323,4899
188,0x00001372,4978
189,0x000014db,5339
190,0x00001a27,6695
191,0x00001bb1,7089
192,0x000013ca,5066
193,0x000012c4,4804
194,0x00001208,4616
195,0x00001bf3,7155
196,0x00001d5b,7515
197,0x0000177d,6013
198,0x000014b2,5298
199,0x00001091,4241
200,0x000019f2,6642
201,0x00001b2d,6957
202,0x00001813,6163
203,0x00001484,5252
204,0x0000149c,5276
205,0x0000165a,5722
206,0x000018a0,6304
207,0x000018b8,6328
208,0x000017fa,6138
209,0x0000193f,6463
210,0x000014d1,5329
211,0x00001656,5718
212,0x000016d1,5841
213,0x00001905,6405
214,0x00001980,6528
215,0x0000151f,5407
216,0x00001535,5429
217,0x0000141c,5148
218,0x00001a9e,6814
219,0x00001731,5937
220,0x000014e6,5350
221,0x000014e8,5352
222,0x000016de,5854
223,0x00001788,6024
224,0x00001692,5778
225,0x0000167c,5756
226,0x000016cd,5837
227,0x00001cf1,7409
228,0x00001563,5475
229,0x0000141a,5146
230,0x00001481,5249
231,0x00001829,6185
232,0x00001e3d,7741
233,0x000015c4,5572
234,0x0000145d,5213
235,0x000012df,4831
236,0x0000190c,6412
237,0x00002430,9264
238,0x00001bb6,7094
239,0x0000186e,6254
240,0x0000154b,5451
241,0x00001a71,6769
242,0x00001f97,8087
243,0x00001d24,7460
244,0x00001921,6433
245,0x00001725,5925
246,0x000016c6,5830
247,0x00001906,6406
248,0x00001b18,6936
249,0x000019bd,6589
250,0x00001b5b,7003
251,0x00001599,5529
252,0x00001620,5664
253,0x000017a0,6048
254,0x00001b1a,6938
255,0x00001b58,7000
256,0x00001684,5764
257,0x0000156a,5482
258,0x000015c3,5571
259,0x00001ac5,6853
260,0x00001af5,6901
261,0x000017ec,6124
262,0x00001641,5697
263,0x00001709,5897
264,0x000019c2,6594
265,0x00001936,6454
266,0x00001837,6199
267,0x000017b5,6069
268,0x00001c7e,7294
269,0x000018e5,6373
270,0x0000165d,5725
271,0x0000166d,5741
272,0x00001890,6288
273,0x0000216d,8557
274,0x00001938,6456
275,0x00001615,5653
276,0x00001404,5124
277,0x0000168f,5775
278,0x000021a0,8608
279,0x00001d68,7528
280,0x00001836,6198
281,0x000012d7,4823
282,0x000016e8,5864
283,0x00001bf6,7158
284,0x00001bfc,7164
285,0x00001ad1,6865
286,0x00001778,6008
287,0x00001663,5731
288,0x00001753,5971
289,0x000019f2,6642
290,0x00001b33,6963
291,0x00001d5a,7514
292,0x000016bf,5823
293,0x00001600,5632
294,0x0000175e,5982
295,0x00001a6a,6762
296,0x00001ddd,7645
297,0x000017e4,6116
298,0x00001638,5688
299,0x0000153c,5436
300,0x00001a55,6741
301,0x000019e7,6631
302,0x0000183d,6205
303,0x000017a9,6057
304,0x00001706,5894
305,0x000019c0,6592
306,0x0000173b,5947
307,0x0000185a,6234
308,0x000017f7,6135
309,0x00001c32,7218
310,0x00001a9e,6814
311,0x000015d2,5586
312,0x0000150e,5390
313,0x000016d4,5844
314,0x0000241a,9242
315,0x00001bf8,7160
316,0x00001884,6276
317,0x00001618,5656
318,0x000015b7,5559
319,0x00001f2a,7978
320,0x00001fb8,8120
321,0x00001e23,7715
322,0x000017fa,6138
323,0x0000162d,5677
324,0x000019b6,6582
325,0x00001c46,7238
326,0x00001c6d,7277
327,0x00001ad3,6867
328,0x000018fa,6394
329,0x0000173e,5950
330,0x00001849,6217
331,0x00001ab9,6841
332,0x00001f0b,7947
333,0x000018ec,6380
334,0x0000172e,5934
335,0x0000172e,5934
336,0x0000180c,6156
337,0x00001e8c,7820
338,0x00001a91,6801
339,0x00001813,6163
340,0x000017ac,6060
341,0x00001a1e,6686
342,0x00001b2c,6956
343,0x000019b0,6576
344,0x00001988,6536
345,0x0000190b,6411
346,0x00001d4c,7500
347,0x00001772,6002
348,0x00001875,6261
349,0x000019d0,6608
350,0x00001c98,7320
351,0x00001e61,7777
352,0x0000185b,6235
353,0x000017c8,6088
354,0x00001695,5781
355,0x00001ea4,7844
356,0x00001d7c,7548
357,0x00001ab9,6841
358,0x0000189b,6299
359,0x000015a8,5544
360,0x00001a85,6789
361,0x00001bfa,7162
362,0x00001ceb,7403
363,0x00001bd0,7120
364,0x00001725,5925
365,0x00001753,5971
366,0x00001a11,6673
367,0x00001c20,7200
368,0x00001cca,7370
369,0x00001b7e,7038
370,0x0000165b,5723
371,0x000018cc,6348
372,0x00001ae9,6889
373,0x000020f2,8434
374,0x00001c21,7201
375,0x000018c4,6340
376,0x0000191e,6430
377,0x00001a3d,6717
378,0x000020ad,8365
379,0x00001b63,7011
380,0x00001b32,6962
381,0x00001a6b,6763
382,0x00001af4,6900
383,0x00001d40,7488
384,0x00001af4,6900
385,0x00001afc,6908
386,0x00001afc,6908
387,0x00001fbe,8126
388,0x00001a96,6806
389,0x000018ec,6380
390,0x000019fa,6650
391,0x00001c1f,7199
392,0x00002025,8229
393,0x00001a6d,6765
394,0x00001931,6449
395,0x00001893,6291
396,0x00001d0a,7434
397,0x00001f07,7943
398,0x00001df3,7667
399,0x00001c18,7192
400,0x00001867,6247
401,0x00001a23,6691
402,0x00001cf1,7409
403,0x00002008,8200
404,0x000021c4,8644
405,0x00001b16,6934
406,0x000017ed,6125
407,0x00001a74,6772
408,0x00001d5b,7515
409,0x00002081,8321
410,0x0000216f,8559
411,0x00001678,5752
412,0x000017c0,6080
413,0x000019d4,6612
414,0x00002003,8195
415,0x00001fc7,8135
416,0x0000195b,6491
417,0x0000186c,6252
418,0x00001910,6416
419,0x00001f20,7968
420,0x00001ba3,7075
421,0x00001a97,6807
422,0x00001a32,6706
423,0x00001a7b,6779
424,0x00001c5b,7259
425,0x00001a0a,6666
426,0x00001b26,6950
427,0x00001b77,7031
428,0x00001ecf,7887
429,0x00001a79,6777
430,0x0000199d,6557
431,0x00001aac,6828
432,0x00001b79,7033
433,0x00002284,8836
434,0x00001c8a,7306
435,0x000019ee,6638
436,0x0000194e,6478
437,0x00001b0b,6923
438,0x00001ece,7886
439,0x00002053,8275
440,0x00001dfb,7675
441,0x00001ab3,6835
442,0x00001800,6144
443,0x00001916,6422
444,0x00001fbe,8126
445,0x000022b1,8881
446,0x00001df5,7669
447,0x000015f0,5616
448,0x00001716,5910
449,0x00001a97,6807
450,0x00001ec5,7877
451,0x00002494,9364
452,0x000017c6,6086
453,0x00001691,5777
454,0x00001889,6281
455,0x00001e2e,7726
456,0x000020da,8410
457,0x00001b26,6950
458,0x00001a4e,6734
459,0x0000176d,5997
460,0x00001cac,7340
461,0x00001bcf,7119
462,0x00001b05,6917
463,0x00001b6a,7018
464,0x00001ab5,6837
465,0x00001d24,7460
466,0x00001795,6037
467,0x00001a52,6738
468,0x00001b51,6993
469,0x00001e71,7793
470,0x00001a6d,6765
471,0x00001746,5958
472,0x00001804,6148
473,0x0000185a,6234
474,0x00002145,8517
475,0x00001d3e,7486
476,0x00001a40,6720
477,0x000018a7,6311
478,0x00001787,6023
479,0x00001b6e,7022
480,0x00001f16,7958
481,0x00002033,8243
482,0x00001e0d,7693
483,0x00001840,6208
484,0x0000160c,5644
485,0x00002033,8243
486,0x00002693,9875
487,0x000029f9,10745
488,0x0000199c,6556
489,0x000015e4,5604
490,0x000019df,6623
491,0x00001e6f,7791
492,0x0000292d,10541
493,0x00001c0d,7181
494,0x00001636,5686
495,0x000016b1,5809
496,0x00001aeb,6891
497,0x00002266,8806
498,0x00001afe,6910
499,0x00001992,6546
500,0x000018ec,6380
501,0x00001af0,6896
502,0x00001c08,7176
503,0x00001a01,6657
504,0x00001a8b,6795
505,0x00001a27,6695
506,0x00001d05,7429
507,0x00001722,5922
508,0x00001860,6240
509,0x000019d3,6611
510,0x00001de7,7655
511,0x00001dc3,7619
512,0x000018e9,6377
513,0x00001835,6197
514,0x000017de,6110
515,0x00001ed7,7895
516,0x00001da6,7590
517,0x00001c07,7175
518,0x00001aab,6827
519,0x000018a2,6306
520,0x00001a5c,6748
521,0x00001b21,6945
522,0x00001dad,7597
523,0x00002056,8278
524,0x00001d44,7492
525,0x00001434,5172
526,0x0000198c,6540
527,0x00001e51,7761
528,0x0000251c,9500
529,0x00001e00,7680
530,0x000015c4,5572
531,0x00001845,6213
532,0x00001b95,7061
533,0x00002792,10130
534,0x00002154,8532
535,0x00001ac8,6856
536,0x00001a34,6708
537,0x00001b5f,7007
538,0x00002a0e,10766
539,0x00001f52,8018
540,0x00001e32,7730
541,0x00001de9,7657
542,0x00002096,8342
543,0x00002190,8592
544,0x00001f10,7952
545,0x00001ed6,7894
546,0x00002014,8212
547,0x0000251a,9498
548,0x00001d06,7430
549,0x00001cc9,7369
550,0x00001e6d,7789
551,0x000022e3,8931
552,0x0000256f,9583
553,0x00001e2b,7723
554,0x00001ec3,7875
555,0x00001da5,7589
556,0x0000231c,8988
557,0x00002206,8710
558,0x000021bc,8636
559,0x0000202c,8236
560,0x00001e6b,7787
561,0x00002086,8326
562,0x00001e43,7747
563,0x000022e8,8936
564,0x000025ad,9645
565,0x000028e0,10464
566,0x00001abd,6845
567,0x00001bb8,7096
568,0x0000234f,9039
569,0x00002c0c,11276
570,0x00002d88,11656
571,0x00001b91,7057
572,0x00001c21,7201
573,0x00001e0d,7693
574,0x00002a22,10786
575,0x00002957,10583
576,0x00002063,8291
577,0x00001e1a,7706
578,0x00001d7e,7550
579,0x000029d9,10713
580,0x0000227b,8827
581,0x000021e3,8675
582,0x00002125,8485
583,0x00002365,9061
584,0x00002528,9512
585,0x00001f74,8052
586,0x00002286,8838
587,0x000023dc,9180
588,0x00002933,10547
589,0x00002130,8496
590,0x00001e5b,7771
591,0x00002064,8292
592,0x000023df,9183
593,0x00002bbc,11196
594,0x00002179,8569
595,0x0000208b,8331
596,0x000020d0,8400
597,0x00002535,9525
598,0x00002515,9493
599,0x0000252d,9517
600,0x00002637,9783
601,0x000024b8,9400
602,0x00002667,9831
603,0x00001d36,7478
604,0x00002267,8807
605,0x000027ab,10155
606,0x00002fbe,12222
607,0x000021de,8670
608,0x00001acc,6860
609,0x00001f61,8033
610,0x00002766,10086
611,0x000033e9,13289
612,0x0000208d,8333
613,0x00001cde,7390
614,0x00001d6e,7534
615,0x00002662,9826
616,0x00002e0c,11788
617,0x000023b1,9137
618,0x000021ad,8621
619,0x000020a0,8352
620,0x00002a6d,10861
621,0x000026ec,9964
622,0x0000259d,9629
623,0x00002549,9545
624,0x000026f4,9972
625,0x00002b78,11128
626,0x000021c0,8640
627,0x0000237a,9082
628,0x000026e7,9959
629,0x00002f1a,12058
630,0x00002957,10583
631,0x00002292,8850
632,0x0000238d,9101
633,0x000025ba,9658
634,0x000032b9,12985
635,0x00002850,10320
636,0x000026ec,9964
637,0x0000278e,10126
638,0x00002a57,10839
639,0x00002940,10560
640,0x0000284a,10314
641,0x000029d3,10707
642,0x00002be6,11238
643,0x000030d2,12498
644,0x0000205c,8284
645,0x000023f7,9207
646,0x00002976,10614
647,0x00003858,14424
648,0x000032d5,13013
649,0x00001eaf,7855
650,0x000021e1,8673
651,0x0000288a,10378
652,0x00003f6e,16238
653,0x00002ef3,12019
654,0x0000247d,9341
655,0x0000228d,8845
656,0x000025c3,9667
657,0x00003738,14136
658,0x00002aee,10990
659,0x0000277e,10110
660,0x000025ac,9644
661,0x00002cf9,11513
662,0x00002b97,11159
663,0x000028a2,10402
664,0x000028d1,10449
665,0x00002972,10610
666,0x0000322a,12842
667,0x0000253b,9531
668,0x000024e3,9443
669,0x00002726,10022
670,0x0000307c,12412
671,0x000030f4,12532
672,0x00002701,9985
673,0x000025ed,9709
674,0x0000266b,9835
675,0x00003469,13417
676,0x00002b4a,11082
677,0x00002aef,10991
678,0x00002a54,10836
679,0x00002d73,11635
680,0x00002b7d,11133
681,0x000028e1,10465
682,0x00002c95,11413
683,0x00002f8f,12175
684,0x000037fa,14330
685,0x000024b6,9398
686,0x00002294,8852
687,0x00002800,10240
688,0x00003856,14422
689,0x000041f0,16880
690,0x00002036,8246
691,0x0000208f,8335
692,0x000023e8,9192
693,0x000039fc,14844
694,0x000037b0,14256
695,0x00002727,10023
696,0x000022d5,8917
697,0x000022e4,8932
698,0x000037a8,14248
699,0x00002fcd,12237
700,0x00002ad3,10963
701,0x00002708,9992
702,0x00002b68,11112
703,0x00002d6d,11629
704,0x000028d3,10451
705,0x00002954,10580
706,0x00002b26,11046
707,0x00003339,13113
708,0x0000241f,9247
709,0x0000245c,9308
710,0x000025f9,9721
711,0x00002b87,11143
712,0x00003321,13089
713,0x00002643,9795
714,0x00002461,9313
715,0x000023a0,9120
716,0x00002e81,11905
717,0x00002b61,11105
718,0x000026af,9903
719,0x000026a8,9896
720,0x0000299a,10650
721,0x00002973,10611
722,0x00002259,8793
723,0x000026fd,9981
724,0x00002a0f,10767
725,0x00003424,13348
726,0x00002522,9506
727,0x00001c9a,7322
728,0x00001fd6,8150
729,0x00002a61,10849
730,0x00004ad1,19153
731,0x00001f12,7954
732,0x00001b52,6994
733,0x00001c93,7315
734,0x00002e17,11799
735,0x00003b9d,15261
736,0x00002700,9984
737,0x00002189,8585
738,0x00001d57,7511
739,0x00002a0a,10762
740,0x00002a27,10791
741,0x000026c9,9929
742,0x0000246a,9322
743,0x000023d9,9177
744,0x0000267a,9850
745,0x00002099,8345
746,0x000021c4,8644
747,0x0000229f,8863
748,0x00002c2b,11307
749,0x00001f4e,8014
750,0x00001d08,7432
751,0x00001e55,7765
752,0x00002143,8515
753,0x00002c1c,11292
754,0x000020af,8367
755,0x00001f5e,8030
756,0x00001db0,7600
757,0x00002333,9011
758,0x000025c2,9666
759,0x000020dc,8412
760,0x000020ec,8428
761,0x00002341,9025
762,0x000024dc,9436
763,0x00001ba2,7074
764,0x00001ea5,7845
765,0x00002202,8706
766,0x00002c35,11317
767,0x000023d6,9174
768,0x000018ce,6350
769,0x0000190e,6414
770,0x00001be6,7142
771,0x00003ac6,15046
772,0x0000216f,8559
773,0x000018f4,6388
774,0x00001774,6004
775,0x00001dcd,7629
776,0x00002cfb,11515
777,0x0000211b,8475
778,0x00001ce3,7395
779,0x00001aaf,6831
780,0x00001fcc,8140
781,0x000021db,8667
782,0x00001f50,8016
783,0x00001f08,7944
784,0x00001f2b,7979
785,0x000021fa,8698
786,0x00001be1,7137
787,0x00001c1d,7197
788,0x00001d89,7561
789,0x00002502,9474
790,0x00002031,8241
791,0x00001b45,6981
792,0x00001b08,6920
793,0x00001b82,7042
794,0x000026c4,9924
795,0x00001e37,7735
796,0x00001c1c,7196
797,0x00001b2a,6954
798,0x00001e62,7778
799,0x00001fe5,8165
800,0x00001c77,7287
801,0x00001d0a,7434
802,0x00001e1c,7708
803,0x000023fe,9214
804,0x000018fd,6397
805,0x000018dc,6364
806,0x00001bf1,7153
807,0x00002392,9106
808,0x00002570,9584
809,0x00001909,6409
810,0x00001783,6019
811,0x00001734,5940
812,0x00002c2d,11309
813,0x00002411,9233
814,0x00001b45,6981
815,0x0000180e,6158
816,0x00001845,6213
817,0x00002695,9877
818,0x000020b3,8371
819,0x00001d6d,7533
820,0x00001b18,6936
821,0x00001b7d,7037
822,0x00001f9b,8091
823,0x00001cbd,7357
824,0x00001c32,7218
825,0x00001c72,7282
826,0x00002178,8568
827,0x00001a5f,6751
828,0x00001a9d,6813
829,0x00001a77,6775
830,0x00001f0c,7948
831,0x00002002,8194
832,0x000019ec,6636
833,0x00001a59,6745
834,0x00001938,6456
835,0x00002221,8737
836,0x00001d34,7476
837,0x00001a72,6770
838,0x00001ad5,6869
839,0x00001cf2,7410
840,0x0000202b,8235
841,0x00001abe,6846
842,0x00001b58,7000
843,0x00001c41,7233
844,0x00002276,8822
845,0x00001b4a,6986
846,0x00001893,6291
847,0x00001968,6504
848,0x00001dcc,7628
849,0x00002648,9800
850,0x00001b2b,6955
851,0x0000174e,5966
852,0x000015da,5594
853,0x00002115,8469
854,0x00002442,9282
855,0x00001b86,7046
856,0x00001866,6246
857,0x00001586,5510
858,0x00002108,8456
859,0x00001cf2,7410
860,0x00001cd3,7379
861,0x00001ad2,6866
862,0x0000191c,6428
863,0x00001ce6,7398
864,0x00001b1b,6939
865,0x00001be1,7137
866,0x00001b5e,7006
867,0x00002145,8517
868,0x00001a3f,6719
869,0x000018c4,6340
870,0x000019d0,6608
871,0x00001cdf,7391
872,0x000020d8,8408
873,0x00001a10,6672
874,0x00001894,6292
875,0x00001854,6228
876,0x00001f25,7973
877,0x00001cfe,7422
878,0x00001a2d,6701
879,0x00001994,6548
880,0x00001920,6432
881,0x00001f14,7956
882,0x000018d3,6355
883,0x000019d5,6613
884,0x000019e5,6629
885,0x00002015,8213
886,0x00001ba0,7072
887,0x0000170d,5901
888,0x0000176a,5994
889,0x000019b3,6579
890,0x00002513,9491
891,0x00001d11,7441
892,0x000017a5,6053
893,0x00001530,5424
894,0x00001a0f,6671
895,0x000025e4,9700
896,0x00001da2,7586
897,0x00001a5c,6748
898,0x0000154d,5453
899,0x00001d08,7432
900,0x00001d55,7509
901,0x00001c6b,7275
902,0x00001cc8,7368
903,0x00001b28,6952
904,0x00001b19,6937
905,0x000019b5,6581
906,0x00001b4c,6988
907,0x00001b1a,6938
908,0x000020c6,8390
909,0x00001b1c,6940
910,0x00001805,6149
911,0x000018e4,6372
912,0x00001a5a,6746
913,0x00002115,8469
914,0x00001b94,7060
915,0x0000191f,6431
916,0x00001859,6233
917,0x00001caa,7338
918,0x00001d43,7491
919,0x00001c33,7219
920,0x00001bba,7098
921,0x000019e9,6633
922,0x000020f8,8440
923,0x00001932,6450
924,0x00001a4a,6730
925,0x00001b9d,7069
926,0x000021ed,8685
927,0x00002152,8530
928,0x00001871,6257
929,0x0000185f,6239
930,0x000017f8,6136
931,0x00002635,9781
932,0x00002396,9110
933,0x00001c33,7219
934,0x000016d1,5841
935,0x0000165a,5722
936,0x000024c7,9415
937,0x000022d1,8913
938,0x00001e30,7728
939,0x000018cd,6349
940,0x00001abe,6846
941,0x00001cd4,7380
942,0x00001df0,7664
943,0x00001e65,7781
944,0x00001da5,7589
945,0x00001e50,7760
946,0x00001993,6547
947,0x00001a84,6788
948,0x00001d20,7456
949,0x00002186,8582
950,0x00001f81,8065
951,0x00001a28,6696
952,0x00001910,6416
953,0x00001ab6,6838
954,0x00002383,9091
955,0x00001da4,7588
956,0x00001b92,7058
957,0x00001a19,6681
958,0x00001c98,7320
959,0x00001df9,7673
960,0x00001c5f,7263
961,0x00001c42,7234
962,0x00001bbf,7103
963,0x000022e7,8935
964,0x000019e1,6625
965,0x00001969,6505
966,0x000019f6,6646
967,0x00001f3a,7994
968,0x00002598,9624
969,0x000019ae,6574
970,0x00001884,6276
971,0x0000169f,5791
972,0x00001fe6,8166
973,0x00002767,10087
974,0x00001ecd,7885
975,0x00001a40,6720
976,0x00001515,5397
977,0x00001f93,8083
978,0x00002585,9605
979,0x0000213c,8508
980,0x00001c54,7252
981,0x00001b65,7013
982,0x00001b99,7065
983,0x00001e07,7687
984,0x00001f68,8040
985,0x00001ee0,7904
986,0x0000201e,8222
987,0x0000184e,6222
988,0x00001a37,6711
989,0x00001b92,7058
990,0x00001f6c,8044
991,0x00001f2b,7979
992,0x000019e2,6626
993,0x000019a5,6565
994,0x0000190b,6411
995,0x0000208b,8331
996,0x00001c8a,7306
997,0x00001a3b,6715
998,0x00001956,6486
999,0x00001a86,6790
1000,0x00001d31,7473
1001,0x00001a93,6803
1002,0x00001ada,6874
1003,0x00001b0a,6922
1004,0x000020cf,8399
1005,0x00001bb4,7092
1006,0x000018ce,6350
1007,0x000018ce,6350
1008,0x00001b39,6969
1009,0x00002560,9568
1010,0x00001add,6877
1011,0x000018b0,6320
1012,0x000016ac,5804
1013,0x00001b3c,6972
1014,0x00002422,9250
1015,0x00001eb5,7861
1016,0x00001b38,6968
1017,0x0000157e,5502
1018,0x00001a37,6711
1019,0x00001ee7,7911
1020,0x00001e0b,7691
1021,0x00001c5c,7260
1022,0x000019a0,6560
1023,0x0000180e,6158
0,0x00000000,0
1024,0x0043bc28,4439080
2048,0x0033175e,3348318
3072,0x0024ee77,2420343
4096,0x001c095e,1837406
5120,0x00158f26,1412902
6144,0x00101ee9,1056489
7168,0x000b37a2,735138
8192,0x00081be5,531429
9216,0x00054138,344376
10240,0x000421ea,270826
11264,0x0002e999,190873
12288,0x00018cc2,101570
13312,0x00010759,67417
14336,0x0000c9d7,51671
15360,0x0000a2b6,41654
16384,0x00009009,36873
17408,0x0000852b,34091
18432,0x00007da2,32162
19456,0x000079af,31151
20480,0x000075da,30170
21504,0x000072b1,29361
22528,0x000070e7,28903
23552,0x00006ae9,27369
24576,0x00006578,25976
25600,0x00006112,24850
26624,0x00005c9f,23711
27648,0x00005ac9,23241
28672,0x00005451,21585
29696,0x00005146,20806
30720,0x00004d59,19801
31744,0x0000485a,18522
32768,0x0000426c,17004
33792,0x00003d43,15683
34816,0x000036e6,14054
35840,0x000031e9,12777
36864,0x00002c7c,11388
37888,0x00002865,10341
38912,0x000022c0,8896
39936,0x00001c87,7303
40960,0x00001294,4756
41984,0x00000f3d,3901
43008,0x00000d44,3396
44032,0x00000afc,2812
45056,0x00000997,2455
46080,0x00000902,2306
47104,0x0000081b,2075
48128,0x00000834,2100
49152,0x000007fa,2042
50176,0x000007f9,2041
51200,0x00000878,2168
52224,0x00000899,2201
53248,0x0000094b,2379
54272,0x00000958,2392
55296,0x000009ce,2510
56320,0x00000989,2441
57344,0x00000943,2371
58368,0x0000086e,2158
59392,0x0000076d,1901
60416,0x0000080a,2058
61440,0x00000a4b,2635
62464,0x0000105f,4191
63488,0x0000185b,6235
64512,0x000020fe,8446
65536,0x000026ab,9899
66560,0x00002c73,11379
67584,0x000032e2,13026
68608,0x000038a7,14503
69632,0x00003bc3,15299
70656,0x00003a81,14977
71680,0x000036cf,14031
72704,0x000032a4,12964
73728,0x00002d95,11669
74752,0x00002a01,10753
75776,0x000025ee,9710
76800,0x000022c2,8898
77824,0x00001dde,7646
78848,0x0000198b,6539
79872,0x0000158a,5514
80896,0x00001100,4352
81920,0x00000d1e,3358
82944,0x00000a79,2681
83968,0x0000082b,2091
84992,0x00000603,1539
86016,0x00000456,1110
87040,0x00000385,901
88064,0x000002d2,722
89088,0x0000022b,555
90112,0x000001d8,472
91136,0x0000019d,413
92160,0x00000132,306
93184,0x0000011c,284
94208,0x000000d6,214
95232,0x000000c6,198
96256,0x000000a6,166
97280,0x00000069,105
98304,0x00000069,105
99328,0x00000058,88
100352,0x00000046,70
101376,0x0000003a,58
102400,0x00000046,70
103424,0x0000004d,77
104448,0x00000030,48
105472,0x00000033,51
106496,0x0000002e,46
107520,0x00000025,37
108544,0x0000001f,31
109568,0x00000016,22
110592,0x0000001c,28
111616,0x0000001a,26
112640,0x00000015,21
113664,0x00000014,20
114688,0x00000010,16
115712,0x00000011,17
116736,0x00000012,18
117760,0x0000000d,13
118784,0x0000000c,12
119808,0x0000000d,13
120832,0x0000000b,11
121856,0x00000007,7
122880,0x0000000f,15
123904,0x0000000f,15
124928,0x00000010,16
125952,0x00000010,16
126976,0x0000000f,15
128000,0x0000000f,15
129024,0x0000000c,12
130048,0x0000000f,15
131072,0x00000012,18
132096,0x00000015,21
133120,0x00000010,16
134144,0x00000008,8
135168,0x0000000e,14
136192,0x00000009,9
137216,0x0000000c,12
138240,0x0000000a,10
139264,0x00000007,7
140288,0x00000006,6
141312,0x00000013,19
142336,0x0000000d,13
143360,0x0000000a,10
144384,0x0000000d,13
145408,0x0000000f,15
146432,0x0000000a,10
147456,0x00000005,5
148480,0x00000006,6
149504,0x00000008,8
150528,0x00000007,7
151552,0x00000005,5
152576,0x0000000e,14
153600,0x00000007,7
154624,0x00000006,6
155648,0x0000000a,10
156672,0x0000000c,12
157696,0x0000000a,10
158720,0x0000000a,10
159744,0x0000000d,13
160768,0x0000000a,10
161792,0x00000009,9
162816,0x00000009,9
163840,0x0000000a,10
164864,0x00000008,8
165888,0x00000007,7
166912,0x00000004,4
167936,0x00000007,7
168960,0x00000007,7
169984,0x0000000a,10
171008,0x00000004,4
172032,0x00000004,4
173056,0x00000008,8
174080,0x00000005,5
175104,0x00000004,4
176128,0x00000009,9
177152,0x0000000b,11
178176,0x00000008,8
179200,0x00000008,8
180224,0x0000000b,11
181248,0x00000005,5
182272,0x00000010,16
183296,0x0000000a,10
184320,0x0000000f,15
185344,0x0000000b,11
186368,0x00000010,16
187392,0x00000008,8
188416,0x00000008,8
189440,0x0000000f,15
190464,0x00000007,7
191488,0x0000000a,10
192512,0x0000000e,14
193536,0x00000004,4
194560,0x00000005,5
195584,0x00000005,5
196608,0x00000003,3
197632,0x00000005,5
198656,0x00000008,8
199680,0x00000009,9
200704,0x00000008,8
201728,0x00000004,4
202752,0x00000004,4
203776,0x00000005,5
204800,0x00000005,5
205824,0x00000005,5
206848,0x00000005,5
207872,0x0000000a,10
208896,0x00000005,5
209920,0x00000004,4
210944,0x0000000b,11
211968,0x00000006,6
212992,0x0000000a,10
214016,0x0000000a,10
215040,0x0000000a,10
216064,0x00000007,7
217088,0x00000007,7
218112,0x0000000a,10
219136,0x00000007,7
220160,0x00000005,5
221184,0x00000009,9
222208,0x0000000f,15
223232,0x0000000f,15
224256,0x00000013,19
225280,0x00000010,16
226304,0x0000000e,14
227328,0x0000000e,14
228352,0x00000011,17
229376,0x00000011,17
230400,0x0000000b,11
231424,0x00000010,16
232448,0x00000005,5
233472,0x0000000a,10
234496,0x00000011,17
235520,0x00000008,8
236544,0x00000008,8
237568,0x00000008,8
238592,0x00000007,7
239616,0x0000000c,12
240640,0x00000007,7
241664,0x00000008,8
242688,0x00000005,5
243712,0x0000000c,12
244736,0x00000005,5
245760,0x00000008,8
246784,0x00000003,3
247808,0x00000004,4
248832,0x00000005,5
249856,0x00000009,9
250880,0x00000007,7
251904,0x0000000d,13
252928,0x00000006,6
253952,0x0000000c,12
254976,0x0000000c,12
256000,0x0000000b,11
257024,0x00000009,9
258048,0x0000000d,13
259072,0x00000008,8
260096,0x0000000f,15
261120,0x00000007,7
262144,0x0000000c,12
263168,0x00000008,8
264192,0x0000000a,10
265216,0x0000000e,14
266240,0x00000002,2
267264,0x0000000f,15
268288,0x0000000b,11
269312,0x00000008,8
270336,0x0000000d,13
271360,0x00000007,7
272384,0x0000000b,11
273408,0x00000006,6
274432,0x0000000a,10
275456,0x0000000b,11
276480,0x0000000d,13
277504,0x0000000d,13
278528,0x00000008,8
279552,0x00000005,5
280576,0x00000009,9
281600,0x00000006,6
282624,0x00000007,7
283648,0x00000004,4
284672,0x00000002,2
285696,0x00000004,4
286720,0x00000005,5
287744,0x00000004,4
288768,0x00000004,4
289792,0x00000005,5
290816,0x00000006,6
291840,0x00000006,6
292864,0x00000009,9
293888,0x00000004,4
294912,0x00000007,7
295936,0x00000003,3
296960,0x00000005,5
297984,0x00000003,3
299008,0x00000004,4
300032,0x00000003,3
301056,0x00000005,5
302080,0x00000005,5
303104,0x00000002,2
304128,0x00000003,3
305152,0x00000007,7
306176,0x00000005,5
307200,0x00000004,4
308224,0x00000006,6
309248,0x00000003,3
310272,0x00000007,7
311296,0x00000008,8
312320,0x00000004,4
313344,0x00000008,8
314368,0x00000007,7
315392,0x00000004,4
316416,0x00000003,3
317440,0x00000005,5
318464,0x00000003,3
319488,0x00000003,3
320512,0x0000000a,10
321536,0x00000001,1
322560,0x00000002,2
323584,0x00000003,3
324608,0x00000006,6
325632,0x00000005,5
326656,0x00000002,2
327680,0x00000003,3
328704,0x00000004,4
329728,0x00000006,6
330752,0x00000002,2
331776,0x00000008,8
332800,0x00000005,5
333824,0x00000003,3
334848,0x00000007,7
335872,0x00000009,9
336896,0x00000006,6
337920,0x00000007,7
338944,0x00000008,8
339968,0x00000006,6
340992,0x00000007,7
342016,0x00000005,5
343040,0x00000002,2
344064,0x00000004,4
345088,0x00000005,5
346112,0x00000004,4
347136,0x00000001,1
348160,0x00000002,2
349184,0x00000001,1
350208,0x0000000a,10
351232,0x00000006,6
352256,0x00000007,7
353280,0x00000005,5
354304,0x00000008,8
355328,0x00000004,4
356352,0x00000007,7
357376,0x00000009,9
358400,0x00000008,8
359424,0x00000009,9
360448,0x00000002,2
361472,0x00000004,4
362496,0x00000003,3
363520,0x00000001,1
364544,0x00000004,4
365568,0x00000003,3
366592,0x00000003,3
367616,0x00000004,4
368640,0x00000003,3
369664,0x00000003,3
370688,0x00000003,3
371712,0x00000007,7
372736,0x00000006,6
373760,0x00000002,2
374784,0x00000002,2
375808,0x00000002,2
376832,0x00000005,5
377856,0x00000009,9
378880,0x0000000b,11
379904,0x00000004,4
380928,0x00000006,6
381952,0x00000002,2
382976,0x00000005,5
384000,0x00000006,6
385024,0x00000007,7
386048,0x00000006,6
387072,0x00000002,2
388096,0x00000004,4
389120,0x00000005,5
390144,0x00000002,2
391168,0x00000000,0
392192,0x00000004,4
393216,0x00000008,8
394240,0x00000003,3
395264,0x00000005,5
396288,0x00000004,4
397312,0x00000007,7
398336,0x00000004,4
399360,0x00000001,1
400384,0x00000004,4
401408,0x00000001,1
402432,0x00000005,5
403456,0x00000001,1
404480,0x00000002,2
405504,0x00000003,3
406528,0x00000003,3
407552,0x00000004,4
408576,0x00000002,2
409600,0x00000004,4
410624,0x00000008,8
411648,0x00000007,7
412672,0x00000002,2
413696,0x00000002,2
414720,0x00000004,4
415744,0x00000009,9
416768,0x00000003,3
417792,0x00000006,6
418816,0x00000001,1
419840,0x00000007,7
420864,0x00000005,5
421888,0x00000004,4
422912,0x00000005,5
423936,0x00000004,4
424960,0x00000000,0
425984,0x00000005,5
427008,0x00000002,2
428032,0x00000004,4
429056,0x00000001,1
430080,0x00000004,4
431104,0x00000003,3
432128,0x00000002,2
433152,0x00000004,4
434176,0x00000005,5
435200,0x00000008,8
436224,0x00000003,3
437248,0x00000002,2
438272,0x00000003,3
439296,0x00000006,6
440320,0x00000009,9
441344,0x0000000d,13
442368,0x00000007,7
443392,0x00000006,6
444416,0x00000002,2
445440,0x00000002,2
446464,0x00000002,2
447488,0x00000002,2
448512,0x00000002,2
449536,0x00000002,2
450560,0x00000003,3
451584,0x00000005,5
452608,0x00000000,0
453632,0x00000001,1
454656,0x00000004,4
455680,0x00000004,4
456704,0x00000003,3
457728,0x00000003,3
458752,0x00000006,6
459776,0x00000003,3
460800,0x00000003,3
461824,0x00000004,4
462848,0x00000003,3
463872,0x00000002,2
464896,0x00000009,9
465920,0x00000007,7
466944,0x00000001,1
467968,0x00000001,1
468992,0x00000001,1
470016,0x00000004,4
471040,0x00000001,1
472064,0x00000002,2
473088,0x00000001,1
474112,0x00000002,2
475136,0x00000002,2
476160,0x00000000,0
477184,0x00000003,3
478208,0x00000001,1
479232,0x00000004,4
480256,0x00000002,2
481280,0x00000002,2
482304,0x00000005,5
483328,0x00000004,4
484352,0x00000000,0
485376,0x00000003,3
486400,0x00000005,5
487424,0x00000004,4
488448,0x00000006,6
489472,0x00000007,7
490496,0x00000005,5
491520,0x00000007,7
492544,0x00000006,6
493568,0x00000001,1
494592,0x00000005,5
495616,0x00000002,2
496640,0x00000002,2
497664,0x00000001,1
498688,0x00000002,2
499712,0x00000002,2
500736,0x00000003,3
501760,0x00000000,0
502784,0x00000001,1
503808,0x00000000,0
504832,0x00000001,1
505856,0x00000003,3
506880,0x00000004,4
507904,0x00000001,1
508928,0x00000001,1
509952,0x00000002,2
510976,0x00000005,5
512000,0x00000001,1
513024,0x00000005,5
514048,0x00000002,2
515072,0x00000000,0
516096,0x00000002,2
517120,0x00000001,1
518144,0x00000001,1
519168,0x00000002,2
520192,0x00000002,2
521216,0x00000003,3
522240,0x00000002,2
523264,0x00000002,2
524288,0x00000006,6
525312,0x00000002,2
526336,0x00000003,3
527360,0x00000000,0
528384,0x00000003,3
529408,0x00000003,3
530432,0x00000004,4
531456,0x00000001,1
532480,0x00000002,2
533504,0x00000003,3
534528,0x00000002,2
535552,0x00000003,3
536576,0x00000000,0
537600,0x00000002,2
538624,0x00000000,0
539648,0x00000002,2
540672,0x00000003,3
541696,0x00000001,1
542720,0x00000006,6
543744,0x00000003,3
544768,0x00000005,5
545792,0x00000005,5
546816,0x00000002,2
547840,0x00000002,2
548864,0x00000004,4
549888,0x00000002,2
550912,0x00000002,2
551936,0x00000003,3
552960,0x00000001,1
553984,0x00000001,1
555008,0x00000001,1
556032,0x00000005,5
557056,0x00000002,2
558080,0x00000003,3
559104,0x00000002,2
560128,0x00000000,0
561152,0x00000003,3
562176,0x00000001,1
563200,0x00000002,2
564224,0x00000001,1
565248,0x00000003,3
566272,0x00000004,4
567296,0x00000002,2
568320,0x00000006,6
569344,0x00000000,0
570368,0x00000003,3
571392,0x00000005,5
572416,0x00000004,4
573440,0x00000003,3
574464,0x00000003,3
575488,0x00000003,3
576512,0x00000004,4
577536,0x00000001,1
578560,0x00000001,1
579584,0x00000002,2
580608,0x00000002,2
581632,0x00000002,2
582656,0x00000002,2
583680,0x00000000,0
584704,0x00000000,0
585728,0x00000002,2
586752,0x00000002,2
587776,0x00000000,0
588800,0x00000001,1
589824,0x00000004,4
590848,0x00000000,0
591872,0x00000002,2
592896,0x00000002,2
593920,0x00000003,3
594944,0x00000003,3
595968,0x00000002,2
596992,0x00000002,2
598016,0x00000002,2
599040,0x00000001,1
600064,0x00000003,3
601088,0x00000003,3
602112,0x00000001,1
603136,0x00000001,1
604160,0x00000000,0
605184,0x00000002,2
606208,0x00000002,2
607232,0x00000001,1
608256,0x00000002,2
609280,0x00000003,3
610304,0x00000002,2
611328,0x00000003,3
612352,0x00000002,2
613376,0x00000005,5
614400,0x00000001,1
615424,0x00000002,2
616448,0x00000003,3
617472,0x00000003,3
618496,0x00000001,1
619520,0x00000002,2
620544,0x00000002,2
621568,0x00000001,1
622592,0x00000002,2
623616,0x00000003,3
624640,0x00000000,0
625664,0x00000002,2
626688,0x00000003,3
627712,0x00000003,3
628736,0x00000002,2
629760,0x00000000,0
630784,0x00000000,0
631808,0x00000004,4
632832,0x00000001,1
633856,0x00000000,0
634880,0x00000000,0
635904,0x00000003,3
636928,0x00000001,1
637952,0x00000004,4
638976,0x00000000,0
640000,0x00000001,1
641024,0x00000003,3
642048,0x00000000,0
643072,0x00000000,0
644096,0x00000001,1
645120,0x00000000,0
646144,0x00000001,1
647168,0x00000001,1
648192,0x00000002,2
649216,0x00000001,1
650240,0x00000001,1
651264,0x00000000,0
652288,0x00000000,0
653312,0x00000000,0
654336,0x00000002,2
655360,0x00000001,1
656384,0x00000001,1
657408,0x00000002,2
658432,0x00000002,2
659456,0x00000004,4
660480,0x00000001,1
661504,0x00000001,1
662528,0x00000000,0
663552,0x00000001,1
664576,0x00000001,1
665600,0x00000004,4
666624,0x00000002,2
667648,0x00000000,0
668672,0x00000002,2
669696,0x00000003,3
670720,0x00000005,5
671744,0x00000001,1
672768,0x00000000,0
673792,0x00000000,0
674816,0x00000001,1
675840,0x00000002,2
676864,0x00000001,1
677888,0x00000000,0
678912,0x00000003,3
679936,0x00000004,4
680960,0x00000001,1
681984,0x00000000,0
683008,0x00000001,1
684032,0x00000000,0
685056,0x00000001,1
686080,0x00000002,2
687104,0x00000002,2
688128,0x00000002,2
689152,0x00000003,3
690176,0x00000001,1
691200,0x00000000,0
692224,0x00000000,0
693248,0x00000001,1
694272,0x00000003,3
695296,0x00000001,1
696320,0x00000002,2
697344,0x00000001,1
698368,0x00000001,1
699392,0x00000002,2
700416,0x00000002,2
701440,0x00000001,1
702464,0x00000002,2
703488,0x00000001,1
704512,0x00000001,1
705536,0x00000000,0
706560,0x00000000,0
707584,0x00000000,0
708608,0x00000002,2
709632,0x00000000,0
710656,0x00000002,2
711680,0x00000001,1
712704,0x00000003,3
713728,0x00000002,2
714752,0x00000003,3
715776,0x00000001,1
716800,0x00000003,3
717824,0x00000003,3
718848,0x00000001,1
719872,0x00000003,3
720896,0x00000001,1
721920,0x00000001,1
722944,0x00000000,0
723968,0x00000001,1
724992,0x00000000,0
726016,0x00000002,2
727040,0x00000002,2
728064,0x00000002,2
729088,0x00000002,2
730112,0x00000000,0
731136,0x00000001,1
732160,0x00000001,1
733184,0x00000000,0
734208,0x00000000,0
735232,0x00000000,0
736256,0x00000001,1
737280,0x00000001,1
738304,0x00000002,2
739328,0x00000000,0
740352,0x00000002,2
741376,0x00000004,4
742400,0x00000000,0
743424,0x00000001,1
744448,0x00000003,3
745472,0x00000001,1
746496,0x00000000,0
747520,0x00000003,3
748544,0x00000002,2
749568,0x00000003,3
750592,0x00000002,2
751616,0x00000000,0
752640,0x00000003,3
753664,0x00000002,2
754688,0x00000001,1
755712,0x00000002,2
756736,0x00000004,4
757760,0x00000003,3
758784,0x00000001,1
759808,0x00000001,1
760832,0x00000004,4
761856,0x00000001,1
762880,0x00000002,2
763904,0x00000006,6
764928,0x00000004,4
765952,0x00000003,3
766976,0x00000002,2
768000,0x00000003,3
769024,0x00000005,5
770048,0x00000002,2
771072,0x00000005,5
772096,0x00000001,1
773120,0x00000000,0
774144,0x00000002,2
775168,0x00000002,2
776192,0x00000000,0
777216,0x00000007,7
778240,0x00000000,0
779264,0x00000003,3
780288,0x00000002,2
781312,0x00000003,3
782336,0x00000003,3
783360,0x00000005,5
784384,0x00000002,2
785408,0x00000002,2
786432,0x00000001,1
787456,0x00000001,1
788480,0x00000003,3
789504,0x00000002,2
790528,0x00000004,4
791552,0x00000001,1
792576,0x00000001,1
793600,0x00000002,2
794624,0x00000003,3
795648,0x00000002,2
796672,0x00000003,3
797696,0x00000001,1
798720,0x00000000,0
799744,0x00000004,4
800768,0x00000000,0
801792,0x00000002,2
802816,0x00000003,3
803840,0x00000002,2
804864,0x00000002,2
805888,0x00000003,3
806912,0x00000002,2
807936,0x00000000,0
808960,0x00000000,0
809984,0x00000002,2
811008,0x00000003,3
812032,0x00000004,4
813056,0x00000002,2
814080,0x00000002,2
815104,0x00000002,2
816128,0x00000001,1
817152,0x00000001,1
818176,0x00000000,0
819200,0x00000001,1
820224,0x00000002,2
821248,0x00000004,4
822272,0x00000002,2
823296,0x00000004,4
824320,0x00000001,1
825344,0x00000004,4
826368,0x00000003,3
827392,0x00000006,6
828416,0x00000002,2
829440,0x00000004,4
830464,0x00000001,1
831488,0x00000000,0
832512,0x00000002,2
833536,0x00000004,4
834560,0x00000003,3
835584,0x00000003,3
836608,0x00000001,1
837632,0x00000002,2
838656,0x00000001,1
839680,0x00000002,2
840704,0x00000005,5
841728,0x00000008,8
842752,0x00000004,4
843776,0x00000000,0
844800,0x00000001,1
845824,0x00000002,2
846848,0x00000001,1
847872,0x00000002,2
848896,0x00000000,0
849920,0x00000001,1
850944,0x00000000,0
851968,0x00000002,2
852992,0x00000000,0
854016,0x00000001,1
855040,0x00000003,3
856064,0x00000002,2
857088,0x00000005,5
858112,0x00000000,0
859136,0x00000000,0
860160,0x00000002,2
861184,0x00000002,2
862208,0x00000003,3
863232,0x00000002,2
864256,0x00000003,3
865280,0x00000002,2
866304,0x00000000,0
867328,0x00000005,5
868352,0x00000003,3
869376,0x00000003,3
870400,0x00000001,1
871424,0x00000003,3
872448,0x00000004,4
873472,0x00000002,2
874496,0x00000002,2
875520,0x00000000,0
876544,0x00000003,3
877568,0x00000003,3
878592,0x00000004,4
879616,0x00000002,2
880640,0x00000001,1
881664,0x00000002,2
882688,0x00000003,3
883712,0x00000003,3
884736,0x00000003,3
885760,0x00000003,3
886784,0x00000004,4
887808,0x00000003,3
888832,0x00000001,1
889856,0x00000002,2
890880,0x00000002,2
891904,0x00000006,6
892928,0x00000002,2
893952,0x00000001,1
894976,0x00000003,3
896000,0x00000004,4
897024,0x00000002,2
898048,0x00000004,4
899072,0x00000002,2
900096,0x00000002,2
901120,0x00000003,3
902144,0x00000004,4
903168,0x00000001,1
904192,0x00000000,0
905216,0x00000006,6
906240,0x00000005,5
907264,0x00000003,3
908288,0x00000003,3
909312,0x00000002,2
910336,0x00000002,2
911360,0x00000003,3
912384,0x00000003,3
913408,0x00000001,1
914432,0x00000003,3
915456,0x00000003,3
916480,0x00000000,0
917504,0x00000002,2
918528,0x00000000,0
919552,0x00000004,4
920576,0x00000002,2
921600,0x00000001,1
922624,0x00000002,2
923648,0x00000001,1
924672,0x00000004,4
925696,0x00000002,2
926720,0x00000001,1
927744,0x00000002,2
928768,0x00000001,1
929792,0x00000002,2
930816,0x00000002,2
931840,0x00000003,3
932864,0x00000002,2
933888,0x00000001,1
934912,0x00000002,2
935936,0x00000004,4
936960,0x00000001,1
937984,0x00000001,1
939008,0x00000001,1
940032,0x00000002,2
941056,0x00000002,2
942080,0x00000000,0
943104,0x00000003,3
944128,0x00000002,2
945152,0x00000002,2
946176,0x00000001,1
947200,0x00000000,0
948224,0x00000002,2
949248,0x00000006,6
950272,0x00000001,1
951296,0x00000006,6
952320,0x00000004,4
953344,0x00000004,4
954368,0x00000003,3
955392,0x00000003,3
956416,0x00000003,3
957440,0x00000003,3
958464,0x00000003,3
959488,0x00000006,6
960512,0x00000004,4
961536,0x00000005,5
962560,0x00000004,4
963584,0x00000002,2
964608,0x00000004,4
965632,0x00000005,5
966656,0x00000005,5
967680,0x00000004,4
968704,0x00000003,3
969728,0x00000004,4
970752,0x00000004,4
971776,0x00000007,7
972800,0x00000007,7
973824,0x00000003,3
974848,0x00000006,6
975872,0x00000005,5
976896,0x00000001,1
977920,0x00000001,1
978944,0x00000000,0
979968,0x00000005,5
980992,0x00000001,1
982016,0x00000003,3
983040,0x00000003,3
984064,0x00000000,0
985088,0x00000001,1
986112,0x00000002,2
987136,0x00000001,1
988160,0x00000001,1
989184,0x00000003,3
990208,0x00000000,0
991232,0x00000002,2
992256,0x00000000,0
993280,0x00000002,2
994304,0x00000000,0
995328,0x00000003,3
996352,0x00000001,1
997376,0x00000000,0
998400,0x00000001,1
999424,0x00000001,1
1000448,0x00000003,3
1001472,0x00000001,1
1002496,0x00000002,2
1003520,0x00000001,1
1004544,0x00000000,0
1005568,0x00000003,3
1006592,0x00000002,2
1007616,0x00000002,2
1008640,0x00000001,1
1009664,0x00000000,0
1010688,0x00000002,2
1011712,0x00000001,1
1012736,0x00000002,2
1013760,0x00000001,1
1014784,0x00000000,0
1015808,0x00000001,1
1016832,0x00000001,1
1017856,0x00000000,0
1018880,0x00000001,1
1019904,0x00000000,0
1020928,0x00000001,1
1021952,0x00000001,1
1022976,0x00000003,3
1024000,0x00000002,2
1025024,0x00000000,0
1026048,0x00000002,2
1027072,0x00000000,0
1028096,0x00000001,1
1029120,0x00000001,1
1030144,0x00000000,0
1031168,0x00000000,0
1032192,0x00000002,2
1033216,0x00000000,0
1034240,0x00000000,0
1035264,0x00000002,2
1036288,0x00000002,2
1037312,0x00000001,1
1038336,0x00000000,0
1039360,0x00000000,0
1040384,0x00000001,1
1041408,0x00000002,2
1042432,0x00000000,0
1043456,0x00000000,0
1044480,0x00000000,0
1045504,0x00000001,1
1046528,0x00000001,1
1047552,0x00000001,1
0,0x00000000,0
1048576,0x000003df,991
2097152,0x0000021c,540
3145728,0x0000019a,410
4194304,0x00000114,276
5242880,0x00000122,290
6291456,0x00000661,1633
7340032,0x0000057c,1404
8388608,0x000001cb,459
9437184,0x00000055,85
10485760,0x00000036,54
11534336,0x00000025,37
12582912,0x00000053,83
13631488,0x0000001d,29
14680064,0x0000003e,62
15728640,0x0000002c,44
16777216,0x0000006a,106
17825792,0x00000070,112
18874368,0x0000004c,76
19922944,0x0000001d,29
20971520,0x0000001e,30
22020096,0x0000002d,45
23068672,0x0000007f,127
24117248,0x00000048,72
25165824,0x00000041,65
26214400,0x00000037,55
27262976,0x00000025,37
28311552,0x00000012,18
29360128,0x0000000c,12
30408704,0x00000010,16
31457280,0x0000005f,95
32505856,0x00000024,36
33554432,0x0000002d,45
34603008,0x0000000b,11
35651584,0x00000010,16
36700160,0x00000012,18
37748736,0x0000002c,44
38797312,0x0000004e,78
39845888,0x00000033,51
40894464,0x0000001a,26
41943040,0x00000012,18
42991616,0x0000001f,31
44040192,0x0000002d,45
45088768,0x0000002c,44
46137344,0x00000027,39
47185920,0x0000001b,27
48234496,0x0000002d,45
49283072,0x00000042,66
50331648,0x0000000a,10
51380224,0x0000000d,13
52428800,0x00000024,36
53477376,0x00000006,6
54525952,0x0000000f,15
55574528,0x0000000a,10
56623104,0x00000008,8
57671680,0x0000000b,11
58720256,0x00000021,33
59768832,0x00000017,23
60817408,0x00000004,4
61865984,0x00000014,20
62914560,0x00000017,23
63963136,0x00000003,3
65011712,0x0000000d,13
66060288,0x00000008,8
67108864,0x00000003,3
68157440,0x00000004,4
69206016,0x00000003,3
70254592,0x00000004,4
71303168,0x0000000a,10
72351744,0x00000027,39
73400320,0x00000027,39
74448896,0x0000001e,30
75497472,0x00000012,18
76546048,0x00000006,6
77594624,0x00000006,6
78643200,0x00000009,9
79691776,0x00000004,4
80740352,0x00000007,7
81788928,0x0000000c,12
82837504,0x0000001a,26
83886080,0x00000005,5
84934656,0x00000001,1
85983232,0x00000015,21
87031808,0x00000062,98
88080384,0x0000000a,10
89128960,0x00000003,3
90177536,0x00000004,4
91226112,0x00000008,8
92274688,0x00000004,4
93323264,0x00000007,7
94371840,0x00000002,2
95420416,0x00000010,16
96468992,0x00000000,0
97517568,0x00000001,1
98566144,0x00000002,2
99614720,0x00000000,0
100663296,0x0000000e,14
101711872,0x00000009,9
102760448,0x00000005,5
103809024,0x00000010,16
104857600,0x0000000c,12
105906176,0x00000021,33
106954752,0x00000003,3
108003328,0x00000008,8
109051904,0x00000000,0
110100480,0x00000003,3
111149056,0x00000001,1
112197632,0x00000000,0
113246208,0x00000001,1
114294784,0x00000004,4
115343360,0x00000002,2
116391936,0x00000003,3
117440512,0x00000004,4
118489088,0x00000001,1
119537664,0x00000001,1
120586240,0x00000002,2
121634816,0x00000000,0
122683392,0x00000004,4
123731968,0x00000003,3
124780544,0x00000016,22
125829120,0x00000004,4
126877696,0x00000003,3
127926272,0x00000001,1
128974848,0x00000000,0
130023424,0x00000000,0
131072000,0x00000000,0
132120576,0x00000000,0
133169152,0x00000001,1
134217728,0x00000003,3
135266304,0x00000002,2
136314880,0x00000008,8
137363456,0x00000003,3
138412032,0x00000000,0
139460608,0x00000000,0
140509184,0x00000001,1
141557760,0x00000003,3
142606336,0x00000000,0
143654912,0x00000003,3
144703488,0x00000001,1
145752064,0x0000000d,13
146800640,0x00000003,3
147849216,0x00000002,2
148897792,0x00000000,0
149946368,0x0000000f,15
150994944,0x00000002,2
152043520,0x00000002,2
153092096,0x00000002,2
154140672,0x00000007,7
155189248,0x00000000,0
156237824,0x00000000,0
157286400,0x00000001,1
158334976,0x00000000,0
159383552,0x00000000,0
160432128,0x00000001,1
161480704,0x00000001,1
162529280,0x00000002,2
163577856,0x00000002,2
164626432,0x00000005,5
165675008,0x00000000,0
166723584,0x00000000,0
167772160,0x00000000,0
168820736,0x00000002,2
169869312,0x00000001,1
170917888,0x00000000,0
171966464,0x00000000,0
173015040,0x00000003,3
174063616,0x00000001,1
175112192,0x00000001,1
176160768,0x00000000,0
177209344,0x00000001,1
178257920,0x00000003,3
179306496,0x00000001,1
180355072,0x00000001,1
181403648,0x00000001,1
182452224,0x00000000,0
183500800,0x00000000,0
184549376,0x00000000,0
185597952,0x00000000,0
186646528,0x00000000,0
187695104,0x00000001,1
188743680,0x00000000,0
189792256,0x00000001,1
190840832,0x00000000,0
191889408,0x00000000,0
192937984,0x00000000,0
193986560,0x00000000,0
195035136,0x00000000,0
196083712,0x00000000,0
197132288,0x00000000,0
198180864,0x00000000,0
199229440,0x0000002f,47
200278016,0x00000009,9
201326592,0x00000000,0
202375168,0x00000000,0
203423744,0x00000000,0
204472320,0x00000000,0
205520896,0x00000000,0
206569472,0x00000000,0
207618048,0x00000000,0
208666624,0x00000000,0
209715200,0x00000000,0
210763776,0x00000000,0
211812352,0x00000000,0
212860928,0x00000000,0
213909504,0x00000000,0
214958080,0x00000000,0
216006656,0x00000000,0
217055232,0x00000000,0
218103808,0x00000000,0
219152384,0x00000000,0
220200960,0x00000000,0
221249536,0x00000000,0
222298112,0x00000000,0
223346688,0x00000000,0
224395264,0x00000000,0
225443840,0x00000000,0
226492416,0x00000000,0
227540992,0x00000000,0
228589568,0x00000000,0
229638144,0x00000000,0
230686720,0x00000000,0
231735296,0x00000000,0
232783872,0x00000000,0
233832448,0x00000000,0
234881024,0x00000000,0
235929600,0x00000000,0
236978176,0x00000000,0
238026752,0x00000000,0
239075328,0x00000000,0
240123904,0x00000000,0
241172480,0x00000000,0
242221056,0x00000000,0
243269632,0x00000000,0
244318208,0x00000000,0
245366784,0x00000000,0
246415360,0x00000000,0
247463936,0x00000000,0
248512512,0x00000000,0
249561088,0x00000000,0
250609664,0x00000000,0
251658240,0x00000000,0
252706816,0x00000000,0
253755392,0x00000000,0
254803968,0x00000000,0
255852544,0x00000000,0
256901120,0x00000000,0
257949696,0x00000000,0
258998272,0x00000000,0
260046848,0x00000000,0
261095424,0x00000000,0
262144000,0x00000000,0
263192576,0x00000000,0
264241152,0x00000001,1
265289728,0x00000000,0
266338304,0x00000000,0
267386880,0x00000000,0
268435456,0x00000000,0
269484032,0x00000000,0
270532608,0x00000000,0
271581184,0x00000000,0
272629760,0x00000000,0
273678336,0x00000000,0
274726912,0x00000000,0
275775488,0x00000000,0
276824064,0x00000000,0
277872640,0x00000000,0
278921216,0x00000000,0
279969792,0x00000000,0
281018368,0x00000000,0
282066944,0x00000000,0
283115520,0x00000000,0
284164096,0x00000000,0
285212672,0x00000000,0
286261248,0x00000000,0
287309824,0x00000000,0
288358400,0x00000000,0
289406976,0x00000000,0
290455552,0x00000000,0
291504128,0x00000000,0
292552704,0x00000000,0
293601280,0x00000000,0
294649856,0x00000000,0
295698432,0x00000000,0
296747008,0x00000000,0
297795584,0x00000000,0
298844160,0x00000000,0
299892736,0x00000000,0
300941312,0x00000000,0
301989888,0x00000000,0
303038464,0x00000000,0
304087040,0x00000000,0
305135616,0x00000000,0
306184192,0x00000000,0
307232768,0x00000000,0
308281344,0x00000000,0
309329920,0x00000000,0
310378496,0x00000001,1
311427072,0x00000000,0
312475648,0x00000000,0
313524224,0x00000000,0
314572800,0x00000000,0
315621376,0x00000000,0
316669952,0x00000000,0
317718528,0x00000000,0
318767104,0x00000000,0
319815680,0x00000000,0
320864256,0x00000000,0
321912832,0x00000000,0
322961408,0x00000000,0
324009984,0x00000000,0
325058560,0x00000000,0
326107136,0x00000000,0
327155712,0x00000000,0
328204288,0x00000000,0
329252864,0x00000000,0
330301440,0x00000000,0
331350016,0x00000000,0
332398592,0x00000000,0
333447168,0x00000000,0
334495744,0x00000000,0
335544320,0x00000000,0
336592896,0x00000000,0
337641472,0x00000000,0
338690048,0x00000000,0
339738624,0x00000000,0
340787200,0x00000000,0
341835776,0x00000000,0
342884352,0x00000000,0
343932928,0x00000000,0
344981504,0x00000000,0
346030080,0x00000001,1
347078656,0x00000000,0
348127232,0x00000000,0
349175808,0x00000000,0
350224384,0x00000000,0
351272960,0x00000000,0
352321536,0x00000000,0
353370112,0x00000000,0
354418688,0x00000000,0
355467264,0x00000000,0
356515840,0x00000000,0
357564416,0x00000000,0
358612992,0x00000000,0
359661568,0x00000000,0
360710144,0x00000000,0
361758720,0x00000000,0
362807296,0x00000000,0
363855872,0x00000000,0
364904448,0x00000000,0
365953024,0x00000000,0
367001600,0x00000000,0
368050176,0x00000000,0
369098752,0x00000000,0
370147328,0x00000000,0
371195904,0x00000000,0
372244480,0x00000000,0
373293056,0x00000000,0
374341632,0x00000000,0
375390208,0x00000000,0
376438784,0x00000000,0
377487360,0x00000000,0
378535936,0x00000000,0
379584512,0x00000000,0
380633088,0x00000001,1
381681664,0x00000000,0
382730240,0x00000000,0
383778816,0x00000000,0
384827392,0x00000000,0
385875968,0x00000000,0
386924544,0x00000000,0
387973120,0x00000000,0
389021696,0x00000000,0
390070272,0x00000000,0
391118848,0x00000000,0
392167424,0x00000000,0
393216000,0x00000000,0
394264576,0x00000000,0
395313152,0x00000000,0
396361728,0x00000000,0
397410304,0x00000000,0
398458880,0x00000000,0
399507456,0x00000000,0
400556032,0x00000000,0
401604608,0x00000000,0
402653184,0x00000000,0
403701760,0x00000000,0
404750336,0x00000000,0
405798912,0x00000000,0
406847488,0x00000000,0
407896064,0x00000000,0
408944640,0x00000000,0
409993216,0x00000000,0
411041792,0x00000000,0
412090368,0x00000000,0
413138944,0x00000000,0
414187520,0x00000000,0
415236096,0x00000000,0
416284672,0x00000000,0
417333248,0x00000000,0
418381824,0x00000000,0
419430400,0x00000000,0
420478976,0x00000000,0
421527552,0x00000000,0
422576128,0x00000000,0
423624704,0x00000000,0
424673280,0x00000000,0
425721856,0x00000000,0
426770432,0x00000001,1
427819008,0x00000000,0
428867584,0x00000000,0
429916160,0x00000000,0
430964736,0x00000000,0
432013312,0x00000000,0
433061888,0x00000000,0
434110464,0x00000000,0
435159040,0x00000000,0
436207616,0x00000000,0
437256192,0x00000000,0
438304768,0x00000000,0
439353344,0x00000001,1
440401920,0x00000000,0
441450496,0x00000000,0
442499072,0x00000000,0
443547648,0x00000000,0
444596224,0x00000000,0
445644800,0x00000000,0
446693376,0x00000000,0
447741952,0x00000000,0
448790528,0x00000000,0
449839104,0x00000000,0
450887680,0x00000000,0
451936256,0x00000000,0
452984832,0x00000000,0
454033408,0x00000000,0
455081984,0x00000000,0
456130560,0x00000000,0
457179136,0x00000000,0
458227712,0x00000000,0
459276288,0x00000000,0
460324864,0x00000000,0
461373440,0x00000000,0
462422016,0x00000000,0
463470592,0x00000000,0
464519168,0x00000000,0
465567744,0x00000000,0
466616320,0x00000000,0
467664896,0x00000000,0
468713472,0x00000000,0
469762048,0x00000000,0
470810624,0x00000000,0
471859200,0x00000000,0
472907776,0x00000000,0
473956352,0x00000000,0
475004928,0x00000000,0
476053504,0x00000000,0
477102080,0x00000000,0
478150656,0x00000000,0
479199232,0x00000000,0
480247808,0x00000000,0
481296384,0x00000000,0
482344960,0x00000001,1
483393536,0x00000000,0
484442112,0x00000000,0
485490688,0x00000000,0
486539264,0x00000000,0
487587840,0x00000000,0
488636416,0x00000000,0
489684992,0x00000000,0
490733568,0x00000000,0
491782144,0x00000000,0
492830720,0x00000000,0
493879296,0x00000000,0
494927872,0x00000000,0
495976448,0x00000000,0
497025024,0x00000000,0
498073600,0x00000000,0
499122176,0x00000000,0
500170752,0x00000000,0
501219328,0x00000000,0
502267904,0x00000000,0
503316480,0x00000000,0
504365056,0x00000000,0
505413632,0x00000000,0
506462208,0x00000000,0
507510784,0x00000000,0
508559360,0x00000000,0
509607936,0x00000000,0
510656512,0x00000001,1
511705088,0x00000000,0
512753664,0x00000000,0
513802240,0x00000000,0
514850816,0x00000000,0
515899392,0x00000000,0
516947968,0x00000000,0
517996544,0x00000000,0
519045120,0x00000000,0
520093696,0x00000000,0
521142272,0x00000000,0
522190848,0x00000000,0
523239424,0x00000000,0
524288000,0x00000000,0
525336576,0x00000000,0
526385152,0x00000000,0
527433728,0x00000000,0
528482304,0x00000000,0
529530880,0x00000000,0
530579456,0x00000000,0
531628032,0x00000000,0
532676608,0x00000000,0
533725184,0x00000000,0
534773760,0x00000000,0
535822336,0x00000000,0
536870912,0x00000000,0
537919488,0x00000000,0
538968064,0x00000000,0
540016640,0x00000000,0
541065216,0x00000000,0
542113792,0x00000000,0
543162368,0x00000000,0
544210944,0x00000000,0
545259520,0x00000000,0
546308096,0x00000001,1
547356672,0x00000000,0
548405248,0x00000000,0
549453824,0x00000000,0
550502400,0x00000000,0
551550976,0x00000000,0
552599552,0x00000000,0
553648128,0x00000000,0
554696704,0x00000000,0
555745280,0x00000000,0
556793856,0x00000000,0
557842432,0x00000000,0
558891008,0x00000000,0
559939584,0x00000000,0
560988160,0x00000000,0
562036736,0x00000000,0
563085312,0x00000000,0
564133888,0x00000000,0
565182464,0x00000000,0
566231040,0x00000000,0
567279616,0x00000000,0
568328192,0x00000000,0
569376768,0x00000000,0
570425344,0x00000000,0
571473920,0x00000000,0
572522496,0x00000000,0
573571072,0x00000000,0
574619648,0x00000000,0
575668224,0x00000000,0
576716800,0x00000000,0
577765376,0x00000000,0
578813952,0x00000000,0
579862528,0x00000000,0
580911104,0x00000000,0
581959680,0x00000000,0
583008256,0x00000000,0
584056832,0x00000000,0
585105408,0x00000000,0
586153984,0x00000000,0
587202560,0x00000000,0
588251136,0x00000000,0
589299712,0x00000000,0
590348288,0x00000000,0
591396864,0x00000000,0
592445440,0x00000000,0
593494016,0x00000000,0
594542592,0x00000000,0
595591168,0x00000000,0
596639744,0x00000000,0
597688320,0x00000000,0
598736896,0x00000000,0
599785472,0x00000000,0
600834048,0x00000000,0
601882624,0x00000000,0
602931200,0x00000000,0
603979776,0x00000000,0
605028352,0x00000000,0
606076928,0x00000000,0
607125504,0x00000000,0
608174080,0x00000000,0
609222656,0x00000000,0
610271232,0x00000000,0
611319808,0x00000000,0
612368384,0x00000000,0
613416960,0x00000000,0
614465536,0x00000000,0
615514112,0x00000000,0
616562688,0x00000000,0
617611264,0x00000000,0
618659840,0x00000000,0
619708416,0x00000000,0
620756992,0x00000000,0
621805568,0x00000000,0
622854144,0x00000000,0
623902720,0x00000000,0
624951296,0x00000000,0
625999872,0x00000000,0
627048448,0x00000000,0
628097024,0x00000000,0
629145600,0x00000000,0
630194176,0x00000000,0
631242752,0x00000000,0
632291328,0x00000000,0
633339904,0x00000000,0
634388480,0x00000000,0
635437056,0x00000000,0
636485632,0x00000000,0
637534208,0x00000000,0
638582784,0x00000000,0
639631360,0x00000000,0
640679936,0x00000000,0
641728512,0x00000000,0
642777088,0x00000000,0
643825664,0x00000000,0
644874240,0x00000000,0
645922816,0x00000000,0
646971392,0x00000000,0
648019968,0x00000000,0
649068544,0x00000000,0
650117120,0x00000000,0
651165696,0x00000000,0
652214272,0x00000000,0
653262848,0x00000000,0
654311424,0x00000000,0
655360000,0x00000000,0
656408576,0x00000000,0
657457152,0x00000000,0
658505728,0x00000000,0
659554304,0x00000000,0
660602880,0x00000000,0
661651456,0x00000000,0
662700032,0x00000000,0
663748608,0x00000000,0
664797184,0x00000000,0
665845760,0x00000000,0
666894336,0x00000000,0
667942912,0x00000000,0
668991488,0x00000000,0
670040064,0x00000000,0
671088640,0x00000000,0
672137216,0x00000000,0
673185792,0x00000000,0
674234368,0x00000000,0
675282944,0x00000000,0
676331520,0x00000000,0
677380096,0x00000000,0
678428672,0x00000000,0
679477248,0x00000000,0
680525824,0x00000000,0
681574400,0x00000000,0
682622976,0x00000000,0
683671552,0x00000000,0
684720128,0x00000000,0
685768704,0x00000000,0
686817280,0x00000000,0
687865856,0x00000000,0
688914432,0x00000000,0
689963008,0x00000000,0
691011584,0x00000000,0
692060160,0x00000000,0
693108736,0x00000000,0
694157312,0x00000000,0
695205888,0x00000000,0
696254464,0x00000000,0
697303040,0x00000000,0
698351616,0x00000000,0
699400192,0x00000000,0
700448768,0x00000000,0
701497344,0x00000000,0
702545920,0x00000000,0
703594496,0x00000000,0
704643072,0x00000000,0
705691648,0x00000000,0
706740224,0x00000000,0
707788800,0x00000000,0
708837376,0x00000000,0
709885952,0x00000000,0
710934528,0x00000000,0
711983104,0x00000000,0
713031680,0x00000000,0
714080256,0x00000000,0
715128832,0x00000000,0
716177408,0x00000000,0
717225984,0x00000000,0
718274560,0x00000000,0
719323136,0x00000000,0
720371712,0x00000000,0
721420288,0x00000000,0
722468864,0x00000000,0
723517440,0x00000000,0
724566016,0x00000000,0
725614592,0x00000000,0
726663168,0x00000000,0
727711744,0x00000000,0
728760320,0x00000000,0
729808896,0x00000000,0
730857472,0x00000000,0
731906048,0x00000000,0
732954624,0x00000000,0
734003200,0x00000000,0
735051776,0x00000000,0
736100352,0x00000000,0
737148928,0x00000000,0
738197504,0x00000000,0
739246080,0x00000000,0
740294656,0x00000000,0
741343232,0x00000000,0
742391808,0x00000000,0
743440384,0x00000000,0
744488960,0x00000000,0
745537536,0x00000000,0
746586112,0x00000000,0
747634688,0x00000000,0
748683264,0x00000000,0
749731840,0x00000000,0
750780416,0x00000000,0
751828992,0x00000000,0
752877568,0x00000000,0
753926144,0x00000000,0
754974720,0x00000000,0
756023296,0x00000000,0
757071872,0x00000000,0
758120448,0x00000000,0
759169024,0x00000000,0
760217600,0x00000000,0
761266176,0x00000000,0
762314752,0x00000000,0
763363328,0x00000000,0
764411904,0x00000000,0
765460480,0x00000000,0
766509056,0x00000000,0
767557632,0x00000000,0
768606208,0x00000000,0
769654784,0x00000000,0
770703360,0x00000000,0
771751936,0x00000000,0
772800512,0x00000000,0
773849088,0x00000000,0
774897664,0x00000000,0
775946240,0x00000000,0
776994816,0x00000000,0
778043392,0x00000000,0
779091968,0x00000000,0
780140544,0x00000000,0
781189120,0x00000000,0
782237696,0x00000000,0
783286272,0x00000000,0
784334848,0x00000000,0
785383424,0x00000000,0
786432000,0x00000000,0
787480576,0x00000000,0
788529152,0x00000000,0
789577728,0x00000000,0
790626304,0x00000000,0
791674880,0x00000000,0
792723456,0x00000000,0
793772032,0x00000000,0
794820608,0x00000000,0
795869184,0x00000000,0
796917760,0x00000000,0
797966336,0x00000000,0
799014912,0x00000000,0
800063488,0x00000000,0
801112064,0x00000000,0
802160640,0x00000000,0
803209216,0x00000000,0
804257792,0x00000000,0
805306368,0x00000000,0
806354944,0x00000000,0
807403520,0x00000000,0
808452096,0x00000000,0
809500672,0x00000000,0
810549248,0x00000000,0
811597824,0x00000000,0
812646400,0x00000000,0
813694976,0x00000000,0
814743552,0x00000000,0
815792128,0x00000000,0
816840704,0x00000000,0
817889280,0x00000000,0
818937856,0x00000000,0
819986432,0x00000000,0
821035008,0x00000000,0
822083584,0x00000000,0
823132160,0x00000000,0
824180736,0x00000000,0
825229312,0x00000000,0
826277888,0x00000000,0
827326464,0x00000000,0
828375040,0x00000000,0
829423616,0x00000000,0
830472192,0x00000000,0
831520768,0x00000000,0
832569344,0x00000000,0
833617920,0x00000000,0
834666496,0x00000000,0
835715072,0x00000000,0
836763648,0x00000000,0
837812224,0x00000000,0
838860800,0x00000000,0
839909376,0x00000000,0
840957952,0x00000000,0
842006528,0x00000000,0
843055104,0x00000000,0
844103680,0x00000000,0
845152256,0x00000000,0
846200832,0x00000000,0
847249408,0x00000000,0
848297984,0x00000000,0
849346560,0x00000000,0
850395136,0x00000000,0
851443712,0x00000000,0
852492288,0x00000000,0
853540864,0x00000000,0
854589440,0x00000000,0
855638016,0x00000000,0
856686592,0x00000000,0
857735168,0x00000000,0
858783744,0x00000000,0
859832320,0x00000000,0
860880896,0x00000000,0
861929472,0x00000000,0
862978048,0x00000000,0
864026624,0x00000000,0
865075200,0x00000000,0
866123776,0x00000000,0
867172352,0x00000000,0
868220928,0x00000000,0
869269504,0x00000000,0
870318080,0x00000000,0
871366656,0x00000000,0
872415232,0x00000000,0
873463808,0x00000000,0
874512384,0x00000000,0
875560960,0x00000000,0
876609536,0x00000000,0
877658112,0x00000000,0
878706688,0x00000000,0
879755264,0x00000000,0
880803840,0x00000000,0
881852416,0x00000000,0
882900992,0x00000000,0
883949568,0x00000000,0
884998144,0x00000000,0
886046720,0x00000000,0
887095296,0x00000000,0
888143872,0x00000000,0
889192448,0x00000000,0
890241024,0x00000000,0
891289600,0x00000000,0
892338176,0x00000000,0
893386752,0x00000000,0
894435328,0x00000000,0
895483904,0x00000000,0
896532480,0x00000000,0
897581056,0x00000000,0
898629632,0x00000000,0
899678208,0x00000000,0
900726784,0x00000000,0
901775360,0x00000000,0
902823936,0x00000000,0
903872512,0x00000000,0
904921088,0x00000000,0
905969664,0x00000000,0
907018240,0x00000000,0
908066816,0x00000000,0
909115392,0x00000000,0
910163968,0x00000000,0
911212544,0x00000000,0
912261120,0x00000000,0
913309696,0x00000000,0
914358272,0x00000000,0
915406848,0x00000000,0
916455424,0x00000000,0
917504000,0x00000000,0
918552576,0x00000000,0
919601152,0x00000000,0
920649728,0x00000000,0
921698304,0x00000000,0
922746880,0x00000000,0
923795456,0x00000000,0
924844032,0x00000000,0
925892608,0x00000000,0
926941184,0x00000000,0
927989760,0x00000000,0
929038336,0x00000000,0
930086912,0x00000000,0
931135488,0x00000000,0
932184064,0x00000000,0
933232640,0x00000000,0
934281216,0x00000000,0
935329792,0x00000000,0
936378368,0x00000000,0
937426944,0x00000000,0
938475520,0x00000000,0
939524096,0x00000000,0
940572672,0x00000000,0
941621248,0x00000000,0
942669824,0x00000000,0
943718400,0x00000000,0
944766976,0x00000000,0
945815552,0x00000000,0
946864128,0x00000000,0
947912704,0x00000000,0
948961280,0x00000000,0
950009856,0x00000000,0
951058432,0x00000000,0
952107008,0x00000000,0
953155584,0x00000000,0
954204160,0x00000000,0
955252736,0x00000000,0
956301312,0x00000000,0
957349888,0x00000000,0
958398464,0x00000000,0
959447040,0x00000000,0
960495616,0x00000000,0
961544192,0x00000000,0
962592768,0x00000000,0
963641344,0x00000000,0
964689920,0x00000000,0
965738496,0x00000000,0
966787072,0x00000000,0
967835648,0x00000000,0
968884224,0x00000000,0
969932800,0x00000000,0
970981376,0x00000000,0
972029952,0x00000000,0
973078528,0x00000000,0
974127104,0x00000000,0
975175680,0x00000000,0
976224256,0x00000000,0
977272832,0x00000000,0
978321408,0x00000000,0
979369984,0x00000000,0
980418560,0x00000000,0
981467136,0x00000000,0
982515712,0x00000000,0
983564288,0x00000000,0
984612864,0x00000000,0
985661440,0x00000000,0
986710016,0x00000000,0
987758592,0x00000000,0
988807168,0x00000000,0
989855744,0x00000000,0
990904320,0x00000000,0
991952896,0x00000000,0
993001472,0x00000000,0
994050048,0x00000000,0
995098624,0x00000000,0
996147200,0x00000000,0
997195776,0x00000000,0
998244352,0x00000000,0
999292928,0x00000000,0
1000341504,0x00000000,0
1001390080,0x00000000,0
1002438656,0x00000000,0
1003487232,0x00000000,0
1004535808,0x00000000,0
1005584384,0x00000000,0
1006632960,0x00000000,0
1007681536,0x00000000,0
1008730112,0x00000000,0
1009778688,0x00000000,0
1010827264,0x00000000,0
1011875840,0x00000000,0
1012924416,0x00000000,0
1013972992,0x00000000,0
1015021568,0x00000000,0
1016070144,0x00000000,0
1017118720,0x00000000,0
1018167296,0x00000000,0
1019215872,0x00000000,0
1020264448,0x00000000,0
1021313024,0x00000000,0
1022361600,0x00000000,0
1023410176,0x00000000,0
1024458752,0x00000000,0
1025507328,0x00000000,0
1026555904,0x00000000,0
1027604480,0x00000000,0
1028653056,0x00000000,0
1029701632,0x00000000,0
1030750208,0x00000000,0
1031798784,0x00000000,0
1032847360,0x00000000,0
1033895936,0x00000000,0
1034944512,0x00000000,0
1035993088,0x00000000,0
1037041664,0x00000000,0
1038090240,0x00000000,0
1039138816,0x00000000,0
1040187392,0x00000000,0
1041235968,0x00000000,0
1042284544,0x00000000,0
1043333120,0x00000000,0
1044381696,0x00000000,0
1045430272,0x00000000,0
1046478848,0x00000000,0
1047527424,0x00000000,0
1048576000,0x00000000,0
1049624576,0x00000000,0
1050673152,0x00000000,0
1051721728,0x00000000,0
1052770304,0x00000000,0
1053818880,0x00000000,0
1054867456,0x00000000,0
1055916032,0x00000000,0
1056964608,0x00000000,0
1058013184,0x00000000,0
1059061760,0x00000000,0
1060110336,0x00000000,0
1061158912,0x00000000,0
1062207488,0x00000000,0
1063256064,0x00000000,0
1064304640,0x00000000,0
1065353216,0x00000000,0
1066401792,0x00000000,0
1067450368,0x00000000,0
1068498944,0x00000000,0
1069547520,0x00000000,0
1070596096,0x00000000,0
1071644672,0x00000000,0
1072693248,0x00000000,0
1073741824,0x00000000,0
1074790400,0x00000000,0
1075838976,0x00000000,0
1076887552,0x00000000,0
1077936128,0x00000000,0
1078984704,0x00000000,0
1080033280,0x00000000,0
1081081856,0x00000000,0
1082130432,0x00000000,0
1083179008,0x00000000,0
1084227584,0x00000000,0
1085276160,0x00000000,0
1086324736,0x00000000,0
1087373312,0x00000000,0
1088421888,0x00000000,0
1089470464,0x00000000,0
1090519040,0x00000000,0
1091567616,0x00000000,0
1092616192,0x00000000,0
1093664768,0x00000000,0
1094713344,0x00000000,0
1095761920,0x00000000,0
1096810496,0x00000000,0
1097859072,0x00000000,0
1098907648,0x00000000,0
1099956224,0x00000000,0
1101004800,0x00000000,0
1102053376,0x00000000,0
1103101952,0x00000000,0
1104150528,0x00000000,0
1105199104,0x00000000,0
1106247680,0x00000000,0
1107296256,0x00000000,0
1108344832,0x00000000,0
1109393408,0x00000000,0
1110441984,0x00000000,0
1111490560,0x00000000,0
1112539136,0x00000000,0
1113587712,0x00000000,0
1114636288,0x00000000,0
1115684864,0x00000000,0
1116733440,0x00000000,0
1117782016,0x00000000,0
1118830592,0x00000000,0
1119879168,0x00000000,0
1120927744,0x00000000,0
1121976320,0x00000000,0
1123024896,0x00000000,0
1124073472,0x00000000,0
1125122048,0x00000000,0
1126170624,0x00000000,0
1127219200,0x00000000,0
1128267776,0x00000000,0
1129316352,0x00000000,0
1130364928,0x00000000,0
1131413504,0x00000000,0
1132462080,0x00000000,0
1133510656,0x00000000,0
1134559232,0x00000000,0
1135607808,0x00000000,0
1136656384,0x00000000,0
1137704960,0x00000000,0
1138753536,0x00000000,0
1139802112,0x00000000,0
1140850688,0x00000000,0
1141899264,0x00000000,0
1142947840,0x00000000,0
1143996416,0x00000000,0
1145044992,0x00000000,0
1146093568,0x00000000,0
1147142144,0x00000000,0
1148190720,0x00000000,0
1149239296,0x00000000,0
1150287872,0x00000000,0
1151336448,0x00000000,0
1152385024,0x00000000,0
1153433600,0x00000000,0
1154482176,0x00000000,0
1155530752,0x00000000,0
1156579328,0x00000000,0
1157627904,0x00000000,0
1158676480,0x00000000,0
1159725056,0x00000000,0
1160773632,0x00000000,0
1161822208,0x00000000,0
1162870784,0x00000000,0
1163919360,0x00000000,0
1164967936,0x00000000,0
1166016512,0x00000000,0
1167065088,0x00000000,0
1168113664,0x00000000,0
1169162240,0x00000000,0
1170210816,0x00000000,0
1171259392,0x00000000,0
1172307968,0x00000000,0
1173356544,0x00000000,0
1174405120,0x00000000,0
1175453696,0x00000000,0
1176502272,0x00000000,0
1177550848,0x00000000,0
1178599424,0x00000000,0
1179648000,0x00000000,0
1180696576,0x00000000,0
1181745152,0x00000000,0
1182793728,0x00000000,0
1183842304,0x00000000,0
1184890880,0x00000000,0
1185939456,0x00000000,0
1186988032,0x00000000,0
1188036608,0x00000000,0
1189085184,0x00000000,0
1190133760,0x00000000,0
1191182336,0x00000000,0
1192230912,0x00000000,0
1193279488,0x00000000,0
1194328064,0x00000000,0
1195376640,0x00000000,0
1196425216,0x00000000,0
1197473792,0x00000000,0
1198522368,0x00000000,0
1199570944,0x00000000,0
1200619520,0x00000000,0
1201668096,0x00000000,0
1202716672,0x00000000,0
1203765248,0x00000000,0
1204813824,0x00000000,0
1205862400,0x00000000,0
1206910976,0x00000000,0
1207959552,0x00000000,0
1209008128,0x00000000,0
1210056704,0x00000000,0
1211105280,0x00000000,0
1212153856,0x00000000,0
1213202432,0x00000000,0
1214251008,0x00000000,0
1215299584,0x00000000,0
1216348160,0x00000000,0
1217396736,0x00000000,0
1218445312,0x00000000,0
1219493888,0x00000000,0
1220542464,0x00000000,0
1221591040,0x00000000,0
1222639616,0x00000000,0
1223688192,0x00000000,0
1224736768,0x00000000,0
1225785344,0x00000000,0
1226833920,0x00000000,0
1227882496,0x00000000,0
1228931072,0x00000000,0
1229979648,0x00000000,0
1231028224,0x00000000,0
1232076800,0x00000000,0
1233125376,0x00000000,0
1234173952,0x00000000,0
1235222528,0x00000000,0
1236271104,0x00000000,0
1237319680,0x00000000,0
1238368256,0x00000000,0
1239416832,0x00000000,0
1240465408,0x00000000,0
1241513984,0x00000000,0
1242562560,0x00000000,0
1243611136,0x00000000,0
1244659712,0x00000000,0
1245708288,0x00000000,0
1246756864,0x00000000,0
1247805440,0x00000000,0
1248854016,0x00000000,0
1249902592,0x00000000,0
1250951168,0x00000000,0
1251999744,0x00000000,0
1253048320,0x00000000,0
1254096896,0x00000000,0
1255145472,0x00000000,0
1256194048,0x00000000,0
1257242624,0x00000000,0
1258291200,0x00000000,0
1259339776,0x00000000,0
1260388352,0x00000000,0
1261436928,0x00000000,0
1262485504,0x00000000,0
1263534080,0x00000000,0
1264582656,0x00000000,0
1265631232,0x00000000,0
1266679808,0x00000000,0
1267728384,0x00000000,0
1268776960,0x00000000,0
1269825536,0x00000000,0
1270874112,0x00000000,0
1271922688,0x00000000,0
1272971264,0x00000000,0
1274019840,0x00000000,0
1275068416,0x00000000,0
1276116992,0x00000000,0
1277165568,0x00000000,0
1278214144,0x00000000,0
1279262720,0x00000000,0
1280311296,0x00000000,0
1281359872,0x00000000,0
1282408448,0x00000000,0
1283457024,0x00000000,0
1284505600,0x00000000,0
1285554176,0x00000000,0
1286602752,0x00000000,0
1287651328,0x00000000,0
1288699904,0x00000000,0
1289748480,0x00000000,0
1290797056,0x00000000,0
1291845632,0x00000000,0
1292894208,0x00000000,0
1293942784,0x00000000,0
1294991360,0x00000000,0
1296039936,0x00000000,0
1297088512,0x00000000,0
1298137088,0x00000000,0
1299185664,0x00000000,0
1300234240,0x00000000,0
1301282816,0x00000000,0
1302331392,0x00000000,0
1303379968,0x00000000,0
1304428544,0x00000000,0
1305477120,0x00000000,0
1306525696,0x00000000,0
1307574272,0x00000000,0
1308622848,0x00000000,0
1309671424,0x00000000,0
1310720000,0x00000000,0
1311768576,0x00000000,0
1312817152,0x00000000,0
1313865728,0x00000000,0
1314914304,0x00000000,0
1315962880,0x00000000,0
1317011456,0x00000000,0
1318060032,0x00000000,0
1319108608,0x00000000,0
1320157184,0x00000000,0
1321205760,0x00000000,0
1322254336,0x00000000,0
1323302912,0x00000000,0
1324351488,0x00000000,0
1325400064,0x00000000,0
1326448640,0x00000000,0
1327497216,0x00000000,0
1328545792,0x00000000,0
1329594368,0x00000000,0
1330642944,0x00000000,0
1331691520,0x00000000,0
1332740096,0x00000000,0
1333788672,0x00000000,0
1334837248,0x00000000,0
1335885824,0x00000000,0
1336934400,0x00000000,0
1337982976,0x00000000,0
1339031552,0x00000000,0
1340080128,0x00000000,0
1341128704,0x00000000,0
1342177280,0x00000000,0
1343225856,0x00000000,0
1344274432,0x00000000,0
1345323008,0x00000000,0
1346371584,0x00000000,0
1347420160,0x00000000,0
1348468736,0x00000000,0
1349517312,0x00000000,0
1350565888,0x00000000,0
1351614464,0x00000000,0
1352663040,0x00000000,0
1353711616,0x00000000,0
1354760192,0x00000000,0
1355808768,0x00000000,0
1356857344,0x00000000,0
1357905920,0x00000000,0
1358954496,0x00000000,0
1360003072,0x00000000,0
1361051648,0x00000000,0
1362100224,0x00000000,0
1363148800,0x00000000,0
1364197376,0x00000000,0
1365245952,0x00000000,0
1366294528,0x00000000,0
1367343104,0x00000000,0
1368391680,0x00000000,0
1369440256,0x00000000,0
1370488832,0x00000000,0
1371537408,0x00000000,0
1372585984,0x00000000,0
1373634560,0x00000000,0
1374683136,0x00000000,0
1375731712,0x00000000,0
1376780288,0x00000000,0
1377828864,0x00000000,0
1378877440,0x00000000,0
1379926016,0x00000000,0
1380974592,0x00000000,0
1382023168,0x00000000,0
1383071744,0x00000000,0
1384120320,0x00000000,0
1385168896,0x00000000,0
1386217472,0x00000000,0
1387266048,0x00000000,0
1388314624,0x00000000,0
1389363200,0x00000000,0
1390411776,0x00000000,0
1391460352,0x00000000,0
1392508928,0x00000000,0
1393557504,0x00000000,0
1394606080,0x00000000,0
1395654656,0x00000000,0
1396703232,0x00000000,0
1397751808,0x00000000,0
1398800384,0x00000000,0
1399848960,0x00000000,0
1400897536,0x00000000,0
1401946112,0x00000000,0
1402994688,0x00000000,0
1404043264,0x00000000,0
1405091840,0x00000000,0
1406140416,0x00000000,0
1407188992,0x00000000,0
1408237568,0x00000000,0
1409286144,0x00000000,0
1410334720,0x00000000,0
1411383296,0x00000000,0
1412431872,0x00000000,0
1413480448,0x00000000,0
1414529024,0x00000000,0
1415577600,0x00000000,0
1416626176,0x00000000,0
1417674752,0x00000000,0
1418723328,0x00000000,0
1419771904,0x00000000,0
1420820480,0x00000000,0
1421869056,0x00000000,0
1422917632,0x00000000,0
1423966208,0x00000000,0
1425014784,0x00000000,0
1426063360,0x00000000,0
1427111936,0x00000000,0
1428160512,0x00000000,0
1429209088,0x00000000,0
1430257664,0x00000000,0
1431306240,0x00000000,0
1432354816,0x00000000,0
1433403392,0x00000000,0
1434451968,0x00000000,0
1435500544,0x00000000,0
1436549120,0x00000000,0
1437597696,0x00000000,0
1438646272,0x00000000,0
1439694848,0x00000000,0
1440743424,0x00000000,0
1441792000,0x00000000,0
1442840576,0x00000000,0
1443889152,0x00000000,0
1444937728,0x00000000,0
1445986304,0x00000000,0
1447034880,0x00000000,0
1448083456,0x00000000,0
1449132032,0x00000000,0
1450180608,0x00000000,0
1451229184,0x00000000,0
1452277760,0x00000000,0
1453326336,0x00000000,0
1454374912,0x00000000,0
1455423488,0x00000000,0
1456472064,0x00000000,0
1457520640,0x00000000,0
1458569216,0x00000000,0
1459617792,0x00000000,0
1460666368,0x00000000,0
1461714944,0x00000000,0
1462763520,0x00000000,0
1463812096,0x00000000,0
1464860672,0x00000000,0
1465909248,0x00000000,0
1466957824,0x00000000,0
1468006400,0x00000000,0
1469054976,0x00000000,0
1470103552,0x00000000,0
1471152128,0x00000000,0
1472200704,0x00000000,0
1473249280,0x00000000,0
1474297856,0x00000000,0
1475346432,0x00000000,0
1476395008,0x00000000,0
1477443584,0x00000000,0
1478492160,0x00000000,0
1479540736,0x00000000,0
1480589312,0x00000000,0
1481637888,0x00000000,0
1482686464,0x00000000,0
1483735040,0x00000000,0
1484783616,0x00000000,0
1485832192,0x00000000,0
1486880768,0x00000000,0
1487929344,0x00000000,0
1488977920,0x00000000,0
1490026496,0x00000000,0
1491075072,0x00000000,0
1492123648,0x00000000,0
1493172224,0x00000000,0
1494220800,0x00000000,0
1495269376,0x00000000,0
1496317952,0x00000000,0
1497366528,0x00000000,0
1498415104,0x00000000,0
1499463680,0x00000000,0
1500512256,0x00000000,0
1501560832,0x00000000,0
1502609408,0x00000000,0
1503657984,0x00000000,0
1504706560,0x00000000,0
1505755136,0x00000000,0
1506803712,0x00000000,0
1507852288,0x00000000,0
1508900864,0x00000000,0
1509949440,0x00000000,0
1510998016,0x00000000,0
1512046592,0x00000000,0
1513095168,0x00000000,0
1514143744,0x00000000,0
1515192320,0x00000000,0
1516240896,0x00000000,0
1517289472,0x00000000,0
1518338048,0x00000000,0
1519386624,0x00000000,0
1520435200,0x00000000,0
1521483776,0x00000000,0
1522532352,0x00000000,0
1523580928,0x00000000,0
1524629504,0x00000000,0
1525678080,0x00000000,0
1526726656,0x00000000,0
1527775232,0x00000000,0
1528823808,0x00000000,0
1529872384,0x00000000,0
1530920960,0x00000000,0
1531969536,0x00000000,0
1533018112,0x00000000,0
1534066688,0x00000000,0
1535115264,0x00000000,0
1536163840,0x00000000,0
1537212416,0x00000000,0
1538260992,0x00000000,0
1539309568,0x00000000,0
1540358144,0x00000000,0
1541406720,0x00000000,0
1542455296,0x00000000,0
1543503872,0x00000000,0
1544552448,0x00000000,0
1545601024,0x00000000,0
1546649600,0x00000000,0
1547698176,0x00000000,0
1548746752,0x00000000,0
1549795328,0x00000000,0
1550843904,0x00000000,0
1551892480,0x00000000,0
1552941056,0x00000000,0
1553989632,0x00000000,0
1555038208,0x00000000,0
1556086784,0x00000000,0
1557135360,0x00000000,0
1558183936,0x00000000,0
1559232512,0x00000000,0
1560281088,0x00000000,0
1561329664,0x00000000,0
1562378240,0x00000000,0
1563426816,0x00000000,0
1564475392,0x00000000,0
1565523968,0x00000000,0
1566572544,0x00000000,0
1567621120,0x00000000,0
1568669696,0x00000000,0
1569718272,0x00000000,0
1570766848,0x00000000,0
1571815424,0x00000000,0
1572864000,0x00000000,0
1573912576,0x00000000,0
1574961152,0x00000000,0
1576009728,0x00000000,0
1577058304,0x00000000,0
1578106880,0x00000000,0
1579155456,0x00000000,0
1580204032,0x00000000,0
1581252608,0x00000000,0
1582301184,0x00000000,0
1583349760,0x00000000,0
1584398336,0x00000000,0
1585446912,0x00000000,0
1586495488,0x00000000,0
1587544064,0x00000000,0
1588592640,0x00000000,0
1589641216,0x00000000,0
1590689792,0x00000000,0
1591738368,0x00000000,0
1592786944,0x00000000,0
1593835520,0x00000000,0
1594884096,0x00000000,0
1595932672,0x00000000,0
1596981248,0x00000000,0
1598029824,0x00000000,0
1599078400,0x00000000,0
1600126976,0x00000000,0
1601175552,0x00000000,0
1602224128,0x00000000,0
1603272704,0x00000000,0
1604321280,0x00000000,0
1605369856,0x00000000,0
1606418432,0x00000000,0
1607467008,0x00000000,0
1608515584,0x00000000,0
1609564160,0x00000000,0
1610612736,0x00000000,0
1611661312,0x00000000,0
1612709888,0x00000000,0
1613758464,0x00000000,0
1614807040,0x00000000,0
1615855616,0x00000000,0
1616904192,0x00000000,0
1617952768,0x00000000,0
1619001344,0x00000000,0
1620049920,0x00000000,0
1621098496,0x00000000,0
1622147072,0x00000000,0
1623195648,0x00000000,0
1624244224,0x00000000,0
1625292800,0x00000000,0
1626341376,0x00000000,0
1627389952,0x00000000,0
1628438528,0x00000000,0
1629487104,0x00000000,0
1630535680,0x00000000,0
1631584256,0x00000000,0
1632632832,0x00000000,0
1633681408,0x00000000,0
1634729984,0x00000000,0
1635778560,0x00000000,0
1636827136,0x00000000,0
1637875712,0x00000000,0
1638924288,0x00000000,0
1639972864,0x00000000,0
1641021440,0x00000000,0
1642070016,0x00000000,0
1643118592,0x00000000,0
1644167168,0x00000000,0
1645215744,0x00000000,0
1646264320,0x00000000,0
1647312896,0x00000000,0
1648361472,0x00000000,0
1649410048,0x00000000,0
1650458624,0x00000000,0
1651507200,0x00000000,0
1652555776,0x00000000,0
1653604352,0x00000000,0
1654652928,0x00000000,0
1655701504,0x00000000,0
1656750080,0x00000000,0
1657798656,0x00000000,0
1658847232,0x00000000,0
1659895808,0x00000000,0
1660944384,0x00000000,0
1661992960,0x00000000,0
1663041536,0x00000000,0
1664090112,0x00000000,0
1665138688,0x00000000,0
1666187264,0x00000000,0
1667235840,0x00000000,0
1668284416,0x00000000,0
1669332992,0x00000000,0
1670381568,0x00000000,0
1671430144,0x00000000,0
1672478720,0x00000000,0
1673527296,0x00000000,0
1674575872,0x00000000,0
1675624448,0x00000000,0
1676673024,0x00000000,0
1677721600,0x00000000,0
1678770176,0x00000000,0
1679818752,0x00000000,0
1680867328,0x00000000,0
1681915904,0x00000000,0
1682964480,0x00000000,0
1684013056,0x00000000,0
1685061632,0x00000000,0
1686110208,0x00000000,0
1687158784,0x00000000,0
1688207360,0x00000000,0
1689255936,0x00000000,0
1690304512,0x00000000,0
1691353088,0x00000000,0
1692401664,0x00000000,0
1693450240,0x00000000,0
1694498816,0x00000000,0
1695547392,0x00000000,0
1696595968,0x00000000,0
1697644544,0x00000000,0
1698693120,0x00000000,0
1699741696,0x00000000,0
1700790272,0x00000000,0
1701838848,0x00000000,0
1702887424,0x00000000,0
1703936000,0x00000000,0
1704984576,0x00000000,0
1706033152,0x00000000,0
1707081728,0x00000000,0
1708130304,0x00000000,0
1709178880,0x00000000,0
1710227456,0x00000000,0
1711276032,0x00000000,0
1712324608,0x00000000,0
1713373184,0x00000000,0
1714421760,0x00000000,0
1715470336,0x00000000,0
1716518912,0x00000000,0
1717567488,0x00000000,0
1718616064,0x00000000,0
1719664640,0x00000000,0
1720713216,0x00000000,0
1721761792,0x00000000,0
1722810368,0x00000000,0
1723858944,0x00000000,0
1724907520,0x00000000,0
1725956096,0x00000000,0
1727004672,0x00000000,0
1728053248,0x00000000,0
1729101824,0x00000000,0
1730150400,0x00000000,0
1731198976,0x00000000,0
1732247552,0x00000000,0
1733296128,0x00000000,0
1734344704,0x00000000,0
1735393280,0x00000000,0
1736441856,0x00000000,0
1737490432,0x00000000,0
1738539008,0x00000000,0
1739587584,0x00000000,0
1740636160,0x00000000,0
1741684736,0x00000000,0
1742733312,0x00000000,0
1743781888,0x00000000,0
1744830464,0x00000000,0
1745879040,0x00000000,0
1746927616,0x00000000,0
1747976192,0x00000000,0
1749024768,0x00000000,0
1750073344,0x00000000,0
1751121920,0x00000000,0
1752170496,0x00000000,0
1753219072,0x00000000,0
1754267648,0x00000000,0
1755316224,0x00000000,0
1756364800,0x00000000,0
1757413376,0x00000000,0
1758461952,0x00000000,0
1759510528,0x00000000,0
1760559104,0x00000000,0
1761607680,0x00000000,0
1762656256,0x00000000,0
1763704832,0x00000000,0
1764753408,0x00000000,0
1765801984,0x00000000,0
1766850560,0x00000000,0
1767899136,0x00000000,0
1768947712,0x00000000,0
1769996288,0x00000000,0
1771044864,0x00000000,0
1772093440,0x00000000,0
1773142016,0x00000000,0
1774190592,0x00000000,0
1775239168,0x00000000,0
1776287744,0x00000000,0
1777336320,0x00000000,0
1778384896,0x00000000,0
1779433472,0x00000000,0
1780482048,0x00000000,0
1781530624,0x00000000,0
1782579200,0x00000000,0
1783627776,0x00000000,0
1784676352,0x00000000,0
1785724928,0x00000000,0
1786773504,0x00000000,0
1787822080,0x00000000,0
1788870656,0x00000000,0
1789919232,0x00000000,0
1790967808,0x00000000,0
1792016384,0x00000000,0
1793064960,0x00000000,0
1794113536,0x00000000,0
1795162112,0x00000000,0
1796210688,0x00000000,0
1797259264,0x00000000,0
1798307840,0x00000000,0
1799356416,0x00000000,0
1800404992,0x00000000,0
1801453568,0x00000000,0
1802502144,0x00000000,0
1803550720,0x00000000,0
1804599296,0x00000000,0
1805647872,0x00000000,0
1806696448,0x00000000,0
1807745024,0x00000000,0
1808793600,0x00000000,0
1809842176,0x00000000,0
1810890752,0x00000000,0
1811939328,0x00000000,0
1812987904,0x00000000,0
1814036480,0x00000000,0
1815085056,0x00000000,0
1816133632,0x00000000,0
1817182208,0x00000000,0
1818230784,0x00000000,0
1819279360,0x00000000,0
1820327936,0x00000000,0
1821376512,0x00000000,0
1822425088,0x00000000,0
1823473664,0x00000000,0
1824522240,0x00000000,0
1825570816,0x00000000,0
1826619392,0x00000000,0
1827667968,0x00000000,0
1828716544,0x00000000,0
1829765120,0x00000000,0
1830813696,0x00000000,0
1831862272,0x00000000,0
1832910848,0x00000000,0
1833959424,0x00000000,0
1835008000,0x00000000,0
1836056576,0x00000000,0
1837105152,0x00000000,0
1838153728,0x00000000,0
1839202304,0x00000000,0
1840250880,0x00000000,0
1841299456,0x00000000,0
1842348032,0x00000000,0
1843396608,0x00000000,0
1844445184,0x00000000,0
1845493760,0x00000000,0
1846542336,0x00000000,0
1847590912,0x00000000,0
1848639488,0x00000000,0
1849688064,0x00000000,0
1850736640,0x00000000,0
1851785216,0x00000000,0
1852833792,0x00000000,0
1853882368,0x00000000,0
1854930944,0x00000000,0
1855979520,0x00000000,0
1857028096,0x00000000,0
1858076672,0x00000000,0
1859125248,0x00000000,0
1860173824,0x00000000,0
1861222400,0x00000000,0
1862270976,0x00000000,0
1863319552,0x00000000,0
1864368128,0x00000000,0
1865416704,0x00000000,0
1866465280,0x00000000,0
1867513856,0x00000000,0
1868562432,0x00000000,0
1869611008,0x00000000,0
1870659584,0x00000000,0
1871708160,0x00000000,0
1872756736,0x00000000,0
1873805312,0x00000000,0
1874853888,0x00000000,0
1875902464,0x00000000,0
1876951040,0x00000000,0
1877999616,0x00000000,0
1879048192,0x00000000,0
1880096768,0x00000000,0
1881145344,0x00000000,0
1882193920,0x00000000,0
1883242496,0x00000000,0
1884291072,0x00000000,0
1885339648,0x00000000,0
1886388224,0x00000000,0
1887436800,0x00000000,0
1888485376,0x00000000,0
1889533952,0x00000000,0
1890582528,0x00000000,0
1891631104,0x00000000,0
1892679680,0x00000000,0
1893728256,0x00000000,0
1894776832,0x00000000,0
1895825408,0x00000000,0
1896873984,0x00000000,0
1897922560,0x00000000,0
1898971136,0x00000000,0
1900019712,0x00000000,0
1901068288,0x00000000,0
1902116864,0x00000000,0
1903165440,0x00000000,0
1904214016,0x00000000,0
1905262592,0x00000000,0
1906311168,0x00000000,0
1907359744,0x00000000,0
1908408320,0x00000000,0
1909456896,0x00000000,0
1910505472,0x00000000,0
1911554048,0x00000000,0
1912602624,0x00000000,0
1913651200,0x00000000,0
1914699776,0x00000000,0
1915748352,0x00000000,0
1916796928,0x00000000,0
1917845504,0x00000000,0
1918894080,0x00000000,0
1919942656,0x00000000,0
1920991232,0x00000000,0
1922039808,0x00000000,0
1923088384,0x00000000,0
1924136960,0x00000000,0
1925185536,0x00000000,0
1926234112,0x00000000,0
1927282688,0x00000000,0
1928331264,0x00000000,0
1929379840,0x00000000,0
1930428416,0x00000000,0
1931476992,0x00000000,0
1932525568,0x00000000,0
1933574144,0x00000000,0
1934622720,0x00000000,0
1935671296,0x00000000,0
1936719872,0x00000000,0
1937768448,0x00000000,0
1938817024,0x00000000,0
1939865600,0x00000000,0
1940914176,0x00000000,0
1941962752,0x00000000,0
1943011328,0x00000000,0
1944059904,0x00000000,0
1945108480,0x00000000,0
1946157056,0x00000000,0
1947205632,0x00000000,0
1948254208,0x00000000,0
1949302784,0x00000000,0
1950351360,0x00000000,0
1951399936,0x00000000,0
1952448512,0x00000000,0
1953497088,0x00000000,0
1954545664,0x00000000,0
1955594240,0x00000000,0
1956642816,0x00000000,0
1957691392,0x00000000,0
1958739968,0x00000000,0
1959788544,0x00000000,0
1960837120,0x00000000,0
1961885696,0x00000000,0
1962934272,0x00000000,0
1963982848,0x00000000,0
1965031424,0x00000000,0
1966080000,0x00000000,0
1967128576,0x00000000,0
1968177152,0x00000000,0
1969225728,0x00000000,0
1970274304,0x00000000,0
1971322880,0x00000000,0
1972371456,0x00000000,0
1973420032,0x00000000,0
1974468608,0x00000000,0
1975517184,0x00000000,0
1976565760,0x00000000,0
1977614336,0x00000000,0
1978662912,0x00000000,0
1979711488,0x00000000,0
1980760064,0x00000000,0
1981808640,0x00000000,0
1982857216,0x00000000,0
1983905792,0x00000000,0
1984954368,0x00000000,0
1986002944,0x00000000,0
1987051520,0x00000000,0
1988100096,0x00000000,0
1989148672,0x00000000,0
1990197248,0x00000000,0
1991245824,0x00000000,0
1992294400,0x00000000,0
1993342976,0x00000000,0
1994391552,0x00000000,0
1995440128,0x00000000,0
1996488704,0x00000000,0
1997537280,0x00000000,0
1998585856,0x00000000,0
1999634432,0x00000000,0
2000683008,0x00000000,0
2001731584,0x00000000,0
2002780160,0x00000000,0
2003828736,0x00000000,0
2004877312,0x00000000,0
2005925888,0x00000000,0
2006974464,0x00000000,0
2008023040,0x00000000,0
2009071616,0x00000000,0
2010120192,0x00000000,0
2011168768,0x00000000,0
2012217344,0x00000000,0
2013265920,0x00000000,0
2014314496,0x00000000,0
2015363072,0x00000000,0
2016411648,0x00000000,0
2017460224,0x00000000,0
2018508800,0x00000000,0
2019557376,0x00000000,0
2020605952,0x00000000,0
2021654528,0x00000000,0
2022703104,0x00000000,0
2023751680,0x00000000,0
2024800256,0x00000000,0
2025848832,0x00000000,0
2026897408,0x00000000,0
2027945984,0x00000000,0
2028994560,0x00000000,0
2030043136,0x00000000,0
2031091712,0x00000000,0
2032140288,0x00000000,0
2033188864,0x00000000,0
2034237440,0x00000000,0
2035286016,0x00000000,0
2036334592,0x00000000,0
2037383168,0x00000000,0
2038431744,0x00000000,0
2039480320,0x00000000,0
2040528896,0x00000000,0
2041577472,0x00000000,0
2042626048,0x00000000,0
2043674624,0x00000000,0
2044723200,0x00000000,0
2045771776,0x00000000,0
2046820352,0x00000000,0
2047868928,0x00000000,0
2048917504,0x00000000,0
2049966080,0x00000000,0
2051014656,0x00000000,0
2052063232,0x00000000,0
2053111808,0x00000000,0
2054160384,0x00000000,0
2055208960,0x00000000,0
2056257536,0x00000000,0
2057306112,0x00000000,0
2058354688,0x00000000,0
2059403264,0x00000000,0
2060451840,0x00000000,0
2061500416,0x00000000,0
2062548992,0x00000000,0
2063597568,0x00000000,0
2064646144,0x00000000,0
2065694720,0x00000000,0
2066743296,0x00000000,0
2067791872,0x00000000,0
2068840448,0x00000000,0
2069889024,0x00000000,0
2070937600,0x00000000,0
2071986176,0x00000000,0
2073034752,0x00000000,0
2074083328,0x00000000,0
2075131904,0x00000000,0
2076180480,0x00000000,0
2077229056,0x00000000,0
2078277632,0x00000000,0
2079326208,0x00000000,0
2080374784,0x00000000,0
2081423360,0x00000000,0
2082471936,0x00000000,0
2083520512,0x00000000,0
2084569088,0x00000000,0
2085617664,0x00000000,0
2086666240,0x00000000,0
2087714816,0x00000000,0
2088763392,0x00000000,0
2089811968,0x00000000,0
2090860544,0x00000000,0
2091909120,0x00000000,0
2092957696,0x00000000,0
2094006272,0x00000000,0
2095054848,0x00000000,0
2096103424,0x00000000,0
2097152000,0x00000000,0
2098200576,0x00000000,0
2099249152,0x00000000,0
2100297728,0x00000000,0
2101346304,0x00000000,0
2102394880,0x00000000,0
2103443456,0x00000000,0
2104492032,0x00000000,0
2105540608,0x00000000,0
2106589184,0x00000000,0
2107637760,0x00000000,0
2108686336,0x00000000,0
2109734912,0x00000000,0
2110783488,0x00000000,0
2111832064,0x00000000,0
2112880640,0x00000000,0
2113929216,0x00000000,0
2114977792,0x00000000,0
2116026368,0x00000000,0
2117074944,0x00000000,0
2118123520,0x00000000,0
2119172096,0x00000000,0
2120220672,0x00000000,0
2121269248,0x00000000,0
2122317824,0x00000000,0
2123366400,0x00000000,0
2124414976,0x00000000,0
2125463552,0x00000000,0
2126512128,0x00000000,0
2127560704,0x00000000,0
2128609280,0x00000000,0
2129657856,0x00000000,0
2130706432,0x00000000,0
2131755008,0x00000000,0
2132803584,0x00000000,0
2133852160,0x00000000,0
2134900736,0x00000000,0
2135949312,0x00000000,0
2136997888,0x00000000,0
2138046464,0x00000000,0
2139095040,0x00000000,0
2140143616,0x00000000,0
2141192192,0x00000000,0
2142240768,0x00000000,0
2143289344,0x00000000,0
2144337920,0x00000000,0
2145386496,0x00000000,0
2146435072,0x00000000,0
