0,0x0000003c,60
1,0x0000003c,60
2,0x0000003c,60
3,0x0000003c,60
4,0x0000003c,60
5,0x0000003c,60
6,0x0000005a,90
7,0x0000004e,78
8,0x0000005a,90
9,0x000000a0,160
10,0x0000005a,90
11,0x00000046,70
12,0x00000046,70
13,0x0000003c,60
14,0x0000003c,60
15,0x0000003c,60
16,0x0000003c,60
17,0x0000003c,60
18,0x0000003c,60
19,0x00000078,120
20,0x0000003c,60
21,0x0000003c,60
22,0x0000003c,60
23,0x0000003c,60
24,0x0000003c,60
25,0x0000003c,60
26,0x0000003c,60
27,0x0000003c,60
28,0x0000003c,60
29,0x0000003c,60
30,0x0000003c,60
31,0x0000003c,60
32,0x0000003c,60
33,0x0000003c,60
34,0x0000003c,60
35,0x0000003c,60
36,0x0000003c,60
37,0x0000003c,60
38,0x0000003c,60
39,0x0000003c,60
40,0x0000003c,60
41,0x0000003c,60
42,0x0000003c,60
43,0x0000003c,60
44,0x0000003c,60
45,0x0000003c,60
46,0x0000003c,60
47,0x0000003c,60
48,0x0000003c,60
49,0x0000003c,60
50,0x0000003c,60
51,0x0000003c,60
52,0x0000003c,60
53,0x0000003c,60
54,0x0000003c,60
55,0x0000003c,60
56,0x0000003c,60
57,0x0000003c,60
58,0x0000003c,60
59,0x0000003c,60
60,0x0000003c,60
61,0x0000003c,60
62,0x0000003c,60
63,0x0000003c,60
64,0x0000003c,60
65,0x0000003c,60
66,0x0000003c,60
67,0x0000003c,60
68,0x0000003c,60
69,0x0000003c,60
70,0x0000003c,60
71,0x0000003c,60
72,0x0000003c,60
73,0x0000003c,60
74,0x0000003c,60
75,0x0000003c,60
76,0x0000003c,60
77,0x0000003c,60
78,0x0000003c,60
79,0x0000003c,60
80,0x0000003c,60
81,0x0000003c,60
82,0x0000003c,60
83,0x0000003c,60
84,0x0000003c,60
85,0x0000003c,60
86,0x0000003c,60
87,0x0000003c,60
88,0x0000003c,60
89,0x0000003c,60
90,0x0000003c,60
91,0x0000003c,60
92,0x0000003c,60
93,0x0000003c,60
94,0x0000003c,60
95,0x0000003c,60
96,0x0000003c,60
97,0x0000003c,60
98,0x0000003c,60
99,0x0000003c,60
100,0x0000003c,60
101,0x0000003c,60
102,0x0000003c,60
103,0x0000003c,60
104,0x0000003c,60
105,0x0000003c,60
106,0x0000003c,60
107,0x0000003c,60
108,0x0000003c,60
109,0x0000003c,60
110,0x0000003c,60
111,0x0000003c,60
112,0x0000003c,60
113,0x0000003c,60
114,0x0000003c,60
115,0x0000003c,60
116,0x0000003c,60
117,0x0000003c,60
118,0x0000003c,60
119,0x0000003c,60
120,0x0000003c,60
121,0x0000003c,60
122,0x0000003c,60
123,0x0000003c,60
124,0x0000003c,60
125,0x0000003c,60
126,0x0000003c,60
127,0x0000003c,60
128,0x0000003c,60
129,0x0000003c,60
130,0x0000003c,60
131,0x0000003c,60
132,0x0000003c,60
133,0x0000003c,60
134,0x0000003c,60
135,0x0000003c,60
136,0x0000003c,60
137,0x0000003c,60
138,0x0000003c,60
139,0x0000003c,60
140,0x0000003c,60
141,0x0000003c,60
142,0x0000003c,60
143,0x0000003c,60
144,0x0000003c,60
145,0x0000003c,60
146,0x0000003c,60
147,0x0000003c,60
148,0x0000003c,60
149,0x0000003c,60
150,0x0000003c,60
151,0x0000003c,60
152,0x0000003c,60
153,0x0000003c,60
154,0x0000003c,60
155,0x0000003c,60
156,0x0000003c,60
157,0x0000003c,60
158,0x0000003c,60
159,0x0000003c,60
160,0x0000003c,60
161,0x0000003c,60
162,0x0000003c,60
163,0x0000003c,60
164,0x0000003c,60
165,0x0000003c,60
166,0x0000003c,60
167,0x0000003c,60
168,0x0000003c,60
169,0x0000003c,60
170,0x0000003c,60
171,0x0000003c,60
172,0x0000003c,60
173,0x0000003c,60
174,0x0000003c,60
175,0x0000003c,60
176,0x0000003c,60
177,0x0000003c,60
178,0x0000003c,60
179,0x0000003c,60
180,0x0000003c,60
181,0x0000003c,60
182,0x0000003c,60
183,0x0000003c,60
184,0x0000003c,60
185,0x0000003c,60
186,0x0000003c,60
187,0x0000003c,60
188,0x0000003c,60
189,0x0000003c,60
190,0x0000003c,60
191,0x0000003c,60
192,0x0000003c,60
193,0x0000003c,60
194,0x0000003c,60
195,0x0000003c,60
196,0x0000003c,60
197,0x0000003c,60
198,0x0000003c,60
199,0x0000003c,60
200,0x0000003c,60
201,0x0000003c,60
202,0x0000003c,60
203,0x0000003c,60
204,0x0000003c,60
205,0x0000003c,60
206,0x0000003c,60
207,0x0000003c,60
208,0x0000003c,60
209,0x0000003c,60
210,0x0000003c,60
211,0x0000003c,60
212,0x0000003c,60
213,0x0000003c,60
214,0x0000003c,60
215,0x0000003c,60
216,0x0000003c,60
217,0x0000003c,60
218,0x0000003c,60
219,0x0000003c,60
220,0x0000003c,60
221,0x0000003c,60
222,0x0000003c,60
223,0x0000003c,60
224,0x0000003c,60
225,0x0000003c,60
226,0x0000003c,60
227,0x0000003c,60
228,0x0000003c,60
229,0x0000003c,60
230,0x0000003c,60
231,0x0000003c,60
232,0x0000003c,60
233,0x0000003c,60
234,0x0000003c,60
235,0x0000003c,60
236,0x0000003c,60
237,0x0000003c,60
238,0x0000003c,60
239,0x0000003c,60
240,0x0000003c,60
241,0x0000003c,60
242,0x0000003c,60
243,0x0000003c,60
244,0x0000003c,60
245,0x0000003c,60
246,0x0000003c,60
247,0x0000003c,60
248,0x0000003c,60
249,0x0000003c,60
250,0x0000003c,60
251,0x0000003c,60
252,0x0000003c,60
253,0x0000003c,60
254,0x0000003c,60
255,0x0000003c,60
256,0x0000003c,60
257,0x0000003c,60
258,0x0000003c,60
259,0x0000003c,60
260,0x0000003c,60
261,0x0000003c,60
262,0x0000003c,60
263,0x0000003c,60
264,0x0000003c,60
265,0x0000003c,60
266,0x0000003c,60
267,0x0000003c,60
268,0x0000003c,60
269,0x0000003c,60
270,0x0000003c,60
271,0x0000003c,60
272,0x0000003c,60
273,0x0000003c,60
274,0x0000003c,60
275,0x0000003c,60
276,0x0000003c,60
277,0x0000003c,60
278,0x0000003c,60
279,0x0000003c,60
280,0x0000003c,60
281,0x0000003c,60
282,0x0000003c,60
283,0x0000003c,60
284,0x0000003c,60
285,0x0000003c,60
286,0x0000003c,60
287,0x0000003c,60
288,0x0000003c,60
289,0x0000003c,60
290,0x0000003c,60
291,0x0000003c,60
292,0x0000003c,60
293,0x0000003c,60
294,0x0000003c,60
295,0x0000003c,60
296,0x0000003c,60
297,0x0000003c,60
298,0x0000003c,60
299,0x0000003c,60
300,0x0000003c,60
301,0x0000003c,60
302,0x0000003c,60
303,0x0000003c,60
304,0x0000003c,60
305,0x0000003c,60
306,0x0000003c,60
307,0x0000003c,60
308,0x0000003c,60
309,0x0000003c,60
310,0x0000003c,60
311,0x0000003c,60
312,0x0000003c,60
313,0x0000003c,60
314,0x0000003c,60
315,0x0000003c,60
316,0x0000003c,60
317,0x0000003c,60
318,0x0000003c,60
319,0x0000003c,60
320,0x0000003c,60
321,0x0000003c,60
322,0x0000003c,60
323,0x0000003c,60
324,0x0000003c,60
325,0x0000003c,60
326,0x0000003c,60
327,0x0000003c,60
328,0x0000003c,60
329,0x0000003c,60
330,0x0000003c,60
331,0x0000003c,60
332,0x0000003c,60
333,0x0000003c,60
334,0x0000003c,60
335,0x0000003c,60
336,0x0000003c,60
337,0x0000003c,60
338,0x0000003c,60
339,0x0000003c,60
340,0x0000003c,60
341,0x0000003c,60
342,0x0000003c,60
343,0x0000003c,60
344,0x0000003c,60
345,0x0000003c,60
346,0x0000003c,60
347,0x0000003c,60
348,0x0000003c,60
349,0x0000003c,60
350,0x0000003c,60
351,0x0000003c,60
352,0x0000003c,60
353,0x0000003c,60
354,0x0000003c,60
355,0x0000003c,60
356,0x0000003c,60
357,0x0000003c,60
358,0x0000003c,60
359,0x0000003c,60
360,0x0000003c,60
361,0x0000003c,60
362,0x0000003c,60
363,0x0000003c,60
364,0x0000003c,60
365,0x0000003c,60
366,0x0000003c,60
367,0x0000003c,60
368,0x0000003c,60
369,0x0000003c,60
370,0x0000003c,60
371,0x0000003c,60
372,0x0000003c,60
373,0x0000003c,60
374,0x0000003c,60
375,0x0000003c,60
376,0x0000003c,60
377,0x0000003c,60
378,0x0000003c,60
379,0x0000003c,60
380,0x0000003c,60
381,0x0000003c,60
382,0x0000003c,60
383,0x0000003c,60
384,0x0000003c,60
385,0x0000003c,60
386,0x0000003c,60
387,0x0000003c,60
388,0x0000003c,60
389,0x0000003c,60
390,0x0000003c,60
391,0x0000003c,60
392,0x0000003c,60
393,0x0000003c,60
394,0x0000003c,60
395,0x0000003c,60
396,0x0000003c,60
397,0x0000003c,60
398,0x0000003c,60
399,0x0000003c,60
400,0x0000003c,60
401,0x0000003c,60
402,0x0000003c,60
403,0x0000003c,60
404,0x0000003c,60
405,0x0000003c,60
406,0x0000003c,60
407,0x0000003c,60
408,0x0000003c,60
409,0x0000003c,60
410,0x0000003c,60
411,0x0000003c,60
412,0x0000003c,60
413,0x0000003c,60
414,0x0000003c,60
415,0x0000003c,60
416,0x0000003c,60
417,0x0000003c,60
418,0x0000003c,60
419,0x0000003c,60
420,0x0000003c,60
421,0x0000003c,60
422,0x0000003c,60
423,0x0000003c,60
424,0x0000003c,60
425,0x0000003c,60
426,0x0000003c,60
427,0x0000003c,60
428,0x0000003c,60
429,0x0000003c,60
430,0x0000003c,60
431,0x0000003c,60
432,0x0000003c,60
433,0x0000003c,60
434,0x0000003c,60
435,0x0000003c,60
436,0x0000003c,60
437,0x0000003c,60
438,0x0000003c,60
439,0x0000003c,60
440,0x0000003c,60
441,0x0000003c,60
442,0x0000003c,60
443,0x0000003c,60
444,0x0000003c,60
445,0x0000003c,60
446,0x0000003c,60
447,0x0000003c,60
448,0x0000003c,60
449,0x0000003c,60
450,0x0000003c,60
451,0x0000003c,60
452,0x0000003c,60
453,0x0000003c,60
454,0x0000003c,60
455,0x0000003c,60
456,0x0000003c,60
457,0x0000003c,60
458,0x0000003c,60
459,0x0000003c,60
460,0x0000003c,60
461,0x0000003c,60
462,0x0000003c,60
463,0x0000003c,60
464,0x0000003c,60
465,0x0000003c,60
466,0x0000003c,60
467,0x0000003c,60
468,0x0000003c,60
469,0x0000003c,60
470,0x0000003c,60
471,0x0000003c,60
472,0x0000003c,60
473,0x0000003c,60
474,0x0000003c,60
475,0x0000003c,60
476,0x0000003c,60
477,0x0000003c,60
478,0x0000003c,60
479,0x0000003c,60
480,0x0000003c,60
481,0x0000003c,60
482,0x0000003c,60
483,0x0000003c,60
484,0x0000003c,60
485,0x0000003c,60
486,0x0000003c,60
487,0x0000003c,60
488,0x0000003c,60
489,0x0000003c,60
490,0x0000003c,60
491,0x0000003c,60
492,0x0000003c,60
493,0x0000003c,60
494,0x0000003c,60
495,0x0000003c,60
496,0x0000003c,60
497,0x0000003c,60
498,0x0000003c,60
499,0x0000003c,60
500,0x0000003c,60
501,0x0000003c,60
502,0x0000003c,60
503,0x0000003c,60
504,0x0000003c,60
505,0x0000003c,60
506,0x0000003c,60
507,0x0000003c,60
508,0x0000003c,60
509,0x0000003c,60
510,0x0000003c,60
511,0x0000003c,60
512,0x0000003c,60
513,0x0000003c,60
514,0x0000003c,60
515,0x0000003c,60
516,0x0000003c,60
517,0x0000003c,60
518,0x0000003c,60
519,0x0000003c,60
520,0x0000003c,60
521,0x0000003c,60
522,0x0000003c,60
523,0x0000003c,60
524,0x0000003c,60
525,0x0000003c,60
526,0x0000003c,60
527,0x0000003c,60
528,0x0000003c,60
529,0x0000003c,60
530,0x0000003c,60
531,0x0000003c,60
532,0x0000003c,60
533,0x0000003c,60
534,0x0000003c,60
535,0x0000003c,60
536,0x0000003c,60
537,0x0000003c,60
538,0x0000003c,60
539,0x0000003c,60
540,0x0000003c,60
541,0x0000003c,60
542,0x0000003c,60
543,0x0000003c,60
544,0x0000003c,60
545,0x0000003c,60
546,0x0000003c,60
547,0x0000003c,60
548,0x0000003c,60
549,0x0000003c,60
550,0x0000003c,60
551,0x0000003c,60
552,0x0000003c,60
553,0x0000003c,60
554,0x0000003c,60
555,0x0000003c,60
556,0x0000003c,60
557,0x0000003c,60
558,0x0000003c,60
559,0x0000003c,60
560,0x0000003c,60
561,0x0000003c,60
562,0x0000003c,60
563,0x0000003c,60
564,0x0000003c,60
565,0x0000003c,60
566,0x0000003c,60
567,0x0000003c,60
568,0x0000003c,60
569,0x0000003c,60
570,0x0000003c,60
571,0x0000003c,60
572,0x0000003c,60
573,0x0000003c,60
574,0x0000003c,60
575,0x0000003c,60
576,0x0000003c,60
577,0x0000003c,60
578,0x0000003c,60
579,0x0000003c,60
580,0x0000003c,60
581,0x0000003c,60
582,0x0000003c,60
583,0x0000003c,60
584,0x0000003c,60
585,0x0000003c,60
586,0x0000003c,60
587,0x0000003c,60
588,0x0000003c,60
589,0x0000003c,60
590,0x0000003c,60
591,0x0000003c,60
592,0x0000003c,60
593,0x0000003c,60
594,0x0000003c,60
595,0x0000003c,60
596,0x0000003c,60
597,0x0000003c,60
598,0x0000003c,60
599,0x0000003c,60
600,0x0000003c,60
601,0x0000003c,60
602,0x0000003c,60
603,0x0000003c,60
604,0x0000003c,60
605,0x0000003c,60
606,0x0000003c,60
607,0x0000003c,60
608,0x0000003c,60
609,0x0000003c,60
610,0x0000003c,60
611,0x0000003c,60
612,0x0000003c,60
613,0x0000003c,60
614,0x0000003c,60
615,0x0000003c,60
616,0x0000003c,60
617,0x0000003c,60
618,0x0000003c,60
619,0x0000003c,60
620,0x0000003c,60
621,0x0000003c,60
622,0x0000003c,60
623,0x0000003c,60
624,0x0000003c,60
625,0x0000003c,60
626,0x0000003c,60
627,0x0000003c,60
628,0x0000003c,60
629,0x0000003c,60
630,0x0000003c,60
631,0x0000003c,60
632,0x0000003c,60
633,0x0000003c,60
634,0x0000003c,60
635,0x0000003c,60
636,0x0000003c,60
637,0x0000003c,60
638,0x0000003c,60
639,0x0000003c,60
640,0x0000003c,60
641,0x0000003c,60
642,0x0000003c,60
643,0x0000003c,60
644,0x0000003c,60
645,0x0000003c,60
646,0x0000003c,60
647,0x0000003c,60
648,0x0000003c,60
649,0x0000003c,60
650,0x0000003c,60
651,0x0000003c,60
652,0x0000003c,60
653,0x0000003c,60
654,0x0000003c,60
655,0x0000003c,60
656,0x0000003c,60
657,0x0000003c,60
658,0x0000003c,60
659,0x0000003c,60
660,0x0000003c,60
661,0x0000003c,60
662,0x0000003c,60
663,0x0000003c,60
664,0x0000003c,60
665,0x0000003c,60
666,0x0000003c,60
667,0x0000003c,60
668,0x0000003c,60
669,0x0000003c,60
670,0x0000003c,60
671,0x0000003c,60
672,0x0000003c,60
673,0x0000003c,60
674,0x0000003c,60
675,0x0000003c,60
676,0x0000003c,60
677,0x0000003c,60
678,0x0000003c,60
679,0x0000003c,60
680,0x0000003c,60
681,0x0000003c,60
682,0x0000003c,60
683,0x0000003c,60
684,0x0000003c,60
685,0x0000003c,60
686,0x0000003c,60
687,0x0000003c,60
688,0x0000003c,60
689,0x0000003c,60
690,0x0000003c,60
691,0x0000003c,60
692,0x0000003c,60
693,0x0000003c,60
694,0x0000003c,60
695,0x0000003c,60
696,0x0000003c,60
697,0x0000003c,60
698,0x0000003c,60
699,0x0000003c,60
700,0x0000003c,60
701,0x0000003c,60
702,0x0000003c,60
703,0x0000003c,60
704,0x0000003c,60
705,0x0000003c,60
706,0x0000003c,60
707,0x0000003c,60
708,0x0000003c,60
709,0x0000003c,60
710,0x0000003c,60
711,0x0000003c,60
712,0x0000003c,60
713,0x0000003c,60
714,0x0000003c,60
715,0x0000003c,60
716,0x0000003c,60
717,0x0000003c,60
718,0x0000003c,60
719,0x0000003c,60
720,0x0000003c,60
721,0x0000003c,60
722,0x0000003c,60
723,0x0000003c,60
724,0x0000003c,60
725,0x0000003c,60
726,0x0000003c,60
727,0x0000003c,60
728,0x0000003c,60
729,0x0000003c,60
730,0x0000003c,60
731,0x0000003c,60
732,0x0000003c,60
733,0x0000003c,60
734,0x0000003c,60
735,0x0000003c,60
736,0x0000003c,60
737,0x0000003c,60
738,0x0000003c,60
739,0x0000003c,60
740,0x0000003c,60
741,0x0000003c,60
742,0x0000003c,60
743,0x0000003c,60
744,0x0000003c,60
745,0x0000003c,60
746,0x0000003c,60
747,0x0000003c,60
748,0x0000003c,60
749,0x0000003c,60
750,0x0000003c,60
751,0x0000003c,60
752,0x0000003c,60
753,0x0000003c,60
754,0x0000003c,60
755,0x0000003c,60
756,0x0000003c,60
757,0x0000003c,60
758,0x0000003c,60
759,0x0000003c,60
760,0x0000003c,60
761,0x0000003c,60
762,0x0000003c,60
763,0x0000003c,60
764,0x0000003c,60
765,0x0000003c,60
766,0x0000003c,60
767,0x0000003c,60
768,0x0000003c,60
769,0x0000003c,60
770,0x0000003c,60
771,0x0000003c,60
772,0x0000003c,60
773,0x0000003c,60
774,0x0000003c,60
775,0x0000003c,60
776,0x0000003c,60
777,0x0000003c,60
778,0x0000003c,60
779,0x0000003c,60
780,0x0000003c,60
781,0x0000003c,60
782,0x0000003c,60
783,0x0000003c,60
784,0x0000003c,60
785,0x0000003c,60
786,0x0000003c,60
787,0x0000003c,60
788,0x0000003c,60
789,0x0000003c,60
790,0x0000003c,60
791,0x0000003c,60
792,0x0000003c,60
793,0x0000003c,60
794,0x0000003c,60
795,0x0000003c,60
796,0x0000003c,60
797,0x0000003c,60
798,0x0000003c,60
799,0x0000003c,60
800,0x0000003c,60
801,0x0000003c,60
802,0x0000003c,60
803,0x0000003c,60
804,0x0000003c,60
805,0x0000003c,60
806,0x0000003c,60
807,0x0000003c,60
808,0x0000003c,60
809,0x0000003c,60
810,0x0000003c,60
811,0x0000003c,60
812,0x0000003c,60
813,0x0000003c,60
814,0x0000003c,60
815,0x0000003c,60
816,0x0000003c,60
817,0x0000003c,60
818,0x0000003c,60
819,0x0000003c,60
820,0x0000003c,60
821,0x0000003c,60
822,0x0000003c,60
823,0x0000003c,60
824,0x0000003c,60
825,0x0000003c,60
826,0x0000003c,60
827,0x0000003c,60
828,0x0000003c,60
829,0x0000003c,60
830,0x0000003c,60
831,0x0000004a,74
832,0x00000084,132
833,0x00000081,129
834,0x00000069,105
835,0x0000017a,378
836,0x00000042,66
837,0x00000074,116
838,0x00000084,132
839,0x0000003c,60
840,0x00000086,134
841,0x00000042,66
842,0x00000084,132
843,0x000001c1,449
844,0x00000074,116
845,0x00000074,116
846,0x0000003c,60
847,0x0000003c,60
848,0x0000003c,60
849,0x0000003c,60
850,0x0000003c,60
851,0x0000003c,60
852,0x00000071,113
853,0x00000105,261
854,0x00000042,66
855,0x00000074,116
856,0x00000084,132
857,0x00000086,134
858,0x00000042,66
859,0x00000042,66
860,0x000000ed,237
861,0x00000116,278
862,0x00000074,116
863,0x00000074,116
864,0x0000003c,60
865,0x0000003c,60
866,0x0000003c,60
867,0x0000003c,60
868,0x0000003c,60
869,0x00000071,113
870,0x00000105,261
871,0x00000042,66
872,0x00000074,116
873,0x00000084,132
874,0x00000086,134
875,0x00000042,66
876,0x00000199,409
877,0x000000ac,172
878,0x00000074,116
879,0x00000074,116
880,0x0000003c,60
881,0x0000003c,60
882,0x0000003c,60
883,0x0000003c,60
884,0x0000003c,60
885,0x00000071,113
886,0x00000105,261
887,0x0000003c,60
888,0x00000042,66
889,0x00000074,116
890,0x00000084,132
891,0x00000093,147
892,0x00000042,66
893,0x000001a7,423
894,0x000000e0,224
895,0x00000074,116
896,0x00000074,116
897,0x0000003c,60
898,0x0000003c,60
899,0x0000003c,60
900,0x0000003c,60
901,0x0000003c,60
902,0x0000003c,60
903,0x00000071,113
904,0x00000105,261
905,0x00000042,66
906,0x00000074,116
907,0x00000084,132
908,0x00000086,134
909,0x00000042,66
910,0x00000042,66
911,0x00000157,343
912,0x000000ac,172
913,0x00000074,116
914,0x00000074,116
915,0x0000004a,74
916,0x00000042,66
917,0x00000081,129
918,0x00000069,105
919,0x0000017a,378
920,0x00000042,66
921,0x00000074,116
922,0x00000042,66
923,0x00000086,134
924,0x00000084,132
925,0x00000122,290
926,0x00000123,291
927,0x00000074,116
928,0x00000074,116
929,0x0000003c,60
930,0x0000003c,60
931,0x0000003c,60
932,0x0000003c,60
933,0x0000003c,60
934,0x0000003c,60
935,0x00000071,113
936,0x00000105,261
937,0x00000042,66
938,0x00000074,116
939,0x00000084,132
940,0x00000086,134
941,0x00000042,66
942,0x00000199,409
943,0x000000ac,172
944,0x00000074,116
945,0x00000074,116
946,0x00000071,113
947,0x00000105,261
948,0x00000042,66
949,0x00000074,116
950,0x00000042,66
951,0x00000086,134
952,0x00000042,66
953,0x00000199,409
954,0x000000ac,172
955,0x00000074,116
956,0x00000074,116
957,0x0000003c,60
958,0x0000003c,60
959,0x0000003c,60
960,0x0000003c,60
961,0x0000003c,60
962,0x0000004a,74
963,0x00000042,66
964,0x000000c3,195
965,0x00000069,105
966,0x0000017a,378
967,0x00000042,66
968,0x00000074,116
969,0x00000084,132
970,0x00000086,134
971,0x00000042,66
972,0x000000ed,237
973,0x00000158,344
974,0x00000074,116
975,0x00000074,116
976,0x0000003c,60
977,0x00000071,113
978,0x00000105,261
979,0x00000042,66
980,0x00000074,116
981,0x00000084,132
982,0x00000086,134
983,0x00000042,66
984,0x000000ab,171
985,0x00000123,291
986,0x00000077,119
987,0x00000074,116
988,0x00000074,116
989,0x00000071,113
990,0x00000105,261
991,0x00000042,66
992,0x00000074,116
993,0x00000042,66
994,0x00000086,134
995,0x00000042,66
996,0x00000203,515
997,0x00000074,116
998,0x00000074,116
999,0x0000003c,60
1000,0x0000003c,60
1001,0x0000003c,60
1002,0x0000003c,60
1003,0x0000003c,60
1004,0x00000071,113
1005,0x00000105,261
1006,0x00000042,66
1007,0x00000074,116
1008,0x00000084,132
1009,0x00000086,134
1010,0x00000042,66
1011,0x00000203,515
1012,0x00000074,116
1013,0x00000074,116
1014,0x0000003c,60
1015,0x0000003c,60
1016,0x00000071,113
1017,0x00000105,261
1018,0x00000042,66
1019,0x00000074,116
1020,0x00000042,66
1021,0x00000042,66
1022,0x00000086,134
1023,0x00000042,66
1024,0x00000199,409
1025,0x000000ee,238
1026,0x00000074,116
1027,0x00000074,116
1028,0x00000071,113
1029,0x00000105,261
1030,0x00000042,66
1031,0x00000074,116
1032,0x00000042,66
1033,0x00000086,134
1034,0x00000042,66
1035,0x000000b9,185
1036,0x0000014a,330
1037,0x00000074,116
1038,0x00000074,116
1039,0x0000003c,60
1040,0x0000003c,60
1041,0x0000003c,60
1042,0x0000003c,60
1043,0x0000003c,60
1044,0x00000071,113
1045,0x00000105,261
1046,0x00000042,66
1047,0x00000074,116
1048,0x0000003c,60
1049,0x00000042,66
1050,0x00000042,66
1051,0x00000086,134
1052,0x00000042,66
1053,0x00000084,132
1054,0x0000009e,158
1055,0x000000ee,238
1056,0x00000074,116
1057,0x00000074,116
1058,0x00000071,113
1059,0x00000105,261
1060,0x00000042,66
1061,0x00000074,116
1062,0x00000042,66
1063,0x00000086,134
1064,0x00000042,66
1065,0x00000042,66
1066,0x00000084,132
1067,0x0000017f,383
1068,0x00000074,116
1069,0x00000074,116
1070,0x00000071,113
1071,0x00000105,261
1072,0x00000042,66
1073,0x00000074,116
1074,0x00000042,66
1075,0x00000086,134
1076,0x00000042,66
1077,0x0000019a,410
1078,0x00000069,105
1079,0x00000074,116
1080,0x00000074,116
1081,0x0000003c,60
1082,0x0000003c,60
1083,0x0000003c,60
1084,0x0000003c,60
1085,0x0000003c,60
1086,0x00000071,113
1087,0x00000105,261
1088,0x00000042,66
1089,0x00000074,116
1090,0x00000084,132
1091,0x00000093,147
1092,0x00000108,264
1093,0x00000076,118
1094,0x00000116,278
1095,0x00000074,116
1096,0x00000074,116
1097,0x00000071,113
1098,0x00000105,261
1099,0x00000042,66
1100,0x00000074,116
1101,0x00000042,66
1102,0x00000086,134
1103,0x00000042,66
1104,0x00000122,290
1105,0x000000e1,225
1106,0x00000074,116
1107,0x00000074,116
1108,0x00000071,113
1109,0x00000105,261
1110,0x00000042,66
1111,0x00000074,116
1112,0x00000042,66
1113,0x00000086,134
1114,0x00000042,66
1115,0x00000084,132
1116,0x0000017f,383
1117,0x00000074,116
1118,0x00000074,116
1119,0x0000004a,74
1120,0x00000042,66
1121,0x00000081,129
1122,0x00000069,105
1123,0x0000017a,378
1124,0x00000042,66
1125,0x00000074,116
1126,0x00000084,132
1127,0x00000086,134
1128,0x00000042,66
1129,0x00000076,118
1130,0x0000018d,397
1131,0x00000074,116
1132,0x00000074,116
1133,0x0000003c,60
1134,0x0000003c,60
1135,0x0000003c,60
1136,0x0000003c,60
1137,0x0000003c,60
1138,0x00000071,113
1139,0x00000105,261
1140,0x00000042,66
1141,0x00000074,116
1142,0x00000084,132
1143,0x00000086,134
1144,0x00000042,66
1145,0x00000084,132
1146,0x0000017f,383
1147,0x00000074,116
1148,0x00000074,116
1149,0x00000071,113
1150,0x00000105,261
1151,0x00000042,66
1152,0x00000074,116
1153,0x00000042,66
1154,0x00000086,134
1155,0x00000042,66
1156,0x00000084,132
1157,0x000000ed,237
1158,0x000000e1,225
1159,0x00000074,116
1160,0x00000074,116
1161,0x00000071,113
1162,0x00000105,261
1163,0x00000042,66
1164,0x00000074,116
1165,0x00000042,66
1166,0x00000086,134
1167,0x00000042,66
1168,0x000001c1,449
1169,0x00000074,116
1170,0x00000074,116
1171,0x00000071,113
1172,0x00000105,261
1173,0x00000042,66
1174,0x00000074,116
1175,0x00000084,132
1176,0x00000086,134
1177,0x00000042,66
1178,0x00000084,132
1179,0x0000013d,317
1180,0x00000074,116
1181,0x00000074,116
1182,0x0000003c,60
1183,0x0000003c,60
1184,0x0000003c,60
1185,0x0000003c,60
1186,0x0000003c,60
1187,0x0000003c,60
1188,0x00000071,113
1189,0x00000105,261
1190,0x00000042,66
1191,0x00000074,116
1192,0x00000084,132
1193,0x00000086,134
1194,0x00000042,66
1195,0x00000084,132
1196,0x00000077,119
1197,0x0000014a,330
1198,0x00000074,116
1199,0x00000074,116
1200,0x00000071,113
1201,0x00000105,261
1202,0x00000042,66
1203,0x00000074,116
1204,0x00000042,66
1205,0x00000086,134
1206,0x00000042,66
1207,0x00000076,118
1208,0x0000018d,397
1209,0x00000074,116
1210,0x00000074,116
1211,0x00000176,374
1212,0x00000042,66
1213,0x00000074,116
1214,0x00000042,66
1215,0x00000086,134
1216,0x00000042,66
1217,0x000001c1,449
1218,0x00000074,116
1219,0x00000074,116
1220,0x00000071,113
1221,0x00000105,261
1222,0x0000003c,60
1223,0x00000042,66
1224,0x00000074,116
1225,0x00000084,132
1226,0x00000086,134
1227,0x00000042,66
1228,0x000001c1,449
1229,0x00000074,116
1230,0x00000074,116
1231,0x0000003c,60
1232,0x0000003c,60
1233,0x0000003c,60
1234,0x0000003c,60
1235,0x00000071,113
1236,0x00000105,261
1237,0x00000042,66
1238,0x00000074,116
1239,0x00000084,132
1240,0x00000086,134
1241,0x00000042,66
1242,0x00000130,304
1243,0x000000d3,211
1244,0x00000074,116
1245,0x00000074,116
1246,0x00000123,291
1247,0x00000042,66
1248,0x00000074,116
1249,0x00000042,66
1250,0x00000086,134
1251,0x00000042,66
1252,0x00000203,515
1253,0x00000074,116
1254,0x00000074,116
1255,0x00000071,113
1256,0x00000105,261
1257,0x00000042,66
1258,0x00000074,116
1259,0x00000042,66
1260,0x00000086,134
1261,0x00000042,66
1262,0x000001c1,449
1263,0x00000074,116
1264,0x00000074,116
1265,0x0000003c,60
1266,0x00000071,113
1267,0x00000105,261
1268,0x00000042,66
1269,0x00000074,116
1270,0x00000084,132
1271,0x00000086,134
1272,0x00000042,66
1273,0x00000122,290
1274,0x00000084,132
1275,0x000000ac,172
1276,0x00000074,116
1277,0x00000074,116
1278,0x0000003c,60
1279,0x0000003c,60
1280,0x0000003c,60
1281,0x0000003c,60
1282,0x0000003c,60
1283,0x00000071,113
1284,0x00000105,261
1285,0x00000042,66
1286,0x00000074,116
1287,0x00000084,132
1288,0x00000086,134
1289,0x00000042,66
1290,0x000001c1,449
1291,0x00000074,116
1292,0x00000074,116
1293,0x00000071,113
1294,0x00000105,261
1295,0x00000042,66
1296,0x00000074,116
1297,0x00000042,66
1298,0x00000086,134
1299,0x00000042,66
1300,0x00000042,66
1301,0x000001c1,449
1302,0x00000074,116
1303,0x00000074,116
1304,0x00000071,113
1305,0x00000105,261
1306,0x00000042,66
1307,0x00000074,116
1308,0x00000042,66
1309,0x00000086,134
1310,0x00000042,66
1311,0x00000203,515
1312,0x00000074,116
1313,0x00000074,116
1314,0x0000003c,60
1315,0x00000071,113
1316,0x00000105,261
1317,0x00000042,66
1318,0x00000074,116
1319,0x00000042,66
1320,0x00000042,66
1321,0x00000086,134
1322,0x00000042,66
1323,0x0000017f,383
1324,0x00000074,116
1325,0x00000074,116
1326,0x0000003c,60
1327,0x0000004a,74
1328,0x00000042,66
1329,0x000000ea,234
1330,0x0000017a,378
1331,0x00000042,66
1332,0x00000074,116
1333,0x000000c6,198
1334,0x00000093,147
1335,0x0000004a,74
1336,0x00000042,66
1337,0x0000063e,1598
1338,0x00000042,66
1339,0x0000005c,92
1340,0x00000108,264
1341,0x0000014a,330
1342,0x00000108,264
1343,0x00000042,66
1344,0x00000042,66
1345,0x00000108,264
1346,0x0000014a,330
1347,0x00000108,264
1348,0x00000042,66
1349,0x000000c6,198
1350,0x00000084,132
1351,0x00000042,66
1352,0x000000c6,198
1353,0x00000084,132
1354,0x00000084,132
1355,0x00000042,66
1356,0x000000c6,198
1357,0x00000042,66
1358,0x000000c6,198
1359,0x00000042,66
1360,0x000000c6,198
1361,0x00000042,66
1362,0x000000c6,198
1363,0x00000108,264
1364,0x0000014a,330
1365,0x00000108,264
1366,0x00000042,66
1367,0x00000042,66
1368,0x0000018c,396
1369,0x0000018c,396
1370,0x00000042,66
1371,0x00000108,264
1372,0x00000108,264
1373,0x0000014a,330
1374,0x00000042,66
1375,0x00000108,264
1376,0x00000108,264
1377,0x00000076,118
1378,0x00000074,116
1379,0x00000042,66
1380,0x00000042,66
1381,0x00000086,134
1382,0x00000042,66
1383,0x00000084,132
1384,0x0000013d,317
1385,0x00000074,116
1386,0x00000042,66
1387,0x00000086,134
1388,0x00000042,66
1389,0x0000016c,364
1390,0x00000074,116
1391,0x0000014a,330
1392,0x0000007e,126
1393,0x00000079,121
1394,0x00000084,132
1395,0x00000377,887
1396,0x000000e0,224
1397,0x00000074,116
1398,0x0000003c,60
1399,0x00000086,134
1400,0x00000042,66
1401,0x00000087,135
1402,0x00000069,105
1403,0x00000074,116
1404,0x00000042,66
1405,0x00000087,135
1406,0x00000069,105
1407,0x00000042,66
1408,0x000000f0,240
1409,0x00000074,116
1410,0x00000074,116
1411,0x00000042,66
1412,0x000000f0,240
1413,0x00000074,116
1414,0x00000079,121
1415,0x00000076,118
1416,0x00000074,116
1417,0x000000c6,198
1418,0x00000042,66
1419,0x00000042,66
1420,0x00000086,134
1421,0x00000079,121
1422,0x00000084,132
1423,0x00000042,66
1424,0x0000021b,539
1425,0x0000353a,13626
1426,0x00003b24,15140
1427,0x00003b24,15140
1428,0x00004ce2,19682
1429,0x00009fae,40878
1430,0x00000bd4,3028
1431,0x0000ec90,60560
1432,0x00010438,66616
1433,0x0000c914,51476
1434,0x000046f8,18168
1435,0x0000d4e8,54504
1436,0x000046f8,18168
1437,0x0000bd40,48448
1438,0x0000705e,28766
1439,0x0000a598,42392
1440,0x000093da,37850
1441,0x00014b30,84784
1442,0x00000bd4,3028
1443,0x0000ec90,60560
1444,0x0000648a,25738
1445,0x0000821c,33308
1446,0x0000b16c,45420
1447,0x0001100c,69644
1448,0x0000cefe,52990
1449,0x0000410e,16654
1450,0x0000821c,33308
1451,0x0000959a,38298
1452,0x00000074,116
1453,0x000000f0,240
1454,0x00000074,116
1455,0x0000003c,60
1456,0x00000042,66
1457,0x00000097,151
1458,0x00000042,66
1459,0x00000042,66
1460,0x00001649,5705
1461,0x000061ef,25071
1462,0x00010438,66616
1463,0x0000237c,9084
1464,0x00000bd4,3028
1465,0x00000c27,3111
1466,0x000017a8,6056
1467,0x0000a598,42392
1468,0x0000d4e8,54504
1469,0x00010a22,68130
1470,0x000099c4,39364
1471,0x00002d2b,11563
1472,0x0000003c,60
1473,0x00000042,66
1474,0x00000042,66
1475,0x00000042,66
1476,0x000001ce,462
1477,0x00000084,132
1478,0x00000252,594
1479,0x000000c6,198
1480,0x00000252,594
1481,0x00000108,264
1482,0x00000252,594
1483,0x00000294,660
1484,0x00000108,264
1485,0x00000210,528
1486,0x000000c6,198
1487,0x000000c6,198
1488,0x0000014a,330
1489,0x0000014a,330
1490,0x00000252,594
1491,0x000001ce,462
1492,0x00000210,528
1493,0x00000042,66
1494,0x000000e3,227
1495,0x00000074,116
1496,0x00000042,66
1497,0x0000021b,539
1498,0x000015f1,5617
1499,0x00019812,104466
1500,0x000030b2,12466
1501,0x000099c4,39364
1502,0x000162d8,90840
1503,0x000017a8,6056
1504,0x0001100c,69644
1505,0x000015e5,5605
1506,0x000000c6,198
1507,0x000000c6,198
1508,0x00000252,594
1509,0x00000042,66
1510,0x00000084,132
1511,0x000000c6,198
1512,0x00000210,528
1513,0x00000084,132
1514,0x0000014a,330
1515,0x00000108,264
1516,0x00000294,660
1517,0x00000042,66
1518,0x00000252,594
1519,0x0000035a,858
1520,0x00000210,528
1521,0x0000035a,858
1522,0x000000e3,227
1523,0x00000060,96
1524,0x00000067,103
1525,0x00000042,66
1526,0x00000413,1043
1527,0x0000025e,606
1528,0x00001365,4965
1529,0x0000fe4e,65102
1530,0x0000fe4e,65102
1531,0x00000bd4,3028
1532,0x00007648,30280
1533,0x00019228,102952
1534,0x0000f055,61525
1535,0x00000042,66
1536,0x00000042,66
1537,0x00000042,66
1538,0x00000318,792
1539,0x00000042,66
1540,0x00000210,528
1541,0x0000035a,858
1542,0x00000042,66
1543,0x00000294,660
1544,0x00000042,66
1545,0x00000252,594
1546,0x0000014a,330
1547,0x000000e3,227
1548,0x00000074,116
1549,0x00000042,66
1550,0x00000042,66
1551,0x0000014e,334
1552,0x0000b756,46934
1553,0x0001ae16,110102
1554,0x00000bd4,3028
1555,0x0001df0a,122634
1556,0x00009fae,40878
1557,0x0000289c,10396
1558,0x00000084,132
1559,0x00000294,660
1560,0x00000108,264
1561,0x00000252,594
1562,0x00000462,1122
1563,0x00000042,66
1564,0x0000014a,330
1565,0x000004a4,1188
1566,0x00000084,132
1567,0x00000042,66
1568,0x000002d6,726
1569,0x0000007a,122
1570,0x00000069,105
1571,0x00000074,116
1572,0x00000042,66
1573,0x00000042,66
1574,0x00007798,30616
1575,0x0001dd6b,122219
1576,0x000058b6,22710
1577,0x000121ca,74186
1578,0x0000f27a,62074
1579,0x000057ec,22508
1580,0x00000084,132
1581,0x00000210,528
1582,0x00000042,66
1583,0x000002d6,726
1584,0x00000210,528
1585,0x0000018c,396
1586,0x000004a4,1188
1587,0x00000042,66
1588,0x0000018c,396
1589,0x0000007a,122
1590,0x00000069,105
1591,0x00000074,116
1592,0x000001d3,467
1593,0x0000057e,1406
1594,0x0001afba,110522
1595,0x00012d9e,77214
1596,0x000168c2,92354
1597,0x0000ce16,52758
1598,0x000000b6,182
1599,0x000000c6,198
1600,0x00000042,66
1601,0x000004e6,1254
1602,0x00000084,132
1603,0x00000084,132
1604,0x000000c6,198
1605,0x00000318,792
1606,0x0000018c,396
1607,0x00000108,264
1608,0x00000252,594
1609,0x000000f0,240
1610,0x00000074,116
1611,0x00000042,66
1612,0x0000013e,318
1613,0x000088e3,35043
1614,0x0001e4f4,124148
1615,0x0000bd40,48448
1616,0x00000bd4,3028
1617,0x0000648a,25738
1618,0x00017dc7,97735
1619,0x00000042,66
1620,0x00000084,132
1621,0x000002d6,726
1622,0x00000294,660
1623,0x00000042,66
1624,0x00000084,132
1625,0x00000042,66
1626,0x00000294,660
1627,0x00000294,660
1628,0x0000018c,396
1629,0x00000042,66
1630,0x00000252,594
1631,0x0000007a,122
1632,0x00000069,105
1633,0x00000074,116
1634,0x00000042,66
1635,0x0000054c,1356
1636,0x0000f3db,62427
1637,0x0001df0a,122634
1638,0x000093da,37850
1639,0x00000bd4,3028
1640,0x0000cefe,52990
1641,0x0000d3d9,54233
1642,0x00000084,132
1643,0x000000c6,198
1644,0x00000210,528
1645,0x0000018c,396
1646,0x00000108,264
1647,0x00000294,660
1648,0x00000252,594
1649,0x00000042,66
1650,0x00000042,66
1651,0x00000042,66
1652,0x00000084,132
1653,0x000000e3,227
1654,0x00000074,116
1655,0x00000042,66
1656,0x000004e0,1248
1657,0x0000b8a1,47265
1658,0x0001df0a,122634
1659,0x000115f6,71158
1660,0x000167f8,92152
1661,0x00000084,132
1662,0x00000042,66
1663,0x00000042,66
1664,0x000002d6,726
1665,0x00000252,594
1666,0x00000084,132
1667,0x00000084,132
1668,0x00000252,594
1669,0x00000420,1056
1670,0x0000014a,330
1671,0x0000014a,330
1672,0x000000c6,198
1673,0x000000e3,227
1674,0x00000074,116
1675,0x00000042,66
1676,0x00000150,336
1677,0x0000df1c,57116
1678,0x0001e4f4,124148
1679,0x00012d9e,77214
1680,0x000126ea,75498
1681,0x00000084,132
1682,0x00000042,66
1683,0x00000084,132
1684,0x00000108,264
1685,0x00000042,66
1686,0x00000042,66
1687,0x00000108,264
1688,0x0000007a,122
1689,0x00000069,105
1690,0x00000074,116
1691,0x00000191,401
1692,0x0001100c,69644
1693,0x0001e4f4,124148
1694,0x000137d5,79829
1695,0x00003b24,15140
1696,0x0000b0a2,45218
1697,0x00000084,132
1698,0x00000084,132
1699,0x0000018c,396
1700,0x00000084,132
1701,0x000000c6,198
1702,0x00000069,105
1703,0x000000e3,227
1704,0x00000074,116
1705,0x000000b6,182
1706,0x00000042,66
1707,0x00002dfe,11774
1708,0x0001e059,122969
1709,0x0001df0a,122634
1710,0x0000410e,16654
1711,0x0000ebc6,60358
1712,0x00000084,132
1713,0x00000084,132
1714,0x00000108,264
1715,0x00000084,132
1716,0x00000042,66
1717,0x0000014a,330
1718,0x000000e3,227
1719,0x00000074,116
1720,0x00000042,66
1721,0x000005a4,1444
1722,0x0000f2c4,62148
1723,0x0001e054,122964
1724,0x00015704,87812
1725,0x0000eb05,60165
1726,0x00000084,132
1727,0x00000042,66
1728,0x00000108,264
1729,0x000000c6,198
1730,0x00000042,66
1731,0x000000c6,198
1732,0x00000042,66
1733,0x0000007a,122
1734,0x00000069,105
1735,0x00000074,116
1736,0x00000042,66
1737,0x00000150,336
1738,0x0001a3e6,107494
1739,0x0001dd6d,122221
1740,0x0000ab82,43906
1741,0x0000dad2,56018
1742,0x000010f4,4340
1743,0x00000042,66
1744,0x00000084,132
1745,0x00000042,66
1746,0x00000108,264
1747,0x0000018c,396
1748,0x000000c6,198
1749,0x00000042,66
1750,0x00000084,132
1751,0x00000084,132
1752,0x0000007a,122
1753,0x00000069,105
1754,0x00000074,116
1755,0x00000042,66
1756,0x00003c73,15475
1757,0x0001df0a,122634
1758,0x0001df0a,122634
1759,0x0000807a,32890
1760,0x00009ee4,40676
1761,0x00000084,132
1762,0x0000014a,330
1763,0x0000018c,396
1764,0x00000084,132
1765,0x000000c6,198
1766,0x000000e3,227
1767,0x00000074,116
1768,0x00000042,66
1769,0x000007b1,1969
1770,0x0001e4f4,124148
1771,0x0001df0a,122634
1772,0x0000ec90,60560
1773,0x000061e7,25063
1774,0x00000084,132
1775,0x00000042,66
1776,0x0000018c,396
1777,0x0000018c,396
1778,0x000000c6,198
1779,0x00000069,105
1780,0x000000e3,227
1781,0x000000e8,232
1782,0x00000042,66
1783,0x000058f8,22776
1784,0x0001df0a,122634
1785,0x0001df0a,122634
1786,0x0000e6a6,59046
1787,0x00001cd5,7381
1788,0x00000042,66
1789,0x00000042,66
1790,0x00000108,264
1791,0x00000108,264
1792,0x0000014a,330
1793,0x00000042,66
1794,0x00000084,132
1795,0x000000e3,227
1796,0x00000074,116
1797,0x00000042,66
1798,0x00008fb6,36790
1799,0x0001dd7a,122234
1800,0x0001c178,115064
1801,0x0000bd40,48448
1802,0x00002e41,11841
1803,0x00000042,66
1804,0x00000042,66
1805,0x00000108,264
1806,0x000000c6,198
1807,0x00000042,66
1808,0x00000071,113
1809,0x00000189,393
1810,0x00000042,66
1811,0x0000007a,122
1812,0x00000069,105
1813,0x00000074,116
1814,0x00000084,132
1815,0x0000014f,335
1816,0x0000428c,17036
1817,0x0001e4f4,124148
1818,0x0001e165,123237
1819,0x0001108f,69775
1820,0x00000084,132
1821,0x0000014a,330
1822,0x0000014a,330
1823,0x000000c6,198
1824,0x00000042,66
1825,0x000000c6,198
1826,0x0000007a,122
1827,0x00000069,105
1828,0x00000074,116
1829,0x000000b6,182
1830,0x00000190,400
1831,0x0001c178,115064
1832,0x0001dd69,122217
1833,0x000166aa,91818
1834,0x0000134e,4942
1835,0x00000042,66
1836,0x00000042,66
1837,0x00000108,264
1838,0x0000018c,396
1839,0x000000c6,198
1840,0x00000042,66
1841,0x00000084,132
1842,0x000000e3,227
1843,0x00000074,116
1844,0x00000042,66
1845,0x0000021b,539
1846,0x00004808,18440
1847,0x0001e358,123736
1848,0x0001df0a,122634
1849,0x0000353a,13626
1850,0x0000d8ad,55469
1851,0x00000042,66
1852,0x00000042,66
1853,0x00000042,66
1854,0x0000014a,330
1855,0x000001ce,462
1856,0x000000c6,198
1857,0x0000014c,332
1858,0x00000074,116
1859,0x00000042,66
1860,0x00000074,116
1861,0x00000042,66
1862,0x0000059a,1434
1863,0x0000fe4e,65102
1864,0x0001df0a,122634
1865,0x0001df0a,122634
1866,0x0000582e,22574
1867,0x000000c6,198
1868,0x00000042,66
1869,0x00000042,66
1870,0x0000014a,330
1871,0x0000018c,396
1872,0x00000084,132
1873,0x00000042,66
1874,0x000000c6,198
1875,0x00000086,134
1876,0x000000e3,227
1877,0x00000074,116
1878,0x00000076,118
1879,0x00000084,132
1880,0x00000116,278
1881,0x00000190,400
1882,0x0000e0bc,57532
1883,0x0001df0a,122634
1884,0x0001e047,122951
1885,0x000078d5,30933
1886,0x00000074,116
1887,0x00000084,132
1888,0x00000042,66
1889,0x000001ce,462
1890,0x00000108,264
1891,0x00000042,66
1892,0x000000c6,198
1893,0x000000e3,227
1894,0x00000074,116
1895,0x0000017f,383
1896,0x00012622,75298
1897,0x0001df0a,122634
1898,0x0001df0a,122634
1899,0x00002164,8548
1900,0x0000134e,4942
1901,0x00000042,66
1902,0x00000042,66
1903,0x0000014a,330
1904,0x00000108,264
1905,0x00000108,264
1906,0x00000042,66
1907,0x000000c6,198
1908,0x000000e3,227
1909,0x00000074,116
1910,0x00000042,66
1911,0x0000c501,50433
1912,0x0001e4f4,124148
1913,0x000184b5,99509
1914,0x0000cefe,52990
1915,0x00001c90,7312
1916,0x00000084,132
1917,0x00000042,66
1918,0x000000c6,198
1919,0x0000018c,396
1920,0x00000084,132
1921,0x000000c6,198
1922,0x0000007a,122
1923,0x00000069,105
1924,0x00000074,116
1925,0x00000180,384
1926,0x0000baa5,47781
1927,0x0001e4f4,124148
1928,0x00019dfc,105980
1929,0x0000db55,56149
1930,0x00000084,132
1931,0x00000042,66
1932,0x0000014a,330
1933,0x00000212,530
1934,0x00000042,66
1935,0x000000c6,198
1936,0x00000069,105
1937,0x0000019b,411
1938,0x00000087,135
1939,0x000000e8,232
1940,0x00000074,116
1941,0x00000042,66
1942,0x0000014e,334
1943,0x0000c708,50952
1944,0x0001e053,122963
1945,0x0001e4f4,124148
1946,0x00008d26,36134
1947,0x00000084,132
1948,0x00000042,66
1949,0x00000108,264
1950,0x000001ce,462
1951,0x00000084,132
1952,0x00000084,132
1953,0x000000e3,227
1954,0x00000074,116
1955,0x00000042,66
1956,0x00005fec,24556
1957,0x0001e244,123460
1958,0x0001df0a,122634
1959,0x0000f8fc,63740
1960,0x00000042,66
1961,0x00000084,132
1962,0x000000c6,198
1963,0x0000014a,330
1964,0x00000108,264
1965,0x00000084,132
1966,0x00000042,66
1967,0x000000e3,227
1968,0x00000074,116
1969,0x00000180,384
1970,0x000015d4,5588
1971,0x0001afba,110522
1972,0x0001df0a,122634
1973,0x000099c4,39364
1974,0x0000db1d,56093
1975,0x00000084,132
1976,0x00000042,66
1977,0x00000108,264
1978,0x000001ce,462
1979,0x00000108,264
1980,0x000000e3,227
1981,0x00000074,116
1982,0x00000180,384
1983,0x0000463e,17982
1984,0x0001df0a,122634
1985,0x0001e4f4,124148
1986,0x0000237c,9084
1987,0x000011be,4542
1988,0x0000d9c3,55747
1989,0x00000084,132
1990,0x00000042,66
1991,0x00000042,66
1992,0x00000210,528
1993,0x00000108,264
1994,0x000000c6,198
1995,0x000000e3,227
1996,0x00000042,66
1997,0x00000042,66
1998,0x00000074,116
1999,0x00000418,1048
2000,0x0000e777,59255
2001,0x0001e055,122965
2002,0x0001df0a,122634
2003,0x000070a9,28841
2004,0x00000093,147
2005,0x00000084,132
2006,0x00000042,66
2007,0x00000108,264
2008,0x0000018c,396
2009,0x00000108,264
2010,0x0000014c,332
2011,0x00000077,119
2012,0x000000ab,171
2013,0x00000084,132
2014,0x000002f3,755
2015,0x00000074,116
2016,0x00000042,66
2017,0x00000074,116
2018,0x00000042,66
2019,0x00000592,1426
2020,0x00001208,4616
2021,0x00018c3e,101438
2022,0x0001e1a1,123297
2023,0x0000bd40,48448
2024,0x0000d90f,55567
2025,0x00000042,66
2026,0x00000042,66
2027,0x000000c6,198
2028,0x0000014a,330
2029,0x0000018c,396
2030,0x00000084,132
2031,0x0000007a,122
2032,0x00000069,105
2033,0x00000074,116
2034,0x00000042,66
2035,0x00001660,5728
2036,0x0000d061,53345
2037,0x0001e4f4,124148
2038,0x0001df0a,122634
2039,0x000070b6,28854
2040,0x00000084,132
2041,0x00000042,66
2042,0x0000014a,330
2043,0x0000014a,330
2044,0x00000108,264
2045,0x0000007a,122
2046,0x00000069,105
2047,0x00000074,116
2048,0x0000065e,1630
2049,0x0000e6a6,59046
2050,0x0001df0a,122634
2051,0x000162d8,90840
2052,0x000093da,37850
2053,0x000057a7,22439
2054,0x00000084,132
2055,0x00000042,66
2056,0x0000018c,396
2057,0x0000014a,330
2058,0x000000c6,198
2059,0x000000e3,227
2060,0x00000074,116
2061,0x0000017f,383
2062,0x00009064,36964
2063,0x0001e06b,122987
2064,0x0001cd4c,118092
2065,0x0000db1d,56093
2066,0x00000042,66
2067,0x00000042,66
2068,0x00000042,66
2069,0x000001ce,462
2070,0x00000108,264
2071,0x00000084,132
2072,0x00000042,66
2073,0x000000e3,227
2074,0x00000074,116
2075,0x00000042,66
2076,0x0000acd0,44240
2077,0x0001e4f4,124148
2078,0x0001df0a,122634
2079,0x00009640,38464
2080,0x00001316,4886
2081,0x000000c6,198
2082,0x00000042,66
2083,0x0000018c,396
2084,0x0000014a,330
2085,0x00000084,132
2086,0x00000084,132
2087,0x0000014c,332
2088,0x00000074,116
2089,0x00000042,66
2090,0x00000074,116
2091,0x00000042,66
2092,0x00007be3,31715
2093,0x0001e4f4,124148
2094,0x0001df0a,122634
2095,0x0000c7e5,51173
2096,0x000012b4,4788
2097,0x00000084,132
2098,0x00000042,66
2099,0x00000042,66
2100,0x000001ce,462
2101,0x000000c6,198
2102,0x000000c6,198
2103,0x0000007a,122
2104,0x00000069,105
2105,0x00000074,116
2106,0x00000042,66
2107,0x00001278,4728
2108,0x00012d9e,77214
2109,0x0001e4f4,124148
2110,0x0001e158,123224
2111,0x00001467,5223
2112,0x00000042,66
2113,0x00000042,66
2114,0x00000042,66
2115,0x00000108,264
2116,0x0000018c,396
2117,0x000000c6,198
2118,0x00000042,66
2119,0x000000e3,227
2120,0x00000074,116
2121,0x00000042,66
2122,0x0000179e,6046
2123,0x00017c8e,97422
2124,0x0001df0a,122634
2125,0x0000cefe,52990
2126,0x00002966,10598
2127,0x0000af7f,44927
2128,0x00000084,132
2129,0x00000042,66
2130,0x000001ce,462
2131,0x0000014a,330
2132,0x00000084,132
2133,0x000000e3,227
2134,0x00000074,116
2135,0x000036b9,14009
2136,0x0001df0a,122634
2137,0x0001e4f4,124148
2138,0x00010c62,68706
2139,0x0000134e,4942
2140,0x00000084,132
2141,0x00000042,66
2142,0x00000108,264
2143,0x00000108,264
2144,0x00000108,264
2145,0x00000042,66
2146,0x00000084,132
2147,0x000000e3,227
2148,0x00000074,116
2149,0x00000527,1319
2150,0x00008fc5,36805
2151,0x0001df0a,122634
2152,0x0001bb8e,113550
2153,0x0000ab82,43906
2154,0x00003fff,16383
2155,0x00000042,66
2156,0x00000042,66
2157,0x00000042,66
2158,0x0000018c,396
2159,0x00000108,264
2160,0x00000108,264
2161,0x0000014c,332
2162,0x000000e8,232
2163,0x00000084,132
2164,0x00002893,10387
2165,0x0001e4f4,124148
2166,0x0001df0a,122634
2167,0x00012de9,77289
2168,0x00000084,132
2169,0x000000c6,198
2170,0x0000018c,396
2171,0x0000018c,396
2172,0x000000e3,227
2173,0x00000074,116
2174,0x00001579,5497
2175,0x000065ec,26092
2176,0x0001df0a,122634
2177,0x0001df0a,122634
2178,0x000005ea,1514
2179,0x0000a598,42392
2180,0x000035ca,13770
2181,0x00000042,66
2182,0x00000042,66
2183,0x00000042,66
2184,0x000001ce,462
2185,0x0000014a,330
2186,0x00000084,132
2187,0x0000007a,122
2188,0x00000069,105
2189,0x00000074,116
2190,0x000003cb,971
2191,0x00017cdc,97500
2192,0x0001e4f4,124148
2193,0x0001a1ce,106958
2194,0x0000134e,4942
2195,0x00000042,66
2196,0x00000084,132
2197,0x00000042,66
2198,0x000001ce,462
2199,0x000000c6,198
2200,0x00000108,264
2201,0x000000e3,227
2202,0x00000074,116
2203,0x00000180,384
2204,0x00001623,5667
2205,0x00019812,104466
2206,0x0001e4f4,124148
2207,0x0001869f,99999
2208,0x00000084,132
2209,0x00000042,66
2210,0x0000014a,330
2211,0x0000014a,330
2212,0x00000108,264
2213,0x000000e3,227
2214,0x00000074,116
2215,0x00000208,520
2216,0x00015577,87415
2217,0x0001df0a,122634
2218,0x0000f864,63588
2219,0x0000eb8e,60302
2220,0x00000084,132
2221,0x00000042,66
2222,0x00000042,66
2223,0x0000014a,330
2224,0x0000014a,330
2225,0x00000108,264
2226,0x00000042,66
2227,0x0000011b,283
2228,0x000000b6,182
2229,0x000000b6,182
2230,0x00000190,400
2231,0x00001582,5506
2232,0x0000020e,526
2233,0x0001bb8e,113550
2234,0x0001df0a,122634
2235,0x00008df0,36336
2236,0x00009fae,40878
2237,0x00003961,14689
2238,0x00000042,66
2239,0x00000042,66
2240,0x00000042,66
2241,0x000001ce,462
2242,0x0000014a,330
2243,0x00000084,132
2244,0x0000007a,122
2245,0x00000069,105
2246,0x00000074,116
2247,0x000001d4,468
2248,0x00005701,22273
2249,0x0001df0a,122634
2250,0x0001df0a,122634
2251,0x000103df,66527
2252,0x00000084,132
2253,0x0000014a,330
2254,0x0000014a,330
2255,0x00000084,132
2256,0x000000c6,198
2257,0x000000e3,227
2258,0x00000074,116
2259,0x000006a1,1697
2260,0x00009bdf,39903
2261,0x0001e4f4,124148
2262,0x0001a9d0,109008
2263,0x0000e6a6,59046
2264,0x0000030f,783
2265,0x00000084,132
2266,0x00000042,66
2267,0x000001ce,462
2268,0x00000108,264
2269,0x000000c6,198
2270,0x0000007a,122
2271,0x00000069,105
2272,0x00000074,116
2273,0x00000042,66
2274,0x000011de,4574
2275,0x00004c43,19523
2276,0x0001df0a,122634
2277,0x0001df0a,122634
2278,0x0000237c,9084
2279,0x0000da79,55929
2280,0x00000084,132
2281,0x00000042,66
2282,0x0000018c,396
2283,0x00000108,264
2284,0x00000108,264
2285,0x000000e3,227
2286,0x00000074,116
2287,0x00000042,66
2288,0x00004791,18321
2289,0x0001e4f4,124148
2290,0x0001df0a,122634
2291,0x00010f42,69442
2292,0x00000084,132
2293,0x00000042,66
2294,0x00000042,66
2295,0x0000018c,396
2296,0x0000018c,396
2297,0x000000c6,198
2298,0x0000014c,332
2299,0x00000074,116
2300,0x000000b6,182
2301,0x00000042,66
2302,0x0000169c,5788
2303,0x0000dad2,56018
2304,0x0001e4f4,124148
2305,0x000168c2,92354
2306,0x0000ab82,43906
2307,0x00002fd3,12243
2308,0x00000042,66
2309,0x00000042,66
2310,0x00000042,66
2311,0x00000084,132
2312,0x0000014a,330
2313,0x0000018c,396
2314,0x00000042,66
2315,0x0000007a,122
2316,0x00000069,105
2317,0x00000074,116
2318,0x00000042,66
2319,0x00005da3,23971
2320,0x0001df0a,122634
2321,0x0001e4f4,124148
2322,0x0000f928,63784
2323,0x00000084,132
2324,0x00000108,264
2325,0x00000108,264
2326,0x0000018c,396
2327,0x00000042,66
2328,0x000000e3,227
2329,0x00000074,116
2330,0x0000027f,639
2331,0x0000c68f,50831
2332,0x0001df0a,122634
2333,0x0001e4f4,124148
2334,0x00008d26,36134
2335,0x00000084,132
2336,0x00000042,66
2337,0x00000108,264
2338,0x000001ce,462
2339,0x00000084,132
2340,0x000000e3,227
2341,0x00000074,116
2342,0x00000042,66
2343,0x0000044c,1100
2344,0x0000d0f7,53495
2345,0x0001df0a,122634
2346,0x00018c3e,101438
2347,0x00007c32,31794
2348,0x00005ea7,24231
2349,0x00000042,66
2350,0x00000042,66
2351,0x00000108,264
2352,0x000001ce,462
2353,0x000000c6,198
2354,0x00000042,66
2355,0x000000e3,227
2356,0x00000074,116
2357,0x0000017f,383
2358,0x00005dcc,24012
2359,0x0001e4f4,124148
2360,0x0001df0a,122634
2361,0x0000f818,63512
2362,0x00000084,132
2363,0x00000042,66
2364,0x000001ce,462
2365,0x0000014a,330
2366,0x000000c6,198
2367,0x00000069,105
2368,0x000000e3,227
2369,0x000000b6,182
2370,0x00000074,116
2371,0x0000046e,1134
2372,0x00001641,5697
2373,0x00016eac,93868
2374,0x0001df0a,122634
2375,0x0001b37f,111487
2376,0x00000042,66
2377,0x00000084,132
2378,0x00000108,264
2379,0x000000c6,198
2380,0x0000018c,396
2381,0x00000042,66
2382,0x000000e3,227
2383,0x00000074,116
2384,0x00002f8d,12173
2385,0x0001df0a,122634
2386,0x0001e4f4,124148
2387,0x00011465,70757
2388,0x00001316,4886
2389,0x00000084,132
2390,0x00000108,264
2391,0x000000c6,198
2392,0x0000018c,396
2393,0x00000084,132
2394,0x000000e3,227
2395,0x00000074,116
2396,0x00000042,66
2397,0x000109d0,68048
2398,0x0001e4f4,124148
2399,0x0001df0a,122634
2400,0x00003993,14739
2401,0x00000bd4,3028
2402,0x00000742,1858
2403,0x00000084,132
2404,0x00000042,66
2405,0x00000108,264
2406,0x000001ce,462
2407,0x00000042,66
2408,0x00000108,264
2409,0x000000e3,227
2410,0x00000074,116
2411,0x0000010b,267
2412,0x0000b5a8,46504
2413,0x0001df0a,122634
2414,0x0001e4f4,124148
2415,0x00009ff9,40953
2416,0x00000042,66
2417,0x00000042,66
2418,0x00000042,66
2419,0x000001ce,462
2420,0x0000014a,330
2421,0x00000042,66
2422,0x00000084,132
2423,0x000000e3,227
2424,0x00000074,116
2425,0x00000042,66
2426,0x000144a3,83107
2427,0x0001df0a,122634
2428,0x0001e4f4,124148
2429,0x00001143,4419
2430,0x00000084,132
2431,0x00000042,66
2432,0x0000014a,330
2433,0x000000c6,198
2434,0x00000108,264
2435,0x000000c6,198
2436,0x0000014c,332
2437,0x000000b6,182
2438,0x00000074,116
2439,0x00000712,1810
2440,0x00001330,4912
2441,0x0001d336,119606
2442,0x0001e4f4,124148
2443,0x00008df0,36336
2444,0x0000bb5d,47965
2445,0x00000042,66
2446,0x00000042,66
2447,0x00000108,264
2448,0x0000014a,330
2449,0x0000018c,396
2450,0x000000e3,227
2451,0x00000074,116
2452,0x00000192,402
2453,0x0000c3e4,50148
2454,0x0001e267,123495
2455,0x00019812,104466
2456,0x00002966,10598
2457,0x0000b1b7,45495
2458,0x00000084,132
2459,0x00000084,132
2460,0x00000108,264
2461,0x0000014a,330
2462,0x00000084,132
2463,0x000000c6,198
2464,0x000000e3,227
2465,0x00000074,116
2466,0x00000042,66
2467,0x0000052e,1326
2468,0x0001468f,83599
2469,0x0001df0a,122634
2470,0x0001df0a,122634
2471,0x000010f4,4340
2472,0x00000084,132
2473,0x00000042,66
2474,0x0000014a,330
2475,0x00000108,264
2476,0x00000108,264
2477,0x000000c6,198
2478,0x000000e3,227
2479,0x00000186,390
2480,0x00000180,384
2481,0x00001622,5666
2482,0x0000cb22,52002
2483,0x0001df0a,122634
2484,0x0001e4f4,124148
2485,0x00007485,29829
2486,0x00000084,132
2487,0x00000108,264
2488,0x00000108,264
2489,0x00000108,264
2490,0x000000c6,198
2491,0x000000e3,227
2492,0x00000074,116
2493,0x00000181,385
2494,0x00001551,5457
2495,0x00016b77,93047
2496,0x0001df0a,122634
2497,0x0001b969,113001
2498,0x00000074,116
2499,0x00000084,132
2500,0x00000042,66
2501,0x00000108,264
2502,0x0000018c,396
2503,0x00000108,264
2504,0x0000014c,332
2505,0x00000074,116
2506,0x000000b6,182
2507,0x000004c7,1223
2508,0x0000c48c,50316
2509,0x0001e4f4,124148
2510,0x0001df0a,122634
2511,0x00008d26,36134
2512,0x00000042,66
2513,0x00000042,66
2514,0x00000042,66
2515,0x000001ce,462
2516,0x000001ce,462
2517,0x00000042,66
2518,0x000000e3,227
2519,0x00000074,116
2520,0x000004e2,1250
2521,0x00015265,86629
2522,0x0001e4f4,124148
2523,0x0001de40,122432
2524,0x00000084,132
2525,0x00000042,66
2526,0x000001ce,462
2527,0x000000c6,198
2528,0x00000108,264
2529,0x000000e3,227
2530,0x00000074,116
2531,0x00000629,1577
2532,0x0000d4e8,54504
2533,0x0001df0a,122634
2534,0x0001df0a,122634
2535,0x00008194,33172
2536,0x00000042,66
2537,0x00000084,132
2538,0x00000042,66
2539,0x000001ce,462
2540,0x0000014a,330
2541,0x000000c6,198
2542,0x0000007a,122
2543,0x00000069,105
2544,0x00000086,134
2545,0x00000074,116
2546,0x00000171,369
2547,0x00000172,370
2548,0x00002a08,10760
2549,0x0001df0a,122634
2550,0x0001df0a,122634
2551,0x000046f8,18168
2552,0x0000eb81,60289
2553,0x00000074,116
2554,0x00000084,132
2555,0x00000084,132
2556,0x00000108,264
2557,0x000001ce,462
2558,0x00000042,66
2559,0x00000108,264
2560,0x000000e3,227
2561,0x00000074,116
2562,0x00001755,5973
2563,0x0000d703,55043
2564,0x0001e4f4,124148
2565,0x0001df0a,122634
2566,0x000068b1,26801
2567,0x00000042,66
2568,0x00000042,66
2569,0x00000042,66
2570,0x00000108,264
2571,0x0000014a,330
2572,0x0000014a,330
2573,0x00000042,66
2574,0x0000010a,266
2575,0x000000b6,182
2576,0x00000074,116
2577,0x00000042,66
2578,0x000019e3,6627
2579,0x0000c32a,49962
2580,0x0001df0a,122634
2581,0x0001e4f4,124148
2582,0x00007a1a,31258
2583,0x00000042,66
2584,0x00000042,66
2585,0x00000042,66
2586,0x0000018c,396
2587,0x00000108,264
2588,0x00000108,264
2589,0x000000e3,227
2590,0x00000074,116
2591,0x00000042,66
2592,0x00002e45,11845
2593,0x0001debb,122555
2594,0x0001df0a,122634
2595,0x000052cc,21196
2596,0x0000db62,56162
2597,0x00000042,66
2598,0x00000084,132
2599,0x00000108,264
2600,0x0000014a,330
2601,0x00000108,264
2602,0x000000c6,198
2603,0x000000e3,227
2604,0x00000086,134
2605,0x00000074,116
2606,0x00000086,134
2607,0x000006a7,1703
2608,0x0000cdf3,52723
2609,0x0001df0a,122634
2610,0x0001e015,122901
2611,0x0000ac17,44055
2612,0x000011be,4542
2613,0x000000b8,184
2614,0x00001245,4677
2615,0x000053d9,21465
2616,0x000017a8,6056
2617,0x00000084,132
2618,0x00002f50,12112
2619,0x00008ee8,36584
2620,0x00003058,12376
2621,0x0000018c,396
2622,0x00002a88,10888
2623,0x0000062c,1580
2624,0x000094bd,38077
2625,0x0000353a,13626
2626,0x00007c32,31794
2627,0x00004ce2,19682
2628,0x00003b98,15256
2629,0x00000042,66
2630,0x000087b7,34743
2631,0x000156d5,87765
2632,0x0001df0a,122634
2633,0x00019228,102952
2634,0x0000bc3e,48190
2635,0x00008d97,36247
2636,0x00000042,66
2637,0x00000042,66
2638,0x00000084,132
2639,0x0000018c,396
2640,0x000001ce,462
2641,0x00000042,66
2642,0x000000e3,227
2643,0x00000074,116
2644,0x0000018e,398
2645,0x00004563,17763
2646,0x0001df0a,122634
2647,0x0001df0a,122634
2648,0x00011641,71233
2649,0x00000084,132
2650,0x00000042,66
2651,0x0000018c,396
2652,0x00000108,264
2653,0x00000108,264
2654,0x00000069,105
2655,0x000000e3,227
2656,0x00000074,116
2657,0x000000b6,182
2658,0x0000066d,1645
2659,0x0001511a,86298
2660,0x0001df0a,122634
2661,0x0001df0a,122634
2662,0x0000056f,1391
2663,0x00000042,66
2664,0x00000084,132
2665,0x00000042,66
2666,0x00000108,264
2667,0x0000014a,330
2668,0x000000c6,198
2669,0x0000007a,122
2670,0x00000069,105
2671,0x00000074,116
2672,0x00000042,66
2673,0x000001d5,469
2674,0x00018b26,101158
2675,0x0001e4f4,124148
2676,0x0000cd5a,52570
2677,0x00008df0,36336
2678,0x00004d2d,19757
2679,0x00000084,132
2680,0x000000c6,198
2681,0x0000014a,330
2682,0x00000108,264
2683,0x000000c6,198
2684,0x000000e3,227
2685,0x00000074,116
2686,0x000005ca,1482
2687,0x00004ece,20174
2688,0x0001df0a,122634
2689,0x0001df0a,122634
2690,0x00002f50,12112
2691,0x0000d8ad,55469
2692,0x00000084,132
2693,0x00000042,66
2694,0x00000084,132
2695,0x000001ce,462
2696,0x0000018c,396
2697,0x00000042,66
2698,0x000000e3,227
2699,0x00000074,116
2700,0x00000192,402
2701,0x00001664,5732
2702,0x00014754,83796
2703,0x0001e4f4,124148
2704,0x0000fe4e,65102
2705,0x00000093,147
2706,0x000099c4,39364
2707,0x00003f4b,16203
2708,0x000000c6,198
2709,0x00000122,290
2710,0x0000014a,330
2711,0x0000043d,1085
2712,0x00000210,528
2713,0x00000084,132
2714,0x000000e3,227
2715,0x00000074,116
2716,0x00000074,116
2717,0x0000018c,396
2718,0x0000ff8d,65421
2719,0x0001df0a,122634
2720,0x0001e640,124480
2721,0x000044df,17631
2722,0x00000294,660
2723,0x000010de,4318
2724,0x00000252,594
2725,0x00000042,66
2726,0x00000042,66
2727,0x000000c6,198
2728,0x0000014a,330
2729,0x00000108,264
2730,0x00000084,132
2731,0x00000084,132
2732,0x00000042,66
2733,0x00000167,359
2734,0x00000069,105
2735,0x00000042,66
2736,0x00000042,66
2737,0x000000b6,182
2738,0x00000074,116
2739,0x000000c6,198
2740,0x00010925,67877
2741,0x0001e160,123232
2742,0x0001df0a,122634
2743,0x00005141,20801
2744,0x00000042,66
2745,0x0000039c,924
2746,0x00000042,66
2747,0x00000042,66
2748,0x00000084,132
2749,0x00000318,792
2750,0x000001c4,452
2751,0x00000171,369
2752,0x00000042,66
2753,0x0000007a,122
2754,0x00000069,105
2755,0x000000e8,232
2756,0x00000042,66
2757,0x00007785,30597
2758,0x0001ddfe,122366
2759,0x0001e058,122968
2760,0x0001e4f4,124148
2761,0x00001455,5205
2762,0x0000135b,4955
2763,0x00000bd4,3028
2764,0x0000fe4e,65102
2765,0x0000bd40,48448
2766,0x0000821c,33308
2767,0x00000042,66
2768,0x00000042,66
2769,0x0000d5ae,54702
2770,0x00007792,30610
2771,0x0000018c,396
2772,0x00000084,132
2773,0x0000007a,122
2774,0x00005e3f,24127
2775,0x00000074,116
2776,0x0000018d,397
2777,0x00002eca,11978
2778,0x0001df0a,122634
2779,0x0001df8e,122766
2780,0x00003b66,15206
2781,0x00000318,792
2782,0x0000eb81,60289
2783,0x00000042,66
2784,0x00000084,132
2785,0x000000b3,179
2786,0x000003db,987
2787,0x00000042,66
2788,0x000000c6,198
2789,0x00000252,594
2790,0x000000c6,198
2791,0x0000018c,396
2792,0x000000c6,198
2793,0x00000108,264
2794,0x0000035a,858
2795,0x0000018c,396
2796,0x00000206,518
2797,0x00000069,105
2798,0x00000042,66
2799,0x0000018c,396
2800,0x00000252,594
2801,0x00000074,116
2802,0x000001ce,462
2803,0x0000018c,396
2804,0x00001826,6182
2805,0x0001df0a,122634
2806,0x0001df0a,122634
2807,0x0001468c,83596
2808,0x000001ce,462
2809,0x00000084,132
2810,0x00000042,66
2811,0x0000014a,330
2812,0x0000014a,330
2813,0x00000108,264
2814,0x0000027c,636
2815,0x00000069,105
2816,0x00000074,116
2817,0x000000b6,182
2818,0x00000074,116
2819,0x0000062b,1579
2820,0x0000163a,5690
2821,0x0001478d,83853
2822,0x0001e57b,124283
2823,0x0001debe,122558
2824,0x00014b30,84784
2825,0x00007c32,31794
2826,0x0000f864,63588
2827,0x00000042,66
2828,0x00000042,66
2829,0x00000042,66
2830,0x0000f96c,63852
2831,0x00008f7c,36732
2832,0x00000108,264
2833,0x000000e3,227
2834,0x0000237c,9084
2835,0x0000a427,42023
2836,0x00000060,96
2837,0x00000067,103
2838,0x0000003c,60
2839,0x00000518,1304
2840,0x00017a80,96896
2841,0x0001df0a,122634
2842,0x0001bc5d,113757
2843,0x00000318,792
2844,0x00000084,132
2845,0x00000042,66
2846,0x000002d6,726
2847,0x00000084,132
2848,0x00000042,66
2849,0x00000042,66
2850,0x0000014a,330
2851,0x0000018c,396
2852,0x000003de,990
2853,0x00000084,132
2854,0x0000007a,122
2855,0x00000069,105
2856,0x00000042,66
2857,0x00000294,660
2858,0x00000074,116
2859,0x00000210,528
2860,0x00000108,264
2861,0x00000042,66
2862,0x0000d4e3,54499
2863,0x0001df0a,122634
2864,0x0001df0a,122634
2865,0x00006fa3,28579
2866,0x00000bd4,3028
2867,0x00000791,1937
2868,0x00000074,116
2869,0x00000361,865
2870,0x00009539,38201
2871,0x0000ffdc,65500
2872,0x00000042,66
2873,0x0000138c,5004
2874,0x00000108,264
2875,0x00010ae8,68328
2876,0x000093da,37850
2877,0x00000069,105
2878,0x000000b9,185
2879,0x0000019a,410
2880,0x00010a22,68130
2881,0x0000bd40,48448
2882,0x00000067,103
2883,0x00000c57,3159
2884,0x00000042,66
2885,0x00000084,132
2886,0x000000c6,198
2887,0x00000528,1320
2888,0x00000084,132
2889,0x000004e6,1254
2890,0x00000084,132
2891,0x0000014a,330
2892,0x00000294,660
2893,0x0000018c,396
2894,0x00000042,66
2895,0x00000210,528
2896,0x00000042,66
2897,0x00000318,792
2898,0x00000042,66
2899,0x00000294,660
2900,0x00000210,528
2901,0x0000022f,559
2902,0x0000019e,414
2903,0x00002c83,11395
2904,0x0001be56,114262
2905,0x0001d39d,119709
2906,0x0001e4f4,124148
2907,0x0001519d,86429
2908,0x000011be,4542
2909,0x00008806,34822
2910,0x00009fae,40878
2911,0x0000b756,46934
2912,0x0000237c,9084
2913,0x00010a22,68130
2914,0x00002301,8961
2915,0x00000042,66
2916,0x00000042,66
2917,0x00000108,264
2918,0x0000018c,396
2919,0x00000108,264
2920,0x00000042,66
2921,0x000000e3,227
2922,0x000000c6,198
2923,0x000001ce,462
2924,0x0000014a,330
2925,0x00000042,66
2926,0x00000084,132
2927,0x00000074,116
2928,0x0000014a,330
2929,0x0000018c,396
2930,0x00000084,132
2931,0x00000318,792
2932,0x00000312,786
2933,0x00005466,21606
2934,0x0001e11a,123162
2935,0x0001e055,122965
2936,0x00010ab3,68275
2937,0x000002d6,726
2938,0x00000084,132
2939,0x0000007a,122
2940,0x00000069,105
2941,0x00000084,132
2942,0x00000042,66
2943,0x0000018c,396
2944,0x00000108,264
2945,0x00000202,514
2946,0x0000007a,122
2947,0x00000069,105
2948,0x00000042,66
2949,0x00000421,1057
2950,0x0001212c,74028
2951,0x0000ec90,60560
2952,0x000000ea,234
2953,0x00000087,135
2954,0x00000042,66
2955,0x0000767b,30331
2956,0x0001e10e,123150
2957,0x0001e4f4,124148
2958,0x0001df0a,122634
2959,0x00005ea0,24224
2960,0x0000d8ad,55469
2961,0x0000d21f,53791
2962,0x00000084,132
2963,0x00000042,66
2964,0x00000084,132
2965,0x00000084,132
2966,0x00000420,1056
2967,0x000004a4,1188
2968,0x000000c6,198
2969,0x0000014a,330
2970,0x00000042,66
2971,0x00000318,792
2972,0x0000035a,858
2973,0x000001ce,462
2974,0x00000252,594
2975,0x0000018c,396
2976,0x000000c6,198
2977,0x0000014a,330
2978,0x000000e3,227
2979,0x0000010a,266
2980,0x00000074,116
2981,0x000000e8,232
2982,0x00000084,132
2983,0x00000bde,3038
2984,0x0001364b,79435
2985,0x0001df0a,122634
2986,0x0001df0a,122634
2987,0x0001df0a,122634
2988,0x00008d26,36134
2989,0x0000705e,28766
2990,0x0001e4f4,124148
2991,0x00001d92,7570
2992,0x00005697,22167
2993,0x00000042,66
2994,0x000001ce,462
2995,0x00000108,264
2996,0x000000c6,198
2997,0x0000007a,122
2998,0x00000069,105
2999,0x00000042,66
3000,0x00000084,132
3001,0x00000042,66
3002,0x0000035a,858
3003,0x000002c6,710
3004,0x00000042,66
3005,0x00000084,132
3006,0x00000042,66
3007,0x00001999,6553
3008,0x0000029f,671
3009,0x00016f50,94032
3010,0x0001df0a,122634
3011,0x0000db14,56084
3012,0x000085b8,34232
3013,0x0000570b,22283
3014,0x00000069,105
3015,0x00000074,116
3016,0x00000042,66
3017,0x00000042,66
3018,0x000001d2,466
3019,0x0000034d,845
3020,0x00013abc,80572
3021,0x00015502,87298
3022,0x000000e3,227
3023,0x00010438,66616
3024,0x0001858a,99722
3025,0x00000074,116
3026,0x0000065d,1629
3027,0x00014546,83270
3028,0x0001e4f4,124148
3029,0x0001df0a,122634
3030,0x00000ad2,2770
3031,0x00000084,132
3032,0x00000042,66
3033,0x00000738,1848
3034,0x00000210,528
3035,0x00000042,66
3036,0x00000084,132
3037,0x0000035a,858
3038,0x000004a4,1188
3039,0x0000018c,396
3040,0x00000084,132
3041,0x000000c6,198
3042,0x00000042,66
3043,0x0000039c,924
3044,0x0000014c,332
3045,0x000000e3,227
3046,0x00000093,147
3047,0x000000b6,182
3048,0x000000e8,232
3049,0x00000042,66
3050,0x000007e3,2019
3051,0x00013440,78912
3052,0x0001df0a,122634
3053,0x0001e2b4,123572
3054,0x0001df0a,122634
3055,0x00001b7b,7035
3056,0x0000db55,56149
3057,0x000121ca,74186
3058,0x0000f27a,62074
3059,0x00005202,20994
3060,0x000000a9,169
3061,0x00000042,66
3062,0x00000042,66
3063,0x000001ce,462
3064,0x00000108,264
3065,0x00000042,66
3066,0x0000014a,330
3067,0x00000125,293
3068,0x00000630,1584
3069,0x00000042,66
3070,0x000000c6,198
3071,0x0000034a,842
3072,0x00000042,66
3073,0x0000160c,5644
3074,0x000039d7,14807
3075,0x0001e222,123426
3076,0x0001df84,122756
3077,0x00010e50,69200
3078,0x00000074,116
3079,0x00000042,66
3080,0x00000042,66
3081,0x000005db,1499
3082,0x0001631a,90906
3083,0x000193f6,103414
3084,0x00000108,264
3085,0x000000c6,198
3086,0x00000c4e,3150
3087,0x0000886f,34927
3088,0x0001806a,98410
3089,0x00000b0a,2826
3090,0x00000074,116
3091,0x00000084,132
3092,0x00000084,132
3093,0x00000676,1654
3094,0x0000f92d,63789
3095,0x0001e5ba,124346
3096,0x0001df8e,122766
3097,0x000057e9,22505
3098,0x00000042,66
3099,0x0000014a,330
3100,0x00000042,66
3101,0x00000042,66
3102,0x00000042,66
3103,0x00000042,66
3104,0x00000042,66
3105,0x0000018c,396
3106,0x00000108,264
3107,0x00000108,264
3108,0x00000069,105
3109,0x00000184,388
3110,0x00000074,116
3111,0x0000012a,298
3112,0x000005a9,1449
3113,0x00003280,12928
3114,0x0001e4f4,124148
3115,0x0001df0a,122634
3116,0x0001df0a,122634
3117,0x0001e4f4,124148
3118,0x00006f94,28564
3119,0x0000fe4e,65102
3120,0x0001077f,67455
3121,0x00000084,132
3122,0x0000014a,330
3123,0x000000c6,198
3124,0x00000210,528
3125,0x00000108,264
3126,0x00000182,386
3127,0x000000ab,171
3128,0x000000c6,198
3129,0x00000108,264
3130,0x00000042,66
3131,0x000000ee,238
3132,0x00000069,105
3133,0x0000017f,383
3134,0x000112a5,70309
3135,0x0001e1b6,123318
3136,0x0001df0a,122634
3137,0x00003396,13206
3138,0x0000135b,4955
3139,0x00000191,401
3140,0x00003af2,15090
3141,0x0001e054,122964
3142,0x00013972,80242
3143,0x00000042,66
3144,0x0001c501,115969
3145,0x00000042,66
3146,0x0000014a,330
3147,0x0000014a,330
3148,0x00000108,264
3149,0x00000084,132
3150,0x000000e3,227
3151,0x00000042,66
3152,0x00000042,66
3153,0x00000042,66
3154,0x00000108,264
3155,0x000001be,446
3156,0x0000066e,1646
3157,0x000099c4,39364
3158,0x0001e012,122898
3159,0x0001c178,115064
3160,0x0000db2a,56106
3161,0x00000084,132
3162,0x00000042,66
3163,0x0000014a,330
3164,0x0000014a,330
3165,0x00000108,264
3166,0x00000042,66
3167,0x000001ed,493
3168,0x0000015c,348
3169,0x000005dd,1501
3170,0x00011c64,72804
3171,0x0001dae3,121571
3172,0x0001e247,123463
3173,0x0001df0a,122634
3174,0x0001e4f4,124148
3175,0x00001216,4630
3176,0x0000648a,25738
3177,0x00011b16,72470
3178,0x00000042,66
3179,0x00000042,66
3180,0x00000042,66
3181,0x000001ce,462
3182,0x00000108,264
3183,0x0000014a,330
3184,0x000000bc,188
3185,0x000000ab,171
3186,0x000000c6,198
3187,0x0000014a,330
3188,0x00000084,132
3189,0x00000042,66
3190,0x0000013a,314
3191,0x00000084,132
3192,0x0000007a,122
3193,0x000001e8,488
3194,0x0000f722,63266
3195,0x0001e4f4,124148
3196,0x0001df0a,122634
3197,0x00005dd6,24022
3198,0x00000074,116
3199,0x000005d6,1494
3200,0x0001806a,98410
3201,0x0001df0a,122634
3202,0x00007648,30280
3203,0x00000042,66
3204,0x00000042,66
3205,0x0000abc4,43972
3206,0x0000949c,38044
3207,0x00000108,264
3208,0x000000c6,198
3209,0x00000042,66
3210,0x0000007a,122
3211,0x00000069,105
3212,0x00000084,132
3213,0x000000c6,198
3214,0x00000200,512
3215,0x00000042,66
3216,0x00000042,66
3217,0x00012d98,77208
3218,0x0001e4f4,124148
3219,0x0001dfd0,122832
3220,0x00001656,5718
3221,0x0000135b,4955
3222,0x00000042,66
3223,0x00000042,66
3224,0x00000042,66
3225,0x000001ce,462
3226,0x00000108,264
3227,0x000000c6,198
3228,0x0000022f,559
3229,0x000000e8,232
3230,0x00000074,116
3231,0x00000617,1559
3232,0x00017bbe,97214
3233,0x0001df0a,122634
3234,0x0001e4f4,124148
3235,0x0001dde6,122342
3236,0x0001df0a,122634
3237,0x0000b162,45410
3238,0x00008264,33380
3239,0x00000084,132
3240,0x000000f5,245
3241,0x0000018c,396
3242,0x000000c6,198
3243,0x000001ce,462
3244,0x000001ce,462
3245,0x0000018c,396
3246,0x00000042,66
3247,0x000000e3,227
3248,0x000000c6,198
3249,0x00000042,66
3250,0x000000e3,227
3251,0x00000074,116
3252,0x00000074,116
3253,0x00001729,5929
3254,0x000104bf,66751
3255,0x0001df0a,122634
3256,0x0001e09c,123036
3257,0x00015dc1,89537
3258,0x0001df0a,122634
3259,0x00013388,78728
3260,0x0000e9ed,59885
3261,0x00000042,66
3262,0x0000013a,314
3263,0x00000042,66
3264,0x00000108,264
3265,0x0000018c,396
3266,0x00000108,264
3267,0x00000042,66
3268,0x00000167,359
3269,0x0000014a,330
3270,0x00000108,264
3271,0x00000108,264
3272,0x00000042,66
3273,0x00000074,116
3274,0x000000c6,198
3275,0x00000566,1382
3276,0x0000144f,5199
3277,0x00012e4f,77391
3278,0x0001df0a,122634
3279,0x0001e4f4,124148
3280,0x00000f99,3993
3281,0x00000084,132
3282,0x00000042,66
3283,0x0000018c,396
3284,0x00000108,264
3285,0x00000108,264
3286,0x00000069,105
3287,0x00000184,388
3288,0x000000e8,232
3289,0x000000b6,182
3290,0x00000042,66
3291,0x00001cde,7390
3292,0x0000a8eb,43243
3293,0x0001e4f4,124148
3294,0x0001df0a,122634
3295,0x0001df0a,122634
3296,0x0001df0a,122634
3297,0x0001042e,66606
3298,0x0000e9fa,59898
3299,0x00000084,132
3300,0x00000042,66
3301,0x00000210,528
3302,0x0000014a,330
3303,0x00000108,264
3304,0x00000140,320
3305,0x000001b3,435
3306,0x0000014a,330
3307,0x00000084,132
3308,0x00000042,66
3309,0x000000f8,248
3310,0x0000007a,122
3311,0x00000069,105
3312,0x000001d1,465
3313,0x000002d5,725
3314,0x0000d16a,53610
3315,0x00004ce2,19682
3316,0x00000074,116
3317,0x000175e1,95713
3318,0x0001dcc5,122053
3319,0x0001e521,124193
3320,0x0001df0a,122634
3321,0x00012250,74320
3322,0x00006a74,27252
3323,0x000070e1,28897
3324,0x0000013c,316
3325,0x000001b4,436
3326,0x000000ac,172
3327,0x00000108,264
3328,0x0000018c,396
3329,0x0000014a,330
3330,0x00000084,132
3331,0x000000e3,227
3332,0x0000014a,330
3333,0x0000017c,380
3334,0x00000108,264
3335,0x00000042,66
3336,0x000000b6,182
3337,0x00000042,66
3338,0x000005ff,1535
3339,0x0000146e,5230
3340,0x00018c3e,101438
3341,0x0001e4f4,124148
3342,0x00019010,102416
3343,0x00000084,132
3344,0x00000042,66
3345,0x00000042,66
3346,0x000001ce,462
3347,0x0000014a,330
3348,0x000000c6,198
3349,0x0000010a,266
3350,0x000000e3,227
3351,0x00000074,116
3352,0x000000e8,232
3353,0x00000084,132
3354,0x00000808,2056
3355,0x000127ce,75726
3356,0x0001e056,122966
3357,0x0001e4f4,124148
3358,0x0001df0a,122634
3359,0x0001df0a,122634
3360,0x0000b654,46676
3361,0x0000cc68,52328
3362,0x00000042,66
3363,0x00000084,132
3364,0x00000042,66
3365,0x0000018c,396
3366,0x000001ce,462
3367,0x000000c6,198
3368,0x000001ce,462
3369,0x0000018c,396
3370,0x000001eb,491
3371,0x00000042,66
3372,0x00000042,66
3373,0x000000e3,227
3374,0x00000074,116
3375,0x00000519,1305
3376,0x0000837d,33661
3377,0x0001e4f4,124148
3378,0x0001d336,119606
3379,0x00000042,66
3380,0x0000dd6e,56686
3381,0x0001e0a0,123040
3382,0x0001e15b,123227
3383,0x00006a74,27252
3384,0x0000ebc6,60358
3385,0x00000042,66
3386,0x00000042,66
3387,0x00000042,66
3388,0x000001ce,462
3389,0x00000108,264
3390,0x000000c6,198
3391,0x00000108,264
3392,0x00000125,293
3393,0x00000108,264
3394,0x0000018c,396
3395,0x00000084,132
3396,0x00000084,132
3397,0x00000042,66
3398,0x00000074,116
3399,0x00000653,1619
3400,0x00001330,4912
3401,0x0001c762,116578
3402,0x0001df0a,122634
3403,0x00015ac9,88777
3404,0x00000086,134
3405,0x00000042,66
3406,0x00000042,66
3407,0x000001b6,438
3408,0x000000c6,198
3409,0x0000018c,396
3410,0x00000084,132
3411,0x00000042,66
3412,0x000001c6,454
3413,0x000000dd,221
3414,0x00000074,116
3415,0x000000b6,182
3416,0x00000074,116
3417,0x00000530,1328
3418,0x0000073a,1850
3419,0x0001807d,98429
3420,0x0001df0a,122634
3421,0x0001e4f4,124148
3422,0x0001df0a,122634
3423,0x00013f5c,81756
3424,0x0000b756,46934
3425,0x00010ee9,69353
3426,0x00000084,132
3427,0x00000084,132
3428,0x000001ce,462
3429,0x0000014a,330
3430,0x0000018c,396
3431,0x0000014a,330
3432,0x000001c4,452
3433,0x00000171,369
3434,0x000000e3,227
3435,0x00000074,116
3436,0x00000074,116
3437,0x000004d6,1238
3438,0x000095af,38319
3439,0x0001df0a,122634
3440,0x0001df45,122693
3441,0x0001e4f4,124148
3442,0x0001df0a,122634
3443,0x0001620b,90635
3444,0x0000b699,46745
3445,0x00000042,66
3446,0x00000084,132
3447,0x00000042,66
3448,0x00000210,528
3449,0x0000014a,330
3450,0x00000108,264
3451,0x000001c4,452
3452,0x000001f5,501
3453,0x000000c6,198
3454,0x00000042,66
3455,0x00000074,116
3456,0x00000619,1561
3457,0x00001368,4968
3458,0x0001df0a,122634
3459,0x0001e4f4,124148
3460,0x00013d37,81207
3461,0x00000042,66
3462,0x00000042,66
3463,0x000000c6,198
3464,0x0000014a,330
3465,0x0000018c,396
3466,0x00000042,66
3467,0x000001c6,454
3468,0x00000069,105
3469,0x000000e8,232
3470,0x000000b6,182
3471,0x00000191,401
3472,0x000007e7,2023
3473,0x0001ac38,109624
3474,0x0001df0a,122634
3475,0x0001df4e,122702
3476,0x0001df0a,122634
3477,0x00011be0,72672
3478,0x00008324,33572
3479,0x0000b68c,46732
3480,0x00008e48,36424
3481,0x00000042,66
3482,0x00000108,264
3483,0x00000042,66
3484,0x0000014a,330
3485,0x0000018c,396
3486,0x00000210,528
3487,0x0000018c,396
3488,0x0000021f,543
3489,0x00000084,132
3490,0x0000015d,349
3491,0x00000069,105
3492,0x00000122,290
3493,0x000000e8,232
3494,0x00000042,66
3495,0x000002ff,767
3496,0x000001fe,510
3497,0x00000684,1668
3498,0x00010c71,68721
3499,0x0001e4f4,124148
3500,0x0001df0a,122634
3501,0x0001df0a,122634
3502,0x0001bac8,113352
3503,0x00007648,30280
3504,0x00014ec5,85701
3505,0x00000079,121
3506,0x00000042,66
3507,0x00000084,132
3508,0x00000042,66
3509,0x0000014a,330
3510,0x000001ce,462
3511,0x00000108,264
3512,0x0000018c,396
3513,0x000001c4,452
3514,0x0000023f,575
3515,0x000046f8,18168
3516,0x000023be,9150
3517,0x00007173,29043
3518,0x00000074,116
3519,0x00007c74,31860
3520,0x0000a49d,42141
3521,0x000145a2,83362
3522,0x0001e536,124214
3523,0x00015f8c,89996
3524,0x0000a598,42392
3525,0x00011ade,72414
3526,0x000005ea,1514
3527,0x0000353a,13626
3528,0x00007648,30280
3529,0x000052cc,21196
3530,0x0000410e,16654
3531,0x00006ab6,27318
3532,0x00000042,66
3533,0x00000d1e,3358
3534,0x00004d55,19797
3535,0x000000c6,198
3536,0x000000e3,227
3537,0x0000014c,332
3538,0x00000074,116
3539,0x00000074,116
3540,0x00000074,116
3541,0x0000038f,911
3542,0x00007bf1,31729
3543,0x0001e4f4,124148
3544,0x0001df91,122769
3545,0x0001df0a,122634
3546,0x0001deb9,122553
3547,0x0001c653,116307
3548,0x00006d59,27993
3549,0x00000042,66
3550,0x00000042,66
3551,0x00000042,66
3552,0x0000018c,396
3553,0x00000108,264
3554,0x000001ce,462
3555,0x000001ce,462
3556,0x0000018c,396
3557,0x00000108,264
3558,0x0000007a,122
3559,0x000000e3,227
3560,0x00000069,105
3561,0x00000074,116
3562,0x00000074,116
3563,0x00000180,384
3564,0x0000185f,6239
3565,0x0000b48e,46222
3566,0x0001e272,123506
3567,0x0001df0a,122634
3568,0x0001e4f4,124148
3569,0x0001df0a,122634
3570,0x0001ad95,109973
3571,0x0000347d,13437
3572,0x00000042,66
3573,0x000000c6,198
3574,0x00000042,66
3575,0x00000108,264
3576,0x0000018c,396
3577,0x0000014a,330
3578,0x0000018c,396
3579,0x000001a9,425
3580,0x0000018c,396
3581,0x00000074,116
3582,0x000002ce,718
3583,0x00003f0a,16138
3584,0x0001df0a,122634
3585,0x0001df0a,122634
3586,0x00011ade,72414
3587,0x0000003c,60
3588,0x0000003c,60
3589,0x00000084,132
3590,0x00000042,66
3591,0x000000c6,198
3592,0x000000c6,198
3593,0x000001ce,462
3594,0x000001ed,493
3595,0x00000074,116
3596,0x0000012a,298
3597,0x000069de,27102
3598,0x0001df7d,122749
3599,0x0001e1d2,123346
3600,0x0001df0a,122634
3601,0x0001de82,122498
3602,0x00017496,95382
3603,0x00004ce2,19682
3604,0x00008c2d,35885
3605,0x00000084,132
3606,0x00000042,66
3607,0x00000084,132
3608,0x00000210,528
3609,0x0000018c,396
3610,0x000000c6,198
3611,0x00000206,518
3612,0x00000171,369
3613,0x000000c6,198
3614,0x0000007a,122
3615,0x00000069,105
3616,0x00000074,116
3617,0x000004e0,1248
3618,0x00018d89,101769
3619,0x0001e4f4,124148
3620,0x000190c6,102598
3621,0x0000135b,4955
3622,0x00000042,66
3623,0x000016f0,5872
3624,0x000090ea,37098
3625,0x0001e4f4,124148
3626,0x0001b5a4,112036
3627,0x000011be,4542
3628,0x0000c731,50993
3629,0x00000042,66
3630,0x000000c6,198
3631,0x0000014a,330
3632,0x0000018c,396
3633,0x00000084,132
3634,0x000000e3,227
3635,0x00000042,66
3636,0x00000042,66
3637,0x000000c6,198
3638,0x000001be,446
3639,0x0000014a,330
3640,0x00000084,132
3641,0x00000042,66
3642,0x00012319,74521
3643,0x0001e353,123731
3644,0x0001df0a,122634
3645,0x00003501,13569
3646,0x00000084,132
3647,0x00000042,66
3648,0x00000042,66
3649,0x000001ce,462
3650,0x0000018c,396
3651,0x00000042,66
3652,0x00000184,388
3653,0x00000069,105
3654,0x00000074,116
3655,0x00000074,116
3656,0x000000b6,182
3657,0x000003cd,973
3658,0x00003f9c,16284
3659,0x0001e08a,123018
3660,0x0001e57b,124283
3661,0x0001df0a,122634
3662,0x0001e128,123176
3663,0x0001806a,98410
3664,0x0000eb81,60289
3665,0x00000042,66
3666,0x00000084,132
3667,0x00000042,66
3668,0x0000018c,396
3669,0x0000018c,396
3670,0x0000014a,330
3671,0x00000108,264
3672,0x000001c4,452
3673,0x00000171,369
3674,0x00000042,66
3675,0x000000e3,227
3676,0x00000074,116
3677,0x00000074,116
3678,0x00000428,1064
3679,0x0001b803,112643
3680,0x0001df0a,122634
3681,0x00016fed,94189
3682,0x000039d8,14808
3683,0x0001df0a,122634
3684,0x0001de8c,122508
3685,0x000132be,78526
3686,0x00000084,132
3687,0x00000042,66
3688,0x00000042,66
3689,0x00000252,594
3690,0x000000c6,198
3691,0x000001ce,462
3692,0x000000c6,198
3693,0x0000026f,623
3694,0x00000084,132
3695,0x00000074,116
3696,0x00000042,66
3697,0x00010fbd,69565
3698,0x0001df0a,122634
3699,0x0001df0a,122634
3700,0x00003322,13090
3701,0x0000135b,4955
3702,0x00000042,66
3703,0x00000042,66
3704,0x00000042,66
3705,0x000001ce,462
3706,0x0000018c,396
3707,0x00000042,66
3708,0x00000069,105
3709,0x00000184,388
3710,0x00000074,116
3711,0x000000b6,182
3712,0x00000074,116
3713,0x000004d8,1240
3714,0x000041cb,16843
3715,0x0001e05a,122970
3716,0x0001e4f4,124148
3717,0x0001ddac,122284
3718,0x0001df0a,122634
3719,0x0001e54c,124236
3720,0x0000873c,34620
3721,0x00000042,66
3722,0x00000042,66
3723,0x00000084,132
3724,0x00000042,66
3725,0x0000014a,330
3726,0x000001ce,462
3727,0x00000210,528
3728,0x00000108,264
3729,0x000001ce,462
3730,0x00000084,132
3731,0x000000e3,227
3732,0x000000e3,227
3733,0x00000074,116
3734,0x00000074,116
3735,0x0000052b,1323
3736,0x0001d4c4,120004
3737,0x0001de6e,122478
3738,0x0001e50d,124173
3739,0x0001df0a,122634
3740,0x0001df0a,122634
3741,0x0000da3d,55869
3742,0x00000108,264
3743,0x00000042,66
3744,0x00000042,66
3745,0x0000018c,396
3746,0x0000014a,330
3747,0x0000018c,396
3748,0x00000210,528
3749,0x0000014a,330
3750,0x00000168,360
3751,0x000000e3,227
3752,0x00000074,116
3753,0x0000041b,1051
3754,0x0001db8b,121739
3755,0x0001df0a,122634
3756,0x00015c73,89203
3757,0x00000042,66
3758,0x00000042,66
3759,0x0000014a,330
3760,0x0000018c,396
3761,0x00000108,264
3762,0x000001ed,493
3763,0x00000084,132
3764,0x00000074,116
3765,0x0000012a,298
3766,0x0000046d,1133
3767,0x000174ca,95434
3768,0x0001e2dd,123613
3769,0x0001df0a,122634
3770,0x0001e418,123928
3771,0x0001e0e9,123113
3772,0x00010a22,68130
3773,0x00002dbf,11711
3774,0x0000018c,396
3775,0x0000014a,330
3776,0x00000084,132
3777,0x00000084,132
3778,0x000001ce,462
3779,0x0000039c,924
3780,0x00000252,594
3781,0x00000210,528
3782,0x000001c4,452
3783,0x0000012f,303
3784,0x000000c6,198
3785,0x00000503,1283
3786,0x00000042,66
3787,0x000000b6,182
3788,0x000002d6,726
3789,0x000004e6,1254
3790,0x00000074,116
3791,0x000002de,734
3792,0x0000b508,46344
3793,0x0001e0d8,123096
3794,0x0001e2df,123615
3795,0x0001dc7d,121981
3796,0x0001df84,122756
3797,0x0001165f,71263
3798,0x0000eb81,60289
3799,0x00000067,103
3800,0x00000042,66
3801,0x00000042,66
3802,0x00000042,66
3803,0x000001ce,462
3804,0x0000014a,330
3805,0x0000014a,330
3806,0x00000042,66
3807,0x000001ce,462
3808,0x0000014a,330
3809,0x00000084,132
3810,0x00000042,66
3811,0x00000647,1607
3812,0x0000fe4e,65102
3813,0x00010438,66616
3814,0x00007c32,31794
3815,0x00008806,34822
3816,0x00007648,30280
3817,0x00008df0,36336
3818,0x0000821c,33308
3819,0x0000821c,33308
3820,0x000004b1,1201
3821,0x00000042,66
3822,0x00000084,132
3823,0x00000042,66
3824,0x00000210,528
3825,0x000000c6,198
3826,0x00000042,66
3827,0x00000084,132
3828,0x00000294,660
3829,0x0000014a,330
3830,0x00000042,66
3831,0x00000084,132
3832,0x00000084,132
3833,0x0000022f,559
3834,0x000000e3,227
3835,0x0000012a,298
3836,0x000000db,219
3837,0x00000042,66
3838,0x00000904,2308
3839,0x0000378e,14222
3840,0x0001df3f,122687
3841,0x0001df57,122711
3842,0x0001e055,122965
3843,0x0001df0a,122634
3844,0x0001e4f4,124148
3845,0x0001989a,104602
3846,0x0000ab82,43906
3847,0x00001dd4,7636
3848,0x0000410e,16654
3849,0x000052cc,21196
3850,0x00001d92,7570
3851,0x00000084,132
3852,0x000000c6,198
3853,0x00009a06,39430
3854,0x00000210,528
3855,0x00001e9a,7834
3856,0x00000210,528
3857,0x000001ce,462
3858,0x0000014a,330
3859,0x0000b81c,47132
3860,0x000000e3,227
3861,0x00000169,361
3862,0x0000bd40,48448
3863,0x00000074,116
3864,0x00000074,116
3865,0x000058b6,22710
3866,0x00003147,12615
3867,0x0000062b,1579
3868,0x000035be,13758
3869,0x00015466,87142
3870,0x0001e369,123753
3871,0x0001df0a,122634
3872,0x0001df0a,122634
3873,0x0001e314,123668
3874,0x0001d3fd,119805
3875,0x000000c6,198
3876,0x000011be,4542
3877,0x00002698,9880
3878,0x00004dc2,19906
3879,0x00000084,132
3880,0x00000042,66
3881,0x00001200,4608
3882,0x00002656,9814
3883,0x00005350,21328
3884,0x00000084,132
3885,0x00000d1e,3358
3886,0x00000776,1910
3887,0x00001fa2,8098
3888,0x00000528,1320
3889,0x00000672,1650
3890,0x000059be,22974
3891,0x000012c6,4806
3892,0x00001d92,7570
3893,0x000001d7,471
3894,0x0000013b,315
3895,0x00005ea0,24224
3896,0x000011be,4542
3897,0x00001d92,7570
3898,0x0000181c,6172
3899,0x00000714,1812
3900,0x0000591d,22813
3901,0x00001d92,7570
3902,0x000001a1,417
3903,0x00009efc,40700
3904,0x0001e1a5,123301
3905,0x0001df61,122721
3906,0x0001e1bd,123325
3907,0x0001b105,110853
3908,0x0001e536,124214
3909,0x0000fe4e,65102
3910,0x0000ec90,60560
3911,0x0000fe02,65026
3912,0x000052cc,21196
3913,0x0000237c,9084
3914,0x00009a48,39496
3915,0x00002661,9825
3916,0x00000084,132
3917,0x0000018c,396
3918,0x0000602c,24620
3919,0x00005f66,24422
3920,0x00000125,293
3921,0x00000108,264
3922,0x00001edc,7900
3923,0x00007cf8,31992
3924,0x00002400,9216
3925,0x000000e3,227
3926,0x00000074,116
3927,0x00002966,10598
3928,0x00005ea0,24224
3929,0x0000353a,13626
3930,0x000003df,991
3931,0x0001b8b2,112818
3932,0x0001df0a,122634
3933,0x0001e4f4,124148
3934,0x00004b70,19312
3935,0x00000512,1298
3936,0x00001382,4994
3937,0x00013388,78728
3938,0x0001df0a,122634
3939,0x0001e4f4,124148
3940,0x00000b7b,2939
3941,0x00000042,66
3942,0x000000c6,198
3943,0x000000c6,198
3944,0x0000035a,858
3945,0x0000056a,1386
3946,0x0000018c,396
3947,0x000001ce,462
3948,0x0000014a,330
3949,0x00000462,1122
3950,0x000002d6,726
3951,0x000001ce,462
3952,0x0000018c,396
3953,0x00000084,132
3954,0x000001ce,462
3955,0x00000210,528
3956,0x00000267,615
3957,0x00000069,105
3958,0x00000074,116
3959,0x0000012a,298
3960,0x00000067,103
3961,0x0000047f,1151
3962,0x000008df,2271
3963,0x00003906,14598
3964,0x0001c62d,116269
3965,0x0001df0a,122634
3966,0x0001df0a,122634
3967,0x0001e4f4,124148
3968,0x0001df55,122709
3969,0x0001df0a,122634
3970,0x000038ff,14591
3971,0x00004ce2,19682
3972,0x0000705e,28766
3973,0x00000042,66
3974,0x00000042,66
3975,0x00004d66,19814
3976,0x0000722c,29228
3977,0x000000c6,198
3978,0x00000210,528
3979,0x00000108,264
3980,0x000001ce,462
3981,0x0000bea7,48807
3982,0x000000e3,227
3983,0x0000bd40,48448
3984,0x00000074,116
3985,0x00000074,116
3986,0x0000b573,46451
3987,0x000007f1,2033
3988,0x0001b709,112393
3989,0x0001df0a,122634
3990,0x0001e357,123735
3991,0x0001df0a,122634
3992,0x0001e2dc,123612
3993,0x0000f1f2,61938
3994,0x000000c6,198
3995,0x0000039c,924
3996,0x0000039c,924
3997,0x00000084,132
3998,0x00000084,132
3999,0x000000c6,198
4000,0x000000c6,198
4001,0x000005ee,1518
4002,0x0000035a,858
4003,0x0000018c,396
4004,0x000003de,990
4005,0x0000014a,330
4006,0x00000210,528
4007,0x00000294,660
4008,0x00000267,615
4009,0x00000069,105
4010,0x000001c3,451
4011,0x00000042,66
4012,0x000001c2,450
4013,0x0000290b,10507
4014,0x0001e590,124304
4015,0x0001dc19,121881
4016,0x0001e28c,123532
4017,0x0001df0a,122634
4018,0x0001df0a,122634
4019,0x00015881,88193
4020,0x00009fae,40878
4021,0x00001d92,7570
4022,0x00000042,66
4023,0x00000042,66
4024,0x0000353a,13626
4025,0x00008324,33572
4026,0x00000734,1844
4027,0x0000018c,396
4028,0x000000c6,198
4029,0x00004eb0,20144
4030,0x00005ae3,23267
4031,0x0000182c,6188
4032,0x000000e3,227
4033,0x00004ce2,19682
4034,0x0000705e,28766
4035,0x00000074,116
4036,0x00000042,66
4037,0x000000b6,182
4038,0x00006ab6,27318
4039,0x000059ba,22970
4040,0x00019228,102952
4041,0x0001e536,124214
4042,0x000169ca,92618
4043,0x0001df14,122644
4044,0x0001df0a,122634
4045,0x0001e247,123463
4046,0x000069e9,27113
4047,0x0000018c,396
4048,0x00000042,66
4049,0x0000018c,396
4050,0x00000108,264
4051,0x000000c6,198
4052,0x00000042,66
4053,0x000005ac,1452
4054,0x000004e6,1254
4055,0x0000039c,924
4056,0x000003de,990
4057,0x00000294,660
4058,0x000001ce,462
4059,0x000004a4,1188
4060,0x00000420,1056
4061,0x00000108,264
4062,0x000000c6,198
4063,0x00000042,66
4064,0x0000039c,924
4065,0x000001ce,462
4066,0x000001c6,454
4067,0x0000014c,332
4068,0x00000042,66
4069,0x00000252,594
4070,0x000000e8,232
4071,0x00000074,116
4072,0x000000b6,182
4073,0x00000252,594
4074,0x00004889,18569
4075,0x0001e4df,124127
4076,0x0001de2e,122414
4077,0x0001b62b,112171
4078,0x0000188a,6282
4079,0x00019812,104466
4080,0x0001dfca,122826
4081,0x0001df0a,122634
4082,0x00007cbf,31935
4083,0x0000014a,330
4084,0x00000042,66
4085,0x00004ce2,19682
4086,0x000070e2,28898
4087,0x0000018c,396
4088,0x00000108,264
4089,0x000001ce,462
4090,0x00006b7c,27516
4091,0x00005416,21526
4092,0x0000014a,330
4093,0x00000210,528
4094,0x00000208,520
4095,0x0000bd82,48514
