0,0x00000000,0
1,0x00000000,0
2,0x00000000,0
3,0x0039c3da,3785690
4,0x00000f88,3976
5,0x00000984,2436
6,0x00001050,4176
7,0x00002389,9097
8,0x0000acd2,44242
9,0x00009f59,40793
10,0x0000553a,21818
11,0x000023b1,9137
12,0x00002f46,12102
13,0x000052bc,21180
14,0x00026e27,159271
15,0x00018362,99170
16,0x0001719c,94620
17,0x000129f8,76280
18,0x00006fb6,28598
19,0x00001a45,6725
20,0x0000125d,4701
21,0x00001755,5973
22,0x000013ec,5100
23,0x00003c41,15425
24,0x000019fc,6652
25,0x00001801,6145
26,0x0000725f,29279
27,0x000141eb,82411
28,0x000088ff,35071
29,0x00002f3a,12090
30,0x00004cac,19628
31,0x00005cbc,23740
32,0x000037f8,14328
33,0x00001a6e,6766
34,0x00001471,5233
35,0x00001396,5014
36,0x00000fc4,4036
37,0x00001003,4099
38,0x0000115f,4447
39,0x000021e3,8675
40,0x000028f9,10489
41,0x00002139,8505
42,0x000013f1,5105
43,0x00001304,4868
44,0x00004651,18001
45,0x000081b0,33200
46,0x000042b8,17080
47,0x00001eb5,7861
48,0x00001720,5920
49,0x0000124a,4682
50,0x00000bb5,2997
51,0x00000ae4,2788
52,0x00000b3f,2879
53,0x000028c1,10433
54,0x00003f1f,16159
55,0x0000218b,8587
56,0x000013b0,5040
57,0x001c93d3,1872851
58,0x024ec7e1,38717409
59,0x072d3879,120404089
60,0x02e8e1b3,48816563
61,0x003ba976,3910006
62,0x000bb2d8,766680
63,0x00008da3,36259
64,0x000216e7,136935
65,0x000213ec,136172
66,0x0001ccb0,117936
67,0x0002be69,179817
68,0x0002595e,153950
69,0x0001cb88,117640
70,0x0000ac2c,44076
71,0x000066f0,26352
72,0x0000b167,45415
73,0x0003e337,254775
74,0x000589ff,363007
75,0x00036169,221545
76,0x00016d78,93560
77,0x0000641e,25630
78,0x00003588,13704
79,0x00003a05,14853
80,0x0000fde9,65001
81,0x0001b0ba,110778
82,0x000158ee,88302
83,0x00015eae,89774
84,0x000132ee,78574
85,0x00017296,94870
86,0x00009a23,39459
87,0x00006bad,27565
88,0x0000670c,26380
89,0x000069e6,27110
90,0x0000812b,33067
91,0x0000b79e,47006
92,0x0001ae42,110146
93,0x0002bc5a,179290
94,0x0002633e,156478
95,0x00015c8a,89226
96,0x0000f925,63781
97,0x0001071d,67357
98,0x0000a790,42896
99,0x00006dcd,28109
100,0x00008f00,36608
101,0x0000fe5f,65119
102,0x00014f8b,85899
103,0x00010a47,68167
104,0x00007243,29251
105,0x0000385b,14427
106,0x00003ad9,15065
107,0x0000359c,13724
108,0x00002c33,11315
109,0x0000255c,9564
110,0x00001b65,7013
111,0x00001724,5924
112,0x0000150a,5386
113,0x00001369,4969
114,0x00001165,4453
115,0x00001212,4626
116,0x000012a6,4774
117,0x0000147e,5246
118,0x000013e0,5088
119,0x00001108,4360
120,0x00001066,4198
121,0x00000f54,3924
122,0x0000107f,4223
123,0x00000df3,3571
124,0x00000e21,3617
125,0x00000e66,3686
126,0x000010e8,4328
127,0x000010c8,4296
128,0x00000f15,3861
129,0x00000e95,3733
130,0x00000e4c,3660
131,0x00001006,4102
132,0x00000d03,3331
133,0x00000da4,3492
134,0x00000d5b,3419
135,0x00000e24,3620
136,0x00000eca,3786
137,0x00000db2,3506
138,0x00000d77,3447
139,0x00000d72,3442
140,0x00000fdf,4063
141,0x00000da6,3494
142,0x00000cd1,3281
143,0x00000c57,3159
144,0x00000ca1,3233
145,0x00000e7c,3708
146,0x00000ba1,2977
147,0x00000ba9,2985
148,0x00000bd8,3032
149,0x00000d7c,3452
150,0x00000c5c,3164
151,0x00000b3e,2878
152,0x00000b79,2937
153,0x00000c03,3075
154,0x00000e3c,3644
155,0x00000ba8,2984
156,0x00000bcc,3020
157,0x00000c8c,3212
158,0x00000e24,3620
159,0x00000dfe,3582
160,0x00000c19,3097
161,0x00000c41,3137
162,0x00000bdf,3039
163,0x00000f99,3993
164,0x00000c4a,3146
165,0x00000caa,3242
166,0x00000c3a,3130
167,0x00000d42,3394
168,0x00000f0f,3855
169,0x00000c86,3206
170,0x00000cc4,3268
171,0x00000cdc,3292
172,0x00000f71,3953
173,0x00000e0c,3596
174,0x00000cc4,3268
175,0x00000d11,3345
176,0x00000e38,3640
177,0x00000fcd,4045
178,0x00000cd2,3282
179,0x00000cef,3311
180,0x00000cd7,3287
181,0x00000f45,3909
182,0x00000db6,3510
183,0x00000ca9,3241
184,0x00000d7e,3454
185,0x00000d80,3456
186,0x000010db,4315
187,0x00000d24,3364
188,0x00000cd6,3286
189,0x00000cae,3246
190,0x00000e61,3681
191,0x00000f0c,3852
192,0x00000cf3,3315
193,0x00000d20,3360
194,0x00000d98,3480
195,0x0000111c,4380
196,0x00000d52,3410
197,0x00000d66,3430
198,0x00000d16,3350
199,0x00000e74,3700
200,0x00000ef8,3832
201,0x00000cbb,3259
202,0x00000cd9,3289
203,0x00000cd1,3281
204,0x00000f96,3990
205,0x00000d6a,3434
206,0x00000ce2,3298
207,0x00000ca7,3239
208,0x00000d5e,3422
209,0x00000fdb,4059
210,0x00000cdc,3292
211,0x00000d0a,3338
212,0x00000d08,3336
213,0x00000ee7,3815
214,0x00000d65,3429
215,0x00000c32,3122
216,0x00000c21,3105
217,0x00000c7b,3195
218,0x00000e97,3735
219,0x00000ba5,2981
220,0x00000b9d,2973
221,0x00000bb4,2996
222,0x00000d6b,3435
223,0x00000d69,3433
224,0x00000be8,3048
225,0x00000c12,3090
226,0x00000c4d,3149
227,0x00000fcd,4045
228,0x00000cc4,3268
229,0x00000d53,3411
230,0x00000cfc,3324
231,0x00000ec7,3783
232,0x000010c7,4295
233,0x00000e9a,3738
234,0x00000f75,3957
235,0x0000105d,4189
236,0x000013c8,5064
237,0x0000160d,5645
238,0x0000190f,6415
239,0x00001fee,8174
240,0x00002d6f,11631
241,0x000034d8,13528
242,0x00002274,8820
243,0x00001c53,7251
244,0x000018e8,6376
245,0x00001c58,7256
246,0x0000190f,6415
247,0x0000176d,5997
248,0x00001716,5910
249,0x0000164d,5709
250,0x00001be6,7142
251,0x0000142d,5165
252,0x00001468,5224
253,0x000013e7,5095
254,0x000015ea,5610
255,0x000015c0,5568
256,0x00001249,4681
257,0x00001225,4645
258,0x000011fe,4606
259,0x00001571,5489
260,0x0000113e,4414
261,0x0000108e,4238
262,0x00001090,4240
263,0x000011f9,4601
264,0x00001361,4961
265,0x00001089,4233
266,0x0000114b,4427
267,0x0000120c,4620
268,0x000016a1,5793
269,0x000013e1,5089
270,0x00001269,4713
271,0x000012c3,4803
272,0x000012fc,4860
273,0x0000168c,5772
274,0x00001209,4617
275,0x00001288,4744
276,0x000012f2,4850
277,0x00001644,5700
278,0x00001597,5527
279,0x000012f4,4852
280,0x0000131b,4891
281,0x000013a2,5026
282,0x00001792,6034
283,0x00001370,4976
284,0x000013b2,5042
285,0x0000142c,5164
286,0x00001784,6020
287,0x00001710,5904
288,0x0000131b,4891
289,0x00001295,4757
290,0x000011b4,4532
291,0x0000170f,5903
292,0x000012f3,4851
293,0x00001277,4727
294,0x000012c9,4809
295,0x000013fd,5117
296,0x00001556,5462
297,0x00000fbe,4030
298,0x00000fd7,4055
299,0x00000fb7,4023
300,0x0000128e,4750
301,0x00001022,4130
302,0x00000f21,3873
303,0x00000f8e,3982
304,0x0000112f,4399
305,0x0000145b,5211
306,0x00001115,4373
307,0x00001141,4417
308,0x0000118b,4491
309,0x00001591,5521
310,0x0000148a,5258
311,0x0000142f,5167
312,0x000014f2,5362
313,0x00001766,5990
314,0x00002186,8582
315,0x00001889,6281
316,0x00001961,6497
317,0x000018f2,6386
318,0x00001c23,7203
319,0x00001d5c,7516
320,0x00001786,6022
321,0x000017fc,6140
322,0x00001963,6499
323,0x00001db8,7608
324,0x000017c7,6087
325,0x0000158a,5514
326,0x00001635,5685
327,0x000018a9,6313
328,0x00001aa1,6817
329,0x00001648,5704
330,0x000016de,5854
331,0x000016d1,5841
332,0x00001d21,7457
333,0x0000188a,6282
334,0x000017f3,6131
335,0x000017aa,6058
336,0x00001975,6517
337,0x00001fd3,8147
338,0x0000197a,6522
339,0x000019b4,6580
340,0x000019a9,6569
341,0x00001e9c,7836
342,0x00001ccf,7375
343,0x0000191d,6429
344,0x00001820,6176
345,0x0000196c,6508
346,0x0000203d,8253
347,0x0000180c,6156
348,0x00001902,6402
349,0x00001905,6405
350,0x00001dfe,7678
351,0x00001e79,7801
352,0x00001a8a,6794
353,0x00001a00,6656
354,0x00001973,6515
355,0x00002004,8196
356,0x0000185a,6234
357,0x000017d6,6102
358,0x000017c7,6087
359,0x000019e0,6624
360,0x00001da3,7587
361,0x0000174c,5964
362,0x000018a2,6306
363,0x00001964,6500
364,0x00001d6b,7531
365,0x000019a4,6564
366,0x00001766,5990
367,0x0000178f,6031
368,0x00001996,6550
369,0x00001dd9,7641
370,0x00001884,6276
371,0x000018f7,6391
372,0x00001984,6532
373,0x0000208c,8332
374,0x00001f52,8018
375,0x00001cd9,7385
376,0x00001d4b,7499
377,0x00001d40,7488
378,0x00002743,10051
379,0x00001bef,7151
380,0x00001c5a,7258
381,0x00001ba9,7081
382,0x00001ffb,8187
383,0x0000215b,8539
384,0x00001c2b,7211
385,0x00001d57,7511
386,0x00001e17,7703
387,0x00002799,10137
388,0x00002053,8275
389,0x00001eb0,7856
390,0x00001e49,7753
391,0x00002237,8759
392,0x000022e0,8928
393,0x00001c39,7225
394,0x00001c6c,7276
395,0x00001ca1,7329
396,0x00002561,9569
397,0x00001e14,7700
398,0x00001cd3,7379
399,0x00001bf9,7161
400,0x00001d9b,7579
401,0x0000259d,9629
402,0x00001cbb,7355
403,0x00001ecb,7883
404,0x00002003,8195
405,0x000026bb,9915
406,0x000025de,9694
407,0x00001f0d,7949
408,0x00001dd4,7636
409,0x00001db9,7609
410,0x000022d2,8914
411,0x0000197b,6523
412,0x0000191c,6428
413,0x00001877,6263
414,0x00001cb9,7353
415,0x00001ccc,7372
416,0x000018e1,6369
417,0x00001889,6281
418,0x00001922,6434
419,0x00002240,8768
420,0x00001a3d,6717
421,0x000019cc,6604
422,0x00001922,6434
423,0x00001c3d,7229
424,0x00001dfb,7675
425,0x00001765,5989
426,0x000017ac,6060
427,0x00001715,5909
428,0x00001d69,7529
429,0x00001a95,6805
430,0x0000199d,6557
431,0x00001b33,6963
432,0x00001f0b,7947
433,0x00002557,9559
434,0x00001ead,7853
435,0x00001d3d,7485
436,0x00001bdf,7135
437,0x00002226,8742
438,0x00001f9a,8090
439,0x00001e3e,7742
440,0x00001f3b,7995
441,0x0000207d,8317
442,0x00002c0b,11275
443,0x00001c0f,7183
444,0x00001c1b,7195
445,0x00001bc7,7111
446,0x00001e30,7728
447,0x00001f67,8039
448,0x00001a80,6784
449,0x00001a9b,6811
450,0x00001b3c,6972
451,0x00002175,8565
452,0x00001b3e,6974
453,0x000019ac,6572
454,0x0000196d,6509
455,0x00001d75,7541
456,0x00002001,8193
457,0x00001acc,6860
458,0x00001a59,6745
459,0x00001993,6547
460,0x00002095,8341
461,0x00001ba5,7077
462,0x00001954,6484
463,0x00001922,6434
464,0x00001af0,6896
465,0x00002162,8546
466,0x000019fd,6653
467,0x00001a32,6706
468,0x00001aaf,6831
469,0x00002071,8305
470,0x00001f3c,7996
471,0x00001c20,7200
472,0x00001cb9,7353
473,0x00001eba,7866
474,0x000027da,10202
475,0x00001f20,7968
476,0x00001e96,7830
477,0x00001ec5,7877
478,0x000024b7,9399
479,0x0000260a,9738
480,0x000020ad,8365
481,0x000020ea,8426
482,0x00002057,8279
483,0x00002dc9,11721
484,0x00002836,10294
485,0x00002f38,12088
486,0x0000360d,13837
487,0x00003f63,16227
488,0x000041be,16830
489,0x00002a5b,10843
490,0x0000276a,10090
491,0x00002526,9510
492,0x00002b22,11042
493,0x00002555,9557
494,0x0000224c,8780
495,0x000021b2,8626
496,0x00002488,9352
497,0x000029f3,10739
498,0x00002143,8515
499,0x000020a8,8360
500,0x0000203b,8251
501,0x000028b5,10421
502,0x00002540,9536
503,0x00001fc6,8134
504,0x0000200f,8207
505,0x00001fc6,8134
506,0x0000298c,10636
507,0x00001ed6,7894
508,0x00001f24,7972
509,0x00001f72,8050
510,0x0000241e,9246
511,0x000025bb,9659
512,0x00001fd8,8152
513,0x000020de,8414
514,0x0000215c,8540
515,0x00002c34,11316
516,0x000023f0,9200
517,0x00002290,8848
518,0x00002250,8784
519,0x000027ac,10156
520,0x00002aa2,10914
521,0x0000235f,9055
522,0x00002333,9011
523,0x00002329,9001
524,0x00002faa,12202
525,0x00002782,10114
526,0x000025fd,9725
527,0x000026d0,9936
528,0x00002788,10120
529,0x00003178,12664
530,0x0000262b,9771
531,0x000028b8,10424
532,0x00002aca,10954
533,0x00003456,13398
534,0x000031b2,12722
535,0x00002a32,10802
536,0x000029ec,10732
537,0x00002a84,10884
538,0x0000390f,14607
539,0x00002c03,11267
540,0x00002c34,11316
541,0x00002be3,11235
542,0x00003241,12865
543,0x000030e3,12515
544,0x00002836,10294
545,0x000027c1,10177
546,0x00002692,9874
547,0x00003332,13106
548,0x0000276f,10095
549,0x000028f2,10482
550,0x00002861,10337
551,0x00002ee7,12007
552,0x00003567,13671
553,0x00002ab7,10935
554,0x00002b71,11121
555,0x00002a82,10882
556,0x000034e9,13545
557,0x00002d3a,11578
558,0x00002952,10578
559,0x0000293c,10556
560,0x00002d24,11556
561,0x000035b4,13748
562,0x00002c57,11351
563,0x00002a02,10754
564,0x00002c04,11268
565,0x000038d1,14545
566,0x000035c5,13765
567,0x00003644,13892
568,0x00003747,14151
569,0x000036eb,14059
570,0x000046c7,18119
571,0x00003061,12385
572,0x000031ae,12718
573,0x00003083,12419
574,0x000036d8,14040
575,0x000038ac,14508
576,0x00003023,12323
577,0x0000301d,12317
578,0x00003209,12809
579,0x000041d0,16848
580,0x000034a9,13481
581,0x00003214,12820
582,0x00003233,12851
583,0x00003b14,15124
584,0x000041de,16862
585,0x0000373d,14141
586,0x000036f1,14065
587,0x0000370b,14091
588,0x0000464a,17994
589,0x00003902,14594
590,0x0000343a,13370
591,0x00003435,13365
592,0x0000361b,13851
593,0x000043fa,17402
594,0x00003334,13108
595,0x000035a8,13736
596,0x000036d7,14039
597,0x00004476,17526
598,0x000043b3,17331
599,0x000039bf,14783
600,0x00003824,14372
601,0x00003a01,14849
602,0x0000482c,18476
603,0x000035f5,13813
604,0x00003445,13381
605,0x000034c6,13510
606,0x00003fb8,16312
607,0x00003fba,16314
608,0x0000372c,14124
609,0x00003698,13976
610,0x00003417,13335
611,0x000045d1,17873
612,0x0000341f,13343
613,0x0000348e,13454
614,0x000033bf,13247
615,0x0000395d,14685
616,0x00003fab,16299
617,0x0000335a,13146
618,0x0000348f,13455
619,0x000035b2,13746
620,0x000043cb,17355
621,0x00003d95,15765
622,0x000037b8,14264
623,0x00003686,13958
624,0x00003a4a,14922
625,0x00004465,17509
626,0x0000350e,13582
627,0x0000350f,13583
628,0x000034db,13531
629,0x0000448f,17551
630,0x00003f48,16200
631,0x0000398f,14735
632,0x00003adf,15071
633,0x00003d10,15632
634,0x00005348,21320
635,0x00003d13,15635
636,0x00003e79,15993
637,0x00003c58,15448
638,0x00004370,17264
639,0x00004367,17255
640,0x00003721,14113
641,0x00003733,14131
642,0x00003866,14438
643,0x00004893,18579
644,0x00003a53,14931
645,0x00003639,13881
646,0x000035ff,13823
647,0x00003dd9,15833
648,0x00004342,17218
649,0x00003d29,15657
650,0x00003ee1,16097
651,0x00003ead,16045
652,0x000052f0,21232
653,0x0000402f,16431
654,0x000038cb,14539
655,0x0000374d,14157
656,0x00003806,14342
657,0x000042a7,17063
658,0x0000314a,12618
659,0x0000316e,12654
660,0x0000329e,12958
661,0x00003cfe,15614
662,0x000038bb,14523
663,0x000032e8,13032
664,0x0000333d,13117
665,0x000034bb,13499
666,0x00004560,17760
667,0x00003440,13376
668,0x00003480,13440
669,0x0000339b,13211
670,0x00003d88,15752
671,0x00003d26,15654
672,0x00003374,13172
673,0x00003301,13057
674,0x00003302,13058
675,0x000044f4,17652
676,0x00003734,14132
677,0x00003820,14368
678,0x000039d4,14804
679,0x00004382,17282
680,0x00004dc8,19912
681,0x00003c72,15474
682,0x00003a70,14960
683,0x00003a82,14978
684,0x000047d6,18390
685,0x00003de0,15840
686,0x000039ab,14763
687,0x000039c5,14789
688,0x000042a4,17060
689,0x000049d3,18899
690,0x000039e7,14823
691,0x0000388f,14479
692,0x00003680,13952
693,0x000044b9,17593
694,0x00003cb4,15540
695,0x00003626,13862
696,0x00003674,13940
697,0x0000356f,13679
698,0x0000491a,18714
699,0x0000349d,13469
700,0x000035aa,13738
701,0x000035dc,13788
702,0x00003d80,15744
703,0x00003fa2,16290
704,0x0000347f,13439
705,0x00003491,13457
706,0x00003543,13635
707,0x00004375,17269
708,0x000034c8,13512
709,0x000032c4,12996
710,0x00003280,12928
711,0x0000398f,14735
712,0x00003e96,16022
713,0x000034d0,13520
714,0x00003430,13360
715,0x00003406,13318
716,0x0000443d,17469
717,0x0000388d,14477
718,0x00003576,13686
719,0x000035c2,13762
720,0x0000387b,14459
721,0x00004674,18036
722,0x00003473,13427
723,0x00003511,13585
724,0x000036ec,14060
725,0x000040a9,16553
726,0x00003eee,16110
727,0x000034fb,13563
728,0x00003583,13699
729,0x0000395d,14685
730,0x00004a69,19049
731,0x00004238,16952
732,0x0000446a,17514
733,0x00004585,17797
734,0x00005319,21273
735,0x0000456e,17774
736,0x000037fa,14330
737,0x000035a9,13737
738,0x00003305,13061
739,0x00004309,17161
740,0x000031ab,12715
741,0x00003071,12401
742,0x000030d9,12505
743,0x00003529,13609
744,0x00003a9f,15007
745,0x00002e24,11812
746,0x00002ed0,11984
747,0x00002ea3,11939
748,0x00003b01,15105
749,0x00003000,12288
750,0x00002c11,11281
751,0x00002b18,11032
752,0x00002ee9,12009
753,0x000035f5,13813
754,0x00002b53,11091
755,0x00002ac5,10949
756,0x00002ac0,10944
757,0x000033fa,13306
758,0x00002fc7,12231
759,0x00002b01,11009
760,0x00002b88,11144
761,0x00002bb0,11184
762,0x000039bf,14783
763,0x0000295d,10589
764,0x00002a76,10870
765,0x000029f3,10739
766,0x00003190,12688
767,0x00003229,12841
768,0x000029b8,10680
769,0x0000296e,10606
770,0x00002b87,11143
771,0x000036fb,14075
772,0x00002cc8,11464
773,0x00002a4c,10828
774,0x00002920,10528
775,0x00002fb1,12209
776,0x00003175,12661
777,0x000029be,10686
778,0x00002a59,10841
779,0x00002a38,10808
780,0x00003594,13716
781,0x00002b58,11096
782,0x000028b9,10425
783,0x000028b7,10423
784,0x00002ae9,10985
785,0x00003363,13155
786,0x0000273c,10044
787,0x00002798,10136
788,0x0000276f,10095
789,0x00002d32,11570
790,0x00002b26,11046
791,0x00002459,9305
792,0x0000246b,9323
793,0x000024a6,9382
794,0x00002efc,12028
795,0x000023ce,9166
796,0x0000249a,9370
797,0x00002425,9253
798,0x00002cb6,11446
799,0x00002b31,11057
800,0x0000252f,9519
801,0x000024c7,9415
802,0x00002436,9270
803,0x00003035,12341
804,0x00002473,9331
805,0x0000236c,9068
806,0x00002413,9235
807,0x000027ac,10156
808,0x00002c64,11364
809,0x00002326,8998
810,0x0000238e,9102
811,0x000024ee,9454
812,0x00002edc,11996
813,0x00002a28,10792
814,0x0000265a,9818
815,0x000025d7,9687
816,0x000028be,10430
817,0x00002d2b,11563
818,0x000023d8,9176
819,0x00002360,9056
820,0x00002188,8584
821,0x00002a2f,10799
822,0x000025e0,9696
823,0x0000229f,8863
824,0x00002302,8962
825,0x000022b9,8889
826,0x00002db0,11696
827,0x000021ae,8622
828,0x0000212d,8493
829,0x0000229d,8861
830,0x00002760,10080
831,0x00002814,10260
832,0x00002219,8729
833,0x00002245,8773
834,0x0000224a,8778
835,0x00002ada,10970
836,0x00002152,8530
837,0x0000208a,8330
838,0x00002043,8259
839,0x000024e3,9443
840,0x00002809,10249
841,0x0000209b,8347
842,0x0000205b,8283
843,0x00002023,8227
844,0x00002a50,10832
845,0x0000224e,8782
846,0x00002097,8343
847,0x000020c3,8387
848,0x00002281,8833
849,0x000028ad,10413
850,0x00001eab,7851
851,0x00001f46,8006
852,0x00001ff6,8182
853,0x000025b1,9649
854,0x00002483,9347
855,0x00001f13,7955
856,0x00001eb0,7856
857,0x0000200b,8203
858,0x00002707,9991
859,0x00001e5d,7773
860,0x00001de6,7654
861,0x00001e4e,7758
862,0x00002365,9061
863,0x00002201,8705
864,0x00001e11,7697
865,0x00001ddd,7645
866,0x00001e34,7732
867,0x000028f6,10486
868,0x00001f16,7958
869,0x00001deb,7659
870,0x00001de9,7657
871,0x00002106,8454
872,0x00002357,9047
873,0x00001d25,7461
874,0x00001d56,7510
875,0x00001d2a,7466
876,0x00002501,9473
877,0x00001ff2,8178
878,0x00001da4,7588
879,0x00001dc0,7616
880,0x00001fce,8142
881,0x000026d4,9940
882,0x00001f05,7941
883,0x00001dd9,7641
884,0x00001d43,7491
885,0x000023c8,9160
886,0x00002059,8281
887,0x00001d77,7543
888,0x00001d59,7513
889,0x00001d7a,7546
890,0x00002715,10005
891,0x00001d33,7475
892,0x00001cda,7386
893,0x00001d29,7465
894,0x000021ee,8686
895,0x000023da,9178
896,0x00001dd1,7633
897,0x00001f04,7940
898,0x00001f08,7944
899,0x000026f8,9976
900,0x00001e54,7764
901,0x00001cc0,7360
902,0x00001c93,7315
903,0x0000204f,8271
904,0x00002109,8457
905,0x00001c49,7241
906,0x00001bd3,7123
907,0x00001b9b,7067
908,0x00002444,9284
909,0x00001d11,7441
910,0x00001c41,7233
911,0x00001c8d,7309
912,0x00001e25,7717
913,0x000024ea,9450
914,0x00001b36,6966
915,0x00001c2c,7212
916,0x00001c5e,7262
917,0x0000222c,8748
918,0x0000204e,8270
919,0x00001b5a,7002
920,0x00001b22,6946
921,0x00001de8,7656
922,0x0000254d,9549
923,0x00001ce2,7394
924,0x00001de2,7650
925,0x00001ded,7661
926,0x00002489,9353
927,0x00002295,8853
928,0x00001e27,7719
929,0x00001e81,7809
930,0x00001d87,7559
931,0x00002875,10357
932,0x00001e44,7748
933,0x00001fcd,8141
934,0x0000204f,8271
935,0x0000237c,9084
936,0x000027a0,10144
937,0x00001dea,7658
938,0x00001df1,7665
939,0x00001e4c,7756
940,0x00002564,9572
941,0x000020c7,8391
942,0x00001d33,7475
943,0x00001d5f,7519
944,0x000020e7,8423
945,0x000025b1,9649
946,0x00001d1f,7455
947,0x00001ddc,7644
948,0x00001d78,7544
949,0x000024dd,9437
950,0x00002052,8274
951,0x00001e13,7699
952,0x00001d8d,7565
953,0x00001e21,7713
954,0x00002622,9762
955,0x00001ca3,7331
956,0x00001d65,7525
957,0x00001cd4,7380
958,0x000021a3,8611
959,0x00002237,8759
960,0x00001e8a,7818
961,0x00001d95,7573
962,0x00001e6d,7789
963,0x00002720,10016
964,0x00001e81,7809
965,0x00001e6e,7790
966,0x00001e07,7687
967,0x00002367,9063
968,0x0000253c,9532
969,0x00001e62,7778
970,0x00001f2c,7980
971,0x00001ef5,7925
972,0x000027f5,10229
973,0x0000201c,8220
974,0x00001f9d,8093
975,0x00002010,8208
976,0x00002256,8790
977,0x00002bfa,11258
978,0x00002499,9369
979,0x0000260d,9741
980,0x0000260f,9743
981,0x00002c01,11265
982,0x00002541,9537
983,0x00001fdc,8156
984,0x00001fbf,8127
985,0x000020a3,8355
986,0x000028eb,10475
987,0x00001ffa,8186
988,0x00001fc4,8132
989,0x00001f3c,7996
990,0x000025bb,9659
991,0x00002326,8998
992,0x00001e63,7779
993,0x00001ed4,7892
994,0x00001ee6,7910
995,0x0000291b,10523
996,0x00001e8b,7819
997,0x00001d94,7572
998,0x00001d20,7456
999,0x000021b1,8625
1000,0x0000245b,9307
1001,0x00001ddc,7644
1002,0x00001dad,7597
1003,0x00001eac,7852
1004,0x00002644,9796
1005,0x00002033,8243
1006,0x00001eb9,7865
1007,0x00001ed8,7896
1008,0x000021d2,8658
1009,0x00002684,9860
1010,0x00001f93,8083
1011,0x00001f0d,7949
1012,0x00001e95,7829
1013,0x00002737,10039
1014,0x00002230,8752
1015,0x00001f8d,8077
1016,0x00001fee,8174
1017,0x00002161,8545
1018,0x00002c2f,11311
1019,0x00001f2d,7981
1020,0x00001f4e,8014
1021,0x0000200d,8205
1022,0x00002454,9300
1023,0x00002510,9488
0,0x00000000,0
1024,0x00366283,3564163
2048,0x0022a4a4,2270372
3072,0x001814ac,1578156
4096,0x001349c8,1264072
5120,0x000f2218,991768
6144,0x000d6234,877108
7168,0x000c5032,806962
8192,0x000db3c1,897985
9216,0x000c6c00,814080
10240,0x000dce62,904802
11264,0x00062c56,404566
12288,0x0003c169,246121
13312,0x0000f374,62324
14336,0x0000a9b8,43448
15360,0x00009d2b,40235
16384,0x00008afe,35582
17408,0x00007241,29249
18432,0x00006071,24689
19456,0x0000564e,22094
20480,0x000050a1,20641
21504,0x00004fc2,20418
22528,0x000053be,21438
23552,0x00005f35,24373
24576,0x0000835e,33630
25600,0x00004e24,20004
26624,0x00003fa0,16288
27648,0x00003a8a,14986
28672,0x0000390b,14603
29696,0x00003870,14448
30720,0x00003635,13877
31744,0x00003470,13424
32768,0x00003318,13080
33792,0x000037a1,14241
34816,0x00003402,13314
35840,0x000038fa,14586
36864,0x00004a63,19043
37888,0x000036d8,14040
38912,0x00002cd4,11476
39936,0x00002c40,11328
40960,0x00002ad4,10964
41984,0x00002d1c,11548
43008,0x000040cb,16587
44032,0x00008233,33331
45056,0x0000ba18,47640
46080,0x0000bc0f,48143
47104,0x00009538,38200
48128,0x00007174,29044
49152,0x0000607f,24703
50176,0x000051f8,20984
51200,0x00004c25,19493
52224,0x00004a56,19030
53248,0x00004448,17480
54272,0x00003d2a,15658
55296,0x00003280,12928
56320,0x00002a73,10867
57344,0x000024dd,9437
58368,0x000021e5,8677
59392,0x00001b6d,7021
60416,0x00001667,5735
61440,0x00001383,4995
62464,0x00001034,4148
63488,0x00000c55,3157
64512,0x00000a89,2697
65536,0x000008c0,2240
66560,0x0000085c,2140
67584,0x000006be,1726
68608,0x00000670,1648
69632,0x0000062b,1579
70656,0x0000060f,1551
71680,0x00000604,1540
72704,0x00000789,1929
73728,0x00000a00,2560
74752,0x00000dd6,3542
75776,0x0000129f,4767
76800,0x00001671,5745
77824,0x0000185e,6238
78848,0x00001cff,7423
79872,0x00001f02,7938
80896,0x00001e1e,7710
81920,0x0000184b,6219
82944,0x000018ff,6399
83968,0x00001c86,7302
84992,0x0000212d,8493
86016,0x000024fe,9470
87040,0x00002889,10377
88064,0x00002b7a,11130
89088,0x00002a3a,10810
90112,0x0000250f,9487
91136,0x00002057,8279
92160,0x00002085,8325
93184,0x00002111,8465
94208,0x00001da5,7589
95232,0x00001909,6409
96256,0x000017bb,6075
97280,0x0000168e,5774
98304,0x0000162e,5678
99328,0x000017a7,6055
100352,0x00001925,6437
101376,0x00001a28,6696
102400,0x0000190f,6415
103424,0x000014a9,5289
104448,0x000011fe,4606
105472,0x00000dac,3500
106496,0x00000a56,2646
107520,0x000007c2,1986
108544,0x000005e9,1513
109568,0x000004c0,1216
110592,0x00000441,1089
111616,0x00000391,913
112640,0x0000035a,858
113664,0x000002df,735
114688,0x000002a8,680
115712,0x00000265,613
116736,0x00000219,537
117760,0x000001f9,505
118784,0x000001d4,468
119808,0x000001bc,444
120832,0x000001b8,440
121856,0x000001c1,449
122880,0x000001a7,423
123904,0x0000017b,379
124928,0x00000140,320
125952,0x00000138,312
126976,0x00000153,339
128000,0x00000122,290
129024,0x0000011e,286
130048,0x0000011b,283
131072,0x000000f1,241
132096,0x00000107,263
133120,0x000000e8,232
134144,0x000000f5,245
135168,0x000000d6,214
136192,0x000000e5,229
137216,0x000000d2,210
138240,0x000000c8,200
139264,0x000000c4,196
140288,0x000000b6,182
141312,0x00000090,144
142336,0x000000aa,170
143360,0x000000a2,162
144384,0x00000080,128
145408,0x0000007f,127
146432,0x00000095,149
147456,0x00000088,136
148480,0x00000079,121
149504,0x0000006e,110
150528,0x0000006e,110
151552,0x00000071,113
152576,0x0000005d,93
153600,0x00000058,88
154624,0x0000004a,74
155648,0x00000051,81
156672,0x00000052,82
157696,0x00000050,80
158720,0x0000004c,76
159744,0x0000004a,74
160768,0x00000044,68
161792,0x00000040,64
162816,0x00000048,72
163840,0x00000049,73
164864,0x00000051,81
165888,0x0000004f,79
166912,0x0000004f,79
167936,0x00000057,87
168960,0x0000005a,90
169984,0x0000005c,92
171008,0x00000052,82
172032,0x00000061,97
173056,0x0000005c,92
174080,0x00000051,81
175104,0x0000005c,92
176128,0x00000063,99
177152,0x00000059,89
178176,0x00000052,82
179200,0x00000042,66
180224,0x00000046,70
181248,0x0000004d,77
182272,0x00000043,67
183296,0x00000048,72
184320,0x0000004a,74
185344,0x0000004a,74
186368,0x00000051,81
187392,0x0000004c,76
188416,0x00000049,73
189440,0x0000003c,60
190464,0x00000048,72
191488,0x00000035,53
192512,0x00000037,55
193536,0x00000044,68
194560,0x0000003a,58
195584,0x00000021,33
196608,0x00000026,38
197632,0x00000028,40
198656,0x00000020,32
199680,0x0000001b,27
200704,0x00000024,36
201728,0x00000018,24
202752,0x0000002e,46
203776,0x0000000f,15
204800,0x0000000e,14
205824,0x00000013,19
206848,0x00000012,18
207872,0x0000000e,14
208896,0x00000013,19
209920,0x00000014,20
210944,0x0000000b,11
211968,0x00000011,17
212992,0x0000000f,15
214016,0x0000000c,12
215040,0x00000013,19
216064,0x00000012,18
217088,0x0000000c,12
218112,0x0000000e,14
219136,0x0000000e,14
220160,0x0000000c,12
221184,0x00000009,9
222208,0x0000000b,11
223232,0x0000000e,14
224256,0x0000000a,10
225280,0x0000000b,11
226304,0x00000010,16
227328,0x00000009,9
228352,0x0000000e,14
229376,0x00000008,8
230400,0x0000000a,10
231424,0x00000008,8
232448,0x0000000c,12
233472,0x00000003,3
234496,0x00000003,3
235520,0x00000001,1
236544,0x00000006,6
237568,0x00000009,9
238592,0x00000007,7
239616,0x00000005,5
240640,0x00000006,6
241664,0x00000006,6
242688,0x00000006,6
243712,0x00000006,6
244736,0x00000002,2
245760,0x00000007,7
246784,0x00000003,3
247808,0x00000002,2
248832,0x00000006,6
249856,0x00000002,2
250880,0x00000004,4
251904,0x00000001,1
252928,0x00000002,2
253952,0x00000006,6
254976,0x00000003,3
256000,0x00000002,2
257024,0x00000000,0
258048,0x00000003,3
259072,0x00000009,9
260096,0x00000003,3
261120,0x00000005,5
262144,0x00000006,6
263168,0x00000003,3
264192,0x00000002,2
265216,0x00000006,6
266240,0x00000005,5
267264,0x00000001,1
268288,0x00000004,4
269312,0x00000003,3
270336,0x00000004,4
271360,0x00000002,2
272384,0x00000008,8
273408,0x00000008,8
274432,0x00000004,4
275456,0x00000004,4
276480,0x00000003,3
277504,0x00000005,5
278528,0x00000002,2
279552,0x00000000,0
280576,0x00000008,8
281600,0x00000006,6
282624,0x00000004,4
283648,0x00000005,5
284672,0x00000004,4
285696,0x00000002,2
286720,0x00000004,4
287744,0x00000003,3
288768,0x00000001,1
289792,0x00000004,4
290816,0x00000006,6
291840,0x00000003,3
292864,0x00000003,3
293888,0x00000008,8
294912,0x00000004,4
295936,0x00000001,1
296960,0x00000003,3
297984,0x00000007,7
299008,0x00000004,4
300032,0x00000002,2
301056,0x00000003,3
302080,0x00000002,2
303104,0x00000003,3
304128,0x00000000,0
305152,0x00000002,2
306176,0x00000002,2
307200,0x00000005,5
308224,0x00000002,2
309248,0x00000001,1
310272,0x00000003,3
311296,0x00000002,2
312320,0x00000002,2
313344,0x00000005,5
314368,0x00000001,1
315392,0x00000001,1
316416,0x00000002,2
317440,0x00000000,0
318464,0x00000000,0
319488,0x00000001,1
320512,0x00000002,2
321536,0x00000001,1
322560,0x00000001,1
323584,0x00000001,1
324608,0x00000000,0
325632,0x00000002,2
326656,0x00000002,2
327680,0x00000000,0
328704,0x00000004,4
329728,0x00000002,2
330752,0x00000002,2
331776,0x00000002,2
332800,0x00000002,2
333824,0x00000000,0
334848,0x00000002,2
335872,0x00000000,0
336896,0x00000001,1
337920,0x00000000,0
338944,0x00000002,2
339968,0x00000001,1
340992,0x00000001,1
342016,0x00000001,1
343040,0x00000001,1
344064,0x00000005,5
345088,0x00000001,1
346112,0x00000000,0
347136,0x00000002,2
348160,0x00000001,1
349184,0x00000004,4
350208,0x00000005,5
351232,0x00000001,1
352256,0x00000001,1
353280,0x00000001,1
354304,0x00000001,1
355328,0x00000001,1
356352,0x00000004,4
357376,0x00000001,1
358400,0x00000000,0
359424,0x00000001,1
360448,0x00000003,3
361472,0x00000000,0
362496,0x00000001,1
363520,0x00000001,1
364544,0x00000002,2
365568,0x00000001,1
366592,0x00000001,1
367616,0x00000002,2
368640,0x00000002,2
369664,0x00000003,3
370688,0x00000001,1
371712,0x00000001,1
372736,0x00000001,1
373760,0x00000001,1
374784,0x00000003,3
375808,0x00000001,1
376832,0x00000003,3
377856,0x00000002,2
378880,0x00000002,2
379904,0x00000002,2
380928,0x00000004,4
381952,0x00000000,0
382976,0x00000003,3
384000,0x00000001,1
385024,0x00000000,0
386048,0x00000001,1
387072,0x00000003,3
388096,0x00000001,1
389120,0x00000002,2
390144,0x00000004,4
391168,0x00000003,3
392192,0x00000000,0
393216,0x00000003,3
394240,0x00000003,3
395264,0x00000002,2
396288,0x00000001,1
397312,0x00000003,3
398336,0x00000002,2
399360,0x00000002,2
400384,0x00000004,4
401408,0x00000001,1
402432,0x00000002,2
403456,0x00000001,1
404480,0x00000001,1
405504,0x00000002,2
406528,0x00000001,1
407552,0x00000001,1
408576,0x00000001,1
409600,0x00000001,1
410624,0x00000000,0
411648,0x00000001,1
412672,0x00000003,3
413696,0x00000002,2
414720,0x00000003,3
415744,0x00000002,2
416768,0x00000000,0
417792,0x00000002,2
418816,0x00000001,1
419840,0x00000001,1
420864,0x00000000,0
421888,0x00000003,3
422912,0x00000002,2
423936,0x00000000,0
424960,0x00000002,2
425984,0x00000005,5
427008,0x00000002,2
428032,0x00000001,1
429056,0x00000003,3
430080,0x00000000,0
431104,0x00000001,1
432128,0x00000001,1
433152,0x00000000,0
434176,0x00000001,1
435200,0x00000000,0
436224,0x00000002,2
437248,0x00000004,4
438272,0x00000001,1
439296,0x00000002,2
440320,0x00000002,2
441344,0x00000001,1
442368,0x00000002,2
443392,0x00000000,0
444416,0x00000002,2
445440,0x00000002,2
446464,0x00000001,1
447488,0x00000003,3
448512,0x00000003,3
449536,0x00000004,4
450560,0x00000002,2
451584,0x00000001,1
452608,0x00000000,0
453632,0x00000001,1
454656,0x00000003,3
455680,0x00000001,1
456704,0x00000002,2
457728,0x00000002,2
458752,0x00000005,5
459776,0x00000000,0
460800,0x00000004,4
461824,0x00000001,1
462848,0x00000002,2
463872,0x00000001,1
464896,0x00000000,0
465920,0x00000002,2
466944,0x00000002,2
467968,0x00000003,3
468992,0x00000003,3
470016,0x00000001,1
471040,0x00000001,1
472064,0x00000001,1
473088,0x00000000,0
474112,0x00000000,0
475136,0x00000003,3
476160,0x00000003,3
477184,0x00000002,2
478208,0x00000000,0
479232,0x00000001,1
480256,0x00000004,4
481280,0x00000000,0
482304,0x00000003,3
483328,0x00000001,1
484352,0x00000003,3
485376,0x00000003,3
486400,0x00000003,3
487424,0x00000002,2
488448,0x00000004,4
489472,0x00000002,2
490496,0x00000001,1
491520,0x00000002,2
492544,0x00000000,0
493568,0x00000001,1
494592,0x00000002,2
495616,0x00000005,5
496640,0x00000001,1
497664,0x00000002,2
498688,0x00000001,1
499712,0x00000000,0
500736,0x00000001,1
501760,0x00000002,2
502784,0x00000001,1
503808,0x00000003,3
504832,0x00000002,2
505856,0x00000002,2
506880,0x00000003,3
507904,0x00000002,2
508928,0x00000003,3
509952,0x00000002,2
510976,0x00000001,1
512000,0x00000000,0
513024,0x00000001,1
514048,0x00000001,1
515072,0x00000002,2
516096,0x00000002,2
517120,0x00000000,0
518144,0x00000002,2
519168,0x00000001,1
520192,0x00000000,0
521216,0x00000001,1
522240,0x00000001,1
523264,0x00000004,4
524288,0x00000002,2
525312,0x00000003,3
526336,0x00000001,1
527360,0x00000002,2
528384,0x00000001,1
529408,0x00000000,0
530432,0x00000003,3
531456,0x00000000,0
532480,0x00000004,4
533504,0x00000001,1
534528,0x00000000,0
535552,0x00000001,1
536576,0x00000005,5
537600,0x00000001,1
538624,0x00000002,2
539648,0x00000001,1
540672,0x00000000,0
541696,0x00000001,1
542720,0x00000002,2
543744,0x00000003,3
544768,0x00000001,1
545792,0x00000005,5
546816,0x00000002,2
547840,0x00000000,0
548864,0x00000003,3
549888,0x00000000,0
550912,0x00000000,0
551936,0x00000002,2
552960,0x00000003,3
553984,0x00000001,1
555008,0x00000000,0
556032,0x00000001,1
557056,0x00000000,0
558080,0x00000001,1
559104,0x00000006,6
560128,0x00000001,1
561152,0x00000000,0
562176,0x00000001,1
563200,0x00000002,2
564224,0x00000003,3
565248,0x00000000,0
566272,0x00000000,0
567296,0x00000001,1
568320,0x00000001,1
569344,0x00000000,0
570368,0x00000001,1
571392,0x00000002,2
572416,0x00000003,3
573440,0x00000000,0
574464,0x00000000,0
575488,0x00000001,1
576512,0x00000003,3
577536,0x00000000,0
578560,0x00000001,1
579584,0x00000001,1
580608,0x00000001,1
581632,0x00000001,1
582656,0x00000001,1
583680,0x00000002,2
584704,0x00000000,0
585728,0x00000002,2
586752,0x00000002,2
587776,0x00000000,0
588800,0x00000003,3
589824,0x00000000,0
590848,0x00000001,1
591872,0x00000002,2
592896,0x00000000,0
593920,0x00000002,2
594944,0x00000000,0
595968,0x00000003,3
596992,0x00000000,0
598016,0x00000000,0
599040,0x00000003,3
600064,0x00000003,3
601088,0x00000000,0
602112,0x00000000,0
603136,0x00000000,0
604160,0x00000001,1
605184,0x00000002,2
606208,0x00000002,2
607232,0x00000003,3
608256,0x00000001,1
609280,0x00000000,0
610304,0x00000003,3
611328,0x00000000,0
612352,0x00000002,2
613376,0x00000000,0
614400,0x00000001,1
615424,0x00000001,1
616448,0x00000001,1
617472,0x00000004,4
618496,0x00000001,1
619520,0x00000000,0
620544,0x00000000,0
621568,0x00000001,1
622592,0x00000001,1
623616,0x00000004,4
624640,0x00000001,1
625664,0x00000002,2
626688,0x00000002,2
627712,0x00000000,0
628736,0x00000002,2
629760,0x00000002,2
630784,0x00000001,1
631808,0x00000002,2
632832,0x00000002,2
633856,0x00000001,1
634880,0x00000003,3
635904,0x00000002,2
636928,0x00000002,2
637952,0x00000001,1
638976,0x00000000,0
640000,0x00000002,2
641024,0x00000000,0
642048,0x00000000,0
643072,0x00000001,1
644096,0x00000000,0
645120,0x00000000,0
646144,0x00000001,1
647168,0x00000001,1
648192,0x00000002,2
649216,0x00000000,0
650240,0x00000001,1
651264,0x00000002,2
652288,0x00000001,1
653312,0x00000000,0
654336,0x00000003,3
655360,0x00000003,3
656384,0x00000002,2
657408,0x00000000,0
658432,0x00000001,1
659456,0x00000000,0
660480,0x00000001,1
661504,0x00000001,1
662528,0x00000001,1
663552,0x00000001,1
664576,0x00000000,0
665600,0x00000001,1
666624,0x00000000,0
667648,0x00000003,3
668672,0x00000000,0
669696,0x00000002,2
670720,0x00000001,1
671744,0x00000000,0
672768,0x00000000,0
673792,0x00000002,2
674816,0x00000001,1
675840,0x00000001,1
676864,0x00000001,1
677888,0x00000001,1
678912,0x00000002,2
679936,0x00000001,1
680960,0x00000001,1
681984,0x00000000,0
683008,0x00000001,1
684032,0x00000000,0
685056,0x00000000,0
686080,0x00000001,1
687104,0x00000001,1
688128,0x00000002,2
689152,0x00000001,1
690176,0x00000000,0
691200,0x00000000,0
692224,0x00000000,0
693248,0x00000004,4
694272,0x00000000,0
695296,0x00000000,0
696320,0x00000001,1
697344,0x00000000,0
698368,0x00000001,1
699392,0x00000000,0
700416,0x00000002,2
701440,0x00000001,1
702464,0x00000000,0
703488,0x00000001,1
704512,0x00000001,1
705536,0x00000003,3
706560,0x00000000,0
707584,0x00000000,0
708608,0x00000001,1
709632,0x00000000,0
710656,0x00000001,1
711680,0x00000000,0
712704,0x00000000,0
713728,0x00000001,1
714752,0x00000003,3
715776,0x00000001,1
716800,0x00000000,0
717824,0x00000000,0
718848,0x00000000,0
719872,0x00000001,1
720896,0x00000001,1
721920,0x00000003,3
722944,0x00000002,2
723968,0x00000002,2
724992,0x00000000,0
726016,0x00000000,0
727040,0x00000002,2
728064,0x00000002,2
729088,0x00000000,0
730112,0x00000000,0
731136,0x00000000,0
732160,0x00000000,0
733184,0x00000001,1
734208,0x00000001,1
735232,0x00000001,1
736256,0x00000002,2
737280,0x00000001,1
738304,0x00000003,3
739328,0x00000002,2
740352,0x00000003,3
741376,0x00000004,4
742400,0x00000000,0
743424,0x00000002,2
744448,0x00000000,0
745472,0x00000004,4
746496,0x00000000,0
747520,0x00000002,2
748544,0x00000000,0
749568,0x00000000,0
750592,0x00000001,1
751616,0x00000000,0
752640,0x00000001,1
753664,0x00000003,3
754688,0x00000000,0
755712,0x00000000,0
756736,0x00000001,1
757760,0x00000001,1
758784,0x00000000,0
759808,0x00000002,2
760832,0x00000001,1
761856,0x00000002,2
762880,0x00000004,4
763904,0x00000000,0
764928,0x00000000,0
765952,0x00000002,2
766976,0x00000000,0
768000,0x00000000,0
769024,0x00000003,3
770048,0x00000000,0
771072,0x00000000,0
772096,0x00000001,1
773120,0x00000000,0
774144,0x00000000,0
775168,0x00000000,0
776192,0x00000001,1
777216,0x00000001,1
778240,0x00000001,1
779264,0x00000000,0
780288,0x00000002,2
781312,0x00000001,1
782336,0x00000000,0
783360,0x00000001,1
784384,0x00000000,0
785408,0x00000001,1
786432,0x00000001,1
787456,0x00000003,3
788480,0x00000002,2
789504,0x00000001,1
790528,0x00000002,2
791552,0x00000007,7
792576,0x0000000b,11
793600,0x0000000c,12
794624,0x00000033,51
795648,0x0000001f,31
796672,0x00000014,20
797696,0x0000001c,28
798720,0x000001b9,441
799744,0x000000ff,255
800768,0x00000021,33
801792,0x0000002d,45
802816,0x00000053,83
803840,0x00000063,99
804864,0x00000027,39
805888,0x0000000c,12
806912,0x0000000d,13
807936,0x00000006,6
808960,0x00000003,3
809984,0x00000002,2
811008,0x00000000,0
812032,0x00000000,0
813056,0x00000001,1
814080,0x00000001,1
815104,0x00000001,1
816128,0x00000002,2
817152,0x00000000,0
818176,0x00000000,0
819200,0x00000002,2
820224,0x00000001,1
821248,0x00000003,3
822272,0x00000000,0
823296,0x00000001,1
824320,0x00000001,1
825344,0x00000001,1
826368,0x00000001,1
827392,0x00000001,1
828416,0x00000001,1
829440,0x00000000,0
830464,0x00000001,1
831488,0x00000001,1
832512,0x00000000,0
833536,0x00000000,0
834560,0x00000000,0
835584,0x00000001,1
836608,0x00000000,0
837632,0x00000000,0
838656,0x00000000,0
839680,0x00000000,0
840704,0x00000001,1
841728,0x00000002,2
842752,0x00000001,1
843776,0x00000000,0
844800,0x00000000,0
845824,0x00000000,0
846848,0x00000002,2
847872,0x00000000,0
848896,0x00000002,2
849920,0x00000000,0
850944,0x00000004,4
851968,0x00000001,1
852992,0x00000002,2
854016,0x00000003,3
855040,0x00000001,1
856064,0x00000002,2
857088,0x00000001,1
858112,0x00000001,1
859136,0x00000003,3
860160,0x00000001,1
861184,0x00000003,3
862208,0x00000000,0
863232,0x00000002,2
864256,0x00000005,5
865280,0x00000003,3
866304,0x00000004,4
867328,0x00000002,2
868352,0x00000002,2
869376,0x00000001,1
870400,0x00000006,6
871424,0x00000000,0
872448,0x00000003,3
873472,0x00000001,1
874496,0x00000003,3
875520,0x00000002,2
876544,0x00000000,0
877568,0x00000003,3
878592,0x00000002,2
879616,0x00000001,1
880640,0x00000004,4
881664,0x00000000,0
882688,0x00000003,3
883712,0x00000006,6
884736,0x00000003,3
885760,0x00000002,2
886784,0x00000004,4
887808,0x00000004,4
888832,0x00000004,4
889856,0x00000002,2
890880,0x00000000,0
891904,0x00000004,4
892928,0x00000002,2
893952,0x00000001,1
894976,0x00000005,5
896000,0x00000003,3
897024,0x00000003,3
898048,0x00000000,0
899072,0x00000003,3
900096,0x00000007,7
901120,0x00000004,4
902144,0x00000004,4
903168,0x00000001,1
904192,0x00000003,3
905216,0x00000001,1
906240,0x00000002,2
907264,0x00000002,2
908288,0x00000002,2
909312,0x00000002,2
910336,0x00000001,1
911360,0x00000003,3
912384,0x00000005,5
913408,0x00000002,2
914432,0x00000000,0
915456,0x00000002,2
916480,0x00000003,3
917504,0x00000004,4
918528,0x00000004,4
919552,0x00000003,3
920576,0x00000005,5
921600,0x00000002,2
922624,0x00000003,3
923648,0x00000003,3
924672,0x00000002,2
925696,0x00000002,2
926720,0x00000001,1
927744,0x00000003,3
928768,0x00000002,2
929792,0x00000001,1
930816,0x00000000,0
931840,0x00000002,2
932864,0x00000004,4
933888,0x00000005,5
934912,0x00000000,0
935936,0x00000003,3
936960,0x00000002,2
937984,0x00000001,1
939008,0x00000003,3
940032,0x00000001,1
941056,0x00000000,0
942080,0x00000002,2
943104,0x00000001,1
944128,0x00000005,5
945152,0x00000001,1
946176,0x00000001,1
947200,0x00000003,3
948224,0x00000000,0
949248,0x00000002,2
950272,0x00000001,1
951296,0x00000003,3
952320,0x00000004,4
953344,0x00000002,2
954368,0x00000002,2
955392,0x00000003,3
956416,0x00000003,3
957440,0x00000003,3
958464,0x00000003,3
959488,0x00000002,2
960512,0x00000003,3
961536,0x00000002,2
962560,0x00000002,2
963584,0x00000005,5
964608,0x00000001,1
965632,0x00000001,1
966656,0x00000002,2
967680,0x00000003,3
968704,0x00000001,1
969728,0x00000002,2
970752,0x00000002,2
971776,0x00000003,3
972800,0x00000002,2
973824,0x00000003,3
974848,0x00000002,2
975872,0x00000002,2
976896,0x00000001,1
977920,0x00000003,3
978944,0x00000001,1
979968,0x00000000,0
980992,0x00000003,3
982016,0x00000002,2
983040,0x00000004,4
984064,0x00000001,1
985088,0x00000003,3
986112,0x00000001,1
987136,0x00000001,1
988160,0x00000005,5
989184,0x00000001,1
990208,0x00000002,2
991232,0x00000002,2
992256,0x00000005,5
993280,0x00000003,3
994304,0x00000002,2
995328,0x00000001,1
996352,0x00000002,2
997376,0x00000002,2
998400,0x00000005,5
999424,0x00000001,1
1000448,0x00000001,1
1001472,0x00000003,3
1002496,0x00000003,3
1003520,0x00000003,3
1004544,0x00000001,1
1005568,0x00000001,1
1006592,0x00000003,3
1007616,0x00000002,2
1008640,0x00000002,2
1009664,0x00000005,5
1010688,0x00000002,2
1011712,0x00000003,3
1012736,0x00000005,5
1013760,0x00000001,1
1014784,0x00000001,1
1015808,0x00000001,1
1016832,0x00000002,2
1017856,0x00000002,2
1018880,0x00000004,4
1019904,0x00000004,4
1020928,0x00000001,1
1021952,0x00000002,2
1022976,0x00000001,1
1024000,0x00000003,3
1025024,0x00000000,0
1026048,0x00000002,2
1027072,0x00000001,1
1028096,0x00000002,2
1029120,0x00000002,2
1030144,0x00000002,2
1031168,0x00000000,0
1032192,0x00000002,2
1033216,0x00000001,1
1034240,0x00000003,3
1035264,0x00000002,2
1036288,0x00000002,2
1037312,0x00000002,2
1038336,0x00000001,1
1039360,0x00000000,0
1040384,0x00000002,2
1041408,0x00000002,2
1042432,0x00000003,3
1043456,0x00000000,0
1044480,0x00000003,3
1045504,0x00000001,1
1046528,0x00000003,3
1047552,0x00000000,0
0,0x00000000,0
1048576,0x0000048a,1162
2097152,0x00000224,548
3145728,0x0000019b,411
4194304,0x0000010e,270
5242880,0x0000014a,330
6291456,0x000004c5,1221
7340032,0x000006ee,1774
8388608,0x00000076,118
9437184,0x00000057,87
10485760,0x00000057,87
11534336,0x00000024,36
12582912,0x00000034,52
13631488,0x0000009a,154
14680064,0x00000049,73
15728640,0x00000025,37
16777216,0x0000002c,44
17825792,0x00000035,53
18874368,0x00000026,38
19922944,0x0000001b,27
20971520,0x00000031,49
22020096,0x00000010,16
23068672,0x00000053,83
24117248,0x0000007c,124
25165824,0x00000032,50
26214400,0x00000022,34
27262976,0x00000072,114
28311552,0x0000002d,45
29360128,0x00000014,20
30408704,0x00000019,25
31457280,0x00000020,32
32505856,0x00000009,9
33554432,0x00000021,33
34603008,0x00000004,4
35651584,0x00000032,50
36700160,0x00000017,23
37748736,0x0000002c,44
38797312,0x00000008,8
39845888,0x00000009,9
40894464,0x00000011,17
41943040,0x00000004,4
42991616,0x0000001e,30
44040192,0x0000000c,12
45088768,0x00000012,18
46137344,0x00000005,5
47185920,0x00000002,2
48234496,0x00000005,5
49283072,0x00000003,3
50331648,0x00000004,4
51380224,0x00000003,3
52428800,0x00000003,3
53477376,0x00000006,6
54525952,0x00000006,6
55574528,0x00000007,7
56623104,0x00000012,18
57671680,0x00000006,6
58720256,0x00000006,6
59768832,0x00000002,2
60817408,0x00000009,9
61865984,0x00000019,25
62914560,0x00000004,4
63963136,0x00000032,50
65011712,0x00000020,32
66060288,0x00000004,4
67108864,0x00000006,6
68157440,0x0000004c,76
69206016,0x00000051,81
70254592,0x00000003,3
71303168,0x00000006,6
72351744,0x00000013,19
73400320,0x00000006,6
74448896,0x00000016,22
75497472,0x00000012,18
76546048,0x00000028,40
77594624,0x00000009,9
78643200,0x00000030,48
79691776,0x00000000,0
80740352,0x00000000,0
81788928,0x00000003,3
82837504,0x00000001,1
83886080,0x00000002,2
84934656,0x00000001,1
85983232,0x00000001,1
87031808,0x00000000,0
88080384,0x00000000,0
89128960,0x0000000c,12
90177536,0x00000003,3
91226112,0x00000000,0
92274688,0x00000000,0
93323264,0x0000000a,10
94371840,0x00000009,9
95420416,0x00000004,4
96468992,0x0000000b,11
97517568,0x00000001,1
98566144,0x00000000,0
99614720,0x00000000,0
100663296,0x00000002,2
101711872,0x00000001,1
102760448,0x00000001,1
103809024,0x00000001,1
104857600,0x00000020,32
105906176,0x00000001,1
106954752,0x00000000,0
108003328,0x00000002,2
109051904,0x00000010,16
110100480,0x0000000b,11
111149056,0x00000000,0
112197632,0x00000003,3
113246208,0x00000000,0
114294784,0x00000002,2
115343360,0x00000002,2
116391936,0x00000003,3
117440512,0x00000000,0
118489088,0x00000008,8
119537664,0x0000000a,10
120586240,0x00000001,1
121634816,0x00000009,9
122683392,0x00000002,2
123731968,0x00000001,1
124780544,0x00000000,0
125829120,0x00000008,8
126877696,0x00000004,4
127926272,0x00000000,0
128974848,0x00000000,0
130023424,0x0000000e,14
131072000,0x0000000d,13
132120576,0x00000008,8
133169152,0x00000005,5
134217728,0x0000000f,15
135266304,0x00000000,0
136314880,0x00000000,0
137363456,0x00000000,0
138412032,0x00000000,0
139460608,0x00000003,3
140509184,0x00000009,9
141557760,0x00000000,0
142606336,0x00000000,0
143654912,0x00000000,0
144703488,0x00000000,0
145752064,0x00000000,0
146800640,0x00000003,3
147849216,0x00000000,0
148897792,0x00000000,0
149946368,0x00000002,2
150994944,0x00000000,0
152043520,0x00000000,0
153092096,0x00000001,1
154140672,0x00000019,25
155189248,0x0000000b,11
156237824,0x00000001,1
157286400,0x00000004,4
158334976,0x00000008,8
159383552,0x00000001,1
160432128,0x00000000,0
161480704,0x00000000,0
162529280,0x00000000,0
163577856,0x00000000,0
164626432,0x00000000,0
165675008,0x00000000,0
166723584,0x00000000,0
167772160,0x00000000,0
168820736,0x00000000,0
169869312,0x00000004,4
170917888,0x0000000f,15
171966464,0x00000000,0
173015040,0x00000002,2
174063616,0x0000001f,31
175112192,0x00000003,3
176160768,0x0000000b,11
177209344,0x00000001,1
178257920,0x00000000,0
179306496,0x00000006,6
180355072,0x00000000,0
181403648,0x0000000a,10
182452224,0x00000001,1
183500800,0x00000001,1
184549376,0x00000000,0
185597952,0x00000007,7
186646528,0x00000000,0
187695104,0x00000005,5
188743680,0x00000002,2
189792256,0x00000006,6
190840832,0x00000000,0
191889408,0x00000000,0
192937984,0x00000000,0
193986560,0x00000006,6
195035136,0x00000000,0
196083712,0x00000006,6
197132288,0x00000000,0
198180864,0x00000004,4
199229440,0x0000004c,76
200278016,0x0000000c,12
201326592,0x00000000,0
202375168,0x00000000,0
203423744,0x00000000,0
204472320,0x00000000,0
205520896,0x00000000,0
206569472,0x00000000,0
207618048,0x00000000,0
208666624,0x00000000,0
209715200,0x00000000,0
210763776,0x00000000,0
211812352,0x00000000,0
212860928,0x00000000,0
213909504,0x00000000,0
214958080,0x00000000,0
216006656,0x00000000,0
217055232,0x00000000,0
218103808,0x00000000,0
219152384,0x00000000,0
220200960,0x00000000,0
221249536,0x00000000,0
222298112,0x00000000,0
223346688,0x00000000,0
224395264,0x00000000,0
225443840,0x00000000,0
226492416,0x00000000,0
227540992,0x00000000,0
228589568,0x00000000,0
229638144,0x00000000,0
230686720,0x00000000,0
231735296,0x00000000,0
232783872,0x00000000,0
233832448,0x00000000,0
234881024,0x00000000,0
235929600,0x00000000,0
236978176,0x00000000,0
238026752,0x00000000,0
239075328,0x00000000,0
240123904,0x00000000,0
241172480,0x00000000,0
242221056,0x00000000,0
243269632,0x00000000,0
244318208,0x00000000,0
245366784,0x00000000,0
246415360,0x00000000,0
247463936,0x00000000,0
248512512,0x00000000,0
249561088,0x00000000,0
250609664,0x00000000,0
251658240,0x00000000,0
252706816,0x00000000,0
253755392,0x00000000,0
254803968,0x00000000,0
255852544,0x00000000,0
256901120,0x00000000,0
257949696,0x00000000,0
258998272,0x00000000,0
260046848,0x00000000,0
261095424,0x00000000,0
262144000,0x00000000,0
263192576,0x00000000,0
264241152,0x00000000,0
265289728,0x00000000,0
266338304,0x00000000,0
267386880,0x00000000,0
268435456,0x00000000,0
269484032,0x00000000,0
270532608,0x00000000,0
271581184,0x00000000,0
272629760,0x00000000,0
273678336,0x00000000,0
274726912,0x00000000,0
275775488,0x00000000,0
276824064,0x00000000,0
277872640,0x00000000,0
278921216,0x00000000,0
279969792,0x00000000,0
281018368,0x00000000,0
282066944,0x00000000,0
283115520,0x00000000,0
284164096,0x00000000,0
285212672,0x00000000,0
286261248,0x00000000,0
287309824,0x00000000,0
288358400,0x00000000,0
289406976,0x00000000,0
290455552,0x00000000,0
291504128,0x00000000,0
292552704,0x00000000,0
293601280,0x00000000,0
294649856,0x00000000,0
295698432,0x00000000,0
296747008,0x00000000,0
297795584,0x00000000,0
298844160,0x00000000,0
299892736,0x00000000,0
300941312,0x00000000,0
301989888,0x00000000,0
303038464,0x00000000,0
304087040,0x00000000,0
305135616,0x00000000,0
306184192,0x00000000,0
307232768,0x00000000,0
308281344,0x00000000,0
309329920,0x00000000,0
310378496,0x00000000,0
311427072,0x00000000,0
312475648,0x00000000,0
313524224,0x00000000,0
314572800,0x00000000,0
315621376,0x00000000,0
316669952,0x00000000,0
317718528,0x00000000,0
318767104,0x00000000,0
319815680,0x00000000,0
320864256,0x00000000,0
321912832,0x00000000,0
322961408,0x00000000,0
324009984,0x00000000,0
325058560,0x00000000,0
326107136,0x00000000,0
327155712,0x00000000,0
328204288,0x00000000,0
329252864,0x00000000,0
330301440,0x00000000,0
331350016,0x00000000,0
332398592,0x00000000,0
333447168,0x00000000,0
334495744,0x00000000,0
335544320,0x00000000,0
336592896,0x00000000,0
337641472,0x00000000,0
338690048,0x00000000,0
339738624,0x00000000,0
340787200,0x00000000,0
341835776,0x00000000,0
342884352,0x00000000,0
343932928,0x00000000,0
344981504,0x00000000,0
346030080,0x00000000,0
347078656,0x00000000,0
348127232,0x00000000,0
349175808,0x00000000,0
350224384,0x00000000,0
351272960,0x00000000,0
352321536,0x00000000,0
353370112,0x00000000,0
354418688,0x00000000,0
355467264,0x00000000,0
356515840,0x00000000,0
357564416,0x00000000,0
358612992,0x00000000,0
359661568,0x00000000,0
360710144,0x00000000,0
361758720,0x00000000,0
362807296,0x00000000,0
363855872,0x00000000,0
364904448,0x00000000,0
365953024,0x00000000,0
367001600,0x00000000,0
368050176,0x00000000,0
369098752,0x00000000,0
370147328,0x00000000,0
371195904,0x00000000,0
372244480,0x00000000,0
373293056,0x00000000,0
374341632,0x00000000,0
375390208,0x00000000,0
376438784,0x00000000,0
377487360,0x00000000,0
378535936,0x00000000,0
379584512,0x00000000,0
380633088,0x00000000,0
381681664,0x00000000,0
382730240,0x00000000,0
383778816,0x00000000,0
384827392,0x00000000,0
385875968,0x00000000,0
386924544,0x00000000,0
387973120,0x00000000,0
389021696,0x00000000,0
390070272,0x00000000,0
391118848,0x00000000,0
392167424,0x00000000,0
393216000,0x00000000,0
394264576,0x00000000,0
395313152,0x00000000,0
396361728,0x00000000,0
397410304,0x00000000,0
398458880,0x00000000,0
399507456,0x00000000,0
400556032,0x00000000,0
401604608,0x00000000,0
402653184,0x00000000,0
403701760,0x00000000,0
404750336,0x00000000,0
405798912,0x00000000,0
406847488,0x00000000,0
407896064,0x00000000,0
408944640,0x00000000,0
409993216,0x00000000,0
411041792,0x00000000,0
412090368,0x00000000,0
413138944,0x00000000,0
414187520,0x00000000,0
415236096,0x00000000,0
416284672,0x00000000,0
417333248,0x00000000,0
418381824,0x00000000,0
419430400,0x00000000,0
420478976,0x00000000,0
421527552,0x00000000,0
422576128,0x00000000,0
423624704,0x00000000,0
424673280,0x00000000,0
425721856,0x00000000,0
426770432,0x00000000,0
427819008,0x00000000,0
428867584,0x00000000,0
429916160,0x00000000,0
430964736,0x00000000,0
432013312,0x00000000,0
433061888,0x00000000,0
434110464,0x00000000,0
435159040,0x00000000,0
436207616,0x00000000,0
437256192,0x00000000,0
438304768,0x00000000,0
439353344,0x00000000,0
440401920,0x00000000,0
441450496,0x00000000,0
442499072,0x00000000,0
443547648,0x00000000,0
444596224,0x00000000,0
445644800,0x00000000,0
446693376,0x00000000,0
447741952,0x00000000,0
448790528,0x00000000,0
449839104,0x00000000,0
450887680,0x00000000,0
451936256,0x00000000,0
452984832,0x00000000,0
454033408,0x00000000,0
455081984,0x00000000,0
456130560,0x00000000,0
457179136,0x00000000,0
458227712,0x00000000,0
459276288,0x00000000,0
460324864,0x00000000,0
461373440,0x00000000,0
462422016,0x00000000,0
463470592,0x00000000,0
464519168,0x00000000,0
465567744,0x00000000,0
466616320,0x00000000,0
467664896,0x00000000,0
468713472,0x00000000,0
469762048,0x00000000,0
470810624,0x00000000,0
471859200,0x00000000,0
472907776,0x00000000,0
473956352,0x00000000,0
475004928,0x00000000,0
476053504,0x00000000,0
477102080,0x00000000,0
478150656,0x00000000,0
479199232,0x00000000,0
480247808,0x00000000,0
481296384,0x00000000,0
482344960,0x00000000,0
483393536,0x00000000,0
484442112,0x00000000,0
485490688,0x00000000,0
486539264,0x00000000,0
487587840,0x00000000,0
488636416,0x00000000,0
489684992,0x00000000,0
490733568,0x00000000,0
491782144,0x00000000,0
492830720,0x00000000,0
493879296,0x00000000,0
494927872,0x00000000,0
495976448,0x00000000,0
497025024,0x00000000,0
498073600,0x00000000,0
499122176,0x00000000,0
500170752,0x00000000,0
501219328,0x00000000,0
502267904,0x00000000,0
503316480,0x00000000,0
504365056,0x00000000,0
505413632,0x00000000,0
506462208,0x00000000,0
507510784,0x00000000,0
508559360,0x00000000,0
509607936,0x00000000,0
510656512,0x00000000,0
511705088,0x00000000,0
512753664,0x00000000,0
513802240,0x00000000,0
514850816,0x00000000,0
515899392,0x00000000,0
516947968,0x00000000,0
517996544,0x00000000,0
519045120,0x00000000,0
520093696,0x00000000,0
521142272,0x00000000,0
522190848,0x00000000,0
523239424,0x00000000,0
524288000,0x00000000,0
525336576,0x00000000,0
526385152,0x00000000,0
527433728,0x00000000,0
528482304,0x00000000,0
529530880,0x00000000,0
530579456,0x00000000,0
531628032,0x00000000,0
532676608,0x00000000,0
533725184,0x00000000,0
534773760,0x00000000,0
535822336,0x00000000,0
536870912,0x00000000,0
537919488,0x00000000,0
538968064,0x00000000,0
540016640,0x00000000,0
541065216,0x00000000,0
542113792,0x00000000,0
543162368,0x00000000,0
544210944,0x00000000,0
545259520,0x00000000,0
546308096,0x00000000,0
547356672,0x00000000,0
548405248,0x00000000,0
549453824,0x00000000,0
550502400,0x00000000,0
551550976,0x00000000,0
552599552,0x00000000,0
553648128,0x00000000,0
554696704,0x00000000,0
555745280,0x00000000,0
556793856,0x00000000,0
557842432,0x00000000,0
558891008,0x00000000,0
559939584,0x00000000,0
560988160,0x00000000,0
562036736,0x00000000,0
563085312,0x00000000,0
564133888,0x00000000,0
565182464,0x00000000,0
566231040,0x00000000,0
567279616,0x00000000,0
568328192,0x00000000,0
569376768,0x00000000,0
570425344,0x00000000,0
571473920,0x00000000,0
572522496,0x00000000,0
573571072,0x00000000,0
574619648,0x00000000,0
575668224,0x00000000,0
576716800,0x00000000,0
577765376,0x00000000,0
578813952,0x00000000,0
579862528,0x00000000,0
580911104,0x00000000,0
581959680,0x00000000,0
583008256,0x00000000,0
584056832,0x00000000,0
585105408,0x00000000,0
586153984,0x00000000,0
587202560,0x00000000,0
588251136,0x00000000,0
589299712,0x00000000,0
590348288,0x00000000,0
591396864,0x00000000,0
592445440,0x00000000,0
593494016,0x00000000,0
594542592,0x00000000,0
595591168,0x00000000,0
596639744,0x00000000,0
597688320,0x00000000,0
598736896,0x00000000,0
599785472,0x00000000,0
600834048,0x00000000,0
601882624,0x00000000,0
602931200,0x00000000,0
603979776,0x00000000,0
605028352,0x00000000,0
606076928,0x00000000,0
607125504,0x00000000,0
608174080,0x00000000,0
609222656,0x00000000,0
610271232,0x00000000,0
611319808,0x00000000,0
612368384,0x00000000,0
613416960,0x00000000,0
614465536,0x00000000,0
615514112,0x00000000,0
616562688,0x00000000,0
617611264,0x00000002,2
618659840,0x00000000,0
619708416,0x00000000,0
620756992,0x00000000,0
621805568,0x00000000,0
622854144,0x00000000,0
623902720,0x00000000,0
624951296,0x00000000,0
625999872,0x00000000,0
627048448,0x00000000,0
628097024,0x00000000,0
629145600,0x00000000,0
630194176,0x00000000,0
631242752,0x00000000,0
632291328,0x00000000,0
633339904,0x00000000,0
634388480,0x00000000,0
635437056,0x00000000,0
636485632,0x00000000,0
637534208,0x00000000,0
638582784,0x00000000,0
639631360,0x00000000,0
640679936,0x00000001,1
641728512,0x00000000,0
642777088,0x00000000,0
643825664,0x00000000,0
644874240,0x00000001,1
645922816,0x00000000,0
646971392,0x00000000,0
648019968,0x00000000,0
649068544,0x00000000,0
650117120,0x00000000,0
651165696,0x00000000,0
652214272,0x00000000,0
653262848,0x00000000,0
654311424,0x00000000,0
655360000,0x00000000,0
656408576,0x00000000,0
657457152,0x00000000,0
658505728,0x00000000,0
659554304,0x00000000,0
660602880,0x00000000,0
661651456,0x00000000,0
662700032,0x00000000,0
663748608,0x00000000,0
664797184,0x00000000,0
665845760,0x00000000,0
666894336,0x00000000,0
667942912,0x00000001,1
668991488,0x00000000,0
670040064,0x00000000,0
671088640,0x00000000,0
672137216,0x00000000,0
673185792,0x00000000,0
674234368,0x00000000,0
675282944,0x00000000,0
676331520,0x00000000,0
677380096,0x00000000,0
678428672,0x00000000,0
679477248,0x00000000,0
680525824,0x00000000,0
681574400,0x00000000,0
682622976,0x00000000,0
683671552,0x00000000,0
684720128,0x00000000,0
685768704,0x00000000,0
686817280,0x00000000,0
687865856,0x00000001,1
688914432,0x00000000,0
689963008,0x00000000,0
691011584,0x00000000,0
692060160,0x00000000,0
693108736,0x00000000,0
694157312,0x00000000,0
695205888,0x00000000,0
696254464,0x00000000,0
697303040,0x00000000,0
698351616,0x00000000,0
699400192,0x00000000,0
700448768,0x00000000,0
701497344,0x00000000,0
702545920,0x00000000,0
703594496,0x00000000,0
704643072,0x00000000,0
705691648,0x00000000,0
706740224,0x00000000,0
707788800,0x00000000,0
708837376,0x00000000,0
709885952,0x00000000,0
710934528,0x00000000,0
711983104,0x00000000,0
713031680,0x00000000,0
714080256,0x00000000,0
715128832,0x00000000,0
716177408,0x00000000,0
717225984,0x00000000,0
718274560,0x00000000,0
719323136,0x00000000,0
720371712,0x00000000,0
721420288,0x00000000,0
722468864,0x00000001,1
723517440,0x00000001,1
724566016,0x00000000,0
725614592,0x00000000,0
726663168,0x00000000,0
727711744,0x00000000,0
728760320,0x00000000,0
729808896,0x00000000,0
730857472,0x00000000,0
731906048,0x00000000,0
732954624,0x00000000,0
734003200,0x00000000,0
735051776,0x00000000,0
736100352,0x00000000,0
737148928,0x00000000,0
738197504,0x00000001,1
739246080,0x00000000,0
740294656,0x00000000,0
741343232,0x00000000,0
742391808,0x00000001,1
743440384,0x00000000,0
744488960,0x00000000,0
745537536,0x00000000,0
746586112,0x00000000,0
747634688,0x00000000,0
748683264,0x00000000,0
749731840,0x00000000,0
750780416,0x00000000,0
751828992,0x00000000,0
752877568,0x00000000,0
753926144,0x00000000,0
754974720,0x00000000,0
756023296,0x00000000,0
757071872,0x00000000,0
758120448,0x00000000,0
759169024,0x00000001,1
760217600,0x00000000,0
761266176,0x00000000,0
762314752,0x00000000,0
763363328,0x00000000,0
764411904,0x00000000,0
765460480,0x00000000,0
766509056,0x00000000,0
767557632,0x00000000,0
768606208,0x00000000,0
769654784,0x00000000,0
770703360,0x00000000,0
771751936,0x00000000,0
772800512,0x00000000,0
773849088,0x00000000,0
774897664,0x00000001,1
775946240,0x00000000,0
776994816,0x00000000,0
778043392,0x00000000,0
779091968,0x00000000,0
780140544,0x00000000,0
781189120,0x00000000,0
782237696,0x00000001,1
783286272,0x00000000,0
784334848,0x00000000,0
785383424,0x00000000,0
786432000,0x00000000,0
787480576,0x00000000,0
788529152,0x00000000,0
789577728,0x00000000,0
790626304,0x00000000,0
791674880,0x00000000,0
792723456,0x00000000,0
793772032,0x00000000,0
794820608,0x00000000,0
795869184,0x00000000,0
796917760,0x00000000,0
797966336,0x00000000,0
799014912,0x00000000,0
800063488,0x00000000,0
801112064,0x0000000a,10
802160640,0x00000000,0
803209216,0x00000000,0
804257792,0x00000000,0
805306368,0x00000000,0
806354944,0x00000000,0
807403520,0x00000000,0
808452096,0x00000000,0
809500672,0x00000000,0
810549248,0x00000000,0
811597824,0x00000000,0
812646400,0x00000000,0
813694976,0x00000000,0
814743552,0x00000000,0
815792128,0x00000000,0
816840704,0x00000000,0
817889280,0x00000000,0
818937856,0x00000000,0
819986432,0x00000001,1
821035008,0x00000000,0
822083584,0x00000000,0
823132160,0x00000000,0
824180736,0x00000000,0
825229312,0x00000000,0
826277888,0x00000001,1
827326464,0x00000000,0
828375040,0x00000000,0
829423616,0x00000001,1
830472192,0x00000000,0
831520768,0x00000000,0
832569344,0x00000000,0
833617920,0x00000000,0
834666496,0x00000000,0
835715072,0x00000000,0
836763648,0x00000000,0
837812224,0x00000000,0
838860800,0x00000000,0
839909376,0x00000000,0
840957952,0x00000000,0
842006528,0x00000000,0
843055104,0x00000000,0
844103680,0x00000000,0
845152256,0x00000000,0
846200832,0x00000000,0
847249408,0x00000000,0
848297984,0x00000001,1
849346560,0x00000000,0
850395136,0x00000000,0
851443712,0x00000000,0
852492288,0x00000000,0
853540864,0x00000000,0
854589440,0x00000000,0
855638016,0x00000000,0
856686592,0x00000000,0
857735168,0x00000000,0
858783744,0x00000000,0
859832320,0x00000000,0
860880896,0x00000000,0
861929472,0x00000000,0
862978048,0x00000000,0
864026624,0x00000000,0
865075200,0x00000000,0
866123776,0x00000000,0
867172352,0x00000000,0
868220928,0x00000000,0
869269504,0x00000000,0
870318080,0x00000000,0
871366656,0x00000000,0
872415232,0x00000000,0
873463808,0x00000000,0
874512384,0x00000000,0
875560960,0x00000000,0
876609536,0x00000000,0
877658112,0x00000000,0
878706688,0x00000001,1
879755264,0x00000000,0
880803840,0x00000000,0
881852416,0x00000001,1
882900992,0x00000000,0
883949568,0x00000000,0
884998144,0x00000000,0
886046720,0x00000000,0
887095296,0x00000000,0
888143872,0x00000000,0
889192448,0x00000000,0
890241024,0x00000000,0
891289600,0x00000000,0
892338176,0x00000000,0
893386752,0x00000000,0
894435328,0x00000000,0
895483904,0x00000000,0
896532480,0x00000000,0
897581056,0x00000000,0
898629632,0x00000000,0
899678208,0x00000000,0
900726784,0x00000000,0
901775360,0x00000000,0
902823936,0x00000000,0
903872512,0x00000000,0
904921088,0x00000000,0
905969664,0x00000000,0
907018240,0x00000000,0
908066816,0x00000000,0
909115392,0x00000000,0
910163968,0x00000000,0
911212544,0x00000000,0
912261120,0x00000000,0
913309696,0x00000000,0
914358272,0x00000000,0
915406848,0x00000000,0
916455424,0x00000000,0
917504000,0x00000000,0
918552576,0x00000000,0
919601152,0x00000000,0
920649728,0x00000000,0
921698304,0x00000000,0
922746880,0x00000000,0
923795456,0x00000000,0
924844032,0x00000000,0
925892608,0x00000000,0
926941184,0x00000000,0
927989760,0x00000000,0
929038336,0x00000000,0
930086912,0x00000000,0
931135488,0x00000000,0
932184064,0x00000000,0
933232640,0x00000000,0
934281216,0x00000000,0
935329792,0x00000000,0
936378368,0x00000000,0
937426944,0x00000000,0
938475520,0x00000000,0
939524096,0x00000000,0
940572672,0x00000000,0
941621248,0x00000000,0
942669824,0x00000000,0
943718400,0x00000000,0
944766976,0x00000000,0
945815552,0x00000000,0
946864128,0x00000000,0
947912704,0x00000000,0
948961280,0x00000000,0
950009856,0x00000000,0
951058432,0x00000000,0
952107008,0x00000000,0
953155584,0x00000000,0
954204160,0x00000000,0
955252736,0x00000000,0
956301312,0x00000000,0
957349888,0x00000000,0
958398464,0x00000000,0
959447040,0x00000000,0
960495616,0x00000000,0
961544192,0x00000000,0
962592768,0x00000000,0
963641344,0x00000000,0
964689920,0x00000000,0
965738496,0x00000000,0
966787072,0x00000000,0
967835648,0x00000000,0
968884224,0x00000000,0
969932800,0x00000000,0
970981376,0x00000000,0
972029952,0x00000000,0
973078528,0x00000000,0
974127104,0x00000000,0
975175680,0x00000000,0
976224256,0x00000000,0
977272832,0x00000000,0
978321408,0x00000000,0
979369984,0x00000000,0
980418560,0x00000000,0
981467136,0x00000000,0
982515712,0x00000000,0
983564288,0x00000000,0
984612864,0x00000000,0
985661440,0x00000000,0
986710016,0x00000000,0
987758592,0x00000000,0
988807168,0x00000000,0
989855744,0x00000000,0
990904320,0x00000000,0
991952896,0x00000000,0
993001472,0x00000000,0
994050048,0x00000000,0
995098624,0x00000000,0
996147200,0x00000000,0
997195776,0x00000000,0
998244352,0x00000000,0
999292928,0x00000000,0
1000341504,0x00000000,0
1001390080,0x00000000,0
1002438656,0x00000000,0
1003487232,0x00000000,0
1004535808,0x00000000,0
1005584384,0x00000000,0
1006632960,0x00000000,0
1007681536,0x00000000,0
1008730112,0x00000000,0
1009778688,0x00000000,0
1010827264,0x00000000,0
1011875840,0x00000000,0
1012924416,0x00000000,0
1013972992,0x00000000,0
1015021568,0x00000000,0
1016070144,0x00000000,0
1017118720,0x00000000,0
1018167296,0x00000000,0
1019215872,0x00000000,0
1020264448,0x00000000,0
1021313024,0x00000000,0
1022361600,0x00000000,0
1023410176,0x00000000,0
1024458752,0x00000000,0
1025507328,0x00000000,0
1026555904,0x00000000,0
1027604480,0x00000000,0
1028653056,0x00000000,0
1029701632,0x00000000,0
1030750208,0x00000000,0
1031798784,0x00000000,0
1032847360,0x00000000,0
1033895936,0x00000000,0
1034944512,0x00000000,0
1035993088,0x00000000,0
1037041664,0x00000000,0
1038090240,0x00000000,0
1039138816,0x00000000,0
1040187392,0x00000000,0
1041235968,0x00000000,0
1042284544,0x00000000,0
1043333120,0x00000000,0
1044381696,0x00000000,0
1045430272,0x00000000,0
1046478848,0x00000000,0
1047527424,0x00000000,0
1048576000,0x00000000,0
1049624576,0x00000000,0
1050673152,0x00000000,0
1051721728,0x00000000,0
1052770304,0x00000000,0
1053818880,0x00000000,0
1054867456,0x00000000,0
1055916032,0x00000000,0
1056964608,0x00000000,0
1058013184,0x00000000,0
1059061760,0x00000000,0
1060110336,0x00000000,0
1061158912,0x00000000,0
1062207488,0x00000000,0
1063256064,0x00000000,0
1064304640,0x00000000,0
1065353216,0x00000000,0
1066401792,0x00000000,0
1067450368,0x00000000,0
1068498944,0x00000000,0
1069547520,0x00000000,0
1070596096,0x00000000,0
1071644672,0x00000000,0
1072693248,0x00000000,0
1073741824,0x00000000,0
1074790400,0x00000000,0
1075838976,0x00000000,0
1076887552,0x00000000,0
1077936128,0x00000000,0
1078984704,0x00000000,0
1080033280,0x00000000,0
1081081856,0x00000000,0
1082130432,0x00000000,0
1083179008,0x00000000,0
1084227584,0x00000000,0
1085276160,0x00000000,0
1086324736,0x00000000,0
1087373312,0x00000000,0
1088421888,0x00000000,0
1089470464,0x00000000,0
1090519040,0x00000000,0
1091567616,0x00000000,0
1092616192,0x00000000,0
1093664768,0x00000000,0
1094713344,0x00000000,0
1095761920,0x00000000,0
1096810496,0x00000000,0
1097859072,0x00000000,0
1098907648,0x00000000,0
1099956224,0x00000000,0
1101004800,0x00000000,0
1102053376,0x00000000,0
1103101952,0x00000000,0
1104150528,0x00000000,0
1105199104,0x00000000,0
1106247680,0x00000000,0
1107296256,0x00000000,0
1108344832,0x00000000,0
1109393408,0x00000000,0
1110441984,0x00000000,0
1111490560,0x00000000,0
1112539136,0x00000000,0
1113587712,0x00000000,0
1114636288,0x00000000,0
1115684864,0x00000000,0
1116733440,0x00000000,0
1117782016,0x00000000,0
1118830592,0x00000000,0
1119879168,0x00000000,0
1120927744,0x00000000,0
1121976320,0x00000000,0
1123024896,0x00000000,0
1124073472,0x00000000,0
1125122048,0x00000000,0
1126170624,0x00000000,0
1127219200,0x00000000,0
1128267776,0x00000000,0
1129316352,0x00000000,0
1130364928,0x00000000,0
1131413504,0x00000000,0
1132462080,0x00000000,0
1133510656,0x00000000,0
1134559232,0x00000000,0
1135607808,0x00000000,0
1136656384,0x00000000,0
1137704960,0x00000000,0
1138753536,0x00000000,0
1139802112,0x00000000,0
1140850688,0x00000000,0
1141899264,0x00000000,0
1142947840,0x00000000,0
1143996416,0x00000000,0
1145044992,0x00000000,0
1146093568,0x00000000,0
1147142144,0x00000000,0
1148190720,0x00000000,0
1149239296,0x00000000,0
1150287872,0x00000000,0
1151336448,0x00000000,0
1152385024,0x00000000,0
1153433600,0x00000000,0
1154482176,0x00000000,0
1155530752,0x00000000,0
1156579328,0x00000000,0
1157627904,0x00000000,0
1158676480,0x00000000,0
1159725056,0x00000000,0
1160773632,0x00000000,0
1161822208,0x00000000,0
1162870784,0x00000000,0
1163919360,0x00000000,0
1164967936,0x00000000,0
1166016512,0x00000000,0
1167065088,0x00000000,0
1168113664,0x00000000,0
1169162240,0x00000000,0
1170210816,0x00000000,0
1171259392,0x00000000,0
1172307968,0x00000000,0
1173356544,0x00000000,0
1174405120,0x00000000,0
1175453696,0x00000000,0
1176502272,0x00000000,0
1177550848,0x00000000,0
1178599424,0x00000000,0
1179648000,0x00000000,0
1180696576,0x00000000,0
1181745152,0x00000000,0
1182793728,0x00000000,0
1183842304,0x00000000,0
1184890880,0x00000000,0
1185939456,0x00000000,0
1186988032,0x00000000,0
1188036608,0x00000000,0
1189085184,0x00000000,0
1190133760,0x00000000,0
1191182336,0x00000000,0
1192230912,0x00000000,0
1193279488,0x00000000,0
1194328064,0x00000000,0
1195376640,0x00000000,0
1196425216,0x00000000,0
1197473792,0x00000000,0
1198522368,0x00000000,0
1199570944,0x00000000,0
1200619520,0x00000000,0
1201668096,0x00000000,0
1202716672,0x00000000,0
1203765248,0x00000000,0
1204813824,0x00000000,0
1205862400,0x00000000,0
1206910976,0x00000000,0
1207959552,0x00000000,0
1209008128,0x00000000,0
1210056704,0x00000000,0
1211105280,0x00000000,0
1212153856,0x00000000,0
1213202432,0x00000000,0
1214251008,0x00000000,0
1215299584,0x00000000,0
1216348160,0x00000000,0
1217396736,0x00000000,0
1218445312,0x00000000,0
1219493888,0x00000000,0
1220542464,0x00000000,0
1221591040,0x00000000,0
1222639616,0x00000000,0
1223688192,0x00000000,0
1224736768,0x00000000,0
1225785344,0x00000000,0
1226833920,0x00000000,0
1227882496,0x00000000,0
1228931072,0x00000000,0
1229979648,0x00000000,0
1231028224,0x00000000,0
1232076800,0x00000000,0
1233125376,0x00000000,0
1234173952,0x00000000,0
1235222528,0x00000000,0
1236271104,0x00000000,0
1237319680,0x00000000,0
1238368256,0x00000000,0
1239416832,0x00000000,0
1240465408,0x00000000,0
1241513984,0x00000000,0
1242562560,0x00000000,0
1243611136,0x00000000,0
1244659712,0x00000000,0
1245708288,0x00000000,0
1246756864,0x00000000,0
1247805440,0x00000000,0
1248854016,0x00000000,0
1249902592,0x00000000,0
1250951168,0x00000000,0
1251999744,0x00000000,0
1253048320,0x00000000,0
1254096896,0x00000000,0
1255145472,0x00000000,0
1256194048,0x00000000,0
1257242624,0x00000000,0
1258291200,0x00000000,0
1259339776,0x00000000,0
1260388352,0x00000000,0
1261436928,0x00000000,0
1262485504,0x00000000,0
1263534080,0x00000000,0
1264582656,0x00000000,0
1265631232,0x00000000,0
1266679808,0x00000000,0
1267728384,0x00000000,0
1268776960,0x00000000,0
1269825536,0x00000000,0
1270874112,0x00000000,0
1271922688,0x00000000,0
1272971264,0x00000000,0
1274019840,0x00000000,0
1275068416,0x00000000,0
1276116992,0x00000000,0
1277165568,0x00000000,0
1278214144,0x00000000,0
1279262720,0x00000000,0
1280311296,0x00000000,0
1281359872,0x00000000,0
1282408448,0x00000000,0
1283457024,0x00000000,0
1284505600,0x00000000,0
1285554176,0x00000000,0
1286602752,0x00000000,0
1287651328,0x00000000,0
1288699904,0x00000000,0
1289748480,0x00000000,0
1290797056,0x00000000,0
1291845632,0x00000000,0
1292894208,0x00000000,0
1293942784,0x00000000,0
1294991360,0x00000000,0
1296039936,0x00000000,0
1297088512,0x00000000,0
1298137088,0x00000000,0
1299185664,0x00000000,0
1300234240,0x00000000,0
1301282816,0x00000000,0
1302331392,0x00000000,0
1303379968,0x00000000,0
1304428544,0x00000000,0
1305477120,0x00000000,0
1306525696,0x00000000,0
1307574272,0x00000000,0
1308622848,0x00000000,0
1309671424,0x00000000,0
1310720000,0x00000000,0
1311768576,0x00000000,0
1312817152,0x00000000,0
1313865728,0x00000000,0
1314914304,0x00000000,0
1315962880,0x00000000,0
1317011456,0x00000000,0
1318060032,0x00000000,0
1319108608,0x00000000,0
1320157184,0x00000000,0
1321205760,0x00000000,0
1322254336,0x00000000,0
1323302912,0x00000000,0
1324351488,0x00000000,0
1325400064,0x00000000,0
1326448640,0x00000000,0
1327497216,0x00000000,0
1328545792,0x00000000,0
1329594368,0x00000000,0
1330642944,0x00000000,0
1331691520,0x00000000,0
1332740096,0x00000000,0
1333788672,0x00000000,0
1334837248,0x00000000,0
1335885824,0x00000000,0
1336934400,0x00000000,0
1337982976,0x00000000,0
1339031552,0x00000000,0
1340080128,0x00000000,0
1341128704,0x00000000,0
1342177280,0x00000000,0
1343225856,0x00000000,0
1344274432,0x00000000,0
1345323008,0x00000000,0
1346371584,0x00000000,0
1347420160,0x00000000,0
1348468736,0x00000000,0
1349517312,0x00000000,0
1350565888,0x00000000,0
1351614464,0x00000000,0
1352663040,0x00000000,0
1353711616,0x00000000,0
1354760192,0x00000000,0
1355808768,0x00000000,0
1356857344,0x00000000,0
1357905920,0x00000000,0
1358954496,0x00000000,0
1360003072,0x00000000,0
1361051648,0x00000000,0
1362100224,0x00000000,0
1363148800,0x00000000,0
1364197376,0x00000000,0
1365245952,0x00000000,0
1366294528,0x00000000,0
1367343104,0x00000000,0
1368391680,0x00000000,0
1369440256,0x00000000,0
1370488832,0x00000000,0
1371537408,0x00000000,0
1372585984,0x00000000,0
1373634560,0x00000000,0
1374683136,0x00000000,0
1375731712,0x00000000,0
1376780288,0x00000000,0
1377828864,0x00000000,0
1378877440,0x00000000,0
1379926016,0x00000000,0
1380974592,0x00000000,0
1382023168,0x00000000,0
1383071744,0x00000000,0
1384120320,0x00000000,0
1385168896,0x00000000,0
1386217472,0x00000000,0
1387266048,0x00000000,0
1388314624,0x00000000,0
1389363200,0x00000000,0
1390411776,0x00000000,0
1391460352,0x00000000,0
1392508928,0x00000000,0
1393557504,0x00000000,0
1394606080,0x00000000,0
1395654656,0x00000000,0
1396703232,0x00000000,0
1397751808,0x00000000,0
1398800384,0x00000000,0
1399848960,0x00000000,0
1400897536,0x00000000,0
1401946112,0x00000000,0
1402994688,0x00000000,0
1404043264,0x00000000,0
1405091840,0x00000000,0
1406140416,0x00000000,0
1407188992,0x00000000,0
1408237568,0x00000000,0
1409286144,0x00000000,0
1410334720,0x00000000,0
1411383296,0x00000000,0
1412431872,0x00000000,0
1413480448,0x00000000,0
1414529024,0x00000000,0
1415577600,0x00000000,0
1416626176,0x00000000,0
1417674752,0x00000000,0
1418723328,0x00000000,0
1419771904,0x00000000,0
1420820480,0x00000000,0
1421869056,0x00000000,0
1422917632,0x00000000,0
1423966208,0x00000000,0
1425014784,0x00000000,0
1426063360,0x00000000,0
1427111936,0x00000000,0
1428160512,0x00000000,0
1429209088,0x00000000,0
1430257664,0x00000000,0
1431306240,0x00000000,0
1432354816,0x00000000,0
1433403392,0x00000000,0
1434451968,0x00000000,0
1435500544,0x00000000,0
1436549120,0x00000000,0
1437597696,0x00000000,0
1438646272,0x00000000,0
1439694848,0x00000000,0
1440743424,0x00000000,0
1441792000,0x00000000,0
1442840576,0x00000000,0
1443889152,0x00000000,0
1444937728,0x00000000,0
1445986304,0x00000000,0
1447034880,0x00000000,0
1448083456,0x00000000,0
1449132032,0x00000000,0
1450180608,0x00000000,0
1451229184,0x00000000,0
1452277760,0x00000000,0
1453326336,0x00000000,0
1454374912,0x00000000,0
1455423488,0x00000000,0
1456472064,0x00000000,0
1457520640,0x00000000,0
1458569216,0x00000000,0
1459617792,0x00000000,0
1460666368,0x00000000,0
1461714944,0x00000000,0
1462763520,0x00000000,0
1463812096,0x00000000,0
1464860672,0x00000000,0
1465909248,0x00000000,0
1466957824,0x00000000,0
1468006400,0x00000000,0
1469054976,0x00000000,0
1470103552,0x00000000,0
1471152128,0x00000000,0
1472200704,0x00000000,0
1473249280,0x00000000,0
1474297856,0x00000000,0
1475346432,0x00000000,0
1476395008,0x00000000,0
1477443584,0x00000000,0
1478492160,0x00000000,0
1479540736,0x00000000,0
1480589312,0x00000000,0
1481637888,0x00000000,0
1482686464,0x00000000,0
1483735040,0x00000000,0
1484783616,0x00000000,0
1485832192,0x00000000,0
1486880768,0x00000000,0
1487929344,0x00000000,0
1488977920,0x00000000,0
1490026496,0x00000000,0
1491075072,0x00000000,0
1492123648,0x00000000,0
1493172224,0x00000000,0
1494220800,0x00000000,0
1495269376,0x00000000,0
1496317952,0x00000000,0
1497366528,0x00000000,0
1498415104,0x00000000,0
1499463680,0x00000000,0
1500512256,0x00000000,0
1501560832,0x00000000,0
1502609408,0x00000000,0
1503657984,0x00000000,0
1504706560,0x00000000,0
1505755136,0x00000000,0
1506803712,0x00000000,0
1507852288,0x00000000,0
1508900864,0x00000000,0
1509949440,0x00000000,0
1510998016,0x00000000,0
1512046592,0x00000000,0
1513095168,0x00000000,0
1514143744,0x00000000,0
1515192320,0x00000000,0
1516240896,0x00000000,0
1517289472,0x00000000,0
1518338048,0x00000000,0
1519386624,0x00000000,0
1520435200,0x00000000,0
1521483776,0x00000000,0
1522532352,0x00000000,0
1523580928,0x00000000,0
1524629504,0x00000000,0
1525678080,0x00000000,0
1526726656,0x00000000,0
1527775232,0x00000000,0
1528823808,0x00000000,0
1529872384,0x00000000,0
1530920960,0x00000000,0
1531969536,0x00000000,0
1533018112,0x00000000,0
1534066688,0x00000000,0
1535115264,0x00000000,0
1536163840,0x00000000,0
1537212416,0x00000000,0
1538260992,0x00000000,0
1539309568,0x00000000,0
1540358144,0x00000000,0
1541406720,0x00000000,0
1542455296,0x00000000,0
1543503872,0x00000000,0
1544552448,0x00000000,0
1545601024,0x00000000,0
1546649600,0x00000000,0
1547698176,0x00000000,0
1548746752,0x00000000,0
1549795328,0x00000000,0
1550843904,0x00000000,0
1551892480,0x00000000,0
1552941056,0x00000000,0
1553989632,0x00000000,0
1555038208,0x00000000,0
1556086784,0x00000000,0
1557135360,0x00000000,0
1558183936,0x00000000,0
1559232512,0x00000000,0
1560281088,0x00000000,0
1561329664,0x00000000,0
1562378240,0x00000000,0
1563426816,0x00000000,0
1564475392,0x00000000,0
1565523968,0x00000000,0
1566572544,0x00000000,0
1567621120,0x00000000,0
1568669696,0x00000000,0
1569718272,0x00000000,0
1570766848,0x00000000,0
1571815424,0x00000000,0
1572864000,0x00000000,0
1573912576,0x00000000,0
1574961152,0x00000000,0
1576009728,0x00000000,0
1577058304,0x00000000,0
1578106880,0x00000000,0
1579155456,0x00000000,0
1580204032,0x00000000,0
1581252608,0x00000000,0
1582301184,0x00000000,0
1583349760,0x00000000,0
1584398336,0x00000000,0
1585446912,0x00000000,0
1586495488,0x00000000,0
1587544064,0x00000000,0
1588592640,0x00000000,0
1589641216,0x00000000,0
1590689792,0x00000000,0
1591738368,0x00000000,0
1592786944,0x00000000,0
1593835520,0x00000000,0
1594884096,0x00000000,0
1595932672,0x00000000,0
1596981248,0x00000000,0
1598029824,0x00000000,0
1599078400,0x00000000,0
1600126976,0x00000000,0
1601175552,0x00000000,0
1602224128,0x00000000,0
1603272704,0x00000000,0
1604321280,0x00000000,0
1605369856,0x00000000,0
1606418432,0x00000000,0
1607467008,0x00000000,0
1608515584,0x00000000,0
1609564160,0x00000000,0
1610612736,0x00000000,0
1611661312,0x00000000,0
1612709888,0x00000000,0
1613758464,0x00000000,0
1614807040,0x00000000,0
1615855616,0x00000000,0
1616904192,0x00000000,0
1617952768,0x00000000,0
1619001344,0x00000000,0
1620049920,0x00000000,0
1621098496,0x00000000,0
1622147072,0x00000000,0
1623195648,0x00000000,0
1624244224,0x00000000,0
1625292800,0x00000000,0
1626341376,0x00000000,0
1627389952,0x00000000,0
1628438528,0x00000000,0
1629487104,0x00000000,0
1630535680,0x00000000,0
1631584256,0x00000000,0
1632632832,0x00000000,0
1633681408,0x00000000,0
1634729984,0x00000000,0
1635778560,0x00000000,0
1636827136,0x00000000,0
1637875712,0x00000000,0
1638924288,0x00000000,0
1639972864,0x00000000,0
1641021440,0x00000000,0
1642070016,0x00000000,0
1643118592,0x00000000,0
1644167168,0x00000000,0
1645215744,0x00000000,0
1646264320,0x00000000,0
1647312896,0x00000000,0
1648361472,0x00000000,0
1649410048,0x00000000,0
1650458624,0x00000000,0
1651507200,0x00000000,0
1652555776,0x00000000,0
1653604352,0x00000000,0
1654652928,0x00000000,0
1655701504,0x00000000,0
1656750080,0x00000000,0
1657798656,0x00000000,0
1658847232,0x00000000,0
1659895808,0x00000000,0
1660944384,0x00000000,0
1661992960,0x00000000,0
1663041536,0x00000000,0
1664090112,0x00000000,0
1665138688,0x00000000,0
1666187264,0x00000000,0
1667235840,0x00000000,0
1668284416,0x00000000,0
1669332992,0x00000000,0
1670381568,0x00000000,0
1671430144,0x00000000,0
1672478720,0x00000000,0
1673527296,0x00000000,0
1674575872,0x00000000,0
1675624448,0x00000000,0
1676673024,0x00000000,0
1677721600,0x00000000,0
1678770176,0x00000000,0
1679818752,0x00000000,0
1680867328,0x00000000,0
1681915904,0x00000000,0
1682964480,0x00000000,0
1684013056,0x00000000,0
1685061632,0x00000000,0
1686110208,0x00000000,0
1687158784,0x00000000,0
1688207360,0x00000000,0
1689255936,0x00000000,0
1690304512,0x00000000,0
1691353088,0x00000000,0
1692401664,0x00000000,0
1693450240,0x00000000,0
1694498816,0x00000000,0
1695547392,0x00000000,0
1696595968,0x00000000,0
1697644544,0x00000000,0
1698693120,0x00000000,0
1699741696,0x00000000,0
1700790272,0x00000000,0
1701838848,0x00000000,0
1702887424,0x00000000,0
1703936000,0x00000000,0
1704984576,0x00000000,0
1706033152,0x00000000,0
1707081728,0x00000000,0
1708130304,0x00000000,0
1709178880,0x00000000,0
1710227456,0x00000000,0
1711276032,0x00000000,0
1712324608,0x00000000,0
1713373184,0x00000000,0
1714421760,0x00000000,0
1715470336,0x00000000,0
1716518912,0x00000000,0
1717567488,0x00000000,0
1718616064,0x00000000,0
1719664640,0x00000000,0
1720713216,0x00000000,0
1721761792,0x00000000,0
1722810368,0x00000000,0
1723858944,0x00000000,0
1724907520,0x00000000,0
1725956096,0x00000000,0
1727004672,0x00000000,0
1728053248,0x00000000,0
1729101824,0x00000000,0
1730150400,0x00000000,0
1731198976,0x00000000,0
1732247552,0x00000000,0
1733296128,0x00000000,0
1734344704,0x00000000,0
1735393280,0x00000000,0
1736441856,0x00000000,0
1737490432,0x00000000,0
1738539008,0x00000000,0
1739587584,0x00000000,0
1740636160,0x00000000,0
1741684736,0x00000000,0
1742733312,0x00000000,0
1743781888,0x00000000,0
1744830464,0x00000000,0
1745879040,0x00000000,0
1746927616,0x00000000,0
1747976192,0x00000000,0
1749024768,0x00000000,0
1750073344,0x00000000,0
1751121920,0x00000000,0
1752170496,0x00000000,0
1753219072,0x00000000,0
1754267648,0x00000000,0
1755316224,0x00000000,0
1756364800,0x00000000,0
1757413376,0x00000000,0
1758461952,0x00000000,0
1759510528,0x00000000,0
1760559104,0x00000000,0
1761607680,0x00000000,0
1762656256,0x00000000,0
1763704832,0x00000000,0
1764753408,0x00000000,0
1765801984,0x00000000,0
1766850560,0x00000000,0
1767899136,0x00000000,0
1768947712,0x00000000,0
1769996288,0x00000000,0
1771044864,0x00000000,0
1772093440,0x00000000,0
1773142016,0x00000000,0
1774190592,0x00000000,0
1775239168,0x00000000,0
1776287744,0x00000000,0
1777336320,0x00000000,0
1778384896,0x00000000,0
1779433472,0x00000000,0
1780482048,0x00000000,0
1781530624,0x00000000,0
1782579200,0x00000000,0
1783627776,0x00000000,0
1784676352,0x00000000,0
1785724928,0x00000000,0
1786773504,0x00000000,0
1787822080,0x00000000,0
1788870656,0x00000000,0
1789919232,0x00000000,0
1790967808,0x00000000,0
1792016384,0x00000000,0
1793064960,0x00000000,0
1794113536,0x00000000,0
1795162112,0x00000000,0
1796210688,0x00000000,0
1797259264,0x00000000,0
1798307840,0x00000000,0
1799356416,0x00000000,0
1800404992,0x00000000,0
1801453568,0x00000000,0
1802502144,0x00000000,0
1803550720,0x00000000,0
1804599296,0x00000000,0
1805647872,0x00000000,0
1806696448,0x00000000,0
1807745024,0x00000000,0
1808793600,0x00000000,0
1809842176,0x00000000,0
1810890752,0x00000000,0
1811939328,0x00000000,0
1812987904,0x00000000,0
1814036480,0x00000000,0
1815085056,0x00000000,0
1816133632,0x00000000,0
1817182208,0x00000000,0
1818230784,0x00000000,0
1819279360,0x00000000,0
1820327936,0x00000000,0
1821376512,0x00000000,0
1822425088,0x00000000,0
1823473664,0x00000000,0
1824522240,0x00000000,0
1825570816,0x00000000,0
1826619392,0x00000000,0
1827667968,0x00000000,0
1828716544,0x00000000,0
1829765120,0x00000000,0
1830813696,0x00000000,0
1831862272,0x00000000,0
1832910848,0x00000000,0
1833959424,0x00000000,0
1835008000,0x00000000,0
1836056576,0x00000000,0
1837105152,0x00000000,0
1838153728,0x00000000,0
1839202304,0x00000000,0
1840250880,0x00000000,0
1841299456,0x00000000,0
1842348032,0x00000000,0
1843396608,0x00000000,0
1844445184,0x00000000,0
1845493760,0x00000000,0
1846542336,0x00000000,0
1847590912,0x00000000,0
1848639488,0x00000000,0
1849688064,0x00000000,0
1850736640,0x00000000,0
1851785216,0x00000000,0
1852833792,0x00000000,0
1853882368,0x00000000,0
1854930944,0x00000000,0
1855979520,0x00000000,0
1857028096,0x00000000,0
1858076672,0x00000000,0
1859125248,0x00000000,0
1860173824,0x00000000,0
1861222400,0x00000000,0
1862270976,0x00000000,0
1863319552,0x00000000,0
1864368128,0x00000000,0
1865416704,0x00000000,0
1866465280,0x00000000,0
1867513856,0x00000000,0
1868562432,0x00000000,0
1869611008,0x00000000,0
1870659584,0x00000000,0
1871708160,0x00000000,0
1872756736,0x00000000,0
1873805312,0x00000000,0
1874853888,0x00000000,0
1875902464,0x00000000,0
1876951040,0x00000000,0
1877999616,0x00000000,0
1879048192,0x00000000,0
1880096768,0x00000000,0
1881145344,0x00000000,0
1882193920,0x00000000,0
1883242496,0x00000000,0
1884291072,0x00000000,0
1885339648,0x00000000,0
1886388224,0x00000000,0
1887436800,0x00000000,0
1888485376,0x00000000,0
1889533952,0x00000000,0
1890582528,0x00000000,0
1891631104,0x00000000,0
1892679680,0x00000000,0
1893728256,0x00000000,0
1894776832,0x00000000,0
1895825408,0x00000000,0
1896873984,0x00000000,0
1897922560,0x00000000,0
1898971136,0x00000000,0
1900019712,0x00000000,0
1901068288,0x00000000,0
1902116864,0x00000000,0
1903165440,0x00000000,0
1904214016,0x00000000,0
1905262592,0x00000000,0
1906311168,0x00000000,0
1907359744,0x00000000,0
1908408320,0x00000000,0
1909456896,0x00000000,0
1910505472,0x00000000,0
1911554048,0x00000000,0
1912602624,0x00000000,0
1913651200,0x00000000,0
1914699776,0x00000000,0
1915748352,0x00000000,0
1916796928,0x00000000,0
1917845504,0x00000000,0
1918894080,0x00000000,0
1919942656,0x00000000,0
1920991232,0x00000000,0
1922039808,0x00000000,0
1923088384,0x00000000,0
1924136960,0x00000000,0
1925185536,0x00000000,0
1926234112,0x00000000,0
1927282688,0x00000000,0
1928331264,0x00000000,0
1929379840,0x00000000,0
1930428416,0x00000000,0
1931476992,0x00000000,0
1932525568,0x00000000,0
1933574144,0x00000000,0
1934622720,0x00000000,0
1935671296,0x00000000,0
1936719872,0x00000000,0
1937768448,0x00000000,0
1938817024,0x00000000,0
1939865600,0x00000000,0
1940914176,0x00000000,0
1941962752,0x00000000,0
1943011328,0x00000000,0
1944059904,0x00000000,0
1945108480,0x00000000,0
1946157056,0x00000000,0
1947205632,0x00000000,0
1948254208,0x00000000,0
1949302784,0x00000000,0
1950351360,0x00000000,0
1951399936,0x00000000,0
1952448512,0x00000000,0
1953497088,0x00000000,0
1954545664,0x00000000,0
1955594240,0x00000000,0
1956642816,0x00000000,0
1957691392,0x00000000,0
1958739968,0x00000000,0
1959788544,0x00000000,0
1960837120,0x00000000,0
1961885696,0x00000000,0
1962934272,0x00000000,0
1963982848,0x00000000,0
1965031424,0x00000000,0
1966080000,0x00000000,0
1967128576,0x00000000,0
1968177152,0x00000000,0
1969225728,0x00000000,0
1970274304,0x00000000,0
1971322880,0x00000000,0
1972371456,0x00000000,0
1973420032,0x00000000,0
1974468608,0x00000000,0
1975517184,0x00000000,0
1976565760,0x00000000,0
1977614336,0x00000000,0
1978662912,0x00000000,0
1979711488,0x00000000,0
1980760064,0x00000000,0
1981808640,0x00000000,0
1982857216,0x00000000,0
1983905792,0x00000000,0
1984954368,0x00000000,0
1986002944,0x00000000,0
1987051520,0x00000000,0
1988100096,0x00000000,0
1989148672,0x00000000,0
1990197248,0x00000000,0
1991245824,0x00000000,0
1992294400,0x00000000,0
1993342976,0x00000000,0
1994391552,0x00000000,0
1995440128,0x00000000,0
1996488704,0x00000000,0
1997537280,0x00000000,0
1998585856,0x00000000,0
1999634432,0x00000000,0
2000683008,0x00000000,0
2001731584,0x00000000,0
2002780160,0x00000000,0
2003828736,0x00000000,0
2004877312,0x00000000,0
2005925888,0x00000000,0
2006974464,0x00000000,0
2008023040,0x00000000,0
2009071616,0x00000000,0
2010120192,0x00000000,0
2011168768,0x00000000,0
2012217344,0x00000000,0
2013265920,0x00000000,0
2014314496,0x00000000,0
2015363072,0x00000000,0
2016411648,0x00000000,0
2017460224,0x00000000,0
2018508800,0x00000000,0
2019557376,0x00000000,0
2020605952,0x00000000,0
2021654528,0x00000000,0
2022703104,0x00000000,0
2023751680,0x00000000,0
2024800256,0x00000000,0
2025848832,0x00000000,0
2026897408,0x00000000,0
2027945984,0x00000000,0
2028994560,0x00000000,0
2030043136,0x00000000,0
2031091712,0x00000000,0
2032140288,0x00000000,0
2033188864,0x00000000,0
2034237440,0x00000000,0
2035286016,0x00000000,0
2036334592,0x00000000,0
2037383168,0x00000000,0
2038431744,0x00000000,0
2039480320,0x00000000,0
2040528896,0x00000000,0
2041577472,0x00000000,0
2042626048,0x00000000,0
2043674624,0x00000000,0
2044723200,0x00000000,0
2045771776,0x00000000,0
2046820352,0x00000000,0
2047868928,0x00000000,0
2048917504,0x00000000,0
2049966080,0x00000000,0
2051014656,0x00000000,0
2052063232,0x00000000,0
2053111808,0x00000000,0
2054160384,0x00000000,0
2055208960,0x00000000,0
2056257536,0x00000000,0
2057306112,0x00000000,0
2058354688,0x00000000,0
2059403264,0x00000000,0
2060451840,0x00000000,0
2061500416,0x00000000,0
2062548992,0x00000000,0
2063597568,0x00000000,0
2064646144,0x00000000,0
2065694720,0x00000000,0
2066743296,0x00000000,0
2067791872,0x00000000,0
2068840448,0x00000000,0
2069889024,0x00000000,0
2070937600,0x00000000,0
2071986176,0x00000000,0
2073034752,0x00000000,0
2074083328,0x00000000,0
2075131904,0x00000000,0
2076180480,0x00000000,0
2077229056,0x00000000,0
2078277632,0x00000000,0
2079326208,0x00000000,0
2080374784,0x00000000,0
2081423360,0x00000000,0
2082471936,0x00000000,0
2083520512,0x00000000,0
2084569088,0x00000000,0
2085617664,0x00000000,0
2086666240,0x00000000,0
2087714816,0x00000000,0
2088763392,0x00000000,0
2089811968,0x00000000,0
2090860544,0x00000000,0
2091909120,0x00000000,0
2092957696,0x00000000,0
2094006272,0x00000000,0
2095054848,0x00000000,0
2096103424,0x00000000,0
2097152000,0x00000000,0
2098200576,0x00000000,0
2099249152,0x00000000,0
2100297728,0x00000000,0
2101346304,0x00000000,0
2102394880,0x00000000,0
2103443456,0x00000000,0
2104492032,0x00000000,0
2105540608,0x00000000,0
2106589184,0x00000000,0
2107637760,0x00000000,0
2108686336,0x00000000,0
2109734912,0x00000000,0
2110783488,0x00000000,0
2111832064,0x00000000,0
2112880640,0x00000000,0
2113929216,0x00000000,0
2114977792,0x00000000,0
2116026368,0x00000000,0
2117074944,0x00000000,0
2118123520,0x00000000,0
2119172096,0x00000000,0
2120220672,0x00000000,0
2121269248,0x00000000,0
2122317824,0x00000000,0
2123366400,0x00000000,0
2124414976,0x00000000,0
2125463552,0x00000000,0
2126512128,0x00000000,0
2127560704,0x00000000,0
2128609280,0x00000000,0
2129657856,0x00000000,0
2130706432,0x00000000,0
2131755008,0x00000000,0
2132803584,0x00000000,0
2133852160,0x00000000,0
2134900736,0x00000000,0
2135949312,0x00000000,0
2136997888,0x00000000,0
2138046464,0x00000000,0
2139095040,0x00000000,0
2140143616,0x00000000,0
2141192192,0x00000000,0
2142240768,0x00000000,0
2143289344,0x00000000,0
2144337920,0x00000000,0
2145386496,0x00000000,0
2146435072,0x00000000,0
