0,0x00000016,22
1,0x0000122a,4650
2,0x000016c1,5825
3,0x00001852,6226
4,0x00001865,6245
5,0x00002739,10041
6,0x00003950,14672
7,0x00003de5,15845
8,0x00003f78,16248
9,0x001fdcc8,2088136
10,0x001fdf1f,2088735
11,0x001ff2f7,2093815
12,0x00201a07,2103815
13,0x00201e17,2104855
14,0x00202227,2105895
15,0x00204526,2114854
16,0x00206c36,2124854
17,0x00209346,2134854
18,0x0020b695,2143893
19,0x0020ba56,2144854
20,0x0020e165,2154853
21,0x0020e175,2154869
22,0x00210898,2164888
23,0x00212fbc,2174908
24,0x00215324,2183972
25,0x002156e0,2184928
26,0x00217e04,2194948
27,0x0021a527,2204967
28,0x0021a548,2205000
29,0x0021cc4c,2214988
30,0x0021f36f,2225007
31,0x00221a93,2235027
32,0x002241b5,2245045
33,0x002241d3,2245075
34,0x002268f5,2255093
35,0x00229018,2265112
36,0x0022b73c,2275132
37,0x0022de5f,2285151
38,0x00230582,2295170
39,0x00232cd4,2305236
40,0x002353f8,2315256
41,0x00237b1c,2325276
42,0x0023a240,2335296
43,0x0023c963,2345315
44,0x0023c97a,2345338
45,0x0023f0ca,2355402
46,0x002417f0,2365424
47,0x00243f15,2375445
48,0x00246639,2385465
49,0x00248d5c,2395484
50,0x0024b482,2405506
51,0x0024dba8,2415528
52,0x002502cc,2425548
53,0x002529ef,2435567
54,0x00255113,2445587
55,0x0025512c,2445612
56,0x002573de,2454494
57,0x00257801,2455553
58,0x00257851,2455633
59,0x0025805f,2457695
60,0x00259aef,2464495
61,0x00259f75,2465653
62,0x0025a35e,2466654
63,0x0025c1fe,2474494
64,0x0025c69a,2475674
65,0x0025e90e,2484494
66,0x0025edbf,2485695
67,0x0026101e,2494494
68,0x002614e3,2495715
69,0x00261d16,2497814
70,0x0026372d,2504493
71,0x0026373d,2504509
72,0x00263c08,2505736
73,0x00265e62,2514530
74,0x0026632d,2515757
75,0x00268587,2524551
76,0x00268a52,2525778
77,0x0026acad,2534573
78,0x0026b176,2535798
79,0x0026b9cc,2537932
80,0x0026d3d0,2544592
81,0x0026d89b,2545819
82,0x0026d8c7,2545863
83,0x0026fadd,2554589
84,0x0026faf5,2554613
85,0x0026ffec,2555884
86,0x00272218,2564632
87,0x00272710,2565904
88,0x0027493b,2574651
89,0x00274e34,2575924
90,0x0027705e,2584670
91,0x00277558,2585944
92,0x00279781,2594689
93,0x0027979e,2594718
94,0x00279c7b,2595963
95,0x0027bec2,2604738
96,0x0027c39f,2605983
97,0x0027e5e5,2614757
98,0x0027eac1,2616001
99,0x00280d09,2624777
100,0x002811e4,2626020
101,0x0028342c,2634796
102,0x00283906,2636038
103,0x00285b50,2644816
104,0x00286029,2646057
105,0x0028603f,2646079
106,0x00288274,2654836
107,0x00288723,2656035
108,0x00288764,2656100
109,0x0028a997,2664855
110,0x0028ae88,2666120
111,0x0028d5ac,2676140
112,0x0028e796,2680726
113,0x0028fccf,2686159
114,0x00290eba,2690746
115,0x002923f3,2696179
116,0x002935de,2700766
117,0x002935f5,2700789
118,0x00294b17,2706199
119,0x00294b58,2706264
120,0x00295d18,2710808
121,0x0029723c,2716220
122,0x0029843c,2720828
123,0x00299960,2726240
124,0x0029ab5f,2730847
125,0x0029c086,2736262
126,0x0029d283,2740867
127,0x0029e7ab,2746283
128,0x0029e7c3,2746307
129,0x0029f9a7,2750887
130,0x002a0ee8,2756328
131,0x002a20ca,2760906
132,0x002a360d,2766349
133,0x002a47ed,2770925
134,0x002a5d31,2776369
135,0x002a6f11,2780945
136,0x002a7b8d,2784141
137,0x002a80dd,2785501
138,0x002a8454,2786388
139,0x002a8bf5,2788341
140,0x002a9634,2790964
141,0x002aa7ed,2795501
142,0x002aab79,2796409
143,0x002abd58,2800984
144,0x002abd71,2801009
145,0x002acefc,2805500
146,0x002ad29c,2806428
147,0x002ae494,2811028
148,0x002ae4b5,2811061
149,0x002af9c0,2816448
150,0x002b0bb8,2821048
151,0x002b181c,2824220
152,0x002b1d2a,2825514
153,0x002b1d3a,2825530
154,0x002b20e4,2826468
155,0x002b32dc,2831068
156,0x002b445e,2835550
157,0x002b4807,2836487
158,0x002b59ff,2841087
159,0x002b6b82,2845570
160,0x002b6f2b,2846507
161,0x002b6f43,2846531
162,0x002b8123,2851107
163,0x002b92a5,2855589
164,0x002b9667,2856551
165,0x002ba848,2861128
166,0x002bb4aa,2864298
167,0x002bb9ca,2865610
168,0x002bbd8c,2866572
169,0x002bcf2a,2871082
170,0x002bcf6c,2871148
171,0x002be0ee,2875630
172,0x002be132,2875698
173,0x002be4af,2876591
174,0x002bf68f,2881167
175,0x002c0811,2885649
176,0x002c0bd4,2886612
177,0x002c1db3,2891187
178,0x002c2f34,2895668
179,0x002c32f9,2896633
180,0x002c44d6,2901206
181,0x002c44ed,2901229
182,0x002c5657,2905687
183,0x002c5a1e,2906654
184,0x002c6c12,2911250
185,0x002c7d7b,2915707
186,0x002c7d99,2915737
187,0x002c8143,2916675
188,0x002c9338,2921272
189,0x002ca4bc,2925756
190,0x002ca867,2926695
191,0x002cba5b,2931291
192,0x002ccbe1,2935777
193,0x002ccf8a,2936714
194,0x002ce17d,2941309
195,0x002cf305,2945797
196,0x002cf6ae,2946734
197,0x002cf6c2,2946754
198,0x002d089f,2951327
199,0x002d1a29,2955817
200,0x002d1de4,2956772
201,0x002d1e10,2956816
202,0x002d2fc3,2961347
203,0x002d414d,2965837
204,0x002d4507,2966791
205,0x002d56e7,2971367
206,0x002d6870,2975856
207,0x002d6c2a,2976810
208,0x002d7e0b,2981387
209,0x002d8f94,2985876
210,0x002d934e,2986830
211,0x002da530,2991408
212,0x002db6b9,2995897
213,0x002dba70,2996848
214,0x002dcc53,3001427
215,0x002dcc68,3001448
216,0x002ddddd,3005917
217,0x002de194,3006868
218,0x002df38b,3011467
219,0x002e0502,3015938
220,0x002e051c,3015964
221,0x002e08b8,3016888
222,0x002e1aae,3021486
223,0x002e2c42,3025986
224,0x002e2fdc,3026908
225,0x002e41d4,3031508
226,0x002e5365,3036005
227,0x002e5701,3036929
228,0x002e68f8,3041528
229,0x002e7a89,3046025
230,0x002e7e25,3046949
231,0x002e7e3b,3046971
232,0x002e901c,3051548
233,0x002ea1ad,3056045
234,0x002ea55f,3056991
235,0x002eb73e,3061566
236,0x002eb76d,3061613
237,0x002ec8d3,3066067
238,0x002ecc83,3067011
239,0x002ede64,3071588
240,0x002eeff7,3076087
241,0x002ef3a8,3077032
242,0x002f0588,3081608
243,0x002f171b,3086107
244,0x002f1acc,3087052
245,0x002f28b0,3090608
246,0x002f2caa,3091626
247,0x002f2d38,3091768
248,0x002f3e40,3096128
249,0x002f41f0,3097072
250,0x002f4cc8,3099848
251,0x002f53cd,3101645
252,0x002f5401,3101697
253,0x002f5448,3101768
254,0x002f5f38,3104568
255,0x002f62b4,3105460
256,0x002f62c4,3105476
257,0x002f6564,3106148
258,0x002f6915,3107093
259,0x002f7b23,3111715
260,0x002f89ef,3115503
261,0x002f8c89,3116169
262,0x002f8ca3,3116195
263,0x002f9039,3117113
264,0x002fa245,3121733
265,0x002fb114,3125524
266,0x002fb3c7,3126215
267,0x002fb3ea,3126250
268,0x002fb75e,3127134
269,0x002fc968,3131752
270,0x002fd837,3135543
271,0x002fdaed,3136237
272,0x002fde81,3137153
273,0x002ff08a,3141770
274,0x002ff0ae,3141806
275,0x002fff5a,3145562
276,0x00300211,3146257
277,0x003005a4,3147172
278,0x003005bd,3147197
279,0x003017ad,3151789
280,0x00302649,3155529
281,0x0030267f,3155583
282,0x00302934,3156276
283,0x00302c92,3157138
284,0x00302ce1,3157217
285,0x00303ed0,3161808
286,0x00304da2,3165602
287,0x0030505a,3166298
288,0x00305405,3167237
289,0x003065f3,3171827
290,0x003074c5,3175621
291,0x0030777e,3176318
292,0x00307b28,3177256
293,0x00308d15,3181845
294,0x00308d3d,3181885
295,0x00309be9,3185641
296,0x00309ea2,3186338
297,0x0030a24e,3187278
298,0x0030b438,3191864
299,0x0030b440,3191872
300,0x0030c30d,3195661
301,0x0030c5c6,3196358
302,0x0030c971,3197297
303,0x0030db5d,3201885
304,0x0030db75,3201909
305,0x0030ea30,3205680
306,0x0030ea50,3205712
307,0x0030ecec,3206380
308,0x0030f096,3207318
309,0x0030f0c7,3207367
310,0x00310299,3211929
311,0x00311172,3215730
312,0x003113ec,3216364
313,0x00311410,3216400
314,0x00311427,3216423
315,0x003117b9,3217337
316,0x003129bb,3221947
317,0x00313895,3225749
318,0x00313b4b,3226443
319,0x00313edd,3227357
320,0x003150df,3231967
321,0x00315fb9,3235769
322,0x0031626e,3236462
323,0x00316601,3237377
324,0x00317803,3241987
325,0x003186dc,3245788
326,0x00318992,3246482
327,0x00318d25,3247397
328,0x00318d3c,3247420
329,0x00319f26,3252006
330,0x0031adff,3255807
331,0x0031b0b7,3256503
332,0x0031b461,3257441
333,0x0031c649,3262025
334,0x0031d524,3265828
335,0x0031d7da,3266522
336,0x0031db85,3267461
337,0x0031ed6b,3272043
338,0x0031fc48,3275848
339,0x0031feff,3276543
340,0x003202a9,3277481
341,0x00321490,3282064
342,0x0032236c,3285868
343,0x00322624,3286564
344,0x003229cf,3287503
345,0x00323bb2,3292082
346,0x00324a90,3295888
347,0x00324d48,3296584
348,0x003250f4,3297524
349,0x003262d6,3302102
350,0x003262ed,3302125
351,0x003271b5,3305909
352,0x003271cd,3305933
353,0x0032746b,3306603
354,0x00327817,3307543
355,0x00328a0f,3312143
356,0x00328a24,3312164
357,0x003298f2,3315954
358,0x00329b90,3316624
359,0x00329bc1,3316673
360,0x00329f3b,3317563
361,0x0032b133,3322163
362,0x0032c016,3325974
363,0x0032c2e4,3326692
364,0x0032c660,3327584
365,0x0032d857,3332183
366,0x0032e73a,3335994
367,0x0032ea06,3336710
368,0x0032ed84,3337604
369,0x0032ff7b,3342203
370,0x00330e27,3345959
371,0x00330e5e,3346014
372,0x00331129,3346729
373,0x003314a8,3347624
374,0x003314be,3347646
375,0x003326a0,3352224
376,0x00333584,3356036
377,0x0033384e,3356750
378,0x00333be1,3357665
379,0x00334dc6,3362246
380,0x00335ca9,3366057
381,0x00335f74,3366772
382,0x00336305,3367685
383,0x003374ea,3372266
384,0x003383cc,3376076
385,0x00338699,3376793
386,0x003386a2,3376802
387,0x00338a28,3377704
388,0x00339c0d,3382285
389,0x0033aaf1,3386097
390,0x0033adbe,3386814
391,0x0033b14b,3387723
392,0x0033c332,3392306
393,0x0033d217,3396119
394,0x0033d4e2,3396834
395,0x0033d86f,3397743
396,0x0033ea55,3402325
397,0x0033ea6a,3402346
398,0x0033f901,3406081
399,0x0033f93c,3406140
400,0x0033f954,3406164
401,0x0033fc06,3406854
402,0x0033ff92,3407762
403,0x0034118d,3412365
404,0x00342079,3416185
405,0x0034232a,3416874
406,0x00342342,3416898
407,0x003426b4,3417780
408,0x003438b0,3422384
409,0x00344779,3426169
410,0x0034479e,3426206
411,0x00344a67,3426919
412,0x00344dd8,3427800
413,0x003457b9,3430329
414,0x00345fd3,3432403
415,0x00346346,3433286
416,0x00346356,3433302
417,0x00346e89,3436169
418,0x00346ec1,3436225
419,0x0034718a,3436938
420,0x003474fd,3437821
421,0x003476d1,3438289
422,0x003486f7,3442423
423,0x00348a85,3443333
424,0x003495e6,3446246
425,0x003498ad,3446957
426,0x00349c21,3447841
427,0x00349c4f,3447887
428,0x0034ae1c,3452444
429,0x0034b1aa,3453354
430,0x0034bd0a,3456266
431,0x0034bfd1,3456977
432,0x0034c374,3457908
433,0x0034c37f,3457919
434,0x0034d540,3462464
435,0x0034d8ce,3463374
436,0x0034e42e,3466286
437,0x0034e6f5,3466997
438,0x0034ea98,3467928
439,0x0034fc65,3472485
440,0x0034fff3,3473395
441,0x00350b18,3476248
442,0x00350b53,3476307
443,0x00350e1b,3477019
444,0x003511bc,3477948
445,0x00352389,3482505
446,0x003526de,3483358
447,0x00352718,3483416
448,0x00353278,3486328
449,0x00353540,3487040
450,0x003538df,3487967
451,0x00354aac,3492524
452,0x00354e3b,3493435
453,0x0035599c,3496348
454,0x00355c64,3497060
455,0x00356001,3497985
456,0x003571d1,3502545
457,0x00357206,3502598
458,0x0035755e,3503454
459,0x003580bf,3506367
460,0x003580d7,3506391
461,0x00358389,3507081
462,0x00358724,3508004
463,0x0035992a,3512618
464,0x00359c81,3513473
465,0x0035a7a6,3516326
466,0x0035a7fc,3516412
467,0x0035aaae,3517102
468,0x0035aac4,3517124
469,0x0035ae46,3518022
470,0x0035c016,3522582
471,0x0035c04d,3522637
472,0x0035c3a5,3523493
473,0x0035cf20,3526432
474,0x0035d1e9,3527145
475,0x0035d569,3528041
476,0x0035e770,3532656
477,0x0035eac7,3533511
478,0x0035eae4,3533540
479,0x0035f644,3536452
480,0x0035f90e,3537166
481,0x0035fc8e,3538062
482,0x00360e94,3542676
483,0x00361208,3543560
484,0x00361d67,3546471
485,0x00362032,3547186
486,0x003623b2,3548082
487,0x003623c9,3548105
488,0x003635b9,3552697
489,0x0036392c,3553580
490,0x0036448a,3556490
491,0x00364757,3557207
492,0x00364aee,3558126
493,0x00365cdc,3562716
494,0x0036604f,3563599
495,0x00366bae,3566510
496,0x00366e7b,3567227
497,0x00367210,3568144
498,0x00368400,3572736
499,0x0036843c,3572796
500,0x00368772,3573618
501,0x003692d4,3576532
502,0x003695a0,3577248
503,0x00369934,3578164
504,0x0036ab25,3582757
505,0x0036ae97,3583639
506,0x0036b9f8,3586552
507,0x0036ba1f,3586591
508,0x0036bcc4,3587268
509,0x0036c059,3588185
510,0x0036d24a,3592778
511,0x0036d5bb,3593659
512,0x0036e11b,3596571
513,0x0036e3e8,3597288
514,0x0036e77c,3598204
515,0x0036f96f,3602799
516,0x0036f985,3602821
517,0x0036fcdf,3603679
518,0x0037083e,3606590
519,0x00370855,3606613
520,0x00370abd,3607229
521,0x00370b0c,3607308
522,0x00370e9e,3608222
523,0x003720aa,3612842
524,0x00372403,3613699
525,0x00372f79,3616633
526,0x00373230,3617328
527,0x00373247,3617351
528,0x003735c2,3618242
529,0x003747cd,3622861
530,0x00374b26,3623718
531,0x0037569e,3626654
532,0x0037596c,3627372
533,0x00375ce6,3628262
534,0x00376ef3,3632883
535,0x0037724a,3633738
536,0x00377260,3633760
537,0x00377dc2,3636674
538,0x00378090,3637392
539,0x00378409,3638281
540,0x00379618,3642904
541,0x00379922,3643682
542,0x00379984,3643780
543,0x0037a4e9,3646697
544,0x0037a7b4,3647412
545,0x0037ab2e,3648302
546,0x0037ab46,3648326
547,0x0037bd3a,3652922
548,0x0037c0a7,3653799
549,0x0037cbb9,3656633
550,0x0037cc0e,3656718
551,0x0037ced7,3657431
552,0x0037ced8,3657432
553,0x0037d200,3658240
554,0x0037d26a,3658346
555,0x0037e45e,3662942
556,0x0037e7cb,3663819
557,0x0037f332,3666738
558,0x0037f5fc,3667452
559,0x0037f98e,3668366
560,0x00380b82,3672962
561,0x00380ef1,3673841
562,0x00381a55,3676757
563,0x00381d21,3677473
564,0x003820b1,3678385
565,0x003832a7,3682983
566,0x00383616,3683862
567,0x0038417b,3686779
568,0x00384445,3687493
569,0x003847d5,3688405
570,0x003859cb,3693003
571,0x00385d3c,3693884
572,0x0038689f,3696799
573,0x00386b69,3697513
574,0x00386ef8,3698424
575,0x003880ed,3703021
576,0x00388102,3703042
577,0x0038845f,3703903
578,0x00388fc3,3706819
579,0x00388fd9,3706841
580,0x0038928e,3707534
581,0x0038961b,3708443
582,0x00389637,3708471
583,0x0038a825,3713061
584,0x0038ab85,3713925
585,0x0038b6ff,3716863
586,0x0038b9b3,3717555
587,0x0038b9ca,3717578
588,0x0038bd3f,3718463
589,0x0038cf4a,3723082
590,0x0038d2a8,3723944
591,0x0038de25,3726885
592,0x0038e0ee,3727598
593,0x0038e465,3728485
594,0x0038f670,3733104
595,0x0038f996,3733910
596,0x0038f9cd,3733965
597,0x0038f9e5,3733989
598,0x0039054b,3736907
599,0x00390812,3737618
600,0x00390b8a,3738506
601,0x00391d95,3743125
602,0x00392109,3744009
603,0x00392c70,3746928
604,0x00392f36,3747638
605,0x003932ad,3748525
606,0x003932c9,3748553
607,0x003944b9,3753145
608,0x00394830,3754032
609,0x00395396,3756950
610,0x00395659,3757657
611,0x003959ed,3758573
612,0x00396bdd,3763165
613,0x00396f55,3764053
614,0x00397aba,3766970
615,0x00397d7d,3767677
616,0x00398111,3768593
617,0x00399300,3773184
618,0x0039967a,3774074
619,0x0039a1e0,3776992
620,0x0039a4a0,3777696
621,0x0039a836,3778614
622,0x0039ba23,3783203
623,0x0039bd9f,3784095
624,0x0039c905,3787013
625,0x0039cbc4,3787716
626,0x0039cf5b,3788635
627,0x0039e145,3793221
628,0x0039e4c4,3794116
629,0x0039f028,3797032
630,0x0039f2e7,3797735
631,0x0039f67e,3798654
632,0x003a0869,3803241
633,0x003a0882,3803266
634,0x003a0be6,3804134
635,0x003a174e,3807054
636,0x003a1765,3807077
637,0x003a1a0b,3807755
638,0x003a1da1,3808673
639,0x003a2fa4,3813284
640,0x003a330b,3814155
641,0x003a3e8a,3817098
642,0x003a412f,3817775
643,0x003a4149,3817801
644,0x003a44c6,3818694
645,0x003a56c8,3823304
646,0x003a56f3,3823347
647,0x003a5a2f,3824175
648,0x003a6577,3827063
649,0x003a65af,3827119
650,0x003a686e,3827822
651,0x003a6beb,3828715
652,0x003a7dea,3833322
653,0x003a8152,3834194
654,0x003a8169,3834217
655,0x003a8cd3,3837139
656,0x003a8f92,3837842
657,0x003a930f,3838735
658,0x003aa50d,3843341
659,0x003aa88d,3844237
660,0x003ab3f7,3847159
661,0x003ab6b6,3847862
662,0x003aba34,3848756
663,0x003aba62,3848802
664,0x003acc30,3853360
665,0x003acf9b,3854235
666,0x003acfb0,3854256
667,0x003adb1c,3857180
668,0x003addda,3857882
669,0x003ae185,3858821
670,0x003af354,3863380
671,0x003af6d3,3864275
672,0x003b0240,3867200
673,0x003b04ff,3867903
674,0x003b08a9,3868841
675,0x003b1a78,3873400
676,0x003b1df7,3874295
677,0x003b2965,3877221
678,0x003b2c24,3877924
679,0x003b2fce,3878862
680,0x003b416b,3883371
681,0x003b419a,3883418
682,0x003b451d,3884317
683,0x003b5089,3887241
684,0x003b5348,3887944
685,0x003b56f1,3888881
686,0x003b68bc,3893436
687,0x003b6c40,3894336
688,0x003b77ad,3897261
689,0x003b7a6c,3897964
690,0x003b7e14,3898900
691,0x003b8fde,3903454
692,0x003b8ff3,3903475
693,0x003b9364,3904356
694,0x003b9ed1,3907281
695,0x003b9ee7,3907303
696,0x003b9f10,3907344
697,0x003ba190,3907984
698,0x003ba537,3908919
699,0x003bb715,3913493
700,0x003bba89,3914377
701,0x003bc60d,3917325
702,0x003bc8b2,3918002
703,0x003bc8c8,3918024
704,0x003bcc5a,3918938
705,0x003bde39,3923513
706,0x003be1ad,3924397
707,0x003bed30,3927344
708,0x003befed,3928045
709,0x003bf37f,3928959
710,0x003c08d0,3934416
711,0x003c08e7,3934439
712,0x003c1454,3937364
713,0x003c1713,3938067
714,0x003c1aa4,3938980
715,0x003c300d,3944461
716,0x003c3b78,3947384
717,0x003c3e37,3948087
718,0x003c41c7,3948999
719,0x003c41de,3949022
720,0x003c5730,3954480
721,0x003c629b,3957403
722,0x003c655b,3958107
723,0x003c68ef,3959023
724,0x003c6903,3959043
725,0x003c7e55,3964501
726,0x003c89bf,3967423
727,0x003c8c7e,3968126
728,0x003c9026,3969062
729,0x003ca57a,3974522
730,0x003cb0e4,3977444
731,0x003cb3a2,3978146
732,0x003cb749,3979081
733,0x003cc498,3982488
734,0x003cc499,3982489
735,0x003cc8d0,3983568
736,0x003ccc4e,3984462
737,0x003ccc9e,3984542
738,0x003cd690,3987088
739,0x003cd809,3987465
740,0x003cde6d,3989101
741,0x003cefdf,3993567
742,0x003cf3c2,3994562
743,0x003cff2d,3997485
744,0x003d0590,3999120
745,0x003d16ef,4003567
746,0x003d1ae5,4004581
747,0x003d2651,4007505
748,0x003d2668,4007528
749,0x003d2cb3,4009139
750,0x003d3dff,4013567
751,0x003d3e0f,4013583
752,0x003d4209,4014601
753,0x003d4d8c,4017548
754,0x003d53d7,4019159
755,0x003d6127,4022567
756,0x003d6533,4023603
757,0x003d692e,4024622
758,0x003d74b0,4027568
759,0x003d7afa,4029178
760,0x003d8c58,4033624
761,0x003d9051,4034641
762,0x003d9067,4034663
763,0x003d99e4,4037092
764,0x003d9bd3,4037587
765,0x003d9e1c,4038172
766,0x003da21f,4039199
767,0x003db37d,4043645
768,0x003db78c,4044684
769,0x003dc2f7,4047607
770,0x003dc52c,4048172
771,0x003dc943,4049219
772,0x003dc95b,4049243
773,0x003ddaa1,4053665
774,0x003ddeb1,4054705
775,0x003dea1b,4057627
776,0x003dec3b,4058171
777,0x003df07e,4059262
778,0x003dfdb6,4062646
779,0x003e01c6,4063686
780,0x003e0574,4064628
781,0x003e05d6,4064726
782,0x003e113f,4067647
783,0x003e116e,4067694
784,0x003e120b,4067851
785,0x003e134b,4068171
786,0x003e135b,4068187
787,0x003e17a1,4069281
788,0x003e28e9,4073705
789,0x003e2903,4073731
790,0x003e290b,4073739
791,0x003e2cf9,4074745
792,0x003e3863,4077667
793,0x003e3a80,4078208
794,0x003e3ec5,4079301
795,0x003e5027,4083751
796,0x003e541d,4084765
797,0x003e5f87,4087687
798,0x003e61a3,4088227
799,0x003e61bb,4088251
800,0x003e65e9,4089321
801,0x003e774a,4093770
802,0x003e7b41,4094785
803,0x003e86ab,4097707
804,0x003e88e0,4098272
805,0x003e8d0e,4099342
806,0x003e9e6c,4103788
807,0x003ea265,4104805
808,0x003eadcf,4107727
809,0x003eadea,4107754
810,0x003eae99,4107929
811,0x003eb005,4108293
812,0x003eb433,4109363
813,0x003ec58f,4113807
814,0x003ec98b,4114827
815,0x003ed50f,4117775
816,0x003ed72a,4118314
817,0x003edb56,4119382
818,0x003eecb3,4123827
819,0x003ef0b0,4124848
820,0x003efc35,4127797
821,0x003efe4f,4128335
822,0x003f027a,4129402
823,0x003f13d7,4133847
824,0x003f17d3,4134867
825,0x003f17ec,4134892
826,0x003f2359,4137817
827,0x003f2574,4138356
828,0x003f299e,4139422
829,0x003f3afb,4143867
830,0x003f3f11,4144913
831,0x003f4a7e,4147838
832,0x003f4c99,4148377
833,0x003f50c4,4149444
834,0x003f50dd,4149469
835,0x003f6220,4153888
836,0x003f6636,4154934
837,0x003f71a2,4157858
838,0x003f71c8,4157896
839,0x003f73a8,4158376
840,0x003f73bb,4158395
841,0x003f7801,4159489
842,0x003f780e,4159502
843,0x003f8943,4163907
844,0x003f8d5a,4164954
845,0x003f98c7,4167879
846,0x003f9ade,4168414
847,0x003f9f25,4169509
848,0x003fb067,4173927
849,0x003fb080,4173952
850,0x003fb480,4174976
851,0x003fbfec,4177900
852,0x003fc201,4178433
853,0x003fc648,4179528
854,0x003fd7a4,4183972
855,0x003fdba3,4184995
856,0x003fe710,4187920
857,0x003fe925,4188453
858,0x003fe93d,4188477
859,0x003fed6b,4189547
860,0x003ff1f8,4190712
861,0x003ff208,4190728
862,0x003ff209,4190729
863,0x003ff20a,4190730
864,0x003ff21b,4190747
865,0x003ff21d,4190749
866,0x003ff276,4190838
867,0x003ff348,4191048
868,0x003ff3a6,4191142
869,0x003ff3aa,4191146
870,0x003ff3c5,4191173
871,0x003ff3da,4191194
872,0x003ff3ed,4191213
873,0x003ff571,4191601
874,0x003ffec9,4193993
875,0x004002c7,4195015
876,0x00400e34,4197940
877,0x00401060,4198496
878,0x00401490,4199568
879,0x00401b3c,4201276
880,0x00401b4d,4201293
881,0x00401b4e,4201294
882,0x00401b80,4201344
883,0x00401c05,4201477
884,0x00401c21,4201505
885,0x00401c22,4201506
886,0x00401c23,4201507
887,0x00401c33,4201523
888,0x00401c34,4201524
889,0x00401c36,4201526
890,0x00401c48,4201544
891,0x00401de9,4201961
892,0x004025ee,4204014
893,0x004029eb,4205035
894,0x00403558,4207960
895,0x00403570,4207984
896,0x00403783,4208515
897,0x00403bb3,4209587
898,0x00404394,4211604
899,0x004043a4,4211620
900,0x004043d5,4211669
901,0x00404459,4211801
902,0x00404474,4211828
903,0x00404475,4211829
904,0x00404476,4211830
905,0x00404486,4211846
906,0x00404487,4211847
907,0x00404489,4211849
908,0x0040449d,4211869
909,0x00404639,4212281
910,0x00404d13,4214035
911,0x00405110,4215056
912,0x00405c94,4218004
913,0x00405ea5,4218533
914,0x004062d6,4219606
915,0x00406306,4219654
916,0x00406be6,4221926
917,0x00406bf6,4221942
918,0x00406bf7,4221943
919,0x00406c21,4221985
920,0x00406c9a,4222106
921,0x00406cb7,4222135
922,0x00406cb8,4222136
923,0x00406cc9,4222153
924,0x00406cca,4222154
925,0x00406ccc,4222156
926,0x00406ce0,4222176
927,0x00406e61,4222561
928,0x00407438,4224056
929,0x00407835,4225077
930,0x004083bc,4228028
931,0x004085c8,4228552
932,0x004089fa,4229626
933,0x00409429,4232233
934,0x0040943b,4232251
935,0x0040946b,4232299
936,0x004094f1,4232433
937,0x0040950d,4232461
938,0x0040950e,4232462
939,0x0040950f,4232463
940,0x00409520,4232480
941,0x00409523,4232483
942,0x00409535,4232501
943,0x004096d8,4232920
944,0x00409b5d,4234077
945,0x00409f06,4235014
946,0x00409f59,4235097
947,0x00409f70,4235120
948,0x0040aadf,4238047
949,0x0040aceb,4238571
950,0x0040b112,4239634
951,0x0040b11e,4239646
952,0x0040b122,4239650
953,0x0040b134,4239668
954,0x0040b135,4239669
955,0x0040b17c,4239740
956,0x0040b23e,4239934
957,0x0040b259,4239961
958,0x0040b25a,4239962
959,0x0040b25b,4239963
960,0x0040b26c,4239980
961,0x0040b281,4240001
962,0x0040b294,4240020
963,0x0040b414,4240404
964,0x0040bc79,4242553
965,0x0040bc8b,4242571
966,0x0040bcb4,4242612
967,0x0040bd20,4242720
968,0x0040bd3b,4242747
969,0x0040bd3c,4242748
970,0x0040bd4e,4242766
971,0x0040bd50,4242768
972,0x0040bd62,4242786
973,0x0040bf00,4243200
974,0x0040c281,4244097
975,0x0040c694,4245140
976,0x0040d203,4248067
977,0x0040d410,4248592
978,0x0040d841,4249665
979,0x0040d86e,4249710
980,0x0040d9de,4250078
981,0x0040d9ef,4250095
982,0x0040d9f0,4250096
983,0x0040da1a,4250138
984,0x0040da78,4250232
985,0x0040da94,4250260
986,0x0040da96,4250262
987,0x0040daa7,4250279
988,0x0040daaa,4250282
989,0x0040dabe,4250302
990,0x0040dc3b,4250683
991,0x0040e4a8,4252840
992,0x0040e4b8,4252856
993,0x0040e4b9,4252857
994,0x0040e4e6,4252902
995,0x0040e51d,4252957
996,0x0040e52d,4252973
997,0x0040e53f,4252991
998,0x0040e541,4252993
999,0x0040e562,4253026
1000,0x0040e57e,4253054
1001,0x0040e57f,4253055
1002,0x0040e580,4253056
1003,0x0040e591,4253073
1004,0x0040e592,4253074
1005,0x0040e594,4253076
1006,0x0040e5a6,4253094
1007,0x0040e633,4253235
1008,0x0040e653,4253267
1009,0x0040e654,4253268
1010,0x0040e655,4253269
1011,0x0040e665,4253285
1012,0x0040e667,4253287
1013,0x0040e67b,4253307
1014,0x0040e68e,4253326
1015,0x0040e728,4253480
1016,0x0040e820,4253728
1017,0x0040e9a7,4254119
1018,0x0040edb7,4255159
1019,0x0040f929,4258089
1020,0x0040fb34,4258612
1021,0x0040ff92,4259730
1022,0x00410206,4260358
1023,0x00410217,4260375
1024,0x00410218,4260376
1025,0x0041023f,4260415
1026,0x00410297,4260503
1027,0x004102b2,4260530
1028,0x004102b4,4260532
1029,0x004102c4,4260548
1030,0x004102c5,4260549
1031,0x004102c7,4260551
1032,0x004102dc,4260572
1033,0x00410463,4260963
1034,0x00410ced,4263149
1035,0x00410cfe,4263166
1036,0x00410cff,4263167
1037,0x00410d30,4263216
1038,0x00410db5,4263349
1039,0x00410dd1,4263377
1040,0x00410dd2,4263378
1041,0x00410dd8,4263384
1042,0x00410de5,4263397
1043,0x00410de6,4263398
1044,0x00410de8,4263400
1045,0x00410de9,4263401
1046,0x00410dea,4263402
1047,0x00410dfc,4263420
1048,0x00410e15,4263445
1049,0x00410e7e,4263550
1050,0x00410e98,4263576
1051,0x00410e99,4263577
1052,0x00410e9a,4263578
1053,0x00410eac,4263596
1054,0x00410eaf,4263599
1055,0x00410ec3,4263619
1056,0x00410f77,4263799
1057,0x00411048,4264008
1058,0x004110cb,4264139
1059,0x004114dc,4265180
1060,0x0041204e,4268110
1061,0x00412257,4268631
1062,0x004126b5,4269749
1063,0x00412a25,4270629
1064,0x00412a36,4270646
1065,0x00412a37,4270647
1066,0x00412a5d,4270685
1067,0x00412ab7,4270775
1068,0x00412ad4,4270804
1069,0x00412ad5,4270805
1070,0x00412ae7,4270823
1071,0x00412aea,4270826
1072,0x00412aff,4270847
1073,0x00412c8b,4271243
1074,0x00413544,4273476
1075,0x00413555,4273493
1076,0x00413557,4273495
1077,0x00413587,4273543
1078,0x0041360d,4273677
1079,0x0041360e,4273678
1080,0x0041361e,4273694
1081,0x0041361f,4273695
1082,0x0041362a,4273706
1083,0x0041362b,4273707
1084,0x0041362c,4273708
1085,0x0041363e,4273726
1086,0x0041363f,4273727
1087,0x00413640,4273728
1088,0x00413649,4273737
1089,0x00413654,4273748
1090,0x004136b1,4273841
1091,0x004136ce,4273870
1092,0x004136cf,4273871
1093,0x004136d0,4273872
1094,0x004136e0,4273888
1095,0x004136e2,4273890
1096,0x004136e3,4273891
1097,0x004136f6,4273910
1098,0x004137ef,4274159
1099,0x004137f0,4274160
1100,0x00413809,4274185
1101,0x00413897,4274327
1102,0x00413c01,4275201
1103,0x00414774,4278132
1104,0x0041497b,4278651
1105,0x00414dda,4279770
1106,0x00415249,4280905
1107,0x0041525a,4280922
1108,0x00415281,4280961
1109,0x004152db,4281051
1110,0x004152f7,4281079
1111,0x004152f8,4281080
1112,0x0041530b,4281099
1113,0x0041530c,4281100
1114,0x0041530e,4281102
1115,0x00415321,4281121
1116,0x004154b2,4281522
1117,0x00415d9e,4283806
1118,0x00415daf,4283823
1119,0x00415ddf,4283871
1120,0x00415e3c,4283964
1121,0x00415e4d,4283981
1122,0x00415e4e,4283982
1123,0x00415e64,4284004
1124,0x00415e65,4284005
1125,0x00415e7b,4284027
1126,0x00415e7f,4284031
1127,0x00415e80,4284032
1128,0x00415e81,4284033
1129,0x00415e92,4284050
1130,0x00415e94,4284052
1131,0x00415ea6,4284070
1132,0x00415ee3,4284131
1133,0x00415f01,4284161
1134,0x00415f02,4284162
1135,0x00415f03,4284163
1136,0x00415f14,4284180
1137,0x00415f16,4284182
1138,0x00415f17,4284183
1139,0x00415f2a,4284202
1140,0x00415f2f,4284207
1141,0x0041603f,4284479
1142,0x004160bf,4284607
1143,0x004162ab,4285099
1144,0x00416324,4285220
1145,0x004167c9,4286409
1146,0x004167d9,4286425
1147,0x004167ea,4286442
1148,0x004167eb,4286443
1149,0x00416833,4286515
1150,0x004168f6,4286710
1151,0x00416918,4286744
1152,0x00416919,4286745
1153,0x0041691a,4286746
1154,0x0041692a,4286762
1155,0x0041692c,4286764
1156,0x00416941,4286785
1157,0x00416954,4286804
1158,0x00416af3,4287219
1159,0x00416e98,4288152
1160,0x0041709f,4288671
1161,0x004170b7,4288695
1162,0x004174fd,4289789
1163,0x00417a6c,4291180
1164,0x00417a7e,4291198
1165,0x00417aa5,4291237
1166,0x00417afe,4291326
1167,0x00417b1a,4291354
1168,0x00417b1b,4291355
1169,0x00417b31,4291377
1170,0x00417b46,4291398
1171,0x00417cda,4291802
1172,0x004185f0,4294128
1173,0x00418601,4294145
1174,0x00418602,4294146
1175,0x00418630,4294192
1176,0x00418652,4294226
1177,0x00418671,4294257
1178,0x00418683,4294275
1179,0x004186b0,4294320
1180,0x004186b7,4294327
1181,0x004186d1,4294353
1182,0x004186d2,4294354
1183,0x004186d3,4294355
1184,0x004186e4,4294372
1185,0x004186e6,4294374
1186,0x004186fa,4294394
1187,0x0041871a,4294426
1188,0x00418734,4294452
1189,0x00418735,4294453
1190,0x00418736,4294454
1191,0x00418737,4294455
1192,0x00418747,4294471
1193,0x00418748,4294472
1194,0x00418749,4294473
1195,0x0041875c,4294492
1196,0x0041888e,4294798
1197,0x004188e6,4294886
1198,0x00418a49,4295241
1199,0x00419096,4296854
1200,0x004190a7,4296871
1201,0x004190d2,4296914
1202,0x00419136,4297014
1203,0x00419154,4297044
1204,0x00419156,4297046
1205,0x00419168,4297064
1206,0x00419169,4297065
1207,0x0041917c,4297084
1208,0x00419343,4297539
1209,0x004195bc,4298172
1210,0x004197dd,4298717
1211,0x00419c23,4299811
1212,0x0041a29a,4301466
1213,0x0041a2ab,4301483
1214,0x0041a2ac,4301484
1215,0x0041a2d5,4301525
1216,0x0041a32f,4301615
1217,0x0041a34b,4301643
1218,0x0041a34d,4301645
1219,0x0041a363,4301667
1220,0x0041a376,4301686
1221,0x0041a501,4302081
1222,0x0041ad75,4304245
1223,0x0041ae46,4304454
1224,0x0041ae58,4304472
1225,0x0041ae80,4304512
1226,0x0041aeab,4304555
1227,0x0041aebc,4304572
1228,0x0041aebd,4304573
1229,0x0041aeeb,4304619
1230,0x0041aeec,4304620
1231,0x0041af08,4304648
1232,0x0041af09,4304649
1233,0x0041af0a,4304650
1234,0x0041af1b,4304667
1235,0x0041af1d,4304669
1236,0x0041af2e,4304686
1237,0x0041af56,4304726
1238,0x0041af73,4304755
1239,0x0041af74,4304756
1240,0x0041af75,4304757
1241,0x0041af87,4304775
1242,0x0041af8b,4304779
1243,0x0041afa0,4304800
1244,0x0041b0b6,4305078
1245,0x0041b136,4305206
1246,0x0041b16f,4305263
1247,0x0041b8ca,4307146
1248,0x0041b8db,4307163
1249,0x0041b8dc,4307164
1250,0x0041b8dd,4307165
1251,0x0041b90a,4307210
1252,0x0041b977,4307319
1253,0x0041b991,4307345
1254,0x0041b993,4307347
1255,0x0041b9a4,4307364
1256,0x0041b9a6,4307366
1257,0x0041b9ba,4307386
1258,0x0041bb43,4307779
1259,0x0041bce2,4308194
1260,0x0041bcfb,4308219
1261,0x0041bf02,4308738
1262,0x0041c347,4309831
1263,0x0041cabe,4311742
1264,0x0041cacf,4311759
1265,0x0041cad0,4311760
1266,0x0041caf6,4311798
1267,0x0041cb4e,4311886
1268,0x0041cb6a,4311914
1269,0x0041cb6b,4311915
1270,0x0041cb7d,4311933
1271,0x0041cb7f,4311935
1272,0x0041cb93,4311955
1273,0x0041cd29,4312361
1274,0x0041d499,4314265
1275,0x0041d678,4314744
1276,0x0041d68a,4314762
1277,0x0041d6b9,4314809
1278,0x0041d6ea,4314858
1279,0x0041d6fb,4314875
1280,0x0041d728,4314920
1281,0x0041d73b,4314939
1282,0x0041d757,4314967
1283,0x0041d758,4314968
1284,0x0041d759,4314969
1285,0x0041d76a,4314986
1286,0x0041d76d,4314989
1287,0x0041d780,4315008
1288,0x0041d791,4315025
1289,0x0041d7ab,4315051
1290,0x0041d7ac,4315052
1291,0x0041d7ad,4315053
1292,0x0041d7bf,4315071
1293,0x0041d7c1,4315073
1294,0x0041d7d5,4315093
1295,0x0041d894,4315284
1296,0x0041d906,4315398
1297,0x0041d95e,4315486
1298,0x0041e101,4317441
1299,0x0041e112,4317458
1300,0x0041e13e,4317502
1301,0x0041e1a6,4317606
1302,0x0041e1c1,4317633
1303,0x0041e1c2,4317634
1304,0x0041e1c3,4317635
1305,0x0041e1d3,4317651
1306,0x0041e1d4,4317652
1307,0x0041e1d6,4317654
1308,0x0041e1e8,4317672
1309,0x0041e36a,4318058
1310,0x0041e420,4318240
1311,0x0041e626,4318758
1312,0x0041ea6b,4319851
1313,0x0041f2df,4322015
1314,0x0041f2f0,4322032
1315,0x0041f2f1,4322033
1316,0x0041f31a,4322074
1317,0x0041f371,4322161
1318,0x0041f372,4322162
1319,0x0041f38c,4322188
1320,0x0041f38d,4322189
1321,0x0041f39e,4322206
1322,0x0041f39f,4322207
1323,0x0041f3a0,4322208
1324,0x0041f3b3,4322227
1325,0x0041f550,4322640
1326,0x0041fbbf,4324287
1327,0x0041fec2,4325058
1328,0x0041fed3,4325075
1329,0x0041ff04,4325124
1330,0x0041ff1c,4325148
1331,0x0041ff2e,4325166
1332,0x0041ff2f,4325167
1333,0x0041ff5a,4325210
1334,0x0041ff89,4325257
1335,0x0041ffa6,4325286
1336,0x0041ffa8,4325288
1337,0x0041ffb9,4325305
1338,0x0041ffba,4325306
1339,0x0041ffbc,4325308
1340,0x0041ffc0,4325312
1341,0x0041ffd0,4325328
1342,0x0041ffdb,4325339
1343,0x0041ffdc,4325340
1344,0x0041ffed,4325357
1345,0x0041ffef,4325359
1346,0x00420003,4325379
1347,0x00420155,4325717
1348,0x00420185,4325765
1349,0x0042092e,4327726
1350,0x00420940,4327744
1351,0x0042096c,4327788
1352,0x004209d6,4327894
1353,0x004209f1,4327921
1354,0x004209f2,4327922
1355,0x004209f3,4327923
1356,0x00420a05,4327941
1357,0x00420a06,4327942
1358,0x00420a18,4327960
1359,0x00420b45,4328261
1360,0x00420b92,4328338
1361,0x00420d49,4328777
1362,0x00421190,4329872
1363,0x00421621,4331041
1364,0x00421631,4331057
1365,0x00421642,4331074
1366,0x00421643,4331075
1367,0x00421694,4331156
1368,0x004217c0,4331456
1369,0x004217c1,4331457
1370,0x0042184c,4331596
1371,0x00421864,4331620
1372,0x00421875,4331637
1373,0x00421876,4331638
1374,0x00421877,4331639
1375,0x0042187a,4331642
1376,0x00421889,4331657
1377,0x0042188a,4331658
1378,0x0042188b,4331659
1379,0x0042189a,4331674
1380,0x0042189b,4331675
1381,0x004218a9,4331689
1382,0x004218aa,4331690
1383,0x004218ab,4331691
1384,0x004218b9,4331705
1385,0x004218ba,4331706
1386,0x004218bb,4331707
1387,0x004218ca,4331722
1388,0x004218cb,4331723
1389,0x004218da,4331738
1390,0x004218db,4331739
1391,0x004218ea,4331754
1392,0x004218eb,4331755
1393,0x004218fa,4331770
1394,0x004218fb,4331771
1395,0x0042190a,4331786
1396,0x0042190b,4331787
1397,0x0042190c,4331788
1398,0x0042191b,4331803
1399,0x0042192a,4331818
1400,0x0042192c,4331820
1401,0x00421940,4331840
1402,0x004219a9,4331945
1403,0x004219c2,4331970
1404,0x004219c3,4331971
1405,0x004219c4,4331972
1406,0x004219d5,4331989
1407,0x004219e0,4332000
1408,0x00421a37,4332087
1409,0x00421a48,4332104
1410,0x00421a62,4332130
1411,0x00421a63,4332131
1412,0x00421a80,4332160
1413,0x00421a82,4332162
1414,0x00421afb,4332283
1415,0x00421b0d,4332301
1416,0x00421b1d,4332317
1417,0x00421b34,4332340
1418,0x00421b43,4332355
1419,0x00421b44,4332356
1420,0x00421b45,4332357
1421,0x00421b58,4332376
1422,0x00421b59,4332377
1423,0x00421b5a,4332378
1424,0x00421b8c,4332428
1425,0x00421ba7,4332455
1426,0x00421ba9,4332457
1427,0x00421bbb,4332475
1428,0x00421bbd,4332477
1429,0x00421c19,4332569
1430,0x00421c30,4332592
1431,0x00421c31,4332593
1432,0x00421c42,4332610
1433,0x00421c45,4332613
1434,0x00421cb7,4332727
1435,0x00421cb8,4332728
1436,0x00421cda,4332762
1437,0x00421cdb,4332763
1438,0x00421cdc,4332764
1439,0x00421ce8,4332776
1440,0x00421cee,4332782
1441,0x00421cef,4332783
1442,0x00421cf2,4332786
1443,0x00421e90,4333200
1444,0x00421ed4,4333268
1445,0x00421ee9,4333289
1446,0x00421eeb,4333291
1447,0x00421efe,4333310
1448,0x00421eff,4333311
1449,0x00421f04,4333316
1450,0x00421f05,4333317
1451,0x00421f0a,4333322
1452,0x00421f0b,4333323
1453,0x00421f17,4333335
1454,0x00421f19,4333337
1455,0x00421f1d,4333341
1456,0x00421f1e,4333342
1457,0x00421f2d,4333357
1458,0x00421f37,4333367
1459,0x00421f49,4333385
1460,0x00421f4a,4333386
1461,0x00421f68,4333416
1462,0x00421f69,4333417
1463,0x00421f91,4333457
1464,0x00422036,4333622
1465,0x00422043,4333635
1466,0x00422061,4333665
1467,0x00422062,4333666
1468,0x00422063,4333667
1469,0x00422064,4333668
1470,0x00422065,4333669
1471,0x00422074,4333684
1472,0x00422075,4333685
1473,0x00422084,4333700
1474,0x00422085,4333701
1475,0x00422093,4333715
1476,0x00422095,4333717
1477,0x00422096,4333718
1478,0x004220a2,4333730
1479,0x004220a4,4333732
1480,0x004220a6,4333734
1481,0x004220b4,4333748
1482,0x004220b6,4333750
1483,0x004220c3,4333763
1484,0x004220c4,4333764
1485,0x004220c6,4333766
1486,0x004220c7,4333767
1487,0x004220d3,4333779
1488,0x004220d7,4333783
1489,0x004220e2,4333794
1490,0x004220e7,4333799
1491,0x004220e8,4333800
1492,0x004220f7,4333815
1493,0x004220f8,4333816
1494,0x00422107,4333831
1495,0x00422108,4333832
1496,0x00422117,4333847
1497,0x00422118,4333848
1498,0x00422119,4333849
1499,0x00422127,4333863
1500,0x00422128,4333864
1501,0x00422129,4333865
1502,0x00422138,4333880
1503,0x00422139,4333881
1504,0x0042213a,4333882
1505,0x00422148,4333896
1506,0x00422149,4333897
1507,0x0042214a,4333898
1508,0x0042215a,4333914
1509,0x0042215b,4333915
1510,0x00422169,4333929
1511,0x0042216a,4333930
1512,0x0042216b,4333931
1513,0x0042217a,4333946
1514,0x0042217b,4333947
1515,0x0042218a,4333962
1516,0x0042218b,4333963
1517,0x0042219a,4333978
1518,0x0042219b,4333979
1519,0x0042219c,4333980
1520,0x004221aa,4333994
1521,0x004221ab,4333995
1522,0x004221ac,4333996
1523,0x004221ad,4333997
1524,0x004221ba,4334010
1525,0x004221bc,4334012
1526,0x004221bd,4334013
1527,0x004221cd,4334029
1528,0x004221fa,4334074
1529,0x00422202,4334082
1530,0x00422203,4334083
1531,0x00422221,4334113
1532,0x00422224,4334116
1533,0x00422225,4334117
1534,0x00422236,4334134
1535,0x00422237,4334135
1536,0x00422238,4334136
1537,0x00422246,4334150
1538,0x00422247,4334151
1539,0x00422248,4334152
1540,0x00422249,4334153
1541,0x0042224a,4334154
1542,0x0042224b,4334155
1543,0x00422256,4334166
1544,0x00422257,4334167
1545,0x00422258,4334168
1546,0x00422265,4334181
1547,0x00422268,4334184
1548,0x00422277,4334199
1549,0x00422278,4334200
1550,0x00422279,4334201
1551,0x00422287,4334215
1552,0x00422288,4334216
1553,0x00422289,4334217
1554,0x00422296,4334230
1555,0x00422297,4334231
1556,0x00422298,4334232
1557,0x004222a6,4334246
1558,0x004222a8,4334248
1559,0x004222b6,4334262
1560,0x004222b8,4334264
1561,0x004222c6,4334278
1562,0x004222c8,4334280
1563,0x004222e4,4334308
1564,0x004222f9,4334329
1565,0x00422358,4334424
1566,0x00422359,4334425
1567,0x0042235a,4334426
1568,0x0042235d,4334429
1569,0x00422368,4334440
1570,0x00422369,4334441
1571,0x0042236c,4334444
1572,0x0042236d,4334445
1573,0x00422378,4334456
1574,0x00422379,4334457
1575,0x0042237c,4334460
1576,0x00422389,4334473
1577,0x0042238c,4334476
1578,0x00422398,4334488
1579,0x00422399,4334489
1580,0x0042239c,4334492
1581,0x0042239d,4334493
1582,0x004223a8,4334504
1583,0x004223a9,4334505
1584,0x004223ab,4334507
1585,0x004223ad,4334509
1586,0x004223b8,4334520
1587,0x004223bb,4334523
1588,0x004223bc,4334524
1589,0x004223cb,4334539
1590,0x004223cc,4334540
1591,0x004223db,4334555
1592,0x004223dc,4334556
1593,0x004223dd,4334557
1594,0x004223eb,4334571
1595,0x004223ec,4334572
1596,0x004223ed,4334573
1597,0x004223fb,4334587
1598,0x004223fd,4334589
1599,0x00422424,4334628
1600,0x00422425,4334629
1601,0x0042242b,4334635
1602,0x0042242c,4334636
1603,0x0042243f,4334655
1604,0x00422440,4334656
1605,0x00422441,4334657
1606,0x00422451,4334673
1607,0x0042245c,4334684
1608,0x00422462,4334690
1609,0x00422472,4334706
1610,0x00422480,4334720
1611,0x00422481,4334721
1612,0x00422483,4334723
1613,0x00422493,4334739
1614,0x00422494,4334740
1615,0x00422495,4334741
1616,0x00422496,4334742
1617,0x00422497,4334743
1618,0x00422498,4334744
1619,0x004224a5,4334757
1620,0x004224a6,4334758
1621,0x004224a7,4334759
1622,0x004224a8,4334760
1623,0x004224a9,4334761
1624,0x004224aa,4334762
1625,0x004224ab,4334763
1626,0x004224ad,4334765
1627,0x004224b5,4334773
1628,0x004224b6,4334774
1629,0x004224b7,4334775
1630,0x004224b8,4334776
1631,0x004224b9,4334777
1632,0x004224ba,4334778
1633,0x004224bd,4334781
1634,0x004224c6,4334790
1635,0x004224c7,4334791
1636,0x004224c8,4334792
1637,0x004224c9,4334793
1638,0x004224cd,4334797
1639,0x004224dc,4334812
1640,0x004224dd,4334813
1641,0x004224de,4334814
1642,0x004224ed,4334829
1643,0x004224ee,4334830
1644,0x004224fc,4334844
1645,0x004224fd,4334845
1646,0x004224fe,4334846
1647,0x0042250d,4334861
1648,0x0042250e,4334862
1649,0x00422524,4334884
1650,0x00422529,4334889
1651,0x0042252a,4334890
1652,0x0042253b,4334907
1653,0x0042253c,4334908
1654,0x0042254d,4334925
1655,0x0042255d,4334941
1656,0x0042256d,4334957
1657,0x0042256e,4334958
1658,0x0042257d,4334973
1659,0x0042257e,4334974
1660,0x0042258d,4334989
1661,0x0042258e,4334990
1662,0x00422593,4334995
1663,0x00422595,4334997
1664,0x00422596,4334998
1665,0x004225a3,4335011
1666,0x004225a5,4335013
1667,0x004225a6,4335014
1668,0x004225b2,4335026
1669,0x004225b6,4335030
1670,0x004225c1,4335041
1671,0x004225c6,4335046
1672,0x004225c7,4335047
1673,0x004225d7,4335063
1674,0x004225d8,4335064
1675,0x004225ec,4335084
1676,0x004225f1,4335089
1677,0x004225f2,4335090
1678,0x00422603,4335107
1679,0x00422604,4335108
1680,0x00422605,4335109
1681,0x00422614,4335124
1682,0x00422620,4335136
1683,0x00422624,4335140
1684,0x00422625,4335141
1685,0x00422626,4335142
1686,0x0042262a,4335146
1687,0x00422633,4335155
1688,0x00422634,4335156
1689,0x00422635,4335157
1690,0x00422639,4335161
1691,0x0042263a,4335162
1692,0x0042263b,4335163
1693,0x00422643,4335171
1694,0x00422644,4335172
1695,0x00422648,4335176
1696,0x00422649,4335177
1697,0x0042264a,4335178
1698,0x0042264b,4335179
1699,0x0042264c,4335180
1700,0x0042264d,4335181
1701,0x00422659,4335193
1702,0x0042265b,4335195
1703,0x0042265c,4335196
1704,0x0042265d,4335197
1705,0x0042266a,4335210
1706,0x0042266b,4335211
1707,0x0042266c,4335212
1708,0x0042266d,4335213
1709,0x00422679,4335225
1710,0x0042267a,4335226
1711,0x0042267b,4335227
1712,0x0042267c,4335228
1713,0x0042267d,4335229
1714,0x0042267e,4335230
1715,0x0042268a,4335242
1716,0x0042268b,4335243
1717,0x0042268c,4335244
1718,0x0042268d,4335245
1719,0x00422699,4335257
1720,0x0042269b,4335259
1721,0x0042269c,4335260
1722,0x0042269f,4335263
1723,0x004226a0,4335264
1724,0x004226a5,4335269
1725,0x004226ab,4335275
1726,0x004226b6,4335286
1727,0x004226b8,4335288
1728,0x004226b9,4335289
1729,0x004226be,4335294
1730,0x004226c0,4335296
1731,0x004226c6,4335302
1732,0x004226c7,4335303
1733,0x004226c8,4335304
1734,0x004226c9,4335305
1735,0x004226ce,4335310
1736,0x004226cf,4335311
1737,0x004226d0,4335312
1738,0x004226d8,4335320
1739,0x004226d9,4335321
1740,0x004226da,4335322
1741,0x004226db,4335323
1742,0x004226dd,4335325
1743,0x004226e8,4335336
1744,0x004226e9,4335337
1745,0x004226ea,4335338
1746,0x004226eb,4335339
1747,0x004226ec,4335340
1748,0x004226ed,4335341
1749,0x004226ee,4335342
1750,0x004226f0,4335344
1751,0x004226f4,4335348
1752,0x004226fb,4335355
1753,0x004226fc,4335356
1754,0x004226ff,4335359
1755,0x00422700,4335360
1756,0x0042270a,4335370
1757,0x0042270b,4335371
1758,0x0042270c,4335372
1759,0x00422710,4335376
1760,0x00422711,4335377
1761,0x00422713,4335379
1762,0x00422714,4335380
1763,0x0042271b,4335387
1764,0x00422720,4335392
1765,0x00422721,4335393
1766,0x00422723,4335395
1767,0x00422724,4335396
1768,0x0042272b,4335403
1769,0x00422733,4335411
1770,0x00422734,4335412
1771,0x00422735,4335413
1772,0x00422737,4335415
1773,0x00422738,4335416
1774,0x00422743,4335427
1775,0x00422744,4335428
1776,0x00422745,4335429
1777,0x00422749,4335433
1778,0x0042274a,4335434
1779,0x0042274b,4335435
1780,0x00422754,4335444
1781,0x00422755,4335445
1782,0x00422759,4335449
1783,0x0042275a,4335450
1784,0x0042275b,4335451
1785,0x0042275d,4335453
1786,0x00422763,4335459
1787,0x00422765,4335461
1788,0x00422769,4335465
1789,0x0042276a,4335466
1790,0x0042276b,4335467
1791,0x00422770,4335472
1792,0x00422771,4335473
1793,0x00422773,4335475
1794,0x00422777,4335479
1795,0x00422778,4335480
1796,0x0042277c,4335484
1797,0x0042277d,4335485
1798,0x0042277e,4335486
1799,0x00422780,4335488
1800,0x00422783,4335491
1801,0x00422784,4335492
1802,0x00422786,4335494
1803,0x00422790,4335504
1804,0x00422791,4335505
1805,0x00422793,4335507
1806,0x00422794,4335508
1807,0x00422795,4335509
1808,0x004227a2,4335522
1809,0x004227a3,4335523
1810,0x004227a4,4335524
1811,0x004227a8,4335528
1812,0x004227ad,4335533
1813,0x004227b2,4335538
1814,0x004227b3,4335539
1815,0x004227b4,4335540
1816,0x004227b8,4335544
1817,0x004227b9,4335545
1818,0x004227bb,4335547
1819,0x004227c0,4335552
1820,0x004227c1,4335553
1821,0x004227cb,4335563
1822,0x004227cc,4335564
1823,0x004227d0,4335568
1824,0x004227d1,4335569
1825,0x004227d2,4335570
1826,0x004227da,4335578
1827,0x004227db,4335579
1828,0x004227dc,4335580
1829,0x004227e0,4335584
1830,0x004227e1,4335585
1831,0x004227e2,4335586
1832,0x004227e6,4335590
1833,0x004227e7,4335591
1834,0x004227e9,4335593
1835,0x004227ea,4335594
1836,0x004227ec,4335596
1837,0x004227ee,4335598
1838,0x004227f6,4335606
1839,0x004227f9,4335609
1840,0x004227fa,4335610
1841,0x004227fb,4335611
1842,0x004227fc,4335612
1843,0x004227fd,4335613
1844,0x00422808,4335624
1845,0x00422809,4335625
1846,0x0042280a,4335626
1847,0x0042280b,4335627
1848,0x0042280f,4335631
1849,0x00422810,4335632
1850,0x00422812,4335634
1851,0x00422815,4335637
1852,0x00422816,4335638
1853,0x0042281a,4335642
1854,0x0042281b,4335643
1855,0x0042281c,4335644
1856,0x0042281e,4335646
1857,0x00422822,4335650
1858,0x00422823,4335651
1859,0x00422826,4335654
1860,0x00422827,4335655
1861,0x00422834,4335668
1862,0x00422835,4335669
1863,0x00422836,4335670
1864,0x00422837,4335671
1865,0x00422846,4335686
1866,0x00422847,4335687
1867,0x0042284b,4335691
1868,0x0042284c,4335692
1869,0x0042284e,4335694
1870,0x00422856,4335702
1871,0x0042285a,4335706
1872,0x0042285b,4335707
1873,0x0042285d,4335709
1874,0x0042285e,4335710
1875,0x0042285f,4335711
1876,0x0042286a,4335722
1877,0x0042286d,4335725
1878,0x0042286e,4335726
1879,0x0042286f,4335727
1880,0x00422870,4335728
1881,0x0042287e,4335742
1882,0x00422880,4335744
1883,0x00422881,4335745
1884,0x0042288a,4335754
1885,0x0042288f,4335759
1886,0x00422894,4335764
1887,0x00422895,4335765
1888,0x00422896,4335766
1889,0x0042289a,4335770
1890,0x0042289b,4335771
1891,0x0042289c,4335772
1892,0x004228a0,4335776
1893,0x004228a4,4335780
1894,0x004228a5,4335781
1895,0x004228a7,4335783
1896,0x004228ab,4335787
1897,0x004228ac,4335788
1898,0x004228ad,4335789
1899,0x004228ae,4335790
1900,0x004228af,4335791
1901,0x004228b0,4335792
1902,0x004228b1,4335793
1903,0x004228b3,4335795
1904,0x004228b5,4335797
1905,0x004228b6,4335798
1906,0x004228b7,4335799
1907,0x004228c0,4335808
1908,0x004228c1,4335809
1909,0x004228c2,4335810
1910,0x004228c5,4335813
1911,0x004228c6,4335814
1912,0x004228cf,4335823
1913,0x004228d1,4335825
1914,0x004228d2,4335826
1915,0x004228d3,4335827
1916,0x004228d4,4335828
1917,0x004228d6,4335830
1918,0x004228d7,4335831
1919,0x004228d8,4335832
1920,0x004228d9,4335833
1921,0x004228e3,4335843
1922,0x004228e6,4335846
1923,0x004228e7,4335847
1924,0x004228e8,4335848
1925,0x004228e9,4335849
1926,0x004228ea,4335850
1927,0x004228f8,4335864
1928,0x004228f9,4335865
1929,0x004228fa,4335866
1930,0x004228fb,4335867
1931,0x0042290a,4335882
1932,0x0042290b,4335883
1933,0x0042290f,4335887
1934,0x00422910,4335888
1935,0x0042291d,4335901
1936,0x00422920,4335904
1937,0x00422921,4335905
1938,0x00422922,4335906
1939,0x00422930,4335920
1940,0x00422931,4335921
1941,0x00422933,4335923
1942,0x00422934,4335924
1943,0x00422935,4335925
1944,0x00422936,4335926
1945,0x00422937,4335927
1946,0x00422938,4335928
1947,0x00422939,4335929
1948,0x00422942,4335938
1949,0x00422945,4335941
1950,0x00422946,4335942
1951,0x00422947,4335943
1952,0x00422948,4335944
1953,0x00422949,4335945
1954,0x00422955,4335957
1955,0x00422958,4335960
1956,0x00422959,4335961
1957,0x0042295a,4335962
1958,0x0042295c,4335964
1959,0x0042295d,4335965
1960,0x00422968,4335976
1961,0x00422969,4335977
1962,0x0042296a,4335978
1963,0x0042296b,4335979
1964,0x0042296c,4335980
1965,0x0042296d,4335981
1966,0x00422973,4335987
1967,0x00422974,4335988
1968,0x0042297c,4335996
1969,0x0042297d,4335997
1970,0x0042297e,4335998
1971,0x00422980,4336000
1972,0x00422982,4336002
1973,0x00422983,4336003
1974,0x00422993,4336019
1975,0x00422994,4336020
1976,0x00422997,4336023
1977,0x00422998,4336024
1978,0x004229a3,4336035
1979,0x004229a6,4336038
1980,0x004229a7,4336039
1981,0x004229a8,4336040
1982,0x004229a9,4336041
1983,0x004229ac,4336044
1984,0x004229ad,4336045
1985,0x004229af,4336047
1986,0x004229b0,4336048
1987,0x004229ba,4336058
1988,0x004229bb,4336059
1989,0x004229be,4336062
1990,0x004229bf,4336063
1991,0x004229c0,4336064
1992,0x004229cf,4336079
1993,0x004229e1,4336097
1994,0x004229e2,4336098
1995,0x004229e3,4336099
1996,0x004229e6,4336102
1997,0x004229e7,4336103
1998,0x004229e8,4336104
1999,0x004229f3,4336115
2000,0x004229f7,4336119
2001,0x004229f8,4336120
2002,0x004229f9,4336121
2003,0x004229fa,4336122
2004,0x004229fb,4336123
2005,0x00422a02,4336130
2006,0x00422a06,4336134
2007,0x00422a08,4336136
2008,0x00422a09,4336137
2009,0x00422a0a,4336138
2010,0x00422a0b,4336139
2011,0x00422a0d,4336141
2012,0x00422a0e,4336142
2013,0x00422a0f,4336143
2014,0x00422a10,4336144
2015,0x00422a11,4336145
2016,0x00422a12,4336146
2017,0x00422a20,4336160
2018,0x00422a21,4336161
2019,0x00422a22,4336162
2020,0x00422a30,4336176
2021,0x00422a32,4336178
2022,0x00422a33,4336179
2023,0x00422a34,4336180
2024,0x00422a38,4336184
2025,0x00422a45,4336197
2026,0x00422a46,4336198
2027,0x00422a49,4336201
2028,0x00422a4a,4336202
2029,0x00422a4b,4336203
2030,0x00422a4c,4336204
2031,0x00422a58,4336216
2032,0x00422a5a,4336218
2033,0x00422a5b,4336219
2034,0x00422a5c,4336220
2035,0x00422a5d,4336221
2036,0x00422a5e,4336222
2037,0x00422a5f,4336223
2038,0x00422a62,4336226
2039,0x00422a63,4336227
2040,0x00422a6c,4336236
2041,0x00422a6d,4336237
2042,0x00422a6e,4336238
2043,0x00422a71,4336241
2044,0x00422a72,4336242
2045,0x00422a73,4336243
2046,0x00422a74,4336244
2047,0x00422a75,4336245
2048,0x00422a81,4336257
2049,0x00422a84,4336260
2050,0x00422a85,4336261
2051,0x00422a86,4336262
2052,0x00422a89,4336265
2053,0x00422a8a,4336266
2054,0x00422a95,4336277
2055,0x00422a96,4336278
2056,0x00422a9a,4336282
2057,0x00422a9b,4336283
2058,0x00422a9c,4336284
2059,0x00422aaa,4336298
2060,0x00422aab,4336299
2061,0x00422ab1,4336305
2062,0x00422ab2,4336306
2063,0x00422ab3,4336307
2064,0x00422ab4,4336308
2065,0x00422ab5,4336309
2066,0x00422ac1,4336321
2067,0x00422ac3,4336323
2068,0x00422ac4,4336324
2069,0x00422ad7,4336343
2070,0x00422ad8,4336344
2071,0x00422ad9,4336345
2072,0x00422ada,4336346
2073,0x00422adb,4336347
2074,0x00422adc,4336348
2075,0x00422ade,4336350
2076,0x00422adf,4336351
2077,0x00422ae0,4336352
2078,0x00422aea,4336362
2079,0x00422aec,4336364
2080,0x00422aed,4336365
2081,0x00422aee,4336366
2082,0x00422aef,4336367
2083,0x00422af0,4336368
2084,0x00422af1,4336369
2085,0x00422af9,4336377
2086,0x00422afc,4336380
2087,0x00422afd,4336381
2088,0x00422afe,4336382
2089,0x00422b00,4336384
2090,0x00422b01,4336385
2091,0x00422b02,4336386
2092,0x00422b04,4336388
2093,0x00422b05,4336389
2094,0x00422b06,4336390
2095,0x00422b0f,4336399
2096,0x00422b10,4336400
2097,0x00422b11,4336401
2098,0x00422b14,4336404
2099,0x00422b15,4336405
2100,0x00422b17,4336407
2101,0x00422b18,4336408
2102,0x00422b24,4336420
2103,0x00422b27,4336423
2104,0x00422b28,4336424
2105,0x00422b29,4336425
2106,0x00422b2e,4336430
2107,0x00422b38,4336440
2108,0x00422b3e,4336446
2109,0x00422b3f,4336447
2110,0x00422b40,4336448
2111,0x00422b41,4336449
2112,0x00422b42,4336450
2113,0x00422b49,4336457
2114,0x00422b4b,4336459
2115,0x00422b4e,4336462
2116,0x00422b4f,4336463
2117,0x00422b50,4336464
2118,0x00422b54,4336468
2119,0x00422b55,4336469
2120,0x00422b57,4336471
2121,0x00422b58,4336472
2122,0x00422b59,4336473
2123,0x00422b5d,4336477
2124,0x00422b60,4336480
2125,0x00422b61,4336481
2126,0x00422b62,4336482
2127,0x00422b63,4336483
2128,0x00422b64,4336484
2129,0x00422b67,4336487
2130,0x00422b68,4336488
2131,0x00422b6f,4336495
2132,0x00422b71,4336497
2133,0x00422b72,4336498
2134,0x00422b77,4336503
2135,0x00422b79,4336505
2136,0x00422b7a,4336506
2137,0x00422b7b,4336507
2138,0x00422b7c,4336508
2139,0x00422b80,4336512
2140,0x00422b8a,4336522
2141,0x00422b8b,4336523
2142,0x00422b91,4336529
2143,0x00422b92,4336530
2144,0x00422b93,4336531
2145,0x00422b94,4336532
2146,0x00422b99,4336537
2147,0x00422ba1,4336545
2148,0x00422ba2,4336546
2149,0x00422ba6,4336550
2150,0x00422ba7,4336551
2151,0x00422ba8,4336552
2152,0x00422ba9,4336553
2153,0x00422baa,4336554
2154,0x00422bab,4336555
2155,0x00422bb5,4336565
2156,0x00422bb6,4336566
2157,0x00422bb9,4336569
2158,0x00422bce,4336590
2159,0x00422bcf,4336591
2160,0x00422bd0,4336592
2161,0x00422bd3,4336595
2162,0x00422bd4,4336596
2163,0x00422bd5,4336597
2164,0x00422be0,4336608
2165,0x00422be4,4336612
2166,0x00422be5,4336613
2167,0x00422be6,4336614
2168,0x00422be7,4336615
2169,0x00422be8,4336616
2170,0x00422be9,4336617
2171,0x00422bf8,4336632
2172,0x00422bf9,4336633
2173,0x00422bfc,4336636
2174,0x00422bfd,4336637
2175,0x00422bfe,4336638
2176,0x00422bff,4336639
2177,0x00422c00,4336640
2178,0x00422c01,4336641
2179,0x00422c02,4336642
2180,0x00422c0b,4336651
2181,0x00422c0e,4336654
2182,0x00422c0f,4336655
2183,0x00422c10,4336656
2184,0x00422c11,4336657
2185,0x00422c1f,4336671
2186,0x00422c22,4336674
2187,0x00422c23,4336675
2188,0x00422c27,4336679
2189,0x00422c28,4336680
2190,0x00422c30,4336688
2191,0x00422c32,4336690
2192,0x00422c35,4336693
2193,0x00422c36,4336694
2194,0x00422c38,4336696
2195,0x00422c3a,4336698
2196,0x00422c3b,4336699
2197,0x00422c46,4336710
2198,0x00422c47,4336711
2199,0x00422c48,4336712
2200,0x00422c49,4336713
2201,0x00422c4d,4336717
2202,0x00422c4e,4336718
2203,0x00422c4f,4336719
2204,0x00422c50,4336720
2205,0x00422c51,4336721
2206,0x00422c52,4336722
2207,0x00422c56,4336726
2208,0x00422c57,4336727
2209,0x00422c58,4336728
2210,0x00422c5c,4336732
2211,0x00422c5d,4336733
2212,0x00422c5e,4336734
2213,0x00422c5f,4336735
2214,0x00422c60,4336736
2215,0x00422c6b,4336747
2216,0x00422c6f,4336751
2217,0x00422c70,4336752
2218,0x00422c72,4336754
2219,0x00422c77,4336759
2220,0x00422c89,4336777
2221,0x00422c8a,4336778
2222,0x00422c8b,4336779
2223,0x00422c8c,4336780
2224,0x00422c8d,4336781
2225,0x00422c8e,4336782
2226,0x00422c9b,4336795
2227,0x00422c9c,4336796
2228,0x00422ca1,4336801
2229,0x00422ca3,4336803
2230,0x00422ca4,4336804
2231,0x00422ca5,4336805
2232,0x00422cb3,4336819
2233,0x00422cc6,4336838
2234,0x00422cc7,4336839
2235,0x00422ccb,4336843
2236,0x00422ccc,4336844
2237,0x00422cd7,4336855
2238,0x00422cdc,4336860
2239,0x00422cdd,4336861
2240,0x00422cde,4336862
2241,0x00422cdf,4336863
2242,0x00422ce0,4336864
2243,0x00422ced,4336877
2244,0x00422cee,4336878
2245,0x00422cef,4336879
2246,0x00422cf1,4336881
2247,0x00422cf2,4336882
2248,0x00422cf3,4336883
2249,0x00422cf4,4336884
2250,0x00422cf5,4336885
2251,0x00422cf6,4336886
2252,0x00422cf7,4336887
2253,0x00422cf8,4336888
2254,0x00422d03,4336899
2255,0x00422d04,4336900
2256,0x00422d06,4336902
2257,0x00422d07,4336903
2258,0x00422d16,4336918
2259,0x00422d17,4336919
2260,0x00422d19,4336921
2261,0x00422d1b,4336923
2262,0x00422d1f,4336927
2263,0x00422d20,4336928
2264,0x00422d2b,4336939
2265,0x00422d2c,4336940
2266,0x00422d2d,4336941
2267,0x00422d2f,4336943
2268,0x00422d30,4336944
2269,0x00422d31,4336945
2270,0x00422d32,4336946
2271,0x00422d3c,4336956
2272,0x00422d3d,4336957
2273,0x00422d40,4336960
2274,0x00422d41,4336961
2275,0x00422d43,4336963
2276,0x00422d44,4336964
2277,0x00422d45,4336965
2278,0x00422d46,4336966
2279,0x00422d48,4336968
2280,0x00422d49,4336969
2281,0x00422d4a,4336970
2282,0x00422d53,4336979
2283,0x00422d55,4336981
2284,0x00422d58,4336984
2285,0x00422d59,4336985
2286,0x00422d65,4336997
2287,0x00422d69,4337001
2288,0x00422d6a,4337002
2289,0x00422d7a,4337018
2290,0x00422d7b,4337019
2291,0x00422d7c,4337020
2292,0x00422d8a,4337034
2293,0x00422d8b,4337035
2294,0x00422d8c,4337036
2295,0x00422d90,4337040
2296,0x00422d92,4337042
2297,0x00422d93,4337043
2298,0x00422d94,4337044
2299,0x00422da2,4337058
2300,0x00422db5,4337077
2301,0x00422db6,4337078
2302,0x00422dba,4337082
2303,0x00422dbb,4337083
2304,0x00422dc7,4337095
2305,0x00422dcb,4337099
2306,0x00422dcc,4337100
2307,0x00422dcd,4337101
2308,0x00422dce,4337102
2309,0x00422dcf,4337103
2310,0x00422ddc,4337116
2311,0x00422ddd,4337117
2312,0x00422dde,4337118
2313,0x00422de1,4337121
2314,0x00422de2,4337122
2315,0x00422de4,4337124
2316,0x00422de5,4337125
2317,0x00422de6,4337126
2318,0x00422deb,4337131
2319,0x00422df0,4337136
2320,0x00422df1,4337137
2321,0x00422df2,4337138
2322,0x00422df3,4337139
2323,0x00422df4,4337140
2324,0x00422df5,4337141
2325,0x00422e02,4337154
2326,0x00422e03,4337155
2327,0x00422e07,4337159
2328,0x00422e09,4337161
2329,0x00422e0d,4337165
2330,0x00422e0e,4337166
2331,0x00422e14,4337172
2332,0x00422e15,4337173
2333,0x00422e19,4337177
2334,0x00422e1a,4337178
2335,0x00422e1e,4337182
2336,0x00422e1f,4337183
2337,0x00422e20,4337184
2338,0x00422e2a,4337194
2339,0x00422e2b,4337195
2340,0x00422e2c,4337196
2341,0x00422e2e,4337198
2342,0x00422e2f,4337199
2343,0x00422e34,4337204
2344,0x00422e36,4337206
2345,0x00422e37,4337207
2346,0x00422e38,4337208
2347,0x00422e3b,4337211
2348,0x00422e3c,4337212
2349,0x00422e43,4337219
2350,0x00422e46,4337222
2351,0x00422e47,4337223
2352,0x00422e4b,4337227
2353,0x00422e4f,4337231
2354,0x00422e51,4337233
2355,0x00422e52,4337234
2356,0x00422e53,4337235
2357,0x00422e58,4337240
2358,0x00422e59,4337241
2359,0x00422e5d,4337245
2360,0x00422e5e,4337246
2361,0x00422e5f,4337247
2362,0x00422e62,4337250
2363,0x00422e6e,4337262
2364,0x00422e6f,4337263
2365,0x00422e70,4337264
2366,0x00422e71,4337265
2367,0x00422e80,4337280
2368,0x00422e84,4337284
2369,0x00422e85,4337285
2370,0x00422e87,4337287
2371,0x00422e88,4337288
2372,0x00422e89,4337289
2373,0x00422e8a,4337290
2374,0x00422e94,4337300
2375,0x00422e98,4337304
2376,0x00422ea2,4337314
2377,0x00422ea6,4337318
2378,0x00422ea7,4337319
2379,0x00422eaa,4337322
2380,0x00422eab,4337323
2381,0x00422eac,4337324
2382,0x00422eb0,4337328
2383,0x00422eb8,4337336
2384,0x00422eb9,4337337
2385,0x00422eba,4337338
2386,0x00422ebc,4337340
2387,0x00422ec0,4337344
2388,0x00422ec1,4337345
2389,0x00422ec2,4337346
2390,0x00422ec3,4337347
2391,0x00422ec4,4337348
2392,0x00422ec5,4337349
2393,0x00422ec7,4337351
2394,0x00422ec8,4337352
2395,0x00422ec9,4337353
2396,0x00422eca,4337354
2397,0x00422ed0,4337360
2398,0x00422ed2,4337362
2399,0x00422ed3,4337363
2400,0x00422ed4,4337364
2401,0x00422ed5,4337365
2402,0x00422ed8,4337368
2403,0x00422ed9,4337369
2404,0x00422eda,4337370
2405,0x00422edf,4337375
2406,0x00422ee0,4337376
2407,0x00422ee2,4337378
2408,0x00422ee3,4337379
2409,0x00422ee5,4337381
2410,0x00422ee6,4337382
2411,0x00422ee7,4337383
2412,0x00422ee8,4337384
2413,0x00422ee9,4337385
2414,0x00422eea,4337386
2415,0x00422ef5,4337397
2416,0x00422ef6,4337398
2417,0x00422ef7,4337399
2418,0x00422efa,4337402
2419,0x00422efb,4337403
2420,0x00422efd,4337405
2421,0x00422efe,4337406
2422,0x00422f01,4337409
2423,0x00422f02,4337410
2424,0x00422f08,4337416
2425,0x00422f0a,4337418
2426,0x00422f0c,4337420
2427,0x00422f0d,4337421
2428,0x00422f0e,4337422
2429,0x00422f0f,4337423
2430,0x00422f10,4337424
2431,0x00422f12,4337426
2432,0x00422f13,4337427
2433,0x00422f14,4337428
2434,0x00422f15,4337429
2435,0x00422f16,4337430
2436,0x00422f17,4337431
2437,0x00422f18,4337432
2438,0x00422f1a,4337434
2439,0x00422f1b,4337435
2440,0x00422f1d,4337437
2441,0x00422f1e,4337438
2442,0x00422f20,4337440
2443,0x00422f21,4337441
2444,0x00422f22,4337442
2445,0x00422f23,4337443
2446,0x00422f24,4337444
2447,0x00422f26,4337446
2448,0x00422f27,4337447
2449,0x00422f2a,4337450
2450,0x00422f2b,4337451
2451,0x00422f2d,4337453
2452,0x00422f30,4337456
2453,0x00422f31,4337457
2454,0x00422f32,4337458
2455,0x00422f36,4337462
2456,0x00422f37,4337463
2457,0x00422f38,4337464
2458,0x00422f39,4337465
2459,0x00422f3a,4337466
2460,0x00422f3c,4337468
2461,0x00422f3d,4337469
2462,0x00422f40,4337472
2463,0x00422f41,4337473
2464,0x00422f42,4337474
2465,0x00422f46,4337478
2466,0x00422f4a,4337482
2467,0x00422f4d,4337485
2468,0x00422f4e,4337486
2469,0x00422f4f,4337487
2470,0x00422f50,4337488
2471,0x00422f51,4337489
2472,0x00422f52,4337490
2473,0x00422f54,4337492
2474,0x00422f55,4337493
2475,0x00422f57,4337495
2476,0x00422f58,4337496
2477,0x00422f59,4337497
2478,0x00422f5a,4337498
2479,0x00422f60,4337504
2480,0x00422f61,4337505
2481,0x00422f62,4337506
2482,0x00422f67,4337511
2483,0x00422f71,4337521
2484,0x00422f72,4337522
2485,0x00422f7a,4337530
2486,0x00422f7b,4337531
2487,0x00422f7f,4337535
2488,0x00422f80,4337536
2489,0x00422f82,4337538
2490,0x00422f8c,4337548
2491,0x00422f8f,4337551
2492,0x00422f90,4337552
2493,0x00422f91,4337553
2494,0x00422f92,4337554
2495,0x00422f93,4337555
2496,0x00422f94,4337556
2497,0x00422f95,4337557
2498,0x00422f99,4337561
2499,0x00422f9a,4337562
2500,0x00422f9c,4337564
2501,0x00422f9d,4337565
2502,0x00422f9e,4337566
2503,0x00422fa0,4337568
2504,0x00422fa2,4337570
2505,0x00422fa3,4337571
2506,0x00422fa4,4337572
2507,0x00422fa5,4337573
2508,0x00422fa9,4337577
2509,0x00422fab,4337579
2510,0x00422fac,4337580
2511,0x00422fad,4337581
2512,0x00422fb0,4337584
2513,0x00422fb4,4337588
2514,0x00422fb9,4337593
2515,0x00422fbb,4337595
2516,0x00422fbf,4337599
2517,0x00422fc0,4337600
2518,0x00422fcc,4337612
2519,0x00422fd0,4337616
2520,0x00422fd1,4337617
2521,0x00422fd2,4337618
2522,0x00422fd3,4337619
2523,0x00422fd7,4337623
2524,0x00422fd8,4337624
2525,0x00422fda,4337626
2526,0x00422fdb,4337627
2527,0x00422fdc,4337628
2528,0x00422fdd,4337629
2529,0x00422fe2,4337634
2530,0x00422fe3,4337635
2531,0x00422fe4,4337636
2532,0x00422fe5,4337637
2533,0x00422fed,4337645
2534,0x00422fef,4337647
2535,0x00422ff2,4337650
2536,0x00422ff3,4337651
2537,0x00422ff4,4337652
2538,0x00422ff6,4337654
2539,0x00422ff9,4337657
2540,0x00422ffa,4337658
2541,0x00422ffc,4337660
2542,0x00422ffd,4337661
2543,0x00422ffe,4337662
2544,0x00423003,4337667
2545,0x00423004,4337668
2546,0x00423005,4337669
2547,0x00423006,4337670
2548,0x00423007,4337671
2549,0x00423009,4337673
2550,0x0042300a,4337674
2551,0x0042300b,4337675
2552,0x0042300d,4337677
2553,0x0042300e,4337678
2554,0x0042300f,4337679
2555,0x00423010,4337680
2556,0x00423016,4337686
2557,0x00423019,4337689
2558,0x00423022,4337698
2559,0x00423023,4337699
2560,0x00423024,4337700
2561,0x00423025,4337701
2562,0x00423026,4337702
2563,0x00423027,4337703
2564,0x00423028,4337704
2565,0x00423029,4337705
2566,0x00423035,4337717
2567,0x00423036,4337718
2568,0x00423038,4337720
2569,0x00423039,4337721
2570,0x0042303a,4337722
2571,0x0042303b,4337723
2572,0x0042303c,4337724
2573,0x0042303d,4337725
2574,0x0042303e,4337726
2575,0x0042303f,4337727
2576,0x00423043,4337731
2577,0x00423045,4337733
2578,0x00423046,4337734
2579,0x00423047,4337735
2580,0x00423048,4337736
2581,0x00423049,4337737
2582,0x0042304b,4337739
2583,0x0042304c,4337740
2584,0x00423050,4337744
2585,0x00423051,4337745
2586,0x00423052,4337746
2587,0x00423053,4337747
2588,0x00423054,4337748
2589,0x00423055,4337749
2590,0x00423059,4337753
2591,0x0042305a,4337754
2592,0x00423060,4337760
2593,0x00423065,4337765
2594,0x00423066,4337766
2595,0x00423069,4337769
2596,0x0042306a,4337770
2597,0x0042306b,4337771
2598,0x00423072,4337778
2599,0x00423075,4337781
2600,0x00423076,4337782
2601,0x00423077,4337783
2602,0x00423079,4337785
2603,0x0042307a,4337786
2604,0x0042307b,4337787
2605,0x0042307c,4337788
2606,0x0042307d,4337789
2607,0x0042307e,4337790
2608,0x00423082,4337794
2609,0x00423083,4337795
2610,0x00423085,4337797
2611,0x00423086,4337798
2612,0x00423087,4337799
2613,0x00423088,4337800
2614,0x00423089,4337801
2615,0x0042308a,4337802
2616,0x00423097,4337815
2617,0x00423099,4337817
2618,0x0042309a,4337818
2619,0x0042309b,4337819
2620,0x0042309e,4337822
2621,0x0042309f,4337823
2622,0x004230a1,4337825
2623,0x004230a2,4337826
2624,0x004230a3,4337827
2625,0x004230a9,4337833
2626,0x004230aa,4337834
2627,0x004230ab,4337835
2628,0x004230ad,4337837
2629,0x004230ae,4337838
2630,0x004230af,4337839
2631,0x004230b0,4337840
2632,0x004230b1,4337841
2633,0x004230b2,4337842
2634,0x004230b3,4337843
2635,0x004230b7,4337847
2636,0x004230b9,4337849
2637,0x004230ba,4337850
2638,0x004230bb,4337851
2639,0x004230c6,4337862
2640,0x004230c7,4337863
2641,0x004230d9,4337881
2642,0x004230da,4337882
2643,0x004230db,4337883
2644,0x004230de,4337886
2645,0x004230df,4337887
2646,0x004230e1,4337889
2647,0x004230eb,4337899
2648,0x004230ef,4337903
2649,0x004230f0,4337904
2650,0x004230f1,4337905
2651,0x004230f2,4337906
2652,0x004230f3,4337907
2653,0x004230f4,4337908
2654,0x004230f5,4337909
2655,0x004230f9,4337913
2656,0x004230fa,4337914
2657,0x004230fb,4337915
2658,0x004230fc,4337916
2659,0x004230fd,4337917
2660,0x00423102,4337922
2661,0x00423104,4337924
2662,0x00423105,4337925
2663,0x00423106,4337926
2664,0x00423108,4337928
2665,0x00423109,4337929
2666,0x0042310a,4337930
2667,0x0042310b,4337931
2668,0x0042310c,4337932
2669,0x0042310d,4337933
2670,0x00423113,4337939
2671,0x00423115,4337941
2672,0x00423116,4337942
2673,0x00423118,4337944
2674,0x00423119,4337945
2675,0x0042311b,4337947
2676,0x0042311c,4337948
2677,0x00423120,4337952
2678,0x00423121,4337953
2679,0x00423126,4337958
2680,0x00423127,4337959
2681,0x00423128,4337960
2682,0x0042312a,4337962
2683,0x0042312b,4337963
2684,0x0042312d,4337965
2685,0x0042312e,4337966
2686,0x0042312f,4337967
2687,0x00423131,4337969
2688,0x00423132,4337970
2689,0x00423134,4337972
2690,0x00423135,4337973
2691,0x00423136,4337974
2692,0x00423137,4337975
2693,0x00423138,4337976
2694,0x00423139,4337977
2695,0x0042313a,4337978
2696,0x0042313c,4337980
2697,0x0042313d,4337981
2698,0x0042313e,4337982
2699,0x0042313f,4337983
2700,0x00423140,4337984
2701,0x00423141,4337985
2702,0x00423147,4337991
2703,0x00423148,4337992
2704,0x0042314d,4337997
2705,0x0042314f,4337999
2706,0x00423150,4338000
2707,0x00423151,4338001
2708,0x00423156,4338006
2709,0x00423158,4338008
2710,0x00423159,4338009
2711,0x0042315c,4338012
2712,0x0042315d,4338013
2713,0x0042315e,4338014
2714,0x0042315f,4338015
2715,0x00423160,4338016
2716,0x00423163,4338019
2717,0x00423164,4338020
2718,0x00423166,4338022
2719,0x00423167,4338023
2720,0x00423168,4338024
2721,0x0042316c,4338028
2722,0x0042316d,4338029
2723,0x00423170,4338032
2724,0x00423171,4338033
2725,0x00423173,4338035
2726,0x00423174,4338036
2727,0x0042317c,4338044
2728,0x0042317d,4338045
2729,0x00423180,4338048
2730,0x00423181,4338049
2731,0x0042318b,4338059
2732,0x0042318d,4338061
2733,0x00423190,4338064
2734,0x00423191,4338065
2735,0x00423198,4338072
2736,0x0042319b,4338075
2737,0x0042319d,4338077
2738,0x004231a0,4338080
2739,0x004231a1,4338081
2740,0x004231ad,4338093
2741,0x004231af,4338095
2742,0x004231b0,4338096
2743,0x004231b1,4338097
2744,0x004231bd,4338109
2745,0x004231be,4338110
2746,0x004231c0,4338112
2747,0x004231c1,4338113
2748,0x004231cd,4338125
2749,0x004231ce,4338126
2750,0x004231d0,4338128
2751,0x004231d1,4338129
2752,0x004231de,4338142
2753,0x004231df,4338143
2754,0x004231e3,4338147
2755,0x004231e4,4338148
2756,0x004231e5,4338149
2757,0x004231e8,4338152
2758,0x004231e9,4338153
2759,0x004231ea,4338154
2760,0x004231ec,4338156
2761,0x004231ed,4338157
2762,0x004231ee,4338158
2763,0x004231ef,4338159
2764,0x004231f4,4338164
2765,0x004231fa,4338170
2766,0x004231fb,4338171
2767,0x004231fc,4338172
2768,0x004231fd,4338173
2769,0x004231fe,4338174
2770,0x004231ff,4338175
2771,0x00423200,4338176
2772,0x00423202,4338178
2773,0x00423203,4338179
2774,0x00423205,4338181
2775,0x00423206,4338182
2776,0x00423207,4338183
2777,0x0042320d,4338189
2778,0x0042320e,4338190
2779,0x0042320f,4338191
2780,0x00423210,4338192
2781,0x00423213,4338195
2782,0x00423214,4338196
2783,0x00423215,4338197
2784,0x00423216,4338198
2785,0x00423217,4338199
2786,0x00423218,4338200
2787,0x00423219,4338201
2788,0x0042321a,4338202
2789,0x0042321e,4338206
2790,0x0042321f,4338207
2791,0x00423220,4338208
2792,0x00423221,4338209
2793,0x00423222,4338210
2794,0x00423223,4338211
2795,0x00423225,4338213
2796,0x00423226,4338214
2797,0x0042322a,4338218
2798,0x0042322b,4338219
2799,0x0042322c,4338220
2800,0x0042322e,4338222
2801,0x0042322f,4338223
2802,0x00423230,4338224
2803,0x00423231,4338225
2804,0x00423232,4338226
2805,0x0042323b,4338235
2806,0x0042323c,4338236
2807,0x0042323d,4338237
2808,0x0042323e,4338238
2809,0x00423240,4338240
2810,0x00423241,4338241
2811,0x00423242,4338242
2812,0x00423243,4338243
2813,0x00423245,4338245
2814,0x00423246,4338246
2815,0x00423247,4338247
2816,0x00423248,4338248
2817,0x0042324a,4338250
2818,0x00423250,4338256
2819,0x00423252,4338258
2820,0x0042325b,4338267
2821,0x00423260,4338272
2822,0x0042326a,4338282
2823,0x0042326b,4338283
2824,0x00423270,4338288
2825,0x0042327a,4338298
2826,0x0042327b,4338299
2827,0x00423280,4338304
2828,0x00423284,4338308
2829,0x00423287,4338311
2830,0x0042328c,4338316
2831,0x0042328d,4338317
2832,0x00423294,4338324
2833,0x00423297,4338327
2834,0x0042329b,4338331
2835,0x0042329c,4338332
2836,0x0042329d,4338333
2837,0x004232a3,4338339
2838,0x004232a7,4338343
2839,0x004232b6,4338358
2840,0x004232b7,4338359
2841,0x004232b9,4338361
2842,0x004232c6,4338374
2843,0x004232c7,4338375
2844,0x004232cc,4338380
2845,0x004232d6,4338390
2846,0x004232d7,4338391
2847,0x004232e6,4338406
2848,0x004232e7,4338407
2849,0x004232f7,4338423
2850,0x0042330a,4338442
2851,0x0042330b,4338443
2852,0x0042330c,4338444
2853,0x0042330f,4338447
2854,0x00423310,4338448
2855,0x00423311,4338449
2856,0x0042331c,4338460
2857,0x00423320,4338464
2858,0x00423321,4338465
2859,0x00423322,4338466
2860,0x00423323,4338467
2861,0x00423324,4338468
2862,0x00423325,4338469
2863,0x00423326,4338470
2864,0x0042332a,4338474
2865,0x0042332c,4338476
2866,0x0042332d,4338477
2867,0x0042332e,4338478
2868,0x0042332f,4338479
2869,0x00423331,4338481
2870,0x00423332,4338482
2871,0x00423334,4338484
2872,0x00423335,4338485
2873,0x00423336,4338486
2874,0x00423338,4338488
2875,0x00423339,4338489
2876,0x0042333a,4338490
2877,0x00423341,4338497
2878,0x00423342,4338498
2879,0x00423343,4338499
2880,0x00423344,4338500
2881,0x00423345,4338501
2882,0x00423346,4338502
2883,0x00423347,4338503
2884,0x00423349,4338505
2885,0x00423354,4338516
2886,0x00423356,4338518
2887,0x00423357,4338519
2888,0x00423358,4338520
2889,0x00423359,4338521
2890,0x0042335a,4338522
2891,0x0042335b,4338523
2892,0x0042335c,4338524
2893,0x0042335f,4338527
2894,0x00423360,4338528
2895,0x00423362,4338530
2896,0x00423363,4338531
2897,0x00423364,4338532
2898,0x00423365,4338533
2899,0x00423373,4338547
2900,0x00423375,4338549
2901,0x00423379,4338553
2902,0x0042337a,4338554
2903,0x0042337c,4338556
2904,0x0042337d,4338557
2905,0x0042337e,4338558
2906,0x0042337f,4338559
2907,0x00423383,4338563
2908,0x00423384,4338564
2909,0x00423388,4338568
2910,0x0042338c,4338572
2911,0x0042338e,4338574
2912,0x00423390,4338576
2913,0x00423392,4338578
2914,0x00423393,4338579
2915,0x00423394,4338580
2916,0x0042339b,4338587
2917,0x0042339c,4338588
2918,0x004233a3,4338595
2919,0x004233a4,4338596
2920,0x004233ab,4338603
2921,0x004233ac,4338604
2922,0x004233ad,4338605
2923,0x004233bd,4338621
2924,0x004233be,4338622
2925,0x004233cd,4338637
2926,0x004233e1,4338657
2927,0x004233e2,4338658
2928,0x004233e3,4338659
2929,0x004233e4,4338660
2930,0x004233e6,4338662
2931,0x004233e7,4338663
2932,0x004233e8,4338664
2933,0x004233ea,4338666
2934,0x004233eb,4338667
2935,0x004233f3,4338675
2936,0x004233f7,4338679
2937,0x004233f8,4338680
2938,0x004233f9,4338681
2939,0x004233fa,4338682
2940,0x004233fb,4338683
2941,0x004233fc,4338684
2942,0x004233fd,4338685
2943,0x004233fe,4338686
2944,0x00423401,4338689
2945,0x00423402,4338690
2946,0x00423404,4338692
2947,0x00423405,4338693
2948,0x00423406,4338694
2949,0x00423407,4338695
2950,0x00423408,4338696
2951,0x00423409,4338697
2952,0x0042340a,4338698
2953,0x0042340b,4338699
2954,0x0042340c,4338700
2955,0x0042340d,4338701
2956,0x0042340f,4338703
2957,0x00423411,4338705
2958,0x00423412,4338706
2959,0x00423413,4338707
2960,0x00423414,4338708
2961,0x0042341a,4338714
2962,0x0042341b,4338715
2963,0x0042341c,4338716
2964,0x0042341e,4338718
2965,0x00423422,4338722
2966,0x00423423,4338723
2967,0x00423427,4338727
2968,0x00423428,4338728
2969,0x0042342a,4338730
2970,0x0042342b,4338731
2971,0x0042342e,4338734
2972,0x0042342f,4338735
2973,0x00423437,4338743
2974,0x00423438,4338744
2975,0x00423439,4338745
2976,0x0042343a,4338746
2977,0x0042343b,4338747
2978,0x00423440,4338752
2979,0x00423442,4338754
2980,0x00423443,4338755
2981,0x00423444,4338756
2982,0x00423445,4338757
2983,0x00423446,4338758
2984,0x00423449,4338761
2985,0x0042344a,4338762
2986,0x00423456,4338774
2987,0x00423457,4338775
2988,0x00423459,4338777
2989,0x0042345a,4338778
2990,0x0042345b,4338779
2991,0x00423467,4338791
2992,0x00423468,4338792
2993,0x0042346a,4338794
2994,0x0042346b,4338795
2995,0x0042346d,4338797
2996,0x00423476,4338806
2997,0x00423477,4338807
2998,0x00423478,4338808
2999,0x00423488,4338824
3000,0x0042349a,4338842
3001,0x0042349b,4338843
3002,0x0042349c,4338844
3003,0x0042349d,4338845
3004,0x0042349f,4338847
3005,0x004234a0,4338848
3006,0x004234a1,4338849
3007,0x004234a2,4338850
3008,0x004234a3,4338851
3009,0x004234ac,4338860
3010,0x004234b0,4338864
3011,0x004234b1,4338865
3012,0x004234b2,4338866
3013,0x004234b3,4338867
3014,0x004234b4,4338868
3015,0x004234b5,4338869
3016,0x004234b6,4338870
3017,0x004234b9,4338873
3018,0x004234ba,4338874
3019,0x004234bc,4338876
3020,0x004234bd,4338877
3021,0x004234be,4338878
3022,0x004234c3,4338883
3023,0x004234c4,4338884
3024,0x004234c5,4338885
3025,0x004234c6,4338886
3026,0x004234ca,4338890
3027,0x004234cb,4338891
3028,0x004234cd,4338893
3029,0x004234ce,4338894
3030,0x004234cf,4338895
3031,0x004234d0,4338896
3032,0x004234d1,4338897
3033,0x004234d4,4338900
3034,0x004234d5,4338901
3035,0x004234d6,4338902
3036,0x004234da,4338906
3037,0x004234e5,4338917
3038,0x004234e6,4338918
3039,0x004234e7,4338919
3040,0x004234e8,4338920
3041,0x004234e9,4338921
3042,0x004234eb,4338923
3043,0x004234ee,4338926
3044,0x004234ef,4338927
3045,0x004234f0,4338928
3046,0x004234f1,4338929
3047,0x004234f2,4338930
3048,0x004234f3,4338931
3049,0x004234fe,4338942
3050,0x004234ff,4338943
3051,0x00423502,4338946
3052,0x00423503,4338947
3053,0x0042350d,4338957
3054,0x0042350e,4338958
3055,0x0042350f,4338959
3056,0x00423510,4338960
3057,0x00423512,4338962
3058,0x00423513,4338963
3059,0x0042351e,4338974
3060,0x0042351f,4338975
3061,0x00423521,4338977
3062,0x00423522,4338978
3063,0x00423523,4338979
3064,0x00423535,4338997
3065,0x00423536,4338998
3066,0x00423537,4338999
3067,0x0042353b,4339003
3068,0x0042353c,4339004
3069,0x0042353d,4339005
3070,0x00423548,4339016
3071,0x0042354c,4339020
3072,0x0042354d,4339021
3073,0x0042354e,4339022
3074,0x0042354f,4339023
3075,0x00423550,4339024
3076,0x00423551,4339025
3077,0x00423552,4339026
3078,0x00423553,4339027
3079,0x00423554,4339028
3080,0x00423558,4339032
3081,0x0042355a,4339034
3082,0x0042355b,4339035
3083,0x0042355c,4339036
3084,0x0042355d,4339037
3085,0x0042355e,4339038
3086,0x0042355f,4339039
3087,0x00423560,4339040
3088,0x00423561,4339041
3089,0x00423562,4339042
3090,0x00423563,4339043
3091,0x00423564,4339044
3092,0x00423567,4339047
3093,0x00423568,4339048
3094,0x0042356a,4339050
3095,0x0042356b,4339051
3096,0x0042356c,4339052
3097,0x0042356e,4339054
3098,0x0042356f,4339055
3099,0x00423570,4339056
3100,0x00423571,4339057
3101,0x00423572,4339058
3102,0x00423574,4339060
3103,0x00423576,4339062
3104,0x00423577,4339063
3105,0x00423578,4339064
3106,0x00423579,4339065
3107,0x0042357a,4339066
3108,0x00423584,4339076
3109,0x00423585,4339077
3110,0x00423586,4339078
3111,0x00423587,4339079
3112,0x00423588,4339080
3113,0x00423589,4339081
3114,0x0042358a,4339082
3115,0x0042358b,4339083
3116,0x0042358c,4339084
3117,0x0042358d,4339085
3118,0x0042358f,4339087
3119,0x00423590,4339088
3120,0x00423591,4339089
3121,0x00423598,4339096
3122,0x00423599,4339097
3123,0x0042359a,4339098
3124,0x0042359b,4339099
3125,0x0042359c,4339100
3126,0x004235ae,4339118
3127,0x004235af,4339119
3128,0x004235b0,4339120
3129,0x004235b3,4339123
3130,0x004235b4,4339124
3131,0x004235c0,4339136
3132,0x004235c4,4339140
3133,0x004235c5,4339141
3134,0x004235c6,4339142
3135,0x004235c7,4339143
3136,0x004235c8,4339144
3137,0x004235c9,4339145
3138,0x004235ca,4339146
3139,0x004235cb,4339147
3140,0x004235d0,4339152
3141,0x004235d2,4339154
3142,0x004235d3,4339155
3143,0x004235d4,4339156
3144,0x004235d7,4339159
3145,0x004235d8,4339160
3146,0x004235d9,4339161
3147,0x004235da,4339162
3148,0x004235db,4339163
3149,0x004235dc,4339164
3150,0x004235dd,4339165
3151,0x004235de,4339166
3152,0x004235df,4339167
3153,0x004235e6,4339174
3154,0x004235e7,4339175
3155,0x004235e8,4339176
3156,0x004235e9,4339177
3157,0x004235ea,4339178
3158,0x004235eb,4339179
3159,0x004235ec,4339180
3160,0x004235ed,4339181
3161,0x004235ee,4339182
3162,0x004235ef,4339183
3163,0x004235f0,4339184
3164,0x004235f1,4339185
3165,0x004235f2,4339186
3166,0x004235fd,4339197
3167,0x00423600,4339200
3168,0x00423601,4339201
3169,0x00423602,4339202
3170,0x00423603,4339203
3171,0x00423604,4339204
3172,0x00423608,4339208
3173,0x0042360a,4339210
3174,0x0042360b,4339211
3175,0x0042360c,4339212
3176,0x0042360d,4339213
3177,0x00423610,4339216
3178,0x00423611,4339217
3179,0x00423612,4339218
3180,0x00423617,4339223
3181,0x00423618,4339224
3182,0x0042362a,4339242
3183,0x0042362b,4339243
3184,0x0042362f,4339247
3185,0x00423630,4339248
3186,0x0042363b,4339259
3187,0x00423640,4339264
3188,0x00423641,4339265
3189,0x00423642,4339266
3190,0x00423643,4339267
3191,0x00423644,4339268
3192,0x00423645,4339269
3193,0x00423646,4339270
3194,0x00423647,4339271
3195,0x0042364b,4339275
3196,0x0042364c,4339276
3197,0x0042364d,4339277
3198,0x0042364e,4339278
3199,0x0042364f,4339279
3200,0x00423652,4339282
3201,0x00423653,4339283
3202,0x00423654,4339284
3203,0x00423655,4339285
3204,0x00423656,4339286
3205,0x00423657,4339287
3206,0x0042365b,4339291
3207,0x0042365c,4339292
3208,0x0042365d,4339293
3209,0x0042365e,4339294
3210,0x0042365f,4339295
3211,0x00423660,4339296
3212,0x00423661,4339297
3213,0x00423662,4339298
3214,0x00423664,4339300
3215,0x00423666,4339302
3216,0x00423667,4339303
3217,0x00423668,4339304
3218,0x00423669,4339305
3219,0x0042366b,4339307
3220,0x0042366c,4339308
3221,0x0042366e,4339310
3222,0x0042366f,4339311
3223,0x00423670,4339312
3224,0x00423674,4339316
3225,0x00423675,4339317
3226,0x00423676,4339318
3227,0x00423679,4339321
3228,0x0042367a,4339322
3229,0x0042367d,4339325
3230,0x0042367e,4339326
3231,0x0042367f,4339327
3232,0x00423685,4339333
3233,0x00423686,4339334
3234,0x00423687,4339335
3235,0x00423688,4339336
3236,0x00423689,4339337
3237,0x0042368d,4339341
3238,0x0042368e,4339342
3239,0x0042368f,4339343
3240,0x00423691,4339345
3241,0x00423692,4339346
3242,0x00423693,4339347
3243,0x00423694,4339348
3244,0x004236a6,4339366
3245,0x004236a7,4339367
3246,0x004236a8,4339368
3247,0x004236ab,4339371
3248,0x004236ac,4339372
3249,0x004236b8,4339384
3250,0x004236bb,4339387
3251,0x004236bc,4339388
3252,0x004236bd,4339389
3253,0x004236be,4339390
3254,0x004236bf,4339391
3255,0x004236c0,4339392
3256,0x004236c1,4339393
3257,0x004236c2,4339394
3258,0x004236c3,4339395
3259,0x004236c4,4339396
3260,0x004236c8,4339400
3261,0x004236c9,4339401
3262,0x004236ca,4339402
3263,0x004236cb,4339403
3264,0x004236cc,4339404
3265,0x004236cd,4339405
3266,0x004236ce,4339406
3267,0x004236cf,4339407
3268,0x004236d0,4339408
3269,0x004236d1,4339409
3270,0x004236d2,4339410
3271,0x004236d3,4339411
3272,0x004236d5,4339413
3273,0x004236d6,4339414
3274,0x004236d7,4339415
3275,0x004236d8,4339416
3276,0x004236d9,4339417
3277,0x004236da,4339418
3278,0x004236dd,4339421
3279,0x004236de,4339422
3280,0x004236df,4339423
3281,0x004236e3,4339427
3282,0x004236e4,4339428
3283,0x004236e5,4339429
3284,0x004236e6,4339430
3285,0x004236e7,4339431
3286,0x004236e8,4339432
3287,0x004236ea,4339434
3288,0x004236eb,4339435
3289,0x004236ef,4339439
3290,0x004236f0,4339440
3291,0x004236f4,4339444
3292,0x004236f5,4339445
3293,0x004236f6,4339446
3294,0x004236f7,4339447
3295,0x004236f8,4339448
3296,0x004236f9,4339449
3297,0x00423700,4339456
3298,0x00423701,4339457
3299,0x00423702,4339458
3300,0x00423703,4339459
3301,0x00423704,4339460
3302,0x00423705,4339461
3303,0x00423707,4339463
3304,0x00423708,4339464
3305,0x00423709,4339465
3306,0x0042370a,4339466
3307,0x0042370b,4339467
3308,0x0042370c,4339468
3309,0x0042371e,4339486
3310,0x0042371f,4339487
3311,0x00423720,4339488
3312,0x00423721,4339489
3313,0x00423723,4339491
3314,0x00423724,4339492
3315,0x00423725,4339493
3316,0x00423726,4339494
3317,0x00423730,4339504
3318,0x00423734,4339508
3319,0x00423735,4339509
3320,0x00423736,4339510
3321,0x00423737,4339511
3322,0x00423738,4339512
3323,0x00423739,4339513
3324,0x0042373a,4339514
3325,0x0042373b,4339515
3326,0x0042373c,4339516
3327,0x00423740,4339520
3328,0x00423741,4339521
3329,0x00423743,4339523
3330,0x00423744,4339524
3331,0x00423745,4339525
3332,0x00423746,4339526
3333,0x00423747,4339527
3334,0x00423748,4339528
3335,0x00423749,4339529
3336,0x0042374a,4339530
3337,0x0042374b,4339531
3338,0x0042374c,4339532
3339,0x0042374d,4339533
3340,0x0042374e,4339534
3341,0x00423750,4339536
3342,0x00423751,4339537
3343,0x00423753,4339539
3344,0x00423754,4339540
3345,0x00423756,4339542
3346,0x00423757,4339543
3347,0x0042375a,4339546
3348,0x0042375b,4339547
3349,0x0042375c,4339548
3350,0x0042375d,4339549
3351,0x0042375f,4339551
3352,0x00423760,4339552
3353,0x00423763,4339555
3354,0x00423764,4339556
3355,0x0042376c,4339564
3356,0x0042376d,4339565
3357,0x0042376e,4339566
3358,0x0042376f,4339567
3359,0x00423770,4339568
3360,0x00423772,4339570
3361,0x00423773,4339571
3362,0x00423774,4339572
3363,0x00423776,4339574
3364,0x00423777,4339575
3365,0x00423778,4339576
3366,0x0042377e,4339582
3367,0x0042377f,4339583
3368,0x00423783,4339587
3369,0x00423795,4339605
3370,0x00423796,4339606
3371,0x00423797,4339607
3372,0x0042379a,4339610
3373,0x0042379b,4339611
3374,0x004237a7,4339623
3375,0x004237ab,4339627
3376,0x004237ac,4339628
3377,0x004237ad,4339629
3378,0x004237ae,4339630
3379,0x004237af,4339631
3380,0x004237b0,4339632
3381,0x004237b1,4339633
3382,0x004237b2,4339634
3383,0x004237b3,4339635
3384,0x004237b5,4339637
3385,0x004237b6,4339638
3386,0x004237b8,4339640
3387,0x004237b9,4339641
3388,0x004237ba,4339642
3389,0x004237bb,4339643
3390,0x004237bc,4339644
3391,0x004237bd,4339645
3392,0x004237be,4339646
3393,0x004237bf,4339647
3394,0x004237c0,4339648
3395,0x004237c1,4339649
3396,0x004237c3,4339651
3397,0x004237c4,4339652
3398,0x004237c6,4339654
3399,0x004237c7,4339655
3400,0x004237c8,4339656
3401,0x004237c9,4339657
3402,0x004237ca,4339658
3403,0x004237cb,4339659
3404,0x004237cc,4339660
3405,0x004237cd,4339661
3406,0x004237ce,4339662
3407,0x004237d3,4339667
3408,0x004237d6,4339670
3409,0x004237d7,4339671
3410,0x004237da,4339674
3411,0x004237db,4339675
3412,0x004237dc,4339676
3413,0x004237e3,4339683
3414,0x004237e4,4339684
3415,0x004237e5,4339685
3416,0x004237e6,4339686
3417,0x004237e7,4339687
3418,0x004237eb,4339691
3419,0x004237ec,4339692
3420,0x004237ed,4339693
3421,0x004237ee,4339694
3422,0x004237ef,4339695
3423,0x004237fa,4339706
3424,0x004237fb,4339707
3425,0x0042380d,4339725
3426,0x0042380e,4339726
3427,0x00423812,4339730
3428,0x00423813,4339731
3429,0x0042381f,4339743
3430,0x00423823,4339747
3431,0x00423824,4339748
3432,0x00423825,4339749
3433,0x00423826,4339750
3434,0x00423827,4339751
3435,0x00423828,4339752
3436,0x00423829,4339753
3437,0x0042382a,4339754
3438,0x0042382b,4339755
3439,0x0042382f,4339759
3440,0x00423831,4339761
3441,0x00423832,4339762
3442,0x00423833,4339763
3443,0x00423834,4339764
3444,0x00423835,4339765
3445,0x00423836,4339766
3446,0x00423837,4339767
3447,0x00423838,4339768
3448,0x00423839,4339769
3449,0x0042383a,4339770
3450,0x0042383b,4339771
3451,0x0042383c,4339772
3452,0x0042383d,4339773
3453,0x0042383e,4339774
3454,0x0042383f,4339775
3455,0x00423840,4339776
3456,0x00423841,4339777
3457,0x00423842,4339778
3458,0x0042384b,4339787
3459,0x0042384c,4339788
3460,0x0042384d,4339789
3461,0x0042384e,4339790
3462,0x0042384f,4339791
3463,0x00423852,4339794
3464,0x00423856,4339798
3465,0x00423857,4339799
3466,0x00423867,4339815
3467,0x00423868,4339816
3468,0x00423869,4339817
3469,0x0042386a,4339818
3470,0x0042386e,4339822
3471,0x0042386f,4339823
3472,0x00423870,4339824
3473,0x00423871,4339825
3474,0x00423872,4339826
3475,0x00423873,4339827
3476,0x0042387f,4339839
3477,0x00423893,4339859
3478,0x00423894,4339860
3479,0x00423895,4339861
3480,0x00423898,4339864
3481,0x00423899,4339865
3482,0x0042389a,4339866
3483,0x004238a2,4339874
3484,0x004238a4,4339876
3485,0x004238a9,4339881
3486,0x004238aa,4339882
3487,0x004238ab,4339883
3488,0x004238ac,4339884
3489,0x004238ad,4339885
3490,0x004238ae,4339886
3491,0x004238af,4339887
3492,0x004238b0,4339888
3493,0x004238b1,4339889
3494,0x004238b2,4339890
3495,0x004238b3,4339891
3496,0x004238b7,4339895
3497,0x004238b8,4339896
3498,0x004238b9,4339897
3499,0x004238ba,4339898
3500,0x004238bb,4339899
3501,0x004238bc,4339900
3502,0x004238bd,4339901
3503,0x004238be,4339902
3504,0x004238bf,4339903
3505,0x004238c0,4339904
3506,0x004238c1,4339905
3507,0x004238c2,4339906
3508,0x004238c3,4339907
3509,0x004238c4,4339908
3510,0x004238c5,4339909
3511,0x004238c6,4339910
3512,0x004238c7,4339911
3513,0x004238c8,4339912
3514,0x004238c9,4339913
3515,0x004238cd,4339917
3516,0x004238ce,4339918
3517,0x004238d2,4339922
3518,0x004238d3,4339923
3519,0x004238d4,4339924
3520,0x004238d6,4339926
3521,0x004238d7,4339927
3522,0x004238d8,4339928
3523,0x004238da,4339930
3524,0x004238db,4339931
3525,0x004238e0,4339936
3526,0x004238e6,4339942
3527,0x004238e7,4339943
3528,0x004238e8,4339944
3529,0x004238e9,4339945
3530,0x004238f0,4339952
3531,0x004238f1,4339953
3532,0x004238f2,4339954
3533,0x004238f3,4339955
3534,0x004238f4,4339956
3535,0x004238f5,4339957
3536,0x004238f6,4339958
3537,0x004238f7,4339959
3538,0x004238f8,4339960
3539,0x004238f9,4339961
3540,0x004238fa,4339962
3541,0x004238fb,4339963
3542,0x004238fc,4339964
3543,0x00423905,4339973
3544,0x00423906,4339974
3545,0x00423907,4339975
3546,0x00423908,4339976
3547,0x00423915,4339989
3548,0x00423916,4339990
3549,0x0042391d,4339997
3550,0x0042391e,4339998
3551,0x0042391f,4339999
3552,0x00423920,4340000
3553,0x00423921,4340001
3554,0x00423922,4340002
3555,0x00423923,4340003
3556,0x00423924,4340004
3557,0x00423925,4340005
3558,0x00423926,4340006
3559,0x00423931,4340017
3560,0x00423933,4340019
3561,0x00423934,4340020
3562,0x00423935,4340021
3563,0x00423936,4340022
3564,0x00423937,4340023
3565,0x00423938,4340024
3566,0x00423939,4340025
3567,0x0042393a,4340026
3568,0x0042393b,4340027
3569,0x0042393c,4340028
3570,0x00423940,4340032
3571,0x00423941,4340033
3572,0x00423942,4340034
3573,0x00423943,4340035
3574,0x00423944,4340036
3575,0x00423945,4340037
3576,0x00423946,4340038
3577,0x00423947,4340039
3578,0x00423948,4340040
3579,0x00423949,4340041
3580,0x0042394a,4340042
3581,0x0042394c,4340044
3582,0x0042394d,4340045
3583,0x0042394e,4340046
3584,0x0042394f,4340047
3585,0x00423950,4340048
3586,0x00423951,4340049
3587,0x00423953,4340051
3588,0x00423954,4340052
3589,0x00423955,4340053
3590,0x00423956,4340054
3591,0x00423958,4340056
3592,0x00423959,4340057
3593,0x0042395a,4340058
3594,0x0042395b,4340059
3595,0x0042395d,4340061
3596,0x0042395e,4340062
3597,0x0042395f,4340063
3598,0x00423961,4340065
3599,0x00423962,4340066
3600,0x00423963,4340067
3601,0x00423964,4340068
3602,0x00423965,4340069
3603,0x00423966,4340070
3604,0x00423968,4340072
3605,0x00423969,4340073
3606,0x0042396a,4340074
3607,0x0042396f,4340079
3608,0x00423974,4340084
3609,0x00423976,4340086
3610,0x00423977,4340087
3611,0x00423979,4340089
3612,0x0042397a,4340090
3613,0x0042397b,4340091
3614,0x0042397c,4340092
3615,0x00423980,4340096
3616,0x00423981,4340097
3617,0x00423983,4340099
3618,0x00423984,4340100
3619,0x00423985,4340101
3620,0x00423991,4340113
3621,0x00423992,4340114
3622,0x004239a4,4340132
3623,0x004239a5,4340133
3624,0x004239a7,4340135
3625,0x004239a9,4340137
3626,0x004239aa,4340138
3627,0x004239ab,4340139
3628,0x004239ad,4340141
3629,0x004239b6,4340150
3630,0x004239b9,4340153
3631,0x004239ba,4340154
3632,0x004239bb,4340155
3633,0x004239bc,4340156
3634,0x004239bd,4340157
3635,0x004239be,4340158
3636,0x004239bf,4340159
3637,0x004239c0,4340160
3638,0x004239c1,4340161
3639,0x004239c2,4340162
3640,0x004239c5,4340165
3641,0x004239c6,4340166
3642,0x004239c8,4340168
3643,0x004239c9,4340169
3644,0x004239ca,4340170
3645,0x004239cb,4340171
3646,0x004239cd,4340173
3647,0x004239ce,4340174
3648,0x004239cf,4340175
3649,0x004239d0,4340176
3650,0x004239d1,4340177
3651,0x004239d2,4340178
3652,0x004239d3,4340179
3653,0x004239d4,4340180
3654,0x004239d5,4340181
3655,0x004239d6,4340182
3656,0x004239d7,4340183
3657,0x004239d8,4340184
3658,0x004239dd,4340189
3659,0x004239de,4340190
3660,0x004239e2,4340194
3661,0x004239e3,4340195
3662,0x004239e4,4340196
3663,0x004239e5,4340197
3664,0x004239e6,4340198
3665,0x004239e7,4340199
3666,0x004239e8,4340200
3667,0x004239eb,4340203
3668,0x004239ec,4340204
3669,0x004239f1,4340209
3670,0x004239f2,4340210
3671,0x004239fc,4340220
3672,0x004239fd,4340221
3673,0x004239fe,4340222
3674,0x004239ff,4340223
3675,0x00423a00,4340224
3676,0x00423a04,4340228
3677,0x00423a07,4340231
3678,0x00423a08,4340232
3679,0x00423a09,4340233
3680,0x00423a1b,4340251
3681,0x00423a1c,4340252
3682,0x00423a1d,4340253
3683,0x00423a1e,4340254
3684,0x00423a21,4340257
3685,0x00423a22,4340258
3686,0x00423a2d,4340269
3687,0x00423a31,4340273
3688,0x00423a32,4340274
3689,0x00423a33,4340275
3690,0x00423a34,4340276
3691,0x00423a35,4340277
3692,0x00423a36,4340278
3693,0x00423a37,4340279
3694,0x00423a38,4340280
3695,0x00423a39,4340281
3696,0x00423a3a,4340282
3697,0x00423a3b,4340283
3698,0x00423a3f,4340287
3699,0x00423a40,4340288
3700,0x00423a41,4340289
3701,0x00423a42,4340290
3702,0x00423a43,4340291
3703,0x00423a44,4340292
3704,0x00423a45,4340293
3705,0x00423a46,4340294
3706,0x00423a48,4340296
3707,0x00423a49,4340297
3708,0x00423a4a,4340298
3709,0x00423a4b,4340299
3710,0x00423a4c,4340300
3711,0x00423a4d,4340301
3712,0x00423a4e,4340302
3713,0x00423a4f,4340303
3714,0x00423a51,4340305
3715,0x00423a55,4340309
3716,0x00423a56,4340310
3717,0x00423a57,4340311
3718,0x00423a5a,4340314
3719,0x00423a5b,4340315
3720,0x00423a5c,4340316
3721,0x00423a5d,4340317
3722,0x00423a5f,4340319
3723,0x00423a60,4340320
3724,0x00423a62,4340322
3725,0x00423a63,4340323
3726,0x00423a64,4340324
3727,0x00423a65,4340325
3728,0x00423a6c,4340332
3729,0x00423a6d,4340333
3730,0x00423a6e,4340334
3731,0x00423a6f,4340335
3732,0x00423a70,4340336
3733,0x00423a74,4340340
3734,0x00423a75,4340341
3735,0x00423a78,4340344
3736,0x00423a79,4340345
3737,0x00423a7a,4340346
3738,0x00423a85,4340357
3739,0x00423a86,4340358
3740,0x00423a8d,4340365
3741,0x00423a8e,4340366
3742,0x00423a8f,4340367
3743,0x00423a92,4340370
3744,0x00423a93,4340371
3745,0x00423a95,4340373
3746,0x00423a96,4340374
3747,0x00423a9f,4340383
3748,0x00423aa2,4340386
3749,0x00423aa3,4340387
3750,0x00423aa4,4340388
3751,0x00423aa5,4340389
3752,0x00423aa6,4340390
3753,0x00423aa7,4340391
3754,0x00423aa8,4340392
3755,0x00423aa9,4340393
3756,0x00423aaa,4340394
3757,0x00423aab,4340395
3758,0x00423aae,4340398
3759,0x00423aaf,4340399
3760,0x00423ab1,4340401
3761,0x00423ab2,4340402
3762,0x00423ab3,4340403
3763,0x00423ab4,4340404
3764,0x00423ab6,4340406
3765,0x00423ab7,4340407
3766,0x00423ab8,4340408
3767,0x00423ab9,4340409
3768,0x00423aba,4340410
3769,0x00423abb,4340411
3770,0x00423abc,4340412
3771,0x00423abd,4340413
3772,0x00423abe,4340414
3773,0x00423abf,4340415
3774,0x00423ac0,4340416
3775,0x00423ac1,4340417
3776,0x00423ac2,4340418
3777,0x00423ac5,4340421
3778,0x00423ac6,4340422
3779,0x00423ac7,4340423
3780,0x00423ac8,4340424
3781,0x00423acb,4340427
3782,0x00423acd,4340429
3783,0x00423ace,4340430
3784,0x00423acf,4340431
3785,0x00423ad0,4340432
3786,0x00423ad1,4340433
3787,0x00423ad2,4340434
3788,0x00423ad5,4340437
3789,0x00423ad6,4340438
3790,0x00423ad7,4340439
3791,0x00423adb,4340443
3792,0x00423ae6,4340454
3793,0x00423ae7,4340455
3794,0x00423ae8,4340456
3795,0x00423ae9,4340457
3796,0x00423aea,4340458
3797,0x00423aee,4340462
3798,0x00423aef,4340463
3799,0x00423af1,4340465
3800,0x00423af2,4340466
3801,0x00423af3,4340467
3802,0x00423aff,4340479
3803,0x00423b11,4340497
3804,0x00423b12,4340498
3805,0x00423b13,4340499
3806,0x00423b14,4340500
3807,0x00423b16,4340502
3808,0x00423b17,4340503
3809,0x00423b18,4340504
3810,0x00423b19,4340505
3811,0x00423b1a,4340506
3812,0x00423b1c,4340508
3813,0x00423b23,4340515
3814,0x00423b27,4340519
3815,0x00423b28,4340520
3816,0x00423b29,4340521
3817,0x00423b2a,4340522
3818,0x00423b2b,4340523
3819,0x00423b2c,4340524
3820,0x00423b2d,4340525
3821,0x00423b2e,4340526
3822,0x00423b2f,4340527
3823,0x00423b30,4340528
3824,0x00423b31,4340529
3825,0x00423b32,4340530
3826,0x00423b35,4340533
3827,0x00423b37,4340535
3828,0x00423b38,4340536
3829,0x00423b39,4340537
3830,0x00423b3a,4340538
3831,0x00423b3b,4340539
3832,0x00423b3c,4340540
3833,0x00423b3f,4340543
3834,0x00423b40,4340544
3835,0x00423b41,4340545
3836,0x00423b42,4340546
3837,0x00423b43,4340547
3838,0x00423b44,4340548
3839,0x00423b45,4340549
3840,0x00423b46,4340550
3841,0x00423b47,4340551
3842,0x00423b49,4340553
3843,0x00423b4a,4340554
3844,0x00423b4e,4340558
3845,0x00423b4f,4340559
3846,0x00423b50,4340560
3847,0x00423b51,4340561
3848,0x00423b52,4340562
3849,0x00423b53,4340563
3850,0x00423b5e,4340574
3851,0x00423b5f,4340575
3852,0x00423b61,4340577
3853,0x00423b62,4340578
3854,0x00423b63,4340579
3855,0x00423b72,4340594
3856,0x00423b73,4340595
3857,0x00423b82,4340610
3858,0x00423b83,4340611
3859,0x00423b84,4340612
3860,0x00423b93,4340627
3861,0x00423b99,4340633
3862,0x00423b9c,4340636
3863,0x00423b9d,4340637
3864,0x00423ba9,4340649
3865,0x00423baa,4340650
3866,0x00423bac,4340652
3867,0x00423bad,4340653
3868,0x00423bb9,4340665
3869,0x00423bbd,4340669
3870,0x00423bcd,4340685
3871,0x00423bdd,4340701
3872,0x00423bed,4340717
3873,0x00423bee,4340718
3874,0x00423bfd,4340733
3875,0x00423bfe,4340734
3876,0x00423c0d,4340749
3877,0x00423c0e,4340750
3878,0x00423c21,4340769
3879,0x00423c22,4340770
3880,0x00423c23,4340771
3881,0x00423c25,4340773
3882,0x00423c26,4340774
3883,0x00423c27,4340775
3884,0x00423c28,4340776
3885,0x00423c29,4340777
3886,0x00423c2a,4340778
3887,0x00423c32,4340786
3888,0x00423c37,4340791
3889,0x00423c38,4340792
3890,0x00423c39,4340793
3891,0x00423c3a,4340794
3892,0x00423c3b,4340795
3893,0x00423c3c,4340796
3894,0x00423c3d,4340797
3895,0x00423c3e,4340798
3896,0x00423c3f,4340799
3897,0x00423c40,4340800
3898,0x00423c41,4340801
3899,0x00423c42,4340802
3900,0x00423c46,4340806
3901,0x00423c47,4340807
3902,0x00423c48,4340808
3903,0x00423c49,4340809
3904,0x00423c4a,4340810
3905,0x00423c4b,4340811
3906,0x00423c4d,4340813
3907,0x00423c4e,4340814
3908,0x00423c4f,4340815
3909,0x00423c50,4340816
3910,0x00423c51,4340817
3911,0x00423c52,4340818
3912,0x00423c53,4340819
3913,0x00423c55,4340821
3914,0x00423c56,4340822
3915,0x00423c57,4340823
3916,0x00423c58,4340824
3917,0x00423c5b,4340827
3918,0x00423c5d,4340829
3919,0x00423c5e,4340830
3920,0x00423c5f,4340831
3921,0x00423c60,4340832
3922,0x00423c61,4340833
3923,0x00423c62,4340834
3924,0x00423c63,4340835
3925,0x00423c64,4340836
3926,0x00423c65,4340837
3927,0x00423c67,4340839
3928,0x00423c68,4340840
3929,0x00423c69,4340841
3930,0x00423c6a,4340842
3931,0x00423c6d,4340845
3932,0x00423c6e,4340846
3933,0x00423c6f,4340847
3934,0x00423c70,4340848
3935,0x00423c7f,4340863
3936,0x00423c80,4340864
3937,0x00423c86,4340870
3938,0x00423c89,4340873
3939,0x00423c99,4340889
3940,0x00423c9a,4340890
3941,0x00423ca8,4340904
3942,0x00423caa,4340906
3943,0x00423cb9,4340921
3944,0x00423cba,4340922
3945,0x00423cc9,4340937
3946,0x00423cca,4340938
3947,0x00423cda,4340954
3948,0x00423ced,4340973
3949,0x00423cee,4340974
3950,0x00423cef,4340975
3951,0x00423cf2,4340978
3952,0x00423cf3,4340979
3953,0x00423cf4,4340980
3954,0x00423cff,4340991
3955,0x00423d03,4340995
3956,0x00423d04,4340996
3957,0x00423d05,4340997
3958,0x00423d06,4340998
3959,0x00423d07,4340999
3960,0x00423d08,4341000
3961,0x00423d09,4341001
3962,0x00423d0a,4341002
3963,0x00423d0b,4341003
3964,0x00423d0c,4341004
3965,0x00423d0d,4341005
3966,0x00423d0e,4341006
3967,0x00423d0f,4341007
3968,0x00423d10,4341008
3969,0x00423d12,4341010
3970,0x00423d13,4341011
3971,0x00423d14,4341012
3972,0x00423d15,4341013
3973,0x00423d16,4341014
3974,0x00423d17,4341015
3975,0x00423d18,4341016
3976,0x00423d19,4341017
3977,0x00423d1a,4341018
3978,0x00423d1b,4341019
3979,0x00423d1c,4341020
3980,0x00423d1d,4341021
3981,0x00423d1e,4341022
3982,0x00423d21,4341025
3983,0x00423d23,4341027
3984,0x00423d24,4341028
3985,0x00423d25,4341029
3986,0x00423d26,4341030
3987,0x00423d27,4341031
3988,0x00423d28,4341032
3989,0x00423d29,4341033
3990,0x00423d2c,4341036
3991,0x00423d2d,4341037
3992,0x00423d2f,4341039
3993,0x00423d30,4341040
3994,0x00423d31,4341041
3995,0x00423d32,4341042
3996,0x00423d37,4341047
3997,0x00423d38,4341048
3998,0x00423d3c,4341052
3999,0x00423d3d,4341053
4000,0x00423d40,4341056
4001,0x00423d4c,4341068
4002,0x00423d4f,4341071
4003,0x00423d50,4341072
4004,0x00423d60,4341088
4005,0x00423d61,4341089
4006,0x00423d70,4341104
4007,0x00423d71,4341105
4008,0x00423d81,4341121
4009,0x00423d94,4341140
4010,0x00423d95,4341141
4011,0x00423d96,4341142
4012,0x00423d99,4341145
4013,0x00423d9a,4341146
4014,0x00423d9b,4341147
4015,0x00423da6,4341158
4016,0x00423da9,4341161
4017,0x00423daa,4341162
4018,0x00423dab,4341163
4019,0x00423dac,4341164
4020,0x00423dad,4341165
4021,0x00423dae,4341166
4022,0x00423daf,4341167
4023,0x00423db0,4341168
4024,0x00423db1,4341169
4025,0x00423db2,4341170
4026,0x00423db3,4341171
4027,0x00423db4,4341172
4028,0x00423db7,4341175
4029,0x00423db8,4341176
4030,0x00423db9,4341177
4031,0x00423dba,4341178
4032,0x00423dbb,4341179
4033,0x00423dbc,4341180
4034,0x00423dbd,4341181
4035,0x00423dbe,4341182
4036,0x00423dbf,4341183
4037,0x00423dc0,4341184
4038,0x00423dc1,4341185
4039,0x00423dc2,4341186
4040,0x00423dc3,4341187
4041,0x00423dc4,4341188
4042,0x00423dc9,4341193
4043,0x00423dca,4341194
4044,0x00423dce,4341198
4045,0x00423dcf,4341199
4046,0x00423dd0,4341200
4047,0x00423ddd,4341213
4048,0x00423dde,4341214
4049,0x00423ddf,4341215
4050,0x00423de0,4341216
4051,0x00423de4,4341220
4052,0x00423de5,4341221
4053,0x00423de6,4341222
4054,0x00423de7,4341223
4055,0x00423de8,4341224
4056,0x00423de9,4341225
4057,0x00423dea,4341226
4058,0x00423df4,4341236
4059,0x00423df9,4341241
4060,0x00423dfa,4341242
4061,0x00423e09,4341257
4062,0x00423e0a,4341258
4063,0x00423e1a,4341274
4064,0x00423e2c,4341292
4065,0x00423e2d,4341293
4066,0x00423e2e,4341294
4067,0x00423e2f,4341295
4068,0x00423e32,4341298
4069,0x00423e33,4341299
4070,0x00423e34,4341300
4071,0x00423e35,4341301
4072,0x00423e36,4341302
4073,0x00423e3e,4341310
4074,0x00423e42,4341314
4075,0x00423e43,4341315
4076,0x00423e44,4341316
4077,0x00423e45,4341317
4078,0x00423e46,4341318
4079,0x00423e47,4341319
4080,0x00423e48,4341320
4081,0x00423e49,4341321
4082,0x00423e4a,4341322
4083,0x00423e4b,4341323
4084,0x00423e4c,4341324
4085,0x00423e4d,4341325
4086,0x00423e4e,4341326
4087,0x00423e52,4341330
4088,0x00423e53,4341331
4089,0x00423e54,4341332
4090,0x00423e55,4341333
4091,0x00423e56,4341334
4092,0x00423e57,4341335
4093,0x00423e58,4341336
4094,0x00423e59,4341337
4095,0x00423e5a,4341338
