0,0x00000000,0
1,0x00000000,0
2,0x00000000,0
3,0x003abb94,3849108
4,0x0000099c,2460
5,0x00000765,1893
6,0x00001520,5408
7,0x00003477,13431
8,0x0000912a,37162
9,0x000026df,9951
10,0x00001798,6040
11,0x0000162d,5677
12,0x0000b009,45065
13,0x0001914a,102730
14,0x0008f290,586384
15,0x0002729d,160413
16,0x000122d8,74456
17,0x00005fa2,24482
18,0x000037d8,14296
19,0x00003bcc,15308
20,0x00001b18,6936
21,0x00001940,6464
22,0x00001993,6547
23,0x00001ce9,7401
24,0x00001b3a,6970
25,0x000016df,5855
26,0x000021dc,8668
27,0x00001791,6033
28,0x00001667,5735
29,0x00001609,5641
30,0x00001c3f,7231
31,0x00001b99,7065
32,0x00001338,4920
33,0x000010ec,4332
34,0x000010da,4314
35,0x0000247c,9340
36,0x00001b69,7017
37,0x0000150f,5391
38,0x00001277,4727
39,0x0000144f,5199
40,0x00001f55,8021
41,0x0000195c,6492
42,0x000015ed,5613
43,0x0000149e,5278
44,0x0000290c,10508
45,0x00003cdd,15581
46,0x00002618,9752
47,0x000017e3,6115
48,0x00001b16,6934
49,0x00001efc,7932
50,0x000018eb,6379
51,0x0000178c,6028
52,0x000019f3,6643
53,0x00001d0b,7435
54,0x0000188e,6286
55,0x00001632,5682
56,0x000014b5,5301
57,0x002c8fbe,2920382
58,0x0253d65e,39048798
59,0x070ac2b3,118145715
60,0x02d82e9c,47722140
61,0x0045aded,4566509
62,0x0011542f,1135663
63,0x00023e27,146983
64,0x0008d95c,579932
65,0x0007cc68,511080
66,0x0003721d,225821
67,0x0003d98e,252302
68,0x00031dc0,204224
69,0x00025387,152455
70,0x0000a24d,41549
71,0x00004984,18820
72,0x00003a06,14854
73,0x00002211,8721
74,0x00001bc0,7104
75,0x000015f7,5623
76,0x00002016,8214
77,0x00001fbd,8125
78,0x000016e3,5859
79,0x0000638d,25485
80,0x00016064,90212
81,0x0003d38d,250765
82,0x000140d6,82134
83,0x00008cea,36074
84,0x00001570,5488
85,0x00001949,6473
86,0x00001e8e,7822
87,0x00001ceb,7403
88,0x00001b49,6985
89,0x000019e4,6628
90,0x00001dcf,7631
91,0x00001829,6185
92,0x00002c99,11417
93,0x00015942,88386
94,0x0003e72d,255789
95,0x0003fa83,260739
96,0x00037be2,228322
97,0x0002e9f4,190964
98,0x0000ecc1,60609
99,0x00002025,8229
100,0x000019fa,6650
101,0x0000179d,6045
102,0x00001977,6519
103,0x00001d21,7457
104,0x000022ae,8878
105,0x00002af9,11001
106,0x0000246d,9325
107,0x00001c11,7185
108,0x00001bf3,7155
109,0x00001596,5526
110,0x0000136c,4972
111,0x000014cc,5324
112,0x0000184e,6222
113,0x00002093,8339
114,0x00001a69,6761
115,0x00001a86,6790
116,0x0000265b,9819
117,0x00002646,9798
118,0x000029e7,10727
119,0x0000221c,8732
120,0x000014d0,5328
121,0x000012d0,4816
122,0x00001b50,6992
123,0x000019f9,6649
124,0x00001ad7,6871
125,0x00001e84,7812
126,0x00001f8f,8079
127,0x00001d0b,7435
128,0x00001b7d,7037
129,0x00001821,6177
130,0x000017e4,6116
131,0x00001be1,7137
132,0x00001578,5496
133,0x0000160c,5644
134,0x00001764,5988
135,0x00001a6b,6763
136,0x00001d6b,7531
137,0x0000175f,5983
138,0x000015af,5551
139,0x0000167b,5755
140,0x00001b73,7027
141,0x000019e8,6632
142,0x000016dc,5852
143,0x000015c9,5577
144,0x00001671,5745
145,0x000019b1,6577
146,0x00001471,5233
147,0x000015ee,5614
148,0x00001741,5953
149,0x00001c4b,7243
150,0x00001849,6217
151,0x00001395,5013
152,0x00001338,4920
153,0x000014c6,5318
154,0x000020ae,8366
155,0x00001a1d,6685
156,0x000014e1,5345
157,0x000011c4,4548
158,0x000014b8,5304
159,0x00001ef0,7920
160,0x00001a86,6790
161,0x000018cd,6349
162,0x000014e8,5352
163,0x000017a1,6049
164,0x00001782,6018
165,0x000017d3,6099
166,0x0000184d,6221
167,0x00001773,6003
168,0x00001894,6292
169,0x0000151d,5405
170,0x0000171b,5915
171,0x0000188c,6284
172,0x00001b76,7030
173,0x00001921,6433
174,0x00001491,5265
175,0x00001476,5238
176,0x000016a6,5798
177,0x00001c60,7264
178,0x00001772,6002
179,0x000015b9,5561
180,0x000014c1,5313
181,0x00001a3f,6719
182,0x00001acb,6859
183,0x00001762,5986
184,0x000017ed,6125
185,0x0000171e,5918
186,0x00001bdd,7133
187,0x000014aa,5290
188,0x0000143b,5179
189,0x000015e8,5608
190,0x00001b21,6945
191,0x00001cef,7407
192,0x000014b4,5300
193,0x000012bd,4797
194,0x00001273,4723
195,0x00001c5b,7259
196,0x00001ece,7886
197,0x00001801,6145
198,0x0000140f,5135
199,0x0000112d,4397
200,0x00001c0d,7181
201,0x00001bf7,7159
202,0x000018c2,6338
203,0x00001521,5409
204,0x00001539,5433
205,0x0000166c,5740
206,0x000018dc,6364
207,0x000019c0,6592
208,0x0000186f,6255
209,0x00001a1c,6684
210,0x0000153f,5439
211,0x000016cf,5839
212,0x000017ca,6090
213,0x00001a7f,6783
214,0x00001a46,6726
215,0x00001633,5683
216,0x0000155a,5466
217,0x0000155e,5470
218,0x00001b99,7065
219,0x000018c9,6345
220,0x00001617,5655
221,0x000015e4,5604
222,0x000017bb,6075
223,0x0000188a,6282
224,0x00001758,5976
225,0x00001720,5920
226,0x000017df,6111
227,0x00001f66,8038
228,0x000015fa,5626
229,0x0000145d,5213
230,0x0000162f,5679
231,0x00001978,6520
232,0x00002129,8489
233,0x000016e1,5857
234,0x000014d8,5336
235,0x0000139b,5019
236,0x000019ad,6573
237,0x0000267f,9855
238,0x00001d8c,7564
239,0x00001989,6537
240,0x00001692,5778
241,0x00001cf8,7416
242,0x000022e5,8933
243,0x00001f01,7937
244,0x00001a66,6758
245,0x00001885,6277
246,0x00001848,6216
247,0x00001abd,6845
248,0x00001baa,7082
249,0x00001bad,7085
250,0x00001d7e,7550
251,0x0000169c,5788
252,0x00001745,5957
253,0x000018d8,6360
254,0x00001c16,7190
255,0x00001def,7663
256,0x00001843,6211
257,0x000016f1,5873
258,0x00001715,5909
259,0x00001d0a,7434
260,0x00001ca5,7333
261,0x000019c8,6600
262,0x000017df,6111
263,0x000018cd,6349
264,0x00001bc6,7110
265,0x00001ac9,6857
266,0x0000195c,6492
267,0x00001a41,6721
268,0x00001f7d,8061
269,0x00001abf,6847
270,0x000017d1,6097
271,0x0000178d,6029
272,0x00001a48,6728
273,0x00002478,9336
274,0x00001b0f,6927
275,0x0000177d,6013
276,0x000014df,5343
277,0x00001828,6184
278,0x0000249f,9375
279,0x00001fc3,8131
280,0x00001a3f,6719
281,0x00001363,4963
282,0x000018fd,6397
283,0x00001e9e,7838
284,0x00001d68,7528
285,0x00001c42,7234
286,0x000018e6,6374
287,0x00001801,6145
288,0x00001930,6448
289,0x00001bf4,7156
290,0x00001d21,7457
291,0x00001f95,8085
292,0x0000184d,6221
293,0x00001798,6040
294,0x0000195d,6493
295,0x00001c94,7316
296,0x00001f7b,8059
297,0x000019c0,6592
298,0x00001807,6151
299,0x000016d8,5848
300,0x00001b94,7060
301,0x00001b43,6979
302,0x00001999,6553
303,0x000018d7,6359
304,0x000017d4,6100
305,0x00001acf,6863
306,0x000017c3,6083
307,0x0000186b,6251
308,0x00001988,6536
309,0x00001d16,7446
310,0x00001c0e,7182
311,0x00001651,5713
312,0x0000175a,5978
313,0x00001801,6145
314,0x000027d0,10192
315,0x00001ed6,7894
316,0x00001a50,6736
317,0x000017fa,6138
318,0x00001783,6019
319,0x000023f0,9200
320,0x000022fc,8956
321,0x00002059,8281
322,0x00001947,6471
323,0x000017de,6110
324,0x00001d50,7504
325,0x00001ea1,7841
326,0x00001ed8,7896
327,0x00001d09,7433
328,0x00001a82,6786
329,0x00001787,6023
330,0x00001abd,6845
331,0x00001c87,7303
332,0x000020ba,8378
333,0x00001a00,6656
334,0x00001893,6291
335,0x00001974,6516
336,0x00001a85,6789
337,0x0000207b,8315
338,0x00001c3d,7229
339,0x00001a6b,6763
340,0x00001843,6211
341,0x00001b95,7061
342,0x00001cca,7370
343,0x00001bd2,7122
344,0x00001b61,7009
345,0x00001ac3,6851
346,0x00001fff,8191
347,0x000018bc,6332
348,0x000019c3,6595
349,0x00001a68,6760
350,0x00001e0f,7695
351,0x00002069,8297
352,0x00001957,6487
353,0x000018af,6319
354,0x00001723,5923
355,0x00002004,8196
356,0x00001ef3,7923
357,0x00001be2,7138
358,0x0000198c,6540
359,0x0000166a,5738
360,0x00001bc4,7108
361,0x00001f62,8034
362,0x00001f08,7944
363,0x00001d8d,7565
364,0x000018ab,6315
365,0x0000193c,6460
366,0x00001bc7,7111
367,0x00001ce6,7398
368,0x00001ebb,7867
369,0x00001d12,7442
370,0x000017db,6107
371,0x000019ff,6655
372,0x00001c95,7317
373,0x000022c9,8905
374,0x00001e27,7719
375,0x00001a24,6692
376,0x00001a62,6754
377,0x00001c16,7190
378,0x000022de,8926
379,0x00001d60,7520
380,0x00001c79,7289
381,0x00001bed,7149
382,0x00001d4a,7498
383,0x00001e81,7809
384,0x00001bea,7146
385,0x00001c94,7316
386,0x00001c11,7185
387,0x00002111,8465
388,0x00001c03,7171
389,0x00001ad9,6873
390,0x00001ba4,7076
391,0x00001e63,7779
392,0x00002276,8822
393,0x00001bd0,7120
394,0x00001a4d,6733
395,0x0000191e,6430
396,0x00001f29,7977
397,0x0000218c,8588
398,0x00001f0c,7948
399,0x00001d1a,7450
400,0x00001989,6537
401,0x00001c47,7239
402,0x00002013,8211
403,0x00002285,8837
404,0x0000225d,8797
405,0x00001bcd,7117
406,0x00001952,6482
407,0x00001c4d,7245
408,0x00001ef5,7925
409,0x00002214,8724
410,0x00002310,8976
411,0x000016e4,5860
412,0x0000190c,6412
413,0x00001b6b,7019
414,0x000021f1,8689
415,0x00002098,8344
416,0x00001ae3,6883
417,0x00001959,6489
418,0x000019ff,6655
419,0x0000218f,8591
420,0x00001d16,7446
421,0x00001bcb,7115
422,0x00001b3a,6970
423,0x00001c14,7188
424,0x00001ced,7405
425,0x00001b0a,6922
426,0x00001c16,7190
427,0x00001ce4,7396
428,0x00002010,8208
429,0x00001ba7,7079
430,0x00001a8e,6798
431,0x00001b1d,6941
432,0x00001d01,7425
433,0x0000245d,9309
434,0x00001db7,7607
435,0x00001bdf,7135
436,0x00001949,6473
437,0x00001c3e,7230
438,0x000021c5,8645
439,0x000021a7,8615
440,0x0000205e,8286
441,0x00001af4,6900
442,0x000018cb,6347
443,0x00001bd7,7127
444,0x00002298,8856
445,0x00002586,9606
446,0x00001f65,8037
447,0x000016af,5807
448,0x000018c3,6339
449,0x00001ce9,7401
450,0x00002118,8472
451,0x000026a1,9889
452,0x00001882,6274
453,0x000017e7,6119
454,0x000019ab,6571
455,0x00002087,8327
456,0x00002331,9009
457,0x00001c42,7234
458,0x00001b7d,7037
459,0x00001923,6435
460,0x00001f3c,7996
461,0x00001e66,7782
462,0x00001d00,7424
463,0x00001d66,7526
464,0x00001c4c,7244
465,0x00001e28,7720
466,0x0000198e,6542
467,0x00001ba8,7080
468,0x00001db9,7609
469,0x00002059,8281
470,0x00001d29,7465
471,0x00001986,6534
472,0x00001a43,6723
473,0x00001a05,6661
474,0x000023f2,9202
475,0x00001e81,7809
476,0x00001b24,6948
477,0x00001992,6546
478,0x0000187d,6269
479,0x00001e30,7728
480,0x0000211f,8479
481,0x0000219d,8605
482,0x00001f7c,8060
483,0x00001926,6438
484,0x0000181b,6171
485,0x00002327,8999
486,0x00002992,10642
487,0x00002bc7,11207
488,0x00001a20,6688
489,0x00001632,5682
490,0x00001b61,7009
491,0x0000207e,8318
492,0x00002bb3,11187
493,0x00001c92,7314
494,0x000017a9,6057
495,0x0000183d,6205
496,0x00001cc0,7360
497,0x00002434,9268
498,0x00001c2a,7210
499,0x00001a38,6712
500,0x00001aa4,6820
501,0x00001c73,7283
502,0x00001c74,7284
503,0x00001c75,7285
504,0x00001bf6,7158
505,0x00001bd2,7122
506,0x00001e81,7809
507,0x0000185d,6237
508,0x00001a12,6674
509,0x00001bac,7084
510,0x0000204e,8270
511,0x00001f24,7972
512,0x000019af,6575
513,0x0000194a,6474
514,0x000018a2,6306
515,0x00002099,8345
516,0x00001f30,7984
517,0x00001d81,7553
518,0x00001c64,7268
519,0x00001a7b,6779
520,0x00001b7d,7037
521,0x00001da8,7592
522,0x00002074,8308
523,0x0000216c,8556
524,0x00001d8c,7564
525,0x00001570,5488
526,0x00001b69,7017
527,0x0000205f,8287
528,0x0000277e,10110
529,0x00001e8d,7821
530,0x000016fc,5884
531,0x00001a0b,6667
532,0x00001ecc,7884
533,0x00002bac,11180
534,0x000023c9,9161
535,0x00001cfb,7419
536,0x00001c43,7235
537,0x00001f91,8081
538,0x00002f1e,12062
539,0x0000229e,8862
540,0x0000212a,8490
541,0x0000213a,8506
542,0x000023e9,9193
543,0x000024eb,9451
544,0x000021f7,8695
545,0x00002309,8969
546,0x00002390,9104
547,0x000028c8,10440
548,0x0000205b,8283
549,0x00001fe6,8166
550,0x00002213,8723
551,0x000027a9,10153
552,0x00002a94,10900
553,0x000021c8,8648
554,0x000021c4,8644
555,0x0000209e,8350
556,0x00002703,9987
557,0x000025bf,9663
558,0x00002501,9473
559,0x00002441,9281
560,0x0000223d,8765
561,0x0000232d,9005
562,0x000021ba,8634
563,0x00002726,10022
564,0x00002ad0,10960
565,0x00002d54,11604
566,0x00001c1f,7199
567,0x00001f1c,7964
568,0x0000284a,10314
569,0x0000324a,12874
570,0x0000333a,13114
571,0x00001e1d,7709
572,0x00001ea7,7847
573,0x0000222e,8750
574,0x00003086,12422
575,0x00002efd,12029
576,0x0000231a,8986
577,0x00002186,8582
578,0x0000209a,8346
579,0x00003047,12359
580,0x00002817,10263
581,0x0000262d,9773
582,0x00002549,9545
583,0x00002774,10100
584,0x00002a71,10865
585,0x000023fb,9211
586,0x00002656,9814
587,0x00002797,10135
588,0x00002f25,12069
589,0x00002494,9364
590,0x0000220e,8718
591,0x000023c9,9161
592,0x000027fd,10237
593,0x000032b1,12977
594,0x00002682,9858
595,0x00002590,9616
596,0x0000246e,9326
597,0x00002981,10625
598,0x000029ea,10730
599,0x00002a61,10849
600,0x00002b54,11092
601,0x0000299c,10652
602,0x00002ade,10974
603,0x0000203c,8252
604,0x00002897,10391
605,0x00002dd5,11733
606,0x000035a0,13728
607,0x0000242d,9261
608,0x00001d74,7540
609,0x00002409,9225
610,0x00002d3d,11581
611,0x00003b92,15250
612,0x0000234b,9035
613,0x00002047,8263
614,0x00002148,8520
615,0x00002c14,11284
616,0x000035d7,13783
617,0x000027bb,10171
618,0x00002591,9617
619,0x00002428,9256
620,0x00003110,12560
621,0x00002cf1,11505
622,0x00002a06,10758
623,0x00002a69,10857
624,0x00002bdb,11227
625,0x0000305d,12381
626,0x00002655,9813
627,0x000028d0,10448
628,0x00002bfb,11259
629,0x00003722,14114
630,0x00002dc4,11716
631,0x00002782,10114
632,0x0000286f,10351
633,0x00002b0c,11020
634,0x00003afa,15098
635,0x00002eed,12013
636,0x00002cb9,11449
637,0x00002c6c,11372
638,0x00002fc4,12228
639,0x00002eb7,11959
640,0x00002f51,12113
641,0x00003154,12628
642,0x0000335d,13149
643,0x00003719,14105
644,0x00002473,9331
645,0x000029ee,10734
646,0x000031fe,12798
647,0x0000443f,17471
648,0x00003a51,14929
649,0x000022b3,8883
650,0x0000277b,10107
651,0x00002f66,12134
652,0x00004af2,19186
653,0x0000358d,13709
654,0x000029b2,10674
655,0x00002728,10024
656,0x00002b57,11095
657,0x0000427a,17018
658,0x00003306,13062
659,0x00002d03,11523
660,0x00002ae8,10984
661,0x00003462,13410
662,0x0000329d,12957
663,0x00002f1b,12059
664,0x00002ffc,12284
665,0x00002fe1,12257
666,0x000039f5,14837
667,0x00002b2e,11054
668,0x00002b22,11042
669,0x00002d7c,11644
670,0x000038c9,14537
671,0x00003946,14662
672,0x00002bac,11180
673,0x00002ad9,10969
674,0x00002c64,11364
675,0x00003da2,15778
676,0x000033e7,13287
677,0x0000317d,12669
678,0x00003068,12392
679,0x000033bf,13247
680,0x00003267,12903
681,0x00002f6e,12142
682,0x000034ec,13548
683,0x0000381a,14362
684,0x00003f64,16228
685,0x0000296b,10603
686,0x00002803,10243
687,0x0000301c,12316
688,0x0000448f,17551
689,0x00004b7d,19325
690,0x0000233f,9023
691,0x000024ae,9390
692,0x00002b65,11109
693,0x0000469f,18079
694,0x0000413b,16699
695,0x00002d06,11526
696,0x000027aa,10154
697,0x000027bb,10171
698,0x000042ee,17134
699,0x0000386f,14447
700,0x000031d4,12756
701,0x00002cc9,11465
702,0x000032ca,13002
703,0x0000352e,13614
704,0x00002f9d,12189
705,0x000031a3,12707
706,0x0000333e,13118
707,0x00003c47,15431
708,0x00002b3a,11066
709,0x00002a14,10772
710,0x00002c4b,11339
711,0x000033b0,13232
712,0x00003d75,15733
713,0x00002c11,11281
714,0x00002abe,10942
715,0x00002939,10553
716,0x00003811,14353
717,0x000032ae,12974
718,0x00002f16,12054
719,0x00002d56,11606
720,0x00003144,12612
721,0x00002ecd,11981
722,0x00002902,10498
723,0x00002eca,11978
724,0x0000323a,12858
725,0x00003e58,15960
726,0x0000299f,10655
727,0x00001fb8,8120
728,0x00002695,9877
729,0x000034d4,13524
730,0x000057ae,22446
731,0x00002224,8740
732,0x00001f06,7942
733,0x000021f6,8694
734,0x000038f6,14582
735,0x00004536,17718
736,0x00002c01,11265
737,0x00002528,9512
738,0x00002177,8567
739,0x000031e8,12776
740,0x00003322,13090
741,0x00002ceb,11499
742,0x00002a1f,10783
743,0x00002847,10311
744,0x00002c93,11411
745,0x00002517,9495
746,0x0000275f,10079
747,0x000028bf,10431
748,0x00003422,13346
749,0x000024aa,9386
750,0x00002187,8583
751,0x00002354,9044
752,0x00002689,9865
753,0x00003403,13315
754,0x0000256d,9581
755,0x00002376,9078
756,0x00002277,8823
757,0x000029be,10686
758,0x00002c09,11273
759,0x00002637,9783
760,0x0000270c,9996
761,0x000028a1,10401
762,0x00002a08,10760
763,0x00001ef0,7920
764,0x0000233c,9020
765,0x0000276f,10095
766,0x000033d4,13268
767,0x000028a8,10408
768,0x00001aff,6911
769,0x00001bf0,7152
770,0x000020f9,8441
771,0x000045ed,17901
772,0x00002398,9112
773,0x00001bcb,7115
774,0x00001a01,6657
775,0x000022df,8927
776,0x00003415,13333
777,0x0000249d,9373
778,0x00002059,8281
779,0x00001c36,7222
780,0x000024e3,9443
781,0x0000274b,10059
782,0x00002402,9218
783,0x000022c8,8904
784,0x00002335,9013
785,0x000026e5,9957
786,0x00001fbc,8124
787,0x00001f6b,8043
788,0x0000211b,8475
789,0x00002a00,10752
790,0x0000240a,9226
791,0x00001dba,7610
792,0x00001da5,7589
793,0x00001eb1,7857
794,0x00002bcc,11212
795,0x000020bb,8379
796,0x00001f40,8000
797,0x00001e38,7736
798,0x000021aa,8618
799,0x00002447,9287
800,0x00001f73,8051
801,0x000020ec,8428
802,0x0000221d,8733
803,0x0000271f,10015
804,0x00001b72,7026
805,0x00001c4c,7244
806,0x00001f7b,8059
807,0x00002954,10580
808,0x000028b8,10424
809,0x00001a76,6774
810,0x0000195c,6492
811,0x000019ce,6606
812,0x000033ef,13295
813,0x00002766,10086
814,0x00001d28,7464
815,0x00001991,6545
816,0x00001b25,6949
817,0x00002b79,11129
818,0x00002311,8977
819,0x00001f85,8069
820,0x00001c76,7286
821,0x00001e49,7753
822,0x0000232c,9004
823,0x0000202d,8237
824,0x00001fb5,8117
825,0x00001f50,8016
826,0x00002481,9345
827,0x00001cab,7339
828,0x00001c7c,7292
829,0x00001d86,7558
830,0x00002246,8774
831,0x00002362,9058
832,0x00001c32,7218
833,0x00001c1f,7199
834,0x00001b77,7031
835,0x00002627,9767
836,0x00001eec,7916
837,0x00001cce,7374
838,0x00001d1f,7455
839,0x00001ece,7886
840,0x000022a9,8873
841,0x00001d6d,7533
842,0x00001e62,7778
843,0x00001ed5,7893
844,0x00002653,9811
845,0x00001d85,7557
846,0x00001a59,6745
847,0x00001c04,7172
848,0x0000211f,8479
849,0x000029c5,10693
850,0x00001cb8,7352
851,0x000018a8,6312
852,0x000017ee,6126
853,0x0000256e,9582
854,0x0000292e,10542
855,0x00001caf,7343
856,0x0000193b,6459
857,0x00001787,6023
858,0x00002504,9476
859,0x00002062,8290
860,0x00001eb7,7863
861,0x00001ce2,7394
862,0x00001ae1,6881
863,0x00001f7f,8063
864,0x00001e7d,7805
865,0x00001e33,7731
866,0x00001df4,7668
867,0x0000234f,9039
868,0x00001cae,7342
869,0x00001af4,6900
870,0x00001b51,6993
871,0x0000203e,8254
872,0x00002389,9097
873,0x00001c58,7256
874,0x00001a3c,6716
875,0x00001a3f,6719
876,0x0000215c,8540
877,0x00002006,8198
878,0x00001c42,7234
879,0x00001b70,7024
880,0x00001b7c,7036
881,0x00002118,8472
882,0x00001b0c,6924
883,0x00001bb0,7088
884,0x00001d43,7491
885,0x00002302,8962
886,0x00001dfa,7674
887,0x000018df,6367
888,0x00001950,6480
889,0x00001bec,7148
890,0x000029df,10719
891,0x00001ea4,7844
892,0x000019af,6575
893,0x000016d1,5841
894,0x00001d0c,7436
895,0x00002aa2,10914
896,0x000020a7,8359
897,0x00001c0b,7179
898,0x0000168b,5771
899,0x00002051,8273
900,0x00002119,8473
901,0x000020aa,8362
902,0x0000201f,8223
903,0x00001dd2,7634
904,0x00001e47,7751
905,0x00001d34,7476
906,0x00001d72,7538
907,0x00001dbd,7613
908,0x000023f2,9202
909,0x00001e1b,7707
910,0x00001a96,6806
911,0x00001a80,6784
912,0x00001de0,7648
913,0x000025de,9694
914,0x00001e33,7731
915,0x00001bfc,7164
916,0x00001af2,6898
917,0x00002029,8233
918,0x00002183,8579
919,0x00001efc,7932
920,0x00001dc7,7623
921,0x00001ca5,7333
922,0x00002410,9232
923,0x00001b2a,6954
924,0x00001d06,7430
925,0x00001edb,7899
926,0x0000270b,9995
927,0x0000246c,9324
928,0x00001a71,6769
929,0x000019f4,6644
930,0x00001be3,7139
931,0x00002c5d,11357
932,0x000026c5,9925
933,0x00001d5f,7519
934,0x000018aa,6314
935,0x00001880,6272
936,0x00002afb,11003
937,0x000026b8,9912
938,0x0000206f,8303
939,0x00001a4a,6730
940,0x00001dc2,7618
941,0x000020a8,8360
942,0x00002170,8560
943,0x0000224e,8782
944,0x00001f6c,8044
945,0x00002194,8596
946,0x00001ce3,7395
947,0x00001ec6,7878
948,0x00002072,8306
949,0x0000258a,9610
950,0x0000235e,9054
951,0x00001cc8,7368
952,0x00001ca4,7332
953,0x00001ca1,7329
954,0x000027a4,10148
955,0x00002096,8342
956,0x00001e50,7760
957,0x00001d50,7504
958,0x00002074,8308
959,0x0000220b,8715
960,0x00001fe8,8168
961,0x00001f19,7961
962,0x00001e4f,7759
963,0x00002743,10051
964,0x00001bf0,7152
965,0x00001be6,7142
966,0x00001d2b,7467
967,0x00002359,9049
968,0x000028a6,10406
969,0x00001b55,6997
970,0x000019f8,6648
971,0x000018f4,6388
972,0x00002520,9504
973,0x00002a5a,10842
974,0x00002055,8277
975,0x00001ad9,6873
976,0x000015e5,5605
977,0x000025df,9695
978,0x00002a6b,10859
979,0x00002396,9110
980,0x00001dbf,7615
981,0x00001c5e,7262
982,0x00001ddf,7647
983,0x000021d3,8659
984,0x0000228f,8847
985,0x00002153,8531
986,0x00002266,8806
987,0x00001b29,6953
988,0x00001cdc,7388
989,0x00001e93,7827
990,0x00002210,8720
991,0x000022bb,8891
992,0x00001b5d,7005
993,0x00001af9,6905
994,0x00001b23,6947
995,0x0000241b,9243
996,0x00002052,8274
997,0x00001cb6,7350
998,0x00001bde,7134
999,0x00001c23,7203
1000,0x00002030,8240
1001,0x00001d07,7431
1002,0x00001c9b,7323
1003,0x00001d6d,7533
1004,0x00002322,8994
1005,0x00001d4e,7502
1006,0x00001aa2,6818
1007,0x00001b35,6965
1008,0x00001dbf,7615
1009,0x000028e9,10473
1010,0x00001c6f,7279
1011,0x0000196f,6511
1012,0x000017d9,6105
1013,0x00001eb6,7862
1014,0x00002738,10040
1015,0x00002089,8329
1016,0x00001c3e,7230
1017,0x0000163d,5693
1018,0x00001d9a,7578
1019,0x00002255,8789
1020,0x00002096,8342
1021,0x00001def,7663
1022,0x00001aea,6890
1023,0x00001a6a,6762
0,0x00000000,0
1024,0x00446475,4482165
2048,0x00338cb4,3378356
3072,0x0024f988,2423176
4096,0x001c38a1,1849505
5120,0x0015bf2a,1425194
6144,0x001045c6,1066438
7168,0x000b8401,754689
8192,0x00087414,554004
9216,0x000555ba,349626
10240,0x0004456a,279914
11264,0x0002f1de,192990
12288,0x000178b6,96438
13312,0x0000f2b1,62129
14336,0x0000b7f5,47093
15360,0x000094b9,38073
16384,0x00007fb0,32688
17408,0x00006f4d,28493
18432,0x000065a3,26019
19456,0x00005de7,24039
20480,0x000056ad,22189
21504,0x000051a2,20898
22528,0x00004b5e,19294
23552,0x00004626,17958
24576,0x00004217,16919
25600,0x00003f1b,16155
26624,0x00003c68,15464
27648,0x00003b41,15169
28672,0x00003a45,14917
29696,0x00003989,14729
30720,0x000036fd,14077
31744,0x000035c3,13763
32768,0x0000346e,13422
33792,0x000032c2,12994
34816,0x0000306c,12396
35840,0x00002ed7,11991
36864,0x00002d5e,11614
37888,0x00002cda,11482
38912,0x00002b31,11057
39936,0x0000297d,10621
40960,0x00002751,10065
41984,0x00002660,9824
43008,0x000024fd,9469
44032,0x00002494,9364
45056,0x0000246c,9324
46080,0x000023d5,9173
47104,0x00002512,9490
48128,0x000024b6,9398
49152,0x00002486,9350
50176,0x000025a8,9640
51200,0x0000273b,10043
52224,0x0000275c,10076
53248,0x000027fa,10234
54272,0x00002805,10245
55296,0x0000288d,10381
56320,0x000028bc,10428
57344,0x000027dd,10205
58368,0x00002437,9271
59392,0x00002133,8499
60416,0x00001c29,7209
61440,0x00001722,5922
62464,0x00001297,4759
63488,0x00000da0,3488
64512,0x00000a23,2595
65536,0x00000707,1799
66560,0x000004ea,1258
67584,0x0000038a,906
68608,0x00000251,593
69632,0x000001c9,457
70656,0x00000186,390
71680,0x0000013b,315
72704,0x00000121,289
73728,0x00000137,311
74752,0x000000fc,252
75776,0x00000123,291
76800,0x00000114,276
77824,0x00000129,297
78848,0x0000015c,348
79872,0x00000124,292
80896,0x00000113,275
81920,0x0000010f,271
82944,0x000000e1,225
83968,0x000000ce,206
84992,0x000000ce,206
86016,0x000000ad,173
87040,0x000000b7,183
88064,0x000000bd,189
89088,0x0000014b,331
90112,0x000003fb,1019
91136,0x00000a30,2608
92160,0x0000138b,5003
93184,0x00001ddb,7643
94208,0x000026be,9918
95232,0x00002e9d,11933
96256,0x00003531,13617
97280,0x00003bdf,15327
98304,0x000041aa,16810
99328,0x000040c7,16583
100352,0x00003ca5,15525
101376,0x000034f5,13557
102400,0x00002ee9,12009
103424,0x000027be,10174
104448,0x000022fe,8958
105472,0x00001d6b,7531
106496,0x000019b6,6582
107520,0x00001604,5636
108544,0x000012c5,4805
109568,0x00000e82,3714
110592,0x00000bbe,3006
111616,0x00000942,2370
112640,0x00000730,1840
113664,0x0000058f,1423
114688,0x0000041d,1053
115712,0x00000370,880
116736,0x00000261,609
117760,0x000001c6,454
118784,0x00000179,377
119808,0x00000108,264
120832,0x000000c1,193
121856,0x0000008f,143
122880,0x00000079,121
123904,0x0000005f,95
124928,0x00000046,70
125952,0x00000035,53
126976,0x0000002f,47
128000,0x0000003b,59
129024,0x0000002c,44
130048,0x00000023,35
131072,0x00000022,34
132096,0x00000011,17
133120,0x00000017,23
134144,0x0000001a,26
135168,0x00000015,21
136192,0x0000000e,14
137216,0x00000019,25
138240,0x00000013,19
139264,0x00000014,20
140288,0x0000000f,15
141312,0x0000001a,26
142336,0x0000000c,12
143360,0x00000011,17
144384,0x00000013,19
145408,0x00000012,18
146432,0x00000017,23
147456,0x00000017,23
148480,0x00000015,21
149504,0x0000000f,15
150528,0x0000000b,11
151552,0x0000000d,13
152576,0x00000010,16
153600,0x0000000f,15
154624,0x00000010,16
155648,0x00000015,21
156672,0x0000000e,14
157696,0x00000009,9
158720,0x0000000b,11
159744,0x0000000c,12
160768,0x0000000f,15
161792,0x00000007,7
162816,0x0000000e,14
163840,0x0000000a,10
164864,0x00000009,9
165888,0x00000007,7
166912,0x00000006,6
167936,0x00000003,3
168960,0x00000007,7
169984,0x00000006,6
171008,0x00000004,4
172032,0x00000005,5
173056,0x00000005,5
174080,0x00000009,9
175104,0x00000008,8
176128,0x00000005,5
177152,0x00000007,7
178176,0x00000003,3
179200,0x0000000a,10
180224,0x0000000e,14
181248,0x00000008,8
182272,0x00000008,8
183296,0x0000000c,12
184320,0x00000008,8
185344,0x00000004,4
186368,0x00000007,7
187392,0x00000010,16
188416,0x00000009,9
189440,0x00000004,4
190464,0x0000000a,10
191488,0x0000000d,13
192512,0x00000006,6
193536,0x00000002,2
194560,0x00000005,5
195584,0x00000009,9
196608,0x0000000a,10
197632,0x00000007,7
198656,0x00000009,9
199680,0x00000008,8
200704,0x00000006,6
201728,0x00000005,5
202752,0x00000009,9
203776,0x00000008,8
204800,0x00000007,7
205824,0x0000000b,11
206848,0x00000004,4
207872,0x00000005,5
208896,0x0000000a,10
209920,0x00000009,9
210944,0x00000006,6
211968,0x00000008,8
212992,0x00000009,9
214016,0x0000000c,12
215040,0x0000000c,12
216064,0x00000005,5
217088,0x00000008,8
218112,0x00000005,5
219136,0x0000000a,10
220160,0x00000006,6
221184,0x00000007,7
222208,0x00000005,5
223232,0x00000007,7
224256,0x0000000e,14
225280,0x0000000d,13
226304,0x00000007,7
227328,0x00000008,8
228352,0x0000000b,11
229376,0x0000000a,10
230400,0x00000008,8
231424,0x00000008,8
232448,0x00000006,6
233472,0x0000000d,13
234496,0x0000000c,12
235520,0x00000008,8
236544,0x0000000b,11
237568,0x00000008,8
238592,0x0000000c,12
239616,0x0000000b,11
240640,0x00000013,19
241664,0x0000000c,12
242688,0x0000000a,10
243712,0x0000000c,12
244736,0x0000000c,12
245760,0x00000007,7
246784,0x0000000b,11
247808,0x00000008,8
248832,0x00000009,9
249856,0x00000009,9
250880,0x00000008,8
251904,0x00000009,9
252928,0x00000010,16
253952,0x0000000e,14
254976,0x00000009,9
256000,0x00000017,23
257024,0x0000000f,15
258048,0x0000000f,15
259072,0x0000000d,13
260096,0x00000010,16
261120,0x00000007,7
262144,0x0000000d,13
263168,0x0000000c,12
264192,0x00000006,6
265216,0x0000000a,10
266240,0x00000006,6
267264,0x0000000c,12
268288,0x00000008,8
269312,0x0000000a,10
270336,0x0000000a,10
271360,0x00000008,8
272384,0x00000007,7
273408,0x00000008,8
274432,0x0000000d,13
275456,0x00000008,8
276480,0x00000006,6
277504,0x00000009,9
278528,0x00000006,6
279552,0x00000001,1
280576,0x0000000a,10
281600,0x0000000e,14
282624,0x0000000a,10
283648,0x00000009,9
284672,0x00000005,5
285696,0x0000000c,12
286720,0x00000009,9
287744,0x00000007,7
288768,0x0000000c,12
289792,0x0000000d,13
290816,0x00000016,22
291840,0x00000015,21
292864,0x00000006,6
293888,0x0000000f,15
294912,0x00000012,18
295936,0x00000011,17
296960,0x00000011,17
297984,0x00000011,17
299008,0x0000000b,11
300032,0x00000014,20
301056,0x0000000e,14
302080,0x0000000d,13
303104,0x0000000f,15
304128,0x00000006,6
305152,0x0000000e,14
306176,0x00000008,8
307200,0x00000007,7
308224,0x00000007,7
309248,0x00000005,5
310272,0x00000008,8
311296,0x00000006,6
312320,0x00000005,5
313344,0x00000009,9
314368,0x00000006,6
315392,0x00000006,6
316416,0x00000003,3
317440,0x00000008,8
318464,0x00000007,7
319488,0x00000005,5
320512,0x00000009,9
321536,0x00000005,5
322560,0x00000006,6
323584,0x00000007,7
324608,0x00000002,2
325632,0x0000000a,10
326656,0x00000004,4
327680,0x00000008,8
328704,0x00000005,5
329728,0x00000001,1
330752,0x00000004,4
331776,0x00000003,3
332800,0x00000006,6
333824,0x00000006,6
334848,0x00000002,2
335872,0x00000004,4
336896,0x00000006,6
337920,0x00000006,6
338944,0x00000007,7
339968,0x00000002,2
340992,0x00000002,2
342016,0x00000003,3
343040,0x00000009,9
344064,0x00000002,2
345088,0x00000002,2
346112,0x00000008,8
347136,0x00000006,6
348160,0x00000007,7
349184,0x00000003,3
350208,0x00000005,5
351232,0x00000005,5
352256,0x00000001,1
353280,0x00000003,3
354304,0x00000005,5
355328,0x00000003,3
356352,0x00000006,6
357376,0x00000008,8
358400,0x00000006,6
359424,0x00000004,4
360448,0x00000002,2
361472,0x00000007,7
362496,0x00000002,2
363520,0x00000003,3
364544,0x00000007,7
365568,0x00000004,4
366592,0x00000005,5
367616,0x00000006,6
368640,0x00000003,3
369664,0x00000005,5
370688,0x00000005,5
371712,0x00000003,3
372736,0x00000005,5
373760,0x00000006,6
374784,0x00000007,7
375808,0x00000003,3
376832,0x00000002,2
377856,0x00000004,4
378880,0x00000003,3
379904,0x00000003,3
380928,0x00000006,6
381952,0x00000003,3
382976,0x00000002,2
384000,0x00000003,3
385024,0x00000003,3
386048,0x00000001,1
387072,0x00000000,0
388096,0x00000001,1
389120,0x00000003,3
390144,0x00000003,3
391168,0x00000004,4
392192,0x00000004,4
393216,0x00000001,1
394240,0x00000001,1
395264,0x00000002,2
396288,0x00000004,4
397312,0x00000004,4
398336,0x00000007,7
399360,0x00000003,3
400384,0x00000003,3
401408,0x00000004,4
402432,0x00000004,4
403456,0x00000003,3
404480,0x00000003,3
405504,0x00000004,4
406528,0x00000007,7
407552,0x00000005,5
408576,0x00000005,5
409600,0x00000001,1
410624,0x00000004,4
411648,0x00000002,2
412672,0x00000004,4
413696,0x00000009,9
414720,0x00000009,9
415744,0x00000002,2
416768,0x00000003,3
417792,0x00000004,4
418816,0x00000005,5
419840,0x00000004,4
420864,0x00000004,4
421888,0x00000003,3
422912,0x00000003,3
423936,0x00000003,3
424960,0x00000004,4
425984,0x00000004,4
427008,0x00000003,3
428032,0x00000005,5
429056,0x00000005,5
430080,0x00000003,3
431104,0x00000005,5
432128,0x00000002,2
433152,0x00000005,5
434176,0x00000005,5
435200,0x00000002,2
436224,0x00000002,2
437248,0x00000002,2
438272,0x00000001,1
439296,0x00000001,1
440320,0x00000005,5
441344,0x00000003,3
442368,0x00000002,2
443392,0x00000000,0
444416,0x00000000,0
445440,0x00000003,3
446464,0x00000001,1
447488,0x00000002,2
448512,0x00000005,5
449536,0x00000003,3
450560,0x00000002,2
451584,0x00000003,3
452608,0x00000002,2
453632,0x00000002,2
454656,0x00000004,4
455680,0x00000003,3
456704,0x00000007,7
457728,0x00000002,2
458752,0x00000003,3
459776,0x00000003,3
460800,0x00000009,9
461824,0x00000002,2
462848,0x00000005,5
463872,0x00000002,2
464896,0x00000003,3
465920,0x00000007,7
466944,0x00000001,1
467968,0x00000003,3
468992,0x00000000,0
470016,0x00000005,5
471040,0x00000003,3
472064,0x00000003,3
473088,0x00000003,3
474112,0x00000001,1
475136,0x00000004,4
476160,0x00000002,2
477184,0x00000004,4
478208,0x00000007,7
479232,0x00000001,1
480256,0x00000005,5
481280,0x00000004,4
482304,0x00000001,1
483328,0x00000003,3
484352,0x00000004,4
485376,0x00000000,0
486400,0x00000004,4
487424,0x00000005,5
488448,0x00000000,0
489472,0x00000003,3
490496,0x00000003,3
491520,0x00000002,2
492544,0x00000004,4
493568,0x00000000,0
494592,0x00000003,3
495616,0x00000003,3
496640,0x00000006,6
497664,0x00000003,3
498688,0x00000005,5
499712,0x00000004,4
500736,0x00000003,3
501760,0x00000004,4
502784,0x00000003,3
503808,0x00000003,3
504832,0x00000004,4
505856,0x00000004,4
506880,0x00000003,3
507904,0x00000001,1
508928,0x00000007,7
509952,0x00000008,8
510976,0x00000002,2
512000,0x00000008,8
513024,0x00000006,6
514048,0x00000005,5
515072,0x00000004,4
516096,0x00000002,2
517120,0x00000007,7
518144,0x00000003,3
519168,0x00000001,1
520192,0x00000000,0
521216,0x00000000,0
522240,0x00000002,2
523264,0x00000005,5
524288,0x00000002,2
525312,0x00000003,3
526336,0x00000001,1
527360,0x00000003,3
528384,0x00000003,3
529408,0x00000004,4
530432,0x00000008,8
531456,0x00000005,5
532480,0x00000007,7
533504,0x00000006,6
534528,0x00000005,5
535552,0x00000003,3
536576,0x00000006,6
537600,0x00000007,7
538624,0x00000001,1
539648,0x00000005,5
540672,0x00000005,5
541696,0x00000001,1
542720,0x00000002,2
543744,0x00000008,8
544768,0x00000005,5
545792,0x00000003,3
546816,0x00000003,3
547840,0x00000001,1
548864,0x00000002,2
549888,0x00000000,0
550912,0x00000001,1
551936,0x00000003,3
552960,0x00000002,2
553984,0x00000000,0
555008,0x00000003,3
556032,0x00000004,4
557056,0x00000002,2
558080,0x00000002,2
559104,0x00000000,0
560128,0x00000001,1
561152,0x00000004,4
562176,0x00000001,1
563200,0x00000003,3
564224,0x00000003,3
565248,0x00000003,3
566272,0x00000001,1
567296,0x00000002,2
568320,0x00000004,4
569344,0x00000003,3
570368,0x00000001,1
571392,0x00000001,1
572416,0x00000002,2
573440,0x00000004,4
574464,0x00000001,1
575488,0x00000004,4
576512,0x00000003,3
577536,0x00000002,2
578560,0x00000004,4
579584,0x00000000,0
580608,0x00000002,2
581632,0x00000001,1
582656,0x00000000,0
583680,0x00000001,1
584704,0x00000001,1
585728,0x00000004,4
586752,0x00000003,3
587776,0x00000002,2
588800,0x00000005,5
589824,0x00000003,3
590848,0x00000000,0
591872,0x00000003,3
592896,0x00000001,1
593920,0x00000000,0
594944,0x00000003,3
595968,0x00000006,6
596992,0x00000003,3
598016,0x00000001,1
599040,0x00000001,1
600064,0x00000002,2
601088,0x00000001,1
602112,0x00000003,3
603136,0x00000003,3
604160,0x00000002,2
605184,0x00000001,1
606208,0x00000003,3
607232,0x00000002,2
608256,0x00000000,0
609280,0x00000003,3
610304,0x00000002,2
611328,0x00000004,4
612352,0x00000000,0
613376,0x00000001,1
614400,0x00000001,1
615424,0x00000002,2
616448,0x00000001,1
617472,0x00000003,3
618496,0x00000000,0
619520,0x00000001,1
620544,0x00000001,1
621568,0x00000005,5
622592,0x00000001,1
623616,0x00000002,2
624640,0x00000003,3
625664,0x00000001,1
626688,0x00000004,4
627712,0x00000000,0
628736,0x00000000,0
629760,0x00000000,0
630784,0x00000001,1
631808,0x00000001,1
632832,0x00000000,0
633856,0x00000002,2
634880,0x00000000,0
635904,0x00000002,2
636928,0x00000002,2
637952,0x00000002,2
638976,0x00000006,6
640000,0x00000006,6
641024,0x00000004,4
642048,0x00000004,4
643072,0x00000005,5
644096,0x00000001,1
645120,0x00000004,4
646144,0x00000005,5
647168,0x00000002,2
648192,0x00000005,5
649216,0x00000003,3
650240,0x00000004,4
651264,0x00000002,2
652288,0x00000001,1
653312,0x00000001,1
654336,0x00000004,4
655360,0x00000001,1
656384,0x00000000,0
657408,0x00000000,0
658432,0x00000002,2
659456,0x00000001,1
660480,0x00000003,3
661504,0x00000002,2
662528,0x00000001,1
663552,0x00000000,0
664576,0x00000000,0
665600,0x00000001,1
666624,0x00000003,3
667648,0x00000003,3
668672,0x00000001,1
669696,0x00000001,1
670720,0x00000000,0
671744,0x00000001,1
672768,0x00000002,2
673792,0x00000000,0
674816,0x00000003,3
675840,0x00000000,0
676864,0x00000002,2
677888,0x00000002,2
678912,0x00000002,2
679936,0x00000001,1
680960,0x00000002,2
681984,0x00000000,0
683008,0x00000001,1
684032,0x00000001,1
685056,0x00000001,1
686080,0x00000002,2
687104,0x00000002,2
688128,0x00000001,1
689152,0x00000000,0
690176,0x00000000,0
691200,0x00000000,0
692224,0x00000002,2
693248,0x00000003,3
694272,0x00000002,2
695296,0x00000001,1
696320,0x00000002,2
697344,0x00000003,3
698368,0x00000002,2
699392,0x00000002,2
700416,0x00000002,2
701440,0x00000000,0
702464,0x00000003,3
703488,0x00000001,1
704512,0x00000001,1
705536,0x00000003,3
706560,0x00000001,1
707584,0x00000002,2
708608,0x00000004,4
709632,0x00000001,1
710656,0x00000004,4
711680,0x00000001,1
712704,0x00000004,4
713728,0x00000004,4
714752,0x00000001,1
715776,0x00000005,5
716800,0x00000003,3
717824,0x00000002,2
718848,0x00000004,4
719872,0x00000002,2
720896,0x00000000,0
721920,0x00000003,3
722944,0x00000002,2
723968,0x00000002,2
724992,0x00000001,1
726016,0x00000001,1
727040,0x00000003,3
728064,0x00000002,2
729088,0x00000001,1
730112,0x00000001,1
731136,0x00000001,1
732160,0x00000001,1
733184,0x00000002,2
734208,0x00000000,0
735232,0x00000002,2
736256,0x00000001,1
737280,0x00000002,2
738304,0x00000003,3
739328,0x00000001,1
740352,0x00000001,1
741376,0x00000001,1
742400,0x00000004,4
743424,0x00000003,3
744448,0x00000005,5
745472,0x00000001,1
746496,0x00000001,1
747520,0x00000006,6
748544,0x00000002,2
749568,0x00000002,2
750592,0x00000000,0
751616,0x00000001,1
752640,0x00000000,0
753664,0x00000001,1
754688,0x00000003,3
755712,0x00000003,3
756736,0x00000003,3
757760,0x00000002,2
758784,0x00000002,2
759808,0x00000003,3
760832,0x00000000,0
761856,0x00000002,2
762880,0x00000004,4
763904,0x00000003,3
764928,0x00000001,1
765952,0x00000001,1
766976,0x00000004,4
768000,0x00000004,4
769024,0x00000002,2
770048,0x00000004,4
771072,0x00000002,2
772096,0x00000004,4
773120,0x00000002,2
774144,0x00000003,3
775168,0x00000000,0
776192,0x00000007,7
777216,0x00000006,6
778240,0x00000003,3
779264,0x00000002,2
780288,0x00000000,0
781312,0x00000003,3
782336,0x00000001,1
783360,0x00000002,2
784384,0x00000001,1
785408,0x00000001,1
786432,0x00000000,0
787456,0x00000001,1
788480,0x00000003,3
789504,0x00000004,4
790528,0x00000001,1
791552,0x00000001,1
792576,0x00000000,0
793600,0x00000005,5
794624,0x00000001,1
795648,0x00000001,1
796672,0x00000007,7
797696,0x00000003,3
798720,0x00000001,1
799744,0x00000002,2
800768,0x00000003,3
801792,0x00000004,4
802816,0x00000003,3
803840,0x00000002,2
804864,0x00000001,1
805888,0x00000001,1
806912,0x00000001,1
807936,0x00000005,5
808960,0x00000005,5
809984,0x00000002,2
811008,0x00000002,2
812032,0x00000002,2
813056,0x00000002,2
814080,0x00000003,3
815104,0x00000003,3
816128,0x00000001,1
817152,0x00000001,1
818176,0x00000001,1
819200,0x00000002,2
820224,0x00000003,3
821248,0x00000004,4
822272,0x00000005,5
823296,0x00000001,1
824320,0x00000000,0
825344,0x00000001,1
826368,0x00000003,3
827392,0x00000004,4
828416,0x00000005,5
829440,0x00000002,2
830464,0x00000002,2
831488,0x00000000,0
832512,0x00000001,1
833536,0x00000003,3
834560,0x00000006,6
835584,0x00000005,5
836608,0x00000003,3
837632,0x00000000,0
838656,0x00000003,3
839680,0x00000001,1
840704,0x00000002,2
841728,0x00000004,4
842752,0x00000001,1
843776,0x00000002,2
844800,0x00000004,4
845824,0x00000006,6
846848,0x00000002,2
847872,0x00000001,1
848896,0x00000002,2
849920,0x00000004,4
850944,0x00000002,2
851968,0x00000002,2
852992,0x00000002,2
854016,0x00000002,2
855040,0x00000004,4
856064,0x00000002,2
857088,0x00000003,3
858112,0x00000004,4
859136,0x00000002,2
860160,0x00000001,1
861184,0x00000001,1
862208,0x00000002,2
863232,0x00000001,1
864256,0x00000000,0
865280,0x00000001,1
866304,0x00000001,1
867328,0x00000004,4
868352,0x00000002,2
869376,0x00000001,1
870400,0x00000003,3
871424,0x00000003,3
872448,0x00000003,3
873472,0x00000003,3
874496,0x00000004,4
875520,0x00000005,5
876544,0x00000001,1
877568,0x00000005,5
878592,0x00000002,2
879616,0x00000002,2
880640,0x00000001,1
881664,0x00000004,4
882688,0x00000001,1
883712,0x00000002,2
884736,0x00000000,0
885760,0x00000005,5
886784,0x00000002,2
887808,0x00000002,2
888832,0x00000003,3
889856,0x00000002,2
890880,0x00000002,2
891904,0x00000004,4
892928,0x00000001,1
893952,0x00000002,2
894976,0x00000002,2
896000,0x00000002,2
897024,0x00000001,1
898048,0x00000001,1
899072,0x00000001,1
900096,0x00000004,4
901120,0x00000002,2
902144,0x00000007,7
903168,0x00000003,3
904192,0x00000001,1
905216,0x00000003,3
906240,0x00000002,2
907264,0x00000003,3
908288,0x00000003,3
909312,0x00000004,4
910336,0x00000001,1
911360,0x00000002,2
912384,0x00000003,3
913408,0x00000002,2
914432,0x00000001,1
915456,0x00000002,2
916480,0x00000002,2
917504,0x00000002,2
918528,0x00000003,3
919552,0x00000005,5
920576,0x00000004,4
921600,0x00000001,1
922624,0x00000003,3
923648,0x00000004,4
924672,0x00000001,1
925696,0x00000001,1
926720,0x00000000,0
927744,0x00000003,3
928768,0x00000002,2
929792,0x00000001,1
930816,0x00000004,4
931840,0x00000005,5
932864,0x00000004,4
933888,0x00000002,2
934912,0x00000001,1
935936,0x00000002,2
936960,0x00000001,1
937984,0x00000002,2
939008,0x00000002,2
940032,0x00000003,3
941056,0x00000001,1
942080,0x00000001,1
943104,0x00000001,1
944128,0x00000004,4
945152,0x00000001,1
946176,0x00000002,2
947200,0x00000003,3
948224,0x00000001,1
949248,0x00000001,1
950272,0x00000003,3
951296,0x00000002,2
952320,0x00000005,5
953344,0x00000002,2
954368,0x00000005,5
955392,0x00000003,3
956416,0x00000004,4
957440,0x00000004,4
958464,0x0000000a,10
959488,0x00000002,2
960512,0x00000007,7
961536,0x00000004,4
962560,0x00000002,2
963584,0x00000003,3
964608,0x00000001,1
965632,0x00000003,3
966656,0x00000007,7
967680,0x00000005,5
968704,0x00000003,3
969728,0x00000002,2
970752,0x00000005,5
971776,0x00000001,1
972800,0x00000004,4
973824,0x00000006,6
974848,0x00000004,4
975872,0x00000002,2
976896,0x00000000,0
977920,0x00000003,3
978944,0x00000001,1
979968,0x00000001,1
980992,0x00000003,3
982016,0x00000002,2
983040,0x00000002,2
984064,0x00000001,1
985088,0x00000000,0
986112,0x00000003,3
987136,0x00000002,2
988160,0x00000001,1
989184,0x00000003,3
990208,0x00000003,3
991232,0x00000000,0
992256,0x00000001,1
993280,0x00000000,0
994304,0x00000001,1
995328,0x00000001,1
996352,0x00000003,3
997376,0x00000000,0
998400,0x00000001,1
999424,0x00000001,1
1000448,0x00000000,0
1001472,0x00000001,1
1002496,0x00000002,2
1003520,0x00000002,2
1004544,0x00000004,4
1005568,0x00000001,1
1006592,0x00000001,1
1007616,0x00000000,0
1008640,0x00000000,0
1009664,0x00000000,0
1010688,0x00000002,2
1011712,0x00000002,2
1012736,0x00000002,2
1013760,0x00000003,3
1014784,0x00000001,1
1015808,0x00000000,0
1016832,0x00000002,2
1017856,0x00000001,1
1018880,0x00000001,1
1019904,0x00000001,1
1020928,0x00000002,2
1021952,0x00000001,1
1022976,0x00000001,1
1024000,0x00000000,0
1025024,0x00000001,1
1026048,0x00000000,0
1027072,0x00000001,1
1028096,0x00000000,0
1029120,0x00000001,1
1030144,0x00000000,0
1031168,0x00000000,0
1032192,0x00000002,2
1033216,0x00000000,0
1034240,0x00000002,2
1035264,0x00000001,1
1036288,0x00000000,0
1037312,0x00000000,0
1038336,0x00000001,1
1039360,0x00000002,2
1040384,0x00000002,2
1041408,0x00000000,0
1042432,0x00000001,1
1043456,0x00000000,0
1044480,0x00000001,1
1045504,0x00000003,3
1046528,0x00000000,0
1047552,0x00000000,0
0,0x00000000,0
1048576,0x000003bd,957
2097152,0x00000208,520
3145728,0x00000145,325
4194304,0x000000f7,247
5242880,0x00000125,293
6291456,0x0000063d,1597
7340032,0x00000639,1593
8388608,0x00000185,389
9437184,0x00000045,69
10485760,0x0000008e,142
11534336,0x00000033,51
12582912,0x00000048,72
13631488,0x00000036,54
14680064,0x0000008d,141
15728640,0x0000002f,47
16777216,0x0000001d,29
17825792,0x00000026,38
18874368,0x00000054,84
19922944,0x00000043,67
20971520,0x0000004e,78
22020096,0x00000016,22
23068672,0x00000014,20
24117248,0x0000001e,30
25165824,0x00000020,32
26214400,0x00000016,22
27262976,0x00000020,32
28311552,0x0000002d,45
29360128,0x0000001f,31
30408704,0x00000028,40
31457280,0x0000002f,47
32505856,0x0000005a,90
33554432,0x00000029,41
34603008,0x00000037,55
35651584,0x0000000c,12
36700160,0x00000024,36
37748736,0x00000029,41
38797312,0x00000014,20
39845888,0x0000004c,76
40894464,0x00000031,49
41943040,0x0000001a,26
42991616,0x0000001d,29
44040192,0x00000013,19
45088768,0x00000043,67
46137344,0x0000002d,45
47185920,0x00000019,25
48234496,0x0000000c,12
49283072,0x00000007,7
50331648,0x00000016,22
51380224,0x00000007,7
52428800,0x00000009,9
53477376,0x00000004,4
54525952,0x00000014,20
55574528,0x0000001c,28
56623104,0x0000000f,15
57671680,0x00000008,8
58720256,0x00000043,67
59768832,0x00000026,38
60817408,0x00000015,21
61865984,0x00000008,8
62914560,0x0000000e,14
63963136,0x0000000e,14
65011712,0x0000002e,46
66060288,0x00000007,7
67108864,0x00000007,7
68157440,0x00000005,5
69206016,0x00000002,2
70254592,0x00000007,7
71303168,0x00000009,9
72351744,0x00000021,33
73400320,0x00000014,20
74448896,0x00000022,34
75497472,0x00000022,34
76546048,0x00000011,17
77594624,0x00000009,9
78643200,0x0000001b,27
79691776,0x0000001a,26
80740352,0x00000004,4
81788928,0x00000003,3
82837504,0x00000005,5
83886080,0x0000001e,30
84934656,0x00000008,8
85983232,0x00000002,2
87031808,0x00000002,2
88080384,0x00000003,3
89128960,0x00000003,3
90177536,0x00000004,4
91226112,0x00000008,8
92274688,0x00000005,5
93323264,0x0000000b,11
94371840,0x00000008,8
95420416,0x00000013,19
96468992,0x0000000a,10
97517568,0x00000018,24
98566144,0x0000001c,28
99614720,0x00000025,37
100663296,0x00000028,40
101711872,0x00000026,38
102760448,0x00000007,7
103809024,0x00000003,3
104857600,0x00000002,2
105906176,0x00000004,4
106954752,0x00000005,5
108003328,0x0000000b,11
109051904,0x00000019,25
110100480,0x00000001,1
111149056,0x00000001,1
112197632,0x00000000,0
113246208,0x00000002,2
114294784,0x00000013,19
115343360,0x00000002,2
116391936,0x00000000,0
117440512,0x00000002,2
118489088,0x00000000,0
119537664,0x00000001,1
120586240,0x00000001,1
121634816,0x00000001,1
122683392,0x00000001,1
123731968,0x00000000,0
124780544,0x00000004,4
125829120,0x00000007,7
126877696,0x00000000,0
127926272,0x00000001,1
128974848,0x00000000,0
130023424,0x00000001,1
131072000,0x00000001,1
132120576,0x00000001,1
133169152,0x00000000,0
134217728,0x00000002,2
135266304,0x00000002,2
136314880,0x00000002,2
137363456,0x0000000b,11
138412032,0x00000000,0
139460608,0x00000002,2
140509184,0x00000000,0
141557760,0x00000000,0
142606336,0x00000001,1
143654912,0x00000000,0
144703488,0x00000007,7
145752064,0x00000001,1
146800640,0x00000000,0
147849216,0x00000000,0
148897792,0x00000000,0
149946368,0x00000000,0
150994944,0x00000001,1
152043520,0x00000000,0
153092096,0x00000000,0
154140672,0x00000000,0
155189248,0x00000000,0
156237824,0x00000002,2
157286400,0x00000001,1
158334976,0x00000000,0
159383552,0x00000000,0
160432128,0x00000000,0
161480704,0x00000000,0
162529280,0x00000000,0
163577856,0x00000000,0
164626432,0x00000000,0
165675008,0x00000001,1
166723584,0x00000001,1
167772160,0x00000001,1
168820736,0x00000001,1
169869312,0x00000000,0
170917888,0x00000000,0
171966464,0x00000000,0
173015040,0x00000002,2
174063616,0x00000004,4
175112192,0x00000001,1
176160768,0x00000002,2
177209344,0x00000001,1
178257920,0x00000000,0
179306496,0x00000000,0
180355072,0x00000000,0
181403648,0x00000000,0
182452224,0x00000000,0
183500800,0x00000002,2
184549376,0x00000000,0
185597952,0x00000000,0
186646528,0x00000000,0
187695104,0x00000000,0
188743680,0x00000002,2
189792256,0x00000000,0
190840832,0x00000000,0
191889408,0x00000000,0
192937984,0x00000000,0
193986560,0x00000001,1
195035136,0x00000000,0
196083712,0x00000000,0
197132288,0x00000000,0
198180864,0x00000002,2
199229440,0x0000002e,46
200278016,0x00000005,5
201326592,0x00000000,0
202375168,0x00000000,0
203423744,0x00000000,0
204472320,0x00000000,0
205520896,0x00000000,0
206569472,0x00000000,0
207618048,0x00000000,0
208666624,0x00000000,0
209715200,0x00000000,0
210763776,0x00000000,0
211812352,0x00000000,0
212860928,0x00000000,0
213909504,0x00000000,0
214958080,0x00000000,0
216006656,0x00000000,0
217055232,0x00000000,0
218103808,0x00000000,0
219152384,0x00000000,0
220200960,0x00000000,0
221249536,0x00000000,0
222298112,0x00000000,0
223346688,0x00000000,0
224395264,0x00000000,0
225443840,0x00000000,0
226492416,0x00000000,0
227540992,0x00000000,0
228589568,0x00000000,0
229638144,0x00000000,0
230686720,0x00000000,0
231735296,0x00000000,0
232783872,0x00000000,0
233832448,0x00000000,0
234881024,0x00000000,0
235929600,0x00000000,0
236978176,0x00000000,0
238026752,0x00000000,0
239075328,0x00000000,0
240123904,0x00000000,0
241172480,0x00000000,0
242221056,0x00000000,0
243269632,0x00000000,0
244318208,0x00000000,0
245366784,0x00000000,0
246415360,0x00000000,0
247463936,0x00000000,0
248512512,0x00000000,0
249561088,0x00000000,0
250609664,0x00000000,0
251658240,0x00000000,0
252706816,0x00000000,0
253755392,0x00000000,0
254803968,0x00000000,0
255852544,0x00000000,0
256901120,0x00000000,0
257949696,0x00000000,0
258998272,0x00000000,0
260046848,0x00000000,0
261095424,0x00000000,0
262144000,0x00000000,0
263192576,0x00000000,0
264241152,0x00000000,0
265289728,0x00000000,0
266338304,0x00000000,0
267386880,0x00000000,0
268435456,0x00000000,0
269484032,0x00000000,0
270532608,0x00000000,0
271581184,0x00000000,0
272629760,0x00000000,0
273678336,0x00000000,0
274726912,0x00000000,0
275775488,0x00000000,0
276824064,0x00000000,0
277872640,0x00000000,0
278921216,0x00000000,0
279969792,0x00000000,0
281018368,0x00000000,0
282066944,0x00000000,0
283115520,0x00000000,0
284164096,0x00000000,0
285212672,0x00000000,0
286261248,0x00000000,0
287309824,0x00000000,0
288358400,0x00000000,0
289406976,0x00000000,0
290455552,0x00000000,0
291504128,0x00000000,0
292552704,0x00000000,0
293601280,0x00000000,0
294649856,0x00000000,0
295698432,0x00000000,0
296747008,0x00000000,0
297795584,0x00000000,0
298844160,0x00000000,0
299892736,0x00000000,0
300941312,0x00000000,0
301989888,0x00000000,0
303038464,0x00000000,0
304087040,0x00000000,0
305135616,0x00000000,0
306184192,0x00000000,0
307232768,0x00000000,0
308281344,0x00000000,0
309329920,0x00000000,0
310378496,0x00000000,0
311427072,0x00000000,0
312475648,0x00000000,0
313524224,0x00000000,0
314572800,0x00000000,0
315621376,0x00000000,0
316669952,0x00000000,0
317718528,0x00000000,0
318767104,0x00000000,0
319815680,0x00000000,0
320864256,0x00000000,0
321912832,0x00000000,0
322961408,0x00000000,0
324009984,0x00000000,0
325058560,0x00000000,0
326107136,0x00000000,0
327155712,0x00000000,0
328204288,0x00000000,0
329252864,0x00000000,0
330301440,0x00000000,0
331350016,0x00000000,0
332398592,0x00000000,0
333447168,0x00000000,0
334495744,0x00000000,0
335544320,0x00000000,0
336592896,0x00000000,0
337641472,0x00000000,0
338690048,0x00000000,0
339738624,0x00000000,0
340787200,0x00000000,0
341835776,0x00000002,2
342884352,0x00000000,0
343932928,0x00000000,0
344981504,0x00000000,0
346030080,0x00000000,0
347078656,0x00000000,0
348127232,0x00000000,0
349175808,0x00000000,0
350224384,0x00000000,0
351272960,0x00000000,0
352321536,0x00000000,0
353370112,0x00000000,0
354418688,0x00000000,0
355467264,0x00000000,0
356515840,0x00000000,0
357564416,0x00000000,0
358612992,0x00000000,0
359661568,0x00000000,0
360710144,0x00000000,0
361758720,0x00000000,0
362807296,0x00000000,0
363855872,0x00000000,0
364904448,0x00000000,0
365953024,0x00000000,0
367001600,0x00000000,0
368050176,0x00000000,0
369098752,0x00000000,0
370147328,0x00000000,0
371195904,0x00000000,0
372244480,0x00000000,0
373293056,0x00000000,0
374341632,0x00000000,0
375390208,0x00000000,0
376438784,0x00000000,0
377487360,0x00000000,0
378535936,0x00000000,0
379584512,0x00000000,0
380633088,0x00000000,0
381681664,0x00000000,0
382730240,0x00000000,0
383778816,0x00000000,0
384827392,0x00000000,0
385875968,0x00000000,0
386924544,0x00000000,0
387973120,0x00000000,0
389021696,0x00000000,0
390070272,0x00000000,0
391118848,0x00000000,0
392167424,0x00000000,0
393216000,0x00000000,0
394264576,0x00000000,0
395313152,0x00000000,0
396361728,0x00000000,0
397410304,0x00000000,0
398458880,0x00000000,0
399507456,0x00000000,0
400556032,0x00000000,0
401604608,0x00000000,0
402653184,0x00000000,0
403701760,0x00000000,0
404750336,0x00000000,0
405798912,0x00000000,0
406847488,0x00000000,0
407896064,0x00000000,0
408944640,0x00000000,0
409993216,0x00000000,0
411041792,0x00000000,0
412090368,0x00000000,0
413138944,0x00000000,0
414187520,0x00000000,0
415236096,0x00000000,0
416284672,0x00000000,0
417333248,0x00000000,0
418381824,0x00000000,0
419430400,0x00000000,0
420478976,0x00000000,0
421527552,0x00000000,0
422576128,0x00000000,0
423624704,0x00000000,0
424673280,0x00000000,0
425721856,0x00000000,0
426770432,0x00000000,0
427819008,0x00000000,0
428867584,0x00000000,0
429916160,0x00000000,0
430964736,0x00000000,0
432013312,0x00000000,0
433061888,0x00000001,1
434110464,0x00000000,0
435159040,0x00000000,0
436207616,0x00000000,0
437256192,0x00000000,0
438304768,0x00000000,0
439353344,0x00000000,0
440401920,0x00000000,0
441450496,0x00000000,0
442499072,0x00000001,1
443547648,0x00000000,0
444596224,0x00000000,0
445644800,0x00000000,0
446693376,0x00000000,0
447741952,0x00000000,0
448790528,0x00000000,0
449839104,0x00000000,0
450887680,0x00000000,0
451936256,0x00000000,0
452984832,0x00000000,0
454033408,0x00000000,0
455081984,0x00000000,0
456130560,0x00000000,0
457179136,0x00000000,0
458227712,0x00000000,0
459276288,0x00000000,0
460324864,0x00000000,0
461373440,0x00000000,0
462422016,0x00000000,0
463470592,0x00000000,0
464519168,0x00000000,0
465567744,0x00000000,0
466616320,0x00000000,0
467664896,0x00000000,0
468713472,0x00000000,0
469762048,0x00000000,0
470810624,0x00000000,0
471859200,0x00000000,0
472907776,0x00000000,0
473956352,0x00000000,0
475004928,0x00000000,0
476053504,0x00000000,0
477102080,0x00000000,0
478150656,0x00000000,0
479199232,0x00000000,0
480247808,0x00000000,0
481296384,0x00000000,0
482344960,0x00000000,0
483393536,0x00000000,0
484442112,0x00000000,0
485490688,0x00000000,0
486539264,0x00000000,0
487587840,0x00000000,0
488636416,0x00000000,0
489684992,0x00000000,0
490733568,0x00000000,0
491782144,0x00000000,0
492830720,0x00000000,0
493879296,0x00000000,0
494927872,0x00000000,0
495976448,0x00000000,0
497025024,0x00000000,0
498073600,0x00000000,0
499122176,0x00000000,0
500170752,0x00000000,0
501219328,0x00000000,0
502267904,0x00000000,0
503316480,0x00000000,0
504365056,0x00000000,0
505413632,0x00000001,1
506462208,0x00000000,0
507510784,0x00000000,0
508559360,0x00000000,0
509607936,0x00000000,0
510656512,0x00000000,0
511705088,0x00000000,0
512753664,0x00000000,0
513802240,0x00000000,0
514850816,0x00000000,0
515899392,0x00000000,0
516947968,0x00000000,0
517996544,0x00000000,0
519045120,0x00000000,0
520093696,0x00000000,0
521142272,0x00000000,0
522190848,0x00000000,0
523239424,0x00000000,0
524288000,0x00000001,1
525336576,0x00000000,0
526385152,0x00000000,0
527433728,0x00000000,0
528482304,0x00000000,0
529530880,0x00000000,0
530579456,0x00000000,0
531628032,0x00000000,0
532676608,0x00000000,0
533725184,0x00000000,0
534773760,0x00000000,0
535822336,0x00000000,0
536870912,0x00000000,0
537919488,0x00000000,0
538968064,0x00000000,0
540016640,0x00000000,0
541065216,0x00000000,0
542113792,0x00000000,0
543162368,0x00000000,0
544210944,0x00000000,0
545259520,0x00000000,0
546308096,0x00000000,0
547356672,0x00000000,0
548405248,0x00000000,0
549453824,0x00000000,0
550502400,0x00000000,0
551550976,0x00000000,0
552599552,0x00000000,0
553648128,0x00000000,0
554696704,0x00000000,0
555745280,0x00000000,0
556793856,0x00000000,0
557842432,0x00000000,0
558891008,0x00000001,1
559939584,0x00000000,0
560988160,0x00000000,0
562036736,0x00000000,0
563085312,0x00000000,0
564133888,0x00000000,0
565182464,0x00000000,0
566231040,0x00000000,0
567279616,0x00000000,0
568328192,0x00000000,0
569376768,0x00000000,0
570425344,0x00000000,0
571473920,0x00000000,0
572522496,0x00000001,1
573571072,0x00000000,0
574619648,0x00000000,0
575668224,0x00000000,0
576716800,0x00000001,1
577765376,0x00000000,0
578813952,0x00000000,0
579862528,0x00000000,0
580911104,0x00000000,0
581959680,0x00000000,0
583008256,0x00000000,0
584056832,0x00000000,0
585105408,0x00000000,0
586153984,0x00000000,0
587202560,0x00000000,0
588251136,0x00000000,0
589299712,0x00000000,0
590348288,0x00000000,0
591396864,0x00000000,0
592445440,0x00000000,0
593494016,0x00000000,0
594542592,0x00000000,0
595591168,0x00000000,0
596639744,0x00000000,0
597688320,0x00000000,0
598736896,0x00000000,0
599785472,0x00000000,0
600834048,0x00000000,0
601882624,0x00000000,0
602931200,0x00000000,0
603979776,0x00000000,0
605028352,0x00000000,0
606076928,0x00000000,0
607125504,0x00000000,0
608174080,0x00000000,0
609222656,0x00000000,0
610271232,0x00000000,0
611319808,0x00000000,0
612368384,0x00000000,0
613416960,0x00000000,0
614465536,0x00000000,0
615514112,0x00000000,0
616562688,0x00000000,0
617611264,0x00000000,0
618659840,0x00000000,0
619708416,0x00000000,0
620756992,0x00000000,0
621805568,0x00000000,0
622854144,0x00000000,0
623902720,0x00000000,0
624951296,0x00000000,0
625999872,0x00000000,0
627048448,0x00000000,0
628097024,0x00000000,0
629145600,0x00000000,0
630194176,0x00000000,0
631242752,0x00000000,0
632291328,0x00000000,0
633339904,0x00000000,0
634388480,0x00000000,0
635437056,0x00000000,0
636485632,0x00000000,0
637534208,0x00000000,0
638582784,0x00000000,0
639631360,0x00000000,0
640679936,0x00000000,0
641728512,0x00000000,0
642777088,0x00000000,0
643825664,0x00000000,0
644874240,0x00000000,0
645922816,0x00000000,0
646971392,0x00000000,0
648019968,0x00000000,0
649068544,0x00000000,0
650117120,0x00000000,0
651165696,0x00000000,0
652214272,0x00000000,0
653262848,0x00000000,0
654311424,0x00000000,0
655360000,0x00000000,0
656408576,0x00000000,0
657457152,0x00000000,0
658505728,0x00000000,0
659554304,0x00000000,0
660602880,0x00000000,0
661651456,0x00000000,0
662700032,0x00000000,0
663748608,0x00000000,0
664797184,0x00000000,0
665845760,0x00000000,0
666894336,0x00000000,0
667942912,0x00000000,0
668991488,0x00000000,0
670040064,0x00000000,0
671088640,0x00000000,0
672137216,0x00000000,0
673185792,0x00000000,0
674234368,0x00000000,0
675282944,0x00000000,0
676331520,0x00000000,0
677380096,0x00000000,0
678428672,0x00000000,0
679477248,0x00000000,0
680525824,0x00000000,0
681574400,0x00000000,0
682622976,0x00000000,0
683671552,0x00000000,0
684720128,0x00000000,0
685768704,0x00000000,0
686817280,0x00000000,0
687865856,0x00000000,0
688914432,0x00000000,0
689963008,0x00000000,0
691011584,0x00000000,0
692060160,0x00000000,0
693108736,0x00000000,0
694157312,0x00000000,0
695205888,0x00000000,0
696254464,0x00000000,0
697303040,0x00000000,0
698351616,0x00000000,0
699400192,0x00000000,0
700448768,0x00000000,0
701497344,0x00000000,0
702545920,0x00000000,0
703594496,0x00000000,0
704643072,0x00000000,0
705691648,0x00000000,0
706740224,0x00000000,0
707788800,0x00000000,0
708837376,0x00000000,0
709885952,0x00000000,0
710934528,0x00000000,0
711983104,0x00000000,0
713031680,0x00000000,0
714080256,0x00000000,0
715128832,0x00000000,0
716177408,0x00000000,0
717225984,0x00000000,0
718274560,0x00000000,0
719323136,0x00000000,0
720371712,0x00000000,0
721420288,0x00000000,0
722468864,0x00000000,0
723517440,0x00000000,0
724566016,0x00000000,0
725614592,0x00000000,0
726663168,0x00000000,0
727711744,0x00000000,0
728760320,0x00000000,0
729808896,0x00000000,0
730857472,0x00000000,0
731906048,0x00000000,0
732954624,0x00000000,0
734003200,0x00000000,0
735051776,0x00000000,0
736100352,0x00000000,0
737148928,0x00000000,0
738197504,0x00000000,0
739246080,0x00000000,0
740294656,0x00000000,0
741343232,0x00000000,0
742391808,0x00000000,0
743440384,0x00000000,0
744488960,0x00000000,0
745537536,0x00000000,0
746586112,0x00000000,0
747634688,0x00000000,0
748683264,0x00000000,0
749731840,0x00000000,0
750780416,0x00000000,0
751828992,0x00000000,0
752877568,0x00000000,0
753926144,0x00000000,0
754974720,0x00000000,0
756023296,0x00000000,0
757071872,0x00000000,0
758120448,0x00000000,0
759169024,0x00000000,0
760217600,0x00000000,0
761266176,0x00000000,0
762314752,0x00000000,0
763363328,0x00000000,0
764411904,0x00000000,0
765460480,0x00000000,0
766509056,0x00000000,0
767557632,0x00000000,0
768606208,0x00000000,0
769654784,0x00000000,0
770703360,0x00000000,0
771751936,0x00000000,0
772800512,0x00000000,0
773849088,0x00000000,0
774897664,0x00000000,0
775946240,0x00000000,0
776994816,0x00000000,0
778043392,0x00000000,0
779091968,0x00000000,0
780140544,0x00000000,0
781189120,0x00000000,0
782237696,0x00000000,0
783286272,0x00000000,0
784334848,0x00000000,0
785383424,0x00000000,0
786432000,0x00000000,0
787480576,0x00000000,0
788529152,0x00000000,0
789577728,0x00000000,0
790626304,0x00000000,0
791674880,0x00000000,0
792723456,0x00000000,0
793772032,0x00000000,0
794820608,0x00000000,0
795869184,0x00000000,0
796917760,0x00000000,0
797966336,0x00000000,0
799014912,0x00000000,0
800063488,0x00000000,0
801112064,0x00000000,0
802160640,0x00000000,0
803209216,0x00000000,0
804257792,0x00000000,0
805306368,0x00000000,0
806354944,0x00000000,0
807403520,0x00000000,0
808452096,0x00000000,0
809500672,0x00000000,0
810549248,0x00000000,0
811597824,0x00000000,0
812646400,0x00000000,0
813694976,0x00000000,0
814743552,0x00000000,0
815792128,0x00000000,0
816840704,0x00000000,0
817889280,0x00000000,0
818937856,0x00000000,0
819986432,0x00000000,0
821035008,0x00000000,0
822083584,0x00000000,0
823132160,0x00000000,0
824180736,0x00000000,0
825229312,0x00000000,0
826277888,0x00000000,0
827326464,0x00000000,0
828375040,0x00000000,0
829423616,0x00000000,0
830472192,0x00000000,0
831520768,0x00000000,0
832569344,0x00000000,0
833617920,0x00000000,0
834666496,0x00000000,0
835715072,0x00000000,0
836763648,0x00000000,0
837812224,0x00000000,0
838860800,0x00000000,0
839909376,0x00000000,0
840957952,0x00000000,0
842006528,0x00000000,0
843055104,0x00000000,0
844103680,0x00000000,0
845152256,0x00000000,0
846200832,0x00000000,0
847249408,0x00000000,0
848297984,0x00000000,0
849346560,0x00000000,0
850395136,0x00000000,0
851443712,0x00000000,0
852492288,0x00000000,0
853540864,0x00000000,0
854589440,0x00000000,0
855638016,0x00000000,0
856686592,0x00000000,0
857735168,0x00000000,0
858783744,0x00000000,0
859832320,0x00000000,0
860880896,0x00000000,0
861929472,0x00000000,0
862978048,0x00000000,0
864026624,0x00000000,0
865075200,0x00000000,0
866123776,0x00000000,0
867172352,0x00000000,0
868220928,0x00000000,0
869269504,0x00000000,0
870318080,0x00000000,0
871366656,0x00000000,0
872415232,0x00000000,0
873463808,0x00000000,0
874512384,0x00000000,0
875560960,0x00000000,0
876609536,0x00000000,0
877658112,0x00000000,0
878706688,0x00000000,0
879755264,0x00000000,0
880803840,0x00000000,0
881852416,0x00000000,0
882900992,0x00000000,0
883949568,0x00000000,0
884998144,0x00000000,0
886046720,0x00000000,0
887095296,0x00000000,0
888143872,0x00000000,0
889192448,0x00000000,0
890241024,0x00000000,0
891289600,0x00000000,0
892338176,0x00000000,0
893386752,0x00000000,0
894435328,0x00000000,0
895483904,0x00000000,0
896532480,0x00000000,0
897581056,0x00000000,0
898629632,0x00000000,0
899678208,0x00000000,0
900726784,0x00000000,0
901775360,0x00000000,0
902823936,0x00000000,0
903872512,0x00000000,0
904921088,0x00000000,0
905969664,0x00000000,0
907018240,0x00000000,0
908066816,0x00000000,0
909115392,0x00000000,0
910163968,0x00000000,0
911212544,0x00000000,0
912261120,0x00000000,0
913309696,0x00000000,0
914358272,0x00000000,0
915406848,0x00000000,0
916455424,0x00000000,0
917504000,0x00000000,0
918552576,0x00000000,0
919601152,0x00000000,0
920649728,0x00000000,0
921698304,0x00000000,0
922746880,0x00000000,0
923795456,0x00000000,0
924844032,0x00000000,0
925892608,0x00000000,0
926941184,0x00000000,0
927989760,0x00000000,0
929038336,0x00000000,0
930086912,0x00000000,0
931135488,0x00000000,0
932184064,0x00000000,0
933232640,0x00000000,0
934281216,0x00000000,0
935329792,0x00000000,0
936378368,0x00000000,0
937426944,0x00000000,0
938475520,0x00000000,0
939524096,0x00000000,0
940572672,0x00000000,0
941621248,0x00000000,0
942669824,0x00000000,0
943718400,0x00000000,0
944766976,0x00000000,0
945815552,0x00000000,0
946864128,0x00000000,0
947912704,0x00000000,0
948961280,0x00000000,0
950009856,0x00000000,0
951058432,0x00000000,0
952107008,0x00000000,0
953155584,0x00000000,0
954204160,0x00000000,0
955252736,0x00000000,0
956301312,0x00000000,0
957349888,0x00000000,0
958398464,0x00000000,0
959447040,0x00000000,0
960495616,0x00000000,0
961544192,0x00000000,0
962592768,0x00000000,0
963641344,0x00000000,0
964689920,0x00000000,0
965738496,0x00000000,0
966787072,0x00000000,0
967835648,0x00000000,0
968884224,0x00000000,0
969932800,0x00000000,0
970981376,0x00000000,0
972029952,0x00000000,0
973078528,0x00000000,0
974127104,0x00000000,0
975175680,0x00000000,0
976224256,0x00000000,0
977272832,0x00000000,0
978321408,0x00000000,0
979369984,0x00000000,0
980418560,0x00000000,0
981467136,0x00000000,0
982515712,0x00000000,0
983564288,0x00000000,0
984612864,0x00000000,0
985661440,0x00000000,0
986710016,0x00000000,0
987758592,0x00000000,0
988807168,0x00000000,0
989855744,0x00000000,0
990904320,0x00000000,0
991952896,0x00000000,0
993001472,0x00000000,0
994050048,0x00000000,0
995098624,0x00000000,0
996147200,0x00000000,0
997195776,0x00000000,0
998244352,0x00000000,0
999292928,0x00000000,0
1000341504,0x00000000,0
1001390080,0x00000000,0
1002438656,0x00000000,0
1003487232,0x00000000,0
1004535808,0x00000000,0
1005584384,0x00000000,0
1006632960,0x00000000,0
1007681536,0x00000000,0
1008730112,0x00000000,0
1009778688,0x00000000,0
1010827264,0x00000000,0
1011875840,0x00000000,0
1012924416,0x00000000,0
1013972992,0x00000000,0
1015021568,0x00000000,0
1016070144,0x00000000,0
1017118720,0x00000000,0
1018167296,0x00000000,0
1019215872,0x00000000,0
1020264448,0x00000000,0
1021313024,0x00000000,0
1022361600,0x00000000,0
1023410176,0x00000000,0
1024458752,0x00000000,0
1025507328,0x00000000,0
1026555904,0x00000000,0
1027604480,0x00000000,0
1028653056,0x00000000,0
1029701632,0x00000000,0
1030750208,0x00000000,0
1031798784,0x00000000,0
1032847360,0x00000000,0
1033895936,0x00000000,0
1034944512,0x00000000,0
1035993088,0x00000000,0
1037041664,0x00000000,0
1038090240,0x00000000,0
1039138816,0x00000000,0
1040187392,0x00000000,0
1041235968,0x00000000,0
1042284544,0x00000000,0
1043333120,0x00000000,0
1044381696,0x00000000,0
1045430272,0x00000000,0
1046478848,0x00000000,0
1047527424,0x00000000,0
1048576000,0x00000000,0
1049624576,0x00000000,0
1050673152,0x00000000,0
1051721728,0x00000000,0
1052770304,0x00000000,0
1053818880,0x00000000,0
1054867456,0x00000000,0
1055916032,0x00000000,0
1056964608,0x00000000,0
1058013184,0x00000000,0
1059061760,0x00000000,0
1060110336,0x00000000,0
1061158912,0x00000000,0
1062207488,0x00000000,0
1063256064,0x00000000,0
1064304640,0x00000000,0
1065353216,0x00000000,0
1066401792,0x00000000,0
1067450368,0x00000000,0
1068498944,0x00000000,0
1069547520,0x00000000,0
1070596096,0x00000000,0
1071644672,0x00000000,0
1072693248,0x00000000,0
1073741824,0x00000000,0
1074790400,0x00000000,0
1075838976,0x00000000,0
1076887552,0x00000000,0
1077936128,0x00000000,0
1078984704,0x00000000,0
1080033280,0x00000000,0
1081081856,0x00000000,0
1082130432,0x00000000,0
1083179008,0x00000000,0
1084227584,0x00000000,0
1085276160,0x00000000,0
1086324736,0x00000000,0
1087373312,0x00000000,0
1088421888,0x00000000,0
1089470464,0x00000000,0
1090519040,0x00000000,0
1091567616,0x00000000,0
1092616192,0x00000000,0
1093664768,0x00000000,0
1094713344,0x00000000,0
1095761920,0x00000000,0
1096810496,0x00000000,0
1097859072,0x00000000,0
1098907648,0x00000000,0
1099956224,0x00000000,0
1101004800,0x00000000,0
1102053376,0x00000000,0
1103101952,0x00000000,0
1104150528,0x00000000,0
1105199104,0x00000000,0
1106247680,0x00000000,0
1107296256,0x00000000,0
1108344832,0x00000000,0
1109393408,0x00000000,0
1110441984,0x00000000,0
1111490560,0x00000000,0
1112539136,0x00000000,0
1113587712,0x00000000,0
1114636288,0x00000000,0
1115684864,0x00000000,0
1116733440,0x00000000,0
1117782016,0x00000000,0
1118830592,0x00000000,0
1119879168,0x00000000,0
1120927744,0x00000000,0
1121976320,0x00000000,0
1123024896,0x00000000,0
1124073472,0x00000000,0
1125122048,0x00000000,0
1126170624,0x00000000,0
1127219200,0x00000000,0
1128267776,0x00000000,0
1129316352,0x00000000,0
1130364928,0x00000000,0
1131413504,0x00000000,0
1132462080,0x00000000,0
1133510656,0x00000000,0
1134559232,0x00000000,0
1135607808,0x00000000,0
1136656384,0x00000000,0
1137704960,0x00000000,0
1138753536,0x00000000,0
1139802112,0x00000000,0
1140850688,0x00000000,0
1141899264,0x00000000,0
1142947840,0x00000000,0
1143996416,0x00000000,0
1145044992,0x00000000,0
1146093568,0x00000000,0
1147142144,0x00000000,0
1148190720,0x00000000,0
1149239296,0x00000000,0
1150287872,0x00000000,0
1151336448,0x00000000,0
1152385024,0x00000000,0
1153433600,0x00000000,0
1154482176,0x00000000,0
1155530752,0x00000000,0
1156579328,0x00000000,0
1157627904,0x00000000,0
1158676480,0x00000000,0
1159725056,0x00000000,0
1160773632,0x00000000,0
1161822208,0x00000000,0
1162870784,0x00000000,0
1163919360,0x00000000,0
1164967936,0x00000000,0
1166016512,0x00000000,0
1167065088,0x00000000,0
1168113664,0x00000000,0
1169162240,0x00000000,0
1170210816,0x00000000,0
1171259392,0x00000000,0
1172307968,0x00000000,0
1173356544,0x00000000,0
1174405120,0x00000000,0
1175453696,0x00000000,0
1176502272,0x00000000,0
1177550848,0x00000000,0
1178599424,0x00000000,0
1179648000,0x00000000,0
1180696576,0x00000000,0
1181745152,0x00000000,0
1182793728,0x00000000,0
1183842304,0x00000000,0
1184890880,0x00000000,0
1185939456,0x00000000,0
1186988032,0x00000000,0
1188036608,0x00000000,0
1189085184,0x00000000,0
1190133760,0x00000000,0
1191182336,0x00000000,0
1192230912,0x00000000,0
1193279488,0x00000000,0
1194328064,0x00000000,0
1195376640,0x00000000,0
1196425216,0x00000000,0
1197473792,0x00000000,0
1198522368,0x00000000,0
1199570944,0x00000000,0
1200619520,0x00000000,0
1201668096,0x00000000,0
1202716672,0x00000000,0
1203765248,0x00000000,0
1204813824,0x00000000,0
1205862400,0x00000000,0
1206910976,0x00000000,0
1207959552,0x00000000,0
1209008128,0x00000000,0
1210056704,0x00000000,0
1211105280,0x00000000,0
1212153856,0x00000000,0
1213202432,0x00000000,0
1214251008,0x00000000,0
1215299584,0x00000000,0
1216348160,0x00000000,0
1217396736,0x00000000,0
1218445312,0x00000000,0
1219493888,0x00000000,0
1220542464,0x00000000,0
1221591040,0x00000000,0
1222639616,0x00000000,0
1223688192,0x00000000,0
1224736768,0x00000000,0
1225785344,0x00000000,0
1226833920,0x00000000,0
1227882496,0x00000000,0
1228931072,0x00000000,0
1229979648,0x00000000,0
1231028224,0x00000000,0
1232076800,0x00000000,0
1233125376,0x00000000,0
1234173952,0x00000000,0
1235222528,0x00000000,0
1236271104,0x00000000,0
1237319680,0x00000000,0
1238368256,0x00000000,0
1239416832,0x00000000,0
1240465408,0x00000000,0
1241513984,0x00000000,0
1242562560,0x00000000,0
1243611136,0x00000000,0
1244659712,0x00000000,0
1245708288,0x00000000,0
1246756864,0x00000000,0
1247805440,0x00000000,0
1248854016,0x00000000,0
1249902592,0x00000000,0
1250951168,0x00000000,0
1251999744,0x00000000,0
1253048320,0x00000000,0
1254096896,0x00000000,0
1255145472,0x00000000,0
1256194048,0x00000000,0
1257242624,0x00000000,0
1258291200,0x00000000,0
1259339776,0x00000000,0
1260388352,0x00000000,0
1261436928,0x00000000,0
1262485504,0x00000000,0
1263534080,0x00000000,0
1264582656,0x00000000,0
1265631232,0x00000000,0
1266679808,0x00000000,0
1267728384,0x00000000,0
1268776960,0x00000000,0
1269825536,0x00000000,0
1270874112,0x00000000,0
1271922688,0x00000000,0
1272971264,0x00000000,0
1274019840,0x00000000,0
1275068416,0x00000000,0
1276116992,0x00000000,0
1277165568,0x00000000,0
1278214144,0x00000000,0
1279262720,0x00000000,0
1280311296,0x00000000,0
1281359872,0x00000000,0
1282408448,0x00000000,0
1283457024,0x00000000,0
1284505600,0x00000000,0
1285554176,0x00000000,0
1286602752,0x00000000,0
1287651328,0x00000000,0
1288699904,0x00000000,0
1289748480,0x00000000,0
1290797056,0x00000000,0
1291845632,0x00000000,0
1292894208,0x00000000,0
1293942784,0x00000000,0
1294991360,0x00000000,0
1296039936,0x00000000,0
1297088512,0x00000000,0
1298137088,0x00000000,0
1299185664,0x00000000,0
1300234240,0x00000000,0
1301282816,0x00000000,0
1302331392,0x00000000,0
1303379968,0x00000000,0
1304428544,0x00000000,0
1305477120,0x00000000,0
1306525696,0x00000000,0
1307574272,0x00000000,0
1308622848,0x00000000,0
1309671424,0x00000000,0
1310720000,0x00000000,0
1311768576,0x00000000,0
1312817152,0x00000000,0
1313865728,0x00000000,0
1314914304,0x00000000,0
1315962880,0x00000000,0
1317011456,0x00000000,0
1318060032,0x00000000,0
1319108608,0x00000000,0
1320157184,0x00000000,0
1321205760,0x00000000,0
1322254336,0x00000000,0
1323302912,0x00000000,0
1324351488,0x00000000,0
1325400064,0x00000000,0
1326448640,0x00000000,0
1327497216,0x00000000,0
1328545792,0x00000000,0
1329594368,0x00000000,0
1330642944,0x00000000,0
1331691520,0x00000000,0
1332740096,0x00000000,0
1333788672,0x00000000,0
1334837248,0x00000000,0
1335885824,0x00000000,0
1336934400,0x00000000,0
1337982976,0x00000000,0
1339031552,0x00000000,0
1340080128,0x00000000,0
1341128704,0x00000000,0
1342177280,0x00000000,0
1343225856,0x00000000,0
1344274432,0x00000000,0
1345323008,0x00000000,0
1346371584,0x00000000,0
1347420160,0x00000000,0
1348468736,0x00000000,0
1349517312,0x00000000,0
1350565888,0x00000000,0
1351614464,0x00000000,0
1352663040,0x00000000,0
1353711616,0x00000000,0
1354760192,0x00000000,0
1355808768,0x00000000,0
1356857344,0x00000000,0
1357905920,0x00000000,0
1358954496,0x00000000,0
1360003072,0x00000000,0
1361051648,0x00000000,0
1362100224,0x00000000,0
1363148800,0x00000000,0
1364197376,0x00000000,0
1365245952,0x00000000,0
1366294528,0x00000000,0
1367343104,0x00000000,0
1368391680,0x00000000,0
1369440256,0x00000000,0
1370488832,0x00000000,0
1371537408,0x00000000,0
1372585984,0x00000000,0
1373634560,0x00000000,0
1374683136,0x00000000,0
1375731712,0x00000000,0
1376780288,0x00000000,0
1377828864,0x00000000,0
1378877440,0x00000000,0
1379926016,0x00000000,0
1380974592,0x00000000,0
1382023168,0x00000000,0
1383071744,0x00000000,0
1384120320,0x00000000,0
1385168896,0x00000000,0
1386217472,0x00000000,0
1387266048,0x00000000,0
1388314624,0x00000000,0
1389363200,0x00000000,0
1390411776,0x00000000,0
1391460352,0x00000000,0
1392508928,0x00000000,0
1393557504,0x00000000,0
1394606080,0x00000000,0
1395654656,0x00000000,0
1396703232,0x00000000,0
1397751808,0x00000000,0
1398800384,0x00000000,0
1399848960,0x00000000,0
1400897536,0x00000000,0
1401946112,0x00000000,0
1402994688,0x00000000,0
1404043264,0x00000000,0
1405091840,0x00000000,0
1406140416,0x00000000,0
1407188992,0x00000000,0
1408237568,0x00000000,0
1409286144,0x00000000,0
1410334720,0x00000000,0
1411383296,0x00000000,0
1412431872,0x00000000,0
1413480448,0x00000000,0
1414529024,0x00000000,0
1415577600,0x00000000,0
1416626176,0x00000000,0
1417674752,0x00000000,0
1418723328,0x00000000,0
1419771904,0x00000000,0
1420820480,0x00000000,0
1421869056,0x00000000,0
1422917632,0x00000000,0
1423966208,0x00000000,0
1425014784,0x00000000,0
1426063360,0x00000000,0
1427111936,0x00000000,0
1428160512,0x00000000,0
1429209088,0x00000000,0
1430257664,0x00000000,0
1431306240,0x00000000,0
1432354816,0x00000000,0
1433403392,0x00000000,0
1434451968,0x00000000,0
1435500544,0x00000000,0
1436549120,0x00000000,0
1437597696,0x00000000,0
1438646272,0x00000000,0
1439694848,0x00000000,0
1440743424,0x00000000,0
1441792000,0x00000000,0
1442840576,0x00000000,0
1443889152,0x00000000,0
1444937728,0x00000000,0
1445986304,0x00000000,0
1447034880,0x00000000,0
1448083456,0x00000000,0
1449132032,0x00000000,0
1450180608,0x00000000,0
1451229184,0x00000000,0
1452277760,0x00000000,0
1453326336,0x00000000,0
1454374912,0x00000000,0
1455423488,0x00000000,0
1456472064,0x00000000,0
1457520640,0x00000000,0
1458569216,0x00000000,0
1459617792,0x00000000,0
1460666368,0x00000000,0
1461714944,0x00000000,0
1462763520,0x00000000,0
1463812096,0x00000000,0
1464860672,0x00000000,0
1465909248,0x00000000,0
1466957824,0x00000000,0
1468006400,0x00000000,0
1469054976,0x00000000,0
1470103552,0x00000000,0
1471152128,0x00000000,0
1472200704,0x00000000,0
1473249280,0x00000000,0
1474297856,0x00000000,0
1475346432,0x00000000,0
1476395008,0x00000000,0
1477443584,0x00000000,0
1478492160,0x00000000,0
1479540736,0x00000000,0
1480589312,0x00000000,0
1481637888,0x00000000,0
1482686464,0x00000000,0
1483735040,0x00000000,0
1484783616,0x00000000,0
1485832192,0x00000000,0
1486880768,0x00000000,0
1487929344,0x00000000,0
1488977920,0x00000000,0
1490026496,0x00000000,0
1491075072,0x00000000,0
1492123648,0x00000000,0
1493172224,0x00000000,0
1494220800,0x00000000,0
1495269376,0x00000000,0
1496317952,0x00000000,0
1497366528,0x00000000,0
1498415104,0x00000000,0
1499463680,0x00000000,0
1500512256,0x00000000,0
1501560832,0x00000000,0
1502609408,0x00000000,0
1503657984,0x00000000,0
1504706560,0x00000000,0
1505755136,0x00000000,0
1506803712,0x00000000,0
1507852288,0x00000000,0
1508900864,0x00000000,0
1509949440,0x00000000,0
1510998016,0x00000000,0
1512046592,0x00000000,0
1513095168,0x00000000,0
1514143744,0x00000000,0
1515192320,0x00000000,0
1516240896,0x00000000,0
1517289472,0x00000000,0
1518338048,0x00000000,0
1519386624,0x00000000,0
1520435200,0x00000000,0
1521483776,0x00000000,0
1522532352,0x00000000,0
1523580928,0x00000000,0
1524629504,0x00000000,0
1525678080,0x00000000,0
1526726656,0x00000000,0
1527775232,0x00000000,0
1528823808,0x00000000,0
1529872384,0x00000000,0
1530920960,0x00000000,0
1531969536,0x00000000,0
1533018112,0x00000000,0
1534066688,0x00000000,0
1535115264,0x00000000,0
1536163840,0x00000000,0
1537212416,0x00000000,0
1538260992,0x00000000,0
1539309568,0x00000000,0
1540358144,0x00000000,0
1541406720,0x00000000,0
1542455296,0x00000000,0
1543503872,0x00000000,0
1544552448,0x00000000,0
1545601024,0x00000000,0
1546649600,0x00000000,0
1547698176,0x00000000,0
1548746752,0x00000000,0
1549795328,0x00000000,0
1550843904,0x00000000,0
1551892480,0x00000000,0
1552941056,0x00000000,0
1553989632,0x00000000,0
1555038208,0x00000000,0
1556086784,0x00000000,0
1557135360,0x00000000,0
1558183936,0x00000000,0
1559232512,0x00000000,0
1560281088,0x00000000,0
1561329664,0x00000000,0
1562378240,0x00000000,0
1563426816,0x00000000,0
1564475392,0x00000000,0
1565523968,0x00000000,0
1566572544,0x00000000,0
1567621120,0x00000000,0
1568669696,0x00000000,0
1569718272,0x00000000,0
1570766848,0x00000000,0
1571815424,0x00000000,0
1572864000,0x00000000,0
1573912576,0x00000000,0
1574961152,0x00000000,0
1576009728,0x00000000,0
1577058304,0x00000000,0
1578106880,0x00000000,0
1579155456,0x00000000,0
1580204032,0x00000000,0
1581252608,0x00000000,0
1582301184,0x00000000,0
1583349760,0x00000000,0
1584398336,0x00000000,0
1585446912,0x00000000,0
1586495488,0x00000000,0
1587544064,0x00000000,0
1588592640,0x00000000,0
1589641216,0x00000000,0
1590689792,0x00000000,0
1591738368,0x00000000,0
1592786944,0x00000000,0
1593835520,0x00000000,0
1594884096,0x00000000,0
1595932672,0x00000000,0
1596981248,0x00000000,0
1598029824,0x00000000,0
1599078400,0x00000000,0
1600126976,0x00000000,0
1601175552,0x00000000,0
1602224128,0x00000000,0
1603272704,0x00000000,0
1604321280,0x00000000,0
1605369856,0x00000000,0
1606418432,0x00000000,0
1607467008,0x00000000,0
1608515584,0x00000000,0
1609564160,0x00000000,0
1610612736,0x00000000,0
1611661312,0x00000000,0
1612709888,0x00000000,0
1613758464,0x00000000,0
1614807040,0x00000000,0
1615855616,0x00000000,0
1616904192,0x00000000,0
1617952768,0x00000000,0
1619001344,0x00000000,0
1620049920,0x00000000,0
1621098496,0x00000000,0
1622147072,0x00000000,0
1623195648,0x00000000,0
1624244224,0x00000000,0
1625292800,0x00000000,0
1626341376,0x00000000,0
1627389952,0x00000000,0
1628438528,0x00000000,0
1629487104,0x00000000,0
1630535680,0x00000000,0
1631584256,0x00000000,0
1632632832,0x00000000,0
1633681408,0x00000000,0
1634729984,0x00000000,0
1635778560,0x00000000,0
1636827136,0x00000000,0
1637875712,0x00000000,0
1638924288,0x00000000,0
1639972864,0x00000000,0
1641021440,0x00000000,0
1642070016,0x00000000,0
1643118592,0x00000000,0
1644167168,0x00000000,0
1645215744,0x00000000,0
1646264320,0x00000000,0
1647312896,0x00000000,0
1648361472,0x00000000,0
1649410048,0x00000000,0
1650458624,0x00000000,0
1651507200,0x00000000,0
1652555776,0x00000000,0
1653604352,0x00000000,0
1654652928,0x00000000,0
1655701504,0x00000000,0
1656750080,0x00000000,0
1657798656,0x00000000,0
1658847232,0x00000000,0
1659895808,0x00000000,0
1660944384,0x00000000,0
1661992960,0x00000000,0
1663041536,0x00000000,0
1664090112,0x00000000,0
1665138688,0x00000000,0
1666187264,0x00000000,0
1667235840,0x00000000,0
1668284416,0x00000000,0
1669332992,0x00000000,0
1670381568,0x00000000,0
1671430144,0x00000000,0
1672478720,0x00000000,0
1673527296,0x00000000,0
1674575872,0x00000000,0
1675624448,0x00000000,0
1676673024,0x00000000,0
1677721600,0x00000000,0
1678770176,0x00000000,0
1679818752,0x00000000,0
1680867328,0x00000000,0
1681915904,0x00000000,0
1682964480,0x00000000,0
1684013056,0x00000000,0
1685061632,0x00000000,0
1686110208,0x00000000,0
1687158784,0x00000000,0
1688207360,0x00000000,0
1689255936,0x00000000,0
1690304512,0x00000000,0
1691353088,0x00000000,0
1692401664,0x00000000,0
1693450240,0x00000000,0
1694498816,0x00000000,0
1695547392,0x00000000,0
1696595968,0x00000000,0
1697644544,0x00000000,0
1698693120,0x00000000,0
1699741696,0x00000000,0
1700790272,0x00000000,0
1701838848,0x00000000,0
1702887424,0x00000000,0
1703936000,0x00000000,0
1704984576,0x00000000,0
1706033152,0x00000000,0
1707081728,0x00000000,0
1708130304,0x00000000,0
1709178880,0x00000000,0
1710227456,0x00000000,0
1711276032,0x00000000,0
1712324608,0x00000000,0
1713373184,0x00000000,0
1714421760,0x00000000,0
1715470336,0x00000000,0
1716518912,0x00000000,0
1717567488,0x00000000,0
1718616064,0x00000000,0
1719664640,0x00000000,0
1720713216,0x00000000,0
1721761792,0x00000000,0
1722810368,0x00000000,0
1723858944,0x00000000,0
1724907520,0x00000000,0
1725956096,0x00000000,0
1727004672,0x00000000,0
1728053248,0x00000000,0
1729101824,0x00000000,0
1730150400,0x00000000,0
1731198976,0x00000000,0
1732247552,0x00000000,0
1733296128,0x00000000,0
1734344704,0x00000000,0
1735393280,0x00000000,0
1736441856,0x00000000,0
1737490432,0x00000000,0
1738539008,0x00000000,0
1739587584,0x00000000,0
1740636160,0x00000000,0
1741684736,0x00000000,0
1742733312,0x00000000,0
1743781888,0x00000000,0
1744830464,0x00000000,0
1745879040,0x00000000,0
1746927616,0x00000000,0
1747976192,0x00000000,0
1749024768,0x00000000,0
1750073344,0x00000000,0
1751121920,0x00000000,0
1752170496,0x00000000,0
1753219072,0x00000000,0
1754267648,0x00000000,0
1755316224,0x00000000,0
1756364800,0x00000000,0
1757413376,0x00000000,0
1758461952,0x00000000,0
1759510528,0x00000000,0
1760559104,0x00000000,0
1761607680,0x00000000,0
1762656256,0x00000000,0
1763704832,0x00000000,0
1764753408,0x00000000,0
1765801984,0x00000000,0
1766850560,0x00000000,0
1767899136,0x00000000,0
1768947712,0x00000000,0
1769996288,0x00000000,0
1771044864,0x00000000,0
1772093440,0x00000000,0
1773142016,0x00000000,0
1774190592,0x00000000,0
1775239168,0x00000000,0
1776287744,0x00000000,0
1777336320,0x00000000,0
1778384896,0x00000000,0
1779433472,0x00000000,0
1780482048,0x00000000,0
1781530624,0x00000000,0
1782579200,0x00000000,0
1783627776,0x00000000,0
1784676352,0x00000000,0
1785724928,0x00000000,0
1786773504,0x00000000,0
1787822080,0x00000000,0
1788870656,0x00000000,0
1789919232,0x00000000,0
1790967808,0x00000000,0
1792016384,0x00000000,0
1793064960,0x00000000,0
1794113536,0x00000000,0
1795162112,0x00000000,0
1796210688,0x00000000,0
1797259264,0x00000000,0
1798307840,0x00000000,0
1799356416,0x00000000,0
1800404992,0x00000000,0
1801453568,0x00000000,0
1802502144,0x00000000,0
1803550720,0x00000000,0
1804599296,0x00000000,0
1805647872,0x00000000,0
1806696448,0x00000000,0
1807745024,0x00000000,0
1808793600,0x00000000,0
1809842176,0x00000000,0
1810890752,0x00000000,0
1811939328,0x00000000,0
1812987904,0x00000000,0
1814036480,0x00000000,0
1815085056,0x00000000,0
1816133632,0x00000000,0
1817182208,0x00000000,0
1818230784,0x00000000,0
1819279360,0x00000000,0
1820327936,0x00000000,0
1821376512,0x00000000,0
1822425088,0x00000000,0
1823473664,0x00000000,0
1824522240,0x00000000,0
1825570816,0x00000000,0
1826619392,0x00000000,0
1827667968,0x00000000,0
1828716544,0x00000000,0
1829765120,0x00000000,0
1830813696,0x00000000,0
1831862272,0x00000000,0
1832910848,0x00000000,0
1833959424,0x00000000,0
1835008000,0x00000000,0
1836056576,0x00000000,0
1837105152,0x00000000,0
1838153728,0x00000000,0
1839202304,0x00000000,0
1840250880,0x00000000,0
1841299456,0x00000000,0
1842348032,0x00000000,0
1843396608,0x00000000,0
1844445184,0x00000000,0
1845493760,0x00000000,0
1846542336,0x00000000,0
1847590912,0x00000000,0
1848639488,0x00000000,0
1849688064,0x00000000,0
1850736640,0x00000000,0
1851785216,0x00000000,0
1852833792,0x00000000,0
1853882368,0x00000000,0
1854930944,0x00000000,0
1855979520,0x00000000,0
1857028096,0x00000000,0
1858076672,0x00000000,0
1859125248,0x00000000,0
1860173824,0x00000000,0
1861222400,0x00000000,0
1862270976,0x00000000,0
1863319552,0x00000000,0
1864368128,0x00000000,0
1865416704,0x00000000,0
1866465280,0x00000000,0
1867513856,0x00000000,0
1868562432,0x00000000,0
1869611008,0x00000000,0
1870659584,0x00000000,0
1871708160,0x00000000,0
1872756736,0x00000000,0
1873805312,0x00000000,0
1874853888,0x00000000,0
1875902464,0x00000000,0
1876951040,0x00000000,0
1877999616,0x00000000,0
1879048192,0x00000000,0
1880096768,0x00000000,0
1881145344,0x00000000,0
1882193920,0x00000000,0
1883242496,0x00000000,0
1884291072,0x00000000,0
1885339648,0x00000000,0
1886388224,0x00000000,0
1887436800,0x00000000,0
1888485376,0x00000000,0
1889533952,0x00000000,0
1890582528,0x00000000,0
1891631104,0x00000000,0
1892679680,0x00000000,0
1893728256,0x00000000,0
1894776832,0x00000000,0
1895825408,0x00000000,0
1896873984,0x00000000,0
1897922560,0x00000000,0
1898971136,0x00000000,0
1900019712,0x00000000,0
1901068288,0x00000000,0
1902116864,0x00000000,0
1903165440,0x00000000,0
1904214016,0x00000000,0
1905262592,0x00000000,0
1906311168,0x00000000,0
1907359744,0x00000000,0
1908408320,0x00000000,0
1909456896,0x00000000,0
1910505472,0x00000000,0
1911554048,0x00000000,0
1912602624,0x00000000,0
1913651200,0x00000000,0
1914699776,0x00000000,0
1915748352,0x00000000,0
1916796928,0x00000000,0
1917845504,0x00000000,0
1918894080,0x00000000,0
1919942656,0x00000000,0
1920991232,0x00000000,0
1922039808,0x00000000,0
1923088384,0x00000000,0
1924136960,0x00000000,0
1925185536,0x00000000,0
1926234112,0x00000000,0
1927282688,0x00000000,0
1928331264,0x00000000,0
1929379840,0x00000000,0
1930428416,0x00000000,0
1931476992,0x00000000,0
1932525568,0x00000000,0
1933574144,0x00000000,0
1934622720,0x00000000,0
1935671296,0x00000000,0
1936719872,0x00000000,0
1937768448,0x00000000,0
1938817024,0x00000000,0
1939865600,0x00000000,0
1940914176,0x00000000,0
1941962752,0x00000000,0
1943011328,0x00000000,0
1944059904,0x00000000,0
1945108480,0x00000000,0
1946157056,0x00000000,0
1947205632,0x00000000,0
1948254208,0x00000000,0
1949302784,0x00000000,0
1950351360,0x00000000,0
1951399936,0x00000000,0
1952448512,0x00000000,0
1953497088,0x00000000,0
1954545664,0x00000000,0
1955594240,0x00000000,0
1956642816,0x00000000,0
1957691392,0x00000000,0
1958739968,0x00000000,0
1959788544,0x00000000,0
1960837120,0x00000000,0
1961885696,0x00000000,0
1962934272,0x00000000,0
1963982848,0x00000000,0
1965031424,0x00000000,0
1966080000,0x00000000,0
1967128576,0x00000000,0
1968177152,0x00000000,0
1969225728,0x00000000,0
1970274304,0x00000000,0
1971322880,0x00000000,0
1972371456,0x00000000,0
1973420032,0x00000000,0
1974468608,0x00000000,0
1975517184,0x00000000,0
1976565760,0x00000000,0
1977614336,0x00000000,0
1978662912,0x00000000,0
1979711488,0x00000000,0
1980760064,0x00000000,0
1981808640,0x00000000,0
1982857216,0x00000000,0
1983905792,0x00000000,0
1984954368,0x00000000,0
1986002944,0x00000000,0
1987051520,0x00000000,0
1988100096,0x00000000,0
1989148672,0x00000000,0
1990197248,0x00000000,0
1991245824,0x00000000,0
1992294400,0x00000000,0
1993342976,0x00000000,0
1994391552,0x00000000,0
1995440128,0x00000000,0
1996488704,0x00000000,0
1997537280,0x00000000,0
1998585856,0x00000000,0
1999634432,0x00000000,0
2000683008,0x00000000,0
2001731584,0x00000000,0
2002780160,0x00000000,0
2003828736,0x00000000,0
2004877312,0x00000000,0
2005925888,0x00000000,0
2006974464,0x00000000,0
2008023040,0x00000000,0
2009071616,0x00000000,0
2010120192,0x00000000,0
2011168768,0x00000000,0
2012217344,0x00000000,0
2013265920,0x00000000,0
2014314496,0x00000000,0
2015363072,0x00000000,0
2016411648,0x00000000,0
2017460224,0x00000000,0
2018508800,0x00000000,0
2019557376,0x00000000,0
2020605952,0x00000000,0
2021654528,0x00000000,0
2022703104,0x00000000,0
2023751680,0x00000000,0
2024800256,0x00000000,0
2025848832,0x00000000,0
2026897408,0x00000000,0
2027945984,0x00000000,0
2028994560,0x00000000,0
2030043136,0x00000000,0
2031091712,0x00000000,0
2032140288,0x00000000,0
2033188864,0x00000000,0
2034237440,0x00000000,0
2035286016,0x00000000,0
2036334592,0x00000000,0
2037383168,0x00000000,0
2038431744,0x00000000,0
2039480320,0x00000000,0
2040528896,0x00000000,0
2041577472,0x00000000,0
2042626048,0x00000000,0
2043674624,0x00000000,0
2044723200,0x00000000,0
2045771776,0x00000000,0
2046820352,0x00000000,0
2047868928,0x00000000,0
2048917504,0x00000000,0
2049966080,0x00000000,0
2051014656,0x00000000,0
2052063232,0x00000000,0
2053111808,0x00000000,0
2054160384,0x00000000,0
2055208960,0x00000000,0
2056257536,0x00000000,0
2057306112,0x00000000,0
2058354688,0x00000000,0
2059403264,0x00000000,0
2060451840,0x00000000,0
2061500416,0x00000000,0
2062548992,0x00000000,0
2063597568,0x00000000,0
2064646144,0x00000000,0
2065694720,0x00000000,0
2066743296,0x00000000,0
2067791872,0x00000000,0
2068840448,0x00000000,0
2069889024,0x00000000,0
2070937600,0x00000000,0
2071986176,0x00000000,0
2073034752,0x00000000,0
2074083328,0x00000000,0
2075131904,0x00000000,0
2076180480,0x00000000,0
2077229056,0x00000000,0
2078277632,0x00000000,0
2079326208,0x00000000,0
2080374784,0x00000000,0
2081423360,0x00000000,0
2082471936,0x00000000,0
2083520512,0x00000000,0
2084569088,0x00000000,0
2085617664,0x00000000,0
2086666240,0x00000000,0
2087714816,0x00000000,0
2088763392,0x00000000,0
2089811968,0x00000000,0
2090860544,0x00000000,0
2091909120,0x00000000,0
2092957696,0x00000000,0
2094006272,0x00000000,0
2095054848,0x00000000,0
2096103424,0x00000000,0
2097152000,0x00000000,0
2098200576,0x00000000,0
2099249152,0x00000000,0
2100297728,0x00000000,0
2101346304,0x00000000,0
2102394880,0x00000000,0
2103443456,0x00000000,0
2104492032,0x00000000,0
2105540608,0x00000000,0
2106589184,0x00000000,0
2107637760,0x00000000,0
2108686336,0x00000000,0
2109734912,0x00000000,0
2110783488,0x00000000,0
2111832064,0x00000000,0
2112880640,0x00000000,0
2113929216,0x00000000,0
2114977792,0x00000000,0
2116026368,0x00000000,0
2117074944,0x00000000,0
2118123520,0x00000000,0
2119172096,0x00000000,0
2120220672,0x00000000,0
2121269248,0x00000000,0
2122317824,0x00000000,0
2123366400,0x00000000,0
2124414976,0x00000000,0
2125463552,0x00000000,0
2126512128,0x00000000,0
2127560704,0x00000000,0
2128609280,0x00000000,0
2129657856,0x00000000,0
2130706432,0x00000000,0
2131755008,0x00000000,0
2132803584,0x00000000,0
2133852160,0x00000000,0
2134900736,0x00000000,0
2135949312,0x00000000,0
2136997888,0x00000000,0
2138046464,0x00000000,0
2139095040,0x00000000,0
2140143616,0x00000000,0
2141192192,0x00000000,0
2142240768,0x00000000,0
2143289344,0x00000000,0
2144337920,0x00000000,0
2145386496,0x00000000,0
2146435072,0x00000000,0
